cd /tmp/Nopol_Defects4J_Math_104;
export JAVA_TOOL_OPTIONS=-Dfile.encoding=UTF8;
TZ="America/New_York"; export TZ;
export PATH="/usr/lib/jvm/java-1.8.0-openjdk-amd64/bin/:$PATH";
export JAVA_HOME="/usr/lib/jvm/java-1.8.0-openjdk-amd64/bin/";
time java -Xmx4048m -cp /home/tdurieux/defects4j4repair/script/../repair_tools/nopol.jar:/usr/lib/jvm/java-1.8.0-openjdk-amd64/bin//../lib/tools.jar fr.inria.lille.repair.Main \
	--mode repair \
	--type pre_then_cond \
	--oracle angelic \
	--synthesis smt \
	--flocal gzoltar \
	--json \
	--solver z3 \
	--solver-path /home/tdurieux/defects4j4repair/script/../libs/z3/build/z3 \
	--complianceLevel 7 \
	--source src/java/ \
	--classpath "target/classes/:target/test-classes/:/tmp/Nopol_Defects4J_Math_104/target/classes/:/tmp/Nopol_Defects4J_Math_104/target/test-classes/:/home/tdurieux/defects4j4repair/script/../benchmarks/defects4j/framework/projects/Math/lib/commons-discovery-0.5.jar:/home/tdurieux/defects4j4repair/script/../repair_tools/nopol.jar";
	echo "\n\nNode: `hostname`\n";
	echo "\n\nDate: `date`\n";
Picked up JAVA_TOOL_OPTIONS: -Dfile.encoding=UTF8
21:43:48.113 [main] INFO  fr.inria.lille.repair.nopol.NoPol - Source files: [src/java]
21:43:48.125 [main] INFO  fr.inria.lille.repair.nopol.NoPol - Classpath: [file:/tmp/Nopol_Defects4J_Math_104/target/classes/, file:/tmp/Nopol_Defects4J_Math_104/target/test-classes/, file:/tmp/Nopol_Defects4J_Math_104/target/classes/, file:/tmp/Nopol_Defects4J_Math_104/target/test-classes/, file:/home/tdurieux/defects4j4repair/script/../benchmarks/defects4j/framework/projects/Math/lib/commons-discovery-0.5.jar, file:/home/tdurieux/defects4j4repair/script/../repair_tools/nopol.jar]
21:43:48.126 [main] INFO  fr.inria.lille.repair.nopol.NoPol - Statement type: PRE_THEN_COND
21:43:48.126 [main] INFO  fr.inria.lille.repair.nopol.NoPol - Args: [org.apache.commons.math.ArgumentOutsideDomainExceptionTest, org.apache.commons.math.ArgumentOutsideDomainExceptionTest, org.apache.commons.math.ConvergenceExceptionTest, org.apache.commons.math.ConvergenceExceptionTest, org.apache.commons.math.DuplicateSampleAbscissaExceptionTest, org.apache.commons.math.DuplicateSampleAbscissaExceptionTest, org.apache.commons.math.FunctionEvaluationExceptionTest, org.apache.commons.math.FunctionEvaluationExceptionTest, org.apache.commons.math.MathConfigurationExceptionTest, org.apache.commons.math.MathConfigurationExceptionTest, org.apache.commons.math.MathExceptionTest, org.apache.commons.math.MathExceptionTest, org.apache.commons.math.MaxIterationsExceededExceptionTest, org.apache.commons.math.MaxIterationsExceededExceptionTest, org.apache.commons.math.analysis.BisectionSolverTest, org.apache.commons.math.analysis.BisectionSolverTest, org.apache.commons.math.analysis.BrentSolverTest, org.apache.commons.math.analysis.BrentSolverTest, org.apache.commons.math.analysis.DividedDifferenceInterpolatorTest, org.apache.commons.math.analysis.DividedDifferenceInterpolatorTest, org.apache.commons.math.analysis.LaguerreSolverTest, org.apache.commons.math.analysis.LaguerreSolverTest, org.apache.commons.math.analysis.MullerSolverTest, org.apache.commons.math.analysis.MullerSolverTest, org.apache.commons.math.analysis.NevilleInterpolatorTest, org.apache.commons.math.analysis.NevilleInterpolatorTest, org.apache.commons.math.analysis.NewtonSolverTest, org.apache.commons.math.analysis.NewtonSolverTest, org.apache.commons.math.analysis.PolynomialFunctionLagrangeFormTest, org.apache.commons.math.analysis.PolynomialFunctionLagrangeFormTest, org.apache.commons.math.analysis.PolynomialFunctionNewtonFormTest, org.apache.commons.math.analysis.PolynomialFunctionNewtonFormTest, org.apache.commons.math.analysis.PolynomialFunctionTest, org.apache.commons.math.analysis.PolynomialFunctionTest, org.apache.commons.math.analysis.PolynomialSplineFunctionTest, org.apache.commons.math.analysis.PolynomialSplineFunctionTest, org.apache.commons.math.analysis.RiddersSolverTest, org.apache.commons.math.analysis.RiddersSolverTest, org.apache.commons.math.analysis.RombergIntegratorTest, org.apache.commons.math.analysis.RombergIntegratorTest, org.apache.commons.math.analysis.SimpsonIntegratorTest, org.apache.commons.math.analysis.SimpsonIntegratorTest, org.apache.commons.math.analysis.SplineInterpolatorTest, org.apache.commons.math.analysis.SplineInterpolatorTest, org.apache.commons.math.analysis.TrapezoidIntegratorTest, org.apache.commons.math.analysis.TrapezoidIntegratorTest, org.apache.commons.math.analysis.UnivariateRealSolverFactoryImplTest, org.apache.commons.math.analysis.UnivariateRealSolverFactoryImplTest, org.apache.commons.math.analysis.UnivariateRealSolverUtilsTest, org.apache.commons.math.analysis.UnivariateRealSolverUtilsTest, org.apache.commons.math.complex.ComplexFormatTest, org.apache.commons.math.complex.ComplexFormatTest, org.apache.commons.math.complex.ComplexTest, org.apache.commons.math.complex.ComplexTest, org.apache.commons.math.complex.ComplexUtilsTest, org.apache.commons.math.complex.ComplexUtilsTest, org.apache.commons.math.complex.FrenchComplexFormatTest, org.apache.commons.math.complex.FrenchComplexFormatTest, org.apache.commons.math.distribution.BinomialDistributionTest, org.apache.commons.math.distribution.BinomialDistributionTest, org.apache.commons.math.distribution.CauchyDistributionTest, org.apache.commons.math.distribution.CauchyDistributionTest, org.apache.commons.math.distribution.ChiSquareDistributionTest, org.apache.commons.math.distribution.ChiSquareDistributionTest, org.apache.commons.math.distribution.ExponentialDistributionTest, org.apache.commons.math.distribution.ExponentialDistributionTest, org.apache.commons.math.distribution.FDistributionTest, org.apache.commons.math.distribution.FDistributionTest, org.apache.commons.math.distribution.GammaDistributionTest, org.apache.commons.math.distribution.GammaDistributionTest, org.apache.commons.math.distribution.HypergeometricDistributionTest, org.apache.commons.math.distribution.HypergeometricDistributionTest, org.apache.commons.math.distribution.NormalDistributionTest, org.apache.commons.math.distribution.NormalDistributionTest, org.apache.commons.math.distribution.PascalDistributionTest, org.apache.commons.math.distribution.PascalDistributionTest, org.apache.commons.math.distribution.PoissonDistributionTest, org.apache.commons.math.distribution.PoissonDistributionTest, org.apache.commons.math.distribution.TDistributionTest, org.apache.commons.math.distribution.TDistributionTest, org.apache.commons.math.distribution.WeibullDistributionTest, org.apache.commons.math.distribution.WeibullDistributionTest, org.apache.commons.math.estimation.EstimatedParameterTest, org.apache.commons.math.estimation.EstimatedParameterTest, org.apache.commons.math.estimation.LevenbergMarquardtEstimatorTest, org.apache.commons.math.estimation.LevenbergMarquardtEstimatorTest, org.apache.commons.math.estimation.MinpackTest, org.apache.commons.math.estimation.MinpackTest, org.apache.commons.math.estimation.WeightedMeasurementTest, org.apache.commons.math.estimation.WeightedMeasurementTest, org.apache.commons.math.fraction.FractionFormatTest, org.apache.commons.math.fraction.FractionFormatTest, org.apache.commons.math.fraction.FractionTest, org.apache.commons.math.fraction.FractionTest, org.apache.commons.math.geometry.RotationTest, org.apache.commons.math.geometry.RotationTest, org.apache.commons.math.geometry.Vector3DTest, org.apache.commons.math.geometry.Vector3DTest, org.apache.commons.math.linear.BigMatrixImplTest, org.apache.commons.math.linear.BigMatrixImplTest, org.apache.commons.math.linear.InvalidMatrixExceptionTest, org.apache.commons.math.linear.InvalidMatrixExceptionTest, org.apache.commons.math.linear.MatrixIndexExceptionTest, org.apache.commons.math.linear.MatrixIndexExceptionTest, org.apache.commons.math.linear.MatrixUtilsTest, org.apache.commons.math.linear.MatrixUtilsTest, org.apache.commons.math.linear.QRDecompositionImplTest, org.apache.commons.math.linear.QRDecompositionImplTest, org.apache.commons.math.linear.RealMatrixImplTest, org.apache.commons.math.linear.RealMatrixImplTest, org.apache.commons.math.ode.ClassicalRungeKuttaIntegratorTest, org.apache.commons.math.ode.ClassicalRungeKuttaIntegratorTest, org.apache.commons.math.ode.ClassicalRungeKuttaStepInterpolatorTest, org.apache.commons.math.ode.ClassicalRungeKuttaStepInterpolatorTest, org.apache.commons.math.ode.ContinuousOutputModelTest, org.apache.commons.math.ode.ContinuousOutputModelTest, org.apache.commons.math.ode.DormandPrince54IntegratorTest, org.apache.commons.math.ode.DormandPrince54IntegratorTest, org.apache.commons.math.ode.DormandPrince54StepInterpolatorTest, org.apache.commons.math.ode.DormandPrince54StepInterpolatorTest, org.apache.commons.math.ode.DormandPrince853IntegratorTest, org.apache.commons.math.ode.DormandPrince853IntegratorTest, org.apache.commons.math.ode.DormandPrince853StepInterpolatorTest, org.apache.commons.math.ode.DormandPrince853StepInterpolatorTest, org.apache.commons.math.ode.EulerIntegratorTest, org.apache.commons.math.ode.EulerIntegratorTest, org.apache.commons.math.ode.EulerStepInterpolatorTest, org.apache.commons.math.ode.EulerStepInterpolatorTest, org.apache.commons.math.ode.FirstOrderConverterTest, org.apache.commons.math.ode.FirstOrderConverterTest, org.apache.commons.math.ode.GillIntegratorTest, org.apache.commons.math.ode.GillIntegratorTest, org.apache.commons.math.ode.GillStepInterpolatorTest, org.apache.commons.math.ode.GillStepInterpolatorTest, org.apache.commons.math.ode.GraggBulirschStoerIntegratorTest, org.apache.commons.math.ode.GraggBulirschStoerIntegratorTest, org.apache.commons.math.ode.GraggBulirschStoerStepInterpolatorTest, org.apache.commons.math.ode.GraggBulirschStoerStepInterpolatorTest, org.apache.commons.math.ode.HighamHall54IntegratorTest, org.apache.commons.math.ode.HighamHall54IntegratorTest, org.apache.commons.math.ode.HighamHall54StepInterpolatorTest, org.apache.commons.math.ode.HighamHall54StepInterpolatorTest, org.apache.commons.math.ode.MidpointIntegratorTest, org.apache.commons.math.ode.MidpointIntegratorTest, org.apache.commons.math.ode.MidpointStepInterpolatorTest, org.apache.commons.math.ode.MidpointStepInterpolatorTest, org.apache.commons.math.ode.StepNormalizerTest, org.apache.commons.math.ode.StepNormalizerTest, org.apache.commons.math.ode.ThreeEighthesIntegratorTest, org.apache.commons.math.ode.ThreeEighthesIntegratorTest, org.apache.commons.math.ode.ThreeEighthesStepInterpolatorTest, org.apache.commons.math.ode.ThreeEighthesStepInterpolatorTest, org.apache.commons.math.optimization.MultiDirectionalTest, org.apache.commons.math.optimization.MultiDirectionalTest, org.apache.commons.math.optimization.NelderMeadTest, org.apache.commons.math.optimization.NelderMeadTest, org.apache.commons.math.random.AbstractRandomGeneratorTest, org.apache.commons.math.random.AbstractRandomGeneratorTest, org.apache.commons.math.random.CorrelatedRandomVectorGeneratorTest, org.apache.commons.math.random.CorrelatedRandomVectorGeneratorTest, org.apache.commons.math.random.EmpiricalDistributionTest, org.apache.commons.math.random.EmpiricalDistributionTest, org.apache.commons.math.random.GaussianRandomGeneratorTest, org.apache.commons.math.random.GaussianRandomGeneratorTest, org.apache.commons.math.random.RandomAdaptorTest, org.apache.commons.math.random.RandomAdaptorTest, org.apache.commons.math.random.RandomDataTest, org.apache.commons.math.random.RandomDataTest, org.apache.commons.math.random.UncorrelatedRandomVectorGeneratorTest, org.apache.commons.math.random.UncorrelatedRandomVectorGeneratorTest, org.apache.commons.math.random.UniformRandomGeneratorTest, org.apache.commons.math.random.UniformRandomGeneratorTest, org.apache.commons.math.random.ValueServerTest, org.apache.commons.math.random.ValueServerTest, org.apache.commons.math.special.BetaTest, org.apache.commons.math.special.BetaTest, org.apache.commons.math.special.ErfTest, org.apache.commons.math.special.ErfTest, org.apache.commons.math.special.GammaTest, org.apache.commons.math.special.GammaTest, org.apache.commons.math.stat.CertifiedDataTest, org.apache.commons.math.stat.CertifiedDataTest, org.apache.commons.math.stat.FrequencyTest, org.apache.commons.math.stat.FrequencyTest, org.apache.commons.math.stat.StatUtilsTest, org.apache.commons.math.stat.StatUtilsTest, org.apache.commons.math.stat.data.LewTest, org.apache.commons.math.stat.data.LewTest, org.apache.commons.math.stat.data.LotteryTest, org.apache.commons.math.stat.data.LotteryTest, org.apache.commons.math.stat.descriptive.AbstractUnivariateStatisticTest, org.apache.commons.math.stat.descriptive.AbstractUnivariateStatisticTest, org.apache.commons.math.stat.descriptive.DescriptiveStatisticsImplTest, org.apache.commons.math.stat.descriptive.DescriptiveStatisticsImplTest, org.apache.commons.math.stat.descriptive.DescriptiveStatisticsTest, org.apache.commons.math.stat.descriptive.DescriptiveStatisticsTest, org.apache.commons.math.stat.descriptive.InteractionTest, org.apache.commons.math.stat.descriptive.InteractionTest, org.apache.commons.math.stat.descriptive.ListUnivariateImplTest, org.apache.commons.math.stat.descriptive.ListUnivariateImplTest, org.apache.commons.math.stat.descriptive.MixedListUnivariateImplTest, org.apache.commons.math.stat.descriptive.MixedListUnivariateImplTest, org.apache.commons.math.stat.descriptive.StatisticalSummaryValuesTest, org.apache.commons.math.stat.descriptive.StatisticalSummaryValuesTest, org.apache.commons.math.stat.descriptive.SummaryStatisticsImplTest, org.apache.commons.math.stat.descriptive.SummaryStatisticsImplTest, org.apache.commons.math.stat.descriptive.moment.FirstMomentTest, org.apache.commons.math.stat.descriptive.moment.FirstMomentTest, org.apache.commons.math.stat.descriptive.moment.FourthMomentTest, org.apache.commons.math.stat.descriptive.moment.FourthMomentTest, org.apache.commons.math.stat.descriptive.moment.GeometricMeanTest, org.apache.commons.math.stat.descriptive.moment.GeometricMeanTest, org.apache.commons.math.stat.descriptive.moment.KurtosisTest, org.apache.commons.math.stat.descriptive.moment.KurtosisTest, org.apache.commons.math.stat.descriptive.moment.MeanTest, org.apache.commons.math.stat.descriptive.moment.MeanTest, org.apache.commons.math.stat.descriptive.moment.SecondMomentTest, org.apache.commons.math.stat.descriptive.moment.SecondMomentTest, org.apache.commons.math.stat.descriptive.moment.SkewnessTest, org.apache.commons.math.stat.descriptive.moment.SkewnessTest, org.apache.commons.math.stat.descriptive.moment.StandardDeviationTest, org.apache.commons.math.stat.descriptive.moment.StandardDeviationTest, org.apache.commons.math.stat.descriptive.moment.ThirdMomentTest, org.apache.commons.math.stat.descriptive.moment.ThirdMomentTest, org.apache.commons.math.stat.descriptive.moment.VarianceTest, org.apache.commons.math.stat.descriptive.moment.VarianceTest, org.apache.commons.math.stat.descriptive.moment.VectorialCovarianceTest, org.apache.commons.math.stat.descriptive.moment.VectorialCovarianceTest, org.apache.commons.math.stat.descriptive.moment.VectorialMeanTest, org.apache.commons.math.stat.descriptive.moment.VectorialMeanTest, org.apache.commons.math.stat.descriptive.rank.MaxTest, org.apache.commons.math.stat.descriptive.rank.MaxTest, org.apache.commons.math.stat.descriptive.rank.MedianTest, org.apache.commons.math.stat.descriptive.rank.MedianTest, org.apache.commons.math.stat.descriptive.rank.MinTest, org.apache.commons.math.stat.descriptive.rank.MinTest, org.apache.commons.math.stat.descriptive.rank.PercentileTest, org.apache.commons.math.stat.descriptive.rank.PercentileTest, org.apache.commons.math.stat.descriptive.summary.ProductTest, org.apache.commons.math.stat.descriptive.summary.ProductTest, org.apache.commons.math.stat.descriptive.summary.SumLogTest, org.apache.commons.math.stat.descriptive.summary.SumLogTest, org.apache.commons.math.stat.descriptive.summary.SumSqTest, org.apache.commons.math.stat.descriptive.summary.SumSqTest, org.apache.commons.math.stat.descriptive.summary.SumTest, org.apache.commons.math.stat.descriptive.summary.SumTest, org.apache.commons.math.stat.inference.ChiSquareFactoryTest, org.apache.commons.math.stat.inference.ChiSquareFactoryTest, org.apache.commons.math.stat.inference.ChiSquareTestTest, org.apache.commons.math.stat.inference.ChiSquareTestTest, org.apache.commons.math.stat.inference.TTestFactoryTest, org.apache.commons.math.stat.inference.TTestFactoryTest, org.apache.commons.math.stat.inference.TTestTest, org.apache.commons.math.stat.inference.TTestTest, org.apache.commons.math.stat.inference.TestUtilsTest, org.apache.commons.math.stat.inference.TestUtilsTest, org.apache.commons.math.stat.regression.SimpleRegressionTest, org.apache.commons.math.stat.regression.SimpleRegressionTest, org.apache.commons.math.transform.FastCosineTransformerTest, org.apache.commons.math.transform.FastCosineTransformerTest, org.apache.commons.math.transform.FastFourierTransformerTest, org.apache.commons.math.transform.FastFourierTransformerTest, org.apache.commons.math.transform.FastSineTransformerTest, org.apache.commons.math.transform.FastSineTransformerTest, org.apache.commons.math.util.ContinuedFractionTest, org.apache.commons.math.util.ContinuedFractionTest, org.apache.commons.math.util.DefaultTransformerTest, org.apache.commons.math.util.DefaultTransformerTest, org.apache.commons.math.util.MathUtilsTest, org.apache.commons.math.util.MathUtilsTest, org.apache.commons.math.util.ResizableDoubleArrayTest, org.apache.commons.math.util.ResizableDoubleArrayTest, org.apache.commons.math.util.TransformerMapTest, org.apache.commons.math.util.TransformerMapTest]
21:43:48.130 [main] INFO  fr.inria.lille.repair.nopol.NoPol - Config: Config{synthesisDepth=3, collectStaticMethods=true, collectStaticFields=false, collectLiterals=false, onlyOneSynthesisResult=true, sortExpressions=true, maxLineInvocationPerTest=250, timeoutMethodInvocation=2000, dataCollectionTimeoutInSecondForSynthesis=900, addWeight=0.19478, subWeight=0.04554, mulWeight=0.0102, divWeight=0.00613, andWeight=0.10597, orWeight=0.05708, eqWeight=0.22798, nEqWeight=0.0, lessEqWeight=0.0255, lessWeight=0.0947, methodCallWeight=0.1, fieldAccessWeight=0.08099, constantWeight=0.14232, variableWeight=0.05195, mode=REPAIR, type=PRE_THEN_COND, synthesis=SMT, oracle=ANGELIC, solver=Z3, solverPath='/home/tdurieux/defects4j4repair/script/../libs/z3/build/z3', projectSources=[src/java], projectClasspath='[Ljava.net.URL;@66d33a', projectTests=[org.apache.commons.math.ArgumentOutsideDomainExceptionTest, org.apache.commons.math.ArgumentOutsideDomainExceptionTest, org.apache.commons.math.ConvergenceExceptionTest, org.apache.commons.math.ConvergenceExceptionTest, org.apache.commons.math.DuplicateSampleAbscissaExceptionTest, org.apache.commons.math.DuplicateSampleAbscissaExceptionTest, org.apache.commons.math.FunctionEvaluationExceptionTest, org.apache.commons.math.FunctionEvaluationExceptionTest, org.apache.commons.math.MathConfigurationExceptionTest, org.apache.commons.math.MathConfigurationExceptionTest, org.apache.commons.math.MathExceptionTest, org.apache.commons.math.MathExceptionTest, org.apache.commons.math.MaxIterationsExceededExceptionTest, org.apache.commons.math.MaxIterationsExceededExceptionTest, org.apache.commons.math.analysis.BisectionSolverTest, org.apache.commons.math.analysis.BisectionSolverTest, org.apache.commons.math.analysis.BrentSolverTest, org.apache.commons.math.analysis.BrentSolverTest, org.apache.commons.math.analysis.DividedDifferenceInterpolatorTest, org.apache.commons.math.analysis.DividedDifferenceInterpolatorTest, org.apache.commons.math.analysis.LaguerreSolverTest, org.apache.commons.math.analysis.LaguerreSolverTest, org.apache.commons.math.analysis.MullerSolverTest, org.apache.commons.math.analysis.MullerSolverTest, org.apache.commons.math.analysis.NevilleInterpolatorTest, org.apache.commons.math.analysis.NevilleInterpolatorTest, org.apache.commons.math.analysis.NewtonSolverTest, org.apache.commons.math.analysis.NewtonSolverTest, org.apache.commons.math.analysis.PolynomialFunctionLagrangeFormTest, org.apache.commons.math.analysis.PolynomialFunctionLagrangeFormTest, org.apache.commons.math.analysis.PolynomialFunctionNewtonFormTest, org.apache.commons.math.analysis.PolynomialFunctionNewtonFormTest, org.apache.commons.math.analysis.PolynomialFunctionTest, org.apache.commons.math.analysis.PolynomialFunctionTest, org.apache.commons.math.analysis.PolynomialSplineFunctionTest, org.apache.commons.math.analysis.PolynomialSplineFunctionTest, org.apache.commons.math.analysis.RiddersSolverTest, org.apache.commons.math.analysis.RiddersSolverTest, org.apache.commons.math.analysis.RombergIntegratorTest, org.apache.commons.math.analysis.RombergIntegratorTest, org.apache.commons.math.analysis.SimpsonIntegratorTest, org.apache.commons.math.analysis.SimpsonIntegratorTest, org.apache.commons.math.analysis.SplineInterpolatorTest, org.apache.commons.math.analysis.SplineInterpolatorTest, org.apache.commons.math.analysis.TrapezoidIntegratorTest, org.apache.commons.math.analysis.TrapezoidIntegratorTest, org.apache.commons.math.analysis.UnivariateRealSolverFactoryImplTest, org.apache.commons.math.analysis.UnivariateRealSolverFactoryImplTest, org.apache.commons.math.analysis.UnivariateRealSolverUtilsTest, org.apache.commons.math.analysis.UnivariateRealSolverUtilsTest, org.apache.commons.math.complex.ComplexFormatTest, org.apache.commons.math.complex.ComplexFormatTest, org.apache.commons.math.complex.ComplexTest, org.apache.commons.math.complex.ComplexTest, org.apache.commons.math.complex.ComplexUtilsTest, org.apache.commons.math.complex.ComplexUtilsTest, org.apache.commons.math.complex.FrenchComplexFormatTest, org.apache.commons.math.complex.FrenchComplexFormatTest, org.apache.commons.math.distribution.BinomialDistributionTest, org.apache.commons.math.distribution.BinomialDistributionTest, org.apache.commons.math.distribution.CauchyDistributionTest, org.apache.commons.math.distribution.CauchyDistributionTest, org.apache.commons.math.distribution.ChiSquareDistributionTest, org.apache.commons.math.distribution.ChiSquareDistributionTest, org.apache.commons.math.distribution.ExponentialDistributionTest, org.apache.commons.math.distribution.ExponentialDistributionTest, org.apache.commons.math.distribution.FDistributionTest, org.apache.commons.math.distribution.FDistributionTest, org.apache.commons.math.distribution.GammaDistributionTest, org.apache.commons.math.distribution.GammaDistributionTest, org.apache.commons.math.distribution.HypergeometricDistributionTest, org.apache.commons.math.distribution.HypergeometricDistributionTest, org.apache.commons.math.distribution.NormalDistributionTest, org.apache.commons.math.distribution.NormalDistributionTest, org.apache.commons.math.distribution.PascalDistributionTest, org.apache.commons.math.distribution.PascalDistributionTest, org.apache.commons.math.distribution.PoissonDistributionTest, org.apache.commons.math.distribution.PoissonDistributionTest, org.apache.commons.math.distribution.TDistributionTest, org.apache.commons.math.distribution.TDistributionTest, org.apache.commons.math.distribution.WeibullDistributionTest, org.apache.commons.math.distribution.WeibullDistributionTest, org.apache.commons.math.estimation.EstimatedParameterTest, org.apache.commons.math.estimation.EstimatedParameterTest, org.apache.commons.math.estimation.LevenbergMarquardtEstimatorTest, org.apache.commons.math.estimation.LevenbergMarquardtEstimatorTest, org.apache.commons.math.estimation.MinpackTest, org.apache.commons.math.estimation.MinpackTest, org.apache.commons.math.estimation.WeightedMeasurementTest, org.apache.commons.math.estimation.WeightedMeasurementTest, org.apache.commons.math.fraction.FractionFormatTest, org.apache.commons.math.fraction.FractionFormatTest, org.apache.commons.math.fraction.FractionTest, org.apache.commons.math.fraction.FractionTest, org.apache.commons.math.geometry.RotationTest, org.apache.commons.math.geometry.RotationTest, org.apache.commons.math.geometry.Vector3DTest, org.apache.commons.math.geometry.Vector3DTest, org.apache.commons.math.linear.BigMatrixImplTest, org.apache.commons.math.linear.BigMatrixImplTest, org.apache.commons.math.linear.InvalidMatrixExceptionTest, org.apache.commons.math.linear.InvalidMatrixExceptionTest, org.apache.commons.math.linear.MatrixIndexExceptionTest, org.apache.commons.math.linear.MatrixIndexExceptionTest, org.apache.commons.math.linear.MatrixUtilsTest, org.apache.commons.math.linear.MatrixUtilsTest, org.apache.commons.math.linear.QRDecompositionImplTest, org.apache.commons.math.linear.QRDecompositionImplTest, org.apache.commons.math.linear.RealMatrixImplTest, org.apache.commons.math.linear.RealMatrixImplTest, org.apache.commons.math.ode.ClassicalRungeKuttaIntegratorTest, org.apache.commons.math.ode.ClassicalRungeKuttaIntegratorTest, org.apache.commons.math.ode.ClassicalRungeKuttaStepInterpolatorTest, org.apache.commons.math.ode.ClassicalRungeKuttaStepInterpolatorTest, org.apache.commons.math.ode.ContinuousOutputModelTest, org.apache.commons.math.ode.ContinuousOutputModelTest, org.apache.commons.math.ode.DormandPrince54IntegratorTest, org.apache.commons.math.ode.DormandPrince54IntegratorTest, org.apache.commons.math.ode.DormandPrince54StepInterpolatorTest, org.apache.commons.math.ode.DormandPrince54StepInterpolatorTest, org.apache.commons.math.ode.DormandPrince853IntegratorTest, org.apache.commons.math.ode.DormandPrince853IntegratorTest, org.apache.commons.math.ode.DormandPrince853StepInterpolatorTest, org.apache.commons.math.ode.DormandPrince853StepInterpolatorTest, org.apache.commons.math.ode.EulerIntegratorTest, org.apache.commons.math.ode.EulerIntegratorTest, org.apache.commons.math.ode.EulerStepInterpolatorTest, org.apache.commons.math.ode.EulerStepInterpolatorTest, org.apache.commons.math.ode.FirstOrderConverterTest, org.apache.commons.math.ode.FirstOrderConverterTest, org.apache.commons.math.ode.GillIntegratorTest, org.apache.commons.math.ode.GillIntegratorTest, org.apache.commons.math.ode.GillStepInterpolatorTest, org.apache.commons.math.ode.GillStepInterpolatorTest, org.apache.commons.math.ode.GraggBulirschStoerIntegratorTest, org.apache.commons.math.ode.GraggBulirschStoerIntegratorTest, org.apache.commons.math.ode.GraggBulirschStoerStepInterpolatorTest, org.apache.commons.math.ode.GraggBulirschStoerStepInterpolatorTest, org.apache.commons.math.ode.HighamHall54IntegratorTest, org.apache.commons.math.ode.HighamHall54IntegratorTest, org.apache.commons.math.ode.HighamHall54StepInterpolatorTest, org.apache.commons.math.ode.HighamHall54StepInterpolatorTest, org.apache.commons.math.ode.MidpointIntegratorTest, org.apache.commons.math.ode.MidpointIntegratorTest, org.apache.commons.math.ode.MidpointStepInterpolatorTest, org.apache.commons.math.ode.MidpointStepInterpolatorTest, org.apache.commons.math.ode.StepNormalizerTest, org.apache.commons.math.ode.StepNormalizerTest, org.apache.commons.math.ode.ThreeEighthesIntegratorTest, org.apache.commons.math.ode.ThreeEighthesIntegratorTest, org.apache.commons.math.ode.ThreeEighthesStepInterpolatorTest, org.apache.commons.math.ode.ThreeEighthesStepInterpolatorTest, org.apache.commons.math.optimization.MultiDirectionalTest, org.apache.commons.math.optimization.MultiDirectionalTest, org.apache.commons.math.optimization.NelderMeadTest, org.apache.commons.math.optimization.NelderMeadTest, org.apache.commons.math.random.AbstractRandomGeneratorTest, org.apache.commons.math.random.AbstractRandomGeneratorTest, org.apache.commons.math.random.CorrelatedRandomVectorGeneratorTest, org.apache.commons.math.random.CorrelatedRandomVectorGeneratorTest, org.apache.commons.math.random.EmpiricalDistributionTest, org.apache.commons.math.random.EmpiricalDistributionTest, org.apache.commons.math.random.GaussianRandomGeneratorTest, org.apache.commons.math.random.GaussianRandomGeneratorTest, org.apache.commons.math.random.RandomAdaptorTest, org.apache.commons.math.random.RandomAdaptorTest, org.apache.commons.math.random.RandomDataTest, org.apache.commons.math.random.RandomDataTest, org.apache.commons.math.random.UncorrelatedRandomVectorGeneratorTest, org.apache.commons.math.random.UncorrelatedRandomVectorGeneratorTest, org.apache.commons.math.random.UniformRandomGeneratorTest, org.apache.commons.math.random.UniformRandomGeneratorTest, org.apache.commons.math.random.ValueServerTest, org.apache.commons.math.random.ValueServerTest, org.apache.commons.math.special.BetaTest, org.apache.commons.math.special.BetaTest, org.apache.commons.math.special.ErfTest, org.apache.commons.math.special.ErfTest, org.apache.commons.math.special.GammaTest, org.apache.commons.math.special.GammaTest, org.apache.commons.math.stat.CertifiedDataTest, org.apache.commons.math.stat.CertifiedDataTest, org.apache.commons.math.stat.FrequencyTest, org.apache.commons.math.stat.FrequencyTest, org.apache.commons.math.stat.StatUtilsTest, org.apache.commons.math.stat.StatUtilsTest, org.apache.commons.math.stat.data.LewTest, org.apache.commons.math.stat.data.LewTest, org.apache.commons.math.stat.data.LotteryTest, org.apache.commons.math.stat.data.LotteryTest, org.apache.commons.math.stat.descriptive.AbstractUnivariateStatisticTest, org.apache.commons.math.stat.descriptive.AbstractUnivariateStatisticTest, org.apache.commons.math.stat.descriptive.DescriptiveStatisticsImplTest, org.apache.commons.math.stat.descriptive.DescriptiveStatisticsImplTest, org.apache.commons.math.stat.descriptive.DescriptiveStatisticsTest, org.apache.commons.math.stat.descriptive.DescriptiveStatisticsTest, org.apache.commons.math.stat.descriptive.InteractionTest, org.apache.commons.math.stat.descriptive.InteractionTest, org.apache.commons.math.stat.descriptive.ListUnivariateImplTest, org.apache.commons.math.stat.descriptive.ListUnivariateImplTest, org.apache.commons.math.stat.descriptive.MixedListUnivariateImplTest, org.apache.commons.math.stat.descriptive.MixedListUnivariateImplTest, org.apache.commons.math.stat.descriptive.StatisticalSummaryValuesTest, org.apache.commons.math.stat.descriptive.StatisticalSummaryValuesTest, org.apache.commons.math.stat.descriptive.SummaryStatisticsImplTest, org.apache.commons.math.stat.descriptive.SummaryStatisticsImplTest, org.apache.commons.math.stat.descriptive.moment.FirstMomentTest, org.apache.commons.math.stat.descriptive.moment.FirstMomentTest, org.apache.commons.math.stat.descriptive.moment.FourthMomentTest, org.apache.commons.math.stat.descriptive.moment.FourthMomentTest, org.apache.commons.math.stat.descriptive.moment.GeometricMeanTest, org.apache.commons.math.stat.descriptive.moment.GeometricMeanTest, org.apache.commons.math.stat.descriptive.moment.KurtosisTest, org.apache.commons.math.stat.descriptive.moment.KurtosisTest, org.apache.commons.math.stat.descriptive.moment.MeanTest, org.apache.commons.math.stat.descriptive.moment.MeanTest, org.apache.commons.math.stat.descriptive.moment.SecondMomentTest, org.apache.commons.math.stat.descriptive.moment.SecondMomentTest, org.apache.commons.math.stat.descriptive.moment.SkewnessTest, org.apache.commons.math.stat.descriptive.moment.SkewnessTest, org.apache.commons.math.stat.descriptive.moment.StandardDeviationTest, org.apache.commons.math.stat.descriptive.moment.StandardDeviationTest, org.apache.commons.math.stat.descriptive.moment.ThirdMomentTest, org.apache.commons.math.stat.descriptive.moment.ThirdMomentTest, org.apache.commons.math.stat.descriptive.moment.VarianceTest, org.apache.commons.math.stat.descriptive.moment.VarianceTest, org.apache.commons.math.stat.descriptive.moment.VectorialCovarianceTest, org.apache.commons.math.stat.descriptive.moment.VectorialCovarianceTest, org.apache.commons.math.stat.descriptive.moment.VectorialMeanTest, org.apache.commons.math.stat.descriptive.moment.VectorialMeanTest, org.apache.commons.math.stat.descriptive.rank.MaxTest, org.apache.commons.math.stat.descriptive.rank.MaxTest, org.apache.commons.math.stat.descriptive.rank.MedianTest, org.apache.commons.math.stat.descriptive.rank.MedianTest, org.apache.commons.math.stat.descriptive.rank.MinTest, org.apache.commons.math.stat.descriptive.rank.MinTest, org.apache.commons.math.stat.descriptive.rank.PercentileTest, org.apache.commons.math.stat.descriptive.rank.PercentileTest, org.apache.commons.math.stat.descriptive.summary.ProductTest, org.apache.commons.math.stat.descriptive.summary.ProductTest, org.apache.commons.math.stat.descriptive.summary.SumLogTest, org.apache.commons.math.stat.descriptive.summary.SumLogTest, org.apache.commons.math.stat.descriptive.summary.SumSqTest, org.apache.commons.math.stat.descriptive.summary.SumSqTest, org.apache.commons.math.stat.descriptive.summary.SumTest, org.apache.commons.math.stat.descriptive.summary.SumTest, org.apache.commons.math.stat.inference.ChiSquareFactoryTest, org.apache.commons.math.stat.inference.ChiSquareFactoryTest, org.apache.commons.math.stat.inference.ChiSquareTestTest, org.apache.commons.math.stat.inference.ChiSquareTestTest, org.apache.commons.math.stat.inference.TTestFactoryTest, org.apache.commons.math.stat.inference.TTestFactoryTest, org.apache.commons.math.stat.inference.TTestTest, org.apache.commons.math.stat.inference.TTestTest, org.apache.commons.math.stat.inference.TestUtilsTest, org.apache.commons.math.stat.inference.TestUtilsTest, org.apache.commons.math.stat.regression.SimpleRegressionTest, org.apache.commons.math.stat.regression.SimpleRegressionTest, org.apache.commons.math.transform.FastCosineTransformerTest, org.apache.commons.math.transform.FastCosineTransformerTest, org.apache.commons.math.transform.FastFourierTransformerTest, org.apache.commons.math.transform.FastFourierTransformerTest, org.apache.commons.math.transform.FastSineTransformerTest, org.apache.commons.math.transform.FastSineTransformerTest, org.apache.commons.math.util.ContinuedFractionTest, org.apache.commons.math.util.ContinuedFractionTest, org.apache.commons.math.util.DefaultTransformerTest, org.apache.commons.math.util.DefaultTransformerTest, org.apache.commons.math.util.MathUtilsTest, org.apache.commons.math.util.MathUtilsTest, org.apache.commons.math.util.ResizableDoubleArrayTest, org.apache.commons.math.util.ResizableDoubleArrayTest, org.apache.commons.math.util.TransformerMapTest, org.apache.commons.math.util.TransformerMapTest], complianceLevel=7, outputFolder=., json=true}
21:43:48.131 [main] INFO  fr.inria.lille.repair.nopol.NoPol - Available processors (cores): 8
21:43:48.173 [main] INFO  fr.inria.lille.repair.nopol.NoPol - Free memory: 209 MB
21:43:48.173 [main] INFO  fr.inria.lille.repair.nopol.NoPol - Maximum memory: 3 GB
21:43:48.174 [main] INFO  fr.inria.lille.repair.nopol.NoPol - Total memory available to JVM: 241 MB
21:43:48.174 [main] INFO  fr.inria.lille.repair.nopol.NoPol - Java version: 1.8.0_181
21:43:48.175 [main] INFO  fr.inria.lille.repair.nopol.NoPol - JAVA_HOME: /usr/lib/jvm/java-1.8.0-openjdk-amd64/bin/
21:43:48.175 [main] INFO  fr.inria.lille.repair.nopol.NoPol - PATH: /usr/lib/jvm/java-1.8.0-openjdk-amd64/bin/:/usr/lib/oar/oardodo:/usr/lib/oar/oardodo:/usr/local/bin:/usr/bin:/bin:/usr/games
21:44:07.070 [pool-2-thread-1] DEBUG fr.inria.lille.repair.nopol.NoPol - statement #1
21:44:07.071 [pool-2-thread-1] DEBUG fr.inria.lille.repair.nopol.NoPol - Analysing SourceLocation org.apache.commons.math.fraction.FractionFormat:157 which is executed by 16 tests
1013737658
21:44:07.556 [pool-2-thread-1] DEBUG fr.inria.lille.repair.nopol.NoPol - statement #2
21:44:07.557 [pool-2-thread-1] DEBUG fr.inria.lille.repair.nopol.NoPol - Analysing SourceLocation org.apache.commons.math.fraction.FractionFormat:156 which is executed by 16 tests
1013737658
21:44:07.707 [pool-2-thread-1] DEBUG fr.inria.lille.repair.nopol.NoPol - looking with class fr.inria.lille.repair.nopol.spoon.smt.ConditionalAdder
21:44:07.821 [pool-4-thread-1] INFO  xxl.java.junit.TestCasesListener - Tests run finished (57 ms)
<> Total tests run: 160
<> Ignored tests: 0
<> Failed tests: 0

21:44:07.823 [pool-2-thread-1] ERROR fr.inria.lille.repair.nopol.NoPol - Error ExecutionException java.util.concurrent.ExecutionException: java.lang.RuntimeException: failingTestCasesValidated: nothing to repair, no failing test cases
21:44:07.823 [pool-2-thread-1] DEBUG fr.inria.lille.repair.nopol.NoPol - statement #3
21:44:07.823 [pool-2-thread-1] DEBUG fr.inria.lille.repair.nopol.NoPol - Analysing SourceLocation org.apache.commons.math.fraction.FractionFormat:155 which is executed by 16 tests
1013737658
21:44:07.963 [pool-2-thread-1] DEBUG fr.inria.lille.repair.nopol.NoPol - looking with class fr.inria.lille.repair.nopol.spoon.smt.ConditionalAdder
21:44:08.014 [pool-6-thread-1] INFO  xxl.java.junit.TestCasesListener - Tests run finished (38 ms)
<> Total tests run: 160
<> Ignored tests: 0
<> Failed tests: 0

21:44:08.015 [pool-2-thread-1] ERROR fr.inria.lille.repair.nopol.NoPol - Error ExecutionException java.util.concurrent.ExecutionException: java.lang.RuntimeException: failingTestCasesValidated: nothing to repair, no failing test cases
21:44:08.015 [pool-2-thread-1] DEBUG fr.inria.lille.repair.nopol.NoPol - statement #4
21:44:08.015 [pool-2-thread-1] DEBUG fr.inria.lille.repair.nopol.NoPol - Analysing SourceLocation org.apache.commons.math.fraction.FractionFormat:154 which is executed by 16 tests
1013737658
21:44:08.150 [pool-2-thread-1] DEBUG fr.inria.lille.repair.nopol.NoPol - statement #5
21:44:08.151 [pool-2-thread-1] DEBUG fr.inria.lille.repair.nopol.NoPol - Analysing SourceLocation org.apache.commons.math.fraction.FractionFormat:133 which is executed by 16 tests
1013737658
21:44:08.285 [pool-2-thread-1] DEBUG fr.inria.lille.repair.nopol.NoPol - statement #6
21:44:08.285 [pool-2-thread-1] DEBUG fr.inria.lille.repair.nopol.NoPol - Analysing SourceLocation org.apache.commons.math.fraction.FractionFormat:132 which is executed by 16 tests
1013737658
21:44:08.418 [pool-2-thread-1] DEBUG fr.inria.lille.repair.nopol.NoPol - statement #7
21:44:08.418 [pool-2-thread-1] DEBUG fr.inria.lille.repair.nopol.NoPol - Analysing SourceLocation org.apache.commons.math.fraction.FractionFormat:115 which is executed by 16 tests
1013737658
21:44:08.588 [pool-2-thread-1] DEBUG fr.inria.lille.repair.nopol.NoPol - statement #8
21:44:08.588 [pool-2-thread-1] DEBUG fr.inria.lille.repair.nopol.NoPol - Analysing SourceLocation org.apache.commons.math.fraction.FractionFormat:114 which is executed by 16 tests
1013737658
21:44:08.719 [pool-2-thread-1] DEBUG fr.inria.lille.repair.nopol.NoPol - statement #9
21:44:08.719 [pool-2-thread-1] DEBUG fr.inria.lille.repair.nopol.NoPol - Analysing SourceLocation org.apache.commons.math.fraction.ProperFractionFormat:229 which is executed by 16 tests
-1129122774
21:44:08.845 [pool-2-thread-1] DEBUG fr.inria.lille.repair.nopol.NoPol - statement #10
21:44:08.845 [pool-2-thread-1] DEBUG fr.inria.lille.repair.nopol.NoPol - Analysing SourceLocation org.apache.commons.math.fraction.ProperFractionFormat:228 which is executed by 16 tests
-1129122774
21:44:08.969 [pool-2-thread-1] DEBUG fr.inria.lille.repair.nopol.NoPol - looking with class fr.inria.lille.repair.nopol.spoon.smt.ConditionalAdder
21:44:09.011 [pool-8-thread-1] INFO  xxl.java.junit.TestCasesListener - Tests run finished (31 ms)
<> Total tests run: 160
<> Ignored tests: 0
<> Failed tests: 0

21:44:09.012 [pool-2-thread-1] ERROR fr.inria.lille.repair.nopol.NoPol - Error ExecutionException java.util.concurrent.ExecutionException: java.lang.RuntimeException: failingTestCasesValidated: nothing to repair, no failing test cases
21:44:09.012 [pool-2-thread-1] DEBUG fr.inria.lille.repair.nopol.NoPol - statement #11
21:44:09.012 [pool-2-thread-1] DEBUG fr.inria.lille.repair.nopol.NoPol - Analysing SourceLocation org.apache.commons.math.fraction.ProperFractionFormat:224 which is executed by 16 tests
-1129122774
21:44:09.143 [pool-2-thread-1] DEBUG fr.inria.lille.repair.nopol.NoPol - looking with class fr.inria.lille.repair.nopol.spoon.smt.ConditionalAdder
21:44:09.180 [pool-10-thread-1] INFO  xxl.java.junit.TestCasesListener - Tests run finished (26 ms)
<> Total tests run: 160
<> Ignored tests: 0
<> Failed tests: 0

21:44:09.188 [pool-2-thread-1] ERROR fr.inria.lille.repair.nopol.NoPol - Error ExecutionException java.util.concurrent.ExecutionException: java.lang.RuntimeException: failingTestCasesValidated: nothing to repair, no failing test cases
21:44:09.189 [pool-2-thread-1] DEBUG fr.inria.lille.repair.nopol.NoPol - looking with class fr.inria.lille.repair.nopol.spoon.smt.ConditionalReplacer
21:44:09.227 [pool-12-thread-1] INFO  xxl.java.junit.TestCasesListener - Tests run finished (27 ms)
<> Total tests run: 160
<> Ignored tests: 0
<> Failed tests: 0

21:44:09.227 [pool-2-thread-1] ERROR fr.inria.lille.repair.nopol.NoPol - Error ExecutionException java.util.concurrent.ExecutionException: java.lang.RuntimeException: failingTestCasesValidated: nothing to repair, no failing test cases
21:44:09.228 [pool-2-thread-1] DEBUG fr.inria.lille.repair.nopol.NoPol - statement #12
21:44:09.228 [pool-2-thread-1] DEBUG fr.inria.lille.repair.nopol.NoPol - Analysing SourceLocation org.apache.commons.math.fraction.FractionFormat:383 which is executed by 7 tests
1013737658
21:44:09.359 [pool-2-thread-1] DEBUG fr.inria.lille.repair.nopol.NoPol - looking with class fr.inria.lille.repair.nopol.spoon.smt.ConditionalAdder
21:44:09.432 [pool-14-thread-1] INFO  xxl.java.junit.TestCasesListener - Tests run finished (21 ms)
<> Total tests run: 80
<> Ignored tests: 0
<> Failed tests: 0

21:44:09.433 [pool-2-thread-1] ERROR fr.inria.lille.repair.nopol.NoPol - Error ExecutionException java.util.concurrent.ExecutionException: java.lang.RuntimeException: failingTestCasesValidated: nothing to repair, no failing test cases
21:44:09.434 [pool-2-thread-1] DEBUG fr.inria.lille.repair.nopol.NoPol - statement #13
21:44:09.434 [pool-2-thread-1] DEBUG fr.inria.lille.repair.nopol.NoPol - Analysing SourceLocation org.apache.commons.math.fraction.FractionFormat:279 which is executed by 7 tests
1013737658
21:44:09.571 [pool-2-thread-1] DEBUG fr.inria.lille.repair.nopol.NoPol - looking with class fr.inria.lille.repair.nopol.spoon.smt.ConditionalAdder
21:44:09.590 [pool-16-thread-1] INFO  xxl.java.junit.TestCasesListener - Tests run finished (12 ms)
<> Total tests run: 80
<> Ignored tests: 0
<> Failed tests: 0

21:44:09.591 [pool-2-thread-1] ERROR fr.inria.lille.repair.nopol.NoPol - Error ExecutionException java.util.concurrent.ExecutionException: java.lang.RuntimeException: failingTestCasesValidated: nothing to repair, no failing test cases
21:44:09.591 [pool-2-thread-1] DEBUG fr.inria.lille.repair.nopol.NoPol - statement #14
21:44:09.591 [pool-2-thread-1] DEBUG fr.inria.lille.repair.nopol.NoPol - Analysing SourceLocation org.apache.commons.math.fraction.FractionFormat:278 which is executed by 7 tests
1013737658
21:44:09.731 [pool-2-thread-1] DEBUG fr.inria.lille.repair.nopol.NoPol - statement #15
21:44:09.732 [pool-2-thread-1] DEBUG fr.inria.lille.repair.nopol.NoPol - Analysing SourceLocation org.apache.commons.math.fraction.FractionFormat:277 which is executed by 7 tests
1013737658
21:44:09.873 [pool-2-thread-1] DEBUG fr.inria.lille.repair.nopol.NoPol - statement #16
21:44:09.873 [pool-2-thread-1] DEBUG fr.inria.lille.repair.nopol.NoPol - Analysing SourceLocation org.apache.commons.math.fraction.FractionFormat:387 which is executed by 8 tests
1013737658
21:44:10.010 [pool-2-thread-1] DEBUG fr.inria.lille.repair.nopol.NoPol - statement #17
21:44:10.011 [pool-2-thread-1] DEBUG fr.inria.lille.repair.nopol.NoPol - Analysing SourceLocation org.apache.commons.math.fraction.FractionFormat:382 which is executed by 8 tests
1013737658
21:44:10.146 [pool-2-thread-1] DEBUG fr.inria.lille.repair.nopol.NoPol - looking with class fr.inria.lille.repair.nopol.spoon.smt.ConditionalAdder
21:44:10.166 [pool-18-thread-1] INFO  xxl.java.junit.TestCasesListener - Tests run finished (13 ms)
<> Total tests run: 80
<> Ignored tests: 0
<> Failed tests: 0

21:44:10.166 [pool-2-thread-1] ERROR fr.inria.lille.repair.nopol.NoPol - Error ExecutionException java.util.concurrent.ExecutionException: java.lang.RuntimeException: failingTestCasesValidated: nothing to repair, no failing test cases
21:44:10.167 [pool-2-thread-1] DEBUG fr.inria.lille.repair.nopol.NoPol - looking with class fr.inria.lille.repair.nopol.spoon.smt.ConditionalReplacer
21:44:10.187 [pool-20-thread-1] INFO  xxl.java.junit.TestCasesListener - Tests run finished (13 ms)
<> Total tests run: 80
<> Ignored tests: 0
<> Failed tests: 0

21:44:10.188 [pool-2-thread-1] ERROR fr.inria.lille.repair.nopol.NoPol - Error ExecutionException java.util.concurrent.ExecutionException: java.lang.RuntimeException: failingTestCasesValidated: nothing to repair, no failing test cases
21:44:10.188 [pool-2-thread-1] DEBUG fr.inria.lille.repair.nopol.NoPol - statement #18
21:44:10.188 [pool-2-thread-1] DEBUG fr.inria.lille.repair.nopol.NoPol - Analysing SourceLocation org.apache.commons.math.fraction.FractionFormat:380 which is executed by 8 tests
1013737658
21:44:10.324 [pool-2-thread-1] DEBUG fr.inria.lille.repair.nopol.NoPol - looking with class fr.inria.lille.repair.nopol.spoon.smt.ConditionalAdder
21:44:10.343 [pool-22-thread-1] INFO  xxl.java.junit.TestCasesListener - Tests run finished (13 ms)
<> Total tests run: 80
<> Ignored tests: 0
<> Failed tests: 0

21:44:10.344 [pool-2-thread-1] ERROR fr.inria.lille.repair.nopol.NoPol - Error ExecutionException java.util.concurrent.ExecutionException: java.lang.RuntimeException: failingTestCasesValidated: nothing to repair, no failing test cases
21:44:10.344 [pool-2-thread-1] DEBUG fr.inria.lille.repair.nopol.NoPol - statement #19
21:44:10.344 [pool-2-thread-1] DEBUG fr.inria.lille.repair.nopol.NoPol - Analysing SourceLocation org.apache.commons.math.fraction.FractionFormat:379 which is executed by 8 tests
1013737658
21:44:10.490 [pool-2-thread-1] DEBUG fr.inria.lille.repair.nopol.NoPol - statement #20
21:44:10.490 [pool-2-thread-1] DEBUG fr.inria.lille.repair.nopol.NoPol - Analysing SourceLocation org.apache.commons.math.fraction.FractionFormat:378 which is executed by 8 tests
1013737658
21:44:10.651 [pool-2-thread-1] DEBUG fr.inria.lille.repair.nopol.NoPol - looking with class fr.inria.lille.repair.nopol.spoon.smt.ConditionalAdder
21:44:10.689 [pool-24-thread-1] INFO  xxl.java.junit.TestCasesListener - Tests run finished (15 ms)
<> Total tests run: 80
<> Ignored tests: 0
<> Failed tests: 0

21:44:10.691 [pool-2-thread-1] ERROR fr.inria.lille.repair.nopol.NoPol - Error ExecutionException java.util.concurrent.ExecutionException: java.lang.RuntimeException: failingTestCasesValidated: nothing to repair, no failing test cases
21:44:10.691 [pool-2-thread-1] DEBUG fr.inria.lille.repair.nopol.NoPol - statement #21
21:44:10.691 [pool-2-thread-1] DEBUG fr.inria.lille.repair.nopol.NoPol - Analysing SourceLocation org.apache.commons.math.fraction.FractionFormat:375 which is executed by 8 tests
1013737658
21:44:10.884 [pool-2-thread-1] DEBUG fr.inria.lille.repair.nopol.NoPol - looking with class fr.inria.lille.repair.nopol.spoon.smt.ConditionalAdder
21:44:10.902 [pool-26-thread-1] INFO  xxl.java.junit.TestCasesListener - Tests run finished (12 ms)
<> Total tests run: 80
<> Ignored tests: 0
<> Failed tests: 0

21:44:10.903 [pool-2-thread-1] ERROR fr.inria.lille.repair.nopol.NoPol - Error ExecutionException java.util.concurrent.ExecutionException: java.lang.RuntimeException: failingTestCasesValidated: nothing to repair, no failing test cases
21:44:10.903 [pool-2-thread-1] DEBUG fr.inria.lille.repair.nopol.NoPol - looking with class fr.inria.lille.repair.nopol.spoon.smt.ConditionalReplacer
21:44:10.921 [pool-28-thread-1] INFO  xxl.java.junit.TestCasesListener - Tests run finished (12 ms)
<> Total tests run: 80
<> Ignored tests: 0
<> Failed tests: 0

21:44:10.921 [pool-2-thread-1] ERROR fr.inria.lille.repair.nopol.NoPol - Error ExecutionException java.util.concurrent.ExecutionException: java.lang.RuntimeException: failingTestCasesValidated: nothing to repair, no failing test cases
21:44:10.921 [pool-2-thread-1] DEBUG fr.inria.lille.repair.nopol.NoPol - statement #22
21:44:10.922 [pool-2-thread-1] DEBUG fr.inria.lille.repair.nopol.NoPol - Analysing SourceLocation org.apache.commons.math.fraction.FractionFormat:373 which is executed by 8 tests
1013737658
21:44:11.054 [pool-2-thread-1] DEBUG fr.inria.lille.repair.nopol.NoPol - statement #23
21:44:11.055 [pool-2-thread-1] DEBUG fr.inria.lille.repair.nopol.NoPol - Analysing SourceLocation org.apache.commons.math.fraction.FractionFormat:372 which is executed by 8 tests
1013737658
21:44:11.189 [pool-2-thread-1] DEBUG fr.inria.lille.repair.nopol.NoPol - statement #24
21:44:11.190 [pool-2-thread-1] DEBUG fr.inria.lille.repair.nopol.NoPol - Analysing SourceLocation org.apache.commons.math.fraction.FractionFormat:371 which is executed by 8 tests
1013737658
21:44:11.325 [pool-2-thread-1] DEBUG fr.inria.lille.repair.nopol.NoPol - statement #25
21:44:11.326 [pool-2-thread-1] DEBUG fr.inria.lille.repair.nopol.NoPol - Analysing SourceLocation org.apache.commons.math.fraction.FractionFormat:362 which is executed by 8 tests
1013737658
21:44:11.461 [pool-2-thread-1] DEBUG fr.inria.lille.repair.nopol.NoPol - statement #26
21:44:11.461 [pool-2-thread-1] DEBUG fr.inria.lille.repair.nopol.NoPol - Analysing SourceLocation org.apache.commons.math.fraction.FractionFormat:361 which is executed by 8 tests
1013737658
21:44:11.594 [pool-2-thread-1] DEBUG fr.inria.lille.repair.nopol.NoPol - looking with class fr.inria.lille.repair.nopol.spoon.smt.ConditionalAdder
21:44:11.611 [pool-30-thread-1] INFO  xxl.java.junit.TestCasesListener - Tests run finished (11 ms)
<> Total tests run: 80
<> Ignored tests: 0
<> Failed tests: 0

21:44:11.612 [pool-2-thread-1] ERROR fr.inria.lille.repair.nopol.NoPol - Error ExecutionException java.util.concurrent.ExecutionException: java.lang.RuntimeException: failingTestCasesValidated: nothing to repair, no failing test cases
21:44:11.612 [pool-2-thread-1] DEBUG fr.inria.lille.repair.nopol.NoPol - statement #27
21:44:11.612 [pool-2-thread-1] DEBUG fr.inria.lille.repair.nopol.NoPol - Analysing SourceLocation org.apache.commons.math.fraction.FractionFormat:360 which is executed by 8 tests
1013737658
21:44:11.743 [pool-2-thread-1] DEBUG fr.inria.lille.repair.nopol.NoPol - looking with class fr.inria.lille.repair.nopol.spoon.smt.ConditionalAdder
21:44:11.761 [pool-32-thread-1] INFO  xxl.java.junit.TestCasesListener - Tests run finished (12 ms)
<> Total tests run: 80
<> Ignored tests: 0
<> Failed tests: 0

21:44:11.762 [pool-2-thread-1] ERROR fr.inria.lille.repair.nopol.NoPol - Error ExecutionException java.util.concurrent.ExecutionException: java.lang.RuntimeException: failingTestCasesValidated: nothing to repair, no failing test cases
21:44:11.770 [pool-2-thread-1] DEBUG fr.inria.lille.repair.nopol.NoPol - statement #28
21:44:11.770 [pool-2-thread-1] DEBUG fr.inria.lille.repair.nopol.NoPol - Analysing SourceLocation org.apache.commons.math.fraction.FractionFormat:268 which is executed by 8 tests
1013737658
21:44:11.902 [pool-2-thread-1] DEBUG fr.inria.lille.repair.nopol.NoPol - looking with class fr.inria.lille.repair.nopol.spoon.smt.ConditionalAdder
21:44:11.921 [pool-34-thread-1] INFO  xxl.java.junit.TestCasesListener - Tests run finished (12 ms)
<> Total tests run: 80
<> Ignored tests: 0
<> Failed tests: 0

21:44:11.921 [pool-2-thread-1] ERROR fr.inria.lille.repair.nopol.NoPol - Error ExecutionException java.util.concurrent.ExecutionException: java.lang.RuntimeException: failingTestCasesValidated: nothing to repair, no failing test cases
21:44:11.922 [pool-2-thread-1] DEBUG fr.inria.lille.repair.nopol.NoPol - looking with class fr.inria.lille.repair.nopol.spoon.smt.ConditionalReplacer
21:44:11.938 [pool-36-thread-1] INFO  xxl.java.junit.TestCasesListener - Tests run finished (11 ms)
<> Total tests run: 80
<> Ignored tests: 0
<> Failed tests: 0

21:44:11.939 [pool-2-thread-1] ERROR fr.inria.lille.repair.nopol.NoPol - Error ExecutionException java.util.concurrent.ExecutionException: java.lang.RuntimeException: failingTestCasesValidated: nothing to repair, no failing test cases
21:44:11.939 [pool-2-thread-1] DEBUG fr.inria.lille.repair.nopol.NoPol - statement #29
21:44:11.939 [pool-2-thread-1] DEBUG fr.inria.lille.repair.nopol.NoPol - Analysing SourceLocation org.apache.commons.math.fraction.FractionFormat:267 which is executed by 8 tests
1013737658
21:44:12.097 [pool-2-thread-1] DEBUG fr.inria.lille.repair.nopol.NoPol - statement #30
21:44:12.097 [pool-2-thread-1] DEBUG fr.inria.lille.repair.nopol.NoPol - Analysing SourceLocation org.apache.commons.math.fraction.FractionFormat:264 which is executed by 8 tests
1013737658
21:44:12.226 [pool-2-thread-1] DEBUG fr.inria.lille.repair.nopol.NoPol - looking with class fr.inria.lille.repair.nopol.spoon.smt.ConditionalAdder
21:44:12.243 [pool-38-thread-1] INFO  xxl.java.junit.TestCasesListener - Tests run finished (11 ms)
<> Total tests run: 80
<> Ignored tests: 0
<> Failed tests: 0

21:44:12.244 [pool-2-thread-1] ERROR fr.inria.lille.repair.nopol.NoPol - Error ExecutionException java.util.concurrent.ExecutionException: java.lang.RuntimeException: failingTestCasesValidated: nothing to repair, no failing test cases
21:44:12.244 [pool-2-thread-1] DEBUG fr.inria.lille.repair.nopol.NoPol - statement #31
21:44:12.244 [pool-2-thread-1] DEBUG fr.inria.lille.repair.nopol.NoPol - Analysing SourceLocation org.apache.commons.math.fraction.FractionFormat:261 which is executed by 8 tests
1013737658
21:44:12.376 [pool-2-thread-1] DEBUG fr.inria.lille.repair.nopol.NoPol - statement #32
21:44:12.376 [pool-2-thread-1] DEBUG fr.inria.lille.repair.nopol.NoPol - Analysing SourceLocation org.apache.commons.math.fraction.FractionFormat:245 which is executed by 8 tests
1013737658
21:44:12.505 [pool-2-thread-1] DEBUG fr.inria.lille.repair.nopol.NoPol - statement #33
21:44:12.505 [pool-2-thread-1] DEBUG fr.inria.lille.repair.nopol.NoPol - Analysing SourceLocation org.apache.commons.math.fraction.FractionFormat:244 which is executed by 8 tests
1013737658
21:44:12.633 [pool-2-thread-1] DEBUG fr.inria.lille.repair.nopol.NoPol - statement #34
21:44:12.634 [pool-2-thread-1] DEBUG fr.inria.lille.repair.nopol.NoPol - Analysing SourceLocation org.apache.commons.math.fraction.ProperFractionFormat:133 which is executed by 8 tests
-1129122774
21:44:12.758 [pool-2-thread-1] DEBUG fr.inria.lille.repair.nopol.NoPol - statement #35
21:44:12.758 [pool-2-thread-1] DEBUG fr.inria.lille.repair.nopol.NoPol - Analysing SourceLocation org.apache.commons.math.fraction.FractionFormat:233 which is executed by 9 tests
1013737658
21:44:12.901 [pool-2-thread-1] DEBUG fr.inria.lille.repair.nopol.NoPol - statement #36
21:44:12.902 [pool-2-thread-1] DEBUG fr.inria.lille.repair.nopol.NoPol - Analysing SourceLocation org.apache.commons.math.fraction.FractionFormat:225 which is executed by 7 tests
1013737658
21:44:13.029 [pool-2-thread-1] DEBUG fr.inria.lille.repair.nopol.NoPol - statement #37
21:44:13.029 [pool-2-thread-1] DEBUG fr.inria.lille.repair.nopol.NoPol - Analysing SourceLocation org.apache.commons.math.fraction.FractionFormat:309 which is executed by 2 tests
1013737658
21:44:13.156 [pool-2-thread-1] DEBUG fr.inria.lille.repair.nopol.NoPol - statement #38
21:44:13.156 [pool-2-thread-1] DEBUG fr.inria.lille.repair.nopol.NoPol - Analysing SourceLocation org.apache.commons.math.fraction.ProperFractionFormat:214 which is executed by 2 tests
-1129122774
21:44:13.279 [pool-2-thread-1] DEBUG fr.inria.lille.repair.nopol.NoPol - statement #39
21:44:13.279 [pool-2-thread-1] DEBUG fr.inria.lille.repair.nopol.NoPol - Analysing SourceLocation org.apache.commons.math.fraction.ProperFractionFormat:213 which is executed by 2 tests
-1129122774
21:44:13.421 [pool-2-thread-1] DEBUG fr.inria.lille.repair.nopol.NoPol - statement #40
21:44:13.421 [pool-2-thread-1] DEBUG fr.inria.lille.repair.nopol.NoPol - Analysing SourceLocation org.apache.commons.math.fraction.ProperFractionFormat:212 which is executed by 2 tests
-1129122774
21:44:13.550 [pool-2-thread-1] DEBUG fr.inria.lille.repair.nopol.NoPol - statement #41
21:44:13.550 [pool-2-thread-1] DEBUG fr.inria.lille.repair.nopol.NoPol - Analysing SourceLocation org.apache.commons.math.fraction.ProperFractionFormat:211 which is executed by 2 tests
-1129122774
21:44:13.702 [pool-2-thread-1] DEBUG fr.inria.lille.repair.nopol.NoPol - statement #42
21:44:13.702 [pool-2-thread-1] DEBUG fr.inria.lille.repair.nopol.NoPol - Analysing SourceLocation org.apache.commons.math.fraction.FractionFormat:301 which is executed by 3 tests
1013737658
21:44:13.837 [pool-2-thread-1] DEBUG fr.inria.lille.repair.nopol.NoPol - looking with class fr.inria.lille.repair.nopol.spoon.smt.ConditionalAdder
21:44:13.849 [pool-40-thread-1] INFO  xxl.java.junit.TestCasesListener - Tests run finished (7 ms)
<> Total tests run: 32
<> Ignored tests: 0
<> Failed tests: 0

21:44:13.850 [pool-2-thread-1] ERROR fr.inria.lille.repair.nopol.NoPol - Error ExecutionException java.util.concurrent.ExecutionException: java.lang.RuntimeException: failingTestCasesValidated: nothing to repair, no failing test cases
21:44:13.850 [pool-2-thread-1] DEBUG fr.inria.lille.repair.nopol.NoPol - looking with class fr.inria.lille.repair.nopol.spoon.smt.ConditionalReplacer
21:44:13.860 [pool-42-thread-1] INFO  xxl.java.junit.TestCasesListener - Tests run finished (6 ms)
<> Total tests run: 32
<> Ignored tests: 0
<> Failed tests: 0

21:44:13.861 [pool-2-thread-1] ERROR fr.inria.lille.repair.nopol.NoPol - Error ExecutionException java.util.concurrent.ExecutionException: java.lang.RuntimeException: failingTestCasesValidated: nothing to repair, no failing test cases
21:44:13.861 [pool-2-thread-1] DEBUG fr.inria.lille.repair.nopol.NoPol - statement #43
21:44:13.861 [pool-2-thread-1] DEBUG fr.inria.lille.repair.nopol.NoPol - Analysing SourceLocation org.apache.commons.math.fraction.FractionFormat:300 which is executed by 3 tests
1013737658
21:44:13.988 [pool-2-thread-1] DEBUG fr.inria.lille.repair.nopol.NoPol - statement #44
21:44:13.988 [pool-2-thread-1] DEBUG fr.inria.lille.repair.nopol.NoPol - Analysing SourceLocation org.apache.commons.math.fraction.FractionFormat:297 which is executed by 3 tests
1013737658
21:44:14.115 [pool-2-thread-1] DEBUG fr.inria.lille.repair.nopol.NoPol - looking with class fr.inria.lille.repair.nopol.spoon.smt.ConditionalAdder
21:44:14.126 [pool-44-thread-1] INFO  xxl.java.junit.TestCasesListener - Tests run finished (6 ms)
<> Total tests run: 32
<> Ignored tests: 0
<> Failed tests: 0

21:44:14.127 [pool-2-thread-1] ERROR fr.inria.lille.repair.nopol.NoPol - Error ExecutionException java.util.concurrent.ExecutionException: java.lang.RuntimeException: failingTestCasesValidated: nothing to repair, no failing test cases
21:44:14.127 [pool-2-thread-1] DEBUG fr.inria.lille.repair.nopol.NoPol - statement #45
21:44:14.127 [pool-2-thread-1] DEBUG fr.inria.lille.repair.nopol.NoPol - Analysing SourceLocation org.apache.commons.math.fraction.FractionFormat:286 which is executed by 3 tests
1013737658
21:44:14.253 [pool-2-thread-1] DEBUG fr.inria.lille.repair.nopol.NoPol - looking with class fr.inria.lille.repair.nopol.spoon.smt.ConditionalAdder
21:44:14.264 [pool-46-thread-1] INFO  xxl.java.junit.TestCasesListener - Tests run finished (7 ms)
<> Total tests run: 32
<> Ignored tests: 0
<> Failed tests: 0

21:44:14.265 [pool-2-thread-1] ERROR fr.inria.lille.repair.nopol.NoPol - Error ExecutionException java.util.concurrent.ExecutionException: java.lang.RuntimeException: failingTestCasesValidated: nothing to repair, no failing test cases
21:44:14.265 [pool-2-thread-1] DEBUG fr.inria.lille.repair.nopol.NoPol - statement #46
21:44:14.265 [pool-2-thread-1] DEBUG fr.inria.lille.repair.nopol.NoPol - Analysing SourceLocation org.apache.commons.math.fraction.FractionFormat:293 which is executed by 3 tests
1013737658
21:44:14.393 [pool-2-thread-1] DEBUG fr.inria.lille.repair.nopol.NoPol - statement #47
21:44:14.393 [pool-2-thread-1] DEBUG fr.inria.lille.repair.nopol.NoPol - Analysing SourceLocation org.apache.commons.math.fraction.FractionFormat:292 which is executed by 3 tests
1013737658
21:44:14.520 [pool-2-thread-1] DEBUG fr.inria.lille.repair.nopol.NoPol - looking with class fr.inria.lille.repair.nopol.spoon.smt.ConditionalAdder
21:44:14.532 [pool-48-thread-1] INFO  xxl.java.junit.TestCasesListener - Tests run finished (6 ms)
<> Total tests run: 32
<> Ignored tests: 0
<> Failed tests: 0

21:44:14.532 [pool-2-thread-1] ERROR fr.inria.lille.repair.nopol.NoPol - Error ExecutionException java.util.concurrent.ExecutionException: java.lang.RuntimeException: failingTestCasesValidated: nothing to repair, no failing test cases
21:44:14.532 [pool-2-thread-1] DEBUG fr.inria.lille.repair.nopol.NoPol - statement #48
21:44:14.532 [pool-2-thread-1] DEBUG fr.inria.lille.repair.nopol.NoPol - Analysing SourceLocation org.apache.commons.math.fraction.FractionFormat:291 which is executed by 3 tests
1013737658
21:44:14.660 [pool-2-thread-1] DEBUG fr.inria.lille.repair.nopol.NoPol - looking with class fr.inria.lille.repair.nopol.spoon.smt.ConditionalAdder
21:44:14.671 [pool-50-thread-1] INFO  xxl.java.junit.TestCasesListener - Tests run finished (6 ms)
<> Total tests run: 32
<> Ignored tests: 0
<> Failed tests: 0

21:44:14.672 [pool-2-thread-1] ERROR fr.inria.lille.repair.nopol.NoPol - Error ExecutionException java.util.concurrent.ExecutionException: java.lang.RuntimeException: failingTestCasesValidated: nothing to repair, no failing test cases
21:44:14.672 [pool-2-thread-1] DEBUG fr.inria.lille.repair.nopol.NoPol - statement #49
21:44:14.672 [pool-2-thread-1] DEBUG fr.inria.lille.repair.nopol.NoPol - Analysing SourceLocation org.apache.commons.math.fraction.ProperFractionFormat:205 which is executed by 3 tests
-1129122774
21:44:14.796 [pool-2-thread-1] DEBUG fr.inria.lille.repair.nopol.NoPol - looking with class fr.inria.lille.repair.nopol.spoon.smt.ConditionalAdder
21:44:14.808 [pool-52-thread-1] INFO  xxl.java.junit.TestCasesListener - Tests run finished (7 ms)
<> Total tests run: 32
<> Ignored tests: 0
<> Failed tests: 0

21:44:14.808 [pool-2-thread-1] ERROR fr.inria.lille.repair.nopol.NoPol - Error ExecutionException java.util.concurrent.ExecutionException: java.lang.RuntimeException: failingTestCasesValidated: nothing to repair, no failing test cases
21:44:14.809 [pool-2-thread-1] DEBUG fr.inria.lille.repair.nopol.NoPol - looking with class fr.inria.lille.repair.nopol.spoon.smt.ConditionalReplacer
21:44:14.821 [pool-54-thread-1] INFO  xxl.java.junit.TestCasesListener - Tests run finished (7 ms)
<> Total tests run: 32
<> Ignored tests: 0
<> Failed tests: 0

21:44:14.822 [pool-2-thread-1] ERROR fr.inria.lille.repair.nopol.NoPol - Error ExecutionException java.util.concurrent.ExecutionException: java.lang.RuntimeException: failingTestCasesValidated: nothing to repair, no failing test cases
21:44:14.822 [pool-2-thread-1] DEBUG fr.inria.lille.repair.nopol.NoPol - statement #50
21:44:14.822 [pool-2-thread-1] DEBUG fr.inria.lille.repair.nopol.NoPol - Analysing SourceLocation org.apache.commons.math.fraction.ProperFractionFormat:197 which is executed by 3 tests
-1129122774
21:44:14.946 [pool-2-thread-1] DEBUG fr.inria.lille.repair.nopol.NoPol - looking with class fr.inria.lille.repair.nopol.spoon.smt.ConditionalAdder
21:44:14.958 [pool-56-thread-1] INFO  xxl.java.junit.TestCasesListener - Tests run finished (7 ms)
<> Total tests run: 32
<> Ignored tests: 0
<> Failed tests: 0

21:44:14.959 [pool-2-thread-1] ERROR fr.inria.lille.repair.nopol.NoPol - Error ExecutionException java.util.concurrent.ExecutionException: java.lang.RuntimeException: failingTestCasesValidated: nothing to repair, no failing test cases
21:44:14.959 [pool-2-thread-1] DEBUG fr.inria.lille.repair.nopol.NoPol - looking with class fr.inria.lille.repair.nopol.spoon.smt.ConditionalReplacer
21:44:14.969 [pool-58-thread-1] INFO  xxl.java.junit.TestCasesListener - Tests run finished (6 ms)
<> Total tests run: 32
<> Ignored tests: 0
<> Failed tests: 0

21:44:14.970 [pool-2-thread-1] ERROR fr.inria.lille.repair.nopol.NoPol - Error ExecutionException java.util.concurrent.ExecutionException: java.lang.RuntimeException: failingTestCasesValidated: nothing to repair, no failing test cases
21:44:14.970 [pool-2-thread-1] DEBUG fr.inria.lille.repair.nopol.NoPol - statement #51
21:44:14.970 [pool-2-thread-1] DEBUG fr.inria.lille.repair.nopol.NoPol - Analysing SourceLocation org.apache.commons.math.fraction.ProperFractionFormat:196 which is executed by 3 tests
-1129122774
21:44:15.092 [pool-2-thread-1] DEBUG fr.inria.lille.repair.nopol.NoPol - statement #52
21:44:15.092 [pool-2-thread-1] DEBUG fr.inria.lille.repair.nopol.NoPol - Analysing SourceLocation org.apache.commons.math.fraction.ProperFractionFormat:193 which is executed by 3 tests
-1129122774
21:44:15.220 [pool-2-thread-1] DEBUG fr.inria.lille.repair.nopol.NoPol - looking with class fr.inria.lille.repair.nopol.spoon.smt.ConditionalAdder
21:44:15.232 [pool-60-thread-1] INFO  xxl.java.junit.TestCasesListener - Tests run finished (6 ms)
<> Total tests run: 32
<> Ignored tests: 0
<> Failed tests: 0

21:44:15.233 [pool-2-thread-1] ERROR fr.inria.lille.repair.nopol.NoPol - Error ExecutionException java.util.concurrent.ExecutionException: java.lang.RuntimeException: failingTestCasesValidated: nothing to repair, no failing test cases
21:44:15.233 [pool-2-thread-1] DEBUG fr.inria.lille.repair.nopol.NoPol - statement #53
21:44:15.233 [pool-2-thread-1] DEBUG fr.inria.lille.repair.nopol.NoPol - Analysing SourceLocation org.apache.commons.math.fraction.ProperFractionFormat:182 which is executed by 3 tests
-1129122774
21:44:15.356 [pool-2-thread-1] DEBUG fr.inria.lille.repair.nopol.NoPol - looking with class fr.inria.lille.repair.nopol.spoon.smt.ConditionalAdder
21:44:15.368 [pool-62-thread-1] INFO  xxl.java.junit.TestCasesListener - Tests run finished (6 ms)
<> Total tests run: 32
<> Ignored tests: 0
<> Failed tests: 0

21:44:15.368 [pool-2-thread-1] ERROR fr.inria.lille.repair.nopol.NoPol - Error ExecutionException java.util.concurrent.ExecutionException: java.lang.RuntimeException: failingTestCasesValidated: nothing to repair, no failing test cases
21:44:15.368 [pool-2-thread-1] DEBUG fr.inria.lille.repair.nopol.NoPol - statement #54
21:44:15.368 [pool-2-thread-1] DEBUG fr.inria.lille.repair.nopol.NoPol - Analysing SourceLocation org.apache.commons.math.fraction.ProperFractionFormat:175 which is executed by 3 tests
-1129122774
21:44:15.491 [pool-2-thread-1] DEBUG fr.inria.lille.repair.nopol.NoPol - looking with class fr.inria.lille.repair.nopol.spoon.smt.ConditionalAdder
21:44:15.507 [pool-64-thread-1] INFO  xxl.java.junit.TestCasesListener - Tests run finished (7 ms)
<> Total tests run: 32
<> Ignored tests: 0
<> Failed tests: 0

21:44:15.507 [pool-2-thread-1] ERROR fr.inria.lille.repair.nopol.NoPol - Error ExecutionException java.util.concurrent.ExecutionException: java.lang.RuntimeException: failingTestCasesValidated: nothing to repair, no failing test cases
21:44:15.507 [pool-2-thread-1] DEBUG fr.inria.lille.repair.nopol.NoPol - statement #55
21:44:15.508 [pool-2-thread-1] DEBUG fr.inria.lille.repair.nopol.NoPol - Analysing SourceLocation org.apache.commons.math.fraction.ProperFractionFormat:174 which is executed by 3 tests
-1129122774
21:44:15.630 [pool-2-thread-1] DEBUG fr.inria.lille.repair.nopol.NoPol - statement #56
21:44:15.630 [pool-2-thread-1] DEBUG fr.inria.lille.repair.nopol.NoPol - Analysing SourceLocation org.apache.commons.math.fraction.ProperFractionFormat:173 which is executed by 3 tests
-1129122774
21:44:15.751 [pool-2-thread-1] DEBUG fr.inria.lille.repair.nopol.NoPol - statement #57
21:44:15.751 [pool-2-thread-1] DEBUG fr.inria.lille.repair.nopol.NoPol - Analysing SourceLocation org.apache.commons.math.fraction.ProperFractionFormat:166 which is executed by 3 tests
-1129122774
21:44:15.874 [pool-2-thread-1] DEBUG fr.inria.lille.repair.nopol.NoPol - looking with class fr.inria.lille.repair.nopol.spoon.smt.ConditionalAdder
21:44:15.887 [pool-66-thread-1] INFO  xxl.java.junit.TestCasesListener - Tests run finished (7 ms)
<> Total tests run: 32
<> Ignored tests: 0
<> Failed tests: 0

21:44:15.887 [pool-2-thread-1] ERROR fr.inria.lille.repair.nopol.NoPol - Error ExecutionException java.util.concurrent.ExecutionException: java.lang.RuntimeException: failingTestCasesValidated: nothing to repair, no failing test cases
21:44:15.887 [pool-2-thread-1] DEBUG fr.inria.lille.repair.nopol.NoPol - looking with class fr.inria.lille.repair.nopol.spoon.smt.ConditionalReplacer
21:44:15.898 [pool-68-thread-1] INFO  xxl.java.junit.TestCasesListener - Tests run finished (7 ms)
<> Total tests run: 32
<> Ignored tests: 0
<> Failed tests: 0

21:44:15.898 [pool-2-thread-1] ERROR fr.inria.lille.repair.nopol.NoPol - Error ExecutionException java.util.concurrent.ExecutionException: java.lang.RuntimeException: failingTestCasesValidated: nothing to repair, no failing test cases
21:44:15.898 [pool-2-thread-1] DEBUG fr.inria.lille.repair.nopol.NoPol - statement #58
21:44:15.898 [pool-2-thread-1] DEBUG fr.inria.lille.repair.nopol.NoPol - Analysing SourceLocation org.apache.commons.math.fraction.FractionFormat:283 which is executed by 1 tests
1013737658
21:44:16.024 [pool-2-thread-1] DEBUG fr.inria.lille.repair.nopol.NoPol - statement #59
21:44:16.025 [pool-2-thread-1] DEBUG fr.inria.lille.repair.nopol.NoPol - Analysing SourceLocation org.apache.commons.math.fraction.ProperFractionFormat:158 which is executed by 4 tests
-1129122774
21:44:16.155 [pool-2-thread-1] DEBUG fr.inria.lille.repair.nopol.NoPol - looking with class fr.inria.lille.repair.nopol.spoon.smt.ConditionalAdder
21:44:16.165 [pool-70-thread-1] INFO  xxl.java.junit.TestCasesListener - Tests run finished (6 ms)
<> Total tests run: 32
<> Ignored tests: 0
<> Failed tests: 0

21:44:16.166 [pool-2-thread-1] ERROR fr.inria.lille.repair.nopol.NoPol - Error ExecutionException java.util.concurrent.ExecutionException: java.lang.RuntimeException: failingTestCasesValidated: nothing to repair, no failing test cases
21:44:16.166 [pool-2-thread-1] DEBUG fr.inria.lille.repair.nopol.NoPol - looking with class fr.inria.lille.repair.nopol.spoon.smt.ConditionalReplacer
21:44:16.176 [pool-72-thread-1] INFO  xxl.java.junit.TestCasesListener - Tests run finished (7 ms)
<> Total tests run: 32
<> Ignored tests: 0
<> Failed tests: 0

21:44:16.176 [pool-2-thread-1] ERROR fr.inria.lille.repair.nopol.NoPol - Error ExecutionException java.util.concurrent.ExecutionException: java.lang.RuntimeException: failingTestCasesValidated: nothing to repair, no failing test cases
21:44:16.176 [pool-2-thread-1] DEBUG fr.inria.lille.repair.nopol.NoPol - statement #60
21:44:16.177 [pool-2-thread-1] DEBUG fr.inria.lille.repair.nopol.NoPol - Analysing SourceLocation org.apache.commons.math.fraction.ProperFractionFormat:157 which is executed by 4 tests
-1129122774
21:44:16.298 [pool-2-thread-1] DEBUG fr.inria.lille.repair.nopol.NoPol - statement #61
21:44:16.298 [pool-2-thread-1] DEBUG fr.inria.lille.repair.nopol.NoPol - Analysing SourceLocation org.apache.commons.math.fraction.ProperFractionFormat:154 which is executed by 4 tests
-1129122774
21:44:16.419 [pool-2-thread-1] DEBUG fr.inria.lille.repair.nopol.NoPol - looking with class fr.inria.lille.repair.nopol.spoon.smt.ConditionalAdder
21:44:16.431 [pool-74-thread-1] INFO  xxl.java.junit.TestCasesListener - Tests run finished (8 ms)
<> Total tests run: 32
<> Ignored tests: 0
<> Failed tests: 0

21:44:16.431 [pool-2-thread-1] ERROR fr.inria.lille.repair.nopol.NoPol - Error ExecutionException java.util.concurrent.ExecutionException: java.lang.RuntimeException: failingTestCasesValidated: nothing to repair, no failing test cases
21:44:16.431 [pool-2-thread-1] DEBUG fr.inria.lille.repair.nopol.NoPol - statement #62
21:44:16.431 [pool-2-thread-1] DEBUG fr.inria.lille.repair.nopol.NoPol - Analysing SourceLocation org.apache.commons.math.fraction.ProperFractionFormat:145 which is executed by 5 tests
-1129122774
21:44:16.553 [pool-2-thread-1] DEBUG fr.inria.lille.repair.nopol.NoPol - looking with class fr.inria.lille.repair.nopol.spoon.smt.ConditionalAdder
21:44:16.566 [pool-76-thread-1] INFO  xxl.java.junit.TestCasesListener - Tests run finished (7 ms)
<> Total tests run: 32
<> Ignored tests: 0
<> Failed tests: 0

21:44:16.567 [pool-2-thread-1] ERROR fr.inria.lille.repair.nopol.NoPol - Error ExecutionException java.util.concurrent.ExecutionException: java.lang.RuntimeException: failingTestCasesValidated: nothing to repair, no failing test cases
21:44:16.567 [pool-2-thread-1] DEBUG fr.inria.lille.repair.nopol.NoPol - looking with class fr.inria.lille.repair.nopol.spoon.smt.ConditionalReplacer
21:44:16.577 [pool-78-thread-1] INFO  xxl.java.junit.TestCasesListener - Tests run finished (6 ms)
<> Total tests run: 32
<> Ignored tests: 0
<> Failed tests: 0

21:44:16.578 [pool-2-thread-1] ERROR fr.inria.lille.repair.nopol.NoPol - Error ExecutionException java.util.concurrent.ExecutionException: java.lang.RuntimeException: failingTestCasesValidated: nothing to repair, no failing test cases
21:44:16.578 [pool-2-thread-1] DEBUG fr.inria.lille.repair.nopol.NoPol - statement #63
21:44:16.578 [pool-2-thread-1] DEBUG fr.inria.lille.repair.nopol.NoPol - Analysing SourceLocation org.apache.commons.math.fraction.ProperFractionFormat:144 which is executed by 5 tests
-1129122774
21:44:16.716 [pool-2-thread-1] DEBUG fr.inria.lille.repair.nopol.NoPol - statement #64
21:44:16.716 [pool-2-thread-1] DEBUG fr.inria.lille.repair.nopol.NoPol - Analysing SourceLocation org.apache.commons.math.fraction.ProperFractionFormat:141 which is executed by 5 tests
-1129122774
21:44:16.867 [pool-2-thread-1] DEBUG fr.inria.lille.repair.nopol.NoPol - looking with class fr.inria.lille.repair.nopol.spoon.smt.ConditionalAdder
21:44:16.878 [pool-80-thread-1] INFO  xxl.java.junit.TestCasesListener - Tests run finished (7 ms)
<> Total tests run: 32
<> Ignored tests: 0
<> Failed tests: 0

21:44:16.879 [pool-2-thread-1] ERROR fr.inria.lille.repair.nopol.NoPol - Error ExecutionException java.util.concurrent.ExecutionException: java.lang.RuntimeException: failingTestCasesValidated: nothing to repair, no failing test cases
21:44:16.879 [pool-2-thread-1] DEBUG fr.inria.lille.repair.nopol.NoPol - statement #65
21:44:16.879 [pool-2-thread-1] DEBUG fr.inria.lille.repair.nopol.NoPol - Analysing SourceLocation org.apache.commons.math.fraction.ProperFractionFormat:138 which is executed by 5 tests
-1129122774
21:44:17.031 [pool-2-thread-1] DEBUG fr.inria.lille.repair.nopol.NoPol - statement #66
21:44:17.031 [pool-2-thread-1] DEBUG fr.inria.lille.repair.nopol.NoPol - Analysing SourceLocation org.apache.commons.math.fraction.ProperFractionFormat:134 which is executed by 5 tests
-1129122774
21:44:17.171 [pool-2-thread-1] DEBUG fr.inria.lille.repair.nopol.NoPol - looking with class fr.inria.lille.repair.nopol.spoon.smt.ConditionalAdder
21:44:17.183 [pool-82-thread-1] INFO  xxl.java.junit.TestCasesListener - Tests run finished (6 ms)
<> Total tests run: 32
<> Ignored tests: 0
<> Failed tests: 0

21:44:17.183 [pool-2-thread-1] ERROR fr.inria.lille.repair.nopol.NoPol - Error ExecutionException java.util.concurrent.ExecutionException: java.lang.RuntimeException: failingTestCasesValidated: nothing to repair, no failing test cases
21:44:17.183 [pool-2-thread-1] DEBUG fr.inria.lille.repair.nopol.NoPol - looking with class fr.inria.lille.repair.nopol.spoon.smt.ConditionalReplacer
21:44:17.193 [pool-84-thread-1] INFO  xxl.java.junit.TestCasesListener - Tests run finished (6 ms)
<> Total tests run: 32
<> Ignored tests: 0
<> Failed tests: 0

21:44:17.193 [pool-2-thread-1] ERROR fr.inria.lille.repair.nopol.NoPol - Error ExecutionException java.util.concurrent.ExecutionException: java.lang.RuntimeException: failingTestCasesValidated: nothing to repair, no failing test cases
21:44:17.193 [pool-2-thread-1] DEBUG fr.inria.lille.repair.nopol.NoPol - statement #67
21:44:17.193 [pool-2-thread-1] DEBUG fr.inria.lille.repair.nopol.NoPol - Analysing SourceLocation org.apache.commons.math.fraction.ProperFractionFormat:116 which is executed by 6 tests
-1129122774
21:44:17.316 [pool-2-thread-1] DEBUG fr.inria.lille.repair.nopol.NoPol - statement #68
21:44:17.316 [pool-2-thread-1] DEBUG fr.inria.lille.repair.nopol.NoPol - Analysing SourceLocation org.apache.commons.math.special.Gamma:200 which is executed by 7 tests
68567944
21:44:17.443 [pool-2-thread-1] DEBUG fr.inria.lille.repair.nopol.NoPol - statement #69
21:44:17.443 [pool-2-thread-1] DEBUG fr.inria.lille.repair.nopol.NoPol - Analysing SourceLocation org.apache.commons.math.special.Gamma$1:252 which is executed by 26 tests
68567944
21:44:17.569 [pool-2-thread-1] DEBUG fr.inria.lille.repair.nopol.NoPol - statement #70
21:44:17.569 [pool-2-thread-1] DEBUG fr.inria.lille.repair.nopol.NoPol - Analysing SourceLocation org.apache.commons.math.special.Gamma$1:248 which is executed by 26 tests
68567944
21:44:17.692 [pool-2-thread-1] DEBUG fr.inria.lille.repair.nopol.NoPol - statement #71
21:44:17.693 [pool-2-thread-1] DEBUG fr.inria.lille.repair.nopol.NoPol - Analysing SourceLocation org.apache.commons.math.special.Gamma:257 which is executed by 26 tests
68567944
21:44:17.816 [pool-2-thread-1] DEBUG fr.inria.lille.repair.nopol.NoPol - looking with class fr.inria.lille.repair.nopol.spoon.smt.ConditionalAdder
junit.framework.AssertionFailedError: expected:<0.632120558828558> but was:<0.6321205587649603>
    at junit.framework.Assert.fail(Assert.java:57)
    at junit.framework.Assert.failNotEquals(Assert.java:329)
    at junit.framework.Assert.assertEquals(Assert.java:120)
    at org.apache.commons.math.TestUtils.assertEquals(TestUtils.java:62)
    at org.apache.commons.math.TestUtils.assertEquals(TestUtils.java:49)
    at org.apache.commons.math.special.GammaTest.testRegularizedGamma(GammaTest.java:40)
21:44:17.824 [pool-86-thread-1] INFO  xxl.java.junit.TestCasesListener - Tests run finished (5 ms)
<> Total tests run: 11
<> Ignored tests: 0
<> Failed tests: 1
~ testRegularizedGammaPositivePositive(org.apache.commons.math.special.GammaTest)
[expected:<0.632120558828558> but was:<0.6321205587649603>]
junit.framework.AssertionFailedError: expected:<0.632120558828558> but was:<0.6321205587649603>    at junit.framework.Assert.fail(Assert.java:57)
    at junit.framework.Assert.failNotEquals(Assert.java:329)
    at junit.framework.Assert.assertEquals(Assert.java:120)
    at org.apache.commons.math.TestUtils.assertEquals(TestUtils.java:62)
    at org.apache.commons.math.TestUtils.assertEquals(TestUtils.java:49)
    at org.apache.commons.math.special.GammaTest.testRegularizedGamma(GammaTest.java:40)

junit.framework.AssertionFailedError: expected:<0.632120558828558> but was:<0.6321205587649603>
    at junit.framework.Assert.fail(Assert.java:57)
    at junit.framework.Assert.failNotEquals(Assert.java:329)
    at junit.framework.Assert.assertEquals(Assert.java:120)
    at org.apache.commons.math.TestUtils.assertEquals(TestUtils.java:62)
    at org.apache.commons.math.TestUtils.assertEquals(TestUtils.java:49)
    at org.apache.commons.math.special.GammaTest.testRegularizedGamma(GammaTest.java:40)
21:44:19.017 [pool-87-thread-1] INFO  f.i.l.c.t.SpecificationTestCasesListener - Tests run finished (8 ms)
<> Total tests run: 1
<> Ignored tests: 0
<> Failed tests: 1
~ testRegularizedGammaPositivePositive(org.apache.commons.math.special.GammaTest)
[expected:<0.632120558828558> but was:<0.6321205587649603>]
junit.framework.AssertionFailedError: expected:<0.632120558828558> but was:<0.6321205587649603>    at junit.framework.Assert.fail(Assert.java:57)
    at junit.framework.Assert.failNotEquals(Assert.java:329)
    at junit.framework.Assert.assertEquals(Assert.java:120)
    at org.apache.commons.math.TestUtils.assertEquals(TestUtils.java:62)
    at org.apache.commons.math.TestUtils.assertEquals(TestUtils.java:49)
    at org.apache.commons.math.special.GammaTest.testRegularizedGamma(GammaTest.java:40)

junit.framework.AssertionFailedError: expected:<0.632120558828558> but was:<0.6321205587649603>
    at junit.framework.Assert.fail(Assert.java:57)
    at junit.framework.Assert.failNotEquals(Assert.java:329)
    at junit.framework.Assert.assertEquals(Assert.java:120)
    at org.apache.commons.math.TestUtils.assertEquals(TestUtils.java:62)
    at org.apache.commons.math.TestUtils.assertEquals(TestUtils.java:49)
    at org.apache.commons.math.special.GammaTest.testRegularizedGamma(GammaTest.java:40)
21:44:19.020 [pool-88-thread-1] INFO  f.i.l.c.t.SpecificationTestCasesListener - Tests run finished (1 ms)
<> Total tests run: 1
<> Ignored tests: 0
<> Failed tests: 1
~ testRegularizedGammaPositivePositive(org.apache.commons.math.special.GammaTest)
[expected:<0.632120558828558> but was:<0.6321205587649603>]
junit.framework.AssertionFailedError: expected:<0.632120558828558> but was:<0.6321205587649603>    at junit.framework.Assert.fail(Assert.java:57)
    at junit.framework.Assert.failNotEquals(Assert.java:329)
    at junit.framework.Assert.assertEquals(Assert.java:120)
    at org.apache.commons.math.TestUtils.assertEquals(TestUtils.java:62)
    at org.apache.commons.math.TestUtils.assertEquals(TestUtils.java:49)
    at org.apache.commons.math.special.GammaTest.testRegularizedGamma(GammaTest.java:40)

21:44:19.021 [pool-85-thread-1] DEBUG tests.output - Failing tests with false: 
[testRegularizedGammaPositivePositive(org.apache.commons.math.special.GammaTest): expected:<0.632120558828558> but was:<0.6321205587649603>]
21:44:19.021 [pool-85-thread-1] DEBUG tests.output - Failing tests with true: 
[testRegularizedGammaPositivePositive(org.apache.commons.math.special.GammaTest): expected:<0.632120558828558> but was:<0.6321205587649603>]
21:44:19.021 [pool-85-thread-1] INFO  f.i.l.r.n.synth.SMTNopolSynthesizer - Not enough specifications: 0. A trivial patch is "true" or "false", please write new tests specifying SourceLocation org.apache.commons.math.special.Gamma:257.
21:44:19.021 [pool-2-thread-1] DEBUG fr.inria.lille.repair.nopol.NoPol - statement #72
21:44:19.022 [pool-2-thread-1] DEBUG fr.inria.lille.repair.nopol.NoPol - Analysing SourceLocation org.apache.commons.math.special.Gamma:256 which is executed by 26 tests
68567944
21:44:19.174 [pool-2-thread-1] DEBUG fr.inria.lille.repair.nopol.NoPol - looking with class fr.inria.lille.repair.nopol.spoon.smt.ConditionalAdder
junit.framework.AssertionFailedError: expected:<0.632120558828558> but was:<0.6321205587649603>
    at junit.framework.Assert.fail(Assert.java:57)
    at junit.framework.Assert.failNotEquals(Assert.java:329)
    at junit.framework.Assert.assertEquals(Assert.java:120)
    at org.apache.commons.math.TestUtils.assertEquals(TestUtils.java:62)
    at org.apache.commons.math.TestUtils.assertEquals(TestUtils.java:49)
    at org.apache.commons.math.special.GammaTest.testRegularizedGamma(GammaTest.java:40)
21:44:19.181 [pool-90-thread-1] INFO  xxl.java.junit.TestCasesListener - Tests run finished (4 ms)
<> Total tests run: 11
<> Ignored tests: 0
<> Failed tests: 1
~ testRegularizedGammaPositivePositive(org.apache.commons.math.special.GammaTest)
[expected:<0.632120558828558> but was:<0.6321205587649603>]
junit.framework.AssertionFailedError: expected:<0.632120558828558> but was:<0.6321205587649603>    at junit.framework.Assert.fail(Assert.java:57)
    at junit.framework.Assert.failNotEquals(Assert.java:329)
    at junit.framework.Assert.assertEquals(Assert.java:120)
    at org.apache.commons.math.TestUtils.assertEquals(TestUtils.java:62)
    at org.apache.commons.math.TestUtils.assertEquals(TestUtils.java:49)
    at org.apache.commons.math.special.GammaTest.testRegularizedGamma(GammaTest.java:40)

21:44:19.434 [pool-89-thread-1] ERROR x.java.compiler.DynamicClassCompiler - [Compilation errors]
Gamma.java:114: error: variable ret might not have been initialized
                    ret = (java.lang.Math.exp((((-x) + (a * (java.lang.Math.log(x)))) - (org.apache.commons.math.special.Gamma.logGamma(a))))) * ret;
                                                                                                                                                 ^
21:44:19.440 [pool-89-thread-1] ERROR f.i.l.r.n.s.ConstraintModelBuilder - Unable to compile the change: 
public class Gamma implements java.io.Serializable {
    private static final long serialVersionUID = -6587513359895466954L;

    private static final double DEFAULT_EPSILON = 1.0E-8;

    private static double[] lanczos = new double[]{ 0.9999999999999971, 57.15623566586292, -59.59796035547549, 14.136097974741746, -0.4919138160976202, 3.399464998481189E-5, 4.652362892704858E-5, -9.837447530487956E-5, 1.580887032249125E-4, -2.1026444172410488E-4, 2.1743961811521265E-4, -1.643181065367639E-4, 8.441822398385275E-5, -2.6190838401581408E-5, 3.6899182659531625E-6 };

    private static final double HALF_LOG_2_PI = 0.5 * (java.lang.Math.log((2.0 * (java.lang.Math.PI))));

    private Gamma() {
        super();
    }

    public static double logGamma(double x) {
        double ret;
        if ((java.lang.Double.isNaN(x)) || (x <= 0.0)) {
            ret = java.lang.Double.NaN;
        }else {
            double g = 607.0 / 128.0;
            double sum = 0.0;
            for (int i = (org.apache.commons.math.special.Gamma.lanczos.length) - 1; i > 0; --i) {
                sum = sum + ((org.apache.commons.math.special.Gamma.lanczos[i]) / (x + i));
            }
            sum = sum + (org.apache.commons.math.special.Gamma.lanczos[0]);
            double tmp = (x + g) + 0.5;
            ret = ((((x + 0.5) * (java.lang.Math.log(tmp))) - tmp) + (org.apache.commons.math.special.Gamma.HALF_LOG_2_PI)) + (java.lang.Math.log((sum / x)));
        }
        return ret;
    }

    public static double regularizedGammaP(double a, double x) throws org.apache.commons.math.MathException {
        return org.apache.commons.math.special.Gamma.regularizedGammaP(a, x, org.apache.commons.math.special.Gamma.DEFAULT_EPSILON, java.lang.Integer.MAX_VALUE);
    }

    public static double regularizedGammaP(double a, double x, double epsilon, int maxIterations) throws org.apache.commons.math.MathException {
        double ret;
        if ((((java.lang.Double.isNaN(a)) || (java.lang.Double.isNaN(x))) || (a <= 0.0)) || (x < 0.0)) {
            ret = java.lang.Double.NaN;
        }else
            if (x == 0.0) {
                ret = 0.0;
            }else
                if ((a >= 1.0) && (x > a)) {
                    ret = 1.0 - (org.apache.commons.math.special.Gamma.regularizedGammaQ(a, x, epsilon, maxIterations));
                }else {
                    double n = 0.0;
                    double an = 1.0 / a;
                    double sum = an;
                    while (((java.lang.Math.abs(an)) > epsilon) && (n < maxIterations)) {
                        n = n + 1.0;
                        an = an * (x / (a + n));
                        sum = sum + an;
                    } 
                    if (n >= maxIterations) {
                        throw new org.apache.commons.math.MaxIterationsExceededException(maxIterations);
                    }else {
                        ret = (java.lang.Math.exp((((-x) + (a * (java.lang.Math.log(x)))) - (org.apache.commons.math.special.Gamma.logGamma(a))))) * sum;
                    }
                }


        return ret;
    }

    public static double regularizedGammaQ(double a, double x) throws org.apache.commons.math.MathException {
        return org.apache.commons.math.special.Gamma.regularizedGammaQ(a, x, org.apache.commons.math.special.Gamma.DEFAULT_EPSILON, java.lang.Integer.MAX_VALUE);
    }

    public static double regularizedGammaQ(final double a, double x, double epsilon, int maxIterations) throws org.apache.commons.math.MathException {
        double ret;
        if ((((java.lang.Double.isNaN(a)) || (java.lang.Double.isNaN(x))) || (a <= 0.0)) || (x < 0.0)) {
            ret = java.lang.Double.NaN;
        }else
            if (x == 0.0) {
                ret = 1.0;
            }else
                if ((x < a) || (a < 1.0)) {
                    ret = 1.0 - (org.apache.commons.math.special.Gamma.regularizedGammaP(a, x, epsilon, maxIterations));
                }else {
                    org.apache.commons.math.util.ContinuedFraction cf = new org.apache.commons.math.util.ContinuedFraction() {
                        private static final long serialVersionUID = 5378525034886164398L;

                        protected double getA(int n, double x) {
                            return (((2.0 * n) + 1.0) - a) + x;
                        }

                        protected double getB(int n, double x) {
                            return n * (a - n);
                        }
                    };
                    boolean spoonDefaultValue = false;
                    try {
                        spoonDefaultValue = true;
                    } catch (java.lang.Exception __NopolProcessorException) {
                    }
                    boolean runtimeAngelicValue = fr.inria.lille.repair.nopol.synth.AngelicExecution.angelicValue(spoonDefaultValue);
                    if (fr.inria.lille.commons.trace.RuntimeValues.instance(1).isEnabled()) {
                        fr.inria.lille.commons.trace.RuntimeValues.instance(1).collectionStarts();
                        try{fr.inria.lille.commons.trace.RuntimeValues.instance(1).collectInput("epsilon",epsilon);} catch (Exception ex1) {ex1.printStackTrace();};
                        try{fr.inria.lille.commons.trace.RuntimeValues.instance(1).collectInput("org.apache.commons.math.special.Gamma.lanczos",org.apache.commons.math.special.Gamma.lanczos);} catch (Exception ex1) {ex1.printStackTrace();};
                        try{fr.inria.lille.commons.trace.RuntimeValues.instance(1).collectInput("a",a);} catch (Exception ex1) {ex1.printStackTrace();};
                        try{fr.inria.lille.commons.trace.RuntimeValues.instance(1).collectInput("maxIterations",maxIterations);} catch (Exception ex1) {ex1.printStackTrace();};
                        try{fr.inria.lille.commons.trace.RuntimeValues.instance(1).collectInput("cf",cf);} catch (Exception ex1) {ex1.printStackTrace();};
                        try{fr.inria.lille.commons.trace.RuntimeValues.instance(1).collectInput("org.apache.commons.math.special.Gamma.HALF_LOG_2_PI",org.apache.commons.math.special.Gamma.HALF_LOG_2_PI);} catch (Exception ex1) {ex1.printStackTrace();};
                        try{fr.inria.lille.commons.trace.RuntimeValues.instance(1).collectInput("x",x);} catch (Exception ex1) {ex1.printStackTrace();};
                        try{fr.inria.lille.commons.trace.RuntimeValues.instance(1).collectInput("org.apache.commons.math.special.Gamma.DEFAULT_EPSILON",org.apache.commons.math.special.Gamma.DEFAULT_EPSILON);} catch (Exception ex1) {ex1.printStackTrace();};
                        fr.inria.lille.commons.trace.RuntimeValues.instance(1).collectOutput(runtimeAngelicValue);
                        fr.inria.lille.commons.trace.RuntimeValues.instance(1).collectionEnds();
                    }
                    if (runtimeAngelicValue)
                        ret = 1.0 / (cf.evaluate(x, epsilon, maxIterations));

                    ret = (java.lang.Math.exp((((-x) + (a * (java.lang.Math.log(x)))) - (org.apache.commons.math.special.Gamma.logGamma(a))))) * ret;
                }


        return ret;
    }
}
21:44:19.441 [pool-2-thread-1] ERROR fr.inria.lille.repair.nopol.NoPol - Error ExecutionException java.util.concurrent.ExecutionException: xxl.java.compiler.DynamicCompilationException: Aborting: dynamic compilation failed
21:44:19.441 [pool-2-thread-1] DEBUG fr.inria.lille.repair.nopol.NoPol - statement #73
21:44:19.441 [pool-2-thread-1] DEBUG fr.inria.lille.repair.nopol.NoPol - Analysing SourceLocation org.apache.commons.math.special.Gamma:243 which is executed by 26 tests
68567944
21:44:19.564 [pool-2-thread-1] DEBUG fr.inria.lille.repair.nopol.NoPol - statement #74
21:44:19.565 [pool-2-thread-1] DEBUG fr.inria.lille.repair.nopol.NoPol - Analysing SourceLocation org.apache.commons.math.special.Gamma:237 which is executed by 26 tests
68567944
21:44:19.689 [pool-2-thread-1] DEBUG fr.inria.lille.repair.nopol.NoPol - looking with class fr.inria.lille.repair.nopol.spoon.smt.ConditionalAdder
junit.framework.AssertionFailedError: expected:<0.632120558828558> but was:<0.6321205587649603>
    at junit.framework.Assert.fail(Assert.java:57)
    at junit.framework.Assert.failNotEquals(Assert.java:329)
    at junit.framework.Assert.assertEquals(Assert.java:120)
    at org.apache.commons.math.TestUtils.assertEquals(TestUtils.java:62)
    at org.apache.commons.math.TestUtils.assertEquals(TestUtils.java:49)
    at org.apache.commons.math.special.GammaTest.testRegularizedGamma(GammaTest.java:40)
21:44:19.696 [pool-92-thread-1] INFO  xxl.java.junit.TestCasesListener - Tests run finished (4 ms)
<> Total tests run: 11
<> Ignored tests: 0
<> Failed tests: 1
~ testRegularizedGammaPositivePositive(org.apache.commons.math.special.GammaTest)
[expected:<0.632120558828558> but was:<0.6321205587649603>]
junit.framework.AssertionFailedError: expected:<0.632120558828558> but was:<0.6321205587649603>    at junit.framework.Assert.fail(Assert.java:57)
    at junit.framework.Assert.failNotEquals(Assert.java:329)
    at junit.framework.Assert.assertEquals(Assert.java:120)
    at org.apache.commons.math.TestUtils.assertEquals(TestUtils.java:62)
    at org.apache.commons.math.TestUtils.assertEquals(TestUtils.java:49)
    at org.apache.commons.math.special.GammaTest.testRegularizedGamma(GammaTest.java:40)

21:44:19.927 [pool-91-thread-1] ERROR x.java.compiler.DynamicClassCompiler - [Compilation errors]
Gamma.java:119: error: variable ret might not have been initialized
        return ret;
               ^
21:44:19.933 [pool-91-thread-1] ERROR f.i.l.r.n.s.ConstraintModelBuilder - Unable to compile the change: 
public class Gamma implements java.io.Serializable {
    private static final long serialVersionUID = -6587513359895466954L;

    private static final double DEFAULT_EPSILON = 1.0E-8;

    private static double[] lanczos = new double[]{ 0.9999999999999971, 57.15623566586292, -59.59796035547549, 14.136097974741746, -0.4919138160976202, 3.399464998481189E-5, 4.652362892704858E-5, -9.837447530487956E-5, 1.580887032249125E-4, -2.1026444172410488E-4, 2.1743961811521265E-4, -1.643181065367639E-4, 8.441822398385275E-5, -2.6190838401581408E-5, 3.6899182659531625E-6 };

    private static final double HALF_LOG_2_PI = 0.5 * (java.lang.Math.log((2.0 * (java.lang.Math.PI))));

    private Gamma() {
        super();
    }

    public static double logGamma(double x) {
        double ret;
        if ((java.lang.Double.isNaN(x)) || (x <= 0.0)) {
            ret = java.lang.Double.NaN;
        }else {
            double g = 607.0 / 128.0;
            double sum = 0.0;
            for (int i = (org.apache.commons.math.special.Gamma.lanczos.length) - 1; i > 0; --i) {
                sum = sum + ((org.apache.commons.math.special.Gamma.lanczos[i]) / (x + i));
            }
            sum = sum + (org.apache.commons.math.special.Gamma.lanczos[0]);
            double tmp = (x + g) + 0.5;
            ret = ((((x + 0.5) * (java.lang.Math.log(tmp))) - tmp) + (org.apache.commons.math.special.Gamma.HALF_LOG_2_PI)) + (java.lang.Math.log((sum / x)));
        }
        return ret;
    }

    public static double regularizedGammaP(double a, double x) throws org.apache.commons.math.MathException {
        return org.apache.commons.math.special.Gamma.regularizedGammaP(a, x, org.apache.commons.math.special.Gamma.DEFAULT_EPSILON, java.lang.Integer.MAX_VALUE);
    }

    public static double regularizedGammaP(double a, double x, double epsilon, int maxIterations) throws org.apache.commons.math.MathException {
        double ret;
        if ((((java.lang.Double.isNaN(a)) || (java.lang.Double.isNaN(x))) || (a <= 0.0)) || (x < 0.0)) {
            ret = java.lang.Double.NaN;
        }else
            if (x == 0.0) {
                ret = 0.0;
            }else
                if ((a >= 1.0) && (x > a)) {
                    ret = 1.0 - (org.apache.commons.math.special.Gamma.regularizedGammaQ(a, x, epsilon, maxIterations));
                }else {
                    double n = 0.0;
                    double an = 1.0 / a;
                    double sum = an;
                    while (((java.lang.Math.abs(an)) > epsilon) && (n < maxIterations)) {
                        n = n + 1.0;
                        an = an * (x / (a + n));
                        sum = sum + an;
                    } 
                    if (n >= maxIterations) {
                        throw new org.apache.commons.math.MaxIterationsExceededException(maxIterations);
                    }else {
                        ret = (java.lang.Math.exp((((-x) + (a * (java.lang.Math.log(x)))) - (org.apache.commons.math.special.Gamma.logGamma(a))))) * sum;
                    }
                }


        return ret;
    }

    public static double regularizedGammaQ(double a, double x) throws org.apache.commons.math.MathException {
        return org.apache.commons.math.special.Gamma.regularizedGammaQ(a, x, org.apache.commons.math.special.Gamma.DEFAULT_EPSILON, java.lang.Integer.MAX_VALUE);
    }

    public static double regularizedGammaQ(final double a, double x, double epsilon, int maxIterations) throws org.apache.commons.math.MathException {
        double ret;
        if ((((java.lang.Double.isNaN(a)) || (java.lang.Double.isNaN(x))) || (a <= 0.0)) || (x < 0.0)) {
            ret = java.lang.Double.NaN;
        }else
            if (x == 0.0) {
                ret = 1.0;
            }else {
                boolean spoonDefaultValue = false;
                try {
                    spoonDefaultValue = true;
                } catch (java.lang.Exception __NopolProcessorException) {
                }
                boolean runtimeAngelicValue = fr.inria.lille.repair.nopol.synth.AngelicExecution.angelicValue(spoonDefaultValue);
                if (fr.inria.lille.commons.trace.RuntimeValues.instance(2).isEnabled()) {
                    fr.inria.lille.commons.trace.RuntimeValues.instance(2).collectionStarts();
                    try{fr.inria.lille.commons.trace.RuntimeValues.instance(2).collectInput("epsilon",epsilon);} catch (Exception ex1) {ex1.printStackTrace();};
                    try{fr.inria.lille.commons.trace.RuntimeValues.instance(2).collectInput("org.apache.commons.math.special.Gamma.lanczos",org.apache.commons.math.special.Gamma.lanczos);} catch (Exception ex1) {ex1.printStackTrace();};
                    try{fr.inria.lille.commons.trace.RuntimeValues.instance(2).collectInput("a",a);} catch (Exception ex1) {ex1.printStackTrace();};
                    try{fr.inria.lille.commons.trace.RuntimeValues.instance(2).collectInput("(x < a)",(x < a));} catch (Exception ex1) {ex1.printStackTrace();};
                    try{fr.inria.lille.commons.trace.RuntimeValues.instance(2).collectInput("maxIterations",maxIterations);} catch (Exception ex1) {ex1.printStackTrace();};
                    try{fr.inria.lille.commons.trace.RuntimeValues.instance(2).collectInput("1.0",1.0);} catch (Exception ex1) {ex1.printStackTrace();};
                    try{fr.inria.lille.commons.trace.RuntimeValues.instance(2).collectInput("org.apache.commons.math.special.Gamma.HALF_LOG_2_PI",org.apache.commons.math.special.Gamma.HALF_LOG_2_PI);} catch (Exception ex1) {ex1.printStackTrace();};
                    try{fr.inria.lille.commons.trace.RuntimeValues.instance(2).collectInput("(x < a) || (a < 1.0)",(x < a) || (a < 1.0));} catch (Exception ex1) {ex1.printStackTrace();};
                    try{fr.inria.lille.commons.trace.RuntimeValues.instance(2).collectInput("(a < 1.0)",(a < 1.0));} catch (Exception ex1) {ex1.printStackTrace();};
                    try{fr.inria.lille.commons.trace.RuntimeValues.instance(2).collectInput("x",x);} catch (Exception ex1) {ex1.printStackTrace();};
                    try{fr.inria.lille.commons.trace.RuntimeValues.instance(2).collectInput("org.apache.commons.math.special.Gamma.DEFAULT_EPSILON",org.apache.commons.math.special.Gamma.DEFAULT_EPSILON);} catch (Exception ex1) {ex1.printStackTrace();};
                    fr.inria.lille.commons.trace.RuntimeValues.instance(2).collectOutput(runtimeAngelicValue);
                    fr.inria.lille.commons.trace.RuntimeValues.instance(2).collectionEnds();
                }
                if (runtimeAngelicValue) if ((x < a) || (a < 1.0)) {
                    ret = 1.0 - (org.apache.commons.math.special.Gamma.regularizedGammaP(a, x, epsilon, maxIterations));
                }else {
                    org.apache.commons.math.util.ContinuedFraction cf = new org.apache.commons.math.util.ContinuedFraction() {
                        private static final long serialVersionUID = 5378525034886164398L;

                        protected double getA(int n, double x) {
                            return (((2.0 * n) + 1.0) - a) + x;
                        }

                        protected double getB(int n, double x) {
                            return n * (a - n);
                        }
                    };
                    ret = 1.0 / (cf.evaluate(x, epsilon, maxIterations));
                    ret = (java.lang.Math.exp((((-x) + (a * (java.lang.Math.log(x)))) - (org.apache.commons.math.special.Gamma.logGamma(a))))) * ret;
                }
            }

        return ret;
    }
}
21:44:19.934 [pool-2-thread-1] ERROR fr.inria.lille.repair.nopol.NoPol - Error ExecutionException java.util.concurrent.ExecutionException: xxl.java.compiler.DynamicCompilationException: Aborting: dynamic compilation failed
21:44:19.934 [pool-2-thread-1] DEBUG fr.inria.lille.repair.nopol.NoPol - looking with class fr.inria.lille.repair.nopol.spoon.smt.ConditionalReplacer
junit.framework.AssertionFailedError: expected:<0.632120558828558> but was:<0.6321205587649603>
    at junit.framework.Assert.fail(Assert.java:57)
    at junit.framework.Assert.failNotEquals(Assert.java:329)
    at junit.framework.Assert.assertEquals(Assert.java:120)
    at org.apache.commons.math.TestUtils.assertEquals(TestUtils.java:62)
    at org.apache.commons.math.TestUtils.assertEquals(TestUtils.java:49)
    at org.apache.commons.math.special.GammaTest.testRegularizedGamma(GammaTest.java:40)
21:44:19.941 [pool-94-thread-1] INFO  xxl.java.junit.TestCasesListener - Tests run finished (4 ms)
<> Total tests run: 11
<> Ignored tests: 0
<> Failed tests: 1
~ testRegularizedGammaPositivePositive(org.apache.commons.math.special.GammaTest)
[expected:<0.632120558828558> but was:<0.6321205587649603>]
junit.framework.AssertionFailedError: expected:<0.632120558828558> but was:<0.6321205587649603>    at junit.framework.Assert.fail(Assert.java:57)
    at junit.framework.Assert.failNotEquals(Assert.java:329)
    at junit.framework.Assert.assertEquals(Assert.java:120)
    at org.apache.commons.math.TestUtils.assertEquals(TestUtils.java:62)
    at org.apache.commons.math.TestUtils.assertEquals(TestUtils.java:49)
    at org.apache.commons.math.special.GammaTest.testRegularizedGamma(GammaTest.java:40)

junit.framework.AssertionFailedError: expected:<0.632120558828558> but was:<0.6321205587649603>
    at junit.framework.Assert.fail(Assert.java:57)
    at junit.framework.Assert.failNotEquals(Assert.java:329)
    at junit.framework.Assert.assertEquals(Assert.java:120)
    at org.apache.commons.math.TestUtils.assertEquals(TestUtils.java:62)
    at org.apache.commons.math.TestUtils.assertEquals(TestUtils.java:49)
    at org.apache.commons.math.special.GammaTest.testRegularizedGamma(GammaTest.java:40)
21:44:20.182 [pool-95-thread-1] INFO  f.i.l.c.t.SpecificationTestCasesListener - Tests run finished (4 ms)
<> Total tests run: 1
<> Ignored tests: 0
<> Failed tests: 1
~ testRegularizedGammaPositivePositive(org.apache.commons.math.special.GammaTest)
[expected:<0.632120558828558> but was:<0.6321205587649603>]
junit.framework.AssertionFailedError: expected:<0.632120558828558> but was:<0.6321205587649603>    at junit.framework.Assert.fail(Assert.java:57)
    at junit.framework.Assert.failNotEquals(Assert.java:329)
    at junit.framework.Assert.assertEquals(Assert.java:120)
    at org.apache.commons.math.TestUtils.assertEquals(TestUtils.java:62)
    at org.apache.commons.math.TestUtils.assertEquals(TestUtils.java:49)
    at org.apache.commons.math.special.GammaTest.testRegularizedGamma(GammaTest.java:40)

junit.framework.AssertionFailedError: expected:<0.632120558828558> but was:<0.6321205587649603>
    at junit.framework.Assert.fail(Assert.java:57)
    at junit.framework.Assert.failNotEquals(Assert.java:329)
    at junit.framework.Assert.assertEquals(Assert.java:120)
    at org.apache.commons.math.TestUtils.assertEquals(TestUtils.java:62)
    at org.apache.commons.math.TestUtils.assertEquals(TestUtils.java:49)
    at org.apache.commons.math.special.GammaTest.testRegularizedGamma(GammaTest.java:40)
21:44:20.185 [pool-96-thread-1] INFO  f.i.l.c.t.SpecificationTestCasesListener - Tests run finished (1 ms)
<> Total tests run: 1
<> Ignored tests: 0
<> Failed tests: 1
~ testRegularizedGammaPositivePositive(org.apache.commons.math.special.GammaTest)
[expected:<0.632120558828558> but was:<0.6321205587649603>]
junit.framework.AssertionFailedError: expected:<0.632120558828558> but was:<0.6321205587649603>    at junit.framework.Assert.fail(Assert.java:57)
    at junit.framework.Assert.failNotEquals(Assert.java:329)
    at junit.framework.Assert.assertEquals(Assert.java:120)
    at org.apache.commons.math.TestUtils.assertEquals(TestUtils.java:62)
    at org.apache.commons.math.TestUtils.assertEquals(TestUtils.java:49)
    at org.apache.commons.math.special.GammaTest.testRegularizedGamma(GammaTest.java:40)

21:44:20.186 [pool-93-thread-1] DEBUG tests.output - Failing tests with false: 
[testRegularizedGammaPositivePositive(org.apache.commons.math.special.GammaTest): expected:<0.632120558828558> but was:<0.6321205587649603>]
21:44:20.186 [pool-93-thread-1] DEBUG tests.output - Failing tests with true: 
[testRegularizedGammaPositivePositive(org.apache.commons.math.special.GammaTest): expected:<0.632120558828558> but was:<0.6321205587649603>]
21:44:20.186 [pool-93-thread-1] INFO  f.i.l.r.n.synth.SMTNopolSynthesizer - Not enough specifications: 0. A trivial patch is "true" or "false", please write new tests specifying SourceLocation org.apache.commons.math.special.Gamma:237.
21:44:20.186 [pool-2-thread-1] DEBUG fr.inria.lille.repair.nopol.NoPol - statement #75
21:44:20.187 [pool-2-thread-1] DEBUG fr.inria.lille.repair.nopol.NoPol - Analysing SourceLocation org.apache.commons.math.special.Gamma:235 which is executed by 27 tests
68567944
21:44:20.312 [pool-2-thread-1] DEBUG fr.inria.lille.repair.nopol.NoPol - looking with class fr.inria.lille.repair.nopol.spoon.smt.ConditionalAdder
junit.framework.AssertionFailedError: expected:<0.632120558828558> but was:<0.6321205587649603>
    at junit.framework.Assert.fail(Assert.java:57)
    at junit.framework.Assert.failNotEquals(Assert.java:329)
    at junit.framework.Assert.assertEquals(Assert.java:120)
    at org.apache.commons.math.TestUtils.assertEquals(TestUtils.java:62)
    at org.apache.commons.math.TestUtils.assertEquals(TestUtils.java:49)
    at org.apache.commons.math.special.GammaTest.testRegularizedGamma(GammaTest.java:40)
21:44:20.319 [pool-98-thread-1] INFO  xxl.java.junit.TestCasesListener - Tests run finished (4 ms)
<> Total tests run: 11
<> Ignored tests: 0
<> Failed tests: 1
~ testRegularizedGammaPositivePositive(org.apache.commons.math.special.GammaTest)
[expected:<0.632120558828558> but was:<0.6321205587649603>]
junit.framework.AssertionFailedError: expected:<0.632120558828558> but was:<0.6321205587649603>    at junit.framework.Assert.fail(Assert.java:57)
    at junit.framework.Assert.failNotEquals(Assert.java:329)
    at junit.framework.Assert.assertEquals(Assert.java:120)
    at org.apache.commons.math.TestUtils.assertEquals(TestUtils.java:62)
    at org.apache.commons.math.TestUtils.assertEquals(TestUtils.java:49)
    at org.apache.commons.math.special.GammaTest.testRegularizedGamma(GammaTest.java:40)

21:44:20.529 [pool-97-thread-1] ERROR x.java.compiler.DynamicClassCompiler - [Compilation errors]
Gamma.java:117: error: variable ret might not have been initialized
        return ret;
               ^
21:44:20.534 [pool-97-thread-1] ERROR f.i.l.r.n.s.ConstraintModelBuilder - Unable to compile the change: 
public class Gamma implements java.io.Serializable {
    private static final long serialVersionUID = -6587513359895466954L;

    private static final double DEFAULT_EPSILON = 1.0E-8;

    private static double[] lanczos = new double[]{ 0.9999999999999971, 57.15623566586292, -59.59796035547549, 14.136097974741746, -0.4919138160976202, 3.399464998481189E-5, 4.652362892704858E-5, -9.837447530487956E-5, 1.580887032249125E-4, -2.1026444172410488E-4, 2.1743961811521265E-4, -1.643181065367639E-4, 8.441822398385275E-5, -2.6190838401581408E-5, 3.6899182659531625E-6 };

    private static final double HALF_LOG_2_PI = 0.5 * (java.lang.Math.log((2.0 * (java.lang.Math.PI))));

    private Gamma() {
        super();
    }

    public static double logGamma(double x) {
        double ret;
        if ((java.lang.Double.isNaN(x)) || (x <= 0.0)) {
            ret = java.lang.Double.NaN;
        }else {
            double g = 607.0 / 128.0;
            double sum = 0.0;
            for (int i = (org.apache.commons.math.special.Gamma.lanczos.length) - 1; i > 0; --i) {
                sum = sum + ((org.apache.commons.math.special.Gamma.lanczos[i]) / (x + i));
            }
            sum = sum + (org.apache.commons.math.special.Gamma.lanczos[0]);
            double tmp = (x + g) + 0.5;
            ret = ((((x + 0.5) * (java.lang.Math.log(tmp))) - tmp) + (org.apache.commons.math.special.Gamma.HALF_LOG_2_PI)) + (java.lang.Math.log((sum / x)));
        }
        return ret;
    }

    public static double regularizedGammaP(double a, double x) throws org.apache.commons.math.MathException {
        return org.apache.commons.math.special.Gamma.regularizedGammaP(a, x, org.apache.commons.math.special.Gamma.DEFAULT_EPSILON, java.lang.Integer.MAX_VALUE);
    }

    public static double regularizedGammaP(double a, double x, double epsilon, int maxIterations) throws org.apache.commons.math.MathException {
        double ret;
        if ((((java.lang.Double.isNaN(a)) || (java.lang.Double.isNaN(x))) || (a <= 0.0)) || (x < 0.0)) {
            ret = java.lang.Double.NaN;
        }else
            if (x == 0.0) {
                ret = 0.0;
            }else
                if ((a >= 1.0) && (x > a)) {
                    ret = 1.0 - (org.apache.commons.math.special.Gamma.regularizedGammaQ(a, x, epsilon, maxIterations));
                }else {
                    double n = 0.0;
                    double an = 1.0 / a;
                    double sum = an;
                    while (((java.lang.Math.abs(an)) > epsilon) && (n < maxIterations)) {
                        n = n + 1.0;
                        an = an * (x / (a + n));
                        sum = sum + an;
                    } 
                    if (n >= maxIterations) {
                        throw new org.apache.commons.math.MaxIterationsExceededException(maxIterations);
                    }else {
                        ret = (java.lang.Math.exp((((-x) + (a * (java.lang.Math.log(x)))) - (org.apache.commons.math.special.Gamma.logGamma(a))))) * sum;
                    }
                }


        return ret;
    }

    public static double regularizedGammaQ(double a, double x) throws org.apache.commons.math.MathException {
        return org.apache.commons.math.special.Gamma.regularizedGammaQ(a, x, org.apache.commons.math.special.Gamma.DEFAULT_EPSILON, java.lang.Integer.MAX_VALUE);
    }

    public static double regularizedGammaQ(final double a, double x, double epsilon, int maxIterations) throws org.apache.commons.math.MathException {
        double ret;
        if ((((java.lang.Double.isNaN(a)) || (java.lang.Double.isNaN(x))) || (a <= 0.0)) || (x < 0.0)) {
            ret = java.lang.Double.NaN;
        }else {
            boolean spoonDefaultValue = false;
            try {
                spoonDefaultValue = true;
            } catch (java.lang.Exception __NopolProcessorException) {
            }
            boolean runtimeAngelicValue = fr.inria.lille.repair.nopol.synth.AngelicExecution.angelicValue(spoonDefaultValue);
            if (fr.inria.lille.commons.trace.RuntimeValues.instance(4).isEnabled()) {
                fr.inria.lille.commons.trace.RuntimeValues.instance(4).collectionStarts();
                try{fr.inria.lille.commons.trace.RuntimeValues.instance(4).collectInput("epsilon",epsilon);} catch (Exception ex1) {ex1.printStackTrace();};
                try{fr.inria.lille.commons.trace.RuntimeValues.instance(4).collectInput("org.apache.commons.math.special.Gamma.lanczos",org.apache.commons.math.special.Gamma.lanczos);} catch (Exception ex1) {ex1.printStackTrace();};
                try{fr.inria.lille.commons.trace.RuntimeValues.instance(4).collectInput("a",a);} catch (Exception ex1) {ex1.printStackTrace();};
                try{fr.inria.lille.commons.trace.RuntimeValues.instance(4).collectInput("maxIterations",maxIterations);} catch (Exception ex1) {ex1.printStackTrace();};
                try{fr.inria.lille.commons.trace.RuntimeValues.instance(4).collectInput("0.0",0.0);} catch (Exception ex1) {ex1.printStackTrace();};
                try{fr.inria.lille.commons.trace.RuntimeValues.instance(4).collectInput("org.apache.commons.math.special.Gamma.HALF_LOG_2_PI",org.apache.commons.math.special.Gamma.HALF_LOG_2_PI);} catch (Exception ex1) {ex1.printStackTrace();};
                try{fr.inria.lille.commons.trace.RuntimeValues.instance(4).collectInput("x",x);} catch (Exception ex1) {ex1.printStackTrace();};
                try{fr.inria.lille.commons.trace.RuntimeValues.instance(4).collectInput("x == 0.0",x == 0.0);} catch (Exception ex1) {ex1.printStackTrace();};
                try{fr.inria.lille.commons.trace.RuntimeValues.instance(4).collectInput("org.apache.commons.math.special.Gamma.DEFAULT_EPSILON",org.apache.commons.math.special.Gamma.DEFAULT_EPSILON);} catch (Exception ex1) {ex1.printStackTrace();};
                fr.inria.lille.commons.trace.RuntimeValues.instance(4).collectOutput(runtimeAngelicValue);
                fr.inria.lille.commons.trace.RuntimeValues.instance(4).collectionEnds();
            }
            if (runtimeAngelicValue) if (x == 0.0) {
                ret = 1.0;
            }else
                if ((x < a) || (a < 1.0)) {
                    ret = 1.0 - (org.apache.commons.math.special.Gamma.regularizedGammaP(a, x, epsilon, maxIterations));
                }else {
                    org.apache.commons.math.util.ContinuedFraction cf = new org.apache.commons.math.util.ContinuedFraction() {
                        private static final long serialVersionUID = 5378525034886164398L;

                        protected double getA(int n, double x) {
                            return (((2.0 * n) + 1.0) - a) + x;
                        }

                        protected double getB(int n, double x) {
                            return n * (a - n);
                        }
                    };
                    ret = 1.0 / (cf.evaluate(x, epsilon, maxIterations));
                    ret = (java.lang.Math.exp((((-x) + (a * (java.lang.Math.log(x)))) - (org.apache.commons.math.special.Gamma.logGamma(a))))) * ret;
                }

        }
        return ret;
    }
}
21:44:20.534 [pool-2-thread-1] ERROR fr.inria.lille.repair.nopol.NoPol - Error ExecutionException java.util.concurrent.ExecutionException: xxl.java.compiler.DynamicCompilationException: Aborting: dynamic compilation failed
21:44:20.535 [pool-2-thread-1] DEBUG fr.inria.lille.repair.nopol.NoPol - looking with class fr.inria.lille.repair.nopol.spoon.smt.ConditionalReplacer
junit.framework.AssertionFailedError: expected:<0.632120558828558> but was:<0.6321205587649603>
    at junit.framework.Assert.fail(Assert.java:57)
    at junit.framework.Assert.failNotEquals(Assert.java:329)
    at junit.framework.Assert.assertEquals(Assert.java:120)
    at org.apache.commons.math.TestUtils.assertEquals(TestUtils.java:62)
    at org.apache.commons.math.TestUtils.assertEquals(TestUtils.java:49)
    at org.apache.commons.math.special.GammaTest.testRegularizedGamma(GammaTest.java:40)
21:44:20.541 [pool-100-thread-1] INFO  xxl.java.junit.TestCasesListener - Tests run finished (3 ms)
<> Total tests run: 11
<> Ignored tests: 0
<> Failed tests: 1
~ testRegularizedGammaPositivePositive(org.apache.commons.math.special.GammaTest)
[expected:<0.632120558828558> but was:<0.6321205587649603>]
junit.framework.AssertionFailedError: expected:<0.632120558828558> but was:<0.6321205587649603>    at junit.framework.Assert.fail(Assert.java:57)
    at junit.framework.Assert.failNotEquals(Assert.java:329)
    at junit.framework.Assert.assertEquals(Assert.java:120)
    at org.apache.commons.math.TestUtils.assertEquals(TestUtils.java:62)
    at org.apache.commons.math.TestUtils.assertEquals(TestUtils.java:49)
    at org.apache.commons.math.special.GammaTest.testRegularizedGamma(GammaTest.java:40)

junit.framework.AssertionFailedError: expected:<0.632120558828558> but was:<0.6321205587649603>
    at junit.framework.Assert.fail(Assert.java:57)
    at junit.framework.Assert.failNotEquals(Assert.java:329)
    at junit.framework.Assert.assertEquals(Assert.java:120)
    at org.apache.commons.math.TestUtils.assertEquals(TestUtils.java:62)
    at org.apache.commons.math.TestUtils.assertEquals(TestUtils.java:49)
    at org.apache.commons.math.special.GammaTest.testRegularizedGamma(GammaTest.java:40)
21:44:20.767 [pool-101-thread-1] INFO  f.i.l.c.t.SpecificationTestCasesListener - Tests run finished (4 ms)
<> Total tests run: 1
<> Ignored tests: 0
<> Failed tests: 1
~ testRegularizedGammaPositivePositive(org.apache.commons.math.special.GammaTest)
[expected:<0.632120558828558> but was:<0.6321205587649603>]
junit.framework.AssertionFailedError: expected:<0.632120558828558> but was:<0.6321205587649603>    at junit.framework.Assert.fail(Assert.java:57)
    at junit.framework.Assert.failNotEquals(Assert.java:329)
    at junit.framework.Assert.assertEquals(Assert.java:120)
    at org.apache.commons.math.TestUtils.assertEquals(TestUtils.java:62)
    at org.apache.commons.math.TestUtils.assertEquals(TestUtils.java:49)
    at org.apache.commons.math.special.GammaTest.testRegularizedGamma(GammaTest.java:40)

junit.framework.AssertionFailedError: expected:<0.632120558828558> but was:<0.6321205587649603>
    at junit.framework.Assert.fail(Assert.java:57)
    at junit.framework.Assert.failNotEquals(Assert.java:329)
    at junit.framework.Assert.assertEquals(Assert.java:120)
    at org.apache.commons.math.TestUtils.assertEquals(TestUtils.java:62)
    at org.apache.commons.math.TestUtils.assertEquals(TestUtils.java:49)
    at org.apache.commons.math.special.GammaTest.testRegularizedGamma(GammaTest.java:40)
21:44:20.769 [pool-102-thread-1] INFO  f.i.l.c.t.SpecificationTestCasesListener - Tests run finished (1 ms)
<> Total tests run: 1
<> Ignored tests: 0
<> Failed tests: 1
~ testRegularizedGammaPositivePositive(org.apache.commons.math.special.GammaTest)
[expected:<0.632120558828558> but was:<0.6321205587649603>]
junit.framework.AssertionFailedError: expected:<0.632120558828558> but was:<0.6321205587649603>    at junit.framework.Assert.fail(Assert.java:57)
    at junit.framework.Assert.failNotEquals(Assert.java:329)
    at junit.framework.Assert.assertEquals(Assert.java:120)
    at org.apache.commons.math.TestUtils.assertEquals(TestUtils.java:62)
    at org.apache.commons.math.TestUtils.assertEquals(TestUtils.java:49)
    at org.apache.commons.math.special.GammaTest.testRegularizedGamma(GammaTest.java:40)

21:44:20.770 [pool-99-thread-1] DEBUG tests.output - Failing tests with false: 
[testRegularizedGammaPositivePositive(org.apache.commons.math.special.GammaTest): expected:<0.632120558828558> but was:<0.6321205587649603>]
21:44:20.771 [pool-99-thread-1] DEBUG tests.output - Failing tests with true: 
[testRegularizedGammaPositivePositive(org.apache.commons.math.special.GammaTest): expected:<0.632120558828558> but was:<0.6321205587649603>]
21:44:20.771 [pool-99-thread-1] INFO  f.i.l.r.n.synth.SMTNopolSynthesizer - Not enough specifications: 0. A trivial patch is "true" or "false", please write new tests specifying SourceLocation org.apache.commons.math.special.Gamma:235.
21:44:20.771 [pool-2-thread-1] DEBUG fr.inria.lille.repair.nopol.NoPol - statement #76
21:44:20.771 [pool-2-thread-1] DEBUG fr.inria.lille.repair.nopol.NoPol - Analysing SourceLocation org.apache.commons.math.special.Gamma:120 which is executed by 28 tests
68567944
21:44:20.894 [pool-2-thread-1] DEBUG fr.inria.lille.repair.nopol.NoPol - statement #77
21:44:20.894 [pool-2-thread-1] DEBUG fr.inria.lille.repair.nopol.NoPol - Analysing SourceLocation org.apache.commons.math.special.Gamma:260 which is executed by 32 tests
68567944
21:44:21.021 [pool-2-thread-1] DEBUG fr.inria.lille.repair.nopol.NoPol - statement #78
21:44:21.021 [pool-2-thread-1] DEBUG fr.inria.lille.repair.nopol.NoPol - Analysing SourceLocation org.apache.commons.math.special.Gamma:233 which is executed by 32 tests
68567944
21:44:21.143 [pool-2-thread-1] DEBUG fr.inria.lille.repair.nopol.NoPol - looking with class fr.inria.lille.repair.nopol.spoon.smt.ConditionalAdder
junit.framework.AssertionFailedError: expected:<0.632120558828558> but was:<0.6321205587649603>
    at junit.framework.Assert.fail(Assert.java:57)
    at junit.framework.Assert.failNotEquals(Assert.java:329)
    at junit.framework.Assert.assertEquals(Assert.java:120)
    at org.apache.commons.math.TestUtils.assertEquals(TestUtils.java:62)
    at org.apache.commons.math.TestUtils.assertEquals(TestUtils.java:49)
    at org.apache.commons.math.special.GammaTest.testRegularizedGamma(GammaTest.java:40)
21:44:21.150 [pool-104-thread-1] INFO  xxl.java.junit.TestCasesListener - Tests run finished (4 ms)
<> Total tests run: 11
<> Ignored tests: 0
<> Failed tests: 1
~ testRegularizedGammaPositivePositive(org.apache.commons.math.special.GammaTest)
[expected:<0.632120558828558> but was:<0.6321205587649603>]
junit.framework.AssertionFailedError: expected:<0.632120558828558> but was:<0.6321205587649603>    at junit.framework.Assert.fail(Assert.java:57)
    at junit.framework.Assert.failNotEquals(Assert.java:329)
    at junit.framework.Assert.assertEquals(Assert.java:120)
    at org.apache.commons.math.TestUtils.assertEquals(TestUtils.java:62)
    at org.apache.commons.math.TestUtils.assertEquals(TestUtils.java:49)
    at org.apache.commons.math.special.GammaTest.testRegularizedGamma(GammaTest.java:40)

21:44:21.390 [pool-103-thread-1] ERROR x.java.compiler.DynamicClassCompiler - [Compilation errors]
Gamma.java:118: error: variable ret might not have been initialized
        return ret;
               ^
21:44:21.396 [pool-103-thread-1] ERROR f.i.l.r.n.s.ConstraintModelBuilder - Unable to compile the change: 
public class Gamma implements java.io.Serializable {
    private static final long serialVersionUID = -6587513359895466954L;

    private static final double DEFAULT_EPSILON = 1.0E-8;

    private static double[] lanczos = new double[]{ 0.9999999999999971, 57.15623566586292, -59.59796035547549, 14.136097974741746, -0.4919138160976202, 3.399464998481189E-5, 4.652362892704858E-5, -9.837447530487956E-5, 1.580887032249125E-4, -2.1026444172410488E-4, 2.1743961811521265E-4, -1.643181065367639E-4, 8.441822398385275E-5, -2.6190838401581408E-5, 3.6899182659531625E-6 };

    private static final double HALF_LOG_2_PI = 0.5 * (java.lang.Math.log((2.0 * (java.lang.Math.PI))));

    private Gamma() {
        super();
    }

    public static double logGamma(double x) {
        double ret;
        if ((java.lang.Double.isNaN(x)) || (x <= 0.0)) {
            ret = java.lang.Double.NaN;
        }else {
            double g = 607.0 / 128.0;
            double sum = 0.0;
            for (int i = (org.apache.commons.math.special.Gamma.lanczos.length) - 1; i > 0; --i) {
                sum = sum + ((org.apache.commons.math.special.Gamma.lanczos[i]) / (x + i));
            }
            sum = sum + (org.apache.commons.math.special.Gamma.lanczos[0]);
            double tmp = (x + g) + 0.5;
            ret = ((((x + 0.5) * (java.lang.Math.log(tmp))) - tmp) + (org.apache.commons.math.special.Gamma.HALF_LOG_2_PI)) + (java.lang.Math.log((sum / x)));
        }
        return ret;
    }

    public static double regularizedGammaP(double a, double x) throws org.apache.commons.math.MathException {
        return org.apache.commons.math.special.Gamma.regularizedGammaP(a, x, org.apache.commons.math.special.Gamma.DEFAULT_EPSILON, java.lang.Integer.MAX_VALUE);
    }

    public static double regularizedGammaP(double a, double x, double epsilon, int maxIterations) throws org.apache.commons.math.MathException {
        double ret;
        if ((((java.lang.Double.isNaN(a)) || (java.lang.Double.isNaN(x))) || (a <= 0.0)) || (x < 0.0)) {
            ret = java.lang.Double.NaN;
        }else
            if (x == 0.0) {
                ret = 0.0;
            }else
                if ((a >= 1.0) && (x > a)) {
                    ret = 1.0 - (org.apache.commons.math.special.Gamma.regularizedGammaQ(a, x, epsilon, maxIterations));
                }else {
                    double n = 0.0;
                    double an = 1.0 / a;
                    double sum = an;
                    while (((java.lang.Math.abs(an)) > epsilon) && (n < maxIterations)) {
                        n = n + 1.0;
                        an = an * (x / (a + n));
                        sum = sum + an;
                    } 
                    if (n >= maxIterations) {
                        throw new org.apache.commons.math.MaxIterationsExceededException(maxIterations);
                    }else {
                        ret = (java.lang.Math.exp((((-x) + (a * (java.lang.Math.log(x)))) - (org.apache.commons.math.special.Gamma.logGamma(a))))) * sum;
                    }
                }


        return ret;
    }

    public static double regularizedGammaQ(double a, double x) throws org.apache.commons.math.MathException {
        return org.apache.commons.math.special.Gamma.regularizedGammaQ(a, x, org.apache.commons.math.special.Gamma.DEFAULT_EPSILON, java.lang.Integer.MAX_VALUE);
    }

    public static double regularizedGammaQ(final double a, double x, double epsilon, int maxIterations) throws org.apache.commons.math.MathException {
        double ret;
        boolean spoonDefaultValue = false;
        try {
            spoonDefaultValue = true;
        } catch (java.lang.Exception __NopolProcessorException) {
        }
        boolean runtimeAngelicValue = fr.inria.lille.repair.nopol.synth.AngelicExecution.angelicValue(spoonDefaultValue);
        if (fr.inria.lille.commons.trace.RuntimeValues.instance(6).isEnabled()) {
            fr.inria.lille.commons.trace.RuntimeValues.instance(6).collectionStarts();
            try{fr.inria.lille.commons.trace.RuntimeValues.instance(6).collectInput("epsilon",epsilon);} catch (Exception ex1) {ex1.printStackTrace();};
            try{fr.inria.lille.commons.trace.RuntimeValues.instance(6).collectInput("org.apache.commons.math.special.Gamma.lanczos",org.apache.commons.math.special.Gamma.lanczos);} catch (Exception ex1) {ex1.printStackTrace();};
            try{fr.inria.lille.commons.trace.RuntimeValues.instance(6).collectInput("a",a);} catch (Exception ex1) {ex1.printStackTrace();};
            try{fr.inria.lille.commons.trace.RuntimeValues.instance(6).collectInput("maxIterations",maxIterations);} catch (Exception ex1) {ex1.printStackTrace();};
            try{fr.inria.lille.commons.trace.RuntimeValues.instance(6).collectInput("0.0",0.0);} catch (Exception ex1) {ex1.printStackTrace();};
            try{fr.inria.lille.commons.trace.RuntimeValues.instance(6).collectInput("org.apache.commons.math.special.Gamma.HALF_LOG_2_PI",org.apache.commons.math.special.Gamma.HALF_LOG_2_PI);} catch (Exception ex1) {ex1.printStackTrace();};
            try{fr.inria.lille.commons.trace.RuntimeValues.instance(6).collectInput("x",x);} catch (Exception ex1) {ex1.printStackTrace();};
            try{fr.inria.lille.commons.trace.RuntimeValues.instance(6).collectInput("(x < 0.0)",(x < 0.0));} catch (Exception ex1) {ex1.printStackTrace();};
            try{fr.inria.lille.commons.trace.RuntimeValues.instance(6).collectInput("(a <= 0.0)",(a <= 0.0));} catch (Exception ex1) {ex1.printStackTrace();};
            try{fr.inria.lille.commons.trace.RuntimeValues.instance(6).collectInput("org.apache.commons.math.special.Gamma.DEFAULT_EPSILON",org.apache.commons.math.special.Gamma.DEFAULT_EPSILON);} catch (Exception ex1) {ex1.printStackTrace();};
            fr.inria.lille.commons.trace.RuntimeValues.instance(6).collectOutput(runtimeAngelicValue);
            fr.inria.lille.commons.trace.RuntimeValues.instance(6).collectionEnds();
        }
        if (runtimeAngelicValue) if ((((java.lang.Double.isNaN(a)) || (java.lang.Double.isNaN(x))) || (a <= 0.0)) || (x < 0.0)) {
            ret = java.lang.Double.NaN;
        }else
            if (x == 0.0) {
                ret = 1.0;
            }else
                if ((x < a) || (a < 1.0)) {
                    ret = 1.0 - (org.apache.commons.math.special.Gamma.regularizedGammaP(a, x, epsilon, maxIterations));
                }else {
                    org.apache.commons.math.util.ContinuedFraction cf = new org.apache.commons.math.util.ContinuedFraction() {
                        private static final long serialVersionUID = 5378525034886164398L;

                        protected double getA(int n, double x) {
                            return (((2.0 * n) + 1.0) - a) + x;
                        }

                        protected double getB(int n, double x) {
                            return n * (a - n);
                        }
                    };
                    ret = 1.0 / (cf.evaluate(x, epsilon, maxIterations));
                    ret = (java.lang.Math.exp((((-x) + (a * (java.lang.Math.log(x)))) - (org.apache.commons.math.special.Gamma.logGamma(a))))) * ret;
                }


        return ret;
    }
}
21:44:21.396 [pool-2-thread-1] ERROR fr.inria.lille.repair.nopol.NoPol - Error ExecutionException java.util.concurrent.ExecutionException: xxl.java.compiler.DynamicCompilationException: Aborting: dynamic compilation failed
21:44:21.397 [pool-2-thread-1] DEBUG fr.inria.lille.repair.nopol.NoPol - looking with class fr.inria.lille.repair.nopol.spoon.smt.ConditionalReplacer
junit.framework.AssertionFailedError: expected:<0.632120558828558> but was:<0.6321205587649603>
    at junit.framework.Assert.fail(Assert.java:57)
    at junit.framework.Assert.failNotEquals(Assert.java:329)
    at junit.framework.Assert.assertEquals(Assert.java:120)
    at org.apache.commons.math.TestUtils.assertEquals(TestUtils.java:62)
    at org.apache.commons.math.TestUtils.assertEquals(TestUtils.java:49)
    at org.apache.commons.math.special.GammaTest.testRegularizedGamma(GammaTest.java:40)
21:44:21.403 [pool-106-thread-1] INFO  xxl.java.junit.TestCasesListener - Tests run finished (4 ms)
<> Total tests run: 11
<> Ignored tests: 0
<> Failed tests: 1
~ testRegularizedGammaPositivePositive(org.apache.commons.math.special.GammaTest)
[expected:<0.632120558828558> but was:<0.6321205587649603>]
junit.framework.AssertionFailedError: expected:<0.632120558828558> but was:<0.6321205587649603>    at junit.framework.Assert.fail(Assert.java:57)
    at junit.framework.Assert.failNotEquals(Assert.java:329)
    at junit.framework.Assert.assertEquals(Assert.java:120)
    at org.apache.commons.math.TestUtils.assertEquals(TestUtils.java:62)
    at org.apache.commons.math.TestUtils.assertEquals(TestUtils.java:49)
    at org.apache.commons.math.special.GammaTest.testRegularizedGamma(GammaTest.java:40)

junit.framework.AssertionFailedError: expected:<0.632120558828558> but was:<0.6321205587649603>
    at junit.framework.Assert.fail(Assert.java:57)
    at junit.framework.Assert.failNotEquals(Assert.java:329)
    at junit.framework.Assert.assertEquals(Assert.java:120)
    at org.apache.commons.math.TestUtils.assertEquals(TestUtils.java:62)
    at org.apache.commons.math.TestUtils.assertEquals(TestUtils.java:49)
    at org.apache.commons.math.special.GammaTest.testRegularizedGamma(GammaTest.java:40)
21:44:21.653 [pool-107-thread-1] INFO  f.i.l.c.t.SpecificationTestCasesListener - Tests run finished (4 ms)
<> Total tests run: 1
<> Ignored tests: 0
<> Failed tests: 1
~ testRegularizedGammaPositivePositive(org.apache.commons.math.special.GammaTest)
[expected:<0.632120558828558> but was:<0.6321205587649603>]
junit.framework.AssertionFailedError: expected:<0.632120558828558> but was:<0.6321205587649603>    at junit.framework.Assert.fail(Assert.java:57)
    at junit.framework.Assert.failNotEquals(Assert.java:329)
    at junit.framework.Assert.assertEquals(Assert.java:120)
    at org.apache.commons.math.TestUtils.assertEquals(TestUtils.java:62)
    at org.apache.commons.math.TestUtils.assertEquals(TestUtils.java:49)
    at org.apache.commons.math.special.GammaTest.testRegularizedGamma(GammaTest.java:40)

junit.framework.AssertionFailedError: expected:<0.632120558828558> but was:<0.6321205587649603>
    at junit.framework.Assert.fail(Assert.java:57)
    at junit.framework.Assert.failNotEquals(Assert.java:329)
    at junit.framework.Assert.assertEquals(Assert.java:120)
    at org.apache.commons.math.TestUtils.assertEquals(TestUtils.java:62)
    at org.apache.commons.math.TestUtils.assertEquals(TestUtils.java:49)
    at org.apache.commons.math.special.GammaTest.testRegularizedGamma(GammaTest.java:40)
21:44:21.655 [pool-108-thread-1] INFO  f.i.l.c.t.SpecificationTestCasesListener - Tests run finished (1 ms)
<> Total tests run: 1
<> Ignored tests: 0
<> Failed tests: 1
~ testRegularizedGammaPositivePositive(org.apache.commons.math.special.GammaTest)
[expected:<0.632120558828558> but was:<0.6321205587649603>]
junit.framework.AssertionFailedError: expected:<0.632120558828558> but was:<0.6321205587649603>    at junit.framework.Assert.fail(Assert.java:57)
    at junit.framework.Assert.failNotEquals(Assert.java:329)
    at junit.framework.Assert.assertEquals(Assert.java:120)
    at org.apache.commons.math.TestUtils.assertEquals(TestUtils.java:62)
    at org.apache.commons.math.TestUtils.assertEquals(TestUtils.java:49)
    at org.apache.commons.math.special.GammaTest.testRegularizedGamma(GammaTest.java:40)

21:44:21.656 [pool-105-thread-1] DEBUG tests.output - Failing tests with false: 
[testRegularizedGammaPositivePositive(org.apache.commons.math.special.GammaTest): expected:<0.632120558828558> but was:<0.6321205587649603>]
21:44:21.656 [pool-105-thread-1] DEBUG tests.output - Failing tests with true: 
[testRegularizedGammaPositivePositive(org.apache.commons.math.special.GammaTest): expected:<0.632120558828558> but was:<0.6321205587649603>]
21:44:21.656 [pool-105-thread-1] INFO  f.i.l.r.n.synth.SMTNopolSynthesizer - Not enough specifications: 0. A trivial patch is "true" or "false", please write new tests specifying SourceLocation org.apache.commons.math.special.Gamma:233.
21:44:21.656 [pool-2-thread-1] DEBUG fr.inria.lille.repair.nopol.NoPol - statement #79
21:44:21.656 [pool-2-thread-1] DEBUG fr.inria.lille.repair.nopol.NoPol - Analysing SourceLocation org.apache.commons.math.special.Gamma:182 which is executed by 32 tests
68567944
21:44:21.798 [pool-2-thread-1] DEBUG fr.inria.lille.repair.nopol.NoPol - looking with class fr.inria.lille.repair.nopol.spoon.smt.ConditionalAdder
junit.framework.AssertionFailedError: expected:<0.632120558828558> but was:<0.6321205587649603>
    at junit.framework.Assert.fail(Assert.java:57)
    at junit.framework.Assert.failNotEquals(Assert.java:329)
    at junit.framework.Assert.assertEquals(Assert.java:120)
    at org.apache.commons.math.TestUtils.assertEquals(TestUtils.java:62)
    at org.apache.commons.math.TestUtils.assertEquals(TestUtils.java:49)
    at org.apache.commons.math.special.GammaTest.testRegularizedGamma(GammaTest.java:40)
21:44:21.804 [pool-110-thread-1] INFO  xxl.java.junit.TestCasesListener - Tests run finished (3 ms)
<> Total tests run: 11
<> Ignored tests: 0
<> Failed tests: 1
~ testRegularizedGammaPositivePositive(org.apache.commons.math.special.GammaTest)
[expected:<0.632120558828558> but was:<0.6321205587649603>]
junit.framework.AssertionFailedError: expected:<0.632120558828558> but was:<0.6321205587649603>    at junit.framework.Assert.fail(Assert.java:57)
    at junit.framework.Assert.failNotEquals(Assert.java:329)
    at junit.framework.Assert.assertEquals(Assert.java:120)
    at org.apache.commons.math.TestUtils.assertEquals(TestUtils.java:62)
    at org.apache.commons.math.TestUtils.assertEquals(TestUtils.java:49)
    at org.apache.commons.math.special.GammaTest.testRegularizedGamma(GammaTest.java:40)

21:44:21.979 [pool-109-thread-1] ERROR x.java.compiler.DynamicClassCompiler - [Compilation errors]
Gamma.java:86: error: variable ret might not have been initialized
        return ret;
               ^
21:44:21.983 [pool-109-thread-1] ERROR f.i.l.r.n.s.ConstraintModelBuilder - Unable to compile the change: 
public class Gamma implements java.io.Serializable {
    private static final long serialVersionUID = -6587513359895466954L;

    private static final double DEFAULT_EPSILON = 1.0E-8;

    private static double[] lanczos = new double[]{ 0.9999999999999971, 57.15623566586292, -59.59796035547549, 14.136097974741746, -0.4919138160976202, 3.399464998481189E-5, 4.652362892704858E-5, -9.837447530487956E-5, 1.580887032249125E-4, -2.1026444172410488E-4, 2.1743961811521265E-4, -1.643181065367639E-4, 8.441822398385275E-5, -2.6190838401581408E-5, 3.6899182659531625E-6 };

    private static final double HALF_LOG_2_PI = 0.5 * (java.lang.Math.log((2.0 * (java.lang.Math.PI))));

    private Gamma() {
        super();
    }

    public static double logGamma(double x) {
        double ret;
        if ((java.lang.Double.isNaN(x)) || (x <= 0.0)) {
            ret = java.lang.Double.NaN;
        }else {
            double g = 607.0 / 128.0;
            double sum = 0.0;
            for (int i = (org.apache.commons.math.special.Gamma.lanczos.length) - 1; i > 0; --i) {
                sum = sum + ((org.apache.commons.math.special.Gamma.lanczos[i]) / (x + i));
            }
            sum = sum + (org.apache.commons.math.special.Gamma.lanczos[0]);
            double tmp = (x + g) + 0.5;
            ret = ((((x + 0.5) * (java.lang.Math.log(tmp))) - tmp) + (org.apache.commons.math.special.Gamma.HALF_LOG_2_PI)) + (java.lang.Math.log((sum / x)));
        }
        return ret;
    }

    public static double regularizedGammaP(double a, double x) throws org.apache.commons.math.MathException {
        return org.apache.commons.math.special.Gamma.regularizedGammaP(a, x, org.apache.commons.math.special.Gamma.DEFAULT_EPSILON, java.lang.Integer.MAX_VALUE);
    }

    public static double regularizedGammaP(double a, double x, double epsilon, int maxIterations) throws org.apache.commons.math.MathException {
        double ret;
        if ((((java.lang.Double.isNaN(a)) || (java.lang.Double.isNaN(x))) || (a <= 0.0)) || (x < 0.0)) {
            ret = java.lang.Double.NaN;
        }else
            if (x == 0.0) {
                ret = 0.0;
            }else
                if ((a >= 1.0) && (x > a)) {
                    ret = 1.0 - (org.apache.commons.math.special.Gamma.regularizedGammaQ(a, x, epsilon, maxIterations));
                }else {
                    double n = 0.0;
                    double an = 1.0 / a;
                    double sum = an;
                    while (((java.lang.Math.abs(an)) > epsilon) && (n < maxIterations)) {
                        n = n + 1.0;
                        an = an * (x / (a + n));
                        sum = sum + an;
                    } 
                    if (n >= maxIterations) {
                        throw new org.apache.commons.math.MaxIterationsExceededException(maxIterations);
                    }else {
                        boolean spoonDefaultValue = false;
                        try {
                            spoonDefaultValue = true;
                        } catch (java.lang.Exception __NopolProcessorException) {
                        }
                        boolean runtimeAngelicValue = fr.inria.lille.repair.nopol.synth.AngelicExecution.angelicValue(spoonDefaultValue);
                        if (fr.inria.lille.commons.trace.RuntimeValues.instance(8).isEnabled()) {
                            fr.inria.lille.commons.trace.RuntimeValues.instance(8).collectionStarts();
                            try{fr.inria.lille.commons.trace.RuntimeValues.instance(8).collectInput("epsilon",epsilon);} catch (Exception ex1) {ex1.printStackTrace();};
                            try{fr.inria.lille.commons.trace.RuntimeValues.instance(8).collectInput("org.apache.commons.math.special.Gamma.lanczos",org.apache.commons.math.special.Gamma.lanczos);} catch (Exception ex1) {ex1.printStackTrace();};
                            try{fr.inria.lille.commons.trace.RuntimeValues.instance(8).collectInput("a",a);} catch (Exception ex1) {ex1.printStackTrace();};
                            try{fr.inria.lille.commons.trace.RuntimeValues.instance(8).collectInput("maxIterations",maxIterations);} catch (Exception ex1) {ex1.printStackTrace();};
                            try{fr.inria.lille.commons.trace.RuntimeValues.instance(8).collectInput("org.apache.commons.math.special.Gamma.HALF_LOG_2_PI",org.apache.commons.math.special.Gamma.HALF_LOG_2_PI);} catch (Exception ex1) {ex1.printStackTrace();};
                            try{fr.inria.lille.commons.trace.RuntimeValues.instance(8).collectInput("x",x);} catch (Exception ex1) {ex1.printStackTrace();};
                            try{fr.inria.lille.commons.trace.RuntimeValues.instance(8).collectInput("sum",sum);} catch (Exception ex1) {ex1.printStackTrace();};
                            try{fr.inria.lille.commons.trace.RuntimeValues.instance(8).collectInput("an",an);} catch (Exception ex1) {ex1.printStackTrace();};
                            try{fr.inria.lille.commons.trace.RuntimeValues.instance(8).collectInput("n",n);} catch (Exception ex1) {ex1.printStackTrace();};
                            try{fr.inria.lille.commons.trace.RuntimeValues.instance(8).collectInput("org.apache.commons.math.special.Gamma.DEFAULT_EPSILON",org.apache.commons.math.special.Gamma.DEFAULT_EPSILON);} catch (Exception ex1) {ex1.printStackTrace();};
                            fr.inria.lille.commons.trace.RuntimeValues.instance(8).collectOutput(runtimeAngelicValue);
                            fr.inria.lille.commons.trace.RuntimeValues.instance(8).collectionEnds();
                        }
                        if (runtimeAngelicValue)
                            ret = (java.lang.Math.exp((((-x) + (a * (java.lang.Math.log(x)))) - (org.apache.commons.math.special.Gamma.logGamma(a))))) * sum;

                    }
                }


        return ret;
    }

    public static double regularizedGammaQ(double a, double x) throws org.apache.commons.math.MathException {
        return org.apache.commons.math.special.Gamma.regularizedGammaQ(a, x, org.apache.commons.math.special.Gamma.DEFAULT_EPSILON, java.lang.Integer.MAX_VALUE);
    }

    public static double regularizedGammaQ(final double a, double x, double epsilon, int maxIterations) throws org.apache.commons.math.MathException {
        double ret;
        if ((((java.lang.Double.isNaN(a)) || (java.lang.Double.isNaN(x))) || (a <= 0.0)) || (x < 0.0)) {
            ret = java.lang.Double.NaN;
        }else
            if (x == 0.0) {
                ret = 1.0;
            }else
                if ((x < a) || (a < 1.0)) {
                    ret = 1.0 - (org.apache.commons.math.special.Gamma.regularizedGammaP(a, x, epsilon, maxIterations));
                }else {
                    org.apache.commons.math.util.ContinuedFraction cf = new org.apache.commons.math.util.ContinuedFraction() {
                        private static final long serialVersionUID = 5378525034886164398L;

                        protected double getA(int n, double x) {
                            return (((2.0 * n) + 1.0) - a) + x;
                        }

                        protected double getB(int n, double x) {
                            return n * (a - n);
                        }
                    };
                    ret = 1.0 / (cf.evaluate(x, epsilon, maxIterations));
                    ret = (java.lang.Math.exp((((-x) + (a * (java.lang.Math.log(x)))) - (org.apache.commons.math.special.Gamma.logGamma(a))))) * ret;
                }


        return ret;
    }
}
21:44:21.983 [pool-2-thread-1] ERROR fr.inria.lille.repair.nopol.NoPol - Error ExecutionException java.util.concurrent.ExecutionException: xxl.java.compiler.DynamicCompilationException: Aborting: dynamic compilation failed
21:44:21.984 [pool-2-thread-1] DEBUG fr.inria.lille.repair.nopol.NoPol - statement #80
21:44:21.984 [pool-2-thread-1] DEBUG fr.inria.lille.repair.nopol.NoPol - Analysing SourceLocation org.apache.commons.math.special.Gamma:179 which is executed by 32 tests
68567944
21:44:22.106 [pool-2-thread-1] DEBUG fr.inria.lille.repair.nopol.NoPol - looking with class fr.inria.lille.repair.nopol.spoon.smt.ConditionalAdder
junit.framework.AssertionFailedError: expected:<0.632120558828558> but was:<0.6321205587649603>
    at junit.framework.Assert.fail(Assert.java:57)
    at junit.framework.Assert.failNotEquals(Assert.java:329)
    at junit.framework.Assert.assertEquals(Assert.java:120)
    at org.apache.commons.math.TestUtils.assertEquals(TestUtils.java:62)
    at org.apache.commons.math.TestUtils.assertEquals(TestUtils.java:49)
    at org.apache.commons.math.special.GammaTest.testRegularizedGamma(GammaTest.java:40)
21:44:22.112 [pool-112-thread-1] INFO  xxl.java.junit.TestCasesListener - Tests run finished (3 ms)
<> Total tests run: 11
<> Ignored tests: 0
<> Failed tests: 1
~ testRegularizedGammaPositivePositive(org.apache.commons.math.special.GammaTest)
[expected:<0.632120558828558> but was:<0.6321205587649603>]
junit.framework.AssertionFailedError: expected:<0.632120558828558> but was:<0.6321205587649603>    at junit.framework.Assert.fail(Assert.java:57)
    at junit.framework.Assert.failNotEquals(Assert.java:329)
    at junit.framework.Assert.assertEquals(Assert.java:120)
    at org.apache.commons.math.TestUtils.assertEquals(TestUtils.java:62)
    at org.apache.commons.math.TestUtils.assertEquals(TestUtils.java:49)
    at org.apache.commons.math.special.GammaTest.testRegularizedGamma(GammaTest.java:40)

21:44:22.286 [pool-111-thread-1] ERROR x.java.compiler.DynamicClassCompiler - [Compilation errors]
Gamma.java:85: error: variable ret might not have been initialized
        return ret;
               ^
21:44:22.290 [pool-111-thread-1] ERROR f.i.l.r.n.s.ConstraintModelBuilder - Unable to compile the change: 
public class Gamma implements java.io.Serializable {
    private static final long serialVersionUID = -6587513359895466954L;

    private static final double DEFAULT_EPSILON = 1.0E-8;

    private static double[] lanczos = new double[]{ 0.9999999999999971, 57.15623566586292, -59.59796035547549, 14.136097974741746, -0.4919138160976202, 3.399464998481189E-5, 4.652362892704858E-5, -9.837447530487956E-5, 1.580887032249125E-4, -2.1026444172410488E-4, 2.1743961811521265E-4, -1.643181065367639E-4, 8.441822398385275E-5, -2.6190838401581408E-5, 3.6899182659531625E-6 };

    private static final double HALF_LOG_2_PI = 0.5 * (java.lang.Math.log((2.0 * (java.lang.Math.PI))));

    private Gamma() {
        super();
    }

    public static double logGamma(double x) {
        double ret;
        if ((java.lang.Double.isNaN(x)) || (x <= 0.0)) {
            ret = java.lang.Double.NaN;
        }else {
            double g = 607.0 / 128.0;
            double sum = 0.0;
            for (int i = (org.apache.commons.math.special.Gamma.lanczos.length) - 1; i > 0; --i) {
                sum = sum + ((org.apache.commons.math.special.Gamma.lanczos[i]) / (x + i));
            }
            sum = sum + (org.apache.commons.math.special.Gamma.lanczos[0]);
            double tmp = (x + g) + 0.5;
            ret = ((((x + 0.5) * (java.lang.Math.log(tmp))) - tmp) + (org.apache.commons.math.special.Gamma.HALF_LOG_2_PI)) + (java.lang.Math.log((sum / x)));
        }
        return ret;
    }

    public static double regularizedGammaP(double a, double x) throws org.apache.commons.math.MathException {
        return org.apache.commons.math.special.Gamma.regularizedGammaP(a, x, org.apache.commons.math.special.Gamma.DEFAULT_EPSILON, java.lang.Integer.MAX_VALUE);
    }

    public static double regularizedGammaP(double a, double x, double epsilon, int maxIterations) throws org.apache.commons.math.MathException {
        double ret;
        if ((((java.lang.Double.isNaN(a)) || (java.lang.Double.isNaN(x))) || (a <= 0.0)) || (x < 0.0)) {
            ret = java.lang.Double.NaN;
        }else
            if (x == 0.0) {
                ret = 0.0;
            }else
                if ((a >= 1.0) && (x > a)) {
                    ret = 1.0 - (org.apache.commons.math.special.Gamma.regularizedGammaQ(a, x, epsilon, maxIterations));
                }else {
                    double n = 0.0;
                    double an = 1.0 / a;
                    double sum = an;
                    while (((java.lang.Math.abs(an)) > epsilon) && (n < maxIterations)) {
                        n = n + 1.0;
                        an = an * (x / (a + n));
                        sum = sum + an;
                    } 
                    boolean spoonDefaultValue = false;
                    try {
                        spoonDefaultValue = true;
                    } catch (java.lang.Exception __NopolProcessorException) {
                    }
                    boolean runtimeAngelicValue = fr.inria.lille.repair.nopol.synth.AngelicExecution.angelicValue(spoonDefaultValue);
                    if (fr.inria.lille.commons.trace.RuntimeValues.instance(9).isEnabled()) {
                        fr.inria.lille.commons.trace.RuntimeValues.instance(9).collectionStarts();
                        try{fr.inria.lille.commons.trace.RuntimeValues.instance(9).collectInput("epsilon",epsilon);} catch (Exception ex1) {ex1.printStackTrace();};
                        try{fr.inria.lille.commons.trace.RuntimeValues.instance(9).collectInput("org.apache.commons.math.special.Gamma.lanczos",org.apache.commons.math.special.Gamma.lanczos);} catch (Exception ex1) {ex1.printStackTrace();};
                        try{fr.inria.lille.commons.trace.RuntimeValues.instance(9).collectInput("a",a);} catch (Exception ex1) {ex1.printStackTrace();};
                        try{fr.inria.lille.commons.trace.RuntimeValues.instance(9).collectInput("maxIterations",maxIterations);} catch (Exception ex1) {ex1.printStackTrace();};
                        try{fr.inria.lille.commons.trace.RuntimeValues.instance(9).collectInput("n >= maxIterations",n >= maxIterations);} catch (Exception ex1) {ex1.printStackTrace();};
                        try{fr.inria.lille.commons.trace.RuntimeValues.instance(9).collectInput("org.apache.commons.math.special.Gamma.HALF_LOG_2_PI",org.apache.commons.math.special.Gamma.HALF_LOG_2_PI);} catch (Exception ex1) {ex1.printStackTrace();};
                        try{fr.inria.lille.commons.trace.RuntimeValues.instance(9).collectInput("x",x);} catch (Exception ex1) {ex1.printStackTrace();};
                        try{fr.inria.lille.commons.trace.RuntimeValues.instance(9).collectInput("sum",sum);} catch (Exception ex1) {ex1.printStackTrace();};
                        try{fr.inria.lille.commons.trace.RuntimeValues.instance(9).collectInput("an",an);} catch (Exception ex1) {ex1.printStackTrace();};
                        try{fr.inria.lille.commons.trace.RuntimeValues.instance(9).collectInput("n",n);} catch (Exception ex1) {ex1.printStackTrace();};
                        try{fr.inria.lille.commons.trace.RuntimeValues.instance(9).collectInput("org.apache.commons.math.special.Gamma.DEFAULT_EPSILON",org.apache.commons.math.special.Gamma.DEFAULT_EPSILON);} catch (Exception ex1) {ex1.printStackTrace();};
                        fr.inria.lille.commons.trace.RuntimeValues.instance(9).collectOutput(runtimeAngelicValue);
                        fr.inria.lille.commons.trace.RuntimeValues.instance(9).collectionEnds();
                    }
                    if (runtimeAngelicValue) if (n >= maxIterations) {
                        throw new org.apache.commons.math.MaxIterationsExceededException(maxIterations);
                    }else {
                        ret = (java.lang.Math.exp((((-x) + (a * (java.lang.Math.log(x)))) - (org.apache.commons.math.special.Gamma.logGamma(a))))) * sum;
                    }
                }


        return ret;
    }

    public static double regularizedGammaQ(double a, double x) throws org.apache.commons.math.MathException {
        return org.apache.commons.math.special.Gamma.regularizedGammaQ(a, x, org.apache.commons.math.special.Gamma.DEFAULT_EPSILON, java.lang.Integer.MAX_VALUE);
    }

    public static double regularizedGammaQ(final double a, double x, double epsilon, int maxIterations) throws org.apache.commons.math.MathException {
        double ret;
        if ((((java.lang.Double.isNaN(a)) || (java.lang.Double.isNaN(x))) || (a <= 0.0)) || (x < 0.0)) {
            ret = java.lang.Double.NaN;
        }else
            if (x == 0.0) {
                ret = 1.0;
            }else
                if ((x < a) || (a < 1.0)) {
                    ret = 1.0 - (org.apache.commons.math.special.Gamma.regularizedGammaP(a, x, epsilon, maxIterations));
                }else {
                    org.apache.commons.math.util.ContinuedFraction cf = new org.apache.commons.math.util.ContinuedFraction() {
                        private static final long serialVersionUID = 5378525034886164398L;

                        protected double getA(int n, double x) {
                            return (((2.0 * n) + 1.0) - a) + x;
                        }

                        protected double getB(int n, double x) {
                            return n * (a - n);
                        }
                    };
                    ret = 1.0 / (cf.evaluate(x, epsilon, maxIterations));
                    ret = (java.lang.Math.exp((((-x) + (a * (java.lang.Math.log(x)))) - (org.apache.commons.math.special.Gamma.logGamma(a))))) * ret;
                }


        return ret;
    }
}
21:44:22.291 [pool-2-thread-1] ERROR fr.inria.lille.repair.nopol.NoPol - Error ExecutionException java.util.concurrent.ExecutionException: xxl.java.compiler.DynamicCompilationException: Aborting: dynamic compilation failed
21:44:22.291 [pool-2-thread-1] DEBUG fr.inria.lille.repair.nopol.NoPol - looking with class fr.inria.lille.repair.nopol.spoon.smt.ConditionalReplacer
junit.framework.AssertionFailedError: expected:<0.632120558828558> but was:<0.6321205587649603>
    at junit.framework.Assert.fail(Assert.java:57)
    at junit.framework.Assert.failNotEquals(Assert.java:329)
    at junit.framework.Assert.assertEquals(Assert.java:120)
    at org.apache.commons.math.TestUtils.assertEquals(TestUtils.java:62)
    at org.apache.commons.math.TestUtils.assertEquals(TestUtils.java:49)
    at org.apache.commons.math.special.GammaTest.testRegularizedGamma(GammaTest.java:40)
21:44:22.297 [pool-114-thread-1] INFO  xxl.java.junit.TestCasesListener - Tests run finished (3 ms)
<> Total tests run: 11
<> Ignored tests: 0
<> Failed tests: 1
~ testRegularizedGammaPositivePositive(org.apache.commons.math.special.GammaTest)
[expected:<0.632120558828558> but was:<0.6321205587649603>]
junit.framework.AssertionFailedError: expected:<0.632120558828558> but was:<0.6321205587649603>    at junit.framework.Assert.fail(Assert.java:57)
    at junit.framework.Assert.failNotEquals(Assert.java:329)
    at junit.framework.Assert.assertEquals(Assert.java:120)
    at org.apache.commons.math.TestUtils.assertEquals(TestUtils.java:62)
    at org.apache.commons.math.TestUtils.assertEquals(TestUtils.java:49)
    at org.apache.commons.math.special.GammaTest.testRegularizedGamma(GammaTest.java:40)

junit.framework.AssertionFailedError: expected:<0.632120558828558> but was:<0.6321205587649603>
    at junit.framework.Assert.fail(Assert.java:57)
    at junit.framework.Assert.failNotEquals(Assert.java:329)
    at junit.framework.Assert.assertEquals(Assert.java:120)
    at org.apache.commons.math.TestUtils.assertEquals(TestUtils.java:62)
    at org.apache.commons.math.TestUtils.assertEquals(TestUtils.java:49)
    at org.apache.commons.math.special.GammaTest.testRegularizedGamma(GammaTest.java:40)
21:44:22.483 [pool-115-thread-1] INFO  f.i.l.c.t.SpecificationTestCasesListener - Tests run finished (3 ms)
<> Total tests run: 1
<> Ignored tests: 0
<> Failed tests: 1
~ testRegularizedGammaPositivePositive(org.apache.commons.math.special.GammaTest)
[expected:<0.632120558828558> but was:<0.6321205587649603>]
junit.framework.AssertionFailedError: expected:<0.632120558828558> but was:<0.6321205587649603>    at junit.framework.Assert.fail(Assert.java:57)
    at junit.framework.Assert.failNotEquals(Assert.java:329)
    at junit.framework.Assert.assertEquals(Assert.java:120)
    at org.apache.commons.math.TestUtils.assertEquals(TestUtils.java:62)
    at org.apache.commons.math.TestUtils.assertEquals(TestUtils.java:49)
    at org.apache.commons.math.special.GammaTest.testRegularizedGamma(GammaTest.java:40)

junit.framework.AssertionFailedError: Maximal number of iterations (2,147,483,647) exceeded
    at junit.framework.Assert.fail(Assert.java:57)
    at junit.framework.TestCase.fail(TestCase.java:227)
    at org.apache.commons.math.special.GammaTest.testRegularizedGamma(GammaTest.java:43)
    at org.apache.commons.math.special.GammaTest.testRegularizedGammaPositivePositive(GammaTest.java:77)
    at sun.reflect.NativeMethodAccessorImpl.invoke0(Native Method)
    at sun.reflect.NativeMethodAccessorImpl.invoke(NativeMethodAccessorImpl.java:62)
21:44:22.490 [pool-116-thread-1] INFO  f.i.l.c.t.SpecificationTestCasesListener - Tests run finished (4 ms)
<> Total tests run: 1
<> Ignored tests: 0
<> Failed tests: 1
~ testRegularizedGammaPositivePositive(org.apache.commons.math.special.GammaTest)
[Maximal number of iterations (2,147,483,647) exceeded]
junit.framework.AssertionFailedError: Maximal number of iterations (2,147,483,647) exceeded    at junit.framework.Assert.fail(Assert.java:57)
    at junit.framework.TestCase.fail(TestCase.java:227)
    at org.apache.commons.math.special.GammaTest.testRegularizedGamma(GammaTest.java:43)
    at org.apache.commons.math.special.GammaTest.testRegularizedGammaPositivePositive(GammaTest.java:77)
    at sun.reflect.NativeMethodAccessorImpl.invoke0(Native Method)
    at sun.reflect.NativeMethodAccessorImpl.invoke(NativeMethodAccessorImpl.java:62)

21:44:22.490 [pool-113-thread-1] DEBUG tests.output - Failing tests with false: 
[testRegularizedGammaPositivePositive(org.apache.commons.math.special.GammaTest): expected:<0.632120558828558> but was:<0.6321205587649603>]
21:44:22.490 [pool-113-thread-1] DEBUG tests.output - Failing tests with true: 
[testRegularizedGammaPositivePositive(org.apache.commons.math.special.GammaTest): Maximal number of iterations (2,147,483,647) exceeded]
21:44:22.491 [pool-113-thread-1] INFO  f.i.l.r.n.synth.SMTNopolSynthesizer - Not enough specifications: 0. A trivial patch is "true" or "false", please write new tests specifying SourceLocation org.apache.commons.math.special.Gamma:179.
21:44:22.491 [pool-2-thread-1] DEBUG fr.inria.lille.repair.nopol.NoPol - statement #81
21:44:22.491 [pool-2-thread-1] DEBUG fr.inria.lille.repair.nopol.NoPol - Analysing SourceLocation org.apache.commons.math.special.Gamma:177 which is executed by 32 tests
68567944
21:44:22.611 [pool-2-thread-1] DEBUG fr.inria.lille.repair.nopol.NoPol - looking with class fr.inria.lille.repair.nopol.spoon.smt.ConditionalAdder
junit.framework.AssertionFailedError: expected:<0.632120558828558> but was:<0.6321205587649603>
    at junit.framework.Assert.fail(Assert.java:57)
    at junit.framework.Assert.failNotEquals(Assert.java:329)
    at junit.framework.Assert.assertEquals(Assert.java:120)
    at org.apache.commons.math.TestUtils.assertEquals(TestUtils.java:62)
    at org.apache.commons.math.TestUtils.assertEquals(TestUtils.java:49)
    at org.apache.commons.math.special.GammaTest.testRegularizedGamma(GammaTest.java:40)
21:44:22.624 [pool-118-thread-1] INFO  xxl.java.junit.TestCasesListener - Tests run finished (4 ms)
<> Total tests run: 11
<> Ignored tests: 0
<> Failed tests: 1
~ testRegularizedGammaPositivePositive(org.apache.commons.math.special.GammaTest)
[expected:<0.632120558828558> but was:<0.6321205587649603>]
junit.framework.AssertionFailedError: expected:<0.632120558828558> but was:<0.6321205587649603>    at junit.framework.Assert.fail(Assert.java:57)
    at junit.framework.Assert.failNotEquals(Assert.java:329)
    at junit.framework.Assert.assertEquals(Assert.java:120)
    at org.apache.commons.math.TestUtils.assertEquals(TestUtils.java:62)
    at org.apache.commons.math.TestUtils.assertEquals(TestUtils.java:49)
    at org.apache.commons.math.special.GammaTest.testRegularizedGamma(GammaTest.java:40)

junit.framework.AssertionFailedError: expected:<0.632120558828558> but was:<0.3678794411714425>
    at junit.framework.Assert.fail(Assert.java:57)
    at junit.framework.Assert.failNotEquals(Assert.java:329)
    at junit.framework.Assert.assertEquals(Assert.java:120)
    at org.apache.commons.math.TestUtils.assertEquals(TestUtils.java:62)
    at org.apache.commons.math.TestUtils.assertEquals(TestUtils.java:49)
    at org.apache.commons.math.special.GammaTest.testRegularizedGamma(GammaTest.java:40)
21:44:22.802 [pool-119-thread-1] INFO  f.i.l.c.t.SpecificationTestCasesListener - Tests run finished (4 ms)
<> Total tests run: 1
<> Ignored tests: 0
<> Failed tests: 1
~ testRegularizedGammaPositivePositive(org.apache.commons.math.special.GammaTest)
[expected:<0.632120558828558> but was:<0.3678794411714425>]
junit.framework.AssertionFailedError: expected:<0.632120558828558> but was:<0.3678794411714425>    at junit.framework.Assert.fail(Assert.java:57)
    at junit.framework.Assert.failNotEquals(Assert.java:329)
    at junit.framework.Assert.assertEquals(Assert.java:120)
    at org.apache.commons.math.TestUtils.assertEquals(TestUtils.java:62)
    at org.apache.commons.math.TestUtils.assertEquals(TestUtils.java:49)
    at org.apache.commons.math.special.GammaTest.testRegularizedGamma(GammaTest.java:40)

junit.framework.AssertionFailedError: expected:<0.632120558828558> but was:<0.6321205587649603>
    at junit.framework.Assert.fail(Assert.java:57)
    at junit.framework.Assert.failNotEquals(Assert.java:329)
    at junit.framework.Assert.assertEquals(Assert.java:120)
    at org.apache.commons.math.TestUtils.assertEquals(TestUtils.java:62)
    at org.apache.commons.math.TestUtils.assertEquals(TestUtils.java:49)
    at org.apache.commons.math.special.GammaTest.testRegularizedGamma(GammaTest.java:40)
21:44:22.805 [pool-120-thread-1] INFO  f.i.l.c.t.SpecificationTestCasesListener - Tests run finished (1 ms)
<> Total tests run: 1
<> Ignored tests: 0
<> Failed tests: 1
~ testRegularizedGammaPositivePositive(org.apache.commons.math.special.GammaTest)
[expected:<0.632120558828558> but was:<0.6321205587649603>]
junit.framework.AssertionFailedError: expected:<0.632120558828558> but was:<0.6321205587649603>    at junit.framework.Assert.fail(Assert.java:57)
    at junit.framework.Assert.failNotEquals(Assert.java:329)
    at junit.framework.Assert.assertEquals(Assert.java:120)
    at org.apache.commons.math.TestUtils.assertEquals(TestUtils.java:62)
    at org.apache.commons.math.TestUtils.assertEquals(TestUtils.java:49)
    at org.apache.commons.math.special.GammaTest.testRegularizedGamma(GammaTest.java:40)

21:44:22.806 [pool-117-thread-1] DEBUG tests.output - Failing tests with false: 
[testRegularizedGammaPositivePositive(org.apache.commons.math.special.GammaTest): expected:<0.632120558828558> but was:<0.3678794411714425>]
21:44:22.806 [pool-117-thread-1] DEBUG tests.output - Failing tests with true: 
[testRegularizedGammaPositivePositive(org.apache.commons.math.special.GammaTest): expected:<0.632120558828558> but was:<0.6321205587649603>]
21:44:22.806 [pool-117-thread-1] INFO  f.i.l.r.n.synth.SMTNopolSynthesizer - Not enough specifications: 0. A trivial patch is "true" or "false", please write new tests specifying SourceLocation org.apache.commons.math.special.Gamma:177.
21:44:22.806 [pool-2-thread-1] DEBUG fr.inria.lille.repair.nopol.NoPol - statement #82
21:44:22.806 [pool-2-thread-1] DEBUG fr.inria.lille.repair.nopol.NoPol - Analysing SourceLocation org.apache.commons.math.special.Gamma:174 which is executed by 32 tests
68567944
21:44:22.927 [pool-2-thread-1] DEBUG fr.inria.lille.repair.nopol.NoPol - looking with class fr.inria.lille.repair.nopol.spoon.smt.ConditionalAdder
junit.framework.AssertionFailedError: expected:<0.632120558828558> but was:<0.6321205587649603>
    at junit.framework.Assert.fail(Assert.java:57)
    at junit.framework.Assert.failNotEquals(Assert.java:329)
    at junit.framework.Assert.assertEquals(Assert.java:120)
    at org.apache.commons.math.TestUtils.assertEquals(TestUtils.java:62)
    at org.apache.commons.math.TestUtils.assertEquals(TestUtils.java:49)
    at org.apache.commons.math.special.GammaTest.testRegularizedGamma(GammaTest.java:40)
21:44:22.933 [pool-122-thread-1] INFO  xxl.java.junit.TestCasesListener - Tests run finished (3 ms)
<> Total tests run: 11
<> Ignored tests: 0
<> Failed tests: 1
~ testRegularizedGammaPositivePositive(org.apache.commons.math.special.GammaTest)
[expected:<0.632120558828558> but was:<0.6321205587649603>]
junit.framework.AssertionFailedError: expected:<0.632120558828558> but was:<0.6321205587649603>    at junit.framework.Assert.fail(Assert.java:57)
    at junit.framework.Assert.failNotEquals(Assert.java:329)
    at junit.framework.Assert.assertEquals(Assert.java:120)
    at org.apache.commons.math.TestUtils.assertEquals(TestUtils.java:62)
    at org.apache.commons.math.TestUtils.assertEquals(TestUtils.java:49)
    at org.apache.commons.math.special.GammaTest.testRegularizedGamma(GammaTest.java:40)

java.lang.OutOfMemoryError: GC overhead limit exceeded
    at xxl.java.container.various.Pair.from(Pair.java:10)
    at fr.inria.lille.commons.trace.collector.PrimitiveTypeCollector.collectedValues(PrimitiveTypeCollector.java:13)
21:50:02.386 [pool-121-thread-1] DEBUG xxl.java.junit.TestSuiteExecution - Timeout after 200 seconds. Infinite loop?
    at fr.inria.lille.commons.trace.collector.ValueCollector.collectWith(ValueCollector.java:29)
    at fr.inria.lille.commons.trace.collector.ValueCollector.collectFrom(ValueCollector.java:17)
    at fr.inria.lille.commons.trace.RuntimeValues.collectInput(RuntimeValues.java:73)
    at org.apache.commons.math.special.Gamma.regularizedGammaP(Gamma.java:64)
21:50:13.624 [pool-123-thread-1] INFO  f.i.l.c.t.SpecificationTestCasesListener - Tests run finished (339281 ms)
<> Total tests run: 1
<> Ignored tests: 0
<> Failed tests: 1
~ testRegularizedGammaPositivePositive(org.apache.commons.math.special.GammaTest)
[GC overhead limit exceeded]
java.lang.OutOfMemoryError: GC overhead limit exceeded    at xxl.java.container.various.Pair.from(Pair.java:10)
    at fr.inria.lille.commons.trace.collector.PrimitiveTypeCollector.collectedValues(PrimitiveTypeCollector.java:13)
    at fr.inria.lille.commons.trace.collector.ValueCollector.collectWith(ValueCollector.java:29)
    at fr.inria.lille.commons.trace.collector.ValueCollector.collectFrom(ValueCollector.java:17)
    at fr.inria.lille.commons.trace.RuntimeValues.collectInput(RuntimeValues.java:73)
    at org.apache.commons.math.special.Gamma.regularizedGammaP(Gamma.java:64)

21:50:02.387 [pool-2-thread-1] ERROR fr.inria.lille.repair.nopol.NoPol - Error ExecutionException java.util.concurrent.ExecutionException: java.lang.RuntimeException: java.util.concurrent.TimeoutException
21:50:13.625 [pool-2-thread-1] DEBUG fr.inria.lille.repair.nopol.NoPol - statement #83
21:50:13.625 [pool-2-thread-1] DEBUG fr.inria.lille.repair.nopol.NoPol - Analysing SourceLocation org.apache.commons.math.special.Gamma:173 which is executed by 32 tests
java.util.concurrent.ExecutionException: java.lang.OutOfMemoryError: GC overhead limit exceeded
	at java.util.concurrent.FutureTask.report(FutureTask.java:122)
	at java.util.concurrent.FutureTask.get(FutureTask.java:206)
	at fr.inria.lille.repair.Main.main(Main.java:106)
Caused by: java.lang.OutOfMemoryError: GC overhead limit exceeded
	at java.util.zip.ZipFile.getEntryBytes(Native Method)
	at java.util.zip.ZipFile.getZipEntry(ZipFile.java:577)
	at java.util.zip.ZipFile.access$900(ZipFile.java:60)
	at java.util.zip.ZipFile$ZipEntryIterator.next(ZipFile.java:539)
	at java.util.zip.ZipFile$ZipEntryIterator.nextElement(ZipFile.java:514)
	at java.util.zip.ZipFile$ZipEntryIterator.nextElement(ZipFile.java:495)
	at org.eclipse.jdt.internal.compiler.batch.ClasspathJar.getModulesDeclaringPackage(ClasspathJar.java:234)
	at org.eclipse.jdt.internal.compiler.batch.ClasspathLocation.isPackage(ClasspathLocation.java:177)
	at org.eclipse.jdt.internal.compiler.batch.ClasspathJar.findClass(ClasspathJar.java:111)
	at org.eclipse.jdt.internal.compiler.batch.FileSystem.internalFindClass(FileSystem.java:443)
	at org.eclipse.jdt.internal.compiler.batch.FileSystem.findClass(FileSystem.java:385)
	at org.eclipse.jdt.internal.compiler.batch.FileSystem.findType(FileSystem.java:529)
	at org.eclipse.jdt.internal.compiler.env.IModuleAwareNameEnvironment.findType(IModuleAwareNameEnvironment.java:94)
	at org.eclipse.jdt.internal.compiler.lookup.LookupEnvironment.createPackage(LookupEnvironment.java:1094)
	at org.eclipse.jdt.internal.compiler.lookup.CompilationUnitScope.buildTypeBindings(CompilationUnitScope.java:129)
	at org.eclipse.jdt.internal.compiler.lookup.LookupEnvironment.buildTypeBindings(LookupEnvironment.java:457)
	at org.eclipse.jdt.internal.compiler.Compiler.internalBeginToCompile(Compiler.java:838)
	at org.eclipse.jdt.internal.compiler.Compiler.beginToCompile(Compiler.java:387)
	at spoon.support.compiler.jdt.TreeBuilderCompiler.buildUnits(TreeBuilderCompiler.java:73)
	at spoon.support.compiler.jdt.JDTBatchCompiler.getUnits(JDTBatchCompiler.java:266)
	at spoon.support.compiler.jdt.JDTBasedSpoonCompiler.buildUnits(JDTBasedSpoonCompiler.java:444)
	at spoon.support.compiler.jdt.JDTBasedSpoonCompiler.buildUnitsAndModel(JDTBasedSpoonCompiler.java:388)
	at spoon.support.compiler.jdt.JDTBasedSpoonCompiler.buildSources(JDTBasedSpoonCompiler.java:340)
	at spoon.support.compiler.jdt.JDTBasedSpoonCompiler.build(JDTBasedSpoonCompiler.java:129)
	at spoon.support.compiler.jdt.JDTBasedSpoonCompiler.build(JDTBasedSpoonCompiler.java:113)
	at fr.inria.lille.commons.spoon.util.SpoonModelLibrary.modelFor(SpoonModelLibrary.java:53)
	at fr.inria.lille.commons.spoon.SpoonedFile.<init>(SpoonedFile.java:61)
	at fr.inria.lille.commons.spoon.SpoonedClass.<init>(SpoonedClass.java:14)
	at fr.inria.lille.commons.spoon.SpoonedProject.forked(SpoonedProject.java:47)
	at fr.inria.lille.repair.nopol.NoPol.runOnStatement(NoPol.java:222)
	at fr.inria.lille.repair.nopol.NoPol.solveWithMultipleBuild(NoPol.java:213)
	at fr.inria.lille.repair.nopol.NoPol.build(NoPol.java:154)

Usage: java -jar nopol.jar
                          [(-m|--mode) <repair|ranking>] (-e|--type) <condition|precondition|pre_then_cond|loop|arithmetic> [(-o|--oracle) <angelic|symbolic>] [(-y|--synthesis) <smt|dynamoth>] [(-l|--solver) <z3|cvc4>] [(-p|--solver-path) <solverPath>] (-s|--source) source1:source2:...:sourceN  (-c|--classpath) <classpath> [(-t|--test) test1:test2:...:testN ] [--complianceLevel <complianceLevel>] [--maxTime <maxTime>] [--maxTimeType <maxTimeType>] [(-z|--flocal) < cocospoon|dumb|gzoltar>] [--output <outputFolder>] [--json[:<outputJson>]]

  [(-m|--mode) <repair|ranking>]
        Define the mode of execution. (default: repair)

  (-e|--type) <condition|precondition|pre_then_cond|loop|arithmetic>
        The repair type (example fixing only conditions, or adding
        precondition). REQUIRED OPTION (default: condition)

  [(-o|--oracle) <angelic|symbolic>]
        Define the oracle (only used with repair mode). (default: angelic)

  [(-y|--synthesis) <smt|dynamoth>]
        Define the patch synthesis. (default: smt)

  [(-l|--solver) <z3|cvc4>]
        Define the solver (only used with smt synthesis). (default: z3)

  [(-p|--solver-path) <solverPath>]
        Define the solver binary path (only used with smt synthesis).

  (-s|--source) source1:source2:...:sourceN 
        Define the path to the source code of the project.

  (-c|--classpath) <classpath>
        Define the classpath of the project.

  [(-t|--test) test1:test2:...:testN ]
        Define the tests of the project (both failing and passing),
        fully-qualified, separated with ':' (even if the classpath contains
        other tests, only those are considered.

  [--complianceLevel <complianceLevel>]
        The compliance level of the project. (default: 7)

  [--maxTime <maxTime>]
        The maximum time execution in minute for the whole execution of
        Nopol.(default: 10)

  [--maxTimeType <maxTimeType>]
        The maximum time execution in minute for one type of patch. (default: 5)

  [(-z|--flocal) < cocospoon|dumb|gzoltar>]
        Define the fault localizer to be used. (default: gzoltar)

  [--output <outputFolder>]
        Define the location where the patches will be saved. (default: .)

  [--json[:<outputJson>]]
        Output a json file in the current working directory.

Command exited with non-zero status 255
3010.78user 14.00system 7:08.79elapsed 705%CPU (0avgtext+0avgdata 4467508maxresident)k
50592inputs+7288outputs (3major+1271296minor)pagefaults 0swaps


Node: granduc-12.luxembourg.grid5000.fr



Date: Wed Nov 28 21:50:55 EST 2018

