cd /tmp/Nopol_Defects4J_Math_94;
export JAVA_TOOL_OPTIONS=-Dfile.encoding=UTF8;
TZ="America/New_York"; export TZ;
export PATH="/usr/lib/jvm/java-1.8.0-openjdk-amd64/bin/:$PATH";
export JAVA_HOME="/usr/lib/jvm/java-1.8.0-openjdk-amd64/bin/";
time java -Xmx4048m -cp /home/tdurieux/defects4j4repair/script/../repair_tools/nopol.jar:/usr/lib/jvm/java-1.8.0-openjdk-amd64/bin//../lib/tools.jar fr.inria.lille.repair.Main \
	--mode repair \
	--type pre_then_cond \
	--oracle angelic \
	--synthesis smt \
	--flocal gzoltar \
	--json \
	--solver z3 \
	--solver-path /home/tdurieux/defects4j4repair/script/../libs/z3/build/z3 \
	--complianceLevel 5 \
	--source src/java/ \
	--classpath "target/classes/:target/test-classes/:/tmp/Nopol_Defects4J_Math_94/target/classes/:/tmp/Nopol_Defects4J_Math_94/target/test-classes/:/home/tdurieux/defects4j4repair/script/../benchmarks/defects4j/framework/projects/Math/lib/commons-discovery-0.5.jar:/home/tdurieux/defects4j4repair/script/../repair_tools/nopol.jar";
	echo "\n\nNode: `hostname`\n";
	echo "\n\nDate: `date`\n";
Picked up JAVA_TOOL_OPTIONS: -Dfile.encoding=UTF8
22:07:52.900 [main] INFO  fr.inria.lille.repair.nopol.NoPol - Source files: [src/java]
22:07:52.904 [main] INFO  fr.inria.lille.repair.nopol.NoPol - Classpath: [file:/tmp/Nopol_Defects4J_Math_94/target/classes/, file:/tmp/Nopol_Defects4J_Math_94/target/test-classes/, file:/tmp/Nopol_Defects4J_Math_94/target/classes/, file:/tmp/Nopol_Defects4J_Math_94/target/test-classes/, file:/home/tdurieux/defects4j4repair/script/../benchmarks/defects4j/framework/projects/Math/lib/commons-discovery-0.5.jar, file:/home/tdurieux/defects4j4repair/script/../repair_tools/nopol.jar]
22:07:52.904 [main] INFO  fr.inria.lille.repair.nopol.NoPol - Statement type: PRE_THEN_COND
22:07:52.905 [main] INFO  fr.inria.lille.repair.nopol.NoPol - Args: [org.apache.commons.math.ArgumentOutsideDomainExceptionTest, org.apache.commons.math.ArgumentOutsideDomainExceptionTest, org.apache.commons.math.ConvergenceExceptionTest, org.apache.commons.math.ConvergenceExceptionTest, org.apache.commons.math.DuplicateSampleAbscissaExceptionTest, org.apache.commons.math.DuplicateSampleAbscissaExceptionTest, org.apache.commons.math.FunctionEvaluationExceptionTest, org.apache.commons.math.FunctionEvaluationExceptionTest, org.apache.commons.math.MathConfigurationExceptionTest, org.apache.commons.math.MathConfigurationExceptionTest, org.apache.commons.math.MathExceptionTest, org.apache.commons.math.MathExceptionTest, org.apache.commons.math.MaxIterationsExceededExceptionTest, org.apache.commons.math.MaxIterationsExceededExceptionTest, org.apache.commons.math.analysis.BisectionSolverTest, org.apache.commons.math.analysis.BisectionSolverTest, org.apache.commons.math.analysis.BrentSolverTest, org.apache.commons.math.analysis.BrentSolverTest, org.apache.commons.math.analysis.DividedDifferenceInterpolatorTest, org.apache.commons.math.analysis.DividedDifferenceInterpolatorTest, org.apache.commons.math.analysis.LaguerreSolverTest, org.apache.commons.math.analysis.LaguerreSolverTest, org.apache.commons.math.analysis.MullerSolverTest, org.apache.commons.math.analysis.MullerSolverTest, org.apache.commons.math.analysis.NevilleInterpolatorTest, org.apache.commons.math.analysis.NevilleInterpolatorTest, org.apache.commons.math.analysis.NewtonSolverTest, org.apache.commons.math.analysis.NewtonSolverTest, org.apache.commons.math.analysis.PolynomialFunctionLagrangeFormTest, org.apache.commons.math.analysis.PolynomialFunctionLagrangeFormTest, org.apache.commons.math.analysis.PolynomialFunctionNewtonFormTest, org.apache.commons.math.analysis.PolynomialFunctionNewtonFormTest, org.apache.commons.math.analysis.PolynomialFunctionTest, org.apache.commons.math.analysis.PolynomialFunctionTest, org.apache.commons.math.analysis.PolynomialSplineFunctionTest, org.apache.commons.math.analysis.PolynomialSplineFunctionTest, org.apache.commons.math.analysis.RiddersSolverTest, org.apache.commons.math.analysis.RiddersSolverTest, org.apache.commons.math.analysis.RombergIntegratorTest, org.apache.commons.math.analysis.RombergIntegratorTest, org.apache.commons.math.analysis.SimpsonIntegratorTest, org.apache.commons.math.analysis.SimpsonIntegratorTest, org.apache.commons.math.analysis.SplineInterpolatorTest, org.apache.commons.math.analysis.SplineInterpolatorTest, org.apache.commons.math.analysis.TrapezoidIntegratorTest, org.apache.commons.math.analysis.TrapezoidIntegratorTest, org.apache.commons.math.analysis.UnivariateRealSolverFactoryImplTest, org.apache.commons.math.analysis.UnivariateRealSolverFactoryImplTest, org.apache.commons.math.analysis.UnivariateRealSolverUtilsTest, org.apache.commons.math.analysis.UnivariateRealSolverUtilsTest, org.apache.commons.math.complex.ComplexFormatTest, org.apache.commons.math.complex.ComplexFormatTest, org.apache.commons.math.complex.ComplexTest, org.apache.commons.math.complex.ComplexTest, org.apache.commons.math.complex.ComplexUtilsTest, org.apache.commons.math.complex.ComplexUtilsTest, org.apache.commons.math.complex.FrenchComplexFormatTest, org.apache.commons.math.complex.FrenchComplexFormatTest, org.apache.commons.math.distribution.BetaDistributionTest, org.apache.commons.math.distribution.BetaDistributionTest, org.apache.commons.math.distribution.BinomialDistributionTest, org.apache.commons.math.distribution.BinomialDistributionTest, org.apache.commons.math.distribution.CauchyDistributionTest, org.apache.commons.math.distribution.CauchyDistributionTest, org.apache.commons.math.distribution.ChiSquareDistributionTest, org.apache.commons.math.distribution.ChiSquareDistributionTest, org.apache.commons.math.distribution.ExponentialDistributionTest, org.apache.commons.math.distribution.ExponentialDistributionTest, org.apache.commons.math.distribution.FDistributionTest, org.apache.commons.math.distribution.FDistributionTest, org.apache.commons.math.distribution.GammaDistributionTest, org.apache.commons.math.distribution.GammaDistributionTest, org.apache.commons.math.distribution.HypergeometricDistributionTest, org.apache.commons.math.distribution.HypergeometricDistributionTest, org.apache.commons.math.distribution.NormalDistributionTest, org.apache.commons.math.distribution.NormalDistributionTest, org.apache.commons.math.distribution.PascalDistributionTest, org.apache.commons.math.distribution.PascalDistributionTest, org.apache.commons.math.distribution.PoissonDistributionTest, org.apache.commons.math.distribution.PoissonDistributionTest, org.apache.commons.math.distribution.TDistributionTest, org.apache.commons.math.distribution.TDistributionTest, org.apache.commons.math.distribution.WeibullDistributionTest, org.apache.commons.math.distribution.WeibullDistributionTest, org.apache.commons.math.distribution.ZipfDistributionTest, org.apache.commons.math.distribution.ZipfDistributionTest, org.apache.commons.math.estimation.EstimatedParameterTest, org.apache.commons.math.estimation.EstimatedParameterTest, org.apache.commons.math.estimation.GaussNewtonEstimatorTest, org.apache.commons.math.estimation.GaussNewtonEstimatorTest, org.apache.commons.math.estimation.LevenbergMarquardtEstimatorTest, org.apache.commons.math.estimation.LevenbergMarquardtEstimatorTest, org.apache.commons.math.estimation.MinpackTest, org.apache.commons.math.estimation.MinpackTest, org.apache.commons.math.estimation.WeightedMeasurementTest, org.apache.commons.math.estimation.WeightedMeasurementTest, org.apache.commons.math.fraction.FractionFormatTest, org.apache.commons.math.fraction.FractionFormatTest, org.apache.commons.math.fraction.FractionTest, org.apache.commons.math.fraction.FractionTest, org.apache.commons.math.geometry.FrenchVector3DFormatTest, org.apache.commons.math.geometry.FrenchVector3DFormatTest, org.apache.commons.math.geometry.RotationOrderTest, org.apache.commons.math.geometry.RotationOrderTest, org.apache.commons.math.geometry.RotationTest, org.apache.commons.math.geometry.RotationTest, org.apache.commons.math.geometry.Vector3DFormatTest, org.apache.commons.math.geometry.Vector3DFormatTest, org.apache.commons.math.geometry.Vector3DTest, org.apache.commons.math.geometry.Vector3DTest, org.apache.commons.math.linear.BiDiagonalTransformerTest, org.apache.commons.math.linear.BiDiagonalTransformerTest, org.apache.commons.math.linear.BigMatrixImplTest, org.apache.commons.math.linear.BigMatrixImplTest, org.apache.commons.math.linear.DenseRealMatrixTest, org.apache.commons.math.linear.DenseRealMatrixTest, org.apache.commons.math.linear.EigenDecompositionImplTest, org.apache.commons.math.linear.EigenDecompositionImplTest, org.apache.commons.math.linear.EigenSolverTest, org.apache.commons.math.linear.EigenSolverTest, org.apache.commons.math.linear.FrenchRealVectorFormatTest, org.apache.commons.math.linear.FrenchRealVectorFormatTest, org.apache.commons.math.linear.InvalidMatrixExceptionTest, org.apache.commons.math.linear.InvalidMatrixExceptionTest, org.apache.commons.math.linear.LUDecompositionImplTest, org.apache.commons.math.linear.LUDecompositionImplTest, org.apache.commons.math.linear.LUSolverTest, org.apache.commons.math.linear.LUSolverTest, org.apache.commons.math.linear.MatrixIndexExceptionTest, org.apache.commons.math.linear.MatrixIndexExceptionTest, org.apache.commons.math.linear.MatrixUtilsTest, org.apache.commons.math.linear.MatrixUtilsTest, org.apache.commons.math.linear.QRDecompositionImplTest, org.apache.commons.math.linear.QRDecompositionImplTest, org.apache.commons.math.linear.QRSolverTest, org.apache.commons.math.linear.QRSolverTest, org.apache.commons.math.linear.RealMatrixImplTest, org.apache.commons.math.linear.RealMatrixImplTest, org.apache.commons.math.linear.RealVectorFormatTest, org.apache.commons.math.linear.RealVectorFormatTest, org.apache.commons.math.linear.RealVectorImplTest, org.apache.commons.math.linear.RealVectorImplTest, org.apache.commons.math.linear.SingularValueDecompositionImplTest, org.apache.commons.math.linear.SingularValueDecompositionImplTest, org.apache.commons.math.linear.SingularValueSolverTest, org.apache.commons.math.linear.SingularValueSolverTest, org.apache.commons.math.linear.SparseRealMatrixTest, org.apache.commons.math.linear.SparseRealMatrixTest, org.apache.commons.math.linear.TriDiagonalTransformerTest, org.apache.commons.math.linear.TriDiagonalTransformerTest, org.apache.commons.math.ode.ContinuousOutputModelTest, org.apache.commons.math.ode.ContinuousOutputModelTest, org.apache.commons.math.ode.FirstOrderConverterTest, org.apache.commons.math.ode.FirstOrderConverterTest, org.apache.commons.math.ode.nonstiff.AdamsBashforthIntegratorTest, org.apache.commons.math.ode.nonstiff.AdamsBashforthIntegratorTest, org.apache.commons.math.ode.nonstiff.AdamsMoultonIntegratorTest, org.apache.commons.math.ode.nonstiff.AdamsMoultonIntegratorTest, org.apache.commons.math.ode.nonstiff.ClassicalRungeKuttaIntegratorTest, org.apache.commons.math.ode.nonstiff.ClassicalRungeKuttaIntegratorTest, org.apache.commons.math.ode.nonstiff.ClassicalRungeKuttaStepInterpolatorTest, org.apache.commons.math.ode.nonstiff.ClassicalRungeKuttaStepInterpolatorTest, org.apache.commons.math.ode.nonstiff.DormandPrince54IntegratorTest, org.apache.commons.math.ode.nonstiff.DormandPrince54IntegratorTest, org.apache.commons.math.ode.nonstiff.DormandPrince54StepInterpolatorTest, org.apache.commons.math.ode.nonstiff.DormandPrince54StepInterpolatorTest, org.apache.commons.math.ode.nonstiff.DormandPrince853IntegratorTest, org.apache.commons.math.ode.nonstiff.DormandPrince853IntegratorTest, org.apache.commons.math.ode.nonstiff.DormandPrince853StepInterpolatorTest, org.apache.commons.math.ode.nonstiff.DormandPrince853StepInterpolatorTest, org.apache.commons.math.ode.nonstiff.EulerIntegratorTest, org.apache.commons.math.ode.nonstiff.EulerIntegratorTest, org.apache.commons.math.ode.nonstiff.EulerStepInterpolatorTest, org.apache.commons.math.ode.nonstiff.EulerStepInterpolatorTest, org.apache.commons.math.ode.nonstiff.GillIntegratorTest, org.apache.commons.math.ode.nonstiff.GillIntegratorTest, org.apache.commons.math.ode.nonstiff.GillStepInterpolatorTest, org.apache.commons.math.ode.nonstiff.GillStepInterpolatorTest, org.apache.commons.math.ode.nonstiff.GraggBulirschStoerIntegratorTest, org.apache.commons.math.ode.nonstiff.GraggBulirschStoerIntegratorTest, org.apache.commons.math.ode.nonstiff.GraggBulirschStoerStepInterpolatorTest, org.apache.commons.math.ode.nonstiff.GraggBulirschStoerStepInterpolatorTest, org.apache.commons.math.ode.nonstiff.HighamHall54IntegratorTest, org.apache.commons.math.ode.nonstiff.HighamHall54IntegratorTest, org.apache.commons.math.ode.nonstiff.HighamHall54StepInterpolatorTest, org.apache.commons.math.ode.nonstiff.HighamHall54StepInterpolatorTest, org.apache.commons.math.ode.nonstiff.MidpointIntegratorTest, org.apache.commons.math.ode.nonstiff.MidpointIntegratorTest, org.apache.commons.math.ode.nonstiff.MidpointStepInterpolatorTest, org.apache.commons.math.ode.nonstiff.MidpointStepInterpolatorTest, org.apache.commons.math.ode.nonstiff.StepInterpolatorAbstractTest, org.apache.commons.math.ode.nonstiff.StepInterpolatorAbstractTest, org.apache.commons.math.ode.nonstiff.ThreeEighthesIntegratorTest, org.apache.commons.math.ode.nonstiff.ThreeEighthesIntegratorTest, org.apache.commons.math.ode.nonstiff.ThreeEighthesStepInterpolatorTest, org.apache.commons.math.ode.nonstiff.ThreeEighthesStepInterpolatorTest, org.apache.commons.math.ode.sampling.DummyStepInterpolatorTest, org.apache.commons.math.ode.sampling.DummyStepInterpolatorTest, org.apache.commons.math.ode.sampling.StepNormalizerTest, org.apache.commons.math.ode.sampling.StepNormalizerTest, org.apache.commons.math.optimization.MultiDirectionalTest, org.apache.commons.math.optimization.MultiDirectionalTest, org.apache.commons.math.optimization.NelderMeadTest, org.apache.commons.math.optimization.NelderMeadTest, org.apache.commons.math.random.AbstractRandomGeneratorTest, org.apache.commons.math.random.AbstractRandomGeneratorTest, org.apache.commons.math.random.CorrelatedRandomVectorGeneratorTest, org.apache.commons.math.random.CorrelatedRandomVectorGeneratorTest, org.apache.commons.math.random.EmpiricalDistributionTest, org.apache.commons.math.random.EmpiricalDistributionTest, org.apache.commons.math.random.GaussianRandomGeneratorTest, org.apache.commons.math.random.GaussianRandomGeneratorTest, org.apache.commons.math.random.RandomAdaptorTest, org.apache.commons.math.random.RandomAdaptorTest, org.apache.commons.math.random.RandomDataTest, org.apache.commons.math.random.RandomDataTest, org.apache.commons.math.random.UncorrelatedRandomVectorGeneratorTest, org.apache.commons.math.random.UncorrelatedRandomVectorGeneratorTest, org.apache.commons.math.random.UniformRandomGeneratorTest, org.apache.commons.math.random.UniformRandomGeneratorTest, org.apache.commons.math.random.ValueServerTest, org.apache.commons.math.random.ValueServerTest, org.apache.commons.math.special.BetaTest, org.apache.commons.math.special.BetaTest, org.apache.commons.math.special.ErfTest, org.apache.commons.math.special.ErfTest, org.apache.commons.math.special.GammaTest, org.apache.commons.math.special.GammaTest, org.apache.commons.math.stat.CertifiedDataTest, org.apache.commons.math.stat.CertifiedDataTest, org.apache.commons.math.stat.FrequencyTest, org.apache.commons.math.stat.FrequencyTest, org.apache.commons.math.stat.StatUtilsTest, org.apache.commons.math.stat.StatUtilsTest, org.apache.commons.math.stat.data.LewTest, org.apache.commons.math.stat.data.LewTest, org.apache.commons.math.stat.data.LotteryTest, org.apache.commons.math.stat.data.LotteryTest, org.apache.commons.math.stat.descriptive.AbstractUnivariateStatisticTest, org.apache.commons.math.stat.descriptive.AbstractUnivariateStatisticTest, org.apache.commons.math.stat.descriptive.DescriptiveStatisticsTest, org.apache.commons.math.stat.descriptive.DescriptiveStatisticsTest, org.apache.commons.math.stat.descriptive.InteractionTest, org.apache.commons.math.stat.descriptive.InteractionTest, org.apache.commons.math.stat.descriptive.ListUnivariateImplTest, org.apache.commons.math.stat.descriptive.ListUnivariateImplTest, org.apache.commons.math.stat.descriptive.MixedListUnivariateImplTest, org.apache.commons.math.stat.descriptive.MixedListUnivariateImplTest, org.apache.commons.math.stat.descriptive.MultivariateSummaryStatisticsTest, org.apache.commons.math.stat.descriptive.MultivariateSummaryStatisticsTest, org.apache.commons.math.stat.descriptive.StatisticalSummaryValuesTest, org.apache.commons.math.stat.descriptive.StatisticalSummaryValuesTest, org.apache.commons.math.stat.descriptive.SummaryStatisticsTest, org.apache.commons.math.stat.descriptive.SummaryStatisticsTest, org.apache.commons.math.stat.descriptive.SynchronizedDescriptiveStatisticsTest, org.apache.commons.math.stat.descriptive.SynchronizedDescriptiveStatisticsTest, org.apache.commons.math.stat.descriptive.SynchronizedSummaryStatisticsTest, org.apache.commons.math.stat.descriptive.SynchronizedSummaryStatisticsTest, org.apache.commons.math.stat.descriptive.moment.FirstMomentTest, org.apache.commons.math.stat.descriptive.moment.FirstMomentTest, org.apache.commons.math.stat.descriptive.moment.FourthMomentTest, org.apache.commons.math.stat.descriptive.moment.FourthMomentTest, org.apache.commons.math.stat.descriptive.moment.GeometricMeanTest, org.apache.commons.math.stat.descriptive.moment.GeometricMeanTest, org.apache.commons.math.stat.descriptive.moment.KurtosisTest, org.apache.commons.math.stat.descriptive.moment.KurtosisTest, org.apache.commons.math.stat.descriptive.moment.MeanTest, org.apache.commons.math.stat.descriptive.moment.MeanTest, org.apache.commons.math.stat.descriptive.moment.SecondMomentTest, org.apache.commons.math.stat.descriptive.moment.SecondMomentTest, org.apache.commons.math.stat.descriptive.moment.SkewnessTest, org.apache.commons.math.stat.descriptive.moment.SkewnessTest, org.apache.commons.math.stat.descriptive.moment.StandardDeviationTest, org.apache.commons.math.stat.descriptive.moment.StandardDeviationTest, org.apache.commons.math.stat.descriptive.moment.ThirdMomentTest, org.apache.commons.math.stat.descriptive.moment.ThirdMomentTest, org.apache.commons.math.stat.descriptive.moment.VarianceTest, org.apache.commons.math.stat.descriptive.moment.VarianceTest, org.apache.commons.math.stat.descriptive.moment.VectorialCovarianceTest, org.apache.commons.math.stat.descriptive.moment.VectorialCovarianceTest, org.apache.commons.math.stat.descriptive.moment.VectorialMeanTest, org.apache.commons.math.stat.descriptive.moment.VectorialMeanTest, org.apache.commons.math.stat.descriptive.rank.MaxTest, org.apache.commons.math.stat.descriptive.rank.MaxTest, org.apache.commons.math.stat.descriptive.rank.MedianTest, org.apache.commons.math.stat.descriptive.rank.MedianTest, org.apache.commons.math.stat.descriptive.rank.MinTest, org.apache.commons.math.stat.descriptive.rank.MinTest, org.apache.commons.math.stat.descriptive.rank.PercentileTest, org.apache.commons.math.stat.descriptive.rank.PercentileTest, org.apache.commons.math.stat.descriptive.summary.ProductTest, org.apache.commons.math.stat.descriptive.summary.ProductTest, org.apache.commons.math.stat.descriptive.summary.SumLogTest, org.apache.commons.math.stat.descriptive.summary.SumLogTest, org.apache.commons.math.stat.descriptive.summary.SumSqTest, org.apache.commons.math.stat.descriptive.summary.SumSqTest, org.apache.commons.math.stat.descriptive.summary.SumTest, org.apache.commons.math.stat.descriptive.summary.SumTest, org.apache.commons.math.stat.inference.ChiSquareFactoryTest, org.apache.commons.math.stat.inference.ChiSquareFactoryTest, org.apache.commons.math.stat.inference.ChiSquareTestTest, org.apache.commons.math.stat.inference.ChiSquareTestTest, org.apache.commons.math.stat.inference.OneWayAnovaTest, org.apache.commons.math.stat.inference.OneWayAnovaTest, org.apache.commons.math.stat.inference.TTestFactoryTest, org.apache.commons.math.stat.inference.TTestFactoryTest, org.apache.commons.math.stat.inference.TTestTest, org.apache.commons.math.stat.inference.TTestTest, org.apache.commons.math.stat.inference.TestUtilsTest, org.apache.commons.math.stat.inference.TestUtilsTest, org.apache.commons.math.stat.regression.GLSMultipleLinearRegressionTest, org.apache.commons.math.stat.regression.GLSMultipleLinearRegressionTest, org.apache.commons.math.stat.regression.OLSMultipleLinearRegressionTest, org.apache.commons.math.stat.regression.OLSMultipleLinearRegressionTest, org.apache.commons.math.stat.regression.SimpleRegressionTest, org.apache.commons.math.stat.regression.SimpleRegressionTest, org.apache.commons.math.transform.FastCosineTransformerTest, org.apache.commons.math.transform.FastCosineTransformerTest, org.apache.commons.math.transform.FastFourierTransformerTest, org.apache.commons.math.transform.FastFourierTransformerTest, org.apache.commons.math.transform.FastHadamardTransformerTest, org.apache.commons.math.transform.FastHadamardTransformerTest, org.apache.commons.math.transform.FastSineTransformerTest, org.apache.commons.math.transform.FastSineTransformerTest, org.apache.commons.math.util.ContinuedFractionTest, org.apache.commons.math.util.ContinuedFractionTest, org.apache.commons.math.util.DefaultTransformerTest, org.apache.commons.math.util.DefaultTransformerTest, org.apache.commons.math.util.MathUtilsTest, org.apache.commons.math.util.MathUtilsTest, org.apache.commons.math.util.OpenIntToDoubleHashMapTest, org.apache.commons.math.util.OpenIntToDoubleHashMapTest, org.apache.commons.math.util.ResizableDoubleArrayTest, org.apache.commons.math.util.ResizableDoubleArrayTest, org.apache.commons.math.util.TransformerMapTest, org.apache.commons.math.util.TransformerMapTest]
22:07:52.907 [main] INFO  fr.inria.lille.repair.nopol.NoPol - Config: Config{synthesisDepth=3, collectStaticMethods=true, collectStaticFields=false, collectLiterals=false, onlyOneSynthesisResult=true, sortExpressions=true, maxLineInvocationPerTest=250, timeoutMethodInvocation=2000, dataCollectionTimeoutInSecondForSynthesis=900, addWeight=0.19478, subWeight=0.04554, mulWeight=0.0102, divWeight=0.00613, andWeight=0.10597, orWeight=0.05708, eqWeight=0.22798, nEqWeight=0.0, lessEqWeight=0.0255, lessWeight=0.0947, methodCallWeight=0.1, fieldAccessWeight=0.08099, constantWeight=0.14232, variableWeight=0.05195, mode=REPAIR, type=PRE_THEN_COND, synthesis=SMT, oracle=ANGELIC, solver=Z3, solverPath='/home/tdurieux/defects4j4repair/script/../libs/z3/build/z3', projectSources=[src/java], projectClasspath='[Ljava.net.URL;@66d33a', projectTests=[org.apache.commons.math.ArgumentOutsideDomainExceptionTest, org.apache.commons.math.ArgumentOutsideDomainExceptionTest, org.apache.commons.math.ConvergenceExceptionTest, org.apache.commons.math.ConvergenceExceptionTest, org.apache.commons.math.DuplicateSampleAbscissaExceptionTest, org.apache.commons.math.DuplicateSampleAbscissaExceptionTest, org.apache.commons.math.FunctionEvaluationExceptionTest, org.apache.commons.math.FunctionEvaluationExceptionTest, org.apache.commons.math.MathConfigurationExceptionTest, org.apache.commons.math.MathConfigurationExceptionTest, org.apache.commons.math.MathExceptionTest, org.apache.commons.math.MathExceptionTest, org.apache.commons.math.MaxIterationsExceededExceptionTest, org.apache.commons.math.MaxIterationsExceededExceptionTest, org.apache.commons.math.analysis.BisectionSolverTest, org.apache.commons.math.analysis.BisectionSolverTest, org.apache.commons.math.analysis.BrentSolverTest, org.apache.commons.math.analysis.BrentSolverTest, org.apache.commons.math.analysis.DividedDifferenceInterpolatorTest, org.apache.commons.math.analysis.DividedDifferenceInterpolatorTest, org.apache.commons.math.analysis.LaguerreSolverTest, org.apache.commons.math.analysis.LaguerreSolverTest, org.apache.commons.math.analysis.MullerSolverTest, org.apache.commons.math.analysis.MullerSolverTest, org.apache.commons.math.analysis.NevilleInterpolatorTest, org.apache.commons.math.analysis.NevilleInterpolatorTest, org.apache.commons.math.analysis.NewtonSolverTest, org.apache.commons.math.analysis.NewtonSolverTest, org.apache.commons.math.analysis.PolynomialFunctionLagrangeFormTest, org.apache.commons.math.analysis.PolynomialFunctionLagrangeFormTest, org.apache.commons.math.analysis.PolynomialFunctionNewtonFormTest, org.apache.commons.math.analysis.PolynomialFunctionNewtonFormTest, org.apache.commons.math.analysis.PolynomialFunctionTest, org.apache.commons.math.analysis.PolynomialFunctionTest, org.apache.commons.math.analysis.PolynomialSplineFunctionTest, org.apache.commons.math.analysis.PolynomialSplineFunctionTest, org.apache.commons.math.analysis.RiddersSolverTest, org.apache.commons.math.analysis.RiddersSolverTest, org.apache.commons.math.analysis.RombergIntegratorTest, org.apache.commons.math.analysis.RombergIntegratorTest, org.apache.commons.math.analysis.SimpsonIntegratorTest, org.apache.commons.math.analysis.SimpsonIntegratorTest, org.apache.commons.math.analysis.SplineInterpolatorTest, org.apache.commons.math.analysis.SplineInterpolatorTest, org.apache.commons.math.analysis.TrapezoidIntegratorTest, org.apache.commons.math.analysis.TrapezoidIntegratorTest, org.apache.commons.math.analysis.UnivariateRealSolverFactoryImplTest, org.apache.commons.math.analysis.UnivariateRealSolverFactoryImplTest, org.apache.commons.math.analysis.UnivariateRealSolverUtilsTest, org.apache.commons.math.analysis.UnivariateRealSolverUtilsTest, org.apache.commons.math.complex.ComplexFormatTest, org.apache.commons.math.complex.ComplexFormatTest, org.apache.commons.math.complex.ComplexTest, org.apache.commons.math.complex.ComplexTest, org.apache.commons.math.complex.ComplexUtilsTest, org.apache.commons.math.complex.ComplexUtilsTest, org.apache.commons.math.complex.FrenchComplexFormatTest, org.apache.commons.math.complex.FrenchComplexFormatTest, org.apache.commons.math.distribution.BetaDistributionTest, org.apache.commons.math.distribution.BetaDistributionTest, org.apache.commons.math.distribution.BinomialDistributionTest, org.apache.commons.math.distribution.BinomialDistributionTest, org.apache.commons.math.distribution.CauchyDistributionTest, org.apache.commons.math.distribution.CauchyDistributionTest, org.apache.commons.math.distribution.ChiSquareDistributionTest, org.apache.commons.math.distribution.ChiSquareDistributionTest, org.apache.commons.math.distribution.ExponentialDistributionTest, org.apache.commons.math.distribution.ExponentialDistributionTest, org.apache.commons.math.distribution.FDistributionTest, org.apache.commons.math.distribution.FDistributionTest, org.apache.commons.math.distribution.GammaDistributionTest, org.apache.commons.math.distribution.GammaDistributionTest, org.apache.commons.math.distribution.HypergeometricDistributionTest, org.apache.commons.math.distribution.HypergeometricDistributionTest, org.apache.commons.math.distribution.NormalDistributionTest, org.apache.commons.math.distribution.NormalDistributionTest, org.apache.commons.math.distribution.PascalDistributionTest, org.apache.commons.math.distribution.PascalDistributionTest, org.apache.commons.math.distribution.PoissonDistributionTest, org.apache.commons.math.distribution.PoissonDistributionTest, org.apache.commons.math.distribution.TDistributionTest, org.apache.commons.math.distribution.TDistributionTest, org.apache.commons.math.distribution.WeibullDistributionTest, org.apache.commons.math.distribution.WeibullDistributionTest, org.apache.commons.math.distribution.ZipfDistributionTest, org.apache.commons.math.distribution.ZipfDistributionTest, org.apache.commons.math.estimation.EstimatedParameterTest, org.apache.commons.math.estimation.EstimatedParameterTest, org.apache.commons.math.estimation.GaussNewtonEstimatorTest, org.apache.commons.math.estimation.GaussNewtonEstimatorTest, org.apache.commons.math.estimation.LevenbergMarquardtEstimatorTest, org.apache.commons.math.estimation.LevenbergMarquardtEstimatorTest, org.apache.commons.math.estimation.MinpackTest, org.apache.commons.math.estimation.MinpackTest, org.apache.commons.math.estimation.WeightedMeasurementTest, org.apache.commons.math.estimation.WeightedMeasurementTest, org.apache.commons.math.fraction.FractionFormatTest, org.apache.commons.math.fraction.FractionFormatTest, org.apache.commons.math.fraction.FractionTest, org.apache.commons.math.fraction.FractionTest, org.apache.commons.math.geometry.FrenchVector3DFormatTest, org.apache.commons.math.geometry.FrenchVector3DFormatTest, org.apache.commons.math.geometry.RotationOrderTest, org.apache.commons.math.geometry.RotationOrderTest, org.apache.commons.math.geometry.RotationTest, org.apache.commons.math.geometry.RotationTest, org.apache.commons.math.geometry.Vector3DFormatTest, org.apache.commons.math.geometry.Vector3DFormatTest, org.apache.commons.math.geometry.Vector3DTest, org.apache.commons.math.geometry.Vector3DTest, org.apache.commons.math.linear.BiDiagonalTransformerTest, org.apache.commons.math.linear.BiDiagonalTransformerTest, org.apache.commons.math.linear.BigMatrixImplTest, org.apache.commons.math.linear.BigMatrixImplTest, org.apache.commons.math.linear.DenseRealMatrixTest, org.apache.commons.math.linear.DenseRealMatrixTest, org.apache.commons.math.linear.EigenDecompositionImplTest, org.apache.commons.math.linear.EigenDecompositionImplTest, org.apache.commons.math.linear.EigenSolverTest, org.apache.commons.math.linear.EigenSolverTest, org.apache.commons.math.linear.FrenchRealVectorFormatTest, org.apache.commons.math.linear.FrenchRealVectorFormatTest, org.apache.commons.math.linear.InvalidMatrixExceptionTest, org.apache.commons.math.linear.InvalidMatrixExceptionTest, org.apache.commons.math.linear.LUDecompositionImplTest, org.apache.commons.math.linear.LUDecompositionImplTest, org.apache.commons.math.linear.LUSolverTest, org.apache.commons.math.linear.LUSolverTest, org.apache.commons.math.linear.MatrixIndexExceptionTest, org.apache.commons.math.linear.MatrixIndexExceptionTest, org.apache.commons.math.linear.MatrixUtilsTest, org.apache.commons.math.linear.MatrixUtilsTest, org.apache.commons.math.linear.QRDecompositionImplTest, org.apache.commons.math.linear.QRDecompositionImplTest, org.apache.commons.math.linear.QRSolverTest, org.apache.commons.math.linear.QRSolverTest, org.apache.commons.math.linear.RealMatrixImplTest, org.apache.commons.math.linear.RealMatrixImplTest, org.apache.commons.math.linear.RealVectorFormatTest, org.apache.commons.math.linear.RealVectorFormatTest, org.apache.commons.math.linear.RealVectorImplTest, org.apache.commons.math.linear.RealVectorImplTest, org.apache.commons.math.linear.SingularValueDecompositionImplTest, org.apache.commons.math.linear.SingularValueDecompositionImplTest, org.apache.commons.math.linear.SingularValueSolverTest, org.apache.commons.math.linear.SingularValueSolverTest, org.apache.commons.math.linear.SparseRealMatrixTest, org.apache.commons.math.linear.SparseRealMatrixTest, org.apache.commons.math.linear.TriDiagonalTransformerTest, org.apache.commons.math.linear.TriDiagonalTransformerTest, org.apache.commons.math.ode.ContinuousOutputModelTest, org.apache.commons.math.ode.ContinuousOutputModelTest, org.apache.commons.math.ode.FirstOrderConverterTest, org.apache.commons.math.ode.FirstOrderConverterTest, org.apache.commons.math.ode.nonstiff.AdamsBashforthIntegratorTest, org.apache.commons.math.ode.nonstiff.AdamsBashforthIntegratorTest, org.apache.commons.math.ode.nonstiff.AdamsMoultonIntegratorTest, org.apache.commons.math.ode.nonstiff.AdamsMoultonIntegratorTest, org.apache.commons.math.ode.nonstiff.ClassicalRungeKuttaIntegratorTest, org.apache.commons.math.ode.nonstiff.ClassicalRungeKuttaIntegratorTest, org.apache.commons.math.ode.nonstiff.ClassicalRungeKuttaStepInterpolatorTest, org.apache.commons.math.ode.nonstiff.ClassicalRungeKuttaStepInterpolatorTest, org.apache.commons.math.ode.nonstiff.DormandPrince54IntegratorTest, org.apache.commons.math.ode.nonstiff.DormandPrince54IntegratorTest, org.apache.commons.math.ode.nonstiff.DormandPrince54StepInterpolatorTest, org.apache.commons.math.ode.nonstiff.DormandPrince54StepInterpolatorTest, org.apache.commons.math.ode.nonstiff.DormandPrince853IntegratorTest, org.apache.commons.math.ode.nonstiff.DormandPrince853IntegratorTest, org.apache.commons.math.ode.nonstiff.DormandPrince853StepInterpolatorTest, org.apache.commons.math.ode.nonstiff.DormandPrince853StepInterpolatorTest, org.apache.commons.math.ode.nonstiff.EulerIntegratorTest, org.apache.commons.math.ode.nonstiff.EulerIntegratorTest, org.apache.commons.math.ode.nonstiff.EulerStepInterpolatorTest, org.apache.commons.math.ode.nonstiff.EulerStepInterpolatorTest, org.apache.commons.math.ode.nonstiff.GillIntegratorTest, org.apache.commons.math.ode.nonstiff.GillIntegratorTest, org.apache.commons.math.ode.nonstiff.GillStepInterpolatorTest, org.apache.commons.math.ode.nonstiff.GillStepInterpolatorTest, org.apache.commons.math.ode.nonstiff.GraggBulirschStoerIntegratorTest, org.apache.commons.math.ode.nonstiff.GraggBulirschStoerIntegratorTest, org.apache.commons.math.ode.nonstiff.GraggBulirschStoerStepInterpolatorTest, org.apache.commons.math.ode.nonstiff.GraggBulirschStoerStepInterpolatorTest, org.apache.commons.math.ode.nonstiff.HighamHall54IntegratorTest, org.apache.commons.math.ode.nonstiff.HighamHall54IntegratorTest, org.apache.commons.math.ode.nonstiff.HighamHall54StepInterpolatorTest, org.apache.commons.math.ode.nonstiff.HighamHall54StepInterpolatorTest, org.apache.commons.math.ode.nonstiff.MidpointIntegratorTest, org.apache.commons.math.ode.nonstiff.MidpointIntegratorTest, org.apache.commons.math.ode.nonstiff.MidpointStepInterpolatorTest, org.apache.commons.math.ode.nonstiff.MidpointStepInterpolatorTest, org.apache.commons.math.ode.nonstiff.StepInterpolatorAbstractTest, org.apache.commons.math.ode.nonstiff.StepInterpolatorAbstractTest, org.apache.commons.math.ode.nonstiff.ThreeEighthesIntegratorTest, org.apache.commons.math.ode.nonstiff.ThreeEighthesIntegratorTest, org.apache.commons.math.ode.nonstiff.ThreeEighthesStepInterpolatorTest, org.apache.commons.math.ode.nonstiff.ThreeEighthesStepInterpolatorTest, org.apache.commons.math.ode.sampling.DummyStepInterpolatorTest, org.apache.commons.math.ode.sampling.DummyStepInterpolatorTest, org.apache.commons.math.ode.sampling.StepNormalizerTest, org.apache.commons.math.ode.sampling.StepNormalizerTest, org.apache.commons.math.optimization.MultiDirectionalTest, org.apache.commons.math.optimization.MultiDirectionalTest, org.apache.commons.math.optimization.NelderMeadTest, org.apache.commons.math.optimization.NelderMeadTest, org.apache.commons.math.random.AbstractRandomGeneratorTest, org.apache.commons.math.random.AbstractRandomGeneratorTest, org.apache.commons.math.random.CorrelatedRandomVectorGeneratorTest, org.apache.commons.math.random.CorrelatedRandomVectorGeneratorTest, org.apache.commons.math.random.EmpiricalDistributionTest, org.apache.commons.math.random.EmpiricalDistributionTest, org.apache.commons.math.random.GaussianRandomGeneratorTest, org.apache.commons.math.random.GaussianRandomGeneratorTest, org.apache.commons.math.random.RandomAdaptorTest, org.apache.commons.math.random.RandomAdaptorTest, org.apache.commons.math.random.RandomDataTest, org.apache.commons.math.random.RandomDataTest, org.apache.commons.math.random.UncorrelatedRandomVectorGeneratorTest, org.apache.commons.math.random.UncorrelatedRandomVectorGeneratorTest, org.apache.commons.math.random.UniformRandomGeneratorTest, org.apache.commons.math.random.UniformRandomGeneratorTest, org.apache.commons.math.random.ValueServerTest, org.apache.commons.math.random.ValueServerTest, org.apache.commons.math.special.BetaTest, org.apache.commons.math.special.BetaTest, org.apache.commons.math.special.ErfTest, org.apache.commons.math.special.ErfTest, org.apache.commons.math.special.GammaTest, org.apache.commons.math.special.GammaTest, org.apache.commons.math.stat.CertifiedDataTest, org.apache.commons.math.stat.CertifiedDataTest, org.apache.commons.math.stat.FrequencyTest, org.apache.commons.math.stat.FrequencyTest, org.apache.commons.math.stat.StatUtilsTest, org.apache.commons.math.stat.StatUtilsTest, org.apache.commons.math.stat.data.LewTest, org.apache.commons.math.stat.data.LewTest, org.apache.commons.math.stat.data.LotteryTest, org.apache.commons.math.stat.data.LotteryTest, org.apache.commons.math.stat.descriptive.AbstractUnivariateStatisticTest, org.apache.commons.math.stat.descriptive.AbstractUnivariateStatisticTest, org.apache.commons.math.stat.descriptive.DescriptiveStatisticsTest, org.apache.commons.math.stat.descriptive.DescriptiveStatisticsTest, org.apache.commons.math.stat.descriptive.InteractionTest, org.apache.commons.math.stat.descriptive.InteractionTest, org.apache.commons.math.stat.descriptive.ListUnivariateImplTest, org.apache.commons.math.stat.descriptive.ListUnivariateImplTest, org.apache.commons.math.stat.descriptive.MixedListUnivariateImplTest, org.apache.commons.math.stat.descriptive.MixedListUnivariateImplTest, org.apache.commons.math.stat.descriptive.MultivariateSummaryStatisticsTest, org.apache.commons.math.stat.descriptive.MultivariateSummaryStatisticsTest, org.apache.commons.math.stat.descriptive.StatisticalSummaryValuesTest, org.apache.commons.math.stat.descriptive.StatisticalSummaryValuesTest, org.apache.commons.math.stat.descriptive.SummaryStatisticsTest, org.apache.commons.math.stat.descriptive.SummaryStatisticsTest, org.apache.commons.math.stat.descriptive.SynchronizedDescriptiveStatisticsTest, org.apache.commons.math.stat.descriptive.SynchronizedDescriptiveStatisticsTest, org.apache.commons.math.stat.descriptive.SynchronizedSummaryStatisticsTest, org.apache.commons.math.stat.descriptive.SynchronizedSummaryStatisticsTest, org.apache.commons.math.stat.descriptive.moment.FirstMomentTest, org.apache.commons.math.stat.descriptive.moment.FirstMomentTest, org.apache.commons.math.stat.descriptive.moment.FourthMomentTest, org.apache.commons.math.stat.descriptive.moment.FourthMomentTest, org.apache.commons.math.stat.descriptive.moment.GeometricMeanTest, org.apache.commons.math.stat.descriptive.moment.GeometricMeanTest, org.apache.commons.math.stat.descriptive.moment.KurtosisTest, org.apache.commons.math.stat.descriptive.moment.KurtosisTest, org.apache.commons.math.stat.descriptive.moment.MeanTest, org.apache.commons.math.stat.descriptive.moment.MeanTest, org.apache.commons.math.stat.descriptive.moment.SecondMomentTest, org.apache.commons.math.stat.descriptive.moment.SecondMomentTest, org.apache.commons.math.stat.descriptive.moment.SkewnessTest, org.apache.commons.math.stat.descriptive.moment.SkewnessTest, org.apache.commons.math.stat.descriptive.moment.StandardDeviationTest, org.apache.commons.math.stat.descriptive.moment.StandardDeviationTest, org.apache.commons.math.stat.descriptive.moment.ThirdMomentTest, org.apache.commons.math.stat.descriptive.moment.ThirdMomentTest, org.apache.commons.math.stat.descriptive.moment.VarianceTest, org.apache.commons.math.stat.descriptive.moment.VarianceTest, org.apache.commons.math.stat.descriptive.moment.VectorialCovarianceTest, org.apache.commons.math.stat.descriptive.moment.VectorialCovarianceTest, org.apache.commons.math.stat.descriptive.moment.VectorialMeanTest, org.apache.commons.math.stat.descriptive.moment.VectorialMeanTest, org.apache.commons.math.stat.descriptive.rank.MaxTest, org.apache.commons.math.stat.descriptive.rank.MaxTest, org.apache.commons.math.stat.descriptive.rank.MedianTest, org.apache.commons.math.stat.descriptive.rank.MedianTest, org.apache.commons.math.stat.descriptive.rank.MinTest, org.apache.commons.math.stat.descriptive.rank.MinTest, org.apache.commons.math.stat.descriptive.rank.PercentileTest, org.apache.commons.math.stat.descriptive.rank.PercentileTest, org.apache.commons.math.stat.descriptive.summary.ProductTest, org.apache.commons.math.stat.descriptive.summary.ProductTest, org.apache.commons.math.stat.descriptive.summary.SumLogTest, org.apache.commons.math.stat.descriptive.summary.SumLogTest, org.apache.commons.math.stat.descriptive.summary.SumSqTest, org.apache.commons.math.stat.descriptive.summary.SumSqTest, org.apache.commons.math.stat.descriptive.summary.SumTest, org.apache.commons.math.stat.descriptive.summary.SumTest, org.apache.commons.math.stat.inference.ChiSquareFactoryTest, org.apache.commons.math.stat.inference.ChiSquareFactoryTest, org.apache.commons.math.stat.inference.ChiSquareTestTest, org.apache.commons.math.stat.inference.ChiSquareTestTest, org.apache.commons.math.stat.inference.OneWayAnovaTest, org.apache.commons.math.stat.inference.OneWayAnovaTest, org.apache.commons.math.stat.inference.TTestFactoryTest, org.apache.commons.math.stat.inference.TTestFactoryTest, org.apache.commons.math.stat.inference.TTestTest, org.apache.commons.math.stat.inference.TTestTest, org.apache.commons.math.stat.inference.TestUtilsTest, org.apache.commons.math.stat.inference.TestUtilsTest, org.apache.commons.math.stat.regression.GLSMultipleLinearRegressionTest, org.apache.commons.math.stat.regression.GLSMultipleLinearRegressionTest, org.apache.commons.math.stat.regression.OLSMultipleLinearRegressionTest, org.apache.commons.math.stat.regression.OLSMultipleLinearRegressionTest, org.apache.commons.math.stat.regression.SimpleRegressionTest, org.apache.commons.math.stat.regression.SimpleRegressionTest, org.apache.commons.math.transform.FastCosineTransformerTest, org.apache.commons.math.transform.FastCosineTransformerTest, org.apache.commons.math.transform.FastFourierTransformerTest, org.apache.commons.math.transform.FastFourierTransformerTest, org.apache.commons.math.transform.FastHadamardTransformerTest, org.apache.commons.math.transform.FastHadamardTransformerTest, org.apache.commons.math.transform.FastSineTransformerTest, org.apache.commons.math.transform.FastSineTransformerTest, org.apache.commons.math.util.ContinuedFractionTest, org.apache.commons.math.util.ContinuedFractionTest, org.apache.commons.math.util.DefaultTransformerTest, org.apache.commons.math.util.DefaultTransformerTest, org.apache.commons.math.util.MathUtilsTest, org.apache.commons.math.util.MathUtilsTest, org.apache.commons.math.util.OpenIntToDoubleHashMapTest, org.apache.commons.math.util.OpenIntToDoubleHashMapTest, org.apache.commons.math.util.ResizableDoubleArrayTest, org.apache.commons.math.util.ResizableDoubleArrayTest, org.apache.commons.math.util.TransformerMapTest, org.apache.commons.math.util.TransformerMapTest], complianceLevel=5, outputFolder=., json=true}
22:07:52.908 [main] INFO  fr.inria.lille.repair.nopol.NoPol - Available processors (cores): 24
22:07:52.931 [main] INFO  fr.inria.lille.repair.nopol.NoPol - Free memory: 429 MB
22:07:52.931 [main] INFO  fr.inria.lille.repair.nopol.NoPol - Maximum memory: 3 GB
22:07:52.931 [main] INFO  fr.inria.lille.repair.nopol.NoPol - Total memory available to JVM: 483 MB
22:07:52.931 [main] INFO  fr.inria.lille.repair.nopol.NoPol - Java version: 1.8.0_181
22:07:52.932 [main] INFO  fr.inria.lille.repair.nopol.NoPol - JAVA_HOME: /usr/lib/jvm/java-1.8.0-openjdk-amd64/bin/
22:07:52.932 [main] INFO  fr.inria.lille.repair.nopol.NoPol - PATH: /usr/lib/jvm/java-1.8.0-openjdk-amd64/bin/:/usr/lib/oar/oardodo:/usr/lib/oar/oardodo:/usr/local/bin:/usr/bin:/bin:/usr/games
22:08:08.228 [pool-2-thread-1] DEBUG fr.inria.lille.repair.nopol.NoPol - statement #1
22:08:08.229 [pool-2-thread-1] DEBUG fr.inria.lille.repair.nopol.NoPol - Analysing SourceLocation org.apache.commons.math.ode.nonstiff.AdamsBashforthIntegrator:272 which is executed by 13 tests
-1378958115
22:08:08.528 [pool-2-thread-1] DEBUG fr.inria.lille.repair.nopol.NoPol - looking with class fr.inria.lille.repair.nopol.spoon.smt.ConditionalAdder
22:08:11.801 [pool-4-thread-1] INFO  xxl.java.junit.TestCasesListener - Tests run finished (3224 ms)
<> Total tests run: 85
<> Ignored tests: 0
<> Failed tests: 0

22:08:11.802 [pool-2-thread-1] ERROR fr.inria.lille.repair.nopol.NoPol - Error ExecutionException java.util.concurrent.ExecutionException: java.lang.RuntimeException: failingTestCasesValidated: nothing to repair, no failing test cases
22:08:11.802 [pool-2-thread-1] DEBUG fr.inria.lille.repair.nopol.NoPol - statement #2
22:08:11.802 [pool-2-thread-1] DEBUG fr.inria.lille.repair.nopol.NoPol - Analysing SourceLocation org.apache.commons.math.ode.nonstiff.AdamsBashforthIntegrator:269 which is executed by 13 tests
-1378958115
22:08:11.903 [pool-2-thread-1] DEBUG fr.inria.lille.repair.nopol.NoPol - statement #3
22:08:11.904 [pool-2-thread-1] DEBUG fr.inria.lille.repair.nopol.NoPol - Analysing SourceLocation org.apache.commons.math.ode.nonstiff.AdamsBashforthIntegrator:258 which is executed by 13 tests
-1378958115
22:08:12.002 [pool-2-thread-1] DEBUG fr.inria.lille.repair.nopol.NoPol - statement #4
22:08:12.002 [pool-2-thread-1] DEBUG fr.inria.lille.repair.nopol.NoPol - Analysing SourceLocation org.apache.commons.math.ode.nonstiff.AdamsBashforthIntegrator:249 which is executed by 13 tests
-1378958115
22:08:12.107 [pool-2-thread-1] DEBUG fr.inria.lille.repair.nopol.NoPol - looking with class fr.inria.lille.repair.nopol.spoon.smt.ConditionalAdder
22:08:15.253 [pool-6-thread-1] INFO  xxl.java.junit.TestCasesListener - Tests run finished (3134 ms)
<> Total tests run: 85
<> Ignored tests: 0
<> Failed tests: 0

22:08:15.253 [pool-2-thread-1] ERROR fr.inria.lille.repair.nopol.NoPol - Error ExecutionException java.util.concurrent.ExecutionException: java.lang.RuntimeException: failingTestCasesValidated: nothing to repair, no failing test cases
22:08:15.253 [pool-2-thread-1] DEBUG fr.inria.lille.repair.nopol.NoPol - statement #5
22:08:15.253 [pool-2-thread-1] DEBUG fr.inria.lille.repair.nopol.NoPol - Analysing SourceLocation org.apache.commons.math.ode.nonstiff.AdamsBashforthIntegrator:246 which is executed by 13 tests
-1378958115
22:08:15.345 [pool-2-thread-1] DEBUG fr.inria.lille.repair.nopol.NoPol - looking with class fr.inria.lille.repair.nopol.spoon.smt.ConditionalAdder
22:08:18.437 [pool-8-thread-1] INFO  xxl.java.junit.TestCasesListener - Tests run finished (3078 ms)
<> Total tests run: 85
<> Ignored tests: 0
<> Failed tests: 0

22:08:18.438 [pool-2-thread-1] ERROR fr.inria.lille.repair.nopol.NoPol - Error ExecutionException java.util.concurrent.ExecutionException: java.lang.RuntimeException: failingTestCasesValidated: nothing to repair, no failing test cases
22:08:18.438 [pool-2-thread-1] DEBUG fr.inria.lille.repair.nopol.NoPol - statement #6
22:08:18.438 [pool-2-thread-1] DEBUG fr.inria.lille.repair.nopol.NoPol - Analysing SourceLocation org.apache.commons.math.ode.nonstiff.AdamsBashforthIntegrator:243 which is executed by 13 tests
-1378958115
22:08:18.528 [pool-2-thread-1] DEBUG fr.inria.lille.repair.nopol.NoPol - statement #7
22:08:18.529 [pool-2-thread-1] DEBUG fr.inria.lille.repair.nopol.NoPol - Analysing SourceLocation org.apache.commons.math.ode.nonstiff.AdamsBashforthIntegrator:255 which is executed by 12 tests
-1378958115
22:08:18.635 [pool-2-thread-1] DEBUG fr.inria.lille.repair.nopol.NoPol - looking with class fr.inria.lille.repair.nopol.spoon.smt.ConditionalAdder
22:08:21.597 [pool-10-thread-1] INFO  xxl.java.junit.TestCasesListener - Tests run finished (2954 ms)
<> Total tests run: 79
<> Ignored tests: 0
<> Failed tests: 0

22:08:21.598 [pool-2-thread-1] ERROR fr.inria.lille.repair.nopol.NoPol - Error ExecutionException java.util.concurrent.ExecutionException: java.lang.RuntimeException: failingTestCasesValidated: nothing to repair, no failing test cases
22:08:21.598 [pool-2-thread-1] DEBUG fr.inria.lille.repair.nopol.NoPol - statement #8
22:08:21.598 [pool-2-thread-1] DEBUG fr.inria.lille.repair.nopol.NoPol - Analysing SourceLocation org.apache.commons.math.ode.nonstiff.AdamsBashforthIntegrator:252 which is executed by 12 tests
-1378958115
22:08:21.686 [pool-2-thread-1] DEBUG fr.inria.lille.repair.nopol.NoPol - looking with class fr.inria.lille.repair.nopol.spoon.smt.ConditionalAdder
22:08:24.665 [pool-12-thread-1] INFO  xxl.java.junit.TestCasesListener - Tests run finished (2970 ms)
<> Total tests run: 79
<> Ignored tests: 0
<> Failed tests: 0

22:08:24.666 [pool-2-thread-1] ERROR fr.inria.lille.repair.nopol.NoPol - Error ExecutionException java.util.concurrent.ExecutionException: java.lang.RuntimeException: failingTestCasesValidated: nothing to repair, no failing test cases
22:08:24.666 [pool-2-thread-1] DEBUG fr.inria.lille.repair.nopol.NoPol - statement #9
22:08:24.666 [pool-2-thread-1] DEBUG fr.inria.lille.repair.nopol.NoPol - Analysing SourceLocation org.apache.commons.math.ode.nonstiff.AdamsBashforthIntegrator:251 which is executed by 12 tests
-1378958115
22:08:24.772 [pool-2-thread-1] DEBUG fr.inria.lille.repair.nopol.NoPol - looking with class fr.inria.lille.repair.nopol.spoon.smt.ConditionalAdder
22:08:27.697 [pool-14-thread-1] INFO  xxl.java.junit.TestCasesListener - Tests run finished (2917 ms)
<> Total tests run: 79
<> Ignored tests: 0
<> Failed tests: 0

22:08:27.697 [pool-2-thread-1] ERROR fr.inria.lille.repair.nopol.NoPol - Error ExecutionException java.util.concurrent.ExecutionException: java.lang.RuntimeException: failingTestCasesValidated: nothing to repair, no failing test cases
22:08:27.697 [pool-2-thread-1] DEBUG fr.inria.lille.repair.nopol.NoPol - statement #10
22:08:27.698 [pool-2-thread-1] DEBUG fr.inria.lille.repair.nopol.NoPol - Analysing SourceLocation org.apache.commons.math.ode.nonstiff.AdamsBashforthIntegrator:250 which is executed by 12 tests
-1378958115
22:08:27.785 [pool-2-thread-1] DEBUG fr.inria.lille.repair.nopol.NoPol - looking with class fr.inria.lille.repair.nopol.spoon.smt.ConditionalAdder
22:08:30.738 [pool-16-thread-1] INFO  xxl.java.junit.TestCasesListener - Tests run finished (2944 ms)
<> Total tests run: 79
<> Ignored tests: 0
<> Failed tests: 0

22:08:30.738 [pool-2-thread-1] ERROR fr.inria.lille.repair.nopol.NoPol - Error ExecutionException java.util.concurrent.ExecutionException: java.lang.RuntimeException: failingTestCasesValidated: nothing to repair, no failing test cases
22:08:30.739 [pool-2-thread-1] DEBUG fr.inria.lille.repair.nopol.NoPol - statement #11
22:08:30.739 [pool-2-thread-1] DEBUG fr.inria.lille.repair.nopol.NoPol - Analysing SourceLocation org.apache.commons.math.ode.nonstiff.AdamsBashforthIntegrator:253 which is executed by 10 tests
-1378958115
22:08:30.842 [pool-2-thread-1] DEBUG fr.inria.lille.repair.nopol.NoPol - looking with class fr.inria.lille.repair.nopol.spoon.smt.ConditionalAdder
22:08:33.103 [pool-18-thread-1] INFO  xxl.java.junit.TestCasesListener - Tests run finished (2253 ms)
<> Total tests run: 65
<> Ignored tests: 0
<> Failed tests: 0

22:08:33.104 [pool-2-thread-1] ERROR fr.inria.lille.repair.nopol.NoPol - Error ExecutionException java.util.concurrent.ExecutionException: java.lang.RuntimeException: failingTestCasesValidated: nothing to repair, no failing test cases
22:08:33.104 [pool-2-thread-1] DEBUG fr.inria.lille.repair.nopol.NoPol - statement #12
22:08:33.104 [pool-2-thread-1] DEBUG fr.inria.lille.repair.nopol.NoPol - Analysing SourceLocation org.apache.commons.math.ode.nonstiff.DormandPrince853Integrator:243 which is executed by 27 tests
-1670384204
22:08:33.206 [pool-2-thread-1] DEBUG fr.inria.lille.repair.nopol.NoPol - statement #13
22:08:33.207 [pool-2-thread-1] DEBUG fr.inria.lille.repair.nopol.NoPol - Analysing SourceLocation org.apache.commons.math.fraction.FractionFormat:158 which is executed by 16 tests
1013737658
22:08:33.344 [pool-2-thread-1] DEBUG fr.inria.lille.repair.nopol.NoPol - statement #14
22:08:33.344 [pool-2-thread-1] DEBUG fr.inria.lille.repair.nopol.NoPol - Analysing SourceLocation org.apache.commons.math.fraction.FractionFormat:157 which is executed by 16 tests
1013737658
22:08:33.437 [pool-2-thread-1] DEBUG fr.inria.lille.repair.nopol.NoPol - looking with class fr.inria.lille.repair.nopol.spoon.smt.ConditionalAdder
22:08:33.487 [pool-20-thread-1] INFO  xxl.java.junit.TestCasesListener - Tests run finished (41 ms)
<> Total tests run: 160
<> Ignored tests: 0
<> Failed tests: 0

22:08:33.488 [pool-2-thread-1] ERROR fr.inria.lille.repair.nopol.NoPol - Error ExecutionException java.util.concurrent.ExecutionException: java.lang.RuntimeException: failingTestCasesValidated: nothing to repair, no failing test cases
22:08:33.488 [pool-2-thread-1] DEBUG fr.inria.lille.repair.nopol.NoPol - statement #15
22:08:33.488 [pool-2-thread-1] DEBUG fr.inria.lille.repair.nopol.NoPol - Analysing SourceLocation org.apache.commons.math.fraction.FractionFormat:156 which is executed by 16 tests
1013737658
22:08:33.582 [pool-2-thread-1] DEBUG fr.inria.lille.repair.nopol.NoPol - looking with class fr.inria.lille.repair.nopol.spoon.smt.ConditionalAdder
22:08:33.613 [pool-22-thread-1] INFO  xxl.java.junit.TestCasesListener - Tests run finished (25 ms)
<> Total tests run: 160
<> Ignored tests: 0
<> Failed tests: 0

22:08:33.613 [pool-2-thread-1] ERROR fr.inria.lille.repair.nopol.NoPol - Error ExecutionException java.util.concurrent.ExecutionException: java.lang.RuntimeException: failingTestCasesValidated: nothing to repair, no failing test cases
22:08:33.614 [pool-2-thread-1] DEBUG fr.inria.lille.repair.nopol.NoPol - statement #16
22:08:33.614 [pool-2-thread-1] DEBUG fr.inria.lille.repair.nopol.NoPol - Analysing SourceLocation org.apache.commons.math.fraction.FractionFormat:155 which is executed by 16 tests
1013737658
22:08:33.701 [pool-2-thread-1] DEBUG fr.inria.lille.repair.nopol.NoPol - statement #17
22:08:33.701 [pool-2-thread-1] DEBUG fr.inria.lille.repair.nopol.NoPol - Analysing SourceLocation org.apache.commons.math.fraction.FractionFormat:134 which is executed by 16 tests
1013737658
22:08:33.789 [pool-2-thread-1] DEBUG fr.inria.lille.repair.nopol.NoPol - statement #18
22:08:33.789 [pool-2-thread-1] DEBUG fr.inria.lille.repair.nopol.NoPol - Analysing SourceLocation org.apache.commons.math.fraction.FractionFormat:133 which is executed by 16 tests
1013737658
22:08:33.876 [pool-2-thread-1] DEBUG fr.inria.lille.repair.nopol.NoPol - statement #19
22:08:33.876 [pool-2-thread-1] DEBUG fr.inria.lille.repair.nopol.NoPol - Analysing SourceLocation org.apache.commons.math.fraction.FractionFormat:116 which is executed by 16 tests
1013737658
22:08:33.972 [pool-2-thread-1] DEBUG fr.inria.lille.repair.nopol.NoPol - statement #20
22:08:33.972 [pool-2-thread-1] DEBUG fr.inria.lille.repair.nopol.NoPol - Analysing SourceLocation org.apache.commons.math.fraction.FractionFormat:115 which is executed by 16 tests
1013737658
22:08:34.058 [pool-2-thread-1] DEBUG fr.inria.lille.repair.nopol.NoPol - statement #21
22:08:34.058 [pool-2-thread-1] DEBUG fr.inria.lille.repair.nopol.NoPol - Analysing SourceLocation org.apache.commons.math.fraction.ProperFractionFormat:229 which is executed by 16 tests
-1129122774
22:08:34.140 [pool-2-thread-1] DEBUG fr.inria.lille.repair.nopol.NoPol - statement #22
22:08:34.140 [pool-2-thread-1] DEBUG fr.inria.lille.repair.nopol.NoPol - Analysing SourceLocation org.apache.commons.math.fraction.ProperFractionFormat:228 which is executed by 16 tests
-1129122774
22:08:34.242 [pool-2-thread-1] DEBUG fr.inria.lille.repair.nopol.NoPol - looking with class fr.inria.lille.repair.nopol.spoon.smt.ConditionalAdder
22:08:34.269 [pool-24-thread-1] INFO  xxl.java.junit.TestCasesListener - Tests run finished (21 ms)
<> Total tests run: 160
<> Ignored tests: 0
<> Failed tests: 0

22:08:34.269 [pool-2-thread-1] ERROR fr.inria.lille.repair.nopol.NoPol - Error ExecutionException java.util.concurrent.ExecutionException: java.lang.RuntimeException: failingTestCasesValidated: nothing to repair, no failing test cases
22:08:34.269 [pool-2-thread-1] DEBUG fr.inria.lille.repair.nopol.NoPol - statement #23
22:08:34.269 [pool-2-thread-1] DEBUG fr.inria.lille.repair.nopol.NoPol - Analysing SourceLocation org.apache.commons.math.fraction.ProperFractionFormat:224 which is executed by 16 tests
-1129122774
22:08:34.352 [pool-2-thread-1] DEBUG fr.inria.lille.repair.nopol.NoPol - looking with class fr.inria.lille.repair.nopol.spoon.smt.ConditionalAdder
22:08:34.379 [pool-26-thread-1] INFO  xxl.java.junit.TestCasesListener - Tests run finished (22 ms)
<> Total tests run: 160
<> Ignored tests: 0
<> Failed tests: 0

22:08:34.379 [pool-2-thread-1] ERROR fr.inria.lille.repair.nopol.NoPol - Error ExecutionException java.util.concurrent.ExecutionException: java.lang.RuntimeException: failingTestCasesValidated: nothing to repair, no failing test cases
22:08:34.379 [pool-2-thread-1] DEBUG fr.inria.lille.repair.nopol.NoPol - looking with class fr.inria.lille.repair.nopol.spoon.smt.ConditionalReplacer
22:08:34.405 [pool-28-thread-1] INFO  xxl.java.junit.TestCasesListener - Tests run finished (19 ms)
<> Total tests run: 160
<> Ignored tests: 0
<> Failed tests: 0

22:08:34.405 [pool-2-thread-1] ERROR fr.inria.lille.repair.nopol.NoPol - Error ExecutionException java.util.concurrent.ExecutionException: java.lang.RuntimeException: failingTestCasesValidated: nothing to repair, no failing test cases
22:08:34.405 [pool-2-thread-1] DEBUG fr.inria.lille.repair.nopol.NoPol - statement #24
22:08:34.405 [pool-2-thread-1] DEBUG fr.inria.lille.repair.nopol.NoPol - Analysing SourceLocation org.apache.commons.math.fraction.FractionFormat:385 which is executed by 7 tests
1013737658
22:08:34.491 [pool-2-thread-1] DEBUG fr.inria.lille.repair.nopol.NoPol - looking with class fr.inria.lille.repair.nopol.spoon.smt.ConditionalAdder
22:08:34.521 [pool-30-thread-1] INFO  xxl.java.junit.TestCasesListener - Tests run finished (14 ms)
<> Total tests run: 80
<> Ignored tests: 0
<> Failed tests: 0

22:08:34.522 [pool-2-thread-1] ERROR fr.inria.lille.repair.nopol.NoPol - Error ExecutionException java.util.concurrent.ExecutionException: java.lang.RuntimeException: failingTestCasesValidated: nothing to repair, no failing test cases
22:08:34.522 [pool-2-thread-1] DEBUG fr.inria.lille.repair.nopol.NoPol - statement #25
22:08:34.522 [pool-2-thread-1] DEBUG fr.inria.lille.repair.nopol.NoPol - Analysing SourceLocation org.apache.commons.math.fraction.FractionFormat:281 which is executed by 7 tests
1013737658
22:08:34.608 [pool-2-thread-1] DEBUG fr.inria.lille.repair.nopol.NoPol - looking with class fr.inria.lille.repair.nopol.spoon.smt.ConditionalAdder
22:08:34.625 [pool-32-thread-1] INFO  xxl.java.junit.TestCasesListener - Tests run finished (13 ms)
<> Total tests run: 80
<> Ignored tests: 0
<> Failed tests: 0

22:08:34.625 [pool-2-thread-1] ERROR fr.inria.lille.repair.nopol.NoPol - Error ExecutionException java.util.concurrent.ExecutionException: java.lang.RuntimeException: failingTestCasesValidated: nothing to repair, no failing test cases
22:08:34.625 [pool-2-thread-1] DEBUG fr.inria.lille.repair.nopol.NoPol - statement #26
22:08:34.625 [pool-2-thread-1] DEBUG fr.inria.lille.repair.nopol.NoPol - Analysing SourceLocation org.apache.commons.math.fraction.FractionFormat:280 which is executed by 7 tests
1013737658
22:08:34.711 [pool-2-thread-1] DEBUG fr.inria.lille.repair.nopol.NoPol - statement #27
22:08:34.711 [pool-2-thread-1] DEBUG fr.inria.lille.repair.nopol.NoPol - Analysing SourceLocation org.apache.commons.math.fraction.FractionFormat:279 which is executed by 7 tests
1013737658
22:08:34.796 [pool-2-thread-1] DEBUG fr.inria.lille.repair.nopol.NoPol - statement #28
22:08:34.797 [pool-2-thread-1] DEBUG fr.inria.lille.repair.nopol.NoPol - Analysing SourceLocation org.apache.commons.math.fraction.FractionFormat:389 which is executed by 8 tests
1013737658
22:08:34.882 [pool-2-thread-1] DEBUG fr.inria.lille.repair.nopol.NoPol - statement #29
22:08:34.882 [pool-2-thread-1] DEBUG fr.inria.lille.repair.nopol.NoPol - Analysing SourceLocation org.apache.commons.math.fraction.FractionFormat:384 which is executed by 8 tests
1013737658
22:08:34.968 [pool-2-thread-1] DEBUG fr.inria.lille.repair.nopol.NoPol - looking with class fr.inria.lille.repair.nopol.spoon.smt.ConditionalAdder
22:08:34.985 [pool-34-thread-1] INFO  xxl.java.junit.TestCasesListener - Tests run finished (13 ms)
<> Total tests run: 80
<> Ignored tests: 0
<> Failed tests: 0

22:08:34.985 [pool-2-thread-1] ERROR fr.inria.lille.repair.nopol.NoPol - Error ExecutionException java.util.concurrent.ExecutionException: java.lang.RuntimeException: failingTestCasesValidated: nothing to repair, no failing test cases
22:08:34.985 [pool-2-thread-1] DEBUG fr.inria.lille.repair.nopol.NoPol - looking with class fr.inria.lille.repair.nopol.spoon.smt.ConditionalReplacer
22:08:35.001 [pool-36-thread-1] INFO  xxl.java.junit.TestCasesListener - Tests run finished (12 ms)
<> Total tests run: 80
<> Ignored tests: 0
<> Failed tests: 0

22:08:35.001 [pool-2-thread-1] ERROR fr.inria.lille.repair.nopol.NoPol - Error ExecutionException java.util.concurrent.ExecutionException: java.lang.RuntimeException: failingTestCasesValidated: nothing to repair, no failing test cases
22:08:35.002 [pool-2-thread-1] DEBUG fr.inria.lille.repair.nopol.NoPol - statement #30
22:08:35.002 [pool-2-thread-1] DEBUG fr.inria.lille.repair.nopol.NoPol - Analysing SourceLocation org.apache.commons.math.fraction.FractionFormat:382 which is executed by 8 tests
1013737658
22:08:35.087 [pool-2-thread-1] DEBUG fr.inria.lille.repair.nopol.NoPol - looking with class fr.inria.lille.repair.nopol.spoon.smt.ConditionalAdder
22:08:35.104 [pool-38-thread-1] INFO  xxl.java.junit.TestCasesListener - Tests run finished (13 ms)
<> Total tests run: 80
<> Ignored tests: 0
<> Failed tests: 0

22:08:35.105 [pool-2-thread-1] ERROR fr.inria.lille.repair.nopol.NoPol - Error ExecutionException java.util.concurrent.ExecutionException: java.lang.RuntimeException: failingTestCasesValidated: nothing to repair, no failing test cases
22:08:35.105 [pool-2-thread-1] DEBUG fr.inria.lille.repair.nopol.NoPol - statement #31
22:08:35.105 [pool-2-thread-1] DEBUG fr.inria.lille.repair.nopol.NoPol - Analysing SourceLocation org.apache.commons.math.fraction.FractionFormat:381 which is executed by 8 tests
1013737658
22:08:35.192 [pool-2-thread-1] DEBUG fr.inria.lille.repair.nopol.NoPol - statement #32
22:08:35.193 [pool-2-thread-1] DEBUG fr.inria.lille.repair.nopol.NoPol - Analysing SourceLocation org.apache.commons.math.fraction.FractionFormat:380 which is executed by 8 tests
1013737658
22:08:35.292 [pool-2-thread-1] DEBUG fr.inria.lille.repair.nopol.NoPol - looking with class fr.inria.lille.repair.nopol.spoon.smt.ConditionalAdder
22:08:35.311 [pool-40-thread-1] INFO  xxl.java.junit.TestCasesListener - Tests run finished (14 ms)
<> Total tests run: 80
<> Ignored tests: 0
<> Failed tests: 0

22:08:35.312 [pool-2-thread-1] ERROR fr.inria.lille.repair.nopol.NoPol - Error ExecutionException java.util.concurrent.ExecutionException: java.lang.RuntimeException: failingTestCasesValidated: nothing to repair, no failing test cases
22:08:35.312 [pool-2-thread-1] DEBUG fr.inria.lille.repair.nopol.NoPol - statement #33
22:08:35.312 [pool-2-thread-1] DEBUG fr.inria.lille.repair.nopol.NoPol - Analysing SourceLocation org.apache.commons.math.fraction.FractionFormat:377 which is executed by 8 tests
1013737658
22:08:35.409 [pool-2-thread-1] DEBUG fr.inria.lille.repair.nopol.NoPol - looking with class fr.inria.lille.repair.nopol.spoon.smt.ConditionalAdder
22:08:35.426 [pool-42-thread-1] INFO  xxl.java.junit.TestCasesListener - Tests run finished (13 ms)
<> Total tests run: 80
<> Ignored tests: 0
<> Failed tests: 0

22:08:35.426 [pool-2-thread-1] ERROR fr.inria.lille.repair.nopol.NoPol - Error ExecutionException java.util.concurrent.ExecutionException: java.lang.RuntimeException: failingTestCasesValidated: nothing to repair, no failing test cases
22:08:35.426 [pool-2-thread-1] DEBUG fr.inria.lille.repair.nopol.NoPol - looking with class fr.inria.lille.repair.nopol.spoon.smt.ConditionalReplacer
22:08:35.443 [pool-44-thread-1] INFO  xxl.java.junit.TestCasesListener - Tests run finished (13 ms)
<> Total tests run: 80
<> Ignored tests: 0
<> Failed tests: 0

22:08:35.443 [pool-2-thread-1] ERROR fr.inria.lille.repair.nopol.NoPol - Error ExecutionException java.util.concurrent.ExecutionException: java.lang.RuntimeException: failingTestCasesValidated: nothing to repair, no failing test cases
22:08:35.443 [pool-2-thread-1] DEBUG fr.inria.lille.repair.nopol.NoPol - statement #34
22:08:35.443 [pool-2-thread-1] DEBUG fr.inria.lille.repair.nopol.NoPol - Analysing SourceLocation org.apache.commons.math.fraction.FractionFormat:375 which is executed by 8 tests
1013737658
22:08:35.548 [pool-2-thread-1] DEBUG fr.inria.lille.repair.nopol.NoPol - statement #35
22:08:35.548 [pool-2-thread-1] DEBUG fr.inria.lille.repair.nopol.NoPol - Analysing SourceLocation org.apache.commons.math.fraction.FractionFormat:374 which is executed by 8 tests
1013737658
22:08:35.633 [pool-2-thread-1] DEBUG fr.inria.lille.repair.nopol.NoPol - statement #36
22:08:35.633 [pool-2-thread-1] DEBUG fr.inria.lille.repair.nopol.NoPol - Analysing SourceLocation org.apache.commons.math.fraction.FractionFormat:373 which is executed by 8 tests
1013737658
22:08:35.718 [pool-2-thread-1] DEBUG fr.inria.lille.repair.nopol.NoPol - statement #37
22:08:35.718 [pool-2-thread-1] DEBUG fr.inria.lille.repair.nopol.NoPol - Analysing SourceLocation org.apache.commons.math.fraction.FractionFormat:364 which is executed by 8 tests
1013737658
22:08:35.803 [pool-2-thread-1] DEBUG fr.inria.lille.repair.nopol.NoPol - statement #38
22:08:35.804 [pool-2-thread-1] DEBUG fr.inria.lille.repair.nopol.NoPol - Analysing SourceLocation org.apache.commons.math.fraction.FractionFormat:363 which is executed by 8 tests
1013737658
22:08:35.888 [pool-2-thread-1] DEBUG fr.inria.lille.repair.nopol.NoPol - looking with class fr.inria.lille.repair.nopol.spoon.smt.ConditionalAdder
22:08:35.905 [pool-46-thread-1] INFO  xxl.java.junit.TestCasesListener - Tests run finished (13 ms)
<> Total tests run: 80
<> Ignored tests: 0
<> Failed tests: 0

22:08:35.905 [pool-2-thread-1] ERROR fr.inria.lille.repair.nopol.NoPol - Error ExecutionException java.util.concurrent.ExecutionException: java.lang.RuntimeException: failingTestCasesValidated: nothing to repair, no failing test cases
22:08:35.905 [pool-2-thread-1] DEBUG fr.inria.lille.repair.nopol.NoPol - statement #39
22:08:35.905 [pool-2-thread-1] DEBUG fr.inria.lille.repair.nopol.NoPol - Analysing SourceLocation org.apache.commons.math.fraction.FractionFormat:362 which is executed by 8 tests
1013737658
22:08:35.990 [pool-2-thread-1] DEBUG fr.inria.lille.repair.nopol.NoPol - looking with class fr.inria.lille.repair.nopol.spoon.smt.ConditionalAdder
22:08:36.007 [pool-48-thread-1] INFO  xxl.java.junit.TestCasesListener - Tests run finished (13 ms)
<> Total tests run: 80
<> Ignored tests: 0
<> Failed tests: 0

22:08:36.008 [pool-2-thread-1] ERROR fr.inria.lille.repair.nopol.NoPol - Error ExecutionException java.util.concurrent.ExecutionException: java.lang.RuntimeException: failingTestCasesValidated: nothing to repair, no failing test cases
22:08:36.008 [pool-2-thread-1] DEBUG fr.inria.lille.repair.nopol.NoPol - statement #40
22:08:36.008 [pool-2-thread-1] DEBUG fr.inria.lille.repair.nopol.NoPol - Analysing SourceLocation org.apache.commons.math.fraction.FractionFormat:270 which is executed by 8 tests
1013737658
22:08:36.093 [pool-2-thread-1] DEBUG fr.inria.lille.repair.nopol.NoPol - looking with class fr.inria.lille.repair.nopol.spoon.smt.ConditionalAdder
22:08:36.110 [pool-50-thread-1] INFO  xxl.java.junit.TestCasesListener - Tests run finished (13 ms)
<> Total tests run: 80
<> Ignored tests: 0
<> Failed tests: 0

22:08:36.110 [pool-2-thread-1] ERROR fr.inria.lille.repair.nopol.NoPol - Error ExecutionException java.util.concurrent.ExecutionException: java.lang.RuntimeException: failingTestCasesValidated: nothing to repair, no failing test cases
22:08:36.110 [pool-2-thread-1] DEBUG fr.inria.lille.repair.nopol.NoPol - looking with class fr.inria.lille.repair.nopol.spoon.smt.ConditionalReplacer
22:08:36.126 [pool-52-thread-1] INFO  xxl.java.junit.TestCasesListener - Tests run finished (12 ms)
<> Total tests run: 80
<> Ignored tests: 0
<> Failed tests: 0

22:08:36.127 [pool-2-thread-1] ERROR fr.inria.lille.repair.nopol.NoPol - Error ExecutionException java.util.concurrent.ExecutionException: java.lang.RuntimeException: failingTestCasesValidated: nothing to repair, no failing test cases
22:08:36.127 [pool-2-thread-1] DEBUG fr.inria.lille.repair.nopol.NoPol - statement #41
22:08:36.127 [pool-2-thread-1] DEBUG fr.inria.lille.repair.nopol.NoPol - Analysing SourceLocation org.apache.commons.math.fraction.FractionFormat:269 which is executed by 8 tests
1013737658
22:08:36.211 [pool-2-thread-1] DEBUG fr.inria.lille.repair.nopol.NoPol - statement #42
22:08:36.211 [pool-2-thread-1] DEBUG fr.inria.lille.repair.nopol.NoPol - Analysing SourceLocation org.apache.commons.math.fraction.FractionFormat:266 which is executed by 8 tests
1013737658
22:08:36.295 [pool-2-thread-1] DEBUG fr.inria.lille.repair.nopol.NoPol - looking with class fr.inria.lille.repair.nopol.spoon.smt.ConditionalAdder
22:08:36.312 [pool-54-thread-1] INFO  xxl.java.junit.TestCasesListener - Tests run finished (13 ms)
<> Total tests run: 80
<> Ignored tests: 0
<> Failed tests: 0

22:08:36.312 [pool-2-thread-1] ERROR fr.inria.lille.repair.nopol.NoPol - Error ExecutionException java.util.concurrent.ExecutionException: java.lang.RuntimeException: failingTestCasesValidated: nothing to repair, no failing test cases
22:08:36.312 [pool-2-thread-1] DEBUG fr.inria.lille.repair.nopol.NoPol - statement #43
22:08:36.312 [pool-2-thread-1] DEBUG fr.inria.lille.repair.nopol.NoPol - Analysing SourceLocation org.apache.commons.math.fraction.FractionFormat:263 which is executed by 8 tests
1013737658
22:08:36.396 [pool-2-thread-1] DEBUG fr.inria.lille.repair.nopol.NoPol - statement #44
22:08:36.396 [pool-2-thread-1] DEBUG fr.inria.lille.repair.nopol.NoPol - Analysing SourceLocation org.apache.commons.math.fraction.FractionFormat:246 which is executed by 8 tests
1013737658
22:08:36.481 [pool-2-thread-1] DEBUG fr.inria.lille.repair.nopol.NoPol - statement #45
22:08:36.481 [pool-2-thread-1] DEBUG fr.inria.lille.repair.nopol.NoPol - Analysing SourceLocation org.apache.commons.math.fraction.FractionFormat:245 which is executed by 8 tests
1013737658
22:08:36.567 [pool-2-thread-1] DEBUG fr.inria.lille.repair.nopol.NoPol - statement #46
22:08:36.567 [pool-2-thread-1] DEBUG fr.inria.lille.repair.nopol.NoPol - Analysing SourceLocation org.apache.commons.math.fraction.ProperFractionFormat:133 which is executed by 8 tests
-1129122774
22:08:36.648 [pool-2-thread-1] DEBUG fr.inria.lille.repair.nopol.NoPol - statement #47
22:08:36.649 [pool-2-thread-1] DEBUG fr.inria.lille.repair.nopol.NoPol - Analysing SourceLocation org.apache.commons.math.ode.nonstiff.EmbeddedRungeKuttaIntegrator:359 which is executed by 55 tests
1048307728
22:08:36.748 [pool-2-thread-1] DEBUG fr.inria.lille.repair.nopol.NoPol - statement #48
22:08:36.748 [pool-2-thread-1] DEBUG fr.inria.lille.repair.nopol.NoPol - Analysing SourceLocation org.apache.commons.math.ode.nonstiff.EmbeddedRungeKuttaIntegrator:358 which is executed by 55 tests
1048307728
22:08:36.835 [pool-2-thread-1] DEBUG fr.inria.lille.repair.nopol.NoPol - looking with class fr.inria.lille.repair.nopol.spoon.smt.ConditionalAdder
22:08:39.881 [pool-56-thread-1] INFO  xxl.java.junit.TestCasesListener - Tests run finished (3038 ms)
<> Total tests run: 85
<> Ignored tests: 0
<> Failed tests: 0

22:08:39.882 [pool-2-thread-1] ERROR fr.inria.lille.repair.nopol.NoPol - Error ExecutionException java.util.concurrent.ExecutionException: java.lang.RuntimeException: failingTestCasesValidated: nothing to repair, no failing test cases
22:08:39.882 [pool-2-thread-1] DEBUG fr.inria.lille.repair.nopol.NoPol - statement #49
22:08:39.882 [pool-2-thread-1] DEBUG fr.inria.lille.repair.nopol.NoPol - Analysing SourceLocation org.apache.commons.math.ode.nonstiff.EmbeddedRungeKuttaIntegrator:345 which is executed by 55 tests
1048307728
22:08:39.969 [pool-2-thread-1] DEBUG fr.inria.lille.repair.nopol.NoPol - statement #50
22:08:39.970 [pool-2-thread-1] DEBUG fr.inria.lille.repair.nopol.NoPol - Analysing SourceLocation org.apache.commons.math.ode.nonstiff.EmbeddedRungeKuttaIntegrator:344 which is executed by 55 tests
1048307728
22:08:40.056 [pool-2-thread-1] DEBUG fr.inria.lille.repair.nopol.NoPol - looking with class fr.inria.lille.repair.nopol.spoon.smt.ConditionalAdder
22:08:43.087 [pool-58-thread-1] INFO  xxl.java.junit.TestCasesListener - Tests run finished (3024 ms)
<> Total tests run: 85
<> Ignored tests: 0
<> Failed tests: 0

22:08:43.087 [pool-2-thread-1] ERROR fr.inria.lille.repair.nopol.NoPol - Error ExecutionException java.util.concurrent.ExecutionException: java.lang.RuntimeException: failingTestCasesValidated: nothing to repair, no failing test cases
22:08:43.087 [pool-2-thread-1] DEBUG fr.inria.lille.repair.nopol.NoPol - statement #51
22:08:43.087 [pool-2-thread-1] DEBUG fr.inria.lille.repair.nopol.NoPol - Analysing SourceLocation org.apache.commons.math.ode.nonstiff.EmbeddedRungeKuttaIntegrator:164 which is executed by 55 tests
1048307728
22:08:43.191 [pool-2-thread-1] DEBUG fr.inria.lille.repair.nopol.NoPol - statement #52
22:08:43.191 [pool-2-thread-1] DEBUG fr.inria.lille.repair.nopol.NoPol - Analysing SourceLocation org.apache.commons.math.ode.nonstiff.EmbeddedRungeKuttaIntegrator:163 which is executed by 55 tests
1048307728
22:08:43.275 [pool-2-thread-1] DEBUG fr.inria.lille.repair.nopol.NoPol - looking with class fr.inria.lille.repair.nopol.spoon.smt.ConditionalAdder
22:08:46.331 [pool-60-thread-1] INFO  xxl.java.junit.TestCasesListener - Tests run finished (3049 ms)
<> Total tests run: 85
<> Ignored tests: 0
<> Failed tests: 0

22:08:46.331 [pool-2-thread-1] ERROR fr.inria.lille.repair.nopol.NoPol - Error ExecutionException java.util.concurrent.ExecutionException: java.lang.RuntimeException: failingTestCasesValidated: nothing to repair, no failing test cases
22:08:46.331 [pool-2-thread-1] DEBUG fr.inria.lille.repair.nopol.NoPol - statement #53
22:08:46.331 [pool-2-thread-1] DEBUG fr.inria.lille.repair.nopol.NoPol - Analysing SourceLocation org.apache.commons.math.fraction.FractionFormat:234 which is executed by 9 tests
1013737658
22:08:46.430 [pool-2-thread-1] DEBUG fr.inria.lille.repair.nopol.NoPol - statement #54
22:08:46.431 [pool-2-thread-1] DEBUG fr.inria.lille.repair.nopol.NoPol - Analysing SourceLocation org.apache.commons.math.ode.nonstiff.AdaptiveStepsizeIntegrator:304 which is executed by 66 tests
1694344315
22:08:46.515 [pool-2-thread-1] DEBUG fr.inria.lille.repair.nopol.NoPol - statement #55
22:08:46.516 [pool-2-thread-1] DEBUG fr.inria.lille.repair.nopol.NoPol - Analysing SourceLocation org.apache.commons.math.ode.nonstiff.AdaptiveStepsizeIntegrator:303 which is executed by 66 tests
1694344315
22:08:46.810 [pool-2-thread-1] DEBUG fr.inria.lille.repair.nopol.NoPol - looking with class fr.inria.lille.repair.nopol.spoon.smt.ConditionalAdder
22:08:49.847 [pool-62-thread-1] INFO  xxl.java.junit.TestCasesListener - Tests run finished (3029 ms)
<> Total tests run: 85
<> Ignored tests: 0
<> Failed tests: 0

22:08:49.847 [pool-2-thread-1] ERROR fr.inria.lille.repair.nopol.NoPol - Error ExecutionException java.util.concurrent.ExecutionException: java.lang.RuntimeException: failingTestCasesValidated: nothing to repair, no failing test cases
22:08:49.847 [pool-2-thread-1] DEBUG fr.inria.lille.repair.nopol.NoPol - statement #56
22:08:49.847 [pool-2-thread-1] DEBUG fr.inria.lille.repair.nopol.NoPol - Analysing SourceLocation org.apache.commons.math.ode.nonstiff.AdaptiveStepsizeIntegrator:302 which is executed by 66 tests
1694344315
22:08:49.946 [pool-2-thread-1] DEBUG fr.inria.lille.repair.nopol.NoPol - looking with class fr.inria.lille.repair.nopol.spoon.smt.ConditionalAdder
22:08:52.972 [pool-64-thread-1] INFO  xxl.java.junit.TestCasesListener - Tests run finished (3010 ms)
<> Total tests run: 85
<> Ignored tests: 0
<> Failed tests: 0

22:08:52.972 [pool-2-thread-1] ERROR fr.inria.lille.repair.nopol.NoPol - Error ExecutionException java.util.concurrent.ExecutionException: java.lang.RuntimeException: failingTestCasesValidated: nothing to repair, no failing test cases
22:08:52.972 [pool-2-thread-1] DEBUG fr.inria.lille.repair.nopol.NoPol - statement #57
22:08:52.972 [pool-2-thread-1] DEBUG fr.inria.lille.repair.nopol.NoPol - Analysing SourceLocation org.apache.commons.math.fraction.FractionFormat:226 which is executed by 7 tests
1013737658
22:08:53.061 [pool-2-thread-1] DEBUG fr.inria.lille.repair.nopol.NoPol - statement #58
22:08:53.061 [pool-2-thread-1] DEBUG fr.inria.lille.repair.nopol.NoPol - Analysing SourceLocation org.apache.commons.math.fraction.FractionFormat:311 which is executed by 2 tests
1013737658
22:08:53.151 [pool-2-thread-1] DEBUG fr.inria.lille.repair.nopol.NoPol - statement #59
22:08:53.151 [pool-2-thread-1] DEBUG fr.inria.lille.repair.nopol.NoPol - Analysing SourceLocation org.apache.commons.math.fraction.ProperFractionFormat:214 which is executed by 2 tests
-1129122774
22:08:53.232 [pool-2-thread-1] DEBUG fr.inria.lille.repair.nopol.NoPol - statement #60
22:08:53.233 [pool-2-thread-1] DEBUG fr.inria.lille.repair.nopol.NoPol - Analysing SourceLocation org.apache.commons.math.fraction.ProperFractionFormat:213 which is executed by 2 tests
-1129122774
22:08:53.314 [pool-2-thread-1] DEBUG fr.inria.lille.repair.nopol.NoPol - statement #61
22:08:53.314 [pool-2-thread-1] DEBUG fr.inria.lille.repair.nopol.NoPol - Analysing SourceLocation org.apache.commons.math.fraction.ProperFractionFormat:212 which is executed by 2 tests
-1129122774
22:08:53.395 [pool-2-thread-1] DEBUG fr.inria.lille.repair.nopol.NoPol - statement #62
22:08:53.396 [pool-2-thread-1] DEBUG fr.inria.lille.repair.nopol.NoPol - Analysing SourceLocation org.apache.commons.math.fraction.ProperFractionFormat:211 which is executed by 2 tests
-1129122774
22:08:53.477 [pool-2-thread-1] DEBUG fr.inria.lille.repair.nopol.NoPol - statement #63
22:08:53.477 [pool-2-thread-1] DEBUG fr.inria.lille.repair.nopol.NoPol - Analysing SourceLocation org.apache.commons.math.fraction.FractionFormat:303 which is executed by 3 tests
1013737658
22:08:53.563 [pool-2-thread-1] DEBUG fr.inria.lille.repair.nopol.NoPol - looking with class fr.inria.lille.repair.nopol.spoon.smt.ConditionalAdder
22:08:53.576 [pool-66-thread-1] INFO  xxl.java.junit.TestCasesListener - Tests run finished (9 ms)
<> Total tests run: 32
<> Ignored tests: 0
<> Failed tests: 0

22:08:53.576 [pool-2-thread-1] ERROR fr.inria.lille.repair.nopol.NoPol - Error ExecutionException java.util.concurrent.ExecutionException: java.lang.RuntimeException: failingTestCasesValidated: nothing to repair, no failing test cases
22:08:53.576 [pool-2-thread-1] DEBUG fr.inria.lille.repair.nopol.NoPol - looking with class fr.inria.lille.repair.nopol.spoon.smt.ConditionalReplacer
22:08:53.588 [pool-68-thread-1] INFO  xxl.java.junit.TestCasesListener - Tests run finished (9 ms)
<> Total tests run: 32
<> Ignored tests: 0
<> Failed tests: 0

22:08:53.588 [pool-2-thread-1] ERROR fr.inria.lille.repair.nopol.NoPol - Error ExecutionException java.util.concurrent.ExecutionException: java.lang.RuntimeException: failingTestCasesValidated: nothing to repair, no failing test cases
22:08:53.588 [pool-2-thread-1] DEBUG fr.inria.lille.repair.nopol.NoPol - statement #64
22:08:53.588 [pool-2-thread-1] DEBUG fr.inria.lille.repair.nopol.NoPol - Analysing SourceLocation org.apache.commons.math.fraction.FractionFormat:302 which is executed by 3 tests
1013737658
22:08:53.673 [pool-2-thread-1] DEBUG fr.inria.lille.repair.nopol.NoPol - statement #65
22:08:53.674 [pool-2-thread-1] DEBUG fr.inria.lille.repair.nopol.NoPol - Analysing SourceLocation org.apache.commons.math.fraction.FractionFormat:299 which is executed by 3 tests
1013737658
22:08:53.757 [pool-2-thread-1] DEBUG fr.inria.lille.repair.nopol.NoPol - looking with class fr.inria.lille.repair.nopol.spoon.smt.ConditionalAdder
22:08:53.770 [pool-70-thread-1] INFO  xxl.java.junit.TestCasesListener - Tests run finished (9 ms)
<> Total tests run: 32
<> Ignored tests: 0
<> Failed tests: 0

22:08:53.770 [pool-2-thread-1] ERROR fr.inria.lille.repair.nopol.NoPol - Error ExecutionException java.util.concurrent.ExecutionException: java.lang.RuntimeException: failingTestCasesValidated: nothing to repair, no failing test cases
22:08:53.770 [pool-2-thread-1] DEBUG fr.inria.lille.repair.nopol.NoPol - statement #66
22:08:53.770 [pool-2-thread-1] DEBUG fr.inria.lille.repair.nopol.NoPol - Analysing SourceLocation org.apache.commons.math.fraction.FractionFormat:288 which is executed by 3 tests
1013737658
22:08:53.854 [pool-2-thread-1] DEBUG fr.inria.lille.repair.nopol.NoPol - looking with class fr.inria.lille.repair.nopol.spoon.smt.ConditionalAdder
22:08:53.866 [pool-72-thread-1] INFO  xxl.java.junit.TestCasesListener - Tests run finished (9 ms)
<> Total tests run: 32
<> Ignored tests: 0
<> Failed tests: 0

22:08:53.866 [pool-2-thread-1] ERROR fr.inria.lille.repair.nopol.NoPol - Error ExecutionException java.util.concurrent.ExecutionException: java.lang.RuntimeException: failingTestCasesValidated: nothing to repair, no failing test cases
22:08:53.866 [pool-2-thread-1] DEBUG fr.inria.lille.repair.nopol.NoPol - statement #67
22:08:53.866 [pool-2-thread-1] DEBUG fr.inria.lille.repair.nopol.NoPol - Analysing SourceLocation org.apache.commons.math.fraction.FractionFormat:295 which is executed by 3 tests
1013737658
22:08:53.950 [pool-2-thread-1] DEBUG fr.inria.lille.repair.nopol.NoPol - statement #68
22:08:53.951 [pool-2-thread-1] DEBUG fr.inria.lille.repair.nopol.NoPol - Analysing SourceLocation org.apache.commons.math.fraction.FractionFormat:294 which is executed by 3 tests
1013737658
22:08:54.045 [pool-2-thread-1] DEBUG fr.inria.lille.repair.nopol.NoPol - looking with class fr.inria.lille.repair.nopol.spoon.smt.ConditionalAdder
22:08:54.057 [pool-74-thread-1] INFO  xxl.java.junit.TestCasesListener - Tests run finished (9 ms)
<> Total tests run: 32
<> Ignored tests: 0
<> Failed tests: 0

22:08:54.057 [pool-2-thread-1] ERROR fr.inria.lille.repair.nopol.NoPol - Error ExecutionException java.util.concurrent.ExecutionException: java.lang.RuntimeException: failingTestCasesValidated: nothing to repair, no failing test cases
22:08:54.058 [pool-2-thread-1] DEBUG fr.inria.lille.repair.nopol.NoPol - statement #69
22:08:54.058 [pool-2-thread-1] DEBUG fr.inria.lille.repair.nopol.NoPol - Analysing SourceLocation org.apache.commons.math.fraction.FractionFormat:293 which is executed by 3 tests
1013737658
22:08:54.146 [pool-2-thread-1] DEBUG fr.inria.lille.repair.nopol.NoPol - looking with class fr.inria.lille.repair.nopol.spoon.smt.ConditionalAdder
22:08:54.158 [pool-76-thread-1] INFO  xxl.java.junit.TestCasesListener - Tests run finished (9 ms)
<> Total tests run: 32
<> Ignored tests: 0
<> Failed tests: 0

22:08:54.158 [pool-2-thread-1] ERROR fr.inria.lille.repair.nopol.NoPol - Error ExecutionException java.util.concurrent.ExecutionException: java.lang.RuntimeException: failingTestCasesValidated: nothing to repair, no failing test cases
22:08:54.158 [pool-2-thread-1] DEBUG fr.inria.lille.repair.nopol.NoPol - statement #70
22:08:54.158 [pool-2-thread-1] DEBUG fr.inria.lille.repair.nopol.NoPol - Analysing SourceLocation org.apache.commons.math.fraction.ProperFractionFormat:205 which is executed by 3 tests
-1129122774
22:08:54.253 [pool-2-thread-1] DEBUG fr.inria.lille.repair.nopol.NoPol - looking with class fr.inria.lille.repair.nopol.spoon.smt.ConditionalAdder
22:08:54.265 [pool-78-thread-1] INFO  xxl.java.junit.TestCasesListener - Tests run finished (8 ms)
<> Total tests run: 32
<> Ignored tests: 0
<> Failed tests: 0

22:08:54.265 [pool-2-thread-1] ERROR fr.inria.lille.repair.nopol.NoPol - Error ExecutionException java.util.concurrent.ExecutionException: java.lang.RuntimeException: failingTestCasesValidated: nothing to repair, no failing test cases
22:08:54.265 [pool-2-thread-1] DEBUG fr.inria.lille.repair.nopol.NoPol - looking with class fr.inria.lille.repair.nopol.spoon.smt.ConditionalReplacer
22:08:54.275 [pool-80-thread-1] INFO  xxl.java.junit.TestCasesListener - Tests run finished (8 ms)
<> Total tests run: 32
<> Ignored tests: 0
<> Failed tests: 0

22:08:54.276 [pool-2-thread-1] ERROR fr.inria.lille.repair.nopol.NoPol - Error ExecutionException java.util.concurrent.ExecutionException: java.lang.RuntimeException: failingTestCasesValidated: nothing to repair, no failing test cases
22:08:54.276 [pool-2-thread-1] DEBUG fr.inria.lille.repair.nopol.NoPol - statement #71
22:08:54.276 [pool-2-thread-1] DEBUG fr.inria.lille.repair.nopol.NoPol - Analysing SourceLocation org.apache.commons.math.fraction.ProperFractionFormat:197 which is executed by 3 tests
-1129122774
22:08:54.378 [pool-2-thread-1] DEBUG fr.inria.lille.repair.nopol.NoPol - looking with class fr.inria.lille.repair.nopol.spoon.smt.ConditionalAdder
22:08:54.390 [pool-82-thread-1] INFO  xxl.java.junit.TestCasesListener - Tests run finished (8 ms)
<> Total tests run: 32
<> Ignored tests: 0
<> Failed tests: 0

22:08:54.390 [pool-2-thread-1] ERROR fr.inria.lille.repair.nopol.NoPol - Error ExecutionException java.util.concurrent.ExecutionException: java.lang.RuntimeException: failingTestCasesValidated: nothing to repair, no failing test cases
22:08:54.390 [pool-2-thread-1] DEBUG fr.inria.lille.repair.nopol.NoPol - looking with class fr.inria.lille.repair.nopol.spoon.smt.ConditionalReplacer
22:08:54.402 [pool-84-thread-1] INFO  xxl.java.junit.TestCasesListener - Tests run finished (9 ms)
<> Total tests run: 32
<> Ignored tests: 0
<> Failed tests: 0

22:08:54.402 [pool-2-thread-1] ERROR fr.inria.lille.repair.nopol.NoPol - Error ExecutionException java.util.concurrent.ExecutionException: java.lang.RuntimeException: failingTestCasesValidated: nothing to repair, no failing test cases
22:08:54.402 [pool-2-thread-1] DEBUG fr.inria.lille.repair.nopol.NoPol - statement #72
22:08:54.402 [pool-2-thread-1] DEBUG fr.inria.lille.repair.nopol.NoPol - Analysing SourceLocation org.apache.commons.math.fraction.ProperFractionFormat:196 which is executed by 3 tests
-1129122774
22:08:54.484 [pool-2-thread-1] DEBUG fr.inria.lille.repair.nopol.NoPol - statement #73
22:08:54.484 [pool-2-thread-1] DEBUG fr.inria.lille.repair.nopol.NoPol - Analysing SourceLocation org.apache.commons.math.fraction.ProperFractionFormat:193 which is executed by 3 tests
-1129122774
22:08:54.568 [pool-2-thread-1] DEBUG fr.inria.lille.repair.nopol.NoPol - looking with class fr.inria.lille.repair.nopol.spoon.smt.ConditionalAdder
22:08:54.579 [pool-86-thread-1] INFO  xxl.java.junit.TestCasesListener - Tests run finished (8 ms)
<> Total tests run: 32
<> Ignored tests: 0
<> Failed tests: 0

22:08:54.579 [pool-2-thread-1] ERROR fr.inria.lille.repair.nopol.NoPol - Error ExecutionException java.util.concurrent.ExecutionException: java.lang.RuntimeException: failingTestCasesValidated: nothing to repair, no failing test cases
22:08:54.579 [pool-2-thread-1] DEBUG fr.inria.lille.repair.nopol.NoPol - statement #74
22:08:54.579 [pool-2-thread-1] DEBUG fr.inria.lille.repair.nopol.NoPol - Analysing SourceLocation org.apache.commons.math.fraction.ProperFractionFormat:182 which is executed by 3 tests
-1129122774
22:08:54.660 [pool-2-thread-1] DEBUG fr.inria.lille.repair.nopol.NoPol - looking with class fr.inria.lille.repair.nopol.spoon.smt.ConditionalAdder
22:08:54.671 [pool-88-thread-1] INFO  xxl.java.junit.TestCasesListener - Tests run finished (8 ms)
<> Total tests run: 32
<> Ignored tests: 0
<> Failed tests: 0

22:08:54.671 [pool-2-thread-1] ERROR fr.inria.lille.repair.nopol.NoPol - Error ExecutionException java.util.concurrent.ExecutionException: java.lang.RuntimeException: failingTestCasesValidated: nothing to repair, no failing test cases
22:08:54.671 [pool-2-thread-1] DEBUG fr.inria.lille.repair.nopol.NoPol - statement #75
22:08:54.671 [pool-2-thread-1] DEBUG fr.inria.lille.repair.nopol.NoPol - Analysing SourceLocation org.apache.commons.math.fraction.ProperFractionFormat:175 which is executed by 3 tests
-1129122774
22:08:54.752 [pool-2-thread-1] DEBUG fr.inria.lille.repair.nopol.NoPol - looking with class fr.inria.lille.repair.nopol.spoon.smt.ConditionalAdder
22:08:54.763 [pool-90-thread-1] INFO  xxl.java.junit.TestCasesListener - Tests run finished (8 ms)
<> Total tests run: 32
<> Ignored tests: 0
<> Failed tests: 0

22:08:54.763 [pool-2-thread-1] ERROR fr.inria.lille.repair.nopol.NoPol - Error ExecutionException java.util.concurrent.ExecutionException: java.lang.RuntimeException: failingTestCasesValidated: nothing to repair, no failing test cases
22:08:54.763 [pool-2-thread-1] DEBUG fr.inria.lille.repair.nopol.NoPol - statement #76
22:08:54.763 [pool-2-thread-1] DEBUG fr.inria.lille.repair.nopol.NoPol - Analysing SourceLocation org.apache.commons.math.fraction.ProperFractionFormat:174 which is executed by 3 tests
-1129122774
22:08:54.844 [pool-2-thread-1] DEBUG fr.inria.lille.repair.nopol.NoPol - statement #77
22:08:54.844 [pool-2-thread-1] DEBUG fr.inria.lille.repair.nopol.NoPol - Analysing SourceLocation org.apache.commons.math.fraction.ProperFractionFormat:173 which is executed by 3 tests
-1129122774
22:08:54.926 [pool-2-thread-1] DEBUG fr.inria.lille.repair.nopol.NoPol - statement #78
22:08:54.926 [pool-2-thread-1] DEBUG fr.inria.lille.repair.nopol.NoPol - Analysing SourceLocation org.apache.commons.math.fraction.ProperFractionFormat:166 which is executed by 3 tests
-1129122774
22:08:55.007 [pool-2-thread-1] DEBUG fr.inria.lille.repair.nopol.NoPol - looking with class fr.inria.lille.repair.nopol.spoon.smt.ConditionalAdder
22:08:55.018 [pool-92-thread-1] INFO  xxl.java.junit.TestCasesListener - Tests run finished (8 ms)
<> Total tests run: 32
<> Ignored tests: 0
<> Failed tests: 0

22:08:55.018 [pool-2-thread-1] ERROR fr.inria.lille.repair.nopol.NoPol - Error ExecutionException java.util.concurrent.ExecutionException: java.lang.RuntimeException: failingTestCasesValidated: nothing to repair, no failing test cases
22:08:55.018 [pool-2-thread-1] DEBUG fr.inria.lille.repair.nopol.NoPol - looking with class fr.inria.lille.repair.nopol.spoon.smt.ConditionalReplacer
22:08:55.028 [pool-94-thread-1] INFO  xxl.java.junit.TestCasesListener - Tests run finished (8 ms)
<> Total tests run: 32
<> Ignored tests: 0
<> Failed tests: 0

22:08:55.029 [pool-2-thread-1] ERROR fr.inria.lille.repair.nopol.NoPol - Error ExecutionException java.util.concurrent.ExecutionException: java.lang.RuntimeException: failingTestCasesValidated: nothing to repair, no failing test cases
22:08:55.029 [pool-2-thread-1] DEBUG fr.inria.lille.repair.nopol.NoPol - statement #79
22:08:55.029 [pool-2-thread-1] DEBUG fr.inria.lille.repair.nopol.NoPol - Analysing SourceLocation org.apache.commons.math.fraction.FractionFormat:285 which is executed by 1 tests
1013737658
22:08:55.113 [pool-2-thread-1] DEBUG fr.inria.lille.repair.nopol.NoPol - statement #80
22:08:55.113 [pool-2-thread-1] DEBUG fr.inria.lille.repair.nopol.NoPol - Analysing SourceLocation org.apache.commons.math.fraction.ProperFractionFormat:158 which is executed by 4 tests
-1129122774
22:08:55.194 [pool-2-thread-1] DEBUG fr.inria.lille.repair.nopol.NoPol - looking with class fr.inria.lille.repair.nopol.spoon.smt.ConditionalAdder
22:08:55.205 [pool-96-thread-1] INFO  xxl.java.junit.TestCasesListener - Tests run finished (7 ms)
<> Total tests run: 32
<> Ignored tests: 0
<> Failed tests: 0

22:08:55.205 [pool-2-thread-1] ERROR fr.inria.lille.repair.nopol.NoPol - Error ExecutionException java.util.concurrent.ExecutionException: java.lang.RuntimeException: failingTestCasesValidated: nothing to repair, no failing test cases
22:08:55.205 [pool-2-thread-1] DEBUG fr.inria.lille.repair.nopol.NoPol - looking with class fr.inria.lille.repair.nopol.spoon.smt.ConditionalReplacer
22:08:55.214 [pool-98-thread-1] INFO  xxl.java.junit.TestCasesListener - Tests run finished (7 ms)
<> Total tests run: 32
<> Ignored tests: 0
<> Failed tests: 0

22:08:55.214 [pool-2-thread-1] ERROR fr.inria.lille.repair.nopol.NoPol - Error ExecutionException java.util.concurrent.ExecutionException: java.lang.RuntimeException: failingTestCasesValidated: nothing to repair, no failing test cases
22:08:55.215 [pool-2-thread-1] DEBUG fr.inria.lille.repair.nopol.NoPol - statement #81
22:08:55.215 [pool-2-thread-1] DEBUG fr.inria.lille.repair.nopol.NoPol - Analysing SourceLocation org.apache.commons.math.fraction.ProperFractionFormat:157 which is executed by 4 tests
-1129122774
22:08:55.295 [pool-2-thread-1] DEBUG fr.inria.lille.repair.nopol.NoPol - statement #82
22:08:55.295 [pool-2-thread-1] DEBUG fr.inria.lille.repair.nopol.NoPol - Analysing SourceLocation org.apache.commons.math.fraction.ProperFractionFormat:154 which is executed by 4 tests
-1129122774
22:08:55.375 [pool-2-thread-1] DEBUG fr.inria.lille.repair.nopol.NoPol - looking with class fr.inria.lille.repair.nopol.spoon.smt.ConditionalAdder
22:08:55.386 [pool-100-thread-1] INFO  xxl.java.junit.TestCasesListener - Tests run finished (8 ms)
<> Total tests run: 32
<> Ignored tests: 0
<> Failed tests: 0

22:08:55.386 [pool-2-thread-1] ERROR fr.inria.lille.repair.nopol.NoPol - Error ExecutionException java.util.concurrent.ExecutionException: java.lang.RuntimeException: failingTestCasesValidated: nothing to repair, no failing test cases
22:08:55.386 [pool-2-thread-1] DEBUG fr.inria.lille.repair.nopol.NoPol - statement #83
22:08:55.386 [pool-2-thread-1] DEBUG fr.inria.lille.repair.nopol.NoPol - Analysing SourceLocation org.apache.commons.math.fraction.ProperFractionFormat:145 which is executed by 5 tests
-1129122774
22:08:55.466 [pool-2-thread-1] DEBUG fr.inria.lille.repair.nopol.NoPol - looking with class fr.inria.lille.repair.nopol.spoon.smt.ConditionalAdder
22:08:55.478 [pool-102-thread-1] INFO  xxl.java.junit.TestCasesListener - Tests run finished (8 ms)
<> Total tests run: 32
<> Ignored tests: 0
<> Failed tests: 0

22:08:55.478 [pool-2-thread-1] ERROR fr.inria.lille.repair.nopol.NoPol - Error ExecutionException java.util.concurrent.ExecutionException: java.lang.RuntimeException: failingTestCasesValidated: nothing to repair, no failing test cases
22:08:55.478 [pool-2-thread-1] DEBUG fr.inria.lille.repair.nopol.NoPol - looking with class fr.inria.lille.repair.nopol.spoon.smt.ConditionalReplacer
22:08:55.488 [pool-104-thread-1] INFO  xxl.java.junit.TestCasesListener - Tests run finished (8 ms)
<> Total tests run: 32
<> Ignored tests: 0
<> Failed tests: 0

22:08:55.488 [pool-2-thread-1] ERROR fr.inria.lille.repair.nopol.NoPol - Error ExecutionException java.util.concurrent.ExecutionException: java.lang.RuntimeException: failingTestCasesValidated: nothing to repair, no failing test cases
22:08:55.488 [pool-2-thread-1] DEBUG fr.inria.lille.repair.nopol.NoPol - statement #84
22:08:55.488 [pool-2-thread-1] DEBUG fr.inria.lille.repair.nopol.NoPol - Analysing SourceLocation org.apache.commons.math.fraction.ProperFractionFormat:144 which is executed by 5 tests
-1129122774
22:08:55.569 [pool-2-thread-1] DEBUG fr.inria.lille.repair.nopol.NoPol - statement #85
22:08:55.569 [pool-2-thread-1] DEBUG fr.inria.lille.repair.nopol.NoPol - Analysing SourceLocation org.apache.commons.math.fraction.ProperFractionFormat:141 which is executed by 5 tests
-1129122774
22:08:55.651 [pool-2-thread-1] DEBUG fr.inria.lille.repair.nopol.NoPol - looking with class fr.inria.lille.repair.nopol.spoon.smt.ConditionalAdder
22:08:55.662 [pool-106-thread-1] INFO  xxl.java.junit.TestCasesListener - Tests run finished (8 ms)
<> Total tests run: 32
<> Ignored tests: 0
<> Failed tests: 0

22:08:55.663 [pool-2-thread-1] ERROR fr.inria.lille.repair.nopol.NoPol - Error ExecutionException java.util.concurrent.ExecutionException: java.lang.RuntimeException: failingTestCasesValidated: nothing to repair, no failing test cases
22:08:55.663 [pool-2-thread-1] DEBUG fr.inria.lille.repair.nopol.NoPol - statement #86
22:08:55.663 [pool-2-thread-1] DEBUG fr.inria.lille.repair.nopol.NoPol - Analysing SourceLocation org.apache.commons.math.fraction.ProperFractionFormat:138 which is executed by 5 tests
-1129122774
22:08:55.754 [pool-2-thread-1] DEBUG fr.inria.lille.repair.nopol.NoPol - statement #87
22:08:55.754 [pool-2-thread-1] DEBUG fr.inria.lille.repair.nopol.NoPol - Analysing SourceLocation org.apache.commons.math.fraction.ProperFractionFormat:134 which is executed by 5 tests
-1129122774
22:08:55.840 [pool-2-thread-1] DEBUG fr.inria.lille.repair.nopol.NoPol - looking with class fr.inria.lille.repair.nopol.spoon.smt.ConditionalAdder
22:08:55.853 [pool-108-thread-1] INFO  xxl.java.junit.TestCasesListener - Tests run finished (9 ms)
<> Total tests run: 32
<> Ignored tests: 0
<> Failed tests: 0

22:08:55.853 [pool-2-thread-1] ERROR fr.inria.lille.repair.nopol.NoPol - Error ExecutionException java.util.concurrent.ExecutionException: java.lang.RuntimeException: failingTestCasesValidated: nothing to repair, no failing test cases
22:08:55.853 [pool-2-thread-1] DEBUG fr.inria.lille.repair.nopol.NoPol - looking with class fr.inria.lille.repair.nopol.spoon.smt.ConditionalReplacer
22:08:55.865 [pool-110-thread-1] INFO  xxl.java.junit.TestCasesListener - Tests run finished (9 ms)
<> Total tests run: 32
<> Ignored tests: 0
<> Failed tests: 0

22:08:55.865 [pool-2-thread-1] ERROR fr.inria.lille.repair.nopol.NoPol - Error ExecutionException java.util.concurrent.ExecutionException: java.lang.RuntimeException: failingTestCasesValidated: nothing to repair, no failing test cases
22:08:55.865 [pool-2-thread-1] DEBUG fr.inria.lille.repair.nopol.NoPol - statement #88
22:08:55.865 [pool-2-thread-1] DEBUG fr.inria.lille.repair.nopol.NoPol - Analysing SourceLocation org.apache.commons.math.ode.nonstiff.TestProblemAbstract:143 which is executed by 86 tests
22:08:55.865 [pool-2-thread-1] DEBUG fr.inria.lille.repair.nopol.NoPol - cannot spoon SourceLocation org.apache.commons.math.ode.nonstiff.TestProblemAbstract:143
22:08:55.866 [pool-2-thread-1] DEBUG fr.inria.lille.repair.nopol.NoPol - statement #89
22:08:55.866 [pool-2-thread-1] DEBUG fr.inria.lille.repair.nopol.NoPol - Analysing SourceLocation org.apache.commons.math.ode.nonstiff.TestProblemAbstract:127 which is executed by 86 tests
22:08:55.866 [pool-2-thread-1] DEBUG fr.inria.lille.repair.nopol.NoPol - cannot spoon SourceLocation org.apache.commons.math.ode.nonstiff.TestProblemAbstract:127
22:08:55.866 [pool-2-thread-1] DEBUG fr.inria.lille.repair.nopol.NoPol - statement #90
22:08:55.866 [pool-2-thread-1] DEBUG fr.inria.lille.repair.nopol.NoPol - Analysing SourceLocation org.apache.commons.math.ode.nonstiff.TestProblemAbstract:116 which is executed by 92 tests
22:08:55.866 [pool-2-thread-1] DEBUG fr.inria.lille.repair.nopol.NoPol - cannot spoon SourceLocation org.apache.commons.math.ode.nonstiff.TestProblemAbstract:116
22:08:55.866 [pool-2-thread-1] DEBUG fr.inria.lille.repair.nopol.NoPol - statement #91
22:08:55.866 [pool-2-thread-1] DEBUG fr.inria.lille.repair.nopol.NoPol - Analysing SourceLocation org.apache.commons.math.ode.nonstiff.TestProblemAbstract:115 which is executed by 92 tests
22:08:55.866 [pool-2-thread-1] DEBUG fr.inria.lille.repair.nopol.NoPol - cannot spoon SourceLocation org.apache.commons.math.ode.nonstiff.TestProblemAbstract:115
22:08:55.866 [pool-2-thread-1] DEBUG fr.inria.lille.repair.nopol.NoPol - statement #92
22:08:55.866 [pool-2-thread-1] DEBUG fr.inria.lille.repair.nopol.NoPol - Analysing SourceLocation org.apache.commons.math.ode.nonstiff.TestProblemAbstract:108 which is executed by 92 tests
22:08:55.866 [pool-2-thread-1] DEBUG fr.inria.lille.repair.nopol.NoPol - cannot spoon SourceLocation org.apache.commons.math.ode.nonstiff.TestProblemAbstract:108
22:08:55.866 [pool-2-thread-1] DEBUG fr.inria.lille.repair.nopol.NoPol - statement #93
22:08:55.866 [pool-2-thread-1] DEBUG fr.inria.lille.repair.nopol.NoPol - Analysing SourceLocation org.apache.commons.math.ode.nonstiff.TestProblemAbstract:107 which is executed by 92 tests
22:08:55.866 [pool-2-thread-1] DEBUG fr.inria.lille.repair.nopol.NoPol - cannot spoon SourceLocation org.apache.commons.math.ode.nonstiff.TestProblemAbstract:107
22:08:55.866 [pool-2-thread-1] DEBUG fr.inria.lille.repair.nopol.NoPol - statement #94
22:08:55.866 [pool-2-thread-1] DEBUG fr.inria.lille.repair.nopol.NoPol - Analysing SourceLocation org.apache.commons.math.ode.nonstiff.TestProblemAbstract:100 which is executed by 92 tests
22:08:55.866 [pool-2-thread-1] DEBUG fr.inria.lille.repair.nopol.NoPol - cannot spoon SourceLocation org.apache.commons.math.ode.nonstiff.TestProblemAbstract:100
22:08:55.867 [pool-2-thread-1] DEBUG fr.inria.lille.repair.nopol.NoPol - statement #95
22:08:55.867 [pool-2-thread-1] DEBUG fr.inria.lille.repair.nopol.NoPol - Analysing SourceLocation org.apache.commons.math.ode.nonstiff.TestProblemAbstract:99 which is executed by 92 tests
22:08:55.867 [pool-2-thread-1] DEBUG fr.inria.lille.repair.nopol.NoPol - cannot spoon SourceLocation org.apache.commons.math.ode.nonstiff.TestProblemAbstract:99
22:08:55.867 [pool-2-thread-1] DEBUG fr.inria.lille.repair.nopol.NoPol - statement #96
22:08:55.867 [pool-2-thread-1] DEBUG fr.inria.lille.repair.nopol.NoPol - Analysing SourceLocation org.apache.commons.math.ode.nonstiff.TestProblemAbstract:98 which is executed by 92 tests
22:08:55.867 [pool-2-thread-1] DEBUG fr.inria.lille.repair.nopol.NoPol - cannot spoon SourceLocation org.apache.commons.math.ode.nonstiff.TestProblemAbstract:98
22:08:55.867 [pool-2-thread-1] DEBUG fr.inria.lille.repair.nopol.NoPol - statement #97
22:08:55.867 [pool-2-thread-1] DEBUG fr.inria.lille.repair.nopol.NoPol - Analysing SourceLocation org.apache.commons.math.ode.nonstiff.TestProblemAbstract:97 which is executed by 92 tests
22:08:55.867 [pool-2-thread-1] DEBUG fr.inria.lille.repair.nopol.NoPol - cannot spoon SourceLocation org.apache.commons.math.ode.nonstiff.TestProblemAbstract:97
22:08:55.867 [pool-2-thread-1] DEBUG fr.inria.lille.repair.nopol.NoPol - statement #98
22:08:55.867 [pool-2-thread-1] DEBUG fr.inria.lille.repair.nopol.NoPol - Analysing SourceLocation org.apache.commons.math.ode.nonstiff.TestProblemAbstract:96 which is executed by 92 tests
22:08:55.867 [pool-2-thread-1] DEBUG fr.inria.lille.repair.nopol.NoPol - cannot spoon SourceLocation org.apache.commons.math.ode.nonstiff.TestProblemAbstract:96
22:08:55.867 [pool-2-thread-1] DEBUG fr.inria.lille.repair.nopol.NoPol - statement #99
22:08:55.867 [pool-2-thread-1] DEBUG fr.inria.lille.repair.nopol.NoPol - Analysing SourceLocation org.apache.commons.math.fraction.ProperFractionFormat:116 which is executed by 6 tests
-1129122774
22:08:55.964 [pool-2-thread-1] DEBUG fr.inria.lille.repair.nopol.NoPol - statement #100
22:08:55.964 [pool-2-thread-1] DEBUG fr.inria.lille.repair.nopol.NoPol - Analysing SourceLocation org.apache.commons.math.ode.nonstiff.TestProblemFactory:46 which is executed by 7 tests
22:08:55.964 [pool-2-thread-1] DEBUG fr.inria.lille.repair.nopol.NoPol - cannot spoon SourceLocation org.apache.commons.math.ode.nonstiff.TestProblemFactory:46
22:08:55.964 [pool-2-thread-1] DEBUG fr.inria.lille.repair.nopol.NoPol - statement #101
22:08:55.964 [pool-2-thread-1] DEBUG fr.inria.lille.repair.nopol.NoPol - Analysing SourceLocation org.apache.commons.math.util.MathUtils:459 which is executed by 2 tests
-1550426518
22:08:56.061 [pool-2-thread-1] DEBUG fr.inria.lille.repair.nopol.NoPol - statement #102
22:08:56.061 [pool-2-thread-1] DEBUG fr.inria.lille.repair.nopol.NoPol - Analysing SourceLocation org.apache.commons.math.util.MathUtils:458 which is executed by 2 tests
-1550426518
22:08:56.155 [pool-2-thread-1] DEBUG fr.inria.lille.repair.nopol.NoPol - statement #103
22:08:56.155 [pool-2-thread-1] DEBUG fr.inria.lille.repair.nopol.NoPol - Analysing SourceLocation org.apache.commons.math.util.MathUtils:455 which is executed by 2 tests
-1550426518
22:08:56.248 [pool-2-thread-1] DEBUG fr.inria.lille.repair.nopol.NoPol - looking with class fr.inria.lille.repair.nopol.spoon.smt.ConditionalAdder
junit.framework.AssertionFailedError: expected:<98304> but was:<3440640>
    at junit.framework.Assert.fail(Assert.java:57)
    at junit.framework.Assert.failNotEquals(Assert.java:329)
    at junit.framework.Assert.assertEquals(Assert.java:78)
    at junit.framework.Assert.assertEquals(Assert.java:234)
    at junit.framework.Assert.assertEquals(Assert.java:241)
    at junit.framework.TestCase.assertEquals(TestCase.java:409)
22:08:56.277 [pool-112-thread-1] INFO  xxl.java.junit.TestCasesListener - Tests run finished (25 ms)
<> Total tests run: 42
<> Ignored tests: 0
<> Failed tests: 1
~ testGcd(org.apache.commons.math.util.MathUtilsTest)
[expected:<98304> but was:<3440640>]
junit.framework.AssertionFailedError: expected:<98304> but was:<3440640>    at junit.framework.Assert.fail(Assert.java:57)
    at junit.framework.Assert.failNotEquals(Assert.java:329)
    at junit.framework.Assert.assertEquals(Assert.java:78)
    at junit.framework.Assert.assertEquals(Assert.java:234)
    at junit.framework.Assert.assertEquals(Assert.java:241)
    at junit.framework.TestCase.assertEquals(TestCase.java:409)

java.lang.OutOfMemoryError: GC overhead limit exceeded
22:14:24.666 [pool-111-thread-1] DEBUG xxl.java.junit.TestSuiteExecution - Timeout after 200 seconds. Infinite loop?
    at java.util.HashMap.newNode(HashMap.java:1747)
    at java.util.HashMap.putVal(HashMap.java:642)
    at java.util.HashMap.put(HashMap.java:612)
    at fr.inria.lille.commons.trace.collector.ValueCollector.collectWith(ValueCollector.java:31)
    at fr.inria.lille.commons.trace.collector.ValueCollector.collectFrom(ValueCollector.java:17)
    at fr.inria.lille.commons.trace.RuntimeValues.collectInput(RuntimeValues.java:81)
22:14:24.666 [pool-2-thread-1] ERROR fr.inria.lille.repair.nopol.NoPol - Error ExecutionException java.util.concurrent.ExecutionException: java.lang.RuntimeException: java.util.concurrent.TimeoutException
22:14:55.330 [pool-2-thread-1] DEBUG fr.inria.lille.repair.nopol.NoPol - statement #104
22:15:06.256 [pool-2-thread-1] DEBUG fr.inria.lille.repair.nopol.NoPol - Analysing SourceLocation org.apache.commons.math.util.MathUtils:452 which is executed by 2 tests
java.util.concurrent.ExecutionException: java.lang.OutOfMemoryError: GC overhead limit exceeded
	at java.util.concurrent.FutureTask.report(FutureTask.java:122)
	at java.util.concurrent.FutureTask.get(FutureTask.java:206)
	at fr.inria.lille.repair.Main.main(Main.java:106)
Caused by: java.lang.OutOfMemoryError: GC overhead limit exceeded
	at java.util.Arrays.copyOfRange(Arrays.java:3664)
	at java.lang.String.<init>(String.java:207)
	at java.util.zip.ZipCoder.toString(ZipCoder.java:59)
	at java.util.zip.ZipFile.getZipEntry(ZipFile.java:583)
	at java.util.zip.ZipFile.access$900(ZipFile.java:60)
	at java.util.zip.ZipFile$ZipEntryIterator.next(ZipFile.java:539)
	at java.util.zip.ZipFile$ZipEntryIterator.nextElement(ZipFile.java:514)
	at java.util.zip.ZipFile$ZipEntryIterator.nextElement(ZipFile.java:495)
	at org.eclipse.jdt.internal.compiler.batch.ClasspathJar.getModulesDeclaringPackage(ClasspathJar.java:234)
	at org.eclipse.jdt.internal.compiler.batch.ClasspathLocation.isPackage(ClasspathLocation.java:177)
	at org.eclipse.jdt.internal.compiler.batch.ClasspathJar.findClass(ClasspathJar.java:111)
	at org.eclipse.jdt.internal.compiler.batch.FileSystem.internalFindClass(FileSystem.java:443)
	at org.eclipse.jdt.internal.compiler.batch.FileSystem.findClass(FileSystem.java:385)
	at org.eclipse.jdt.internal.compiler.batch.FileSystem.findType(FileSystem.java:529)
	at org.eclipse.jdt.internal.compiler.env.IModuleAwareNameEnvironment.findType(IModuleAwareNameEnvironment.java:94)
	at org.eclipse.jdt.internal.compiler.lookup.LookupEnvironment.createPackage(LookupEnvironment.java:1094)
	at org.eclipse.jdt.internal.compiler.lookup.CompilationUnitScope.buildTypeBindings(CompilationUnitScope.java:129)
	at org.eclipse.jdt.internal.compiler.lookup.LookupEnvironment.buildTypeBindings(LookupEnvironment.java:457)
	at org.eclipse.jdt.internal.compiler.Compiler.internalBeginToCompile(Compiler.java:838)
	at org.eclipse.jdt.internal.compiler.Compiler.beginToCompile(Compiler.java:387)
	at spoon.support.compiler.jdt.TreeBuilderCompiler.buildUnits(TreeBuilderCompiler.java:73)
	at spoon.support.compiler.jdt.JDTBatchCompiler.getUnits(JDTBatchCompiler.java:266)
	at spoon.support.compiler.jdt.JDTBasedSpoonCompiler.buildUnits(JDTBasedSpoonCompiler.java:444)
	at spoon.support.compiler.jdt.JDTBasedSpoonCompiler.buildUnitsAndModel(JDTBasedSpoonCompiler.java:388)
	at spoon.support.compiler.jdt.JDTBasedSpoonCompiler.buildSources(JDTBasedSpoonCompiler.java:340)
	at spoon.support.compiler.jdt.JDTBasedSpoonCompiler.build(JDTBasedSpoonCompiler.java:129)
	at spoon.support.compiler.jdt.JDTBasedSpoonCompiler.build(JDTBasedSpoonCompiler.java:113)
	at fr.inria.lille.commons.spoon.util.SpoonModelLibrary.modelFor(SpoonModelLibrary.java:53)
	at fr.inria.lille.commons.spoon.SpoonedFile.<init>(SpoonedFile.java:61)
	at fr.inria.lille.commons.spoon.SpoonedClass.<init>(SpoonedClass.java:14)
	at fr.inria.lille.commons.spoon.SpoonedProject.forked(SpoonedProject.java:47)
	at fr.inria.lille.repair.nopol.NoPol.runOnStatement(NoPol.java:222)

Usage: java -jar nopol.jar
                          [(-m|--mode) <repair|ranking>] (-e|--type) <condition|precondition|pre_then_cond|loop|arithmetic> [(-o|--oracle) <angelic|symbolic>] [(-y|--synthesis) <smt|dynamoth>] [(-l|--solver) <z3|cvc4>] [(-p|--solver-path) <solverPath>] (-s|--source) source1:source2:...:sourceN  (-c|--classpath) <classpath> [(-t|--test) test1:test2:...:testN ] [--complianceLevel <complianceLevel>] [--maxTime <maxTime>] [--maxTimeType <maxTimeType>] [(-z|--flocal) < cocospoon|dumb|gzoltar>] [--output <outputFolder>] [--json[:<outputJson>]]

  [(-m|--mode) <repair|ranking>]
        Define the mode of execution. (default: repair)

  (-e|--type) <condition|precondition|pre_then_cond|loop|arithmetic>
        The repair type (example fixing only conditions, or adding
        precondition). REQUIRED OPTION (default: condition)

  [(-o|--oracle) <angelic|symbolic>]
        Define the oracle (only used with repair mode). (default: angelic)

  [(-y|--synthesis) <smt|dynamoth>]
        Define the patch synthesis. (default: smt)

  [(-l|--solver) <z3|cvc4>]
        Define the solver (only used with smt synthesis). (default: z3)

  [(-p|--solver-path) <solverPath>]
        Define the solver binary path (only used with smt synthesis).

  (-s|--source) source1:source2:...:sourceN 
        Define the path to the source code of the project.

  (-c|--classpath) <classpath>
        Define the classpath of the project.

  [(-t|--test) test1:test2:...:testN ]
        Define the tests of the project (both failing and passing),
        fully-qualified, separated with ':' (even if the classpath contains
        other tests, only those are considered.

  [--complianceLevel <complianceLevel>]
        The compliance level of the project. (default: 7)

  [--maxTime <maxTime>]
        The maximum time execution in minute for the whole execution of
        Nopol.(default: 10)

  [--maxTimeType <maxTimeType>]
        The maximum time execution in minute for one type of patch. (default: 5)

  [(-z|--flocal) < cocospoon|dumb|gzoltar>]
        Define the fault localizer to be used. (default: gzoltar)

  [--output <outputFolder>]
        Define the location where the patches will be saved. (default: .)

  [--json[:<outputJson>]]
        Output a json file in the current working directory.

Command exited with non-zero status 255
7319.30user 14.99system 8:09.36elapsed 1498%CPU (0avgtext+0avgdata 4620844maxresident)k
51032inputs+6152outputs (3major+1344170minor)pagefaults 0swaps


Node: petitprince-2.luxembourg.grid5000.fr



Date: Wed Nov 28 22:16:01 EST 2018

