cd /tmp/Nopol_IntroClassJava_digits_d43d32076778e9cb3a2aa237e806bc00b0eaffde5b75563c9321019a817607f8303e6b982bf49358787264ac38e22026f27bde7e67a87ba43b973c29442f9e93_000;
export JAVA_TOOL_OPTIONS="-Dfile.encoding=UTF8 -Duser.language=en-US -Duser.country=US -Duser.language=en";
TZ="America/New_York"; export TZ;
export PATH="/usr/lib/jvm/java-1.8.0-openjdk-amd64/bin/:$PATH";
export JAVA_HOME="/usr/lib/jvm/java-1.8.0-openjdk-amd64/bin/";
time java -Xmx4048m -cp /home/tdurieux/RepairThemAll/script/../repair_tools/nopol.jar:/usr/lib/jvm/java-1.8.0-openjdk-amd64/bin//../lib/tools.jar fr.inria.lille.repair.Main \
	--mode repair \
	--type pre_then_cond \
	--oracle angelic \
	--synthesis smt \
	--flocal gzoltar \
	--json \
	--solver z3 \
	--solver-path /home/tdurieux/RepairThemAll/script/../libs/z3/build/z3 \
	--complianceLevel 7 \
	--source src/main/java \
	--classpath "target/classes:target/test-classes:/home/tdurieux/.m2/repository/junit/junit/4.11/junit-4.11.jar:/home/tdurieux/.m2/repository/org/hamcrest/hamcrest-core/1.3/hamcrest-core-1.3.jar:/home/tdurieux/RepairThemAll/script/../repair_tools/nopol.jar";
	echo "\n\nNode: `hostname`\n";
	echo "\n\nDate: `date`\n";
Picked up JAVA_TOOL_OPTIONS: -Dfile.encoding=UTF8 -Duser.language=en-US -Duser.country=US -Duser.language=en
15:59:37.041 [main] INFO  fr.inria.lille.repair.nopol.NoPol - Source files: [src/main/java]
15:59:37.047 [main] INFO  fr.inria.lille.repair.nopol.NoPol - Classpath: [file:/tmp/Nopol_IntroClassJava_digits_d43d32076778e9cb3a2aa237e806bc00b0eaffde5b75563c9321019a817607f8303e6b982bf49358787264ac38e22026f27bde7e67a87ba43b973c29442f9e93_000/target/classes/, file:/tmp/Nopol_IntroClassJava_digits_d43d32076778e9cb3a2aa237e806bc00b0eaffde5b75563c9321019a817607f8303e6b982bf49358787264ac38e22026f27bde7e67a87ba43b973c29442f9e93_000/target/test-classes/, file:/home/tdurieux/.m2/repository/junit/junit/4.11/junit-4.11.jar, file:/home/tdurieux/.m2/repository/org/hamcrest/hamcrest-core/1.3/hamcrest-core-1.3.jar, file:/home/tdurieux/RepairThemAll/script/../repair_tools/nopol.jar]
15:59:37.047 [main] INFO  fr.inria.lille.repair.nopol.NoPol - Statement type: PRE_THEN_COND
15:59:37.047 [main] INFO  fr.inria.lille.repair.nopol.NoPol - Args: [introclassJava.digits_d43d3207_000BlackboxTest, introclassJava.digits_d43d3207_000WhiteboxTest]
15:59:37.049 [main] INFO  fr.inria.lille.repair.nopol.NoPol - Config: Config{synthesisDepth=3, collectStaticMethods=true, collectStaticFields=false, collectLiterals=false, onlyOneSynthesisResult=true, sortExpressions=true, maxLineInvocationPerTest=250, timeoutMethodInvocation=2000, dataCollectionTimeoutInSecondForSynthesis=900, addWeight=0.19478, subWeight=0.04554, mulWeight=0.0102, divWeight=0.00613, andWeight=0.10597, orWeight=0.05708, eqWeight=0.22798, nEqWeight=0.0, lessEqWeight=0.0255, lessWeight=0.0947, methodCallWeight=0.1, fieldAccessWeight=0.08099, constantWeight=0.14232, variableWeight=0.05195, mode=REPAIR, type=PRE_THEN_COND, synthesis=SMT, oracle=ANGELIC, solver=Z3, solverPath='/home/tdurieux/RepairThemAll/script/../libs/z3/build/z3', projectSources=[src/main/java], projectClasspath='[Ljava.net.URL;@66d33a', projectTests=[introclassJava.digits_d43d3207_000BlackboxTest, introclassJava.digits_d43d3207_000WhiteboxTest], complianceLevel=7, outputFolder=., json=true}
15:59:37.049 [main] INFO  fr.inria.lille.repair.nopol.NoPol - Available processors (cores): 8
15:59:37.055 [main] INFO  fr.inria.lille.repair.nopol.NoPol - Free memory: 467 MB
15:59:37.056 [main] INFO  fr.inria.lille.repair.nopol.NoPol - Maximum memory: 3 GB
15:59:37.056 [main] INFO  fr.inria.lille.repair.nopol.NoPol - Total memory available to JVM: 483 MB
15:59:37.056 [main] INFO  fr.inria.lille.repair.nopol.NoPol - Java version: 1.8.0_181
15:59:37.057 [main] INFO  fr.inria.lille.repair.nopol.NoPol - JAVA_HOME: /usr/lib/jvm/java-1.8.0-openjdk-amd64/bin/
15:59:37.057 [main] INFO  fr.inria.lille.repair.nopol.NoPol - PATH: /usr/lib/jvm/java-1.8.0-openjdk-amd64/bin/:/usr/lib/oar/oardodo:/usr/lib/oar/oardodo:/usr/local/bin:/usr/bin:/bin:/usr/games
15:59:40.530 [pool-2-thread-1] DEBUG fr.inria.lille.repair.nopol.NoPol - statement #1
15:59:40.531 [pool-2-thread-1] DEBUG fr.inria.lille.repair.nopol.NoPol - Analysing SourceLocation introclassJava.digits_d43d3207_000:66 which is executed by 14 tests
-782088270
15:59:40.820 [pool-2-thread-1] DEBUG fr.inria.lille.repair.nopol.NoPol - looking with class fr.inria.lille.repair.nopol.spoon.smt.ConditionalAdder
org.junit.ComparisonFailure: expected:<Enteraninteger>[67]8-9That'sall,haveani...> but was:<Enteraninteger>[-6-7-]8-9That'sall,haveani...>
    at org.junit.Assert.assertEquals(Assert.java:115)
    at org.junit.Assert.assertEquals(Assert.java:144)
    at introclassJava.digits_d43d3207_000BlackboxTest.test2(digits_d43d3207_000BlackboxTest.java:23)
    at sun.reflect.NativeMethodAccessorImpl.invoke0(Native Method)
    at sun.reflect.NativeMethodAccessorImpl.invoke(NativeMethodAccessorImpl.java:62)
    at sun.reflect.DelegatingMethodAccessorImpl.invoke(DelegatingMethodAccessorImpl.java:43)
15:59:40.870 [pool-4-thread-1] INFO  xxl.java.junit.TestCasesListener - Tests run finished (23 ms)
<> Total tests run: 6
<> Ignored tests: 0
<> Failed tests: 1
~ test2(introclassJava.digits_d43d3207_000BlackboxTest)
[expected:<Enteraninteger>[67]8-9That'sall,haveani...> but was:<Enteraninteger>[-6-7-]8-9That'sall,haveani...>]
org.junit.ComparisonFailure: expected:<Enteraninteger>[67]8-9That'sall,haveani...> but was:<Enteraninteger>[-6-7-]8-9That'sall,haveani...>    at org.junit.Assert.assertEquals(Assert.java:115)
    at org.junit.Assert.assertEquals(Assert.java:144)
    at introclassJava.digits_d43d3207_000BlackboxTest.test2(digits_d43d3207_000BlackboxTest.java:23)
    at sun.reflect.NativeMethodAccessorImpl.invoke0(Native Method)
    at sun.reflect.NativeMethodAccessorImpl.invoke(NativeMethodAccessorImpl.java:62)
    at sun.reflect.DelegatingMethodAccessorImpl.invoke(DelegatingMethodAccessorImpl.java:43)

java.lang.Exception: test timed out after 1000 milliseconds
    at introclassJava.digits_d43d3207_000.exec(digits_d43d3207_000.java:26)
    at introclassJava.digits_d43d3207_000BlackboxTest.test2(digits_d43d3207_000BlackboxTest.java:21)
    at sun.reflect.NativeMethodAccessorImpl.invoke0(Native Method)
    at sun.reflect.NativeMethodAccessorImpl.invoke(NativeMethodAccessorImpl.java:62)
    at sun.reflect.DelegatingMethodAccessorImpl.invoke(DelegatingMethodAccessorImpl.java:43)
    at java.lang.reflect.Method.invoke(Method.java:498)
15:59:42.465 [pool-5-thread-1] INFO  f.i.l.c.t.SpecificationTestCasesListener - Tests run finished (1002 ms)
<> Total tests run: 1
<> Ignored tests: 0
<> Failed tests: 1
~ test2(introclassJava.digits_d43d3207_000BlackboxTest)
[test timed out after 1000 milliseconds]
java.lang.Exception: test timed out after 1000 milliseconds    at introclassJava.digits_d43d3207_000.exec(digits_d43d3207_000.java:26)
    at introclassJava.digits_d43d3207_000BlackboxTest.test2(digits_d43d3207_000BlackboxTest.java:21)
    at sun.reflect.NativeMethodAccessorImpl.invoke0(Native Method)
    at sun.reflect.NativeMethodAccessorImpl.invoke(NativeMethodAccessorImpl.java:62)
    at sun.reflect.DelegatingMethodAccessorImpl.invoke(DelegatingMethodAccessorImpl.java:43)
    at java.lang.reflect.Method.invoke(Method.java:498)

org.junit.ComparisonFailure: expected:<Enteraninteger>[67]8-9That'sall,haveani...> but was:<Enteraninteger>[-6-7-]8-9That'sall,haveani...>
    at org.junit.Assert.assertEquals(Assert.java:115)
    at org.junit.Assert.assertEquals(Assert.java:144)
    at introclassJava.digits_d43d3207_000BlackboxTest.test2(digits_d43d3207_000BlackboxTest.java:23)
    at sun.reflect.NativeMethodAccessorImpl.invoke0(Native Method)
    at sun.reflect.NativeMethodAccessorImpl.invoke(NativeMethodAccessorImpl.java:62)
    at sun.reflect.DelegatingMethodAccessorImpl.invoke(DelegatingMethodAccessorImpl.java:43)
15:59:42.472 [pool-6-thread-1] INFO  f.i.l.c.t.SpecificationTestCasesListener - Tests run finished (4 ms)
<> Total tests run: 1
<> Ignored tests: 0
<> Failed tests: 1
~ test2(introclassJava.digits_d43d3207_000BlackboxTest)
[expected:<Enteraninteger>[67]8-9That'sall,haveani...> but was:<Enteraninteger>[-6-7-]8-9That'sall,haveani...>]
org.junit.ComparisonFailure: expected:<Enteraninteger>[67]8-9That'sall,haveani...> but was:<Enteraninteger>[-6-7-]8-9That'sall,haveani...>    at org.junit.Assert.assertEquals(Assert.java:115)
    at org.junit.Assert.assertEquals(Assert.java:144)
    at introclassJava.digits_d43d3207_000BlackboxTest.test2(digits_d43d3207_000BlackboxTest.java:23)
    at sun.reflect.NativeMethodAccessorImpl.invoke0(Native Method)
    at sun.reflect.NativeMethodAccessorImpl.invoke(NativeMethodAccessorImpl.java:62)
    at sun.reflect.DelegatingMethodAccessorImpl.invoke(DelegatingMethodAccessorImpl.java:43)

15:59:42.472 [pool-3-thread-1] DEBUG tests.output - Failing tests with false: 
[test2(introclassJava.digits_d43d3207_000BlackboxTest): test timed out after 1000 milliseconds]
15:59:42.473 [pool-3-thread-1] DEBUG tests.output - Failing tests with true: 
[test2(introclassJava.digits_d43d3207_000BlackboxTest): expected:<Enteraninteger>[67]8-9That'sall,haveani...> but was:<Enteraninteger>[-6-7-]8-9That'sall,haveani...>]
15:59:42.473 [pool-3-thread-1] INFO  f.i.l.r.n.synth.SMTNopolSynthesizer - Not enough specifications: 0. A trivial patch is "true" or "false", please write new tests specifying SourceLocation introclassJava.digits_d43d3207_000:66.
15:59:42.473 [pool-2-thread-1] DEBUG fr.inria.lille.repair.nopol.NoPol - statement #2
15:59:42.473 [pool-2-thread-1] DEBUG fr.inria.lille.repair.nopol.NoPol - Analysing SourceLocation introclassJava.digits_d43d3207_000:65 which is executed by 14 tests
-782088270
15:59:42.548 [pool-2-thread-1] DEBUG fr.inria.lille.repair.nopol.NoPol - looking with class fr.inria.lille.repair.nopol.spoon.smt.ConditionalAdder
org.junit.ComparisonFailure: expected:<Enteraninteger>[67]8-9That'sall,haveani...> but was:<Enteraninteger>[-6-7-]8-9That'sall,haveani...>
    at org.junit.Assert.assertEquals(Assert.java:115)
    at org.junit.Assert.assertEquals(Assert.java:144)
    at introclassJava.digits_d43d3207_000BlackboxTest.test2(digits_d43d3207_000BlackboxTest.java:23)
    at sun.reflect.NativeMethodAccessorImpl.invoke0(Native Method)
    at sun.reflect.NativeMethodAccessorImpl.invoke(NativeMethodAccessorImpl.java:62)
    at sun.reflect.DelegatingMethodAccessorImpl.invoke(DelegatingMethodAccessorImpl.java:43)
15:59:42.560 [pool-8-thread-1] INFO  xxl.java.junit.TestCasesListener - Tests run finished (9 ms)
<> Total tests run: 6
<> Ignored tests: 0
<> Failed tests: 1
~ test2(introclassJava.digits_d43d3207_000BlackboxTest)
[expected:<Enteraninteger>[67]8-9That'sall,haveani...> but was:<Enteraninteger>[-6-7-]8-9That'sall,haveani...>]
org.junit.ComparisonFailure: expected:<Enteraninteger>[67]8-9That'sall,haveani...> but was:<Enteraninteger>[-6-7-]8-9That'sall,haveani...>    at org.junit.Assert.assertEquals(Assert.java:115)
    at org.junit.Assert.assertEquals(Assert.java:144)
    at introclassJava.digits_d43d3207_000BlackboxTest.test2(digits_d43d3207_000BlackboxTest.java:23)
    at sun.reflect.NativeMethodAccessorImpl.invoke0(Native Method)
    at sun.reflect.NativeMethodAccessorImpl.invoke(NativeMethodAccessorImpl.java:62)
    at sun.reflect.DelegatingMethodAccessorImpl.invoke(DelegatingMethodAccessorImpl.java:43)

org.junit.ComparisonFailure: expected:<Enteraninteger>[678]-9That'sall,haveanic...> but was:<Enteraninteger>[]-9That'sall,haveanic...>
    at org.junit.Assert.assertEquals(Assert.java:115)
    at org.junit.Assert.assertEquals(Assert.java:144)
    at introclassJava.digits_d43d3207_000BlackboxTest.test2(digits_d43d3207_000BlackboxTest.java:23)
    at sun.reflect.NativeMethodAccessorImpl.invoke0(Native Method)
    at sun.reflect.NativeMethodAccessorImpl.invoke(NativeMethodAccessorImpl.java:62)
    at sun.reflect.DelegatingMethodAccessorImpl.invoke(DelegatingMethodAccessorImpl.java:43)
15:59:42.697 [pool-9-thread-1] INFO  f.i.l.c.t.SpecificationTestCasesListener - Tests run finished (3 ms)
<> Total tests run: 1
<> Ignored tests: 0
<> Failed tests: 1
~ test2(introclassJava.digits_d43d3207_000BlackboxTest)
[expected:<Enteraninteger>[678]-9That'sall,haveanic...> but was:<Enteraninteger>[]-9That'sall,haveanic...>]
org.junit.ComparisonFailure: expected:<Enteraninteger>[678]-9That'sall,haveanic...> but was:<Enteraninteger>[]-9That'sall,haveanic...>    at org.junit.Assert.assertEquals(Assert.java:115)
    at org.junit.Assert.assertEquals(Assert.java:144)
    at introclassJava.digits_d43d3207_000BlackboxTest.test2(digits_d43d3207_000BlackboxTest.java:23)
    at sun.reflect.NativeMethodAccessorImpl.invoke0(Native Method)
    at sun.reflect.NativeMethodAccessorImpl.invoke(NativeMethodAccessorImpl.java:62)
    at sun.reflect.DelegatingMethodAccessorImpl.invoke(DelegatingMethodAccessorImpl.java:43)

org.junit.ComparisonFailure: expected:<Enteraninteger>[67]8-9That'sall,haveani...> but was:<Enteraninteger>[-6-7-]8-9That'sall,haveani...>
    at org.junit.Assert.assertEquals(Assert.java:115)
    at org.junit.Assert.assertEquals(Assert.java:144)
    at introclassJava.digits_d43d3207_000BlackboxTest.test2(digits_d43d3207_000BlackboxTest.java:23)
    at sun.reflect.NativeMethodAccessorImpl.invoke0(Native Method)
    at sun.reflect.NativeMethodAccessorImpl.invoke(NativeMethodAccessorImpl.java:62)
    at sun.reflect.DelegatingMethodAccessorImpl.invoke(DelegatingMethodAccessorImpl.java:43)
15:59:42.700 [pool-10-thread-1] INFO  f.i.l.c.t.SpecificationTestCasesListener - Tests run finished (2 ms)
<> Total tests run: 1
<> Ignored tests: 0
<> Failed tests: 1
~ test2(introclassJava.digits_d43d3207_000BlackboxTest)
[expected:<Enteraninteger>[67]8-9That'sall,haveani...> but was:<Enteraninteger>[-6-7-]8-9That'sall,haveani...>]
org.junit.ComparisonFailure: expected:<Enteraninteger>[67]8-9That'sall,haveani...> but was:<Enteraninteger>[-6-7-]8-9That'sall,haveani...>    at org.junit.Assert.assertEquals(Assert.java:115)
    at org.junit.Assert.assertEquals(Assert.java:144)
    at introclassJava.digits_d43d3207_000BlackboxTest.test2(digits_d43d3207_000BlackboxTest.java:23)
    at sun.reflect.NativeMethodAccessorImpl.invoke0(Native Method)
    at sun.reflect.NativeMethodAccessorImpl.invoke(NativeMethodAccessorImpl.java:62)
    at sun.reflect.DelegatingMethodAccessorImpl.invoke(DelegatingMethodAccessorImpl.java:43)

15:59:42.700 [pool-7-thread-1] DEBUG tests.output - Failing tests with false: 
[test2(introclassJava.digits_d43d3207_000BlackboxTest): expected:<Enteraninteger>[678]-9That'sall,haveanic...> but was:<Enteraninteger>[]-9That'sall,haveanic...>]
15:59:42.700 [pool-7-thread-1] DEBUG tests.output - Failing tests with true: 
[test2(introclassJava.digits_d43d3207_000BlackboxTest): expected:<Enteraninteger>[67]8-9That'sall,haveani...> but was:<Enteraninteger>[-6-7-]8-9That'sall,haveani...>]
15:59:42.700 [pool-7-thread-1] INFO  f.i.l.r.n.synth.SMTNopolSynthesizer - Not enough specifications: 0. A trivial patch is "true" or "false", please write new tests specifying SourceLocation introclassJava.digits_d43d3207_000:65.
15:59:42.701 [pool-2-thread-1] DEBUG fr.inria.lille.repair.nopol.NoPol - statement #3
15:59:42.701 [pool-2-thread-1] DEBUG fr.inria.lille.repair.nopol.NoPol - Analysing SourceLocation introclassJava.digits_d43d3207_000:64 which is executed by 14 tests
-782088270
15:59:42.759 [pool-2-thread-1] DEBUG fr.inria.lille.repair.nopol.NoPol - looking with class fr.inria.lille.repair.nopol.spoon.smt.ConditionalAdder
org.junit.ComparisonFailure: expected:<Enteraninteger>[67]8-9That'sall,haveani...> but was:<Enteraninteger>[-6-7-]8-9That'sall,haveani...>
    at org.junit.Assert.assertEquals(Assert.java:115)
    at org.junit.Assert.assertEquals(Assert.java:144)
    at introclassJava.digits_d43d3207_000BlackboxTest.test2(digits_d43d3207_000BlackboxTest.java:23)
    at sun.reflect.NativeMethodAccessorImpl.invoke0(Native Method)
    at sun.reflect.NativeMethodAccessorImpl.invoke(NativeMethodAccessorImpl.java:62)
    at sun.reflect.DelegatingMethodAccessorImpl.invoke(DelegatingMethodAccessorImpl.java:43)
15:59:42.770 [pool-12-thread-1] INFO  xxl.java.junit.TestCasesListener - Tests run finished (8 ms)
<> Total tests run: 6
<> Ignored tests: 0
<> Failed tests: 1
~ test2(introclassJava.digits_d43d3207_000BlackboxTest)
[expected:<Enteraninteger>[67]8-9That'sall,haveani...> but was:<Enteraninteger>[-6-7-]8-9That'sall,haveani...>]
org.junit.ComparisonFailure: expected:<Enteraninteger>[67]8-9That'sall,haveani...> but was:<Enteraninteger>[-6-7-]8-9That'sall,haveani...>    at org.junit.Assert.assertEquals(Assert.java:115)
    at org.junit.Assert.assertEquals(Assert.java:144)
    at introclassJava.digits_d43d3207_000BlackboxTest.test2(digits_d43d3207_000BlackboxTest.java:23)
    at sun.reflect.NativeMethodAccessorImpl.invoke0(Native Method)
    at sun.reflect.NativeMethodAccessorImpl.invoke(NativeMethodAccessorImpl.java:62)
    at sun.reflect.DelegatingMethodAccessorImpl.invoke(DelegatingMethodAccessorImpl.java:43)

org.junit.ComparisonFailure: expected:<Enteraninteger>[678]-9That'sall,haveanic...> but was:<Enteraninteger>[000]-9That'sall,haveanic...>
    at org.junit.Assert.assertEquals(Assert.java:115)
    at org.junit.Assert.assertEquals(Assert.java:144)
    at introclassJava.digits_d43d3207_000BlackboxTest.test2(digits_d43d3207_000BlackboxTest.java:23)
    at sun.reflect.NativeMethodAccessorImpl.invoke0(Native Method)
    at sun.reflect.NativeMethodAccessorImpl.invoke(NativeMethodAccessorImpl.java:62)
    at sun.reflect.DelegatingMethodAccessorImpl.invoke(DelegatingMethodAccessorImpl.java:43)
15:59:42.891 [pool-13-thread-1] INFO  f.i.l.c.t.SpecificationTestCasesListener - Tests run finished (3 ms)
<> Total tests run: 1
<> Ignored tests: 0
<> Failed tests: 1
~ test2(introclassJava.digits_d43d3207_000BlackboxTest)
[expected:<Enteraninteger>[678]-9That'sall,haveanic...> but was:<Enteraninteger>[000]-9That'sall,haveanic...>]
org.junit.ComparisonFailure: expected:<Enteraninteger>[678]-9That'sall,haveanic...> but was:<Enteraninteger>[000]-9That'sall,haveanic...>    at org.junit.Assert.assertEquals(Assert.java:115)
    at org.junit.Assert.assertEquals(Assert.java:144)
    at introclassJava.digits_d43d3207_000BlackboxTest.test2(digits_d43d3207_000BlackboxTest.java:23)
    at sun.reflect.NativeMethodAccessorImpl.invoke0(Native Method)
    at sun.reflect.NativeMethodAccessorImpl.invoke(NativeMethodAccessorImpl.java:62)
    at sun.reflect.DelegatingMethodAccessorImpl.invoke(DelegatingMethodAccessorImpl.java:43)

org.junit.ComparisonFailure: expected:<Enteraninteger>[67]8-9That'sall,haveani...> but was:<Enteraninteger>[-6-7-]8-9That'sall,haveani...>
    at org.junit.Assert.assertEquals(Assert.java:115)
    at org.junit.Assert.assertEquals(Assert.java:144)
    at introclassJava.digits_d43d3207_000BlackboxTest.test2(digits_d43d3207_000BlackboxTest.java:23)
    at sun.reflect.NativeMethodAccessorImpl.invoke0(Native Method)
    at sun.reflect.NativeMethodAccessorImpl.invoke(NativeMethodAccessorImpl.java:62)
    at sun.reflect.DelegatingMethodAccessorImpl.invoke(DelegatingMethodAccessorImpl.java:43)
15:59:42.894 [pool-14-thread-1] INFO  f.i.l.c.t.SpecificationTestCasesListener - Tests run finished (1 ms)
<> Total tests run: 1
<> Ignored tests: 0
<> Failed tests: 1
~ test2(introclassJava.digits_d43d3207_000BlackboxTest)
[expected:<Enteraninteger>[67]8-9That'sall,haveani...> but was:<Enteraninteger>[-6-7-]8-9That'sall,haveani...>]
org.junit.ComparisonFailure: expected:<Enteraninteger>[67]8-9That'sall,haveani...> but was:<Enteraninteger>[-6-7-]8-9That'sall,haveani...>    at org.junit.Assert.assertEquals(Assert.java:115)
    at org.junit.Assert.assertEquals(Assert.java:144)
    at introclassJava.digits_d43d3207_000BlackboxTest.test2(digits_d43d3207_000BlackboxTest.java:23)
    at sun.reflect.NativeMethodAccessorImpl.invoke0(Native Method)
    at sun.reflect.NativeMethodAccessorImpl.invoke(NativeMethodAccessorImpl.java:62)
    at sun.reflect.DelegatingMethodAccessorImpl.invoke(DelegatingMethodAccessorImpl.java:43)

15:59:42.895 [pool-11-thread-1] DEBUG tests.output - Failing tests with false: 
[test2(introclassJava.digits_d43d3207_000BlackboxTest): expected:<Enteraninteger>[678]-9That'sall,haveanic...> but was:<Enteraninteger>[000]-9That'sall,haveanic...>]
15:59:42.895 [pool-11-thread-1] DEBUG tests.output - Failing tests with true: 
[test2(introclassJava.digits_d43d3207_000BlackboxTest): expected:<Enteraninteger>[67]8-9That'sall,haveani...> but was:<Enteraninteger>[-6-7-]8-9That'sall,haveani...>]
15:59:42.895 [pool-11-thread-1] INFO  f.i.l.r.n.synth.SMTNopolSynthesizer - Not enough specifications: 0. A trivial patch is "true" or "false", please write new tests specifying SourceLocation introclassJava.digits_d43d3207_000:64.
15:59:42.895 [pool-2-thread-1] DEBUG fr.inria.lille.repair.nopol.NoPol - statement #4
15:59:42.895 [pool-2-thread-1] DEBUG fr.inria.lille.repair.nopol.NoPol - Analysing SourceLocation introclassJava.digits_d43d3207_000:71 which is executed by 16 tests
-782088270
15:59:42.954 [pool-2-thread-1] DEBUG fr.inria.lille.repair.nopol.NoPol - looking with class fr.inria.lille.repair.nopol.spoon.smt.ConditionalAdder
org.junit.ComparisonFailure: expected:<Enteraninteger>[67]8-9That'sall,haveani...> but was:<Enteraninteger>[-6-7-]8-9That'sall,haveani...>
    at org.junit.Assert.assertEquals(Assert.java:115)
    at org.junit.Assert.assertEquals(Assert.java:144)
    at introclassJava.digits_d43d3207_000BlackboxTest.test2(digits_d43d3207_000BlackboxTest.java:23)
    at sun.reflect.NativeMethodAccessorImpl.invoke0(Native Method)
    at sun.reflect.NativeMethodAccessorImpl.invoke(NativeMethodAccessorImpl.java:62)
    at sun.reflect.DelegatingMethodAccessorImpl.invoke(DelegatingMethodAccessorImpl.java:43)
15:59:42.963 [pool-16-thread-1] INFO  xxl.java.junit.TestCasesListener - Tests run finished (7 ms)
<> Total tests run: 6
<> Ignored tests: 0
<> Failed tests: 1
~ test2(introclassJava.digits_d43d3207_000BlackboxTest)
[expected:<Enteraninteger>[67]8-9That'sall,haveani...> but was:<Enteraninteger>[-6-7-]8-9That'sall,haveani...>]
org.junit.ComparisonFailure: expected:<Enteraninteger>[67]8-9That'sall,haveani...> but was:<Enteraninteger>[-6-7-]8-9That'sall,haveani...>    at org.junit.Assert.assertEquals(Assert.java:115)
    at org.junit.Assert.assertEquals(Assert.java:144)
    at introclassJava.digits_d43d3207_000BlackboxTest.test2(digits_d43d3207_000BlackboxTest.java:23)
    at sun.reflect.NativeMethodAccessorImpl.invoke0(Native Method)
    at sun.reflect.NativeMethodAccessorImpl.invoke(NativeMethodAccessorImpl.java:62)
    at sun.reflect.DelegatingMethodAccessorImpl.invoke(DelegatingMethodAccessorImpl.java:43)

org.junit.ComparisonFailure: expected:<Enteraninteger>[67]8-9That'sall,haveani...> but was:<Enteraninteger>[-6-7-]8-9That'sall,haveani...>
    at org.junit.Assert.assertEquals(Assert.java:115)
    at org.junit.Assert.assertEquals(Assert.java:144)
    at introclassJava.digits_d43d3207_000BlackboxTest.test2(digits_d43d3207_000BlackboxTest.java:23)
    at sun.reflect.NativeMethodAccessorImpl.invoke0(Native Method)
    at sun.reflect.NativeMethodAccessorImpl.invoke(NativeMethodAccessorImpl.java:62)
    at sun.reflect.DelegatingMethodAccessorImpl.invoke(DelegatingMethodAccessorImpl.java:43)
15:59:43.079 [pool-17-thread-1] INFO  f.i.l.c.t.SpecificationTestCasesListener - Tests run finished (3 ms)
<> Total tests run: 1
<> Ignored tests: 0
<> Failed tests: 1
~ test2(introclassJava.digits_d43d3207_000BlackboxTest)
[expected:<Enteraninteger>[67]8-9That'sall,haveani...> but was:<Enteraninteger>[-6-7-]8-9That'sall,haveani...>]
org.junit.ComparisonFailure: expected:<Enteraninteger>[67]8-9That'sall,haveani...> but was:<Enteraninteger>[-6-7-]8-9That'sall,haveani...>    at org.junit.Assert.assertEquals(Assert.java:115)
    at org.junit.Assert.assertEquals(Assert.java:144)
    at introclassJava.digits_d43d3207_000BlackboxTest.test2(digits_d43d3207_000BlackboxTest.java:23)
    at sun.reflect.NativeMethodAccessorImpl.invoke0(Native Method)
    at sun.reflect.NativeMethodAccessorImpl.invoke(NativeMethodAccessorImpl.java:62)
    at sun.reflect.DelegatingMethodAccessorImpl.invoke(DelegatingMethodAccessorImpl.java:43)

org.junit.ComparisonFailure: expected:<Enteraninteger>[67]8-9That'sall,haveani...> but was:<Enteraninteger>[-6-7-]8-9That'sall,haveani...>
    at org.junit.Assert.assertEquals(Assert.java:115)
    at org.junit.Assert.assertEquals(Assert.java:144)
    at introclassJava.digits_d43d3207_000BlackboxTest.test2(digits_d43d3207_000BlackboxTest.java:23)
    at sun.reflect.NativeMethodAccessorImpl.invoke0(Native Method)
    at sun.reflect.NativeMethodAccessorImpl.invoke(NativeMethodAccessorImpl.java:62)
    at sun.reflect.DelegatingMethodAccessorImpl.invoke(DelegatingMethodAccessorImpl.java:43)
15:59:43.098 [pool-18-thread-1] INFO  f.i.l.c.t.SpecificationTestCasesListener - Tests run finished (17 ms)
<> Total tests run: 1
<> Ignored tests: 0
<> Failed tests: 1
~ test2(introclassJava.digits_d43d3207_000BlackboxTest)
[expected:<Enteraninteger>[67]8-9That'sall,haveani...> but was:<Enteraninteger>[-6-7-]8-9That'sall,haveani...>]
org.junit.ComparisonFailure: expected:<Enteraninteger>[67]8-9That'sall,haveani...> but was:<Enteraninteger>[-6-7-]8-9That'sall,haveani...>    at org.junit.Assert.assertEquals(Assert.java:115)
    at org.junit.Assert.assertEquals(Assert.java:144)
    at introclassJava.digits_d43d3207_000BlackboxTest.test2(digits_d43d3207_000BlackboxTest.java:23)
    at sun.reflect.NativeMethodAccessorImpl.invoke0(Native Method)
    at sun.reflect.NativeMethodAccessorImpl.invoke(NativeMethodAccessorImpl.java:62)
    at sun.reflect.DelegatingMethodAccessorImpl.invoke(DelegatingMethodAccessorImpl.java:43)

15:59:43.098 [pool-15-thread-1] DEBUG tests.output - Failing tests with false: 
[test2(introclassJava.digits_d43d3207_000BlackboxTest): expected:<Enteraninteger>[67]8-9That'sall,haveani...> but was:<Enteraninteger>[-6-7-]8-9That'sall,haveani...>]
15:59:43.099 [pool-15-thread-1] DEBUG tests.output - Failing tests with true: 
[test2(introclassJava.digits_d43d3207_000BlackboxTest): expected:<Enteraninteger>[67]8-9That'sall,haveani...> but was:<Enteraninteger>[-6-7-]8-9That'sall,haveani...>]
15:59:43.099 [pool-15-thread-1] INFO  f.i.l.r.n.synth.SMTNopolSynthesizer - Not enough specifications: 0. A trivial patch is "true" or "false", please write new tests specifying SourceLocation introclassJava.digits_d43d3207_000:71.
15:59:43.099 [pool-2-thread-1] DEBUG fr.inria.lille.repair.nopol.NoPol - statement #5
15:59:43.099 [pool-2-thread-1] DEBUG fr.inria.lille.repair.nopol.NoPol - Analysing SourceLocation introclassJava.digits_d43d3207_000:69 which is executed by 16 tests
-782088270
15:59:43.161 [pool-2-thread-1] DEBUG fr.inria.lille.repair.nopol.NoPol - statement #6
15:59:43.161 [pool-2-thread-1] DEBUG fr.inria.lille.repair.nopol.NoPol - Analysing SourceLocation introclassJava.digits_d43d3207_000:68 which is executed by 16 tests
-782088270
15:59:43.218 [pool-2-thread-1] DEBUG fr.inria.lille.repair.nopol.NoPol - looking with class fr.inria.lille.repair.nopol.spoon.smt.ConditionalAdder
org.junit.ComparisonFailure: expected:<Enteraninteger>[67]8-9That'sall,haveani...> but was:<Enteraninteger>[-6-7-]8-9That'sall,haveani...>
    at org.junit.Assert.assertEquals(Assert.java:115)
    at org.junit.Assert.assertEquals(Assert.java:144)
    at introclassJava.digits_d43d3207_000BlackboxTest.test2(digits_d43d3207_000BlackboxTest.java:23)
    at sun.reflect.NativeMethodAccessorImpl.invoke0(Native Method)
    at sun.reflect.NativeMethodAccessorImpl.invoke(NativeMethodAccessorImpl.java:62)
    at sun.reflect.DelegatingMethodAccessorImpl.invoke(DelegatingMethodAccessorImpl.java:43)
15:59:43.227 [pool-20-thread-1] INFO  xxl.java.junit.TestCasesListener - Tests run finished (6 ms)
<> Total tests run: 6
<> Ignored tests: 0
<> Failed tests: 1
~ test2(introclassJava.digits_d43d3207_000BlackboxTest)
[expected:<Enteraninteger>[67]8-9That'sall,haveani...> but was:<Enteraninteger>[-6-7-]8-9That'sall,haveani...>]
org.junit.ComparisonFailure: expected:<Enteraninteger>[67]8-9That'sall,haveani...> but was:<Enteraninteger>[-6-7-]8-9That'sall,haveani...>    at org.junit.Assert.assertEquals(Assert.java:115)
    at org.junit.Assert.assertEquals(Assert.java:144)
    at introclassJava.digits_d43d3207_000BlackboxTest.test2(digits_d43d3207_000BlackboxTest.java:23)
    at sun.reflect.NativeMethodAccessorImpl.invoke0(Native Method)
    at sun.reflect.NativeMethodAccessorImpl.invoke(NativeMethodAccessorImpl.java:62)
    at sun.reflect.DelegatingMethodAccessorImpl.invoke(DelegatingMethodAccessorImpl.java:43)

org.junit.ComparisonFailure: expected:<Enteraninteger>[678-9That'sall,haveaniceday!]> but was:<Enteraninteger>[-6-7-8]>
    at org.junit.Assert.assertEquals(Assert.java:115)
    at org.junit.Assert.assertEquals(Assert.java:144)
    at introclassJava.digits_d43d3207_000BlackboxTest.test2(digits_d43d3207_000BlackboxTest.java:23)
    at sun.reflect.NativeMethodAccessorImpl.invoke0(Native Method)
    at sun.reflect.NativeMethodAccessorImpl.invoke(NativeMethodAccessorImpl.java:62)
    at sun.reflect.DelegatingMethodAccessorImpl.invoke(DelegatingMethodAccessorImpl.java:43)
15:59:43.335 [pool-21-thread-1] INFO  f.i.l.c.t.SpecificationTestCasesListener - Tests run finished (3 ms)
<> Total tests run: 1
<> Ignored tests: 0
<> Failed tests: 1
~ test2(introclassJava.digits_d43d3207_000BlackboxTest)
[expected:<Enteraninteger>[678-9That'sall,haveaniceday!]> but was:<Enteraninteger>[-6-7-8]>]
org.junit.ComparisonFailure: expected:<Enteraninteger>[678-9That'sall,haveaniceday!]> but was:<Enteraninteger>[-6-7-8]>    at org.junit.Assert.assertEquals(Assert.java:115)
    at org.junit.Assert.assertEquals(Assert.java:144)
    at introclassJava.digits_d43d3207_000BlackboxTest.test2(digits_d43d3207_000BlackboxTest.java:23)
    at sun.reflect.NativeMethodAccessorImpl.invoke0(Native Method)
    at sun.reflect.NativeMethodAccessorImpl.invoke(NativeMethodAccessorImpl.java:62)
    at sun.reflect.DelegatingMethodAccessorImpl.invoke(DelegatingMethodAccessorImpl.java:43)

org.junit.ComparisonFailure: expected:<Enteraninteger>[67]8-9That'sall,haveani...> but was:<Enteraninteger>[-6-7-]8-9That'sall,haveani...>
    at org.junit.Assert.assertEquals(Assert.java:115)
    at org.junit.Assert.assertEquals(Assert.java:144)
    at introclassJava.digits_d43d3207_000BlackboxTest.test2(digits_d43d3207_000BlackboxTest.java:23)
    at sun.reflect.NativeMethodAccessorImpl.invoke0(Native Method)
    at sun.reflect.NativeMethodAccessorImpl.invoke(NativeMethodAccessorImpl.java:62)
    at sun.reflect.DelegatingMethodAccessorImpl.invoke(DelegatingMethodAccessorImpl.java:43)
15:59:43.339 [pool-22-thread-1] INFO  f.i.l.c.t.SpecificationTestCasesListener - Tests run finished (3 ms)
<> Total tests run: 1
<> Ignored tests: 0
<> Failed tests: 1
~ test2(introclassJava.digits_d43d3207_000BlackboxTest)
[expected:<Enteraninteger>[67]8-9That'sall,haveani...> but was:<Enteraninteger>[-6-7-]8-9That'sall,haveani...>]
org.junit.ComparisonFailure: expected:<Enteraninteger>[67]8-9That'sall,haveani...> but was:<Enteraninteger>[-6-7-]8-9That'sall,haveani...>    at org.junit.Assert.assertEquals(Assert.java:115)
    at org.junit.Assert.assertEquals(Assert.java:144)
    at introclassJava.digits_d43d3207_000BlackboxTest.test2(digits_d43d3207_000BlackboxTest.java:23)
    at sun.reflect.NativeMethodAccessorImpl.invoke0(Native Method)
    at sun.reflect.NativeMethodAccessorImpl.invoke(NativeMethodAccessorImpl.java:62)
    at sun.reflect.DelegatingMethodAccessorImpl.invoke(DelegatingMethodAccessorImpl.java:43)

15:59:43.339 [pool-19-thread-1] DEBUG tests.output - Failing tests with false: 
[test2(introclassJava.digits_d43d3207_000BlackboxTest): expected:<Enteraninteger>[678-9That'sall,haveaniceday!]> but was:<Enteraninteger>[-6-7-8]>]
15:59:43.339 [pool-19-thread-1] DEBUG tests.output - Failing tests with true: 
[test2(introclassJava.digits_d43d3207_000BlackboxTest): expected:<Enteraninteger>[67]8-9That'sall,haveani...> but was:<Enteraninteger>[-6-7-]8-9That'sall,haveani...>]
15:59:43.340 [pool-19-thread-1] INFO  f.i.l.r.n.synth.SMTNopolSynthesizer - Not enough specifications: 0. A trivial patch is "true" or "false", please write new tests specifying SourceLocation introclassJava.digits_d43d3207_000:68.
15:59:43.340 [pool-2-thread-1] DEBUG fr.inria.lille.repair.nopol.NoPol - statement #7
15:59:43.340 [pool-2-thread-1] DEBUG fr.inria.lille.repair.nopol.NoPol - Analysing SourceLocation introclassJava.digits_d43d3207_000:63 which is executed by 16 tests
-782088270
15:59:43.396 [pool-2-thread-1] DEBUG fr.inria.lille.repair.nopol.NoPol - looking with class fr.inria.lille.repair.nopol.spoon.smt.ConditionalAdder
org.junit.ComparisonFailure: expected:<Enteraninteger>[67]8-9That'sall,haveani...> but was:<Enteraninteger>[-6-7-]8-9That'sall,haveani...>
    at org.junit.Assert.assertEquals(Assert.java:115)
    at org.junit.Assert.assertEquals(Assert.java:144)
    at introclassJava.digits_d43d3207_000BlackboxTest.test2(digits_d43d3207_000BlackboxTest.java:23)
    at sun.reflect.NativeMethodAccessorImpl.invoke0(Native Method)
    at sun.reflect.NativeMethodAccessorImpl.invoke(NativeMethodAccessorImpl.java:62)
    at sun.reflect.DelegatingMethodAccessorImpl.invoke(DelegatingMethodAccessorImpl.java:43)
15:59:43.404 [pool-24-thread-1] INFO  xxl.java.junit.TestCasesListener - Tests run finished (5 ms)
<> Total tests run: 6
<> Ignored tests: 0
<> Failed tests: 1
~ test2(introclassJava.digits_d43d3207_000BlackboxTest)
[expected:<Enteraninteger>[67]8-9That'sall,haveani...> but was:<Enteraninteger>[-6-7-]8-9That'sall,haveani...>]
org.junit.ComparisonFailure: expected:<Enteraninteger>[67]8-9That'sall,haveani...> but was:<Enteraninteger>[-6-7-]8-9That'sall,haveani...>    at org.junit.Assert.assertEquals(Assert.java:115)
    at org.junit.Assert.assertEquals(Assert.java:144)
    at introclassJava.digits_d43d3207_000BlackboxTest.test2(digits_d43d3207_000BlackboxTest.java:23)
    at sun.reflect.NativeMethodAccessorImpl.invoke0(Native Method)
    at sun.reflect.NativeMethodAccessorImpl.invoke(NativeMethodAccessorImpl.java:62)
    at sun.reflect.DelegatingMethodAccessorImpl.invoke(DelegatingMethodAccessorImpl.java:43)

org.junit.ComparisonFailure: expected:<Enteraninteger>[678-9]That'sall,haveaniced...> but was:<Enteraninteger>[-9876]That'sall,haveaniced...>
    at org.junit.Assert.assertEquals(Assert.java:115)
    at org.junit.Assert.assertEquals(Assert.java:144)
    at introclassJava.digits_d43d3207_000BlackboxTest.test2(digits_d43d3207_000BlackboxTest.java:23)
    at sun.reflect.NativeMethodAccessorImpl.invoke0(Native Method)
    at sun.reflect.NativeMethodAccessorImpl.invoke(NativeMethodAccessorImpl.java:62)
    at sun.reflect.DelegatingMethodAccessorImpl.invoke(DelegatingMethodAccessorImpl.java:43)
15:59:43.510 [pool-25-thread-1] INFO  f.i.l.c.t.SpecificationTestCasesListener - Tests run finished (2 ms)
<> Total tests run: 1
<> Ignored tests: 0
<> Failed tests: 1
~ test2(introclassJava.digits_d43d3207_000BlackboxTest)
[expected:<Enteraninteger>[678-9]That'sall,haveaniced...> but was:<Enteraninteger>[-9876]That'sall,haveaniced...>]
org.junit.ComparisonFailure: expected:<Enteraninteger>[678-9]That'sall,haveaniced...> but was:<Enteraninteger>[-9876]That'sall,haveaniced...>    at org.junit.Assert.assertEquals(Assert.java:115)
    at org.junit.Assert.assertEquals(Assert.java:144)
    at introclassJava.digits_d43d3207_000BlackboxTest.test2(digits_d43d3207_000BlackboxTest.java:23)
    at sun.reflect.NativeMethodAccessorImpl.invoke0(Native Method)
    at sun.reflect.NativeMethodAccessorImpl.invoke(NativeMethodAccessorImpl.java:62)
    at sun.reflect.DelegatingMethodAccessorImpl.invoke(DelegatingMethodAccessorImpl.java:43)

org.junit.ComparisonFailure: expected:<Enteraninteger>[67]8-9That'sall,haveani...> but was:<Enteraninteger>[-6-7-]8-9That'sall,haveani...>
    at org.junit.Assert.assertEquals(Assert.java:115)
    at org.junit.Assert.assertEquals(Assert.java:144)
    at introclassJava.digits_d43d3207_000BlackboxTest.test2(digits_d43d3207_000BlackboxTest.java:23)
    at sun.reflect.NativeMethodAccessorImpl.invoke0(Native Method)
    at sun.reflect.NativeMethodAccessorImpl.invoke(NativeMethodAccessorImpl.java:62)
    at sun.reflect.DelegatingMethodAccessorImpl.invoke(DelegatingMethodAccessorImpl.java:43)
15:59:43.513 [pool-26-thread-1] INFO  f.i.l.c.t.SpecificationTestCasesListener - Tests run finished (1 ms)
<> Total tests run: 1
<> Ignored tests: 0
<> Failed tests: 1
~ test2(introclassJava.digits_d43d3207_000BlackboxTest)
[expected:<Enteraninteger>[67]8-9That'sall,haveani...> but was:<Enteraninteger>[-6-7-]8-9That'sall,haveani...>]
org.junit.ComparisonFailure: expected:<Enteraninteger>[67]8-9That'sall,haveani...> but was:<Enteraninteger>[-6-7-]8-9That'sall,haveani...>    at org.junit.Assert.assertEquals(Assert.java:115)
    at org.junit.Assert.assertEquals(Assert.java:144)
    at introclassJava.digits_d43d3207_000BlackboxTest.test2(digits_d43d3207_000BlackboxTest.java:23)
    at sun.reflect.NativeMethodAccessorImpl.invoke0(Native Method)
    at sun.reflect.NativeMethodAccessorImpl.invoke(NativeMethodAccessorImpl.java:62)
    at sun.reflect.DelegatingMethodAccessorImpl.invoke(DelegatingMethodAccessorImpl.java:43)

15:59:43.513 [pool-23-thread-1] DEBUG tests.output - Failing tests with false: 
[test2(introclassJava.digits_d43d3207_000BlackboxTest): expected:<Enteraninteger>[678-9]That'sall,haveaniced...> but was:<Enteraninteger>[-9876]That'sall,haveaniced...>]
15:59:43.513 [pool-23-thread-1] DEBUG tests.output - Failing tests with true: 
[test2(introclassJava.digits_d43d3207_000BlackboxTest): expected:<Enteraninteger>[67]8-9That'sall,haveani...> but was:<Enteraninteger>[-6-7-]8-9That'sall,haveani...>]
15:59:43.513 [pool-23-thread-1] INFO  f.i.l.r.n.synth.SMTNopolSynthesizer - Not enough specifications: 0. A trivial patch is "true" or "false", please write new tests specifying SourceLocation introclassJava.digits_d43d3207_000:63.
15:59:43.513 [pool-2-thread-1] DEBUG fr.inria.lille.repair.nopol.NoPol - statement #8
15:59:43.514 [pool-2-thread-1] DEBUG fr.inria.lille.repair.nopol.NoPol - Analysing SourceLocation introclassJava.digits_d43d3207_000:62 which is executed by 16 tests
-782088270
15:59:43.567 [pool-2-thread-1] DEBUG fr.inria.lille.repair.nopol.NoPol - looking with class fr.inria.lille.repair.nopol.spoon.smt.ConditionalAdder
org.junit.ComparisonFailure: expected:<Enteraninteger>[67]8-9That'sall,haveani...> but was:<Enteraninteger>[-6-7-]8-9That'sall,haveani...>
    at org.junit.Assert.assertEquals(Assert.java:115)
    at org.junit.Assert.assertEquals(Assert.java:144)
    at introclassJava.digits_d43d3207_000BlackboxTest.test2(digits_d43d3207_000BlackboxTest.java:23)
    at sun.reflect.NativeMethodAccessorImpl.invoke0(Native Method)
    at sun.reflect.NativeMethodAccessorImpl.invoke(NativeMethodAccessorImpl.java:62)
    at sun.reflect.DelegatingMethodAccessorImpl.invoke(DelegatingMethodAccessorImpl.java:43)
15:59:43.576 [pool-28-thread-1] INFO  xxl.java.junit.TestCasesListener - Tests run finished (6 ms)
<> Total tests run: 6
<> Ignored tests: 0
<> Failed tests: 1
~ test2(introclassJava.digits_d43d3207_000BlackboxTest)
[expected:<Enteraninteger>[67]8-9That'sall,haveani...> but was:<Enteraninteger>[-6-7-]8-9That'sall,haveani...>]
org.junit.ComparisonFailure: expected:<Enteraninteger>[67]8-9That'sall,haveani...> but was:<Enteraninteger>[-6-7-]8-9That'sall,haveani...>    at org.junit.Assert.assertEquals(Assert.java:115)
    at org.junit.Assert.assertEquals(Assert.java:144)
    at introclassJava.digits_d43d3207_000BlackboxTest.test2(digits_d43d3207_000BlackboxTest.java:23)
    at sun.reflect.NativeMethodAccessorImpl.invoke0(Native Method)
    at sun.reflect.NativeMethodAccessorImpl.invoke(NativeMethodAccessorImpl.java:62)
    at sun.reflect.DelegatingMethodAccessorImpl.invoke(DelegatingMethodAccessorImpl.java:43)

org.junit.ComparisonFailure: expected:<Enteraninteger>[678-9]That'sall,haveaniced...> but was:<Enteraninteger>[0]That'sall,haveaniced...>
    at org.junit.Assert.assertEquals(Assert.java:115)
    at org.junit.Assert.assertEquals(Assert.java:144)
    at introclassJava.digits_d43d3207_000BlackboxTest.test2(digits_d43d3207_000BlackboxTest.java:23)
    at sun.reflect.NativeMethodAccessorImpl.invoke0(Native Method)
    at sun.reflect.NativeMethodAccessorImpl.invoke(NativeMethodAccessorImpl.java:62)
    at sun.reflect.DelegatingMethodAccessorImpl.invoke(DelegatingMethodAccessorImpl.java:43)
15:59:43.684 [pool-29-thread-1] INFO  f.i.l.c.t.SpecificationTestCasesListener - Tests run finished (2 ms)
<> Total tests run: 1
<> Ignored tests: 0
<> Failed tests: 1
~ test2(introclassJava.digits_d43d3207_000BlackboxTest)
[expected:<Enteraninteger>[678-9]That'sall,haveaniced...> but was:<Enteraninteger>[0]That'sall,haveaniced...>]
org.junit.ComparisonFailure: expected:<Enteraninteger>[678-9]That'sall,haveaniced...> but was:<Enteraninteger>[0]That'sall,haveaniced...>    at org.junit.Assert.assertEquals(Assert.java:115)
    at org.junit.Assert.assertEquals(Assert.java:144)
    at introclassJava.digits_d43d3207_000BlackboxTest.test2(digits_d43d3207_000BlackboxTest.java:23)
    at sun.reflect.NativeMethodAccessorImpl.invoke0(Native Method)
    at sun.reflect.NativeMethodAccessorImpl.invoke(NativeMethodAccessorImpl.java:62)
    at sun.reflect.DelegatingMethodAccessorImpl.invoke(DelegatingMethodAccessorImpl.java:43)

org.junit.ComparisonFailure: expected:<Enteraninteger>[67]8-9That'sall,haveani...> but was:<Enteraninteger>[-6-7-]8-9That'sall,haveani...>
    at org.junit.Assert.assertEquals(Assert.java:115)
    at org.junit.Assert.assertEquals(Assert.java:144)
    at introclassJava.digits_d43d3207_000BlackboxTest.test2(digits_d43d3207_000BlackboxTest.java:23)
    at sun.reflect.NativeMethodAccessorImpl.invoke0(Native Method)
    at sun.reflect.NativeMethodAccessorImpl.invoke(NativeMethodAccessorImpl.java:62)
    at sun.reflect.DelegatingMethodAccessorImpl.invoke(DelegatingMethodAccessorImpl.java:43)
15:59:43.687 [pool-30-thread-1] INFO  f.i.l.c.t.SpecificationTestCasesListener - Tests run finished (2 ms)
<> Total tests run: 1
<> Ignored tests: 0
<> Failed tests: 1
~ test2(introclassJava.digits_d43d3207_000BlackboxTest)
[expected:<Enteraninteger>[67]8-9That'sall,haveani...> but was:<Enteraninteger>[-6-7-]8-9That'sall,haveani...>]
org.junit.ComparisonFailure: expected:<Enteraninteger>[67]8-9That'sall,haveani...> but was:<Enteraninteger>[-6-7-]8-9That'sall,haveani...>    at org.junit.Assert.assertEquals(Assert.java:115)
    at org.junit.Assert.assertEquals(Assert.java:144)
    at introclassJava.digits_d43d3207_000BlackboxTest.test2(digits_d43d3207_000BlackboxTest.java:23)
    at sun.reflect.NativeMethodAccessorImpl.invoke0(Native Method)
    at sun.reflect.NativeMethodAccessorImpl.invoke(NativeMethodAccessorImpl.java:62)
    at sun.reflect.DelegatingMethodAccessorImpl.invoke(DelegatingMethodAccessorImpl.java:43)

15:59:43.688 [pool-27-thread-1] DEBUG tests.output - Failing tests with false: 
[test2(introclassJava.digits_d43d3207_000BlackboxTest): expected:<Enteraninteger>[678-9]That'sall,haveaniced...> but was:<Enteraninteger>[0]That'sall,haveaniced...>]
15:59:43.688 [pool-27-thread-1] DEBUG tests.output - Failing tests with true: 
[test2(introclassJava.digits_d43d3207_000BlackboxTest): expected:<Enteraninteger>[67]8-9That'sall,haveani...> but was:<Enteraninteger>[-6-7-]8-9That'sall,haveani...>]
15:59:43.688 [pool-27-thread-1] INFO  f.i.l.r.n.synth.SMTNopolSynthesizer - Not enough specifications: 0. A trivial patch is "true" or "false", please write new tests specifying SourceLocation introclassJava.digits_d43d3207_000:62.
15:59:43.688 [pool-2-thread-1] DEBUG fr.inria.lille.repair.nopol.NoPol - statement #9
15:59:43.688 [pool-2-thread-1] DEBUG fr.inria.lille.repair.nopol.NoPol - Analysing SourceLocation introclassJava.digits_d43d3207_000:61 which is executed by 16 tests
-782088270
15:59:43.741 [pool-2-thread-1] DEBUG fr.inria.lille.repair.nopol.NoPol - looking with class fr.inria.lille.repair.nopol.spoon.smt.ConditionalAdder
org.junit.ComparisonFailure: expected:<Enteraninteger>[67]8-9That'sall,haveani...> but was:<Enteraninteger>[-6-7-]8-9That'sall,haveani...>
    at org.junit.Assert.assertEquals(Assert.java:115)
    at org.junit.Assert.assertEquals(Assert.java:144)
    at introclassJava.digits_d43d3207_000BlackboxTest.test2(digits_d43d3207_000BlackboxTest.java:23)
    at sun.reflect.NativeMethodAccessorImpl.invoke0(Native Method)
    at sun.reflect.NativeMethodAccessorImpl.invoke(NativeMethodAccessorImpl.java:62)
    at sun.reflect.DelegatingMethodAccessorImpl.invoke(DelegatingMethodAccessorImpl.java:43)
15:59:43.750 [pool-32-thread-1] INFO  xxl.java.junit.TestCasesListener - Tests run finished (5 ms)
<> Total tests run: 6
<> Ignored tests: 0
<> Failed tests: 1
~ test2(introclassJava.digits_d43d3207_000BlackboxTest)
[expected:<Enteraninteger>[67]8-9That'sall,haveani...> but was:<Enteraninteger>[-6-7-]8-9That'sall,haveani...>]
org.junit.ComparisonFailure: expected:<Enteraninteger>[67]8-9That'sall,haveani...> but was:<Enteraninteger>[-6-7-]8-9That'sall,haveani...>    at org.junit.Assert.assertEquals(Assert.java:115)
    at org.junit.Assert.assertEquals(Assert.java:144)
    at introclassJava.digits_d43d3207_000BlackboxTest.test2(digits_d43d3207_000BlackboxTest.java:23)
    at sun.reflect.NativeMethodAccessorImpl.invoke0(Native Method)
    at sun.reflect.NativeMethodAccessorImpl.invoke(NativeMethodAccessorImpl.java:62)
    at sun.reflect.DelegatingMethodAccessorImpl.invoke(DelegatingMethodAccessorImpl.java:43)

org.junit.ComparisonFailure: expected:<[Enteraninteger>67]8-9That'sall,haveani...> but was:<[-6-7-]8-9That'sall,haveani...>
    at org.junit.Assert.assertEquals(Assert.java:115)
    at org.junit.Assert.assertEquals(Assert.java:144)
    at introclassJava.digits_d43d3207_000BlackboxTest.test2(digits_d43d3207_000BlackboxTest.java:23)
    at sun.reflect.NativeMethodAccessorImpl.invoke0(Native Method)
    at sun.reflect.NativeMethodAccessorImpl.invoke(NativeMethodAccessorImpl.java:62)
    at sun.reflect.DelegatingMethodAccessorImpl.invoke(DelegatingMethodAccessorImpl.java:43)
15:59:43.851 [pool-33-thread-1] INFO  f.i.l.c.t.SpecificationTestCasesListener - Tests run finished (3 ms)
<> Total tests run: 1
<> Ignored tests: 0
<> Failed tests: 1
~ test2(introclassJava.digits_d43d3207_000BlackboxTest)
[expected:<[Enteraninteger>67]8-9That'sall,haveani...> but was:<[-6-7-]8-9That'sall,haveani...>]
org.junit.ComparisonFailure: expected:<[Enteraninteger>67]8-9That'sall,haveani...> but was:<[-6-7-]8-9That'sall,haveani...>    at org.junit.Assert.assertEquals(Assert.java:115)
    at org.junit.Assert.assertEquals(Assert.java:144)
    at introclassJava.digits_d43d3207_000BlackboxTest.test2(digits_d43d3207_000BlackboxTest.java:23)
    at sun.reflect.NativeMethodAccessorImpl.invoke0(Native Method)
    at sun.reflect.NativeMethodAccessorImpl.invoke(NativeMethodAccessorImpl.java:62)
    at sun.reflect.DelegatingMethodAccessorImpl.invoke(DelegatingMethodAccessorImpl.java:43)

org.junit.ComparisonFailure: expected:<Enteraninteger>[67]8-9That'sall,haveani...> but was:<Enteraninteger>[-6-7-]8-9That'sall,haveani...>
    at org.junit.Assert.assertEquals(Assert.java:115)
    at org.junit.Assert.assertEquals(Assert.java:144)
    at introclassJava.digits_d43d3207_000BlackboxTest.test2(digits_d43d3207_000BlackboxTest.java:23)
    at sun.reflect.NativeMethodAccessorImpl.invoke0(Native Method)
    at sun.reflect.NativeMethodAccessorImpl.invoke(NativeMethodAccessorImpl.java:62)
    at sun.reflect.DelegatingMethodAccessorImpl.invoke(DelegatingMethodAccessorImpl.java:43)
15:59:43.853 [pool-34-thread-1] INFO  f.i.l.c.t.SpecificationTestCasesListener - Tests run finished (1 ms)
<> Total tests run: 1
<> Ignored tests: 0
<> Failed tests: 1
~ test2(introclassJava.digits_d43d3207_000BlackboxTest)
[expected:<Enteraninteger>[67]8-9That'sall,haveani...> but was:<Enteraninteger>[-6-7-]8-9That'sall,haveani...>]
org.junit.ComparisonFailure: expected:<Enteraninteger>[67]8-9That'sall,haveani...> but was:<Enteraninteger>[-6-7-]8-9That'sall,haveani...>    at org.junit.Assert.assertEquals(Assert.java:115)
    at org.junit.Assert.assertEquals(Assert.java:144)
    at introclassJava.digits_d43d3207_000BlackboxTest.test2(digits_d43d3207_000BlackboxTest.java:23)
    at sun.reflect.NativeMethodAccessorImpl.invoke0(Native Method)
    at sun.reflect.NativeMethodAccessorImpl.invoke(NativeMethodAccessorImpl.java:62)
    at sun.reflect.DelegatingMethodAccessorImpl.invoke(DelegatingMethodAccessorImpl.java:43)

15:59:43.854 [pool-31-thread-1] DEBUG tests.output - Failing tests with false: 
[test2(introclassJava.digits_d43d3207_000BlackboxTest): expected:<[Enteraninteger>67]8-9That'sall,haveani...> but was:<[-6-7-]8-9That'sall,haveani...>]
15:59:43.854 [pool-31-thread-1] DEBUG tests.output - Failing tests with true: 
[test2(introclassJava.digits_d43d3207_000BlackboxTest): expected:<Enteraninteger>[67]8-9That'sall,haveani...> but was:<Enteraninteger>[-6-7-]8-9That'sall,haveani...>]
15:59:43.854 [pool-31-thread-1] INFO  f.i.l.r.n.synth.SMTNopolSynthesizer - Not enough specifications: 0. A trivial patch is "true" or "false", please write new tests specifying SourceLocation introclassJava.digits_d43d3207_000:61.
15:59:43.854 [pool-2-thread-1] DEBUG fr.inria.lille.repair.nopol.NoPol - statement #10
15:59:43.855 [pool-2-thread-1] DEBUG fr.inria.lille.repair.nopol.NoPol - Analysing SourceLocation introclassJava.digits_d43d3207_000:60 which is executed by 16 tests
-782088270
15:59:43.907 [pool-2-thread-1] INFO  fr.inria.lille.repair.nopol.NoPol - ----INFORMATION----
15:59:43.914 [pool-2-thread-1] INFO  fr.inria.lille.repair.nopol.NoPol - Nb classes : 6
15:59:43.915 [pool-2-thread-1] INFO  fr.inria.lille.repair.nopol.NoPol - Nb methods : 2
15:59:43.915 [pool-2-thread-1] INFO  fr.inria.lille.repair.nopol.NoPol - Nb Statements Analyzed : 8
15:59:43.915 [pool-2-thread-1] INFO  fr.inria.lille.repair.nopol.NoPol - Nb Statements with Angelic Value Found : 0
15:59:43.915 [pool-2-thread-1] INFO  fr.inria.lille.repair.nopol.NoPol - Nb inputs in SMT : 0
15:59:43.917 [pool-2-thread-1] INFO  fr.inria.lille.repair.nopol.NoPol - Nb SMT level: 0
15:59:43.917 [pool-2-thread-1] INFO  fr.inria.lille.repair.nopol.NoPol - Nb variables in SMT : 0
15:59:43.917 [pool-2-thread-1] INFO  fr.inria.lille.repair.nopol.NoPol - NoPol Execution time : 6869ms
15:59:43.917 [pool-2-thread-1] INFO  fr.inria.lille.repair.nopol.NoPol - 
NO_ANGELIC_VALUE
Command exited with non-zero status 255
15.10user 1.16system 0:08.12elapsed 200%CPU (0avgtext+0avgdata 878120maxresident)k
46008inputs+5256outputs (3major+248964minor)pagefaults 0swaps


Node: suno-14.sophia.grid5000.fr



Date: Wed Dec  5 15:59:44 EST 2018

