cd /tmp/Nopol_Bug_dot_jar_Commons-Math_495f04bc;
export JAVA_TOOL_OPTIONS="-Dfile.encoding=UTF8 -Duser.language=en-US -Duser.country=US -Duser.language=en";
TZ="America/New_York"; export TZ;
export PATH="/usr/lib/jvm/java-1.8.0-openjdk-amd64/bin/:$PATH";
export JAVA_HOME="/usr/lib/jvm/java-1.8.0-openjdk-amd64/bin/";
time java -Xmx4g -Xms1g -cp /home/tdurieux/defects4j4repair/script/../repair_tools/nopol.jar:/usr/lib/jvm/java-1.8.0-openjdk-amd64/bin//../lib/tools.jar fr.inria.lille.repair.Main \
	--mode repair \
	--type pre_then_cond \
	--oracle angelic \
	--synthesis smt \
	--flocal gzoltar \
	--json \
	--solver z3 \
	--solver-path /home/tdurieux/defects4j4repair/script/../libs/z3/build/z3 \
	--complianceLevel 7 \
	--source src/main/java \
	--classpath "target/classes:target/test-classes:/home/tdurieux/.m2/repository/junit/junit/4.4/junit-4.4.jar:/home/tdurieux/defects4j4repair/script/../repair_tools/nopol.jar";
	echo "\n\nNode: `hostname`\n";
	echo "\n\nDate: `date`\n";
Picked up JAVA_TOOL_OPTIONS: -Dfile.encoding=UTF8 -Duser.language=en-US -Duser.country=US -Duser.language=en
08:53:01.695 [main] INFO  fr.inria.lille.repair.nopol.NoPol - Source files: [src/main/java]
08:53:01.712 [main] INFO  fr.inria.lille.repair.nopol.NoPol - Classpath: [file:/tmp/Nopol_Bug_dot_jar_Commons-Math_495f04bc/target/classes/, file:/tmp/Nopol_Bug_dot_jar_Commons-Math_495f04bc/target/test-classes/, file:/home/tdurieux/.m2/repository/junit/junit/4.4/junit-4.4.jar, file:/home/tdurieux/defects4j4repair/script/../repair_tools/nopol.jar]
08:53:01.712 [main] INFO  fr.inria.lille.repair.nopol.NoPol - Statement type: PRE_THEN_COND
08:53:01.712 [main] INFO  fr.inria.lille.repair.nopol.NoPol - Args: [org.apache.commons.math.ArgumentOutsideDomainExceptionTest, org.apache.commons.math.ConvergenceExceptionTest, org.apache.commons.math.DuplicateSampleAbscissaExceptionTest, org.apache.commons.math.FunctionEvaluationExceptionTest, org.apache.commons.math.MathConfigurationExceptionTest, org.apache.commons.math.MathExceptionTest, org.apache.commons.math.MaxIterationsExceededExceptionTest, org.apache.commons.math.analysis.BinaryFunctionTest, org.apache.commons.math.analysis.ComposableFunctionTest, org.apache.commons.math.analysis.integration.LegendreGaussIntegratorTest, org.apache.commons.math.analysis.integration.RombergIntegratorTest, org.apache.commons.math.analysis.integration.SimpsonIntegratorTest, org.apache.commons.math.analysis.integration.TrapezoidIntegratorTest, org.apache.commons.math.analysis.interpolation.BicubicSplineInterpolatingFunctionTest, org.apache.commons.math.analysis.interpolation.BicubicSplineInterpolatorTest, org.apache.commons.math.analysis.interpolation.DividedDifferenceInterpolatorTest, org.apache.commons.math.analysis.interpolation.LinearInterpolatorTest, org.apache.commons.math.analysis.interpolation.LoessInterpolatorTest, org.apache.commons.math.analysis.interpolation.MicrosphereInterpolatorTest, org.apache.commons.math.analysis.interpolation.NevilleInterpolatorTest, org.apache.commons.math.analysis.interpolation.SmoothingBicubicSplineInterpolatorTest, org.apache.commons.math.analysis.interpolation.SmoothingPolynomialBicubicSplineInterpolatorTest, org.apache.commons.math.analysis.interpolation.SplineInterpolatorTest, org.apache.commons.math.analysis.interpolation.TricubicSplineInterpolatingFunctionTest, org.apache.commons.math.analysis.interpolation.TricubicSplineInterpolatorTest, org.apache.commons.math.analysis.polynomials.PolynomialFunctionLagrangeFormTest, org.apache.commons.math.analysis.polynomials.PolynomialFunctionNewtonFormTest, org.apache.commons.math.analysis.polynomials.PolynomialFunctionTest, org.apache.commons.math.analysis.polynomials.PolynomialSplineFunctionTest, org.apache.commons.math.analysis.polynomials.PolynomialsUtilsTest, org.apache.commons.math.analysis.solvers.BisectionSolverTest, org.apache.commons.math.analysis.solvers.BrentSolverTest, org.apache.commons.math.analysis.solvers.LaguerreSolverTest, org.apache.commons.math.analysis.solvers.MullerSolverTest, org.apache.commons.math.analysis.solvers.NewtonSolverTest, org.apache.commons.math.analysis.solvers.RiddersSolverTest, org.apache.commons.math.analysis.solvers.UnivariateRealSolverFactoryImplTest, org.apache.commons.math.analysis.solvers.UnivariateRealSolverUtilsTest, org.apache.commons.math.complex.ComplexFieldTest, org.apache.commons.math.complex.ComplexFormatTest, org.apache.commons.math.complex.ComplexTest, org.apache.commons.math.complex.ComplexUtilsTest, org.apache.commons.math.complex.FrenchComplexFormatTest, org.apache.commons.math.distribution.BetaDistributionTest, org.apache.commons.math.distribution.BinomialDistributionTest, org.apache.commons.math.distribution.CauchyDistributionTest, org.apache.commons.math.distribution.ChiSquareDistributionTest, org.apache.commons.math.distribution.ExponentialDistributionTest, org.apache.commons.math.distribution.FDistributionTest, org.apache.commons.math.distribution.GammaDistributionTest, org.apache.commons.math.distribution.HypergeometricDistributionTest, org.apache.commons.math.distribution.NormalDistributionTest, org.apache.commons.math.distribution.PascalDistributionTest, org.apache.commons.math.distribution.PoissonDistributionTest, org.apache.commons.math.distribution.TDistributionTest, org.apache.commons.math.distribution.WeibullDistributionTest, org.apache.commons.math.distribution.ZipfDistributionTest, org.apache.commons.math.estimation.EstimatedParameterTest, org.apache.commons.math.estimation.GaussNewtonEstimatorTest, org.apache.commons.math.estimation.LevenbergMarquardtEstimatorTest, org.apache.commons.math.estimation.MinpackTest, org.apache.commons.math.estimation.WeightedMeasurementTest, org.apache.commons.math.exception.DimensionMismatchExceptionTest, org.apache.commons.math.exception.NonMonotonousSequenceExceptionTest, org.apache.commons.math.exception.NotPositiveExceptionTest, org.apache.commons.math.exception.NotStrictlyPositiveExceptionTest, org.apache.commons.math.exception.NumberIsTooLargeExceptionTest, org.apache.commons.math.exception.NumberIsTooSmallExceptionTest, org.apache.commons.math.exception.OutOfRangeExceptionTest, org.apache.commons.math.exception.util.ArgUtilsTest, org.apache.commons.math.fraction.BigFractionFieldTest, org.apache.commons.math.fraction.BigFractionFormatTest, org.apache.commons.math.fraction.BigFractionTest, org.apache.commons.math.fraction.FractionFieldTest, org.apache.commons.math.fraction.FractionFormatTest, org.apache.commons.math.fraction.FractionTest, org.apache.commons.math.genetics.BinaryChromosomeTest, org.apache.commons.math.genetics.BinaryMutationTest, org.apache.commons.math.genetics.ChromosomeTest, org.apache.commons.math.genetics.ElitisticListPopulationTest, org.apache.commons.math.genetics.FitnessCachingTest, org.apache.commons.math.genetics.FixedGenerationCountTest, org.apache.commons.math.genetics.GeneticAlgorithmTestBinary, org.apache.commons.math.genetics.GeneticAlgorithmTestPermutations, org.apache.commons.math.genetics.ListPopulationTest, org.apache.commons.math.genetics.OnePointCrossoverTest, org.apache.commons.math.genetics.RandomKeyMutationTest, org.apache.commons.math.genetics.RandomKeyTest, org.apache.commons.math.genetics.TournamentSelectionTest, org.apache.commons.math.geometry.FrenchVector3DFormatTest, org.apache.commons.math.geometry.RotationOrderTest, org.apache.commons.math.geometry.RotationTest, org.apache.commons.math.geometry.Vector3DFormatTest, org.apache.commons.math.geometry.Vector3DTest, org.apache.commons.math.linear.AbstractRealVectorTest, org.apache.commons.math.linear.Array2DRowRealMatrixTest, org.apache.commons.math.linear.ArrayFieldVectorTest, org.apache.commons.math.linear.ArrayRealVectorTest, org.apache.commons.math.linear.BiDiagonalTransformerTest, org.apache.commons.math.linear.BigMatrixImplTest, org.apache.commons.math.linear.BlockFieldMatrixTest, org.apache.commons.math.linear.BlockRealMatrixTest, org.apache.commons.math.linear.CholeskyDecompositionImplTest, org.apache.commons.math.linear.CholeskySolverTest, org.apache.commons.math.linear.EigenDecompositionImplTest, org.apache.commons.math.linear.EigenSolverTest, org.apache.commons.math.linear.FieldLUDecompositionImplTest, org.apache.commons.math.linear.FieldMatrixImplTest, org.apache.commons.math.linear.FrenchRealVectorFormatTest, org.apache.commons.math.linear.InvalidMatrixExceptionTest, org.apache.commons.math.linear.LUDecompositionImplTest, org.apache.commons.math.linear.LUSolverTest, org.apache.commons.math.linear.MatrixIndexExceptionTest, org.apache.commons.math.linear.MatrixUtilsTest, org.apache.commons.math.linear.QRDecompositionImplTest, org.apache.commons.math.linear.QRSolverTest, org.apache.commons.math.linear.RealMatrixImplTest, org.apache.commons.math.linear.RealVectorFormatTest, org.apache.commons.math.linear.SingularValueDecompositionImplTest, org.apache.commons.math.linear.SingularValueSolverTest, org.apache.commons.math.linear.SparseFieldMatrixTest, org.apache.commons.math.linear.SparseFieldVectorTest, org.apache.commons.math.linear.SparseRealMatrixTest, org.apache.commons.math.linear.SparseRealVectorTest, org.apache.commons.math.linear.TriDiagonalTransformerTest, org.apache.commons.math.ode.ContinuousOutputModelTest, org.apache.commons.math.ode.FirstOrderConverterTest, org.apache.commons.math.ode.events.EventStateTest, org.apache.commons.math.ode.jacobians.FirstOrderIntegratorWithJacobiansTest, org.apache.commons.math.ode.nonstiff.AdamsBashforthIntegratorTest, org.apache.commons.math.ode.nonstiff.AdamsMoultonIntegratorTest, org.apache.commons.math.ode.nonstiff.ClassicalRungeKuttaIntegratorTest, org.apache.commons.math.ode.nonstiff.ClassicalRungeKuttaStepInterpolatorTest, org.apache.commons.math.ode.nonstiff.DormandPrince54IntegratorTest, org.apache.commons.math.ode.nonstiff.DormandPrince54StepInterpolatorTest, org.apache.commons.math.ode.nonstiff.DormandPrince853IntegratorTest, org.apache.commons.math.ode.nonstiff.DormandPrince853StepInterpolatorTest, org.apache.commons.math.ode.nonstiff.EulerIntegratorTest, org.apache.commons.math.ode.nonstiff.EulerStepInterpolatorTest, org.apache.commons.math.ode.nonstiff.GillIntegratorTest, org.apache.commons.math.ode.nonstiff.GillStepInterpolatorTest, org.apache.commons.math.ode.nonstiff.GraggBulirschStoerIntegratorTest, org.apache.commons.math.ode.nonstiff.GraggBulirschStoerStepInterpolatorTest, org.apache.commons.math.ode.nonstiff.HighamHall54IntegratorTest, org.apache.commons.math.ode.nonstiff.HighamHall54StepInterpolatorTest, org.apache.commons.math.ode.nonstiff.MidpointIntegratorTest, org.apache.commons.math.ode.nonstiff.MidpointStepInterpolatorTest, org.apache.commons.math.ode.nonstiff.ThreeEighthesIntegratorTest, org.apache.commons.math.ode.nonstiff.ThreeEighthesStepInterpolatorTest, org.apache.commons.math.ode.sampling.DummyStepInterpolatorTest, org.apache.commons.math.ode.sampling.NordsieckStepInterpolatorTest, org.apache.commons.math.ode.sampling.StepNormalizerTest, org.apache.commons.math.optimization.MultiStartDifferentiableMultivariateRealOptimizerTest, org.apache.commons.math.optimization.MultiStartDifferentiableMultivariateVectorialOptimizerTest, org.apache.commons.math.optimization.MultiStartMultivariateRealOptimizerTest, org.apache.commons.math.optimization.direct.MultiDirectionalTest, org.apache.commons.math.optimization.direct.NelderMeadTest, org.apache.commons.math.optimization.fitting.CurveFitterTest, org.apache.commons.math.optimization.fitting.GaussianFitterTest, org.apache.commons.math.optimization.fitting.HarmonicFitterTest, org.apache.commons.math.optimization.fitting.ParametricGaussianFunctionTest, org.apache.commons.math.optimization.fitting.PolynomialFitterTest, org.apache.commons.math.optimization.general.GaussNewtonOptimizerTest, org.apache.commons.math.optimization.general.LevenbergMarquardtOptimizerTest, org.apache.commons.math.optimization.general.MinpackTest, org.apache.commons.math.optimization.general.NonLinearConjugateGradientOptimizerTest, org.apache.commons.math.optimization.general.PowellOptimizerTest, org.apache.commons.math.optimization.linear.SimplexSolverTest, org.apache.commons.math.optimization.linear.SimplexTableauTest, org.apache.commons.math.optimization.univariate.BracketFinderTest, org.apache.commons.math.optimization.univariate.BrentOptimizerTest, org.apache.commons.math.optimization.univariate.MultiStartUnivariateRealOptimizerTest, org.apache.commons.math.random.AbstractRandomGeneratorTest, org.apache.commons.math.random.CorrelatedRandomVectorGeneratorTest, org.apache.commons.math.random.EmpiricalDistributionTest, org.apache.commons.math.random.GaussianRandomGeneratorTest, org.apache.commons.math.random.MersenneTwisterTest, org.apache.commons.math.random.RandomAdaptorTest, org.apache.commons.math.random.RandomDataTest, org.apache.commons.math.random.UncorrelatedRandomVectorGeneratorTest, org.apache.commons.math.random.UniformRandomGeneratorTest, org.apache.commons.math.random.ValueServerTest, org.apache.commons.math.special.BetaTest, org.apache.commons.math.special.ErfTest, org.apache.commons.math.special.GammaTest, org.apache.commons.math.stat.CertifiedDataTest, org.apache.commons.math.stat.FrequencyTest, org.apache.commons.math.stat.StatUtilsTest, org.apache.commons.math.stat.clustering.EuclideanIntegerPointTest, org.apache.commons.math.stat.clustering.KMeansPlusPlusClustererTest, org.apache.commons.math.stat.correlation.CovarianceTest, org.apache.commons.math.stat.correlation.PearsonsCorrelationTest, org.apache.commons.math.stat.correlation.SpearmansRankCorrelationTest, org.apache.commons.math.stat.data.LewTest, org.apache.commons.math.stat.data.LotteryTest, org.apache.commons.math.stat.descriptive.AbstractUnivariateStatisticTest, org.apache.commons.math.stat.descriptive.AggregateSummaryStatisticsTest, org.apache.commons.math.stat.descriptive.DescriptiveStatisticsTest, org.apache.commons.math.stat.descriptive.InteractionTest, org.apache.commons.math.stat.descriptive.ListUnivariateImplTest, org.apache.commons.math.stat.descriptive.MixedListUnivariateImplTest, org.apache.commons.math.stat.descriptive.MultivariateSummaryStatisticsTest, org.apache.commons.math.stat.descriptive.StatisticalSummaryValuesTest, org.apache.commons.math.stat.descriptive.SummaryStatisticsTest, org.apache.commons.math.stat.descriptive.SynchronizedDescriptiveStatisticsTest, org.apache.commons.math.stat.descriptive.SynchronizedMultivariateSummaryStatisticsTest, org.apache.commons.math.stat.descriptive.SynchronizedSummaryStatisticsTest, org.apache.commons.math.stat.descriptive.moment.FirstMomentTest, org.apache.commons.math.stat.descriptive.moment.FourthMomentTest, org.apache.commons.math.stat.descriptive.moment.GeometricMeanTest, org.apache.commons.math.stat.descriptive.moment.KurtosisTest, org.apache.commons.math.stat.descriptive.moment.MeanTest, org.apache.commons.math.stat.descriptive.moment.SecondMomentTest, org.apache.commons.math.stat.descriptive.moment.SemiVarianceTest, org.apache.commons.math.stat.descriptive.moment.SkewnessTest, org.apache.commons.math.stat.descriptive.moment.StandardDeviationTest, org.apache.commons.math.stat.descriptive.moment.ThirdMomentTest, org.apache.commons.math.stat.descriptive.moment.VarianceTest, org.apache.commons.math.stat.descriptive.moment.VectorialCovarianceTest, org.apache.commons.math.stat.descriptive.moment.VectorialMeanTest, org.apache.commons.math.stat.descriptive.rank.MaxTest, org.apache.commons.math.stat.descriptive.rank.MedianTest, org.apache.commons.math.stat.descriptive.rank.MinTest, org.apache.commons.math.stat.descriptive.rank.PercentileTest, org.apache.commons.math.stat.descriptive.summary.ProductTest, org.apache.commons.math.stat.descriptive.summary.SumLogTest, org.apache.commons.math.stat.descriptive.summary.SumSqTest, org.apache.commons.math.stat.descriptive.summary.SumTest, org.apache.commons.math.stat.inference.ChiSquareFactoryTest, org.apache.commons.math.stat.inference.ChiSquareTestTest, org.apache.commons.math.stat.inference.OneWayAnovaTest, org.apache.commons.math.stat.inference.TTestFactoryTest, org.apache.commons.math.stat.inference.TTestTest, org.apache.commons.math.stat.inference.TestUtilsTest, org.apache.commons.math.stat.ranking.NaturalRankingTest, org.apache.commons.math.stat.regression.GLSMultipleLinearRegressionTest, org.apache.commons.math.stat.regression.OLSMultipleLinearRegressionTest, org.apache.commons.math.stat.regression.SimpleRegressionTest, org.apache.commons.math.transform.FastCosineTransformerTest, org.apache.commons.math.transform.FastFourierTransformerTest, org.apache.commons.math.transform.FastHadamardTransformerTest, org.apache.commons.math.transform.FastSineTransformerTest, org.apache.commons.math.util.BigRealFieldTest, org.apache.commons.math.util.BigRealTest, org.apache.commons.math.util.ContinuedFractionTest, org.apache.commons.math.util.DefaultTransformerTest, org.apache.commons.math.util.IncrementorTest, org.apache.commons.math.util.MathUtilsTest, org.apache.commons.math.util.MultidimensionalCounterTest, org.apache.commons.math.util.OpenIntToDoubleHashMapTest, org.apache.commons.math.util.OpenIntToFieldTest, org.apache.commons.math.util.ResizableDoubleArrayTest, org.apache.commons.math.util.TransformerMapTest]
08:53:01.714 [main] INFO  fr.inria.lille.repair.nopol.NoPol - Config: Config{synthesisDepth=3, collectStaticMethods=true, collectStaticFields=false, collectLiterals=false, onlyOneSynthesisResult=true, sortExpressions=true, maxLineInvocationPerTest=250, timeoutMethodInvocation=2000, dataCollectionTimeoutInSecondForSynthesis=900, addWeight=0.19478, subWeight=0.04554, mulWeight=0.0102, divWeight=0.00613, andWeight=0.10597, orWeight=0.05708, eqWeight=0.22798, nEqWeight=0.0, lessEqWeight=0.0255, lessWeight=0.0947, methodCallWeight=0.1, fieldAccessWeight=0.08099, constantWeight=0.14232, variableWeight=0.05195, mode=REPAIR, type=PRE_THEN_COND, synthesis=SMT, oracle=ANGELIC, solver=Z3, solverPath='/home/tdurieux/defects4j4repair/script/../libs/z3/build/z3', projectSources=[src/main/java], projectClasspath='[Ljava.net.URL;@66d33a', projectTests=[org.apache.commons.math.ArgumentOutsideDomainExceptionTest, org.apache.commons.math.ConvergenceExceptionTest, org.apache.commons.math.DuplicateSampleAbscissaExceptionTest, org.apache.commons.math.FunctionEvaluationExceptionTest, org.apache.commons.math.MathConfigurationExceptionTest, org.apache.commons.math.MathExceptionTest, org.apache.commons.math.MaxIterationsExceededExceptionTest, org.apache.commons.math.analysis.BinaryFunctionTest, org.apache.commons.math.analysis.ComposableFunctionTest, org.apache.commons.math.analysis.integration.LegendreGaussIntegratorTest, org.apache.commons.math.analysis.integration.RombergIntegratorTest, org.apache.commons.math.analysis.integration.SimpsonIntegratorTest, org.apache.commons.math.analysis.integration.TrapezoidIntegratorTest, org.apache.commons.math.analysis.interpolation.BicubicSplineInterpolatingFunctionTest, org.apache.commons.math.analysis.interpolation.BicubicSplineInterpolatorTest, org.apache.commons.math.analysis.interpolation.DividedDifferenceInterpolatorTest, org.apache.commons.math.analysis.interpolation.LinearInterpolatorTest, org.apache.commons.math.analysis.interpolation.LoessInterpolatorTest, org.apache.commons.math.analysis.interpolation.MicrosphereInterpolatorTest, org.apache.commons.math.analysis.interpolation.NevilleInterpolatorTest, org.apache.commons.math.analysis.interpolation.SmoothingBicubicSplineInterpolatorTest, org.apache.commons.math.analysis.interpolation.SmoothingPolynomialBicubicSplineInterpolatorTest, org.apache.commons.math.analysis.interpolation.SplineInterpolatorTest, org.apache.commons.math.analysis.interpolation.TricubicSplineInterpolatingFunctionTest, org.apache.commons.math.analysis.interpolation.TricubicSplineInterpolatorTest, org.apache.commons.math.analysis.polynomials.PolynomialFunctionLagrangeFormTest, org.apache.commons.math.analysis.polynomials.PolynomialFunctionNewtonFormTest, org.apache.commons.math.analysis.polynomials.PolynomialFunctionTest, org.apache.commons.math.analysis.polynomials.PolynomialSplineFunctionTest, org.apache.commons.math.analysis.polynomials.PolynomialsUtilsTest, org.apache.commons.math.analysis.solvers.BisectionSolverTest, org.apache.commons.math.analysis.solvers.BrentSolverTest, org.apache.commons.math.analysis.solvers.LaguerreSolverTest, org.apache.commons.math.analysis.solvers.MullerSolverTest, org.apache.commons.math.analysis.solvers.NewtonSolverTest, org.apache.commons.math.analysis.solvers.RiddersSolverTest, org.apache.commons.math.analysis.solvers.UnivariateRealSolverFactoryImplTest, org.apache.commons.math.analysis.solvers.UnivariateRealSolverUtilsTest, org.apache.commons.math.complex.ComplexFieldTest, org.apache.commons.math.complex.ComplexFormatTest, org.apache.commons.math.complex.ComplexTest, org.apache.commons.math.complex.ComplexUtilsTest, org.apache.commons.math.complex.FrenchComplexFormatTest, org.apache.commons.math.distribution.BetaDistributionTest, org.apache.commons.math.distribution.BinomialDistributionTest, org.apache.commons.math.distribution.CauchyDistributionTest, org.apache.commons.math.distribution.ChiSquareDistributionTest, org.apache.commons.math.distribution.ExponentialDistributionTest, org.apache.commons.math.distribution.FDistributionTest, org.apache.commons.math.distribution.GammaDistributionTest, org.apache.commons.math.distribution.HypergeometricDistributionTest, org.apache.commons.math.distribution.NormalDistributionTest, org.apache.commons.math.distribution.PascalDistributionTest, org.apache.commons.math.distribution.PoissonDistributionTest, org.apache.commons.math.distribution.TDistributionTest, org.apache.commons.math.distribution.WeibullDistributionTest, org.apache.commons.math.distribution.ZipfDistributionTest, org.apache.commons.math.estimation.EstimatedParameterTest, org.apache.commons.math.estimation.GaussNewtonEstimatorTest, org.apache.commons.math.estimation.LevenbergMarquardtEstimatorTest, org.apache.commons.math.estimation.MinpackTest, org.apache.commons.math.estimation.WeightedMeasurementTest, org.apache.commons.math.exception.DimensionMismatchExceptionTest, org.apache.commons.math.exception.NonMonotonousSequenceExceptionTest, org.apache.commons.math.exception.NotPositiveExceptionTest, org.apache.commons.math.exception.NotStrictlyPositiveExceptionTest, org.apache.commons.math.exception.NumberIsTooLargeExceptionTest, org.apache.commons.math.exception.NumberIsTooSmallExceptionTest, org.apache.commons.math.exception.OutOfRangeExceptionTest, org.apache.commons.math.exception.util.ArgUtilsTest, org.apache.commons.math.fraction.BigFractionFieldTest, org.apache.commons.math.fraction.BigFractionFormatTest, org.apache.commons.math.fraction.BigFractionTest, org.apache.commons.math.fraction.FractionFieldTest, org.apache.commons.math.fraction.FractionFormatTest, org.apache.commons.math.fraction.FractionTest, org.apache.commons.math.genetics.BinaryChromosomeTest, org.apache.commons.math.genetics.BinaryMutationTest, org.apache.commons.math.genetics.ChromosomeTest, org.apache.commons.math.genetics.ElitisticListPopulationTest, org.apache.commons.math.genetics.FitnessCachingTest, org.apache.commons.math.genetics.FixedGenerationCountTest, org.apache.commons.math.genetics.GeneticAlgorithmTestBinary, org.apache.commons.math.genetics.GeneticAlgorithmTestPermutations, org.apache.commons.math.genetics.ListPopulationTest, org.apache.commons.math.genetics.OnePointCrossoverTest, org.apache.commons.math.genetics.RandomKeyMutationTest, org.apache.commons.math.genetics.RandomKeyTest, org.apache.commons.math.genetics.TournamentSelectionTest, org.apache.commons.math.geometry.FrenchVector3DFormatTest, org.apache.commons.math.geometry.RotationOrderTest, org.apache.commons.math.geometry.RotationTest, org.apache.commons.math.geometry.Vector3DFormatTest, org.apache.commons.math.geometry.Vector3DTest, org.apache.commons.math.linear.AbstractRealVectorTest, org.apache.commons.math.linear.Array2DRowRealMatrixTest, org.apache.commons.math.linear.ArrayFieldVectorTest, org.apache.commons.math.linear.ArrayRealVectorTest, org.apache.commons.math.linear.BiDiagonalTransformerTest, org.apache.commons.math.linear.BigMatrixImplTest, org.apache.commons.math.linear.BlockFieldMatrixTest, org.apache.commons.math.linear.BlockRealMatrixTest, org.apache.commons.math.linear.CholeskyDecompositionImplTest, org.apache.commons.math.linear.CholeskySolverTest, org.apache.commons.math.linear.EigenDecompositionImplTest, org.apache.commons.math.linear.EigenSolverTest, org.apache.commons.math.linear.FieldLUDecompositionImplTest, org.apache.commons.math.linear.FieldMatrixImplTest, org.apache.commons.math.linear.FrenchRealVectorFormatTest, org.apache.commons.math.linear.InvalidMatrixExceptionTest, org.apache.commons.math.linear.LUDecompositionImplTest, org.apache.commons.math.linear.LUSolverTest, org.apache.commons.math.linear.MatrixIndexExceptionTest, org.apache.commons.math.linear.MatrixUtilsTest, org.apache.commons.math.linear.QRDecompositionImplTest, org.apache.commons.math.linear.QRSolverTest, org.apache.commons.math.linear.RealMatrixImplTest, org.apache.commons.math.linear.RealVectorFormatTest, org.apache.commons.math.linear.SingularValueDecompositionImplTest, org.apache.commons.math.linear.SingularValueSolverTest, org.apache.commons.math.linear.SparseFieldMatrixTest, org.apache.commons.math.linear.SparseFieldVectorTest, org.apache.commons.math.linear.SparseRealMatrixTest, org.apache.commons.math.linear.SparseRealVectorTest, org.apache.commons.math.linear.TriDiagonalTransformerTest, org.apache.commons.math.ode.ContinuousOutputModelTest, org.apache.commons.math.ode.FirstOrderConverterTest, org.apache.commons.math.ode.events.EventStateTest, org.apache.commons.math.ode.jacobians.FirstOrderIntegratorWithJacobiansTest, org.apache.commons.math.ode.nonstiff.AdamsBashforthIntegratorTest, org.apache.commons.math.ode.nonstiff.AdamsMoultonIntegratorTest, org.apache.commons.math.ode.nonstiff.ClassicalRungeKuttaIntegratorTest, org.apache.commons.math.ode.nonstiff.ClassicalRungeKuttaStepInterpolatorTest, org.apache.commons.math.ode.nonstiff.DormandPrince54IntegratorTest, org.apache.commons.math.ode.nonstiff.DormandPrince54StepInterpolatorTest, org.apache.commons.math.ode.nonstiff.DormandPrince853IntegratorTest, org.apache.commons.math.ode.nonstiff.DormandPrince853StepInterpolatorTest, org.apache.commons.math.ode.nonstiff.EulerIntegratorTest, org.apache.commons.math.ode.nonstiff.EulerStepInterpolatorTest, org.apache.commons.math.ode.nonstiff.GillIntegratorTest, org.apache.commons.math.ode.nonstiff.GillStepInterpolatorTest, org.apache.commons.math.ode.nonstiff.GraggBulirschStoerIntegratorTest, org.apache.commons.math.ode.nonstiff.GraggBulirschStoerStepInterpolatorTest, org.apache.commons.math.ode.nonstiff.HighamHall54IntegratorTest, org.apache.commons.math.ode.nonstiff.HighamHall54StepInterpolatorTest, org.apache.commons.math.ode.nonstiff.MidpointIntegratorTest, org.apache.commons.math.ode.nonstiff.MidpointStepInterpolatorTest, org.apache.commons.math.ode.nonstiff.ThreeEighthesIntegratorTest, org.apache.commons.math.ode.nonstiff.ThreeEighthesStepInterpolatorTest, org.apache.commons.math.ode.sampling.DummyStepInterpolatorTest, org.apache.commons.math.ode.sampling.NordsieckStepInterpolatorTest, org.apache.commons.math.ode.sampling.StepNormalizerTest, org.apache.commons.math.optimization.MultiStartDifferentiableMultivariateRealOptimizerTest, org.apache.commons.math.optimization.MultiStartDifferentiableMultivariateVectorialOptimizerTest, org.apache.commons.math.optimization.MultiStartMultivariateRealOptimizerTest, org.apache.commons.math.optimization.direct.MultiDirectionalTest, org.apache.commons.math.optimization.direct.NelderMeadTest, org.apache.commons.math.optimization.fitting.CurveFitterTest, org.apache.commons.math.optimization.fitting.GaussianFitterTest, org.apache.commons.math.optimization.fitting.HarmonicFitterTest, org.apache.commons.math.optimization.fitting.ParametricGaussianFunctionTest, org.apache.commons.math.optimization.fitting.PolynomialFitterTest, org.apache.commons.math.optimization.general.GaussNewtonOptimizerTest, org.apache.commons.math.optimization.general.LevenbergMarquardtOptimizerTest, org.apache.commons.math.optimization.general.MinpackTest, org.apache.commons.math.optimization.general.NonLinearConjugateGradientOptimizerTest, org.apache.commons.math.optimization.general.PowellOptimizerTest, org.apache.commons.math.optimization.linear.SimplexSolverTest, org.apache.commons.math.optimization.linear.SimplexTableauTest, org.apache.commons.math.optimization.univariate.BracketFinderTest, org.apache.commons.math.optimization.univariate.BrentOptimizerTest, org.apache.commons.math.optimization.univariate.MultiStartUnivariateRealOptimizerTest, org.apache.commons.math.random.AbstractRandomGeneratorTest, org.apache.commons.math.random.CorrelatedRandomVectorGeneratorTest, org.apache.commons.math.random.EmpiricalDistributionTest, org.apache.commons.math.random.GaussianRandomGeneratorTest, org.apache.commons.math.random.MersenneTwisterTest, org.apache.commons.math.random.RandomAdaptorTest, org.apache.commons.math.random.RandomDataTest, org.apache.commons.math.random.UncorrelatedRandomVectorGeneratorTest, org.apache.commons.math.random.UniformRandomGeneratorTest, org.apache.commons.math.random.ValueServerTest, org.apache.commons.math.special.BetaTest, org.apache.commons.math.special.ErfTest, org.apache.commons.math.special.GammaTest, org.apache.commons.math.stat.CertifiedDataTest, org.apache.commons.math.stat.FrequencyTest, org.apache.commons.math.stat.StatUtilsTest, org.apache.commons.math.stat.clustering.EuclideanIntegerPointTest, org.apache.commons.math.stat.clustering.KMeansPlusPlusClustererTest, org.apache.commons.math.stat.correlation.CovarianceTest, org.apache.commons.math.stat.correlation.PearsonsCorrelationTest, org.apache.commons.math.stat.correlation.SpearmansRankCorrelationTest, org.apache.commons.math.stat.data.LewTest, org.apache.commons.math.stat.data.LotteryTest, org.apache.commons.math.stat.descriptive.AbstractUnivariateStatisticTest, org.apache.commons.math.stat.descriptive.AggregateSummaryStatisticsTest, org.apache.commons.math.stat.descriptive.DescriptiveStatisticsTest, org.apache.commons.math.stat.descriptive.InteractionTest, org.apache.commons.math.stat.descriptive.ListUnivariateImplTest, org.apache.commons.math.stat.descriptive.MixedListUnivariateImplTest, org.apache.commons.math.stat.descriptive.MultivariateSummaryStatisticsTest, org.apache.commons.math.stat.descriptive.StatisticalSummaryValuesTest, org.apache.commons.math.stat.descriptive.SummaryStatisticsTest, org.apache.commons.math.stat.descriptive.SynchronizedDescriptiveStatisticsTest, org.apache.commons.math.stat.descriptive.SynchronizedMultivariateSummaryStatisticsTest, org.apache.commons.math.stat.descriptive.SynchronizedSummaryStatisticsTest, org.apache.commons.math.stat.descriptive.moment.FirstMomentTest, org.apache.commons.math.stat.descriptive.moment.FourthMomentTest, org.apache.commons.math.stat.descriptive.moment.GeometricMeanTest, org.apache.commons.math.stat.descriptive.moment.KurtosisTest, org.apache.commons.math.stat.descriptive.moment.MeanTest, org.apache.commons.math.stat.descriptive.moment.SecondMomentTest, org.apache.commons.math.stat.descriptive.moment.SemiVarianceTest, org.apache.commons.math.stat.descriptive.moment.SkewnessTest, org.apache.commons.math.stat.descriptive.moment.StandardDeviationTest, org.apache.commons.math.stat.descriptive.moment.ThirdMomentTest, org.apache.commons.math.stat.descriptive.moment.VarianceTest, org.apache.commons.math.stat.descriptive.moment.VectorialCovarianceTest, org.apache.commons.math.stat.descriptive.moment.VectorialMeanTest, org.apache.commons.math.stat.descriptive.rank.MaxTest, org.apache.commons.math.stat.descriptive.rank.MedianTest, org.apache.commons.math.stat.descriptive.rank.MinTest, org.apache.commons.math.stat.descriptive.rank.PercentileTest, org.apache.commons.math.stat.descriptive.summary.ProductTest, org.apache.commons.math.stat.descriptive.summary.SumLogTest, org.apache.commons.math.stat.descriptive.summary.SumSqTest, org.apache.commons.math.stat.descriptive.summary.SumTest, org.apache.commons.math.stat.inference.ChiSquareFactoryTest, org.apache.commons.math.stat.inference.ChiSquareTestTest, org.apache.commons.math.stat.inference.OneWayAnovaTest, org.apache.commons.math.stat.inference.TTestFactoryTest, org.apache.commons.math.stat.inference.TTestTest, org.apache.commons.math.stat.inference.TestUtilsTest, org.apache.commons.math.stat.ranking.NaturalRankingTest, org.apache.commons.math.stat.regression.GLSMultipleLinearRegressionTest, org.apache.commons.math.stat.regression.OLSMultipleLinearRegressionTest, org.apache.commons.math.stat.regression.SimpleRegressionTest, org.apache.commons.math.transform.FastCosineTransformerTest, org.apache.commons.math.transform.FastFourierTransformerTest, org.apache.commons.math.transform.FastHadamardTransformerTest, org.apache.commons.math.transform.FastSineTransformerTest, org.apache.commons.math.util.BigRealFieldTest, org.apache.commons.math.util.BigRealTest, org.apache.commons.math.util.ContinuedFractionTest, org.apache.commons.math.util.DefaultTransformerTest, org.apache.commons.math.util.IncrementorTest, org.apache.commons.math.util.MathUtilsTest, org.apache.commons.math.util.MultidimensionalCounterTest, org.apache.commons.math.util.OpenIntToDoubleHashMapTest, org.apache.commons.math.util.OpenIntToFieldTest, org.apache.commons.math.util.ResizableDoubleArrayTest, org.apache.commons.math.util.TransformerMapTest], complianceLevel=7, outputFolder=., json=true}
08:53:01.715 [main] INFO  fr.inria.lille.repair.nopol.NoPol - Available processors (cores): 4
08:53:01.721 [main] INFO  fr.inria.lille.repair.nopol.NoPol - Free memory: 925 MB
08:53:01.721 [main] INFO  fr.inria.lille.repair.nopol.NoPol - Maximum memory: 3 GB
08:53:01.721 [main] INFO  fr.inria.lille.repair.nopol.NoPol - Total memory available to JVM: 981 MB
08:53:01.721 [main] INFO  fr.inria.lille.repair.nopol.NoPol - Java version: 1.8.0_181
08:53:01.722 [main] INFO  fr.inria.lille.repair.nopol.NoPol - JAVA_HOME: /usr/lib/jvm/java-1.8.0-openjdk-amd64/bin/
08:53:01.723 [main] INFO  fr.inria.lille.repair.nopol.NoPol - PATH: /usr/lib/jvm/java-1.8.0-openjdk-amd64/bin/:/usr/lib/oar/oardodo:/usr/lib/oar/oardodo:/usr/local/bin:/usr/bin:/bin:/usr/games
08:53:27.957 [pool-2-thread-1] DEBUG fr.inria.lille.repair.nopol.NoPol - statement #1
08:53:27.958 [pool-2-thread-1] DEBUG fr.inria.lille.repair.nopol.NoPol - Analysing SourceLocation org.apache.commons.math.util.MathUtils:546 which is executed by 1 tests
-1550426518
08:53:28.303 [pool-2-thread-1] DEBUG fr.inria.lille.repair.nopol.NoPol - statement #2
08:53:28.304 [pool-2-thread-1] DEBUG fr.inria.lille.repair.nopol.NoPol - Analysing SourceLocation org.apache.commons.math.util.MathUtils:542 which is executed by 1 tests
-1550426518
08:53:28.454 [pool-2-thread-1] DEBUG fr.inria.lille.repair.nopol.NoPol - looking with class fr.inria.lille.repair.nopol.spoon.smt.ConditionalAdder
junit.framework.AssertionFailedError
    at junit.framework.Assert.fail(Assert.java:55)
    at junit.framework.Assert.assertTrue(Assert.java:22)
    at junit.framework.Assert.assertFalse(Assert.java:39)
    at junit.framework.Assert.assertFalse(Assert.java:47)
    at junit.framework.TestCase.assertFalse(TestCase.java:219)
    at org.apache.commons.math.util.MathUtilsTest.testArrayEquals(MathUtilsTest.java:456)
08:53:29.060 [pool-4-thread-1] INFO  xxl.java.junit.TestCasesListener - Tests run finished (575 ms)
<> Total tests run: 61
<> Ignored tests: 0
<> Failed tests: 1
~ testArrayEquals(org.apache.commons.math.util.MathUtilsTest)
[null]
junit.framework.AssertionFailedError    at junit.framework.Assert.fail(Assert.java:55)
    at junit.framework.Assert.assertTrue(Assert.java:22)
    at junit.framework.Assert.assertFalse(Assert.java:39)
    at junit.framework.Assert.assertFalse(Assert.java:47)
    at junit.framework.TestCase.assertFalse(TestCase.java:219)
    at org.apache.commons.math.util.MathUtilsTest.testArrayEquals(MathUtilsTest.java:456)

junit.framework.AssertionFailedError
    at junit.framework.Assert.fail(Assert.java:55)
    at junit.framework.Assert.assertTrue(Assert.java:22)
    at junit.framework.Assert.assertFalse(Assert.java:39)
    at junit.framework.Assert.assertFalse(Assert.java:47)
    at junit.framework.TestCase.assertFalse(TestCase.java:219)
    at org.apache.commons.math.util.MathUtilsTest.testArrayEquals(MathUtilsTest.java:456)
08:53:30.515 [pool-5-thread-1] INFO  f.i.l.c.t.SpecificationTestCasesListener - Tests run finished (6 ms)
<> Total tests run: 1
<> Ignored tests: 0
<> Failed tests: 1
~ testArrayEquals(org.apache.commons.math.util.MathUtilsTest)
[null]
junit.framework.AssertionFailedError    at junit.framework.Assert.fail(Assert.java:55)
    at junit.framework.Assert.assertTrue(Assert.java:22)
    at junit.framework.Assert.assertFalse(Assert.java:39)
    at junit.framework.Assert.assertFalse(Assert.java:47)
    at junit.framework.TestCase.assertFalse(TestCase.java:219)
    at org.apache.commons.math.util.MathUtilsTest.testArrayEquals(MathUtilsTest.java:456)

junit.framework.AssertionFailedError
    at junit.framework.Assert.fail(Assert.java:55)
    at junit.framework.Assert.assertTrue(Assert.java:22)
    at junit.framework.Assert.assertFalse(Assert.java:39)
    at junit.framework.Assert.assertFalse(Assert.java:47)
    at junit.framework.TestCase.assertFalse(TestCase.java:219)
    at org.apache.commons.math.util.MathUtilsTest.testArrayEquals(MathUtilsTest.java:456)
08:53:30.518 [pool-6-thread-1] INFO  f.i.l.c.t.SpecificationTestCasesListener - Tests run finished (1 ms)
<> Total tests run: 1
<> Ignored tests: 0
<> Failed tests: 1
~ testArrayEquals(org.apache.commons.math.util.MathUtilsTest)
[null]
junit.framework.AssertionFailedError    at junit.framework.Assert.fail(Assert.java:55)
    at junit.framework.Assert.assertTrue(Assert.java:22)
    at junit.framework.Assert.assertFalse(Assert.java:39)
    at junit.framework.Assert.assertFalse(Assert.java:47)
    at junit.framework.TestCase.assertFalse(TestCase.java:219)
    at org.apache.commons.math.util.MathUtilsTest.testArrayEquals(MathUtilsTest.java:456)

08:53:30.519 [pool-3-thread-1] DEBUG tests.output - Failing tests with false: 
[testArrayEquals(org.apache.commons.math.util.MathUtilsTest): null]
08:53:30.519 [pool-3-thread-1] DEBUG tests.output - Failing tests with true: 
[testArrayEquals(org.apache.commons.math.util.MathUtilsTest): null]
08:53:30.519 [pool-3-thread-1] INFO  f.i.l.r.n.synth.SMTNopolSynthesizer - Not enough specifications: 0. A trivial patch is "true" or "false", please write new tests specifying SourceLocation org.apache.commons.math.util.MathUtils:542.
08:53:30.519 [pool-2-thread-1] DEBUG fr.inria.lille.repair.nopol.NoPol - looking with class fr.inria.lille.repair.nopol.spoon.smt.ConditionalReplacer
junit.framework.AssertionFailedError
    at junit.framework.Assert.fail(Assert.java:55)
    at junit.framework.Assert.assertTrue(Assert.java:22)
    at junit.framework.Assert.assertFalse(Assert.java:39)
    at junit.framework.Assert.assertFalse(Assert.java:47)
    at junit.framework.TestCase.assertFalse(TestCase.java:219)
    at org.apache.commons.math.util.MathUtilsTest.testArrayEquals(MathUtilsTest.java:456)
08:53:30.986 [pool-8-thread-1] INFO  xxl.java.junit.TestCasesListener - Tests run finished (458 ms)
<> Total tests run: 61
<> Ignored tests: 0
<> Failed tests: 1
~ testArrayEquals(org.apache.commons.math.util.MathUtilsTest)
[null]
junit.framework.AssertionFailedError    at junit.framework.Assert.fail(Assert.java:55)
    at junit.framework.Assert.assertTrue(Assert.java:22)
    at junit.framework.Assert.assertFalse(Assert.java:39)
    at junit.framework.Assert.assertFalse(Assert.java:47)
    at junit.framework.TestCase.assertFalse(TestCase.java:219)
    at org.apache.commons.math.util.MathUtilsTest.testArrayEquals(MathUtilsTest.java:456)

junit.framework.AssertionFailedError
    at junit.framework.Assert.fail(Assert.java:55)
    at junit.framework.Assert.assertTrue(Assert.java:22)
    at junit.framework.Assert.assertFalse(Assert.java:39)
    at junit.framework.Assert.assertFalse(Assert.java:47)
    at junit.framework.TestCase.assertFalse(TestCase.java:219)
    at org.apache.commons.math.util.MathUtilsTest.testArrayEquals(MathUtilsTest.java:456)
08:53:31.378 [pool-9-thread-1] INFO  f.i.l.c.t.SpecificationTestCasesListener - Tests run finished (2 ms)
<> Total tests run: 1
<> Ignored tests: 0
<> Failed tests: 1
~ testArrayEquals(org.apache.commons.math.util.MathUtilsTest)
[null]
junit.framework.AssertionFailedError    at junit.framework.Assert.fail(Assert.java:55)
    at junit.framework.Assert.assertTrue(Assert.java:22)
    at junit.framework.Assert.assertFalse(Assert.java:39)
    at junit.framework.Assert.assertFalse(Assert.java:47)
    at junit.framework.TestCase.assertFalse(TestCase.java:219)
    at org.apache.commons.math.util.MathUtilsTest.testArrayEquals(MathUtilsTest.java:456)

junit.framework.AssertionFailedError
    at junit.framework.Assert.fail(Assert.java:55)
    at junit.framework.Assert.assertTrue(Assert.java:22)
    at junit.framework.Assert.assertTrue(Assert.java:31)
    at junit.framework.TestCase.assertTrue(TestCase.java:201)
    at org.apache.commons.math.util.MathUtilsTest.testArrayEquals(MathUtilsTest.java:448)
    at sun.reflect.NativeMethodAccessorImpl.invoke0(Native Method)
08:53:31.381 [pool-10-thread-1] INFO  f.i.l.c.t.SpecificationTestCasesListener - Tests run finished (1 ms)
<> Total tests run: 1
<> Ignored tests: 0
<> Failed tests: 1
~ testArrayEquals(org.apache.commons.math.util.MathUtilsTest)
[null]
junit.framework.AssertionFailedError    at junit.framework.Assert.fail(Assert.java:55)
    at junit.framework.Assert.assertTrue(Assert.java:22)
    at junit.framework.Assert.assertTrue(Assert.java:31)
    at junit.framework.TestCase.assertTrue(TestCase.java:201)
    at org.apache.commons.math.util.MathUtilsTest.testArrayEquals(MathUtilsTest.java:448)
    at sun.reflect.NativeMethodAccessorImpl.invoke0(Native Method)

08:53:31.386 [pool-7-thread-1] DEBUG tests.output - Failing tests with false: 
[testArrayEquals(org.apache.commons.math.util.MathUtilsTest): null]
08:53:31.386 [pool-7-thread-1] DEBUG tests.output - Failing tests with true: 
[testArrayEquals(org.apache.commons.math.util.MathUtilsTest): null]
08:53:31.386 [pool-7-thread-1] INFO  f.i.l.r.n.synth.SMTNopolSynthesizer - Not enough specifications: 0. A trivial patch is "true" or "false", please write new tests specifying SourceLocation org.apache.commons.math.util.MathUtils:542.
08:53:31.386 [pool-2-thread-1] DEBUG fr.inria.lille.repair.nopol.NoPol - statement #3
08:53:31.386 [pool-2-thread-1] DEBUG fr.inria.lille.repair.nopol.NoPol - Analysing SourceLocation org.apache.commons.math.util.MathUtils:541 which is executed by 1 tests
-1550426518
08:53:31.515 [pool-2-thread-1] DEBUG fr.inria.lille.repair.nopol.NoPol - looking with class fr.inria.lille.repair.nopol.spoon.smt.ConditionalAdder
junit.framework.AssertionFailedError
    at junit.framework.Assert.fail(Assert.java:55)
    at junit.framework.Assert.assertTrue(Assert.java:22)
    at junit.framework.Assert.assertFalse(Assert.java:39)
    at junit.framework.Assert.assertFalse(Assert.java:47)
    at junit.framework.TestCase.assertFalse(TestCase.java:219)
    at org.apache.commons.math.util.MathUtilsTest.testArrayEquals(MathUtilsTest.java:456)
08:53:31.965 [pool-12-thread-1] INFO  xxl.java.junit.TestCasesListener - Tests run finished (444 ms)
<> Total tests run: 61
<> Ignored tests: 0
<> Failed tests: 1
~ testArrayEquals(org.apache.commons.math.util.MathUtilsTest)
[null]
junit.framework.AssertionFailedError    at junit.framework.Assert.fail(Assert.java:55)
    at junit.framework.Assert.assertTrue(Assert.java:22)
    at junit.framework.Assert.assertFalse(Assert.java:39)
    at junit.framework.Assert.assertFalse(Assert.java:47)
    at junit.framework.TestCase.assertFalse(TestCase.java:219)
    at org.apache.commons.math.util.MathUtilsTest.testArrayEquals(MathUtilsTest.java:456)

junit.framework.AssertionFailedError
    at junit.framework.Assert.fail(Assert.java:55)
    at junit.framework.Assert.assertTrue(Assert.java:22)
    at junit.framework.Assert.assertFalse(Assert.java:39)
    at junit.framework.Assert.assertFalse(Assert.java:47)
    at junit.framework.TestCase.assertFalse(TestCase.java:219)
    at org.apache.commons.math.util.MathUtilsTest.testArrayEquals(MathUtilsTest.java:456)
08:53:32.301 [pool-13-thread-1] INFO  f.i.l.c.t.SpecificationTestCasesListener - Tests run finished (2 ms)
<> Total tests run: 1
<> Ignored tests: 0
<> Failed tests: 1
~ testArrayEquals(org.apache.commons.math.util.MathUtilsTest)
[null]
junit.framework.AssertionFailedError    at junit.framework.Assert.fail(Assert.java:55)
    at junit.framework.Assert.assertTrue(Assert.java:22)
    at junit.framework.Assert.assertFalse(Assert.java:39)
    at junit.framework.Assert.assertFalse(Assert.java:47)
    at junit.framework.TestCase.assertFalse(TestCase.java:219)
    at org.apache.commons.math.util.MathUtilsTest.testArrayEquals(MathUtilsTest.java:456)

junit.framework.AssertionFailedError
    at junit.framework.Assert.fail(Assert.java:55)
    at junit.framework.Assert.assertTrue(Assert.java:22)
    at junit.framework.Assert.assertFalse(Assert.java:39)
    at junit.framework.Assert.assertFalse(Assert.java:47)
    at junit.framework.TestCase.assertFalse(TestCase.java:219)
    at org.apache.commons.math.util.MathUtilsTest.testArrayEquals(MathUtilsTest.java:456)
08:53:32.305 [pool-14-thread-1] INFO  f.i.l.c.t.SpecificationTestCasesListener - Tests run finished (1 ms)
<> Total tests run: 1
<> Ignored tests: 0
<> Failed tests: 1
~ testArrayEquals(org.apache.commons.math.util.MathUtilsTest)
[null]
junit.framework.AssertionFailedError    at junit.framework.Assert.fail(Assert.java:55)
    at junit.framework.Assert.assertTrue(Assert.java:22)
    at junit.framework.Assert.assertFalse(Assert.java:39)
    at junit.framework.Assert.assertFalse(Assert.java:47)
    at junit.framework.TestCase.assertFalse(TestCase.java:219)
    at org.apache.commons.math.util.MathUtilsTest.testArrayEquals(MathUtilsTest.java:456)

08:53:32.305 [pool-11-thread-1] DEBUG tests.output - Failing tests with false: 
[testArrayEquals(org.apache.commons.math.util.MathUtilsTest): null]
08:53:32.306 [pool-11-thread-1] DEBUG tests.output - Failing tests with true: 
[testArrayEquals(org.apache.commons.math.util.MathUtilsTest): null]
08:53:32.306 [pool-11-thread-1] INFO  f.i.l.r.n.synth.SMTNopolSynthesizer - Not enough specifications: 0. A trivial patch is "true" or "false", please write new tests specifying SourceLocation org.apache.commons.math.util.MathUtils:541.
08:53:32.306 [pool-2-thread-1] DEBUG fr.inria.lille.repair.nopol.NoPol - statement #4
08:53:32.306 [pool-2-thread-1] DEBUG fr.inria.lille.repair.nopol.NoPol - Analysing SourceLocation org.apache.commons.math.util.MathUtils:539 which is executed by 1 tests
-1550426518
08:53:32.428 [pool-2-thread-1] DEBUG fr.inria.lille.repair.nopol.NoPol - looking with class fr.inria.lille.repair.nopol.spoon.smt.ConditionalAdder
junit.framework.AssertionFailedError
    at junit.framework.Assert.fail(Assert.java:55)
    at junit.framework.Assert.assertTrue(Assert.java:22)
    at junit.framework.Assert.assertFalse(Assert.java:39)
    at junit.framework.Assert.assertFalse(Assert.java:47)
    at junit.framework.TestCase.assertFalse(TestCase.java:219)
    at org.apache.commons.math.util.MathUtilsTest.testArrayEquals(MathUtilsTest.java:456)
08:53:32.933 [pool-16-thread-1] INFO  xxl.java.junit.TestCasesListener - Tests run finished (499 ms)
<> Total tests run: 61
<> Ignored tests: 0
<> Failed tests: 1
~ testArrayEquals(org.apache.commons.math.util.MathUtilsTest)
[null]
junit.framework.AssertionFailedError    at junit.framework.Assert.fail(Assert.java:55)
    at junit.framework.Assert.assertTrue(Assert.java:22)
    at junit.framework.Assert.assertFalse(Assert.java:39)
    at junit.framework.Assert.assertFalse(Assert.java:47)
    at junit.framework.TestCase.assertFalse(TestCase.java:219)
    at org.apache.commons.math.util.MathUtilsTest.testArrayEquals(MathUtilsTest.java:456)

java.lang.ArrayIndexOutOfBoundsException: 0
    at org.apache.commons.math.util.MathUtils.equals(MathUtils.java:248)
    at org.apache.commons.math.util.MathUtilsTest.testArrayEquals(MathUtilsTest.java:447)
    at sun.reflect.NativeMethodAccessorImpl.invoke0(Native Method)
    at sun.reflect.NativeMethodAccessorImpl.invoke(NativeMethodAccessorImpl.java:62)
    at sun.reflect.DelegatingMethodAccessorImpl.invoke(DelegatingMethodAccessorImpl.java:43)
    at java.lang.reflect.Method.invoke(Method.java:498)
08:53:33.325 [pool-17-thread-1] INFO  f.i.l.c.t.SpecificationTestCasesListener - Tests run finished (3 ms)
<> Total tests run: 1
<> Ignored tests: 0
<> Failed tests: 1
~ testArrayEquals(org.apache.commons.math.util.MathUtilsTest)
[0]
java.lang.ArrayIndexOutOfBoundsException: 0    at org.apache.commons.math.util.MathUtils.equals(MathUtils.java:248)
    at org.apache.commons.math.util.MathUtilsTest.testArrayEquals(MathUtilsTest.java:447)
    at sun.reflect.NativeMethodAccessorImpl.invoke0(Native Method)
    at sun.reflect.NativeMethodAccessorImpl.invoke(NativeMethodAccessorImpl.java:62)
    at sun.reflect.DelegatingMethodAccessorImpl.invoke(DelegatingMethodAccessorImpl.java:43)
    at java.lang.reflect.Method.invoke(Method.java:498)

junit.framework.AssertionFailedError
    at junit.framework.Assert.fail(Assert.java:55)
    at junit.framework.Assert.assertTrue(Assert.java:22)
    at junit.framework.Assert.assertFalse(Assert.java:39)
    at junit.framework.Assert.assertFalse(Assert.java:47)
    at junit.framework.TestCase.assertFalse(TestCase.java:219)
    at org.apache.commons.math.util.MathUtilsTest.testArrayEquals(MathUtilsTest.java:456)
08:53:33.327 [pool-18-thread-1] INFO  f.i.l.c.t.SpecificationTestCasesListener - Tests run finished (1 ms)
<> Total tests run: 1
<> Ignored tests: 0
<> Failed tests: 1
~ testArrayEquals(org.apache.commons.math.util.MathUtilsTest)
[null]
junit.framework.AssertionFailedError    at junit.framework.Assert.fail(Assert.java:55)
    at junit.framework.Assert.assertTrue(Assert.java:22)
    at junit.framework.Assert.assertFalse(Assert.java:39)
    at junit.framework.Assert.assertFalse(Assert.java:47)
    at junit.framework.TestCase.assertFalse(TestCase.java:219)
    at org.apache.commons.math.util.MathUtilsTest.testArrayEquals(MathUtilsTest.java:456)

08:53:33.327 [pool-15-thread-1] DEBUG tests.output - Failing tests with false: 
[testArrayEquals(org.apache.commons.math.util.MathUtilsTest): 0]
08:53:33.327 [pool-15-thread-1] DEBUG tests.output - Failing tests with true: 
[testArrayEquals(org.apache.commons.math.util.MathUtilsTest): null]
08:53:33.327 [pool-15-thread-1] INFO  f.i.l.r.n.synth.SMTNopolSynthesizer - Not enough specifications: 0. A trivial patch is "true" or "false", please write new tests specifying SourceLocation org.apache.commons.math.util.MathUtils:539.
08:53:33.327 [pool-2-thread-1] DEBUG fr.inria.lille.repair.nopol.NoPol - statement #5
08:53:33.328 [pool-2-thread-1] DEBUG fr.inria.lille.repair.nopol.NoPol - Analysing SourceLocation org.apache.commons.math.util.MathUtils:538 which is executed by 1 tests
-1550426518
08:53:33.449 [pool-2-thread-1] DEBUG fr.inria.lille.repair.nopol.NoPol - looking with class fr.inria.lille.repair.nopol.spoon.smt.ConditionalAdder
junit.framework.AssertionFailedError
    at junit.framework.Assert.fail(Assert.java:55)
    at junit.framework.Assert.assertTrue(Assert.java:22)
    at junit.framework.Assert.assertFalse(Assert.java:39)
    at junit.framework.Assert.assertFalse(Assert.java:47)
    at junit.framework.TestCase.assertFalse(TestCase.java:219)
    at org.apache.commons.math.util.MathUtilsTest.testArrayEquals(MathUtilsTest.java:456)
08:53:33.912 [pool-20-thread-1] INFO  xxl.java.junit.TestCasesListener - Tests run finished (449 ms)
<> Total tests run: 61
<> Ignored tests: 0
<> Failed tests: 1
~ testArrayEquals(org.apache.commons.math.util.MathUtilsTest)
[null]
junit.framework.AssertionFailedError    at junit.framework.Assert.fail(Assert.java:55)
    at junit.framework.Assert.assertTrue(Assert.java:22)
    at junit.framework.Assert.assertFalse(Assert.java:39)
    at junit.framework.Assert.assertFalse(Assert.java:47)
    at junit.framework.TestCase.assertFalse(TestCase.java:219)
    at org.apache.commons.math.util.MathUtilsTest.testArrayEquals(MathUtilsTest.java:456)

java.lang.ArrayIndexOutOfBoundsException: 0
    at org.apache.commons.math.util.MathUtils.equals(MathUtils.java:247)
    at org.apache.commons.math.util.MathUtilsTest.testArrayEquals(MathUtilsTest.java:447)
    at sun.reflect.NativeMethodAccessorImpl.invoke0(Native Method)
    at sun.reflect.NativeMethodAccessorImpl.invoke(NativeMethodAccessorImpl.java:62)
    at sun.reflect.DelegatingMethodAccessorImpl.invoke(DelegatingMethodAccessorImpl.java:43)
    at java.lang.reflect.Method.invoke(Method.java:498)
08:53:34.199 [pool-21-thread-1] INFO  f.i.l.c.t.SpecificationTestCasesListener - Tests run finished (2 ms)
<> Total tests run: 1
<> Ignored tests: 0
<> Failed tests: 1
~ testArrayEquals(org.apache.commons.math.util.MathUtilsTest)
[0]
java.lang.ArrayIndexOutOfBoundsException: 0    at org.apache.commons.math.util.MathUtils.equals(MathUtils.java:247)
    at org.apache.commons.math.util.MathUtilsTest.testArrayEquals(MathUtilsTest.java:447)
    at sun.reflect.NativeMethodAccessorImpl.invoke0(Native Method)
    at sun.reflect.NativeMethodAccessorImpl.invoke(NativeMethodAccessorImpl.java:62)
    at sun.reflect.DelegatingMethodAccessorImpl.invoke(DelegatingMethodAccessorImpl.java:43)
    at java.lang.reflect.Method.invoke(Method.java:498)

junit.framework.AssertionFailedError
    at junit.framework.Assert.fail(Assert.java:55)
    at junit.framework.Assert.assertTrue(Assert.java:22)
    at junit.framework.Assert.assertFalse(Assert.java:39)
    at junit.framework.Assert.assertFalse(Assert.java:47)
    at junit.framework.TestCase.assertFalse(TestCase.java:219)
    at org.apache.commons.math.util.MathUtilsTest.testArrayEquals(MathUtilsTest.java:456)
08:53:34.201 [pool-22-thread-1] INFO  f.i.l.c.t.SpecificationTestCasesListener - Tests run finished (1 ms)
<> Total tests run: 1
<> Ignored tests: 0
<> Failed tests: 1
~ testArrayEquals(org.apache.commons.math.util.MathUtilsTest)
[null]
junit.framework.AssertionFailedError    at junit.framework.Assert.fail(Assert.java:55)
    at junit.framework.Assert.assertTrue(Assert.java:22)
    at junit.framework.Assert.assertFalse(Assert.java:39)
    at junit.framework.Assert.assertFalse(Assert.java:47)
    at junit.framework.TestCase.assertFalse(TestCase.java:219)
    at org.apache.commons.math.util.MathUtilsTest.testArrayEquals(MathUtilsTest.java:456)

08:53:34.202 [pool-19-thread-1] DEBUG tests.output - Failing tests with false: 
[testArrayEquals(org.apache.commons.math.util.MathUtilsTest): 0]
08:53:34.202 [pool-19-thread-1] DEBUG tests.output - Failing tests with true: 
[testArrayEquals(org.apache.commons.math.util.MathUtilsTest): null]
08:53:34.202 [pool-19-thread-1] INFO  f.i.l.r.n.synth.SMTNopolSynthesizer - Not enough specifications: 0. A trivial patch is "true" or "false", please write new tests specifying SourceLocation org.apache.commons.math.util.MathUtils:538.
08:53:34.202 [pool-2-thread-1] DEBUG fr.inria.lille.repair.nopol.NoPol - looking with class fr.inria.lille.repair.nopol.spoon.smt.ConditionalReplacer
junit.framework.AssertionFailedError
    at junit.framework.Assert.fail(Assert.java:55)
    at junit.framework.Assert.assertTrue(Assert.java:22)
    at junit.framework.Assert.assertFalse(Assert.java:39)
    at junit.framework.Assert.assertFalse(Assert.java:47)
    at junit.framework.TestCase.assertFalse(TestCase.java:219)
    at org.apache.commons.math.util.MathUtilsTest.testArrayEquals(MathUtilsTest.java:456)
08:53:34.646 [pool-24-thread-1] INFO  xxl.java.junit.TestCasesListener - Tests run finished (438 ms)
<> Total tests run: 61
<> Ignored tests: 0
<> Failed tests: 1
~ testArrayEquals(org.apache.commons.math.util.MathUtilsTest)
[null]
junit.framework.AssertionFailedError    at junit.framework.Assert.fail(Assert.java:55)
    at junit.framework.Assert.assertTrue(Assert.java:22)
    at junit.framework.Assert.assertFalse(Assert.java:39)
    at junit.framework.Assert.assertFalse(Assert.java:47)
    at junit.framework.TestCase.assertFalse(TestCase.java:219)
    at org.apache.commons.math.util.MathUtilsTest.testArrayEquals(MathUtilsTest.java:456)

java.lang.ArrayIndexOutOfBoundsException: 0
    at org.apache.commons.math.util.MathUtils.equals(MathUtils.java:247)
    at org.apache.commons.math.util.MathUtilsTest.testArrayEquals(MathUtilsTest.java:447)
    at sun.reflect.NativeMethodAccessorImpl.invoke0(Native Method)
    at sun.reflect.NativeMethodAccessorImpl.invoke(NativeMethodAccessorImpl.java:62)
    at sun.reflect.DelegatingMethodAccessorImpl.invoke(DelegatingMethodAccessorImpl.java:43)
    at java.lang.reflect.Method.invoke(Method.java:498)
08:53:34.909 [pool-25-thread-1] INFO  f.i.l.c.t.SpecificationTestCasesListener - Tests run finished (2 ms)
<> Total tests run: 1
<> Ignored tests: 0
<> Failed tests: 1
~ testArrayEquals(org.apache.commons.math.util.MathUtilsTest)
[0]
java.lang.ArrayIndexOutOfBoundsException: 0    at org.apache.commons.math.util.MathUtils.equals(MathUtils.java:247)
    at org.apache.commons.math.util.MathUtilsTest.testArrayEquals(MathUtilsTest.java:447)
    at sun.reflect.NativeMethodAccessorImpl.invoke0(Native Method)
    at sun.reflect.NativeMethodAccessorImpl.invoke(NativeMethodAccessorImpl.java:62)
    at sun.reflect.DelegatingMethodAccessorImpl.invoke(DelegatingMethodAccessorImpl.java:43)
    at java.lang.reflect.Method.invoke(Method.java:498)

junit.framework.AssertionFailedError
    at junit.framework.Assert.fail(Assert.java:55)
    at junit.framework.Assert.assertTrue(Assert.java:22)
    at junit.framework.Assert.assertTrue(Assert.java:31)
    at junit.framework.TestCase.assertTrue(TestCase.java:201)
    at org.apache.commons.math.util.MathUtilsTest.testArrayEquals(MathUtilsTest.java:448)
    at sun.reflect.NativeMethodAccessorImpl.invoke0(Native Method)
08:53:34.911 [pool-26-thread-1] INFO  f.i.l.c.t.SpecificationTestCasesListener - Tests run finished (1 ms)
<> Total tests run: 1
<> Ignored tests: 0
<> Failed tests: 1
~ testArrayEquals(org.apache.commons.math.util.MathUtilsTest)
[null]
junit.framework.AssertionFailedError    at junit.framework.Assert.fail(Assert.java:55)
    at junit.framework.Assert.assertTrue(Assert.java:22)
    at junit.framework.Assert.assertTrue(Assert.java:31)
    at junit.framework.TestCase.assertTrue(TestCase.java:201)
    at org.apache.commons.math.util.MathUtilsTest.testArrayEquals(MathUtilsTest.java:448)
    at sun.reflect.NativeMethodAccessorImpl.invoke0(Native Method)

08:53:34.926 [pool-23-thread-1] DEBUG tests.output - Failing tests with false: 
[testArrayEquals(org.apache.commons.math.util.MathUtilsTest): 0]
08:53:34.926 [pool-23-thread-1] DEBUG tests.output - Failing tests with true: 
[testArrayEquals(org.apache.commons.math.util.MathUtilsTest): null]
08:53:34.926 [pool-23-thread-1] INFO  f.i.l.r.n.synth.SMTNopolSynthesizer - Not enough specifications: 0. A trivial patch is "true" or "false", please write new tests specifying SourceLocation org.apache.commons.math.util.MathUtils:538.
08:53:34.926 [pool-2-thread-1] DEBUG fr.inria.lille.repair.nopol.NoPol - statement #6
08:53:34.927 [pool-2-thread-1] DEBUG fr.inria.lille.repair.nopol.NoPol - Analysing SourceLocation org.apache.commons.math.util.MathUtils:536 which is executed by 1 tests
-1550426518
08:53:35.048 [pool-2-thread-1] DEBUG fr.inria.lille.repair.nopol.NoPol - looking with class fr.inria.lille.repair.nopol.spoon.smt.ConditionalAdder
junit.framework.AssertionFailedError
    at junit.framework.Assert.fail(Assert.java:55)
    at junit.framework.Assert.assertTrue(Assert.java:22)
    at junit.framework.Assert.assertFalse(Assert.java:39)
    at junit.framework.Assert.assertFalse(Assert.java:47)
    at junit.framework.TestCase.assertFalse(TestCase.java:219)
    at org.apache.commons.math.util.MathUtilsTest.testArrayEquals(MathUtilsTest.java:456)
08:53:35.470 [pool-28-thread-1] INFO  xxl.java.junit.TestCasesListener - Tests run finished (416 ms)
<> Total tests run: 61
<> Ignored tests: 0
<> Failed tests: 1
~ testArrayEquals(org.apache.commons.math.util.MathUtilsTest)
[null]
junit.framework.AssertionFailedError    at junit.framework.Assert.fail(Assert.java:55)
    at junit.framework.Assert.assertTrue(Assert.java:22)
    at junit.framework.Assert.assertFalse(Assert.java:39)
    at junit.framework.Assert.assertFalse(Assert.java:47)
    at junit.framework.TestCase.assertFalse(TestCase.java:219)
    at org.apache.commons.math.util.MathUtilsTest.testArrayEquals(MathUtilsTest.java:456)

java.lang.NullPointerException
    at org.apache.commons.math.util.MathUtils.equals(MathUtils.java:244)
    at org.apache.commons.math.util.MathUtilsTest.testArrayEquals(MathUtilsTest.java:443)
    at sun.reflect.NativeMethodAccessorImpl.invoke0(Native Method)
    at sun.reflect.NativeMethodAccessorImpl.invoke(NativeMethodAccessorImpl.java:62)
    at sun.reflect.DelegatingMethodAccessorImpl.invoke(DelegatingMethodAccessorImpl.java:43)
    at java.lang.reflect.Method.invoke(Method.java:498)
08:53:35.728 [pool-29-thread-1] INFO  f.i.l.c.t.SpecificationTestCasesListener - Tests run finished (3 ms)
<> Total tests run: 1
<> Ignored tests: 0
<> Failed tests: 1
~ testArrayEquals(org.apache.commons.math.util.MathUtilsTest)
[null]
java.lang.NullPointerException    at org.apache.commons.math.util.MathUtils.equals(MathUtils.java:244)
    at org.apache.commons.math.util.MathUtilsTest.testArrayEquals(MathUtilsTest.java:443)
    at sun.reflect.NativeMethodAccessorImpl.invoke0(Native Method)
    at sun.reflect.NativeMethodAccessorImpl.invoke(NativeMethodAccessorImpl.java:62)
    at sun.reflect.DelegatingMethodAccessorImpl.invoke(DelegatingMethodAccessorImpl.java:43)
    at java.lang.reflect.Method.invoke(Method.java:498)

junit.framework.AssertionFailedError
    at junit.framework.Assert.fail(Assert.java:55)
    at junit.framework.Assert.assertTrue(Assert.java:22)
    at junit.framework.Assert.assertFalse(Assert.java:39)
    at junit.framework.Assert.assertFalse(Assert.java:47)
    at junit.framework.TestCase.assertFalse(TestCase.java:219)
    at org.apache.commons.math.util.MathUtilsTest.testArrayEquals(MathUtilsTest.java:456)
08:53:35.729 [pool-30-thread-1] INFO  f.i.l.c.t.SpecificationTestCasesListener - Tests run finished (0 ms)
<> Total tests run: 1
<> Ignored tests: 0
<> Failed tests: 1
~ testArrayEquals(org.apache.commons.math.util.MathUtilsTest)
[null]
junit.framework.AssertionFailedError    at junit.framework.Assert.fail(Assert.java:55)
    at junit.framework.Assert.assertTrue(Assert.java:22)
    at junit.framework.Assert.assertFalse(Assert.java:39)
    at junit.framework.Assert.assertFalse(Assert.java:47)
    at junit.framework.TestCase.assertFalse(TestCase.java:219)
    at org.apache.commons.math.util.MathUtilsTest.testArrayEquals(MathUtilsTest.java:456)

08:53:35.730 [pool-27-thread-1] DEBUG tests.output - Failing tests with false: 
[testArrayEquals(org.apache.commons.math.util.MathUtilsTest): null]
08:53:35.730 [pool-27-thread-1] DEBUG tests.output - Failing tests with true: 
[testArrayEquals(org.apache.commons.math.util.MathUtilsTest): null]
08:53:35.730 [pool-27-thread-1] INFO  f.i.l.r.n.synth.SMTNopolSynthesizer - Not enough specifications: 0. A trivial patch is "true" or "false", please write new tests specifying SourceLocation org.apache.commons.math.util.MathUtils:536.
08:53:35.730 [pool-2-thread-1] DEBUG fr.inria.lille.repair.nopol.NoPol - statement #7
08:53:35.730 [pool-2-thread-1] DEBUG fr.inria.lille.repair.nopol.NoPol - Analysing SourceLocation org.apache.commons.math.util.MathUtils:535 which is executed by 1 tests
-1550426518
08:53:35.851 [pool-2-thread-1] DEBUG fr.inria.lille.repair.nopol.NoPol - looking with class fr.inria.lille.repair.nopol.spoon.smt.ConditionalAdder
junit.framework.AssertionFailedError
    at junit.framework.Assert.fail(Assert.java:55)
    at junit.framework.Assert.assertTrue(Assert.java:22)
    at junit.framework.Assert.assertFalse(Assert.java:39)
    at junit.framework.Assert.assertFalse(Assert.java:47)
    at junit.framework.TestCase.assertFalse(TestCase.java:219)
    at org.apache.commons.math.util.MathUtilsTest.testArrayEquals(MathUtilsTest.java:456)
08:53:36.355 [pool-32-thread-1] INFO  xxl.java.junit.TestCasesListener - Tests run finished (498 ms)
<> Total tests run: 61
<> Ignored tests: 0
<> Failed tests: 1
~ testArrayEquals(org.apache.commons.math.util.MathUtilsTest)
[null]
junit.framework.AssertionFailedError    at junit.framework.Assert.fail(Assert.java:55)
    at junit.framework.Assert.assertTrue(Assert.java:22)
    at junit.framework.Assert.assertFalse(Assert.java:39)
    at junit.framework.Assert.assertFalse(Assert.java:47)
    at junit.framework.TestCase.assertFalse(TestCase.java:219)
    at org.apache.commons.math.util.MathUtilsTest.testArrayEquals(MathUtilsTest.java:456)

java.lang.NullPointerException
    at org.apache.commons.math.util.MathUtils.equals(MathUtils.java:246)
    at org.apache.commons.math.util.MathUtilsTest.testArrayEquals(MathUtilsTest.java:443)
    at sun.reflect.NativeMethodAccessorImpl.invoke0(Native Method)
    at sun.reflect.NativeMethodAccessorImpl.invoke(NativeMethodAccessorImpl.java:62)
    at sun.reflect.DelegatingMethodAccessorImpl.invoke(DelegatingMethodAccessorImpl.java:43)
    at java.lang.reflect.Method.invoke(Method.java:498)
08:53:36.657 [pool-33-thread-1] INFO  f.i.l.c.t.SpecificationTestCasesListener - Tests run finished (2 ms)
<> Total tests run: 1
<> Ignored tests: 0
<> Failed tests: 1
~ testArrayEquals(org.apache.commons.math.util.MathUtilsTest)
[null]
java.lang.NullPointerException    at org.apache.commons.math.util.MathUtils.equals(MathUtils.java:246)
    at org.apache.commons.math.util.MathUtilsTest.testArrayEquals(MathUtilsTest.java:443)
    at sun.reflect.NativeMethodAccessorImpl.invoke0(Native Method)
    at sun.reflect.NativeMethodAccessorImpl.invoke(NativeMethodAccessorImpl.java:62)
    at sun.reflect.DelegatingMethodAccessorImpl.invoke(DelegatingMethodAccessorImpl.java:43)
    at java.lang.reflect.Method.invoke(Method.java:498)

junit.framework.AssertionFailedError
    at junit.framework.Assert.fail(Assert.java:55)
    at junit.framework.Assert.assertTrue(Assert.java:22)
    at junit.framework.Assert.assertFalse(Assert.java:39)
    at junit.framework.Assert.assertFalse(Assert.java:47)
    at junit.framework.TestCase.assertFalse(TestCase.java:219)
    at org.apache.commons.math.util.MathUtilsTest.testArrayEquals(MathUtilsTest.java:456)
08:53:36.668 [pool-34-thread-1] INFO  f.i.l.c.t.SpecificationTestCasesListener - Tests run finished (1 ms)
<> Total tests run: 1
<> Ignored tests: 0
<> Failed tests: 1
~ testArrayEquals(org.apache.commons.math.util.MathUtilsTest)
[null]
junit.framework.AssertionFailedError    at junit.framework.Assert.fail(Assert.java:55)
    at junit.framework.Assert.assertTrue(Assert.java:22)
    at junit.framework.Assert.assertFalse(Assert.java:39)
    at junit.framework.Assert.assertFalse(Assert.java:47)
    at junit.framework.TestCase.assertFalse(TestCase.java:219)
    at org.apache.commons.math.util.MathUtilsTest.testArrayEquals(MathUtilsTest.java:456)

08:53:36.669 [pool-31-thread-1] DEBUG tests.output - Failing tests with false: 
[testArrayEquals(org.apache.commons.math.util.MathUtilsTest): null]
08:53:36.669 [pool-31-thread-1] DEBUG tests.output - Failing tests with true: 
[testArrayEquals(org.apache.commons.math.util.MathUtilsTest): null]
08:53:36.669 [pool-31-thread-1] INFO  f.i.l.r.n.synth.SMTNopolSynthesizer - Not enough specifications: 0. A trivial patch is "true" or "false", please write new tests specifying SourceLocation org.apache.commons.math.util.MathUtils:535.
08:53:36.669 [pool-2-thread-1] DEBUG fr.inria.lille.repair.nopol.NoPol - looking with class fr.inria.lille.repair.nopol.spoon.smt.ConditionalReplacer
junit.framework.AssertionFailedError
    at junit.framework.Assert.fail(Assert.java:55)
    at junit.framework.Assert.assertTrue(Assert.java:22)
    at junit.framework.Assert.assertFalse(Assert.java:39)
    at junit.framework.Assert.assertFalse(Assert.java:47)
    at junit.framework.TestCase.assertFalse(TestCase.java:219)
    at org.apache.commons.math.util.MathUtilsTest.testArrayEquals(MathUtilsTest.java:456)
08:53:37.189 [pool-36-thread-1] INFO  xxl.java.junit.TestCasesListener - Tests run finished (514 ms)
<> Total tests run: 61
<> Ignored tests: 0
<> Failed tests: 1
~ testArrayEquals(org.apache.commons.math.util.MathUtilsTest)
[null]
junit.framework.AssertionFailedError    at junit.framework.Assert.fail(Assert.java:55)
    at junit.framework.Assert.assertTrue(Assert.java:22)
    at junit.framework.Assert.assertFalse(Assert.java:39)
    at junit.framework.Assert.assertFalse(Assert.java:47)
    at junit.framework.TestCase.assertFalse(TestCase.java:219)
    at org.apache.commons.math.util.MathUtilsTest.testArrayEquals(MathUtilsTest.java:456)

java.lang.NullPointerException
    at org.apache.commons.math.util.MathUtils.equals(MathUtils.java:246)
    at org.apache.commons.math.util.MathUtilsTest.testArrayEquals(MathUtilsTest.java:443)
    at sun.reflect.NativeMethodAccessorImpl.invoke0(Native Method)
    at sun.reflect.NativeMethodAccessorImpl.invoke(NativeMethodAccessorImpl.java:62)
    at sun.reflect.DelegatingMethodAccessorImpl.invoke(DelegatingMethodAccessorImpl.java:43)
    at java.lang.reflect.Method.invoke(Method.java:498)
08:53:37.488 [pool-37-thread-1] INFO  f.i.l.c.t.SpecificationTestCasesListener - Tests run finished (2 ms)
<> Total tests run: 1
<> Ignored tests: 0
<> Failed tests: 1
~ testArrayEquals(org.apache.commons.math.util.MathUtilsTest)
[null]
java.lang.NullPointerException    at org.apache.commons.math.util.MathUtils.equals(MathUtils.java:246)
    at org.apache.commons.math.util.MathUtilsTest.testArrayEquals(MathUtilsTest.java:443)
    at sun.reflect.NativeMethodAccessorImpl.invoke0(Native Method)
    at sun.reflect.NativeMethodAccessorImpl.invoke(NativeMethodAccessorImpl.java:62)
    at sun.reflect.DelegatingMethodAccessorImpl.invoke(DelegatingMethodAccessorImpl.java:43)
    at java.lang.reflect.Method.invoke(Method.java:498)

junit.framework.AssertionFailedError
    at junit.framework.Assert.fail(Assert.java:55)
    at junit.framework.Assert.assertTrue(Assert.java:22)
    at junit.framework.Assert.assertFalse(Assert.java:39)
    at junit.framework.Assert.assertFalse(Assert.java:47)
    at junit.framework.TestCase.assertFalse(TestCase.java:219)
    at org.apache.commons.math.util.MathUtilsTest.testArrayEquals(MathUtilsTest.java:447)
08:53:37.491 [pool-38-thread-1] INFO  f.i.l.c.t.SpecificationTestCasesListener - Tests run finished (1 ms)
<> Total tests run: 1
<> Ignored tests: 0
<> Failed tests: 1
~ testArrayEquals(org.apache.commons.math.util.MathUtilsTest)
[null]
junit.framework.AssertionFailedError    at junit.framework.Assert.fail(Assert.java:55)
    at junit.framework.Assert.assertTrue(Assert.java:22)
    at junit.framework.Assert.assertFalse(Assert.java:39)
    at junit.framework.Assert.assertFalse(Assert.java:47)
    at junit.framework.TestCase.assertFalse(TestCase.java:219)
    at org.apache.commons.math.util.MathUtilsTest.testArrayEquals(MathUtilsTest.java:447)

08:53:37.493 [pool-35-thread-1] DEBUG tests.output - Failing tests with false: 
[testArrayEquals(org.apache.commons.math.util.MathUtilsTest): null]
08:53:37.493 [pool-35-thread-1] DEBUG tests.output - Failing tests with true: 
[testArrayEquals(org.apache.commons.math.util.MathUtilsTest): null]
08:53:37.493 [pool-35-thread-1] INFO  f.i.l.r.n.synth.SMTNopolSynthesizer - Not enough specifications: 0. A trivial patch is "true" or "false", please write new tests specifying SourceLocation org.apache.commons.math.util.MathUtils:535.
08:53:37.493 [pool-2-thread-1] DEBUG fr.inria.lille.repair.nopol.NoPol - statement #8
08:53:37.494 [pool-2-thread-1] DEBUG fr.inria.lille.repair.nopol.NoPol - Analysing SourceLocation org.apache.commons.math.util.MathUtils:423 which is executed by 1 tests
-1550426518
08:53:37.694 [pool-2-thread-1] INFO  fr.inria.lille.repair.nopol.NoPol - ----INFORMATION----
08:53:37.866 [pool-2-thread-1] INFO  fr.inria.lille.repair.nopol.NoPol - Nb classes : 461
08:53:37.866 [pool-2-thread-1] INFO  fr.inria.lille.repair.nopol.NoPol - Nb methods : 3181
08:53:37.866 [pool-2-thread-1] INFO  fr.inria.lille.repair.nopol.NoPol - Nb Statements Analyzed : 9
08:53:37.867 [pool-2-thread-1] INFO  fr.inria.lille.repair.nopol.NoPol - Nb Statements with Angelic Value Found : 0
08:53:37.867 [pool-2-thread-1] INFO  fr.inria.lille.repair.nopol.NoPol - Nb inputs in SMT : 0
08:53:37.869 [pool-2-thread-1] INFO  fr.inria.lille.repair.nopol.NoPol - Nb SMT level: 0
08:53:37.869 [pool-2-thread-1] INFO  fr.inria.lille.repair.nopol.NoPol - Nb variables in SMT : 0
08:53:37.869 [pool-2-thread-1] INFO  fr.inria.lille.repair.nopol.NoPol - NoPol Execution time : 36002ms
08:53:37.869 [pool-2-thread-1] INFO  fr.inria.lille.repair.nopol.NoPol - 
NO_ANGELIC_VALUE
Command exited with non-zero status 255
97.76user 2.10system 0:38.40elapsed 260%CPU (0avgtext+0avgdata 1070260maxresident)k
45120inputs+5440outputs (3major+425132minor)pagefaults 0swaps


Node: graphene-120.nancy.grid5000.fr



Date: Sat Dec 29 08:53:38 EST 2018

