cd /tmp/Nopol_Bug_dot_jar_Jackrabbit-Oak_a8493efc;
export JAVA_TOOL_OPTIONS="-Dfile.encoding=UTF8 -Duser.language=en-US -Duser.country=US -Duser.language=en";
TZ="America/New_York"; export TZ;
export PATH="/usr/lib/jvm/java-1.8.0-openjdk-amd64/bin/:$PATH";
export JAVA_HOME="/usr/lib/jvm/java-1.8.0-openjdk-amd64/bin/";
time java -Xmx4g -Xms1g -cp /home/tdurieux/defects4j4repair/script/../repair_tools/nopol.jar:/usr/lib/jvm/java-1.8.0-openjdk-amd64/bin//../lib/tools.jar fr.inria.lille.repair.Main \
	--mode repair \
	--type pre_then_cond \
	--oracle angelic \
	--synthesis smt \
	--flocal gzoltar \
	--json \
	--solver z3 \
	--solver-path /home/tdurieux/defects4j4repair/script/../libs/z3/build/z3 \
	--complianceLevel 7 \
	--source oak-core/src/main/java \
	--classpath "oak-core/target/classes:oak-core/target/test-classes:/tmp/Nopol_Bug_dot_jar_Jackrabbit-Oak_a8493efc/oak-commons/target/classes:/tmp/Nopol_Bug_dot_jar_Jackrabbit-Oak_a8493efc/oak-mk-api/target/classes:/tmp/Nopol_Bug_dot_jar_Jackrabbit-Oak_a8493efc/oak-mk/target/classes:/tmp/Nopol_Bug_dot_jar_Jackrabbit-Oak_a8493efc/oak-mk-remote/target/classes:/tmp/Nopol_Bug_dot_jar_Jackrabbit-Oak_a8493efc/oak-mongomk/target/classes:/tmp/Nopol_Bug_dot_jar_Jackrabbit-Oak_a8493efc/oak-it/mk/target/classes:/tmp/Nopol_Bug_dot_jar_Jackrabbit-Oak_a8493efc/oak-jcr/target/classes:/tmp/Nopol_Bug_dot_jar_Jackrabbit-Oak_a8493efc/oak-sling/target/classes:/tmp/Nopol_Bug_dot_jar_Jackrabbit-Oak_a8493efc/oak-http/target/classes:/tmp/Nopol_Bug_dot_jar_Jackrabbit-Oak_a8493efc/oak-lucene/target/classes:/tmp/Nopol_Bug_dot_jar_Jackrabbit-Oak_a8493efc/oak-run/target/classes:/tmp/Nopol_Bug_dot_jar_Jackrabbit-Oak_a8493efc/oak-it/osgi/target/classes:/tmp/Nopol_Bug_dot_jar_Jackrabbit-Oak_a8493efc/oak-bench/base/target/classes:/tmp/Nopol_Bug_dot_jar_Jackrabbit-Oak_a8493efc/oak-bench/latest/target/classes:/tmp/Nopol_Bug_dot_jar_Jackrabbit-Oak_a8493efc/oak-mk-perf/target/classes:/home/tdurieux/.m2/repository/ch/qos/logback/logback-core/1.0.1/logback-core-1.0.1.jar:/home/tdurieux/.m2/repository/com/google/guava/guava/13.0.1/guava-13.0.1.jar:/home/tdurieux/.m2/repository/org/codehaus/jackson/jackson-core-asl/1.9.2/jackson-core-asl-1.9.2.jar:/home/tdurieux/.m2/repository/org/apache/jackrabbit/oak-http/0.6-SNAPSHOT/oak-http-0.6-SNAPSHOT.jar:/home/tdurieux/.m2/repository/org/ops4j/base/ops4j-base-net/1.3.0/ops4j-base-net-1.3.0.jar:/home/tdurieux/.m2/repository/org/osgi/org.osgi.core/4.2.0/org.osgi.core-4.2.0.jar:/home/tdurieux/.m2/repository/org/sonatype/aether/aether-spi/1.11/aether-spi-1.11.jar:/home/tdurieux/.m2/repository/org/ops4j/pax/swissbox/pax-swissbox-optional-jcl/1.5.0/pax-swissbox-optional-jcl-1.5.0.jar:/home/tdurieux/.m2/repository/org/slf4j/slf4j-api/1.6.4/slf4j-api-1.6.4.jar:/home/tdurieux/.m2/repository/com/cedarsoft/commons/xml-commons/5.0.9/xml-commons-5.0.9.jar:/home/tdurieux/.m2/repository/org/mongodb/mongo-java-driver/2.7.1/mongo-java-driver-2.7.1.jar:/home/tdurieux/.m2/repository/org/ops4j/pax/exam/pax-exam-junit4/2.4.0/pax-exam-junit4-2.4.0.jar:/home/tdurieux/.m2/repository/com/cedarsoft/commons/crypt/5.0.9/crypt-5.0.9.jar:/home/tdurieux/.m2/repository/org/json/json/20090211/json-20090211.jar:/home/tdurieux/.m2/repository/org/apache/xbean/xbean-reflect/3.4/xbean-reflect-3.4.jar:/home/tdurieux/.m2/repository/commons-pool/commons-pool/1.5.4/commons-pool-1.5.4.jar:/home/tdurieux/.m2/repository/org/eclipse/jetty/jetty-io/8.1.2.v20120308/jetty-io-8.1.2.v20120308.jar:/home/tdurieux/.m2/repository/org/ops4j/base/ops4j-base-lang/1.3.0/ops4j-base-lang-1.3.0.jar:/home/tdurieux/.m2/repository/javax/servlet/servlet-api/2.5/servlet-api-2.5.jar:/home/tdurieux/.m2/repository/org/ops4j/pax/exam/pax-exam/2.4.0/pax-exam-2.4.0.jar:/home/tdurieux/.m2/repository/com/googlecode/json-simple/json-simple/1.1/json-simple-1.1.jar:/home/tdurieux/.m2/repository/org/slf4j/slf4j-api/1.5.8/slf4j-api-1.5.8.jar:/home/tdurieux/.m2/repository/org/apache/maven/maven-model-builder/3.0.3/maven-model-builder-3.0.3.jar:/home/tdurieux/.m2/repository/com/google/code/findbugs/jsr305/2.0.0/jsr305-2.0.0.jar:/home/tdurieux/.m2/repository/org/apache/jackrabbit/oak-commons/0.6-SNAPSHOT/oak-commons-0.6-SNAPSHOT.jar:/home/tdurieux/.m2/repository/org/apache/jackrabbit/jackrabbit-spi-commons/2.6-SNAPSHOT/jackrabbit-spi-commons-2.6-SNAPSHOT.jar:/home/tdurieux/.m2/repository/org/mockito/mockito-all/1.9.0-rc1/mockito-all-1.9.0-rc1.jar:/home/tdurieux/.m2/repository/org/sonatype/aether/aether-impl/1.11/aether-impl-1.11.jar:/home/tdurieux/.m2/repository/org/apache/jackrabbit/oak-lucene/0.6-SNAPSHOT/oak-lucene-0.6-SNAPSHOT.jar:/home/tdurieux/.m2/repository/com/ibm/icu/icu4j/2.6.1/icu4j-2.6.1.jar:/home/tdurieux/.m2/repository/commons-io/commons-io/2.2/commons-io-2.2.jar:/home/tdurieux/.m2/repository/org/apache/lucene/lucene-analyzers-common/4.0.0/lucene-analyzers-common-4.0.0.jar:/home/tdurieux/.m2/repository/org/apache/lucene/lucene-core/3.6.0/lucene-core-3.6.0.jar:/home/tdurieux/.m2/repository/org/ops4j/base/ops4j-base-spi/1.3.0/ops4j-base-spi-1.3.0.jar:/home/tdurieux/.m2/repository/org/apache/jackrabbit/oak-jcr/0.6-SNAPSHOT/oak-jcr-0.6-SNAPSHOT.jar:/home/tdurieux/.m2/repository/org/apache/jackrabbit/oak-core/0.6-SNAPSHOT/oak-core-0.6-SNAPSHOT-tests.jar:/home/tdurieux/.m2/repository/org/ops4j/pax/url/pax-url-classpath/1.4.0/pax-url-classpath-1.4.0.jar:/home/tdurieux/.m2/repository/org/ops4j/pax/tinybundles/tinybundles/1.0.0/tinybundles-1.0.0.jar:/home/tdurieux/.m2/repository/org/ops4j/pax/swissbox/pax-swissbox-core/1.5.0/pax-swissbox-core-1.5.0.jar:/home/tdurieux/.m2/repository/org/apache/jackrabbit/oak-mongomk/0.6-SNAPSHOT/oak-mongomk-0.6-SNAPSHOT.jar:/home/tdurieux/.m2/repository/org/apache/sling/org.apache.sling.jcr.api/2.1.0/org.apache.sling.jcr.api-2.1.0.jar:/home/tdurieux/.m2/repository/dom4j/dom4j/1.6.1/dom4j-1.6.1.jar:/home/tdurieux/.m2/repository/org/apache/maven/wagon/wagon-file/1.0-beta-7/wagon-file-1.0-beta-7.jar:/home/tdurieux/.m2/repository/org/apache/maven/wagon/wagon-http-shared/1.0-beta-7/wagon-http-shared-1.0-beta-7.jar:/home/tdurieux/.m2/repository/org/apache/jackrabbit/oak-mk-api/0.6-SNAPSHOT/oak-mk-api-0.6-SNAPSHOT.jar:/home/tdurieux/.m2/repository/com/google/collections/google-collections/1.0/google-collections-1.0.jar:/home/tdurieux/.m2/repository/org/slf4j/slf4j-nop/1.5.8/slf4j-nop-1.5.8.jar:/home/tdurieux/.m2/repository/com/fasterxml/jackson/core/jackson-databind/2.0.0/jackson-databind-2.0.0.jar:/home/tdurieux/.m2/repository/org/ops4j/pax/swissbox/pax-swissbox-framework/1.5.0/pax-swissbox-framework-1.5.0.jar:/home/tdurieux/.m2/repository/org/apache/jackrabbit/jackrabbit-core/2.6-SNAPSHOT/jackrabbit-core-2.6-SNAPSHOT-tests.jar:/home/tdurieux/.m2/repository/com/fasterxml/jackson/dataformat/jackson-dataformat-smile/2.0.2/jackson-dataformat-smile-2.0.2.jar:/home/tdurieux/.m2/repository/com/cedarsoft/commons/test-utils/5.0.9/test-utils-5.0.9.jar:/home/tdurieux/.m2/repository/commons-logging/commons-logging/1.0.4/commons-logging-1.0.4.jar:/home/tdurieux/.m2/repository/org/ops4j/pax/url/pax-url-commons/1.4.0/pax-url-commons-1.4.0.jar:/home/tdurieux/.m2/repository/org/sonatype/aether/aether-connector-wagon/1.11/aether-connector-wagon-1.11.jar:/home/tdurieux/.m2/repository/asm/asm/3.0/asm-3.0.jar:/home/tdurieux/.m2/repository/org/sonatype/aether/aether-api/1.11/aether-api-1.11.jar:/home/tdurieux/.m2/repository/biz/aQute/bndlib/1.50.0/bndlib-1.50.0.jar:/home/tdurieux/.m2/repository/com/fasterxml/jackson/core/jackson-core/2.0.0/jackson-core-2.0.0.jar:/home/tdurieux/.m2/repository/commons-fileupload/commons-fileupload/1.2.1/commons-fileupload-1.2.1.jar:/home/tdurieux/.m2/repository/org/easytesting/fest-reflect/1.2/fest-reflect-1.2.jar:/home/tdurieux/.m2/repository/org/hamcrest/hamcrest-core/1.1/hamcrest-core-1.1.jar:/home/tdurieux/.m2/repository/commons-dbcp/commons-dbcp/1.3/commons-dbcp-1.3.jar:/home/tdurieux/.m2/repository/javax/jcr/jcr/2.0/jcr-2.0.jar:/home/tdurieux/.m2/repository/org/eclipse/jetty/jetty-http/8.1.2.v20120308/jetty-http-8.1.2.v20120308.jar:/home/tdurieux/.m2/repository/xml-apis/xml-apis/1.3.02/xml-apis-1.3.02.jar:/home/tdurieux/.m2/repository/org/apache/geronimo/specs/geronimo-atinject_1.0_spec/1.0/geronimo-atinject_1.0_spec-1.0.jar:/home/tdurieux/.m2/repository/org/ops4j/base/ops4j-base-store/1.3.0/ops4j-base-store-1.3.0.jar:/home/tdurieux/.m2/repository/xerces/xercesImpl/2.6.2/xercesImpl-2.6.2.jar:/home/tdurieux/.m2/repository/org/codehaus/jackson/jackson-mapper-asl/1.9.2/jackson-mapper-asl-1.9.2.jar:/home/tdurieux/.m2/repository/org/apache/maven/wagon/wagon-provider-api/1.0-beta-7/wagon-provider-api-1.0-beta-7.jar:/home/tdurieux/.m2/repository/org/apache/sling/org.apache.sling.commons.osgi/2.1.0/org.apache.sling.commons.osgi-2.1.0.jar:/home/tdurieux/.m2/repository/org/apache/jackrabbit/jackrabbit-api/2.6-SNAPSHOT/jackrabbit-api-2.6-SNAPSHOT.jar:/home/tdurieux/.m2/repository/org/apache/jackrabbit/oak-it-mk/0.6-SNAPSHOT/oak-it-mk-0.6-SNAPSHOT.jar:/home/tdurieux/.m2/repository/commons-codec/commons-codec/1.2/commons-codec-1.2.jar:/home/tdurieux/.m2/repository/org/apache/jackrabbit/jackrabbit-spi/2.6-SNAPSHOT/jackrabbit-spi-2.6-SNAPSHOT.jar:/home/tdurieux/.m2/repository/com/h2database/h2/1.3.158/h2-1.3.158.jar:/home/tdurieux/.m2/repository/jaxen/jaxen/1.1.3/jaxen-1.1.3.jar:/home/tdurieux/.m2/repository/commons-codec/commons-codec/1.5/commons-codec-1.5.jar:/home/tdurieux/.m2/repository/javax/inject/javax.inject/1/javax.inject-1.jar:/home/tdurieux/.m2/repository/org/apache/jackrabbit/oak-mk-remote/0.6-SNAPSHOT/oak-mk-remote-0.6-SNAPSHOT.jar:/home/tdurieux/.m2/repository/org/apache/derby/derby/10.5.3.0_1/derby-10.5.3.0_1.jar:/home/tdurieux/.m2/repository/org/slf4j/jcl-over-slf4j/1.6.4/jcl-over-slf4j-1.6.4.jar:/home/tdurieux/.m2/repository/concurrent/concurrent/1.3.4/concurrent-1.3.4.jar:/home/tdurieux/.m2/repository/org/ops4j/base/ops4j-base-io/1.3.0/ops4j-base-io-1.3.0.jar:/home/tdurieux/.m2/repository/org/apache/jackrabbit/jackrabbit-webdav/2.6-SNAPSHOT/jackrabbit-webdav-2.6-SNAPSHOT.jar:/home/tdurieux/.m2/repository/org/ops4j/pax/url/pax-url-aether/1.3.3/pax-url-aether-1.3.3.jar:/home/tdurieux/.m2/repository/org/eclipse/jetty/orbit/javax.servlet/3.0.0.v201112011016/javax.servlet-3.0.0.v201112011016.jar:/home/tdurieux/.m2/repository/org/apache/maven/maven-model/3.0.3/maven-model-3.0.3.jar:/home/tdurieux/.m2/repository/org/ops4j/pax/swissbox/pax-swissbox-lifecycle/1.5.0/pax-swissbox-lifecycle-1.5.0.jar:/home/tdurieux/.m2/repository/org/ops4j/base/ops4j-base-util-property/1.3.0/ops4j-base-util-property-1.3.0.jar:/home/tdurieux/.m2/repository/org/ops4j/pax/url/pax-url-link/1.4.0/pax-url-link-1.4.0.jar:/home/tdurieux/.m2/repository/commons-io/commons-io/2.0.1/commons-io-2.0.1.jar:/home/tdurieux/.m2/repository/org/eclipse/jetty/jetty-server/8.1.2.v20120308/jetty-server-8.1.2.v20120308.jar:/home/tdurieux/.m2/repository/org/apache/jackrabbit/jackrabbit-jcr-tests/2.6-SNAPSHOT/jackrabbit-jcr-tests-2.6-SNAPSHOT.jar:/home/tdurieux/.m2/repository/org/apache/maven/maven-aether-provider/3.0.3/maven-aether-provider-3.0.3.jar:/home/tdurieux/.m2/repository/com/jamonapi/jamon/2.4/jamon-2.4.jar:/home/tdurieux/.m2/repository/org/apache/felix/org.apache.felix.framework/4.0.2/org.apache.felix.framework-4.0.2.jar:/home/tdurieux/.m2/repository/org/apache/felix/org.apache.felix.scr.annotations/1.7.0/org.apache.felix.scr.annotations-1.7.0.jar:/home/tdurieux/.m2/repository/org/eclipse/jetty/jetty-util/8.1.2.v20120308/jetty-util-8.1.2.v20120308.jar:/home/tdurieux/.m2/repository/org/ops4j/base/ops4j-base-monitors/1.3.0/ops4j-base-monitors-1.3.0.jar:/home/tdurieux/.m2/repository/org/apache/jackrabbit/oak-mk/0.6-SNAPSHOT/oak-mk-0.6-SNAPSHOT.jar:/home/tdurieux/.m2/repository/org/mongodb/mongo-java-driver/2.9.1/mongo-java-driver-2.9.1.jar:/home/tdurieux/.m2/repository/org/sonatype/aether/aether-util/1.11/aether-util-1.11.jar:/home/tdurieux/.m2/repository/org/eclipse/jetty/jetty-servlet/8.1.2.v20120308/jetty-servlet-8.1.2.v20120308.jar:/home/tdurieux/.m2/repository/commons-httpclient/commons-httpclient/3.1/commons-httpclient-3.1.jar:/home/tdurieux/.m2/repository/org/jdom/jdom/1.1.2/jdom-1.1.2.jar:/home/tdurieux/.m2/repository/org/ops4j/base/ops4j-base-exec/1.3.0/ops4j-base-exec-1.3.0.jar:/home/tdurieux/.m2/repository/xerces/xmlParserAPIs/2.6.2/xmlParserAPIs-2.6.2.jar:/home/tdurieux/.m2/repository/org/ops4j/pax/exam/pax-exam-link-assembly/2.4.0/pax-exam-link-assembly-2.4.0.jar:/home/tdurieux/.m2/repository/org/codehaus/plexus/plexus-classworlds/2.4/plexus-classworlds-2.4.jar:/home/tdurieux/.m2/repository/org/osgi/org.osgi.compendium/4.2.0/org.osgi.compendium-4.2.0.jar:/home/tdurieux/.m2/repository/commons-io/commons-io/1.4/commons-io-1.4.jar:/home/tdurieux/.m2/repository/jdom/jdom/1.0/jdom-1.0.jar:/home/tdurieux/.m2/repository/org/codehaus/plexus/plexus-interpolation/1.14/plexus-interpolation-1.14.jar:/home/tdurieux/.m2/repository/org/apache/maven/wagon/wagon-http-lightweight/1.0-beta-7/wagon-http-lightweight-1.0-beta-7.jar:/home/tdurieux/.m2/repository/org/apache/commons/commons-math/2.0/commons-math-2.0.jar:/home/tdurieux/.m2/repository/org/eclipse/jetty/jetty-security/8.1.2.v20120308/jetty-security-8.1.2.v20120308.jar:/home/tdurieux/.m2/repository/org/eclipse/jetty/jetty-continuation/8.1.2.v20120308/jetty-continuation-8.1.2.v20120308.jar:/home/tdurieux/.m2/repository/org/apache/maven/maven-repository-metadata/3.0.3/maven-repository-metadata-3.0.3.jar:/home/tdurieux/.m2/repository/ch/qos/logback/logback-classic/1.0.1/logback-classic-1.0.1.jar:/home/tdurieux/.m2/repository/xmlunit/xmlunit/1.3/xmlunit-1.3.jar:/home/tdurieux/.m2/repository/com/fasterxml/jackson/core/jackson-annotations/2.0.0/jackson-annotations-2.0.0.jar:/home/tdurieux/.m2/repository/org/apache/jackrabbit/oak-core/0.6-SNAPSHOT/oak-core-0.6-SNAPSHOT.jar:/home/tdurieux/.m2/repository/org/codehaus/plexus/plexus-utils/2.0.5/plexus-utils-2.0.5.jar:/home/tdurieux/.m2/repository/org/slf4j/slf4j-simple/1.6.1/slf4j-simple-1.6.1.jar:/home/tdurieux/.m2/repository/org/easytesting/fest-util/1.1.6/fest-util-1.1.6.jar:/home/tdurieux/.m2/repository/org/ops4j/pax/exam/pax-exam-container-native/2.4.0/pax-exam-container-native-2.4.0.jar:/home/tdurieux/.m2/repository/org/ops4j/pax/swissbox/pax-swissbox-property/1.5.0/pax-swissbox-property-1.5.0.jar:/home/tdurieux/.m2/repository/xalan/xalan/2.6.0/xalan-2.6.0.jar:/home/tdurieux/.m2/repository/org/easytesting/fest-assert/1.4/fest-assert-1.4.jar:/home/tdurieux/.m2/repository/org/apache/tika/tika-core/1.0/tika-core-1.0.jar:/home/tdurieux/.m2/repository/org/slf4j/jul-to-slf4j/1.6.4/jul-to-slf4j-1.6.4.jar:/home/tdurieux/.m2/repository/org/codehaus/plexus/plexus-component-annotations/1.5.5/plexus-component-annotations-1.5.5.jar:/home/tdurieux/.m2/repository/junit/junit/4.10/junit-4.10.jar:/home/tdurieux/.m2/repository/org/apache/jackrabbit/jackrabbit-jcr-commons/2.6-SNAPSHOT/jackrabbit-jcr-commons-2.6-SNAPSHOT.jar:/home/tdurieux/.m2/repository/org/ops4j/pax/exam/pax-exam-spi/2.4.0/pax-exam-spi-2.4.0.jar:/home/tdurieux/.m2/repository/org/apache/jackrabbit/oak-bench-base/0.6-SNAPSHOT/oak-bench-base-0.6-SNAPSHOT.jar:/home/tdurieux/.m2/repository/commons-lang/commons-lang/2.6/commons-lang-2.6.jar:/home/tdurieux/.m2/repository/xom/xom/1.0/xom-1.0.jar:/home/tdurieux/.m2/repository/org/apache/tika/tika-core/1.2/tika-core-1.2.jar:/home/tdurieux/.m2/repository/org/apache/lucene/lucene-core/4.0.0/lucene-core-4.0.0.jar:/home/tdurieux/.m2/repository/org/apache/jackrabbit/jackrabbit-jcr-server/2.6-SNAPSHOT/jackrabbit-jcr-server-2.6-SNAPSHOT.jar:/home/tdurieux/.m2/repository/org/apache/tika/tika-core/1.1/tika-core-1.1.jar:/home/tdurieux/.m2/repository/org/codehaus/plexus/plexus-container-default/1.5.4/plexus-container-default-1.5.4.jar:/home/tdurieux/.m2/repository/commons-collections/commons-collections/3.2.1/commons-collections-3.2.1.jar:/home/tdurieux/defects4j4repair/script/../repair_tools/nopol.jar";
	echo "\n\nNode: `hostname`\n";
	echo "\n\nDate: `date`\n";
Picked up JAVA_TOOL_OPTIONS: -Dfile.encoding=UTF8 -Duser.language=en-US -Duser.country=US -Duser.language=en
10:25:31.497 [main] INFO  fr.inria.lille.repair.nopol.NoPol - Source files: [oak-core/src/main/java]
10:25:31.503 [main] INFO  fr.inria.lille.repair.nopol.NoPol - Classpath: [file:/tmp/Nopol_Bug_dot_jar_Jackrabbit-Oak_a8493efc/oak-core/target/classes/, file:/tmp/Nopol_Bug_dot_jar_Jackrabbit-Oak_a8493efc/oak-core/target/test-classes/, file:/tmp/Nopol_Bug_dot_jar_Jackrabbit-Oak_a8493efc/oak-commons/target/classes/, file:/tmp/Nopol_Bug_dot_jar_Jackrabbit-Oak_a8493efc/oak-mk-api/target/classes/, file:/tmp/Nopol_Bug_dot_jar_Jackrabbit-Oak_a8493efc/oak-mk/target/classes/, file:/tmp/Nopol_Bug_dot_jar_Jackrabbit-Oak_a8493efc/oak-mk-remote/target/classes/, file:/tmp/Nopol_Bug_dot_jar_Jackrabbit-Oak_a8493efc/oak-mongomk/target/classes/, file:/tmp/Nopol_Bug_dot_jar_Jackrabbit-Oak_a8493efc/oak-it/mk/target/classes/, file:/tmp/Nopol_Bug_dot_jar_Jackrabbit-Oak_a8493efc/oak-jcr/target/classes/, file:/tmp/Nopol_Bug_dot_jar_Jackrabbit-Oak_a8493efc/oak-sling/target/classes/, file:/tmp/Nopol_Bug_dot_jar_Jackrabbit-Oak_a8493efc/oak-http/target/classes/, file:/tmp/Nopol_Bug_dot_jar_Jackrabbit-Oak_a8493efc/oak-lucene/target/classes/, file:/tmp/Nopol_Bug_dot_jar_Jackrabbit-Oak_a8493efc/oak-run/target/classes/, file:/tmp/Nopol_Bug_dot_jar_Jackrabbit-Oak_a8493efc/oak-it/osgi/target/classes/, file:/tmp/Nopol_Bug_dot_jar_Jackrabbit-Oak_a8493efc/oak-bench/base/target/classes/, file:/tmp/Nopol_Bug_dot_jar_Jackrabbit-Oak_a8493efc/oak-bench/latest/target/classes/, file:/tmp/Nopol_Bug_dot_jar_Jackrabbit-Oak_a8493efc/oak-mk-perf/target/classes/, file:/home/tdurieux/.m2/repository/ch/qos/logback/logback-core/1.0.1/logback-core-1.0.1.jar, file:/home/tdurieux/.m2/repository/com/google/guava/guava/13.0.1/guava-13.0.1.jar, file:/home/tdurieux/.m2/repository/org/codehaus/jackson/jackson-core-asl/1.9.2/jackson-core-asl-1.9.2.jar, file:/home/tdurieux/.m2/repository/org/apache/jackrabbit/oak-http/0.6-SNAPSHOT/oak-http-0.6-SNAPSHOT.jar, file:/home/tdurieux/.m2/repository/org/ops4j/base/ops4j-base-net/1.3.0/ops4j-base-net-1.3.0.jar, file:/home/tdurieux/.m2/repository/org/osgi/org.osgi.core/4.2.0/org.osgi.core-4.2.0.jar, file:/home/tdurieux/.m2/repository/org/sonatype/aether/aether-spi/1.11/aether-spi-1.11.jar, file:/home/tdurieux/.m2/repository/org/ops4j/pax/swissbox/pax-swissbox-optional-jcl/1.5.0/pax-swissbox-optional-jcl-1.5.0.jar, file:/home/tdurieux/.m2/repository/org/slf4j/slf4j-api/1.6.4/slf4j-api-1.6.4.jar, file:/home/tdurieux/.m2/repository/com/cedarsoft/commons/xml-commons/5.0.9/xml-commons-5.0.9.jar, file:/home/tdurieux/.m2/repository/org/mongodb/mongo-java-driver/2.7.1/mongo-java-driver-2.7.1.jar, file:/home/tdurieux/.m2/repository/org/ops4j/pax/exam/pax-exam-junit4/2.4.0/pax-exam-junit4-2.4.0.jar, file:/home/tdurieux/.m2/repository/com/cedarsoft/commons/crypt/5.0.9/crypt-5.0.9.jar, file:/home/tdurieux/.m2/repository/org/json/json/20090211/json-20090211.jar, file:/home/tdurieux/.m2/repository/org/apache/xbean/xbean-reflect/3.4/xbean-reflect-3.4.jar, file:/home/tdurieux/.m2/repository/commons-pool/commons-pool/1.5.4/commons-pool-1.5.4.jar, file:/home/tdurieux/.m2/repository/org/eclipse/jetty/jetty-io/8.1.2.v20120308/jetty-io-8.1.2.v20120308.jar, file:/home/tdurieux/.m2/repository/org/ops4j/base/ops4j-base-lang/1.3.0/ops4j-base-lang-1.3.0.jar, file:/home/tdurieux/.m2/repository/javax/servlet/servlet-api/2.5/servlet-api-2.5.jar, file:/home/tdurieux/.m2/repository/org/ops4j/pax/exam/pax-exam/2.4.0/pax-exam-2.4.0.jar, file:/home/tdurieux/.m2/repository/com/googlecode/json-simple/json-simple/1.1/json-simple-1.1.jar, file:/home/tdurieux/.m2/repository/org/slf4j/slf4j-api/1.5.8/slf4j-api-1.5.8.jar, file:/home/tdurieux/.m2/repository/org/apache/maven/maven-model-builder/3.0.3/maven-model-builder-3.0.3.jar, file:/home/tdurieux/.m2/repository/com/google/code/findbugs/jsr305/2.0.0/jsr305-2.0.0.jar, file:/home/tdurieux/.m2/repository/org/apache/jackrabbit/oak-commons/0.6-SNAPSHOT/oak-commons-0.6-SNAPSHOT.jar, file:/home/tdurieux/.m2/repository/org/apache/jackrabbit/jackrabbit-spi-commons/2.6-SNAPSHOT/jackrabbit-spi-commons-2.6-SNAPSHOT.jar, file:/home/tdurieux/.m2/repository/org/mockito/mockito-all/1.9.0-rc1/mockito-all-1.9.0-rc1.jar, file:/home/tdurieux/.m2/repository/org/sonatype/aether/aether-impl/1.11/aether-impl-1.11.jar, file:/home/tdurieux/.m2/repository/org/apache/jackrabbit/oak-lucene/0.6-SNAPSHOT/oak-lucene-0.6-SNAPSHOT.jar, file:/home/tdurieux/.m2/repository/com/ibm/icu/icu4j/2.6.1/icu4j-2.6.1.jar, file:/home/tdurieux/.m2/repository/commons-io/commons-io/2.2/commons-io-2.2.jar, file:/home/tdurieux/.m2/repository/org/apache/lucene/lucene-analyzers-common/4.0.0/lucene-analyzers-common-4.0.0.jar, file:/home/tdurieux/.m2/repository/org/apache/lucene/lucene-core/3.6.0/lucene-core-3.6.0.jar, file:/home/tdurieux/.m2/repository/org/ops4j/base/ops4j-base-spi/1.3.0/ops4j-base-spi-1.3.0.jar, file:/home/tdurieux/.m2/repository/org/apache/jackrabbit/oak-jcr/0.6-SNAPSHOT/oak-jcr-0.6-SNAPSHOT.jar, file:/home/tdurieux/.m2/repository/org/apache/jackrabbit/oak-core/0.6-SNAPSHOT/oak-core-0.6-SNAPSHOT-tests.jar, file:/home/tdurieux/.m2/repository/org/ops4j/pax/url/pax-url-classpath/1.4.0/pax-url-classpath-1.4.0.jar, file:/home/tdurieux/.m2/repository/org/ops4j/pax/tinybundles/tinybundles/1.0.0/tinybundles-1.0.0.jar, file:/home/tdurieux/.m2/repository/org/ops4j/pax/swissbox/pax-swissbox-core/1.5.0/pax-swissbox-core-1.5.0.jar, file:/home/tdurieux/.m2/repository/org/apache/jackrabbit/oak-mongomk/0.6-SNAPSHOT/oak-mongomk-0.6-SNAPSHOT.jar, file:/home/tdurieux/.m2/repository/org/apache/sling/org.apache.sling.jcr.api/2.1.0/org.apache.sling.jcr.api-2.1.0.jar, file:/home/tdurieux/.m2/repository/dom4j/dom4j/1.6.1/dom4j-1.6.1.jar, file:/home/tdurieux/.m2/repository/org/apache/maven/wagon/wagon-file/1.0-beta-7/wagon-file-1.0-beta-7.jar, file:/home/tdurieux/.m2/repository/org/apache/maven/wagon/wagon-http-shared/1.0-beta-7/wagon-http-shared-1.0-beta-7.jar, file:/home/tdurieux/.m2/repository/org/apache/jackrabbit/oak-mk-api/0.6-SNAPSHOT/oak-mk-api-0.6-SNAPSHOT.jar, file:/home/tdurieux/.m2/repository/com/google/collections/google-collections/1.0/google-collections-1.0.jar, file:/home/tdurieux/.m2/repository/org/slf4j/slf4j-nop/1.5.8/slf4j-nop-1.5.8.jar, file:/home/tdurieux/.m2/repository/com/fasterxml/jackson/core/jackson-databind/2.0.0/jackson-databind-2.0.0.jar, file:/home/tdurieux/.m2/repository/org/ops4j/pax/swissbox/pax-swissbox-framework/1.5.0/pax-swissbox-framework-1.5.0.jar, file:/home/tdurieux/.m2/repository/org/apache/jackrabbit/jackrabbit-core/2.6-SNAPSHOT/jackrabbit-core-2.6-SNAPSHOT-tests.jar, file:/home/tdurieux/.m2/repository/com/fasterxml/jackson/dataformat/jackson-dataformat-smile/2.0.2/jackson-dataformat-smile-2.0.2.jar, file:/home/tdurieux/.m2/repository/com/cedarsoft/commons/test-utils/5.0.9/test-utils-5.0.9.jar, file:/home/tdurieux/.m2/repository/commons-logging/commons-logging/1.0.4/commons-logging-1.0.4.jar, file:/home/tdurieux/.m2/repository/org/ops4j/pax/url/pax-url-commons/1.4.0/pax-url-commons-1.4.0.jar, file:/home/tdurieux/.m2/repository/org/sonatype/aether/aether-connector-wagon/1.11/aether-connector-wagon-1.11.jar, file:/home/tdurieux/.m2/repository/asm/asm/3.0/asm-3.0.jar, file:/home/tdurieux/.m2/repository/org/sonatype/aether/aether-api/1.11/aether-api-1.11.jar, file:/home/tdurieux/.m2/repository/biz/aQute/bndlib/1.50.0/bndlib-1.50.0.jar, file:/home/tdurieux/.m2/repository/com/fasterxml/jackson/core/jackson-core/2.0.0/jackson-core-2.0.0.jar, file:/home/tdurieux/.m2/repository/commons-fileupload/commons-fileupload/1.2.1/commons-fileupload-1.2.1.jar, file:/home/tdurieux/.m2/repository/org/easytesting/fest-reflect/1.2/fest-reflect-1.2.jar, file:/home/tdurieux/.m2/repository/org/hamcrest/hamcrest-core/1.1/hamcrest-core-1.1.jar, file:/home/tdurieux/.m2/repository/commons-dbcp/commons-dbcp/1.3/commons-dbcp-1.3.jar, file:/home/tdurieux/.m2/repository/javax/jcr/jcr/2.0/jcr-2.0.jar, file:/home/tdurieux/.m2/repository/org/eclipse/jetty/jetty-http/8.1.2.v20120308/jetty-http-8.1.2.v20120308.jar, file:/home/tdurieux/.m2/repository/xml-apis/xml-apis/1.3.02/xml-apis-1.3.02.jar, file:/home/tdurieux/.m2/repository/org/apache/geronimo/specs/geronimo-atinject_1.0_spec/1.0/geronimo-atinject_1.0_spec-1.0.jar, file:/home/tdurieux/.m2/repository/org/ops4j/base/ops4j-base-store/1.3.0/ops4j-base-store-1.3.0.jar, file:/home/tdurieux/.m2/repository/xerces/xercesImpl/2.6.2/xercesImpl-2.6.2.jar, file:/home/tdurieux/.m2/repository/org/codehaus/jackson/jackson-mapper-asl/1.9.2/jackson-mapper-asl-1.9.2.jar, file:/home/tdurieux/.m2/repository/org/apache/maven/wagon/wagon-provider-api/1.0-beta-7/wagon-provider-api-1.0-beta-7.jar, file:/home/tdurieux/.m2/repository/org/apache/sling/org.apache.sling.commons.osgi/2.1.0/org.apache.sling.commons.osgi-2.1.0.jar, file:/home/tdurieux/.m2/repository/org/apache/jackrabbit/jackrabbit-api/2.6-SNAPSHOT/jackrabbit-api-2.6-SNAPSHOT.jar, file:/home/tdurieux/.m2/repository/org/apache/jackrabbit/oak-it-mk/0.6-SNAPSHOT/oak-it-mk-0.6-SNAPSHOT.jar, file:/home/tdurieux/.m2/repository/commons-codec/commons-codec/1.2/commons-codec-1.2.jar, file:/home/tdurieux/.m2/repository/org/apache/jackrabbit/jackrabbit-spi/2.6-SNAPSHOT/jackrabbit-spi-2.6-SNAPSHOT.jar, file:/home/tdurieux/.m2/repository/com/h2database/h2/1.3.158/h2-1.3.158.jar, file:/home/tdurieux/.m2/repository/jaxen/jaxen/1.1.3/jaxen-1.1.3.jar, file:/home/tdurieux/.m2/repository/commons-codec/commons-codec/1.5/commons-codec-1.5.jar, file:/home/tdurieux/.m2/repository/javax/inject/javax.inject/1/javax.inject-1.jar, file:/home/tdurieux/.m2/repository/org/apache/jackrabbit/oak-mk-remote/0.6-SNAPSHOT/oak-mk-remote-0.6-SNAPSHOT.jar, file:/home/tdurieux/.m2/repository/org/apache/derby/derby/10.5.3.0_1/derby-10.5.3.0_1.jar, file:/home/tdurieux/.m2/repository/org/slf4j/jcl-over-slf4j/1.6.4/jcl-over-slf4j-1.6.4.jar, file:/home/tdurieux/.m2/repository/concurrent/concurrent/1.3.4/concurrent-1.3.4.jar, file:/home/tdurieux/.m2/repository/org/ops4j/base/ops4j-base-io/1.3.0/ops4j-base-io-1.3.0.jar, file:/home/tdurieux/.m2/repository/org/apache/jackrabbit/jackrabbit-webdav/2.6-SNAPSHOT/jackrabbit-webdav-2.6-SNAPSHOT.jar, file:/home/tdurieux/.m2/repository/org/ops4j/pax/url/pax-url-aether/1.3.3/pax-url-aether-1.3.3.jar, file:/home/tdurieux/.m2/repository/org/eclipse/jetty/orbit/javax.servlet/3.0.0.v201112011016/javax.servlet-3.0.0.v201112011016.jar, file:/home/tdurieux/.m2/repository/org/apache/maven/maven-model/3.0.3/maven-model-3.0.3.jar, file:/home/tdurieux/.m2/repository/org/ops4j/pax/swissbox/pax-swissbox-lifecycle/1.5.0/pax-swissbox-lifecycle-1.5.0.jar, file:/home/tdurieux/.m2/repository/org/ops4j/base/ops4j-base-util-property/1.3.0/ops4j-base-util-property-1.3.0.jar, file:/home/tdurieux/.m2/repository/org/ops4j/pax/url/pax-url-link/1.4.0/pax-url-link-1.4.0.jar, file:/home/tdurieux/.m2/repository/commons-io/commons-io/2.0.1/commons-io-2.0.1.jar, file:/home/tdurieux/.m2/repository/org/eclipse/jetty/jetty-server/8.1.2.v20120308/jetty-server-8.1.2.v20120308.jar, file:/home/tdurieux/.m2/repository/org/apache/jackrabbit/jackrabbit-jcr-tests/2.6-SNAPSHOT/jackrabbit-jcr-tests-2.6-SNAPSHOT.jar, file:/home/tdurieux/.m2/repository/org/apache/maven/maven-aether-provider/3.0.3/maven-aether-provider-3.0.3.jar, file:/home/tdurieux/.m2/repository/com/jamonapi/jamon/2.4/jamon-2.4.jar, file:/home/tdurieux/.m2/repository/org/apache/felix/org.apache.felix.framework/4.0.2/org.apache.felix.framework-4.0.2.jar, file:/home/tdurieux/.m2/repository/org/apache/felix/org.apache.felix.scr.annotations/1.7.0/org.apache.felix.scr.annotations-1.7.0.jar, file:/home/tdurieux/.m2/repository/org/eclipse/jetty/jetty-util/8.1.2.v20120308/jetty-util-8.1.2.v20120308.jar, file:/home/tdurieux/.m2/repository/org/ops4j/base/ops4j-base-monitors/1.3.0/ops4j-base-monitors-1.3.0.jar, file:/home/tdurieux/.m2/repository/org/apache/jackrabbit/oak-mk/0.6-SNAPSHOT/oak-mk-0.6-SNAPSHOT.jar, file:/home/tdurieux/.m2/repository/org/mongodb/mongo-java-driver/2.9.1/mongo-java-driver-2.9.1.jar, file:/home/tdurieux/.m2/repository/org/sonatype/aether/aether-util/1.11/aether-util-1.11.jar, file:/home/tdurieux/.m2/repository/org/eclipse/jetty/jetty-servlet/8.1.2.v20120308/jetty-servlet-8.1.2.v20120308.jar, file:/home/tdurieux/.m2/repository/commons-httpclient/commons-httpclient/3.1/commons-httpclient-3.1.jar, file:/home/tdurieux/.m2/repository/org/jdom/jdom/1.1.2/jdom-1.1.2.jar, file:/home/tdurieux/.m2/repository/org/ops4j/base/ops4j-base-exec/1.3.0/ops4j-base-exec-1.3.0.jar, file:/home/tdurieux/.m2/repository/xerces/xmlParserAPIs/2.6.2/xmlParserAPIs-2.6.2.jar, file:/home/tdurieux/.m2/repository/org/ops4j/pax/exam/pax-exam-link-assembly/2.4.0/pax-exam-link-assembly-2.4.0.jar, file:/home/tdurieux/.m2/repository/org/codehaus/plexus/plexus-classworlds/2.4/plexus-classworlds-2.4.jar, file:/home/tdurieux/.m2/repository/org/osgi/org.osgi.compendium/4.2.0/org.osgi.compendium-4.2.0.jar, file:/home/tdurieux/.m2/repository/commons-io/commons-io/1.4/commons-io-1.4.jar, file:/home/tdurieux/.m2/repository/jdom/jdom/1.0/jdom-1.0.jar, file:/home/tdurieux/.m2/repository/org/codehaus/plexus/plexus-interpolation/1.14/plexus-interpolation-1.14.jar, file:/home/tdurieux/.m2/repository/org/apache/maven/wagon/wagon-http-lightweight/1.0-beta-7/wagon-http-lightweight-1.0-beta-7.jar, file:/home/tdurieux/.m2/repository/org/apache/commons/commons-math/2.0/commons-math-2.0.jar, file:/home/tdurieux/.m2/repository/org/eclipse/jetty/jetty-security/8.1.2.v20120308/jetty-security-8.1.2.v20120308.jar, file:/home/tdurieux/.m2/repository/org/eclipse/jetty/jetty-continuation/8.1.2.v20120308/jetty-continuation-8.1.2.v20120308.jar, file:/home/tdurieux/.m2/repository/org/apache/maven/maven-repository-metadata/3.0.3/maven-repository-metadata-3.0.3.jar, file:/home/tdurieux/.m2/repository/ch/qos/logback/logback-classic/1.0.1/logback-classic-1.0.1.jar, file:/home/tdurieux/.m2/repository/xmlunit/xmlunit/1.3/xmlunit-1.3.jar, file:/home/tdurieux/.m2/repository/com/fasterxml/jackson/core/jackson-annotations/2.0.0/jackson-annotations-2.0.0.jar, file:/home/tdurieux/.m2/repository/org/apache/jackrabbit/oak-core/0.6-SNAPSHOT/oak-core-0.6-SNAPSHOT.jar, file:/home/tdurieux/.m2/repository/org/codehaus/plexus/plexus-utils/2.0.5/plexus-utils-2.0.5.jar, file:/home/tdurieux/.m2/repository/org/slf4j/slf4j-simple/1.6.1/slf4j-simple-1.6.1.jar, file:/home/tdurieux/.m2/repository/org/easytesting/fest-util/1.1.6/fest-util-1.1.6.jar, file:/home/tdurieux/.m2/repository/org/ops4j/pax/exam/pax-exam-container-native/2.4.0/pax-exam-container-native-2.4.0.jar, file:/home/tdurieux/.m2/repository/org/ops4j/pax/swissbox/pax-swissbox-property/1.5.0/pax-swissbox-property-1.5.0.jar, file:/home/tdurieux/.m2/repository/xalan/xalan/2.6.0/xalan-2.6.0.jar, file:/home/tdurieux/.m2/repository/org/easytesting/fest-assert/1.4/fest-assert-1.4.jar, file:/home/tdurieux/.m2/repository/org/apache/tika/tika-core/1.0/tika-core-1.0.jar, file:/home/tdurieux/.m2/repository/org/slf4j/jul-to-slf4j/1.6.4/jul-to-slf4j-1.6.4.jar, file:/home/tdurieux/.m2/repository/org/codehaus/plexus/plexus-component-annotations/1.5.5/plexus-component-annotations-1.5.5.jar, file:/home/tdurieux/.m2/repository/junit/junit/4.10/junit-4.10.jar, file:/home/tdurieux/.m2/repository/org/apache/jackrabbit/jackrabbit-jcr-commons/2.6-SNAPSHOT/jackrabbit-jcr-commons-2.6-SNAPSHOT.jar, file:/home/tdurieux/.m2/repository/org/ops4j/pax/exam/pax-exam-spi/2.4.0/pax-exam-spi-2.4.0.jar, file:/home/tdurieux/.m2/repository/org/apache/jackrabbit/oak-bench-base/0.6-SNAPSHOT/oak-bench-base-0.6-SNAPSHOT.jar, file:/home/tdurieux/.m2/repository/commons-lang/commons-lang/2.6/commons-lang-2.6.jar, file:/home/tdurieux/.m2/repository/xom/xom/1.0/xom-1.0.jar, file:/home/tdurieux/.m2/repository/org/apache/tika/tika-core/1.2/tika-core-1.2.jar, file:/home/tdurieux/.m2/repository/org/apache/lucene/lucene-core/4.0.0/lucene-core-4.0.0.jar, file:/home/tdurieux/.m2/repository/org/apache/jackrabbit/jackrabbit-jcr-server/2.6-SNAPSHOT/jackrabbit-jcr-server-2.6-SNAPSHOT.jar, file:/home/tdurieux/.m2/repository/org/apache/tika/tika-core/1.1/tika-core-1.1.jar, file:/home/tdurieux/.m2/repository/org/codehaus/plexus/plexus-container-default/1.5.4/plexus-container-default-1.5.4.jar, file:/home/tdurieux/.m2/repository/commons-collections/commons-collections/3.2.1/commons-collections-3.2.1.jar, file:/home/tdurieux/defects4j4repair/script/../repair_tools/nopol.jar]
10:25:31.504 [main] INFO  fr.inria.lille.repair.nopol.NoPol - Statement type: PRE_THEN_COND
10:25:31.504 [main] INFO  fr.inria.lille.repair.nopol.NoPol - Args: [org.apache.jackrabbit.mk.test.DataStoreIT, org.apache.jackrabbit.mk.test.MicroKernelIT, org.apache.jackrabbit.oak.api.ContentSessionTest, org.apache.jackrabbit.oak.api.QueryTest, org.apache.jackrabbit.oak.api.RootTest, org.apache.jackrabbit.oak.api.TreeTest, org.apache.jackrabbit.oak.api.UniquePropertyTest, org.apache.jackrabbit.oak.core.DefaultConflictHandlerTest, org.apache.jackrabbit.oak.core.RootImplFuzzIT, org.apache.jackrabbit.oak.core.RootImplTest, org.apache.jackrabbit.oak.core.TreeImplTest, org.apache.jackrabbit.oak.kernel.JsopDiffTest, org.apache.jackrabbit.oak.kernel.KernelNodeBuilderTest, org.apache.jackrabbit.oak.kernel.KernelNodeStateTest, org.apache.jackrabbit.oak.kernel.KernelNodeStoreTest, org.apache.jackrabbit.oak.kernel.LargeKernelNodeStateTest, org.apache.jackrabbit.oak.kernel.TypeCodesTest, org.apache.jackrabbit.oak.namepath.GlobalNameMapperTest, org.apache.jackrabbit.oak.namepath.NamePathMapperImplTest, org.apache.jackrabbit.oak.plugins.index.IndexHookManagerDiffTest, org.apache.jackrabbit.oak.plugins.index.IndexHookManagerTest, org.apache.jackrabbit.oak.plugins.index.nodetype.NodeTypeIndexTest, org.apache.jackrabbit.oak.plugins.index.old.IndexTest, org.apache.jackrabbit.oak.plugins.index.old.PrefixIndexTest, org.apache.jackrabbit.oak.plugins.index.old.PropertyIndexTest, org.apache.jackrabbit.oak.plugins.index.old.QueryTest, org.apache.jackrabbit.oak.plugins.index.old.mk.ConflictingMoveTest, org.apache.jackrabbit.oak.plugins.index.old.mk.EverythingIT, org.apache.jackrabbit.oak.plugins.index.old.mk.LargeObjectTest, org.apache.jackrabbit.oak.plugins.index.old.mk.MoveNodeIT, org.apache.jackrabbit.oak.plugins.index.old.mk.hash.HashTest, org.apache.jackrabbit.oak.plugins.index.old.mk.json.fast.JsopObjectTest, org.apache.jackrabbit.oak.plugins.index.old.mk.large.CreateNodesTraverseTest, org.apache.jackrabbit.oak.plugins.index.old.mk.large.CreateRandomNodesTraverseTest, org.apache.jackrabbit.oak.plugins.index.old.mk.large.DescendantCountTest, org.apache.jackrabbit.oak.plugins.index.old.mk.large.LargeNodeTest, org.apache.jackrabbit.oak.plugins.index.old.mk.large.ManyRevisionsTest, org.apache.jackrabbit.oak.plugins.index.old.mk.mem.MemoryNodeTest, org.apache.jackrabbit.oak.plugins.index.old.mk.simple.AscendingClockTest, org.apache.jackrabbit.oak.plugins.index.old.mk.simple.MoveNodeIT, org.apache.jackrabbit.oak.plugins.index.old.mk.simple.NodeVersionTest, org.apache.jackrabbit.oak.plugins.index.old.mk.simple.SimpleKernelTest, org.apache.jackrabbit.oak.plugins.index.old.mk.wrapper.IndexWrapperTest, org.apache.jackrabbit.oak.plugins.index.old.mk.wrapper.SecurityWrapperTest, org.apache.jackrabbit.oak.plugins.index.old.mk.wrapper.VirtualRepositoryWrapperTest, org.apache.jackrabbit.oak.plugins.index.p2.Property2IndexQueryTest, org.apache.jackrabbit.oak.plugins.index.p2.Property2IndexTest, org.apache.jackrabbit.oak.plugins.index.p2.strategy.ContentMirrorStoreStrategyTest, org.apache.jackrabbit.oak.plugins.index.property.PropertyIndexQueryTest, org.apache.jackrabbit.oak.plugins.index.property.PropertyIndexTest, org.apache.jackrabbit.oak.plugins.memory.MemoryNodeBuilderTest, org.apache.jackrabbit.oak.plugins.memory.MemoryPropertyBuilderTest, org.apache.jackrabbit.oak.plugins.name.NameValidatorTest, org.apache.jackrabbit.oak.plugins.name.ReadWriteNamespaceRegistryTest, org.apache.jackrabbit.oak.query.ast.FullTextTest, org.apache.jackrabbit.oak.query.ast.LikePatternTest, org.apache.jackrabbit.oak.query.index.FilterTest, org.apache.jackrabbit.oak.query.index.TraversingIndexQueryTest, org.apache.jackrabbit.oak.query.index.TraversingIndexTest, org.apache.jackrabbit.oak.security.ConfigurationParametersTest, org.apache.jackrabbit.oak.security.authentication.DefaultLoginModuleTest, org.apache.jackrabbit.oak.security.authentication.GuestDefaultLoginModuleTest, org.apache.jackrabbit.oak.security.authentication.TokenDefaultLoginModuleTest, org.apache.jackrabbit.oak.security.authentication.TokenLoginModuleTest, org.apache.jackrabbit.oak.security.authentication.token.TokenAuthenticationTest, org.apache.jackrabbit.oak.security.authentication.token.TokenInfoTest, org.apache.jackrabbit.oak.security.authentication.token.TokenProviderImplTest, org.apache.jackrabbit.oak.security.authentication.user.UserAuthenticationTest, org.apache.jackrabbit.oak.security.principal.PrincipalProviderImplTest, org.apache.jackrabbit.oak.security.user.UserManagerImplTest, org.apache.jackrabbit.oak.security.user.UserProviderTest, org.apache.jackrabbit.oak.security.user.UserValidatorTest, org.apache.jackrabbit.oak.spi.commit.SubtreeValidatorTest, org.apache.jackrabbit.oak.spi.security.authentication.AbstractLoginModuleTest, org.apache.jackrabbit.oak.spi.security.authentication.GuestLoginModuleTest, org.apache.jackrabbit.oak.spi.security.authentication.external.ExternalLoginModuleTest, org.apache.jackrabbit.oak.spi.security.principal.EveryonePrincipalTest, org.apache.jackrabbit.oak.spi.security.user.action.PasswordValidationActionTest, org.apache.jackrabbit.oak.spi.security.user.util.PasswordUtilityTest, org.apache.jackrabbit.oak.util.ArrayUtilsTest, org.apache.jackrabbit.oak.util.JsopUtilTest]
10:25:31.506 [main] INFO  fr.inria.lille.repair.nopol.NoPol - Config: Config{synthesisDepth=3, collectStaticMethods=true, collectStaticFields=false, collectLiterals=false, onlyOneSynthesisResult=true, sortExpressions=true, maxLineInvocationPerTest=250, timeoutMethodInvocation=2000, dataCollectionTimeoutInSecondForSynthesis=900, addWeight=0.19478, subWeight=0.04554, mulWeight=0.0102, divWeight=0.00613, andWeight=0.10597, orWeight=0.05708, eqWeight=0.22798, nEqWeight=0.0, lessEqWeight=0.0255, lessWeight=0.0947, methodCallWeight=0.1, fieldAccessWeight=0.08099, constantWeight=0.14232, variableWeight=0.05195, mode=REPAIR, type=PRE_THEN_COND, synthesis=SMT, oracle=ANGELIC, solver=Z3, solverPath='/home/tdurieux/defects4j4repair/script/../libs/z3/build/z3', projectSources=[oak-core/src/main/java], projectClasspath='[Ljava.net.URL;@66d33a', projectTests=[org.apache.jackrabbit.mk.test.DataStoreIT, org.apache.jackrabbit.mk.test.MicroKernelIT, org.apache.jackrabbit.oak.api.ContentSessionTest, org.apache.jackrabbit.oak.api.QueryTest, org.apache.jackrabbit.oak.api.RootTest, org.apache.jackrabbit.oak.api.TreeTest, org.apache.jackrabbit.oak.api.UniquePropertyTest, org.apache.jackrabbit.oak.core.DefaultConflictHandlerTest, org.apache.jackrabbit.oak.core.RootImplFuzzIT, org.apache.jackrabbit.oak.core.RootImplTest, org.apache.jackrabbit.oak.core.TreeImplTest, org.apache.jackrabbit.oak.kernel.JsopDiffTest, org.apache.jackrabbit.oak.kernel.KernelNodeBuilderTest, org.apache.jackrabbit.oak.kernel.KernelNodeStateTest, org.apache.jackrabbit.oak.kernel.KernelNodeStoreTest, org.apache.jackrabbit.oak.kernel.LargeKernelNodeStateTest, org.apache.jackrabbit.oak.kernel.TypeCodesTest, org.apache.jackrabbit.oak.namepath.GlobalNameMapperTest, org.apache.jackrabbit.oak.namepath.NamePathMapperImplTest, org.apache.jackrabbit.oak.plugins.index.IndexHookManagerDiffTest, org.apache.jackrabbit.oak.plugins.index.IndexHookManagerTest, org.apache.jackrabbit.oak.plugins.index.nodetype.NodeTypeIndexTest, org.apache.jackrabbit.oak.plugins.index.old.IndexTest, org.apache.jackrabbit.oak.plugins.index.old.PrefixIndexTest, org.apache.jackrabbit.oak.plugins.index.old.PropertyIndexTest, org.apache.jackrabbit.oak.plugins.index.old.QueryTest, org.apache.jackrabbit.oak.plugins.index.old.mk.ConflictingMoveTest, org.apache.jackrabbit.oak.plugins.index.old.mk.EverythingIT, org.apache.jackrabbit.oak.plugins.index.old.mk.LargeObjectTest, org.apache.jackrabbit.oak.plugins.index.old.mk.MoveNodeIT, org.apache.jackrabbit.oak.plugins.index.old.mk.hash.HashTest, org.apache.jackrabbit.oak.plugins.index.old.mk.json.fast.JsopObjectTest, org.apache.jackrabbit.oak.plugins.index.old.mk.large.CreateNodesTraverseTest, org.apache.jackrabbit.oak.plugins.index.old.mk.large.CreateRandomNodesTraverseTest, org.apache.jackrabbit.oak.plugins.index.old.mk.large.DescendantCountTest, org.apache.jackrabbit.oak.plugins.index.old.mk.large.LargeNodeTest, org.apache.jackrabbit.oak.plugins.index.old.mk.large.ManyRevisionsTest, org.apache.jackrabbit.oak.plugins.index.old.mk.mem.MemoryNodeTest, org.apache.jackrabbit.oak.plugins.index.old.mk.simple.AscendingClockTest, org.apache.jackrabbit.oak.plugins.index.old.mk.simple.MoveNodeIT, org.apache.jackrabbit.oak.plugins.index.old.mk.simple.NodeVersionTest, org.apache.jackrabbit.oak.plugins.index.old.mk.simple.SimpleKernelTest, org.apache.jackrabbit.oak.plugins.index.old.mk.wrapper.IndexWrapperTest, org.apache.jackrabbit.oak.plugins.index.old.mk.wrapper.SecurityWrapperTest, org.apache.jackrabbit.oak.plugins.index.old.mk.wrapper.VirtualRepositoryWrapperTest, org.apache.jackrabbit.oak.plugins.index.p2.Property2IndexQueryTest, org.apache.jackrabbit.oak.plugins.index.p2.Property2IndexTest, org.apache.jackrabbit.oak.plugins.index.p2.strategy.ContentMirrorStoreStrategyTest, org.apache.jackrabbit.oak.plugins.index.property.PropertyIndexQueryTest, org.apache.jackrabbit.oak.plugins.index.property.PropertyIndexTest, org.apache.jackrabbit.oak.plugins.memory.MemoryNodeBuilderTest, org.apache.jackrabbit.oak.plugins.memory.MemoryPropertyBuilderTest, org.apache.jackrabbit.oak.plugins.name.NameValidatorTest, org.apache.jackrabbit.oak.plugins.name.ReadWriteNamespaceRegistryTest, org.apache.jackrabbit.oak.query.ast.FullTextTest, org.apache.jackrabbit.oak.query.ast.LikePatternTest, org.apache.jackrabbit.oak.query.index.FilterTest, org.apache.jackrabbit.oak.query.index.TraversingIndexQueryTest, org.apache.jackrabbit.oak.query.index.TraversingIndexTest, org.apache.jackrabbit.oak.security.ConfigurationParametersTest, org.apache.jackrabbit.oak.security.authentication.DefaultLoginModuleTest, org.apache.jackrabbit.oak.security.authentication.GuestDefaultLoginModuleTest, org.apache.jackrabbit.oak.security.authentication.TokenDefaultLoginModuleTest, org.apache.jackrabbit.oak.security.authentication.TokenLoginModuleTest, org.apache.jackrabbit.oak.security.authentication.token.TokenAuthenticationTest, org.apache.jackrabbit.oak.security.authentication.token.TokenInfoTest, org.apache.jackrabbit.oak.security.authentication.token.TokenProviderImplTest, org.apache.jackrabbit.oak.security.authentication.user.UserAuthenticationTest, org.apache.jackrabbit.oak.security.principal.PrincipalProviderImplTest, org.apache.jackrabbit.oak.security.user.UserManagerImplTest, org.apache.jackrabbit.oak.security.user.UserProviderTest, org.apache.jackrabbit.oak.security.user.UserValidatorTest, org.apache.jackrabbit.oak.spi.commit.SubtreeValidatorTest, org.apache.jackrabbit.oak.spi.security.authentication.AbstractLoginModuleTest, org.apache.jackrabbit.oak.spi.security.authentication.GuestLoginModuleTest, org.apache.jackrabbit.oak.spi.security.authentication.external.ExternalLoginModuleTest, org.apache.jackrabbit.oak.spi.security.principal.EveryonePrincipalTest, org.apache.jackrabbit.oak.spi.security.user.action.PasswordValidationActionTest, org.apache.jackrabbit.oak.spi.security.user.util.PasswordUtilityTest, org.apache.jackrabbit.oak.util.ArrayUtilsTest, org.apache.jackrabbit.oak.util.JsopUtilTest], complianceLevel=7, outputFolder=., json=true}
10:25:31.506 [main] INFO  fr.inria.lille.repair.nopol.NoPol - Available processors (cores): 4
10:25:31.511 [main] INFO  fr.inria.lille.repair.nopol.NoPol - Free memory: 894 MB
10:25:31.512 [main] INFO  fr.inria.lille.repair.nopol.NoPol - Maximum memory: 3 GB
10:25:31.512 [main] INFO  fr.inria.lille.repair.nopol.NoPol - Total memory available to JVM: 981 MB
10:25:31.512 [main] INFO  fr.inria.lille.repair.nopol.NoPol - Java version: 1.8.0_181
10:25:31.513 [main] INFO  fr.inria.lille.repair.nopol.NoPol - JAVA_HOME: /usr/lib/jvm/java-1.8.0-openjdk-amd64/bin/
10:25:31.513 [main] INFO  fr.inria.lille.repair.nopol.NoPol - PATH: /usr/lib/jvm/java-1.8.0-openjdk-amd64/bin/:/usr/lib/oar/oardodo:/usr/lib/oar/oardodo:/usr/local/bin:/usr/bin:/bin:/usr/games
10:26:55.883 [pool-2-thread-1] DEBUG fr.inria.lille.repair.nopol.NoPol - statement #1
10:26:55.884 [pool-2-thread-1] DEBUG fr.inria.lille.repair.nopol.NoPol - Analysing SourceLocation org.apache.jackrabbit.mk.test.AbstractMicroKernelIT:66 which is executed by 2 tests
10:26:55.884 [pool-2-thread-1] DEBUG fr.inria.lille.repair.nopol.NoPol - cannot spoon SourceLocation org.apache.jackrabbit.mk.test.AbstractMicroKernelIT:66
10:26:55.884 [pool-2-thread-1] DEBUG fr.inria.lille.repair.nopol.NoPol - statement #2
10:26:55.884 [pool-2-thread-1] DEBUG fr.inria.lille.repair.nopol.NoPol - Analysing SourceLocation org.apache.jackrabbit.mk.test.AbstractMicroKernelIT:60 which is executed by 2 tests
10:26:55.885 [pool-2-thread-1] DEBUG fr.inria.lille.repair.nopol.NoPol - cannot spoon SourceLocation org.apache.jackrabbit.mk.test.AbstractMicroKernelIT:60
10:26:55.885 [pool-2-thread-1] DEBUG fr.inria.lille.repair.nopol.NoPol - statement #3
10:26:55.885 [pool-2-thread-1] DEBUG fr.inria.lille.repair.nopol.NoPol - Analysing SourceLocation org.apache.jackrabbit.mk.test.AbstractMicroKernelIT:59 which is executed by 2 tests
10:26:55.885 [pool-2-thread-1] DEBUG fr.inria.lille.repair.nopol.NoPol - cannot spoon SourceLocation org.apache.jackrabbit.mk.test.AbstractMicroKernelIT:59
10:26:55.885 [pool-2-thread-1] DEBUG fr.inria.lille.repair.nopol.NoPol - statement #4
10:26:55.885 [pool-2-thread-1] DEBUG fr.inria.lille.repair.nopol.NoPol - Analysing SourceLocation org.apache.jackrabbit.mk.test.AbstractMicroKernelIT:58 which is executed by 2 tests
10:26:55.885 [pool-2-thread-1] DEBUG fr.inria.lille.repair.nopol.NoPol - cannot spoon SourceLocation org.apache.jackrabbit.mk.test.AbstractMicroKernelIT:58
10:26:55.885 [pool-2-thread-1] DEBUG fr.inria.lille.repair.nopol.NoPol - statement #5
10:26:55.886 [pool-2-thread-1] DEBUG fr.inria.lille.repair.nopol.NoPol - Analysing SourceLocation org.apache.jackrabbit.mk.test.AbstractMicroKernelIT:57 which is executed by 2 tests
10:26:55.886 [pool-2-thread-1] DEBUG fr.inria.lille.repair.nopol.NoPol - cannot spoon SourceLocation org.apache.jackrabbit.mk.test.AbstractMicroKernelIT:57
10:26:55.886 [pool-2-thread-1] DEBUG fr.inria.lille.repair.nopol.NoPol - statement #6
10:26:55.886 [pool-2-thread-1] DEBUG fr.inria.lille.repair.nopol.NoPol - Analysing SourceLocation org.apache.jackrabbit.mk.test.AbstractMicroKernelIT:55 which is executed by 2 tests
10:26:55.886 [pool-2-thread-1] DEBUG fr.inria.lille.repair.nopol.NoPol - cannot spoon SourceLocation org.apache.jackrabbit.mk.test.AbstractMicroKernelIT:55
10:26:55.886 [pool-2-thread-1] DEBUG fr.inria.lille.repair.nopol.NoPol - statement #7
10:26:55.886 [pool-2-thread-1] DEBUG fr.inria.lille.repair.nopol.NoPol - Analysing SourceLocation org.apache.jackrabbit.oak.plugins.index.p2.Property2IndexLookup:158 which is executed by 1 tests
-1129691184
10:26:56.343 [pool-2-thread-1] DEBUG fr.inria.lille.repair.nopol.NoPol - statement #8
10:26:56.344 [pool-2-thread-1] DEBUG fr.inria.lille.repair.nopol.NoPol - Analysing SourceLocation org.apache.jackrabbit.oak.plugins.index.p2.Property2IndexLookup:151 which is executed by 1 tests
-1129691184
10:26:56.530 [pool-2-thread-1] DEBUG fr.inria.lille.repair.nopol.NoPol - looking with class fr.inria.lille.repair.nopol.spoon.smt.ConditionalAdder
java.lang.AssertionError
    at org.junit.Assert.fail(Assert.java:86)
    at org.junit.Assert.fail(Assert.java:95)
    at org.apache.jackrabbit.oak.plugins.index.p2.Property2IndexTest.testCustomConfigPropertyLookup(Property2IndexTest.java:114)
    at sun.reflect.NativeMethodAccessorImpl.invoke0(Native Method)
    at sun.reflect.NativeMethodAccessorImpl.invoke(NativeMethodAccessorImpl.java:62)
    at sun.reflect.DelegatingMethodAccessorImpl.invoke(DelegatingMethodAccessorImpl.java:43)
10:26:56.632 [pool-4-thread-1] INFO  xxl.java.junit.TestCasesListener - Tests run finished (79 ms)
<> Total tests run: 2
<> Ignored tests: 0
<> Failed tests: 1
~ testCustomConfigPropertyLookup(org.apache.jackrabbit.oak.plugins.index.p2.Property2IndexTest)
[null]
java.lang.AssertionError    at org.junit.Assert.fail(Assert.java:86)
    at org.junit.Assert.fail(Assert.java:95)
    at org.apache.jackrabbit.oak.plugins.index.p2.Property2IndexTest.testCustomConfigPropertyLookup(Property2IndexTest.java:114)
    at sun.reflect.NativeMethodAccessorImpl.invoke0(Native Method)
    at sun.reflect.NativeMethodAccessorImpl.invoke(NativeMethodAccessorImpl.java:62)
    at sun.reflect.DelegatingMethodAccessorImpl.invoke(DelegatingMethodAccessorImpl.java:43)

java.lang.AssertionError
    at org.junit.Assert.fail(Assert.java:86)
    at org.junit.Assert.fail(Assert.java:95)
    at org.apache.jackrabbit.oak.plugins.index.p2.Property2IndexTest.testCustomConfigPropertyLookup(Property2IndexTest.java:114)
    at sun.reflect.NativeMethodAccessorImpl.invoke0(Native Method)
    at sun.reflect.NativeMethodAccessorImpl.invoke(NativeMethodAccessorImpl.java:62)
    at sun.reflect.DelegatingMethodAccessorImpl.invoke(DelegatingMethodAccessorImpl.java:43)
10:26:58.558 [pool-5-thread-1] INFO  f.i.l.c.t.SpecificationTestCasesListener - Tests run finished (68 ms)
<> Total tests run: 1
<> Ignored tests: 0
<> Failed tests: 1
~ testCustomConfigPropertyLookup(org.apache.jackrabbit.oak.plugins.index.p2.Property2IndexTest)
[null]
java.lang.AssertionError    at org.junit.Assert.fail(Assert.java:86)
    at org.junit.Assert.fail(Assert.java:95)
    at org.apache.jackrabbit.oak.plugins.index.p2.Property2IndexTest.testCustomConfigPropertyLookup(Property2IndexTest.java:114)
    at sun.reflect.NativeMethodAccessorImpl.invoke0(Native Method)
    at sun.reflect.NativeMethodAccessorImpl.invoke(NativeMethodAccessorImpl.java:62)
    at sun.reflect.DelegatingMethodAccessorImpl.invoke(DelegatingMethodAccessorImpl.java:43)

java.lang.AssertionError
    at org.junit.Assert.fail(Assert.java:86)
    at org.junit.Assert.fail(Assert.java:95)
    at org.apache.jackrabbit.oak.plugins.index.p2.Property2IndexTest.testCustomConfigPropertyLookup(Property2IndexTest.java:114)
    at sun.reflect.NativeMethodAccessorImpl.invoke0(Native Method)
    at sun.reflect.NativeMethodAccessorImpl.invoke(NativeMethodAccessorImpl.java:62)
    at sun.reflect.DelegatingMethodAccessorImpl.invoke(DelegatingMethodAccessorImpl.java:43)
10:26:58.572 [pool-6-thread-1] INFO  f.i.l.c.t.SpecificationTestCasesListener - Tests run finished (13 ms)
<> Total tests run: 1
<> Ignored tests: 0
<> Failed tests: 1
~ testCustomConfigPropertyLookup(org.apache.jackrabbit.oak.plugins.index.p2.Property2IndexTest)
[null]
java.lang.AssertionError    at org.junit.Assert.fail(Assert.java:86)
    at org.junit.Assert.fail(Assert.java:95)
    at org.apache.jackrabbit.oak.plugins.index.p2.Property2IndexTest.testCustomConfigPropertyLookup(Property2IndexTest.java:114)
    at sun.reflect.NativeMethodAccessorImpl.invoke0(Native Method)
    at sun.reflect.NativeMethodAccessorImpl.invoke(NativeMethodAccessorImpl.java:62)
    at sun.reflect.DelegatingMethodAccessorImpl.invoke(DelegatingMethodAccessorImpl.java:43)

10:26:58.573 [pool-3-thread-1] DEBUG tests.output - Failing tests with false: 
[testCustomConfigPropertyLookup(org.apache.jackrabbit.oak.plugins.index.p2.Property2IndexTest): null]
10:26:58.573 [pool-3-thread-1] DEBUG tests.output - Failing tests with true: 
[testCustomConfigPropertyLookup(org.apache.jackrabbit.oak.plugins.index.p2.Property2IndexTest): null]
10:26:58.573 [pool-3-thread-1] INFO  f.i.l.r.n.synth.SMTNopolSynthesizer - Not enough specifications: 0. A trivial patch is "true" or "false", please write new tests specifying SourceLocation org.apache.jackrabbit.oak.plugins.index.p2.Property2IndexLookup:151.
10:26:58.573 [pool-2-thread-1] DEBUG fr.inria.lille.repair.nopol.NoPol - statement #9
10:26:58.573 [pool-2-thread-1] DEBUG fr.inria.lille.repair.nopol.NoPol - Analysing SourceLocation org.apache.jackrabbit.oak.plugins.index.p2.Property2IndexLookup:150 which is executed by 1 tests
-1129691184
10:26:58.789 [pool-2-thread-1] DEBUG fr.inria.lille.repair.nopol.NoPol - statement #10
10:26:58.789 [pool-2-thread-1] DEBUG fr.inria.lille.repair.nopol.NoPol - Analysing SourceLocation org.apache.jackrabbit.oak.plugins.index.p2.Property2IndexLookup:149 which is executed by 1 tests
-1129691184
10:26:58.959 [pool-2-thread-1] DEBUG fr.inria.lille.repair.nopol.NoPol - statement #11
10:26:58.960 [pool-2-thread-1] DEBUG fr.inria.lille.repair.nopol.NoPol - Analysing SourceLocation org.apache.jackrabbit.oak.plugins.index.p2.Property2IndexLookup:148 which is executed by 1 tests
-1129691184
10:26:59.129 [pool-2-thread-1] DEBUG fr.inria.lille.repair.nopol.NoPol - statement #12
10:26:59.130 [pool-2-thread-1] DEBUG fr.inria.lille.repair.nopol.NoPol - Analysing SourceLocation org.apache.jackrabbit.oak.plugins.index.p2.Property2IndexLookup:147 which is executed by 1 tests
-1129691184
10:26:59.301 [pool-2-thread-1] DEBUG fr.inria.lille.repair.nopol.NoPol - looking with class fr.inria.lille.repair.nopol.spoon.smt.ConditionalAdder
java.lang.AssertionError
    at org.junit.Assert.fail(Assert.java:86)
    at org.junit.Assert.fail(Assert.java:95)
    at org.apache.jackrabbit.oak.plugins.index.p2.Property2IndexTest.testCustomConfigPropertyLookup(Property2IndexTest.java:114)
    at sun.reflect.NativeMethodAccessorImpl.invoke0(Native Method)
    at sun.reflect.NativeMethodAccessorImpl.invoke(NativeMethodAccessorImpl.java:62)
    at sun.reflect.DelegatingMethodAccessorImpl.invoke(DelegatingMethodAccessorImpl.java:43)
10:26:59.373 [pool-8-thread-1] INFO  xxl.java.junit.TestCasesListener - Tests run finished (68 ms)
<> Total tests run: 2
<> Ignored tests: 0
<> Failed tests: 1
~ testCustomConfigPropertyLookup(org.apache.jackrabbit.oak.plugins.index.p2.Property2IndexTest)
[null]
java.lang.AssertionError    at org.junit.Assert.fail(Assert.java:86)
    at org.junit.Assert.fail(Assert.java:95)
    at org.apache.jackrabbit.oak.plugins.index.p2.Property2IndexTest.testCustomConfigPropertyLookup(Property2IndexTest.java:114)
    at sun.reflect.NativeMethodAccessorImpl.invoke0(Native Method)
    at sun.reflect.NativeMethodAccessorImpl.invoke(NativeMethodAccessorImpl.java:62)
    at sun.reflect.DelegatingMethodAccessorImpl.invoke(DelegatingMethodAccessorImpl.java:43)

java.lang.AssertionError
    at org.junit.Assert.fail(Assert.java:86)
    at org.junit.Assert.fail(Assert.java:95)
    at org.apache.jackrabbit.oak.plugins.index.p2.Property2IndexTest.testCustomConfigPropertyLookup(Property2IndexTest.java:114)
    at sun.reflect.NativeMethodAccessorImpl.invoke0(Native Method)
    at sun.reflect.NativeMethodAccessorImpl.invoke(NativeMethodAccessorImpl.java:62)
    at sun.reflect.DelegatingMethodAccessorImpl.invoke(DelegatingMethodAccessorImpl.java:43)
10:26:59.837 [pool-9-thread-1] INFO  f.i.l.c.t.SpecificationTestCasesListener - Tests run finished (61 ms)
<> Total tests run: 1
<> Ignored tests: 0
<> Failed tests: 1
~ testCustomConfigPropertyLookup(org.apache.jackrabbit.oak.plugins.index.p2.Property2IndexTest)
[null]
java.lang.AssertionError    at org.junit.Assert.fail(Assert.java:86)
    at org.junit.Assert.fail(Assert.java:95)
    at org.apache.jackrabbit.oak.plugins.index.p2.Property2IndexTest.testCustomConfigPropertyLookup(Property2IndexTest.java:114)
    at sun.reflect.NativeMethodAccessorImpl.invoke0(Native Method)
    at sun.reflect.NativeMethodAccessorImpl.invoke(NativeMethodAccessorImpl.java:62)
    at sun.reflect.DelegatingMethodAccessorImpl.invoke(DelegatingMethodAccessorImpl.java:43)

java.lang.AssertionError
    at org.junit.Assert.fail(Assert.java:86)
    at org.junit.Assert.fail(Assert.java:95)
    at org.apache.jackrabbit.oak.plugins.index.p2.Property2IndexTest.testCustomConfigPropertyLookup(Property2IndexTest.java:114)
    at sun.reflect.NativeMethodAccessorImpl.invoke0(Native Method)
    at sun.reflect.NativeMethodAccessorImpl.invoke(NativeMethodAccessorImpl.java:62)
    at sun.reflect.DelegatingMethodAccessorImpl.invoke(DelegatingMethodAccessorImpl.java:43)
10:26:59.850 [pool-10-thread-1] INFO  f.i.l.c.t.SpecificationTestCasesListener - Tests run finished (12 ms)
<> Total tests run: 1
<> Ignored tests: 0
<> Failed tests: 1
~ testCustomConfigPropertyLookup(org.apache.jackrabbit.oak.plugins.index.p2.Property2IndexTest)
[null]
java.lang.AssertionError    at org.junit.Assert.fail(Assert.java:86)
    at org.junit.Assert.fail(Assert.java:95)
    at org.apache.jackrabbit.oak.plugins.index.p2.Property2IndexTest.testCustomConfigPropertyLookup(Property2IndexTest.java:114)
    at sun.reflect.NativeMethodAccessorImpl.invoke0(Native Method)
    at sun.reflect.NativeMethodAccessorImpl.invoke(NativeMethodAccessorImpl.java:62)
    at sun.reflect.DelegatingMethodAccessorImpl.invoke(DelegatingMethodAccessorImpl.java:43)

10:26:59.851 [pool-7-thread-1] DEBUG tests.output - Failing tests with false: 
[testCustomConfigPropertyLookup(org.apache.jackrabbit.oak.plugins.index.p2.Property2IndexTest): null]
10:26:59.851 [pool-7-thread-1] DEBUG tests.output - Failing tests with true: 
[testCustomConfigPropertyLookup(org.apache.jackrabbit.oak.plugins.index.p2.Property2IndexTest): null]
10:26:59.851 [pool-7-thread-1] INFO  f.i.l.r.n.synth.SMTNopolSynthesizer - Not enough specifications: 0. A trivial patch is "true" or "false", please write new tests specifying SourceLocation org.apache.jackrabbit.oak.plugins.index.p2.Property2IndexLookup:147.
10:26:59.851 [pool-2-thread-1] DEBUG fr.inria.lille.repair.nopol.NoPol - statement #13
10:26:59.851 [pool-2-thread-1] DEBUG fr.inria.lille.repair.nopol.NoPol - Analysing SourceLocation org.apache.jackrabbit.oak.plugins.index.p2.Property2IndexLookup:128 which is executed by 1 tests
-1129691184
10:27:00.029 [pool-2-thread-1] DEBUG fr.inria.lille.repair.nopol.NoPol - looking with class fr.inria.lille.repair.nopol.spoon.smt.ConditionalAdder
java.lang.AssertionError
    at org.junit.Assert.fail(Assert.java:86)
    at org.junit.Assert.fail(Assert.java:95)
    at org.apache.jackrabbit.oak.plugins.index.p2.Property2IndexTest.testCustomConfigPropertyLookup(Property2IndexTest.java:114)
    at sun.reflect.NativeMethodAccessorImpl.invoke0(Native Method)
    at sun.reflect.NativeMethodAccessorImpl.invoke(NativeMethodAccessorImpl.java:62)
    at sun.reflect.DelegatingMethodAccessorImpl.invoke(DelegatingMethodAccessorImpl.java:43)
10:27:00.099 [pool-12-thread-1] INFO  xxl.java.junit.TestCasesListener - Tests run finished (66 ms)
<> Total tests run: 2
<> Ignored tests: 0
<> Failed tests: 1
~ testCustomConfigPropertyLookup(org.apache.jackrabbit.oak.plugins.index.p2.Property2IndexTest)
[null]
java.lang.AssertionError    at org.junit.Assert.fail(Assert.java:86)
    at org.junit.Assert.fail(Assert.java:95)
    at org.apache.jackrabbit.oak.plugins.index.p2.Property2IndexTest.testCustomConfigPropertyLookup(Property2IndexTest.java:114)
    at sun.reflect.NativeMethodAccessorImpl.invoke0(Native Method)
    at sun.reflect.NativeMethodAccessorImpl.invoke(NativeMethodAccessorImpl.java:62)
    at sun.reflect.DelegatingMethodAccessorImpl.invoke(DelegatingMethodAccessorImpl.java:43)

java.lang.AssertionError
    at org.junit.Assert.fail(Assert.java:86)
    at org.junit.Assert.fail(Assert.java:95)
    at org.apache.jackrabbit.oak.plugins.index.p2.Property2IndexTest.testCustomConfigPropertyLookup(Property2IndexTest.java:114)
    at sun.reflect.NativeMethodAccessorImpl.invoke0(Native Method)
    at sun.reflect.NativeMethodAccessorImpl.invoke(NativeMethodAccessorImpl.java:62)
    at sun.reflect.DelegatingMethodAccessorImpl.invoke(DelegatingMethodAccessorImpl.java:43)
10:27:00.505 [pool-13-thread-1] INFO  f.i.l.c.t.SpecificationTestCasesListener - Tests run finished (67 ms)
<> Total tests run: 1
<> Ignored tests: 0
<> Failed tests: 1
~ testCustomConfigPropertyLookup(org.apache.jackrabbit.oak.plugins.index.p2.Property2IndexTest)
[null]
java.lang.AssertionError    at org.junit.Assert.fail(Assert.java:86)
    at org.junit.Assert.fail(Assert.java:95)
    at org.apache.jackrabbit.oak.plugins.index.p2.Property2IndexTest.testCustomConfigPropertyLookup(Property2IndexTest.java:114)
    at sun.reflect.NativeMethodAccessorImpl.invoke0(Native Method)
    at sun.reflect.NativeMethodAccessorImpl.invoke(NativeMethodAccessorImpl.java:62)
    at sun.reflect.DelegatingMethodAccessorImpl.invoke(DelegatingMethodAccessorImpl.java:43)

java.lang.AssertionError
    at org.junit.Assert.fail(Assert.java:86)
    at org.junit.Assert.fail(Assert.java:95)
    at org.apache.jackrabbit.oak.plugins.index.p2.Property2IndexTest.testCustomConfigPropertyLookup(Property2IndexTest.java:114)
    at sun.reflect.NativeMethodAccessorImpl.invoke0(Native Method)
    at sun.reflect.NativeMethodAccessorImpl.invoke(NativeMethodAccessorImpl.java:62)
    at sun.reflect.DelegatingMethodAccessorImpl.invoke(DelegatingMethodAccessorImpl.java:43)
10:27:00.522 [pool-14-thread-1] INFO  f.i.l.c.t.SpecificationTestCasesListener - Tests run finished (10 ms)
<> Total tests run: 1
<> Ignored tests: 0
<> Failed tests: 1
~ testCustomConfigPropertyLookup(org.apache.jackrabbit.oak.plugins.index.p2.Property2IndexTest)
[null]
java.lang.AssertionError    at org.junit.Assert.fail(Assert.java:86)
    at org.junit.Assert.fail(Assert.java:95)
    at org.apache.jackrabbit.oak.plugins.index.p2.Property2IndexTest.testCustomConfigPropertyLookup(Property2IndexTest.java:114)
    at sun.reflect.NativeMethodAccessorImpl.invoke0(Native Method)
    at sun.reflect.NativeMethodAccessorImpl.invoke(NativeMethodAccessorImpl.java:62)
    at sun.reflect.DelegatingMethodAccessorImpl.invoke(DelegatingMethodAccessorImpl.java:43)

10:27:00.523 [pool-11-thread-1] DEBUG tests.output - Failing tests with false: 
[testCustomConfigPropertyLookup(org.apache.jackrabbit.oak.plugins.index.p2.Property2IndexTest): null]
10:27:00.523 [pool-11-thread-1] DEBUG tests.output - Failing tests with true: 
[testCustomConfigPropertyLookup(org.apache.jackrabbit.oak.plugins.index.p2.Property2IndexTest): null]
10:27:00.523 [pool-11-thread-1] INFO  f.i.l.r.n.synth.SMTNopolSynthesizer - Not enough specifications: 0. A trivial patch is "true" or "false", please write new tests specifying SourceLocation org.apache.jackrabbit.oak.plugins.index.p2.Property2IndexLookup:128.
10:27:00.523 [pool-2-thread-1] DEBUG fr.inria.lille.repair.nopol.NoPol - looking with class fr.inria.lille.repair.nopol.spoon.smt.ConditionalReplacer
java.lang.AssertionError
    at org.junit.Assert.fail(Assert.java:86)
    at org.junit.Assert.fail(Assert.java:95)
    at org.apache.jackrabbit.oak.plugins.index.p2.Property2IndexTest.testCustomConfigPropertyLookup(Property2IndexTest.java:114)
    at sun.reflect.NativeMethodAccessorImpl.invoke0(Native Method)
    at sun.reflect.NativeMethodAccessorImpl.invoke(NativeMethodAccessorImpl.java:62)
    at sun.reflect.DelegatingMethodAccessorImpl.invoke(DelegatingMethodAccessorImpl.java:43)
10:27:00.597 [pool-16-thread-1] INFO  xxl.java.junit.TestCasesListener - Tests run finished (67 ms)
<> Total tests run: 2
<> Ignored tests: 0
<> Failed tests: 1
~ testCustomConfigPropertyLookup(org.apache.jackrabbit.oak.plugins.index.p2.Property2IndexTest)
[null]
java.lang.AssertionError    at org.junit.Assert.fail(Assert.java:86)
    at org.junit.Assert.fail(Assert.java:95)
    at org.apache.jackrabbit.oak.plugins.index.p2.Property2IndexTest.testCustomConfigPropertyLookup(Property2IndexTest.java:114)
    at sun.reflect.NativeMethodAccessorImpl.invoke0(Native Method)
    at sun.reflect.NativeMethodAccessorImpl.invoke(NativeMethodAccessorImpl.java:62)
    at sun.reflect.DelegatingMethodAccessorImpl.invoke(DelegatingMethodAccessorImpl.java:43)

java.lang.AssertionError
    at org.junit.Assert.fail(Assert.java:86)
    at org.junit.Assert.fail(Assert.java:95)
    at org.apache.jackrabbit.oak.plugins.index.p2.Property2IndexTest.testCustomConfigPropertyLookup(Property2IndexTest.java:114)
    at sun.reflect.NativeMethodAccessorImpl.invoke0(Native Method)
    at sun.reflect.NativeMethodAccessorImpl.invoke(NativeMethodAccessorImpl.java:62)
    at sun.reflect.DelegatingMethodAccessorImpl.invoke(DelegatingMethodAccessorImpl.java:43)
10:27:00.987 [pool-17-thread-1] INFO  f.i.l.c.t.SpecificationTestCasesListener - Tests run finished (66 ms)
<> Total tests run: 1
<> Ignored tests: 0
<> Failed tests: 1
~ testCustomConfigPropertyLookup(org.apache.jackrabbit.oak.plugins.index.p2.Property2IndexTest)
[null]
java.lang.AssertionError    at org.junit.Assert.fail(Assert.java:86)
    at org.junit.Assert.fail(Assert.java:95)
    at org.apache.jackrabbit.oak.plugins.index.p2.Property2IndexTest.testCustomConfigPropertyLookup(Property2IndexTest.java:114)
    at sun.reflect.NativeMethodAccessorImpl.invoke0(Native Method)
    at sun.reflect.NativeMethodAccessorImpl.invoke(NativeMethodAccessorImpl.java:62)
    at sun.reflect.DelegatingMethodAccessorImpl.invoke(DelegatingMethodAccessorImpl.java:43)

java.lang.NullPointerException
    at org.apache.jackrabbit.oak.plugins.index.p2.Property2IndexLookup.find(Property2IndexLookup.java:66)
    at org.apache.jackrabbit.oak.plugins.index.p2.Property2IndexLookup.find(Property2IndexLookup.java:27)
    at org.apache.jackrabbit.oak.plugins.index.p2.Property2IndexTest.testCustomConfigPropertyLookup(Property2IndexTest.java:113)
    at sun.reflect.NativeMethodAccessorImpl.invoke0(Native Method)
    at sun.reflect.NativeMethodAccessorImpl.invoke(NativeMethodAccessorImpl.java:62)
    at sun.reflect.DelegatingMethodAccessorImpl.invoke(DelegatingMethodAccessorImpl.java:43)
10:27:00.998 [pool-18-thread-1] INFO  f.i.l.c.t.SpecificationTestCasesListener - Tests run finished (5 ms)
<> Total tests run: 1
<> Ignored tests: 0
<> Failed tests: 1
~ testCustomConfigPropertyLookup(org.apache.jackrabbit.oak.plugins.index.p2.Property2IndexTest)
[null]
java.lang.NullPointerException    at org.apache.jackrabbit.oak.plugins.index.p2.Property2IndexLookup.find(Property2IndexLookup.java:66)
    at org.apache.jackrabbit.oak.plugins.index.p2.Property2IndexLookup.find(Property2IndexLookup.java:27)
    at org.apache.jackrabbit.oak.plugins.index.p2.Property2IndexTest.testCustomConfigPropertyLookup(Property2IndexTest.java:113)
    at sun.reflect.NativeMethodAccessorImpl.invoke0(Native Method)
    at sun.reflect.NativeMethodAccessorImpl.invoke(NativeMethodAccessorImpl.java:62)
    at sun.reflect.DelegatingMethodAccessorImpl.invoke(DelegatingMethodAccessorImpl.java:43)

10:27:00.998 [pool-15-thread-1] DEBUG tests.output - Failing tests with false: 
[testCustomConfigPropertyLookup(org.apache.jackrabbit.oak.plugins.index.p2.Property2IndexTest): null]
10:27:00.999 [pool-15-thread-1] DEBUG tests.output - Failing tests with true: 
[testCustomConfigPropertyLookup(org.apache.jackrabbit.oak.plugins.index.p2.Property2IndexTest): null]
10:27:00.999 [pool-15-thread-1] INFO  f.i.l.r.n.synth.SMTNopolSynthesizer - Not enough specifications: 0. A trivial patch is "true" or "false", please write new tests specifying SourceLocation org.apache.jackrabbit.oak.plugins.index.p2.Property2IndexLookup:128.
10:27:00.999 [pool-2-thread-1] DEBUG fr.inria.lille.repair.nopol.NoPol - statement #14
10:27:00.999 [pool-2-thread-1] DEBUG fr.inria.lille.repair.nopol.NoPol - Analysing SourceLocation org.apache.jackrabbit.oak.plugins.index.p2.Property2IndexLookup:127 which is executed by 1 tests
-1129691184
10:27:01.172 [pool-2-thread-1] DEBUG fr.inria.lille.repair.nopol.NoPol - statement #15
10:27:01.172 [pool-2-thread-1] DEBUG fr.inria.lille.repair.nopol.NoPol - Analysing SourceLocation org.apache.jackrabbit.oak.plugins.index.old.PrefixIndex:128 which is executed by 3 tests
-1236272831
10:27:01.363 [pool-2-thread-1] DEBUG fr.inria.lille.repair.nopol.NoPol - statement #16
10:27:01.363 [pool-2-thread-1] DEBUG fr.inria.lille.repair.nopol.NoPol - Analysing SourceLocation org.apache.jackrabbit.oak.plugins.index.old.PrefixIndex:62 which is executed by 3 tests
-1236272831
10:27:01.564 [pool-2-thread-1] DEBUG fr.inria.lille.repair.nopol.NoPol - statement #17
10:27:01.565 [pool-2-thread-1] DEBUG fr.inria.lille.repair.nopol.NoPol - Analysing SourceLocation org.apache.jackrabbit.oak.plugins.index.old.PrefixIndex:57 which is executed by 3 tests
-1236272831
10:27:01.767 [pool-2-thread-1] DEBUG fr.inria.lille.repair.nopol.NoPol - looking with class fr.inria.lille.repair.nopol.spoon.smt.ConditionalAdder
SLF4J: Class path contains multiple SLF4J bindings.
SLF4J: Found binding in [jar:file:/home/tdurieux/.m2/repository/org/slf4j/slf4j-nop/1.5.8/slf4j-nop-1.5.8.jar!/org/slf4j/impl/StaticLoggerBinder.class]
SLF4J: Found binding in [jar:file:/home/tdurieux/.m2/repository/ch/qos/logback/logback-classic/1.0.1/logback-classic-1.0.1.jar!/org/slf4j/impl/StaticLoggerBinder.class]
SLF4J: Found binding in [jar:file:/home/tdurieux/.m2/repository/org/slf4j/slf4j-simple/1.6.1/slf4j-simple-1.6.1.jar!/org/slf4j/impl/StaticLoggerBinder.class]
SLF4J: Found binding in [jar:file:/home/tdurieux/defects4j4repair/script/../repair_tools/nopol.jar!/org/slf4j/impl/StaticLoggerBinder.class]
SLF4J: See http://www.slf4j.org/codes.html#multiple_bindings for an explanation.
SLF4J: The requested version 1.5.8 by your slf4j binding is not compatible with [1.6]
SLF4J: See http://www.slf4j.org/codes.html#version_mismatch for further details.
junit.framework.ComparisonFailure: expected:<...:childNodeCount":2,"[prefix@d:":{":childNodeCount":1,":data":{}},":data":{":childNodeCount":0]}}> but was:<...:childNodeCount":2,"[:data":{":childNodeCount":0},"prefix@d:":{":childNodeCount":1,":data":{}]}}>
    at junit.framework.Assert.assertEquals(Assert.java:100)
    at junit.framework.Assert.assertEquals(Assert.java:107)
    at org.apache.jackrabbit.oak.plugins.index.old.PrefixIndexTest.test(PrefixIndexTest.java:42)
    at sun.reflect.NativeMethodAccessorImpl.invoke0(Native Method)
    at sun.reflect.NativeMethodAccessorImpl.invoke(NativeMethodAccessorImpl.java:62)
    at sun.reflect.DelegatingMethodAccessorImpl.invoke(DelegatingMethodAccessorImpl.java:43)
10:27:01.934 [pool-20-thread-1] INFO  xxl.java.junit.TestCasesListener - Tests run finished (131 ms)
<> Total tests run: 1
<> Ignored tests: 0
<> Failed tests: 1
~ test(org.apache.jackrabbit.oak.plugins.index.old.PrefixIndexTest)
[expected:<...:childNodeCount":2,"[prefix@d:":{":childNodeCount":1,":data":{}},":data":{":childNodeCount":0]}}> but was:<...:childNodeCount":2,"[:data":{":childNodeCount":0},"prefix@d:":{":childNodeCount":1,":data":{}]}}>]
junit.framework.ComparisonFailure: expected:<...:childNodeCount":2,"[prefix@d:":{":childNodeCount":1,":data":{}},":data":{":childNodeCount":0]}}> but was:<...:childNodeCount":2,"[:data":{":childNodeCount":0},"prefix@d:":{":childNodeCount":1,":data":{}]}}>    at junit.framework.Assert.assertEquals(Assert.java:100)
    at junit.framework.Assert.assertEquals(Assert.java:107)
    at org.apache.jackrabbit.oak.plugins.index.old.PrefixIndexTest.test(PrefixIndexTest.java:42)
    at sun.reflect.NativeMethodAccessorImpl.invoke0(Native Method)
    at sun.reflect.NativeMethodAccessorImpl.invoke(NativeMethodAccessorImpl.java:62)
    at sun.reflect.DelegatingMethodAccessorImpl.invoke(DelegatingMethodAccessorImpl.java:43)

SLF4J: Class path contains multiple SLF4J bindings.
SLF4J: Found binding in [jar:file:/home/tdurieux/.m2/repository/org/slf4j/slf4j-nop/1.5.8/slf4j-nop-1.5.8.jar!/org/slf4j/impl/StaticLoggerBinder.class]
SLF4J: Found binding in [jar:file:/home/tdurieux/.m2/repository/ch/qos/logback/logback-classic/1.0.1/logback-classic-1.0.1.jar!/org/slf4j/impl/StaticLoggerBinder.class]
SLF4J: Found binding in [jar:file:/home/tdurieux/.m2/repository/org/slf4j/slf4j-simple/1.6.1/slf4j-simple-1.6.1.jar!/org/slf4j/impl/StaticLoggerBinder.class]
SLF4J: Found binding in [jar:file:/home/tdurieux/defects4j4repair/script/../repair_tools/nopol.jar!/org/slf4j/impl/StaticLoggerBinder.class]
SLF4J: See http://www.slf4j.org/codes.html#multiple_bindings for an explanation.
SLF4J: The requested version 1.5.8 by your slf4j binding is not compatible with [1.6]
SLF4J: See http://www.slf4j.org/codes.html#version_mismatch for further details.
junit.framework.ComparisonFailure: expected:<...:childNodeCount":2,"[prefix@d:":{":childNodeCount":1,":data":{}},":data":{":childNodeCount":0]}}> but was:<...:childNodeCount":2,"[:data":{":childNodeCount":0},"prefix@d:":{":childNodeCount":1,":data":{}]}}>
    at junit.framework.Assert.assertEquals(Assert.java:100)
    at junit.framework.Assert.assertEquals(Assert.java:107)
    at org.apache.jackrabbit.oak.plugins.index.old.PrefixIndexTest.test(PrefixIndexTest.java:42)
    at sun.reflect.NativeMethodAccessorImpl.invoke0(Native Method)
    at sun.reflect.NativeMethodAccessorImpl.invoke(NativeMethodAccessorImpl.java:62)
    at sun.reflect.DelegatingMethodAccessorImpl.invoke(DelegatingMethodAccessorImpl.java:43)
10:27:02.348 [pool-21-thread-1] INFO  f.i.l.c.t.SpecificationTestCasesListener - Tests run finished (96 ms)
<> Total tests run: 1
<> Ignored tests: 0
<> Failed tests: 1
~ test(org.apache.jackrabbit.oak.plugins.index.old.PrefixIndexTest)
[expected:<...:childNodeCount":2,"[prefix@d:":{":childNodeCount":1,":data":{}},":data":{":childNodeCount":0]}}> but was:<...:childNodeCount":2,"[:data":{":childNodeCount":0},"prefix@d:":{":childNodeCount":1,":data":{}]}}>]
junit.framework.ComparisonFailure: expected:<...:childNodeCount":2,"[prefix@d:":{":childNodeCount":1,":data":{}},":data":{":childNodeCount":0]}}> but was:<...:childNodeCount":2,"[:data":{":childNodeCount":0},"prefix@d:":{":childNodeCount":1,":data":{}]}}>    at junit.framework.Assert.assertEquals(Assert.java:100)
    at junit.framework.Assert.assertEquals(Assert.java:107)
    at org.apache.jackrabbit.oak.plugins.index.old.PrefixIndexTest.test(PrefixIndexTest.java:42)
    at sun.reflect.NativeMethodAccessorImpl.invoke0(Native Method)
    at sun.reflect.NativeMethodAccessorImpl.invoke(NativeMethodAccessorImpl.java:62)
    at sun.reflect.DelegatingMethodAccessorImpl.invoke(DelegatingMethodAccessorImpl.java:43)

junit.framework.ComparisonFailure: expected:<...:childNodeCount":2,"[prefix@d:":{":childNodeCount":1,":data":{}},":data":{":childNodeCount":0]}}> but was:<...:childNodeCount":2,"[:data":{":childNodeCount":0},"prefix@d:":{":childNodeCount":1,":data":{}]}}>
    at junit.framework.Assert.assertEquals(Assert.java:100)
    at junit.framework.Assert.assertEquals(Assert.java:107)
    at org.apache.jackrabbit.oak.plugins.index.old.PrefixIndexTest.test(PrefixIndexTest.java:42)
    at sun.reflect.NativeMethodAccessorImpl.invoke0(Native Method)
    at sun.reflect.NativeMethodAccessorImpl.invoke(NativeMethodAccessorImpl.java:62)
    at sun.reflect.DelegatingMethodAccessorImpl.invoke(DelegatingMethodAccessorImpl.java:43)
10:27:02.359 [pool-22-thread-1] INFO  f.i.l.c.t.SpecificationTestCasesListener - Tests run finished (4 ms)
<> Total tests run: 1
<> Ignored tests: 0
<> Failed tests: 1
~ test(org.apache.jackrabbit.oak.plugins.index.old.PrefixIndexTest)
[expected:<...:childNodeCount":2,"[prefix@d:":{":childNodeCount":1,":data":{}},":data":{":childNodeCount":0]}}> but was:<...:childNodeCount":2,"[:data":{":childNodeCount":0},"prefix@d:":{":childNodeCount":1,":data":{}]}}>]
junit.framework.ComparisonFailure: expected:<...:childNodeCount":2,"[prefix@d:":{":childNodeCount":1,":data":{}},":data":{":childNodeCount":0]}}> but was:<...:childNodeCount":2,"[:data":{":childNodeCount":0},"prefix@d:":{":childNodeCount":1,":data":{}]}}>    at junit.framework.Assert.assertEquals(Assert.java:100)
    at junit.framework.Assert.assertEquals(Assert.java:107)
    at org.apache.jackrabbit.oak.plugins.index.old.PrefixIndexTest.test(PrefixIndexTest.java:42)
    at sun.reflect.NativeMethodAccessorImpl.invoke0(Native Method)
    at sun.reflect.NativeMethodAccessorImpl.invoke(NativeMethodAccessorImpl.java:62)
    at sun.reflect.DelegatingMethodAccessorImpl.invoke(DelegatingMethodAccessorImpl.java:43)

10:27:02.361 [pool-19-thread-1] DEBUG tests.output - Failing tests with false: 
[test(org.apache.jackrabbit.oak.plugins.index.old.PrefixIndexTest): expected:<...:childNodeCount":2,"[prefix@d:":{":childNodeCount":1,":data":{}},":data":{":childNodeCount":0]}}> but was:<...:childNodeCount":2,"[:data":{":childNodeCount":0},"prefix@d:":{":childNodeCount":1,":data":{}]}}>]
10:27:02.361 [pool-19-thread-1] DEBUG tests.output - Failing tests with true: 
[test(org.apache.jackrabbit.oak.plugins.index.old.PrefixIndexTest): expected:<...:childNodeCount":2,"[prefix@d:":{":childNodeCount":1,":data":{}},":data":{":childNodeCount":0]}}> but was:<...:childNodeCount":2,"[:data":{":childNodeCount":0},"prefix@d:":{":childNodeCount":1,":data":{}]}}>]
10:27:02.361 [pool-19-thread-1] INFO  f.i.l.r.n.synth.SMTNopolSynthesizer - Not enough specifications: 0. A trivial patch is "true" or "false", please write new tests specifying SourceLocation org.apache.jackrabbit.oak.plugins.index.old.PrefixIndex:57.
10:27:02.361 [pool-2-thread-1] DEBUG fr.inria.lille.repair.nopol.NoPol - statement #18
10:27:02.361 [pool-2-thread-1] DEBUG fr.inria.lille.repair.nopol.NoPol - Analysing SourceLocation org.apache.jackrabbit.oak.plugins.index.old.PrefixIndex:56 which is executed by 3 tests
-1236272831
10:27:02.522 [pool-2-thread-1] DEBUG fr.inria.lille.repair.nopol.NoPol - statement #19
10:27:02.523 [pool-2-thread-1] DEBUG fr.inria.lille.repair.nopol.NoPol - Analysing SourceLocation org.apache.jackrabbit.oak.plugins.index.old.PrefixIndex:51 which is executed by 3 tests
-1236272831
10:27:02.683 [pool-2-thread-1] DEBUG fr.inria.lille.repair.nopol.NoPol - statement #20
10:27:02.684 [pool-2-thread-1] DEBUG fr.inria.lille.repair.nopol.NoPol - Analysing SourceLocation org.apache.jackrabbit.oak.plugins.index.old.Indexer:176 which is executed by 3 tests
-687021856
10:27:02.867 [pool-2-thread-1] DEBUG fr.inria.lille.repair.nopol.NoPol - statement #21
10:27:02.868 [pool-2-thread-1] DEBUG fr.inria.lille.repair.nopol.NoPol - Analysing SourceLocation org.apache.jackrabbit.oak.plugins.index.old.Indexer:175 which is executed by 3 tests
-687021856
10:27:03.052 [pool-2-thread-1] DEBUG fr.inria.lille.repair.nopol.NoPol - looking with class fr.inria.lille.repair.nopol.spoon.smt.ConditionalAdder
SLF4J: Class path contains multiple SLF4J bindings.
SLF4J: Found binding in [jar:file:/home/tdurieux/.m2/repository/org/slf4j/slf4j-nop/1.5.8/slf4j-nop-1.5.8.jar!/org/slf4j/impl/StaticLoggerBinder.class]
SLF4J: Found binding in [jar:file:/home/tdurieux/.m2/repository/ch/qos/logback/logback-classic/1.0.1/logback-classic-1.0.1.jar!/org/slf4j/impl/StaticLoggerBinder.class]
SLF4J: Found binding in [jar:file:/home/tdurieux/.m2/repository/org/slf4j/slf4j-simple/1.6.1/slf4j-simple-1.6.1.jar!/org/slf4j/impl/StaticLoggerBinder.class]
SLF4J: Found binding in [jar:file:/home/tdurieux/defects4j4repair/script/../repair_tools/nopol.jar!/org/slf4j/impl/StaticLoggerBinder.class]
SLF4J: See http://www.slf4j.org/codes.html#multiple_bindings for an explanation.
SLF4J: The requested version 1.5.8 by your slf4j binding is not compatible with [1.6]
SLF4J: See http://www.slf4j.org/codes.html#version_mismatch for further details.
junit.framework.ComparisonFailure: expected:<...:childNodeCount":2,"[prefix@d:":{":childNodeCount":1,":data":{}},":data":{":childNodeCount":0]}}> but was:<...:childNodeCount":2,"[:data":{":childNodeCount":0},"prefix@d:":{":childNodeCount":1,":data":{}]}}>
    at junit.framework.Assert.assertEquals(Assert.java:100)
    at junit.framework.Assert.assertEquals(Assert.java:107)
    at org.apache.jackrabbit.oak.plugins.index.old.PrefixIndexTest.test(PrefixIndexTest.java:42)
    at sun.reflect.NativeMethodAccessorImpl.invoke0(Native Method)
    at sun.reflect.NativeMethodAccessorImpl.invoke(NativeMethodAccessorImpl.java:62)
    at sun.reflect.DelegatingMethodAccessorImpl.invoke(DelegatingMethodAccessorImpl.java:43)
10:27:03.152 [pool-24-thread-1] INFO  xxl.java.junit.TestCasesListener - Tests run finished (94 ms)
<> Total tests run: 1
<> Ignored tests: 0
<> Failed tests: 1
~ test(org.apache.jackrabbit.oak.plugins.index.old.PrefixIndexTest)
[expected:<...:childNodeCount":2,"[prefix@d:":{":childNodeCount":1,":data":{}},":data":{":childNodeCount":0]}}> but was:<...:childNodeCount":2,"[:data":{":childNodeCount":0},"prefix@d:":{":childNodeCount":1,":data":{}]}}>]
junit.framework.ComparisonFailure: expected:<...:childNodeCount":2,"[prefix@d:":{":childNodeCount":1,":data":{}},":data":{":childNodeCount":0]}}> but was:<...:childNodeCount":2,"[:data":{":childNodeCount":0},"prefix@d:":{":childNodeCount":1,":data":{}]}}>    at junit.framework.Assert.assertEquals(Assert.java:100)
    at junit.framework.Assert.assertEquals(Assert.java:107)
    at org.apache.jackrabbit.oak.plugins.index.old.PrefixIndexTest.test(PrefixIndexTest.java:42)
    at sun.reflect.NativeMethodAccessorImpl.invoke0(Native Method)
    at sun.reflect.NativeMethodAccessorImpl.invoke(NativeMethodAccessorImpl.java:62)
    at sun.reflect.DelegatingMethodAccessorImpl.invoke(DelegatingMethodAccessorImpl.java:43)

SLF4J: Class path contains multiple SLF4J bindings.
SLF4J: Found binding in [jar:file:/home/tdurieux/.m2/repository/org/slf4j/slf4j-nop/1.5.8/slf4j-nop-1.5.8.jar!/org/slf4j/impl/StaticLoggerBinder.class]
SLF4J: Found binding in [jar:file:/home/tdurieux/.m2/repository/ch/qos/logback/logback-classic/1.0.1/logback-classic-1.0.1.jar!/org/slf4j/impl/StaticLoggerBinder.class]
SLF4J: Found binding in [jar:file:/home/tdurieux/.m2/repository/org/slf4j/slf4j-simple/1.6.1/slf4j-simple-1.6.1.jar!/org/slf4j/impl/StaticLoggerBinder.class]
SLF4J: Found binding in [jar:file:/home/tdurieux/defects4j4repair/script/../repair_tools/nopol.jar!/org/slf4j/impl/StaticLoggerBinder.class]
SLF4J: See http://www.slf4j.org/codes.html#multiple_bindings for an explanation.
SLF4J: The requested version 1.5.8 by your slf4j binding is not compatible with [1.6]
SLF4J: See http://www.slf4j.org/codes.html#version_mismatch for further details.
junit.framework.ComparisonFailure: expected:<...:childNodeCount":2,"[prefix@d:":{":childNodeCount":1,":data":{}},":data":{":childNodeCount":0]}}> but was:<...:childNodeCount":2,"[:data":{":childNodeCount":0},"prefix@d:":{":childNodeCount":1,":data":{}]}}>
    at junit.framework.Assert.assertEquals(Assert.java:100)
    at junit.framework.Assert.assertEquals(Assert.java:107)
    at org.apache.jackrabbit.oak.plugins.index.old.PrefixIndexTest.test(PrefixIndexTest.java:42)
    at sun.reflect.NativeMethodAccessorImpl.invoke0(Native Method)
    at sun.reflect.NativeMethodAccessorImpl.invoke(NativeMethodAccessorImpl.java:62)
    at sun.reflect.DelegatingMethodAccessorImpl.invoke(DelegatingMethodAccessorImpl.java:43)
10:27:03.663 [pool-25-thread-1] INFO  f.i.l.c.t.SpecificationTestCasesListener - Tests run finished (94 ms)
<> Total tests run: 1
<> Ignored tests: 0
<> Failed tests: 1
~ test(org.apache.jackrabbit.oak.plugins.index.old.PrefixIndexTest)
[expected:<...:childNodeCount":2,"[prefix@d:":{":childNodeCount":1,":data":{}},":data":{":childNodeCount":0]}}> but was:<...:childNodeCount":2,"[:data":{":childNodeCount":0},"prefix@d:":{":childNodeCount":1,":data":{}]}}>]
junit.framework.ComparisonFailure: expected:<...:childNodeCount":2,"[prefix@d:":{":childNodeCount":1,":data":{}},":data":{":childNodeCount":0]}}> but was:<...:childNodeCount":2,"[:data":{":childNodeCount":0},"prefix@d:":{":childNodeCount":1,":data":{}]}}>    at junit.framework.Assert.assertEquals(Assert.java:100)
    at junit.framework.Assert.assertEquals(Assert.java:107)
    at org.apache.jackrabbit.oak.plugins.index.old.PrefixIndexTest.test(PrefixIndexTest.java:42)
    at sun.reflect.NativeMethodAccessorImpl.invoke0(Native Method)
    at sun.reflect.NativeMethodAccessorImpl.invoke(NativeMethodAccessorImpl.java:62)
    at sun.reflect.DelegatingMethodAccessorImpl.invoke(DelegatingMethodAccessorImpl.java:43)

junit.framework.ComparisonFailure: expected:<...:childNodeCount":2,"[prefix@d:":{":childNodeCount":1,":data":{}},":data":{":childNodeCount":0]}}> but was:<...:childNodeCount":2,"[:data":{":childNodeCount":0},"prefix@d:":{":childNodeCount":1,":data":{}]}}>
    at junit.framework.Assert.assertEquals(Assert.java:100)
    at junit.framework.Assert.assertEquals(Assert.java:107)
    at org.apache.jackrabbit.oak.plugins.index.old.PrefixIndexTest.test(PrefixIndexTest.java:42)
    at sun.reflect.NativeMethodAccessorImpl.invoke0(Native Method)
    at sun.reflect.NativeMethodAccessorImpl.invoke(NativeMethodAccessorImpl.java:62)
    at sun.reflect.DelegatingMethodAccessorImpl.invoke(DelegatingMethodAccessorImpl.java:43)
10:27:03.673 [pool-26-thread-1] INFO  f.i.l.c.t.SpecificationTestCasesListener - Tests run finished (3 ms)
<> Total tests run: 1
<> Ignored tests: 0
<> Failed tests: 1
~ test(org.apache.jackrabbit.oak.plugins.index.old.PrefixIndexTest)
[expected:<...:childNodeCount":2,"[prefix@d:":{":childNodeCount":1,":data":{}},":data":{":childNodeCount":0]}}> but was:<...:childNodeCount":2,"[:data":{":childNodeCount":0},"prefix@d:":{":childNodeCount":1,":data":{}]}}>]
junit.framework.ComparisonFailure: expected:<...:childNodeCount":2,"[prefix@d:":{":childNodeCount":1,":data":{}},":data":{":childNodeCount":0]}}> but was:<...:childNodeCount":2,"[:data":{":childNodeCount":0},"prefix@d:":{":childNodeCount":1,":data":{}]}}>    at junit.framework.Assert.assertEquals(Assert.java:100)
    at junit.framework.Assert.assertEquals(Assert.java:107)
    at org.apache.jackrabbit.oak.plugins.index.old.PrefixIndexTest.test(PrefixIndexTest.java:42)
    at sun.reflect.NativeMethodAccessorImpl.invoke0(Native Method)
    at sun.reflect.NativeMethodAccessorImpl.invoke(NativeMethodAccessorImpl.java:62)
    at sun.reflect.DelegatingMethodAccessorImpl.invoke(DelegatingMethodAccessorImpl.java:43)

10:27:03.676 [pool-23-thread-1] DEBUG tests.output - Failing tests with false: 
[test(org.apache.jackrabbit.oak.plugins.index.old.PrefixIndexTest): expected:<...:childNodeCount":2,"[prefix@d:":{":childNodeCount":1,":data":{}},":data":{":childNodeCount":0]}}> but was:<...:childNodeCount":2,"[:data":{":childNodeCount":0},"prefix@d:":{":childNodeCount":1,":data":{}]}}>]
10:27:03.676 [pool-23-thread-1] DEBUG tests.output - Failing tests with true: 
[test(org.apache.jackrabbit.oak.plugins.index.old.PrefixIndexTest): expected:<...:childNodeCount":2,"[prefix@d:":{":childNodeCount":1,":data":{}},":data":{":childNodeCount":0]}}> but was:<...:childNodeCount":2,"[:data":{":childNodeCount":0},"prefix@d:":{":childNodeCount":1,":data":{}]}}>]
10:27:03.676 [pool-23-thread-1] INFO  f.i.l.r.n.synth.SMTNopolSynthesizer - Not enough specifications: 0. A trivial patch is "true" or "false", please write new tests specifying SourceLocation org.apache.jackrabbit.oak.plugins.index.old.Indexer:175.
10:27:03.677 [pool-2-thread-1] DEBUG fr.inria.lille.repair.nopol.NoPol - statement #22
10:27:03.677 [pool-2-thread-1] DEBUG fr.inria.lille.repair.nopol.NoPol - Analysing SourceLocation org.apache.jackrabbit.oak.plugins.index.old.Indexer:174 which is executed by 3 tests
-687021856
10:27:03.858 [pool-2-thread-1] DEBUG fr.inria.lille.repair.nopol.NoPol - looking with class fr.inria.lille.repair.nopol.spoon.smt.ConditionalAdder
SLF4J: Class path contains multiple SLF4J bindings.
SLF4J: Found binding in [jar:file:/home/tdurieux/.m2/repository/org/slf4j/slf4j-nop/1.5.8/slf4j-nop-1.5.8.jar!/org/slf4j/impl/StaticLoggerBinder.class]
SLF4J: Found binding in [jar:file:/home/tdurieux/.m2/repository/ch/qos/logback/logback-classic/1.0.1/logback-classic-1.0.1.jar!/org/slf4j/impl/StaticLoggerBinder.class]
SLF4J: Found binding in [jar:file:/home/tdurieux/.m2/repository/org/slf4j/slf4j-simple/1.6.1/slf4j-simple-1.6.1.jar!/org/slf4j/impl/StaticLoggerBinder.class]
SLF4J: Found binding in [jar:file:/home/tdurieux/defects4j4repair/script/../repair_tools/nopol.jar!/org/slf4j/impl/StaticLoggerBinder.class]
SLF4J: See http://www.slf4j.org/codes.html#multiple_bindings for an explanation.
SLF4J: The requested version 1.5.8 by your slf4j binding is not compatible with [1.6]
SLF4J: See http://www.slf4j.org/codes.html#version_mismatch for further details.
junit.framework.ComparisonFailure: expected:<...:childNodeCount":2,"[prefix@d:":{":childNodeCount":1,":data":{}},":data":{":childNodeCount":0]}}> but was:<...:childNodeCount":2,"[:data":{":childNodeCount":0},"prefix@d:":{":childNodeCount":1,":data":{}]}}>
    at junit.framework.Assert.assertEquals(Assert.java:100)
    at junit.framework.Assert.assertEquals(Assert.java:107)
    at org.apache.jackrabbit.oak.plugins.index.old.PrefixIndexTest.test(PrefixIndexTest.java:42)
    at sun.reflect.NativeMethodAccessorImpl.invoke0(Native Method)
    at sun.reflect.NativeMethodAccessorImpl.invoke(NativeMethodAccessorImpl.java:62)
    at sun.reflect.DelegatingMethodAccessorImpl.invoke(DelegatingMethodAccessorImpl.java:43)
10:27:03.954 [pool-28-thread-1] INFO  xxl.java.junit.TestCasesListener - Tests run finished (94 ms)
<> Total tests run: 1
<> Ignored tests: 0
<> Failed tests: 1
~ test(org.apache.jackrabbit.oak.plugins.index.old.PrefixIndexTest)
[expected:<...:childNodeCount":2,"[prefix@d:":{":childNodeCount":1,":data":{}},":data":{":childNodeCount":0]}}> but was:<...:childNodeCount":2,"[:data":{":childNodeCount":0},"prefix@d:":{":childNodeCount":1,":data":{}]}}>]
junit.framework.ComparisonFailure: expected:<...:childNodeCount":2,"[prefix@d:":{":childNodeCount":1,":data":{}},":data":{":childNodeCount":0]}}> but was:<...:childNodeCount":2,"[:data":{":childNodeCount":0},"prefix@d:":{":childNodeCount":1,":data":{}]}}>    at junit.framework.Assert.assertEquals(Assert.java:100)
    at junit.framework.Assert.assertEquals(Assert.java:107)
    at org.apache.jackrabbit.oak.plugins.index.old.PrefixIndexTest.test(PrefixIndexTest.java:42)
    at sun.reflect.NativeMethodAccessorImpl.invoke0(Native Method)
    at sun.reflect.NativeMethodAccessorImpl.invoke(NativeMethodAccessorImpl.java:62)
    at sun.reflect.DelegatingMethodAccessorImpl.invoke(DelegatingMethodAccessorImpl.java:43)

SLF4J: Class path contains multiple SLF4J bindings.
SLF4J: Found binding in [jar:file:/home/tdurieux/.m2/repository/org/slf4j/slf4j-nop/1.5.8/slf4j-nop-1.5.8.jar!/org/slf4j/impl/StaticLoggerBinder.class]
SLF4J: Found binding in [jar:file:/home/tdurieux/.m2/repository/ch/qos/logback/logback-classic/1.0.1/logback-classic-1.0.1.jar!/org/slf4j/impl/StaticLoggerBinder.class]
SLF4J: Found binding in [jar:file:/home/tdurieux/.m2/repository/org/slf4j/slf4j-simple/1.6.1/slf4j-simple-1.6.1.jar!/org/slf4j/impl/StaticLoggerBinder.class]
SLF4J: Found binding in [jar:file:/home/tdurieux/defects4j4repair/script/../repair_tools/nopol.jar!/org/slf4j/impl/StaticLoggerBinder.class]
SLF4J: See http://www.slf4j.org/codes.html#multiple_bindings for an explanation.
SLF4J: The requested version 1.5.8 by your slf4j binding is not compatible with [1.6]
SLF4J: See http://www.slf4j.org/codes.html#version_mismatch for further details.
junit.framework.ComparisonFailure: expected:<...:childNodeCount":2,"[prefix@d:":{":childNodeCount":1,":data":{}},":data":{":childNodeCount":0]}}> but was:<...:childNodeCount":2,"[:data":{":childNodeCount":0},"prefix@d:":{":childNodeCount":1,":data":{}]}}>
    at junit.framework.Assert.assertEquals(Assert.java:100)
    at junit.framework.Assert.assertEquals(Assert.java:107)
    at org.apache.jackrabbit.oak.plugins.index.old.PrefixIndexTest.test(PrefixIndexTest.java:42)
    at sun.reflect.NativeMethodAccessorImpl.invoke0(Native Method)
    at sun.reflect.NativeMethodAccessorImpl.invoke(NativeMethodAccessorImpl.java:62)
    at sun.reflect.DelegatingMethodAccessorImpl.invoke(DelegatingMethodAccessorImpl.java:43)
10:27:04.482 [pool-29-thread-1] INFO  f.i.l.c.t.SpecificationTestCasesListener - Tests run finished (93 ms)
<> Total tests run: 1
<> Ignored tests: 0
<> Failed tests: 1
~ test(org.apache.jackrabbit.oak.plugins.index.old.PrefixIndexTest)
[expected:<...:childNodeCount":2,"[prefix@d:":{":childNodeCount":1,":data":{}},":data":{":childNodeCount":0]}}> but was:<...:childNodeCount":2,"[:data":{":childNodeCount":0},"prefix@d:":{":childNodeCount":1,":data":{}]}}>]
junit.framework.ComparisonFailure: expected:<...:childNodeCount":2,"[prefix@d:":{":childNodeCount":1,":data":{}},":data":{":childNodeCount":0]}}> but was:<...:childNodeCount":2,"[:data":{":childNodeCount":0},"prefix@d:":{":childNodeCount":1,":data":{}]}}>    at junit.framework.Assert.assertEquals(Assert.java:100)
    at junit.framework.Assert.assertEquals(Assert.java:107)
    at org.apache.jackrabbit.oak.plugins.index.old.PrefixIndexTest.test(PrefixIndexTest.java:42)
    at sun.reflect.NativeMethodAccessorImpl.invoke0(Native Method)
    at sun.reflect.NativeMethodAccessorImpl.invoke(NativeMethodAccessorImpl.java:62)
    at sun.reflect.DelegatingMethodAccessorImpl.invoke(DelegatingMethodAccessorImpl.java:43)

junit.framework.ComparisonFailure: expected:<...:childNodeCount":2,"[prefix@d:":{":childNodeCount":1,":data":{}},":data":{":childNodeCount":0]}}> but was:<...:childNodeCount":2,"[:data":{":childNodeCount":0},"prefix@d:":{":childNodeCount":1,":data":{}]}}>
    at junit.framework.Assert.assertEquals(Assert.java:100)
    at junit.framework.Assert.assertEquals(Assert.java:107)
    at org.apache.jackrabbit.oak.plugins.index.old.PrefixIndexTest.test(PrefixIndexTest.java:42)
    at sun.reflect.NativeMethodAccessorImpl.invoke0(Native Method)
    at sun.reflect.NativeMethodAccessorImpl.invoke(NativeMethodAccessorImpl.java:62)
    at sun.reflect.DelegatingMethodAccessorImpl.invoke(DelegatingMethodAccessorImpl.java:43)
10:27:04.485 [pool-30-thread-1] INFO  f.i.l.c.t.SpecificationTestCasesListener - Tests run finished (3 ms)
<> Total tests run: 1
<> Ignored tests: 0
<> Failed tests: 1
~ test(org.apache.jackrabbit.oak.plugins.index.old.PrefixIndexTest)
[expected:<...:childNodeCount":2,"[prefix@d:":{":childNodeCount":1,":data":{}},":data":{":childNodeCount":0]}}> but was:<...:childNodeCount":2,"[:data":{":childNodeCount":0},"prefix@d:":{":childNodeCount":1,":data":{}]}}>]
junit.framework.ComparisonFailure: expected:<...:childNodeCount":2,"[prefix@d:":{":childNodeCount":1,":data":{}},":data":{":childNodeCount":0]}}> but was:<...:childNodeCount":2,"[:data":{":childNodeCount":0},"prefix@d:":{":childNodeCount":1,":data":{}]}}>    at junit.framework.Assert.assertEquals(Assert.java:100)
    at junit.framework.Assert.assertEquals(Assert.java:107)
    at org.apache.jackrabbit.oak.plugins.index.old.PrefixIndexTest.test(PrefixIndexTest.java:42)
    at sun.reflect.NativeMethodAccessorImpl.invoke0(Native Method)
    at sun.reflect.NativeMethodAccessorImpl.invoke(NativeMethodAccessorImpl.java:62)
    at sun.reflect.DelegatingMethodAccessorImpl.invoke(DelegatingMethodAccessorImpl.java:43)

10:27:04.492 [pool-27-thread-1] DEBUG tests.output - Failing tests with false: 
[test(org.apache.jackrabbit.oak.plugins.index.old.PrefixIndexTest): expected:<...:childNodeCount":2,"[prefix@d:":{":childNodeCount":1,":data":{}},":data":{":childNodeCount":0]}}> but was:<...:childNodeCount":2,"[:data":{":childNodeCount":0},"prefix@d:":{":childNodeCount":1,":data":{}]}}>]
10:27:04.492 [pool-27-thread-1] DEBUG tests.output - Failing tests with true: 
[test(org.apache.jackrabbit.oak.plugins.index.old.PrefixIndexTest): expected:<...:childNodeCount":2,"[prefix@d:":{":childNodeCount":1,":data":{}},":data":{":childNodeCount":0]}}> but was:<...:childNodeCount":2,"[:data":{":childNodeCount":0},"prefix@d:":{":childNodeCount":1,":data":{}]}}>]
10:27:04.492 [pool-27-thread-1] INFO  f.i.l.r.n.synth.SMTNopolSynthesizer - Not enough specifications: 0. A trivial patch is "true" or "false", please write new tests specifying SourceLocation org.apache.jackrabbit.oak.plugins.index.old.Indexer:174.
10:27:04.492 [pool-2-thread-1] DEBUG fr.inria.lille.repair.nopol.NoPol - statement #23
10:27:04.492 [pool-2-thread-1] DEBUG fr.inria.lille.repair.nopol.NoPol - Analysing SourceLocation org.apache.jackrabbit.oak.plugins.index.old.Indexer:173 which is executed by 3 tests
-687021856
10:27:04.670 [pool-2-thread-1] DEBUG fr.inria.lille.repair.nopol.NoPol - looking with class fr.inria.lille.repair.nopol.spoon.smt.ConditionalAdder
SLF4J: Class path contains multiple SLF4J bindings.
SLF4J: Found binding in [jar:file:/home/tdurieux/.m2/repository/org/slf4j/slf4j-nop/1.5.8/slf4j-nop-1.5.8.jar!/org/slf4j/impl/StaticLoggerBinder.class]
SLF4J: Found binding in [jar:file:/home/tdurieux/.m2/repository/ch/qos/logback/logback-classic/1.0.1/logback-classic-1.0.1.jar!/org/slf4j/impl/StaticLoggerBinder.class]
SLF4J: Found binding in [jar:file:/home/tdurieux/.m2/repository/org/slf4j/slf4j-simple/1.6.1/slf4j-simple-1.6.1.jar!/org/slf4j/impl/StaticLoggerBinder.class]
SLF4J: Found binding in [jar:file:/home/tdurieux/defects4j4repair/script/../repair_tools/nopol.jar!/org/slf4j/impl/StaticLoggerBinder.class]
SLF4J: See http://www.slf4j.org/codes.html#multiple_bindings for an explanation.
SLF4J: The requested version 1.5.8 by your slf4j binding is not compatible with [1.6]
SLF4J: See http://www.slf4j.org/codes.html#version_mismatch for further details.
junit.framework.ComparisonFailure: expected:<...:childNodeCount":2,"[prefix@d:":{":childNodeCount":1,":data":{}},":data":{":childNodeCount":0]}}> but was:<...:childNodeCount":2,"[:data":{":childNodeCount":0},"prefix@d:":{":childNodeCount":1,":data":{}]}}>
    at junit.framework.Assert.assertEquals(Assert.java:100)
    at junit.framework.Assert.assertEquals(Assert.java:107)
    at org.apache.jackrabbit.oak.plugins.index.old.PrefixIndexTest.test(PrefixIndexTest.java:42)
    at sun.reflect.NativeMethodAccessorImpl.invoke0(Native Method)
    at sun.reflect.NativeMethodAccessorImpl.invoke(NativeMethodAccessorImpl.java:62)
    at sun.reflect.DelegatingMethodAccessorImpl.invoke(DelegatingMethodAccessorImpl.java:43)
10:27:04.772 [pool-32-thread-1] INFO  xxl.java.junit.TestCasesListener - Tests run finished (93 ms)
<> Total tests run: 1
<> Ignored tests: 0
<> Failed tests: 1
~ test(org.apache.jackrabbit.oak.plugins.index.old.PrefixIndexTest)
[expected:<...:childNodeCount":2,"[prefix@d:":{":childNodeCount":1,":data":{}},":data":{":childNodeCount":0]}}> but was:<...:childNodeCount":2,"[:data":{":childNodeCount":0},"prefix@d:":{":childNodeCount":1,":data":{}]}}>]
junit.framework.ComparisonFailure: expected:<...:childNodeCount":2,"[prefix@d:":{":childNodeCount":1,":data":{}},":data":{":childNodeCount":0]}}> but was:<...:childNodeCount":2,"[:data":{":childNodeCount":0},"prefix@d:":{":childNodeCount":1,":data":{}]}}>    at junit.framework.Assert.assertEquals(Assert.java:100)
    at junit.framework.Assert.assertEquals(Assert.java:107)
    at org.apache.jackrabbit.oak.plugins.index.old.PrefixIndexTest.test(PrefixIndexTest.java:42)
    at sun.reflect.NativeMethodAccessorImpl.invoke0(Native Method)
    at sun.reflect.NativeMethodAccessorImpl.invoke(NativeMethodAccessorImpl.java:62)
    at sun.reflect.DelegatingMethodAccessorImpl.invoke(DelegatingMethodAccessorImpl.java:43)

SLF4J: Class path contains multiple SLF4J bindings.
SLF4J: Found binding in [jar:file:/home/tdurieux/.m2/repository/org/slf4j/slf4j-nop/1.5.8/slf4j-nop-1.5.8.jar!/org/slf4j/impl/StaticLoggerBinder.class]
SLF4J: Found binding in [jar:file:/home/tdurieux/.m2/repository/ch/qos/logback/logback-classic/1.0.1/logback-classic-1.0.1.jar!/org/slf4j/impl/StaticLoggerBinder.class]
SLF4J: Found binding in [jar:file:/home/tdurieux/.m2/repository/org/slf4j/slf4j-simple/1.6.1/slf4j-simple-1.6.1.jar!/org/slf4j/impl/StaticLoggerBinder.class]
SLF4J: Found binding in [jar:file:/home/tdurieux/defects4j4repair/script/../repair_tools/nopol.jar!/org/slf4j/impl/StaticLoggerBinder.class]
SLF4J: See http://www.slf4j.org/codes.html#multiple_bindings for an explanation.
SLF4J: The requested version 1.5.8 by your slf4j binding is not compatible with [1.6]
SLF4J: See http://www.slf4j.org/codes.html#version_mismatch for further details.
junit.framework.ComparisonFailure: expected:<...:childNodeCount":2,"[prefix@d:":{":childNodeCount":1,":data":{}},":data":{":childNodeCount":0]}}> but was:<...:childNodeCount":2,"[:data":{":childNodeCount":0},"prefix@d:":{":childNodeCount":1,":data":{}]}}>
    at junit.framework.Assert.assertEquals(Assert.java:100)
    at junit.framework.Assert.assertEquals(Assert.java:107)
    at org.apache.jackrabbit.oak.plugins.index.old.PrefixIndexTest.test(PrefixIndexTest.java:42)
    at sun.reflect.NativeMethodAccessorImpl.invoke0(Native Method)
    at sun.reflect.NativeMethodAccessorImpl.invoke(NativeMethodAccessorImpl.java:62)
    at sun.reflect.DelegatingMethodAccessorImpl.invoke(DelegatingMethodAccessorImpl.java:43)
10:27:05.237 [pool-33-thread-1] INFO  f.i.l.c.t.SpecificationTestCasesListener - Tests run finished (85 ms)
<> Total tests run: 1
<> Ignored tests: 0
<> Failed tests: 1
~ test(org.apache.jackrabbit.oak.plugins.index.old.PrefixIndexTest)
[expected:<...:childNodeCount":2,"[prefix@d:":{":childNodeCount":1,":data":{}},":data":{":childNodeCount":0]}}> but was:<...:childNodeCount":2,"[:data":{":childNodeCount":0},"prefix@d:":{":childNodeCount":1,":data":{}]}}>]
junit.framework.ComparisonFailure: expected:<...:childNodeCount":2,"[prefix@d:":{":childNodeCount":1,":data":{}},":data":{":childNodeCount":0]}}> but was:<...:childNodeCount":2,"[:data":{":childNodeCount":0},"prefix@d:":{":childNodeCount":1,":data":{}]}}>    at junit.framework.Assert.assertEquals(Assert.java:100)
    at junit.framework.Assert.assertEquals(Assert.java:107)
    at org.apache.jackrabbit.oak.plugins.index.old.PrefixIndexTest.test(PrefixIndexTest.java:42)
    at sun.reflect.NativeMethodAccessorImpl.invoke0(Native Method)
    at sun.reflect.NativeMethodAccessorImpl.invoke(NativeMethodAccessorImpl.java:62)
    at sun.reflect.DelegatingMethodAccessorImpl.invoke(DelegatingMethodAccessorImpl.java:43)

junit.framework.ComparisonFailure: expected:<...:childNodeCount":2,"[prefix@d:":{":childNodeCount":1,":data":{}},":data":{":childNodeCount":0]}}> but was:<...:childNodeCount":2,"[:data":{":childNodeCount":0},"prefix@d:":{":childNodeCount":1,":data":{}]}}>
    at junit.framework.Assert.assertEquals(Assert.java:100)
    at junit.framework.Assert.assertEquals(Assert.java:107)
    at org.apache.jackrabbit.oak.plugins.index.old.PrefixIndexTest.test(PrefixIndexTest.java:42)
    at sun.reflect.NativeMethodAccessorImpl.invoke0(Native Method)
    at sun.reflect.NativeMethodAccessorImpl.invoke(NativeMethodAccessorImpl.java:62)
    at sun.reflect.DelegatingMethodAccessorImpl.invoke(DelegatingMethodAccessorImpl.java:43)
10:27:05.245 [pool-34-thread-1] INFO  f.i.l.c.t.SpecificationTestCasesListener - Tests run finished (7 ms)
<> Total tests run: 1
<> Ignored tests: 0
<> Failed tests: 1
~ test(org.apache.jackrabbit.oak.plugins.index.old.PrefixIndexTest)
[expected:<...:childNodeCount":2,"[prefix@d:":{":childNodeCount":1,":data":{}},":data":{":childNodeCount":0]}}> but was:<...:childNodeCount":2,"[:data":{":childNodeCount":0},"prefix@d:":{":childNodeCount":1,":data":{}]}}>]
junit.framework.ComparisonFailure: expected:<...:childNodeCount":2,"[prefix@d:":{":childNodeCount":1,":data":{}},":data":{":childNodeCount":0]}}> but was:<...:childNodeCount":2,"[:data":{":childNodeCount":0},"prefix@d:":{":childNodeCount":1,":data":{}]}}>    at junit.framework.Assert.assertEquals(Assert.java:100)
    at junit.framework.Assert.assertEquals(Assert.java:107)
    at org.apache.jackrabbit.oak.plugins.index.old.PrefixIndexTest.test(PrefixIndexTest.java:42)
    at sun.reflect.NativeMethodAccessorImpl.invoke0(Native Method)
    at sun.reflect.NativeMethodAccessorImpl.invoke(NativeMethodAccessorImpl.java:62)
    at sun.reflect.DelegatingMethodAccessorImpl.invoke(DelegatingMethodAccessorImpl.java:43)

10:27:05.246 [pool-31-thread-1] DEBUG tests.output - Failing tests with false: 
[test(org.apache.jackrabbit.oak.plugins.index.old.PrefixIndexTest): expected:<...:childNodeCount":2,"[prefix@d:":{":childNodeCount":1,":data":{}},":data":{":childNodeCount":0]}}> but was:<...:childNodeCount":2,"[:data":{":childNodeCount":0},"prefix@d:":{":childNodeCount":1,":data":{}]}}>]
10:27:05.246 [pool-31-thread-1] DEBUG tests.output - Failing tests with true: 
[test(org.apache.jackrabbit.oak.plugins.index.old.PrefixIndexTest): expected:<...:childNodeCount":2,"[prefix@d:":{":childNodeCount":1,":data":{}},":data":{":childNodeCount":0]}}> but was:<...:childNodeCount":2,"[:data":{":childNodeCount":0},"prefix@d:":{":childNodeCount":1,":data":{}]}}>]
10:27:05.246 [pool-31-thread-1] INFO  f.i.l.r.n.synth.SMTNopolSynthesizer - Not enough specifications: 0. A trivial patch is "true" or "false", please write new tests specifying SourceLocation org.apache.jackrabbit.oak.plugins.index.old.Indexer:173.
10:27:05.246 [pool-2-thread-1] DEBUG fr.inria.lille.repair.nopol.NoPol - statement #24
10:27:05.246 [pool-2-thread-1] DEBUG fr.inria.lille.repair.nopol.NoPol - Analysing SourceLocation org.apache.jackrabbit.oak.plugins.index.old.Indexer:172 which is executed by 3 tests
-687021856
10:27:05.424 [pool-2-thread-1] DEBUG fr.inria.lille.repair.nopol.NoPol - statement #25
10:27:05.424 [pool-2-thread-1] DEBUG fr.inria.lille.repair.nopol.NoPol - Analysing SourceLocation org.apache.jackrabbit.oak.plugins.index.old.Indexer:169 which is executed by 3 tests
-687021856
10:27:05.602 [pool-2-thread-1] DEBUG fr.inria.lille.repair.nopol.NoPol - looking with class fr.inria.lille.repair.nopol.spoon.smt.ConditionalAdder
SLF4J: Class path contains multiple SLF4J bindings.
SLF4J: Found binding in [jar:file:/home/tdurieux/.m2/repository/org/slf4j/slf4j-nop/1.5.8/slf4j-nop-1.5.8.jar!/org/slf4j/impl/StaticLoggerBinder.class]
SLF4J: Found binding in [jar:file:/home/tdurieux/.m2/repository/ch/qos/logback/logback-classic/1.0.1/logback-classic-1.0.1.jar!/org/slf4j/impl/StaticLoggerBinder.class]
SLF4J: Found binding in [jar:file:/home/tdurieux/.m2/repository/org/slf4j/slf4j-simple/1.6.1/slf4j-simple-1.6.1.jar!/org/slf4j/impl/StaticLoggerBinder.class]
SLF4J: Found binding in [jar:file:/home/tdurieux/defects4j4repair/script/../repair_tools/nopol.jar!/org/slf4j/impl/StaticLoggerBinder.class]
SLF4J: See http://www.slf4j.org/codes.html#multiple_bindings for an explanation.
SLF4J: The requested version 1.5.8 by your slf4j binding is not compatible with [1.6]
SLF4J: See http://www.slf4j.org/codes.html#version_mismatch for further details.
junit.framework.ComparisonFailure: expected:<...:childNodeCount":2,"[prefix@d:":{":childNodeCount":1,":data":{}},":data":{":childNodeCount":0]}}> but was:<...:childNodeCount":2,"[:data":{":childNodeCount":0},"prefix@d:":{":childNodeCount":1,":data":{}]}}>
    at junit.framework.Assert.assertEquals(Assert.java:100)
    at junit.framework.Assert.assertEquals(Assert.java:107)
    at org.apache.jackrabbit.oak.plugins.index.old.PrefixIndexTest.test(PrefixIndexTest.java:42)
    at sun.reflect.NativeMethodAccessorImpl.invoke0(Native Method)
    at sun.reflect.NativeMethodAccessorImpl.invoke(NativeMethodAccessorImpl.java:62)
    at sun.reflect.DelegatingMethodAccessorImpl.invoke(DelegatingMethodAccessorImpl.java:43)
10:27:05.697 [pool-36-thread-1] INFO  xxl.java.junit.TestCasesListener - Tests run finished (92 ms)
<> Total tests run: 1
<> Ignored tests: 0
<> Failed tests: 1
~ test(org.apache.jackrabbit.oak.plugins.index.old.PrefixIndexTest)
[expected:<...:childNodeCount":2,"[prefix@d:":{":childNodeCount":1,":data":{}},":data":{":childNodeCount":0]}}> but was:<...:childNodeCount":2,"[:data":{":childNodeCount":0},"prefix@d:":{":childNodeCount":1,":data":{}]}}>]
junit.framework.ComparisonFailure: expected:<...:childNodeCount":2,"[prefix@d:":{":childNodeCount":1,":data":{}},":data":{":childNodeCount":0]}}> but was:<...:childNodeCount":2,"[:data":{":childNodeCount":0},"prefix@d:":{":childNodeCount":1,":data":{}]}}>    at junit.framework.Assert.assertEquals(Assert.java:100)
    at junit.framework.Assert.assertEquals(Assert.java:107)
    at org.apache.jackrabbit.oak.plugins.index.old.PrefixIndexTest.test(PrefixIndexTest.java:42)
    at sun.reflect.NativeMethodAccessorImpl.invoke0(Native Method)
    at sun.reflect.NativeMethodAccessorImpl.invoke(NativeMethodAccessorImpl.java:62)
    at sun.reflect.DelegatingMethodAccessorImpl.invoke(DelegatingMethodAccessorImpl.java:43)

SLF4J: Class path contains multiple SLF4J bindings.
SLF4J: Found binding in [jar:file:/home/tdurieux/.m2/repository/org/slf4j/slf4j-nop/1.5.8/slf4j-nop-1.5.8.jar!/org/slf4j/impl/StaticLoggerBinder.class]
SLF4J: Found binding in [jar:file:/home/tdurieux/.m2/repository/ch/qos/logback/logback-classic/1.0.1/logback-classic-1.0.1.jar!/org/slf4j/impl/StaticLoggerBinder.class]
SLF4J: Found binding in [jar:file:/home/tdurieux/.m2/repository/org/slf4j/slf4j-simple/1.6.1/slf4j-simple-1.6.1.jar!/org/slf4j/impl/StaticLoggerBinder.class]
SLF4J: Found binding in [jar:file:/home/tdurieux/defects4j4repair/script/../repair_tools/nopol.jar!/org/slf4j/impl/StaticLoggerBinder.class]
SLF4J: See http://www.slf4j.org/codes.html#multiple_bindings for an explanation.
SLF4J: The requested version 1.5.8 by your slf4j binding is not compatible with [1.6]
SLF4J: See http://www.slf4j.org/codes.html#version_mismatch for further details.
junit.framework.ComparisonFailure: expected:<...:childNodeCount":2,"[prefix@d:":{":childNodeCount":1,":data":{}},":data":{":childNodeCount":0]}}> but was:<...:childNodeCount":2,"[:data":{":childNodeCount":0},"prefix@d:":{":childNodeCount":1,":data":{}]}}>
    at junit.framework.Assert.assertEquals(Assert.java:100)
    at junit.framework.Assert.assertEquals(Assert.java:107)
    at org.apache.jackrabbit.oak.plugins.index.old.PrefixIndexTest.test(PrefixIndexTest.java:42)
    at sun.reflect.NativeMethodAccessorImpl.invoke0(Native Method)
    at sun.reflect.NativeMethodAccessorImpl.invoke(NativeMethodAccessorImpl.java:62)
    at sun.reflect.DelegatingMethodAccessorImpl.invoke(DelegatingMethodAccessorImpl.java:43)
10:27:06.145 [pool-37-thread-1] INFO  f.i.l.c.t.SpecificationTestCasesListener - Tests run finished (89 ms)
<> Total tests run: 1
<> Ignored tests: 0
<> Failed tests: 1
~ test(org.apache.jackrabbit.oak.plugins.index.old.PrefixIndexTest)
[expected:<...:childNodeCount":2,"[prefix@d:":{":childNodeCount":1,":data":{}},":data":{":childNodeCount":0]}}> but was:<...:childNodeCount":2,"[:data":{":childNodeCount":0},"prefix@d:":{":childNodeCount":1,":data":{}]}}>]
junit.framework.ComparisonFailure: expected:<...:childNodeCount":2,"[prefix@d:":{":childNodeCount":1,":data":{}},":data":{":childNodeCount":0]}}> but was:<...:childNodeCount":2,"[:data":{":childNodeCount":0},"prefix@d:":{":childNodeCount":1,":data":{}]}}>    at junit.framework.Assert.assertEquals(Assert.java:100)
    at junit.framework.Assert.assertEquals(Assert.java:107)
    at org.apache.jackrabbit.oak.plugins.index.old.PrefixIndexTest.test(PrefixIndexTest.java:42)
    at sun.reflect.NativeMethodAccessorImpl.invoke0(Native Method)
    at sun.reflect.NativeMethodAccessorImpl.invoke(NativeMethodAccessorImpl.java:62)
    at sun.reflect.DelegatingMethodAccessorImpl.invoke(DelegatingMethodAccessorImpl.java:43)

junit.framework.ComparisonFailure: expected:<...:childNodeCount":2,"[prefix@d:":{":childNodeCount":1,":data":{}},":data":{":childNodeCount":0]}}> but was:<...:childNodeCount":2,"[:data":{":childNodeCount":0},"prefix@d:":{":childNodeCount":1,":data":{}]}}>
    at junit.framework.Assert.assertEquals(Assert.java:100)
    at junit.framework.Assert.assertEquals(Assert.java:107)
    at org.apache.jackrabbit.oak.plugins.index.old.PrefixIndexTest.test(PrefixIndexTest.java:42)
    at sun.reflect.NativeMethodAccessorImpl.invoke0(Native Method)
    at sun.reflect.NativeMethodAccessorImpl.invoke(NativeMethodAccessorImpl.java:62)
    at sun.reflect.DelegatingMethodAccessorImpl.invoke(DelegatingMethodAccessorImpl.java:43)
10:27:06.154 [pool-38-thread-1] INFO  f.i.l.c.t.SpecificationTestCasesListener - Tests run finished (3 ms)
<> Total tests run: 1
<> Ignored tests: 0
<> Failed tests: 1
~ test(org.apache.jackrabbit.oak.plugins.index.old.PrefixIndexTest)
[expected:<...:childNodeCount":2,"[prefix@d:":{":childNodeCount":1,":data":{}},":data":{":childNodeCount":0]}}> but was:<...:childNodeCount":2,"[:data":{":childNodeCount":0},"prefix@d:":{":childNodeCount":1,":data":{}]}}>]
junit.framework.ComparisonFailure: expected:<...:childNodeCount":2,"[prefix@d:":{":childNodeCount":1,":data":{}},":data":{":childNodeCount":0]}}> but was:<...:childNodeCount":2,"[:data":{":childNodeCount":0},"prefix@d:":{":childNodeCount":1,":data":{}]}}>    at junit.framework.Assert.assertEquals(Assert.java:100)
    at junit.framework.Assert.assertEquals(Assert.java:107)
    at org.apache.jackrabbit.oak.plugins.index.old.PrefixIndexTest.test(PrefixIndexTest.java:42)
    at sun.reflect.NativeMethodAccessorImpl.invoke0(Native Method)
    at sun.reflect.NativeMethodAccessorImpl.invoke(NativeMethodAccessorImpl.java:62)
    at sun.reflect.DelegatingMethodAccessorImpl.invoke(DelegatingMethodAccessorImpl.java:43)

10:27:06.155 [pool-35-thread-1] DEBUG tests.output - Failing tests with false: 
[test(org.apache.jackrabbit.oak.plugins.index.old.PrefixIndexTest): expected:<...:childNodeCount":2,"[prefix@d:":{":childNodeCount":1,":data":{}},":data":{":childNodeCount":0]}}> but was:<...:childNodeCount":2,"[:data":{":childNodeCount":0},"prefix@d:":{":childNodeCount":1,":data":{}]}}>]
10:27:06.155 [pool-35-thread-1] DEBUG tests.output - Failing tests with true: 
[test(org.apache.jackrabbit.oak.plugins.index.old.PrefixIndexTest): expected:<...:childNodeCount":2,"[prefix@d:":{":childNodeCount":1,":data":{}},":data":{":childNodeCount":0]}}> but was:<...:childNodeCount":2,"[:data":{":childNodeCount":0},"prefix@d:":{":childNodeCount":1,":data":{}]}}>]
10:27:06.155 [pool-35-thread-1] INFO  f.i.l.r.n.synth.SMTNopolSynthesizer - Not enough specifications: 0. A trivial patch is "true" or "false", please write new tests specifying SourceLocation org.apache.jackrabbit.oak.plugins.index.old.Indexer:169.
10:27:06.155 [pool-2-thread-1] DEBUG fr.inria.lille.repair.nopol.NoPol - looking with class fr.inria.lille.repair.nopol.spoon.smt.ConditionalReplacer
SLF4J: Class path contains multiple SLF4J bindings.
SLF4J: Found binding in [jar:file:/home/tdurieux/.m2/repository/org/slf4j/slf4j-nop/1.5.8/slf4j-nop-1.5.8.jar!/org/slf4j/impl/StaticLoggerBinder.class]
SLF4J: Found binding in [jar:file:/home/tdurieux/.m2/repository/ch/qos/logback/logback-classic/1.0.1/logback-classic-1.0.1.jar!/org/slf4j/impl/StaticLoggerBinder.class]
SLF4J: Found binding in [jar:file:/home/tdurieux/.m2/repository/org/slf4j/slf4j-simple/1.6.1/slf4j-simple-1.6.1.jar!/org/slf4j/impl/StaticLoggerBinder.class]
SLF4J: Found binding in [jar:file:/home/tdurieux/defects4j4repair/script/../repair_tools/nopol.jar!/org/slf4j/impl/StaticLoggerBinder.class]
SLF4J: See http://www.slf4j.org/codes.html#multiple_bindings for an explanation.
SLF4J: The requested version 1.5.8 by your slf4j binding is not compatible with [1.6]
SLF4J: See http://www.slf4j.org/codes.html#version_mismatch for further details.
junit.framework.ComparisonFailure: expected:<...:childNodeCount":2,"[prefix@d:":{":childNodeCount":1,":data":{}},":data":{":childNodeCount":0]}}> but was:<...:childNodeCount":2,"[:data":{":childNodeCount":0},"prefix@d:":{":childNodeCount":1,":data":{}]}}>
    at junit.framework.Assert.assertEquals(Assert.java:100)
    at junit.framework.Assert.assertEquals(Assert.java:107)
    at org.apache.jackrabbit.oak.plugins.index.old.PrefixIndexTest.test(PrefixIndexTest.java:42)
    at sun.reflect.NativeMethodAccessorImpl.invoke0(Native Method)
    at sun.reflect.NativeMethodAccessorImpl.invoke(NativeMethodAccessorImpl.java:62)
    at sun.reflect.DelegatingMethodAccessorImpl.invoke(DelegatingMethodAccessorImpl.java:43)
10:27:06.245 [pool-40-thread-1] INFO  xxl.java.junit.TestCasesListener - Tests run finished (88 ms)
<> Total tests run: 1
<> Ignored tests: 0
<> Failed tests: 1
~ test(org.apache.jackrabbit.oak.plugins.index.old.PrefixIndexTest)
[expected:<...:childNodeCount":2,"[prefix@d:":{":childNodeCount":1,":data":{}},":data":{":childNodeCount":0]}}> but was:<...:childNodeCount":2,"[:data":{":childNodeCount":0},"prefix@d:":{":childNodeCount":1,":data":{}]}}>]
junit.framework.ComparisonFailure: expected:<...:childNodeCount":2,"[prefix@d:":{":childNodeCount":1,":data":{}},":data":{":childNodeCount":0]}}> but was:<...:childNodeCount":2,"[:data":{":childNodeCount":0},"prefix@d:":{":childNodeCount":1,":data":{}]}}>    at junit.framework.Assert.assertEquals(Assert.java:100)
    at junit.framework.Assert.assertEquals(Assert.java:107)
    at org.apache.jackrabbit.oak.plugins.index.old.PrefixIndexTest.test(PrefixIndexTest.java:42)
    at sun.reflect.NativeMethodAccessorImpl.invoke0(Native Method)
    at sun.reflect.NativeMethodAccessorImpl.invoke(NativeMethodAccessorImpl.java:62)
    at sun.reflect.DelegatingMethodAccessorImpl.invoke(DelegatingMethodAccessorImpl.java:43)

SLF4J: Class path contains multiple SLF4J bindings.
SLF4J: Found binding in [jar:file:/home/tdurieux/.m2/repository/org/slf4j/slf4j-nop/1.5.8/slf4j-nop-1.5.8.jar!/org/slf4j/impl/StaticLoggerBinder.class]
SLF4J: Found binding in [jar:file:/home/tdurieux/.m2/repository/ch/qos/logback/logback-classic/1.0.1/logback-classic-1.0.1.jar!/org/slf4j/impl/StaticLoggerBinder.class]
SLF4J: Found binding in [jar:file:/home/tdurieux/.m2/repository/org/slf4j/slf4j-simple/1.6.1/slf4j-simple-1.6.1.jar!/org/slf4j/impl/StaticLoggerBinder.class]
SLF4J: Found binding in [jar:file:/home/tdurieux/defects4j4repair/script/../repair_tools/nopol.jar!/org/slf4j/impl/StaticLoggerBinder.class]
SLF4J: See http://www.slf4j.org/codes.html#multiple_bindings for an explanation.
SLF4J: The requested version 1.5.8 by your slf4j binding is not compatible with [1.6]
SLF4J: See http://www.slf4j.org/codes.html#version_mismatch for further details.
junit.framework.ComparisonFailure: expected:<...:childNodeCount":2,"[prefix@d:":{":childNodeCount":1,":data":{}},":data":{":childNodeCount":0]}}> but was:<...:childNodeCount":2,"[:data":{":childNodeCount":0},"prefix@d:":{":childNodeCount":1,":data":{}]}}>
    at junit.framework.Assert.assertEquals(Assert.java:100)
    at junit.framework.Assert.assertEquals(Assert.java:107)
    at org.apache.jackrabbit.oak.plugins.index.old.PrefixIndexTest.test(PrefixIndexTest.java:42)
    at sun.reflect.NativeMethodAccessorImpl.invoke0(Native Method)
    at sun.reflect.NativeMethodAccessorImpl.invoke(NativeMethodAccessorImpl.java:62)
    at sun.reflect.DelegatingMethodAccessorImpl.invoke(DelegatingMethodAccessorImpl.java:43)
10:27:06.703 [pool-41-thread-1] INFO  f.i.l.c.t.SpecificationTestCasesListener - Tests run finished (98 ms)
<> Total tests run: 1
<> Ignored tests: 0
<> Failed tests: 1
~ test(org.apache.jackrabbit.oak.plugins.index.old.PrefixIndexTest)
[expected:<...:childNodeCount":2,"[prefix@d:":{":childNodeCount":1,":data":{}},":data":{":childNodeCount":0]}}> but was:<...:childNodeCount":2,"[:data":{":childNodeCount":0},"prefix@d:":{":childNodeCount":1,":data":{}]}}>]
junit.framework.ComparisonFailure: expected:<...:childNodeCount":2,"[prefix@d:":{":childNodeCount":1,":data":{}},":data":{":childNodeCount":0]}}> but was:<...:childNodeCount":2,"[:data":{":childNodeCount":0},"prefix@d:":{":childNodeCount":1,":data":{}]}}>    at junit.framework.Assert.assertEquals(Assert.java:100)
    at junit.framework.Assert.assertEquals(Assert.java:107)
    at org.apache.jackrabbit.oak.plugins.index.old.PrefixIndexTest.test(PrefixIndexTest.java:42)
    at sun.reflect.NativeMethodAccessorImpl.invoke0(Native Method)
    at sun.reflect.NativeMethodAccessorImpl.invoke(NativeMethodAccessorImpl.java:62)
    at sun.reflect.DelegatingMethodAccessorImpl.invoke(DelegatingMethodAccessorImpl.java:43)

junit.framework.ComparisonFailure: expected:<{":childNodeCount":[2,"prefix@d:":{":childNodeCount":1,":data":{}}],":data":{":childNod...> but was:<{":childNodeCount":[1],":data":{":childNod...>
    at junit.framework.Assert.assertEquals(Assert.java:100)
    at junit.framework.Assert.assertEquals(Assert.java:107)
    at org.apache.jackrabbit.oak.plugins.index.old.PrefixIndexTest.test(PrefixIndexTest.java:42)
    at sun.reflect.NativeMethodAccessorImpl.invoke0(Native Method)
    at sun.reflect.NativeMethodAccessorImpl.invoke(NativeMethodAccessorImpl.java:62)
    at sun.reflect.DelegatingMethodAccessorImpl.invoke(DelegatingMethodAccessorImpl.java:43)
10:27:06.711 [pool-42-thread-1] INFO  f.i.l.c.t.SpecificationTestCasesListener - Tests run finished (1 ms)
<> Total tests run: 1
<> Ignored tests: 0
<> Failed tests: 1
~ test(org.apache.jackrabbit.oak.plugins.index.old.PrefixIndexTest)
[expected:<{":childNodeCount":[2,"prefix@d:":{":childNodeCount":1,":data":{}}],":data":{":childNod...> but was:<{":childNodeCount":[1],":data":{":childNod...>]
junit.framework.ComparisonFailure: expected:<{":childNodeCount":[2,"prefix@d:":{":childNodeCount":1,":data":{}}],":data":{":childNod...> but was:<{":childNodeCount":[1],":data":{":childNod...>    at junit.framework.Assert.assertEquals(Assert.java:100)
    at junit.framework.Assert.assertEquals(Assert.java:107)
    at org.apache.jackrabbit.oak.plugins.index.old.PrefixIndexTest.test(PrefixIndexTest.java:42)
    at sun.reflect.NativeMethodAccessorImpl.invoke0(Native Method)
    at sun.reflect.NativeMethodAccessorImpl.invoke(NativeMethodAccessorImpl.java:62)
    at sun.reflect.DelegatingMethodAccessorImpl.invoke(DelegatingMethodAccessorImpl.java:43)

10:27:06.712 [pool-39-thread-1] DEBUG tests.output - Failing tests with false: 
[test(org.apache.jackrabbit.oak.plugins.index.old.PrefixIndexTest): expected:<...:childNodeCount":2,"[prefix@d:":{":childNodeCount":1,":data":{}},":data":{":childNodeCount":0]}}> but was:<...:childNodeCount":2,"[:data":{":childNodeCount":0},"prefix@d:":{":childNodeCount":1,":data":{}]}}>]
10:27:06.712 [pool-39-thread-1] DEBUG tests.output - Failing tests with true: 
[test(org.apache.jackrabbit.oak.plugins.index.old.PrefixIndexTest): expected:<{":childNodeCount":[2,"prefix@d:":{":childNodeCount":1,":data":{}}],":data":{":childNod...> but was:<{":childNodeCount":[1],":data":{":childNod...>]
10:27:06.712 [pool-39-thread-1] INFO  f.i.l.r.n.synth.SMTNopolSynthesizer - Not enough specifications: 0. A trivial patch is "true" or "false", please write new tests specifying SourceLocation org.apache.jackrabbit.oak.plugins.index.old.Indexer:169.
10:27:06.712 [pool-2-thread-1] DEBUG fr.inria.lille.repair.nopol.NoPol - statement #26
10:27:06.712 [pool-2-thread-1] DEBUG fr.inria.lille.repair.nopol.NoPol - Analysing SourceLocation org.apache.jackrabbit.oak.plugins.index.old.Indexer:168 which is executed by 3 tests
-687021856
10:27:06.928 [pool-2-thread-1] DEBUG fr.inria.lille.repair.nopol.NoPol - statement #27
10:27:06.929 [pool-2-thread-1] DEBUG fr.inria.lille.repair.nopol.NoPol - Analysing SourceLocation org.apache.jackrabbit.oak.plugins.index.p2.Property2IndexLookup:208 which is executed by 6 tests
-1129691184
10:27:07.118 [pool-2-thread-1] DEBUG fr.inria.lille.repair.nopol.NoPol - statement #28
10:27:07.118 [pool-2-thread-1] DEBUG fr.inria.lille.repair.nopol.NoPol - Analysing SourceLocation org.apache.jackrabbit.oak.plugins.index.p2.Property2IndexLookup:104 which is executed by 6 tests
-1129691184
10:27:07.322 [pool-2-thread-1] DEBUG fr.inria.lille.repair.nopol.NoPol - statement #29
10:27:07.322 [pool-2-thread-1] DEBUG fr.inria.lille.repair.nopol.NoPol - Analysing SourceLocation org.apache.jackrabbit.oak.plugins.index.p2.Property2IndexLookup:206 which is executed by 8 tests
-1129691184
10:27:07.525 [pool-2-thread-1] DEBUG fr.inria.lille.repair.nopol.NoPol - statement #30
10:27:07.525 [pool-2-thread-1] DEBUG fr.inria.lille.repair.nopol.NoPol - Analysing SourceLocation org.apache.jackrabbit.oak.plugins.index.p2.Property2IndexLookup:161 which is executed by 8 tests
-1129691184
10:27:07.730 [pool-2-thread-1] DEBUG fr.inria.lille.repair.nopol.NoPol - statement #31
10:27:07.731 [pool-2-thread-1] DEBUG fr.inria.lille.repair.nopol.NoPol - Analysing SourceLocation org.apache.jackrabbit.oak.plugins.index.p2.Property2IndexLookup:123 which is executed by 8 tests
-1129691184
10:27:07.971 [pool-2-thread-1] DEBUG fr.inria.lille.repair.nopol.NoPol - looking with class fr.inria.lille.repair.nopol.spoon.smt.ConditionalAdder
java.lang.AssertionError
    at org.junit.Assert.fail(Assert.java:86)
    at org.junit.Assert.fail(Assert.java:95)
    at org.apache.jackrabbit.oak.plugins.index.p2.Property2IndexTest.testCustomConfigPropertyLookup(Property2IndexTest.java:114)
    at sun.reflect.NativeMethodAccessorImpl.invoke0(Native Method)
    at sun.reflect.NativeMethodAccessorImpl.invoke(NativeMethodAccessorImpl.java:62)
    at sun.reflect.DelegatingMethodAccessorImpl.invoke(DelegatingMethodAccessorImpl.java:43)
10:27:08.042 [pool-44-thread-1] INFO  xxl.java.junit.TestCasesListener - Tests run finished (65 ms)
<> Total tests run: 2
<> Ignored tests: 0
<> Failed tests: 1
~ testCustomConfigPropertyLookup(org.apache.jackrabbit.oak.plugins.index.p2.Property2IndexTest)
[null]
java.lang.AssertionError    at org.junit.Assert.fail(Assert.java:86)
    at org.junit.Assert.fail(Assert.java:95)
    at org.apache.jackrabbit.oak.plugins.index.p2.Property2IndexTest.testCustomConfigPropertyLookup(Property2IndexTest.java:114)
    at sun.reflect.NativeMethodAccessorImpl.invoke0(Native Method)
    at sun.reflect.NativeMethodAccessorImpl.invoke(NativeMethodAccessorImpl.java:62)
    at sun.reflect.DelegatingMethodAccessorImpl.invoke(DelegatingMethodAccessorImpl.java:43)

java.lang.AssertionError: expected:<[a, b]> but was:<[]>
    at org.junit.Assert.fail(Assert.java:88)
    at org.junit.Assert.failNotEquals(Assert.java:743)
    at org.junit.Assert.assertEquals(Assert.java:118)
    at org.junit.Assert.assertEquals(Assert.java:144)
    at org.apache.jackrabbit.oak.plugins.index.p2.Property2IndexTest.testCustomConfigPropertyLookup(Property2IndexTest.java:106)
    at sun.reflect.NativeMethodAccessorImpl.invoke0(Native Method)
10:27:08.374 [pool-45-thread-1] INFO  f.i.l.c.t.SpecificationTestCasesListener - Tests run finished (62 ms)
<> Total tests run: 1
<> Ignored tests: 0
<> Failed tests: 1
~ testCustomConfigPropertyLookup(org.apache.jackrabbit.oak.plugins.index.p2.Property2IndexTest)
[expected:<[a, b]> but was:<[]>]
java.lang.AssertionError: expected:<[a, b]> but was:<[]>    at org.junit.Assert.fail(Assert.java:88)
    at org.junit.Assert.failNotEquals(Assert.java:743)
    at org.junit.Assert.assertEquals(Assert.java:118)
    at org.junit.Assert.assertEquals(Assert.java:144)
    at org.apache.jackrabbit.oak.plugins.index.p2.Property2IndexTest.testCustomConfigPropertyLookup(Property2IndexTest.java:106)
    at sun.reflect.NativeMethodAccessorImpl.invoke0(Native Method)

java.lang.AssertionError
    at org.junit.Assert.fail(Assert.java:86)
    at org.junit.Assert.fail(Assert.java:95)
    at org.apache.jackrabbit.oak.plugins.index.p2.Property2IndexTest.testCustomConfigPropertyLookup(Property2IndexTest.java:114)
    at sun.reflect.NativeMethodAccessorImpl.invoke0(Native Method)
    at sun.reflect.NativeMethodAccessorImpl.invoke(NativeMethodAccessorImpl.java:62)
    at sun.reflect.DelegatingMethodAccessorImpl.invoke(DelegatingMethodAccessorImpl.java:43)
10:27:08.389 [pool-46-thread-1] INFO  f.i.l.c.t.SpecificationTestCasesListener - Tests run finished (7 ms)
<> Total tests run: 1
<> Ignored tests: 0
<> Failed tests: 1
~ testCustomConfigPropertyLookup(org.apache.jackrabbit.oak.plugins.index.p2.Property2IndexTest)
[null]
java.lang.AssertionError    at org.junit.Assert.fail(Assert.java:86)
    at org.junit.Assert.fail(Assert.java:95)
    at org.apache.jackrabbit.oak.plugins.index.p2.Property2IndexTest.testCustomConfigPropertyLookup(Property2IndexTest.java:114)
    at sun.reflect.NativeMethodAccessorImpl.invoke0(Native Method)
    at sun.reflect.NativeMethodAccessorImpl.invoke(NativeMethodAccessorImpl.java:62)
    at sun.reflect.DelegatingMethodAccessorImpl.invoke(DelegatingMethodAccessorImpl.java:43)

10:27:08.389 [pool-43-thread-1] DEBUG tests.output - Failing tests with false: 
[testCustomConfigPropertyLookup(org.apache.jackrabbit.oak.plugins.index.p2.Property2IndexTest): expected:<[a, b]> but was:<[]>]
10:27:08.389 [pool-43-thread-1] DEBUG tests.output - Failing tests with true: 
[testCustomConfigPropertyLookup(org.apache.jackrabbit.oak.plugins.index.p2.Property2IndexTest): null]
10:27:08.389 [pool-43-thread-1] INFO  f.i.l.r.n.synth.SMTNopolSynthesizer - Not enough specifications: 0. A trivial patch is "true" or "false", please write new tests specifying SourceLocation org.apache.jackrabbit.oak.plugins.index.p2.Property2IndexLookup:123.
10:27:08.390 [pool-2-thread-1] DEBUG fr.inria.lille.repair.nopol.NoPol - statement #32
10:27:08.390 [pool-2-thread-1] DEBUG fr.inria.lille.repair.nopol.NoPol - Analysing SourceLocation org.apache.jackrabbit.oak.plugins.index.p2.Property2IndexLookup:120 which is executed by 8 tests
-1129691184
10:27:08.548 [pool-2-thread-1] DEBUG fr.inria.lille.repair.nopol.NoPol - looking with class fr.inria.lille.repair.nopol.spoon.smt.ConditionalAdder
java.lang.AssertionError
    at org.junit.Assert.fail(Assert.java:86)
    at org.junit.Assert.fail(Assert.java:95)
    at org.apache.jackrabbit.oak.plugins.index.p2.Property2IndexTest.testCustomConfigPropertyLookup(Property2IndexTest.java:114)
    at sun.reflect.NativeMethodAccessorImpl.invoke0(Native Method)
    at sun.reflect.NativeMethodAccessorImpl.invoke(NativeMethodAccessorImpl.java:62)
    at sun.reflect.DelegatingMethodAccessorImpl.invoke(DelegatingMethodAccessorImpl.java:43)
10:27:08.616 [pool-48-thread-1] INFO  xxl.java.junit.TestCasesListener - Tests run finished (65 ms)
<> Total tests run: 2
<> Ignored tests: 0
<> Failed tests: 1
~ testCustomConfigPropertyLookup(org.apache.jackrabbit.oak.plugins.index.p2.Property2IndexTest)
[null]
java.lang.AssertionError    at org.junit.Assert.fail(Assert.java:86)
    at org.junit.Assert.fail(Assert.java:95)
    at org.apache.jackrabbit.oak.plugins.index.p2.Property2IndexTest.testCustomConfigPropertyLookup(Property2IndexTest.java:114)
    at sun.reflect.NativeMethodAccessorImpl.invoke0(Native Method)
    at sun.reflect.NativeMethodAccessorImpl.invoke(NativeMethodAccessorImpl.java:62)
    at sun.reflect.DelegatingMethodAccessorImpl.invoke(DelegatingMethodAccessorImpl.java:43)

java.lang.AssertionError: expected:<[a, b]> but was:<[]>
    at org.junit.Assert.fail(Assert.java:88)
    at org.junit.Assert.failNotEquals(Assert.java:743)
    at org.junit.Assert.assertEquals(Assert.java:118)
    at org.junit.Assert.assertEquals(Assert.java:144)
    at org.apache.jackrabbit.oak.plugins.index.p2.Property2IndexTest.testCustomConfigPropertyLookup(Property2IndexTest.java:106)
    at sun.reflect.NativeMethodAccessorImpl.invoke0(Native Method)
10:27:08.950 [pool-49-thread-1] INFO  f.i.l.c.t.SpecificationTestCasesListener - Tests run finished (60 ms)
<> Total tests run: 1
<> Ignored tests: 0
<> Failed tests: 1
~ testCustomConfigPropertyLookup(org.apache.jackrabbit.oak.plugins.index.p2.Property2IndexTest)
[expected:<[a, b]> but was:<[]>]
java.lang.AssertionError: expected:<[a, b]> but was:<[]>    at org.junit.Assert.fail(Assert.java:88)
    at org.junit.Assert.failNotEquals(Assert.java:743)
    at org.junit.Assert.assertEquals(Assert.java:118)
    at org.junit.Assert.assertEquals(Assert.java:144)
    at org.apache.jackrabbit.oak.plugins.index.p2.Property2IndexTest.testCustomConfigPropertyLookup(Property2IndexTest.java:106)
    at sun.reflect.NativeMethodAccessorImpl.invoke0(Native Method)

java.lang.AssertionError
    at org.junit.Assert.fail(Assert.java:86)
    at org.junit.Assert.fail(Assert.java:95)
    at org.apache.jackrabbit.oak.plugins.index.p2.Property2IndexTest.testCustomConfigPropertyLookup(Property2IndexTest.java:114)
    at sun.reflect.NativeMethodAccessorImpl.invoke0(Native Method)
    at sun.reflect.NativeMethodAccessorImpl.invoke(NativeMethodAccessorImpl.java:62)
    at sun.reflect.DelegatingMethodAccessorImpl.invoke(DelegatingMethodAccessorImpl.java:43)
10:27:08.959 [pool-50-thread-1] INFO  f.i.l.c.t.SpecificationTestCasesListener - Tests run finished (8 ms)
<> Total tests run: 1
<> Ignored tests: 0
<> Failed tests: 1
~ testCustomConfigPropertyLookup(org.apache.jackrabbit.oak.plugins.index.p2.Property2IndexTest)
[null]
java.lang.AssertionError    at org.junit.Assert.fail(Assert.java:86)
    at org.junit.Assert.fail(Assert.java:95)
    at org.apache.jackrabbit.oak.plugins.index.p2.Property2IndexTest.testCustomConfigPropertyLookup(Property2IndexTest.java:114)
    at sun.reflect.NativeMethodAccessorImpl.invoke0(Native Method)
    at sun.reflect.NativeMethodAccessorImpl.invoke(NativeMethodAccessorImpl.java:62)
    at sun.reflect.DelegatingMethodAccessorImpl.invoke(DelegatingMethodAccessorImpl.java:43)

10:27:08.959 [pool-47-thread-1] DEBUG tests.output - Failing tests with false: 
[testCustomConfigPropertyLookup(org.apache.jackrabbit.oak.plugins.index.p2.Property2IndexTest): expected:<[a, b]> but was:<[]>]
10:27:08.959 [pool-47-thread-1] DEBUG tests.output - Failing tests with true: 
[testCustomConfigPropertyLookup(org.apache.jackrabbit.oak.plugins.index.p2.Property2IndexTest): null]
10:27:08.959 [pool-47-thread-1] INFO  f.i.l.r.n.synth.SMTNopolSynthesizer - Not enough specifications: 0. A trivial patch is "true" or "false", please write new tests specifying SourceLocation org.apache.jackrabbit.oak.plugins.index.p2.Property2IndexLookup:120.
10:27:08.960 [pool-2-thread-1] DEBUG fr.inria.lille.repair.nopol.NoPol - looking with class fr.inria.lille.repair.nopol.spoon.smt.ConditionalReplacer
java.lang.AssertionError
    at org.junit.Assert.fail(Assert.java:86)
    at org.junit.Assert.fail(Assert.java:95)
    at org.apache.jackrabbit.oak.plugins.index.p2.Property2IndexTest.testCustomConfigPropertyLookup(Property2IndexTest.java:114)
    at sun.reflect.NativeMethodAccessorImpl.invoke0(Native Method)
    at sun.reflect.NativeMethodAccessorImpl.invoke(NativeMethodAccessorImpl.java:62)
    at sun.reflect.DelegatingMethodAccessorImpl.invoke(DelegatingMethodAccessorImpl.java:43)
10:27:09.025 [pool-52-thread-1] INFO  xxl.java.junit.TestCasesListener - Tests run finished (64 ms)
<> Total tests run: 2
<> Ignored tests: 0
<> Failed tests: 1
~ testCustomConfigPropertyLookup(org.apache.jackrabbit.oak.plugins.index.p2.Property2IndexTest)
[null]
java.lang.AssertionError    at org.junit.Assert.fail(Assert.java:86)
    at org.junit.Assert.fail(Assert.java:95)
    at org.apache.jackrabbit.oak.plugins.index.p2.Property2IndexTest.testCustomConfigPropertyLookup(Property2IndexTest.java:114)
    at sun.reflect.NativeMethodAccessorImpl.invoke0(Native Method)
    at sun.reflect.NativeMethodAccessorImpl.invoke(NativeMethodAccessorImpl.java:62)
    at sun.reflect.DelegatingMethodAccessorImpl.invoke(DelegatingMethodAccessorImpl.java:43)

java.lang.AssertionError
    at org.junit.Assert.fail(Assert.java:86)
    at org.junit.Assert.fail(Assert.java:95)
    at org.apache.jackrabbit.oak.plugins.index.p2.Property2IndexTest.testCustomConfigPropertyLookup(Property2IndexTest.java:114)
    at sun.reflect.NativeMethodAccessorImpl.invoke0(Native Method)
    at sun.reflect.NativeMethodAccessorImpl.invoke(NativeMethodAccessorImpl.java:62)
    at sun.reflect.DelegatingMethodAccessorImpl.invoke(DelegatingMethodAccessorImpl.java:43)
10:27:09.352 [pool-53-thread-1] INFO  f.i.l.c.t.SpecificationTestCasesListener - Tests run finished (60 ms)
<> Total tests run: 1
<> Ignored tests: 0
<> Failed tests: 1
~ testCustomConfigPropertyLookup(org.apache.jackrabbit.oak.plugins.index.p2.Property2IndexTest)
[null]
java.lang.AssertionError    at org.junit.Assert.fail(Assert.java:86)
    at org.junit.Assert.fail(Assert.java:95)
    at org.apache.jackrabbit.oak.plugins.index.p2.Property2IndexTest.testCustomConfigPropertyLookup(Property2IndexTest.java:114)
    at sun.reflect.NativeMethodAccessorImpl.invoke0(Native Method)
    at sun.reflect.NativeMethodAccessorImpl.invoke(NativeMethodAccessorImpl.java:62)
    at sun.reflect.DelegatingMethodAccessorImpl.invoke(DelegatingMethodAccessorImpl.java:43)

java.lang.AssertionError: expected:<[a, b]> but was:<[n90, n92, n91, n94, n93, n96, n95, n10, n98, n97, n12, n11, n99, n14, n13, n16, n15, n18, n17, n19, n21, n20, n23, n22, n25, n24, n27, n26, n29, n28, n30, n32, n31, n34, n33, n36, n35, n38, n37, n39, a, b, n41, n40, n43, n42, n45, n44, n47, n46, n49, n48, n0, n1, n2, n3, n4, n5, n6, n50, n7, n8, n52, n9, n51, n54, n53, n56, n55, n58, n57, n59, n61, n60, n63, n62, n65, n64, n67, n66, n69, n68, n70, n72, n71, n74, n73, n76, n75, n78, n77, n79, n81, n80, n83, n82, n85, n84, n87, n86, n89, n88]>
    at org.junit.Assert.fail(Assert.java:88)
    at org.junit.Assert.failNotEquals(Assert.java:743)
    at org.junit.Assert.assertEquals(Assert.java:118)
    at org.junit.Assert.assertEquals(Assert.java:144)
    at org.apache.jackrabbit.oak.plugins.index.p2.Property2IndexTest.testCustomConfigPropertyLookup(Property2IndexTest.java:106)
    at sun.reflect.NativeMethodAccessorImpl.invoke0(Native Method)
10:27:09.362 [pool-54-thread-1] INFO  f.i.l.c.t.SpecificationTestCasesListener - Tests run finished (9 ms)
<> Total tests run: 1
<> Ignored tests: 0
<> Failed tests: 1
~ testCustomConfigPropertyLookup(org.apache.jackrabbit.oak.plugins.index.p2.Property2IndexTest)
[expected:<[a, b]> but was:<[n90, n92, n91, n94, n93, n96, n95, n10, n98, n97, n12, n11, n99, n14, n13, n16, n15, n18, n17, n19, n21, n20, n23, n22, n25, n24, n27, n26, n29, n28, n30, n32, n31, n34, n33, n36, n35, n38, n37, n39, a, b, n41, n40, n43, n42, n45, n44, n47, n46, n49, n48, n0, n1, n2, n3, n4, n5, n6, n50, n7, n8, n52, n9, n51, n54, n53, n56, n55, n58, n57, n59, n61, n60, n63, n62, n65, n64, n67, n66, n69, n68, n70, n72, n71, n74, n73, n76, n75, n78, n77, n79, n81, n80, n83, n82, n85, n84, n87, n86, n89, n88]>]
java.lang.AssertionError: expected:<[a, b]> but was:<[n90, n92, n91, n94, n93, n96, n95, n10, n98, n97, n12, n11, n99, n14, n13, n16, n15, n18, n17, n19, n21, n20, n23, n22, n25, n24, n27, n26, n29, n28, n30, n32, n31, n34, n33, n36, n35, n38, n37, n39, a, b, n41, n40, n43, n42, n45, n44, n47, n46, n49, n48, n0, n1, n2, n3, n4, n5, n6, n50, n7, n8, n52, n9, n51, n54, n53, n56, n55, n58, n57, n59, n61, n60, n63, n62, n65, n64, n67, n66, n69, n68, n70, n72, n71, n74, n73, n76, n75, n78, n77, n79, n81, n80, n83, n82, n85, n84, n87, n86, n89, n88]>    at org.junit.Assert.fail(Assert.java:88)
    at org.junit.Assert.failNotEquals(Assert.java:743)
    at org.junit.Assert.assertEquals(Assert.java:118)
    at org.junit.Assert.assertEquals(Assert.java:144)
    at org.apache.jackrabbit.oak.plugins.index.p2.Property2IndexTest.testCustomConfigPropertyLookup(Property2IndexTest.java:106)
    at sun.reflect.NativeMethodAccessorImpl.invoke0(Native Method)

10:27:09.362 [pool-51-thread-1] DEBUG tests.output - Failing tests with false: 
[testCustomConfigPropertyLookup(org.apache.jackrabbit.oak.plugins.index.p2.Property2IndexTest): null]
10:27:09.362 [pool-51-thread-1] DEBUG tests.output - Failing tests with true: 
[testCustomConfigPropertyLookup(org.apache.jackrabbit.oak.plugins.index.p2.Property2IndexTest): expected:<[a, b]> but was:<[n90, n92, n91, n94, n93, n96, n95, n10, n98, n97, n12, n11, n99, n14, n13, n16, n15, n18, n17, n19, n21, n20, n23, n22, n25, n24, n27, n26, n29, n28, n30, n32, n31, n34, n33, n36, n35, n38, n37, n39, a, b, n41, n40, n43, n42, n45, n44, n47, n46, n49, n48, n0, n1, n2, n3, n4, n5, n6, n50, n7, n8, n52, n9, n51, n54, n53, n56, n55, n58, n57, n59, n61, n60, n63, n62, n65, n64, n67, n66, n69, n68, n70, n72, n71, n74, n73, n76, n75, n78, n77, n79, n81, n80, n83, n82, n85, n84, n87, n86, n89, n88]>]
10:27:09.362 [pool-51-thread-1] INFO  f.i.l.r.n.synth.SMTNopolSynthesizer - Not enough specifications: 0. A trivial patch is "true" or "false", please write new tests specifying SourceLocation org.apache.jackrabbit.oak.plugins.index.p2.Property2IndexLookup:120.
10:27:09.363 [pool-2-thread-1] DEBUG fr.inria.lille.repair.nopol.NoPol - statement #33
10:27:09.363 [pool-2-thread-1] DEBUG fr.inria.lille.repair.nopol.NoPol - Analysing SourceLocation org.apache.jackrabbit.oak.plugins.index.p2.Property2IndexLookup:119 which is executed by 8 tests
-1129691184
10:27:09.521 [pool-2-thread-1] DEBUG fr.inria.lille.repair.nopol.NoPol - looking with class fr.inria.lille.repair.nopol.spoon.smt.ConditionalAdder
java.lang.AssertionError
    at org.junit.Assert.fail(Assert.java:86)
    at org.junit.Assert.fail(Assert.java:95)
    at org.apache.jackrabbit.oak.plugins.index.p2.Property2IndexTest.testCustomConfigPropertyLookup(Property2IndexTest.java:114)
    at sun.reflect.NativeMethodAccessorImpl.invoke0(Native Method)
    at sun.reflect.NativeMethodAccessorImpl.invoke(NativeMethodAccessorImpl.java:62)
    at sun.reflect.DelegatingMethodAccessorImpl.invoke(DelegatingMethodAccessorImpl.java:43)
10:27:09.587 [pool-56-thread-1] INFO  xxl.java.junit.TestCasesListener - Tests run finished (63 ms)
<> Total tests run: 2
<> Ignored tests: 0
<> Failed tests: 1
~ testCustomConfigPropertyLookup(org.apache.jackrabbit.oak.plugins.index.p2.Property2IndexTest)
[null]
java.lang.AssertionError    at org.junit.Assert.fail(Assert.java:86)
    at org.junit.Assert.fail(Assert.java:95)
    at org.apache.jackrabbit.oak.plugins.index.p2.Property2IndexTest.testCustomConfigPropertyLookup(Property2IndexTest.java:114)
    at sun.reflect.NativeMethodAccessorImpl.invoke0(Native Method)
    at sun.reflect.NativeMethodAccessorImpl.invoke(NativeMethodAccessorImpl.java:62)
    at sun.reflect.DelegatingMethodAccessorImpl.invoke(DelegatingMethodAccessorImpl.java:43)

java.lang.AssertionError: expected:<[a, b]> but was:<[]>
    at org.junit.Assert.fail(Assert.java:88)
    at org.junit.Assert.failNotEquals(Assert.java:743)
    at org.junit.Assert.assertEquals(Assert.java:118)
    at org.junit.Assert.assertEquals(Assert.java:144)
    at org.apache.jackrabbit.oak.plugins.index.p2.Property2IndexTest.testCustomConfigPropertyLookup(Property2IndexTest.java:106)
    at sun.reflect.NativeMethodAccessorImpl.invoke0(Native Method)
10:27:09.910 [pool-57-thread-1] INFO  f.i.l.c.t.SpecificationTestCasesListener - Tests run finished (60 ms)
<> Total tests run: 1
<> Ignored tests: 0
<> Failed tests: 1
~ testCustomConfigPropertyLookup(org.apache.jackrabbit.oak.plugins.index.p2.Property2IndexTest)
[expected:<[a, b]> but was:<[]>]
java.lang.AssertionError: expected:<[a, b]> but was:<[]>    at org.junit.Assert.fail(Assert.java:88)
    at org.junit.Assert.failNotEquals(Assert.java:743)
    at org.junit.Assert.assertEquals(Assert.java:118)
    at org.junit.Assert.assertEquals(Assert.java:144)
    at org.apache.jackrabbit.oak.plugins.index.p2.Property2IndexTest.testCustomConfigPropertyLookup(Property2IndexTest.java:106)
    at sun.reflect.NativeMethodAccessorImpl.invoke0(Native Method)

java.lang.AssertionError
    at org.junit.Assert.fail(Assert.java:86)
    at org.junit.Assert.fail(Assert.java:95)
    at org.apache.jackrabbit.oak.plugins.index.p2.Property2IndexTest.testCustomConfigPropertyLookup(Property2IndexTest.java:114)
    at sun.reflect.NativeMethodAccessorImpl.invoke0(Native Method)
    at sun.reflect.NativeMethodAccessorImpl.invoke(NativeMethodAccessorImpl.java:62)
    at sun.reflect.DelegatingMethodAccessorImpl.invoke(DelegatingMethodAccessorImpl.java:43)
10:27:09.918 [pool-58-thread-1] INFO  f.i.l.c.t.SpecificationTestCasesListener - Tests run finished (7 ms)
<> Total tests run: 1
<> Ignored tests: 0
<> Failed tests: 1
~ testCustomConfigPropertyLookup(org.apache.jackrabbit.oak.plugins.index.p2.Property2IndexTest)
[null]
java.lang.AssertionError    at org.junit.Assert.fail(Assert.java:86)
    at org.junit.Assert.fail(Assert.java:95)
    at org.apache.jackrabbit.oak.plugins.index.p2.Property2IndexTest.testCustomConfigPropertyLookup(Property2IndexTest.java:114)
    at sun.reflect.NativeMethodAccessorImpl.invoke0(Native Method)
    at sun.reflect.NativeMethodAccessorImpl.invoke(NativeMethodAccessorImpl.java:62)
    at sun.reflect.DelegatingMethodAccessorImpl.invoke(DelegatingMethodAccessorImpl.java:43)

10:27:09.918 [pool-55-thread-1] DEBUG tests.output - Failing tests with false: 
[testCustomConfigPropertyLookup(org.apache.jackrabbit.oak.plugins.index.p2.Property2IndexTest): expected:<[a, b]> but was:<[]>]
10:27:09.918 [pool-55-thread-1] DEBUG tests.output - Failing tests with true: 
[testCustomConfigPropertyLookup(org.apache.jackrabbit.oak.plugins.index.p2.Property2IndexTest): null]
10:27:09.919 [pool-55-thread-1] INFO  f.i.l.r.n.synth.SMTNopolSynthesizer - Not enough specifications: 0. A trivial patch is "true" or "false", please write new tests specifying SourceLocation org.apache.jackrabbit.oak.plugins.index.p2.Property2IndexLookup:119.
10:27:09.919 [pool-2-thread-1] DEBUG fr.inria.lille.repair.nopol.NoPol - statement #34
10:27:09.919 [pool-2-thread-1] DEBUG fr.inria.lille.repair.nopol.NoPol - Analysing SourceLocation org.apache.jackrabbit.oak.plugins.index.p2.Property2IndexLookup:118 which is executed by 8 tests
-1129691184
10:27:10.087 [pool-2-thread-1] DEBUG fr.inria.lille.repair.nopol.NoPol - looking with class fr.inria.lille.repair.nopol.spoon.smt.ConditionalAdder
java.lang.AssertionError
    at org.junit.Assert.fail(Assert.java:86)
    at org.junit.Assert.fail(Assert.java:95)
    at org.apache.jackrabbit.oak.plugins.index.p2.Property2IndexTest.testCustomConfigPropertyLookup(Property2IndexTest.java:114)
    at sun.reflect.NativeMethodAccessorImpl.invoke0(Native Method)
    at sun.reflect.NativeMethodAccessorImpl.invoke(NativeMethodAccessorImpl.java:62)
    at sun.reflect.DelegatingMethodAccessorImpl.invoke(DelegatingMethodAccessorImpl.java:43)
10:27:10.976 [pool-60-thread-1] INFO  xxl.java.junit.TestCasesListener - Tests run finished (877 ms)
<> Total tests run: 2
<> Ignored tests: 0
<> Failed tests: 1
~ testCustomConfigPropertyLookup(org.apache.jackrabbit.oak.plugins.index.p2.Property2IndexTest)
[null]
java.lang.AssertionError    at org.junit.Assert.fail(Assert.java:86)
    at org.junit.Assert.fail(Assert.java:95)
    at org.apache.jackrabbit.oak.plugins.index.p2.Property2IndexTest.testCustomConfigPropertyLookup(Property2IndexTest.java:114)
    at sun.reflect.NativeMethodAccessorImpl.invoke0(Native Method)
    at sun.reflect.NativeMethodAccessorImpl.invoke(NativeMethodAccessorImpl.java:62)
    at sun.reflect.DelegatingMethodAccessorImpl.invoke(DelegatingMethodAccessorImpl.java:43)

java.lang.AssertionError: expected:<[a, b]> but was:<[]>
    at org.junit.Assert.fail(Assert.java:88)
    at org.junit.Assert.failNotEquals(Assert.java:743)
    at org.junit.Assert.assertEquals(Assert.java:118)
    at org.junit.Assert.assertEquals(Assert.java:144)
    at org.apache.jackrabbit.oak.plugins.index.p2.Property2IndexTest.testCustomConfigPropertyLookup(Property2IndexTest.java:106)
    at sun.reflect.NativeMethodAccessorImpl.invoke0(Native Method)
10:27:11.356 [pool-61-thread-1] INFO  f.i.l.c.t.SpecificationTestCasesListener - Tests run finished (59 ms)
<> Total tests run: 1
<> Ignored tests: 0
<> Failed tests: 1
~ testCustomConfigPropertyLookup(org.apache.jackrabbit.oak.plugins.index.p2.Property2IndexTest)
[expected:<[a, b]> but was:<[]>]
java.lang.AssertionError: expected:<[a, b]> but was:<[]>    at org.junit.Assert.fail(Assert.java:88)
    at org.junit.Assert.failNotEquals(Assert.java:743)
    at org.junit.Assert.assertEquals(Assert.java:118)
    at org.junit.Assert.assertEquals(Assert.java:144)
    at org.apache.jackrabbit.oak.plugins.index.p2.Property2IndexTest.testCustomConfigPropertyLookup(Property2IndexTest.java:106)
    at sun.reflect.NativeMethodAccessorImpl.invoke0(Native Method)

java.lang.AssertionError
    at org.junit.Assert.fail(Assert.java:86)
    at org.junit.Assert.fail(Assert.java:95)
    at org.apache.jackrabbit.oak.plugins.index.p2.Property2IndexTest.testCustomConfigPropertyLookup(Property2IndexTest.java:114)
    at sun.reflect.NativeMethodAccessorImpl.invoke0(Native Method)
    at sun.reflect.NativeMethodAccessorImpl.invoke(NativeMethodAccessorImpl.java:62)
    at sun.reflect.DelegatingMethodAccessorImpl.invoke(DelegatingMethodAccessorImpl.java:43)
10:27:11.367 [pool-62-thread-1] INFO  f.i.l.c.t.SpecificationTestCasesListener - Tests run finished (10 ms)
<> Total tests run: 1
<> Ignored tests: 0
<> Failed tests: 1
~ testCustomConfigPropertyLookup(org.apache.jackrabbit.oak.plugins.index.p2.Property2IndexTest)
[null]
java.lang.AssertionError    at org.junit.Assert.fail(Assert.java:86)
    at org.junit.Assert.fail(Assert.java:95)
    at org.apache.jackrabbit.oak.plugins.index.p2.Property2IndexTest.testCustomConfigPropertyLookup(Property2IndexTest.java:114)
    at sun.reflect.NativeMethodAccessorImpl.invoke0(Native Method)
    at sun.reflect.NativeMethodAccessorImpl.invoke(NativeMethodAccessorImpl.java:62)
    at sun.reflect.DelegatingMethodAccessorImpl.invoke(DelegatingMethodAccessorImpl.java:43)

10:27:11.367 [pool-59-thread-1] DEBUG tests.output - Failing tests with false: 
[testCustomConfigPropertyLookup(org.apache.jackrabbit.oak.plugins.index.p2.Property2IndexTest): expected:<[a, b]> but was:<[]>]
10:27:11.367 [pool-59-thread-1] DEBUG tests.output - Failing tests with true: 
[testCustomConfigPropertyLookup(org.apache.jackrabbit.oak.plugins.index.p2.Property2IndexTest): null]
10:27:11.367 [pool-59-thread-1] INFO  f.i.l.r.n.synth.SMTNopolSynthesizer - Not enough specifications: 0. A trivial patch is "true" or "false", please write new tests specifying SourceLocation org.apache.jackrabbit.oak.plugins.index.p2.Property2IndexLookup:118.
10:27:11.368 [pool-2-thread-1] DEBUG fr.inria.lille.repair.nopol.NoPol - looking with class fr.inria.lille.repair.nopol.spoon.smt.ConditionalReplacer
java.lang.AssertionError
    at org.junit.Assert.fail(Assert.java:86)
    at org.junit.Assert.fail(Assert.java:95)
    at org.apache.jackrabbit.oak.plugins.index.p2.Property2IndexTest.testCustomConfigPropertyLookup(Property2IndexTest.java:114)
    at sun.reflect.NativeMethodAccessorImpl.invoke0(Native Method)
    at sun.reflect.NativeMethodAccessorImpl.invoke(NativeMethodAccessorImpl.java:62)
    at sun.reflect.DelegatingMethodAccessorImpl.invoke(DelegatingMethodAccessorImpl.java:43)
10:27:11.436 [pool-64-thread-1] INFO  xxl.java.junit.TestCasesListener - Tests run finished (63 ms)
<> Total tests run: 2
<> Ignored tests: 0
<> Failed tests: 1
~ testCustomConfigPropertyLookup(org.apache.jackrabbit.oak.plugins.index.p2.Property2IndexTest)
[null]
java.lang.AssertionError    at org.junit.Assert.fail(Assert.java:86)
    at org.junit.Assert.fail(Assert.java:95)
    at org.apache.jackrabbit.oak.plugins.index.p2.Property2IndexTest.testCustomConfigPropertyLookup(Property2IndexTest.java:114)
    at sun.reflect.NativeMethodAccessorImpl.invoke0(Native Method)
    at sun.reflect.NativeMethodAccessorImpl.invoke(NativeMethodAccessorImpl.java:62)
    at sun.reflect.DelegatingMethodAccessorImpl.invoke(DelegatingMethodAccessorImpl.java:43)

java.lang.AssertionError
    at org.junit.Assert.fail(Assert.java:86)
    at org.junit.Assert.fail(Assert.java:95)
    at org.apache.jackrabbit.oak.plugins.index.p2.Property2IndexTest.testCustomConfigPropertyLookup(Property2IndexTest.java:114)
    at sun.reflect.NativeMethodAccessorImpl.invoke0(Native Method)
    at sun.reflect.NativeMethodAccessorImpl.invoke(NativeMethodAccessorImpl.java:62)
    at sun.reflect.DelegatingMethodAccessorImpl.invoke(DelegatingMethodAccessorImpl.java:43)
10:27:11.784 [pool-65-thread-1] INFO  f.i.l.c.t.SpecificationTestCasesListener - Tests run finished (80 ms)
<> Total tests run: 1
<> Ignored tests: 0
<> Failed tests: 1
~ testCustomConfigPropertyLookup(org.apache.jackrabbit.oak.plugins.index.p2.Property2IndexTest)
[null]
java.lang.AssertionError    at org.junit.Assert.fail(Assert.java:86)
    at org.junit.Assert.fail(Assert.java:95)
    at org.apache.jackrabbit.oak.plugins.index.p2.Property2IndexTest.testCustomConfigPropertyLookup(Property2IndexTest.java:114)
    at sun.reflect.NativeMethodAccessorImpl.invoke0(Native Method)
    at sun.reflect.NativeMethodAccessorImpl.invoke(NativeMethodAccessorImpl.java:62)
    at sun.reflect.DelegatingMethodAccessorImpl.invoke(DelegatingMethodAccessorImpl.java:43)

java.lang.NullPointerException
    at org.apache.jackrabbit.oak.plugins.index.p2.Property2IndexLookup.find(Property2IndexLookup.java:54)
    at org.apache.jackrabbit.oak.plugins.index.p2.Property2IndexLookup.find(Property2IndexLookup.java:27)
    at org.apache.jackrabbit.oak.plugins.index.p2.Property2IndexTest.testCustomConfigPropertyLookup(Property2IndexTest.java:113)
    at sun.reflect.NativeMethodAccessorImpl.invoke0(Native Method)
    at sun.reflect.NativeMethodAccessorImpl.invoke(NativeMethodAccessorImpl.java:62)
    at sun.reflect.DelegatingMethodAccessorImpl.invoke(DelegatingMethodAccessorImpl.java:43)
10:27:11.789 [pool-66-thread-1] INFO  f.i.l.c.t.SpecificationTestCasesListener - Tests run finished (5 ms)
<> Total tests run: 1
<> Ignored tests: 0
<> Failed tests: 1
~ testCustomConfigPropertyLookup(org.apache.jackrabbit.oak.plugins.index.p2.Property2IndexTest)
[null]
java.lang.NullPointerException    at org.apache.jackrabbit.oak.plugins.index.p2.Property2IndexLookup.find(Property2IndexLookup.java:54)
    at org.apache.jackrabbit.oak.plugins.index.p2.Property2IndexLookup.find(Property2IndexLookup.java:27)
    at org.apache.jackrabbit.oak.plugins.index.p2.Property2IndexTest.testCustomConfigPropertyLookup(Property2IndexTest.java:113)
    at sun.reflect.NativeMethodAccessorImpl.invoke0(Native Method)
    at sun.reflect.NativeMethodAccessorImpl.invoke(NativeMethodAccessorImpl.java:62)
    at sun.reflect.DelegatingMethodAccessorImpl.invoke(DelegatingMethodAccessorImpl.java:43)

10:27:11.789 [pool-63-thread-1] DEBUG tests.output - Failing tests with false: 
[testCustomConfigPropertyLookup(org.apache.jackrabbit.oak.plugins.index.p2.Property2IndexTest): null]
10:27:11.790 [pool-63-thread-1] DEBUG tests.output - Failing tests with true: 
[testCustomConfigPropertyLookup(org.apache.jackrabbit.oak.plugins.index.p2.Property2IndexTest): null]
10:27:11.790 [pool-63-thread-1] INFO  f.i.l.r.n.synth.SMTNopolSynthesizer - Not enough specifications: 0. A trivial patch is "true" or "false", please write new tests specifying SourceLocation org.apache.jackrabbit.oak.plugins.index.p2.Property2IndexLookup:118.
10:27:11.790 [pool-2-thread-1] DEBUG fr.inria.lille.repair.nopol.NoPol - statement #35
10:27:11.790 [pool-2-thread-1] DEBUG fr.inria.lille.repair.nopol.NoPol - Analysing SourceLocation org.apache.jackrabbit.oak.plugins.index.p2.Property2IndexLookup:117 which is executed by 8 tests
-1129691184
10:27:11.947 [pool-2-thread-1] DEBUG fr.inria.lille.repair.nopol.NoPol - statement #36
10:27:11.948 [pool-2-thread-1] DEBUG fr.inria.lille.repair.nopol.NoPol - Analysing SourceLocation org.apache.jackrabbit.oak.plugins.index.p2.Property2IndexLookup:115 which is executed by 8 tests
-1129691184
10:27:12.107 [pool-2-thread-1] DEBUG fr.inria.lille.repair.nopol.NoPol - statement #37
10:27:12.107 [pool-2-thread-1] DEBUG fr.inria.lille.repair.nopol.NoPol - Analysing SourceLocation org.apache.jackrabbit.oak.plugins.index.p2.strategy.ContentMirrorStoreStrategy:172 which is executed by 8 tests
-1583373091
10:27:12.269 [pool-2-thread-1] DEBUG fr.inria.lille.repair.nopol.NoPol - statement #38
10:27:12.269 [pool-2-thread-1] DEBUG fr.inria.lille.repair.nopol.NoPol - Analysing SourceLocation org.apache.jackrabbit.oak.plugins.index.p2.strategy.ContentMirrorStoreStrategy:171 which is executed by 8 tests
-1583373091
10:27:12.430 [pool-2-thread-1] DEBUG fr.inria.lille.repair.nopol.NoPol - statement #39
10:27:12.430 [pool-2-thread-1] DEBUG fr.inria.lille.repair.nopol.NoPol - Analysing SourceLocation org.apache.jackrabbit.oak.plugins.index.p2.strategy.ContentMirrorStoreStrategy:170 which is executed by 8 tests
-1583373091
10:27:12.590 [pool-2-thread-1] DEBUG fr.inria.lille.repair.nopol.NoPol - looking with class fr.inria.lille.repair.nopol.spoon.smt.ConditionalAdder
java.lang.AssertionError
    at org.junit.Assert.fail(Assert.java:86)
    at org.junit.Assert.fail(Assert.java:95)
    at org.apache.jackrabbit.oak.plugins.index.p2.Property2IndexTest.testCustomConfigPropertyLookup(Property2IndexTest.java:114)
    at sun.reflect.NativeMethodAccessorImpl.invoke0(Native Method)
    at sun.reflect.NativeMethodAccessorImpl.invoke(NativeMethodAccessorImpl.java:62)
    at sun.reflect.DelegatingMethodAccessorImpl.invoke(DelegatingMethodAccessorImpl.java:43)
10:27:12.657 [pool-68-thread-1] INFO  xxl.java.junit.TestCasesListener - Tests run finished (64 ms)
<> Total tests run: 2
<> Ignored tests: 0
<> Failed tests: 1
~ testCustomConfigPropertyLookup(org.apache.jackrabbit.oak.plugins.index.p2.Property2IndexTest)
[null]
java.lang.AssertionError    at org.junit.Assert.fail(Assert.java:86)
    at org.junit.Assert.fail(Assert.java:95)
    at org.apache.jackrabbit.oak.plugins.index.p2.Property2IndexTest.testCustomConfigPropertyLookup(Property2IndexTest.java:114)
    at sun.reflect.NativeMethodAccessorImpl.invoke0(Native Method)
    at sun.reflect.NativeMethodAccessorImpl.invoke(NativeMethodAccessorImpl.java:62)
    at sun.reflect.DelegatingMethodAccessorImpl.invoke(DelegatingMethodAccessorImpl.java:43)

java.lang.AssertionError: expected:<[a, b]> but was:<[]>
    at org.junit.Assert.fail(Assert.java:88)
    at org.junit.Assert.failNotEquals(Assert.java:743)
    at org.junit.Assert.assertEquals(Assert.java:118)
    at org.junit.Assert.assertEquals(Assert.java:144)
    at org.apache.jackrabbit.oak.plugins.index.p2.Property2IndexTest.testCustomConfigPropertyLookup(Property2IndexTest.java:106)
    at sun.reflect.NativeMethodAccessorImpl.invoke0(Native Method)
10:27:12.984 [pool-69-thread-1] INFO  f.i.l.c.t.SpecificationTestCasesListener - Tests run finished (60 ms)
<> Total tests run: 1
<> Ignored tests: 0
<> Failed tests: 1
~ testCustomConfigPropertyLookup(org.apache.jackrabbit.oak.plugins.index.p2.Property2IndexTest)
[expected:<[a, b]> but was:<[]>]
java.lang.AssertionError: expected:<[a, b]> but was:<[]>    at org.junit.Assert.fail(Assert.java:88)
    at org.junit.Assert.failNotEquals(Assert.java:743)
    at org.junit.Assert.assertEquals(Assert.java:118)
    at org.junit.Assert.assertEquals(Assert.java:144)
    at org.apache.jackrabbit.oak.plugins.index.p2.Property2IndexTest.testCustomConfigPropertyLookup(Property2IndexTest.java:106)
    at sun.reflect.NativeMethodAccessorImpl.invoke0(Native Method)

java.lang.AssertionError
    at org.junit.Assert.fail(Assert.java:86)
    at org.junit.Assert.fail(Assert.java:95)
    at org.apache.jackrabbit.oak.plugins.index.p2.Property2IndexTest.testCustomConfigPropertyLookup(Property2IndexTest.java:114)
    at sun.reflect.NativeMethodAccessorImpl.invoke0(Native Method)
    at sun.reflect.NativeMethodAccessorImpl.invoke(NativeMethodAccessorImpl.java:62)
    at sun.reflect.DelegatingMethodAccessorImpl.invoke(DelegatingMethodAccessorImpl.java:43)
10:27:12.993 [pool-70-thread-1] INFO  f.i.l.c.t.SpecificationTestCasesListener - Tests run finished (8 ms)
<> Total tests run: 1
<> Ignored tests: 0
<> Failed tests: 1
~ testCustomConfigPropertyLookup(org.apache.jackrabbit.oak.plugins.index.p2.Property2IndexTest)
[null]
java.lang.AssertionError    at org.junit.Assert.fail(Assert.java:86)
    at org.junit.Assert.fail(Assert.java:95)
    at org.apache.jackrabbit.oak.plugins.index.p2.Property2IndexTest.testCustomConfigPropertyLookup(Property2IndexTest.java:114)
    at sun.reflect.NativeMethodAccessorImpl.invoke0(Native Method)
    at sun.reflect.NativeMethodAccessorImpl.invoke(NativeMethodAccessorImpl.java:62)
    at sun.reflect.DelegatingMethodAccessorImpl.invoke(DelegatingMethodAccessorImpl.java:43)

10:27:12.993 [pool-67-thread-1] DEBUG tests.output - Failing tests with false: 
[testCustomConfigPropertyLookup(org.apache.jackrabbit.oak.plugins.index.p2.Property2IndexTest): expected:<[a, b]> but was:<[]>]
10:27:12.994 [pool-67-thread-1] DEBUG tests.output - Failing tests with true: 
[testCustomConfigPropertyLookup(org.apache.jackrabbit.oak.plugins.index.p2.Property2IndexTest): null]
10:27:12.994 [pool-67-thread-1] INFO  f.i.l.r.n.synth.SMTNopolSynthesizer - Not enough specifications: 0. A trivial patch is "true" or "false", please write new tests specifying SourceLocation org.apache.jackrabbit.oak.plugins.index.p2.strategy.ContentMirrorStoreStrategy:170.
10:27:12.994 [pool-2-thread-1] DEBUG fr.inria.lille.repair.nopol.NoPol - statement #40
10:27:12.994 [pool-2-thread-1] DEBUG fr.inria.lille.repair.nopol.NoPol - Analysing SourceLocation org.apache.jackrabbit.oak.plugins.index.p2.strategy.ContentMirrorStoreStrategy:169 which is executed by 8 tests
-1583373091
10:27:13.156 [pool-2-thread-1] DEBUG fr.inria.lille.repair.nopol.NoPol - statement #41
10:27:13.157 [pool-2-thread-1] DEBUG fr.inria.lille.repair.nopol.NoPol - Analysing SourceLocation org.apache.jackrabbit.oak.plugins.index.p2.strategy.ContentMirrorStoreStrategy:168 which is executed by 8 tests
-1583373091
10:27:13.321 [pool-2-thread-1] DEBUG fr.inria.lille.repair.nopol.NoPol - statement #42
10:27:13.321 [pool-2-thread-1] DEBUG fr.inria.lille.repair.nopol.NoPol - Analysing SourceLocation org.apache.jackrabbit.oak.plugins.index.p2.strategy.ContentMirrorStoreStrategy:167 which is executed by 8 tests
-1583373091
10:27:13.481 [pool-2-thread-1] DEBUG fr.inria.lille.repair.nopol.NoPol - looking with class fr.inria.lille.repair.nopol.spoon.smt.ConditionalAdder
java.lang.AssertionError
    at org.junit.Assert.fail(Assert.java:86)
    at org.junit.Assert.fail(Assert.java:95)
    at org.apache.jackrabbit.oak.plugins.index.p2.Property2IndexTest.testCustomConfigPropertyLookup(Property2IndexTest.java:114)
    at sun.reflect.NativeMethodAccessorImpl.invoke0(Native Method)
    at sun.reflect.NativeMethodAccessorImpl.invoke(NativeMethodAccessorImpl.java:62)
    at sun.reflect.DelegatingMethodAccessorImpl.invoke(DelegatingMethodAccessorImpl.java:43)
10:27:13.546 [pool-72-thread-1] INFO  xxl.java.junit.TestCasesListener - Tests run finished (62 ms)
<> Total tests run: 2
<> Ignored tests: 0
<> Failed tests: 1
~ testCustomConfigPropertyLookup(org.apache.jackrabbit.oak.plugins.index.p2.Property2IndexTest)
[null]
java.lang.AssertionError    at org.junit.Assert.fail(Assert.java:86)
    at org.junit.Assert.fail(Assert.java:95)
    at org.apache.jackrabbit.oak.plugins.index.p2.Property2IndexTest.testCustomConfigPropertyLookup(Property2IndexTest.java:114)
    at sun.reflect.NativeMethodAccessorImpl.invoke0(Native Method)
    at sun.reflect.NativeMethodAccessorImpl.invoke(NativeMethodAccessorImpl.java:62)
    at sun.reflect.DelegatingMethodAccessorImpl.invoke(DelegatingMethodAccessorImpl.java:43)

java.lang.AssertionError: expected:<[a, b]> but was:<[]>
    at org.junit.Assert.fail(Assert.java:88)
    at org.junit.Assert.failNotEquals(Assert.java:743)
    at org.junit.Assert.assertEquals(Assert.java:118)
    at org.junit.Assert.assertEquals(Assert.java:144)
    at org.apache.jackrabbit.oak.plugins.index.p2.Property2IndexTest.testCustomConfigPropertyLookup(Property2IndexTest.java:106)
    at sun.reflect.NativeMethodAccessorImpl.invoke0(Native Method)
10:27:13.873 [pool-73-thread-1] INFO  f.i.l.c.t.SpecificationTestCasesListener - Tests run finished (60 ms)
<> Total tests run: 1
<> Ignored tests: 0
<> Failed tests: 1
~ testCustomConfigPropertyLookup(org.apache.jackrabbit.oak.plugins.index.p2.Property2IndexTest)
[expected:<[a, b]> but was:<[]>]
java.lang.AssertionError: expected:<[a, b]> but was:<[]>    at org.junit.Assert.fail(Assert.java:88)
    at org.junit.Assert.failNotEquals(Assert.java:743)
    at org.junit.Assert.assertEquals(Assert.java:118)
    at org.junit.Assert.assertEquals(Assert.java:144)
    at org.apache.jackrabbit.oak.plugins.index.p2.Property2IndexTest.testCustomConfigPropertyLookup(Property2IndexTest.java:106)
    at sun.reflect.NativeMethodAccessorImpl.invoke0(Native Method)

java.lang.AssertionError
    at org.junit.Assert.fail(Assert.java:86)
    at org.junit.Assert.fail(Assert.java:95)
    at org.apache.jackrabbit.oak.plugins.index.p2.Property2IndexTest.testCustomConfigPropertyLookup(Property2IndexTest.java:114)
    at sun.reflect.NativeMethodAccessorImpl.invoke0(Native Method)
    at sun.reflect.NativeMethodAccessorImpl.invoke(NativeMethodAccessorImpl.java:62)
    at sun.reflect.DelegatingMethodAccessorImpl.invoke(DelegatingMethodAccessorImpl.java:43)
10:27:13.882 [pool-74-thread-1] INFO  f.i.l.c.t.SpecificationTestCasesListener - Tests run finished (8 ms)
<> Total tests run: 1
<> Ignored tests: 0
<> Failed tests: 1
~ testCustomConfigPropertyLookup(org.apache.jackrabbit.oak.plugins.index.p2.Property2IndexTest)
[null]
java.lang.AssertionError    at org.junit.Assert.fail(Assert.java:86)
    at org.junit.Assert.fail(Assert.java:95)
    at org.apache.jackrabbit.oak.plugins.index.p2.Property2IndexTest.testCustomConfigPropertyLookup(Property2IndexTest.java:114)
    at sun.reflect.NativeMethodAccessorImpl.invoke0(Native Method)
    at sun.reflect.NativeMethodAccessorImpl.invoke(NativeMethodAccessorImpl.java:62)
    at sun.reflect.DelegatingMethodAccessorImpl.invoke(DelegatingMethodAccessorImpl.java:43)

10:27:13.882 [pool-71-thread-1] DEBUG tests.output - Failing tests with false: 
[testCustomConfigPropertyLookup(org.apache.jackrabbit.oak.plugins.index.p2.Property2IndexTest): expected:<[a, b]> but was:<[]>]
10:27:13.883 [pool-71-thread-1] DEBUG tests.output - Failing tests with true: 
[testCustomConfigPropertyLookup(org.apache.jackrabbit.oak.plugins.index.p2.Property2IndexTest): null]
10:27:13.883 [pool-71-thread-1] INFO  f.i.l.r.n.synth.SMTNopolSynthesizer - Not enough specifications: 0. A trivial patch is "true" or "false", please write new tests specifying SourceLocation org.apache.jackrabbit.oak.plugins.index.p2.strategy.ContentMirrorStoreStrategy:167.
10:27:13.883 [pool-2-thread-1] DEBUG fr.inria.lille.repair.nopol.NoPol - statement #43
10:27:13.883 [pool-2-thread-1] DEBUG fr.inria.lille.repair.nopol.NoPol - Analysing SourceLocation org.apache.jackrabbit.oak.plugins.index.p2.strategy.ContentMirrorStoreStrategy:165 which is executed by 8 tests
-1583373091
10:27:14.042 [pool-2-thread-1] DEBUG fr.inria.lille.repair.nopol.NoPol - looking with class fr.inria.lille.repair.nopol.spoon.smt.ConditionalAdder
java.lang.AssertionError
    at org.junit.Assert.fail(Assert.java:86)
    at org.junit.Assert.fail(Assert.java:95)
    at org.apache.jackrabbit.oak.plugins.index.p2.Property2IndexTest.testCustomConfigPropertyLookup(Property2IndexTest.java:114)
    at sun.reflect.NativeMethodAccessorImpl.invoke0(Native Method)
    at sun.reflect.NativeMethodAccessorImpl.invoke(NativeMethodAccessorImpl.java:62)
    at sun.reflect.DelegatingMethodAccessorImpl.invoke(DelegatingMethodAccessorImpl.java:43)
10:27:14.111 [pool-76-thread-1] INFO  xxl.java.junit.TestCasesListener - Tests run finished (67 ms)
<> Total tests run: 2
<> Ignored tests: 0
<> Failed tests: 1
~ testCustomConfigPropertyLookup(org.apache.jackrabbit.oak.plugins.index.p2.Property2IndexTest)
[null]
java.lang.AssertionError    at org.junit.Assert.fail(Assert.java:86)
    at org.junit.Assert.fail(Assert.java:95)
    at org.apache.jackrabbit.oak.plugins.index.p2.Property2IndexTest.testCustomConfigPropertyLookup(Property2IndexTest.java:114)
    at sun.reflect.NativeMethodAccessorImpl.invoke0(Native Method)
    at sun.reflect.NativeMethodAccessorImpl.invoke(NativeMethodAccessorImpl.java:62)
    at sun.reflect.DelegatingMethodAccessorImpl.invoke(DelegatingMethodAccessorImpl.java:43)

java.lang.AssertionError: expected:<[a, b]> but was:<[]>
    at org.junit.Assert.fail(Assert.java:88)
    at org.junit.Assert.failNotEquals(Assert.java:743)
    at org.junit.Assert.assertEquals(Assert.java:118)
    at org.junit.Assert.assertEquals(Assert.java:144)
    at org.apache.jackrabbit.oak.plugins.index.p2.Property2IndexTest.testCustomConfigPropertyLookup(Property2IndexTest.java:106)
    at sun.reflect.NativeMethodAccessorImpl.invoke0(Native Method)
10:27:14.493 [pool-77-thread-1] INFO  f.i.l.c.t.SpecificationTestCasesListener - Tests run finished (65 ms)
<> Total tests run: 1
<> Ignored tests: 0
<> Failed tests: 1
~ testCustomConfigPropertyLookup(org.apache.jackrabbit.oak.plugins.index.p2.Property2IndexTest)
[expected:<[a, b]> but was:<[]>]
java.lang.AssertionError: expected:<[a, b]> but was:<[]>    at org.junit.Assert.fail(Assert.java:88)
    at org.junit.Assert.failNotEquals(Assert.java:743)
    at org.junit.Assert.assertEquals(Assert.java:118)
    at org.junit.Assert.assertEquals(Assert.java:144)
    at org.apache.jackrabbit.oak.plugins.index.p2.Property2IndexTest.testCustomConfigPropertyLookup(Property2IndexTest.java:106)
    at sun.reflect.NativeMethodAccessorImpl.invoke0(Native Method)

java.lang.AssertionError
    at org.junit.Assert.fail(Assert.java:86)
    at org.junit.Assert.fail(Assert.java:95)
    at org.apache.jackrabbit.oak.plugins.index.p2.Property2IndexTest.testCustomConfigPropertyLookup(Property2IndexTest.java:114)
    at sun.reflect.NativeMethodAccessorImpl.invoke0(Native Method)
    at sun.reflect.NativeMethodAccessorImpl.invoke(NativeMethodAccessorImpl.java:62)
    at sun.reflect.DelegatingMethodAccessorImpl.invoke(DelegatingMethodAccessorImpl.java:43)
10:27:14.502 [pool-78-thread-1] INFO  f.i.l.c.t.SpecificationTestCasesListener - Tests run finished (8 ms)
<> Total tests run: 1
<> Ignored tests: 0
<> Failed tests: 1
~ testCustomConfigPropertyLookup(org.apache.jackrabbit.oak.plugins.index.p2.Property2IndexTest)
[null]
java.lang.AssertionError    at org.junit.Assert.fail(Assert.java:86)
    at org.junit.Assert.fail(Assert.java:95)
    at org.apache.jackrabbit.oak.plugins.index.p2.Property2IndexTest.testCustomConfigPropertyLookup(Property2IndexTest.java:114)
    at sun.reflect.NativeMethodAccessorImpl.invoke0(Native Method)
    at sun.reflect.NativeMethodAccessorImpl.invoke(NativeMethodAccessorImpl.java:62)
    at sun.reflect.DelegatingMethodAccessorImpl.invoke(DelegatingMethodAccessorImpl.java:43)

10:27:14.503 [pool-75-thread-1] DEBUG tests.output - Failing tests with false: 
[testCustomConfigPropertyLookup(org.apache.jackrabbit.oak.plugins.index.p2.Property2IndexTest): expected:<[a, b]> but was:<[]>]
10:27:14.503 [pool-75-thread-1] DEBUG tests.output - Failing tests with true: 
[testCustomConfigPropertyLookup(org.apache.jackrabbit.oak.plugins.index.p2.Property2IndexTest): null]
10:27:14.503 [pool-75-thread-1] INFO  f.i.l.r.n.synth.SMTNopolSynthesizer - Not enough specifications: 0. A trivial patch is "true" or "false", please write new tests specifying SourceLocation org.apache.jackrabbit.oak.plugins.index.p2.strategy.ContentMirrorStoreStrategy:165.
10:27:14.503 [pool-2-thread-1] DEBUG fr.inria.lille.repair.nopol.NoPol - statement #44
10:27:14.503 [pool-2-thread-1] DEBUG fr.inria.lille.repair.nopol.NoPol - Analysing SourceLocation org.apache.jackrabbit.oak.plugins.index.p2.strategy.ContentMirrorStoreStrategy:164 which is executed by 8 tests
-1583373091
10:27:14.715 [pool-2-thread-1] DEBUG fr.inria.lille.repair.nopol.NoPol - looking with class fr.inria.lille.repair.nopol.spoon.smt.ConditionalAdder
java.lang.AssertionError
    at org.junit.Assert.fail(Assert.java:86)
    at org.junit.Assert.fail(Assert.java:95)
    at org.apache.jackrabbit.oak.plugins.index.p2.Property2IndexTest.testCustomConfigPropertyLookup(Property2IndexTest.java:114)
    at sun.reflect.NativeMethodAccessorImpl.invoke0(Native Method)
    at sun.reflect.NativeMethodAccessorImpl.invoke(NativeMethodAccessorImpl.java:62)
    at sun.reflect.DelegatingMethodAccessorImpl.invoke(DelegatingMethodAccessorImpl.java:43)
10:27:14.783 [pool-80-thread-1] INFO  xxl.java.junit.TestCasesListener - Tests run finished (64 ms)
<> Total tests run: 2
<> Ignored tests: 0
<> Failed tests: 1
~ testCustomConfigPropertyLookup(org.apache.jackrabbit.oak.plugins.index.p2.Property2IndexTest)
[null]
java.lang.AssertionError    at org.junit.Assert.fail(Assert.java:86)
    at org.junit.Assert.fail(Assert.java:95)
    at org.apache.jackrabbit.oak.plugins.index.p2.Property2IndexTest.testCustomConfigPropertyLookup(Property2IndexTest.java:114)
    at sun.reflect.NativeMethodAccessorImpl.invoke0(Native Method)
    at sun.reflect.NativeMethodAccessorImpl.invoke(NativeMethodAccessorImpl.java:62)
    at sun.reflect.DelegatingMethodAccessorImpl.invoke(DelegatingMethodAccessorImpl.java:43)

java.lang.AssertionError: expected:<[a, b]> but was:<[]>
    at org.junit.Assert.fail(Assert.java:88)
    at org.junit.Assert.failNotEquals(Assert.java:743)
    at org.junit.Assert.assertEquals(Assert.java:118)
    at org.junit.Assert.assertEquals(Assert.java:144)
    at org.apache.jackrabbit.oak.plugins.index.p2.Property2IndexTest.testCustomConfigPropertyLookup(Property2IndexTest.java:106)
    at sun.reflect.NativeMethodAccessorImpl.invoke0(Native Method)
10:27:15.091 [pool-81-thread-1] INFO  f.i.l.c.t.SpecificationTestCasesListener - Tests run finished (58 ms)
<> Total tests run: 1
<> Ignored tests: 0
<> Failed tests: 1
~ testCustomConfigPropertyLookup(org.apache.jackrabbit.oak.plugins.index.p2.Property2IndexTest)
[expected:<[a, b]> but was:<[]>]
java.lang.AssertionError: expected:<[a, b]> but was:<[]>    at org.junit.Assert.fail(Assert.java:88)
    at org.junit.Assert.failNotEquals(Assert.java:743)
    at org.junit.Assert.assertEquals(Assert.java:118)
    at org.junit.Assert.assertEquals(Assert.java:144)
    at org.apache.jackrabbit.oak.plugins.index.p2.Property2IndexTest.testCustomConfigPropertyLookup(Property2IndexTest.java:106)
    at sun.reflect.NativeMethodAccessorImpl.invoke0(Native Method)

java.lang.AssertionError
    at org.junit.Assert.fail(Assert.java:86)
    at org.junit.Assert.fail(Assert.java:95)
    at org.apache.jackrabbit.oak.plugins.index.p2.Property2IndexTest.testCustomConfigPropertyLookup(Property2IndexTest.java:114)
    at sun.reflect.NativeMethodAccessorImpl.invoke0(Native Method)
    at sun.reflect.NativeMethodAccessorImpl.invoke(NativeMethodAccessorImpl.java:62)
    at sun.reflect.DelegatingMethodAccessorImpl.invoke(DelegatingMethodAccessorImpl.java:43)
10:27:15.099 [pool-82-thread-1] INFO  f.i.l.c.t.SpecificationTestCasesListener - Tests run finished (7 ms)
<> Total tests run: 1
<> Ignored tests: 0
<> Failed tests: 1
~ testCustomConfigPropertyLookup(org.apache.jackrabbit.oak.plugins.index.p2.Property2IndexTest)
[null]
java.lang.AssertionError    at org.junit.Assert.fail(Assert.java:86)
    at org.junit.Assert.fail(Assert.java:95)
    at org.apache.jackrabbit.oak.plugins.index.p2.Property2IndexTest.testCustomConfigPropertyLookup(Property2IndexTest.java:114)
    at sun.reflect.NativeMethodAccessorImpl.invoke0(Native Method)
    at sun.reflect.NativeMethodAccessorImpl.invoke(NativeMethodAccessorImpl.java:62)
    at sun.reflect.DelegatingMethodAccessorImpl.invoke(DelegatingMethodAccessorImpl.java:43)

10:27:15.100 [pool-79-thread-1] DEBUG tests.output - Failing tests with false: 
[testCustomConfigPropertyLookup(org.apache.jackrabbit.oak.plugins.index.p2.Property2IndexTest): expected:<[a, b]> but was:<[]>]
10:27:15.100 [pool-79-thread-1] DEBUG tests.output - Failing tests with true: 
[testCustomConfigPropertyLookup(org.apache.jackrabbit.oak.plugins.index.p2.Property2IndexTest): null]
10:27:15.100 [pool-79-thread-1] INFO  f.i.l.r.n.synth.SMTNopolSynthesizer - Not enough specifications: 0. A trivial patch is "true" or "false", please write new tests specifying SourceLocation org.apache.jackrabbit.oak.plugins.index.p2.strategy.ContentMirrorStoreStrategy:164.
10:27:15.100 [pool-2-thread-1] DEBUG fr.inria.lille.repair.nopol.NoPol - looking with class fr.inria.lille.repair.nopol.spoon.smt.ConditionalReplacer
java.lang.AssertionError
    at org.junit.Assert.fail(Assert.java:86)
    at org.junit.Assert.fail(Assert.java:95)
    at org.apache.jackrabbit.oak.plugins.index.p2.Property2IndexTest.testCustomConfigPropertyLookup(Property2IndexTest.java:114)
    at sun.reflect.NativeMethodAccessorImpl.invoke0(Native Method)
    at sun.reflect.NativeMethodAccessorImpl.invoke(NativeMethodAccessorImpl.java:62)
    at sun.reflect.DelegatingMethodAccessorImpl.invoke(DelegatingMethodAccessorImpl.java:43)
10:27:15.163 [pool-84-thread-1] INFO  xxl.java.junit.TestCasesListener - Tests run finished (61 ms)
<> Total tests run: 2
<> Ignored tests: 0
<> Failed tests: 1
~ testCustomConfigPropertyLookup(org.apache.jackrabbit.oak.plugins.index.p2.Property2IndexTest)
[null]
java.lang.AssertionError    at org.junit.Assert.fail(Assert.java:86)
    at org.junit.Assert.fail(Assert.java:95)
    at org.apache.jackrabbit.oak.plugins.index.p2.Property2IndexTest.testCustomConfigPropertyLookup(Property2IndexTest.java:114)
    at sun.reflect.NativeMethodAccessorImpl.invoke0(Native Method)
    at sun.reflect.NativeMethodAccessorImpl.invoke(NativeMethodAccessorImpl.java:62)
    at sun.reflect.DelegatingMethodAccessorImpl.invoke(DelegatingMethodAccessorImpl.java:43)

java.lang.AssertionError: expected:<[a, b]> but was:<[]>
    at org.junit.Assert.fail(Assert.java:88)
    at org.junit.Assert.failNotEquals(Assert.java:743)
    at org.junit.Assert.assertEquals(Assert.java:118)
    at org.junit.Assert.assertEquals(Assert.java:144)
    at org.apache.jackrabbit.oak.plugins.index.p2.Property2IndexTest.testCustomConfigPropertyLookup(Property2IndexTest.java:106)
    at sun.reflect.NativeMethodAccessorImpl.invoke0(Native Method)
10:27:15.471 [pool-85-thread-1] INFO  f.i.l.c.t.SpecificationTestCasesListener - Tests run finished (59 ms)
<> Total tests run: 1
<> Ignored tests: 0
<> Failed tests: 1
~ testCustomConfigPropertyLookup(org.apache.jackrabbit.oak.plugins.index.p2.Property2IndexTest)
[expected:<[a, b]> but was:<[]>]
java.lang.AssertionError: expected:<[a, b]> but was:<[]>    at org.junit.Assert.fail(Assert.java:88)
    at org.junit.Assert.failNotEquals(Assert.java:743)
    at org.junit.Assert.assertEquals(Assert.java:118)
    at org.junit.Assert.assertEquals(Assert.java:144)
    at org.apache.jackrabbit.oak.plugins.index.p2.Property2IndexTest.testCustomConfigPropertyLookup(Property2IndexTest.java:106)
    at sun.reflect.NativeMethodAccessorImpl.invoke0(Native Method)

java.lang.AssertionError: expected:<[a, b]> but was:<[, a, b]>
    at org.junit.Assert.fail(Assert.java:88)
    at org.junit.Assert.failNotEquals(Assert.java:743)
    at org.junit.Assert.assertEquals(Assert.java:118)
    at org.junit.Assert.assertEquals(Assert.java:144)
    at org.apache.jackrabbit.oak.plugins.index.p2.Property2IndexTest.testCustomConfigPropertyLookup(Property2IndexTest.java:106)
    at sun.reflect.NativeMethodAccessorImpl.invoke0(Native Method)
10:27:15.475 [pool-86-thread-1] INFO  f.i.l.c.t.SpecificationTestCasesListener - Tests run finished (4 ms)
<> Total tests run: 1
<> Ignored tests: 0
<> Failed tests: 1
~ testCustomConfigPropertyLookup(org.apache.jackrabbit.oak.plugins.index.p2.Property2IndexTest)
[expected:<[a, b]> but was:<[, a, b]>]
java.lang.AssertionError: expected:<[a, b]> but was:<[, a, b]>    at org.junit.Assert.fail(Assert.java:88)
    at org.junit.Assert.failNotEquals(Assert.java:743)
    at org.junit.Assert.assertEquals(Assert.java:118)
    at org.junit.Assert.assertEquals(Assert.java:144)
    at org.apache.jackrabbit.oak.plugins.index.p2.Property2IndexTest.testCustomConfigPropertyLookup(Property2IndexTest.java:106)
    at sun.reflect.NativeMethodAccessorImpl.invoke0(Native Method)

10:27:15.476 [pool-83-thread-1] DEBUG tests.output - Failing tests with false: 
[testCustomConfigPropertyLookup(org.apache.jackrabbit.oak.plugins.index.p2.Property2IndexTest): expected:<[a, b]> but was:<[]>]
10:27:15.476 [pool-83-thread-1] DEBUG tests.output - Failing tests with true: 
[testCustomConfigPropertyLookup(org.apache.jackrabbit.oak.plugins.index.p2.Property2IndexTest): expected:<[a, b]> but was:<[, a, b]>]
10:27:15.476 [pool-83-thread-1] INFO  f.i.l.r.n.synth.SMTNopolSynthesizer - Not enough specifications: 0. A trivial patch is "true" or "false", please write new tests specifying SourceLocation org.apache.jackrabbit.oak.plugins.index.p2.strategy.ContentMirrorStoreStrategy:164.
10:27:15.476 [pool-2-thread-1] DEBUG fr.inria.lille.repair.nopol.NoPol - statement #45
10:27:15.476 [pool-2-thread-1] DEBUG fr.inria.lille.repair.nopol.NoPol - Analysing SourceLocation org.apache.jackrabbit.oak.plugins.index.p2.strategy.ContentMirrorStoreStrategy:163 which is executed by 8 tests
-1583373091
10:27:15.633 [pool-2-thread-1] DEBUG fr.inria.lille.repair.nopol.NoPol - statement #46
10:27:15.634 [pool-2-thread-1] DEBUG fr.inria.lille.repair.nopol.NoPol - Analysing SourceLocation org.apache.jackrabbit.oak.plugins.index.p2.strategy.ContentMirrorStoreStrategy:158 which is executed by 8 tests
-1583373091
10:27:15.791 [pool-2-thread-1] DEBUG fr.inria.lille.repair.nopol.NoPol - statement #47
10:27:15.792 [pool-2-thread-1] DEBUG fr.inria.lille.repair.nopol.NoPol - Analysing SourceLocation org.apache.jackrabbit.oak.plugins.index.p2.strategy.ContentMirrorStoreStrategy:156 which is executed by 8 tests
-1583373091
10:27:15.950 [pool-2-thread-1] DEBUG fr.inria.lille.repair.nopol.NoPol - statement #48
10:27:15.950 [pool-2-thread-1] DEBUG fr.inria.lille.repair.nopol.NoPol - Analysing SourceLocation org.apache.jackrabbit.oak.plugins.index.p2.strategy.ContentMirrorStoreStrategy:154 which is executed by 8 tests
-1583373091
10:27:16.108 [pool-2-thread-1] DEBUG fr.inria.lille.repair.nopol.NoPol - looking with class fr.inria.lille.repair.nopol.spoon.smt.ConditionalAdder
java.lang.AssertionError
    at org.junit.Assert.fail(Assert.java:86)
    at org.junit.Assert.fail(Assert.java:95)
    at org.apache.jackrabbit.oak.plugins.index.p2.Property2IndexTest.testCustomConfigPropertyLookup(Property2IndexTest.java:114)
    at sun.reflect.NativeMethodAccessorImpl.invoke0(Native Method)
    at sun.reflect.NativeMethodAccessorImpl.invoke(NativeMethodAccessorImpl.java:62)
    at sun.reflect.DelegatingMethodAccessorImpl.invoke(DelegatingMethodAccessorImpl.java:43)
10:27:16.172 [pool-88-thread-1] INFO  xxl.java.junit.TestCasesListener - Tests run finished (62 ms)
<> Total tests run: 2
<> Ignored tests: 0
<> Failed tests: 1
~ testCustomConfigPropertyLookup(org.apache.jackrabbit.oak.plugins.index.p2.Property2IndexTest)
[null]
java.lang.AssertionError    at org.junit.Assert.fail(Assert.java:86)
    at org.junit.Assert.fail(Assert.java:95)
    at org.apache.jackrabbit.oak.plugins.index.p2.Property2IndexTest.testCustomConfigPropertyLookup(Property2IndexTest.java:114)
    at sun.reflect.NativeMethodAccessorImpl.invoke0(Native Method)
    at sun.reflect.NativeMethodAccessorImpl.invoke(NativeMethodAccessorImpl.java:62)
    at sun.reflect.DelegatingMethodAccessorImpl.invoke(DelegatingMethodAccessorImpl.java:43)

java.lang.AssertionError: expected:<[a, b]> but was:<[]>
    at org.junit.Assert.fail(Assert.java:88)
    at org.junit.Assert.failNotEquals(Assert.java:743)
    at org.junit.Assert.assertEquals(Assert.java:118)
    at org.junit.Assert.assertEquals(Assert.java:144)
    at org.apache.jackrabbit.oak.plugins.index.p2.Property2IndexTest.testCustomConfigPropertyLookup(Property2IndexTest.java:106)
    at sun.reflect.NativeMethodAccessorImpl.invoke0(Native Method)
10:27:16.465 [pool-89-thread-1] INFO  f.i.l.c.t.SpecificationTestCasesListener - Tests run finished (59 ms)
<> Total tests run: 1
<> Ignored tests: 0
<> Failed tests: 1
~ testCustomConfigPropertyLookup(org.apache.jackrabbit.oak.plugins.index.p2.Property2IndexTest)
[expected:<[a, b]> but was:<[]>]
java.lang.AssertionError: expected:<[a, b]> but was:<[]>    at org.junit.Assert.fail(Assert.java:88)
    at org.junit.Assert.failNotEquals(Assert.java:743)
    at org.junit.Assert.assertEquals(Assert.java:118)
    at org.junit.Assert.assertEquals(Assert.java:144)
    at org.apache.jackrabbit.oak.plugins.index.p2.Property2IndexTest.testCustomConfigPropertyLookup(Property2IndexTest.java:106)
    at sun.reflect.NativeMethodAccessorImpl.invoke0(Native Method)

java.lang.AssertionError
    at org.junit.Assert.fail(Assert.java:86)
    at org.junit.Assert.fail(Assert.java:95)
    at org.apache.jackrabbit.oak.plugins.index.p2.Property2IndexTest.testCustomConfigPropertyLookup(Property2IndexTest.java:114)
    at sun.reflect.NativeMethodAccessorImpl.invoke0(Native Method)
    at sun.reflect.NativeMethodAccessorImpl.invoke(NativeMethodAccessorImpl.java:62)
    at sun.reflect.DelegatingMethodAccessorImpl.invoke(DelegatingMethodAccessorImpl.java:43)
10:27:16.472 [pool-90-thread-1] INFO  f.i.l.c.t.SpecificationTestCasesListener - Tests run finished (7 ms)
<> Total tests run: 1
<> Ignored tests: 0
<> Failed tests: 1
~ testCustomConfigPropertyLookup(org.apache.jackrabbit.oak.plugins.index.p2.Property2IndexTest)
[null]
java.lang.AssertionError    at org.junit.Assert.fail(Assert.java:86)
    at org.junit.Assert.fail(Assert.java:95)
    at org.apache.jackrabbit.oak.plugins.index.p2.Property2IndexTest.testCustomConfigPropertyLookup(Property2IndexTest.java:114)
    at sun.reflect.NativeMethodAccessorImpl.invoke0(Native Method)
    at sun.reflect.NativeMethodAccessorImpl.invoke(NativeMethodAccessorImpl.java:62)
    at sun.reflect.DelegatingMethodAccessorImpl.invoke(DelegatingMethodAccessorImpl.java:43)

10:27:16.473 [pool-87-thread-1] DEBUG tests.output - Failing tests with false: 
[testCustomConfigPropertyLookup(org.apache.jackrabbit.oak.plugins.index.p2.Property2IndexTest): expected:<[a, b]> but was:<[]>]
10:27:16.473 [pool-87-thread-1] DEBUG tests.output - Failing tests with true: 
[testCustomConfigPropertyLookup(org.apache.jackrabbit.oak.plugins.index.p2.Property2IndexTest): null]
10:27:16.473 [pool-87-thread-1] INFO  f.i.l.r.n.synth.SMTNopolSynthesizer - Not enough specifications: 0. A trivial patch is "true" or "false", please write new tests specifying SourceLocation org.apache.jackrabbit.oak.plugins.index.p2.strategy.ContentMirrorStoreStrategy:154.
10:27:16.473 [pool-2-thread-1] DEBUG fr.inria.lille.repair.nopol.NoPol - statement #49
10:27:16.473 [pool-2-thread-1] DEBUG fr.inria.lille.repair.nopol.NoPol - Analysing SourceLocation org.apache.jackrabbit.oak.plugins.index.p2.strategy.ContentMirrorStoreStrategy:152 which is executed by 8 tests
-1583373091
10:27:16.630 [pool-2-thread-1] DEBUG fr.inria.lille.repair.nopol.NoPol - looking with class fr.inria.lille.repair.nopol.spoon.smt.ConditionalAdder
java.lang.AssertionError
    at org.junit.Assert.fail(Assert.java:86)
    at org.junit.Assert.fail(Assert.java:95)
    at org.apache.jackrabbit.oak.plugins.index.p2.Property2IndexTest.testCustomConfigPropertyLookup(Property2IndexTest.java:114)
    at sun.reflect.NativeMethodAccessorImpl.invoke0(Native Method)
    at sun.reflect.NativeMethodAccessorImpl.invoke(NativeMethodAccessorImpl.java:62)
    at sun.reflect.DelegatingMethodAccessorImpl.invoke(DelegatingMethodAccessorImpl.java:43)
10:27:16.694 [pool-92-thread-1] INFO  xxl.java.junit.TestCasesListener - Tests run finished (62 ms)
<> Total tests run: 2
<> Ignored tests: 0
<> Failed tests: 1
~ testCustomConfigPropertyLookup(org.apache.jackrabbit.oak.plugins.index.p2.Property2IndexTest)
[null]
java.lang.AssertionError    at org.junit.Assert.fail(Assert.java:86)
    at org.junit.Assert.fail(Assert.java:95)
    at org.apache.jackrabbit.oak.plugins.index.p2.Property2IndexTest.testCustomConfigPropertyLookup(Property2IndexTest.java:114)
    at sun.reflect.NativeMethodAccessorImpl.invoke0(Native Method)
    at sun.reflect.NativeMethodAccessorImpl.invoke(NativeMethodAccessorImpl.java:62)
    at sun.reflect.DelegatingMethodAccessorImpl.invoke(DelegatingMethodAccessorImpl.java:43)

java.lang.AssertionError: expected:<[a, b]> but was:<[]>
    at org.junit.Assert.fail(Assert.java:88)
    at org.junit.Assert.failNotEquals(Assert.java:743)
    at org.junit.Assert.assertEquals(Assert.java:118)
    at org.junit.Assert.assertEquals(Assert.java:144)
    at org.apache.jackrabbit.oak.plugins.index.p2.Property2IndexTest.testCustomConfigPropertyLookup(Property2IndexTest.java:106)
    at sun.reflect.NativeMethodAccessorImpl.invoke0(Native Method)
10:27:16.986 [pool-93-thread-1] INFO  f.i.l.c.t.SpecificationTestCasesListener - Tests run finished (57 ms)
<> Total tests run: 1
<> Ignored tests: 0
<> Failed tests: 1
~ testCustomConfigPropertyLookup(org.apache.jackrabbit.oak.plugins.index.p2.Property2IndexTest)
[expected:<[a, b]> but was:<[]>]
java.lang.AssertionError: expected:<[a, b]> but was:<[]>    at org.junit.Assert.fail(Assert.java:88)
    at org.junit.Assert.failNotEquals(Assert.java:743)
    at org.junit.Assert.assertEquals(Assert.java:118)
    at org.junit.Assert.assertEquals(Assert.java:144)
    at org.apache.jackrabbit.oak.plugins.index.p2.Property2IndexTest.testCustomConfigPropertyLookup(Property2IndexTest.java:106)
    at sun.reflect.NativeMethodAccessorImpl.invoke0(Native Method)

java.lang.AssertionError
    at org.junit.Assert.fail(Assert.java:86)
    at org.junit.Assert.fail(Assert.java:95)
    at org.apache.jackrabbit.oak.plugins.index.p2.Property2IndexTest.testCustomConfigPropertyLookup(Property2IndexTest.java:114)
    at sun.reflect.NativeMethodAccessorImpl.invoke0(Native Method)
    at sun.reflect.NativeMethodAccessorImpl.invoke(NativeMethodAccessorImpl.java:62)
    at sun.reflect.DelegatingMethodAccessorImpl.invoke(DelegatingMethodAccessorImpl.java:43)
10:27:16.994 [pool-94-thread-1] INFO  f.i.l.c.t.SpecificationTestCasesListener - Tests run finished (7 ms)
<> Total tests run: 1
<> Ignored tests: 0
<> Failed tests: 1
~ testCustomConfigPropertyLookup(org.apache.jackrabbit.oak.plugins.index.p2.Property2IndexTest)
[null]
java.lang.AssertionError    at org.junit.Assert.fail(Assert.java:86)
    at org.junit.Assert.fail(Assert.java:95)
    at org.apache.jackrabbit.oak.plugins.index.p2.Property2IndexTest.testCustomConfigPropertyLookup(Property2IndexTest.java:114)
    at sun.reflect.NativeMethodAccessorImpl.invoke0(Native Method)
    at sun.reflect.NativeMethodAccessorImpl.invoke(NativeMethodAccessorImpl.java:62)
    at sun.reflect.DelegatingMethodAccessorImpl.invoke(DelegatingMethodAccessorImpl.java:43)

10:27:16.994 [pool-91-thread-1] DEBUG tests.output - Failing tests with false: 
[testCustomConfigPropertyLookup(org.apache.jackrabbit.oak.plugins.index.p2.Property2IndexTest): expected:<[a, b]> but was:<[]>]
10:27:16.994 [pool-91-thread-1] DEBUG tests.output - Failing tests with true: 
[testCustomConfigPropertyLookup(org.apache.jackrabbit.oak.plugins.index.p2.Property2IndexTest): null]
10:27:16.994 [pool-91-thread-1] INFO  f.i.l.r.n.synth.SMTNopolSynthesizer - Not enough specifications: 0. A trivial patch is "true" or "false", please write new tests specifying SourceLocation org.apache.jackrabbit.oak.plugins.index.p2.strategy.ContentMirrorStoreStrategy:152.
10:27:16.994 [pool-2-thread-1] DEBUG fr.inria.lille.repair.nopol.NoPol - looking with class fr.inria.lille.repair.nopol.spoon.smt.ConditionalReplacer
java.lang.AssertionError
    at org.junit.Assert.fail(Assert.java:86)
    at org.junit.Assert.fail(Assert.java:95)
    at org.apache.jackrabbit.oak.plugins.index.p2.Property2IndexTest.testCustomConfigPropertyLookup(Property2IndexTest.java:114)
    at sun.reflect.NativeMethodAccessorImpl.invoke0(Native Method)
    at sun.reflect.NativeMethodAccessorImpl.invoke(NativeMethodAccessorImpl.java:62)
    at sun.reflect.DelegatingMethodAccessorImpl.invoke(DelegatingMethodAccessorImpl.java:43)
10:27:17.058 [pool-96-thread-1] INFO  xxl.java.junit.TestCasesListener - Tests run finished (62 ms)
<> Total tests run: 2
<> Ignored tests: 0
<> Failed tests: 1
~ testCustomConfigPropertyLookup(org.apache.jackrabbit.oak.plugins.index.p2.Property2IndexTest)
[null]
java.lang.AssertionError    at org.junit.Assert.fail(Assert.java:86)
    at org.junit.Assert.fail(Assert.java:95)
    at org.apache.jackrabbit.oak.plugins.index.p2.Property2IndexTest.testCustomConfigPropertyLookup(Property2IndexTest.java:114)
    at sun.reflect.NativeMethodAccessorImpl.invoke0(Native Method)
    at sun.reflect.NativeMethodAccessorImpl.invoke(NativeMethodAccessorImpl.java:62)
    at sun.reflect.DelegatingMethodAccessorImpl.invoke(DelegatingMethodAccessorImpl.java:43)

java.lang.AssertionError: expected:<[a, b]> but was:<[]>
    at org.junit.Assert.fail(Assert.java:88)
    at org.junit.Assert.failNotEquals(Assert.java:743)
    at org.junit.Assert.assertEquals(Assert.java:118)
    at org.junit.Assert.assertEquals(Assert.java:144)
    at org.apache.jackrabbit.oak.plugins.index.p2.Property2IndexTest.testCustomConfigPropertyLookup(Property2IndexTest.java:106)
    at sun.reflect.NativeMethodAccessorImpl.invoke0(Native Method)
10:27:17.351 [pool-97-thread-1] INFO  f.i.l.c.t.SpecificationTestCasesListener - Tests run finished (57 ms)
<> Total tests run: 1
<> Ignored tests: 0
<> Failed tests: 1
~ testCustomConfigPropertyLookup(org.apache.jackrabbit.oak.plugins.index.p2.Property2IndexTest)
[expected:<[a, b]> but was:<[]>]
java.lang.AssertionError: expected:<[a, b]> but was:<[]>    at org.junit.Assert.fail(Assert.java:88)
    at org.junit.Assert.failNotEquals(Assert.java:743)
    at org.junit.Assert.assertEquals(Assert.java:118)
    at org.junit.Assert.assertEquals(Assert.java:144)
    at org.apache.jackrabbit.oak.plugins.index.p2.Property2IndexTest.testCustomConfigPropertyLookup(Property2IndexTest.java:106)
    at sun.reflect.NativeMethodAccessorImpl.invoke0(Native Method)

java.lang.NullPointerException
    at org.apache.jackrabbit.oak.plugins.index.p2.strategy.ContentMirrorStoreStrategy.getMatchingPaths(ContentMirrorStoreStrategy.java:133)
    at org.apache.jackrabbit.oak.plugins.index.p2.strategy.ContentMirrorStoreStrategy.find(ContentMirrorStoreStrategy.java:125)
    at org.apache.jackrabbit.oak.plugins.index.p2.Property2IndexLookup.find(Property2IndexLookup.java:123)
    at org.apache.jackrabbit.oak.plugins.index.p2.Property2IndexLookup.find(Property2IndexLookup.java:104)
    at org.apache.jackrabbit.oak.plugins.index.p2.Property2IndexTest.testCustomConfigPropertyLookup(Property2IndexTest.java:108)
    at sun.reflect.NativeMethodAccessorImpl.invoke0(Native Method)
10:27:17.357 [pool-98-thread-1] INFO  f.i.l.c.t.SpecificationTestCasesListener - Tests run finished (5 ms)
<> Total tests run: 1
<> Ignored tests: 0
<> Failed tests: 1
~ testCustomConfigPropertyLookup(org.apache.jackrabbit.oak.plugins.index.p2.Property2IndexTest)
[null]
java.lang.NullPointerException    at org.apache.jackrabbit.oak.plugins.index.p2.strategy.ContentMirrorStoreStrategy.getMatchingPaths(ContentMirrorStoreStrategy.java:133)
    at org.apache.jackrabbit.oak.plugins.index.p2.strategy.ContentMirrorStoreStrategy.find(ContentMirrorStoreStrategy.java:125)
    at org.apache.jackrabbit.oak.plugins.index.p2.Property2IndexLookup.find(Property2IndexLookup.java:123)
    at org.apache.jackrabbit.oak.plugins.index.p2.Property2IndexLookup.find(Property2IndexLookup.java:104)
    at org.apache.jackrabbit.oak.plugins.index.p2.Property2IndexTest.testCustomConfigPropertyLookup(Property2IndexTest.java:108)
    at sun.reflect.NativeMethodAccessorImpl.invoke0(Native Method)

10:27:17.357 [pool-95-thread-1] DEBUG tests.output - Failing tests with false: 
[testCustomConfigPropertyLookup(org.apache.jackrabbit.oak.plugins.index.p2.Property2IndexTest): expected:<[a, b]> but was:<[]>]
10:27:17.357 [pool-95-thread-1] DEBUG tests.output - Failing tests with true: 
[testCustomConfigPropertyLookup(org.apache.jackrabbit.oak.plugins.index.p2.Property2IndexTest): null]
10:27:17.357 [pool-95-thread-1] INFO  f.i.l.r.n.synth.SMTNopolSynthesizer - Not enough specifications: 0. A trivial patch is "true" or "false", please write new tests specifying SourceLocation org.apache.jackrabbit.oak.plugins.index.p2.strategy.ContentMirrorStoreStrategy:152.
10:27:17.357 [pool-2-thread-1] DEBUG fr.inria.lille.repair.nopol.NoPol - statement #50
10:27:17.357 [pool-2-thread-1] DEBUG fr.inria.lille.repair.nopol.NoPol - Analysing SourceLocation org.apache.jackrabbit.oak.plugins.index.p2.strategy.ContentMirrorStoreStrategy:151 which is executed by 8 tests
-1583373091
10:27:17.515 [pool-2-thread-1] DEBUG fr.inria.lille.repair.nopol.NoPol - statement #51
10:27:17.515 [pool-2-thread-1] DEBUG fr.inria.lille.repair.nopol.NoPol - Analysing SourceLocation org.apache.jackrabbit.oak.plugins.index.p2.strategy.ContentMirrorStoreStrategy:150 which is executed by 8 tests
-1583373091
10:27:17.673 [pool-2-thread-1] DEBUG fr.inria.lille.repair.nopol.NoPol - looking with class fr.inria.lille.repair.nopol.spoon.smt.ConditionalAdder
java.lang.AssertionError
    at org.junit.Assert.fail(Assert.java:86)
    at org.junit.Assert.fail(Assert.java:95)
    at org.apache.jackrabbit.oak.plugins.index.p2.Property2IndexTest.testCustomConfigPropertyLookup(Property2IndexTest.java:114)
    at sun.reflect.NativeMethodAccessorImpl.invoke0(Native Method)
    at sun.reflect.NativeMethodAccessorImpl.invoke(NativeMethodAccessorImpl.java:62)
    at sun.reflect.DelegatingMethodAccessorImpl.invoke(DelegatingMethodAccessorImpl.java:43)
10:27:17.737 [pool-100-thread-1] INFO  xxl.java.junit.TestCasesListener - Tests run finished (62 ms)
<> Total tests run: 2
<> Ignored tests: 0
<> Failed tests: 1
~ testCustomConfigPropertyLookup(org.apache.jackrabbit.oak.plugins.index.p2.Property2IndexTest)
[null]
java.lang.AssertionError    at org.junit.Assert.fail(Assert.java:86)
    at org.junit.Assert.fail(Assert.java:95)
    at org.apache.jackrabbit.oak.plugins.index.p2.Property2IndexTest.testCustomConfigPropertyLookup(Property2IndexTest.java:114)
    at sun.reflect.NativeMethodAccessorImpl.invoke0(Native Method)
    at sun.reflect.NativeMethodAccessorImpl.invoke(NativeMethodAccessorImpl.java:62)
    at sun.reflect.DelegatingMethodAccessorImpl.invoke(DelegatingMethodAccessorImpl.java:43)

java.lang.AssertionError: expected:<[a, b]> but was:<[]>
    at org.junit.Assert.fail(Assert.java:88)
    at org.junit.Assert.failNotEquals(Assert.java:743)
    at org.junit.Assert.assertEquals(Assert.java:118)
    at org.junit.Assert.assertEquals(Assert.java:144)
    at org.apache.jackrabbit.oak.plugins.index.p2.Property2IndexTest.testCustomConfigPropertyLookup(Property2IndexTest.java:106)
    at sun.reflect.NativeMethodAccessorImpl.invoke0(Native Method)
10:27:18.032 [pool-101-thread-1] INFO  f.i.l.c.t.SpecificationTestCasesListener - Tests run finished (58 ms)
<> Total tests run: 1
<> Ignored tests: 0
<> Failed tests: 1
~ testCustomConfigPropertyLookup(org.apache.jackrabbit.oak.plugins.index.p2.Property2IndexTest)
[expected:<[a, b]> but was:<[]>]
java.lang.AssertionError: expected:<[a, b]> but was:<[]>    at org.junit.Assert.fail(Assert.java:88)
    at org.junit.Assert.failNotEquals(Assert.java:743)
    at org.junit.Assert.assertEquals(Assert.java:118)
    at org.junit.Assert.assertEquals(Assert.java:144)
    at org.apache.jackrabbit.oak.plugins.index.p2.Property2IndexTest.testCustomConfigPropertyLookup(Property2IndexTest.java:106)
    at sun.reflect.NativeMethodAccessorImpl.invoke0(Native Method)

java.lang.AssertionError
    at org.junit.Assert.fail(Assert.java:86)
    at org.junit.Assert.fail(Assert.java:95)
    at org.apache.jackrabbit.oak.plugins.index.p2.Property2IndexTest.testCustomConfigPropertyLookup(Property2IndexTest.java:114)
    at sun.reflect.NativeMethodAccessorImpl.invoke0(Native Method)
    at sun.reflect.NativeMethodAccessorImpl.invoke(NativeMethodAccessorImpl.java:62)
    at sun.reflect.DelegatingMethodAccessorImpl.invoke(DelegatingMethodAccessorImpl.java:43)
10:27:18.040 [pool-102-thread-1] INFO  f.i.l.c.t.SpecificationTestCasesListener - Tests run finished (7 ms)
<> Total tests run: 1
<> Ignored tests: 0
<> Failed tests: 1
~ testCustomConfigPropertyLookup(org.apache.jackrabbit.oak.plugins.index.p2.Property2IndexTest)
[null]
java.lang.AssertionError    at org.junit.Assert.fail(Assert.java:86)
    at org.junit.Assert.fail(Assert.java:95)
    at org.apache.jackrabbit.oak.plugins.index.p2.Property2IndexTest.testCustomConfigPropertyLookup(Property2IndexTest.java:114)
    at sun.reflect.NativeMethodAccessorImpl.invoke0(Native Method)
    at sun.reflect.NativeMethodAccessorImpl.invoke(NativeMethodAccessorImpl.java:62)
    at sun.reflect.DelegatingMethodAccessorImpl.invoke(DelegatingMethodAccessorImpl.java:43)

10:27:18.040 [pool-99-thread-1] DEBUG tests.output - Failing tests with false: 
[testCustomConfigPropertyLookup(org.apache.jackrabbit.oak.plugins.index.p2.Property2IndexTest): expected:<[a, b]> but was:<[]>]
10:27:18.040 [pool-99-thread-1] DEBUG tests.output - Failing tests with true: 
[testCustomConfigPropertyLookup(org.apache.jackrabbit.oak.plugins.index.p2.Property2IndexTest): null]
10:27:18.040 [pool-99-thread-1] INFO  f.i.l.r.n.synth.SMTNopolSynthesizer - Not enough specifications: 0. A trivial patch is "true" or "false", please write new tests specifying SourceLocation org.apache.jackrabbit.oak.plugins.index.p2.strategy.ContentMirrorStoreStrategy:150.
10:27:18.040 [pool-2-thread-1] DEBUG fr.inria.lille.repair.nopol.NoPol - statement #52
10:27:18.040 [pool-2-thread-1] DEBUG fr.inria.lille.repair.nopol.NoPol - Analysing SourceLocation org.apache.jackrabbit.oak.plugins.index.p2.strategy.ContentMirrorStoreStrategy:142 which is executed by 8 tests
-1583373091
10:27:18.199 [pool-2-thread-1] DEBUG fr.inria.lille.repair.nopol.NoPol - looking with class fr.inria.lille.repair.nopol.spoon.smt.ConditionalAdder
java.lang.AssertionError
    at org.junit.Assert.fail(Assert.java:86)
    at org.junit.Assert.fail(Assert.java:95)
    at org.apache.jackrabbit.oak.plugins.index.p2.Property2IndexTest.testCustomConfigPropertyLookup(Property2IndexTest.java:114)
    at sun.reflect.NativeMethodAccessorImpl.invoke0(Native Method)
    at sun.reflect.NativeMethodAccessorImpl.invoke(NativeMethodAccessorImpl.java:62)
    at sun.reflect.DelegatingMethodAccessorImpl.invoke(DelegatingMethodAccessorImpl.java:43)
10:27:18.266 [pool-104-thread-1] INFO  xxl.java.junit.TestCasesListener - Tests run finished (64 ms)
<> Total tests run: 2
<> Ignored tests: 0
<> Failed tests: 1
~ testCustomConfigPropertyLookup(org.apache.jackrabbit.oak.plugins.index.p2.Property2IndexTest)
[null]
java.lang.AssertionError    at org.junit.Assert.fail(Assert.java:86)
    at org.junit.Assert.fail(Assert.java:95)
    at org.apache.jackrabbit.oak.plugins.index.p2.Property2IndexTest.testCustomConfigPropertyLookup(Property2IndexTest.java:114)
    at sun.reflect.NativeMethodAccessorImpl.invoke0(Native Method)
    at sun.reflect.NativeMethodAccessorImpl.invoke(NativeMethodAccessorImpl.java:62)
    at sun.reflect.DelegatingMethodAccessorImpl.invoke(DelegatingMethodAccessorImpl.java:43)

java.lang.AssertionError: expected:<[a, b]> but was:<[]>
    at org.junit.Assert.fail(Assert.java:88)
    at org.junit.Assert.failNotEquals(Assert.java:743)
    at org.junit.Assert.assertEquals(Assert.java:118)
    at org.junit.Assert.assertEquals(Assert.java:144)
    at org.apache.jackrabbit.oak.plugins.index.p2.Property2IndexTest.testCustomConfigPropertyLookup(Property2IndexTest.java:106)
    at sun.reflect.NativeMethodAccessorImpl.invoke0(Native Method)
10:27:18.612 [pool-105-thread-1] INFO  f.i.l.c.t.SpecificationTestCasesListener - Tests run finished (59 ms)
<> Total tests run: 1
<> Ignored tests: 0
<> Failed tests: 1
~ testCustomConfigPropertyLookup(org.apache.jackrabbit.oak.plugins.index.p2.Property2IndexTest)
[expected:<[a, b]> but was:<[]>]
java.lang.AssertionError: expected:<[a, b]> but was:<[]>    at org.junit.Assert.fail(Assert.java:88)
    at org.junit.Assert.failNotEquals(Assert.java:743)
    at org.junit.Assert.assertEquals(Assert.java:118)
    at org.junit.Assert.assertEquals(Assert.java:144)
    at org.apache.jackrabbit.oak.plugins.index.p2.Property2IndexTest.testCustomConfigPropertyLookup(Property2IndexTest.java:106)
    at sun.reflect.NativeMethodAccessorImpl.invoke0(Native Method)

java.lang.AssertionError
    at org.junit.Assert.fail(Assert.java:86)
    at org.junit.Assert.fail(Assert.java:95)
    at org.apache.jackrabbit.oak.plugins.index.p2.Property2IndexTest.testCustomConfigPropertyLookup(Property2IndexTest.java:114)
    at sun.reflect.NativeMethodAccessorImpl.invoke0(Native Method)
    at sun.reflect.NativeMethodAccessorImpl.invoke(NativeMethodAccessorImpl.java:62)
    at sun.reflect.DelegatingMethodAccessorImpl.invoke(DelegatingMethodAccessorImpl.java:43)
10:27:18.620 [pool-106-thread-1] INFO  f.i.l.c.t.SpecificationTestCasesListener - Tests run finished (7 ms)
<> Total tests run: 1
<> Ignored tests: 0
<> Failed tests: 1
~ testCustomConfigPropertyLookup(org.apache.jackrabbit.oak.plugins.index.p2.Property2IndexTest)
[null]
java.lang.AssertionError    at org.junit.Assert.fail(Assert.java:86)
    at org.junit.Assert.fail(Assert.java:95)
    at org.apache.jackrabbit.oak.plugins.index.p2.Property2IndexTest.testCustomConfigPropertyLookup(Property2IndexTest.java:114)
    at sun.reflect.NativeMethodAccessorImpl.invoke0(Native Method)
    at sun.reflect.NativeMethodAccessorImpl.invoke(NativeMethodAccessorImpl.java:62)
    at sun.reflect.DelegatingMethodAccessorImpl.invoke(DelegatingMethodAccessorImpl.java:43)

10:27:18.621 [pool-103-thread-1] DEBUG tests.output - Failing tests with false: 
[testCustomConfigPropertyLookup(org.apache.jackrabbit.oak.plugins.index.p2.Property2IndexTest): expected:<[a, b]> but was:<[]>]
10:27:18.621 [pool-103-thread-1] DEBUG tests.output - Failing tests with true: 
[testCustomConfigPropertyLookup(org.apache.jackrabbit.oak.plugins.index.p2.Property2IndexTest): null]
10:27:18.621 [pool-103-thread-1] INFO  f.i.l.r.n.synth.SMTNopolSynthesizer - Not enough specifications: 0. A trivial patch is "true" or "false", please write new tests specifying SourceLocation org.apache.jackrabbit.oak.plugins.index.p2.strategy.ContentMirrorStoreStrategy:142.
10:27:18.621 [pool-2-thread-1] DEBUG fr.inria.lille.repair.nopol.NoPol - looking with class fr.inria.lille.repair.nopol.spoon.smt.ConditionalReplacer
java.lang.AssertionError
    at org.junit.Assert.fail(Assert.java:86)
    at org.junit.Assert.fail(Assert.java:95)
    at org.apache.jackrabbit.oak.plugins.index.p2.Property2IndexTest.testCustomConfigPropertyLookup(Property2IndexTest.java:114)
    at sun.reflect.NativeMethodAccessorImpl.invoke0(Native Method)
    at sun.reflect.NativeMethodAccessorImpl.invoke(NativeMethodAccessorImpl.java:62)
    at sun.reflect.DelegatingMethodAccessorImpl.invoke(DelegatingMethodAccessorImpl.java:43)
10:27:18.687 [pool-108-thread-1] INFO  xxl.java.junit.TestCasesListener - Tests run finished (64 ms)
<> Total tests run: 2
<> Ignored tests: 0
<> Failed tests: 1
~ testCustomConfigPropertyLookup(org.apache.jackrabbit.oak.plugins.index.p2.Property2IndexTest)
[null]
java.lang.AssertionError    at org.junit.Assert.fail(Assert.java:86)
    at org.junit.Assert.fail(Assert.java:95)
    at org.apache.jackrabbit.oak.plugins.index.p2.Property2IndexTest.testCustomConfigPropertyLookup(Property2IndexTest.java:114)
    at sun.reflect.NativeMethodAccessorImpl.invoke0(Native Method)
    at sun.reflect.NativeMethodAccessorImpl.invoke(NativeMethodAccessorImpl.java:62)
    at sun.reflect.DelegatingMethodAccessorImpl.invoke(DelegatingMethodAccessorImpl.java:43)

java.lang.AssertionError
    at org.junit.Assert.fail(Assert.java:86)
    at org.junit.Assert.fail(Assert.java:95)
    at org.apache.jackrabbit.oak.plugins.index.p2.Property2IndexTest.testCustomConfigPropertyLookup(Property2IndexTest.java:114)
    at sun.reflect.NativeMethodAccessorImpl.invoke0(Native Method)
    at sun.reflect.NativeMethodAccessorImpl.invoke(NativeMethodAccessorImpl.java:62)
    at sun.reflect.DelegatingMethodAccessorImpl.invoke(DelegatingMethodAccessorImpl.java:43)
10:27:18.982 [pool-109-thread-1] INFO  f.i.l.c.t.SpecificationTestCasesListener - Tests run finished (60 ms)
<> Total tests run: 1
<> Ignored tests: 0
<> Failed tests: 1
~ testCustomConfigPropertyLookup(org.apache.jackrabbit.oak.plugins.index.p2.Property2IndexTest)
[null]
java.lang.AssertionError    at org.junit.Assert.fail(Assert.java:86)
    at org.junit.Assert.fail(Assert.java:95)
    at org.apache.jackrabbit.oak.plugins.index.p2.Property2IndexTest.testCustomConfigPropertyLookup(Property2IndexTest.java:114)
    at sun.reflect.NativeMethodAccessorImpl.invoke0(Native Method)
    at sun.reflect.NativeMethodAccessorImpl.invoke(NativeMethodAccessorImpl.java:62)
    at sun.reflect.DelegatingMethodAccessorImpl.invoke(DelegatingMethodAccessorImpl.java:43)

java.lang.AssertionError: expected:<[a, b]> but was:<[n90, n92, n91, n94, n93, n96, n95, n10, n98, n97, n12, n11, n99, n14, n13, n16, n15, n18, n17, n19, n21, n20, n23, n22, n25, n24, n27, n26, n29, n28, n30, n32, n31, n34, n33, n36, n35, n38, n37, n39, a, b, n41, n40, n43, n42, n45, n44, n47, n46, n49, n48, n0, n1, n2, n3, n4, n5, n6, n50, n7, n8, n52, n9, n51, n54, n53, n56, n55, n58, n57, n59, n61, n60, n63, n62, n65, n64, n67, n66, n69, n68, n70, n72, n71, n74, n73, n76, n75, n78, n77, n79, n81, n80, n83, n82, n85, n84, n87, n86, n89, n88]>
    at org.junit.Assert.fail(Assert.java:88)
    at org.junit.Assert.failNotEquals(Assert.java:743)
    at org.junit.Assert.assertEquals(Assert.java:118)
    at org.junit.Assert.assertEquals(Assert.java:144)
    at org.apache.jackrabbit.oak.plugins.index.p2.Property2IndexTest.testCustomConfigPropertyLookup(Property2IndexTest.java:106)
    at sun.reflect.NativeMethodAccessorImpl.invoke0(Native Method)
10:27:18.990 [pool-110-thread-1] INFO  f.i.l.c.t.SpecificationTestCasesListener - Tests run finished (7 ms)
<> Total tests run: 1
<> Ignored tests: 0
<> Failed tests: 1
~ testCustomConfigPropertyLookup(org.apache.jackrabbit.oak.plugins.index.p2.Property2IndexTest)
[expected:<[a, b]> but was:<[n90, n92, n91, n94, n93, n96, n95, n10, n98, n97, n12, n11, n99, n14, n13, n16, n15, n18, n17, n19, n21, n20, n23, n22, n25, n24, n27, n26, n29, n28, n30, n32, n31, n34, n33, n36, n35, n38, n37, n39, a, b, n41, n40, n43, n42, n45, n44, n47, n46, n49, n48, n0, n1, n2, n3, n4, n5, n6, n50, n7, n8, n52, n9, n51, n54, n53, n56, n55, n58, n57, n59, n61, n60, n63, n62, n65, n64, n67, n66, n69, n68, n70, n72, n71, n74, n73, n76, n75, n78, n77, n79, n81, n80, n83, n82, n85, n84, n87, n86, n89, n88]>]
java.lang.AssertionError: expected:<[a, b]> but was:<[n90, n92, n91, n94, n93, n96, n95, n10, n98, n97, n12, n11, n99, n14, n13, n16, n15, n18, n17, n19, n21, n20, n23, n22, n25, n24, n27, n26, n29, n28, n30, n32, n31, n34, n33, n36, n35, n38, n37, n39, a, b, n41, n40, n43, n42, n45, n44, n47, n46, n49, n48, n0, n1, n2, n3, n4, n5, n6, n50, n7, n8, n52, n9, n51, n54, n53, n56, n55, n58, n57, n59, n61, n60, n63, n62, n65, n64, n67, n66, n69, n68, n70, n72, n71, n74, n73, n76, n75, n78, n77, n79, n81, n80, n83, n82, n85, n84, n87, n86, n89, n88]>    at org.junit.Assert.fail(Assert.java:88)
    at org.junit.Assert.failNotEquals(Assert.java:743)
    at org.junit.Assert.assertEquals(Assert.java:118)
    at org.junit.Assert.assertEquals(Assert.java:144)
    at org.apache.jackrabbit.oak.plugins.index.p2.Property2IndexTest.testCustomConfigPropertyLookup(Property2IndexTest.java:106)
    at sun.reflect.NativeMethodAccessorImpl.invoke0(Native Method)

10:27:18.991 [pool-107-thread-1] DEBUG tests.output - Failing tests with false: 
[testCustomConfigPropertyLookup(org.apache.jackrabbit.oak.plugins.index.p2.Property2IndexTest): null]
10:27:18.991 [pool-107-thread-1] DEBUG tests.output - Failing tests with true: 
[testCustomConfigPropertyLookup(org.apache.jackrabbit.oak.plugins.index.p2.Property2IndexTest): expected:<[a, b]> but was:<[n90, n92, n91, n94, n93, n96, n95, n10, n98, n97, n12, n11, n99, n14, n13, n16, n15, n18, n17, n19, n21, n20, n23, n22, n25, n24, n27, n26, n29, n28, n30, n32, n31, n34, n33, n36, n35, n38, n37, n39, a, b, n41, n40, n43, n42, n45, n44, n47, n46, n49, n48, n0, n1, n2, n3, n4, n5, n6, n50, n7, n8, n52, n9, n51, n54, n53, n56, n55, n58, n57, n59, n61, n60, n63, n62, n65, n64, n67, n66, n69, n68, n70, n72, n71, n74, n73, n76, n75, n78, n77, n79, n81, n80, n83, n82, n85, n84, n87, n86, n89, n88]>]
10:27:18.991 [pool-107-thread-1] INFO  f.i.l.r.n.synth.SMTNopolSynthesizer - Not enough specifications: 0. A trivial patch is "true" or "false", please write new tests specifying SourceLocation org.apache.jackrabbit.oak.plugins.index.p2.strategy.ContentMirrorStoreStrategy:142.
10:27:18.991 [pool-2-thread-1] DEBUG fr.inria.lille.repair.nopol.NoPol - statement #53
10:27:18.991 [pool-2-thread-1] DEBUG fr.inria.lille.repair.nopol.NoPol - Analysing SourceLocation org.apache.jackrabbit.oak.plugins.index.p2.strategy.ContentMirrorStoreStrategy:141 which is executed by 8 tests
-1583373091
10:27:19.148 [pool-2-thread-1] DEBUG fr.inria.lille.repair.nopol.NoPol - statement #54
10:27:19.148 [pool-2-thread-1] DEBUG fr.inria.lille.repair.nopol.NoPol - Analysing SourceLocation org.apache.jackrabbit.oak.plugins.index.p2.Property2IndexLookup:202 which is executed by 9 tests
-1129691184
10:27:19.307 [pool-2-thread-1] DEBUG fr.inria.lille.repair.nopol.NoPol - looking with class fr.inria.lille.repair.nopol.spoon.smt.ConditionalAdder
java.lang.AssertionError
    at org.junit.Assert.fail(Assert.java:86)
    at org.junit.Assert.fail(Assert.java:95)
    at org.apache.jackrabbit.oak.plugins.index.p2.Property2IndexTest.testCustomConfigPropertyLookup(Property2IndexTest.java:114)
    at sun.reflect.NativeMethodAccessorImpl.invoke0(Native Method)
    at sun.reflect.NativeMethodAccessorImpl.invoke(NativeMethodAccessorImpl.java:62)
    at sun.reflect.DelegatingMethodAccessorImpl.invoke(DelegatingMethodAccessorImpl.java:43)
10:27:19.374 [pool-112-thread-1] INFO  xxl.java.junit.TestCasesListener - Tests run finished (65 ms)
<> Total tests run: 2
<> Ignored tests: 0
<> Failed tests: 1
~ testCustomConfigPropertyLookup(org.apache.jackrabbit.oak.plugins.index.p2.Property2IndexTest)
[null]
java.lang.AssertionError    at org.junit.Assert.fail(Assert.java:86)
    at org.junit.Assert.fail(Assert.java:95)
    at org.apache.jackrabbit.oak.plugins.index.p2.Property2IndexTest.testCustomConfigPropertyLookup(Property2IndexTest.java:114)
    at sun.reflect.NativeMethodAccessorImpl.invoke0(Native Method)
    at sun.reflect.NativeMethodAccessorImpl.invoke(NativeMethodAccessorImpl.java:62)
    at sun.reflect.DelegatingMethodAccessorImpl.invoke(DelegatingMethodAccessorImpl.java:43)

java.lang.AssertionError
    at org.junit.Assert.fail(Assert.java:86)
    at org.junit.Assert.fail(Assert.java:95)
    at org.apache.jackrabbit.oak.plugins.index.p2.Property2IndexTest.testCustomConfigPropertyLookup(Property2IndexTest.java:114)
    at sun.reflect.NativeMethodAccessorImpl.invoke0(Native Method)
    at sun.reflect.NativeMethodAccessorImpl.invoke(NativeMethodAccessorImpl.java:62)
    at sun.reflect.DelegatingMethodAccessorImpl.invoke(DelegatingMethodAccessorImpl.java:43)
10:27:19.689 [pool-113-thread-1] INFO  f.i.l.c.t.SpecificationTestCasesListener - Tests run finished (65 ms)
<> Total tests run: 1
<> Ignored tests: 0
<> Failed tests: 1
~ testCustomConfigPropertyLookup(org.apache.jackrabbit.oak.plugins.index.p2.Property2IndexTest)
[null]
java.lang.AssertionError    at org.junit.Assert.fail(Assert.java:86)
    at org.junit.Assert.fail(Assert.java:95)
    at org.apache.jackrabbit.oak.plugins.index.p2.Property2IndexTest.testCustomConfigPropertyLookup(Property2IndexTest.java:114)
    at sun.reflect.NativeMethodAccessorImpl.invoke0(Native Method)
    at sun.reflect.NativeMethodAccessorImpl.invoke(NativeMethodAccessorImpl.java:62)
    at sun.reflect.DelegatingMethodAccessorImpl.invoke(DelegatingMethodAccessorImpl.java:43)

java.lang.AssertionError
    at org.junit.Assert.fail(Assert.java:86)
    at org.junit.Assert.fail(Assert.java:95)
    at org.apache.jackrabbit.oak.plugins.index.p2.Property2IndexTest.testCustomConfigPropertyLookup(Property2IndexTest.java:114)
    at sun.reflect.NativeMethodAccessorImpl.invoke0(Native Method)
    at sun.reflect.NativeMethodAccessorImpl.invoke(NativeMethodAccessorImpl.java:62)
    at sun.reflect.DelegatingMethodAccessorImpl.invoke(DelegatingMethodAccessorImpl.java:43)
10:27:19.695 [pool-114-thread-1] INFO  f.i.l.c.t.SpecificationTestCasesListener - Tests run finished (5 ms)
<> Total tests run: 1
<> Ignored tests: 0
<> Failed tests: 1
~ testCustomConfigPropertyLookup(org.apache.jackrabbit.oak.plugins.index.p2.Property2IndexTest)
[null]
java.lang.AssertionError    at org.junit.Assert.fail(Assert.java:86)
    at org.junit.Assert.fail(Assert.java:95)
    at org.apache.jackrabbit.oak.plugins.index.p2.Property2IndexTest.testCustomConfigPropertyLookup(Property2IndexTest.java:114)
    at sun.reflect.NativeMethodAccessorImpl.invoke0(Native Method)
    at sun.reflect.NativeMethodAccessorImpl.invoke(NativeMethodAccessorImpl.java:62)
    at sun.reflect.DelegatingMethodAccessorImpl.invoke(DelegatingMethodAccessorImpl.java:43)

10:27:19.696 [pool-111-thread-1] DEBUG tests.output - Failing tests with false: 
[testCustomConfigPropertyLookup(org.apache.jackrabbit.oak.plugins.index.p2.Property2IndexTest): null]
10:27:19.696 [pool-111-thread-1] DEBUG tests.output - Failing tests with true: 
[testCustomConfigPropertyLookup(org.apache.jackrabbit.oak.plugins.index.p2.Property2IndexTest): null]
10:27:19.696 [pool-111-thread-1] INFO  f.i.l.r.n.synth.SMTNopolSynthesizer - Not enough specifications: 0. A trivial patch is "true" or "false", please write new tests specifying SourceLocation org.apache.jackrabbit.oak.plugins.index.p2.Property2IndexLookup:202.
10:27:19.696 [pool-2-thread-1] DEBUG fr.inria.lille.repair.nopol.NoPol - statement #55
10:27:19.696 [pool-2-thread-1] DEBUG fr.inria.lille.repair.nopol.NoPol - Analysing SourceLocation org.apache.jackrabbit.oak.plugins.memory.ModifiedNodeState:141 which is executed by 9 tests
-1131608377
10:27:19.867 [pool-2-thread-1] DEBUG fr.inria.lille.repair.nopol.NoPol - statement #56
10:27:19.867 [pool-2-thread-1] DEBUG fr.inria.lille.repair.nopol.NoPol - Analysing SourceLocation org.apache.jackrabbit.oak.plugins.index.old.Indexer:634 which is executed by 11 tests
-687021856
10:27:20.046 [pool-2-thread-1] DEBUG fr.inria.lille.repair.nopol.NoPol - statement #57
10:27:20.046 [pool-2-thread-1] DEBUG fr.inria.lille.repair.nopol.NoPol - Analysing SourceLocation org.apache.jackrabbit.oak.plugins.index.old.Indexer:631 which is executed by 11 tests
-687021856
10:27:20.224 [pool-2-thread-1] DEBUG fr.inria.lille.repair.nopol.NoPol - statement #58
10:27:20.224 [pool-2-thread-1] DEBUG fr.inria.lille.repair.nopol.NoPol - Analysing SourceLocation org.apache.jackrabbit.oak.plugins.index.old.Indexer:628 which is executed by 11 tests
-687021856
10:27:20.401 [pool-2-thread-1] DEBUG fr.inria.lille.repair.nopol.NoPol - looking with class fr.inria.lille.repair.nopol.spoon.smt.ConditionalAdder
SLF4J: Class path contains multiple SLF4J bindings.
SLF4J: Found binding in [jar:file:/home/tdurieux/.m2/repository/org/slf4j/slf4j-nop/1.5.8/slf4j-nop-1.5.8.jar!/org/slf4j/impl/StaticLoggerBinder.class]
SLF4J: Found binding in [jar:file:/home/tdurieux/.m2/repository/ch/qos/logback/logback-classic/1.0.1/logback-classic-1.0.1.jar!/org/slf4j/impl/StaticLoggerBinder.class]
SLF4J: Found binding in [jar:file:/home/tdurieux/.m2/repository/org/slf4j/slf4j-simple/1.6.1/slf4j-simple-1.6.1.jar!/org/slf4j/impl/StaticLoggerBinder.class]
SLF4J: Found binding in [jar:file:/home/tdurieux/defects4j4repair/script/../repair_tools/nopol.jar!/org/slf4j/impl/StaticLoggerBinder.class]
SLF4J: See http://www.slf4j.org/codes.html#multiple_bindings for an explanation.
SLF4J: The requested version 1.5.8 by your slf4j binding is not compatible with [1.6]
SLF4J: See http://www.slf4j.org/codes.html#version_mismatch for further details.
junit.framework.ComparisonFailure: expected:<...:childNodeCount":2,"[prefix@d:":{":childNodeCount":1,":data":{}},":data":{":childNodeCount":0]}}> but was:<...:childNodeCount":2,"[:data":{":childNodeCount":0},"prefix@d:":{":childNodeCount":1,":data":{}]}}>
    at junit.framework.Assert.assertEquals(Assert.java:100)
    at junit.framework.Assert.assertEquals(Assert.java:107)
    at org.apache.jackrabbit.oak.plugins.index.old.PrefixIndexTest.test(PrefixIndexTest.java:42)
    at sun.reflect.NativeMethodAccessorImpl.invoke0(Native Method)
    at sun.reflect.NativeMethodAccessorImpl.invoke(NativeMethodAccessorImpl.java:62)
    at sun.reflect.DelegatingMethodAccessorImpl.invoke(DelegatingMethodAccessorImpl.java:43)
10:27:20.490 [pool-116-thread-1] INFO  xxl.java.junit.TestCasesListener - Tests run finished (87 ms)
<> Total tests run: 1
<> Ignored tests: 0
<> Failed tests: 1
~ test(org.apache.jackrabbit.oak.plugins.index.old.PrefixIndexTest)
[expected:<...:childNodeCount":2,"[prefix@d:":{":childNodeCount":1,":data":{}},":data":{":childNodeCount":0]}}> but was:<...:childNodeCount":2,"[:data":{":childNodeCount":0},"prefix@d:":{":childNodeCount":1,":data":{}]}}>]
junit.framework.ComparisonFailure: expected:<...:childNodeCount":2,"[prefix@d:":{":childNodeCount":1,":data":{}},":data":{":childNodeCount":0]}}> but was:<...:childNodeCount":2,"[:data":{":childNodeCount":0},"prefix@d:":{":childNodeCount":1,":data":{}]}}>    at junit.framework.Assert.assertEquals(Assert.java:100)
    at junit.framework.Assert.assertEquals(Assert.java:107)
    at org.apache.jackrabbit.oak.plugins.index.old.PrefixIndexTest.test(PrefixIndexTest.java:42)
    at sun.reflect.NativeMethodAccessorImpl.invoke0(Native Method)
    at sun.reflect.NativeMethodAccessorImpl.invoke(NativeMethodAccessorImpl.java:62)
    at sun.reflect.DelegatingMethodAccessorImpl.invoke(DelegatingMethodAccessorImpl.java:43)

SLF4J: Class path contains multiple SLF4J bindings.
SLF4J: Found binding in [jar:file:/home/tdurieux/.m2/repository/org/slf4j/slf4j-nop/1.5.8/slf4j-nop-1.5.8.jar!/org/slf4j/impl/StaticLoggerBinder.class]
SLF4J: Found binding in [jar:file:/home/tdurieux/.m2/repository/ch/qos/logback/logback-classic/1.0.1/logback-classic-1.0.1.jar!/org/slf4j/impl/StaticLoggerBinder.class]
SLF4J: Found binding in [jar:file:/home/tdurieux/.m2/repository/org/slf4j/slf4j-simple/1.6.1/slf4j-simple-1.6.1.jar!/org/slf4j/impl/StaticLoggerBinder.class]
SLF4J: Found binding in [jar:file:/home/tdurieux/defects4j4repair/script/../repair_tools/nopol.jar!/org/slf4j/impl/StaticLoggerBinder.class]
SLF4J: See http://www.slf4j.org/codes.html#multiple_bindings for an explanation.
SLF4J: The requested version 1.5.8 by your slf4j binding is not compatible with [1.6]
SLF4J: See http://www.slf4j.org/codes.html#version_mismatch for further details.
junit.framework.ComparisonFailure: expected:<...:childNodeCount":2,"[prefix@d:":{":childNodeCount":1,":data":{}},":data":{":childNodeCount":0]}}> but was:<...:childNodeCount":2,"[:data":{":childNodeCount":0},"prefix@d:":{":childNodeCount":1,":data":{}]}}>
    at junit.framework.Assert.assertEquals(Assert.java:100)
    at junit.framework.Assert.assertEquals(Assert.java:107)
    at org.apache.jackrabbit.oak.plugins.index.old.PrefixIndexTest.test(PrefixIndexTest.java:42)
    at sun.reflect.NativeMethodAccessorImpl.invoke0(Native Method)
    at sun.reflect.NativeMethodAccessorImpl.invoke(NativeMethodAccessorImpl.java:62)
    at sun.reflect.DelegatingMethodAccessorImpl.invoke(DelegatingMethodAccessorImpl.java:43)
10:27:20.888 [pool-117-thread-1] INFO  f.i.l.c.t.SpecificationTestCasesListener - Tests run finished (86 ms)
<> Total tests run: 1
<> Ignored tests: 0
<> Failed tests: 1
~ test(org.apache.jackrabbit.oak.plugins.index.old.PrefixIndexTest)
[expected:<...:childNodeCount":2,"[prefix@d:":{":childNodeCount":1,":data":{}},":data":{":childNodeCount":0]}}> but was:<...:childNodeCount":2,"[:data":{":childNodeCount":0},"prefix@d:":{":childNodeCount":1,":data":{}]}}>]
junit.framework.ComparisonFailure: expected:<...:childNodeCount":2,"[prefix@d:":{":childNodeCount":1,":data":{}},":data":{":childNodeCount":0]}}> but was:<...:childNodeCount":2,"[:data":{":childNodeCount":0},"prefix@d:":{":childNodeCount":1,":data":{}]}}>    at junit.framework.Assert.assertEquals(Assert.java:100)
    at junit.framework.Assert.assertEquals(Assert.java:107)
    at org.apache.jackrabbit.oak.plugins.index.old.PrefixIndexTest.test(PrefixIndexTest.java:42)
    at sun.reflect.NativeMethodAccessorImpl.invoke0(Native Method)
    at sun.reflect.NativeMethodAccessorImpl.invoke(NativeMethodAccessorImpl.java:62)
    at sun.reflect.DelegatingMethodAccessorImpl.invoke(DelegatingMethodAccessorImpl.java:43)

junit.framework.ComparisonFailure: expected:<...:childNodeCount":2,"[prefix@d:":{":childNodeCount":1,":data":{}},":data":{":childNodeCount":0]}}> but was:<...:childNodeCount":2,"[:data":{":childNodeCount":0},"prefix@d:":{":childNodeCount":1,":data":{}]}}>
    at junit.framework.Assert.assertEquals(Assert.java:100)
    at junit.framework.Assert.assertEquals(Assert.java:107)
    at org.apache.jackrabbit.oak.plugins.index.old.PrefixIndexTest.test(PrefixIndexTest.java:42)
    at sun.reflect.NativeMethodAccessorImpl.invoke0(Native Method)
    at sun.reflect.NativeMethodAccessorImpl.invoke(NativeMethodAccessorImpl.java:62)
    at sun.reflect.DelegatingMethodAccessorImpl.invoke(DelegatingMethodAccessorImpl.java:43)
10:27:20.890 [pool-118-thread-1] INFO  f.i.l.c.t.SpecificationTestCasesListener - Tests run finished (2 ms)
<> Total tests run: 1
<> Ignored tests: 0
<> Failed tests: 1
~ test(org.apache.jackrabbit.oak.plugins.index.old.PrefixIndexTest)
[expected:<...:childNodeCount":2,"[prefix@d:":{":childNodeCount":1,":data":{}},":data":{":childNodeCount":0]}}> but was:<...:childNodeCount":2,"[:data":{":childNodeCount":0},"prefix@d:":{":childNodeCount":1,":data":{}]}}>]
junit.framework.ComparisonFailure: expected:<...:childNodeCount":2,"[prefix@d:":{":childNodeCount":1,":data":{}},":data":{":childNodeCount":0]}}> but was:<...:childNodeCount":2,"[:data":{":childNodeCount":0},"prefix@d:":{":childNodeCount":1,":data":{}]}}>    at junit.framework.Assert.assertEquals(Assert.java:100)
    at junit.framework.Assert.assertEquals(Assert.java:107)
    at org.apache.jackrabbit.oak.plugins.index.old.PrefixIndexTest.test(PrefixIndexTest.java:42)
    at sun.reflect.NativeMethodAccessorImpl.invoke0(Native Method)
    at sun.reflect.NativeMethodAccessorImpl.invoke(NativeMethodAccessorImpl.java:62)
    at sun.reflect.DelegatingMethodAccessorImpl.invoke(DelegatingMethodAccessorImpl.java:43)

10:27:20.891 [pool-115-thread-1] DEBUG tests.output - Failing tests with false: 
[test(org.apache.jackrabbit.oak.plugins.index.old.PrefixIndexTest): expected:<...:childNodeCount":2,"[prefix@d:":{":childNodeCount":1,":data":{}},":data":{":childNodeCount":0]}}> but was:<...:childNodeCount":2,"[:data":{":childNodeCount":0},"prefix@d:":{":childNodeCount":1,":data":{}]}}>]
10:27:20.891 [pool-115-thread-1] DEBUG tests.output - Failing tests with true: 
[test(org.apache.jackrabbit.oak.plugins.index.old.PrefixIndexTest): expected:<...:childNodeCount":2,"[prefix@d:":{":childNodeCount":1,":data":{}},":data":{":childNodeCount":0]}}> but was:<...:childNodeCount":2,"[:data":{":childNodeCount":0},"prefix@d:":{":childNodeCount":1,":data":{}]}}>]
10:27:20.891 [pool-115-thread-1] INFO  f.i.l.r.n.synth.SMTNopolSynthesizer - Not enough specifications: 0. A trivial patch is "true" or "false", please write new tests specifying SourceLocation org.apache.jackrabbit.oak.plugins.index.old.Indexer:628.
10:27:20.891 [pool-2-thread-1] DEBUG fr.inria.lille.repair.nopol.NoPol - looking with class fr.inria.lille.repair.nopol.spoon.smt.ConditionalReplacer
SLF4J: Class path contains multiple SLF4J bindings.
SLF4J: Found binding in [jar:file:/home/tdurieux/.m2/repository/org/slf4j/slf4j-nop/1.5.8/slf4j-nop-1.5.8.jar!/org/slf4j/impl/StaticLoggerBinder.class]
SLF4J: Found binding in [jar:file:/home/tdurieux/.m2/repository/ch/qos/logback/logback-classic/1.0.1/logback-classic-1.0.1.jar!/org/slf4j/impl/StaticLoggerBinder.class]
SLF4J: Found binding in [jar:file:/home/tdurieux/.m2/repository/org/slf4j/slf4j-simple/1.6.1/slf4j-simple-1.6.1.jar!/org/slf4j/impl/StaticLoggerBinder.class]
SLF4J: Found binding in [jar:file:/home/tdurieux/defects4j4repair/script/../repair_tools/nopol.jar!/org/slf4j/impl/StaticLoggerBinder.class]
SLF4J: See http://www.slf4j.org/codes.html#multiple_bindings for an explanation.
SLF4J: The requested version 1.5.8 by your slf4j binding is not compatible with [1.6]
SLF4J: See http://www.slf4j.org/codes.html#version_mismatch for further details.
junit.framework.ComparisonFailure: expected:<...:childNodeCount":2,"[prefix@d:":{":childNodeCount":1,":data":{}},":data":{":childNodeCount":0]}}> but was:<...:childNodeCount":2,"[:data":{":childNodeCount":0},"prefix@d:":{":childNodeCount":1,":data":{}]}}>
    at junit.framework.Assert.assertEquals(Assert.java:100)
    at junit.framework.Assert.assertEquals(Assert.java:107)
    at org.apache.jackrabbit.oak.plugins.index.old.PrefixIndexTest.test(PrefixIndexTest.java:42)
    at sun.reflect.NativeMethodAccessorImpl.invoke0(Native Method)
    at sun.reflect.NativeMethodAccessorImpl.invoke(NativeMethodAccessorImpl.java:62)
    at sun.reflect.DelegatingMethodAccessorImpl.invoke(DelegatingMethodAccessorImpl.java:43)
10:27:20.979 [pool-120-thread-1] INFO  xxl.java.junit.TestCasesListener - Tests run finished (86 ms)
<> Total tests run: 1
<> Ignored tests: 0
<> Failed tests: 1
~ test(org.apache.jackrabbit.oak.plugins.index.old.PrefixIndexTest)
[expected:<...:childNodeCount":2,"[prefix@d:":{":childNodeCount":1,":data":{}},":data":{":childNodeCount":0]}}> but was:<...:childNodeCount":2,"[:data":{":childNodeCount":0},"prefix@d:":{":childNodeCount":1,":data":{}]}}>]
junit.framework.ComparisonFailure: expected:<...:childNodeCount":2,"[prefix@d:":{":childNodeCount":1,":data":{}},":data":{":childNodeCount":0]}}> but was:<...:childNodeCount":2,"[:data":{":childNodeCount":0},"prefix@d:":{":childNodeCount":1,":data":{}]}}>    at junit.framework.Assert.assertEquals(Assert.java:100)
    at junit.framework.Assert.assertEquals(Assert.java:107)
    at org.apache.jackrabbit.oak.plugins.index.old.PrefixIndexTest.test(PrefixIndexTest.java:42)
    at sun.reflect.NativeMethodAccessorImpl.invoke0(Native Method)
    at sun.reflect.NativeMethodAccessorImpl.invoke(NativeMethodAccessorImpl.java:62)
    at sun.reflect.DelegatingMethodAccessorImpl.invoke(DelegatingMethodAccessorImpl.java:43)

SLF4J: Class path contains multiple SLF4J bindings.
SLF4J: Found binding in [jar:file:/home/tdurieux/.m2/repository/org/slf4j/slf4j-nop/1.5.8/slf4j-nop-1.5.8.jar!/org/slf4j/impl/StaticLoggerBinder.class]
SLF4J: Found binding in [jar:file:/home/tdurieux/.m2/repository/ch/qos/logback/logback-classic/1.0.1/logback-classic-1.0.1.jar!/org/slf4j/impl/StaticLoggerBinder.class]
SLF4J: Found binding in [jar:file:/home/tdurieux/.m2/repository/org/slf4j/slf4j-simple/1.6.1/slf4j-simple-1.6.1.jar!/org/slf4j/impl/StaticLoggerBinder.class]
SLF4J: Found binding in [jar:file:/home/tdurieux/defects4j4repair/script/../repair_tools/nopol.jar!/org/slf4j/impl/StaticLoggerBinder.class]
SLF4J: See http://www.slf4j.org/codes.html#multiple_bindings for an explanation.
SLF4J: The requested version 1.5.8 by your slf4j binding is not compatible with [1.6]
SLF4J: See http://www.slf4j.org/codes.html#version_mismatch for further details.
junit.framework.ComparisonFailure: expected:<...:childNodeCount":2,"[prefix@d:":{":childNodeCount":1,":data":{}},":data":{":childNodeCount":0]}}> but was:<...:childNodeCount":2,"[:data":{":childNodeCount":0},"prefix@d:":{":childNodeCount":1,":data":{}]}}>
    at junit.framework.Assert.assertEquals(Assert.java:100)
    at junit.framework.Assert.assertEquals(Assert.java:107)
    at org.apache.jackrabbit.oak.plugins.index.old.PrefixIndexTest.test(PrefixIndexTest.java:42)
    at sun.reflect.NativeMethodAccessorImpl.invoke0(Native Method)
    at sun.reflect.NativeMethodAccessorImpl.invoke(NativeMethodAccessorImpl.java:62)
    at sun.reflect.DelegatingMethodAccessorImpl.invoke(DelegatingMethodAccessorImpl.java:43)
10:27:21.376 [pool-121-thread-1] INFO  f.i.l.c.t.SpecificationTestCasesListener - Tests run finished (88 ms)
<> Total tests run: 1
<> Ignored tests: 0
<> Failed tests: 1
~ test(org.apache.jackrabbit.oak.plugins.index.old.PrefixIndexTest)
[expected:<...:childNodeCount":2,"[prefix@d:":{":childNodeCount":1,":data":{}},":data":{":childNodeCount":0]}}> but was:<...:childNodeCount":2,"[:data":{":childNodeCount":0},"prefix@d:":{":childNodeCount":1,":data":{}]}}>]
junit.framework.ComparisonFailure: expected:<...:childNodeCount":2,"[prefix@d:":{":childNodeCount":1,":data":{}},":data":{":childNodeCount":0]}}> but was:<...:childNodeCount":2,"[:data":{":childNodeCount":0},"prefix@d:":{":childNodeCount":1,":data":{}]}}>    at junit.framework.Assert.assertEquals(Assert.java:100)
    at junit.framework.Assert.assertEquals(Assert.java:107)
    at org.apache.jackrabbit.oak.plugins.index.old.PrefixIndexTest.test(PrefixIndexTest.java:42)
    at sun.reflect.NativeMethodAccessorImpl.invoke0(Native Method)
    at sun.reflect.NativeMethodAccessorImpl.invoke(NativeMethodAccessorImpl.java:62)
    at sun.reflect.DelegatingMethodAccessorImpl.invoke(DelegatingMethodAccessorImpl.java:43)

junit.framework.ComparisonFailure: expected:<...:childNodeCount":2,"[prefix@d:":{":childNodeCount":1,":data":{}},":data":{":childNodeCount":0]}}> but was:<...:childNodeCount":2,"[:data":{":childNodeCount":0},"prefix@d:":{":childNodeCount":1,":data":{}]}}>
    at junit.framework.Assert.assertEquals(Assert.java:100)
    at junit.framework.Assert.assertEquals(Assert.java:107)
    at org.apache.jackrabbit.oak.plugins.index.old.PrefixIndexTest.test(PrefixIndexTest.java:42)
    at sun.reflect.NativeMethodAccessorImpl.invoke0(Native Method)
    at sun.reflect.NativeMethodAccessorImpl.invoke(NativeMethodAccessorImpl.java:62)
    at sun.reflect.DelegatingMethodAccessorImpl.invoke(DelegatingMethodAccessorImpl.java:43)
10:27:21.382 [pool-122-thread-1] INFO  f.i.l.c.t.SpecificationTestCasesListener - Tests run finished (3 ms)
<> Total tests run: 1
<> Ignored tests: 0
<> Failed tests: 1
~ test(org.apache.jackrabbit.oak.plugins.index.old.PrefixIndexTest)
[expected:<...:childNodeCount":2,"[prefix@d:":{":childNodeCount":1,":data":{}},":data":{":childNodeCount":0]}}> but was:<...:childNodeCount":2,"[:data":{":childNodeCount":0},"prefix@d:":{":childNodeCount":1,":data":{}]}}>]
junit.framework.ComparisonFailure: expected:<...:childNodeCount":2,"[prefix@d:":{":childNodeCount":1,":data":{}},":data":{":childNodeCount":0]}}> but was:<...:childNodeCount":2,"[:data":{":childNodeCount":0},"prefix@d:":{":childNodeCount":1,":data":{}]}}>    at junit.framework.Assert.assertEquals(Assert.java:100)
    at junit.framework.Assert.assertEquals(Assert.java:107)
    at org.apache.jackrabbit.oak.plugins.index.old.PrefixIndexTest.test(PrefixIndexTest.java:42)
    at sun.reflect.NativeMethodAccessorImpl.invoke0(Native Method)
    at sun.reflect.NativeMethodAccessorImpl.invoke(NativeMethodAccessorImpl.java:62)
    at sun.reflect.DelegatingMethodAccessorImpl.invoke(DelegatingMethodAccessorImpl.java:43)

10:27:21.382 [pool-119-thread-1] DEBUG tests.output - Failing tests with false: 
[test(org.apache.jackrabbit.oak.plugins.index.old.PrefixIndexTest): expected:<...:childNodeCount":2,"[prefix@d:":{":childNodeCount":1,":data":{}},":data":{":childNodeCount":0]}}> but was:<...:childNodeCount":2,"[:data":{":childNodeCount":0},"prefix@d:":{":childNodeCount":1,":data":{}]}}>]
10:27:21.382 [pool-119-thread-1] DEBUG tests.output - Failing tests with true: 
[test(org.apache.jackrabbit.oak.plugins.index.old.PrefixIndexTest): expected:<...:childNodeCount":2,"[prefix@d:":{":childNodeCount":1,":data":{}},":data":{":childNodeCount":0]}}> but was:<...:childNodeCount":2,"[:data":{":childNodeCount":0},"prefix@d:":{":childNodeCount":1,":data":{}]}}>]
10:27:21.383 [pool-119-thread-1] INFO  f.i.l.r.n.synth.SMTNopolSynthesizer - Not enough specifications: 0. A trivial patch is "true" or "false", please write new tests specifying SourceLocation org.apache.jackrabbit.oak.plugins.index.old.Indexer:628.
10:27:21.383 [pool-2-thread-1] DEBUG fr.inria.lille.repair.nopol.NoPol - statement #59
10:27:21.383 [pool-2-thread-1] DEBUG fr.inria.lille.repair.nopol.NoPol - Analysing SourceLocation org.apache.jackrabbit.oak.plugins.index.old.Indexer:626 which is executed by 11 tests
-687021856
10:27:21.560 [pool-2-thread-1] DEBUG fr.inria.lille.repair.nopol.NoPol - looking with class fr.inria.lille.repair.nopol.spoon.smt.ConditionalAdder
SLF4J: Class path contains multiple SLF4J bindings.
SLF4J: Found binding in [jar:file:/home/tdurieux/.m2/repository/org/slf4j/slf4j-nop/1.5.8/slf4j-nop-1.5.8.jar!/org/slf4j/impl/StaticLoggerBinder.class]
SLF4J: Found binding in [jar:file:/home/tdurieux/.m2/repository/ch/qos/logback/logback-classic/1.0.1/logback-classic-1.0.1.jar!/org/slf4j/impl/StaticLoggerBinder.class]
SLF4J: Found binding in [jar:file:/home/tdurieux/.m2/repository/org/slf4j/slf4j-simple/1.6.1/slf4j-simple-1.6.1.jar!/org/slf4j/impl/StaticLoggerBinder.class]
SLF4J: Found binding in [jar:file:/home/tdurieux/defects4j4repair/script/../repair_tools/nopol.jar!/org/slf4j/impl/StaticLoggerBinder.class]
SLF4J: See http://www.slf4j.org/codes.html#multiple_bindings for an explanation.
SLF4J: The requested version 1.5.8 by your slf4j binding is not compatible with [1.6]
SLF4J: See http://www.slf4j.org/codes.html#version_mismatch for further details.
junit.framework.ComparisonFailure: expected:<...:childNodeCount":2,"[prefix@d:":{":childNodeCount":1,":data":{}},":data":{":childNodeCount":0]}}> but was:<...:childNodeCount":2,"[:data":{":childNodeCount":0},"prefix@d:":{":childNodeCount":1,":data":{}]}}>
    at junit.framework.Assert.assertEquals(Assert.java:100)
    at junit.framework.Assert.assertEquals(Assert.java:107)
    at org.apache.jackrabbit.oak.plugins.index.old.PrefixIndexTest.test(PrefixIndexTest.java:42)
    at sun.reflect.NativeMethodAccessorImpl.invoke0(Native Method)
    at sun.reflect.NativeMethodAccessorImpl.invoke(NativeMethodAccessorImpl.java:62)
    at sun.reflect.DelegatingMethodAccessorImpl.invoke(DelegatingMethodAccessorImpl.java:43)
10:27:21.651 [pool-124-thread-1] INFO  xxl.java.junit.TestCasesListener - Tests run finished (88 ms)
<> Total tests run: 1
<> Ignored tests: 0
<> Failed tests: 1
~ test(org.apache.jackrabbit.oak.plugins.index.old.PrefixIndexTest)
[expected:<...:childNodeCount":2,"[prefix@d:":{":childNodeCount":1,":data":{}},":data":{":childNodeCount":0]}}> but was:<...:childNodeCount":2,"[:data":{":childNodeCount":0},"prefix@d:":{":childNodeCount":1,":data":{}]}}>]
junit.framework.ComparisonFailure: expected:<...:childNodeCount":2,"[prefix@d:":{":childNodeCount":1,":data":{}},":data":{":childNodeCount":0]}}> but was:<...:childNodeCount":2,"[:data":{":childNodeCount":0},"prefix@d:":{":childNodeCount":1,":data":{}]}}>    at junit.framework.Assert.assertEquals(Assert.java:100)
    at junit.framework.Assert.assertEquals(Assert.java:107)
    at org.apache.jackrabbit.oak.plugins.index.old.PrefixIndexTest.test(PrefixIndexTest.java:42)
    at sun.reflect.NativeMethodAccessorImpl.invoke0(Native Method)
    at sun.reflect.NativeMethodAccessorImpl.invoke(NativeMethodAccessorImpl.java:62)
    at sun.reflect.DelegatingMethodAccessorImpl.invoke(DelegatingMethodAccessorImpl.java:43)

SLF4J: Class path contains multiple SLF4J bindings.
SLF4J: Found binding in [jar:file:/home/tdurieux/.m2/repository/org/slf4j/slf4j-nop/1.5.8/slf4j-nop-1.5.8.jar!/org/slf4j/impl/StaticLoggerBinder.class]
SLF4J: Found binding in [jar:file:/home/tdurieux/.m2/repository/ch/qos/logback/logback-classic/1.0.1/logback-classic-1.0.1.jar!/org/slf4j/impl/StaticLoggerBinder.class]
SLF4J: Found binding in [jar:file:/home/tdurieux/.m2/repository/org/slf4j/slf4j-simple/1.6.1/slf4j-simple-1.6.1.jar!/org/slf4j/impl/StaticLoggerBinder.class]
SLF4J: Found binding in [jar:file:/home/tdurieux/defects4j4repair/script/../repair_tools/nopol.jar!/org/slf4j/impl/StaticLoggerBinder.class]
SLF4J: See http://www.slf4j.org/codes.html#multiple_bindings for an explanation.
SLF4J: The requested version 1.5.8 by your slf4j binding is not compatible with [1.6]
SLF4J: See http://www.slf4j.org/codes.html#version_mismatch for further details.
10:31:18.323 [pool-123-thread-1] DEBUG xxl.java.junit.TestSuiteExecution - Timeout after 200 seconds. Infinite loop?
10:32:23.180 [pool-2-thread-1] ERROR fr.inria.lille.repair.nopol.NoPol - Error ExecutionException java.util.concurrent.ExecutionException: java.lang.RuntimeException: java.util.concurrent.TimeoutException
10:32:42.666 [pool-2-thread-1] DEBUG fr.inria.lille.repair.nopol.NoPol - statement #60
10:32:42.666 [pool-2-thread-1] DEBUG fr.inria.lille.repair.nopol.NoPol - Analysing SourceLocation org.apache.jackrabbit.oak.plugins.index.old.Indexer:625 which is executed by 11 tests
java.util.concurrent.ExecutionException: java.lang.OutOfMemoryError: Java heap space
	at java.util.concurrent.FutureTask.report(FutureTask.java:122)
	at java.util.concurrent.FutureTask.get(FutureTask.java:206)
	at fr.inria.lille.repair.Main.main(Main.java:106)
Caused by: java.lang.OutOfMemoryError: Java heap space
	at java.lang.StringCoding$StringEncoder.encode(StringCoding.java:300)
	at java.lang.StringCoding.encode(StringCoding.java:344)
	at java.lang.String.getBytes(String.java:918)
	at java.io.UnixFileSystem.getBooleanAttributes0(Native Method)
	at java.io.UnixFileSystem.getBooleanAttributes(UnixFileSystem.java:242)
	at java.io.File.isDirectory(File.java:849)
	at spoon.support.StandardEnvironment.verifySourceClasspath(StandardEnvironment.java:441)
	at spoon.support.StandardEnvironment.setSourceClasspath(StandardEnvironment.java:428)
	at spoon.support.compiler.jdt.JDTBasedSpoonCompiler.setSourceClasspath(JDTBasedSpoonCompiler.java:321)
	at fr.inria.lille.commons.spoon.util.SpoonModelLibrary.modelFor(SpoonModelLibrary.java:47)
	at fr.inria.lille.commons.spoon.SpoonedFile.<init>(SpoonedFile.java:61)
	at fr.inria.lille.commons.spoon.SpoonedClass.<init>(SpoonedClass.java:14)
	at fr.inria.lille.commons.spoon.SpoonedProject.forked(SpoonedProject.java:47)
	at fr.inria.lille.repair.nopol.NoPol.runOnStatement(NoPol.java:222)
	at fr.inria.lille.repair.nopol.NoPol.solveWithMultipleBuild(NoPol.java:213)
	at fr.inria.lille.repair.nopol.NoPol.build(NoPol.java:154)
	at fr.inria.lille.repair.Main$1.call(Main.java:101)
	at java.util.concurrent.FutureTask.run(FutureTask.java:266)
	at java.util.concurrent.ThreadPoolExecutor.runWorker(ThreadPoolExecutor.java:1149)
	at java.util.concurrent.ThreadPoolExecutor$Worker.run(ThreadPoolExecutor.java:624)
	at java.lang.Thread.run(Thread.java:748)

Usage: java -jar nopol.jar
                          [(-m|--mode) <repair|ranking>] (-e|--type) <condition|precondition|pre_then_cond|loop|arithmetic> [(-o|--oracle) <angelic|symbolic>] [(-y|--synthesis) <smt|dynamoth>] [(-l|--solver) <z3|cvc4>] [(-p|--solver-path) <solverPath>] (-s|--source) source1:source2:...:sourceN  (-c|--classpath) <classpath> [(-t|--test) test1:test2:...:testN ] [--complianceLevel <complianceLevel>] [--maxTime <maxTime>] [--maxTimeType <maxTimeType>] [(-z|--flocal) < cocospoon|dumb|gzoltar>] [--output <outputFolder>] [--json[:<outputJson>]]

  [(-m|--mode) <repair|ranking>]
        Define the mode of execution. (default: repair)

  (-e|--type) <condition|precondition|pre_then_cond|loop|arithmetic>
        The repair type (example fixing only conditions, or adding
        precondition). REQUIRED OPTION (default: condition)

  [(-o|--oracle) <angelic|symbolic>]
        Define the oracle (only used with repair mode). (default: angelic)

  [(-y|--synthesis) <smt|dynamoth>]
        Define the patch synthesis. (default: smt)

  [(-l|--solver) <z3|cvc4>]
        Define the solver (only used with smt synthesis). (default: z3)

  [(-p|--solver-path) <solverPath>]
        Define the solver binary path (only used with smt synthesis).

  (-s|--source) source1:source2:...:sourceN 
        Define the path to the source code of the project.

  (-c|--classpath) <classpath>
        Define the classpath of the project.

  [(-t|--test) test1:test2:...:testN ]
        Define the tests of the project (both failing and passing),
        fully-qualified, separated with ':' (even if the classpath contains
        other tests, only those are considered.

  [--complianceLevel <complianceLevel>]
        The compliance level of the project. (default: 7)

  [--maxTime <maxTime>]
        The maximum time execution in minute for the whole execution of
        Nopol.(default: 10)

  [--maxTimeType <maxTimeType>]
        The maximum time execution in minute for one type of patch. (default: 5)

  [(-z|--flocal) < cocospoon|dumb|gzoltar>]
        Define the fault localizer to be used. (default: gzoltar)

  [--output <outputFolder>]
        Define the location where the patches will be saved. (default: .)

  [--json[:<outputJson>]]
        Output a json file in the current working directory.

Command exited with non-zero status 255
3960.88user 15.01system 18:07.52elapsed 365%CPU (0avgtext+0avgdata 4595216maxresident)k
43152inputs+171920outputs (10major+1666836minor)pagefaults 0swaps


Node: graphene-55.nancy.grid5000.fr



Date: Sat Dec 29 10:43:37 EST 2018

