cd /tmp/Nopol_IntroClassJava_digits_f2997e14a460c6df0ed10aa9f6e792666e37d5c06a9a81445f14509e4a0113f59f5589ef37774dfea1f7d0ae9bb6c388e6eeb44e745e35f8511bbd4b82709d9a_002;
export JAVA_TOOL_OPTIONS="-Dfile.encoding=UTF8 -Duser.language=en-US -Duser.country=US -Duser.language=en";
TZ="America/New_York"; export TZ;
export PATH="/usr/lib/jvm/java-1.8.0-openjdk-amd64/bin/:$PATH";
export JAVA_HOME="/usr/lib/jvm/java-1.8.0-openjdk-amd64/bin/";
time java -Xmx4048m -cp /home/tdurieux/RepairThemAll/script/../repair_tools/nopol.jar:/usr/lib/jvm/java-1.8.0-openjdk-amd64/bin//../lib/tools.jar fr.inria.lille.repair.Main \
	--mode repair \
	--type pre_then_cond \
	--oracle angelic \
	--synthesis smt \
	--flocal gzoltar \
	--json \
	--solver z3 \
	--solver-path /home/tdurieux/RepairThemAll/script/../libs/z3/build/z3 \
	--complianceLevel 7 \
	--source src/main/java \
	--classpath "target/classes:target/test-classes:/home/tdurieux/.m2/repository/junit/junit/4.11/junit-4.11.jar:/home/tdurieux/.m2/repository/org/hamcrest/hamcrest-core/1.3/hamcrest-core-1.3.jar:/home/tdurieux/RepairThemAll/script/../repair_tools/nopol.jar";
	echo "\n\nNode: `hostname`\n";
	echo "\n\nDate: `date`\n";
Picked up JAVA_TOOL_OPTIONS: -Dfile.encoding=UTF8 -Duser.language=en-US -Duser.country=US -Duser.language=en
16:13:55.447 [main] INFO  fr.inria.lille.repair.nopol.NoPol - Source files: [src/main/java]
16:13:55.486 [main] INFO  fr.inria.lille.repair.nopol.NoPol - Classpath: [file:/tmp/Nopol_IntroClassJava_digits_f2997e14a460c6df0ed10aa9f6e792666e37d5c06a9a81445f14509e4a0113f59f5589ef37774dfea1f7d0ae9bb6c388e6eeb44e745e35f8511bbd4b82709d9a_002/target/classes/, file:/tmp/Nopol_IntroClassJava_digits_f2997e14a460c6df0ed10aa9f6e792666e37d5c06a9a81445f14509e4a0113f59f5589ef37774dfea1f7d0ae9bb6c388e6eeb44e745e35f8511bbd4b82709d9a_002/target/test-classes/, file:/home/tdurieux/.m2/repository/junit/junit/4.11/junit-4.11.jar, file:/home/tdurieux/.m2/repository/org/hamcrest/hamcrest-core/1.3/hamcrest-core-1.3.jar, file:/home/tdurieux/RepairThemAll/script/../repair_tools/nopol.jar]
16:13:55.486 [main] INFO  fr.inria.lille.repair.nopol.NoPol - Statement type: PRE_THEN_COND
16:13:55.486 [main] INFO  fr.inria.lille.repair.nopol.NoPol - Args: [introclassJava.digits_f2997e14_002BlackboxTest, introclassJava.digits_f2997e14_002WhiteboxTest]
16:13:55.487 [main] INFO  fr.inria.lille.repair.nopol.NoPol - Config: Config{synthesisDepth=3, collectStaticMethods=true, collectStaticFields=false, collectLiterals=false, onlyOneSynthesisResult=true, sortExpressions=true, maxLineInvocationPerTest=250, timeoutMethodInvocation=2000, dataCollectionTimeoutInSecondForSynthesis=900, addWeight=0.19478, subWeight=0.04554, mulWeight=0.0102, divWeight=0.00613, andWeight=0.10597, orWeight=0.05708, eqWeight=0.22798, nEqWeight=0.0, lessEqWeight=0.0255, lessWeight=0.0947, methodCallWeight=0.1, fieldAccessWeight=0.08099, constantWeight=0.14232, variableWeight=0.05195, mode=REPAIR, type=PRE_THEN_COND, synthesis=SMT, oracle=ANGELIC, solver=Z3, solverPath='/home/tdurieux/RepairThemAll/script/../libs/z3/build/z3', projectSources=[src/main/java], projectClasspath='[Ljava.net.URL;@66d33a', projectTests=[introclassJava.digits_f2997e14_002BlackboxTest, introclassJava.digits_f2997e14_002WhiteboxTest], complianceLevel=7, outputFolder=., json=true}
16:13:55.488 [main] INFO  fr.inria.lille.repair.nopol.NoPol - Available processors (cores): 24
16:13:55.494 [main] INFO  fr.inria.lille.repair.nopol.NoPol - Free memory: 1 GB
16:13:55.494 [main] INFO  fr.inria.lille.repair.nopol.NoPol - Maximum memory: 3 GB
16:13:55.494 [main] INFO  fr.inria.lille.repair.nopol.NoPol - Total memory available to JVM: 1 GB
16:13:55.494 [main] INFO  fr.inria.lille.repair.nopol.NoPol - Java version: 1.8.0_181
16:13:55.496 [main] INFO  fr.inria.lille.repair.nopol.NoPol - JAVA_HOME: /usr/lib/jvm/java-1.8.0-openjdk-amd64/bin/
16:13:55.496 [main] INFO  fr.inria.lille.repair.nopol.NoPol - PATH: /usr/lib/jvm/java-1.8.0-openjdk-amd64/bin/:/usr/lib/oar/oardodo:/usr/lib/oar/oardodo:/usr/local/bin:/usr/bin:/bin:/usr/games
16:13:58.290 [pool-2-thread-1] DEBUG fr.inria.lille.repair.nopol.NoPol - statement #1
16:13:58.290 [pool-2-thread-1] DEBUG fr.inria.lille.repair.nopol.NoPol - Analysing SourceLocation introclassJava.digits_f2997e14_002:68 which is executed by 2 tests
-1272757750
16:13:58.640 [pool-2-thread-1] DEBUG fr.inria.lille.repair.nopol.NoPol - looking with class fr.inria.lille.repair.nopol.spoon.smt.ConditionalAdder
org.junit.ComparisonFailure: expected:<Enteraninteger>8[]That'sall,haveaniced...> but was:<Enteraninteger>8[0]That'sall,haveaniced...>
    at org.junit.Assert.assertEquals(Assert.java:115)
    at org.junit.Assert.assertEquals(Assert.java:144)
    at introclassJava.digits_f2997e14_002BlackboxTest.test4(digits_f2997e14_002BlackboxTest.java:40)
    at sun.reflect.NativeMethodAccessorImpl.invoke0(Native Method)
    at sun.reflect.NativeMethodAccessorImpl.invoke(NativeMethodAccessorImpl.java:62)
    at sun.reflect.DelegatingMethodAccessorImpl.invoke(DelegatingMethodAccessorImpl.java:43)
16:13:58.682 [pool-4-thread-1] INFO  xxl.java.junit.TestCasesListener - Tests run finished (19 ms)
<> Total tests run: 6
<> Ignored tests: 0
<> Failed tests: 1
~ test4(introclassJava.digits_f2997e14_002BlackboxTest)
[expected:<Enteraninteger>8[]That'sall,haveaniced...> but was:<Enteraninteger>8[0]That'sall,haveaniced...>]
org.junit.ComparisonFailure: expected:<Enteraninteger>8[]That'sall,haveaniced...> but was:<Enteraninteger>8[0]That'sall,haveaniced...>    at org.junit.Assert.assertEquals(Assert.java:115)
    at org.junit.Assert.assertEquals(Assert.java:144)
    at introclassJava.digits_f2997e14_002BlackboxTest.test4(digits_f2997e14_002BlackboxTest.java:40)
    at sun.reflect.NativeMethodAccessorImpl.invoke0(Native Method)
    at sun.reflect.NativeMethodAccessorImpl.invoke(NativeMethodAccessorImpl.java:62)
    at sun.reflect.DelegatingMethodAccessorImpl.invoke(DelegatingMethodAccessorImpl.java:43)

java.lang.Exception: test timed out after 1000 milliseconds
    at introclassJava.digits_f2997e14_002.exec(digits_f2997e14_002.java:28)
    at introclassJava.digits_f2997e14_002BlackboxTest.test4(digits_f2997e14_002BlackboxTest.java:38)
    at sun.reflect.NativeMethodAccessorImpl.invoke0(Native Method)
    at sun.reflect.NativeMethodAccessorImpl.invoke(NativeMethodAccessorImpl.java:62)
    at sun.reflect.DelegatingMethodAccessorImpl.invoke(DelegatingMethodAccessorImpl.java:43)
    at java.lang.reflect.Method.invoke(Method.java:498)
16:14:00.213 [pool-5-thread-1] INFO  f.i.l.c.t.SpecificationTestCasesListener - Tests run finished (1002 ms)
<> Total tests run: 1
<> Ignored tests: 0
<> Failed tests: 1
~ test4(introclassJava.digits_f2997e14_002BlackboxTest)
[test timed out after 1000 milliseconds]
java.lang.Exception: test timed out after 1000 milliseconds    at introclassJava.digits_f2997e14_002.exec(digits_f2997e14_002.java:28)
    at introclassJava.digits_f2997e14_002BlackboxTest.test4(digits_f2997e14_002BlackboxTest.java:38)
    at sun.reflect.NativeMethodAccessorImpl.invoke0(Native Method)
    at sun.reflect.NativeMethodAccessorImpl.invoke(NativeMethodAccessorImpl.java:62)
    at sun.reflect.DelegatingMethodAccessorImpl.invoke(DelegatingMethodAccessorImpl.java:43)
    at java.lang.reflect.Method.invoke(Method.java:498)

org.junit.ComparisonFailure: expected:<Enteraninteger>8[]That'sall,haveaniced...> but was:<Enteraninteger>8[0]That'sall,haveaniced...>
    at org.junit.Assert.assertEquals(Assert.java:115)
    at org.junit.Assert.assertEquals(Assert.java:144)
    at introclassJava.digits_f2997e14_002BlackboxTest.test4(digits_f2997e14_002BlackboxTest.java:40)
    at sun.reflect.NativeMethodAccessorImpl.invoke0(Native Method)
    at sun.reflect.NativeMethodAccessorImpl.invoke(NativeMethodAccessorImpl.java:62)
    at sun.reflect.DelegatingMethodAccessorImpl.invoke(DelegatingMethodAccessorImpl.java:43)
16:14:00.221 [pool-6-thread-1] INFO  f.i.l.c.t.SpecificationTestCasesListener - Tests run finished (6 ms)
<> Total tests run: 1
<> Ignored tests: 0
<> Failed tests: 1
~ test4(introclassJava.digits_f2997e14_002BlackboxTest)
[expected:<Enteraninteger>8[]That'sall,haveaniced...> but was:<Enteraninteger>8[0]That'sall,haveaniced...>]
org.junit.ComparisonFailure: expected:<Enteraninteger>8[]That'sall,haveaniced...> but was:<Enteraninteger>8[0]That'sall,haveaniced...>    at org.junit.Assert.assertEquals(Assert.java:115)
    at org.junit.Assert.assertEquals(Assert.java:144)
    at introclassJava.digits_f2997e14_002BlackboxTest.test4(digits_f2997e14_002BlackboxTest.java:40)
    at sun.reflect.NativeMethodAccessorImpl.invoke0(Native Method)
    at sun.reflect.NativeMethodAccessorImpl.invoke(NativeMethodAccessorImpl.java:62)
    at sun.reflect.DelegatingMethodAccessorImpl.invoke(DelegatingMethodAccessorImpl.java:43)

16:14:00.221 [pool-3-thread-1] DEBUG tests.output - Failing tests with false: 
[test4(introclassJava.digits_f2997e14_002BlackboxTest): test timed out after 1000 milliseconds]
16:14:00.222 [pool-3-thread-1] DEBUG tests.output - Failing tests with true: 
[test4(introclassJava.digits_f2997e14_002BlackboxTest): expected:<Enteraninteger>8[]That'sall,haveaniced...> but was:<Enteraninteger>8[0]That'sall,haveaniced...>]
16:14:00.222 [pool-3-thread-1] INFO  f.i.l.r.n.synth.SMTNopolSynthesizer - Not enough specifications: 0. A trivial patch is "true" or "false", please write new tests specifying SourceLocation introclassJava.digits_f2997e14_002:68.
16:14:00.222 [pool-2-thread-1] DEBUG fr.inria.lille.repair.nopol.NoPol - statement #2
16:14:00.222 [pool-2-thread-1] DEBUG fr.inria.lille.repair.nopol.NoPol - Analysing SourceLocation introclassJava.digits_f2997e14_002:67 which is executed by 2 tests
-1272757750
16:14:00.287 [pool-2-thread-1] DEBUG fr.inria.lille.repair.nopol.NoPol - looking with class fr.inria.lille.repair.nopol.spoon.smt.ConditionalAdder
org.junit.ComparisonFailure: expected:<Enteraninteger>8[]That'sall,haveaniced...> but was:<Enteraninteger>8[0]That'sall,haveaniced...>
    at org.junit.Assert.assertEquals(Assert.java:115)
    at org.junit.Assert.assertEquals(Assert.java:144)
    at introclassJava.digits_f2997e14_002BlackboxTest.test4(digits_f2997e14_002BlackboxTest.java:40)
    at sun.reflect.NativeMethodAccessorImpl.invoke0(Native Method)
    at sun.reflect.NativeMethodAccessorImpl.invoke(NativeMethodAccessorImpl.java:62)
    at sun.reflect.DelegatingMethodAccessorImpl.invoke(DelegatingMethodAccessorImpl.java:43)
16:14:00.298 [pool-8-thread-1] INFO  xxl.java.junit.TestCasesListener - Tests run finished (8 ms)
<> Total tests run: 6
<> Ignored tests: 0
<> Failed tests: 1
~ test4(introclassJava.digits_f2997e14_002BlackboxTest)
[expected:<Enteraninteger>8[]That'sall,haveaniced...> but was:<Enteraninteger>8[0]That'sall,haveaniced...>]
org.junit.ComparisonFailure: expected:<Enteraninteger>8[]That'sall,haveaniced...> but was:<Enteraninteger>8[0]That'sall,haveaniced...>    at org.junit.Assert.assertEquals(Assert.java:115)
    at org.junit.Assert.assertEquals(Assert.java:144)
    at introclassJava.digits_f2997e14_002BlackboxTest.test4(digits_f2997e14_002BlackboxTest.java:40)
    at sun.reflect.NativeMethodAccessorImpl.invoke0(Native Method)
    at sun.reflect.NativeMethodAccessorImpl.invoke(NativeMethodAccessorImpl.java:62)
    at sun.reflect.DelegatingMethodAccessorImpl.invoke(DelegatingMethodAccessorImpl.java:43)

16:14:00.424 [pool-9-thread-1] INFO  f.i.l.c.t.SpecificationTestCasesListener - Tests run finished (2 ms)
<> Total tests run: 1
<> Ignored tests: 0
<> Failed tests: 0

org.junit.ComparisonFailure: expected:<Enteraninteger>8[]That'sall,haveaniced...> but was:<Enteraninteger>8[0]That'sall,haveaniced...>
    at org.junit.Assert.assertEquals(Assert.java:115)
    at org.junit.Assert.assertEquals(Assert.java:144)
    at introclassJava.digits_f2997e14_002BlackboxTest.test4(digits_f2997e14_002BlackboxTest.java:40)
    at sun.reflect.NativeMethodAccessorImpl.invoke0(Native Method)
    at sun.reflect.NativeMethodAccessorImpl.invoke(NativeMethodAccessorImpl.java:62)
    at sun.reflect.DelegatingMethodAccessorImpl.invoke(DelegatingMethodAccessorImpl.java:43)
16:14:00.426 [pool-10-thread-1] INFO  f.i.l.c.t.SpecificationTestCasesListener - Tests run finished (1 ms)
<> Total tests run: 1
<> Ignored tests: 0
<> Failed tests: 1
~ test4(introclassJava.digits_f2997e14_002BlackboxTest)
[expected:<Enteraninteger>8[]That'sall,haveaniced...> but was:<Enteraninteger>8[0]That'sall,haveaniced...>]
org.junit.ComparisonFailure: expected:<Enteraninteger>8[]That'sall,haveaniced...> but was:<Enteraninteger>8[0]That'sall,haveaniced...>    at org.junit.Assert.assertEquals(Assert.java:115)
    at org.junit.Assert.assertEquals(Assert.java:144)
    at introclassJava.digits_f2997e14_002BlackboxTest.test4(digits_f2997e14_002BlackboxTest.java:40)
    at sun.reflect.NativeMethodAccessorImpl.invoke0(Native Method)
    at sun.reflect.NativeMethodAccessorImpl.invoke(NativeMethodAccessorImpl.java:62)
    at sun.reflect.DelegatingMethodAccessorImpl.invoke(DelegatingMethodAccessorImpl.java:43)

16:14:00.428 [pool-11-thread-1] INFO  f.i.l.r.n.s.ConstraintModelBuilder$1PassingListener - Tests run finished (1 ms)
<> Total tests run: 1
<> Ignored tests: 0
<> Failed tests: 0

org.junit.ComparisonFailure: expected:<Enteraninteger>[0]That'sall,haveaniced...> but was:<Enteraninteger>[]That'sall,haveaniced...>
    at org.junit.Assert.assertEquals(Assert.java:115)
    at org.junit.Assert.assertEquals(Assert.java:144)
    at introclassJava.digits_f2997e14_002WhiteboxTest.test1(digits_f2997e14_002WhiteboxTest.java:13)
    at sun.reflect.NativeMethodAccessorImpl.invoke0(Native Method)
    at sun.reflect.NativeMethodAccessorImpl.invoke(NativeMethodAccessorImpl.java:62)
    at sun.reflect.DelegatingMethodAccessorImpl.invoke(DelegatingMethodAccessorImpl.java:43)
16:14:00.431 [pool-12-thread-1] INFO  f.i.l.r.n.s.ConstraintModelBuilder$1PassingListener - Tests run finished (1 ms)
<> Total tests run: 1
<> Ignored tests: 0
<> Failed tests: 1
~ test1(introclassJava.digits_f2997e14_002WhiteboxTest)
[expected:<Enteraninteger>[0]That'sall,haveaniced...> but was:<Enteraninteger>[]That'sall,haveaniced...>]
org.junit.ComparisonFailure: expected:<Enteraninteger>[0]That'sall,haveaniced...> but was:<Enteraninteger>[]That'sall,haveaniced...>    at org.junit.Assert.assertEquals(Assert.java:115)
    at org.junit.Assert.assertEquals(Assert.java:144)
    at introclassJava.digits_f2997e14_002WhiteboxTest.test1(digits_f2997e14_002WhiteboxTest.java:13)
    at sun.reflect.NativeMethodAccessorImpl.invoke0(Native Method)
    at sun.reflect.NativeMethodAccessorImpl.invoke(NativeMethodAccessorImpl.java:62)
    at sun.reflect.DelegatingMethodAccessorImpl.invoke(DelegatingMethodAccessorImpl.java:43)

org.junit.ComparisonFailure: expected:<Enteraninteger>8[]That'sall,haveaniced...> but was:<Enteraninteger>8[0]That'sall,haveaniced...>
    at org.junit.Assert.assertEquals(Assert.java:115)
    at org.junit.Assert.assertEquals(Assert.java:144)
    at introclassJava.digits_f2997e14_002BlackboxTest.test4(digits_f2997e14_002BlackboxTest.java:40)
    at sun.reflect.NativeMethodAccessorImpl.invoke0(Native Method)
    at sun.reflect.NativeMethodAccessorImpl.invoke(NativeMethodAccessorImpl.java:62)
    at sun.reflect.DelegatingMethodAccessorImpl.invoke(DelegatingMethodAccessorImpl.java:43)
16:14:00.434 [pool-13-thread-1] INFO  f.i.l.r.n.s.ConstraintModelBuilder$1PassingListener - Tests run finished (1 ms)
<> Total tests run: 1
<> Ignored tests: 0
<> Failed tests: 1
~ test4(introclassJava.digits_f2997e14_002BlackboxTest)
[expected:<Enteraninteger>8[]That'sall,haveaniced...> but was:<Enteraninteger>8[0]That'sall,haveaniced...>]
org.junit.ComparisonFailure: expected:<Enteraninteger>8[]That'sall,haveaniced...> but was:<Enteraninteger>8[0]That'sall,haveaniced...>    at org.junit.Assert.assertEquals(Assert.java:115)
    at org.junit.Assert.assertEquals(Assert.java:144)
    at introclassJava.digits_f2997e14_002BlackboxTest.test4(digits_f2997e14_002BlackboxTest.java:40)
    at sun.reflect.NativeMethodAccessorImpl.invoke0(Native Method)
    at sun.reflect.NativeMethodAccessorImpl.invoke(NativeMethodAccessorImpl.java:62)
    at sun.reflect.DelegatingMethodAccessorImpl.invoke(DelegatingMethodAccessorImpl.java:43)

16:14:00.435 [pool-14-thread-1] INFO  f.i.l.r.n.s.ConstraintModelBuilder$1PassingListener - Tests run finished (0 ms)
<> Total tests run: 1
<> Ignored tests: 0
<> Failed tests: 0

16:14:00.437 [pool-15-thread-1] INFO  f.i.l.c.t.SpecificationTestCasesListener - Tests run finished (1 ms)
<> Total tests run: 1
<> Ignored tests: 0
<> Failed tests: 0

16:14:00.628 [pool-7-thread-1] DEBUG f.i.l.c.s.ConstraintBasedSynthesis - Operators:
16:14:00.740 [pool-7-thread-1] DEBUG f.i.l.c.s.ConstraintBasedSynthesis - Operators:
== of arity: 2
!= of arity: 2
< of arity: 2
<= of arity: 2
16:14:00.809 [pool-7-thread-1] DEBUG f.i.l.c.s.ConstraintBasedSynthesis - Operators:
== of arity: 2
!= of arity: 2
< of arity: 2
<= of arity: 2
! of arity: 1
|| of arity: 2
&& of arity: 2
16:14:00.958 [pool-7-thread-1] DEBUG f.i.l.c.s.ConstraintBasedSynthesis - Operators:
== of arity: 2
!= of arity: 2
< of arity: 2
<= of arity: 2
! of arity: 1
|| of arity: 2
&& of arity: 2
== of arity: 2
!= of arity: 2
< of arity: 2
<= of arity: 2
16:14:01.150 [pool-7-thread-1] DEBUG f.i.l.c.s.ConstraintBasedSynthesis - Operators:
== of arity: 2
!= of arity: 2
< of arity: 2
<= of arity: 2
! of arity: 1
|| of arity: 2
&& of arity: 2
== of arity: 2
!= of arity: 2
< of arity: 2
<= of arity: 2
! of arity: 1
|| of arity: 2
&& of arity: 2
16:14:19.476 [pool-7-thread-1] DEBUG f.i.l.c.s.ConstraintBasedSynthesis - Failed code synthesis, returning NullCodeGenesis
16:14:19.478 [pool-2-thread-1] DEBUG fr.inria.lille.repair.nopol.NoPol - statement #3
16:14:19.478 [pool-2-thread-1] DEBUG fr.inria.lille.repair.nopol.NoPol - Analysing SourceLocation introclassJava.digits_f2997e14_002:74 which is executed by 15 tests
-1272757750
16:14:19.533 [pool-2-thread-1] DEBUG fr.inria.lille.repair.nopol.NoPol - looking with class fr.inria.lille.repair.nopol.spoon.smt.ConditionalAdder
org.junit.ComparisonFailure: expected:<Enteraninteger>8[]That'sall,haveaniced...> but was:<Enteraninteger>8[0]That'sall,haveaniced...>
    at org.junit.Assert.assertEquals(Assert.java:115)
    at org.junit.Assert.assertEquals(Assert.java:144)
    at introclassJava.digits_f2997e14_002BlackboxTest.test4(digits_f2997e14_002BlackboxTest.java:40)
    at sun.reflect.NativeMethodAccessorImpl.invoke0(Native Method)
    at sun.reflect.NativeMethodAccessorImpl.invoke(NativeMethodAccessorImpl.java:62)
    at sun.reflect.DelegatingMethodAccessorImpl.invoke(DelegatingMethodAccessorImpl.java:43)
16:14:19.541 [pool-17-thread-1] INFO  xxl.java.junit.TestCasesListener - Tests run finished (5 ms)
<> Total tests run: 6
<> Ignored tests: 0
<> Failed tests: 1
~ test4(introclassJava.digits_f2997e14_002BlackboxTest)
[expected:<Enteraninteger>8[]That'sall,haveaniced...> but was:<Enteraninteger>8[0]That'sall,haveaniced...>]
org.junit.ComparisonFailure: expected:<Enteraninteger>8[]That'sall,haveaniced...> but was:<Enteraninteger>8[0]That'sall,haveaniced...>    at org.junit.Assert.assertEquals(Assert.java:115)
    at org.junit.Assert.assertEquals(Assert.java:144)
    at introclassJava.digits_f2997e14_002BlackboxTest.test4(digits_f2997e14_002BlackboxTest.java:40)
    at sun.reflect.NativeMethodAccessorImpl.invoke0(Native Method)
    at sun.reflect.NativeMethodAccessorImpl.invoke(NativeMethodAccessorImpl.java:62)
    at sun.reflect.DelegatingMethodAccessorImpl.invoke(DelegatingMethodAccessorImpl.java:43)

org.junit.ComparisonFailure: expected:<Enteraninteger>8[]That'sall,haveaniced...> but was:<Enteraninteger>8[0]That'sall,haveaniced...>
    at org.junit.Assert.assertEquals(Assert.java:115)
    at org.junit.Assert.assertEquals(Assert.java:144)
    at introclassJava.digits_f2997e14_002BlackboxTest.test4(digits_f2997e14_002BlackboxTest.java:40)
    at sun.reflect.NativeMethodAccessorImpl.invoke0(Native Method)
    at sun.reflect.NativeMethodAccessorImpl.invoke(NativeMethodAccessorImpl.java:62)
    at sun.reflect.DelegatingMethodAccessorImpl.invoke(DelegatingMethodAccessorImpl.java:43)
16:14:19.657 [pool-18-thread-1] INFO  f.i.l.c.t.SpecificationTestCasesListener - Tests run finished (2 ms)
<> Total tests run: 1
<> Ignored tests: 0
<> Failed tests: 1
~ test4(introclassJava.digits_f2997e14_002BlackboxTest)
[expected:<Enteraninteger>8[]That'sall,haveaniced...> but was:<Enteraninteger>8[0]That'sall,haveaniced...>]
org.junit.ComparisonFailure: expected:<Enteraninteger>8[]That'sall,haveaniced...> but was:<Enteraninteger>8[0]That'sall,haveaniced...>    at org.junit.Assert.assertEquals(Assert.java:115)
    at org.junit.Assert.assertEquals(Assert.java:144)
    at introclassJava.digits_f2997e14_002BlackboxTest.test4(digits_f2997e14_002BlackboxTest.java:40)
    at sun.reflect.NativeMethodAccessorImpl.invoke0(Native Method)
    at sun.reflect.NativeMethodAccessorImpl.invoke(NativeMethodAccessorImpl.java:62)
    at sun.reflect.DelegatingMethodAccessorImpl.invoke(DelegatingMethodAccessorImpl.java:43)

org.junit.ComparisonFailure: expected:<Enteraninteger>8[]That'sall,haveaniced...> but was:<Enteraninteger>8[0]That'sall,haveaniced...>
    at org.junit.Assert.assertEquals(Assert.java:115)
    at org.junit.Assert.assertEquals(Assert.java:144)
    at introclassJava.digits_f2997e14_002BlackboxTest.test4(digits_f2997e14_002BlackboxTest.java:40)
    at sun.reflect.NativeMethodAccessorImpl.invoke0(Native Method)
    at sun.reflect.NativeMethodAccessorImpl.invoke(NativeMethodAccessorImpl.java:62)
    at sun.reflect.DelegatingMethodAccessorImpl.invoke(DelegatingMethodAccessorImpl.java:43)
16:14:19.659 [pool-19-thread-1] INFO  f.i.l.c.t.SpecificationTestCasesListener - Tests run finished (1 ms)
<> Total tests run: 1
<> Ignored tests: 0
<> Failed tests: 1
~ test4(introclassJava.digits_f2997e14_002BlackboxTest)
[expected:<Enteraninteger>8[]That'sall,haveaniced...> but was:<Enteraninteger>8[0]That'sall,haveaniced...>]
org.junit.ComparisonFailure: expected:<Enteraninteger>8[]That'sall,haveaniced...> but was:<Enteraninteger>8[0]That'sall,haveaniced...>    at org.junit.Assert.assertEquals(Assert.java:115)
    at org.junit.Assert.assertEquals(Assert.java:144)
    at introclassJava.digits_f2997e14_002BlackboxTest.test4(digits_f2997e14_002BlackboxTest.java:40)
    at sun.reflect.NativeMethodAccessorImpl.invoke0(Native Method)
    at sun.reflect.NativeMethodAccessorImpl.invoke(NativeMethodAccessorImpl.java:62)
    at sun.reflect.DelegatingMethodAccessorImpl.invoke(DelegatingMethodAccessorImpl.java:43)

16:14:19.660 [pool-16-thread-1] DEBUG tests.output - Failing tests with false: 
[test4(introclassJava.digits_f2997e14_002BlackboxTest): expected:<Enteraninteger>8[]That'sall,haveaniced...> but was:<Enteraninteger>8[0]That'sall,haveaniced...>]
16:14:19.660 [pool-16-thread-1] DEBUG tests.output - Failing tests with true: 
[test4(introclassJava.digits_f2997e14_002BlackboxTest): expected:<Enteraninteger>8[]That'sall,haveaniced...> but was:<Enteraninteger>8[0]That'sall,haveaniced...>]
16:14:19.660 [pool-16-thread-1] INFO  f.i.l.r.n.synth.SMTNopolSynthesizer - Not enough specifications: 0. A trivial patch is "true" or "false", please write new tests specifying SourceLocation introclassJava.digits_f2997e14_002:74.
16:14:19.660 [pool-2-thread-1] DEBUG fr.inria.lille.repair.nopol.NoPol - looking with class fr.inria.lille.repair.nopol.spoon.smt.ConditionalReplacer
org.junit.ComparisonFailure: expected:<Enteraninteger>8[]That'sall,haveaniced...> but was:<Enteraninteger>8[0]That'sall,haveaniced...>
    at org.junit.Assert.assertEquals(Assert.java:115)
    at org.junit.Assert.assertEquals(Assert.java:144)
    at introclassJava.digits_f2997e14_002BlackboxTest.test4(digits_f2997e14_002BlackboxTest.java:40)
    at sun.reflect.NativeMethodAccessorImpl.invoke0(Native Method)
    at sun.reflect.NativeMethodAccessorImpl.invoke(NativeMethodAccessorImpl.java:62)
    at sun.reflect.DelegatingMethodAccessorImpl.invoke(DelegatingMethodAccessorImpl.java:43)
16:14:19.668 [pool-21-thread-1] INFO  xxl.java.junit.TestCasesListener - Tests run finished (6 ms)
<> Total tests run: 6
<> Ignored tests: 0
<> Failed tests: 1
~ test4(introclassJava.digits_f2997e14_002BlackboxTest)
[expected:<Enteraninteger>8[]That'sall,haveaniced...> but was:<Enteraninteger>8[0]That'sall,haveaniced...>]
org.junit.ComparisonFailure: expected:<Enteraninteger>8[]That'sall,haveaniced...> but was:<Enteraninteger>8[0]That'sall,haveaniced...>    at org.junit.Assert.assertEquals(Assert.java:115)
    at org.junit.Assert.assertEquals(Assert.java:144)
    at introclassJava.digits_f2997e14_002BlackboxTest.test4(digits_f2997e14_002BlackboxTest.java:40)
    at sun.reflect.NativeMethodAccessorImpl.invoke0(Native Method)
    at sun.reflect.NativeMethodAccessorImpl.invoke(NativeMethodAccessorImpl.java:62)
    at sun.reflect.DelegatingMethodAccessorImpl.invoke(DelegatingMethodAccessorImpl.java:43)

org.junit.ComparisonFailure: expected:<Enteraninteger>8[]That'sall,haveaniced...> but was:<Enteraninteger>8[0]That'sall,haveaniced...>
    at org.junit.Assert.assertEquals(Assert.java:115)
    at org.junit.Assert.assertEquals(Assert.java:144)
    at introclassJava.digits_f2997e14_002BlackboxTest.test4(digits_f2997e14_002BlackboxTest.java:40)
    at sun.reflect.NativeMethodAccessorImpl.invoke0(Native Method)
    at sun.reflect.NativeMethodAccessorImpl.invoke(NativeMethodAccessorImpl.java:62)
    at sun.reflect.DelegatingMethodAccessorImpl.invoke(DelegatingMethodAccessorImpl.java:43)
16:14:19.798 [pool-22-thread-1] INFO  f.i.l.c.t.SpecificationTestCasesListener - Tests run finished (3 ms)
<> Total tests run: 1
<> Ignored tests: 0
<> Failed tests: 1
~ test4(introclassJava.digits_f2997e14_002BlackboxTest)
[expected:<Enteraninteger>8[]That'sall,haveaniced...> but was:<Enteraninteger>8[0]That'sall,haveaniced...>]
org.junit.ComparisonFailure: expected:<Enteraninteger>8[]That'sall,haveaniced...> but was:<Enteraninteger>8[0]That'sall,haveaniced...>    at org.junit.Assert.assertEquals(Assert.java:115)
    at org.junit.Assert.assertEquals(Assert.java:144)
    at introclassJava.digits_f2997e14_002BlackboxTest.test4(digits_f2997e14_002BlackboxTest.java:40)
    at sun.reflect.NativeMethodAccessorImpl.invoke0(Native Method)
    at sun.reflect.NativeMethodAccessorImpl.invoke(NativeMethodAccessorImpl.java:62)
    at sun.reflect.DelegatingMethodAccessorImpl.invoke(DelegatingMethodAccessorImpl.java:43)

org.junit.ComparisonFailure: expected:<Enteraninteger>8[]That'sall,haveaniced...> but was:<Enteraninteger>8[0]That'sall,haveaniced...>
    at org.junit.Assert.assertEquals(Assert.java:115)
    at org.junit.Assert.assertEquals(Assert.java:144)
    at introclassJava.digits_f2997e14_002BlackboxTest.test4(digits_f2997e14_002BlackboxTest.java:40)
    at sun.reflect.NativeMethodAccessorImpl.invoke0(Native Method)
    at sun.reflect.NativeMethodAccessorImpl.invoke(NativeMethodAccessorImpl.java:62)
    at sun.reflect.DelegatingMethodAccessorImpl.invoke(DelegatingMethodAccessorImpl.java:43)
16:14:19.799 [pool-23-thread-1] INFO  f.i.l.c.t.SpecificationTestCasesListener - Tests run finished (0 ms)
<> Total tests run: 1
<> Ignored tests: 0
<> Failed tests: 1
~ test4(introclassJava.digits_f2997e14_002BlackboxTest)
[expected:<Enteraninteger>8[]That'sall,haveaniced...> but was:<Enteraninteger>8[0]That'sall,haveaniced...>]
org.junit.ComparisonFailure: expected:<Enteraninteger>8[]That'sall,haveaniced...> but was:<Enteraninteger>8[0]That'sall,haveaniced...>    at org.junit.Assert.assertEquals(Assert.java:115)
    at org.junit.Assert.assertEquals(Assert.java:144)
    at introclassJava.digits_f2997e14_002BlackboxTest.test4(digits_f2997e14_002BlackboxTest.java:40)
    at sun.reflect.NativeMethodAccessorImpl.invoke0(Native Method)
    at sun.reflect.NativeMethodAccessorImpl.invoke(NativeMethodAccessorImpl.java:62)
    at sun.reflect.DelegatingMethodAccessorImpl.invoke(DelegatingMethodAccessorImpl.java:43)

16:14:19.800 [pool-20-thread-1] DEBUG tests.output - Failing tests with false: 
[test4(introclassJava.digits_f2997e14_002BlackboxTest): expected:<Enteraninteger>8[]That'sall,haveaniced...> but was:<Enteraninteger>8[0]That'sall,haveaniced...>]
16:14:19.800 [pool-20-thread-1] DEBUG tests.output - Failing tests with true: 
[test4(introclassJava.digits_f2997e14_002BlackboxTest): expected:<Enteraninteger>8[]That'sall,haveaniced...> but was:<Enteraninteger>8[0]That'sall,haveaniced...>]
16:14:19.800 [pool-20-thread-1] INFO  f.i.l.r.n.synth.SMTNopolSynthesizer - Not enough specifications: 0. A trivial patch is "true" or "false", please write new tests specifying SourceLocation introclassJava.digits_f2997e14_002:74.
16:14:19.800 [pool-2-thread-1] DEBUG fr.inria.lille.repair.nopol.NoPol - statement #4
16:14:19.800 [pool-2-thread-1] DEBUG fr.inria.lille.repair.nopol.NoPol - Analysing SourceLocation introclassJava.digits_f2997e14_002:73 which is executed by 15 tests
-1272757750
16:14:19.847 [pool-2-thread-1] DEBUG fr.inria.lille.repair.nopol.NoPol - looking with class fr.inria.lille.repair.nopol.spoon.smt.ConditionalAdder
org.junit.ComparisonFailure: expected:<Enteraninteger>8[]That'sall,haveaniced...> but was:<Enteraninteger>8[0]That'sall,haveaniced...>
    at org.junit.Assert.assertEquals(Assert.java:115)
    at org.junit.Assert.assertEquals(Assert.java:144)
    at introclassJava.digits_f2997e14_002BlackboxTest.test4(digits_f2997e14_002BlackboxTest.java:40)
    at sun.reflect.NativeMethodAccessorImpl.invoke0(Native Method)
    at sun.reflect.NativeMethodAccessorImpl.invoke(NativeMethodAccessorImpl.java:62)
    at sun.reflect.DelegatingMethodAccessorImpl.invoke(DelegatingMethodAccessorImpl.java:43)
16:14:19.854 [pool-25-thread-1] INFO  xxl.java.junit.TestCasesListener - Tests run finished (5 ms)
<> Total tests run: 6
<> Ignored tests: 0
<> Failed tests: 1
~ test4(introclassJava.digits_f2997e14_002BlackboxTest)
[expected:<Enteraninteger>8[]That'sall,haveaniced...> but was:<Enteraninteger>8[0]That'sall,haveaniced...>]
org.junit.ComparisonFailure: expected:<Enteraninteger>8[]That'sall,haveaniced...> but was:<Enteraninteger>8[0]That'sall,haveaniced...>    at org.junit.Assert.assertEquals(Assert.java:115)
    at org.junit.Assert.assertEquals(Assert.java:144)
    at introclassJava.digits_f2997e14_002BlackboxTest.test4(digits_f2997e14_002BlackboxTest.java:40)
    at sun.reflect.NativeMethodAccessorImpl.invoke0(Native Method)
    at sun.reflect.NativeMethodAccessorImpl.invoke(NativeMethodAccessorImpl.java:62)
    at sun.reflect.DelegatingMethodAccessorImpl.invoke(DelegatingMethodAccessorImpl.java:43)

org.junit.ComparisonFailure: expected:<Enteraninteger>8[]That'sall,haveaniced...> but was:<Enteraninteger>8[8]That'sall,haveaniced...>
    at org.junit.Assert.assertEquals(Assert.java:115)
    at org.junit.Assert.assertEquals(Assert.java:144)
    at introclassJava.digits_f2997e14_002BlackboxTest.test4(digits_f2997e14_002BlackboxTest.java:40)
    at sun.reflect.NativeMethodAccessorImpl.invoke0(Native Method)
    at sun.reflect.NativeMethodAccessorImpl.invoke(NativeMethodAccessorImpl.java:62)
    at sun.reflect.DelegatingMethodAccessorImpl.invoke(DelegatingMethodAccessorImpl.java:43)
16:14:19.951 [pool-26-thread-1] INFO  f.i.l.c.t.SpecificationTestCasesListener - Tests run finished (2 ms)
<> Total tests run: 1
<> Ignored tests: 0
<> Failed tests: 1
~ test4(introclassJava.digits_f2997e14_002BlackboxTest)
[expected:<Enteraninteger>8[]That'sall,haveaniced...> but was:<Enteraninteger>8[8]That'sall,haveaniced...>]
org.junit.ComparisonFailure: expected:<Enteraninteger>8[]That'sall,haveaniced...> but was:<Enteraninteger>8[8]That'sall,haveaniced...>    at org.junit.Assert.assertEquals(Assert.java:115)
    at org.junit.Assert.assertEquals(Assert.java:144)
    at introclassJava.digits_f2997e14_002BlackboxTest.test4(digits_f2997e14_002BlackboxTest.java:40)
    at sun.reflect.NativeMethodAccessorImpl.invoke0(Native Method)
    at sun.reflect.NativeMethodAccessorImpl.invoke(NativeMethodAccessorImpl.java:62)
    at sun.reflect.DelegatingMethodAccessorImpl.invoke(DelegatingMethodAccessorImpl.java:43)

org.junit.ComparisonFailure: expected:<Enteraninteger>8[]That'sall,haveaniced...> but was:<Enteraninteger>8[0]That'sall,haveaniced...>
    at org.junit.Assert.assertEquals(Assert.java:115)
    at org.junit.Assert.assertEquals(Assert.java:144)
    at introclassJava.digits_f2997e14_002BlackboxTest.test4(digits_f2997e14_002BlackboxTest.java:40)
    at sun.reflect.NativeMethodAccessorImpl.invoke0(Native Method)
    at sun.reflect.NativeMethodAccessorImpl.invoke(NativeMethodAccessorImpl.java:62)
    at sun.reflect.DelegatingMethodAccessorImpl.invoke(DelegatingMethodAccessorImpl.java:43)
16:14:19.952 [pool-27-thread-1] INFO  f.i.l.c.t.SpecificationTestCasesListener - Tests run finished (1 ms)
<> Total tests run: 1
<> Ignored tests: 0
<> Failed tests: 1
~ test4(introclassJava.digits_f2997e14_002BlackboxTest)
[expected:<Enteraninteger>8[]That'sall,haveaniced...> but was:<Enteraninteger>8[0]That'sall,haveaniced...>]
org.junit.ComparisonFailure: expected:<Enteraninteger>8[]That'sall,haveaniced...> but was:<Enteraninteger>8[0]That'sall,haveaniced...>    at org.junit.Assert.assertEquals(Assert.java:115)
    at org.junit.Assert.assertEquals(Assert.java:144)
    at introclassJava.digits_f2997e14_002BlackboxTest.test4(digits_f2997e14_002BlackboxTest.java:40)
    at sun.reflect.NativeMethodAccessorImpl.invoke0(Native Method)
    at sun.reflect.NativeMethodAccessorImpl.invoke(NativeMethodAccessorImpl.java:62)
    at sun.reflect.DelegatingMethodAccessorImpl.invoke(DelegatingMethodAccessorImpl.java:43)

16:14:19.953 [pool-24-thread-1] DEBUG tests.output - Failing tests with false: 
[test4(introclassJava.digits_f2997e14_002BlackboxTest): expected:<Enteraninteger>8[]That'sall,haveaniced...> but was:<Enteraninteger>8[8]That'sall,haveaniced...>]
16:14:19.953 [pool-24-thread-1] DEBUG tests.output - Failing tests with true: 
[test4(introclassJava.digits_f2997e14_002BlackboxTest): expected:<Enteraninteger>8[]That'sall,haveaniced...> but was:<Enteraninteger>8[0]That'sall,haveaniced...>]
16:14:19.953 [pool-24-thread-1] INFO  f.i.l.r.n.synth.SMTNopolSynthesizer - Not enough specifications: 0. A trivial patch is "true" or "false", please write new tests specifying SourceLocation introclassJava.digits_f2997e14_002:73.
16:14:19.953 [pool-2-thread-1] DEBUG fr.inria.lille.repair.nopol.NoPol - statement #5
16:14:19.953 [pool-2-thread-1] DEBUG fr.inria.lille.repair.nopol.NoPol - Analysing SourceLocation introclassJava.digits_f2997e14_002:71 which is executed by 15 tests
-1272757750
16:14:19.998 [pool-2-thread-1] DEBUG fr.inria.lille.repair.nopol.NoPol - looking with class fr.inria.lille.repair.nopol.spoon.smt.ConditionalAdder
org.junit.ComparisonFailure: expected:<Enteraninteger>8[]That'sall,haveaniced...> but was:<Enteraninteger>8[0]That'sall,haveaniced...>
    at org.junit.Assert.assertEquals(Assert.java:115)
    at org.junit.Assert.assertEquals(Assert.java:144)
    at introclassJava.digits_f2997e14_002BlackboxTest.test4(digits_f2997e14_002BlackboxTest.java:40)
    at sun.reflect.NativeMethodAccessorImpl.invoke0(Native Method)
    at sun.reflect.NativeMethodAccessorImpl.invoke(NativeMethodAccessorImpl.java:62)
    at sun.reflect.DelegatingMethodAccessorImpl.invoke(DelegatingMethodAccessorImpl.java:43)
16:14:20.004 [pool-29-thread-1] INFO  xxl.java.junit.TestCasesListener - Tests run finished (4 ms)
<> Total tests run: 6
<> Ignored tests: 0
<> Failed tests: 1
~ test4(introclassJava.digits_f2997e14_002BlackboxTest)
[expected:<Enteraninteger>8[]That'sall,haveaniced...> but was:<Enteraninteger>8[0]That'sall,haveaniced...>]
org.junit.ComparisonFailure: expected:<Enteraninteger>8[]That'sall,haveaniced...> but was:<Enteraninteger>8[0]That'sall,haveaniced...>    at org.junit.Assert.assertEquals(Assert.java:115)
    at org.junit.Assert.assertEquals(Assert.java:144)
    at introclassJava.digits_f2997e14_002BlackboxTest.test4(digits_f2997e14_002BlackboxTest.java:40)
    at sun.reflect.NativeMethodAccessorImpl.invoke0(Native Method)
    at sun.reflect.NativeMethodAccessorImpl.invoke(NativeMethodAccessorImpl.java:62)
    at sun.reflect.DelegatingMethodAccessorImpl.invoke(DelegatingMethodAccessorImpl.java:43)

org.junit.ComparisonFailure: expected:<Enteraninteger>[8]That'sall,haveaniced...> but was:<Enteraninteger>[0]That'sall,haveaniced...>
    at org.junit.Assert.assertEquals(Assert.java:115)
    at org.junit.Assert.assertEquals(Assert.java:144)
    at introclassJava.digits_f2997e14_002BlackboxTest.test4(digits_f2997e14_002BlackboxTest.java:40)
    at sun.reflect.NativeMethodAccessorImpl.invoke0(Native Method)
    at sun.reflect.NativeMethodAccessorImpl.invoke(NativeMethodAccessorImpl.java:62)
    at sun.reflect.DelegatingMethodAccessorImpl.invoke(DelegatingMethodAccessorImpl.java:43)
16:14:20.090 [pool-30-thread-1] INFO  f.i.l.c.t.SpecificationTestCasesListener - Tests run finished (2 ms)
<> Total tests run: 1
<> Ignored tests: 0
<> Failed tests: 1
~ test4(introclassJava.digits_f2997e14_002BlackboxTest)
[expected:<Enteraninteger>[8]That'sall,haveaniced...> but was:<Enteraninteger>[0]That'sall,haveaniced...>]
org.junit.ComparisonFailure: expected:<Enteraninteger>[8]That'sall,haveaniced...> but was:<Enteraninteger>[0]That'sall,haveaniced...>    at org.junit.Assert.assertEquals(Assert.java:115)
    at org.junit.Assert.assertEquals(Assert.java:144)
    at introclassJava.digits_f2997e14_002BlackboxTest.test4(digits_f2997e14_002BlackboxTest.java:40)
    at sun.reflect.NativeMethodAccessorImpl.invoke0(Native Method)
    at sun.reflect.NativeMethodAccessorImpl.invoke(NativeMethodAccessorImpl.java:62)
    at sun.reflect.DelegatingMethodAccessorImpl.invoke(DelegatingMethodAccessorImpl.java:43)

org.junit.ComparisonFailure: expected:<Enteraninteger>8[]That'sall,haveaniced...> but was:<Enteraninteger>8[0]That'sall,haveaniced...>
    at org.junit.Assert.assertEquals(Assert.java:115)
    at org.junit.Assert.assertEquals(Assert.java:144)
    at introclassJava.digits_f2997e14_002BlackboxTest.test4(digits_f2997e14_002BlackboxTest.java:40)
    at sun.reflect.NativeMethodAccessorImpl.invoke0(Native Method)
    at sun.reflect.NativeMethodAccessorImpl.invoke(NativeMethodAccessorImpl.java:62)
    at sun.reflect.DelegatingMethodAccessorImpl.invoke(DelegatingMethodAccessorImpl.java:43)
16:14:20.092 [pool-31-thread-1] INFO  f.i.l.c.t.SpecificationTestCasesListener - Tests run finished (1 ms)
<> Total tests run: 1
<> Ignored tests: 0
<> Failed tests: 1
~ test4(introclassJava.digits_f2997e14_002BlackboxTest)
[expected:<Enteraninteger>8[]That'sall,haveaniced...> but was:<Enteraninteger>8[0]That'sall,haveaniced...>]
org.junit.ComparisonFailure: expected:<Enteraninteger>8[]That'sall,haveaniced...> but was:<Enteraninteger>8[0]That'sall,haveaniced...>    at org.junit.Assert.assertEquals(Assert.java:115)
    at org.junit.Assert.assertEquals(Assert.java:144)
    at introclassJava.digits_f2997e14_002BlackboxTest.test4(digits_f2997e14_002BlackboxTest.java:40)
    at sun.reflect.NativeMethodAccessorImpl.invoke0(Native Method)
    at sun.reflect.NativeMethodAccessorImpl.invoke(NativeMethodAccessorImpl.java:62)
    at sun.reflect.DelegatingMethodAccessorImpl.invoke(DelegatingMethodAccessorImpl.java:43)

16:14:20.092 [pool-28-thread-1] DEBUG tests.output - Failing tests with false: 
[test4(introclassJava.digits_f2997e14_002BlackboxTest): expected:<Enteraninteger>[8]That'sall,haveaniced...> but was:<Enteraninteger>[0]That'sall,haveaniced...>]
16:14:20.092 [pool-28-thread-1] DEBUG tests.output - Failing tests with true: 
[test4(introclassJava.digits_f2997e14_002BlackboxTest): expected:<Enteraninteger>8[]That'sall,haveaniced...> but was:<Enteraninteger>8[0]That'sall,haveaniced...>]
16:14:20.092 [pool-28-thread-1] INFO  f.i.l.r.n.synth.SMTNopolSynthesizer - Not enough specifications: 0. A trivial patch is "true" or "false", please write new tests specifying SourceLocation introclassJava.digits_f2997e14_002:71.
16:14:20.093 [pool-2-thread-1] DEBUG fr.inria.lille.repair.nopol.NoPol - statement #6
16:14:20.093 [pool-2-thread-1] DEBUG fr.inria.lille.repair.nopol.NoPol - Analysing SourceLocation introclassJava.digits_f2997e14_002:70 which is executed by 15 tests
-1272757750
16:14:20.136 [pool-2-thread-1] DEBUG fr.inria.lille.repair.nopol.NoPol - looking with class fr.inria.lille.repair.nopol.spoon.smt.ConditionalAdder
org.junit.ComparisonFailure: expected:<Enteraninteger>8[]That'sall,haveaniced...> but was:<Enteraninteger>8[0]That'sall,haveaniced...>
    at org.junit.Assert.assertEquals(Assert.java:115)
    at org.junit.Assert.assertEquals(Assert.java:144)
    at introclassJava.digits_f2997e14_002BlackboxTest.test4(digits_f2997e14_002BlackboxTest.java:40)
    at sun.reflect.NativeMethodAccessorImpl.invoke0(Native Method)
    at sun.reflect.NativeMethodAccessorImpl.invoke(NativeMethodAccessorImpl.java:62)
    at sun.reflect.DelegatingMethodAccessorImpl.invoke(DelegatingMethodAccessorImpl.java:43)
16:14:20.143 [pool-33-thread-1] INFO  xxl.java.junit.TestCasesListener - Tests run finished (4 ms)
<> Total tests run: 6
<> Ignored tests: 0
<> Failed tests: 1
~ test4(introclassJava.digits_f2997e14_002BlackboxTest)
[expected:<Enteraninteger>8[]That'sall,haveaniced...> but was:<Enteraninteger>8[0]That'sall,haveaniced...>]
org.junit.ComparisonFailure: expected:<Enteraninteger>8[]That'sall,haveaniced...> but was:<Enteraninteger>8[0]That'sall,haveaniced...>    at org.junit.Assert.assertEquals(Assert.java:115)
    at org.junit.Assert.assertEquals(Assert.java:144)
    at introclassJava.digits_f2997e14_002BlackboxTest.test4(digits_f2997e14_002BlackboxTest.java:40)
    at sun.reflect.NativeMethodAccessorImpl.invoke0(Native Method)
    at sun.reflect.NativeMethodAccessorImpl.invoke(NativeMethodAccessorImpl.java:62)
    at sun.reflect.DelegatingMethodAccessorImpl.invoke(DelegatingMethodAccessorImpl.java:43)

org.junit.ComparisonFailure: expected:<Enteraninteger>8[]That'sall,haveaniced...> but was:<Enteraninteger>8[0]That'sall,haveaniced...>
    at org.junit.Assert.assertEquals(Assert.java:115)
    at org.junit.Assert.assertEquals(Assert.java:144)
    at introclassJava.digits_f2997e14_002BlackboxTest.test4(digits_f2997e14_002BlackboxTest.java:40)
    at sun.reflect.NativeMethodAccessorImpl.invoke0(Native Method)
    at sun.reflect.NativeMethodAccessorImpl.invoke(NativeMethodAccessorImpl.java:62)
    at sun.reflect.DelegatingMethodAccessorImpl.invoke(DelegatingMethodAccessorImpl.java:43)
16:14:20.232 [pool-34-thread-1] INFO  f.i.l.c.t.SpecificationTestCasesListener - Tests run finished (2 ms)
<> Total tests run: 1
<> Ignored tests: 0
<> Failed tests: 1
~ test4(introclassJava.digits_f2997e14_002BlackboxTest)
[expected:<Enteraninteger>8[]That'sall,haveaniced...> but was:<Enteraninteger>8[0]That'sall,haveaniced...>]
org.junit.ComparisonFailure: expected:<Enteraninteger>8[]That'sall,haveaniced...> but was:<Enteraninteger>8[0]That'sall,haveaniced...>    at org.junit.Assert.assertEquals(Assert.java:115)
    at org.junit.Assert.assertEquals(Assert.java:144)
    at introclassJava.digits_f2997e14_002BlackboxTest.test4(digits_f2997e14_002BlackboxTest.java:40)
    at sun.reflect.NativeMethodAccessorImpl.invoke0(Native Method)
    at sun.reflect.NativeMethodAccessorImpl.invoke(NativeMethodAccessorImpl.java:62)
    at sun.reflect.DelegatingMethodAccessorImpl.invoke(DelegatingMethodAccessorImpl.java:43)

org.junit.ComparisonFailure: expected:<Enteraninteger>8[]That'sall,haveaniced...> but was:<Enteraninteger>8[0]That'sall,haveaniced...>
    at org.junit.Assert.assertEquals(Assert.java:115)
    at org.junit.Assert.assertEquals(Assert.java:144)
    at introclassJava.digits_f2997e14_002BlackboxTest.test4(digits_f2997e14_002BlackboxTest.java:40)
    at sun.reflect.NativeMethodAccessorImpl.invoke0(Native Method)
    at sun.reflect.NativeMethodAccessorImpl.invoke(NativeMethodAccessorImpl.java:62)
    at sun.reflect.DelegatingMethodAccessorImpl.invoke(DelegatingMethodAccessorImpl.java:43)
16:14:20.234 [pool-35-thread-1] INFO  f.i.l.c.t.SpecificationTestCasesListener - Tests run finished (1 ms)
<> Total tests run: 1
<> Ignored tests: 0
<> Failed tests: 1
~ test4(introclassJava.digits_f2997e14_002BlackboxTest)
[expected:<Enteraninteger>8[]That'sall,haveaniced...> but was:<Enteraninteger>8[0]That'sall,haveaniced...>]
org.junit.ComparisonFailure: expected:<Enteraninteger>8[]That'sall,haveaniced...> but was:<Enteraninteger>8[0]That'sall,haveaniced...>    at org.junit.Assert.assertEquals(Assert.java:115)
    at org.junit.Assert.assertEquals(Assert.java:144)
    at introclassJava.digits_f2997e14_002BlackboxTest.test4(digits_f2997e14_002BlackboxTest.java:40)
    at sun.reflect.NativeMethodAccessorImpl.invoke0(Native Method)
    at sun.reflect.NativeMethodAccessorImpl.invoke(NativeMethodAccessorImpl.java:62)
    at sun.reflect.DelegatingMethodAccessorImpl.invoke(DelegatingMethodAccessorImpl.java:43)

16:14:20.234 [pool-32-thread-1] DEBUG tests.output - Failing tests with false: 
[test4(introclassJava.digits_f2997e14_002BlackboxTest): expected:<Enteraninteger>8[]That'sall,haveaniced...> but was:<Enteraninteger>8[0]That'sall,haveaniced...>]
16:14:20.235 [pool-32-thread-1] DEBUG tests.output - Failing tests with true: 
[test4(introclassJava.digits_f2997e14_002BlackboxTest): expected:<Enteraninteger>8[]That'sall,haveaniced...> but was:<Enteraninteger>8[0]That'sall,haveaniced...>]
16:14:20.235 [pool-32-thread-1] INFO  f.i.l.r.n.synth.SMTNopolSynthesizer - Not enough specifications: 0. A trivial patch is "true" or "false", please write new tests specifying SourceLocation introclassJava.digits_f2997e14_002:70.
16:14:20.235 [pool-2-thread-1] DEBUG fr.inria.lille.repair.nopol.NoPol - statement #7
16:14:20.235 [pool-2-thread-1] DEBUG fr.inria.lille.repair.nopol.NoPol - Analysing SourceLocation introclassJava.digits_f2997e14_002:69 which is executed by 15 tests
-1272757750
16:14:20.278 [pool-2-thread-1] DEBUG fr.inria.lille.repair.nopol.NoPol - looking with class fr.inria.lille.repair.nopol.spoon.smt.ConditionalAdder
org.junit.ComparisonFailure: expected:<Enteraninteger>8[]That'sall,haveaniced...> but was:<Enteraninteger>8[0]That'sall,haveaniced...>
    at org.junit.Assert.assertEquals(Assert.java:115)
    at org.junit.Assert.assertEquals(Assert.java:144)
    at introclassJava.digits_f2997e14_002BlackboxTest.test4(digits_f2997e14_002BlackboxTest.java:40)
    at sun.reflect.NativeMethodAccessorImpl.invoke0(Native Method)
    at sun.reflect.NativeMethodAccessorImpl.invoke(NativeMethodAccessorImpl.java:62)
    at sun.reflect.DelegatingMethodAccessorImpl.invoke(DelegatingMethodAccessorImpl.java:43)
16:14:20.285 [pool-37-thread-1] INFO  xxl.java.junit.TestCasesListener - Tests run finished (5 ms)
<> Total tests run: 6
<> Ignored tests: 0
<> Failed tests: 1
~ test4(introclassJava.digits_f2997e14_002BlackboxTest)
[expected:<Enteraninteger>8[]That'sall,haveaniced...> but was:<Enteraninteger>8[0]That'sall,haveaniced...>]
org.junit.ComparisonFailure: expected:<Enteraninteger>8[]That'sall,haveaniced...> but was:<Enteraninteger>8[0]That'sall,haveaniced...>    at org.junit.Assert.assertEquals(Assert.java:115)
    at org.junit.Assert.assertEquals(Assert.java:144)
    at introclassJava.digits_f2997e14_002BlackboxTest.test4(digits_f2997e14_002BlackboxTest.java:40)
    at sun.reflect.NativeMethodAccessorImpl.invoke0(Native Method)
    at sun.reflect.NativeMethodAccessorImpl.invoke(NativeMethodAccessorImpl.java:62)
    at sun.reflect.DelegatingMethodAccessorImpl.invoke(DelegatingMethodAccessorImpl.java:43)

org.junit.ComparisonFailure: expected:<Enteraninteger>[8]That'sall,haveaniced...> but was:<Enteraninteger>[0]That'sall,haveaniced...>
    at org.junit.Assert.assertEquals(Assert.java:115)
    at org.junit.Assert.assertEquals(Assert.java:144)
    at introclassJava.digits_f2997e14_002BlackboxTest.test4(digits_f2997e14_002BlackboxTest.java:40)
    at sun.reflect.NativeMethodAccessorImpl.invoke0(Native Method)
    at sun.reflect.NativeMethodAccessorImpl.invoke(NativeMethodAccessorImpl.java:62)
    at sun.reflect.DelegatingMethodAccessorImpl.invoke(DelegatingMethodAccessorImpl.java:43)
16:14:20.371 [pool-38-thread-1] INFO  f.i.l.c.t.SpecificationTestCasesListener - Tests run finished (2 ms)
<> Total tests run: 1
<> Ignored tests: 0
<> Failed tests: 1
~ test4(introclassJava.digits_f2997e14_002BlackboxTest)
[expected:<Enteraninteger>[8]That'sall,haveaniced...> but was:<Enteraninteger>[0]That'sall,haveaniced...>]
org.junit.ComparisonFailure: expected:<Enteraninteger>[8]That'sall,haveaniced...> but was:<Enteraninteger>[0]That'sall,haveaniced...>    at org.junit.Assert.assertEquals(Assert.java:115)
    at org.junit.Assert.assertEquals(Assert.java:144)
    at introclassJava.digits_f2997e14_002BlackboxTest.test4(digits_f2997e14_002BlackboxTest.java:40)
    at sun.reflect.NativeMethodAccessorImpl.invoke0(Native Method)
    at sun.reflect.NativeMethodAccessorImpl.invoke(NativeMethodAccessorImpl.java:62)
    at sun.reflect.DelegatingMethodAccessorImpl.invoke(DelegatingMethodAccessorImpl.java:43)

org.junit.ComparisonFailure: expected:<Enteraninteger>8[]That'sall,haveaniced...> but was:<Enteraninteger>8[0]That'sall,haveaniced...>
    at org.junit.Assert.assertEquals(Assert.java:115)
    at org.junit.Assert.assertEquals(Assert.java:144)
    at introclassJava.digits_f2997e14_002BlackboxTest.test4(digits_f2997e14_002BlackboxTest.java:40)
    at sun.reflect.NativeMethodAccessorImpl.invoke0(Native Method)
    at sun.reflect.NativeMethodAccessorImpl.invoke(NativeMethodAccessorImpl.java:62)
    at sun.reflect.DelegatingMethodAccessorImpl.invoke(DelegatingMethodAccessorImpl.java:43)
16:14:20.372 [pool-39-thread-1] INFO  f.i.l.c.t.SpecificationTestCasesListener - Tests run finished (1 ms)
<> Total tests run: 1
<> Ignored tests: 0
<> Failed tests: 1
~ test4(introclassJava.digits_f2997e14_002BlackboxTest)
[expected:<Enteraninteger>8[]That'sall,haveaniced...> but was:<Enteraninteger>8[0]That'sall,haveaniced...>]
org.junit.ComparisonFailure: expected:<Enteraninteger>8[]That'sall,haveaniced...> but was:<Enteraninteger>8[0]That'sall,haveaniced...>    at org.junit.Assert.assertEquals(Assert.java:115)
    at org.junit.Assert.assertEquals(Assert.java:144)
    at introclassJava.digits_f2997e14_002BlackboxTest.test4(digits_f2997e14_002BlackboxTest.java:40)
    at sun.reflect.NativeMethodAccessorImpl.invoke0(Native Method)
    at sun.reflect.NativeMethodAccessorImpl.invoke(NativeMethodAccessorImpl.java:62)
    at sun.reflect.DelegatingMethodAccessorImpl.invoke(DelegatingMethodAccessorImpl.java:43)

16:14:20.373 [pool-36-thread-1] DEBUG tests.output - Failing tests with false: 
[test4(introclassJava.digits_f2997e14_002BlackboxTest): expected:<Enteraninteger>[8]That'sall,haveaniced...> but was:<Enteraninteger>[0]That'sall,haveaniced...>]
16:14:20.373 [pool-36-thread-1] DEBUG tests.output - Failing tests with true: 
[test4(introclassJava.digits_f2997e14_002BlackboxTest): expected:<Enteraninteger>8[]That'sall,haveaniced...> but was:<Enteraninteger>8[0]That'sall,haveaniced...>]
16:14:20.373 [pool-36-thread-1] INFO  f.i.l.r.n.synth.SMTNopolSynthesizer - Not enough specifications: 0. A trivial patch is "true" or "false", please write new tests specifying SourceLocation introclassJava.digits_f2997e14_002:69.
16:14:20.373 [pool-2-thread-1] DEBUG fr.inria.lille.repair.nopol.NoPol - looking with class fr.inria.lille.repair.nopol.spoon.smt.ConditionalReplacer
org.junit.ComparisonFailure: expected:<Enteraninteger>8[]That'sall,haveaniced...> but was:<Enteraninteger>8[0]That'sall,haveaniced...>
    at org.junit.Assert.assertEquals(Assert.java:115)
    at org.junit.Assert.assertEquals(Assert.java:144)
    at introclassJava.digits_f2997e14_002BlackboxTest.test4(digits_f2997e14_002BlackboxTest.java:40)
    at sun.reflect.NativeMethodAccessorImpl.invoke0(Native Method)
    at sun.reflect.NativeMethodAccessorImpl.invoke(NativeMethodAccessorImpl.java:62)
    at sun.reflect.DelegatingMethodAccessorImpl.invoke(DelegatingMethodAccessorImpl.java:43)
16:14:20.379 [pool-41-thread-1] INFO  xxl.java.junit.TestCasesListener - Tests run finished (5 ms)
<> Total tests run: 6
<> Ignored tests: 0
<> Failed tests: 1
~ test4(introclassJava.digits_f2997e14_002BlackboxTest)
[expected:<Enteraninteger>8[]That'sall,haveaniced...> but was:<Enteraninteger>8[0]That'sall,haveaniced...>]
org.junit.ComparisonFailure: expected:<Enteraninteger>8[]That'sall,haveaniced...> but was:<Enteraninteger>8[0]That'sall,haveaniced...>    at org.junit.Assert.assertEquals(Assert.java:115)
    at org.junit.Assert.assertEquals(Assert.java:144)
    at introclassJava.digits_f2997e14_002BlackboxTest.test4(digits_f2997e14_002BlackboxTest.java:40)
    at sun.reflect.NativeMethodAccessorImpl.invoke0(Native Method)
    at sun.reflect.NativeMethodAccessorImpl.invoke(NativeMethodAccessorImpl.java:62)
    at sun.reflect.DelegatingMethodAccessorImpl.invoke(DelegatingMethodAccessorImpl.java:43)

org.junit.ComparisonFailure: expected:<Enteraninteger>[8]That'sall,haveaniced...> but was:<Enteraninteger>[0]That'sall,haveaniced...>
    at org.junit.Assert.assertEquals(Assert.java:115)
    at org.junit.Assert.assertEquals(Assert.java:144)
    at introclassJava.digits_f2997e14_002BlackboxTest.test4(digits_f2997e14_002BlackboxTest.java:40)
    at sun.reflect.NativeMethodAccessorImpl.invoke0(Native Method)
    at sun.reflect.NativeMethodAccessorImpl.invoke(NativeMethodAccessorImpl.java:62)
    at sun.reflect.DelegatingMethodAccessorImpl.invoke(DelegatingMethodAccessorImpl.java:43)
16:14:20.464 [pool-42-thread-1] INFO  f.i.l.c.t.SpecificationTestCasesListener - Tests run finished (2 ms)
<> Total tests run: 1
<> Ignored tests: 0
<> Failed tests: 1
~ test4(introclassJava.digits_f2997e14_002BlackboxTest)
[expected:<Enteraninteger>[8]That'sall,haveaniced...> but was:<Enteraninteger>[0]That'sall,haveaniced...>]
org.junit.ComparisonFailure: expected:<Enteraninteger>[8]That'sall,haveaniced...> but was:<Enteraninteger>[0]That'sall,haveaniced...>    at org.junit.Assert.assertEquals(Assert.java:115)
    at org.junit.Assert.assertEquals(Assert.java:144)
    at introclassJava.digits_f2997e14_002BlackboxTest.test4(digits_f2997e14_002BlackboxTest.java:40)
    at sun.reflect.NativeMethodAccessorImpl.invoke0(Native Method)
    at sun.reflect.NativeMethodAccessorImpl.invoke(NativeMethodAccessorImpl.java:62)
    at sun.reflect.DelegatingMethodAccessorImpl.invoke(DelegatingMethodAccessorImpl.java:43)

org.junit.ComparisonFailure: expected:<Enteraninteger>8[]That'sall,haveaniced...> but was:<Enteraninteger>8[0]That'sall,haveaniced...>
    at org.junit.Assert.assertEquals(Assert.java:115)
    at org.junit.Assert.assertEquals(Assert.java:144)
    at introclassJava.digits_f2997e14_002BlackboxTest.test4(digits_f2997e14_002BlackboxTest.java:40)
    at sun.reflect.NativeMethodAccessorImpl.invoke0(Native Method)
    at sun.reflect.NativeMethodAccessorImpl.invoke(NativeMethodAccessorImpl.java:62)
    at sun.reflect.DelegatingMethodAccessorImpl.invoke(DelegatingMethodAccessorImpl.java:43)
16:14:20.466 [pool-43-thread-1] INFO  f.i.l.c.t.SpecificationTestCasesListener - Tests run finished (1 ms)
<> Total tests run: 1
<> Ignored tests: 0
<> Failed tests: 1
~ test4(introclassJava.digits_f2997e14_002BlackboxTest)
[expected:<Enteraninteger>8[]That'sall,haveaniced...> but was:<Enteraninteger>8[0]That'sall,haveaniced...>]
org.junit.ComparisonFailure: expected:<Enteraninteger>8[]That'sall,haveaniced...> but was:<Enteraninteger>8[0]That'sall,haveaniced...>    at org.junit.Assert.assertEquals(Assert.java:115)
    at org.junit.Assert.assertEquals(Assert.java:144)
    at introclassJava.digits_f2997e14_002BlackboxTest.test4(digits_f2997e14_002BlackboxTest.java:40)
    at sun.reflect.NativeMethodAccessorImpl.invoke0(Native Method)
    at sun.reflect.NativeMethodAccessorImpl.invoke(NativeMethodAccessorImpl.java:62)
    at sun.reflect.DelegatingMethodAccessorImpl.invoke(DelegatingMethodAccessorImpl.java:43)

16:14:20.467 [pool-40-thread-1] DEBUG tests.output - Failing tests with false: 
[test4(introclassJava.digits_f2997e14_002BlackboxTest): expected:<Enteraninteger>[8]That'sall,haveaniced...> but was:<Enteraninteger>[0]That'sall,haveaniced...>]
16:14:20.467 [pool-40-thread-1] DEBUG tests.output - Failing tests with true: 
[test4(introclassJava.digits_f2997e14_002BlackboxTest): expected:<Enteraninteger>8[]That'sall,haveaniced...> but was:<Enteraninteger>8[0]That'sall,haveaniced...>]
16:14:20.467 [pool-40-thread-1] INFO  f.i.l.r.n.synth.SMTNopolSynthesizer - Not enough specifications: 0. A trivial patch is "true" or "false", please write new tests specifying SourceLocation introclassJava.digits_f2997e14_002:69.
16:14:20.467 [pool-2-thread-1] DEBUG fr.inria.lille.repair.nopol.NoPol - statement #8
16:14:20.467 [pool-2-thread-1] DEBUG fr.inria.lille.repair.nopol.NoPol - Analysing SourceLocation introclassJava.digits_f2997e14_002:81 which is executed by 16 tests
-1272757750
16:14:20.518 [pool-2-thread-1] DEBUG fr.inria.lille.repair.nopol.NoPol - looking with class fr.inria.lille.repair.nopol.spoon.smt.ConditionalAdder
org.junit.ComparisonFailure: expected:<Enteraninteger>8[]That'sall,haveaniced...> but was:<Enteraninteger>8[0]That'sall,haveaniced...>
    at org.junit.Assert.assertEquals(Assert.java:115)
    at org.junit.Assert.assertEquals(Assert.java:144)
    at introclassJava.digits_f2997e14_002BlackboxTest.test4(digits_f2997e14_002BlackboxTest.java:40)
    at sun.reflect.NativeMethodAccessorImpl.invoke0(Native Method)
    at sun.reflect.NativeMethodAccessorImpl.invoke(NativeMethodAccessorImpl.java:62)
    at sun.reflect.DelegatingMethodAccessorImpl.invoke(DelegatingMethodAccessorImpl.java:43)
16:14:20.525 [pool-45-thread-1] INFO  xxl.java.junit.TestCasesListener - Tests run finished (5 ms)
<> Total tests run: 6
<> Ignored tests: 0
<> Failed tests: 1
~ test4(introclassJava.digits_f2997e14_002BlackboxTest)
[expected:<Enteraninteger>8[]That'sall,haveaniced...> but was:<Enteraninteger>8[0]That'sall,haveaniced...>]
org.junit.ComparisonFailure: expected:<Enteraninteger>8[]That'sall,haveaniced...> but was:<Enteraninteger>8[0]That'sall,haveaniced...>    at org.junit.Assert.assertEquals(Assert.java:115)
    at org.junit.Assert.assertEquals(Assert.java:144)
    at introclassJava.digits_f2997e14_002BlackboxTest.test4(digits_f2997e14_002BlackboxTest.java:40)
    at sun.reflect.NativeMethodAccessorImpl.invoke0(Native Method)
    at sun.reflect.NativeMethodAccessorImpl.invoke(NativeMethodAccessorImpl.java:62)
    at sun.reflect.DelegatingMethodAccessorImpl.invoke(DelegatingMethodAccessorImpl.java:43)

org.junit.ComparisonFailure: expected:<Enteraninteger>8[]That'sall,haveaniced...> but was:<Enteraninteger>8[0]That'sall,haveaniced...>
    at org.junit.Assert.assertEquals(Assert.java:115)
    at org.junit.Assert.assertEquals(Assert.java:144)
    at introclassJava.digits_f2997e14_002BlackboxTest.test4(digits_f2997e14_002BlackboxTest.java:40)
    at sun.reflect.NativeMethodAccessorImpl.invoke0(Native Method)
    at sun.reflect.NativeMethodAccessorImpl.invoke(NativeMethodAccessorImpl.java:62)
    at sun.reflect.DelegatingMethodAccessorImpl.invoke(DelegatingMethodAccessorImpl.java:43)
16:14:20.616 [pool-46-thread-1] INFO  f.i.l.c.t.SpecificationTestCasesListener - Tests run finished (2 ms)
<> Total tests run: 1
<> Ignored tests: 0
<> Failed tests: 1
~ test4(introclassJava.digits_f2997e14_002BlackboxTest)
[expected:<Enteraninteger>8[]That'sall,haveaniced...> but was:<Enteraninteger>8[0]That'sall,haveaniced...>]
org.junit.ComparisonFailure: expected:<Enteraninteger>8[]That'sall,haveaniced...> but was:<Enteraninteger>8[0]That'sall,haveaniced...>    at org.junit.Assert.assertEquals(Assert.java:115)
    at org.junit.Assert.assertEquals(Assert.java:144)
    at introclassJava.digits_f2997e14_002BlackboxTest.test4(digits_f2997e14_002BlackboxTest.java:40)
    at sun.reflect.NativeMethodAccessorImpl.invoke0(Native Method)
    at sun.reflect.NativeMethodAccessorImpl.invoke(NativeMethodAccessorImpl.java:62)
    at sun.reflect.DelegatingMethodAccessorImpl.invoke(DelegatingMethodAccessorImpl.java:43)

org.junit.ComparisonFailure: expected:<Enteraninteger>8[]That'sall,haveaniced...> but was:<Enteraninteger>8[0]That'sall,haveaniced...>
    at org.junit.Assert.assertEquals(Assert.java:115)
    at org.junit.Assert.assertEquals(Assert.java:144)
    at introclassJava.digits_f2997e14_002BlackboxTest.test4(digits_f2997e14_002BlackboxTest.java:40)
    at sun.reflect.NativeMethodAccessorImpl.invoke0(Native Method)
    at sun.reflect.NativeMethodAccessorImpl.invoke(NativeMethodAccessorImpl.java:62)
    at sun.reflect.DelegatingMethodAccessorImpl.invoke(DelegatingMethodAccessorImpl.java:43)
16:14:20.619 [pool-47-thread-1] INFO  f.i.l.c.t.SpecificationTestCasesListener - Tests run finished (2 ms)
<> Total tests run: 1
<> Ignored tests: 0
<> Failed tests: 1
~ test4(introclassJava.digits_f2997e14_002BlackboxTest)
[expected:<Enteraninteger>8[]That'sall,haveaniced...> but was:<Enteraninteger>8[0]That'sall,haveaniced...>]
org.junit.ComparisonFailure: expected:<Enteraninteger>8[]That'sall,haveaniced...> but was:<Enteraninteger>8[0]That'sall,haveaniced...>    at org.junit.Assert.assertEquals(Assert.java:115)
    at org.junit.Assert.assertEquals(Assert.java:144)
    at introclassJava.digits_f2997e14_002BlackboxTest.test4(digits_f2997e14_002BlackboxTest.java:40)
    at sun.reflect.NativeMethodAccessorImpl.invoke0(Native Method)
    at sun.reflect.NativeMethodAccessorImpl.invoke(NativeMethodAccessorImpl.java:62)
    at sun.reflect.DelegatingMethodAccessorImpl.invoke(DelegatingMethodAccessorImpl.java:43)

16:14:20.620 [pool-44-thread-1] DEBUG tests.output - Failing tests with false: 
[test4(introclassJava.digits_f2997e14_002BlackboxTest): expected:<Enteraninteger>8[]That'sall,haveaniced...> but was:<Enteraninteger>8[0]That'sall,haveaniced...>]
16:14:20.620 [pool-44-thread-1] DEBUG tests.output - Failing tests with true: 
[test4(introclassJava.digits_f2997e14_002BlackboxTest): expected:<Enteraninteger>8[]That'sall,haveaniced...> but was:<Enteraninteger>8[0]That'sall,haveaniced...>]
16:14:20.620 [pool-44-thread-1] INFO  f.i.l.r.n.synth.SMTNopolSynthesizer - Not enough specifications: 0. A trivial patch is "true" or "false", please write new tests specifying SourceLocation introclassJava.digits_f2997e14_002:81.
16:14:20.620 [pool-2-thread-1] DEBUG fr.inria.lille.repair.nopol.NoPol - statement #9
16:14:20.620 [pool-2-thread-1] DEBUG fr.inria.lille.repair.nopol.NoPol - Analysing SourceLocation introclassJava.digits_f2997e14_002:79 which is executed by 16 tests
-1272757750
16:14:20.670 [pool-2-thread-1] DEBUG fr.inria.lille.repair.nopol.NoPol - looking with class fr.inria.lille.repair.nopol.spoon.smt.ConditionalAdder
org.junit.ComparisonFailure: expected:<Enteraninteger>8[]That'sall,haveaniced...> but was:<Enteraninteger>8[0]That'sall,haveaniced...>
    at org.junit.Assert.assertEquals(Assert.java:115)
    at org.junit.Assert.assertEquals(Assert.java:144)
    at introclassJava.digits_f2997e14_002BlackboxTest.test4(digits_f2997e14_002BlackboxTest.java:40)
    at sun.reflect.NativeMethodAccessorImpl.invoke0(Native Method)
    at sun.reflect.NativeMethodAccessorImpl.invoke(NativeMethodAccessorImpl.java:62)
    at sun.reflect.DelegatingMethodAccessorImpl.invoke(DelegatingMethodAccessorImpl.java:43)
16:14:20.676 [pool-49-thread-1] INFO  xxl.java.junit.TestCasesListener - Tests run finished (4 ms)
<> Total tests run: 6
<> Ignored tests: 0
<> Failed tests: 1
~ test4(introclassJava.digits_f2997e14_002BlackboxTest)
[expected:<Enteraninteger>8[]That'sall,haveaniced...> but was:<Enteraninteger>8[0]That'sall,haveaniced...>]
org.junit.ComparisonFailure: expected:<Enteraninteger>8[]That'sall,haveaniced...> but was:<Enteraninteger>8[0]That'sall,haveaniced...>    at org.junit.Assert.assertEquals(Assert.java:115)
    at org.junit.Assert.assertEquals(Assert.java:144)
    at introclassJava.digits_f2997e14_002BlackboxTest.test4(digits_f2997e14_002BlackboxTest.java:40)
    at sun.reflect.NativeMethodAccessorImpl.invoke0(Native Method)
    at sun.reflect.NativeMethodAccessorImpl.invoke(NativeMethodAccessorImpl.java:62)
    at sun.reflect.DelegatingMethodAccessorImpl.invoke(DelegatingMethodAccessorImpl.java:43)

org.junit.ComparisonFailure: expected:<Enteraninteger>8[That'sall,haveaniceday!]> but was:<Enteraninteger>8[0]>
    at org.junit.Assert.assertEquals(Assert.java:115)
    at org.junit.Assert.assertEquals(Assert.java:144)
    at introclassJava.digits_f2997e14_002BlackboxTest.test4(digits_f2997e14_002BlackboxTest.java:40)
    at sun.reflect.NativeMethodAccessorImpl.invoke0(Native Method)
    at sun.reflect.NativeMethodAccessorImpl.invoke(NativeMethodAccessorImpl.java:62)
    at sun.reflect.DelegatingMethodAccessorImpl.invoke(DelegatingMethodAccessorImpl.java:43)
16:14:20.770 [pool-50-thread-1] INFO  f.i.l.c.t.SpecificationTestCasesListener - Tests run finished (2 ms)
<> Total tests run: 1
<> Ignored tests: 0
<> Failed tests: 1
~ test4(introclassJava.digits_f2997e14_002BlackboxTest)
[expected:<Enteraninteger>8[That'sall,haveaniceday!]> but was:<Enteraninteger>8[0]>]
org.junit.ComparisonFailure: expected:<Enteraninteger>8[That'sall,haveaniceday!]> but was:<Enteraninteger>8[0]>    at org.junit.Assert.assertEquals(Assert.java:115)
    at org.junit.Assert.assertEquals(Assert.java:144)
    at introclassJava.digits_f2997e14_002BlackboxTest.test4(digits_f2997e14_002BlackboxTest.java:40)
    at sun.reflect.NativeMethodAccessorImpl.invoke0(Native Method)
    at sun.reflect.NativeMethodAccessorImpl.invoke(NativeMethodAccessorImpl.java:62)
    at sun.reflect.DelegatingMethodAccessorImpl.invoke(DelegatingMethodAccessorImpl.java:43)

org.junit.ComparisonFailure: expected:<Enteraninteger>8[]That'sall,haveaniced...> but was:<Enteraninteger>8[0]That'sall,haveaniced...>
    at org.junit.Assert.assertEquals(Assert.java:115)
    at org.junit.Assert.assertEquals(Assert.java:144)
    at introclassJava.digits_f2997e14_002BlackboxTest.test4(digits_f2997e14_002BlackboxTest.java:40)
    at sun.reflect.NativeMethodAccessorImpl.invoke0(Native Method)
    at sun.reflect.NativeMethodAccessorImpl.invoke(NativeMethodAccessorImpl.java:62)
    at sun.reflect.DelegatingMethodAccessorImpl.invoke(DelegatingMethodAccessorImpl.java:43)
16:14:20.771 [pool-51-thread-1] INFO  f.i.l.c.t.SpecificationTestCasesListener - Tests run finished (0 ms)
<> Total tests run: 1
<> Ignored tests: 0
<> Failed tests: 1
~ test4(introclassJava.digits_f2997e14_002BlackboxTest)
[expected:<Enteraninteger>8[]That'sall,haveaniced...> but was:<Enteraninteger>8[0]That'sall,haveaniced...>]
org.junit.ComparisonFailure: expected:<Enteraninteger>8[]That'sall,haveaniced...> but was:<Enteraninteger>8[0]That'sall,haveaniced...>    at org.junit.Assert.assertEquals(Assert.java:115)
    at org.junit.Assert.assertEquals(Assert.java:144)
    at introclassJava.digits_f2997e14_002BlackboxTest.test4(digits_f2997e14_002BlackboxTest.java:40)
    at sun.reflect.NativeMethodAccessorImpl.invoke0(Native Method)
    at sun.reflect.NativeMethodAccessorImpl.invoke(NativeMethodAccessorImpl.java:62)
    at sun.reflect.DelegatingMethodAccessorImpl.invoke(DelegatingMethodAccessorImpl.java:43)

16:14:20.772 [pool-48-thread-1] DEBUG tests.output - Failing tests with false: 
[test4(introclassJava.digits_f2997e14_002BlackboxTest): expected:<Enteraninteger>8[That'sall,haveaniceday!]> but was:<Enteraninteger>8[0]>]
16:14:20.772 [pool-48-thread-1] DEBUG tests.output - Failing tests with true: 
[test4(introclassJava.digits_f2997e14_002BlackboxTest): expected:<Enteraninteger>8[]That'sall,haveaniced...> but was:<Enteraninteger>8[0]That'sall,haveaniced...>]
16:14:20.772 [pool-48-thread-1] INFO  f.i.l.r.n.synth.SMTNopolSynthesizer - Not enough specifications: 0. A trivial patch is "true" or "false", please write new tests specifying SourceLocation introclassJava.digits_f2997e14_002:79.
16:14:20.772 [pool-2-thread-1] DEBUG fr.inria.lille.repair.nopol.NoPol - statement #10
16:14:20.772 [pool-2-thread-1] DEBUG fr.inria.lille.repair.nopol.NoPol - Analysing SourceLocation introclassJava.digits_f2997e14_002:66 which is executed by 16 tests
-1272757750
16:14:20.826 [pool-2-thread-1] DEBUG fr.inria.lille.repair.nopol.NoPol - looking with class fr.inria.lille.repair.nopol.spoon.smt.ConditionalAdder
org.junit.ComparisonFailure: expected:<Enteraninteger>8[]That'sall,haveaniced...> but was:<Enteraninteger>8[0]That'sall,haveaniced...>
    at org.junit.Assert.assertEquals(Assert.java:115)
    at org.junit.Assert.assertEquals(Assert.java:144)
    at introclassJava.digits_f2997e14_002BlackboxTest.test4(digits_f2997e14_002BlackboxTest.java:40)
    at sun.reflect.NativeMethodAccessorImpl.invoke0(Native Method)
    at sun.reflect.NativeMethodAccessorImpl.invoke(NativeMethodAccessorImpl.java:62)
    at sun.reflect.DelegatingMethodAccessorImpl.invoke(DelegatingMethodAccessorImpl.java:43)
16:14:20.831 [pool-53-thread-1] INFO  xxl.java.junit.TestCasesListener - Tests run finished (4 ms)
<> Total tests run: 6
<> Ignored tests: 0
<> Failed tests: 1
~ test4(introclassJava.digits_f2997e14_002BlackboxTest)
[expected:<Enteraninteger>8[]That'sall,haveaniced...> but was:<Enteraninteger>8[0]That'sall,haveaniced...>]
org.junit.ComparisonFailure: expected:<Enteraninteger>8[]That'sall,haveaniced...> but was:<Enteraninteger>8[0]That'sall,haveaniced...>    at org.junit.Assert.assertEquals(Assert.java:115)
    at org.junit.Assert.assertEquals(Assert.java:144)
    at introclassJava.digits_f2997e14_002BlackboxTest.test4(digits_f2997e14_002BlackboxTest.java:40)
    at sun.reflect.NativeMethodAccessorImpl.invoke0(Native Method)
    at sun.reflect.NativeMethodAccessorImpl.invoke(NativeMethodAccessorImpl.java:62)
    at sun.reflect.DelegatingMethodAccessorImpl.invoke(DelegatingMethodAccessorImpl.java:43)

java.lang.Exception: test timed out after 1000 milliseconds
    at java.lang.String.intern(Native Method)
    at fr.inria.lille.commons.trace.collector.ValueCollector.collectWith(ValueCollector.java:31)
    at fr.inria.lille.commons.trace.collector.ValueCollector.collectFrom(ValueCollector.java:21)
    at fr.inria.lille.commons.trace.RuntimeValues.collectInput(RuntimeValues.java:89)
    at introclassJava.digits_f2997e14_002.exec(digits_f2997e14_002.java:37)
    at introclassJava.digits_f2997e14_002BlackboxTest.test4(digits_f2997e14_002BlackboxTest.java:38)
16:14:21.917 [pool-54-thread-1] INFO  f.i.l.c.t.SpecificationTestCasesListener - Tests run finished (1001 ms)
<> Total tests run: 1
<> Ignored tests: 0
<> Failed tests: 1
~ test4(introclassJava.digits_f2997e14_002BlackboxTest)
[test timed out after 1000 milliseconds]
java.lang.Exception: test timed out after 1000 milliseconds    at java.lang.String.intern(Native Method)
    at fr.inria.lille.commons.trace.collector.ValueCollector.collectWith(ValueCollector.java:31)
    at fr.inria.lille.commons.trace.collector.ValueCollector.collectFrom(ValueCollector.java:21)
    at fr.inria.lille.commons.trace.RuntimeValues.collectInput(RuntimeValues.java:89)
    at introclassJava.digits_f2997e14_002.exec(digits_f2997e14_002.java:37)
    at introclassJava.digits_f2997e14_002BlackboxTest.test4(digits_f2997e14_002BlackboxTest.java:38)

org.junit.ComparisonFailure: expected:<Enteraninteger>8[]That'sall,haveaniced...> but was:<Enteraninteger>8[0]That'sall,haveaniced...>
    at org.junit.Assert.assertEquals(Assert.java:115)
    at org.junit.Assert.assertEquals(Assert.java:144)
    at introclassJava.digits_f2997e14_002BlackboxTest.test4(digits_f2997e14_002BlackboxTest.java:40)
    at sun.reflect.NativeMethodAccessorImpl.invoke0(Native Method)
    at sun.reflect.NativeMethodAccessorImpl.invoke(NativeMethodAccessorImpl.java:62)
    at sun.reflect.DelegatingMethodAccessorImpl.invoke(DelegatingMethodAccessorImpl.java:43)
16:14:21.941 [pool-55-thread-1] INFO  f.i.l.c.t.SpecificationTestCasesListener - Tests run finished (22 ms)
<> Total tests run: 1
<> Ignored tests: 0
<> Failed tests: 1
~ test4(introclassJava.digits_f2997e14_002BlackboxTest)
[expected:<Enteraninteger>8[]That'sall,haveaniced...> but was:<Enteraninteger>8[0]That'sall,haveaniced...>]
org.junit.ComparisonFailure: expected:<Enteraninteger>8[]That'sall,haveaniced...> but was:<Enteraninteger>8[0]That'sall,haveaniced...>    at org.junit.Assert.assertEquals(Assert.java:115)
    at org.junit.Assert.assertEquals(Assert.java:144)
    at introclassJava.digits_f2997e14_002BlackboxTest.test4(digits_f2997e14_002BlackboxTest.java:40)
    at sun.reflect.NativeMethodAccessorImpl.invoke0(Native Method)
    at sun.reflect.NativeMethodAccessorImpl.invoke(NativeMethodAccessorImpl.java:62)
    at sun.reflect.DelegatingMethodAccessorImpl.invoke(DelegatingMethodAccessorImpl.java:43)

16:14:21.941 [pool-52-thread-1] DEBUG tests.output - Failing tests with false: 
[test4(introclassJava.digits_f2997e14_002BlackboxTest): test timed out after 1000 milliseconds]
16:14:21.941 [pool-52-thread-1] DEBUG tests.output - Failing tests with true: 
[test4(introclassJava.digits_f2997e14_002BlackboxTest): expected:<Enteraninteger>8[]That'sall,haveaniced...> but was:<Enteraninteger>8[0]That'sall,haveaniced...>]
16:14:21.941 [pool-52-thread-1] INFO  f.i.l.r.n.synth.SMTNopolSynthesizer - Not enough specifications: 0. A trivial patch is "true" or "false", please write new tests specifying SourceLocation introclassJava.digits_f2997e14_002:66.
16:14:21.942 [pool-2-thread-1] DEBUG fr.inria.lille.repair.nopol.NoPol - looking with class fr.inria.lille.repair.nopol.spoon.smt.ConditionalReplacer
org.junit.ComparisonFailure: expected:<Enteraninteger>8[]That'sall,haveaniced...> but was:<Enteraninteger>8[0]That'sall,haveaniced...>
    at org.junit.Assert.assertEquals(Assert.java:115)
    at org.junit.Assert.assertEquals(Assert.java:144)
    at introclassJava.digits_f2997e14_002BlackboxTest.test4(digits_f2997e14_002BlackboxTest.java:40)
    at sun.reflect.NativeMethodAccessorImpl.invoke0(Native Method)
    at sun.reflect.NativeMethodAccessorImpl.invoke(NativeMethodAccessorImpl.java:62)
    at sun.reflect.DelegatingMethodAccessorImpl.invoke(DelegatingMethodAccessorImpl.java:43)
16:14:21.948 [pool-57-thread-1] INFO  xxl.java.junit.TestCasesListener - Tests run finished (5 ms)
<> Total tests run: 6
<> Ignored tests: 0
<> Failed tests: 1
~ test4(introclassJava.digits_f2997e14_002BlackboxTest)
[expected:<Enteraninteger>8[]That'sall,haveaniced...> but was:<Enteraninteger>8[0]That'sall,haveaniced...>]
org.junit.ComparisonFailure: expected:<Enteraninteger>8[]That'sall,haveaniced...> but was:<Enteraninteger>8[0]That'sall,haveaniced...>    at org.junit.Assert.assertEquals(Assert.java:115)
    at org.junit.Assert.assertEquals(Assert.java:144)
    at introclassJava.digits_f2997e14_002BlackboxTest.test4(digits_f2997e14_002BlackboxTest.java:40)
    at sun.reflect.NativeMethodAccessorImpl.invoke0(Native Method)
    at sun.reflect.NativeMethodAccessorImpl.invoke(NativeMethodAccessorImpl.java:62)
    at sun.reflect.DelegatingMethodAccessorImpl.invoke(DelegatingMethodAccessorImpl.java:43)

java.lang.Exception: test timed out after 1000 milliseconds
    at introclassJava.digits_f2997e14_002.exec(digits_f2997e14_002.java:34)
    at introclassJava.digits_f2997e14_002BlackboxTest.test4(digits_f2997e14_002BlackboxTest.java:38)
    at sun.reflect.NativeMethodAccessorImpl.invoke0(Native Method)
    at sun.reflect.NativeMethodAccessorImpl.invoke(NativeMethodAccessorImpl.java:62)
    at sun.reflect.DelegatingMethodAccessorImpl.invoke(DelegatingMethodAccessorImpl.java:43)
    at java.lang.reflect.Method.invoke(Method.java:498)
16:14:23.022 [pool-58-thread-1] INFO  f.i.l.c.t.SpecificationTestCasesListener - Tests run finished (1000 ms)
<> Total tests run: 1
<> Ignored tests: 0
<> Failed tests: 1
~ test4(introclassJava.digits_f2997e14_002BlackboxTest)
[test timed out after 1000 milliseconds]
java.lang.Exception: test timed out after 1000 milliseconds    at introclassJava.digits_f2997e14_002.exec(digits_f2997e14_002.java:34)
    at introclassJava.digits_f2997e14_002BlackboxTest.test4(digits_f2997e14_002BlackboxTest.java:38)
    at sun.reflect.NativeMethodAccessorImpl.invoke0(Native Method)
    at sun.reflect.NativeMethodAccessorImpl.invoke(NativeMethodAccessorImpl.java:62)
    at sun.reflect.DelegatingMethodAccessorImpl.invoke(DelegatingMethodAccessorImpl.java:43)
    at java.lang.reflect.Method.invoke(Method.java:498)

org.junit.ComparisonFailure: expected:<Enteraninteger>[8]That'sall,haveaniced...> but was:<Enteraninteger>[0]That'sall,haveaniced...>
    at org.junit.Assert.assertEquals(Assert.java:115)
    at org.junit.Assert.assertEquals(Assert.java:144)
    at introclassJava.digits_f2997e14_002BlackboxTest.test4(digits_f2997e14_002BlackboxTest.java:40)
    at sun.reflect.NativeMethodAccessorImpl.invoke0(Native Method)
    at sun.reflect.NativeMethodAccessorImpl.invoke(NativeMethodAccessorImpl.java:62)
    at sun.reflect.DelegatingMethodAccessorImpl.invoke(DelegatingMethodAccessorImpl.java:43)
16:14:23.027 [pool-59-thread-1] INFO  f.i.l.c.t.SpecificationTestCasesListener - Tests run finished (4 ms)
<> Total tests run: 1
<> Ignored tests: 0
<> Failed tests: 1
~ test4(introclassJava.digits_f2997e14_002BlackboxTest)
[expected:<Enteraninteger>[8]That'sall,haveaniced...> but was:<Enteraninteger>[0]That'sall,haveaniced...>]
org.junit.ComparisonFailure: expected:<Enteraninteger>[8]That'sall,haveaniced...> but was:<Enteraninteger>[0]That'sall,haveaniced...>    at org.junit.Assert.assertEquals(Assert.java:115)
    at org.junit.Assert.assertEquals(Assert.java:144)
    at introclassJava.digits_f2997e14_002BlackboxTest.test4(digits_f2997e14_002BlackboxTest.java:40)
    at sun.reflect.NativeMethodAccessorImpl.invoke0(Native Method)
    at sun.reflect.NativeMethodAccessorImpl.invoke(NativeMethodAccessorImpl.java:62)
    at sun.reflect.DelegatingMethodAccessorImpl.invoke(DelegatingMethodAccessorImpl.java:43)

16:14:23.028 [pool-56-thread-1] DEBUG tests.output - Failing tests with false: 
[test4(introclassJava.digits_f2997e14_002BlackboxTest): test timed out after 1000 milliseconds]
16:14:23.028 [pool-56-thread-1] DEBUG tests.output - Failing tests with true: 
[test4(introclassJava.digits_f2997e14_002BlackboxTest): expected:<Enteraninteger>[8]That'sall,haveaniced...> but was:<Enteraninteger>[0]That'sall,haveaniced...>]
16:14:23.028 [pool-56-thread-1] INFO  f.i.l.r.n.synth.SMTNopolSynthesizer - Not enough specifications: 0. A trivial patch is "true" or "false", please write new tests specifying SourceLocation introclassJava.digits_f2997e14_002:66.
16:14:23.028 [pool-2-thread-1] DEBUG fr.inria.lille.repair.nopol.NoPol - statement #11
16:14:23.029 [pool-2-thread-1] DEBUG fr.inria.lille.repair.nopol.NoPol - Analysing SourceLocation introclassJava.digits_f2997e14_002:65 which is executed by 16 tests
-1272757750
16:14:23.073 [pool-2-thread-1] DEBUG fr.inria.lille.repair.nopol.NoPol - looking with class fr.inria.lille.repair.nopol.spoon.smt.ConditionalAdder
org.junit.ComparisonFailure: expected:<Enteraninteger>8[]That'sall,haveaniced...> but was:<Enteraninteger>8[0]That'sall,haveaniced...>
    at org.junit.Assert.assertEquals(Assert.java:115)
    at org.junit.Assert.assertEquals(Assert.java:144)
    at introclassJava.digits_f2997e14_002BlackboxTest.test4(digits_f2997e14_002BlackboxTest.java:40)
    at sun.reflect.NativeMethodAccessorImpl.invoke0(Native Method)
    at sun.reflect.NativeMethodAccessorImpl.invoke(NativeMethodAccessorImpl.java:62)
    at sun.reflect.DelegatingMethodAccessorImpl.invoke(DelegatingMethodAccessorImpl.java:43)
16:14:23.079 [pool-61-thread-1] INFO  xxl.java.junit.TestCasesListener - Tests run finished (4 ms)
<> Total tests run: 6
<> Ignored tests: 0
<> Failed tests: 1
~ test4(introclassJava.digits_f2997e14_002BlackboxTest)
[expected:<Enteraninteger>8[]That'sall,haveaniced...> but was:<Enteraninteger>8[0]That'sall,haveaniced...>]
org.junit.ComparisonFailure: expected:<Enteraninteger>8[]That'sall,haveaniced...> but was:<Enteraninteger>8[0]That'sall,haveaniced...>    at org.junit.Assert.assertEquals(Assert.java:115)
    at org.junit.Assert.assertEquals(Assert.java:144)
    at introclassJava.digits_f2997e14_002BlackboxTest.test4(digits_f2997e14_002BlackboxTest.java:40)
    at sun.reflect.NativeMethodAccessorImpl.invoke0(Native Method)
    at sun.reflect.NativeMethodAccessorImpl.invoke(NativeMethodAccessorImpl.java:62)
    at sun.reflect.DelegatingMethodAccessorImpl.invoke(DelegatingMethodAccessorImpl.java:43)

org.junit.ComparisonFailure: expected:<Enteraninteger>[8]That'sall,haveaniced...> but was:<Enteraninteger>[00]That'sall,haveaniced...>
    at org.junit.Assert.assertEquals(Assert.java:115)
    at org.junit.Assert.assertEquals(Assert.java:144)
    at introclassJava.digits_f2997e14_002BlackboxTest.test4(digits_f2997e14_002BlackboxTest.java:40)
    at sun.reflect.NativeMethodAccessorImpl.invoke0(Native Method)
    at sun.reflect.NativeMethodAccessorImpl.invoke(NativeMethodAccessorImpl.java:62)
    at sun.reflect.DelegatingMethodAccessorImpl.invoke(DelegatingMethodAccessorImpl.java:43)
16:14:23.152 [pool-62-thread-1] INFO  f.i.l.c.t.SpecificationTestCasesListener - Tests run finished (2 ms)
<> Total tests run: 1
<> Ignored tests: 0
<> Failed tests: 1
~ test4(introclassJava.digits_f2997e14_002BlackboxTest)
[expected:<Enteraninteger>[8]That'sall,haveaniced...> but was:<Enteraninteger>[00]That'sall,haveaniced...>]
org.junit.ComparisonFailure: expected:<Enteraninteger>[8]That'sall,haveaniced...> but was:<Enteraninteger>[00]That'sall,haveaniced...>    at org.junit.Assert.assertEquals(Assert.java:115)
    at org.junit.Assert.assertEquals(Assert.java:144)
    at introclassJava.digits_f2997e14_002BlackboxTest.test4(digits_f2997e14_002BlackboxTest.java:40)
    at sun.reflect.NativeMethodAccessorImpl.invoke0(Native Method)
    at sun.reflect.NativeMethodAccessorImpl.invoke(NativeMethodAccessorImpl.java:62)
    at sun.reflect.DelegatingMethodAccessorImpl.invoke(DelegatingMethodAccessorImpl.java:43)

org.junit.ComparisonFailure: expected:<Enteraninteger>8[]That'sall,haveaniced...> but was:<Enteraninteger>8[0]That'sall,haveaniced...>
    at org.junit.Assert.assertEquals(Assert.java:115)
    at org.junit.Assert.assertEquals(Assert.java:144)
    at introclassJava.digits_f2997e14_002BlackboxTest.test4(digits_f2997e14_002BlackboxTest.java:40)
    at sun.reflect.NativeMethodAccessorImpl.invoke0(Native Method)
    at sun.reflect.NativeMethodAccessorImpl.invoke(NativeMethodAccessorImpl.java:62)
    at sun.reflect.DelegatingMethodAccessorImpl.invoke(DelegatingMethodAccessorImpl.java:43)
16:14:23.154 [pool-63-thread-1] INFO  f.i.l.c.t.SpecificationTestCasesListener - Tests run finished (1 ms)
<> Total tests run: 1
<> Ignored tests: 0
<> Failed tests: 1
~ test4(introclassJava.digits_f2997e14_002BlackboxTest)
[expected:<Enteraninteger>8[]That'sall,haveaniced...> but was:<Enteraninteger>8[0]That'sall,haveaniced...>]
org.junit.ComparisonFailure: expected:<Enteraninteger>8[]That'sall,haveaniced...> but was:<Enteraninteger>8[0]That'sall,haveaniced...>    at org.junit.Assert.assertEquals(Assert.java:115)
    at org.junit.Assert.assertEquals(Assert.java:144)
    at introclassJava.digits_f2997e14_002BlackboxTest.test4(digits_f2997e14_002BlackboxTest.java:40)
    at sun.reflect.NativeMethodAccessorImpl.invoke0(Native Method)
    at sun.reflect.NativeMethodAccessorImpl.invoke(NativeMethodAccessorImpl.java:62)
    at sun.reflect.DelegatingMethodAccessorImpl.invoke(DelegatingMethodAccessorImpl.java:43)

16:14:23.154 [pool-60-thread-1] DEBUG tests.output - Failing tests with false: 
[test4(introclassJava.digits_f2997e14_002BlackboxTest): expected:<Enteraninteger>[8]That'sall,haveaniced...> but was:<Enteraninteger>[00]That'sall,haveaniced...>]
16:14:23.154 [pool-60-thread-1] DEBUG tests.output - Failing tests with true: 
[test4(introclassJava.digits_f2997e14_002BlackboxTest): expected:<Enteraninteger>8[]That'sall,haveaniced...> but was:<Enteraninteger>8[0]That'sall,haveaniced...>]
16:14:23.154 [pool-60-thread-1] INFO  f.i.l.r.n.synth.SMTNopolSynthesizer - Not enough specifications: 0. A trivial patch is "true" or "false", please write new tests specifying SourceLocation introclassJava.digits_f2997e14_002:65.
16:14:23.154 [pool-2-thread-1] DEBUG fr.inria.lille.repair.nopol.NoPol - statement #12
16:14:23.154 [pool-2-thread-1] DEBUG fr.inria.lille.repair.nopol.NoPol - Analysing SourceLocation introclassJava.digits_f2997e14_002:63 which is executed by 16 tests
-1272757750
16:14:23.194 [pool-2-thread-1] DEBUG fr.inria.lille.repair.nopol.NoPol - looking with class fr.inria.lille.repair.nopol.spoon.smt.ConditionalAdder
org.junit.ComparisonFailure: expected:<Enteraninteger>8[]That'sall,haveaniced...> but was:<Enteraninteger>8[0]That'sall,haveaniced...>
    at org.junit.Assert.assertEquals(Assert.java:115)
    at org.junit.Assert.assertEquals(Assert.java:144)
    at introclassJava.digits_f2997e14_002BlackboxTest.test4(digits_f2997e14_002BlackboxTest.java:40)
    at sun.reflect.NativeMethodAccessorImpl.invoke0(Native Method)
    at sun.reflect.NativeMethodAccessorImpl.invoke(NativeMethodAccessorImpl.java:62)
    at sun.reflect.DelegatingMethodAccessorImpl.invoke(DelegatingMethodAccessorImpl.java:43)
16:14:23.199 [pool-65-thread-1] INFO  xxl.java.junit.TestCasesListener - Tests run finished (3 ms)
<> Total tests run: 6
<> Ignored tests: 0
<> Failed tests: 1
~ test4(introclassJava.digits_f2997e14_002BlackboxTest)
[expected:<Enteraninteger>8[]That'sall,haveaniced...> but was:<Enteraninteger>8[0]That'sall,haveaniced...>]
org.junit.ComparisonFailure: expected:<Enteraninteger>8[]That'sall,haveaniced...> but was:<Enteraninteger>8[0]That'sall,haveaniced...>    at org.junit.Assert.assertEquals(Assert.java:115)
    at org.junit.Assert.assertEquals(Assert.java:144)
    at introclassJava.digits_f2997e14_002BlackboxTest.test4(digits_f2997e14_002BlackboxTest.java:40)
    at sun.reflect.NativeMethodAccessorImpl.invoke0(Native Method)
    at sun.reflect.NativeMethodAccessorImpl.invoke(NativeMethodAccessorImpl.java:62)
    at sun.reflect.DelegatingMethodAccessorImpl.invoke(DelegatingMethodAccessorImpl.java:43)

org.junit.ComparisonFailure: expected:<Enteraninteger>8[]That'sall,haveaniced...> but was:<Enteraninteger>8[0]That'sall,haveaniced...>
    at org.junit.Assert.assertEquals(Assert.java:115)
    at org.junit.Assert.assertEquals(Assert.java:144)
    at introclassJava.digits_f2997e14_002BlackboxTest.test4(digits_f2997e14_002BlackboxTest.java:40)
    at sun.reflect.NativeMethodAccessorImpl.invoke0(Native Method)
    at sun.reflect.NativeMethodAccessorImpl.invoke(NativeMethodAccessorImpl.java:62)
    at sun.reflect.DelegatingMethodAccessorImpl.invoke(DelegatingMethodAccessorImpl.java:43)
16:14:23.274 [pool-66-thread-1] INFO  f.i.l.c.t.SpecificationTestCasesListener - Tests run finished (2 ms)
<> Total tests run: 1
<> Ignored tests: 0
<> Failed tests: 1
~ test4(introclassJava.digits_f2997e14_002BlackboxTest)
[expected:<Enteraninteger>8[]That'sall,haveaniced...> but was:<Enteraninteger>8[0]That'sall,haveaniced...>]
org.junit.ComparisonFailure: expected:<Enteraninteger>8[]That'sall,haveaniced...> but was:<Enteraninteger>8[0]That'sall,haveaniced...>    at org.junit.Assert.assertEquals(Assert.java:115)
    at org.junit.Assert.assertEquals(Assert.java:144)
    at introclassJava.digits_f2997e14_002BlackboxTest.test4(digits_f2997e14_002BlackboxTest.java:40)
    at sun.reflect.NativeMethodAccessorImpl.invoke0(Native Method)
    at sun.reflect.NativeMethodAccessorImpl.invoke(NativeMethodAccessorImpl.java:62)
    at sun.reflect.DelegatingMethodAccessorImpl.invoke(DelegatingMethodAccessorImpl.java:43)

org.junit.ComparisonFailure: expected:<Enteraninteger>8[]That'sall,haveaniced...> but was:<Enteraninteger>8[0]That'sall,haveaniced...>
    at org.junit.Assert.assertEquals(Assert.java:115)
    at org.junit.Assert.assertEquals(Assert.java:144)
    at introclassJava.digits_f2997e14_002BlackboxTest.test4(digits_f2997e14_002BlackboxTest.java:40)
    at sun.reflect.NativeMethodAccessorImpl.invoke0(Native Method)
    at sun.reflect.NativeMethodAccessorImpl.invoke(NativeMethodAccessorImpl.java:62)
    at sun.reflect.DelegatingMethodAccessorImpl.invoke(DelegatingMethodAccessorImpl.java:43)
16:14:23.275 [pool-67-thread-1] INFO  f.i.l.c.t.SpecificationTestCasesListener - Tests run finished (1 ms)
<> Total tests run: 1
<> Ignored tests: 0
<> Failed tests: 1
~ test4(introclassJava.digits_f2997e14_002BlackboxTest)
[expected:<Enteraninteger>8[]That'sall,haveaniced...> but was:<Enteraninteger>8[0]That'sall,haveaniced...>]
org.junit.ComparisonFailure: expected:<Enteraninteger>8[]That'sall,haveaniced...> but was:<Enteraninteger>8[0]That'sall,haveaniced...>    at org.junit.Assert.assertEquals(Assert.java:115)
    at org.junit.Assert.assertEquals(Assert.java:144)
    at introclassJava.digits_f2997e14_002BlackboxTest.test4(digits_f2997e14_002BlackboxTest.java:40)
    at sun.reflect.NativeMethodAccessorImpl.invoke0(Native Method)
    at sun.reflect.NativeMethodAccessorImpl.invoke(NativeMethodAccessorImpl.java:62)
    at sun.reflect.DelegatingMethodAccessorImpl.invoke(DelegatingMethodAccessorImpl.java:43)

16:14:23.275 [pool-64-thread-1] DEBUG tests.output - Failing tests with false: 
[test4(introclassJava.digits_f2997e14_002BlackboxTest): expected:<Enteraninteger>8[]That'sall,haveaniced...> but was:<Enteraninteger>8[0]That'sall,haveaniced...>]
16:14:23.275 [pool-64-thread-1] DEBUG tests.output - Failing tests with true: 
[test4(introclassJava.digits_f2997e14_002BlackboxTest): expected:<Enteraninteger>8[]That'sall,haveaniced...> but was:<Enteraninteger>8[0]That'sall,haveaniced...>]
16:14:23.275 [pool-64-thread-1] INFO  f.i.l.r.n.synth.SMTNopolSynthesizer - Not enough specifications: 0. A trivial patch is "true" or "false", please write new tests specifying SourceLocation introclassJava.digits_f2997e14_002:63.
16:14:23.275 [pool-2-thread-1] DEBUG fr.inria.lille.repair.nopol.NoPol - statement #13
16:14:23.276 [pool-2-thread-1] DEBUG fr.inria.lille.repair.nopol.NoPol - Analysing SourceLocation introclassJava.digits_f2997e14_002:62 which is executed by 16 tests
-1272757750
16:14:23.316 [pool-2-thread-1] DEBUG fr.inria.lille.repair.nopol.NoPol - looking with class fr.inria.lille.repair.nopol.spoon.smt.ConditionalAdder
org.junit.ComparisonFailure: expected:<Enteraninteger>8[]That'sall,haveaniced...> but was:<Enteraninteger>8[0]That'sall,haveaniced...>
    at org.junit.Assert.assertEquals(Assert.java:115)
    at org.junit.Assert.assertEquals(Assert.java:144)
    at introclassJava.digits_f2997e14_002BlackboxTest.test4(digits_f2997e14_002BlackboxTest.java:40)
    at sun.reflect.NativeMethodAccessorImpl.invoke0(Native Method)
    at sun.reflect.NativeMethodAccessorImpl.invoke(NativeMethodAccessorImpl.java:62)
    at sun.reflect.DelegatingMethodAccessorImpl.invoke(DelegatingMethodAccessorImpl.java:43)
16:14:23.322 [pool-69-thread-1] INFO  xxl.java.junit.TestCasesListener - Tests run finished (4 ms)
<> Total tests run: 6
<> Ignored tests: 0
<> Failed tests: 1
~ test4(introclassJava.digits_f2997e14_002BlackboxTest)
[expected:<Enteraninteger>8[]That'sall,haveaniced...> but was:<Enteraninteger>8[0]That'sall,haveaniced...>]
org.junit.ComparisonFailure: expected:<Enteraninteger>8[]That'sall,haveaniced...> but was:<Enteraninteger>8[0]That'sall,haveaniced...>    at org.junit.Assert.assertEquals(Assert.java:115)
    at org.junit.Assert.assertEquals(Assert.java:144)
    at introclassJava.digits_f2997e14_002BlackboxTest.test4(digits_f2997e14_002BlackboxTest.java:40)
    at sun.reflect.NativeMethodAccessorImpl.invoke0(Native Method)
    at sun.reflect.NativeMethodAccessorImpl.invoke(NativeMethodAccessorImpl.java:62)
    at sun.reflect.DelegatingMethodAccessorImpl.invoke(DelegatingMethodAccessorImpl.java:43)

org.junit.ComparisonFailure: expected:<Enteraninteger>[8]That'sall,haveaniced...> but was:<Enteraninteger>[0]That'sall,haveaniced...>
    at org.junit.Assert.assertEquals(Assert.java:115)
    at org.junit.Assert.assertEquals(Assert.java:144)
    at introclassJava.digits_f2997e14_002BlackboxTest.test4(digits_f2997e14_002BlackboxTest.java:40)
    at sun.reflect.NativeMethodAccessorImpl.invoke0(Native Method)
    at sun.reflect.NativeMethodAccessorImpl.invoke(NativeMethodAccessorImpl.java:62)
    at sun.reflect.DelegatingMethodAccessorImpl.invoke(DelegatingMethodAccessorImpl.java:43)
16:14:23.389 [pool-70-thread-1] INFO  f.i.l.c.t.SpecificationTestCasesListener - Tests run finished (2 ms)
<> Total tests run: 1
<> Ignored tests: 0
<> Failed tests: 1
~ test4(introclassJava.digits_f2997e14_002BlackboxTest)
[expected:<Enteraninteger>[8]That'sall,haveaniced...> but was:<Enteraninteger>[0]That'sall,haveaniced...>]
org.junit.ComparisonFailure: expected:<Enteraninteger>[8]That'sall,haveaniced...> but was:<Enteraninteger>[0]That'sall,haveaniced...>    at org.junit.Assert.assertEquals(Assert.java:115)
    at org.junit.Assert.assertEquals(Assert.java:144)
    at introclassJava.digits_f2997e14_002BlackboxTest.test4(digits_f2997e14_002BlackboxTest.java:40)
    at sun.reflect.NativeMethodAccessorImpl.invoke0(Native Method)
    at sun.reflect.NativeMethodAccessorImpl.invoke(NativeMethodAccessorImpl.java:62)
    at sun.reflect.DelegatingMethodAccessorImpl.invoke(DelegatingMethodAccessorImpl.java:43)

org.junit.ComparisonFailure: expected:<Enteraninteger>8[]That'sall,haveaniced...> but was:<Enteraninteger>8[0]That'sall,haveaniced...>
    at org.junit.Assert.assertEquals(Assert.java:115)
    at org.junit.Assert.assertEquals(Assert.java:144)
    at introclassJava.digits_f2997e14_002BlackboxTest.test4(digits_f2997e14_002BlackboxTest.java:40)
    at sun.reflect.NativeMethodAccessorImpl.invoke0(Native Method)
    at sun.reflect.NativeMethodAccessorImpl.invoke(NativeMethodAccessorImpl.java:62)
    at sun.reflect.DelegatingMethodAccessorImpl.invoke(DelegatingMethodAccessorImpl.java:43)
16:14:23.391 [pool-71-thread-1] INFO  f.i.l.c.t.SpecificationTestCasesListener - Tests run finished (2 ms)
<> Total tests run: 1
<> Ignored tests: 0
<> Failed tests: 1
~ test4(introclassJava.digits_f2997e14_002BlackboxTest)
[expected:<Enteraninteger>8[]That'sall,haveaniced...> but was:<Enteraninteger>8[0]That'sall,haveaniced...>]
org.junit.ComparisonFailure: expected:<Enteraninteger>8[]That'sall,haveaniced...> but was:<Enteraninteger>8[0]That'sall,haveaniced...>    at org.junit.Assert.assertEquals(Assert.java:115)
    at org.junit.Assert.assertEquals(Assert.java:144)
    at introclassJava.digits_f2997e14_002BlackboxTest.test4(digits_f2997e14_002BlackboxTest.java:40)
    at sun.reflect.NativeMethodAccessorImpl.invoke0(Native Method)
    at sun.reflect.NativeMethodAccessorImpl.invoke(NativeMethodAccessorImpl.java:62)
    at sun.reflect.DelegatingMethodAccessorImpl.invoke(DelegatingMethodAccessorImpl.java:43)

16:14:23.391 [pool-68-thread-1] DEBUG tests.output - Failing tests with false: 
[test4(introclassJava.digits_f2997e14_002BlackboxTest): expected:<Enteraninteger>[8]That'sall,haveaniced...> but was:<Enteraninteger>[0]That'sall,haveaniced...>]
16:14:23.391 [pool-68-thread-1] DEBUG tests.output - Failing tests with true: 
[test4(introclassJava.digits_f2997e14_002BlackboxTest): expected:<Enteraninteger>8[]That'sall,haveaniced...> but was:<Enteraninteger>8[0]That'sall,haveaniced...>]
16:14:23.391 [pool-68-thread-1] INFO  f.i.l.r.n.synth.SMTNopolSynthesizer - Not enough specifications: 0. A trivial patch is "true" or "false", please write new tests specifying SourceLocation introclassJava.digits_f2997e14_002:62.
16:14:23.391 [pool-2-thread-1] DEBUG fr.inria.lille.repair.nopol.NoPol - statement #14
16:14:23.391 [pool-2-thread-1] DEBUG fr.inria.lille.repair.nopol.NoPol - Analysing SourceLocation introclassJava.digits_f2997e14_002:61 which is executed by 16 tests
-1272757750
16:14:23.447 [pool-2-thread-1] DEBUG fr.inria.lille.repair.nopol.NoPol - looking with class fr.inria.lille.repair.nopol.spoon.smt.ConditionalAdder
org.junit.ComparisonFailure: expected:<Enteraninteger>8[]That'sall,haveaniced...> but was:<Enteraninteger>8[0]That'sall,haveaniced...>
    at org.junit.Assert.assertEquals(Assert.java:115)
    at org.junit.Assert.assertEquals(Assert.java:144)
    at introclassJava.digits_f2997e14_002BlackboxTest.test4(digits_f2997e14_002BlackboxTest.java:40)
    at sun.reflect.NativeMethodAccessorImpl.invoke0(Native Method)
    at sun.reflect.NativeMethodAccessorImpl.invoke(NativeMethodAccessorImpl.java:62)
    at sun.reflect.DelegatingMethodAccessorImpl.invoke(DelegatingMethodAccessorImpl.java:43)
16:14:23.456 [pool-73-thread-1] INFO  xxl.java.junit.TestCasesListener - Tests run finished (7 ms)
<> Total tests run: 6
<> Ignored tests: 0
<> Failed tests: 1
~ test4(introclassJava.digits_f2997e14_002BlackboxTest)
[expected:<Enteraninteger>8[]That'sall,haveaniced...> but was:<Enteraninteger>8[0]That'sall,haveaniced...>]
org.junit.ComparisonFailure: expected:<Enteraninteger>8[]That'sall,haveaniced...> but was:<Enteraninteger>8[0]That'sall,haveaniced...>    at org.junit.Assert.assertEquals(Assert.java:115)
    at org.junit.Assert.assertEquals(Assert.java:144)
    at introclassJava.digits_f2997e14_002BlackboxTest.test4(digits_f2997e14_002BlackboxTest.java:40)
    at sun.reflect.NativeMethodAccessorImpl.invoke0(Native Method)
    at sun.reflect.NativeMethodAccessorImpl.invoke(NativeMethodAccessorImpl.java:62)
    at sun.reflect.DelegatingMethodAccessorImpl.invoke(DelegatingMethodAccessorImpl.java:43)

org.junit.ComparisonFailure: expected:<[Enteraninteger>8]That'sall,haveaniced...> but was:<[80]That'sall,haveaniced...>
    at org.junit.Assert.assertEquals(Assert.java:115)
    at org.junit.Assert.assertEquals(Assert.java:144)
    at introclassJava.digits_f2997e14_002BlackboxTest.test4(digits_f2997e14_002BlackboxTest.java:40)
    at sun.reflect.NativeMethodAccessorImpl.invoke0(Native Method)
    at sun.reflect.NativeMethodAccessorImpl.invoke(NativeMethodAccessorImpl.java:62)
    at sun.reflect.DelegatingMethodAccessorImpl.invoke(DelegatingMethodAccessorImpl.java:43)
16:14:23.523 [pool-74-thread-1] INFO  f.i.l.c.t.SpecificationTestCasesListener - Tests run finished (1 ms)
<> Total tests run: 1
<> Ignored tests: 0
<> Failed tests: 1
~ test4(introclassJava.digits_f2997e14_002BlackboxTest)
[expected:<[Enteraninteger>8]That'sall,haveaniced...> but was:<[80]That'sall,haveaniced...>]
org.junit.ComparisonFailure: expected:<[Enteraninteger>8]That'sall,haveaniced...> but was:<[80]That'sall,haveaniced...>    at org.junit.Assert.assertEquals(Assert.java:115)
    at org.junit.Assert.assertEquals(Assert.java:144)
    at introclassJava.digits_f2997e14_002BlackboxTest.test4(digits_f2997e14_002BlackboxTest.java:40)
    at sun.reflect.NativeMethodAccessorImpl.invoke0(Native Method)
    at sun.reflect.NativeMethodAccessorImpl.invoke(NativeMethodAccessorImpl.java:62)
    at sun.reflect.DelegatingMethodAccessorImpl.invoke(DelegatingMethodAccessorImpl.java:43)

org.junit.ComparisonFailure: expected:<Enteraninteger>8[]That'sall,haveaniced...> but was:<Enteraninteger>8[0]That'sall,haveaniced...>
    at org.junit.Assert.assertEquals(Assert.java:115)
    at org.junit.Assert.assertEquals(Assert.java:144)
    at introclassJava.digits_f2997e14_002BlackboxTest.test4(digits_f2997e14_002BlackboxTest.java:40)
    at sun.reflect.NativeMethodAccessorImpl.invoke0(Native Method)
    at sun.reflect.NativeMethodAccessorImpl.invoke(NativeMethodAccessorImpl.java:62)
    at sun.reflect.DelegatingMethodAccessorImpl.invoke(DelegatingMethodAccessorImpl.java:43)
16:14:23.525 [pool-75-thread-1] INFO  f.i.l.c.t.SpecificationTestCasesListener - Tests run finished (0 ms)
<> Total tests run: 1
<> Ignored tests: 0
<> Failed tests: 1
~ test4(introclassJava.digits_f2997e14_002BlackboxTest)
[expected:<Enteraninteger>8[]That'sall,haveaniced...> but was:<Enteraninteger>8[0]That'sall,haveaniced...>]
org.junit.ComparisonFailure: expected:<Enteraninteger>8[]That'sall,haveaniced...> but was:<Enteraninteger>8[0]That'sall,haveaniced...>    at org.junit.Assert.assertEquals(Assert.java:115)
    at org.junit.Assert.assertEquals(Assert.java:144)
    at introclassJava.digits_f2997e14_002BlackboxTest.test4(digits_f2997e14_002BlackboxTest.java:40)
    at sun.reflect.NativeMethodAccessorImpl.invoke0(Native Method)
    at sun.reflect.NativeMethodAccessorImpl.invoke(NativeMethodAccessorImpl.java:62)
    at sun.reflect.DelegatingMethodAccessorImpl.invoke(DelegatingMethodAccessorImpl.java:43)

16:14:23.525 [pool-72-thread-1] DEBUG tests.output - Failing tests with false: 
[test4(introclassJava.digits_f2997e14_002BlackboxTest): expected:<[Enteraninteger>8]That'sall,haveaniced...> but was:<[80]That'sall,haveaniced...>]
16:14:23.525 [pool-72-thread-1] DEBUG tests.output - Failing tests with true: 
[test4(introclassJava.digits_f2997e14_002BlackboxTest): expected:<Enteraninteger>8[]That'sall,haveaniced...> but was:<Enteraninteger>8[0]That'sall,haveaniced...>]
16:14:23.525 [pool-72-thread-1] INFO  f.i.l.r.n.synth.SMTNopolSynthesizer - Not enough specifications: 0. A trivial patch is "true" or "false", please write new tests specifying SourceLocation introclassJava.digits_f2997e14_002:61.
16:14:23.525 [pool-2-thread-1] DEBUG fr.inria.lille.repair.nopol.NoPol - statement #15
16:14:23.525 [pool-2-thread-1] DEBUG fr.inria.lille.repair.nopol.NoPol - Analysing SourceLocation introclassJava.digits_f2997e14_002:60 which is executed by 16 tests
-1272757750
16:14:23.565 [pool-2-thread-1] INFO  fr.inria.lille.repair.nopol.NoPol - ----INFORMATION----
16:14:23.568 [pool-2-thread-1] INFO  fr.inria.lille.repair.nopol.NoPol - Nb classes : 6
16:14:23.568 [pool-2-thread-1] INFO  fr.inria.lille.repair.nopol.NoPol - Nb methods : 2
16:14:23.568 [pool-2-thread-1] INFO  fr.inria.lille.repair.nopol.NoPol - Nb Statements Analyzed : 17
16:14:23.568 [pool-2-thread-1] INFO  fr.inria.lille.repair.nopol.NoPol - Nb Statements with Angelic Value Found : 1
16:14:23.569 [pool-2-thread-1] INFO  fr.inria.lille.repair.nopol.NoPol - Nb inputs in SMT : 0
16:14:23.569 [pool-2-thread-1] INFO  fr.inria.lille.repair.nopol.NoPol - Nb SMT level: 5
16:14:23.569 [pool-2-thread-1] INFO  fr.inria.lille.repair.nopol.NoPol - Nb SMT components: [14] [== of arity: 2, != of arity: 2, < of arity: 2, <= of arity: 2, ! of arity: 1, || of arity: 2, && of arity: 2, == of arity: 2, != of arity: 2, < of arity: 2, <= of arity: 2, ! of arity: 1, || of arity: 2, && of arity: 2]
16:14:23.569 [pool-2-thread-1] INFO  fr.inria.lille.repair.nopol.NoPol -                   class java.lang.Boolean: 14
16:14:23.569 [pool-2-thread-1] INFO  fr.inria.lille.repair.nopol.NoPol - Nb variables in SMT : 0
16:14:23.569 [pool-2-thread-1] INFO  fr.inria.lille.repair.nopol.NoPol - NoPol Execution time : 28121ms
16:14:23.569 [pool-2-thread-1] INFO  fr.inria.lille.repair.nopol.NoPol - 
NO_SYNTHESIS
Command exited with non-zero status 255
39.28user 1.69system 0:29.22elapsed 140%CPU (0avgtext+0avgdata 1580416maxresident)k
62296inputs+5776outputs (24major+440443minor)pagefaults 0swaps


Node: uvb-22.sophia.grid5000.fr



Date: Wed Dec  5 16:14:23 EST 2018

