cd /tmp/Nopol_Bug_dot_jar_Commons-Math_a49e443c;
export JAVA_TOOL_OPTIONS="-Dfile.encoding=UTF8 -Duser.language=en-US -Duser.country=US -Duser.language=en";
TZ="America/New_York"; export TZ;
export PATH="/usr/lib/jvm/java-1.8.0-openjdk-amd64/bin/:$PATH";
export JAVA_HOME="/usr/lib/jvm/java-1.8.0-openjdk-amd64/bin/";
time java -Xmx4g -Xms1g -cp /home/tdurieux/defects4j4repair/script/../repair_tools/nopol.jar:/usr/lib/jvm/java-1.8.0-openjdk-amd64/bin//../lib/tools.jar fr.inria.lille.repair.Main \
	--mode repair \
	--type pre_then_cond \
	--oracle angelic \
	--synthesis smt \
	--flocal gzoltar \
	--json \
	--solver z3 \
	--solver-path /home/tdurieux/defects4j4repair/script/../libs/z3/build/z3 \
	--complianceLevel 7 \
	--source src/main/java \
	--classpath "target/classes:target/test-classes:/home/tdurieux/.m2/repository/junit/junit/4.10/junit-4.10.jar:/home/tdurieux/.m2/repository/org/hamcrest/hamcrest-core/1.1/hamcrest-core-1.1.jar:/home/tdurieux/defects4j4repair/script/../repair_tools/nopol.jar";
	echo "\n\nNode: `hostname`\n";
	echo "\n\nDate: `date`\n";
Picked up JAVA_TOOL_OPTIONS: -Dfile.encoding=UTF8 -Duser.language=en-US -Duser.country=US -Duser.language=en
08:56:37.351 [main] INFO  fr.inria.lille.repair.nopol.NoPol - Source files: [src/main/java]
08:56:37.363 [main] INFO  fr.inria.lille.repair.nopol.NoPol - Classpath: [file:/tmp/Nopol_Bug_dot_jar_Commons-Math_a49e443c/target/classes/, file:/tmp/Nopol_Bug_dot_jar_Commons-Math_a49e443c/target/test-classes/, file:/home/tdurieux/.m2/repository/junit/junit/4.10/junit-4.10.jar, file:/home/tdurieux/.m2/repository/org/hamcrest/hamcrest-core/1.1/hamcrest-core-1.1.jar, file:/home/tdurieux/defects4j4repair/script/../repair_tools/nopol.jar]
08:56:37.364 [main] INFO  fr.inria.lille.repair.nopol.NoPol - Statement type: PRE_THEN_COND
08:56:37.364 [main] INFO  fr.inria.lille.repair.nopol.NoPol - Args: [org.apache.commons.math3.RetryRunnerTest, org.apache.commons.math3.analysis.FunctionUtilsTest, org.apache.commons.math3.analysis.function.GaussianTest, org.apache.commons.math3.analysis.function.HarmonicOscillatorTest, org.apache.commons.math3.analysis.function.LogisticTest, org.apache.commons.math3.analysis.function.LogitTest, org.apache.commons.math3.analysis.function.SigmoidTest, org.apache.commons.math3.analysis.function.SincTest, org.apache.commons.math3.analysis.function.SqrtTest, org.apache.commons.math3.analysis.function.StepFunctionTest, org.apache.commons.math3.analysis.integration.IterativeLegendreGaussIntegratorTest, org.apache.commons.math3.analysis.integration.LegendreGaussIntegratorTest, org.apache.commons.math3.analysis.integration.RombergIntegratorTest, org.apache.commons.math3.analysis.integration.SimpsonIntegratorTest, org.apache.commons.math3.analysis.integration.TrapezoidIntegratorTest, org.apache.commons.math3.analysis.integration.gauss.BaseRuleFactoryTest, org.apache.commons.math3.analysis.integration.gauss.LegendreHighPrecisionParametricTest, org.apache.commons.math3.analysis.integration.gauss.LegendreHighPrecisionTest, org.apache.commons.math3.analysis.integration.gauss.LegendreParametricTest, org.apache.commons.math3.analysis.integration.gauss.LegendreTest, org.apache.commons.math3.analysis.interpolation.BicubicSplineInterpolatingFunctionTest, org.apache.commons.math3.analysis.interpolation.BicubicSplineInterpolatorTest, org.apache.commons.math3.analysis.interpolation.DividedDifferenceInterpolatorTest, org.apache.commons.math3.analysis.interpolation.HermiteInterpolatorTest, org.apache.commons.math3.analysis.interpolation.LinearInterpolatorTest, org.apache.commons.math3.analysis.interpolation.LoessInterpolatorTest, org.apache.commons.math3.analysis.interpolation.MicrosphereInterpolatorTest, org.apache.commons.math3.analysis.interpolation.NevilleInterpolatorTest, org.apache.commons.math3.analysis.interpolation.SmoothingPolynomialBicubicSplineInterpolatorTest, org.apache.commons.math3.analysis.interpolation.SplineInterpolatorTest, org.apache.commons.math3.analysis.interpolation.TricubicSplineInterpolatingFunctionTest, org.apache.commons.math3.analysis.interpolation.TricubicSplineInterpolatorTest, org.apache.commons.math3.analysis.interpolation.UnivariatePeriodicInterpolatorTest, org.apache.commons.math3.analysis.polynomials.PolynomialFunctionLagrangeFormTest, org.apache.commons.math3.analysis.polynomials.PolynomialFunctionNewtonFormTest, org.apache.commons.math3.analysis.polynomials.PolynomialFunctionTest, org.apache.commons.math3.analysis.polynomials.PolynomialSplineFunctionTest, org.apache.commons.math3.analysis.polynomials.PolynomialsUtilsTest, org.apache.commons.math3.analysis.solvers.BisectionSolverTest, org.apache.commons.math3.analysis.solvers.BracketingNthOrderBrentSolverTest, org.apache.commons.math3.analysis.solvers.BrentSolverTest, org.apache.commons.math3.analysis.solvers.IllinoisSolverTest, org.apache.commons.math3.analysis.solvers.LaguerreSolverTest, org.apache.commons.math3.analysis.solvers.MullerSolver2Test, org.apache.commons.math3.analysis.solvers.MullerSolverTest, org.apache.commons.math3.analysis.solvers.NewtonSolverTest, org.apache.commons.math3.analysis.solvers.PegasusSolverTest, org.apache.commons.math3.analysis.solvers.RegulaFalsiSolverTest, org.apache.commons.math3.analysis.solvers.RiddersSolverTest, org.apache.commons.math3.analysis.solvers.SecantSolverTest, org.apache.commons.math3.analysis.solvers.UnivariateSolverUtilsTest, org.apache.commons.math3.complex.ComplexFieldTest, org.apache.commons.math3.complex.ComplexFormatTest, org.apache.commons.math3.complex.ComplexTest, org.apache.commons.math3.complex.ComplexUtilsTest, org.apache.commons.math3.complex.FrenchComplexFormatTest, org.apache.commons.math3.complex.RootsOfUnityTest, org.apache.commons.math3.dfp.BracketingNthOrderBrentSolverDFPTest, org.apache.commons.math3.dfp.DfpDecTest, org.apache.commons.math3.dfp.DfpMathTest, org.apache.commons.math3.dfp.DfpTest, org.apache.commons.math3.distribution.AbstractIntegerDistributionTest, org.apache.commons.math3.distribution.AbstractRealDistributionTest, org.apache.commons.math3.distribution.BetaDistributionTest, org.apache.commons.math3.distribution.BinomialDistributionTest, org.apache.commons.math3.distribution.CauchyDistributionTest, org.apache.commons.math3.distribution.ChiSquaredDistributionTest, org.apache.commons.math3.distribution.ExponentialDistributionTest, org.apache.commons.math3.distribution.FDistributionTest, org.apache.commons.math3.distribution.GammaDistributionTest, org.apache.commons.math3.distribution.HypergeometricDistributionTest, org.apache.commons.math3.distribution.KolmogorovSmirnovDistributionTest, org.apache.commons.math3.distribution.LogNormalDistributionTest, org.apache.commons.math3.distribution.NormalDistributionTest, org.apache.commons.math3.distribution.PascalDistributionTest, org.apache.commons.math3.distribution.PoissonDistributionTest, org.apache.commons.math3.distribution.TDistributionTest, org.apache.commons.math3.distribution.TriangularDistributionTest, org.apache.commons.math3.distribution.UniformIntegerDistributionTest, org.apache.commons.math3.distribution.UniformRealDistributionTest, org.apache.commons.math3.distribution.WeibullDistributionTest, org.apache.commons.math3.distribution.ZipfDistributionTest, org.apache.commons.math3.exception.DimensionMismatchExceptionTest, org.apache.commons.math3.exception.MaxCountExceededExceptionTest, org.apache.commons.math3.exception.NonMonotonicSequenceExceptionTest, org.apache.commons.math3.exception.NotPositiveExceptionTest, org.apache.commons.math3.exception.NotStrictlyPositiveExceptionTest, org.apache.commons.math3.exception.NumberIsTooLargeExceptionTest, org.apache.commons.math3.exception.NumberIsTooSmallExceptionTest, org.apache.commons.math3.exception.OutOfRangeExceptionTest, org.apache.commons.math3.exception.TooManyEvaluationsExceptionTest, org.apache.commons.math3.exception.util.ArgUtilsTest, org.apache.commons.math3.exception.util.ExceptionContextTest, org.apache.commons.math3.exception.util.LocalizedFormatsTest, org.apache.commons.math3.filter.KalmanFilterTest, org.apache.commons.math3.fraction.BigFractionFieldTest, org.apache.commons.math3.fraction.BigFractionFormatTest, org.apache.commons.math3.fraction.BigFractionTest, org.apache.commons.math3.fraction.FractionFieldTest, org.apache.commons.math3.fraction.FractionFormatTest, org.apache.commons.math3.fraction.FractionTest, org.apache.commons.math3.genetics.BinaryChromosomeTest, org.apache.commons.math3.genetics.BinaryMutationTest, org.apache.commons.math3.genetics.ChromosomeTest, org.apache.commons.math3.genetics.ElitisticListPopulationTest, org.apache.commons.math3.genetics.FitnessCachingTest, org.apache.commons.math3.genetics.FixedElapsedTimeTest, org.apache.commons.math3.genetics.FixedGenerationCountTest, org.apache.commons.math3.genetics.GeneticAlgorithmTestBinary, org.apache.commons.math3.genetics.GeneticAlgorithmTestPermutations, org.apache.commons.math3.genetics.ListPopulationTest, org.apache.commons.math3.genetics.NPointCrossoverTest, org.apache.commons.math3.genetics.OnePointCrossoverTest, org.apache.commons.math3.genetics.RandomKeyMutationTest, org.apache.commons.math3.genetics.RandomKeyTest, org.apache.commons.math3.genetics.TournamentSelectionTest, org.apache.commons.math3.genetics.UniformCrossoverTest, org.apache.commons.math3.geometry.euclidean.oned.IntervalsSetTest, org.apache.commons.math3.geometry.euclidean.threed.FrenchVector3DFormatTest, org.apache.commons.math3.geometry.euclidean.threed.LineTest, org.apache.commons.math3.geometry.euclidean.threed.PlaneTest, org.apache.commons.math3.geometry.euclidean.threed.PolyhedronsSetTest, org.apache.commons.math3.geometry.euclidean.threed.RotationOrderTest, org.apache.commons.math3.geometry.euclidean.threed.RotationTest, org.apache.commons.math3.geometry.euclidean.threed.SubLineTest, org.apache.commons.math3.geometry.euclidean.threed.Vector3DFormatTest, org.apache.commons.math3.geometry.euclidean.threed.Vector3DTest, org.apache.commons.math3.geometry.euclidean.twod.LineTest, org.apache.commons.math3.geometry.euclidean.twod.PolygonsSetTest, org.apache.commons.math3.geometry.euclidean.twod.SubLineTest, org.apache.commons.math3.geometry.partitioning.utilities.AVLTreeTest, org.apache.commons.math3.linear.Array2DRowRealMatrixTest, org.apache.commons.math3.linear.ArrayFieldVectorTest, org.apache.commons.math3.linear.ArrayRealVectorTest, org.apache.commons.math3.linear.BiDiagonalTransformerTest, org.apache.commons.math3.linear.BlockFieldMatrixTest, org.apache.commons.math3.linear.BlockRealMatrixTest, org.apache.commons.math3.linear.CholeskyDecompositionTest, org.apache.commons.math3.linear.CholeskySolverTest, org.apache.commons.math3.linear.ConjugateGradientTest, org.apache.commons.math3.linear.EigenDecompositionTest, org.apache.commons.math3.linear.EigenSolverTest, org.apache.commons.math3.linear.FieldLUDecompositionTest, org.apache.commons.math3.linear.FieldLUSolverTest, org.apache.commons.math3.linear.FieldMatrixImplTest, org.apache.commons.math3.linear.FrenchRealVectorFormatTest, org.apache.commons.math3.linear.HessenbergTransformerTest, org.apache.commons.math3.linear.LUDecompositionTest, org.apache.commons.math3.linear.LUSolverTest, org.apache.commons.math3.linear.MatrixDimensionMismatchExceptionTest, org.apache.commons.math3.linear.MatrixUtilsTest, org.apache.commons.math3.linear.OpenMapRealMatrixTest, org.apache.commons.math3.linear.QRDecompositionTest, org.apache.commons.math3.linear.QRSolverTest, org.apache.commons.math3.linear.RealMatrixFormatTest, org.apache.commons.math3.linear.RealVectorFormatTest, org.apache.commons.math3.linear.RealVectorTest, org.apache.commons.math3.linear.SchurTransformerTest, org.apache.commons.math3.linear.SingularValueDecompositionTest, org.apache.commons.math3.linear.SingularValueSolverTest, org.apache.commons.math3.linear.SparseFieldMatrixTest, org.apache.commons.math3.linear.SparseFieldVectorTest, org.apache.commons.math3.linear.SparseRealMatrixTest, org.apache.commons.math3.linear.SparseRealVectorTest, org.apache.commons.math3.linear.SymmLQTest, org.apache.commons.math3.linear.TriDiagonalTransformerTest, org.apache.commons.math3.linear.UnmodifiableArrayRealVectorTest, org.apache.commons.math3.linear.UnmodifiableOpenMapRealVectorTest, org.apache.commons.math3.ode.ContinuousOutputModelTest, org.apache.commons.math3.ode.FirstOrderConverterTest, org.apache.commons.math3.ode.JacobianMatricesTest, org.apache.commons.math3.ode.events.EventStateTest, org.apache.commons.math3.ode.events.OverlappingEventsTest, org.apache.commons.math3.ode.events.ReappearingEventTest, org.apache.commons.math3.ode.nonstiff.AdamsBashforthIntegratorTest, org.apache.commons.math3.ode.nonstiff.AdamsMoultonIntegratorTest, org.apache.commons.math3.ode.nonstiff.ClassicalRungeKuttaIntegratorTest, org.apache.commons.math3.ode.nonstiff.ClassicalRungeKuttaStepInterpolatorTest, org.apache.commons.math3.ode.nonstiff.DormandPrince54IntegratorTest, org.apache.commons.math3.ode.nonstiff.DormandPrince54StepInterpolatorTest, org.apache.commons.math3.ode.nonstiff.DormandPrince853IntegratorTest, org.apache.commons.math3.ode.nonstiff.DormandPrince853StepInterpolatorTest, org.apache.commons.math3.ode.nonstiff.EulerIntegratorTest, org.apache.commons.math3.ode.nonstiff.EulerStepInterpolatorTest, org.apache.commons.math3.ode.nonstiff.GillIntegratorTest, org.apache.commons.math3.ode.nonstiff.GillStepInterpolatorTest, org.apache.commons.math3.ode.nonstiff.GraggBulirschStoerIntegratorTest, org.apache.commons.math3.ode.nonstiff.GraggBulirschStoerStepInterpolatorTest, org.apache.commons.math3.ode.nonstiff.HighamHall54IntegratorTest, org.apache.commons.math3.ode.nonstiff.HighamHall54StepInterpolatorTest, org.apache.commons.math3.ode.nonstiff.MidpointIntegratorTest, org.apache.commons.math3.ode.nonstiff.MidpointStepInterpolatorTest, org.apache.commons.math3.ode.nonstiff.ThreeEighthesIntegratorTest, org.apache.commons.math3.ode.nonstiff.ThreeEighthesStepInterpolatorTest, org.apache.commons.math3.ode.sampling.DummyStepInterpolatorTest, org.apache.commons.math3.ode.sampling.NordsieckStepInterpolatorTest, org.apache.commons.math3.ode.sampling.StepNormalizerOutputOverlapTest, org.apache.commons.math3.ode.sampling.StepNormalizerOutputTest, org.apache.commons.math3.ode.sampling.StepNormalizerTest, org.apache.commons.math3.optimization.DifferentiableMultivariateMultiStartOptimizerTest, org.apache.commons.math3.optimization.DifferentiableMultivariateVectorMultiStartOptimizerTest, org.apache.commons.math3.optimization.MultivariateMultiStartOptimizerTest, org.apache.commons.math3.optimization.PointValuePairTest, org.apache.commons.math3.optimization.PointVectorValuePairTest, org.apache.commons.math3.optimization.direct.BOBYQAOptimizerTest, org.apache.commons.math3.optimization.direct.CMAESOptimizerTest, org.apache.commons.math3.optimization.direct.MultivariateFunctionMappingAdapterTest, org.apache.commons.math3.optimization.direct.MultivariateFunctionPenaltyAdapterTest, org.apache.commons.math3.optimization.direct.PowellOptimizerTest, org.apache.commons.math3.optimization.direct.SimplexOptimizerMultiDirectionalTest, org.apache.commons.math3.optimization.direct.SimplexOptimizerNelderMeadTest, org.apache.commons.math3.optimization.fitting.CurveFitterTest, org.apache.commons.math3.optimization.fitting.GaussianFitterTest, org.apache.commons.math3.optimization.fitting.HarmonicFitterTest, org.apache.commons.math3.optimization.fitting.PolynomialFitterTest, org.apache.commons.math3.optimization.general.AbstractLeastSquaresOptimizerTest, org.apache.commons.math3.optimization.general.AbstractLeastSquaresOptimizerTestValidation, org.apache.commons.math3.optimization.general.GaussNewtonOptimizerTest, org.apache.commons.math3.optimization.general.LevenbergMarquardtOptimizerTest, org.apache.commons.math3.optimization.general.MinpackTest, org.apache.commons.math3.optimization.general.NonLinearConjugateGradientOptimizerTest, org.apache.commons.math3.optimization.linear.SimplexSolverTest, org.apache.commons.math3.optimization.linear.SimplexTableauTest, org.apache.commons.math3.optimization.univariate.BracketFinderTest, org.apache.commons.math3.optimization.univariate.BrentOptimizerTest, org.apache.commons.math3.optimization.univariate.UnivariateMultiStartOptimizerTest, org.apache.commons.math3.random.AbstractRandomGeneratorTest, org.apache.commons.math3.random.BitsStreamGeneratorTest, org.apache.commons.math3.random.CorrelatedRandomVectorGeneratorTest, org.apache.commons.math3.random.EmpiricalDistributionTest, org.apache.commons.math3.random.GaussianRandomGeneratorTest, org.apache.commons.math3.random.ISAACTest, org.apache.commons.math3.random.MersenneTwisterTest, org.apache.commons.math3.random.RandomAdaptorTest, org.apache.commons.math3.random.RandomDataTest, org.apache.commons.math3.random.RandomGeneratorAbstractTest, org.apache.commons.math3.random.StableRandomGeneratorTest, org.apache.commons.math3.random.UncorrelatedRandomVectorGeneratorTest, org.apache.commons.math3.random.UniformRandomGeneratorTest, org.apache.commons.math3.random.ValueServerTest, org.apache.commons.math3.random.Well1024aTest, org.apache.commons.math3.random.Well19937aTest, org.apache.commons.math3.random.Well19937cTest, org.apache.commons.math3.random.Well44497aTest, org.apache.commons.math3.random.Well44497bTest, org.apache.commons.math3.random.Well512aTest, org.apache.commons.math3.special.BetaTest, org.apache.commons.math3.special.ErfTest, org.apache.commons.math3.special.GammaTest, org.apache.commons.math3.stat.CertifiedDataTest, org.apache.commons.math3.stat.FrequencyTest, org.apache.commons.math3.stat.StatUtilsTest, org.apache.commons.math3.stat.clustering.EuclideanIntegerPointTest, org.apache.commons.math3.stat.clustering.KMeansPlusPlusClustererTest, org.apache.commons.math3.stat.correlation.CovarianceTest, org.apache.commons.math3.stat.correlation.PearsonsCorrelationTest, org.apache.commons.math3.stat.correlation.SpearmansRankCorrelationTest, org.apache.commons.math3.stat.correlation.StorelessCovarianceTest, org.apache.commons.math3.stat.data.LewTest, org.apache.commons.math3.stat.data.LotteryTest, org.apache.commons.math3.stat.descriptive.AbstractUnivariateStatisticTest, org.apache.commons.math3.stat.descriptive.AggregateSummaryStatisticsTest, org.apache.commons.math3.stat.descriptive.DescriptiveStatisticsTest, org.apache.commons.math3.stat.descriptive.ListUnivariateImplTest, org.apache.commons.math3.stat.descriptive.MixedListUnivariateImplTest, org.apache.commons.math3.stat.descriptive.MultivariateSummaryStatisticsTest, org.apache.commons.math3.stat.descriptive.StatisticalSummaryValuesTest, org.apache.commons.math3.stat.descriptive.SummaryStatisticsTest, org.apache.commons.math3.stat.descriptive.SynchronizedDescriptiveStatisticsTest, org.apache.commons.math3.stat.descriptive.SynchronizedMultivariateSummaryStatisticsTest, org.apache.commons.math3.stat.descriptive.SynchronizedSummaryStatisticsTest, org.apache.commons.math3.stat.descriptive.moment.FirstMomentTest, org.apache.commons.math3.stat.descriptive.moment.FourthMomentTest, org.apache.commons.math3.stat.descriptive.moment.GeometricMeanTest, org.apache.commons.math3.stat.descriptive.moment.InteractionTest, org.apache.commons.math3.stat.descriptive.moment.KurtosisTest, org.apache.commons.math3.stat.descriptive.moment.MeanTest, org.apache.commons.math3.stat.descriptive.moment.SecondMomentTest, org.apache.commons.math3.stat.descriptive.moment.SemiVarianceTest, org.apache.commons.math3.stat.descriptive.moment.SkewnessTest, org.apache.commons.math3.stat.descriptive.moment.StandardDeviationTest, org.apache.commons.math3.stat.descriptive.moment.ThirdMomentTest, org.apache.commons.math3.stat.descriptive.moment.VarianceTest, org.apache.commons.math3.stat.descriptive.moment.VectorialCovarianceTest, org.apache.commons.math3.stat.descriptive.moment.VectorialMeanTest, org.apache.commons.math3.stat.descriptive.rank.MaxTest, org.apache.commons.math3.stat.descriptive.rank.MedianTest, org.apache.commons.math3.stat.descriptive.rank.MinTest, org.apache.commons.math3.stat.descriptive.rank.PercentileTest, org.apache.commons.math3.stat.descriptive.summary.ProductTest, org.apache.commons.math3.stat.descriptive.summary.SumLogTest, org.apache.commons.math3.stat.descriptive.summary.SumSqTest, org.apache.commons.math3.stat.descriptive.summary.SumTest, org.apache.commons.math3.stat.inference.ChiSquareTestTest, org.apache.commons.math3.stat.inference.MannWhitneyUTestTest, org.apache.commons.math3.stat.inference.OneWayAnovaTest, org.apache.commons.math3.stat.inference.TTestTest, org.apache.commons.math3.stat.inference.TestUtilsTest, org.apache.commons.math3.stat.inference.WilcoxonSignedRankTestTest, org.apache.commons.math3.stat.ranking.NaturalRankingTest, org.apache.commons.math3.stat.regression.GLSMultipleLinearRegressionTest, org.apache.commons.math3.stat.regression.MillerUpdatingRegressionTest, org.apache.commons.math3.stat.regression.OLSMultipleLinearRegressionTest, org.apache.commons.math3.stat.regression.SimpleRegressionTest, org.apache.commons.math3.transform.FastCosineTransformerTest, org.apache.commons.math3.transform.FastFourierTransformerTest, org.apache.commons.math3.transform.FastHadamardTransformerTest, org.apache.commons.math3.transform.FastSineTransformerTest, org.apache.commons.math3.util.ArithmeticUtilsTest, org.apache.commons.math3.util.BigRealFieldTest, org.apache.commons.math3.util.BigRealTest, org.apache.commons.math3.util.ContinuedFractionTest, org.apache.commons.math3.util.Decimal64Test, org.apache.commons.math3.util.DefaultTransformerTest, org.apache.commons.math3.util.FastMathStrictComparisonTest, org.apache.commons.math3.util.FastMathTest, org.apache.commons.math3.util.FastMathTestPerformance, org.apache.commons.math3.util.IncrementorTest, org.apache.commons.math3.util.MathArraysTest, org.apache.commons.math3.util.MathUtilsTest, org.apache.commons.math3.util.MultidimensionalCounterTest, org.apache.commons.math3.util.OpenIntToDoubleHashMapTest, org.apache.commons.math3.util.OpenIntToFieldTest, org.apache.commons.math3.util.PairTest, org.apache.commons.math3.util.PrecisionTest, org.apache.commons.math3.util.ResizableDoubleArrayTest, org.apache.commons.math3.util.TransformerMapTest]
08:56:37.366 [main] INFO  fr.inria.lille.repair.nopol.NoPol - Config: Config{synthesisDepth=3, collectStaticMethods=true, collectStaticFields=false, collectLiterals=false, onlyOneSynthesisResult=true, sortExpressions=true, maxLineInvocationPerTest=250, timeoutMethodInvocation=2000, dataCollectionTimeoutInSecondForSynthesis=900, addWeight=0.19478, subWeight=0.04554, mulWeight=0.0102, divWeight=0.00613, andWeight=0.10597, orWeight=0.05708, eqWeight=0.22798, nEqWeight=0.0, lessEqWeight=0.0255, lessWeight=0.0947, methodCallWeight=0.1, fieldAccessWeight=0.08099, constantWeight=0.14232, variableWeight=0.05195, mode=REPAIR, type=PRE_THEN_COND, synthesis=SMT, oracle=ANGELIC, solver=Z3, solverPath='/home/tdurieux/defects4j4repair/script/../libs/z3/build/z3', projectSources=[src/main/java], projectClasspath='[Ljava.net.URL;@66d33a', projectTests=[org.apache.commons.math3.RetryRunnerTest, org.apache.commons.math3.analysis.FunctionUtilsTest, org.apache.commons.math3.analysis.function.GaussianTest, org.apache.commons.math3.analysis.function.HarmonicOscillatorTest, org.apache.commons.math3.analysis.function.LogisticTest, org.apache.commons.math3.analysis.function.LogitTest, org.apache.commons.math3.analysis.function.SigmoidTest, org.apache.commons.math3.analysis.function.SincTest, org.apache.commons.math3.analysis.function.SqrtTest, org.apache.commons.math3.analysis.function.StepFunctionTest, org.apache.commons.math3.analysis.integration.IterativeLegendreGaussIntegratorTest, org.apache.commons.math3.analysis.integration.LegendreGaussIntegratorTest, org.apache.commons.math3.analysis.integration.RombergIntegratorTest, org.apache.commons.math3.analysis.integration.SimpsonIntegratorTest, org.apache.commons.math3.analysis.integration.TrapezoidIntegratorTest, org.apache.commons.math3.analysis.integration.gauss.BaseRuleFactoryTest, org.apache.commons.math3.analysis.integration.gauss.LegendreHighPrecisionParametricTest, org.apache.commons.math3.analysis.integration.gauss.LegendreHighPrecisionTest, org.apache.commons.math3.analysis.integration.gauss.LegendreParametricTest, org.apache.commons.math3.analysis.integration.gauss.LegendreTest, org.apache.commons.math3.analysis.interpolation.BicubicSplineInterpolatingFunctionTest, org.apache.commons.math3.analysis.interpolation.BicubicSplineInterpolatorTest, org.apache.commons.math3.analysis.interpolation.DividedDifferenceInterpolatorTest, org.apache.commons.math3.analysis.interpolation.HermiteInterpolatorTest, org.apache.commons.math3.analysis.interpolation.LinearInterpolatorTest, org.apache.commons.math3.analysis.interpolation.LoessInterpolatorTest, org.apache.commons.math3.analysis.interpolation.MicrosphereInterpolatorTest, org.apache.commons.math3.analysis.interpolation.NevilleInterpolatorTest, org.apache.commons.math3.analysis.interpolation.SmoothingPolynomialBicubicSplineInterpolatorTest, org.apache.commons.math3.analysis.interpolation.SplineInterpolatorTest, org.apache.commons.math3.analysis.interpolation.TricubicSplineInterpolatingFunctionTest, org.apache.commons.math3.analysis.interpolation.TricubicSplineInterpolatorTest, org.apache.commons.math3.analysis.interpolation.UnivariatePeriodicInterpolatorTest, org.apache.commons.math3.analysis.polynomials.PolynomialFunctionLagrangeFormTest, org.apache.commons.math3.analysis.polynomials.PolynomialFunctionNewtonFormTest, org.apache.commons.math3.analysis.polynomials.PolynomialFunctionTest, org.apache.commons.math3.analysis.polynomials.PolynomialSplineFunctionTest, org.apache.commons.math3.analysis.polynomials.PolynomialsUtilsTest, org.apache.commons.math3.analysis.solvers.BisectionSolverTest, org.apache.commons.math3.analysis.solvers.BracketingNthOrderBrentSolverTest, org.apache.commons.math3.analysis.solvers.BrentSolverTest, org.apache.commons.math3.analysis.solvers.IllinoisSolverTest, org.apache.commons.math3.analysis.solvers.LaguerreSolverTest, org.apache.commons.math3.analysis.solvers.MullerSolver2Test, org.apache.commons.math3.analysis.solvers.MullerSolverTest, org.apache.commons.math3.analysis.solvers.NewtonSolverTest, org.apache.commons.math3.analysis.solvers.PegasusSolverTest, org.apache.commons.math3.analysis.solvers.RegulaFalsiSolverTest, org.apache.commons.math3.analysis.solvers.RiddersSolverTest, org.apache.commons.math3.analysis.solvers.SecantSolverTest, org.apache.commons.math3.analysis.solvers.UnivariateSolverUtilsTest, org.apache.commons.math3.complex.ComplexFieldTest, org.apache.commons.math3.complex.ComplexFormatTest, org.apache.commons.math3.complex.ComplexTest, org.apache.commons.math3.complex.ComplexUtilsTest, org.apache.commons.math3.complex.FrenchComplexFormatTest, org.apache.commons.math3.complex.RootsOfUnityTest, org.apache.commons.math3.dfp.BracketingNthOrderBrentSolverDFPTest, org.apache.commons.math3.dfp.DfpDecTest, org.apache.commons.math3.dfp.DfpMathTest, org.apache.commons.math3.dfp.DfpTest, org.apache.commons.math3.distribution.AbstractIntegerDistributionTest, org.apache.commons.math3.distribution.AbstractRealDistributionTest, org.apache.commons.math3.distribution.BetaDistributionTest, org.apache.commons.math3.distribution.BinomialDistributionTest, org.apache.commons.math3.distribution.CauchyDistributionTest, org.apache.commons.math3.distribution.ChiSquaredDistributionTest, org.apache.commons.math3.distribution.ExponentialDistributionTest, org.apache.commons.math3.distribution.FDistributionTest, org.apache.commons.math3.distribution.GammaDistributionTest, org.apache.commons.math3.distribution.HypergeometricDistributionTest, org.apache.commons.math3.distribution.KolmogorovSmirnovDistributionTest, org.apache.commons.math3.distribution.LogNormalDistributionTest, org.apache.commons.math3.distribution.NormalDistributionTest, org.apache.commons.math3.distribution.PascalDistributionTest, org.apache.commons.math3.distribution.PoissonDistributionTest, org.apache.commons.math3.distribution.TDistributionTest, org.apache.commons.math3.distribution.TriangularDistributionTest, org.apache.commons.math3.distribution.UniformIntegerDistributionTest, org.apache.commons.math3.distribution.UniformRealDistributionTest, org.apache.commons.math3.distribution.WeibullDistributionTest, org.apache.commons.math3.distribution.ZipfDistributionTest, org.apache.commons.math3.exception.DimensionMismatchExceptionTest, org.apache.commons.math3.exception.MaxCountExceededExceptionTest, org.apache.commons.math3.exception.NonMonotonicSequenceExceptionTest, org.apache.commons.math3.exception.NotPositiveExceptionTest, org.apache.commons.math3.exception.NotStrictlyPositiveExceptionTest, org.apache.commons.math3.exception.NumberIsTooLargeExceptionTest, org.apache.commons.math3.exception.NumberIsTooSmallExceptionTest, org.apache.commons.math3.exception.OutOfRangeExceptionTest, org.apache.commons.math3.exception.TooManyEvaluationsExceptionTest, org.apache.commons.math3.exception.util.ArgUtilsTest, org.apache.commons.math3.exception.util.ExceptionContextTest, org.apache.commons.math3.exception.util.LocalizedFormatsTest, org.apache.commons.math3.filter.KalmanFilterTest, org.apache.commons.math3.fraction.BigFractionFieldTest, org.apache.commons.math3.fraction.BigFractionFormatTest, org.apache.commons.math3.fraction.BigFractionTest, org.apache.commons.math3.fraction.FractionFieldTest, org.apache.commons.math3.fraction.FractionFormatTest, org.apache.commons.math3.fraction.FractionTest, org.apache.commons.math3.genetics.BinaryChromosomeTest, org.apache.commons.math3.genetics.BinaryMutationTest, org.apache.commons.math3.genetics.ChromosomeTest, org.apache.commons.math3.genetics.ElitisticListPopulationTest, org.apache.commons.math3.genetics.FitnessCachingTest, org.apache.commons.math3.genetics.FixedElapsedTimeTest, org.apache.commons.math3.genetics.FixedGenerationCountTest, org.apache.commons.math3.genetics.GeneticAlgorithmTestBinary, org.apache.commons.math3.genetics.GeneticAlgorithmTestPermutations, org.apache.commons.math3.genetics.ListPopulationTest, org.apache.commons.math3.genetics.NPointCrossoverTest, org.apache.commons.math3.genetics.OnePointCrossoverTest, org.apache.commons.math3.genetics.RandomKeyMutationTest, org.apache.commons.math3.genetics.RandomKeyTest, org.apache.commons.math3.genetics.TournamentSelectionTest, org.apache.commons.math3.genetics.UniformCrossoverTest, org.apache.commons.math3.geometry.euclidean.oned.IntervalsSetTest, org.apache.commons.math3.geometry.euclidean.threed.FrenchVector3DFormatTest, org.apache.commons.math3.geometry.euclidean.threed.LineTest, org.apache.commons.math3.geometry.euclidean.threed.PlaneTest, org.apache.commons.math3.geometry.euclidean.threed.PolyhedronsSetTest, org.apache.commons.math3.geometry.euclidean.threed.RotationOrderTest, org.apache.commons.math3.geometry.euclidean.threed.RotationTest, org.apache.commons.math3.geometry.euclidean.threed.SubLineTest, org.apache.commons.math3.geometry.euclidean.threed.Vector3DFormatTest, org.apache.commons.math3.geometry.euclidean.threed.Vector3DTest, org.apache.commons.math3.geometry.euclidean.twod.LineTest, org.apache.commons.math3.geometry.euclidean.twod.PolygonsSetTest, org.apache.commons.math3.geometry.euclidean.twod.SubLineTest, org.apache.commons.math3.geometry.partitioning.utilities.AVLTreeTest, org.apache.commons.math3.linear.Array2DRowRealMatrixTest, org.apache.commons.math3.linear.ArrayFieldVectorTest, org.apache.commons.math3.linear.ArrayRealVectorTest, org.apache.commons.math3.linear.BiDiagonalTransformerTest, org.apache.commons.math3.linear.BlockFieldMatrixTest, org.apache.commons.math3.linear.BlockRealMatrixTest, org.apache.commons.math3.linear.CholeskyDecompositionTest, org.apache.commons.math3.linear.CholeskySolverTest, org.apache.commons.math3.linear.ConjugateGradientTest, org.apache.commons.math3.linear.EigenDecompositionTest, org.apache.commons.math3.linear.EigenSolverTest, org.apache.commons.math3.linear.FieldLUDecompositionTest, org.apache.commons.math3.linear.FieldLUSolverTest, org.apache.commons.math3.linear.FieldMatrixImplTest, org.apache.commons.math3.linear.FrenchRealVectorFormatTest, org.apache.commons.math3.linear.HessenbergTransformerTest, org.apache.commons.math3.linear.LUDecompositionTest, org.apache.commons.math3.linear.LUSolverTest, org.apache.commons.math3.linear.MatrixDimensionMismatchExceptionTest, org.apache.commons.math3.linear.MatrixUtilsTest, org.apache.commons.math3.linear.OpenMapRealMatrixTest, org.apache.commons.math3.linear.QRDecompositionTest, org.apache.commons.math3.linear.QRSolverTest, org.apache.commons.math3.linear.RealMatrixFormatTest, org.apache.commons.math3.linear.RealVectorFormatTest, org.apache.commons.math3.linear.RealVectorTest, org.apache.commons.math3.linear.SchurTransformerTest, org.apache.commons.math3.linear.SingularValueDecompositionTest, org.apache.commons.math3.linear.SingularValueSolverTest, org.apache.commons.math3.linear.SparseFieldMatrixTest, org.apache.commons.math3.linear.SparseFieldVectorTest, org.apache.commons.math3.linear.SparseRealMatrixTest, org.apache.commons.math3.linear.SparseRealVectorTest, org.apache.commons.math3.linear.SymmLQTest, org.apache.commons.math3.linear.TriDiagonalTransformerTest, org.apache.commons.math3.linear.UnmodifiableArrayRealVectorTest, org.apache.commons.math3.linear.UnmodifiableOpenMapRealVectorTest, org.apache.commons.math3.ode.ContinuousOutputModelTest, org.apache.commons.math3.ode.FirstOrderConverterTest, org.apache.commons.math3.ode.JacobianMatricesTest, org.apache.commons.math3.ode.events.EventStateTest, org.apache.commons.math3.ode.events.OverlappingEventsTest, org.apache.commons.math3.ode.events.ReappearingEventTest, org.apache.commons.math3.ode.nonstiff.AdamsBashforthIntegratorTest, org.apache.commons.math3.ode.nonstiff.AdamsMoultonIntegratorTest, org.apache.commons.math3.ode.nonstiff.ClassicalRungeKuttaIntegratorTest, org.apache.commons.math3.ode.nonstiff.ClassicalRungeKuttaStepInterpolatorTest, org.apache.commons.math3.ode.nonstiff.DormandPrince54IntegratorTest, org.apache.commons.math3.ode.nonstiff.DormandPrince54StepInterpolatorTest, org.apache.commons.math3.ode.nonstiff.DormandPrince853IntegratorTest, org.apache.commons.math3.ode.nonstiff.DormandPrince853StepInterpolatorTest, org.apache.commons.math3.ode.nonstiff.EulerIntegratorTest, org.apache.commons.math3.ode.nonstiff.EulerStepInterpolatorTest, org.apache.commons.math3.ode.nonstiff.GillIntegratorTest, org.apache.commons.math3.ode.nonstiff.GillStepInterpolatorTest, org.apache.commons.math3.ode.nonstiff.GraggBulirschStoerIntegratorTest, org.apache.commons.math3.ode.nonstiff.GraggBulirschStoerStepInterpolatorTest, org.apache.commons.math3.ode.nonstiff.HighamHall54IntegratorTest, org.apache.commons.math3.ode.nonstiff.HighamHall54StepInterpolatorTest, org.apache.commons.math3.ode.nonstiff.MidpointIntegratorTest, org.apache.commons.math3.ode.nonstiff.MidpointStepInterpolatorTest, org.apache.commons.math3.ode.nonstiff.ThreeEighthesIntegratorTest, org.apache.commons.math3.ode.nonstiff.ThreeEighthesStepInterpolatorTest, org.apache.commons.math3.ode.sampling.DummyStepInterpolatorTest, org.apache.commons.math3.ode.sampling.NordsieckStepInterpolatorTest, org.apache.commons.math3.ode.sampling.StepNormalizerOutputOverlapTest, org.apache.commons.math3.ode.sampling.StepNormalizerOutputTest, org.apache.commons.math3.ode.sampling.StepNormalizerTest, org.apache.commons.math3.optimization.DifferentiableMultivariateMultiStartOptimizerTest, org.apache.commons.math3.optimization.DifferentiableMultivariateVectorMultiStartOptimizerTest, org.apache.commons.math3.optimization.MultivariateMultiStartOptimizerTest, org.apache.commons.math3.optimization.PointValuePairTest, org.apache.commons.math3.optimization.PointVectorValuePairTest, org.apache.commons.math3.optimization.direct.BOBYQAOptimizerTest, org.apache.commons.math3.optimization.direct.CMAESOptimizerTest, org.apache.commons.math3.optimization.direct.MultivariateFunctionMappingAdapterTest, org.apache.commons.math3.optimization.direct.MultivariateFunctionPenaltyAdapterTest, org.apache.commons.math3.optimization.direct.PowellOptimizerTest, org.apache.commons.math3.optimization.direct.SimplexOptimizerMultiDirectionalTest, org.apache.commons.math3.optimization.direct.SimplexOptimizerNelderMeadTest, org.apache.commons.math3.optimization.fitting.CurveFitterTest, org.apache.commons.math3.optimization.fitting.GaussianFitterTest, org.apache.commons.math3.optimization.fitting.HarmonicFitterTest, org.apache.commons.math3.optimization.fitting.PolynomialFitterTest, org.apache.commons.math3.optimization.general.AbstractLeastSquaresOptimizerTest, org.apache.commons.math3.optimization.general.AbstractLeastSquaresOptimizerTestValidation, org.apache.commons.math3.optimization.general.GaussNewtonOptimizerTest, org.apache.commons.math3.optimization.general.LevenbergMarquardtOptimizerTest, org.apache.commons.math3.optimization.general.MinpackTest, org.apache.commons.math3.optimization.general.NonLinearConjugateGradientOptimizerTest, org.apache.commons.math3.optimization.linear.SimplexSolverTest, org.apache.commons.math3.optimization.linear.SimplexTableauTest, org.apache.commons.math3.optimization.univariate.BracketFinderTest, org.apache.commons.math3.optimization.univariate.BrentOptimizerTest, org.apache.commons.math3.optimization.univariate.UnivariateMultiStartOptimizerTest, org.apache.commons.math3.random.AbstractRandomGeneratorTest, org.apache.commons.math3.random.BitsStreamGeneratorTest, org.apache.commons.math3.random.CorrelatedRandomVectorGeneratorTest, org.apache.commons.math3.random.EmpiricalDistributionTest, org.apache.commons.math3.random.GaussianRandomGeneratorTest, org.apache.commons.math3.random.ISAACTest, org.apache.commons.math3.random.MersenneTwisterTest, org.apache.commons.math3.random.RandomAdaptorTest, org.apache.commons.math3.random.RandomDataTest, org.apache.commons.math3.random.RandomGeneratorAbstractTest, org.apache.commons.math3.random.StableRandomGeneratorTest, org.apache.commons.math3.random.UncorrelatedRandomVectorGeneratorTest, org.apache.commons.math3.random.UniformRandomGeneratorTest, org.apache.commons.math3.random.ValueServerTest, org.apache.commons.math3.random.Well1024aTest, org.apache.commons.math3.random.Well19937aTest, org.apache.commons.math3.random.Well19937cTest, org.apache.commons.math3.random.Well44497aTest, org.apache.commons.math3.random.Well44497bTest, org.apache.commons.math3.random.Well512aTest, org.apache.commons.math3.special.BetaTest, org.apache.commons.math3.special.ErfTest, org.apache.commons.math3.special.GammaTest, org.apache.commons.math3.stat.CertifiedDataTest, org.apache.commons.math3.stat.FrequencyTest, org.apache.commons.math3.stat.StatUtilsTest, org.apache.commons.math3.stat.clustering.EuclideanIntegerPointTest, org.apache.commons.math3.stat.clustering.KMeansPlusPlusClustererTest, org.apache.commons.math3.stat.correlation.CovarianceTest, org.apache.commons.math3.stat.correlation.PearsonsCorrelationTest, org.apache.commons.math3.stat.correlation.SpearmansRankCorrelationTest, org.apache.commons.math3.stat.correlation.StorelessCovarianceTest, org.apache.commons.math3.stat.data.LewTest, org.apache.commons.math3.stat.data.LotteryTest, org.apache.commons.math3.stat.descriptive.AbstractUnivariateStatisticTest, org.apache.commons.math3.stat.descriptive.AggregateSummaryStatisticsTest, org.apache.commons.math3.stat.descriptive.DescriptiveStatisticsTest, org.apache.commons.math3.stat.descriptive.ListUnivariateImplTest, org.apache.commons.math3.stat.descriptive.MixedListUnivariateImplTest, org.apache.commons.math3.stat.descriptive.MultivariateSummaryStatisticsTest, org.apache.commons.math3.stat.descriptive.StatisticalSummaryValuesTest, org.apache.commons.math3.stat.descriptive.SummaryStatisticsTest, org.apache.commons.math3.stat.descriptive.SynchronizedDescriptiveStatisticsTest, org.apache.commons.math3.stat.descriptive.SynchronizedMultivariateSummaryStatisticsTest, org.apache.commons.math3.stat.descriptive.SynchronizedSummaryStatisticsTest, org.apache.commons.math3.stat.descriptive.moment.FirstMomentTest, org.apache.commons.math3.stat.descriptive.moment.FourthMomentTest, org.apache.commons.math3.stat.descriptive.moment.GeometricMeanTest, org.apache.commons.math3.stat.descriptive.moment.InteractionTest, org.apache.commons.math3.stat.descriptive.moment.KurtosisTest, org.apache.commons.math3.stat.descriptive.moment.MeanTest, org.apache.commons.math3.stat.descriptive.moment.SecondMomentTest, org.apache.commons.math3.stat.descriptive.moment.SemiVarianceTest, org.apache.commons.math3.stat.descriptive.moment.SkewnessTest, org.apache.commons.math3.stat.descriptive.moment.StandardDeviationTest, org.apache.commons.math3.stat.descriptive.moment.ThirdMomentTest, org.apache.commons.math3.stat.descriptive.moment.VarianceTest, org.apache.commons.math3.stat.descriptive.moment.VectorialCovarianceTest, org.apache.commons.math3.stat.descriptive.moment.VectorialMeanTest, org.apache.commons.math3.stat.descriptive.rank.MaxTest, org.apache.commons.math3.stat.descriptive.rank.MedianTest, org.apache.commons.math3.stat.descriptive.rank.MinTest, org.apache.commons.math3.stat.descriptive.rank.PercentileTest, org.apache.commons.math3.stat.descriptive.summary.ProductTest, org.apache.commons.math3.stat.descriptive.summary.SumLogTest, org.apache.commons.math3.stat.descriptive.summary.SumSqTest, org.apache.commons.math3.stat.descriptive.summary.SumTest, org.apache.commons.math3.stat.inference.ChiSquareTestTest, org.apache.commons.math3.stat.inference.MannWhitneyUTestTest, org.apache.commons.math3.stat.inference.OneWayAnovaTest, org.apache.commons.math3.stat.inference.TTestTest, org.apache.commons.math3.stat.inference.TestUtilsTest, org.apache.commons.math3.stat.inference.WilcoxonSignedRankTestTest, org.apache.commons.math3.stat.ranking.NaturalRankingTest, org.apache.commons.math3.stat.regression.GLSMultipleLinearRegressionTest, org.apache.commons.math3.stat.regression.MillerUpdatingRegressionTest, org.apache.commons.math3.stat.regression.OLSMultipleLinearRegressionTest, org.apache.commons.math3.stat.regression.SimpleRegressionTest, org.apache.commons.math3.transform.FastCosineTransformerTest, org.apache.commons.math3.transform.FastFourierTransformerTest, org.apache.commons.math3.transform.FastHadamardTransformerTest, org.apache.commons.math3.transform.FastSineTransformerTest, org.apache.commons.math3.util.ArithmeticUtilsTest, org.apache.commons.math3.util.BigRealFieldTest, org.apache.commons.math3.util.BigRealTest, org.apache.commons.math3.util.ContinuedFractionTest, org.apache.commons.math3.util.Decimal64Test, org.apache.commons.math3.util.DefaultTransformerTest, org.apache.commons.math3.util.FastMathStrictComparisonTest, org.apache.commons.math3.util.FastMathTest, org.apache.commons.math3.util.FastMathTestPerformance, org.apache.commons.math3.util.IncrementorTest, org.apache.commons.math3.util.MathArraysTest, org.apache.commons.math3.util.MathUtilsTest, org.apache.commons.math3.util.MultidimensionalCounterTest, org.apache.commons.math3.util.OpenIntToDoubleHashMapTest, org.apache.commons.math3.util.OpenIntToFieldTest, org.apache.commons.math3.util.PairTest, org.apache.commons.math3.util.PrecisionTest, org.apache.commons.math3.util.ResizableDoubleArrayTest, org.apache.commons.math3.util.TransformerMapTest], complianceLevel=7, outputFolder=., json=true}
08:56:37.367 [main] INFO  fr.inria.lille.repair.nopol.NoPol - Available processors (cores): 4
08:56:37.373 [main] INFO  fr.inria.lille.repair.nopol.NoPol - Free memory: 914 MB
08:56:37.373 [main] INFO  fr.inria.lille.repair.nopol.NoPol - Maximum memory: 3 GB
08:56:37.373 [main] INFO  fr.inria.lille.repair.nopol.NoPol - Total memory available to JVM: 981 MB
08:56:37.373 [main] INFO  fr.inria.lille.repair.nopol.NoPol - Java version: 1.8.0_181
08:56:37.374 [main] INFO  fr.inria.lille.repair.nopol.NoPol - JAVA_HOME: /usr/lib/jvm/java-1.8.0-openjdk-amd64/bin/
08:56:37.375 [main] INFO  fr.inria.lille.repair.nopol.NoPol - PATH: /usr/lib/jvm/java-1.8.0-openjdk-amd64/bin/:/usr/lib/oar/oardodo:/usr/lib/oar/oardodo:/usr/local/bin:/usr/bin:/bin:/usr/games
09:05:07.660 [pool-2-thread-1] DEBUG fr.inria.lille.repair.nopol.NoPol - statement #1
09:05:07.661 [pool-2-thread-1] DEBUG fr.inria.lille.repair.nopol.NoPol - Analysing SourceLocation org.apache.commons.math3.exception.MathIllegalStateException:80 which is executed by 3 tests
-614386291
09:05:07.974 [pool-2-thread-1] DEBUG fr.inria.lille.repair.nopol.NoPol - statement #2
09:05:07.974 [pool-2-thread-1] DEBUG fr.inria.lille.repair.nopol.NoPol - Analysing SourceLocation org.apache.commons.math3.exception.util.ExceptionContext:137 which is executed by 3 tests
-310961535
09:05:08.098 [pool-2-thread-1] DEBUG fr.inria.lille.repair.nopol.NoPol - statement #3
09:05:08.098 [pool-2-thread-1] DEBUG fr.inria.lille.repair.nopol.NoPol - Analysing SourceLocation org.apache.commons.math3.exception.MathIllegalStateException:86 which is executed by 3 tests
-614386291
09:05:08.206 [pool-2-thread-1] DEBUG fr.inria.lille.repair.nopol.NoPol - statement #4
09:05:08.206 [pool-2-thread-1] DEBUG fr.inria.lille.repair.nopol.NoPol - Analysing SourceLocation org.apache.commons.math3.optimization.direct.BOBYQAOptimizer:1165 which is executed by 4 tests
283261218
09:05:08.439 [pool-2-thread-1] DEBUG fr.inria.lille.repair.nopol.NoPol - looking with class fr.inria.lille.repair.nopol.spoon.smt.ConditionalAdder
java.lang.AssertionError: expected:<0.0> but was:<1.047765607609108E-8>
    at org.junit.Assert.fail(Assert.java:88)
    at org.junit.Assert.failNotEquals(Assert.java:743)
    at org.junit.Assert.assertEquals(Assert.java:494)
    at org.apache.commons.math3.optimization.direct.BOBYQAOptimizerTest.doTest(BOBYQAOptimizerTest.java:326)
    at org.apache.commons.math3.optimization.direct.BOBYQAOptimizerTest.doTest(BOBYQAOptimizerTest.java:276)
    at org.apache.commons.math3.optimization.direct.BOBYQAOptimizerTest.testAckley(BOBYQAOptimizerTest.java:205)
org.apache.commons.math3.exception.TooManyEvaluationsException: illegal state: maximal count (12,000) exceeded: evaluations
    at org.apache.commons.math3.optimization.direct.BaseAbstractMultivariateOptimizer.computeObjectiveValue(BaseAbstractMultivariateOptimizer.java:97)
    at org.apache.commons.math3.optimization.direct.BOBYQAOptimizer.bobyqb(BOBYQAOptimizer.java:828)
    at org.apache.commons.math3.optimization.direct.BOBYQAOptimizer.bobyqa(BOBYQAOptimizer.java:334)
    at org.apache.commons.math3.optimization.direct.BOBYQAOptimizer.doOptimize(BOBYQAOptimizer.java:246)
    at org.apache.commons.math3.optimization.direct.BaseAbstractMultivariateOptimizer.optimize(BaseAbstractMultivariateOptimizer.java:126)
    at org.apache.commons.math3.optimization.direct.BaseAbstractMultivariateSimpleBoundsOptimizer.optimize(BaseAbstractMultivariateSimpleBoundsOptimizer.java:139)
java.lang.AssertionError: expected:<0.0> but was:<1.047765607609108E-8>
    at org.junit.Assert.fail(Assert.java:88)
    at org.junit.Assert.failNotEquals(Assert.java:743)
    at org.junit.Assert.assertEquals(Assert.java:494)
    at org.apache.commons.math3.optimization.direct.BOBYQAOptimizerTest.doTest(BOBYQAOptimizerTest.java:326)
    at org.apache.commons.math3.optimization.direct.BOBYQAOptimizerTest.doTest(BOBYQAOptimizerTest.java:276)
    at org.apache.commons.math3.optimization.direct.BOBYQAOptimizerTest.testAckley(BOBYQAOptimizerTest.java:205)
org.apache.commons.math3.exception.TooManyEvaluationsException: illegal state: maximal count (12,000) exceeded: evaluations
    at org.apache.commons.math3.optimization.direct.BaseAbstractMultivariateOptimizer.computeObjectiveValue(BaseAbstractMultivariateOptimizer.java:97)
    at org.apache.commons.math3.optimization.direct.BOBYQAOptimizer.bobyqb(BOBYQAOptimizer.java:828)
    at org.apache.commons.math3.optimization.direct.BOBYQAOptimizer.bobyqa(BOBYQAOptimizer.java:334)
    at org.apache.commons.math3.optimization.direct.BOBYQAOptimizer.doOptimize(BOBYQAOptimizer.java:246)
    at org.apache.commons.math3.optimization.direct.BaseAbstractMultivariateOptimizer.optimize(BaseAbstractMultivariateOptimizer.java:126)
    at org.apache.commons.math3.optimization.direct.BaseAbstractMultivariateSimpleBoundsOptimizer.optimize(BaseAbstractMultivariateSimpleBoundsOptimizer.java:139)
09:05:55.905 [pool-4-thread-1] INFO  xxl.java.junit.TestCasesListener - Tests run finished (47439 ms)
<> Total tests run: 38
<> Ignored tests: 0
<> Failed tests: 4
~ testAckley(org.apache.commons.math3.optimization.direct.BOBYQAOptimizerTest)
[expected:<0.0> but was:<1.047765607609108E-8>]
java.lang.AssertionError: expected:<0.0> but was:<1.047765607609108E-8>    at org.junit.Assert.fail(Assert.java:88)
    at org.junit.Assert.failNotEquals(Assert.java:743)
    at org.junit.Assert.assertEquals(Assert.java:494)
    at org.apache.commons.math3.optimization.direct.BOBYQAOptimizerTest.doTest(BOBYQAOptimizerTest.java:326)
    at org.apache.commons.math3.optimization.direct.BOBYQAOptimizerTest.doTest(BOBYQAOptimizerTest.java:276)
    at org.apache.commons.math3.optimization.direct.BOBYQAOptimizerTest.testAckley(BOBYQAOptimizerTest.java:205)
~ testDiffPow(org.apache.commons.math3.optimization.direct.BOBYQAOptimizerTest)
[illegal state: maximal count (12,000) exceeded: evaluations]
org.apache.commons.math3.exception.TooManyEvaluationsException: illegal state: maximal count (12,000) exceeded: evaluations    at org.apache.commons.math3.optimization.direct.BaseAbstractMultivariateOptimizer.computeObjectiveValue(BaseAbstractMultivariateOptimizer.java:97)
    at org.apache.commons.math3.optimization.direct.BOBYQAOptimizer.bobyqb(BOBYQAOptimizer.java:828)
    at org.apache.commons.math3.optimization.direct.BOBYQAOptimizer.bobyqa(BOBYQAOptimizer.java:334)
    at org.apache.commons.math3.optimization.direct.BOBYQAOptimizer.doOptimize(BOBYQAOptimizer.java:246)
    at org.apache.commons.math3.optimization.direct.BaseAbstractMultivariateOptimizer.optimize(BaseAbstractMultivariateOptimizer.java:126)
    at org.apache.commons.math3.optimization.direct.BaseAbstractMultivariateSimpleBoundsOptimizer.optimize(BaseAbstractMultivariateSimpleBoundsOptimizer.java:139)
~ testAckley(org.apache.commons.math3.optimization.direct.BOBYQAOptimizerTest)
[expected:<0.0> but was:<1.047765607609108E-8>]
java.lang.AssertionError: expected:<0.0> but was:<1.047765607609108E-8>    at org.junit.Assert.fail(Assert.java:88)
    at org.junit.Assert.failNotEquals(Assert.java:743)
    at org.junit.Assert.assertEquals(Assert.java:494)
    at org.apache.commons.math3.optimization.direct.BOBYQAOptimizerTest.doTest(BOBYQAOptimizerTest.java:326)
    at org.apache.commons.math3.optimization.direct.BOBYQAOptimizerTest.doTest(BOBYQAOptimizerTest.java:276)
    at org.apache.commons.math3.optimization.direct.BOBYQAOptimizerTest.testAckley(BOBYQAOptimizerTest.java:205)
~ testDiffPow(org.apache.commons.math3.optimization.direct.BOBYQAOptimizerTest)
[illegal state: maximal count (12,000) exceeded: evaluations]
org.apache.commons.math3.exception.TooManyEvaluationsException: illegal state: maximal count (12,000) exceeded: evaluations    at org.apache.commons.math3.optimization.direct.BaseAbstractMultivariateOptimizer.computeObjectiveValue(BaseAbstractMultivariateOptimizer.java:97)
    at org.apache.commons.math3.optimization.direct.BOBYQAOptimizer.bobyqb(BOBYQAOptimizer.java:828)
    at org.apache.commons.math3.optimization.direct.BOBYQAOptimizer.bobyqa(BOBYQAOptimizer.java:334)
    at org.apache.commons.math3.optimization.direct.BOBYQAOptimizer.doOptimize(BOBYQAOptimizer.java:246)
    at org.apache.commons.math3.optimization.direct.BaseAbstractMultivariateOptimizer.optimize(BaseAbstractMultivariateOptimizer.java:126)
    at org.apache.commons.math3.optimization.direct.BaseAbstractMultivariateSimpleBoundsOptimizer.optimize(BaseAbstractMultivariateSimpleBoundsOptimizer.java:139)

org.apache.commons.math3.exception.MathIllegalStateException: trust region step has failed to reduce Q
    at org.apache.commons.math3.optimization.direct.BOBYQAOptimizer.bobyqb(BOBYQAOptimizer.java:499)
    at org.apache.commons.math3.optimization.direct.BOBYQAOptimizer.bobyqa(BOBYQAOptimizer.java:133)
    at org.apache.commons.math3.optimization.direct.BOBYQAOptimizer.doOptimize(BOBYQAOptimizer.java:95)
    at org.apache.commons.math3.optimization.direct.BaseAbstractMultivariateOptimizer.optimize(BaseAbstractMultivariateOptimizer.java:126)
    at org.apache.commons.math3.optimization.direct.BaseAbstractMultivariateSimpleBoundsOptimizer.optimize(BaseAbstractMultivariateSimpleBoundsOptimizer.java:139)
    at org.apache.commons.math3.optimization.direct.BOBYQAOptimizerTest.doTest(BOBYQAOptimizerTest.java:321)
09:05:58.241 [pool-5-thread-1] INFO  f.i.l.c.t.SpecificationTestCasesListener - Tests run finished (203 ms)
<> Total tests run: 1
<> Ignored tests: 0
<> Failed tests: 1
~ testAckley(org.apache.commons.math3.optimization.direct.BOBYQAOptimizerTest)
[trust region step has failed to reduce Q]
org.apache.commons.math3.exception.MathIllegalStateException: trust region step has failed to reduce Q    at org.apache.commons.math3.optimization.direct.BOBYQAOptimizer.bobyqb(BOBYQAOptimizer.java:499)
    at org.apache.commons.math3.optimization.direct.BOBYQAOptimizer.bobyqa(BOBYQAOptimizer.java:133)
    at org.apache.commons.math3.optimization.direct.BOBYQAOptimizer.doOptimize(BOBYQAOptimizer.java:95)
    at org.apache.commons.math3.optimization.direct.BaseAbstractMultivariateOptimizer.optimize(BaseAbstractMultivariateOptimizer.java:126)
    at org.apache.commons.math3.optimization.direct.BaseAbstractMultivariateSimpleBoundsOptimizer.optimize(BaseAbstractMultivariateSimpleBoundsOptimizer.java:139)
    at org.apache.commons.math3.optimization.direct.BOBYQAOptimizerTest.doTest(BOBYQAOptimizerTest.java:321)

org.apache.commons.math3.exception.MathIllegalStateException: trust region step has failed to reduce Q
    at org.apache.commons.math3.optimization.direct.BOBYQAOptimizer.bobyqb(BOBYQAOptimizer.java:499)
    at org.apache.commons.math3.optimization.direct.BOBYQAOptimizer.bobyqa(BOBYQAOptimizer.java:133)
    at org.apache.commons.math3.optimization.direct.BOBYQAOptimizer.doOptimize(BOBYQAOptimizer.java:95)
    at org.apache.commons.math3.optimization.direct.BaseAbstractMultivariateOptimizer.optimize(BaseAbstractMultivariateOptimizer.java:126)
    at org.apache.commons.math3.optimization.direct.BaseAbstractMultivariateSimpleBoundsOptimizer.optimize(BaseAbstractMultivariateSimpleBoundsOptimizer.java:139)
    at org.apache.commons.math3.optimization.direct.BOBYQAOptimizerTest.doTest(BOBYQAOptimizerTest.java:321)
09:05:58.246 [pool-6-thread-1] INFO  f.i.l.c.t.SpecificationTestCasesListener - Tests run finished (3 ms)
<> Total tests run: 1
<> Ignored tests: 0
<> Failed tests: 1
~ testDiffPow(org.apache.commons.math3.optimization.direct.BOBYQAOptimizerTest)
[trust region step has failed to reduce Q]
org.apache.commons.math3.exception.MathIllegalStateException: trust region step has failed to reduce Q    at org.apache.commons.math3.optimization.direct.BOBYQAOptimizer.bobyqb(BOBYQAOptimizer.java:499)
    at org.apache.commons.math3.optimization.direct.BOBYQAOptimizer.bobyqa(BOBYQAOptimizer.java:133)
    at org.apache.commons.math3.optimization.direct.BOBYQAOptimizer.doOptimize(BOBYQAOptimizer.java:95)
    at org.apache.commons.math3.optimization.direct.BaseAbstractMultivariateOptimizer.optimize(BaseAbstractMultivariateOptimizer.java:126)
    at org.apache.commons.math3.optimization.direct.BaseAbstractMultivariateSimpleBoundsOptimizer.optimize(BaseAbstractMultivariateSimpleBoundsOptimizer.java:139)
    at org.apache.commons.math3.optimization.direct.BOBYQAOptimizerTest.doTest(BOBYQAOptimizerTest.java:321)

java.lang.AssertionError: expected:<0.0> but was:<1.047765607609108E-8>
    at org.junit.Assert.fail(Assert.java:88)
    at org.junit.Assert.failNotEquals(Assert.java:743)
    at org.junit.Assert.assertEquals(Assert.java:494)
    at org.apache.commons.math3.optimization.direct.BOBYQAOptimizerTest.doTest(BOBYQAOptimizerTest.java:326)
    at org.apache.commons.math3.optimization.direct.BOBYQAOptimizerTest.doTest(BOBYQAOptimizerTest.java:276)
    at org.apache.commons.math3.optimization.direct.BOBYQAOptimizerTest.testAckley(BOBYQAOptimizerTest.java:205)
09:05:58.763 [pool-7-thread-1] INFO  f.i.l.c.t.SpecificationTestCasesListener - Tests run finished (516 ms)
<> Total tests run: 1
<> Ignored tests: 0
<> Failed tests: 1
~ testAckley(org.apache.commons.math3.optimization.direct.BOBYQAOptimizerTest)
[expected:<0.0> but was:<1.047765607609108E-8>]
java.lang.AssertionError: expected:<0.0> but was:<1.047765607609108E-8>    at org.junit.Assert.fail(Assert.java:88)
    at org.junit.Assert.failNotEquals(Assert.java:743)
    at org.junit.Assert.assertEquals(Assert.java:494)
    at org.apache.commons.math3.optimization.direct.BOBYQAOptimizerTest.doTest(BOBYQAOptimizerTest.java:326)
    at org.apache.commons.math3.optimization.direct.BOBYQAOptimizerTest.doTest(BOBYQAOptimizerTest.java:276)
    at org.apache.commons.math3.optimization.direct.BOBYQAOptimizerTest.testAckley(BOBYQAOptimizerTest.java:205)

org.apache.commons.math3.exception.TooManyEvaluationsException: illegal state: maximal count (12,000) exceeded: evaluations
    at org.apache.commons.math3.optimization.direct.BaseAbstractMultivariateOptimizer.computeObjectiveValue(BaseAbstractMultivariateOptimizer.java:97)
    at org.apache.commons.math3.optimization.direct.BOBYQAOptimizer.bobyqb(BOBYQAOptimizer.java:462)
    at org.apache.commons.math3.optimization.direct.BOBYQAOptimizer.bobyqa(BOBYQAOptimizer.java:133)
    at org.apache.commons.math3.optimization.direct.BOBYQAOptimizer.doOptimize(BOBYQAOptimizer.java:95)
    at org.apache.commons.math3.optimization.direct.BaseAbstractMultivariateOptimizer.optimize(BaseAbstractMultivariateOptimizer.java:126)
    at org.apache.commons.math3.optimization.direct.BaseAbstractMultivariateSimpleBoundsOptimizer.optimize(BaseAbstractMultivariateSimpleBoundsOptimizer.java:139)
09:06:01.717 [pool-8-thread-1] INFO  f.i.l.c.t.SpecificationTestCasesListener - Tests run finished (2945 ms)
<> Total tests run: 1
<> Ignored tests: 0
<> Failed tests: 1
~ testDiffPow(org.apache.commons.math3.optimization.direct.BOBYQAOptimizerTest)
[illegal state: maximal count (12,000) exceeded: evaluations]
org.apache.commons.math3.exception.TooManyEvaluationsException: illegal state: maximal count (12,000) exceeded: evaluations    at org.apache.commons.math3.optimization.direct.BaseAbstractMultivariateOptimizer.computeObjectiveValue(BaseAbstractMultivariateOptimizer.java:97)
    at org.apache.commons.math3.optimization.direct.BOBYQAOptimizer.bobyqb(BOBYQAOptimizer.java:462)
    at org.apache.commons.math3.optimization.direct.BOBYQAOptimizer.bobyqa(BOBYQAOptimizer.java:133)
    at org.apache.commons.math3.optimization.direct.BOBYQAOptimizer.doOptimize(BOBYQAOptimizer.java:95)
    at org.apache.commons.math3.optimization.direct.BaseAbstractMultivariateOptimizer.optimize(BaseAbstractMultivariateOptimizer.java:126)
    at org.apache.commons.math3.optimization.direct.BaseAbstractMultivariateSimpleBoundsOptimizer.optimize(BaseAbstractMultivariateSimpleBoundsOptimizer.java:139)

09:06:01.718 [pool-3-thread-1] DEBUG tests.output - Failing tests with false: 
[testAckley(org.apache.commons.math3.optimization.direct.BOBYQAOptimizerTest): trust region step has failed to reduce Q, testDiffPow(org.apache.commons.math3.optimization.direct.BOBYQAOptimizerTest): trust region step has failed to reduce Q]
09:06:01.718 [pool-3-thread-1] DEBUG tests.output - Failing tests with true: 
[testAckley(org.apache.commons.math3.optimization.direct.BOBYQAOptimizerTest): expected:<0.0> but was:<1.047765607609108E-8>, testDiffPow(org.apache.commons.math3.optimization.direct.BOBYQAOptimizerTest): illegal state: maximal count (12,000) exceeded: evaluations]
09:06:01.718 [pool-3-thread-1] INFO  f.i.l.r.n.synth.SMTNopolSynthesizer - Not enough specifications: 0. A trivial patch is "true" or "false", please write new tests specifying SourceLocation org.apache.commons.math3.optimization.direct.BOBYQAOptimizer:1165.
09:06:01.718 [pool-2-thread-1] DEBUG fr.inria.lille.repair.nopol.NoPol - statement #5
09:06:01.719 [pool-2-thread-1] DEBUG fr.inria.lille.repair.nopol.NoPol - Analysing SourceLocation org.apache.commons.math3.optimization.linear.AbstractLinearOptimizer:128 which is executed by 1 tests
1542580975
09:06:01.836 [pool-2-thread-1] DEBUG fr.inria.lille.repair.nopol.NoPol - looking with class fr.inria.lille.repair.nopol.spoon.smt.ConditionalAdder
org.apache.commons.math3.exception.MaxCountExceededException: illegal state: maximal count (100) exceeded
    at org.apache.commons.math3.optimization.linear.AbstractLinearOptimizer.incrementIterationsCounter(AbstractLinearOptimizer.java:128)
    at org.apache.commons.math3.optimization.linear.SimplexSolver.doIteration(SimplexSolver.java:161)
    at org.apache.commons.math3.optimization.linear.SimplexSolver.doOptimize(SimplexSolver.java:223)
    at org.apache.commons.math3.optimization.linear.AbstractLinearOptimizer.optimize(AbstractLinearOptimizer.java:147)
    at org.apache.commons.math3.optimization.linear.SimplexSolverTest.testMath828Cycle(SimplexSolverTest.java:70)
    at sun.reflect.NativeMethodAccessorImpl.invoke0(Native Method)
09:06:02.416 [pool-10-thread-1] INFO  xxl.java.junit.TestCasesListener - Tests run finished (571 ms)
<> Total tests run: 26
<> Ignored tests: 0
<> Failed tests: 1
~ testMath828Cycle(org.apache.commons.math3.optimization.linear.SimplexSolverTest)
[illegal state: maximal count (100) exceeded]
org.apache.commons.math3.exception.MaxCountExceededException: illegal state: maximal count (100) exceeded    at org.apache.commons.math3.optimization.linear.AbstractLinearOptimizer.incrementIterationsCounter(AbstractLinearOptimizer.java:128)
    at org.apache.commons.math3.optimization.linear.SimplexSolver.doIteration(SimplexSolver.java:161)
    at org.apache.commons.math3.optimization.linear.SimplexSolver.doOptimize(SimplexSolver.java:223)
    at org.apache.commons.math3.optimization.linear.AbstractLinearOptimizer.optimize(AbstractLinearOptimizer.java:147)
    at org.apache.commons.math3.optimization.linear.SimplexSolverTest.testMath828Cycle(SimplexSolverTest.java:70)
    at sun.reflect.NativeMethodAccessorImpl.invoke0(Native Method)

java.lang.OutOfMemoryError: GC overhead limit exceeded
    at java.util.Arrays.copyOf(Arrays.java:3181)
    at java.util.ArrayList.grow(ArrayList.java:265)
    at java.util.ArrayList.ensureExplicitCapacity(ArrayList.java:239)
    at java.util.ArrayList.ensureCapacityInternal(ArrayList.java:231)
    at java.util.ArrayList.add(ArrayList.java:462)
    at org.apache.commons.math3.optimization.linear.SimplexSolver.getPivotRow(SimplexSolver.java:108)
09:09:11.417 [pool-11-thread-1] INFO  f.i.l.c.t.SpecificationTestCasesListener - Tests run finished (188794 ms)
<> Total tests run: 1
<> Ignored tests: 0
<> Failed tests: 1
~ testMath828Cycle(org.apache.commons.math3.optimization.linear.SimplexSolverTest)
[GC overhead limit exceeded]
java.lang.OutOfMemoryError: GC overhead limit exceeded    at java.util.Arrays.copyOf(Arrays.java:3181)
    at java.util.ArrayList.grow(ArrayList.java:265)
    at java.util.ArrayList.ensureExplicitCapacity(ArrayList.java:239)
    at java.util.ArrayList.ensureCapacityInternal(ArrayList.java:231)
    at java.util.ArrayList.add(ArrayList.java:462)
    at org.apache.commons.math3.optimization.linear.SimplexSolver.getPivotRow(SimplexSolver.java:108)

org.apache.commons.math3.exception.MaxCountExceededException: illegal state: maximal count (100) exceeded
    at org.apache.commons.math3.optimization.linear.AbstractLinearOptimizer.incrementIterationsCounter(AbstractLinearOptimizer.java:70)
    at org.apache.commons.math3.optimization.linear.SimplexSolver.doIteration(SimplexSolver.java:161)
    at org.apache.commons.math3.optimization.linear.SimplexSolver.doOptimize(SimplexSolver.java:223)
    at org.apache.commons.math3.optimization.linear.AbstractLinearOptimizer.optimize(AbstractLinearOptimizer.java:81)
    at org.apache.commons.math3.optimization.linear.SimplexSolverTest.testMath828Cycle(SimplexSolverTest.java:70)
    at sun.reflect.NativeMethodAccessorImpl.invoke0(Native Method)
09:09:21.303 [pool-12-thread-1] INFO  f.i.l.c.t.SpecificationTestCasesListener - Tests run finished (229 ms)
<> Total tests run: 1
<> Ignored tests: 0
<> Failed tests: 1
~ testMath828Cycle(org.apache.commons.math3.optimization.linear.SimplexSolverTest)
[illegal state: maximal count (100) exceeded]
org.apache.commons.math3.exception.MaxCountExceededException: illegal state: maximal count (100) exceeded    at org.apache.commons.math3.optimization.linear.AbstractLinearOptimizer.incrementIterationsCounter(AbstractLinearOptimizer.java:70)
    at org.apache.commons.math3.optimization.linear.SimplexSolver.doIteration(SimplexSolver.java:161)
    at org.apache.commons.math3.optimization.linear.SimplexSolver.doOptimize(SimplexSolver.java:223)
    at org.apache.commons.math3.optimization.linear.AbstractLinearOptimizer.optimize(AbstractLinearOptimizer.java:81)
    at org.apache.commons.math3.optimization.linear.SimplexSolverTest.testMath828Cycle(SimplexSolverTest.java:70)
    at sun.reflect.NativeMethodAccessorImpl.invoke0(Native Method)

09:09:22.056 [pool-9-thread-1] DEBUG tests.output - Failing tests with false: 
[testMath828Cycle(org.apache.commons.math3.optimization.linear.SimplexSolverTest): GC overhead limit exceeded]
09:09:22.057 [pool-9-thread-1] DEBUG tests.output - Failing tests with true: 
[testMath828Cycle(org.apache.commons.math3.optimization.linear.SimplexSolverTest): illegal state: maximal count (100) exceeded]
09:09:22.058 [pool-9-thread-1] INFO  f.i.l.r.n.synth.SMTNopolSynthesizer - Not enough specifications: 0. A trivial patch is "true" or "false", please write new tests specifying SourceLocation org.apache.commons.math3.optimization.linear.AbstractLinearOptimizer:128.
09:09:22.058 [pool-2-thread-1] DEBUG fr.inria.lille.repair.nopol.NoPol - statement #6
09:09:22.058 [pool-2-thread-1] DEBUG fr.inria.lille.repair.nopol.NoPol - Analysing SourceLocation org.apache.commons.math3.exception.util.ExceptionContext:182 which is executed by 4 tests
-310961535
09:09:22.188 [pool-2-thread-1] DEBUG fr.inria.lille.repair.nopol.NoPol - looking with class fr.inria.lille.repair.nopol.spoon.smt.ConditionalAdder
org.apache.commons.math3.exception.MaxCountExceededException: illegal state: maximal count (100) exceeded
    at org.apache.commons.math3.optimization.linear.AbstractLinearOptimizer.incrementIterationsCounter(AbstractLinearOptimizer.java:128)
    at org.apache.commons.math3.optimization.linear.SimplexSolver.doIteration(SimplexSolver.java:161)
    at org.apache.commons.math3.optimization.linear.SimplexSolver.doOptimize(SimplexSolver.java:223)
    at org.apache.commons.math3.optimization.linear.AbstractLinearOptimizer.optimize(AbstractLinearOptimizer.java:147)
    at org.apache.commons.math3.optimization.linear.SimplexSolverTest.testMath828Cycle(SimplexSolverTest.java:70)
    at sun.reflect.NativeMethodAccessorImpl.invoke0(Native Method)
java.lang.AssertionError: expected:<0.0> but was:<1.047765607609108E-8>
    at org.junit.Assert.fail(Assert.java:88)
    at org.junit.Assert.failNotEquals(Assert.java:743)
    at org.junit.Assert.assertEquals(Assert.java:494)
    at org.apache.commons.math3.optimization.direct.BOBYQAOptimizerTest.doTest(BOBYQAOptimizerTest.java:326)
    at org.apache.commons.math3.optimization.direct.BOBYQAOptimizerTest.doTest(BOBYQAOptimizerTest.java:276)
    at org.apache.commons.math3.optimization.direct.BOBYQAOptimizerTest.testAckley(BOBYQAOptimizerTest.java:205)
org.apache.commons.math3.exception.TooManyEvaluationsException: illegal state: maximal count (12,000) exceeded: evaluations
    at org.apache.commons.math3.optimization.direct.BaseAbstractMultivariateOptimizer.computeObjectiveValue(BaseAbstractMultivariateOptimizer.java:97)
    at org.apache.commons.math3.optimization.direct.BOBYQAOptimizer.bobyqb(BOBYQAOptimizer.java:828)
    at org.apache.commons.math3.optimization.direct.BOBYQAOptimizer.bobyqa(BOBYQAOptimizer.java:334)
    at org.apache.commons.math3.optimization.direct.BOBYQAOptimizer.doOptimize(BOBYQAOptimizer.java:246)
    at org.apache.commons.math3.optimization.direct.BaseAbstractMultivariateOptimizer.optimize(BaseAbstractMultivariateOptimizer.java:126)
    at org.apache.commons.math3.optimization.direct.BaseAbstractMultivariateSimpleBoundsOptimizer.optimize(BaseAbstractMultivariateSimpleBoundsOptimizer.java:139)
09:09:47.730 [pool-14-thread-1] INFO  xxl.java.junit.TestCasesListener - Tests run finished (25528 ms)
<> Total tests run: 45
<> Ignored tests: 0
<> Failed tests: 3
~ testMath828Cycle(org.apache.commons.math3.optimization.linear.SimplexSolverTest)
[illegal state: maximal count (100) exceeded]
org.apache.commons.math3.exception.MaxCountExceededException: illegal state: maximal count (100) exceeded    at org.apache.commons.math3.optimization.linear.AbstractLinearOptimizer.incrementIterationsCounter(AbstractLinearOptimizer.java:128)
    at org.apache.commons.math3.optimization.linear.SimplexSolver.doIteration(SimplexSolver.java:161)
    at org.apache.commons.math3.optimization.linear.SimplexSolver.doOptimize(SimplexSolver.java:223)
    at org.apache.commons.math3.optimization.linear.AbstractLinearOptimizer.optimize(AbstractLinearOptimizer.java:147)
    at org.apache.commons.math3.optimization.linear.SimplexSolverTest.testMath828Cycle(SimplexSolverTest.java:70)
    at sun.reflect.NativeMethodAccessorImpl.invoke0(Native Method)
~ testAckley(org.apache.commons.math3.optimization.direct.BOBYQAOptimizerTest)
[expected:<0.0> but was:<1.047765607609108E-8>]
java.lang.AssertionError: expected:<0.0> but was:<1.047765607609108E-8>    at org.junit.Assert.fail(Assert.java:88)
    at org.junit.Assert.failNotEquals(Assert.java:743)
    at org.junit.Assert.assertEquals(Assert.java:494)
    at org.apache.commons.math3.optimization.direct.BOBYQAOptimizerTest.doTest(BOBYQAOptimizerTest.java:326)
    at org.apache.commons.math3.optimization.direct.BOBYQAOptimizerTest.doTest(BOBYQAOptimizerTest.java:276)
    at org.apache.commons.math3.optimization.direct.BOBYQAOptimizerTest.testAckley(BOBYQAOptimizerTest.java:205)
~ testDiffPow(org.apache.commons.math3.optimization.direct.BOBYQAOptimizerTest)
[illegal state: maximal count (12,000) exceeded: evaluations]
org.apache.commons.math3.exception.TooManyEvaluationsException: illegal state: maximal count (12,000) exceeded: evaluations    at org.apache.commons.math3.optimization.direct.BaseAbstractMultivariateOptimizer.computeObjectiveValue(BaseAbstractMultivariateOptimizer.java:97)
    at org.apache.commons.math3.optimization.direct.BOBYQAOptimizer.bobyqb(BOBYQAOptimizer.java:828)
    at org.apache.commons.math3.optimization.direct.BOBYQAOptimizer.bobyqa(BOBYQAOptimizer.java:334)
    at org.apache.commons.math3.optimization.direct.BOBYQAOptimizer.doOptimize(BOBYQAOptimizer.java:246)
    at org.apache.commons.math3.optimization.direct.BaseAbstractMultivariateOptimizer.optimize(BaseAbstractMultivariateOptimizer.java:126)
    at org.apache.commons.math3.optimization.direct.BaseAbstractMultivariateSimpleBoundsOptimizer.optimize(BaseAbstractMultivariateSimpleBoundsOptimizer.java:139)

org.apache.commons.math3.exception.MaxCountExceededException: illegal statemaximal count (100) exceeded
    at org.apache.commons.math3.optimization.linear.AbstractLinearOptimizer.incrementIterationsCounter(AbstractLinearOptimizer.java:128)
    at org.apache.commons.math3.optimization.linear.SimplexSolver.doIteration(SimplexSolver.java:161)
    at org.apache.commons.math3.optimization.linear.SimplexSolver.doOptimize(SimplexSolver.java:223)
    at org.apache.commons.math3.optimization.linear.AbstractLinearOptimizer.optimize(AbstractLinearOptimizer.java:147)
    at org.apache.commons.math3.optimization.linear.SimplexSolverTest.testMath828Cycle(SimplexSolverTest.java:70)
    at sun.reflect.NativeMethodAccessorImpl.invoke0(Native Method)
09:09:48.040 [pool-15-thread-1] INFO  f.i.l.c.t.SpecificationTestCasesListener - Tests run finished (41 ms)
<> Total tests run: 1
<> Ignored tests: 0
<> Failed tests: 1
~ testMath828Cycle(org.apache.commons.math3.optimization.linear.SimplexSolverTest)
[illegal statemaximal count (100) exceeded]
org.apache.commons.math3.exception.MaxCountExceededException: illegal statemaximal count (100) exceeded    at org.apache.commons.math3.optimization.linear.AbstractLinearOptimizer.incrementIterationsCounter(AbstractLinearOptimizer.java:128)
    at org.apache.commons.math3.optimization.linear.SimplexSolver.doIteration(SimplexSolver.java:161)
    at org.apache.commons.math3.optimization.linear.SimplexSolver.doOptimize(SimplexSolver.java:223)
    at org.apache.commons.math3.optimization.linear.AbstractLinearOptimizer.optimize(AbstractLinearOptimizer.java:147)
    at org.apache.commons.math3.optimization.linear.SimplexSolverTest.testMath828Cycle(SimplexSolverTest.java:70)
    at sun.reflect.NativeMethodAccessorImpl.invoke0(Native Method)

java.lang.AssertionError: expected:<0.0> but was:<1.047765607609108E-8>
    at org.junit.Assert.fail(Assert.java:88)
    at org.junit.Assert.failNotEquals(Assert.java:743)
    at org.junit.Assert.assertEquals(Assert.java:494)
    at org.apache.commons.math3.optimization.direct.BOBYQAOptimizerTest.doTest(BOBYQAOptimizerTest.java:326)
    at org.apache.commons.math3.optimization.direct.BOBYQAOptimizerTest.doTest(BOBYQAOptimizerTest.java:276)
    at org.apache.commons.math3.optimization.direct.BOBYQAOptimizerTest.testAckley(BOBYQAOptimizerTest.java:205)
09:09:48.363 [pool-16-thread-1] INFO  f.i.l.c.t.SpecificationTestCasesListener - Tests run finished (320 ms)
<> Total tests run: 1
<> Ignored tests: 0
<> Failed tests: 1
~ testAckley(org.apache.commons.math3.optimization.direct.BOBYQAOptimizerTest)
[expected:<0.0> but was:<1.047765607609108E-8>]
java.lang.AssertionError: expected:<0.0> but was:<1.047765607609108E-8>    at org.junit.Assert.fail(Assert.java:88)
    at org.junit.Assert.failNotEquals(Assert.java:743)
    at org.junit.Assert.assertEquals(Assert.java:494)
    at org.apache.commons.math3.optimization.direct.BOBYQAOptimizerTest.doTest(BOBYQAOptimizerTest.java:326)
    at org.apache.commons.math3.optimization.direct.BOBYQAOptimizerTest.doTest(BOBYQAOptimizerTest.java:276)
    at org.apache.commons.math3.optimization.direct.BOBYQAOptimizerTest.testAckley(BOBYQAOptimizerTest.java:205)

org.apache.commons.math3.exception.TooManyEvaluationsException: illegal statemaximal count (12,000) exceededevaluations
    at org.apache.commons.math3.optimization.direct.BaseAbstractMultivariateOptimizer.computeObjectiveValue(BaseAbstractMultivariateOptimizer.java:97)
    at org.apache.commons.math3.optimization.direct.BOBYQAOptimizer.bobyqb(BOBYQAOptimizer.java:828)
    at org.apache.commons.math3.optimization.direct.BOBYQAOptimizer.bobyqa(BOBYQAOptimizer.java:334)
    at org.apache.commons.math3.optimization.direct.BOBYQAOptimizer.doOptimize(BOBYQAOptimizer.java:246)
    at org.apache.commons.math3.optimization.direct.BaseAbstractMultivariateOptimizer.optimize(BaseAbstractMultivariateOptimizer.java:126)
    at org.apache.commons.math3.optimization.direct.BaseAbstractMultivariateSimpleBoundsOptimizer.optimize(BaseAbstractMultivariateSimpleBoundsOptimizer.java:139)
09:09:49.891 [pool-17-thread-1] INFO  f.i.l.c.t.SpecificationTestCasesListener - Tests run finished (1525 ms)
<> Total tests run: 1
<> Ignored tests: 0
<> Failed tests: 1
~ testDiffPow(org.apache.commons.math3.optimization.direct.BOBYQAOptimizerTest)
[illegal statemaximal count (12,000) exceededevaluations]
org.apache.commons.math3.exception.TooManyEvaluationsException: illegal statemaximal count (12,000) exceededevaluations    at org.apache.commons.math3.optimization.direct.BaseAbstractMultivariateOptimizer.computeObjectiveValue(BaseAbstractMultivariateOptimizer.java:97)
    at org.apache.commons.math3.optimization.direct.BOBYQAOptimizer.bobyqb(BOBYQAOptimizer.java:828)
    at org.apache.commons.math3.optimization.direct.BOBYQAOptimizer.bobyqa(BOBYQAOptimizer.java:334)
    at org.apache.commons.math3.optimization.direct.BOBYQAOptimizer.doOptimize(BOBYQAOptimizer.java:246)
    at org.apache.commons.math3.optimization.direct.BaseAbstractMultivariateOptimizer.optimize(BaseAbstractMultivariateOptimizer.java:126)
    at org.apache.commons.math3.optimization.direct.BaseAbstractMultivariateSimpleBoundsOptimizer.optimize(BaseAbstractMultivariateSimpleBoundsOptimizer.java:139)

org.apache.commons.math3.exception.MaxCountExceededException: illegal state: maximal count (100) exceeded
    at org.apache.commons.math3.optimization.linear.AbstractLinearOptimizer.incrementIterationsCounter(AbstractLinearOptimizer.java:128)
    at org.apache.commons.math3.optimization.linear.SimplexSolver.doIteration(SimplexSolver.java:161)
    at org.apache.commons.math3.optimization.linear.SimplexSolver.doOptimize(SimplexSolver.java:223)
    at org.apache.commons.math3.optimization.linear.AbstractLinearOptimizer.optimize(AbstractLinearOptimizer.java:147)
    at org.apache.commons.math3.optimization.linear.SimplexSolverTest.testMath828Cycle(SimplexSolverTest.java:70)
    at sun.reflect.NativeMethodAccessorImpl.invoke0(Native Method)
09:09:49.907 [pool-18-thread-1] INFO  f.i.l.c.t.SpecificationTestCasesListener - Tests run finished (6 ms)
<> Total tests run: 1
<> Ignored tests: 0
<> Failed tests: 1
~ testMath828Cycle(org.apache.commons.math3.optimization.linear.SimplexSolverTest)
[illegal state: maximal count (100) exceeded]
org.apache.commons.math3.exception.MaxCountExceededException: illegal state: maximal count (100) exceeded    at org.apache.commons.math3.optimization.linear.AbstractLinearOptimizer.incrementIterationsCounter(AbstractLinearOptimizer.java:128)
    at org.apache.commons.math3.optimization.linear.SimplexSolver.doIteration(SimplexSolver.java:161)
    at org.apache.commons.math3.optimization.linear.SimplexSolver.doOptimize(SimplexSolver.java:223)
    at org.apache.commons.math3.optimization.linear.AbstractLinearOptimizer.optimize(AbstractLinearOptimizer.java:147)
    at org.apache.commons.math3.optimization.linear.SimplexSolverTest.testMath828Cycle(SimplexSolverTest.java:70)
    at sun.reflect.NativeMethodAccessorImpl.invoke0(Native Method)

java.lang.AssertionError: expected:<0.0> but was:<1.047765607609108E-8>
    at org.junit.Assert.fail(Assert.java:88)
    at org.junit.Assert.failNotEquals(Assert.java:743)
    at org.junit.Assert.assertEquals(Assert.java:494)
    at org.apache.commons.math3.optimization.direct.BOBYQAOptimizerTest.doTest(BOBYQAOptimizerTest.java:326)
    at org.apache.commons.math3.optimization.direct.BOBYQAOptimizerTest.doTest(BOBYQAOptimizerTest.java:276)
    at org.apache.commons.math3.optimization.direct.BOBYQAOptimizerTest.testAckley(BOBYQAOptimizerTest.java:205)
09:09:49.973 [pool-19-thread-1] INFO  f.i.l.c.t.SpecificationTestCasesListener - Tests run finished (65 ms)
<> Total tests run: 1
<> Ignored tests: 0
<> Failed tests: 1
~ testAckley(org.apache.commons.math3.optimization.direct.BOBYQAOptimizerTest)
[expected:<0.0> but was:<1.047765607609108E-8>]
java.lang.AssertionError: expected:<0.0> but was:<1.047765607609108E-8>    at org.junit.Assert.fail(Assert.java:88)
    at org.junit.Assert.failNotEquals(Assert.java:743)
    at org.junit.Assert.assertEquals(Assert.java:494)
    at org.apache.commons.math3.optimization.direct.BOBYQAOptimizerTest.doTest(BOBYQAOptimizerTest.java:326)
    at org.apache.commons.math3.optimization.direct.BOBYQAOptimizerTest.doTest(BOBYQAOptimizerTest.java:276)
    at org.apache.commons.math3.optimization.direct.BOBYQAOptimizerTest.testAckley(BOBYQAOptimizerTest.java:205)

org.apache.commons.math3.exception.TooManyEvaluationsException: illegal state: maximal count (12,000) exceeded: evaluations
    at org.apache.commons.math3.optimization.direct.BaseAbstractMultivariateOptimizer.computeObjectiveValue(BaseAbstractMultivariateOptimizer.java:97)
    at org.apache.commons.math3.optimization.direct.BOBYQAOptimizer.bobyqb(BOBYQAOptimizer.java:828)
    at org.apache.commons.math3.optimization.direct.BOBYQAOptimizer.bobyqa(BOBYQAOptimizer.java:334)
    at org.apache.commons.math3.optimization.direct.BOBYQAOptimizer.doOptimize(BOBYQAOptimizer.java:246)
    at org.apache.commons.math3.optimization.direct.BaseAbstractMultivariateOptimizer.optimize(BaseAbstractMultivariateOptimizer.java:126)
    at org.apache.commons.math3.optimization.direct.BaseAbstractMultivariateSimpleBoundsOptimizer.optimize(BaseAbstractMultivariateSimpleBoundsOptimizer.java:139)
09:09:51.496 [pool-20-thread-1] INFO  f.i.l.c.t.SpecificationTestCasesListener - Tests run finished (1520 ms)
<> Total tests run: 1
<> Ignored tests: 0
<> Failed tests: 1
~ testDiffPow(org.apache.commons.math3.optimization.direct.BOBYQAOptimizerTest)
[illegal state: maximal count (12,000) exceeded: evaluations]
org.apache.commons.math3.exception.TooManyEvaluationsException: illegal state: maximal count (12,000) exceeded: evaluations    at org.apache.commons.math3.optimization.direct.BaseAbstractMultivariateOptimizer.computeObjectiveValue(BaseAbstractMultivariateOptimizer.java:97)
    at org.apache.commons.math3.optimization.direct.BOBYQAOptimizer.bobyqb(BOBYQAOptimizer.java:828)
    at org.apache.commons.math3.optimization.direct.BOBYQAOptimizer.bobyqa(BOBYQAOptimizer.java:334)
    at org.apache.commons.math3.optimization.direct.BOBYQAOptimizer.doOptimize(BOBYQAOptimizer.java:246)
    at org.apache.commons.math3.optimization.direct.BaseAbstractMultivariateOptimizer.optimize(BaseAbstractMultivariateOptimizer.java:126)
    at org.apache.commons.math3.optimization.direct.BaseAbstractMultivariateSimpleBoundsOptimizer.optimize(BaseAbstractMultivariateSimpleBoundsOptimizer.java:139)

09:09:51.497 [pool-13-thread-1] DEBUG tests.output - Failing tests with false: 
[testMath828Cycle(org.apache.commons.math3.optimization.linear.SimplexSolverTest): illegal state: maximal count (100) exceeded, testAckley(org.apache.commons.math3.optimization.direct.BOBYQAOptimizerTest): expected:<0.0> but was:<1.047765607609108E-8>, testDiffPow(org.apache.commons.math3.optimization.direct.BOBYQAOptimizerTest): illegal state: maximal count (12,000) exceeded: evaluations]
09:09:51.498 [pool-13-thread-1] DEBUG tests.output - Failing tests with true: 
[testMath828Cycle(org.apache.commons.math3.optimization.linear.SimplexSolverTest): illegal state: maximal count (100) exceeded, testAckley(org.apache.commons.math3.optimization.direct.BOBYQAOptimizerTest): expected:<0.0> but was:<1.047765607609108E-8>, testDiffPow(org.apache.commons.math3.optimization.direct.BOBYQAOptimizerTest): illegal state: maximal count (12,000) exceeded: evaluations]
09:09:51.498 [pool-13-thread-1] INFO  f.i.l.r.n.synth.SMTNopolSynthesizer - Not enough specifications: 0. A trivial patch is "true" or "false", please write new tests specifying SourceLocation org.apache.commons.math3.exception.util.ExceptionContext:182.
09:09:51.498 [pool-2-thread-1] DEBUG fr.inria.lille.repair.nopol.NoPol - statement #7
09:09:51.498 [pool-2-thread-1] DEBUG fr.inria.lille.repair.nopol.NoPol - Analysing SourceLocation org.apache.commons.math3.optimization.direct.BOBYQAOptimizer:2067 which is executed by 5 tests
283261218
09:09:51.693 [pool-2-thread-1] DEBUG fr.inria.lille.repair.nopol.NoPol - looking with class fr.inria.lille.repair.nopol.spoon.smt.ConditionalAdder
java.lang.AssertionError: expected:<0.0> but was:<1.047765607609108E-8>
    at org.junit.Assert.fail(Assert.java:88)
    at org.junit.Assert.failNotEquals(Assert.java:743)
    at org.junit.Assert.assertEquals(Assert.java:494)
    at org.apache.commons.math3.optimization.direct.BOBYQAOptimizerTest.doTest(BOBYQAOptimizerTest.java:326)
    at org.apache.commons.math3.optimization.direct.BOBYQAOptimizerTest.doTest(BOBYQAOptimizerTest.java:276)
    at org.apache.commons.math3.optimization.direct.BOBYQAOptimizerTest.testAckley(BOBYQAOptimizerTest.java:205)
org.apache.commons.math3.exception.TooManyEvaluationsException: illegal state: maximal count (12,000) exceeded: evaluations
    at org.apache.commons.math3.optimization.direct.BaseAbstractMultivariateOptimizer.computeObjectiveValue(BaseAbstractMultivariateOptimizer.java:97)
    at org.apache.commons.math3.optimization.direct.BOBYQAOptimizer.bobyqb(BOBYQAOptimizer.java:828)
    at org.apache.commons.math3.optimization.direct.BOBYQAOptimizer.bobyqa(BOBYQAOptimizer.java:334)
    at org.apache.commons.math3.optimization.direct.BOBYQAOptimizer.doOptimize(BOBYQAOptimizer.java:246)
    at org.apache.commons.math3.optimization.direct.BaseAbstractMultivariateOptimizer.optimize(BaseAbstractMultivariateOptimizer.java:126)
    at org.apache.commons.math3.optimization.direct.BaseAbstractMultivariateSimpleBoundsOptimizer.optimize(BaseAbstractMultivariateSimpleBoundsOptimizer.java:139)
java.lang.AssertionError: expected:<0.0> but was:<1.047765607609108E-8>
    at org.junit.Assert.fail(Assert.java:88)
    at org.junit.Assert.failNotEquals(Assert.java:743)
    at org.junit.Assert.assertEquals(Assert.java:494)
    at org.apache.commons.math3.optimization.direct.BOBYQAOptimizerTest.doTest(BOBYQAOptimizerTest.java:326)
    at org.apache.commons.math3.optimization.direct.BOBYQAOptimizerTest.doTest(BOBYQAOptimizerTest.java:276)
    at org.apache.commons.math3.optimization.direct.BOBYQAOptimizerTest.testAckley(BOBYQAOptimizerTest.java:205)
org.apache.commons.math3.exception.TooManyEvaluationsException: illegal state: maximal count (12,000) exceeded: evaluations
    at org.apache.commons.math3.optimization.direct.BaseAbstractMultivariateOptimizer.computeObjectiveValue(BaseAbstractMultivariateOptimizer.java:97)
    at org.apache.commons.math3.optimization.direct.BOBYQAOptimizer.bobyqb(BOBYQAOptimizer.java:828)
    at org.apache.commons.math3.optimization.direct.BOBYQAOptimizer.bobyqa(BOBYQAOptimizer.java:334)
    at org.apache.commons.math3.optimization.direct.BOBYQAOptimizer.doOptimize(BOBYQAOptimizer.java:246)
    at org.apache.commons.math3.optimization.direct.BaseAbstractMultivariateOptimizer.optimize(BaseAbstractMultivariateOptimizer.java:126)
    at org.apache.commons.math3.optimization.direct.BaseAbstractMultivariateSimpleBoundsOptimizer.optimize(BaseAbstractMultivariateSimpleBoundsOptimizer.java:139)
09:10:36.560 [pool-22-thread-1] INFO  xxl.java.junit.TestCasesListener - Tests run finished (44861 ms)
<> Total tests run: 38
<> Ignored tests: 0
<> Failed tests: 4
~ testAckley(org.apache.commons.math3.optimization.direct.BOBYQAOptimizerTest)
[expected:<0.0> but was:<1.047765607609108E-8>]
java.lang.AssertionError: expected:<0.0> but was:<1.047765607609108E-8>    at org.junit.Assert.fail(Assert.java:88)
    at org.junit.Assert.failNotEquals(Assert.java:743)
    at org.junit.Assert.assertEquals(Assert.java:494)
    at org.apache.commons.math3.optimization.direct.BOBYQAOptimizerTest.doTest(BOBYQAOptimizerTest.java:326)
    at org.apache.commons.math3.optimization.direct.BOBYQAOptimizerTest.doTest(BOBYQAOptimizerTest.java:276)
    at org.apache.commons.math3.optimization.direct.BOBYQAOptimizerTest.testAckley(BOBYQAOptimizerTest.java:205)
~ testDiffPow(org.apache.commons.math3.optimization.direct.BOBYQAOptimizerTest)
[illegal state: maximal count (12,000) exceeded: evaluations]
org.apache.commons.math3.exception.TooManyEvaluationsException: illegal state: maximal count (12,000) exceeded: evaluations    at org.apache.commons.math3.optimization.direct.BaseAbstractMultivariateOptimizer.computeObjectiveValue(BaseAbstractMultivariateOptimizer.java:97)
    at org.apache.commons.math3.optimization.direct.BOBYQAOptimizer.bobyqb(BOBYQAOptimizer.java:828)
    at org.apache.commons.math3.optimization.direct.BOBYQAOptimizer.bobyqa(BOBYQAOptimizer.java:334)
    at org.apache.commons.math3.optimization.direct.BOBYQAOptimizer.doOptimize(BOBYQAOptimizer.java:246)
    at org.apache.commons.math3.optimization.direct.BaseAbstractMultivariateOptimizer.optimize(BaseAbstractMultivariateOptimizer.java:126)
    at org.apache.commons.math3.optimization.direct.BaseAbstractMultivariateSimpleBoundsOptimizer.optimize(BaseAbstractMultivariateSimpleBoundsOptimizer.java:139)
~ testAckley(org.apache.commons.math3.optimization.direct.BOBYQAOptimizerTest)
[expected:<0.0> but was:<1.047765607609108E-8>]
java.lang.AssertionError: expected:<0.0> but was:<1.047765607609108E-8>    at org.junit.Assert.fail(Assert.java:88)
    at org.junit.Assert.failNotEquals(Assert.java:743)
    at org.junit.Assert.assertEquals(Assert.java:494)
    at org.apache.commons.math3.optimization.direct.BOBYQAOptimizerTest.doTest(BOBYQAOptimizerTest.java:326)
    at org.apache.commons.math3.optimization.direct.BOBYQAOptimizerTest.doTest(BOBYQAOptimizerTest.java:276)
    at org.apache.commons.math3.optimization.direct.BOBYQAOptimizerTest.testAckley(BOBYQAOptimizerTest.java:205)
~ testDiffPow(org.apache.commons.math3.optimization.direct.BOBYQAOptimizerTest)
[illegal state: maximal count (12,000) exceeded: evaluations]
org.apache.commons.math3.exception.TooManyEvaluationsException: illegal state: maximal count (12,000) exceeded: evaluations    at org.apache.commons.math3.optimization.direct.BaseAbstractMultivariateOptimizer.computeObjectiveValue(BaseAbstractMultivariateOptimizer.java:97)
    at org.apache.commons.math3.optimization.direct.BOBYQAOptimizer.bobyqb(BOBYQAOptimizer.java:828)
    at org.apache.commons.math3.optimization.direct.BOBYQAOptimizer.bobyqa(BOBYQAOptimizer.java:334)
    at org.apache.commons.math3.optimization.direct.BOBYQAOptimizer.doOptimize(BOBYQAOptimizer.java:246)
    at org.apache.commons.math3.optimization.direct.BaseAbstractMultivariateOptimizer.optimize(BaseAbstractMultivariateOptimizer.java:126)
    at org.apache.commons.math3.optimization.direct.BaseAbstractMultivariateSimpleBoundsOptimizer.optimize(BaseAbstractMultivariateSimpleBoundsOptimizer.java:139)

java.lang.OutOfMemoryError: GC overhead limit exceeded
    at xxl.java.container.various.Pair.from(Pair.java:10)
    at fr.inria.lille.commons.trace.collector.PrimitiveTypeCollector.collectedValues(PrimitiveTypeCollector.java:13)
    at fr.inria.lille.commons.trace.collector.ValueCollector.collectWith(ValueCollector.java:29)
    at fr.inria.lille.commons.trace.collector.ValueCollector.collectFrom(ValueCollector.java:17)
    at fr.inria.lille.commons.trace.RuntimeValues.collectInput(RuntimeValues.java:81)
    at org.apache.commons.math3.optimization.direct.BOBYQAOptimizer.trsbox(BOBYQAOptimizer.java:1437)
09:13:15.484 [pool-2-thread-1] ERROR fr.inria.lille.repair.nopol.NoPol - Error ExecutionException java.util.concurrent.ExecutionException: java.lang.RuntimeException: java.util.concurrent.ExecutionException: java.lang.RuntimeException: java.lang.OutOfMemoryError: GC overhead limit exceeded
09:13:15.485 [pool-2-thread-1] DEBUG fr.inria.lille.repair.nopol.NoPol - statement #8
09:13:19.113 [pool-2-thread-1] DEBUG fr.inria.lille.repair.nopol.NoPol - Analysing SourceLocation org.apache.commons.math3.exception.util.ExceptionContext:128 which is executed by 6 tests
java.util.concurrent.ExecutionException: java.lang.OutOfMemoryError: GC overhead limit exceeded
	at java.util.concurrent.FutureTask.report(FutureTask.java:122)
	at java.util.concurrent.FutureTask.get(FutureTask.java:206)
	at fr.inria.lille.repair.Main.main(Main.java:106)
Caused by: java.lang.OutOfMemoryError: GC overhead limit exceeded
	at java.io.UnixFileSystem.list(Native Method)
	at java.io.File.list(File.java:1122)
	at java.io.File.listFiles(File.java:1207)
	at spoon.support.compiler.FileSystemFolder.getSubFolders(FileSystemFolder.java:85)
	at spoon.support.compiler.FileSystemFolder.getAllJavaFiles(FileSystemFolder.java:113)
	at spoon.support.compiler.FileSystemFolder.getAllJavaFiles(FileSystemFolder.java:114)
	at spoon.support.compiler.FileSystemFolder.getAllJavaFiles(FileSystemFolder.java:114)
	at spoon.support.compiler.FileSystemFolder.getAllJavaFiles(FileSystemFolder.java:114)
	at spoon.support.compiler.FileSystemFolder.getAllJavaFiles(FileSystemFolder.java:114)
	at spoon.support.compiler.FileSystemFolder.getAllJavaFiles(FileSystemFolder.java:114)
	at spoon.support.compiler.FileSystemFolder.getAllJavaFiles(FileSystemFolder.java:114)
	at spoon.support.StandardEnvironment.verifySourceClasspath(StandardEnvironment.java:444)
	at spoon.support.StandardEnvironment.setSourceClasspath(StandardEnvironment.java:428)
	at spoon.support.compiler.jdt.JDTBasedSpoonCompiler.setSourceClasspath(JDTBasedSpoonCompiler.java:321)
	at fr.inria.lille.commons.spoon.util.SpoonModelLibrary.modelFor(SpoonModelLibrary.java:47)
	at fr.inria.lille.commons.spoon.SpoonedFile.<init>(SpoonedFile.java:61)
	at fr.inria.lille.commons.spoon.SpoonedClass.<init>(SpoonedClass.java:14)
	at fr.inria.lille.commons.spoon.SpoonedProject.forked(SpoonedProject.java:47)
	at fr.inria.lille.repair.nopol.NoPol.runOnStatement(NoPol.java:222)
	at fr.inria.lille.repair.nopol.NoPol.solveWithMultipleBuild(NoPol.java:213)
	at fr.inria.lille.repair.nopol.NoPol.build(NoPol.java:154)
	at fr.inria.lille.repair.Main$1.call(Main.java:101)
	at java.util.concurrent.FutureTask.run(FutureTask.java:266)
	at java.util.concurrent.ThreadPoolExecutor.runWorker(ThreadPoolExecutor.java:1149)
	at java.util.concurrent.ThreadPoolExecutor$Worker.run(ThreadPoolExecutor.java:624)
	at java.lang.Thread.run(Thread.java:748)

Usage: java -jar nopol.jar
                          [(-m|--mode) <repair|ranking>] (-e|--type) <condition|precondition|pre_then_cond|loop|arithmetic> [(-o|--oracle) <angelic|symbolic>] [(-y|--synthesis) <smt|dynamoth>] [(-l|--solver) <z3|cvc4>] [(-p|--solver-path) <solverPath>] (-s|--source) source1:source2:...:sourceN  (-c|--classpath) <classpath> [(-t|--test) test1:test2:...:testN ] [--complianceLevel <complianceLevel>] [--maxTime <maxTime>] [--maxTimeType <maxTimeType>] [(-z|--flocal) < cocospoon|dumb|gzoltar>] [--output <outputFolder>] [--json[:<outputJson>]]

  [(-m|--mode) <repair|ranking>]
        Define the mode of execution. (default: repair)

  (-e|--type) <condition|precondition|pre_then_cond|loop|arithmetic>
        The repair type (example fixing only conditions, or adding
        precondition). REQUIRED OPTION (default: condition)

  [(-o|--oracle) <angelic|symbolic>]
        Define the oracle (only used with repair mode). (default: angelic)

  [(-y|--synthesis) <smt|dynamoth>]
        Define the patch synthesis. (default: smt)

  [(-l|--solver) <z3|cvc4>]
        Define the solver (only used with smt synthesis). (default: z3)

  [(-p|--solver-path) <solverPath>]
        Define the solver binary path (only used with smt synthesis).

  (-s|--source) source1:source2:...:sourceN 
        Define the path to the source code of the project.

  (-c|--classpath) <classpath>
        Define the classpath of the project.

  [(-t|--test) test1:test2:...:testN ]
        Define the tests of the project (both failing and passing),
        fully-qualified, separated with ':' (even if the classpath contains
        other tests, only those are considered.

  [--complianceLevel <complianceLevel>]
        The compliance level of the project. (default: 7)

  [--maxTime <maxTime>]
        The maximum time execution in minute for the whole execution of
        Nopol.(default: 10)

  [--maxTimeType <maxTimeType>]
        The maximum time execution in minute for one type of patch. (default: 5)

  [(-z|--flocal) < cocospoon|dumb|gzoltar>]
        Define the fault localizer to be used. (default: gzoltar)

  [--output <outputFolder>]
        Define the location where the patches will be saved. (default: .)

  [--json[:<outputJson>]]
        Output a json file in the current working directory.

Command exited with non-zero status 255
2045.80user 5.90system 16:57.23elapsed 201%CPU (0avgtext+0avgdata 4627416maxresident)k
39592inputs+7128outputs (3major+1624750minor)pagefaults 0swaps


Node: graphene-29.nancy.grid5000.fr



Date: Sat Dec 29 09:13:33 EST 2018

