cd /tmp/DynaMoth_Defects4J_Chart_18;
export JAVA_TOOL_OPTIONS="-Dfile.encoding=UTF8 -Duser.language=en-US -Duser.country=US -Duser.language=en";
TZ="America/New_York"; export TZ;
export PATH="/usr/lib/jvm/java-1.8.0-openjdk-amd64/bin/:$PATH";
export JAVA_HOME="/usr/lib/jvm/java-1.8.0-openjdk-amd64/bin/";
time java -d64 -Xmx4g -Xms1g -XX:MaxPermSize=1024m -XX:+UseConcMarkSweepGC -XX:+CMSClassUnloadingEnabled -XX:+CMSClassUnloadingEnabled -cp /home/tdurieux/defects4j4repair/script/../repair_tools/nopol.jar:/usr/lib/jvm/java-1.8.0-openjdk-amd64/bin//../lib/tools.jar fr.inria.lille.repair.Main \
	--mode repair \
	--type pre_then_cond \
	--oracle angelic \
	--synthesis dynamoth \
	--flocal gzoltar \
	--json \
	--solver z3 \
	--solver-path /home/tdurieux/defects4j4repair/script/../libs/z3/build/z3 \
	--complianceLevel 4 \
	--source source/ \
	--classpath "build/:build-tests/:/tmp/DynaMoth_Defects4J_Chart_18/build/:/tmp/DynaMoth_Defects4J_Chart_18/build-tests/:/tmp/DynaMoth_Defects4J_Chart_18/lib/junit.jar:/tmp/DynaMoth_Defects4J_Chart_18/lib/itext-2.0.6.jar:/tmp/DynaMoth_Defects4J_Chart_18/lib/servlet.jar:/home/tdurieux/defects4j4repair/script/../benchmarks/defects4j/framework/projects/lib/junit-4.11.jar:/home/tdurieux/defects4j4repair/script/../repair_tools/nopol.jar";
	echo "\n\nNode: `hostname`\n";
	echo "\n\nDate: `date`\n";
Picked up JAVA_TOOL_OPTIONS: -Dfile.encoding=UTF8 -Duser.language=en-US -Duser.country=US -Duser.language=en
OpenJDK 64-Bit Server VM warning: ignoring option MaxPermSize=1024m; support was removed in 8.0
16:07:49.366 [main] INFO  fr.inria.lille.repair.nopol.NoPol - Source files: [source]
16:07:49.368 [main] INFO  fr.inria.lille.repair.nopol.NoPol - Classpath: [file:/tmp/DynaMoth_Defects4J_Chart_18/build/, file:/tmp/DynaMoth_Defects4J_Chart_18/build-tests/, file:/tmp/DynaMoth_Defects4J_Chart_18/build/, file:/tmp/DynaMoth_Defects4J_Chart_18/build-tests/, file:/tmp/DynaMoth_Defects4J_Chart_18/lib/junit.jar, file:/tmp/DynaMoth_Defects4J_Chart_18/lib/itext-2.0.6.jar, file:/tmp/DynaMoth_Defects4J_Chart_18/lib/servlet.jar, file:/home/tdurieux/defects4j4repair/script/../benchmarks/defects4j/framework/projects/lib/junit-4.11.jar, file:/home/tdurieux/defects4j4repair/script/../repair_tools/nopol.jar]
16:07:49.368 [main] INFO  fr.inria.lille.repair.nopol.NoPol - Statement type: PRE_THEN_COND
16:07:49.369 [main] INFO  fr.inria.lille.repair.nopol.NoPol - Args: [org.jfree.chart.annotations.junit.AnnotationsPackageTests, org.jfree.chart.annotations.junit.AnnotationsPackageTests, org.jfree.chart.annotations.junit.CategoryLineAnnotationTests, org.jfree.chart.annotations.junit.CategoryLineAnnotationTests, org.jfree.chart.annotations.junit.CategoryPointerAnnotationTests, org.jfree.chart.annotations.junit.CategoryPointerAnnotationTests, org.jfree.chart.annotations.junit.CategoryTextAnnotationTests, org.jfree.chart.annotations.junit.CategoryTextAnnotationTests, org.jfree.chart.annotations.junit.TextAnnotationTests, org.jfree.chart.annotations.junit.TextAnnotationTests, org.jfree.chart.annotations.junit.XYBoxAnnotationTests, org.jfree.chart.annotations.junit.XYBoxAnnotationTests, org.jfree.chart.annotations.junit.XYDrawableAnnotationTests, org.jfree.chart.annotations.junit.XYDrawableAnnotationTests, org.jfree.chart.annotations.junit.XYImageAnnotationTests, org.jfree.chart.annotations.junit.XYImageAnnotationTests, org.jfree.chart.annotations.junit.XYLineAnnotationTests, org.jfree.chart.annotations.junit.XYLineAnnotationTests, org.jfree.chart.annotations.junit.XYPointerAnnotationTests, org.jfree.chart.annotations.junit.XYPointerAnnotationTests, org.jfree.chart.annotations.junit.XYPolygonAnnotationTests, org.jfree.chart.annotations.junit.XYPolygonAnnotationTests, org.jfree.chart.annotations.junit.XYShapeAnnotationTests, org.jfree.chart.annotations.junit.XYShapeAnnotationTests, org.jfree.chart.annotations.junit.XYTextAnnotationTests, org.jfree.chart.annotations.junit.XYTextAnnotationTests, org.jfree.chart.axis.junit.AxisLocationTests, org.jfree.chart.axis.junit.AxisLocationTests, org.jfree.chart.axis.junit.AxisPackageTests, org.jfree.chart.axis.junit.AxisPackageTests, org.jfree.chart.axis.junit.AxisSpaceTests, org.jfree.chart.axis.junit.AxisSpaceTests, org.jfree.chart.axis.junit.AxisTests, org.jfree.chart.axis.junit.AxisTests, org.jfree.chart.axis.junit.CategoryAnchorTests, org.jfree.chart.axis.junit.CategoryAnchorTests, org.jfree.chart.axis.junit.CategoryAxis3DTests, org.jfree.chart.axis.junit.CategoryAxis3DTests, org.jfree.chart.axis.junit.CategoryAxisTests, org.jfree.chart.axis.junit.CategoryAxisTests, org.jfree.chart.axis.junit.CategoryLabelPositionTests, org.jfree.chart.axis.junit.CategoryLabelPositionTests, org.jfree.chart.axis.junit.CategoryLabelPositionsTests, org.jfree.chart.axis.junit.CategoryLabelPositionsTests, org.jfree.chart.axis.junit.CategoryLabelWidthTypeTests, org.jfree.chart.axis.junit.CategoryLabelWidthTypeTests, org.jfree.chart.axis.junit.CategoryTickTests, org.jfree.chart.axis.junit.CategoryTickTests, org.jfree.chart.axis.junit.CyclicNumberAxisTests, org.jfree.chart.axis.junit.CyclicNumberAxisTests, org.jfree.chart.axis.junit.DateAxisTests, org.jfree.chart.axis.junit.DateAxisTests, org.jfree.chart.axis.junit.DateTickMarkPositionTests, org.jfree.chart.axis.junit.DateTickMarkPositionTests, org.jfree.chart.axis.junit.DateTickTests, org.jfree.chart.axis.junit.DateTickTests, org.jfree.chart.axis.junit.DateTickUnitTests, org.jfree.chart.axis.junit.DateTickUnitTests, org.jfree.chart.axis.junit.ExtendedCategoryAxisTests, org.jfree.chart.axis.junit.ExtendedCategoryAxisTests, org.jfree.chart.axis.junit.LogAxisTests, org.jfree.chart.axis.junit.LogAxisTests, org.jfree.chart.axis.junit.LogarithmicAxisTests, org.jfree.chart.axis.junit.LogarithmicAxisTests, org.jfree.chart.axis.junit.MarkerAxisBandTests, org.jfree.chart.axis.junit.MarkerAxisBandTests, org.jfree.chart.axis.junit.MonthDateFormatTests, org.jfree.chart.axis.junit.MonthDateFormatTests, org.jfree.chart.axis.junit.NumberAxis3DTests, org.jfree.chart.axis.junit.NumberAxis3DTests, org.jfree.chart.axis.junit.NumberAxisTests, org.jfree.chart.axis.junit.NumberAxisTests, org.jfree.chart.axis.junit.NumberTickUnitTests, org.jfree.chart.axis.junit.NumberTickUnitTests, org.jfree.chart.axis.junit.PeriodAxisLabelInfoTests, org.jfree.chart.axis.junit.PeriodAxisLabelInfoTests, org.jfree.chart.axis.junit.PeriodAxisTests, org.jfree.chart.axis.junit.PeriodAxisTests, org.jfree.chart.axis.junit.QuarterDateFormatTests, org.jfree.chart.axis.junit.QuarterDateFormatTests, org.jfree.chart.axis.junit.SegmentedTimelineTests, org.jfree.chart.axis.junit.SegmentedTimelineTests, org.jfree.chart.axis.junit.SegmentedTimelineTests2, org.jfree.chart.axis.junit.SegmentedTimelineTests2, org.jfree.chart.axis.junit.StandardTickUnitSourceTests, org.jfree.chart.axis.junit.StandardTickUnitSourceTests, org.jfree.chart.axis.junit.SubCategoryAxisTests, org.jfree.chart.axis.junit.SubCategoryAxisTests, org.jfree.chart.axis.junit.SymbolAxisTests, org.jfree.chart.axis.junit.SymbolAxisTests, org.jfree.chart.axis.junit.TickUnitsTests, org.jfree.chart.axis.junit.TickUnitsTests, org.jfree.chart.axis.junit.ValueAxisTests, org.jfree.chart.axis.junit.ValueAxisTests, org.jfree.chart.block.junit.AbstractBlockTests, org.jfree.chart.block.junit.AbstractBlockTests, org.jfree.chart.block.junit.BlockBorderTests, org.jfree.chart.block.junit.BlockBorderTests, org.jfree.chart.block.junit.BlockContainerTests, org.jfree.chart.block.junit.BlockContainerTests, org.jfree.chart.block.junit.BlockPackageTests, org.jfree.chart.block.junit.BlockPackageTests, org.jfree.chart.block.junit.BorderArrangementTests, org.jfree.chart.block.junit.BorderArrangementTests, org.jfree.chart.block.junit.ColorBlockTests, org.jfree.chart.block.junit.ColorBlockTests, org.jfree.chart.block.junit.ColumnArrangementTests, org.jfree.chart.block.junit.ColumnArrangementTests, org.jfree.chart.block.junit.EmptyBlockTests, org.jfree.chart.block.junit.EmptyBlockTests, org.jfree.chart.block.junit.FlowArrangementTests, org.jfree.chart.block.junit.FlowArrangementTests, org.jfree.chart.block.junit.GridArrangementTests, org.jfree.chart.block.junit.GridArrangementTests, org.jfree.chart.block.junit.LabelBlockTests, org.jfree.chart.block.junit.LabelBlockTests, org.jfree.chart.block.junit.LineBorderTests, org.jfree.chart.block.junit.LineBorderTests, org.jfree.chart.block.junit.RectangleConstraintTests, org.jfree.chart.block.junit.RectangleConstraintTests, org.jfree.chart.entity.junit.CategoryItemEntityTests, org.jfree.chart.entity.junit.CategoryItemEntityTests, org.jfree.chart.entity.junit.EntityPackageTests, org.jfree.chart.entity.junit.EntityPackageTests, org.jfree.chart.entity.junit.LegendItemEntityTests, org.jfree.chart.entity.junit.LegendItemEntityTests, org.jfree.chart.entity.junit.PieSectionEntityTests, org.jfree.chart.entity.junit.PieSectionEntityTests, org.jfree.chart.entity.junit.StandardEntityCollectionTests, org.jfree.chart.entity.junit.StandardEntityCollectionTests, org.jfree.chart.entity.junit.TickLabelEntityTests, org.jfree.chart.entity.junit.TickLabelEntityTests, org.jfree.chart.entity.junit.XYItemEntityTests, org.jfree.chart.entity.junit.XYItemEntityTests, org.jfree.chart.junit.AreaChartTests, org.jfree.chart.junit.AreaChartTests, org.jfree.chart.junit.BarChart3DTests, org.jfree.chart.junit.BarChart3DTests, org.jfree.chart.junit.BarChartTests, org.jfree.chart.junit.BarChartTests, org.jfree.chart.junit.ChartPackageTests, org.jfree.chart.junit.ChartPackageTests, org.jfree.chart.junit.ChartPanelTests, org.jfree.chart.junit.ChartPanelTests, org.jfree.chart.junit.ChartRenderingInfoTests, org.jfree.chart.junit.ChartRenderingInfoTests, org.jfree.chart.junit.GanttChartTests, org.jfree.chart.junit.GanttChartTests, org.jfree.chart.junit.HashUtilitiesTests, org.jfree.chart.junit.HashUtilitiesTests, org.jfree.chart.junit.JFreeChartTests, org.jfree.chart.junit.JFreeChartTests, org.jfree.chart.junit.LegendItemCollectionTests, org.jfree.chart.junit.LegendItemCollectionTests, org.jfree.chart.junit.LegendItemTests, org.jfree.chart.junit.LegendItemTests, org.jfree.chart.junit.LineChart3DTests, org.jfree.chart.junit.LineChart3DTests, org.jfree.chart.junit.LineChartTests, org.jfree.chart.junit.LineChartTests, org.jfree.chart.junit.MeterChartTests, org.jfree.chart.junit.MeterChartTests, org.jfree.chart.junit.PaintMapTests, org.jfree.chart.junit.PaintMapTests, org.jfree.chart.junit.PieChart3DTests, org.jfree.chart.junit.PieChart3DTests, org.jfree.chart.junit.PieChartTests, org.jfree.chart.junit.PieChartTests, org.jfree.chart.junit.ScatterPlotTests, org.jfree.chart.junit.ScatterPlotTests, org.jfree.chart.junit.StackedAreaChartTests, org.jfree.chart.junit.StackedAreaChartTests, org.jfree.chart.junit.StackedBarChart3DTests, org.jfree.chart.junit.StackedBarChart3DTests, org.jfree.chart.junit.StackedBarChartTests, org.jfree.chart.junit.StackedBarChartTests, org.jfree.chart.junit.StrokeMapTests, org.jfree.chart.junit.StrokeMapTests, org.jfree.chart.junit.TimeSeriesChartTests, org.jfree.chart.junit.TimeSeriesChartTests, org.jfree.chart.junit.WaterfallChartTests, org.jfree.chart.junit.WaterfallChartTests, org.jfree.chart.junit.XYAreaChartTests, org.jfree.chart.junit.XYAreaChartTests, org.jfree.chart.junit.XYBarChartTests, org.jfree.chart.junit.XYBarChartTests, org.jfree.chart.junit.XYLineChartTests, org.jfree.chart.junit.XYLineChartTests, org.jfree.chart.junit.XYStepAreaChartTests, org.jfree.chart.junit.XYStepAreaChartTests, org.jfree.chart.junit.XYStepChartTests, org.jfree.chart.junit.XYStepChartTests, org.jfree.chart.labels.junit.BoxAndWhiskerToolTipGeneratorTests, org.jfree.chart.labels.junit.BoxAndWhiskerToolTipGeneratorTests, org.jfree.chart.labels.junit.BoxAndWhiskerXYToolTipGeneratorTests, org.jfree.chart.labels.junit.BoxAndWhiskerXYToolTipGeneratorTests, org.jfree.chart.labels.junit.BubbleXYItemLabelGeneratorTests, org.jfree.chart.labels.junit.BubbleXYItemLabelGeneratorTests, org.jfree.chart.labels.junit.CustomXYItemLabelGeneratorTests, org.jfree.chart.labels.junit.CustomXYItemLabelGeneratorTests, org.jfree.chart.labels.junit.HighLowItemLabelGeneratorTests, org.jfree.chart.labels.junit.HighLowItemLabelGeneratorTests, org.jfree.chart.labels.junit.IntervalCategoryLabelGeneratorTests, org.jfree.chart.labels.junit.IntervalCategoryLabelGeneratorTests, org.jfree.chart.labels.junit.ItemLabelAnchorTests, org.jfree.chart.labels.junit.ItemLabelAnchorTests, org.jfree.chart.labels.junit.ItemLabelPositionTests, org.jfree.chart.labels.junit.ItemLabelPositionTests, org.jfree.chart.labels.junit.LabelsPackageTests, org.jfree.chart.labels.junit.LabelsPackageTests, org.jfree.chart.labels.junit.MultipleXYSeriesLabelGeneratorTests, org.jfree.chart.labels.junit.MultipleXYSeriesLabelGeneratorTests, org.jfree.chart.labels.junit.StandardCategoryItemLabelGeneratorTests, org.jfree.chart.labels.junit.StandardCategoryItemLabelGeneratorTests, org.jfree.chart.labels.junit.StandardCategorySeriesLabelGeneratorTests, org.jfree.chart.labels.junit.StandardCategorySeriesLabelGeneratorTests, org.jfree.chart.labels.junit.StandardCategoryToolTipGeneratorTests, org.jfree.chart.labels.junit.StandardCategoryToolTipGeneratorTests, org.jfree.chart.labels.junit.StandardPieSectionLabelGeneratorTests, org.jfree.chart.labels.junit.StandardPieSectionLabelGeneratorTests, org.jfree.chart.labels.junit.StandardPieToolTipGeneratorTests, org.jfree.chart.labels.junit.StandardPieToolTipGeneratorTests, org.jfree.chart.labels.junit.StandardXYItemLabelGeneratorTests, org.jfree.chart.labels.junit.StandardXYItemLabelGeneratorTests, org.jfree.chart.labels.junit.StandardXYSeriesLabelGeneratorTests, org.jfree.chart.labels.junit.StandardXYSeriesLabelGeneratorTests, org.jfree.chart.labels.junit.StandardXYToolTipGeneratorTests, org.jfree.chart.labels.junit.StandardXYToolTipGeneratorTests, org.jfree.chart.labels.junit.StandardXYZToolTipGeneratorTests, org.jfree.chart.labels.junit.StandardXYZToolTipGeneratorTests, org.jfree.chart.labels.junit.SymbolicXYItemLabelGeneratorTests, org.jfree.chart.labels.junit.SymbolicXYItemLabelGeneratorTests, org.jfree.chart.needle.junit.ArrowNeedleTests, org.jfree.chart.needle.junit.ArrowNeedleTests, org.jfree.chart.needle.junit.LineNeedleTests, org.jfree.chart.needle.junit.LineNeedleTests, org.jfree.chart.needle.junit.LongNeedleTests, org.jfree.chart.needle.junit.LongNeedleTests, org.jfree.chart.needle.junit.MeterNeedleTests, org.jfree.chart.needle.junit.MeterNeedleTests, org.jfree.chart.needle.junit.MiddlePinNeedleTests, org.jfree.chart.needle.junit.MiddlePinNeedleTests, org.jfree.chart.needle.junit.NeedlePackageTests, org.jfree.chart.needle.junit.NeedlePackageTests, org.jfree.chart.needle.junit.PinNeedleTests, org.jfree.chart.needle.junit.PinNeedleTests, org.jfree.chart.needle.junit.PlumNeedleTests, org.jfree.chart.needle.junit.PlumNeedleTests, org.jfree.chart.needle.junit.PointerNeedleTests, org.jfree.chart.needle.junit.PointerNeedleTests, org.jfree.chart.needle.junit.ShipNeedleTests, org.jfree.chart.needle.junit.ShipNeedleTests, org.jfree.chart.needle.junit.WindNeedleTests, org.jfree.chart.needle.junit.WindNeedleTests, org.jfree.chart.plot.dial.junit.AbstractDialLayerTests, org.jfree.chart.plot.dial.junit.AbstractDialLayerTests, org.jfree.chart.plot.dial.junit.ArcDialFrameTests, org.jfree.chart.plot.dial.junit.ArcDialFrameTests, org.jfree.chart.plot.dial.junit.DialBackgroundTests, org.jfree.chart.plot.dial.junit.DialBackgroundTests, org.jfree.chart.plot.dial.junit.DialCapTests, org.jfree.chart.plot.dial.junit.DialCapTests, org.jfree.chart.plot.dial.junit.DialPackageTests, org.jfree.chart.plot.dial.junit.DialPackageTests, org.jfree.chart.plot.dial.junit.DialPlotTests, org.jfree.chart.plot.dial.junit.DialPlotTests, org.jfree.chart.plot.dial.junit.DialPointerTests, org.jfree.chart.plot.dial.junit.DialPointerTests, org.jfree.chart.plot.dial.junit.DialTextAnnotationTests, org.jfree.chart.plot.dial.junit.DialTextAnnotationTests, org.jfree.chart.plot.dial.junit.DialValueIndicatorTests, org.jfree.chart.plot.dial.junit.DialValueIndicatorTests, org.jfree.chart.plot.dial.junit.StandardDialFrameTests, org.jfree.chart.plot.dial.junit.StandardDialFrameTests, org.jfree.chart.plot.dial.junit.StandardDialRangeTests, org.jfree.chart.plot.dial.junit.StandardDialRangeTests, org.jfree.chart.plot.dial.junit.StandardDialScaleTests, org.jfree.chart.plot.dial.junit.StandardDialScaleTests, org.jfree.chart.plot.junit.CategoryMarkerTests, org.jfree.chart.plot.junit.CategoryMarkerTests, org.jfree.chart.plot.junit.CategoryPlotTests, org.jfree.chart.plot.junit.CategoryPlotTests, org.jfree.chart.plot.junit.CombinedDomainCategoryPlotTests, org.jfree.chart.plot.junit.CombinedDomainCategoryPlotTests, org.jfree.chart.plot.junit.CombinedDomainXYPlotTests, org.jfree.chart.plot.junit.CombinedDomainXYPlotTests, org.jfree.chart.plot.junit.CombinedRangeCategoryPlotTests, org.jfree.chart.plot.junit.CombinedRangeCategoryPlotTests, org.jfree.chart.plot.junit.CombinedRangeXYPlotTests, org.jfree.chart.plot.junit.CombinedRangeXYPlotTests, org.jfree.chart.plot.junit.CompassPlotTests, org.jfree.chart.plot.junit.CompassPlotTests, org.jfree.chart.plot.junit.DefaultDrawingSupplierTests, org.jfree.chart.plot.junit.DefaultDrawingSupplierTests, org.jfree.chart.plot.junit.FastScatterPlotTests, org.jfree.chart.plot.junit.FastScatterPlotTests, org.jfree.chart.plot.junit.IntervalMarkerTests, org.jfree.chart.plot.junit.IntervalMarkerTests, org.jfree.chart.plot.junit.MarkerTests, org.jfree.chart.plot.junit.MarkerTests, org.jfree.chart.plot.junit.MeterIntervalTests, org.jfree.chart.plot.junit.MeterIntervalTests, org.jfree.chart.plot.junit.MeterPlotTests, org.jfree.chart.plot.junit.MeterPlotTests, org.jfree.chart.plot.junit.MultiplePiePlotTests, org.jfree.chart.plot.junit.MultiplePiePlotTests, org.jfree.chart.plot.junit.PieLabelRecordTests, org.jfree.chart.plot.junit.PieLabelRecordTests, org.jfree.chart.plot.junit.PiePlot3DTests, org.jfree.chart.plot.junit.PiePlot3DTests, org.jfree.chart.plot.junit.PiePlotTests, org.jfree.chart.plot.junit.PiePlotTests, org.jfree.chart.plot.junit.PlotOrientationTests, org.jfree.chart.plot.junit.PlotOrientationTests, org.jfree.chart.plot.junit.PlotPackageTests, org.jfree.chart.plot.junit.PlotPackageTests, org.jfree.chart.plot.junit.PlotRenderingInfoTests, org.jfree.chart.plot.junit.PlotRenderingInfoTests, org.jfree.chart.plot.junit.PlotTests, org.jfree.chart.plot.junit.PlotTests, org.jfree.chart.plot.junit.PolarPlotTests, org.jfree.chart.plot.junit.PolarPlotTests, org.jfree.chart.plot.junit.RingPlotTests, org.jfree.chart.plot.junit.RingPlotTests, org.jfree.chart.plot.junit.SpiderWebPlotTests, org.jfree.chart.plot.junit.SpiderWebPlotTests, org.jfree.chart.plot.junit.ThermometerPlotTests, org.jfree.chart.plot.junit.ThermometerPlotTests, org.jfree.chart.plot.junit.ValueMarkerTests, org.jfree.chart.plot.junit.ValueMarkerTests, org.jfree.chart.plot.junit.XYPlotTests, org.jfree.chart.plot.junit.XYPlotTests, org.jfree.chart.renderer.category.junit.AbstractCategoryItemRendererTests, org.jfree.chart.renderer.category.junit.AbstractCategoryItemRendererTests, org.jfree.chart.renderer.category.junit.AreaRendererTests, org.jfree.chart.renderer.category.junit.AreaRendererTests, org.jfree.chart.renderer.category.junit.BarRenderer3DTests, org.jfree.chart.renderer.category.junit.BarRenderer3DTests, org.jfree.chart.renderer.category.junit.BarRendererTests, org.jfree.chart.renderer.category.junit.BarRendererTests, org.jfree.chart.renderer.category.junit.BoxAndWhiskerRendererTests, org.jfree.chart.renderer.category.junit.BoxAndWhiskerRendererTests, org.jfree.chart.renderer.category.junit.CategoryStepRendererTests, org.jfree.chart.renderer.category.junit.CategoryStepRendererTests, org.jfree.chart.renderer.category.junit.DefaultCategoryItemRendererTests, org.jfree.chart.renderer.category.junit.DefaultCategoryItemRendererTests, org.jfree.chart.renderer.category.junit.GanttRendererTests, org.jfree.chart.renderer.category.junit.GanttRendererTests, org.jfree.chart.renderer.category.junit.GroupedStackedBarRendererTests, org.jfree.chart.renderer.category.junit.GroupedStackedBarRendererTests, org.jfree.chart.renderer.category.junit.IntervalBarRendererTests, org.jfree.chart.renderer.category.junit.IntervalBarRendererTests, org.jfree.chart.renderer.category.junit.LayeredBarRendererTests, org.jfree.chart.renderer.category.junit.LayeredBarRendererTests, org.jfree.chart.renderer.category.junit.LevelRendererTests, org.jfree.chart.renderer.category.junit.LevelRendererTests, org.jfree.chart.renderer.category.junit.LineAndShapeRendererTests, org.jfree.chart.renderer.category.junit.LineAndShapeRendererTests, org.jfree.chart.renderer.category.junit.LineRenderer3DTests, org.jfree.chart.renderer.category.junit.LineRenderer3DTests, org.jfree.chart.renderer.category.junit.MinMaxCategoryRendererTests, org.jfree.chart.renderer.category.junit.MinMaxCategoryRendererTests, org.jfree.chart.renderer.category.junit.RendererCategoryPackageTests, org.jfree.chart.renderer.category.junit.RendererCategoryPackageTests, org.jfree.chart.renderer.category.junit.ScatterRendererTests, org.jfree.chart.renderer.category.junit.ScatterRendererTests, org.jfree.chart.renderer.category.junit.StackedAreaRendererTests, org.jfree.chart.renderer.category.junit.StackedAreaRendererTests, org.jfree.chart.renderer.category.junit.StackedBarRenderer3DTests, org.jfree.chart.renderer.category.junit.StackedBarRenderer3DTests, org.jfree.chart.renderer.category.junit.StackedBarRendererTests, org.jfree.chart.renderer.category.junit.StackedBarRendererTests, org.jfree.chart.renderer.category.junit.StatisticalBarRendererTests, org.jfree.chart.renderer.category.junit.StatisticalBarRendererTests, org.jfree.chart.renderer.category.junit.StatisticalLineAndShapeRendererTests, org.jfree.chart.renderer.category.junit.StatisticalLineAndShapeRendererTests, org.jfree.chart.renderer.category.junit.WaterfallBarRendererTests, org.jfree.chart.renderer.category.junit.WaterfallBarRendererTests, org.jfree.chart.renderer.junit.AbstractRendererTests, org.jfree.chart.renderer.junit.AbstractRendererTests, org.jfree.chart.renderer.junit.AreaRendererEndTypeTests, org.jfree.chart.renderer.junit.AreaRendererEndTypeTests, org.jfree.chart.renderer.junit.DefaultPolarItemRendererTests, org.jfree.chart.renderer.junit.DefaultPolarItemRendererTests, org.jfree.chart.renderer.junit.GrayPaintScaleTests, org.jfree.chart.renderer.junit.GrayPaintScaleTests, org.jfree.chart.renderer.junit.LookupPaintScaleTests, org.jfree.chart.renderer.junit.LookupPaintScaleTests, org.jfree.chart.renderer.junit.OutlierTests, org.jfree.chart.renderer.junit.OutlierTests, org.jfree.chart.renderer.junit.RendererPackageTests, org.jfree.chart.renderer.junit.RendererPackageTests, org.jfree.chart.renderer.junit.RendererUtilitiesTests, org.jfree.chart.renderer.junit.RendererUtilitiesTests, org.jfree.chart.renderer.xy.junit.AbstractXYItemRendererTests, org.jfree.chart.renderer.xy.junit.AbstractXYItemRendererTests, org.jfree.chart.renderer.xy.junit.CandlestickRendererTests, org.jfree.chart.renderer.xy.junit.CandlestickRendererTests, org.jfree.chart.renderer.xy.junit.ClusteredXYBarRendererTests, org.jfree.chart.renderer.xy.junit.ClusteredXYBarRendererTests, org.jfree.chart.renderer.xy.junit.DeviationRendererTests, org.jfree.chart.renderer.xy.junit.DeviationRendererTests, org.jfree.chart.renderer.xy.junit.HighLowRendererTests, org.jfree.chart.renderer.xy.junit.HighLowRendererTests, org.jfree.chart.renderer.xy.junit.RendererXYPackageTests, org.jfree.chart.renderer.xy.junit.RendererXYPackageTests, org.jfree.chart.renderer.xy.junit.StackedXYAreaRenderer2Tests, org.jfree.chart.renderer.xy.junit.StackedXYAreaRenderer2Tests, org.jfree.chart.renderer.xy.junit.StackedXYAreaRendererTests, org.jfree.chart.renderer.xy.junit.StackedXYAreaRendererTests, org.jfree.chart.renderer.xy.junit.StackedXYBarRendererTests, org.jfree.chart.renderer.xy.junit.StackedXYBarRendererTests, org.jfree.chart.renderer.xy.junit.StandardXYItemRendererTests, org.jfree.chart.renderer.xy.junit.StandardXYItemRendererTests, org.jfree.chart.renderer.xy.junit.VectorRendererTests, org.jfree.chart.renderer.xy.junit.VectorRendererTests, org.jfree.chart.renderer.xy.junit.WindItemRendererTests, org.jfree.chart.renderer.xy.junit.WindItemRendererTests, org.jfree.chart.renderer.xy.junit.XYAreaRenderer2Tests, org.jfree.chart.renderer.xy.junit.XYAreaRenderer2Tests, org.jfree.chart.renderer.xy.junit.XYAreaRendererTests, org.jfree.chart.renderer.xy.junit.XYAreaRendererTests, org.jfree.chart.renderer.xy.junit.XYBarRendererTests, org.jfree.chart.renderer.xy.junit.XYBarRendererTests, org.jfree.chart.renderer.xy.junit.XYBlockRendererTests, org.jfree.chart.renderer.xy.junit.XYBlockRendererTests, org.jfree.chart.renderer.xy.junit.XYBoxAndWhiskerRendererTests, org.jfree.chart.renderer.xy.junit.XYBoxAndWhiskerRendererTests, org.jfree.chart.renderer.xy.junit.XYBubbleRendererTests, org.jfree.chart.renderer.xy.junit.XYBubbleRendererTests, org.jfree.chart.renderer.xy.junit.XYDifferenceRendererTests, org.jfree.chart.renderer.xy.junit.XYDifferenceRendererTests, org.jfree.chart.renderer.xy.junit.XYDotRendererTests, org.jfree.chart.renderer.xy.junit.XYDotRendererTests, org.jfree.chart.renderer.xy.junit.XYErrorRendererTests, org.jfree.chart.renderer.xy.junit.XYErrorRendererTests, org.jfree.chart.renderer.xy.junit.XYLine3DRendererTests, org.jfree.chart.renderer.xy.junit.XYLine3DRendererTests, org.jfree.chart.renderer.xy.junit.XYLineAndShapeRendererTests, org.jfree.chart.renderer.xy.junit.XYLineAndShapeRendererTests, org.jfree.chart.renderer.xy.junit.XYSplineAndShapeRendererTests, org.jfree.chart.renderer.xy.junit.XYSplineAndShapeRendererTests, org.jfree.chart.renderer.xy.junit.XYStepAreaRendererTests, org.jfree.chart.renderer.xy.junit.XYStepAreaRendererTests, org.jfree.chart.renderer.xy.junit.XYStepRendererTests, org.jfree.chart.renderer.xy.junit.XYStepRendererTests, org.jfree.chart.renderer.xy.junit.YIntervalRendererTests, org.jfree.chart.renderer.xy.junit.YIntervalRendererTests, org.jfree.chart.title.junit.CompositeTitleTests, org.jfree.chart.title.junit.CompositeTitleTests, org.jfree.chart.title.junit.DateTitleTests, org.jfree.chart.title.junit.DateTitleTests, org.jfree.chart.title.junit.ImageTitleTests, org.jfree.chart.title.junit.ImageTitleTests, org.jfree.chart.title.junit.LegendGraphicTests, org.jfree.chart.title.junit.LegendGraphicTests, org.jfree.chart.title.junit.LegendTitleTests, org.jfree.chart.title.junit.LegendTitleTests, org.jfree.chart.title.junit.PaintScaleLegendTests, org.jfree.chart.title.junit.PaintScaleLegendTests, org.jfree.chart.title.junit.TextTitleTests, org.jfree.chart.title.junit.TextTitleTests, org.jfree.chart.title.junit.TitlePackageTests, org.jfree.chart.title.junit.TitlePackageTests, org.jfree.chart.title.junit.TitleTests, org.jfree.chart.title.junit.TitleTests, org.jfree.chart.urls.junit.CustomXYURLGeneratorTests, org.jfree.chart.urls.junit.CustomXYURLGeneratorTests, org.jfree.chart.urls.junit.StandardCategoryURLGeneratorTests, org.jfree.chart.urls.junit.StandardCategoryURLGeneratorTests, org.jfree.chart.urls.junit.StandardPieURLGeneratorTests, org.jfree.chart.urls.junit.StandardPieURLGeneratorTests, org.jfree.chart.urls.junit.StandardXYURLGeneratorTests, org.jfree.chart.urls.junit.StandardXYURLGeneratorTests, org.jfree.chart.urls.junit.TimeSeriesURLGeneratorTests, org.jfree.chart.urls.junit.TimeSeriesURLGeneratorTests, org.jfree.chart.urls.junit.UrlsPackageTests, org.jfree.chart.urls.junit.UrlsPackageTests, org.jfree.chart.util.junit.RelativeDateFormatTests, org.jfree.chart.util.junit.RelativeDateFormatTests, org.jfree.chart.util.junit.UtilPackageTests, org.jfree.chart.util.junit.UtilPackageTests, org.jfree.data.category.junit.CategoryToPieDatasetTests, org.jfree.data.category.junit.CategoryToPieDatasetTests, org.jfree.data.category.junit.DataCategoryPackageTests, org.jfree.data.category.junit.DataCategoryPackageTests, org.jfree.data.category.junit.DefaultCategoryDatasetTests, org.jfree.data.category.junit.DefaultCategoryDatasetTests, org.jfree.data.category.junit.DefaultIntervalCategoryDatasetTests, org.jfree.data.category.junit.DefaultIntervalCategoryDatasetTests, org.jfree.data.gantt.junit.DataGanttPackageTests, org.jfree.data.gantt.junit.DataGanttPackageTests, org.jfree.data.gantt.junit.TaskSeriesCollectionTests, org.jfree.data.gantt.junit.TaskSeriesCollectionTests, org.jfree.data.gantt.junit.TaskSeriesTests, org.jfree.data.gantt.junit.TaskSeriesTests, org.jfree.data.gantt.junit.TaskTests, org.jfree.data.gantt.junit.TaskTests, org.jfree.data.general.junit.DataGeneralPackageTests, org.jfree.data.general.junit.DataGeneralPackageTests, org.jfree.data.general.junit.DatasetGroupTests, org.jfree.data.general.junit.DatasetGroupTests, org.jfree.data.general.junit.DatasetUtilitiesTests, org.jfree.data.general.junit.DatasetUtilitiesTests, org.jfree.data.general.junit.DefaultKeyedValueDatasetTests, org.jfree.data.general.junit.DefaultKeyedValueDatasetTests, org.jfree.data.general.junit.DefaultKeyedValues2DDatasetTests, org.jfree.data.general.junit.DefaultKeyedValues2DDatasetTests, org.jfree.data.general.junit.DefaultKeyedValuesDatasetTests, org.jfree.data.general.junit.DefaultKeyedValuesDatasetTests, org.jfree.data.general.junit.DefaultPieDatasetTests, org.jfree.data.general.junit.DefaultPieDatasetTests, org.jfree.data.junit.ComparableObjectItemTests, org.jfree.data.junit.ComparableObjectItemTests, org.jfree.data.junit.ComparableObjectSeriesTests, org.jfree.data.junit.ComparableObjectSeriesTests, org.jfree.data.junit.DataPackageTests, org.jfree.data.junit.DataPackageTests, org.jfree.data.junit.DataUtilitiesTests, org.jfree.data.junit.DataUtilitiesTests, org.jfree.data.junit.DefaultKeyedValueTests, org.jfree.data.junit.DefaultKeyedValueTests, org.jfree.data.junit.DefaultKeyedValues2DTests, org.jfree.data.junit.DefaultKeyedValues2DTests, org.jfree.data.junit.DefaultKeyedValuesTests, org.jfree.data.junit.DefaultKeyedValuesTests, org.jfree.data.junit.DomainOrderTests, org.jfree.data.junit.DomainOrderTests, org.jfree.data.junit.KeyToGroupMapTests, org.jfree.data.junit.KeyToGroupMapTests, org.jfree.data.junit.KeyedObjectTests, org.jfree.data.junit.KeyedObjectTests, org.jfree.data.junit.KeyedObjects2DTests, org.jfree.data.junit.KeyedObjects2DTests, org.jfree.data.junit.KeyedObjectsTests, org.jfree.data.junit.KeyedObjectsTests, org.jfree.data.junit.RangeTests, org.jfree.data.junit.RangeTests, org.jfree.data.junit.RangeTypeTests, org.jfree.data.junit.RangeTypeTests, org.jfree.data.statistics.junit.BoxAndWhiskerCalculatorTests, org.jfree.data.statistics.junit.BoxAndWhiskerCalculatorTests, org.jfree.data.statistics.junit.BoxAndWhiskerItemTests, org.jfree.data.statistics.junit.BoxAndWhiskerItemTests, org.jfree.data.statistics.junit.DataStatisticsPackageTests, org.jfree.data.statistics.junit.DataStatisticsPackageTests, org.jfree.data.statistics.junit.DefaultBoxAndWhiskerCategoryDatasetTests, org.jfree.data.statistics.junit.DefaultBoxAndWhiskerCategoryDatasetTests, org.jfree.data.statistics.junit.DefaultMultiValueCategoryDatasetTests, org.jfree.data.statistics.junit.DefaultMultiValueCategoryDatasetTests, org.jfree.data.statistics.junit.DefaultStatisticalCategoryDatasetTests, org.jfree.data.statistics.junit.DefaultStatisticalCategoryDatasetTests, org.jfree.data.statistics.junit.HistogramBinTests, org.jfree.data.statistics.junit.HistogramBinTests, org.jfree.data.statistics.junit.HistogramDatasetTests, org.jfree.data.statistics.junit.HistogramDatasetTests, org.jfree.data.statistics.junit.MeanAndStandardDeviationTests, org.jfree.data.statistics.junit.MeanAndStandardDeviationTests, org.jfree.data.statistics.junit.RegressionTests, org.jfree.data.statistics.junit.RegressionTests, org.jfree.data.statistics.junit.SimpleHistogramBinTests, org.jfree.data.statistics.junit.SimpleHistogramBinTests, org.jfree.data.statistics.junit.SimpleHistogramDatasetTests, org.jfree.data.statistics.junit.SimpleHistogramDatasetTests, org.jfree.data.statistics.junit.StatisticsTests, org.jfree.data.statistics.junit.StatisticsTests, org.jfree.data.time.junit.DataTimePackageTests, org.jfree.data.time.junit.DataTimePackageTests, org.jfree.data.time.junit.DateRangeTests, org.jfree.data.time.junit.DateRangeTests, org.jfree.data.time.junit.DayTests, org.jfree.data.time.junit.DayTests, org.jfree.data.time.junit.FixedMillisecondTests, org.jfree.data.time.junit.FixedMillisecondTests, org.jfree.data.time.junit.HourTests, org.jfree.data.time.junit.HourTests, org.jfree.data.time.junit.MillisecondTests, org.jfree.data.time.junit.MillisecondTests, org.jfree.data.time.junit.MinuteTests, org.jfree.data.time.junit.MinuteTests, org.jfree.data.time.junit.MonthTests, org.jfree.data.time.junit.MonthTests, org.jfree.data.time.junit.MovingAverageTests, org.jfree.data.time.junit.MovingAverageTests, org.jfree.data.time.junit.QuarterTests, org.jfree.data.time.junit.QuarterTests, org.jfree.data.time.junit.SecondTests, org.jfree.data.time.junit.SecondTests, org.jfree.data.time.junit.SimpleTimePeriodTests, org.jfree.data.time.junit.SimpleTimePeriodTests, org.jfree.data.time.junit.TimePeriodAnchorTests, org.jfree.data.time.junit.TimePeriodAnchorTests, org.jfree.data.time.junit.TimePeriodValueTests, org.jfree.data.time.junit.TimePeriodValueTests, org.jfree.data.time.junit.TimePeriodValuesCollectionTests, org.jfree.data.time.junit.TimePeriodValuesCollectionTests, org.jfree.data.time.junit.TimePeriodValuesTests, org.jfree.data.time.junit.TimePeriodValuesTests, org.jfree.data.time.junit.TimeSeriesCollectionTests, org.jfree.data.time.junit.TimeSeriesCollectionTests, org.jfree.data.time.junit.TimeSeriesDataItemTests, org.jfree.data.time.junit.TimeSeriesDataItemTests, org.jfree.data.time.junit.TimeSeriesTests, org.jfree.data.time.junit.TimeSeriesTests, org.jfree.data.time.junit.TimeTableXYDatasetTests, org.jfree.data.time.junit.TimeTableXYDatasetTests, org.jfree.data.time.junit.WeekTests, org.jfree.data.time.junit.WeekTests, org.jfree.data.time.junit.YearTests, org.jfree.data.time.junit.YearTests, org.jfree.data.time.ohlc.junit.OHLCItemTests, org.jfree.data.time.ohlc.junit.OHLCItemTests, org.jfree.data.time.ohlc.junit.OHLCPackageTests, org.jfree.data.time.ohlc.junit.OHLCPackageTests, org.jfree.data.time.ohlc.junit.OHLCSeriesCollectionTests, org.jfree.data.time.ohlc.junit.OHLCSeriesCollectionTests, org.jfree.data.time.ohlc.junit.OHLCSeriesTests, org.jfree.data.time.ohlc.junit.OHLCSeriesTests, org.jfree.data.time.ohlc.junit.OHLCTests, org.jfree.data.time.ohlc.junit.OHLCTests, org.jfree.data.xy.junit.CategoryTableXYDatasetTests, org.jfree.data.xy.junit.CategoryTableXYDatasetTests, org.jfree.data.xy.junit.DataXYPackageTests, org.jfree.data.xy.junit.DataXYPackageTests, org.jfree.data.xy.junit.DefaultHighLowDatasetTests, org.jfree.data.xy.junit.DefaultHighLowDatasetTests, org.jfree.data.xy.junit.DefaultIntervalXYDatasetTests, org.jfree.data.xy.junit.DefaultIntervalXYDatasetTests, org.jfree.data.xy.junit.DefaultOHLCDatasetTests, org.jfree.data.xy.junit.DefaultOHLCDatasetTests, org.jfree.data.xy.junit.DefaultTableXYDatasetTests, org.jfree.data.xy.junit.DefaultTableXYDatasetTests, org.jfree.data.xy.junit.DefaultWindDatasetTests, org.jfree.data.xy.junit.DefaultWindDatasetTests, org.jfree.data.xy.junit.DefaultXYDatasetTests, org.jfree.data.xy.junit.DefaultXYDatasetTests, org.jfree.data.xy.junit.DefaultXYZDatasetTests, org.jfree.data.xy.junit.DefaultXYZDatasetTests, org.jfree.data.xy.junit.IntervalXYDelegateTests, org.jfree.data.xy.junit.IntervalXYDelegateTests, org.jfree.data.xy.junit.MatrixSeriesCollectionTests, org.jfree.data.xy.junit.MatrixSeriesCollectionTests, org.jfree.data.xy.junit.MatrixSeriesTests, org.jfree.data.xy.junit.MatrixSeriesTests, org.jfree.data.xy.junit.OHLCDataItemTests, org.jfree.data.xy.junit.OHLCDataItemTests, org.jfree.data.xy.junit.TableXYDatasetTests, org.jfree.data.xy.junit.TableXYDatasetTests, org.jfree.data.xy.junit.VectorDataItemTests, org.jfree.data.xy.junit.VectorDataItemTests, org.jfree.data.xy.junit.VectorSeriesCollectionTests, org.jfree.data.xy.junit.VectorSeriesCollectionTests, org.jfree.data.xy.junit.VectorSeriesTests, org.jfree.data.xy.junit.VectorSeriesTests, org.jfree.data.xy.junit.VectorTests, org.jfree.data.xy.junit.VectorTests, org.jfree.data.xy.junit.XIntervalDataItemTests, org.jfree.data.xy.junit.XIntervalDataItemTests, org.jfree.data.xy.junit.XIntervalSeriesCollectionTests, org.jfree.data.xy.junit.XIntervalSeriesCollectionTests, org.jfree.data.xy.junit.XIntervalSeriesTests, org.jfree.data.xy.junit.XIntervalSeriesTests, org.jfree.data.xy.junit.XYBarDatasetTests, org.jfree.data.xy.junit.XYBarDatasetTests, org.jfree.data.xy.junit.XYCoordinateTests, org.jfree.data.xy.junit.XYCoordinateTests, org.jfree.data.xy.junit.XYDataItemTests, org.jfree.data.xy.junit.XYDataItemTests, org.jfree.data.xy.junit.XYIntervalDataItemTests, org.jfree.data.xy.junit.XYIntervalDataItemTests, org.jfree.data.xy.junit.XYIntervalSeriesCollectionTests, org.jfree.data.xy.junit.XYIntervalSeriesCollectionTests, org.jfree.data.xy.junit.XYIntervalSeriesTests, org.jfree.data.xy.junit.XYIntervalSeriesTests, org.jfree.data.xy.junit.XYIntervalTests, org.jfree.data.xy.junit.XYIntervalTests, org.jfree.data.xy.junit.XYSeriesCollectionTests, org.jfree.data.xy.junit.XYSeriesCollectionTests, org.jfree.data.xy.junit.XYSeriesTests, org.jfree.data.xy.junit.XYSeriesTests, org.jfree.data.xy.junit.YIntervalDataItemTests, org.jfree.data.xy.junit.YIntervalDataItemTests, org.jfree.data.xy.junit.YIntervalSeriesCollectionTests, org.jfree.data.xy.junit.YIntervalSeriesCollectionTests, org.jfree.data.xy.junit.YIntervalSeriesTests, org.jfree.data.xy.junit.YIntervalSeriesTests, org.jfree.data.xy.junit.YIntervalTests, org.jfree.data.xy.junit.YIntervalTests, org.jfree.data.xy.junit.YWithXIntervalTests, org.jfree.data.xy.junit.YWithXIntervalTests]
16:07:49.371 [main] INFO  fr.inria.lille.repair.nopol.NoPol - Config: Config{synthesisDepth=3, collectStaticMethods=true, collectStaticFields=false, collectLiterals=false, onlyOneSynthesisResult=true, sortExpressions=true, maxLineInvocationPerTest=250, timeoutMethodInvocation=2000, dataCollectionTimeoutInSecondForSynthesis=900, addWeight=0.19478, subWeight=0.04554, mulWeight=0.0102, divWeight=0.00613, andWeight=0.10597, orWeight=0.05708, eqWeight=0.22798, nEqWeight=0.0, lessEqWeight=0.0255, lessWeight=0.0947, methodCallWeight=0.1, fieldAccessWeight=0.08099, constantWeight=0.14232, variableWeight=0.05195, mode=REPAIR, type=PRE_THEN_COND, synthesis=DYNAMOTH, oracle=ANGELIC, solver=Z3, solverPath='/home/tdurieux/defects4j4repair/script/../libs/z3/build/z3', projectSources=[source], projectClasspath='[Ljava.net.URL;@2ff4f00f', projectTests=[org.jfree.chart.annotations.junit.AnnotationsPackageTests, org.jfree.chart.annotations.junit.AnnotationsPackageTests, org.jfree.chart.annotations.junit.CategoryLineAnnotationTests, org.jfree.chart.annotations.junit.CategoryLineAnnotationTests, org.jfree.chart.annotations.junit.CategoryPointerAnnotationTests, org.jfree.chart.annotations.junit.CategoryPointerAnnotationTests, org.jfree.chart.annotations.junit.CategoryTextAnnotationTests, org.jfree.chart.annotations.junit.CategoryTextAnnotationTests, org.jfree.chart.annotations.junit.TextAnnotationTests, org.jfree.chart.annotations.junit.TextAnnotationTests, org.jfree.chart.annotations.junit.XYBoxAnnotationTests, org.jfree.chart.annotations.junit.XYBoxAnnotationTests, org.jfree.chart.annotations.junit.XYDrawableAnnotationTests, org.jfree.chart.annotations.junit.XYDrawableAnnotationTests, org.jfree.chart.annotations.junit.XYImageAnnotationTests, org.jfree.chart.annotations.junit.XYImageAnnotationTests, org.jfree.chart.annotations.junit.XYLineAnnotationTests, org.jfree.chart.annotations.junit.XYLineAnnotationTests, org.jfree.chart.annotations.junit.XYPointerAnnotationTests, org.jfree.chart.annotations.junit.XYPointerAnnotationTests, org.jfree.chart.annotations.junit.XYPolygonAnnotationTests, org.jfree.chart.annotations.junit.XYPolygonAnnotationTests, org.jfree.chart.annotations.junit.XYShapeAnnotationTests, org.jfree.chart.annotations.junit.XYShapeAnnotationTests, org.jfree.chart.annotations.junit.XYTextAnnotationTests, org.jfree.chart.annotations.junit.XYTextAnnotationTests, org.jfree.chart.axis.junit.AxisLocationTests, org.jfree.chart.axis.junit.AxisLocationTests, org.jfree.chart.axis.junit.AxisPackageTests, org.jfree.chart.axis.junit.AxisPackageTests, org.jfree.chart.axis.junit.AxisSpaceTests, org.jfree.chart.axis.junit.AxisSpaceTests, org.jfree.chart.axis.junit.AxisTests, org.jfree.chart.axis.junit.AxisTests, org.jfree.chart.axis.junit.CategoryAnchorTests, org.jfree.chart.axis.junit.CategoryAnchorTests, org.jfree.chart.axis.junit.CategoryAxis3DTests, org.jfree.chart.axis.junit.CategoryAxis3DTests, org.jfree.chart.axis.junit.CategoryAxisTests, org.jfree.chart.axis.junit.CategoryAxisTests, org.jfree.chart.axis.junit.CategoryLabelPositionTests, org.jfree.chart.axis.junit.CategoryLabelPositionTests, org.jfree.chart.axis.junit.CategoryLabelPositionsTests, org.jfree.chart.axis.junit.CategoryLabelPositionsTests, org.jfree.chart.axis.junit.CategoryLabelWidthTypeTests, org.jfree.chart.axis.junit.CategoryLabelWidthTypeTests, org.jfree.chart.axis.junit.CategoryTickTests, org.jfree.chart.axis.junit.CategoryTickTests, org.jfree.chart.axis.junit.CyclicNumberAxisTests, org.jfree.chart.axis.junit.CyclicNumberAxisTests, org.jfree.chart.axis.junit.DateAxisTests, org.jfree.chart.axis.junit.DateAxisTests, org.jfree.chart.axis.junit.DateTickMarkPositionTests, org.jfree.chart.axis.junit.DateTickMarkPositionTests, org.jfree.chart.axis.junit.DateTickTests, org.jfree.chart.axis.junit.DateTickTests, org.jfree.chart.axis.junit.DateTickUnitTests, org.jfree.chart.axis.junit.DateTickUnitTests, org.jfree.chart.axis.junit.ExtendedCategoryAxisTests, org.jfree.chart.axis.junit.ExtendedCategoryAxisTests, org.jfree.chart.axis.junit.LogAxisTests, org.jfree.chart.axis.junit.LogAxisTests, org.jfree.chart.axis.junit.LogarithmicAxisTests, org.jfree.chart.axis.junit.LogarithmicAxisTests, org.jfree.chart.axis.junit.MarkerAxisBandTests, org.jfree.chart.axis.junit.MarkerAxisBandTests, org.jfree.chart.axis.junit.MonthDateFormatTests, org.jfree.chart.axis.junit.MonthDateFormatTests, org.jfree.chart.axis.junit.NumberAxis3DTests, org.jfree.chart.axis.junit.NumberAxis3DTests, org.jfree.chart.axis.junit.NumberAxisTests, org.jfree.chart.axis.junit.NumberAxisTests, org.jfree.chart.axis.junit.NumberTickUnitTests, org.jfree.chart.axis.junit.NumberTickUnitTests, org.jfree.chart.axis.junit.PeriodAxisLabelInfoTests, org.jfree.chart.axis.junit.PeriodAxisLabelInfoTests, org.jfree.chart.axis.junit.PeriodAxisTests, org.jfree.chart.axis.junit.PeriodAxisTests, org.jfree.chart.axis.junit.QuarterDateFormatTests, org.jfree.chart.axis.junit.QuarterDateFormatTests, org.jfree.chart.axis.junit.SegmentedTimelineTests, org.jfree.chart.axis.junit.SegmentedTimelineTests, org.jfree.chart.axis.junit.SegmentedTimelineTests2, org.jfree.chart.axis.junit.SegmentedTimelineTests2, org.jfree.chart.axis.junit.StandardTickUnitSourceTests, org.jfree.chart.axis.junit.StandardTickUnitSourceTests, org.jfree.chart.axis.junit.SubCategoryAxisTests, org.jfree.chart.axis.junit.SubCategoryAxisTests, org.jfree.chart.axis.junit.SymbolAxisTests, org.jfree.chart.axis.junit.SymbolAxisTests, org.jfree.chart.axis.junit.TickUnitsTests, org.jfree.chart.axis.junit.TickUnitsTests, org.jfree.chart.axis.junit.ValueAxisTests, org.jfree.chart.axis.junit.ValueAxisTests, org.jfree.chart.block.junit.AbstractBlockTests, org.jfree.chart.block.junit.AbstractBlockTests, org.jfree.chart.block.junit.BlockBorderTests, org.jfree.chart.block.junit.BlockBorderTests, org.jfree.chart.block.junit.BlockContainerTests, org.jfree.chart.block.junit.BlockContainerTests, org.jfree.chart.block.junit.BlockPackageTests, org.jfree.chart.block.junit.BlockPackageTests, org.jfree.chart.block.junit.BorderArrangementTests, org.jfree.chart.block.junit.BorderArrangementTests, org.jfree.chart.block.junit.ColorBlockTests, org.jfree.chart.block.junit.ColorBlockTests, org.jfree.chart.block.junit.ColumnArrangementTests, org.jfree.chart.block.junit.ColumnArrangementTests, org.jfree.chart.block.junit.EmptyBlockTests, org.jfree.chart.block.junit.EmptyBlockTests, org.jfree.chart.block.junit.FlowArrangementTests, org.jfree.chart.block.junit.FlowArrangementTests, org.jfree.chart.block.junit.GridArrangementTests, org.jfree.chart.block.junit.GridArrangementTests, org.jfree.chart.block.junit.LabelBlockTests, org.jfree.chart.block.junit.LabelBlockTests, org.jfree.chart.block.junit.LineBorderTests, org.jfree.chart.block.junit.LineBorderTests, org.jfree.chart.block.junit.RectangleConstraintTests, org.jfree.chart.block.junit.RectangleConstraintTests, org.jfree.chart.entity.junit.CategoryItemEntityTests, org.jfree.chart.entity.junit.CategoryItemEntityTests, org.jfree.chart.entity.junit.EntityPackageTests, org.jfree.chart.entity.junit.EntityPackageTests, org.jfree.chart.entity.junit.LegendItemEntityTests, org.jfree.chart.entity.junit.LegendItemEntityTests, org.jfree.chart.entity.junit.PieSectionEntityTests, org.jfree.chart.entity.junit.PieSectionEntityTests, org.jfree.chart.entity.junit.StandardEntityCollectionTests, org.jfree.chart.entity.junit.StandardEntityCollectionTests, org.jfree.chart.entity.junit.TickLabelEntityTests, org.jfree.chart.entity.junit.TickLabelEntityTests, org.jfree.chart.entity.junit.XYItemEntityTests, org.jfree.chart.entity.junit.XYItemEntityTests, org.jfree.chart.junit.AreaChartTests, org.jfree.chart.junit.AreaChartTests, org.jfree.chart.junit.BarChart3DTests, org.jfree.chart.junit.BarChart3DTests, org.jfree.chart.junit.BarChartTests, org.jfree.chart.junit.BarChartTests, org.jfree.chart.junit.ChartPackageTests, org.jfree.chart.junit.ChartPackageTests, org.jfree.chart.junit.ChartPanelTests, org.jfree.chart.junit.ChartPanelTests, org.jfree.chart.junit.ChartRenderingInfoTests, org.jfree.chart.junit.ChartRenderingInfoTests, org.jfree.chart.junit.GanttChartTests, org.jfree.chart.junit.GanttChartTests, org.jfree.chart.junit.HashUtilitiesTests, org.jfree.chart.junit.HashUtilitiesTests, org.jfree.chart.junit.JFreeChartTests, org.jfree.chart.junit.JFreeChartTests, org.jfree.chart.junit.LegendItemCollectionTests, org.jfree.chart.junit.LegendItemCollectionTests, org.jfree.chart.junit.LegendItemTests, org.jfree.chart.junit.LegendItemTests, org.jfree.chart.junit.LineChart3DTests, org.jfree.chart.junit.LineChart3DTests, org.jfree.chart.junit.LineChartTests, org.jfree.chart.junit.LineChartTests, org.jfree.chart.junit.MeterChartTests, org.jfree.chart.junit.MeterChartTests, org.jfree.chart.junit.PaintMapTests, org.jfree.chart.junit.PaintMapTests, org.jfree.chart.junit.PieChart3DTests, org.jfree.chart.junit.PieChart3DTests, org.jfree.chart.junit.PieChartTests, org.jfree.chart.junit.PieChartTests, org.jfree.chart.junit.ScatterPlotTests, org.jfree.chart.junit.ScatterPlotTests, org.jfree.chart.junit.StackedAreaChartTests, org.jfree.chart.junit.StackedAreaChartTests, org.jfree.chart.junit.StackedBarChart3DTests, org.jfree.chart.junit.StackedBarChart3DTests, org.jfree.chart.junit.StackedBarChartTests, org.jfree.chart.junit.StackedBarChartTests, org.jfree.chart.junit.StrokeMapTests, org.jfree.chart.junit.StrokeMapTests, org.jfree.chart.junit.TimeSeriesChartTests, org.jfree.chart.junit.TimeSeriesChartTests, org.jfree.chart.junit.WaterfallChartTests, org.jfree.chart.junit.WaterfallChartTests, org.jfree.chart.junit.XYAreaChartTests, org.jfree.chart.junit.XYAreaChartTests, org.jfree.chart.junit.XYBarChartTests, org.jfree.chart.junit.XYBarChartTests, org.jfree.chart.junit.XYLineChartTests, org.jfree.chart.junit.XYLineChartTests, org.jfree.chart.junit.XYStepAreaChartTests, org.jfree.chart.junit.XYStepAreaChartTests, org.jfree.chart.junit.XYStepChartTests, org.jfree.chart.junit.XYStepChartTests, org.jfree.chart.labels.junit.BoxAndWhiskerToolTipGeneratorTests, org.jfree.chart.labels.junit.BoxAndWhiskerToolTipGeneratorTests, org.jfree.chart.labels.junit.BoxAndWhiskerXYToolTipGeneratorTests, org.jfree.chart.labels.junit.BoxAndWhiskerXYToolTipGeneratorTests, org.jfree.chart.labels.junit.BubbleXYItemLabelGeneratorTests, org.jfree.chart.labels.junit.BubbleXYItemLabelGeneratorTests, org.jfree.chart.labels.junit.CustomXYItemLabelGeneratorTests, org.jfree.chart.labels.junit.CustomXYItemLabelGeneratorTests, org.jfree.chart.labels.junit.HighLowItemLabelGeneratorTests, org.jfree.chart.labels.junit.HighLowItemLabelGeneratorTests, org.jfree.chart.labels.junit.IntervalCategoryLabelGeneratorTests, org.jfree.chart.labels.junit.IntervalCategoryLabelGeneratorTests, org.jfree.chart.labels.junit.ItemLabelAnchorTests, org.jfree.chart.labels.junit.ItemLabelAnchorTests, org.jfree.chart.labels.junit.ItemLabelPositionTests, org.jfree.chart.labels.junit.ItemLabelPositionTests, org.jfree.chart.labels.junit.LabelsPackageTests, org.jfree.chart.labels.junit.LabelsPackageTests, org.jfree.chart.labels.junit.MultipleXYSeriesLabelGeneratorTests, org.jfree.chart.labels.junit.MultipleXYSeriesLabelGeneratorTests, org.jfree.chart.labels.junit.StandardCategoryItemLabelGeneratorTests, org.jfree.chart.labels.junit.StandardCategoryItemLabelGeneratorTests, org.jfree.chart.labels.junit.StandardCategorySeriesLabelGeneratorTests, org.jfree.chart.labels.junit.StandardCategorySeriesLabelGeneratorTests, org.jfree.chart.labels.junit.StandardCategoryToolTipGeneratorTests, org.jfree.chart.labels.junit.StandardCategoryToolTipGeneratorTests, org.jfree.chart.labels.junit.StandardPieSectionLabelGeneratorTests, org.jfree.chart.labels.junit.StandardPieSectionLabelGeneratorTests, org.jfree.chart.labels.junit.StandardPieToolTipGeneratorTests, org.jfree.chart.labels.junit.StandardPieToolTipGeneratorTests, org.jfree.chart.labels.junit.StandardXYItemLabelGeneratorTests, org.jfree.chart.labels.junit.StandardXYItemLabelGeneratorTests, org.jfree.chart.labels.junit.StandardXYSeriesLabelGeneratorTests, org.jfree.chart.labels.junit.StandardXYSeriesLabelGeneratorTests, org.jfree.chart.labels.junit.StandardXYToolTipGeneratorTests, org.jfree.chart.labels.junit.StandardXYToolTipGeneratorTests, org.jfree.chart.labels.junit.StandardXYZToolTipGeneratorTests, org.jfree.chart.labels.junit.StandardXYZToolTipGeneratorTests, org.jfree.chart.labels.junit.SymbolicXYItemLabelGeneratorTests, org.jfree.chart.labels.junit.SymbolicXYItemLabelGeneratorTests, org.jfree.chart.needle.junit.ArrowNeedleTests, org.jfree.chart.needle.junit.ArrowNeedleTests, org.jfree.chart.needle.junit.LineNeedleTests, org.jfree.chart.needle.junit.LineNeedleTests, org.jfree.chart.needle.junit.LongNeedleTests, org.jfree.chart.needle.junit.LongNeedleTests, org.jfree.chart.needle.junit.MeterNeedleTests, org.jfree.chart.needle.junit.MeterNeedleTests, org.jfree.chart.needle.junit.MiddlePinNeedleTests, org.jfree.chart.needle.junit.MiddlePinNeedleTests, org.jfree.chart.needle.junit.NeedlePackageTests, org.jfree.chart.needle.junit.NeedlePackageTests, org.jfree.chart.needle.junit.PinNeedleTests, org.jfree.chart.needle.junit.PinNeedleTests, org.jfree.chart.needle.junit.PlumNeedleTests, org.jfree.chart.needle.junit.PlumNeedleTests, org.jfree.chart.needle.junit.PointerNeedleTests, org.jfree.chart.needle.junit.PointerNeedleTests, org.jfree.chart.needle.junit.ShipNeedleTests, org.jfree.chart.needle.junit.ShipNeedleTests, org.jfree.chart.needle.junit.WindNeedleTests, org.jfree.chart.needle.junit.WindNeedleTests, org.jfree.chart.plot.dial.junit.AbstractDialLayerTests, org.jfree.chart.plot.dial.junit.AbstractDialLayerTests, org.jfree.chart.plot.dial.junit.ArcDialFrameTests, org.jfree.chart.plot.dial.junit.ArcDialFrameTests, org.jfree.chart.plot.dial.junit.DialBackgroundTests, org.jfree.chart.plot.dial.junit.DialBackgroundTests, org.jfree.chart.plot.dial.junit.DialCapTests, org.jfree.chart.plot.dial.junit.DialCapTests, org.jfree.chart.plot.dial.junit.DialPackageTests, org.jfree.chart.plot.dial.junit.DialPackageTests, org.jfree.chart.plot.dial.junit.DialPlotTests, org.jfree.chart.plot.dial.junit.DialPlotTests, org.jfree.chart.plot.dial.junit.DialPointerTests, org.jfree.chart.plot.dial.junit.DialPointerTests, org.jfree.chart.plot.dial.junit.DialTextAnnotationTests, org.jfree.chart.plot.dial.junit.DialTextAnnotationTests, org.jfree.chart.plot.dial.junit.DialValueIndicatorTests, org.jfree.chart.plot.dial.junit.DialValueIndicatorTests, org.jfree.chart.plot.dial.junit.StandardDialFrameTests, org.jfree.chart.plot.dial.junit.StandardDialFrameTests, org.jfree.chart.plot.dial.junit.StandardDialRangeTests, org.jfree.chart.plot.dial.junit.StandardDialRangeTests, org.jfree.chart.plot.dial.junit.StandardDialScaleTests, org.jfree.chart.plot.dial.junit.StandardDialScaleTests, org.jfree.chart.plot.junit.CategoryMarkerTests, org.jfree.chart.plot.junit.CategoryMarkerTests, org.jfree.chart.plot.junit.CategoryPlotTests, org.jfree.chart.plot.junit.CategoryPlotTests, org.jfree.chart.plot.junit.CombinedDomainCategoryPlotTests, org.jfree.chart.plot.junit.CombinedDomainCategoryPlotTests, org.jfree.chart.plot.junit.CombinedDomainXYPlotTests, org.jfree.chart.plot.junit.CombinedDomainXYPlotTests, org.jfree.chart.plot.junit.CombinedRangeCategoryPlotTests, org.jfree.chart.plot.junit.CombinedRangeCategoryPlotTests, org.jfree.chart.plot.junit.CombinedRangeXYPlotTests, org.jfree.chart.plot.junit.CombinedRangeXYPlotTests, org.jfree.chart.plot.junit.CompassPlotTests, org.jfree.chart.plot.junit.CompassPlotTests, org.jfree.chart.plot.junit.DefaultDrawingSupplierTests, org.jfree.chart.plot.junit.DefaultDrawingSupplierTests, org.jfree.chart.plot.junit.FastScatterPlotTests, org.jfree.chart.plot.junit.FastScatterPlotTests, org.jfree.chart.plot.junit.IntervalMarkerTests, org.jfree.chart.plot.junit.IntervalMarkerTests, org.jfree.chart.plot.junit.MarkerTests, org.jfree.chart.plot.junit.MarkerTests, org.jfree.chart.plot.junit.MeterIntervalTests, org.jfree.chart.plot.junit.MeterIntervalTests, org.jfree.chart.plot.junit.MeterPlotTests, org.jfree.chart.plot.junit.MeterPlotTests, org.jfree.chart.plot.junit.MultiplePiePlotTests, org.jfree.chart.plot.junit.MultiplePiePlotTests, org.jfree.chart.plot.junit.PieLabelRecordTests, org.jfree.chart.plot.junit.PieLabelRecordTests, org.jfree.chart.plot.junit.PiePlot3DTests, org.jfree.chart.plot.junit.PiePlot3DTests, org.jfree.chart.plot.junit.PiePlotTests, org.jfree.chart.plot.junit.PiePlotTests, org.jfree.chart.plot.junit.PlotOrientationTests, org.jfree.chart.plot.junit.PlotOrientationTests, org.jfree.chart.plot.junit.PlotPackageTests, org.jfree.chart.plot.junit.PlotPackageTests, org.jfree.chart.plot.junit.PlotRenderingInfoTests, org.jfree.chart.plot.junit.PlotRenderingInfoTests, org.jfree.chart.plot.junit.PlotTests, org.jfree.chart.plot.junit.PlotTests, org.jfree.chart.plot.junit.PolarPlotTests, org.jfree.chart.plot.junit.PolarPlotTests, org.jfree.chart.plot.junit.RingPlotTests, org.jfree.chart.plot.junit.RingPlotTests, org.jfree.chart.plot.junit.SpiderWebPlotTests, org.jfree.chart.plot.junit.SpiderWebPlotTests, org.jfree.chart.plot.junit.ThermometerPlotTests, org.jfree.chart.plot.junit.ThermometerPlotTests, org.jfree.chart.plot.junit.ValueMarkerTests, org.jfree.chart.plot.junit.ValueMarkerTests, org.jfree.chart.plot.junit.XYPlotTests, org.jfree.chart.plot.junit.XYPlotTests, org.jfree.chart.renderer.category.junit.AbstractCategoryItemRendererTests, org.jfree.chart.renderer.category.junit.AbstractCategoryItemRendererTests, org.jfree.chart.renderer.category.junit.AreaRendererTests, org.jfree.chart.renderer.category.junit.AreaRendererTests, org.jfree.chart.renderer.category.junit.BarRenderer3DTests, org.jfree.chart.renderer.category.junit.BarRenderer3DTests, org.jfree.chart.renderer.category.junit.BarRendererTests, org.jfree.chart.renderer.category.junit.BarRendererTests, org.jfree.chart.renderer.category.junit.BoxAndWhiskerRendererTests, org.jfree.chart.renderer.category.junit.BoxAndWhiskerRendererTests, org.jfree.chart.renderer.category.junit.CategoryStepRendererTests, org.jfree.chart.renderer.category.junit.CategoryStepRendererTests, org.jfree.chart.renderer.category.junit.DefaultCategoryItemRendererTests, org.jfree.chart.renderer.category.junit.DefaultCategoryItemRendererTests, org.jfree.chart.renderer.category.junit.GanttRendererTests, org.jfree.chart.renderer.category.junit.GanttRendererTests, org.jfree.chart.renderer.category.junit.GroupedStackedBarRendererTests, org.jfree.chart.renderer.category.junit.GroupedStackedBarRendererTests, org.jfree.chart.renderer.category.junit.IntervalBarRendererTests, org.jfree.chart.renderer.category.junit.IntervalBarRendererTests, org.jfree.chart.renderer.category.junit.LayeredBarRendererTests, org.jfree.chart.renderer.category.junit.LayeredBarRendererTests, org.jfree.chart.renderer.category.junit.LevelRendererTests, org.jfree.chart.renderer.category.junit.LevelRendererTests, org.jfree.chart.renderer.category.junit.LineAndShapeRendererTests, org.jfree.chart.renderer.category.junit.LineAndShapeRendererTests, org.jfree.chart.renderer.category.junit.LineRenderer3DTests, org.jfree.chart.renderer.category.junit.LineRenderer3DTests, org.jfree.chart.renderer.category.junit.MinMaxCategoryRendererTests, org.jfree.chart.renderer.category.junit.MinMaxCategoryRendererTests, org.jfree.chart.renderer.category.junit.RendererCategoryPackageTests, org.jfree.chart.renderer.category.junit.RendererCategoryPackageTests, org.jfree.chart.renderer.category.junit.ScatterRendererTests, org.jfree.chart.renderer.category.junit.ScatterRendererTests, org.jfree.chart.renderer.category.junit.StackedAreaRendererTests, org.jfree.chart.renderer.category.junit.StackedAreaRendererTests, org.jfree.chart.renderer.category.junit.StackedBarRenderer3DTests, org.jfree.chart.renderer.category.junit.StackedBarRenderer3DTests, org.jfree.chart.renderer.category.junit.StackedBarRendererTests, org.jfree.chart.renderer.category.junit.StackedBarRendererTests, org.jfree.chart.renderer.category.junit.StatisticalBarRendererTests, org.jfree.chart.renderer.category.junit.StatisticalBarRendererTests, org.jfree.chart.renderer.category.junit.StatisticalLineAndShapeRendererTests, org.jfree.chart.renderer.category.junit.StatisticalLineAndShapeRendererTests, org.jfree.chart.renderer.category.junit.WaterfallBarRendererTests, org.jfree.chart.renderer.category.junit.WaterfallBarRendererTests, org.jfree.chart.renderer.junit.AbstractRendererTests, org.jfree.chart.renderer.junit.AbstractRendererTests, org.jfree.chart.renderer.junit.AreaRendererEndTypeTests, org.jfree.chart.renderer.junit.AreaRendererEndTypeTests, org.jfree.chart.renderer.junit.DefaultPolarItemRendererTests, org.jfree.chart.renderer.junit.DefaultPolarItemRendererTests, org.jfree.chart.renderer.junit.GrayPaintScaleTests, org.jfree.chart.renderer.junit.GrayPaintScaleTests, org.jfree.chart.renderer.junit.LookupPaintScaleTests, org.jfree.chart.renderer.junit.LookupPaintScaleTests, org.jfree.chart.renderer.junit.OutlierTests, org.jfree.chart.renderer.junit.OutlierTests, org.jfree.chart.renderer.junit.RendererPackageTests, org.jfree.chart.renderer.junit.RendererPackageTests, org.jfree.chart.renderer.junit.RendererUtilitiesTests, org.jfree.chart.renderer.junit.RendererUtilitiesTests, org.jfree.chart.renderer.xy.junit.AbstractXYItemRendererTests, org.jfree.chart.renderer.xy.junit.AbstractXYItemRendererTests, org.jfree.chart.renderer.xy.junit.CandlestickRendererTests, org.jfree.chart.renderer.xy.junit.CandlestickRendererTests, org.jfree.chart.renderer.xy.junit.ClusteredXYBarRendererTests, org.jfree.chart.renderer.xy.junit.ClusteredXYBarRendererTests, org.jfree.chart.renderer.xy.junit.DeviationRendererTests, org.jfree.chart.renderer.xy.junit.DeviationRendererTests, org.jfree.chart.renderer.xy.junit.HighLowRendererTests, org.jfree.chart.renderer.xy.junit.HighLowRendererTests, org.jfree.chart.renderer.xy.junit.RendererXYPackageTests, org.jfree.chart.renderer.xy.junit.RendererXYPackageTests, org.jfree.chart.renderer.xy.junit.StackedXYAreaRenderer2Tests, org.jfree.chart.renderer.xy.junit.StackedXYAreaRenderer2Tests, org.jfree.chart.renderer.xy.junit.StackedXYAreaRendererTests, org.jfree.chart.renderer.xy.junit.StackedXYAreaRendererTests, org.jfree.chart.renderer.xy.junit.StackedXYBarRendererTests, org.jfree.chart.renderer.xy.junit.StackedXYBarRendererTests, org.jfree.chart.renderer.xy.junit.StandardXYItemRendererTests, org.jfree.chart.renderer.xy.junit.StandardXYItemRendererTests, org.jfree.chart.renderer.xy.junit.VectorRendererTests, org.jfree.chart.renderer.xy.junit.VectorRendererTests, org.jfree.chart.renderer.xy.junit.WindItemRendererTests, org.jfree.chart.renderer.xy.junit.WindItemRendererTests, org.jfree.chart.renderer.xy.junit.XYAreaRenderer2Tests, org.jfree.chart.renderer.xy.junit.XYAreaRenderer2Tests, org.jfree.chart.renderer.xy.junit.XYAreaRendererTests, org.jfree.chart.renderer.xy.junit.XYAreaRendererTests, org.jfree.chart.renderer.xy.junit.XYBarRendererTests, org.jfree.chart.renderer.xy.junit.XYBarRendererTests, org.jfree.chart.renderer.xy.junit.XYBlockRendererTests, org.jfree.chart.renderer.xy.junit.XYBlockRendererTests, org.jfree.chart.renderer.xy.junit.XYBoxAndWhiskerRendererTests, org.jfree.chart.renderer.xy.junit.XYBoxAndWhiskerRendererTests, org.jfree.chart.renderer.xy.junit.XYBubbleRendererTests, org.jfree.chart.renderer.xy.junit.XYBubbleRendererTests, org.jfree.chart.renderer.xy.junit.XYDifferenceRendererTests, org.jfree.chart.renderer.xy.junit.XYDifferenceRendererTests, org.jfree.chart.renderer.xy.junit.XYDotRendererTests, org.jfree.chart.renderer.xy.junit.XYDotRendererTests, org.jfree.chart.renderer.xy.junit.XYErrorRendererTests, org.jfree.chart.renderer.xy.junit.XYErrorRendererTests, org.jfree.chart.renderer.xy.junit.XYLine3DRendererTests, org.jfree.chart.renderer.xy.junit.XYLine3DRendererTests, org.jfree.chart.renderer.xy.junit.XYLineAndShapeRendererTests, org.jfree.chart.renderer.xy.junit.XYLineAndShapeRendererTests, org.jfree.chart.renderer.xy.junit.XYSplineAndShapeRendererTests, org.jfree.chart.renderer.xy.junit.XYSplineAndShapeRendererTests, org.jfree.chart.renderer.xy.junit.XYStepAreaRendererTests, org.jfree.chart.renderer.xy.junit.XYStepAreaRendererTests, org.jfree.chart.renderer.xy.junit.XYStepRendererTests, org.jfree.chart.renderer.xy.junit.XYStepRendererTests, org.jfree.chart.renderer.xy.junit.YIntervalRendererTests, org.jfree.chart.renderer.xy.junit.YIntervalRendererTests, org.jfree.chart.title.junit.CompositeTitleTests, org.jfree.chart.title.junit.CompositeTitleTests, org.jfree.chart.title.junit.DateTitleTests, org.jfree.chart.title.junit.DateTitleTests, org.jfree.chart.title.junit.ImageTitleTests, org.jfree.chart.title.junit.ImageTitleTests, org.jfree.chart.title.junit.LegendGraphicTests, org.jfree.chart.title.junit.LegendGraphicTests, org.jfree.chart.title.junit.LegendTitleTests, org.jfree.chart.title.junit.LegendTitleTests, org.jfree.chart.title.junit.PaintScaleLegendTests, org.jfree.chart.title.junit.PaintScaleLegendTests, org.jfree.chart.title.junit.TextTitleTests, org.jfree.chart.title.junit.TextTitleTests, org.jfree.chart.title.junit.TitlePackageTests, org.jfree.chart.title.junit.TitlePackageTests, org.jfree.chart.title.junit.TitleTests, org.jfree.chart.title.junit.TitleTests, org.jfree.chart.urls.junit.CustomXYURLGeneratorTests, org.jfree.chart.urls.junit.CustomXYURLGeneratorTests, org.jfree.chart.urls.junit.StandardCategoryURLGeneratorTests, org.jfree.chart.urls.junit.StandardCategoryURLGeneratorTests, org.jfree.chart.urls.junit.StandardPieURLGeneratorTests, org.jfree.chart.urls.junit.StandardPieURLGeneratorTests, org.jfree.chart.urls.junit.StandardXYURLGeneratorTests, org.jfree.chart.urls.junit.StandardXYURLGeneratorTests, org.jfree.chart.urls.junit.TimeSeriesURLGeneratorTests, org.jfree.chart.urls.junit.TimeSeriesURLGeneratorTests, org.jfree.chart.urls.junit.UrlsPackageTests, org.jfree.chart.urls.junit.UrlsPackageTests, org.jfree.chart.util.junit.RelativeDateFormatTests, org.jfree.chart.util.junit.RelativeDateFormatTests, org.jfree.chart.util.junit.UtilPackageTests, org.jfree.chart.util.junit.UtilPackageTests, org.jfree.data.category.junit.CategoryToPieDatasetTests, org.jfree.data.category.junit.CategoryToPieDatasetTests, org.jfree.data.category.junit.DataCategoryPackageTests, org.jfree.data.category.junit.DataCategoryPackageTests, org.jfree.data.category.junit.DefaultCategoryDatasetTests, org.jfree.data.category.junit.DefaultCategoryDatasetTests, org.jfree.data.category.junit.DefaultIntervalCategoryDatasetTests, org.jfree.data.category.junit.DefaultIntervalCategoryDatasetTests, org.jfree.data.gantt.junit.DataGanttPackageTests, org.jfree.data.gantt.junit.DataGanttPackageTests, org.jfree.data.gantt.junit.TaskSeriesCollectionTests, org.jfree.data.gantt.junit.TaskSeriesCollectionTests, org.jfree.data.gantt.junit.TaskSeriesTests, org.jfree.data.gantt.junit.TaskSeriesTests, org.jfree.data.gantt.junit.TaskTests, org.jfree.data.gantt.junit.TaskTests, org.jfree.data.general.junit.DataGeneralPackageTests, org.jfree.data.general.junit.DataGeneralPackageTests, org.jfree.data.general.junit.DatasetGroupTests, org.jfree.data.general.junit.DatasetGroupTests, org.jfree.data.general.junit.DatasetUtilitiesTests, org.jfree.data.general.junit.DatasetUtilitiesTests, org.jfree.data.general.junit.DefaultKeyedValueDatasetTests, org.jfree.data.general.junit.DefaultKeyedValueDatasetTests, org.jfree.data.general.junit.DefaultKeyedValues2DDatasetTests, org.jfree.data.general.junit.DefaultKeyedValues2DDatasetTests, org.jfree.data.general.junit.DefaultKeyedValuesDatasetTests, org.jfree.data.general.junit.DefaultKeyedValuesDatasetTests, org.jfree.data.general.junit.DefaultPieDatasetTests, org.jfree.data.general.junit.DefaultPieDatasetTests, org.jfree.data.junit.ComparableObjectItemTests, org.jfree.data.junit.ComparableObjectItemTests, org.jfree.data.junit.ComparableObjectSeriesTests, org.jfree.data.junit.ComparableObjectSeriesTests, org.jfree.data.junit.DataPackageTests, org.jfree.data.junit.DataPackageTests, org.jfree.data.junit.DataUtilitiesTests, org.jfree.data.junit.DataUtilitiesTests, org.jfree.data.junit.DefaultKeyedValueTests, org.jfree.data.junit.DefaultKeyedValueTests, org.jfree.data.junit.DefaultKeyedValues2DTests, org.jfree.data.junit.DefaultKeyedValues2DTests, org.jfree.data.junit.DefaultKeyedValuesTests, org.jfree.data.junit.DefaultKeyedValuesTests, org.jfree.data.junit.DomainOrderTests, org.jfree.data.junit.DomainOrderTests, org.jfree.data.junit.KeyToGroupMapTests, org.jfree.data.junit.KeyToGroupMapTests, org.jfree.data.junit.KeyedObjectTests, org.jfree.data.junit.KeyedObjectTests, org.jfree.data.junit.KeyedObjects2DTests, org.jfree.data.junit.KeyedObjects2DTests, org.jfree.data.junit.KeyedObjectsTests, org.jfree.data.junit.KeyedObjectsTests, org.jfree.data.junit.RangeTests, org.jfree.data.junit.RangeTests, org.jfree.data.junit.RangeTypeTests, org.jfree.data.junit.RangeTypeTests, org.jfree.data.statistics.junit.BoxAndWhiskerCalculatorTests, org.jfree.data.statistics.junit.BoxAndWhiskerCalculatorTests, org.jfree.data.statistics.junit.BoxAndWhiskerItemTests, org.jfree.data.statistics.junit.BoxAndWhiskerItemTests, org.jfree.data.statistics.junit.DataStatisticsPackageTests, org.jfree.data.statistics.junit.DataStatisticsPackageTests, org.jfree.data.statistics.junit.DefaultBoxAndWhiskerCategoryDatasetTests, org.jfree.data.statistics.junit.DefaultBoxAndWhiskerCategoryDatasetTests, org.jfree.data.statistics.junit.DefaultMultiValueCategoryDatasetTests, org.jfree.data.statistics.junit.DefaultMultiValueCategoryDatasetTests, org.jfree.data.statistics.junit.DefaultStatisticalCategoryDatasetTests, org.jfree.data.statistics.junit.DefaultStatisticalCategoryDatasetTests, org.jfree.data.statistics.junit.HistogramBinTests, org.jfree.data.statistics.junit.HistogramBinTests, org.jfree.data.statistics.junit.HistogramDatasetTests, org.jfree.data.statistics.junit.HistogramDatasetTests, org.jfree.data.statistics.junit.MeanAndStandardDeviationTests, org.jfree.data.statistics.junit.MeanAndStandardDeviationTests, org.jfree.data.statistics.junit.RegressionTests, org.jfree.data.statistics.junit.RegressionTests, org.jfree.data.statistics.junit.SimpleHistogramBinTests, org.jfree.data.statistics.junit.SimpleHistogramBinTests, org.jfree.data.statistics.junit.SimpleHistogramDatasetTests, org.jfree.data.statistics.junit.SimpleHistogramDatasetTests, org.jfree.data.statistics.junit.StatisticsTests, org.jfree.data.statistics.junit.StatisticsTests, org.jfree.data.time.junit.DataTimePackageTests, org.jfree.data.time.junit.DataTimePackageTests, org.jfree.data.time.junit.DateRangeTests, org.jfree.data.time.junit.DateRangeTests, org.jfree.data.time.junit.DayTests, org.jfree.data.time.junit.DayTests, org.jfree.data.time.junit.FixedMillisecondTests, org.jfree.data.time.junit.FixedMillisecondTests, org.jfree.data.time.junit.HourTests, org.jfree.data.time.junit.HourTests, org.jfree.data.time.junit.MillisecondTests, org.jfree.data.time.junit.MillisecondTests, org.jfree.data.time.junit.MinuteTests, org.jfree.data.time.junit.MinuteTests, org.jfree.data.time.junit.MonthTests, org.jfree.data.time.junit.MonthTests, org.jfree.data.time.junit.MovingAverageTests, org.jfree.data.time.junit.MovingAverageTests, org.jfree.data.time.junit.QuarterTests, org.jfree.data.time.junit.QuarterTests, org.jfree.data.time.junit.SecondTests, org.jfree.data.time.junit.SecondTests, org.jfree.data.time.junit.SimpleTimePeriodTests, org.jfree.data.time.junit.SimpleTimePeriodTests, org.jfree.data.time.junit.TimePeriodAnchorTests, org.jfree.data.time.junit.TimePeriodAnchorTests, org.jfree.data.time.junit.TimePeriodValueTests, org.jfree.data.time.junit.TimePeriodValueTests, org.jfree.data.time.junit.TimePeriodValuesCollectionTests, org.jfree.data.time.junit.TimePeriodValuesCollectionTests, org.jfree.data.time.junit.TimePeriodValuesTests, org.jfree.data.time.junit.TimePeriodValuesTests, org.jfree.data.time.junit.TimeSeriesCollectionTests, org.jfree.data.time.junit.TimeSeriesCollectionTests, org.jfree.data.time.junit.TimeSeriesDataItemTests, org.jfree.data.time.junit.TimeSeriesDataItemTests, org.jfree.data.time.junit.TimeSeriesTests, org.jfree.data.time.junit.TimeSeriesTests, org.jfree.data.time.junit.TimeTableXYDatasetTests, org.jfree.data.time.junit.TimeTableXYDatasetTests, org.jfree.data.time.junit.WeekTests, org.jfree.data.time.junit.WeekTests, org.jfree.data.time.junit.YearTests, org.jfree.data.time.junit.YearTests, org.jfree.data.time.ohlc.junit.OHLCItemTests, org.jfree.data.time.ohlc.junit.OHLCItemTests, org.jfree.data.time.ohlc.junit.OHLCPackageTests, org.jfree.data.time.ohlc.junit.OHLCPackageTests, org.jfree.data.time.ohlc.junit.OHLCSeriesCollectionTests, org.jfree.data.time.ohlc.junit.OHLCSeriesCollectionTests, org.jfree.data.time.ohlc.junit.OHLCSeriesTests, org.jfree.data.time.ohlc.junit.OHLCSeriesTests, org.jfree.data.time.ohlc.junit.OHLCTests, org.jfree.data.time.ohlc.junit.OHLCTests, org.jfree.data.xy.junit.CategoryTableXYDatasetTests, org.jfree.data.xy.junit.CategoryTableXYDatasetTests, org.jfree.data.xy.junit.DataXYPackageTests, org.jfree.data.xy.junit.DataXYPackageTests, org.jfree.data.xy.junit.DefaultHighLowDatasetTests, org.jfree.data.xy.junit.DefaultHighLowDatasetTests, org.jfree.data.xy.junit.DefaultIntervalXYDatasetTests, org.jfree.data.xy.junit.DefaultIntervalXYDatasetTests, org.jfree.data.xy.junit.DefaultOHLCDatasetTests, org.jfree.data.xy.junit.DefaultOHLCDatasetTests, org.jfree.data.xy.junit.DefaultTableXYDatasetTests, org.jfree.data.xy.junit.DefaultTableXYDatasetTests, org.jfree.data.xy.junit.DefaultWindDatasetTests, org.jfree.data.xy.junit.DefaultWindDatasetTests, org.jfree.data.xy.junit.DefaultXYDatasetTests, org.jfree.data.xy.junit.DefaultXYDatasetTests, org.jfree.data.xy.junit.DefaultXYZDatasetTests, org.jfree.data.xy.junit.DefaultXYZDatasetTests, org.jfree.data.xy.junit.IntervalXYDelegateTests, org.jfree.data.xy.junit.IntervalXYDelegateTests, org.jfree.data.xy.junit.MatrixSeriesCollectionTests, org.jfree.data.xy.junit.MatrixSeriesCollectionTests, org.jfree.data.xy.junit.MatrixSeriesTests, org.jfree.data.xy.junit.MatrixSeriesTests, org.jfree.data.xy.junit.OHLCDataItemTests, org.jfree.data.xy.junit.OHLCDataItemTests, org.jfree.data.xy.junit.TableXYDatasetTests, org.jfree.data.xy.junit.TableXYDatasetTests, org.jfree.data.xy.junit.VectorDataItemTests, org.jfree.data.xy.junit.VectorDataItemTests, org.jfree.data.xy.junit.VectorSeriesCollectionTests, org.jfree.data.xy.junit.VectorSeriesCollectionTests, org.jfree.data.xy.junit.VectorSeriesTests, org.jfree.data.xy.junit.VectorSeriesTests, org.jfree.data.xy.junit.VectorTests, org.jfree.data.xy.junit.VectorTests, org.jfree.data.xy.junit.XIntervalDataItemTests, org.jfree.data.xy.junit.XIntervalDataItemTests, org.jfree.data.xy.junit.XIntervalSeriesCollectionTests, org.jfree.data.xy.junit.XIntervalSeriesCollectionTests, org.jfree.data.xy.junit.XIntervalSeriesTests, org.jfree.data.xy.junit.XIntervalSeriesTests, org.jfree.data.xy.junit.XYBarDatasetTests, org.jfree.data.xy.junit.XYBarDatasetTests, org.jfree.data.xy.junit.XYCoordinateTests, org.jfree.data.xy.junit.XYCoordinateTests, org.jfree.data.xy.junit.XYDataItemTests, org.jfree.data.xy.junit.XYDataItemTests, org.jfree.data.xy.junit.XYIntervalDataItemTests, org.jfree.data.xy.junit.XYIntervalDataItemTests, org.jfree.data.xy.junit.XYIntervalSeriesCollectionTests, org.jfree.data.xy.junit.XYIntervalSeriesCollectionTests, org.jfree.data.xy.junit.XYIntervalSeriesTests, org.jfree.data.xy.junit.XYIntervalSeriesTests, org.jfree.data.xy.junit.XYIntervalTests, org.jfree.data.xy.junit.XYIntervalTests, org.jfree.data.xy.junit.XYSeriesCollectionTests, org.jfree.data.xy.junit.XYSeriesCollectionTests, org.jfree.data.xy.junit.XYSeriesTests, org.jfree.data.xy.junit.XYSeriesTests, org.jfree.data.xy.junit.YIntervalDataItemTests, org.jfree.data.xy.junit.YIntervalDataItemTests, org.jfree.data.xy.junit.YIntervalSeriesCollectionTests, org.jfree.data.xy.junit.YIntervalSeriesCollectionTests, org.jfree.data.xy.junit.YIntervalSeriesTests, org.jfree.data.xy.junit.YIntervalSeriesTests, org.jfree.data.xy.junit.YIntervalTests, org.jfree.data.xy.junit.YIntervalTests, org.jfree.data.xy.junit.YWithXIntervalTests, org.jfree.data.xy.junit.YWithXIntervalTests], complianceLevel=4, outputFolder=., json=true}
16:07:49.372 [main] INFO  fr.inria.lille.repair.nopol.NoPol - Available processors (cores): 32
16:07:49.377 [main] INFO  fr.inria.lille.repair.nopol.NoPol - Free memory: 886 MB
16:07:49.377 [main] INFO  fr.inria.lille.repair.nopol.NoPol - Maximum memory: 3 GB
16:07:49.377 [main] INFO  fr.inria.lille.repair.nopol.NoPol - Total memory available to JVM: 989 MB
16:07:49.377 [main] INFO  fr.inria.lille.repair.nopol.NoPol - Java version: 1.8.0_181
16:07:49.378 [main] INFO  fr.inria.lille.repair.nopol.NoPol - JAVA_HOME: /usr/lib/jvm/java-1.8.0-openjdk-amd64/bin/
16:07:49.378 [main] INFO  fr.inria.lille.repair.nopol.NoPol - PATH: /usr/lib/jvm/java-1.8.0-openjdk-amd64/bin/:/usr/lib/oar/oardodo:/usr/lib/oar/oardodo:/usr/local/bin:/usr/bin:/bin:/usr/games
16:08:08.987 [pool-2-thread-1] DEBUG fr.inria.lille.repair.nopol.NoPol - statement #1
16:08:08.987 [pool-2-thread-1] DEBUG fr.inria.lille.repair.nopol.NoPol - Analysing SourceLocation org.jfree.data.DefaultKeyedValues:338 which is executed by 8 tests
-1634992864
16:08:09.195 [pool-2-thread-1] DEBUG fr.inria.lille.repair.nopol.NoPol - statement #2
16:08:09.196 [pool-2-thread-1] DEBUG fr.inria.lille.repair.nopol.NoPol - Analysing SourceLocation org.jfree.data.DefaultKeyedValues:337 which is executed by 8 tests
-1634992864
16:08:09.303 [pool-2-thread-1] DEBUG fr.inria.lille.repair.nopol.NoPol - looking with class fr.inria.lille.repair.nopol.spoon.smt.ConditionalAdder
junit.framework.AssertionFailedError
    at junit.framework.Assert.fail(Assert.java:55)
    at junit.framework.Assert.assertTrue(Assert.java:22)
    at junit.framework.Assert.assertTrue(Assert.java:31)
    at junit.framework.TestCase.assertTrue(TestCase.java:201)
    at org.jfree.data.junit.DefaultKeyedValuesTests.testRemoveValue(DefaultKeyedValuesTests.java:372)
    at sun.reflect.NativeMethodAccessorImpl.invoke0(Native Method)
junit.framework.AssertionFailedError: expected:<-1> but was:<0>
    at junit.framework.Assert.fail(Assert.java:57)
    at junit.framework.Assert.failNotEquals(Assert.java:329)
    at junit.framework.Assert.assertEquals(Assert.java:78)
    at junit.framework.Assert.assertEquals(Assert.java:234)
    at junit.framework.Assert.assertEquals(Assert.java:241)
    at junit.framework.TestCase.assertEquals(TestCase.java:409)
junit.framework.AssertionFailedError
    at junit.framework.Assert.fail(Assert.java:55)
    at junit.framework.Assert.assertTrue(Assert.java:22)
    at junit.framework.Assert.assertTrue(Assert.java:31)
    at junit.framework.TestCase.assertTrue(TestCase.java:201)
    at org.jfree.data.junit.DefaultKeyedValuesTests.testRemoveValue(DefaultKeyedValuesTests.java:372)
    at sun.reflect.NativeMethodAccessorImpl.invoke0(Native Method)
junit.framework.AssertionFailedError: expected:<-1> but was:<0>
    at junit.framework.Assert.fail(Assert.java:57)
    at junit.framework.Assert.failNotEquals(Assert.java:329)
    at junit.framework.Assert.assertEquals(Assert.java:78)
    at junit.framework.Assert.assertEquals(Assert.java:234)
    at junit.framework.Assert.assertEquals(Assert.java:241)
    at junit.framework.TestCase.assertEquals(TestCase.java:409)
java.lang.IndexOutOfBoundsException: Index: 0, Size: 0
    at java.util.ArrayList.rangeCheck(ArrayList.java:657)
    at java.util.ArrayList.set(ArrayList.java:448)
    at org.jfree.data.DefaultKeyedValues.setValue(DefaultKeyedValues.java:234)
    at org.jfree.data.DefaultKeyedValues2D.setValue(DefaultKeyedValues2D.java:337)
    at org.jfree.data.DefaultKeyedValues2D.addValue(DefaultKeyedValues2D.java:303)
    at org.jfree.data.category.DefaultCategoryDataset.addValue(DefaultCategoryDataset.java:218)
java.lang.IndexOutOfBoundsException: Index: 0, Size: 0
    at java.util.ArrayList.rangeCheck(ArrayList.java:657)
    at java.util.ArrayList.set(ArrayList.java:448)
    at org.jfree.data.DefaultKeyedValues.setValue(DefaultKeyedValues.java:234)
    at org.jfree.data.DefaultKeyedValues2D.setValue(DefaultKeyedValues2D.java:337)
    at org.jfree.data.DefaultKeyedValues2D.addValue(DefaultKeyedValues2D.java:303)
    at org.jfree.data.category.DefaultCategoryDataset.addValue(DefaultCategoryDataset.java:218)
java.lang.IndexOutOfBoundsException: Index: 0, Size: 0
    at java.util.ArrayList.rangeCheck(ArrayList.java:657)
    at java.util.ArrayList.set(ArrayList.java:448)
    at org.jfree.data.DefaultKeyedValues.setValue(DefaultKeyedValues.java:234)
    at org.jfree.data.DefaultKeyedValues2D.setValue(DefaultKeyedValues2D.java:337)
    at org.jfree.data.DefaultKeyedValues2D.addValue(DefaultKeyedValues2D.java:303)
    at org.jfree.data.junit.DefaultKeyedValues2DTests.testRemoveColumnByKey(DefaultKeyedValues2DTests.java:354)
junit.framework.AssertionFailedError
    at junit.framework.Assert.fail(Assert.java:55)
    at junit.framework.Assert.assertTrue(Assert.java:22)
    at junit.framework.Assert.assertTrue(Assert.java:31)
    at junit.framework.TestCase.assertTrue(TestCase.java:201)
    at org.jfree.data.junit.DefaultKeyedValuesTests.testRemoveValue(DefaultKeyedValuesTests.java:372)
    at sun.reflect.NativeMethodAccessorImpl.invoke0(Native Method)
junit.framework.AssertionFailedError: expected:<-1> but was:<0>
    at junit.framework.Assert.fail(Assert.java:57)
    at junit.framework.Assert.failNotEquals(Assert.java:329)
    at junit.framework.Assert.assertEquals(Assert.java:78)
    at junit.framework.Assert.assertEquals(Assert.java:234)
    at junit.framework.Assert.assertEquals(Assert.java:241)
    at junit.framework.TestCase.assertEquals(TestCase.java:409)
junit.framework.AssertionFailedError
    at junit.framework.Assert.fail(Assert.java:55)
    at junit.framework.Assert.assertTrue(Assert.java:22)
    at junit.framework.Assert.assertTrue(Assert.java:31)
    at junit.framework.TestCase.assertTrue(TestCase.java:201)
    at org.jfree.data.junit.DefaultKeyedValuesTests.testRemoveValue(DefaultKeyedValuesTests.java:372)
    at sun.reflect.NativeMethodAccessorImpl.invoke0(Native Method)
junit.framework.AssertionFailedError: expected:<-1> but was:<0>
    at junit.framework.Assert.fail(Assert.java:57)
    at junit.framework.Assert.failNotEquals(Assert.java:329)
    at junit.framework.Assert.assertEquals(Assert.java:78)
    at junit.framework.Assert.assertEquals(Assert.java:234)
    at junit.framework.Assert.assertEquals(Assert.java:241)
    at junit.framework.TestCase.assertEquals(TestCase.java:409)
java.lang.IndexOutOfBoundsException: Index: 0, Size: 0
    at java.util.ArrayList.rangeCheck(ArrayList.java:657)
    at java.util.ArrayList.set(ArrayList.java:448)
    at org.jfree.data.DefaultKeyedValues.setValue(DefaultKeyedValues.java:234)
    at org.jfree.data.DefaultKeyedValues2D.setValue(DefaultKeyedValues2D.java:337)
    at org.jfree.data.DefaultKeyedValues2D.addValue(DefaultKeyedValues2D.java:303)
    at org.jfree.data.junit.DefaultKeyedValues2DTests.testRemoveColumnByKey(DefaultKeyedValues2DTests.java:354)
16:08:09.379 [pool-4-thread-1] INFO  xxl.java.junit.TestCasesListener - Tests run finished (41 ms)
<> Total tests run: 122
<> Ignored tests: 0
<> Failed tests: 12
~ testRemoveValue(org.jfree.data.junit.DefaultKeyedValuesTests)
[null]
junit.framework.AssertionFailedError    at junit.framework.Assert.fail(Assert.java:55)
    at junit.framework.Assert.assertTrue(Assert.java:22)
    at junit.framework.Assert.assertTrue(Assert.java:31)
    at junit.framework.TestCase.assertTrue(TestCase.java:201)
    at org.jfree.data.junit.DefaultKeyedValuesTests.testRemoveValue(DefaultKeyedValuesTests.java:372)
    at sun.reflect.NativeMethodAccessorImpl.invoke0(Native Method)
~ testGetIndex2(org.jfree.data.junit.DefaultKeyedValuesTests)
[expected:<-1> but was:<0>]
junit.framework.AssertionFailedError: expected:<-1> but was:<0>    at junit.framework.Assert.fail(Assert.java:57)
    at junit.framework.Assert.failNotEquals(Assert.java:329)
    at junit.framework.Assert.assertEquals(Assert.java:78)
    at junit.framework.Assert.assertEquals(Assert.java:234)
    at junit.framework.Assert.assertEquals(Assert.java:241)
    at junit.framework.TestCase.assertEquals(TestCase.java:409)
~ testRemoveValue(org.jfree.data.junit.DefaultKeyedValuesTests)
[null]
junit.framework.AssertionFailedError    at junit.framework.Assert.fail(Assert.java:55)
    at junit.framework.Assert.assertTrue(Assert.java:22)
    at junit.framework.Assert.assertTrue(Assert.java:31)
    at junit.framework.TestCase.assertTrue(TestCase.java:201)
    at org.jfree.data.junit.DefaultKeyedValuesTests.testRemoveValue(DefaultKeyedValuesTests.java:372)
    at sun.reflect.NativeMethodAccessorImpl.invoke0(Native Method)
~ testGetIndex2(org.jfree.data.junit.DefaultKeyedValuesTests)
[expected:<-1> but was:<0>]
junit.framework.AssertionFailedError: expected:<-1> but was:<0>    at junit.framework.Assert.fail(Assert.java:57)
    at junit.framework.Assert.failNotEquals(Assert.java:329)
    at junit.framework.Assert.assertEquals(Assert.java:78)
    at junit.framework.Assert.assertEquals(Assert.java:234)
    at junit.framework.Assert.assertEquals(Assert.java:241)
    at junit.framework.TestCase.assertEquals(TestCase.java:409)
~ testBug1835955(org.jfree.data.category.junit.DefaultCategoryDatasetTests)
[Index: 0, Size: 0]
java.lang.IndexOutOfBoundsException: Index: 0, Size: 0    at java.util.ArrayList.rangeCheck(ArrayList.java:657)
    at java.util.ArrayList.set(ArrayList.java:448)
    at org.jfree.data.DefaultKeyedValues.setValue(DefaultKeyedValues.java:234)
    at org.jfree.data.DefaultKeyedValues2D.setValue(DefaultKeyedValues2D.java:337)
    at org.jfree.data.DefaultKeyedValues2D.addValue(DefaultKeyedValues2D.java:303)
    at org.jfree.data.category.DefaultCategoryDataset.addValue(DefaultCategoryDataset.java:218)
~ testBug1835955(org.jfree.data.category.junit.DefaultCategoryDatasetTests)
[Index: 0, Size: 0]
java.lang.IndexOutOfBoundsException: Index: 0, Size: 0    at java.util.ArrayList.rangeCheck(ArrayList.java:657)
    at java.util.ArrayList.set(ArrayList.java:448)
    at org.jfree.data.DefaultKeyedValues.setValue(DefaultKeyedValues.java:234)
    at org.jfree.data.DefaultKeyedValues2D.setValue(DefaultKeyedValues2D.java:337)
    at org.jfree.data.DefaultKeyedValues2D.addValue(DefaultKeyedValues2D.java:303)
    at org.jfree.data.category.DefaultCategoryDataset.addValue(DefaultCategoryDataset.java:218)
~ testRemoveColumnByKey(org.jfree.data.junit.DefaultKeyedValues2DTests)
[Index: 0, Size: 0]
java.lang.IndexOutOfBoundsException: Index: 0, Size: 0    at java.util.ArrayList.rangeCheck(ArrayList.java:657)
    at java.util.ArrayList.set(ArrayList.java:448)
    at org.jfree.data.DefaultKeyedValues.setValue(DefaultKeyedValues.java:234)
    at org.jfree.data.DefaultKeyedValues2D.setValue(DefaultKeyedValues2D.java:337)
    at org.jfree.data.DefaultKeyedValues2D.addValue(DefaultKeyedValues2D.java:303)
    at org.jfree.data.junit.DefaultKeyedValues2DTests.testRemoveColumnByKey(DefaultKeyedValues2DTests.java:354)
~ testRemoveValue(org.jfree.data.junit.DefaultKeyedValuesTests)
[null]
junit.framework.AssertionFailedError    at junit.framework.Assert.fail(Assert.java:55)
    at junit.framework.Assert.assertTrue(Assert.java:22)
    at junit.framework.Assert.assertTrue(Assert.java:31)
    at junit.framework.TestCase.assertTrue(TestCase.java:201)
    at org.jfree.data.junit.DefaultKeyedValuesTests.testRemoveValue(DefaultKeyedValuesTests.java:372)
    at sun.reflect.NativeMethodAccessorImpl.invoke0(Native Method)
~ testGetIndex2(org.jfree.data.junit.DefaultKeyedValuesTests)
[expected:<-1> but was:<0>]
junit.framework.AssertionFailedError: expected:<-1> but was:<0>    at junit.framework.Assert.fail(Assert.java:57)
    at junit.framework.Assert.failNotEquals(Assert.java:329)
    at junit.framework.Assert.assertEquals(Assert.java:78)
    at junit.framework.Assert.assertEquals(Assert.java:234)
    at junit.framework.Assert.assertEquals(Assert.java:241)
    at junit.framework.TestCase.assertEquals(TestCase.java:409)
~ testRemoveValue(org.jfree.data.junit.DefaultKeyedValuesTests)
[null]
junit.framework.AssertionFailedError    at junit.framework.Assert.fail(Assert.java:55)
    at junit.framework.Assert.assertTrue(Assert.java:22)
    at junit.framework.Assert.assertTrue(Assert.java:31)
    at junit.framework.TestCase.assertTrue(TestCase.java:201)
    at org.jfree.data.junit.DefaultKeyedValuesTests.testRemoveValue(DefaultKeyedValuesTests.java:372)
    at sun.reflect.NativeMethodAccessorImpl.invoke0(Native Method)
~ testGetIndex2(org.jfree.data.junit.DefaultKeyedValuesTests)
[expected:<-1> but was:<0>]
junit.framework.AssertionFailedError: expected:<-1> but was:<0>    at junit.framework.Assert.fail(Assert.java:57)
    at junit.framework.Assert.failNotEquals(Assert.java:329)
    at junit.framework.Assert.assertEquals(Assert.java:78)
    at junit.framework.Assert.assertEquals(Assert.java:234)
    at junit.framework.Assert.assertEquals(Assert.java:241)
    at junit.framework.TestCase.assertEquals(TestCase.java:409)
~ testRemoveColumnByKey(org.jfree.data.junit.DefaultKeyedValues2DTests)
[Index: 0, Size: 0]
java.lang.IndexOutOfBoundsException: Index: 0, Size: 0    at java.util.ArrayList.rangeCheck(ArrayList.java:657)
    at java.util.ArrayList.set(ArrayList.java:448)
    at org.jfree.data.DefaultKeyedValues.setValue(DefaultKeyedValues.java:234)
    at org.jfree.data.DefaultKeyedValues2D.setValue(DefaultKeyedValues2D.java:337)
    at org.jfree.data.DefaultKeyedValues2D.addValue(DefaultKeyedValues2D.java:303)
    at org.jfree.data.junit.DefaultKeyedValues2DTests.testRemoveColumnByKey(DefaultKeyedValues2DTests.java:354)

16:08:10.144 [pool-2-thread-1] DEBUG fr.inria.lille.repair.nopol.NoPol - statement #3
16:08:10.145 [pool-2-thread-1] DEBUG fr.inria.lille.repair.nopol.NoPol - Analysing SourceLocation org.jfree.data.DefaultKeyedValues:334 which is executed by 8 tests
-1634992864
16:08:10.224 [pool-2-thread-1] DEBUG fr.inria.lille.repair.nopol.NoPol - looking with class fr.inria.lille.repair.nopol.spoon.smt.ConditionalAdder
junit.framework.AssertionFailedError
    at junit.framework.Assert.fail(Assert.java:55)
    at junit.framework.Assert.assertTrue(Assert.java:22)
    at junit.framework.Assert.assertTrue(Assert.java:31)
    at junit.framework.TestCase.assertTrue(TestCase.java:201)
    at org.jfree.data.junit.DefaultKeyedValuesTests.testRemoveValue(DefaultKeyedValuesTests.java:372)
    at sun.reflect.NativeMethodAccessorImpl.invoke0(Native Method)
junit.framework.AssertionFailedError: expected:<-1> but was:<0>
    at junit.framework.Assert.fail(Assert.java:57)
    at junit.framework.Assert.failNotEquals(Assert.java:329)
    at junit.framework.Assert.assertEquals(Assert.java:78)
    at junit.framework.Assert.assertEquals(Assert.java:234)
    at junit.framework.Assert.assertEquals(Assert.java:241)
    at junit.framework.TestCase.assertEquals(TestCase.java:409)
junit.framework.AssertionFailedError
    at junit.framework.Assert.fail(Assert.java:55)
    at junit.framework.Assert.assertTrue(Assert.java:22)
    at junit.framework.Assert.assertTrue(Assert.java:31)
    at junit.framework.TestCase.assertTrue(TestCase.java:201)
    at org.jfree.data.junit.DefaultKeyedValuesTests.testRemoveValue(DefaultKeyedValuesTests.java:372)
    at sun.reflect.NativeMethodAccessorImpl.invoke0(Native Method)
junit.framework.AssertionFailedError: expected:<-1> but was:<0>
    at junit.framework.Assert.fail(Assert.java:57)
    at junit.framework.Assert.failNotEquals(Assert.java:329)
    at junit.framework.Assert.assertEquals(Assert.java:78)
    at junit.framework.Assert.assertEquals(Assert.java:234)
    at junit.framework.Assert.assertEquals(Assert.java:241)
    at junit.framework.TestCase.assertEquals(TestCase.java:409)
java.lang.IndexOutOfBoundsException: Index: 0, Size: 0
    at java.util.ArrayList.rangeCheck(ArrayList.java:657)
    at java.util.ArrayList.set(ArrayList.java:448)
    at org.jfree.data.DefaultKeyedValues.setValue(DefaultKeyedValues.java:234)
    at org.jfree.data.DefaultKeyedValues2D.setValue(DefaultKeyedValues2D.java:337)
    at org.jfree.data.DefaultKeyedValues2D.addValue(DefaultKeyedValues2D.java:303)
    at org.jfree.data.category.DefaultCategoryDataset.addValue(DefaultCategoryDataset.java:218)
java.lang.IndexOutOfBoundsException: Index: 0, Size: 0
    at java.util.ArrayList.rangeCheck(ArrayList.java:657)
    at java.util.ArrayList.set(ArrayList.java:448)
    at org.jfree.data.DefaultKeyedValues.setValue(DefaultKeyedValues.java:234)
    at org.jfree.data.DefaultKeyedValues2D.setValue(DefaultKeyedValues2D.java:337)
    at org.jfree.data.DefaultKeyedValues2D.addValue(DefaultKeyedValues2D.java:303)
    at org.jfree.data.category.DefaultCategoryDataset.addValue(DefaultCategoryDataset.java:218)
java.lang.IndexOutOfBoundsException: Index: 0, Size: 0
    at java.util.ArrayList.rangeCheck(ArrayList.java:657)
    at java.util.ArrayList.set(ArrayList.java:448)
    at org.jfree.data.DefaultKeyedValues.setValue(DefaultKeyedValues.java:234)
    at org.jfree.data.DefaultKeyedValues2D.setValue(DefaultKeyedValues2D.java:337)
    at org.jfree.data.DefaultKeyedValues2D.addValue(DefaultKeyedValues2D.java:303)
    at org.jfree.data.junit.DefaultKeyedValues2DTests.testRemoveColumnByKey(DefaultKeyedValues2DTests.java:354)
junit.framework.AssertionFailedError
    at junit.framework.Assert.fail(Assert.java:55)
    at junit.framework.Assert.assertTrue(Assert.java:22)
    at junit.framework.Assert.assertTrue(Assert.java:31)
    at junit.framework.TestCase.assertTrue(TestCase.java:201)
    at org.jfree.data.junit.DefaultKeyedValuesTests.testRemoveValue(DefaultKeyedValuesTests.java:372)
    at sun.reflect.NativeMethodAccessorImpl.invoke0(Native Method)
junit.framework.AssertionFailedError: expected:<-1> but was:<0>
    at junit.framework.Assert.fail(Assert.java:57)
    at junit.framework.Assert.failNotEquals(Assert.java:329)
    at junit.framework.Assert.assertEquals(Assert.java:78)
    at junit.framework.Assert.assertEquals(Assert.java:234)
    at junit.framework.Assert.assertEquals(Assert.java:241)
    at junit.framework.TestCase.assertEquals(TestCase.java:409)
junit.framework.AssertionFailedError
    at junit.framework.Assert.fail(Assert.java:55)
    at junit.framework.Assert.assertTrue(Assert.java:22)
    at junit.framework.Assert.assertTrue(Assert.java:31)
    at junit.framework.TestCase.assertTrue(TestCase.java:201)
    at org.jfree.data.junit.DefaultKeyedValuesTests.testRemoveValue(DefaultKeyedValuesTests.java:372)
    at sun.reflect.NativeMethodAccessorImpl.invoke0(Native Method)
junit.framework.AssertionFailedError: expected:<-1> but was:<0>
    at junit.framework.Assert.fail(Assert.java:57)
    at junit.framework.Assert.failNotEquals(Assert.java:329)
    at junit.framework.Assert.assertEquals(Assert.java:78)
    at junit.framework.Assert.assertEquals(Assert.java:234)
    at junit.framework.Assert.assertEquals(Assert.java:241)
    at junit.framework.TestCase.assertEquals(TestCase.java:409)
java.lang.IndexOutOfBoundsException: Index: 0, Size: 0
    at java.util.ArrayList.rangeCheck(ArrayList.java:657)
    at java.util.ArrayList.set(ArrayList.java:448)
    at org.jfree.data.DefaultKeyedValues.setValue(DefaultKeyedValues.java:234)
    at org.jfree.data.DefaultKeyedValues2D.setValue(DefaultKeyedValues2D.java:337)
    at org.jfree.data.DefaultKeyedValues2D.addValue(DefaultKeyedValues2D.java:303)
    at org.jfree.data.junit.DefaultKeyedValues2DTests.testRemoveColumnByKey(DefaultKeyedValues2DTests.java:354)
16:08:10.261 [pool-14-thread-1] INFO  xxl.java.junit.TestCasesListener - Tests run finished (23 ms)
<> Total tests run: 122
<> Ignored tests: 0
<> Failed tests: 12
~ testRemoveValue(org.jfree.data.junit.DefaultKeyedValuesTests)
[null]
junit.framework.AssertionFailedError    at junit.framework.Assert.fail(Assert.java:55)
    at junit.framework.Assert.assertTrue(Assert.java:22)
    at junit.framework.Assert.assertTrue(Assert.java:31)
    at junit.framework.TestCase.assertTrue(TestCase.java:201)
    at org.jfree.data.junit.DefaultKeyedValuesTests.testRemoveValue(DefaultKeyedValuesTests.java:372)
    at sun.reflect.NativeMethodAccessorImpl.invoke0(Native Method)
~ testGetIndex2(org.jfree.data.junit.DefaultKeyedValuesTests)
[expected:<-1> but was:<0>]
junit.framework.AssertionFailedError: expected:<-1> but was:<0>    at junit.framework.Assert.fail(Assert.java:57)
    at junit.framework.Assert.failNotEquals(Assert.java:329)
    at junit.framework.Assert.assertEquals(Assert.java:78)
    at junit.framework.Assert.assertEquals(Assert.java:234)
    at junit.framework.Assert.assertEquals(Assert.java:241)
    at junit.framework.TestCase.assertEquals(TestCase.java:409)
~ testRemoveValue(org.jfree.data.junit.DefaultKeyedValuesTests)
[null]
junit.framework.AssertionFailedError    at junit.framework.Assert.fail(Assert.java:55)
    at junit.framework.Assert.assertTrue(Assert.java:22)
    at junit.framework.Assert.assertTrue(Assert.java:31)
    at junit.framework.TestCase.assertTrue(TestCase.java:201)
    at org.jfree.data.junit.DefaultKeyedValuesTests.testRemoveValue(DefaultKeyedValuesTests.java:372)
    at sun.reflect.NativeMethodAccessorImpl.invoke0(Native Method)
~ testGetIndex2(org.jfree.data.junit.DefaultKeyedValuesTests)
[expected:<-1> but was:<0>]
junit.framework.AssertionFailedError: expected:<-1> but was:<0>    at junit.framework.Assert.fail(Assert.java:57)
    at junit.framework.Assert.failNotEquals(Assert.java:329)
    at junit.framework.Assert.assertEquals(Assert.java:78)
    at junit.framework.Assert.assertEquals(Assert.java:234)
    at junit.framework.Assert.assertEquals(Assert.java:241)
    at junit.framework.TestCase.assertEquals(TestCase.java:409)
~ testBug1835955(org.jfree.data.category.junit.DefaultCategoryDatasetTests)
[Index: 0, Size: 0]
java.lang.IndexOutOfBoundsException: Index: 0, Size: 0    at java.util.ArrayList.rangeCheck(ArrayList.java:657)
    at java.util.ArrayList.set(ArrayList.java:448)
    at org.jfree.data.DefaultKeyedValues.setValue(DefaultKeyedValues.java:234)
    at org.jfree.data.DefaultKeyedValues2D.setValue(DefaultKeyedValues2D.java:337)
    at org.jfree.data.DefaultKeyedValues2D.addValue(DefaultKeyedValues2D.java:303)
    at org.jfree.data.category.DefaultCategoryDataset.addValue(DefaultCategoryDataset.java:218)
~ testBug1835955(org.jfree.data.category.junit.DefaultCategoryDatasetTests)
[Index: 0, Size: 0]
java.lang.IndexOutOfBoundsException: Index: 0, Size: 0    at java.util.ArrayList.rangeCheck(ArrayList.java:657)
    at java.util.ArrayList.set(ArrayList.java:448)
    at org.jfree.data.DefaultKeyedValues.setValue(DefaultKeyedValues.java:234)
    at org.jfree.data.DefaultKeyedValues2D.setValue(DefaultKeyedValues2D.java:337)
    at org.jfree.data.DefaultKeyedValues2D.addValue(DefaultKeyedValues2D.java:303)
    at org.jfree.data.category.DefaultCategoryDataset.addValue(DefaultCategoryDataset.java:218)
~ testRemoveColumnByKey(org.jfree.data.junit.DefaultKeyedValues2DTests)
[Index: 0, Size: 0]
java.lang.IndexOutOfBoundsException: Index: 0, Size: 0    at java.util.ArrayList.rangeCheck(ArrayList.java:657)
    at java.util.ArrayList.set(ArrayList.java:448)
    at org.jfree.data.DefaultKeyedValues.setValue(DefaultKeyedValues.java:234)
    at org.jfree.data.DefaultKeyedValues2D.setValue(DefaultKeyedValues2D.java:337)
    at org.jfree.data.DefaultKeyedValues2D.addValue(DefaultKeyedValues2D.java:303)
    at org.jfree.data.junit.DefaultKeyedValues2DTests.testRemoveColumnByKey(DefaultKeyedValues2DTests.java:354)
~ testRemoveValue(org.jfree.data.junit.DefaultKeyedValuesTests)
[null]
junit.framework.AssertionFailedError    at junit.framework.Assert.fail(Assert.java:55)
    at junit.framework.Assert.assertTrue(Assert.java:22)
    at junit.framework.Assert.assertTrue(Assert.java:31)
    at junit.framework.TestCase.assertTrue(TestCase.java:201)
    at org.jfree.data.junit.DefaultKeyedValuesTests.testRemoveValue(DefaultKeyedValuesTests.java:372)
    at sun.reflect.NativeMethodAccessorImpl.invoke0(Native Method)
~ testGetIndex2(org.jfree.data.junit.DefaultKeyedValuesTests)
[expected:<-1> but was:<0>]
junit.framework.AssertionFailedError: expected:<-1> but was:<0>    at junit.framework.Assert.fail(Assert.java:57)
    at junit.framework.Assert.failNotEquals(Assert.java:329)
    at junit.framework.Assert.assertEquals(Assert.java:78)
    at junit.framework.Assert.assertEquals(Assert.java:234)
    at junit.framework.Assert.assertEquals(Assert.java:241)
    at junit.framework.TestCase.assertEquals(TestCase.java:409)
~ testRemoveValue(org.jfree.data.junit.DefaultKeyedValuesTests)
[null]
junit.framework.AssertionFailedError    at junit.framework.Assert.fail(Assert.java:55)
    at junit.framework.Assert.assertTrue(Assert.java:22)
    at junit.framework.Assert.assertTrue(Assert.java:31)
    at junit.framework.TestCase.assertTrue(TestCase.java:201)
    at org.jfree.data.junit.DefaultKeyedValuesTests.testRemoveValue(DefaultKeyedValuesTests.java:372)
    at sun.reflect.NativeMethodAccessorImpl.invoke0(Native Method)
~ testGetIndex2(org.jfree.data.junit.DefaultKeyedValuesTests)
[expected:<-1> but was:<0>]
junit.framework.AssertionFailedError: expected:<-1> but was:<0>    at junit.framework.Assert.fail(Assert.java:57)
    at junit.framework.Assert.failNotEquals(Assert.java:329)
    at junit.framework.Assert.assertEquals(Assert.java:78)
    at junit.framework.Assert.assertEquals(Assert.java:234)
    at junit.framework.Assert.assertEquals(Assert.java:241)
    at junit.framework.TestCase.assertEquals(TestCase.java:409)
~ testRemoveColumnByKey(org.jfree.data.junit.DefaultKeyedValues2DTests)
[Index: 0, Size: 0]
java.lang.IndexOutOfBoundsException: Index: 0, Size: 0    at java.util.ArrayList.rangeCheck(ArrayList.java:657)
    at java.util.ArrayList.set(ArrayList.java:448)
    at org.jfree.data.DefaultKeyedValues.setValue(DefaultKeyedValues.java:234)
    at org.jfree.data.DefaultKeyedValues2D.setValue(DefaultKeyedValues2D.java:337)
    at org.jfree.data.DefaultKeyedValues2D.addValue(DefaultKeyedValues2D.java:303)
    at org.jfree.data.junit.DefaultKeyedValues2DTests.testRemoveColumnByKey(DefaultKeyedValues2DTests.java:354)

16:08:10.427 [pool-2-thread-1] DEBUG fr.inria.lille.repair.nopol.NoPol - looking with class fr.inria.lille.repair.nopol.spoon.smt.ConditionalReplacer
junit.framework.AssertionFailedError
    at junit.framework.Assert.fail(Assert.java:55)
    at junit.framework.Assert.assertTrue(Assert.java:22)
    at junit.framework.Assert.assertTrue(Assert.java:31)
    at junit.framework.TestCase.assertTrue(TestCase.java:201)
    at org.jfree.data.junit.DefaultKeyedValuesTests.testRemoveValue(DefaultKeyedValuesTests.java:372)
    at sun.reflect.NativeMethodAccessorImpl.invoke0(Native Method)
junit.framework.AssertionFailedError: expected:<-1> but was:<0>
    at junit.framework.Assert.fail(Assert.java:57)
    at junit.framework.Assert.failNotEquals(Assert.java:329)
    at junit.framework.Assert.assertEquals(Assert.java:78)
    at junit.framework.Assert.assertEquals(Assert.java:234)
    at junit.framework.Assert.assertEquals(Assert.java:241)
    at junit.framework.TestCase.assertEquals(TestCase.java:409)
junit.framework.AssertionFailedError
    at junit.framework.Assert.fail(Assert.java:55)
    at junit.framework.Assert.assertTrue(Assert.java:22)
    at junit.framework.Assert.assertTrue(Assert.java:31)
    at junit.framework.TestCase.assertTrue(TestCase.java:201)
    at org.jfree.data.junit.DefaultKeyedValuesTests.testRemoveValue(DefaultKeyedValuesTests.java:372)
    at sun.reflect.NativeMethodAccessorImpl.invoke0(Native Method)
junit.framework.AssertionFailedError: expected:<-1> but was:<0>
    at junit.framework.Assert.fail(Assert.java:57)
    at junit.framework.Assert.failNotEquals(Assert.java:329)
    at junit.framework.Assert.assertEquals(Assert.java:78)
    at junit.framework.Assert.assertEquals(Assert.java:234)
    at junit.framework.Assert.assertEquals(Assert.java:241)
    at junit.framework.TestCase.assertEquals(TestCase.java:409)
java.lang.IndexOutOfBoundsException: Index: 0, Size: 0
    at java.util.ArrayList.rangeCheck(ArrayList.java:657)
    at java.util.ArrayList.set(ArrayList.java:448)
    at org.jfree.data.DefaultKeyedValues.setValue(DefaultKeyedValues.java:234)
    at org.jfree.data.DefaultKeyedValues2D.setValue(DefaultKeyedValues2D.java:337)
    at org.jfree.data.DefaultKeyedValues2D.addValue(DefaultKeyedValues2D.java:303)
    at org.jfree.data.category.DefaultCategoryDataset.addValue(DefaultCategoryDataset.java:218)
java.lang.IndexOutOfBoundsException: Index: 0, Size: 0
    at java.util.ArrayList.rangeCheck(ArrayList.java:657)
    at java.util.ArrayList.set(ArrayList.java:448)
    at org.jfree.data.DefaultKeyedValues.setValue(DefaultKeyedValues.java:234)
    at org.jfree.data.DefaultKeyedValues2D.setValue(DefaultKeyedValues2D.java:337)
    at org.jfree.data.DefaultKeyedValues2D.addValue(DefaultKeyedValues2D.java:303)
    at org.jfree.data.category.DefaultCategoryDataset.addValue(DefaultCategoryDataset.java:218)
java.lang.IndexOutOfBoundsException: Index: 0, Size: 0
    at java.util.ArrayList.rangeCheck(ArrayList.java:657)
    at java.util.ArrayList.set(ArrayList.java:448)
    at org.jfree.data.DefaultKeyedValues.setValue(DefaultKeyedValues.java:234)
    at org.jfree.data.DefaultKeyedValues2D.setValue(DefaultKeyedValues2D.java:337)
    at org.jfree.data.DefaultKeyedValues2D.addValue(DefaultKeyedValues2D.java:303)
    at org.jfree.data.junit.DefaultKeyedValues2DTests.testRemoveColumnByKey(DefaultKeyedValues2DTests.java:354)
junit.framework.AssertionFailedError
    at junit.framework.Assert.fail(Assert.java:55)
    at junit.framework.Assert.assertTrue(Assert.java:22)
    at junit.framework.Assert.assertTrue(Assert.java:31)
    at junit.framework.TestCase.assertTrue(TestCase.java:201)
    at org.jfree.data.junit.DefaultKeyedValuesTests.testRemoveValue(DefaultKeyedValuesTests.java:372)
    at sun.reflect.NativeMethodAccessorImpl.invoke0(Native Method)
junit.framework.AssertionFailedError: expected:<-1> but was:<0>
    at junit.framework.Assert.fail(Assert.java:57)
    at junit.framework.Assert.failNotEquals(Assert.java:329)
    at junit.framework.Assert.assertEquals(Assert.java:78)
    at junit.framework.Assert.assertEquals(Assert.java:234)
    at junit.framework.Assert.assertEquals(Assert.java:241)
    at junit.framework.TestCase.assertEquals(TestCase.java:409)
junit.framework.AssertionFailedError
    at junit.framework.Assert.fail(Assert.java:55)
    at junit.framework.Assert.assertTrue(Assert.java:22)
    at junit.framework.Assert.assertTrue(Assert.java:31)
    at junit.framework.TestCase.assertTrue(TestCase.java:201)
    at org.jfree.data.junit.DefaultKeyedValuesTests.testRemoveValue(DefaultKeyedValuesTests.java:372)
    at sun.reflect.NativeMethodAccessorImpl.invoke0(Native Method)
junit.framework.AssertionFailedError: expected:<-1> but was:<0>
    at junit.framework.Assert.fail(Assert.java:57)
    at junit.framework.Assert.failNotEquals(Assert.java:329)
    at junit.framework.Assert.assertEquals(Assert.java:78)
    at junit.framework.Assert.assertEquals(Assert.java:234)
    at junit.framework.Assert.assertEquals(Assert.java:241)
    at junit.framework.TestCase.assertEquals(TestCase.java:409)
java.lang.IndexOutOfBoundsException: Index: 0, Size: 0
    at java.util.ArrayList.rangeCheck(ArrayList.java:657)
    at java.util.ArrayList.set(ArrayList.java:448)
    at org.jfree.data.DefaultKeyedValues.setValue(DefaultKeyedValues.java:234)
    at org.jfree.data.DefaultKeyedValues2D.setValue(DefaultKeyedValues2D.java:337)
    at org.jfree.data.DefaultKeyedValues2D.addValue(DefaultKeyedValues2D.java:303)
    at org.jfree.data.junit.DefaultKeyedValues2DTests.testRemoveColumnByKey(DefaultKeyedValues2DTests.java:354)
16:08:10.455 [pool-24-thread-1] INFO  xxl.java.junit.TestCasesListener - Tests run finished (22 ms)
<> Total tests run: 122
<> Ignored tests: 0
<> Failed tests: 12
~ testRemoveValue(org.jfree.data.junit.DefaultKeyedValuesTests)
[null]
junit.framework.AssertionFailedError    at junit.framework.Assert.fail(Assert.java:55)
    at junit.framework.Assert.assertTrue(Assert.java:22)
    at junit.framework.Assert.assertTrue(Assert.java:31)
    at junit.framework.TestCase.assertTrue(TestCase.java:201)
    at org.jfree.data.junit.DefaultKeyedValuesTests.testRemoveValue(DefaultKeyedValuesTests.java:372)
    at sun.reflect.NativeMethodAccessorImpl.invoke0(Native Method)
~ testGetIndex2(org.jfree.data.junit.DefaultKeyedValuesTests)
[expected:<-1> but was:<0>]
junit.framework.AssertionFailedError: expected:<-1> but was:<0>    at junit.framework.Assert.fail(Assert.java:57)
    at junit.framework.Assert.failNotEquals(Assert.java:329)
    at junit.framework.Assert.assertEquals(Assert.java:78)
    at junit.framework.Assert.assertEquals(Assert.java:234)
    at junit.framework.Assert.assertEquals(Assert.java:241)
    at junit.framework.TestCase.assertEquals(TestCase.java:409)
~ testRemoveValue(org.jfree.data.junit.DefaultKeyedValuesTests)
[null]
junit.framework.AssertionFailedError    at junit.framework.Assert.fail(Assert.java:55)
    at junit.framework.Assert.assertTrue(Assert.java:22)
    at junit.framework.Assert.assertTrue(Assert.java:31)
    at junit.framework.TestCase.assertTrue(TestCase.java:201)
    at org.jfree.data.junit.DefaultKeyedValuesTests.testRemoveValue(DefaultKeyedValuesTests.java:372)
    at sun.reflect.NativeMethodAccessorImpl.invoke0(Native Method)
~ testGetIndex2(org.jfree.data.junit.DefaultKeyedValuesTests)
[expected:<-1> but was:<0>]
junit.framework.AssertionFailedError: expected:<-1> but was:<0>    at junit.framework.Assert.fail(Assert.java:57)
    at junit.framework.Assert.failNotEquals(Assert.java:329)
    at junit.framework.Assert.assertEquals(Assert.java:78)
    at junit.framework.Assert.assertEquals(Assert.java:234)
    at junit.framework.Assert.assertEquals(Assert.java:241)
    at junit.framework.TestCase.assertEquals(TestCase.java:409)
~ testBug1835955(org.jfree.data.category.junit.DefaultCategoryDatasetTests)
[Index: 0, Size: 0]
java.lang.IndexOutOfBoundsException: Index: 0, Size: 0    at java.util.ArrayList.rangeCheck(ArrayList.java:657)
    at java.util.ArrayList.set(ArrayList.java:448)
    at org.jfree.data.DefaultKeyedValues.setValue(DefaultKeyedValues.java:234)
    at org.jfree.data.DefaultKeyedValues2D.setValue(DefaultKeyedValues2D.java:337)
    at org.jfree.data.DefaultKeyedValues2D.addValue(DefaultKeyedValues2D.java:303)
    at org.jfree.data.category.DefaultCategoryDataset.addValue(DefaultCategoryDataset.java:218)
~ testBug1835955(org.jfree.data.category.junit.DefaultCategoryDatasetTests)
[Index: 0, Size: 0]
java.lang.IndexOutOfBoundsException: Index: 0, Size: 0    at java.util.ArrayList.rangeCheck(ArrayList.java:657)
    at java.util.ArrayList.set(ArrayList.java:448)
    at org.jfree.data.DefaultKeyedValues.setValue(DefaultKeyedValues.java:234)
    at org.jfree.data.DefaultKeyedValues2D.setValue(DefaultKeyedValues2D.java:337)
    at org.jfree.data.DefaultKeyedValues2D.addValue(DefaultKeyedValues2D.java:303)
    at org.jfree.data.category.DefaultCategoryDataset.addValue(DefaultCategoryDataset.java:218)
~ testRemoveColumnByKey(org.jfree.data.junit.DefaultKeyedValues2DTests)
[Index: 0, Size: 0]
java.lang.IndexOutOfBoundsException: Index: 0, Size: 0    at java.util.ArrayList.rangeCheck(ArrayList.java:657)
    at java.util.ArrayList.set(ArrayList.java:448)
    at org.jfree.data.DefaultKeyedValues.setValue(DefaultKeyedValues.java:234)
    at org.jfree.data.DefaultKeyedValues2D.setValue(DefaultKeyedValues2D.java:337)
    at org.jfree.data.DefaultKeyedValues2D.addValue(DefaultKeyedValues2D.java:303)
    at org.jfree.data.junit.DefaultKeyedValues2DTests.testRemoveColumnByKey(DefaultKeyedValues2DTests.java:354)
~ testRemoveValue(org.jfree.data.junit.DefaultKeyedValuesTests)
[null]
junit.framework.AssertionFailedError    at junit.framework.Assert.fail(Assert.java:55)
    at junit.framework.Assert.assertTrue(Assert.java:22)
    at junit.framework.Assert.assertTrue(Assert.java:31)
    at junit.framework.TestCase.assertTrue(TestCase.java:201)
    at org.jfree.data.junit.DefaultKeyedValuesTests.testRemoveValue(DefaultKeyedValuesTests.java:372)
    at sun.reflect.NativeMethodAccessorImpl.invoke0(Native Method)
~ testGetIndex2(org.jfree.data.junit.DefaultKeyedValuesTests)
[expected:<-1> but was:<0>]
junit.framework.AssertionFailedError: expected:<-1> but was:<0>    at junit.framework.Assert.fail(Assert.java:57)
    at junit.framework.Assert.failNotEquals(Assert.java:329)
    at junit.framework.Assert.assertEquals(Assert.java:78)
    at junit.framework.Assert.assertEquals(Assert.java:234)
    at junit.framework.Assert.assertEquals(Assert.java:241)
    at junit.framework.TestCase.assertEquals(TestCase.java:409)
~ testRemoveValue(org.jfree.data.junit.DefaultKeyedValuesTests)
[null]
junit.framework.AssertionFailedError    at junit.framework.Assert.fail(Assert.java:55)
    at junit.framework.Assert.assertTrue(Assert.java:22)
    at junit.framework.Assert.assertTrue(Assert.java:31)
    at junit.framework.TestCase.assertTrue(TestCase.java:201)
    at org.jfree.data.junit.DefaultKeyedValuesTests.testRemoveValue(DefaultKeyedValuesTests.java:372)
    at sun.reflect.NativeMethodAccessorImpl.invoke0(Native Method)
~ testGetIndex2(org.jfree.data.junit.DefaultKeyedValuesTests)
[expected:<-1> but was:<0>]
junit.framework.AssertionFailedError: expected:<-1> but was:<0>    at junit.framework.Assert.fail(Assert.java:57)
    at junit.framework.Assert.failNotEquals(Assert.java:329)
    at junit.framework.Assert.assertEquals(Assert.java:78)
    at junit.framework.Assert.assertEquals(Assert.java:234)
    at junit.framework.Assert.assertEquals(Assert.java:241)
    at junit.framework.TestCase.assertEquals(TestCase.java:409)
~ testRemoveColumnByKey(org.jfree.data.junit.DefaultKeyedValues2DTests)
[Index: 0, Size: 0]
java.lang.IndexOutOfBoundsException: Index: 0, Size: 0    at java.util.ArrayList.rangeCheck(ArrayList.java:657)
    at java.util.ArrayList.set(ArrayList.java:448)
    at org.jfree.data.DefaultKeyedValues.setValue(DefaultKeyedValues.java:234)
    at org.jfree.data.DefaultKeyedValues2D.setValue(DefaultKeyedValues2D.java:337)
    at org.jfree.data.DefaultKeyedValues2D.addValue(DefaultKeyedValues2D.java:303)
    at org.jfree.data.junit.DefaultKeyedValues2DTests.testRemoveColumnByKey(DefaultKeyedValues2DTests.java:354)

16:08:10.630 [pool-2-thread-1] DEBUG fr.inria.lille.repair.nopol.NoPol - statement #4
16:08:10.631 [pool-2-thread-1] DEBUG fr.inria.lille.repair.nopol.NoPol - Analysing SourceLocation org.jfree.data.DefaultKeyedValues:333 which is executed by 8 tests
-1634992864
16:08:10.711 [pool-2-thread-1] DEBUG fr.inria.lille.repair.nopol.NoPol - statement #5
16:08:10.711 [pool-2-thread-1] DEBUG fr.inria.lille.repair.nopol.NoPol - Analysing SourceLocation org.jfree.data.DefaultKeyedValues:321 which is executed by 8 tests
-1634992864
16:08:10.787 [pool-2-thread-1] DEBUG fr.inria.lille.repair.nopol.NoPol - statement #6
16:08:10.787 [pool-2-thread-1] DEBUG fr.inria.lille.repair.nopol.NoPol - Analysing SourceLocation org.jfree.data.DefaultKeyedValues:318 which is executed by 8 tests
-1634992864
16:08:10.863 [pool-2-thread-1] DEBUG fr.inria.lille.repair.nopol.NoPol - looking with class fr.inria.lille.repair.nopol.spoon.smt.ConditionalAdder
junit.framework.AssertionFailedError
    at junit.framework.Assert.fail(Assert.java:55)
    at junit.framework.Assert.assertTrue(Assert.java:22)
    at junit.framework.Assert.assertTrue(Assert.java:31)
    at junit.framework.TestCase.assertTrue(TestCase.java:201)
    at org.jfree.data.junit.DefaultKeyedValuesTests.testRemoveValue(DefaultKeyedValuesTests.java:372)
    at sun.reflect.NativeMethodAccessorImpl.invoke0(Native Method)
junit.framework.AssertionFailedError: expected:<-1> but was:<0>
    at junit.framework.Assert.fail(Assert.java:57)
    at junit.framework.Assert.failNotEquals(Assert.java:329)
    at junit.framework.Assert.assertEquals(Assert.java:78)
    at junit.framework.Assert.assertEquals(Assert.java:234)
    at junit.framework.Assert.assertEquals(Assert.java:241)
    at junit.framework.TestCase.assertEquals(TestCase.java:409)
junit.framework.AssertionFailedError
    at junit.framework.Assert.fail(Assert.java:55)
    at junit.framework.Assert.assertTrue(Assert.java:22)
    at junit.framework.Assert.assertTrue(Assert.java:31)
    at junit.framework.TestCase.assertTrue(TestCase.java:201)
    at org.jfree.data.junit.DefaultKeyedValuesTests.testRemoveValue(DefaultKeyedValuesTests.java:372)
    at sun.reflect.NativeMethodAccessorImpl.invoke0(Native Method)
junit.framework.AssertionFailedError: expected:<-1> but was:<0>
    at junit.framework.Assert.fail(Assert.java:57)
    at junit.framework.Assert.failNotEquals(Assert.java:329)
    at junit.framework.Assert.assertEquals(Assert.java:78)
    at junit.framework.Assert.assertEquals(Assert.java:234)
    at junit.framework.Assert.assertEquals(Assert.java:241)
    at junit.framework.TestCase.assertEquals(TestCase.java:409)
java.lang.IndexOutOfBoundsException: Index: 0, Size: 0
    at java.util.ArrayList.rangeCheck(ArrayList.java:657)
    at java.util.ArrayList.set(ArrayList.java:448)
    at org.jfree.data.DefaultKeyedValues.setValue(DefaultKeyedValues.java:234)
    at org.jfree.data.DefaultKeyedValues2D.setValue(DefaultKeyedValues2D.java:337)
    at org.jfree.data.DefaultKeyedValues2D.addValue(DefaultKeyedValues2D.java:303)
    at org.jfree.data.category.DefaultCategoryDataset.addValue(DefaultCategoryDataset.java:218)
java.lang.IndexOutOfBoundsException: Index: 0, Size: 0
    at java.util.ArrayList.rangeCheck(ArrayList.java:657)
    at java.util.ArrayList.set(ArrayList.java:448)
    at org.jfree.data.DefaultKeyedValues.setValue(DefaultKeyedValues.java:234)
    at org.jfree.data.DefaultKeyedValues2D.setValue(DefaultKeyedValues2D.java:337)
    at org.jfree.data.DefaultKeyedValues2D.addValue(DefaultKeyedValues2D.java:303)
    at org.jfree.data.category.DefaultCategoryDataset.addValue(DefaultCategoryDataset.java:218)
java.lang.IndexOutOfBoundsException: Index: 0, Size: 0
    at java.util.ArrayList.rangeCheck(ArrayList.java:657)
    at java.util.ArrayList.set(ArrayList.java:448)
    at org.jfree.data.DefaultKeyedValues.setValue(DefaultKeyedValues.java:234)
    at org.jfree.data.DefaultKeyedValues2D.setValue(DefaultKeyedValues2D.java:337)
    at org.jfree.data.DefaultKeyedValues2D.addValue(DefaultKeyedValues2D.java:303)
    at org.jfree.data.junit.DefaultKeyedValues2DTests.testRemoveColumnByKey(DefaultKeyedValues2DTests.java:354)
junit.framework.AssertionFailedError
    at junit.framework.Assert.fail(Assert.java:55)
    at junit.framework.Assert.assertTrue(Assert.java:22)
    at junit.framework.Assert.assertTrue(Assert.java:31)
    at junit.framework.TestCase.assertTrue(TestCase.java:201)
    at org.jfree.data.junit.DefaultKeyedValuesTests.testRemoveValue(DefaultKeyedValuesTests.java:372)
    at sun.reflect.NativeMethodAccessorImpl.invoke0(Native Method)
junit.framework.AssertionFailedError: expected:<-1> but was:<0>
    at junit.framework.Assert.fail(Assert.java:57)
    at junit.framework.Assert.failNotEquals(Assert.java:329)
    at junit.framework.Assert.assertEquals(Assert.java:78)
    at junit.framework.Assert.assertEquals(Assert.java:234)
    at junit.framework.Assert.assertEquals(Assert.java:241)
    at junit.framework.TestCase.assertEquals(TestCase.java:409)
junit.framework.AssertionFailedError
    at junit.framework.Assert.fail(Assert.java:55)
    at junit.framework.Assert.assertTrue(Assert.java:22)
    at junit.framework.Assert.assertTrue(Assert.java:31)
    at junit.framework.TestCase.assertTrue(TestCase.java:201)
    at org.jfree.data.junit.DefaultKeyedValuesTests.testRemoveValue(DefaultKeyedValuesTests.java:372)
    at sun.reflect.NativeMethodAccessorImpl.invoke0(Native Method)
junit.framework.AssertionFailedError: expected:<-1> but was:<0>
    at junit.framework.Assert.fail(Assert.java:57)
    at junit.framework.Assert.failNotEquals(Assert.java:329)
    at junit.framework.Assert.assertEquals(Assert.java:78)
    at junit.framework.Assert.assertEquals(Assert.java:234)
    at junit.framework.Assert.assertEquals(Assert.java:241)
    at junit.framework.TestCase.assertEquals(TestCase.java:409)
java.lang.IndexOutOfBoundsException: Index: 0, Size: 0
    at java.util.ArrayList.rangeCheck(ArrayList.java:657)
    at java.util.ArrayList.set(ArrayList.java:448)
    at org.jfree.data.DefaultKeyedValues.setValue(DefaultKeyedValues.java:234)
    at org.jfree.data.DefaultKeyedValues2D.setValue(DefaultKeyedValues2D.java:337)
    at org.jfree.data.DefaultKeyedValues2D.addValue(DefaultKeyedValues2D.java:303)
    at org.jfree.data.junit.DefaultKeyedValues2DTests.testRemoveColumnByKey(DefaultKeyedValues2DTests.java:354)
16:08:10.889 [pool-34-thread-1] INFO  xxl.java.junit.TestCasesListener - Tests run finished (19 ms)
<> Total tests run: 122
<> Ignored tests: 0
<> Failed tests: 12
~ testRemoveValue(org.jfree.data.junit.DefaultKeyedValuesTests)
[null]
junit.framework.AssertionFailedError    at junit.framework.Assert.fail(Assert.java:55)
    at junit.framework.Assert.assertTrue(Assert.java:22)
    at junit.framework.Assert.assertTrue(Assert.java:31)
    at junit.framework.TestCase.assertTrue(TestCase.java:201)
    at org.jfree.data.junit.DefaultKeyedValuesTests.testRemoveValue(DefaultKeyedValuesTests.java:372)
    at sun.reflect.NativeMethodAccessorImpl.invoke0(Native Method)
~ testGetIndex2(org.jfree.data.junit.DefaultKeyedValuesTests)
[expected:<-1> but was:<0>]
junit.framework.AssertionFailedError: expected:<-1> but was:<0>    at junit.framework.Assert.fail(Assert.java:57)
    at junit.framework.Assert.failNotEquals(Assert.java:329)
    at junit.framework.Assert.assertEquals(Assert.java:78)
    at junit.framework.Assert.assertEquals(Assert.java:234)
    at junit.framework.Assert.assertEquals(Assert.java:241)
    at junit.framework.TestCase.assertEquals(TestCase.java:409)
~ testRemoveValue(org.jfree.data.junit.DefaultKeyedValuesTests)
[null]
junit.framework.AssertionFailedError    at junit.framework.Assert.fail(Assert.java:55)
    at junit.framework.Assert.assertTrue(Assert.java:22)
    at junit.framework.Assert.assertTrue(Assert.java:31)
    at junit.framework.TestCase.assertTrue(TestCase.java:201)
    at org.jfree.data.junit.DefaultKeyedValuesTests.testRemoveValue(DefaultKeyedValuesTests.java:372)
    at sun.reflect.NativeMethodAccessorImpl.invoke0(Native Method)
~ testGetIndex2(org.jfree.data.junit.DefaultKeyedValuesTests)
[expected:<-1> but was:<0>]
junit.framework.AssertionFailedError: expected:<-1> but was:<0>    at junit.framework.Assert.fail(Assert.java:57)
    at junit.framework.Assert.failNotEquals(Assert.java:329)
    at junit.framework.Assert.assertEquals(Assert.java:78)
    at junit.framework.Assert.assertEquals(Assert.java:234)
    at junit.framework.Assert.assertEquals(Assert.java:241)
    at junit.framework.TestCase.assertEquals(TestCase.java:409)
~ testBug1835955(org.jfree.data.category.junit.DefaultCategoryDatasetTests)
[Index: 0, Size: 0]
java.lang.IndexOutOfBoundsException: Index: 0, Size: 0    at java.util.ArrayList.rangeCheck(ArrayList.java:657)
    at java.util.ArrayList.set(ArrayList.java:448)
    at org.jfree.data.DefaultKeyedValues.setValue(DefaultKeyedValues.java:234)
    at org.jfree.data.DefaultKeyedValues2D.setValue(DefaultKeyedValues2D.java:337)
    at org.jfree.data.DefaultKeyedValues2D.addValue(DefaultKeyedValues2D.java:303)
    at org.jfree.data.category.DefaultCategoryDataset.addValue(DefaultCategoryDataset.java:218)
~ testBug1835955(org.jfree.data.category.junit.DefaultCategoryDatasetTests)
[Index: 0, Size: 0]
java.lang.IndexOutOfBoundsException: Index: 0, Size: 0    at java.util.ArrayList.rangeCheck(ArrayList.java:657)
    at java.util.ArrayList.set(ArrayList.java:448)
    at org.jfree.data.DefaultKeyedValues.setValue(DefaultKeyedValues.java:234)
    at org.jfree.data.DefaultKeyedValues2D.setValue(DefaultKeyedValues2D.java:337)
    at org.jfree.data.DefaultKeyedValues2D.addValue(DefaultKeyedValues2D.java:303)
    at org.jfree.data.category.DefaultCategoryDataset.addValue(DefaultCategoryDataset.java:218)
~ testRemoveColumnByKey(org.jfree.data.junit.DefaultKeyedValues2DTests)
[Index: 0, Size: 0]
java.lang.IndexOutOfBoundsException: Index: 0, Size: 0    at java.util.ArrayList.rangeCheck(ArrayList.java:657)
    at java.util.ArrayList.set(ArrayList.java:448)
    at org.jfree.data.DefaultKeyedValues.setValue(DefaultKeyedValues.java:234)
    at org.jfree.data.DefaultKeyedValues2D.setValue(DefaultKeyedValues2D.java:337)
    at org.jfree.data.DefaultKeyedValues2D.addValue(DefaultKeyedValues2D.java:303)
    at org.jfree.data.junit.DefaultKeyedValues2DTests.testRemoveColumnByKey(DefaultKeyedValues2DTests.java:354)
~ testRemoveValue(org.jfree.data.junit.DefaultKeyedValuesTests)
[null]
junit.framework.AssertionFailedError    at junit.framework.Assert.fail(Assert.java:55)
    at junit.framework.Assert.assertTrue(Assert.java:22)
    at junit.framework.Assert.assertTrue(Assert.java:31)
    at junit.framework.TestCase.assertTrue(TestCase.java:201)
    at org.jfree.data.junit.DefaultKeyedValuesTests.testRemoveValue(DefaultKeyedValuesTests.java:372)
    at sun.reflect.NativeMethodAccessorImpl.invoke0(Native Method)
~ testGetIndex2(org.jfree.data.junit.DefaultKeyedValuesTests)
[expected:<-1> but was:<0>]
junit.framework.AssertionFailedError: expected:<-1> but was:<0>    at junit.framework.Assert.fail(Assert.java:57)
    at junit.framework.Assert.failNotEquals(Assert.java:329)
    at junit.framework.Assert.assertEquals(Assert.java:78)
    at junit.framework.Assert.assertEquals(Assert.java:234)
    at junit.framework.Assert.assertEquals(Assert.java:241)
    at junit.framework.TestCase.assertEquals(TestCase.java:409)
~ testRemoveValue(org.jfree.data.junit.DefaultKeyedValuesTests)
[null]
junit.framework.AssertionFailedError    at junit.framework.Assert.fail(Assert.java:55)
    at junit.framework.Assert.assertTrue(Assert.java:22)
    at junit.framework.Assert.assertTrue(Assert.java:31)
    at junit.framework.TestCase.assertTrue(TestCase.java:201)
    at org.jfree.data.junit.DefaultKeyedValuesTests.testRemoveValue(DefaultKeyedValuesTests.java:372)
    at sun.reflect.NativeMethodAccessorImpl.invoke0(Native Method)
~ testGetIndex2(org.jfree.data.junit.DefaultKeyedValuesTests)
[expected:<-1> but was:<0>]
junit.framework.AssertionFailedError: expected:<-1> but was:<0>    at junit.framework.Assert.fail(Assert.java:57)
    at junit.framework.Assert.failNotEquals(Assert.java:329)
    at junit.framework.Assert.assertEquals(Assert.java:78)
    at junit.framework.Assert.assertEquals(Assert.java:234)
    at junit.framework.Assert.assertEquals(Assert.java:241)
    at junit.framework.TestCase.assertEquals(TestCase.java:409)
~ testRemoveColumnByKey(org.jfree.data.junit.DefaultKeyedValues2DTests)
[Index: 0, Size: 0]
java.lang.IndexOutOfBoundsException: Index: 0, Size: 0    at java.util.ArrayList.rangeCheck(ArrayList.java:657)
    at java.util.ArrayList.set(ArrayList.java:448)
    at org.jfree.data.DefaultKeyedValues.setValue(DefaultKeyedValues.java:234)
    at org.jfree.data.DefaultKeyedValues2D.setValue(DefaultKeyedValues2D.java:337)
    at org.jfree.data.DefaultKeyedValues2D.addValue(DefaultKeyedValues2D.java:303)
    at org.jfree.data.junit.DefaultKeyedValues2DTests.testRemoveColumnByKey(DefaultKeyedValues2DTests.java:354)

16:08:11.089 [pool-2-thread-1] DEBUG fr.inria.lille.repair.nopol.NoPol - looking with class fr.inria.lille.repair.nopol.spoon.smt.ConditionalReplacer
junit.framework.AssertionFailedError
    at junit.framework.Assert.fail(Assert.java:55)
    at junit.framework.Assert.assertTrue(Assert.java:22)
    at junit.framework.Assert.assertTrue(Assert.java:31)
    at junit.framework.TestCase.assertTrue(TestCase.java:201)
    at org.jfree.data.junit.DefaultKeyedValuesTests.testRemoveValue(DefaultKeyedValuesTests.java:372)
    at sun.reflect.NativeMethodAccessorImpl.invoke0(Native Method)
junit.framework.AssertionFailedError: expected:<-1> but was:<0>
    at junit.framework.Assert.fail(Assert.java:57)
    at junit.framework.Assert.failNotEquals(Assert.java:329)
    at junit.framework.Assert.assertEquals(Assert.java:78)
    at junit.framework.Assert.assertEquals(Assert.java:234)
    at junit.framework.Assert.assertEquals(Assert.java:241)
    at junit.framework.TestCase.assertEquals(TestCase.java:409)
junit.framework.AssertionFailedError
    at junit.framework.Assert.fail(Assert.java:55)
    at junit.framework.Assert.assertTrue(Assert.java:22)
    at junit.framework.Assert.assertTrue(Assert.java:31)
    at junit.framework.TestCase.assertTrue(TestCase.java:201)
    at org.jfree.data.junit.DefaultKeyedValuesTests.testRemoveValue(DefaultKeyedValuesTests.java:372)
    at sun.reflect.NativeMethodAccessorImpl.invoke0(Native Method)
junit.framework.AssertionFailedError: expected:<-1> but was:<0>
    at junit.framework.Assert.fail(Assert.java:57)
    at junit.framework.Assert.failNotEquals(Assert.java:329)
    at junit.framework.Assert.assertEquals(Assert.java:78)
    at junit.framework.Assert.assertEquals(Assert.java:234)
    at junit.framework.Assert.assertEquals(Assert.java:241)
    at junit.framework.TestCase.assertEquals(TestCase.java:409)
java.lang.IndexOutOfBoundsException: Index: 0, Size: 0
    at java.util.ArrayList.rangeCheck(ArrayList.java:657)
    at java.util.ArrayList.set(ArrayList.java:448)
    at org.jfree.data.DefaultKeyedValues.setValue(DefaultKeyedValues.java:234)
    at org.jfree.data.DefaultKeyedValues2D.setValue(DefaultKeyedValues2D.java:337)
    at org.jfree.data.DefaultKeyedValues2D.addValue(DefaultKeyedValues2D.java:303)
    at org.jfree.data.category.DefaultCategoryDataset.addValue(DefaultCategoryDataset.java:218)
java.lang.IndexOutOfBoundsException: Index: 0, Size: 0
    at java.util.ArrayList.rangeCheck(ArrayList.java:657)
    at java.util.ArrayList.set(ArrayList.java:448)
    at org.jfree.data.DefaultKeyedValues.setValue(DefaultKeyedValues.java:234)
    at org.jfree.data.DefaultKeyedValues2D.setValue(DefaultKeyedValues2D.java:337)
    at org.jfree.data.DefaultKeyedValues2D.addValue(DefaultKeyedValues2D.java:303)
    at org.jfree.data.category.DefaultCategoryDataset.addValue(DefaultCategoryDataset.java:218)
java.lang.IndexOutOfBoundsException: Index: 0, Size: 0
    at java.util.ArrayList.rangeCheck(ArrayList.java:657)
    at java.util.ArrayList.set(ArrayList.java:448)
    at org.jfree.data.DefaultKeyedValues.setValue(DefaultKeyedValues.java:234)
    at org.jfree.data.DefaultKeyedValues2D.setValue(DefaultKeyedValues2D.java:337)
    at org.jfree.data.DefaultKeyedValues2D.addValue(DefaultKeyedValues2D.java:303)
    at org.jfree.data.junit.DefaultKeyedValues2DTests.testRemoveColumnByKey(DefaultKeyedValues2DTests.java:354)
junit.framework.AssertionFailedError
    at junit.framework.Assert.fail(Assert.java:55)
    at junit.framework.Assert.assertTrue(Assert.java:22)
    at junit.framework.Assert.assertTrue(Assert.java:31)
    at junit.framework.TestCase.assertTrue(TestCase.java:201)
    at org.jfree.data.junit.DefaultKeyedValuesTests.testRemoveValue(DefaultKeyedValuesTests.java:372)
    at sun.reflect.NativeMethodAccessorImpl.invoke0(Native Method)
junit.framework.AssertionFailedError: expected:<-1> but was:<0>
    at junit.framework.Assert.fail(Assert.java:57)
    at junit.framework.Assert.failNotEquals(Assert.java:329)
    at junit.framework.Assert.assertEquals(Assert.java:78)
    at junit.framework.Assert.assertEquals(Assert.java:234)
    at junit.framework.Assert.assertEquals(Assert.java:241)
    at junit.framework.TestCase.assertEquals(TestCase.java:409)
junit.framework.AssertionFailedError
    at junit.framework.Assert.fail(Assert.java:55)
    at junit.framework.Assert.assertTrue(Assert.java:22)
    at junit.framework.Assert.assertTrue(Assert.java:31)
    at junit.framework.TestCase.assertTrue(TestCase.java:201)
    at org.jfree.data.junit.DefaultKeyedValuesTests.testRemoveValue(DefaultKeyedValuesTests.java:372)
    at sun.reflect.NativeMethodAccessorImpl.invoke0(Native Method)
junit.framework.AssertionFailedError: expected:<-1> but was:<0>
    at junit.framework.Assert.fail(Assert.java:57)
    at junit.framework.Assert.failNotEquals(Assert.java:329)
    at junit.framework.Assert.assertEquals(Assert.java:78)
    at junit.framework.Assert.assertEquals(Assert.java:234)
    at junit.framework.Assert.assertEquals(Assert.java:241)
    at junit.framework.TestCase.assertEquals(TestCase.java:409)
java.lang.IndexOutOfBoundsException: Index: 0, Size: 0
    at java.util.ArrayList.rangeCheck(ArrayList.java:657)
    at java.util.ArrayList.set(ArrayList.java:448)
    at org.jfree.data.DefaultKeyedValues.setValue(DefaultKeyedValues.java:234)
    at org.jfree.data.DefaultKeyedValues2D.setValue(DefaultKeyedValues2D.java:337)
    at org.jfree.data.DefaultKeyedValues2D.addValue(DefaultKeyedValues2D.java:303)
    at org.jfree.data.junit.DefaultKeyedValues2DTests.testRemoveColumnByKey(DefaultKeyedValues2DTests.java:354)
16:08:11.113 [pool-44-thread-1] INFO  xxl.java.junit.TestCasesListener - Tests run finished (18 ms)
<> Total tests run: 122
<> Ignored tests: 0
<> Failed tests: 12
~ testRemoveValue(org.jfree.data.junit.DefaultKeyedValuesTests)
[null]
junit.framework.AssertionFailedError    at junit.framework.Assert.fail(Assert.java:55)
    at junit.framework.Assert.assertTrue(Assert.java:22)
    at junit.framework.Assert.assertTrue(Assert.java:31)
    at junit.framework.TestCase.assertTrue(TestCase.java:201)
    at org.jfree.data.junit.DefaultKeyedValuesTests.testRemoveValue(DefaultKeyedValuesTests.java:372)
    at sun.reflect.NativeMethodAccessorImpl.invoke0(Native Method)
~ testGetIndex2(org.jfree.data.junit.DefaultKeyedValuesTests)
[expected:<-1> but was:<0>]
junit.framework.AssertionFailedError: expected:<-1> but was:<0>    at junit.framework.Assert.fail(Assert.java:57)
    at junit.framework.Assert.failNotEquals(Assert.java:329)
    at junit.framework.Assert.assertEquals(Assert.java:78)
    at junit.framework.Assert.assertEquals(Assert.java:234)
    at junit.framework.Assert.assertEquals(Assert.java:241)
    at junit.framework.TestCase.assertEquals(TestCase.java:409)
~ testRemoveValue(org.jfree.data.junit.DefaultKeyedValuesTests)
[null]
junit.framework.AssertionFailedError    at junit.framework.Assert.fail(Assert.java:55)
    at junit.framework.Assert.assertTrue(Assert.java:22)
    at junit.framework.Assert.assertTrue(Assert.java:31)
    at junit.framework.TestCase.assertTrue(TestCase.java:201)
    at org.jfree.data.junit.DefaultKeyedValuesTests.testRemoveValue(DefaultKeyedValuesTests.java:372)
    at sun.reflect.NativeMethodAccessorImpl.invoke0(Native Method)
~ testGetIndex2(org.jfree.data.junit.DefaultKeyedValuesTests)
[expected:<-1> but was:<0>]
junit.framework.AssertionFailedError: expected:<-1> but was:<0>    at junit.framework.Assert.fail(Assert.java:57)
    at junit.framework.Assert.failNotEquals(Assert.java:329)
    at junit.framework.Assert.assertEquals(Assert.java:78)
    at junit.framework.Assert.assertEquals(Assert.java:234)
    at junit.framework.Assert.assertEquals(Assert.java:241)
    at junit.framework.TestCase.assertEquals(TestCase.java:409)
~ testBug1835955(org.jfree.data.category.junit.DefaultCategoryDatasetTests)
[Index: 0, Size: 0]
java.lang.IndexOutOfBoundsException: Index: 0, Size: 0    at java.util.ArrayList.rangeCheck(ArrayList.java:657)
    at java.util.ArrayList.set(ArrayList.java:448)
    at org.jfree.data.DefaultKeyedValues.setValue(DefaultKeyedValues.java:234)
    at org.jfree.data.DefaultKeyedValues2D.setValue(DefaultKeyedValues2D.java:337)
    at org.jfree.data.DefaultKeyedValues2D.addValue(DefaultKeyedValues2D.java:303)
    at org.jfree.data.category.DefaultCategoryDataset.addValue(DefaultCategoryDataset.java:218)
~ testBug1835955(org.jfree.data.category.junit.DefaultCategoryDatasetTests)
[Index: 0, Size: 0]
java.lang.IndexOutOfBoundsException: Index: 0, Size: 0    at java.util.ArrayList.rangeCheck(ArrayList.java:657)
    at java.util.ArrayList.set(ArrayList.java:448)
    at org.jfree.data.DefaultKeyedValues.setValue(DefaultKeyedValues.java:234)
    at org.jfree.data.DefaultKeyedValues2D.setValue(DefaultKeyedValues2D.java:337)
    at org.jfree.data.DefaultKeyedValues2D.addValue(DefaultKeyedValues2D.java:303)
    at org.jfree.data.category.DefaultCategoryDataset.addValue(DefaultCategoryDataset.java:218)
~ testRemoveColumnByKey(org.jfree.data.junit.DefaultKeyedValues2DTests)
[Index: 0, Size: 0]
java.lang.IndexOutOfBoundsException: Index: 0, Size: 0    at java.util.ArrayList.rangeCheck(ArrayList.java:657)
    at java.util.ArrayList.set(ArrayList.java:448)
    at org.jfree.data.DefaultKeyedValues.setValue(DefaultKeyedValues.java:234)
    at org.jfree.data.DefaultKeyedValues2D.setValue(DefaultKeyedValues2D.java:337)
    at org.jfree.data.DefaultKeyedValues2D.addValue(DefaultKeyedValues2D.java:303)
    at org.jfree.data.junit.DefaultKeyedValues2DTests.testRemoveColumnByKey(DefaultKeyedValues2DTests.java:354)
~ testRemoveValue(org.jfree.data.junit.DefaultKeyedValuesTests)
[null]
junit.framework.AssertionFailedError    at junit.framework.Assert.fail(Assert.java:55)
    at junit.framework.Assert.assertTrue(Assert.java:22)
    at junit.framework.Assert.assertTrue(Assert.java:31)
    at junit.framework.TestCase.assertTrue(TestCase.java:201)
    at org.jfree.data.junit.DefaultKeyedValuesTests.testRemoveValue(DefaultKeyedValuesTests.java:372)
    at sun.reflect.NativeMethodAccessorImpl.invoke0(Native Method)
~ testGetIndex2(org.jfree.data.junit.DefaultKeyedValuesTests)
[expected:<-1> but was:<0>]
junit.framework.AssertionFailedError: expected:<-1> but was:<0>    at junit.framework.Assert.fail(Assert.java:57)
    at junit.framework.Assert.failNotEquals(Assert.java:329)
    at junit.framework.Assert.assertEquals(Assert.java:78)
    at junit.framework.Assert.assertEquals(Assert.java:234)
    at junit.framework.Assert.assertEquals(Assert.java:241)
    at junit.framework.TestCase.assertEquals(TestCase.java:409)
~ testRemoveValue(org.jfree.data.junit.DefaultKeyedValuesTests)
[null]
junit.framework.AssertionFailedError    at junit.framework.Assert.fail(Assert.java:55)
    at junit.framework.Assert.assertTrue(Assert.java:22)
    at junit.framework.Assert.assertTrue(Assert.java:31)
    at junit.framework.TestCase.assertTrue(TestCase.java:201)
    at org.jfree.data.junit.DefaultKeyedValuesTests.testRemoveValue(DefaultKeyedValuesTests.java:372)
    at sun.reflect.NativeMethodAccessorImpl.invoke0(Native Method)
~ testGetIndex2(org.jfree.data.junit.DefaultKeyedValuesTests)
[expected:<-1> but was:<0>]
junit.framework.AssertionFailedError: expected:<-1> but was:<0>    at junit.framework.Assert.fail(Assert.java:57)
    at junit.framework.Assert.failNotEquals(Assert.java:329)
    at junit.framework.Assert.assertEquals(Assert.java:78)
    at junit.framework.Assert.assertEquals(Assert.java:234)
    at junit.framework.Assert.assertEquals(Assert.java:241)
    at junit.framework.TestCase.assertEquals(TestCase.java:409)
~ testRemoveColumnByKey(org.jfree.data.junit.DefaultKeyedValues2DTests)
[Index: 0, Size: 0]
java.lang.IndexOutOfBoundsException: Index: 0, Size: 0    at java.util.ArrayList.rangeCheck(ArrayList.java:657)
    at java.util.ArrayList.set(ArrayList.java:448)
    at org.jfree.data.DefaultKeyedValues.setValue(DefaultKeyedValues.java:234)
    at org.jfree.data.DefaultKeyedValues2D.setValue(DefaultKeyedValues2D.java:337)
    at org.jfree.data.DefaultKeyedValues2D.addValue(DefaultKeyedValues2D.java:303)
    at org.jfree.data.junit.DefaultKeyedValues2DTests.testRemoveColumnByKey(DefaultKeyedValues2DTests.java:354)

16:08:11.236 [pool-2-thread-1] DEBUG fr.inria.lille.repair.nopol.NoPol - statement #7
16:08:11.237 [pool-2-thread-1] DEBUG fr.inria.lille.repair.nopol.NoPol - Analysing SourceLocation org.jfree.data.DefaultKeyedValues:317 which is executed by 8 tests
-1634992864
16:08:11.310 [pool-2-thread-1] DEBUG fr.inria.lille.repair.nopol.NoPol - looking with class fr.inria.lille.repair.nopol.spoon.smt.ConditionalAdder
junit.framework.AssertionFailedError
    at junit.framework.Assert.fail(Assert.java:55)
    at junit.framework.Assert.assertTrue(Assert.java:22)
    at junit.framework.Assert.assertTrue(Assert.java:31)
    at junit.framework.TestCase.assertTrue(TestCase.java:201)
    at org.jfree.data.junit.DefaultKeyedValuesTests.testRemoveValue(DefaultKeyedValuesTests.java:372)
    at sun.reflect.NativeMethodAccessorImpl.invoke0(Native Method)
junit.framework.AssertionFailedError: expected:<-1> but was:<0>
    at junit.framework.Assert.fail(Assert.java:57)
    at junit.framework.Assert.failNotEquals(Assert.java:329)
    at junit.framework.Assert.assertEquals(Assert.java:78)
    at junit.framework.Assert.assertEquals(Assert.java:234)
    at junit.framework.Assert.assertEquals(Assert.java:241)
    at junit.framework.TestCase.assertEquals(TestCase.java:409)
junit.framework.AssertionFailedError
    at junit.framework.Assert.fail(Assert.java:55)
    at junit.framework.Assert.assertTrue(Assert.java:22)
    at junit.framework.Assert.assertTrue(Assert.java:31)
    at junit.framework.TestCase.assertTrue(TestCase.java:201)
    at org.jfree.data.junit.DefaultKeyedValuesTests.testRemoveValue(DefaultKeyedValuesTests.java:372)
    at sun.reflect.NativeMethodAccessorImpl.invoke0(Native Method)
junit.framework.AssertionFailedError: expected:<-1> but was:<0>
    at junit.framework.Assert.fail(Assert.java:57)
    at junit.framework.Assert.failNotEquals(Assert.java:329)
    at junit.framework.Assert.assertEquals(Assert.java:78)
    at junit.framework.Assert.assertEquals(Assert.java:234)
    at junit.framework.Assert.assertEquals(Assert.java:241)
    at junit.framework.TestCase.assertEquals(TestCase.java:409)
java.lang.IndexOutOfBoundsException: Index: 0, Size: 0
    at java.util.ArrayList.rangeCheck(ArrayList.java:657)
    at java.util.ArrayList.set(ArrayList.java:448)
    at org.jfree.data.DefaultKeyedValues.setValue(DefaultKeyedValues.java:234)
    at org.jfree.data.DefaultKeyedValues2D.setValue(DefaultKeyedValues2D.java:337)
    at org.jfree.data.DefaultKeyedValues2D.addValue(DefaultKeyedValues2D.java:303)
    at org.jfree.data.category.DefaultCategoryDataset.addValue(DefaultCategoryDataset.java:218)
java.lang.IndexOutOfBoundsException: Index: 0, Size: 0
    at java.util.ArrayList.rangeCheck(ArrayList.java:657)
    at java.util.ArrayList.set(ArrayList.java:448)
    at org.jfree.data.DefaultKeyedValues.setValue(DefaultKeyedValues.java:234)
    at org.jfree.data.DefaultKeyedValues2D.setValue(DefaultKeyedValues2D.java:337)
    at org.jfree.data.DefaultKeyedValues2D.addValue(DefaultKeyedValues2D.java:303)
    at org.jfree.data.category.DefaultCategoryDataset.addValue(DefaultCategoryDataset.java:218)
java.lang.IndexOutOfBoundsException: Index: 0, Size: 0
    at java.util.ArrayList.rangeCheck(ArrayList.java:657)
    at java.util.ArrayList.set(ArrayList.java:448)
    at org.jfree.data.DefaultKeyedValues.setValue(DefaultKeyedValues.java:234)
    at org.jfree.data.DefaultKeyedValues2D.setValue(DefaultKeyedValues2D.java:337)
    at org.jfree.data.DefaultKeyedValues2D.addValue(DefaultKeyedValues2D.java:303)
    at org.jfree.data.junit.DefaultKeyedValues2DTests.testRemoveColumnByKey(DefaultKeyedValues2DTests.java:354)
junit.framework.AssertionFailedError
    at junit.framework.Assert.fail(Assert.java:55)
    at junit.framework.Assert.assertTrue(Assert.java:22)
    at junit.framework.Assert.assertTrue(Assert.java:31)
    at junit.framework.TestCase.assertTrue(TestCase.java:201)
    at org.jfree.data.junit.DefaultKeyedValuesTests.testRemoveValue(DefaultKeyedValuesTests.java:372)
    at sun.reflect.NativeMethodAccessorImpl.invoke0(Native Method)
junit.framework.AssertionFailedError: expected:<-1> but was:<0>
    at junit.framework.Assert.fail(Assert.java:57)
    at junit.framework.Assert.failNotEquals(Assert.java:329)
    at junit.framework.Assert.assertEquals(Assert.java:78)
    at junit.framework.Assert.assertEquals(Assert.java:234)
    at junit.framework.Assert.assertEquals(Assert.java:241)
    at junit.framework.TestCase.assertEquals(TestCase.java:409)
junit.framework.AssertionFailedError
    at junit.framework.Assert.fail(Assert.java:55)
    at junit.framework.Assert.assertTrue(Assert.java:22)
    at junit.framework.Assert.assertTrue(Assert.java:31)
    at junit.framework.TestCase.assertTrue(TestCase.java:201)
    at org.jfree.data.junit.DefaultKeyedValuesTests.testRemoveValue(DefaultKeyedValuesTests.java:372)
    at sun.reflect.NativeMethodAccessorImpl.invoke0(Native Method)
junit.framework.AssertionFailedError: expected:<-1> but was:<0>
    at junit.framework.Assert.fail(Assert.java:57)
    at junit.framework.Assert.failNotEquals(Assert.java:329)
    at junit.framework.Assert.assertEquals(Assert.java:78)
    at junit.framework.Assert.assertEquals(Assert.java:234)
    at junit.framework.Assert.assertEquals(Assert.java:241)
    at junit.framework.TestCase.assertEquals(TestCase.java:409)
java.lang.IndexOutOfBoundsException: Index: 0, Size: 0
    at java.util.ArrayList.rangeCheck(ArrayList.java:657)
    at java.util.ArrayList.set(ArrayList.java:448)
    at org.jfree.data.DefaultKeyedValues.setValue(DefaultKeyedValues.java:234)
    at org.jfree.data.DefaultKeyedValues2D.setValue(DefaultKeyedValues2D.java:337)
    at org.jfree.data.DefaultKeyedValues2D.addValue(DefaultKeyedValues2D.java:303)
    at org.jfree.data.junit.DefaultKeyedValues2DTests.testRemoveColumnByKey(DefaultKeyedValues2DTests.java:354)
16:08:11.331 [pool-54-thread-1] INFO  xxl.java.junit.TestCasesListener - Tests run finished (15 ms)
<> Total tests run: 122
<> Ignored tests: 0
<> Failed tests: 12
~ testRemoveValue(org.jfree.data.junit.DefaultKeyedValuesTests)
[null]
junit.framework.AssertionFailedError    at junit.framework.Assert.fail(Assert.java:55)
    at junit.framework.Assert.assertTrue(Assert.java:22)
    at junit.framework.Assert.assertTrue(Assert.java:31)
    at junit.framework.TestCase.assertTrue(TestCase.java:201)
    at org.jfree.data.junit.DefaultKeyedValuesTests.testRemoveValue(DefaultKeyedValuesTests.java:372)
    at sun.reflect.NativeMethodAccessorImpl.invoke0(Native Method)
~ testGetIndex2(org.jfree.data.junit.DefaultKeyedValuesTests)
[expected:<-1> but was:<0>]
junit.framework.AssertionFailedError: expected:<-1> but was:<0>    at junit.framework.Assert.fail(Assert.java:57)
    at junit.framework.Assert.failNotEquals(Assert.java:329)
    at junit.framework.Assert.assertEquals(Assert.java:78)
    at junit.framework.Assert.assertEquals(Assert.java:234)
    at junit.framework.Assert.assertEquals(Assert.java:241)
    at junit.framework.TestCase.assertEquals(TestCase.java:409)
~ testRemoveValue(org.jfree.data.junit.DefaultKeyedValuesTests)
[null]
junit.framework.AssertionFailedError    at junit.framework.Assert.fail(Assert.java:55)
    at junit.framework.Assert.assertTrue(Assert.java:22)
    at junit.framework.Assert.assertTrue(Assert.java:31)
    at junit.framework.TestCase.assertTrue(TestCase.java:201)
    at org.jfree.data.junit.DefaultKeyedValuesTests.testRemoveValue(DefaultKeyedValuesTests.java:372)
    at sun.reflect.NativeMethodAccessorImpl.invoke0(Native Method)
~ testGetIndex2(org.jfree.data.junit.DefaultKeyedValuesTests)
[expected:<-1> but was:<0>]
junit.framework.AssertionFailedError: expected:<-1> but was:<0>    at junit.framework.Assert.fail(Assert.java:57)
    at junit.framework.Assert.failNotEquals(Assert.java:329)
    at junit.framework.Assert.assertEquals(Assert.java:78)
    at junit.framework.Assert.assertEquals(Assert.java:234)
    at junit.framework.Assert.assertEquals(Assert.java:241)
    at junit.framework.TestCase.assertEquals(TestCase.java:409)
~ testBug1835955(org.jfree.data.category.junit.DefaultCategoryDatasetTests)
[Index: 0, Size: 0]
java.lang.IndexOutOfBoundsException: Index: 0, Size: 0    at java.util.ArrayList.rangeCheck(ArrayList.java:657)
    at java.util.ArrayList.set(ArrayList.java:448)
    at org.jfree.data.DefaultKeyedValues.setValue(DefaultKeyedValues.java:234)
    at org.jfree.data.DefaultKeyedValues2D.setValue(DefaultKeyedValues2D.java:337)
    at org.jfree.data.DefaultKeyedValues2D.addValue(DefaultKeyedValues2D.java:303)
    at org.jfree.data.category.DefaultCategoryDataset.addValue(DefaultCategoryDataset.java:218)
~ testBug1835955(org.jfree.data.category.junit.DefaultCategoryDatasetTests)
[Index: 0, Size: 0]
java.lang.IndexOutOfBoundsException: Index: 0, Size: 0    at java.util.ArrayList.rangeCheck(ArrayList.java:657)
    at java.util.ArrayList.set(ArrayList.java:448)
    at org.jfree.data.DefaultKeyedValues.setValue(DefaultKeyedValues.java:234)
    at org.jfree.data.DefaultKeyedValues2D.setValue(DefaultKeyedValues2D.java:337)
    at org.jfree.data.DefaultKeyedValues2D.addValue(DefaultKeyedValues2D.java:303)
    at org.jfree.data.category.DefaultCategoryDataset.addValue(DefaultCategoryDataset.java:218)
~ testRemoveColumnByKey(org.jfree.data.junit.DefaultKeyedValues2DTests)
[Index: 0, Size: 0]
java.lang.IndexOutOfBoundsException: Index: 0, Size: 0    at java.util.ArrayList.rangeCheck(ArrayList.java:657)
    at java.util.ArrayList.set(ArrayList.java:448)
    at org.jfree.data.DefaultKeyedValues.setValue(DefaultKeyedValues.java:234)
    at org.jfree.data.DefaultKeyedValues2D.setValue(DefaultKeyedValues2D.java:337)
    at org.jfree.data.DefaultKeyedValues2D.addValue(DefaultKeyedValues2D.java:303)
    at org.jfree.data.junit.DefaultKeyedValues2DTests.testRemoveColumnByKey(DefaultKeyedValues2DTests.java:354)
~ testRemoveValue(org.jfree.data.junit.DefaultKeyedValuesTests)
[null]
junit.framework.AssertionFailedError    at junit.framework.Assert.fail(Assert.java:55)
    at junit.framework.Assert.assertTrue(Assert.java:22)
    at junit.framework.Assert.assertTrue(Assert.java:31)
    at junit.framework.TestCase.assertTrue(TestCase.java:201)
    at org.jfree.data.junit.DefaultKeyedValuesTests.testRemoveValue(DefaultKeyedValuesTests.java:372)
    at sun.reflect.NativeMethodAccessorImpl.invoke0(Native Method)
~ testGetIndex2(org.jfree.data.junit.DefaultKeyedValuesTests)
[expected:<-1> but was:<0>]
junit.framework.AssertionFailedError: expected:<-1> but was:<0>    at junit.framework.Assert.fail(Assert.java:57)
    at junit.framework.Assert.failNotEquals(Assert.java:329)
    at junit.framework.Assert.assertEquals(Assert.java:78)
    at junit.framework.Assert.assertEquals(Assert.java:234)
    at junit.framework.Assert.assertEquals(Assert.java:241)
    at junit.framework.TestCase.assertEquals(TestCase.java:409)
~ testRemoveValue(org.jfree.data.junit.DefaultKeyedValuesTests)
[null]
junit.framework.AssertionFailedError    at junit.framework.Assert.fail(Assert.java:55)
    at junit.framework.Assert.assertTrue(Assert.java:22)
    at junit.framework.Assert.assertTrue(Assert.java:31)
    at junit.framework.TestCase.assertTrue(TestCase.java:201)
    at org.jfree.data.junit.DefaultKeyedValuesTests.testRemoveValue(DefaultKeyedValuesTests.java:372)
    at sun.reflect.NativeMethodAccessorImpl.invoke0(Native Method)
~ testGetIndex2(org.jfree.data.junit.DefaultKeyedValuesTests)
[expected:<-1> but was:<0>]
junit.framework.AssertionFailedError: expected:<-1> but was:<0>    at junit.framework.Assert.fail(Assert.java:57)
    at junit.framework.Assert.failNotEquals(Assert.java:329)
    at junit.framework.Assert.assertEquals(Assert.java:78)
    at junit.framework.Assert.assertEquals(Assert.java:234)
    at junit.framework.Assert.assertEquals(Assert.java:241)
    at junit.framework.TestCase.assertEquals(TestCase.java:409)
~ testRemoveColumnByKey(org.jfree.data.junit.DefaultKeyedValues2DTests)
[Index: 0, Size: 0]
java.lang.IndexOutOfBoundsException: Index: 0, Size: 0    at java.util.ArrayList.rangeCheck(ArrayList.java:657)
    at java.util.ArrayList.set(ArrayList.java:448)
    at org.jfree.data.DefaultKeyedValues.setValue(DefaultKeyedValues.java:234)
    at org.jfree.data.DefaultKeyedValues2D.setValue(DefaultKeyedValues2D.java:337)
    at org.jfree.data.DefaultKeyedValues2D.addValue(DefaultKeyedValues2D.java:303)
    at org.jfree.data.junit.DefaultKeyedValues2DTests.testRemoveColumnByKey(DefaultKeyedValues2DTests.java:354)

16:08:11.462 [pool-2-thread-1] DEBUG fr.inria.lille.repair.nopol.NoPol - statement #8
16:08:11.462 [pool-2-thread-1] DEBUG fr.inria.lille.repair.nopol.NoPol - Analysing SourceLocation org.jfree.data.DefaultKeyedValues:316 which is executed by 8 tests
-1634992864
16:08:11.536 [pool-2-thread-1] DEBUG fr.inria.lille.repair.nopol.NoPol - looking with class fr.inria.lille.repair.nopol.spoon.smt.ConditionalAdder
junit.framework.AssertionFailedError
    at junit.framework.Assert.fail(Assert.java:55)
    at junit.framework.Assert.assertTrue(Assert.java:22)
    at junit.framework.Assert.assertTrue(Assert.java:31)
    at junit.framework.TestCase.assertTrue(TestCase.java:201)
    at org.jfree.data.junit.DefaultKeyedValuesTests.testRemoveValue(DefaultKeyedValuesTests.java:372)
    at sun.reflect.NativeMethodAccessorImpl.invoke0(Native Method)
junit.framework.AssertionFailedError: expected:<-1> but was:<0>
    at junit.framework.Assert.fail(Assert.java:57)
    at junit.framework.Assert.failNotEquals(Assert.java:329)
    at junit.framework.Assert.assertEquals(Assert.java:78)
    at junit.framework.Assert.assertEquals(Assert.java:234)
    at junit.framework.Assert.assertEquals(Assert.java:241)
    at junit.framework.TestCase.assertEquals(TestCase.java:409)
junit.framework.AssertionFailedError
    at junit.framework.Assert.fail(Assert.java:55)
    at junit.framework.Assert.assertTrue(Assert.java:22)
    at junit.framework.Assert.assertTrue(Assert.java:31)
    at junit.framework.TestCase.assertTrue(TestCase.java:201)
    at org.jfree.data.junit.DefaultKeyedValuesTests.testRemoveValue(DefaultKeyedValuesTests.java:372)
    at sun.reflect.NativeMethodAccessorImpl.invoke0(Native Method)
junit.framework.AssertionFailedError: expected:<-1> but was:<0>
    at junit.framework.Assert.fail(Assert.java:57)
    at junit.framework.Assert.failNotEquals(Assert.java:329)
    at junit.framework.Assert.assertEquals(Assert.java:78)
    at junit.framework.Assert.assertEquals(Assert.java:234)
    at junit.framework.Assert.assertEquals(Assert.java:241)
    at junit.framework.TestCase.assertEquals(TestCase.java:409)
java.lang.IndexOutOfBoundsException: Index: 0, Size: 0
    at java.util.ArrayList.rangeCheck(ArrayList.java:657)
    at java.util.ArrayList.set(ArrayList.java:448)
    at org.jfree.data.DefaultKeyedValues.setValue(DefaultKeyedValues.java:234)
    at org.jfree.data.DefaultKeyedValues2D.setValue(DefaultKeyedValues2D.java:337)
    at org.jfree.data.DefaultKeyedValues2D.addValue(DefaultKeyedValues2D.java:303)
    at org.jfree.data.category.DefaultCategoryDataset.addValue(DefaultCategoryDataset.java:218)
java.lang.IndexOutOfBoundsException: Index: 0, Size: 0
    at java.util.ArrayList.rangeCheck(ArrayList.java:657)
    at java.util.ArrayList.set(ArrayList.java:448)
    at org.jfree.data.DefaultKeyedValues.setValue(DefaultKeyedValues.java:234)
    at org.jfree.data.DefaultKeyedValues2D.setValue(DefaultKeyedValues2D.java:337)
    at org.jfree.data.DefaultKeyedValues2D.addValue(DefaultKeyedValues2D.java:303)
    at org.jfree.data.category.DefaultCategoryDataset.addValue(DefaultCategoryDataset.java:218)
java.lang.IndexOutOfBoundsException: Index: 0, Size: 0
    at java.util.ArrayList.rangeCheck(ArrayList.java:657)
    at java.util.ArrayList.set(ArrayList.java:448)
    at org.jfree.data.DefaultKeyedValues.setValue(DefaultKeyedValues.java:234)
    at org.jfree.data.DefaultKeyedValues2D.setValue(DefaultKeyedValues2D.java:337)
    at org.jfree.data.DefaultKeyedValues2D.addValue(DefaultKeyedValues2D.java:303)
    at org.jfree.data.junit.DefaultKeyedValues2DTests.testRemoveColumnByKey(DefaultKeyedValues2DTests.java:354)
junit.framework.AssertionFailedError
    at junit.framework.Assert.fail(Assert.java:55)
    at junit.framework.Assert.assertTrue(Assert.java:22)
    at junit.framework.Assert.assertTrue(Assert.java:31)
    at junit.framework.TestCase.assertTrue(TestCase.java:201)
    at org.jfree.data.junit.DefaultKeyedValuesTests.testRemoveValue(DefaultKeyedValuesTests.java:372)
    at sun.reflect.NativeMethodAccessorImpl.invoke0(Native Method)
junit.framework.AssertionFailedError: expected:<-1> but was:<0>
    at junit.framework.Assert.fail(Assert.java:57)
    at junit.framework.Assert.failNotEquals(Assert.java:329)
    at junit.framework.Assert.assertEquals(Assert.java:78)
    at junit.framework.Assert.assertEquals(Assert.java:234)
    at junit.framework.Assert.assertEquals(Assert.java:241)
    at junit.framework.TestCase.assertEquals(TestCase.java:409)
junit.framework.AssertionFailedError
    at junit.framework.Assert.fail(Assert.java:55)
    at junit.framework.Assert.assertTrue(Assert.java:22)
    at junit.framework.Assert.assertTrue(Assert.java:31)
    at junit.framework.TestCase.assertTrue(TestCase.java:201)
    at org.jfree.data.junit.DefaultKeyedValuesTests.testRemoveValue(DefaultKeyedValuesTests.java:372)
    at sun.reflect.NativeMethodAccessorImpl.invoke0(Native Method)
junit.framework.AssertionFailedError: expected:<-1> but was:<0>
    at junit.framework.Assert.fail(Assert.java:57)
    at junit.framework.Assert.failNotEquals(Assert.java:329)
    at junit.framework.Assert.assertEquals(Assert.java:78)
    at junit.framework.Assert.assertEquals(Assert.java:234)
    at junit.framework.Assert.assertEquals(Assert.java:241)
    at junit.framework.TestCase.assertEquals(TestCase.java:409)
java.lang.IndexOutOfBoundsException: Index: 0, Size: 0
    at java.util.ArrayList.rangeCheck(ArrayList.java:657)
    at java.util.ArrayList.set(ArrayList.java:448)
    at org.jfree.data.DefaultKeyedValues.setValue(DefaultKeyedValues.java:234)
    at org.jfree.data.DefaultKeyedValues2D.setValue(DefaultKeyedValues2D.java:337)
    at org.jfree.data.DefaultKeyedValues2D.addValue(DefaultKeyedValues2D.java:303)
    at org.jfree.data.junit.DefaultKeyedValues2DTests.testRemoveColumnByKey(DefaultKeyedValues2DTests.java:354)
16:08:11.557 [pool-64-thread-1] INFO  xxl.java.junit.TestCasesListener - Tests run finished (15 ms)
<> Total tests run: 122
<> Ignored tests: 0
<> Failed tests: 12
~ testRemoveValue(org.jfree.data.junit.DefaultKeyedValuesTests)
[null]
junit.framework.AssertionFailedError    at junit.framework.Assert.fail(Assert.java:55)
    at junit.framework.Assert.assertTrue(Assert.java:22)
    at junit.framework.Assert.assertTrue(Assert.java:31)
    at junit.framework.TestCase.assertTrue(TestCase.java:201)
    at org.jfree.data.junit.DefaultKeyedValuesTests.testRemoveValue(DefaultKeyedValuesTests.java:372)
    at sun.reflect.NativeMethodAccessorImpl.invoke0(Native Method)
~ testGetIndex2(org.jfree.data.junit.DefaultKeyedValuesTests)
[expected:<-1> but was:<0>]
junit.framework.AssertionFailedError: expected:<-1> but was:<0>    at junit.framework.Assert.fail(Assert.java:57)
    at junit.framework.Assert.failNotEquals(Assert.java:329)
    at junit.framework.Assert.assertEquals(Assert.java:78)
    at junit.framework.Assert.assertEquals(Assert.java:234)
    at junit.framework.Assert.assertEquals(Assert.java:241)
    at junit.framework.TestCase.assertEquals(TestCase.java:409)
~ testRemoveValue(org.jfree.data.junit.DefaultKeyedValuesTests)
[null]
junit.framework.AssertionFailedError    at junit.framework.Assert.fail(Assert.java:55)
    at junit.framework.Assert.assertTrue(Assert.java:22)
    at junit.framework.Assert.assertTrue(Assert.java:31)
    at junit.framework.TestCase.assertTrue(TestCase.java:201)
    at org.jfree.data.junit.DefaultKeyedValuesTests.testRemoveValue(DefaultKeyedValuesTests.java:372)
    at sun.reflect.NativeMethodAccessorImpl.invoke0(Native Method)
~ testGetIndex2(org.jfree.data.junit.DefaultKeyedValuesTests)
[expected:<-1> but was:<0>]
junit.framework.AssertionFailedError: expected:<-1> but was:<0>    at junit.framework.Assert.fail(Assert.java:57)
    at junit.framework.Assert.failNotEquals(Assert.java:329)
    at junit.framework.Assert.assertEquals(Assert.java:78)
    at junit.framework.Assert.assertEquals(Assert.java:234)
    at junit.framework.Assert.assertEquals(Assert.java:241)
    at junit.framework.TestCase.assertEquals(TestCase.java:409)
~ testBug1835955(org.jfree.data.category.junit.DefaultCategoryDatasetTests)
[Index: 0, Size: 0]
java.lang.IndexOutOfBoundsException: Index: 0, Size: 0    at java.util.ArrayList.rangeCheck(ArrayList.java:657)
    at java.util.ArrayList.set(ArrayList.java:448)
    at org.jfree.data.DefaultKeyedValues.setValue(DefaultKeyedValues.java:234)
    at org.jfree.data.DefaultKeyedValues2D.setValue(DefaultKeyedValues2D.java:337)
    at org.jfree.data.DefaultKeyedValues2D.addValue(DefaultKeyedValues2D.java:303)
    at org.jfree.data.category.DefaultCategoryDataset.addValue(DefaultCategoryDataset.java:218)
~ testBug1835955(org.jfree.data.category.junit.DefaultCategoryDatasetTests)
[Index: 0, Size: 0]
java.lang.IndexOutOfBoundsException: Index: 0, Size: 0    at java.util.ArrayList.rangeCheck(ArrayList.java:657)
    at java.util.ArrayList.set(ArrayList.java:448)
    at org.jfree.data.DefaultKeyedValues.setValue(DefaultKeyedValues.java:234)
    at org.jfree.data.DefaultKeyedValues2D.setValue(DefaultKeyedValues2D.java:337)
    at org.jfree.data.DefaultKeyedValues2D.addValue(DefaultKeyedValues2D.java:303)
    at org.jfree.data.category.DefaultCategoryDataset.addValue(DefaultCategoryDataset.java:218)
~ testRemoveColumnByKey(org.jfree.data.junit.DefaultKeyedValues2DTests)
[Index: 0, Size: 0]
java.lang.IndexOutOfBoundsException: Index: 0, Size: 0    at java.util.ArrayList.rangeCheck(ArrayList.java:657)
    at java.util.ArrayList.set(ArrayList.java:448)
    at org.jfree.data.DefaultKeyedValues.setValue(DefaultKeyedValues.java:234)
    at org.jfree.data.DefaultKeyedValues2D.setValue(DefaultKeyedValues2D.java:337)
    at org.jfree.data.DefaultKeyedValues2D.addValue(DefaultKeyedValues2D.java:303)
    at org.jfree.data.junit.DefaultKeyedValues2DTests.testRemoveColumnByKey(DefaultKeyedValues2DTests.java:354)
~ testRemoveValue(org.jfree.data.junit.DefaultKeyedValuesTests)
[null]
junit.framework.AssertionFailedError    at junit.framework.Assert.fail(Assert.java:55)
    at junit.framework.Assert.assertTrue(Assert.java:22)
    at junit.framework.Assert.assertTrue(Assert.java:31)
    at junit.framework.TestCase.assertTrue(TestCase.java:201)
    at org.jfree.data.junit.DefaultKeyedValuesTests.testRemoveValue(DefaultKeyedValuesTests.java:372)
    at sun.reflect.NativeMethodAccessorImpl.invoke0(Native Method)
~ testGetIndex2(org.jfree.data.junit.DefaultKeyedValuesTests)
[expected:<-1> but was:<0>]
junit.framework.AssertionFailedError: expected:<-1> but was:<0>    at junit.framework.Assert.fail(Assert.java:57)
    at junit.framework.Assert.failNotEquals(Assert.java:329)
    at junit.framework.Assert.assertEquals(Assert.java:78)
    at junit.framework.Assert.assertEquals(Assert.java:234)
    at junit.framework.Assert.assertEquals(Assert.java:241)
    at junit.framework.TestCase.assertEquals(TestCase.java:409)
~ testRemoveValue(org.jfree.data.junit.DefaultKeyedValuesTests)
[null]
junit.framework.AssertionFailedError    at junit.framework.Assert.fail(Assert.java:55)
    at junit.framework.Assert.assertTrue(Assert.java:22)
    at junit.framework.Assert.assertTrue(Assert.java:31)
    at junit.framework.TestCase.assertTrue(TestCase.java:201)
    at org.jfree.data.junit.DefaultKeyedValuesTests.testRemoveValue(DefaultKeyedValuesTests.java:372)
    at sun.reflect.NativeMethodAccessorImpl.invoke0(Native Method)
~ testGetIndex2(org.jfree.data.junit.DefaultKeyedValuesTests)
[expected:<-1> but was:<0>]
junit.framework.AssertionFailedError: expected:<-1> but was:<0>    at junit.framework.Assert.fail(Assert.java:57)
    at junit.framework.Assert.failNotEquals(Assert.java:329)
    at junit.framework.Assert.assertEquals(Assert.java:78)
    at junit.framework.Assert.assertEquals(Assert.java:234)
    at junit.framework.Assert.assertEquals(Assert.java:241)
    at junit.framework.TestCase.assertEquals(TestCase.java:409)
~ testRemoveColumnByKey(org.jfree.data.junit.DefaultKeyedValues2DTests)
[Index: 0, Size: 0]
java.lang.IndexOutOfBoundsException: Index: 0, Size: 0    at java.util.ArrayList.rangeCheck(ArrayList.java:657)
    at java.util.ArrayList.set(ArrayList.java:448)
    at org.jfree.data.DefaultKeyedValues.setValue(DefaultKeyedValues.java:234)
    at org.jfree.data.DefaultKeyedValues2D.setValue(DefaultKeyedValues2D.java:337)
    at org.jfree.data.DefaultKeyedValues2D.addValue(DefaultKeyedValues2D.java:303)
    at org.jfree.data.junit.DefaultKeyedValues2DTests.testRemoveColumnByKey(DefaultKeyedValues2DTests.java:354)

16:08:11.673 [pool-2-thread-1] DEBUG fr.inria.lille.repair.nopol.NoPol - statement #9
16:08:11.673 [pool-2-thread-1] DEBUG fr.inria.lille.repair.nopol.NoPol - Analysing SourceLocation org.jfree.data.DefaultKeyedValues:335 which is executed by 6 tests
-1634992864
16:08:11.748 [pool-2-thread-1] DEBUG fr.inria.lille.repair.nopol.NoPol - looking with class fr.inria.lille.repair.nopol.spoon.smt.ConditionalAdder
junit.framework.AssertionFailedError
    at junit.framework.Assert.fail(Assert.java:55)
    at junit.framework.Assert.assertTrue(Assert.java:22)
    at junit.framework.Assert.assertTrue(Assert.java:31)
    at junit.framework.TestCase.assertTrue(TestCase.java:201)
    at org.jfree.data.junit.DefaultKeyedValuesTests.testRemoveValue(DefaultKeyedValuesTests.java:372)
    at sun.reflect.NativeMethodAccessorImpl.invoke0(Native Method)
junit.framework.AssertionFailedError: expected:<-1> but was:<0>
    at junit.framework.Assert.fail(Assert.java:57)
    at junit.framework.Assert.failNotEquals(Assert.java:329)
    at junit.framework.Assert.assertEquals(Assert.java:78)
    at junit.framework.Assert.assertEquals(Assert.java:234)
    at junit.framework.Assert.assertEquals(Assert.java:241)
    at junit.framework.TestCase.assertEquals(TestCase.java:409)
java.lang.IndexOutOfBoundsException: Index: 0, Size: 0
    at java.util.ArrayList.rangeCheck(ArrayList.java:657)
    at java.util.ArrayList.set(ArrayList.java:448)
    at org.jfree.data.DefaultKeyedValues.setValue(DefaultKeyedValues.java:234)
    at org.jfree.data.DefaultKeyedValues2D.setValue(DefaultKeyedValues2D.java:337)
    at org.jfree.data.DefaultKeyedValues2D.addValue(DefaultKeyedValues2D.java:303)
    at org.jfree.data.category.DefaultCategoryDataset.addValue(DefaultCategoryDataset.java:218)
java.lang.IndexOutOfBoundsException: Index: 0, Size: 0
    at java.util.ArrayList.rangeCheck(ArrayList.java:657)
    at java.util.ArrayList.set(ArrayList.java:448)
    at org.jfree.data.DefaultKeyedValues.setValue(DefaultKeyedValues.java:234)
    at org.jfree.data.DefaultKeyedValues2D.setValue(DefaultKeyedValues2D.java:337)
    at org.jfree.data.DefaultKeyedValues2D.addValue(DefaultKeyedValues2D.java:303)
    at org.jfree.data.category.DefaultCategoryDataset.addValue(DefaultCategoryDataset.java:218)
java.lang.IndexOutOfBoundsException: Index: 0, Size: 0
    at java.util.ArrayList.rangeCheck(ArrayList.java:657)
    at java.util.ArrayList.set(ArrayList.java:448)
    at org.jfree.data.DefaultKeyedValues.setValue(DefaultKeyedValues.java:234)
    at org.jfree.data.DefaultKeyedValues2D.setValue(DefaultKeyedValues2D.java:337)
    at org.jfree.data.DefaultKeyedValues2D.addValue(DefaultKeyedValues2D.java:303)
    at org.jfree.data.junit.DefaultKeyedValues2DTests.testRemoveColumnByKey(DefaultKeyedValues2DTests.java:354)
junit.framework.AssertionFailedError
    at junit.framework.Assert.fail(Assert.java:55)
    at junit.framework.Assert.assertTrue(Assert.java:22)
    at junit.framework.Assert.assertTrue(Assert.java:31)
    at junit.framework.TestCase.assertTrue(TestCase.java:201)
    at org.jfree.data.junit.DefaultKeyedValuesTests.testRemoveValue(DefaultKeyedValuesTests.java:372)
    at sun.reflect.NativeMethodAccessorImpl.invoke0(Native Method)
junit.framework.AssertionFailedError: expected:<-1> but was:<0>
    at junit.framework.Assert.fail(Assert.java:57)
    at junit.framework.Assert.failNotEquals(Assert.java:329)
    at junit.framework.Assert.assertEquals(Assert.java:78)
    at junit.framework.Assert.assertEquals(Assert.java:234)
    at junit.framework.Assert.assertEquals(Assert.java:241)
    at junit.framework.TestCase.assertEquals(TestCase.java:409)
java.lang.IndexOutOfBoundsException: Index: 0, Size: 0
    at java.util.ArrayList.rangeCheck(ArrayList.java:657)
    at java.util.ArrayList.set(ArrayList.java:448)
    at org.jfree.data.DefaultKeyedValues.setValue(DefaultKeyedValues.java:234)
    at org.jfree.data.DefaultKeyedValues2D.setValue(DefaultKeyedValues2D.java:337)
    at org.jfree.data.DefaultKeyedValues2D.addValue(DefaultKeyedValues2D.java:303)
    at org.jfree.data.junit.DefaultKeyedValues2DTests.testRemoveColumnByKey(DefaultKeyedValues2DTests.java:354)
16:08:11.766 [pool-74-thread-1] INFO  xxl.java.junit.TestCasesListener - Tests run finished (13 ms)
<> Total tests run: 86
<> Ignored tests: 0
<> Failed tests: 8
~ testRemoveValue(org.jfree.data.junit.DefaultKeyedValuesTests)
[null]
junit.framework.AssertionFailedError    at junit.framework.Assert.fail(Assert.java:55)
    at junit.framework.Assert.assertTrue(Assert.java:22)
    at junit.framework.Assert.assertTrue(Assert.java:31)
    at junit.framework.TestCase.assertTrue(TestCase.java:201)
    at org.jfree.data.junit.DefaultKeyedValuesTests.testRemoveValue(DefaultKeyedValuesTests.java:372)
    at sun.reflect.NativeMethodAccessorImpl.invoke0(Native Method)
~ testGetIndex2(org.jfree.data.junit.DefaultKeyedValuesTests)
[expected:<-1> but was:<0>]
junit.framework.AssertionFailedError: expected:<-1> but was:<0>    at junit.framework.Assert.fail(Assert.java:57)
    at junit.framework.Assert.failNotEquals(Assert.java:329)
    at junit.framework.Assert.assertEquals(Assert.java:78)
    at junit.framework.Assert.assertEquals(Assert.java:234)
    at junit.framework.Assert.assertEquals(Assert.java:241)
    at junit.framework.TestCase.assertEquals(TestCase.java:409)
~ testBug1835955(org.jfree.data.category.junit.DefaultCategoryDatasetTests)
[Index: 0, Size: 0]
java.lang.IndexOutOfBoundsException: Index: 0, Size: 0    at java.util.ArrayList.rangeCheck(ArrayList.java:657)
    at java.util.ArrayList.set(ArrayList.java:448)
    at org.jfree.data.DefaultKeyedValues.setValue(DefaultKeyedValues.java:234)
    at org.jfree.data.DefaultKeyedValues2D.setValue(DefaultKeyedValues2D.java:337)
    at org.jfree.data.DefaultKeyedValues2D.addValue(DefaultKeyedValues2D.java:303)
    at org.jfree.data.category.DefaultCategoryDataset.addValue(DefaultCategoryDataset.java:218)
~ testBug1835955(org.jfree.data.category.junit.DefaultCategoryDatasetTests)
[Index: 0, Size: 0]
java.lang.IndexOutOfBoundsException: Index: 0, Size: 0    at java.util.ArrayList.rangeCheck(ArrayList.java:657)
    at java.util.ArrayList.set(ArrayList.java:448)
    at org.jfree.data.DefaultKeyedValues.setValue(DefaultKeyedValues.java:234)
    at org.jfree.data.DefaultKeyedValues2D.setValue(DefaultKeyedValues2D.java:337)
    at org.jfree.data.DefaultKeyedValues2D.addValue(DefaultKeyedValues2D.java:303)
    at org.jfree.data.category.DefaultCategoryDataset.addValue(DefaultCategoryDataset.java:218)
~ testRemoveColumnByKey(org.jfree.data.junit.DefaultKeyedValues2DTests)
[Index: 0, Size: 0]
java.lang.IndexOutOfBoundsException: Index: 0, Size: 0    at java.util.ArrayList.rangeCheck(ArrayList.java:657)
    at java.util.ArrayList.set(ArrayList.java:448)
    at org.jfree.data.DefaultKeyedValues.setValue(DefaultKeyedValues.java:234)
    at org.jfree.data.DefaultKeyedValues2D.setValue(DefaultKeyedValues2D.java:337)
    at org.jfree.data.DefaultKeyedValues2D.addValue(DefaultKeyedValues2D.java:303)
    at org.jfree.data.junit.DefaultKeyedValues2DTests.testRemoveColumnByKey(DefaultKeyedValues2DTests.java:354)
~ testRemoveValue(org.jfree.data.junit.DefaultKeyedValuesTests)
[null]
junit.framework.AssertionFailedError    at junit.framework.Assert.fail(Assert.java:55)
    at junit.framework.Assert.assertTrue(Assert.java:22)
    at junit.framework.Assert.assertTrue(Assert.java:31)
    at junit.framework.TestCase.assertTrue(TestCase.java:201)
    at org.jfree.data.junit.DefaultKeyedValuesTests.testRemoveValue(DefaultKeyedValuesTests.java:372)
    at sun.reflect.NativeMethodAccessorImpl.invoke0(Native Method)
~ testGetIndex2(org.jfree.data.junit.DefaultKeyedValuesTests)
[expected:<-1> but was:<0>]
junit.framework.AssertionFailedError: expected:<-1> but was:<0>    at junit.framework.Assert.fail(Assert.java:57)
    at junit.framework.Assert.failNotEquals(Assert.java:329)
    at junit.framework.Assert.assertEquals(Assert.java:78)
    at junit.framework.Assert.assertEquals(Assert.java:234)
    at junit.framework.Assert.assertEquals(Assert.java:241)
    at junit.framework.TestCase.assertEquals(TestCase.java:409)
~ testRemoveColumnByKey(org.jfree.data.junit.DefaultKeyedValues2DTests)
[Index: 0, Size: 0]
java.lang.IndexOutOfBoundsException: Index: 0, Size: 0    at java.util.ArrayList.rangeCheck(ArrayList.java:657)
    at java.util.ArrayList.set(ArrayList.java:448)
    at org.jfree.data.DefaultKeyedValues.setValue(DefaultKeyedValues.java:234)
    at org.jfree.data.DefaultKeyedValues2D.setValue(DefaultKeyedValues2D.java:337)
    at org.jfree.data.DefaultKeyedValues2D.addValue(DefaultKeyedValues2D.java:303)
    at org.jfree.data.junit.DefaultKeyedValues2DTests.testRemoveColumnByKey(DefaultKeyedValues2DTests.java:354)

16:08:11.894 [pool-2-thread-1] DEBUG fr.inria.lille.repair.nopol.NoPol - statement #10
16:08:11.895 [pool-2-thread-1] DEBUG fr.inria.lille.repair.nopol.NoPol - Analysing SourceLocation org.jfree.data.DefaultKeyedValues2D:461 which is executed by 4 tests
729888690
16:08:11.970 [pool-2-thread-1] DEBUG fr.inria.lille.repair.nopol.NoPol - statement #11
16:08:11.970 [pool-2-thread-1] DEBUG fr.inria.lille.repair.nopol.NoPol - Analysing SourceLocation org.jfree.data.DefaultKeyedValues2D:460 which is executed by 4 tests
729888690
16:08:12.045 [pool-2-thread-1] DEBUG fr.inria.lille.repair.nopol.NoPol - looking with class fr.inria.lille.repair.nopol.spoon.smt.ConditionalAdder
java.lang.IndexOutOfBoundsException: Index: 0, Size: 0
    at java.util.ArrayList.rangeCheck(ArrayList.java:657)
    at java.util.ArrayList.set(ArrayList.java:448)
    at org.jfree.data.DefaultKeyedValues.setValue(DefaultKeyedValues.java:234)
    at org.jfree.data.DefaultKeyedValues2D.setValue(DefaultKeyedValues2D.java:337)
    at org.jfree.data.DefaultKeyedValues2D.addValue(DefaultKeyedValues2D.java:303)
    at org.jfree.data.category.DefaultCategoryDataset.addValue(DefaultCategoryDataset.java:218)
java.lang.IndexOutOfBoundsException: Index: 0, Size: 0
    at java.util.ArrayList.rangeCheck(ArrayList.java:657)
    at java.util.ArrayList.set(ArrayList.java:448)
    at org.jfree.data.DefaultKeyedValues.setValue(DefaultKeyedValues.java:234)
    at org.jfree.data.DefaultKeyedValues2D.setValue(DefaultKeyedValues2D.java:337)
    at org.jfree.data.DefaultKeyedValues2D.addValue(DefaultKeyedValues2D.java:303)
    at org.jfree.data.category.DefaultCategoryDataset.addValue(DefaultCategoryDataset.java:218)
java.lang.IndexOutOfBoundsException: Index: 0, Size: 0
    at java.util.ArrayList.rangeCheck(ArrayList.java:657)
    at java.util.ArrayList.set(ArrayList.java:448)
    at org.jfree.data.DefaultKeyedValues.setValue(DefaultKeyedValues.java:234)
    at org.jfree.data.DefaultKeyedValues2D.setValue(DefaultKeyedValues2D.java:337)
    at org.jfree.data.DefaultKeyedValues2D.addValue(DefaultKeyedValues2D.java:303)
    at org.jfree.data.junit.DefaultKeyedValues2DTests.testRemoveColumnByKey(DefaultKeyedValues2DTests.java:354)
java.lang.IndexOutOfBoundsException: Index: 0, Size: 0
    at java.util.ArrayList.rangeCheck(ArrayList.java:657)
    at java.util.ArrayList.set(ArrayList.java:448)
    at org.jfree.data.DefaultKeyedValues.setValue(DefaultKeyedValues.java:234)
    at org.jfree.data.DefaultKeyedValues2D.setValue(DefaultKeyedValues2D.java:337)
    at org.jfree.data.DefaultKeyedValues2D.addValue(DefaultKeyedValues2D.java:303)
    at org.jfree.data.junit.DefaultKeyedValues2DTests.testRemoveColumnByKey(DefaultKeyedValues2DTests.java:354)
16:08:12.060 [pool-84-thread-1] INFO  xxl.java.junit.TestCasesListener - Tests run finished (9 ms)
<> Total tests run: 50
<> Ignored tests: 0
<> Failed tests: 4
~ testBug1835955(org.jfree.data.category.junit.DefaultCategoryDatasetTests)
[Index: 0, Size: 0]
java.lang.IndexOutOfBoundsException: Index: 0, Size: 0    at java.util.ArrayList.rangeCheck(ArrayList.java:657)
    at java.util.ArrayList.set(ArrayList.java:448)
    at org.jfree.data.DefaultKeyedValues.setValue(DefaultKeyedValues.java:234)
    at org.jfree.data.DefaultKeyedValues2D.setValue(DefaultKeyedValues2D.java:337)
    at org.jfree.data.DefaultKeyedValues2D.addValue(DefaultKeyedValues2D.java:303)
    at org.jfree.data.category.DefaultCategoryDataset.addValue(DefaultCategoryDataset.java:218)
~ testBug1835955(org.jfree.data.category.junit.DefaultCategoryDatasetTests)
[Index: 0, Size: 0]
java.lang.IndexOutOfBoundsException: Index: 0, Size: 0    at java.util.ArrayList.rangeCheck(ArrayList.java:657)
    at java.util.ArrayList.set(ArrayList.java:448)
    at org.jfree.data.DefaultKeyedValues.setValue(DefaultKeyedValues.java:234)
    at org.jfree.data.DefaultKeyedValues2D.setValue(DefaultKeyedValues2D.java:337)
    at org.jfree.data.DefaultKeyedValues2D.addValue(DefaultKeyedValues2D.java:303)
    at org.jfree.data.category.DefaultCategoryDataset.addValue(DefaultCategoryDataset.java:218)
~ testRemoveColumnByKey(org.jfree.data.junit.DefaultKeyedValues2DTests)
[Index: 0, Size: 0]
java.lang.IndexOutOfBoundsException: Index: 0, Size: 0    at java.util.ArrayList.rangeCheck(ArrayList.java:657)
    at java.util.ArrayList.set(ArrayList.java:448)
    at org.jfree.data.DefaultKeyedValues.setValue(DefaultKeyedValues.java:234)
    at org.jfree.data.DefaultKeyedValues2D.setValue(DefaultKeyedValues2D.java:337)
    at org.jfree.data.DefaultKeyedValues2D.addValue(DefaultKeyedValues2D.java:303)
    at org.jfree.data.junit.DefaultKeyedValues2DTests.testRemoveColumnByKey(DefaultKeyedValues2DTests.java:354)
~ testRemoveColumnByKey(org.jfree.data.junit.DefaultKeyedValues2DTests)
[Index: 0, Size: 0]
java.lang.IndexOutOfBoundsException: Index: 0, Size: 0    at java.util.ArrayList.rangeCheck(ArrayList.java:657)
    at java.util.ArrayList.set(ArrayList.java:448)
    at org.jfree.data.DefaultKeyedValues.setValue(DefaultKeyedValues.java:234)
    at org.jfree.data.DefaultKeyedValues2D.setValue(DefaultKeyedValues2D.java:337)
    at org.jfree.data.DefaultKeyedValues2D.addValue(DefaultKeyedValues2D.java:303)
    at org.jfree.data.junit.DefaultKeyedValues2DTests.testRemoveColumnByKey(DefaultKeyedValues2DTests.java:354)

16:08:12.172 [pool-2-thread-1] DEBUG fr.inria.lille.repair.nopol.NoPol - statement #12
16:08:12.173 [pool-2-thread-1] DEBUG fr.inria.lille.repair.nopol.NoPol - Analysing SourceLocation org.jfree.data.DefaultKeyedValues2D:459 which is executed by 4 tests
729888690
16:08:12.247 [pool-2-thread-1] DEBUG fr.inria.lille.repair.nopol.NoPol - statement #13
16:08:12.247 [pool-2-thread-1] DEBUG fr.inria.lille.repair.nopol.NoPol - Analysing SourceLocation org.jfree.data.DefaultKeyedValues2D:458 which is executed by 4 tests
729888690
16:08:12.321 [pool-2-thread-1] DEBUG fr.inria.lille.repair.nopol.NoPol - looking with class fr.inria.lille.repair.nopol.spoon.smt.ConditionalAdder
java.lang.IndexOutOfBoundsException: Index: 0, Size: 0
    at java.util.ArrayList.rangeCheck(ArrayList.java:657)
    at java.util.ArrayList.set(ArrayList.java:448)
    at org.jfree.data.DefaultKeyedValues.setValue(DefaultKeyedValues.java:234)
    at org.jfree.data.DefaultKeyedValues2D.setValue(DefaultKeyedValues2D.java:337)
    at org.jfree.data.DefaultKeyedValues2D.addValue(DefaultKeyedValues2D.java:303)
    at org.jfree.data.category.DefaultCategoryDataset.addValue(DefaultCategoryDataset.java:218)
java.lang.IndexOutOfBoundsException: Index: 0, Size: 0
    at java.util.ArrayList.rangeCheck(ArrayList.java:657)
    at java.util.ArrayList.set(ArrayList.java:448)
    at org.jfree.data.DefaultKeyedValues.setValue(DefaultKeyedValues.java:234)
    at org.jfree.data.DefaultKeyedValues2D.setValue(DefaultKeyedValues2D.java:337)
    at org.jfree.data.DefaultKeyedValues2D.addValue(DefaultKeyedValues2D.java:303)
    at org.jfree.data.category.DefaultCategoryDataset.addValue(DefaultCategoryDataset.java:218)
java.lang.IndexOutOfBoundsException: Index: 0, Size: 0
    at java.util.ArrayList.rangeCheck(ArrayList.java:657)
    at java.util.ArrayList.set(ArrayList.java:448)
    at org.jfree.data.DefaultKeyedValues.setValue(DefaultKeyedValues.java:234)
    at org.jfree.data.DefaultKeyedValues2D.setValue(DefaultKeyedValues2D.java:337)
    at org.jfree.data.DefaultKeyedValues2D.addValue(DefaultKeyedValues2D.java:303)
    at org.jfree.data.junit.DefaultKeyedValues2DTests.testRemoveColumnByKey(DefaultKeyedValues2DTests.java:354)
java.lang.IndexOutOfBoundsException: Index: 0, Size: 0
    at java.util.ArrayList.rangeCheck(ArrayList.java:657)
    at java.util.ArrayList.set(ArrayList.java:448)
    at org.jfree.data.DefaultKeyedValues.setValue(DefaultKeyedValues.java:234)
    at org.jfree.data.DefaultKeyedValues2D.setValue(DefaultKeyedValues2D.java:337)
    at org.jfree.data.DefaultKeyedValues2D.addValue(DefaultKeyedValues2D.java:303)
    at org.jfree.data.junit.DefaultKeyedValues2DTests.testRemoveColumnByKey(DefaultKeyedValues2DTests.java:354)
16:08:12.334 [pool-90-thread-1] INFO  xxl.java.junit.TestCasesListener - Tests run finished (9 ms)
<> Total tests run: 50
<> Ignored tests: 0
<> Failed tests: 4
~ testBug1835955(org.jfree.data.category.junit.DefaultCategoryDatasetTests)
[Index: 0, Size: 0]
java.lang.IndexOutOfBoundsException: Index: 0, Size: 0    at java.util.ArrayList.rangeCheck(ArrayList.java:657)
    at java.util.ArrayList.set(ArrayList.java:448)
    at org.jfree.data.DefaultKeyedValues.setValue(DefaultKeyedValues.java:234)
    at org.jfree.data.DefaultKeyedValues2D.setValue(DefaultKeyedValues2D.java:337)
    at org.jfree.data.DefaultKeyedValues2D.addValue(DefaultKeyedValues2D.java:303)
    at org.jfree.data.category.DefaultCategoryDataset.addValue(DefaultCategoryDataset.java:218)
~ testBug1835955(org.jfree.data.category.junit.DefaultCategoryDatasetTests)
[Index: 0, Size: 0]
java.lang.IndexOutOfBoundsException: Index: 0, Size: 0    at java.util.ArrayList.rangeCheck(ArrayList.java:657)
    at java.util.ArrayList.set(ArrayList.java:448)
    at org.jfree.data.DefaultKeyedValues.setValue(DefaultKeyedValues.java:234)
    at org.jfree.data.DefaultKeyedValues2D.setValue(DefaultKeyedValues2D.java:337)
    at org.jfree.data.DefaultKeyedValues2D.addValue(DefaultKeyedValues2D.java:303)
    at org.jfree.data.category.DefaultCategoryDataset.addValue(DefaultCategoryDataset.java:218)
~ testRemoveColumnByKey(org.jfree.data.junit.DefaultKeyedValues2DTests)
[Index: 0, Size: 0]
java.lang.IndexOutOfBoundsException: Index: 0, Size: 0    at java.util.ArrayList.rangeCheck(ArrayList.java:657)
    at java.util.ArrayList.set(ArrayList.java:448)
    at org.jfree.data.DefaultKeyedValues.setValue(DefaultKeyedValues.java:234)
    at org.jfree.data.DefaultKeyedValues2D.setValue(DefaultKeyedValues2D.java:337)
    at org.jfree.data.DefaultKeyedValues2D.addValue(DefaultKeyedValues2D.java:303)
    at org.jfree.data.junit.DefaultKeyedValues2DTests.testRemoveColumnByKey(DefaultKeyedValues2DTests.java:354)
~ testRemoveColumnByKey(org.jfree.data.junit.DefaultKeyedValues2DTests)
[Index: 0, Size: 0]
java.lang.IndexOutOfBoundsException: Index: 0, Size: 0    at java.util.ArrayList.rangeCheck(ArrayList.java:657)
    at java.util.ArrayList.set(ArrayList.java:448)
    at org.jfree.data.DefaultKeyedValues.setValue(DefaultKeyedValues.java:234)
    at org.jfree.data.DefaultKeyedValues2D.setValue(DefaultKeyedValues2D.java:337)
    at org.jfree.data.DefaultKeyedValues2D.addValue(DefaultKeyedValues2D.java:303)
    at org.jfree.data.junit.DefaultKeyedValues2DTests.testRemoveColumnByKey(DefaultKeyedValues2DTests.java:354)

16:08:12.445 [pool-2-thread-1] DEBUG fr.inria.lille.repair.nopol.NoPol - statement #14
16:08:12.445 [pool-2-thread-1] DEBUG fr.inria.lille.repair.nopol.NoPol - Analysing SourceLocation org.jfree.data.DefaultKeyedValues2D:457 which is executed by 4 tests
729888690
16:08:12.518 [pool-2-thread-1] DEBUG fr.inria.lille.repair.nopol.NoPol - statement #15
16:08:12.519 [pool-2-thread-1] DEBUG fr.inria.lille.repair.nopol.NoPol - Analysing SourceLocation org.jfree.data.DefaultKeyedValues2D:456 which is executed by 4 tests
729888690
16:08:12.592 [pool-2-thread-1] DEBUG fr.inria.lille.repair.nopol.NoPol - looking with class fr.inria.lille.repair.nopol.spoon.smt.ConditionalAdder
java.lang.IndexOutOfBoundsException: Index: 0, Size: 0
    at java.util.ArrayList.rangeCheck(ArrayList.java:657)
    at java.util.ArrayList.set(ArrayList.java:448)
    at org.jfree.data.DefaultKeyedValues.setValue(DefaultKeyedValues.java:234)
    at org.jfree.data.DefaultKeyedValues2D.setValue(DefaultKeyedValues2D.java:337)
    at org.jfree.data.DefaultKeyedValues2D.addValue(DefaultKeyedValues2D.java:303)
    at org.jfree.data.category.DefaultCategoryDataset.addValue(DefaultCategoryDataset.java:218)
java.lang.IndexOutOfBoundsException: Index: 0, Size: 0
    at java.util.ArrayList.rangeCheck(ArrayList.java:657)
    at java.util.ArrayList.set(ArrayList.java:448)
    at org.jfree.data.DefaultKeyedValues.setValue(DefaultKeyedValues.java:234)
    at org.jfree.data.DefaultKeyedValues2D.setValue(DefaultKeyedValues2D.java:337)
    at org.jfree.data.DefaultKeyedValues2D.addValue(DefaultKeyedValues2D.java:303)
    at org.jfree.data.category.DefaultCategoryDataset.addValue(DefaultCategoryDataset.java:218)
java.lang.IndexOutOfBoundsException: Index: 0, Size: 0
    at java.util.ArrayList.rangeCheck(ArrayList.java:657)
    at java.util.ArrayList.set(ArrayList.java:448)
    at org.jfree.data.DefaultKeyedValues.setValue(DefaultKeyedValues.java:234)
    at org.jfree.data.DefaultKeyedValues2D.setValue(DefaultKeyedValues2D.java:337)
    at org.jfree.data.DefaultKeyedValues2D.addValue(DefaultKeyedValues2D.java:303)
    at org.jfree.data.junit.DefaultKeyedValues2DTests.testRemoveColumnByKey(DefaultKeyedValues2DTests.java:354)
java.lang.IndexOutOfBoundsException: Index: 0, Size: 0
    at java.util.ArrayList.rangeCheck(ArrayList.java:657)
    at java.util.ArrayList.set(ArrayList.java:448)
    at org.jfree.data.DefaultKeyedValues.setValue(DefaultKeyedValues.java:234)
    at org.jfree.data.DefaultKeyedValues2D.setValue(DefaultKeyedValues2D.java:337)
    at org.jfree.data.DefaultKeyedValues2D.addValue(DefaultKeyedValues2D.java:303)
    at org.jfree.data.junit.DefaultKeyedValues2DTests.testRemoveColumnByKey(DefaultKeyedValues2DTests.java:354)
16:08:12.615 [pool-96-thread-1] INFO  xxl.java.junit.TestCasesListener - Tests run finished (10 ms)
<> Total tests run: 50
<> Ignored tests: 0
<> Failed tests: 4
~ testBug1835955(org.jfree.data.category.junit.DefaultCategoryDatasetTests)
[Index: 0, Size: 0]
java.lang.IndexOutOfBoundsException: Index: 0, Size: 0    at java.util.ArrayList.rangeCheck(ArrayList.java:657)
    at java.util.ArrayList.set(ArrayList.java:448)
    at org.jfree.data.DefaultKeyedValues.setValue(DefaultKeyedValues.java:234)
    at org.jfree.data.DefaultKeyedValues2D.setValue(DefaultKeyedValues2D.java:337)
    at org.jfree.data.DefaultKeyedValues2D.addValue(DefaultKeyedValues2D.java:303)
    at org.jfree.data.category.DefaultCategoryDataset.addValue(DefaultCategoryDataset.java:218)
~ testBug1835955(org.jfree.data.category.junit.DefaultCategoryDatasetTests)
[Index: 0, Size: 0]
java.lang.IndexOutOfBoundsException: Index: 0, Size: 0    at java.util.ArrayList.rangeCheck(ArrayList.java:657)
    at java.util.ArrayList.set(ArrayList.java:448)
    at org.jfree.data.DefaultKeyedValues.setValue(DefaultKeyedValues.java:234)
    at org.jfree.data.DefaultKeyedValues2D.setValue(DefaultKeyedValues2D.java:337)
    at org.jfree.data.DefaultKeyedValues2D.addValue(DefaultKeyedValues2D.java:303)
    at org.jfree.data.category.DefaultCategoryDataset.addValue(DefaultCategoryDataset.java:218)
~ testRemoveColumnByKey(org.jfree.data.junit.DefaultKeyedValues2DTests)
[Index: 0, Size: 0]
java.lang.IndexOutOfBoundsException: Index: 0, Size: 0    at java.util.ArrayList.rangeCheck(ArrayList.java:657)
    at java.util.ArrayList.set(ArrayList.java:448)
    at org.jfree.data.DefaultKeyedValues.setValue(DefaultKeyedValues.java:234)
    at org.jfree.data.DefaultKeyedValues2D.setValue(DefaultKeyedValues2D.java:337)
    at org.jfree.data.DefaultKeyedValues2D.addValue(DefaultKeyedValues2D.java:303)
    at org.jfree.data.junit.DefaultKeyedValues2DTests.testRemoveColumnByKey(DefaultKeyedValues2DTests.java:354)
~ testRemoveColumnByKey(org.jfree.data.junit.DefaultKeyedValues2DTests)
[Index: 0, Size: 0]
java.lang.IndexOutOfBoundsException: Index: 0, Size: 0    at java.util.ArrayList.rangeCheck(ArrayList.java:657)
    at java.util.ArrayList.set(ArrayList.java:448)
    at org.jfree.data.DefaultKeyedValues.setValue(DefaultKeyedValues.java:234)
    at org.jfree.data.DefaultKeyedValues2D.setValue(DefaultKeyedValues2D.java:337)
    at org.jfree.data.DefaultKeyedValues2D.addValue(DefaultKeyedValues2D.java:303)
    at org.jfree.data.junit.DefaultKeyedValues2DTests.testRemoveColumnByKey(DefaultKeyedValues2DTests.java:354)

16:08:12.731 [pool-2-thread-1] DEBUG fr.inria.lille.repair.nopol.NoPol - statement #16
16:08:12.731 [pool-2-thread-1] DEBUG fr.inria.lille.repair.nopol.NoPol - Analysing SourceLocation org.jfree.data.DefaultKeyedValues2D:455 which is executed by 4 tests
729888690
16:08:12.806 [pool-2-thread-1] DEBUG fr.inria.lille.repair.nopol.NoPol - statement #17
16:08:12.806 [pool-2-thread-1] DEBUG fr.inria.lille.repair.nopol.NoPol - Analysing SourceLocation org.jfree.data.category.DefaultCategoryDataset:352 which is executed by 2 tests
-482035398
16:08:12.878 [pool-2-thread-1] DEBUG fr.inria.lille.repair.nopol.NoPol - statement #18
16:08:12.878 [pool-2-thread-1] DEBUG fr.inria.lille.repair.nopol.NoPol - Analysing SourceLocation org.jfree.data.category.DefaultCategoryDataset:351 which is executed by 2 tests
-482035398
16:08:12.949 [pool-2-thread-1] DEBUG fr.inria.lille.repair.nopol.NoPol - looking with class fr.inria.lille.repair.nopol.spoon.smt.ConditionalAdder
java.lang.IndexOutOfBoundsException: Index: 0, Size: 0
    at java.util.ArrayList.rangeCheck(ArrayList.java:657)
    at java.util.ArrayList.set(ArrayList.java:448)
    at org.jfree.data.DefaultKeyedValues.setValue(DefaultKeyedValues.java:234)
    at org.jfree.data.DefaultKeyedValues2D.setValue(DefaultKeyedValues2D.java:337)
    at org.jfree.data.DefaultKeyedValues2D.addValue(DefaultKeyedValues2D.java:303)
    at org.jfree.data.category.DefaultCategoryDataset.addValue(DefaultCategoryDataset.java:218)
java.lang.IndexOutOfBoundsException: Index: 0, Size: 0
    at java.util.ArrayList.rangeCheck(ArrayList.java:657)
    at java.util.ArrayList.set(ArrayList.java:448)
    at org.jfree.data.DefaultKeyedValues.setValue(DefaultKeyedValues.java:234)
    at org.jfree.data.DefaultKeyedValues2D.setValue(DefaultKeyedValues2D.java:337)
    at org.jfree.data.DefaultKeyedValues2D.addValue(DefaultKeyedValues2D.java:303)
    at org.jfree.data.category.DefaultCategoryDataset.addValue(DefaultCategoryDataset.java:218)
16:08:12.959 [pool-102-thread-1] INFO  xxl.java.junit.TestCasesListener - Tests run finished (7 ms)
<> Total tests run: 22
<> Ignored tests: 0
<> Failed tests: 2
~ testBug1835955(org.jfree.data.category.junit.DefaultCategoryDatasetTests)
[Index: 0, Size: 0]
java.lang.IndexOutOfBoundsException: Index: 0, Size: 0    at java.util.ArrayList.rangeCheck(ArrayList.java:657)
    at java.util.ArrayList.set(ArrayList.java:448)
    at org.jfree.data.DefaultKeyedValues.setValue(DefaultKeyedValues.java:234)
    at org.jfree.data.DefaultKeyedValues2D.setValue(DefaultKeyedValues2D.java:337)
    at org.jfree.data.DefaultKeyedValues2D.addValue(DefaultKeyedValues2D.java:303)
    at org.jfree.data.category.DefaultCategoryDataset.addValue(DefaultCategoryDataset.java:218)
~ testBug1835955(org.jfree.data.category.junit.DefaultCategoryDatasetTests)
[Index: 0, Size: 0]
java.lang.IndexOutOfBoundsException: Index: 0, Size: 0    at java.util.ArrayList.rangeCheck(ArrayList.java:657)
    at java.util.ArrayList.set(ArrayList.java:448)
    at org.jfree.data.DefaultKeyedValues.setValue(DefaultKeyedValues.java:234)
    at org.jfree.data.DefaultKeyedValues2D.setValue(DefaultKeyedValues2D.java:337)
    at org.jfree.data.DefaultKeyedValues2D.addValue(DefaultKeyedValues2D.java:303)
    at org.jfree.data.category.DefaultCategoryDataset.addValue(DefaultCategoryDataset.java:218)

16:08:13.058 [pool-2-thread-1] DEBUG fr.inria.lille.repair.nopol.NoPol - statement #19
16:08:13.059 [pool-2-thread-1] DEBUG fr.inria.lille.repair.nopol.NoPol - Analysing SourceLocation org.jfree.data.category.DefaultCategoryDataset:350 which is executed by 2 tests
-482035398
16:08:13.138 [pool-2-thread-1] DEBUG fr.inria.lille.repair.nopol.NoPol - looking with class fr.inria.lille.repair.nopol.spoon.smt.ConditionalAdder
java.lang.IndexOutOfBoundsException: Index: 0, Size: 0
    at java.util.ArrayList.rangeCheck(ArrayList.java:657)
    at java.util.ArrayList.set(ArrayList.java:448)
    at org.jfree.data.DefaultKeyedValues.setValue(DefaultKeyedValues.java:234)
    at org.jfree.data.DefaultKeyedValues2D.setValue(DefaultKeyedValues2D.java:337)
    at org.jfree.data.DefaultKeyedValues2D.addValue(DefaultKeyedValues2D.java:303)
    at org.jfree.data.category.DefaultCategoryDataset.addValue(DefaultCategoryDataset.java:218)
java.lang.IndexOutOfBoundsException: Index: 0, Size: 0
    at java.util.ArrayList.rangeCheck(ArrayList.java:657)
    at java.util.ArrayList.set(ArrayList.java:448)
    at org.jfree.data.DefaultKeyedValues.setValue(DefaultKeyedValues.java:234)
    at org.jfree.data.DefaultKeyedValues2D.setValue(DefaultKeyedValues2D.java:337)
    at org.jfree.data.DefaultKeyedValues2D.addValue(DefaultKeyedValues2D.java:303)
    at org.jfree.data.category.DefaultCategoryDataset.addValue(DefaultCategoryDataset.java:218)
16:08:13.148 [pool-106-thread-1] INFO  xxl.java.junit.TestCasesListener - Tests run finished (8 ms)
<> Total tests run: 22
<> Ignored tests: 0
<> Failed tests: 2
~ testBug1835955(org.jfree.data.category.junit.DefaultCategoryDatasetTests)
[Index: 0, Size: 0]
java.lang.IndexOutOfBoundsException: Index: 0, Size: 0    at java.util.ArrayList.rangeCheck(ArrayList.java:657)
    at java.util.ArrayList.set(ArrayList.java:448)
    at org.jfree.data.DefaultKeyedValues.setValue(DefaultKeyedValues.java:234)
    at org.jfree.data.DefaultKeyedValues2D.setValue(DefaultKeyedValues2D.java:337)
    at org.jfree.data.DefaultKeyedValues2D.addValue(DefaultKeyedValues2D.java:303)
    at org.jfree.data.category.DefaultCategoryDataset.addValue(DefaultCategoryDataset.java:218)
~ testBug1835955(org.jfree.data.category.junit.DefaultCategoryDatasetTests)
[Index: 0, Size: 0]
java.lang.IndexOutOfBoundsException: Index: 0, Size: 0    at java.util.ArrayList.rangeCheck(ArrayList.java:657)
    at java.util.ArrayList.set(ArrayList.java:448)
    at org.jfree.data.DefaultKeyedValues.setValue(DefaultKeyedValues.java:234)
    at org.jfree.data.DefaultKeyedValues2D.setValue(DefaultKeyedValues2D.java:337)
    at org.jfree.data.DefaultKeyedValues2D.addValue(DefaultKeyedValues2D.java:303)
    at org.jfree.data.category.DefaultCategoryDataset.addValue(DefaultCategoryDataset.java:218)

16:08:13.253 [pool-105-thread-1] INFO  f.i.l.repair.nopol.patch.TestPatch - Applying patch: org.jfree.data.category.DefaultCategoryDataset:350: PRECONDITION false
16:08:13.367 [pool-105-thread-1] INFO  f.i.l.repair.nopol.patch.TestPatch - Running test suite to check the patch "false" is working
16:08:13.373 [pool-2-thread-1] INFO  fr.inria.lille.repair.nopol.NoPol - ----INFORMATION----
16:08:13.638 [pool-2-thread-1] INFO  fr.inria.lille.repair.nopol.NoPol - Nb classes : 579
16:08:13.638 [pool-2-thread-1] INFO  fr.inria.lille.repair.nopol.NoPol - Nb methods : 6214
16:08:13.638 [pool-2-thread-1] INFO  fr.inria.lille.repair.nopol.NoPol - Nb Statements Analyzed : 13
16:08:13.638 [pool-2-thread-1] INFO  fr.inria.lille.repair.nopol.NoPol - Nb Statements with Angelic Value Found : 1
16:08:13.638 [pool-2-thread-1] INFO  fr.inria.lille.repair.nopol.NoPol - NoPol Execution time : 24010ms
16:08:13.638 [pool-2-thread-1] INFO  fr.inria.lille.repair.nopol.NoPol - 
16:08:13.638 [pool-2-thread-1] INFO  fr.inria.lille.repair.nopol.NoPol - ----PATCH FOUND----
16:08:13.638 [pool-2-thread-1] INFO  fr.inria.lille.repair.nopol.NoPol - false
16:08:13.728 [pool-2-thread-1] INFO  fr.inria.lille.repair.nopol.NoPol - Nb test that executes the patch: 2
16:08:13.729 [pool-2-thread-1] INFO  fr.inria.lille.repair.nopol.NoPol - org.jfree.data.category.DefaultCategoryDataset:350: PRECONDITION
16:08:13.743 [pool-2-thread-1] INFO  fr.inria.lille.repair.nopol.NoPol - --- a/source/org/jfree/data/category/DefaultCategoryDataset.java
+++ b/source/org/jfree/data/category/DefaultCategoryDataset.java
@@ -349,3 +349,5 @@
     public void removeColumn(Comparable columnKey) {
-        this.data.removeColumn(columnKey);
+        if (false) {
+            this.data.removeColumn(columnKey);
+        }
         fireDatasetChanged();

PATCH
94.47user 3.16system 0:25.87elapsed 377%CPU (0avgtext+0avgdata 1004180maxresident)k
69272inputs+5888outputs (20major+488228minor)pagefaults 0swaps


Node: grisou-43.nancy.grid5000.fr



Date: Sat Dec  1 16:08:14 EST 2018

