cd /tmp/jGenProg_Defects4J_Mockito_35;
export JAVA_TOOL_OPTIONS="-Dfile.encoding=UTF8 -Duser.language=en-US -Duser.country=US -Duser.language=en";
TZ="America/New_York"; export TZ;
export PATH="/usr/lib/jvm/java-1.8.0-openjdk-amd64/bin/:$PATH";
export JAVA_HOME="/usr/lib/jvm/java-1.8.0-openjdk-amd64/bin/";
time java -Xmx4048m -cp /home/tdurieux/defects4j4repair/script/../libs/jtestex7.jar:/home/tdurieux/defects4j4repair/script/../repair_tools/astor.jar fr.inria.main.evolution.AstorMain \
	-mode jgenprog \
	-location . \
	-id Mockito-35 \
	-failing org.mockitousage.bugs.NPEWithCertainMatchersTest \
	-jvm4testexecution /home/tdurieux/openjdk-1.7.0/bin/ \
	-jvm4evosuitetestexecution /home/tdurieux/openjdk-1.7.0/bin/ \
	-maxgen 1000000 \
	-maxtime 120 \
	-stopfirst true \
	-seed 0 \
	-scope local \
	-population 1 \
	-javacompliancelevel 5 \
	-srcjavafolder src \
	-srctestfolder test \
	-binjavafolder target/classes \
	-bintestfolder target/test-classes \
	-parameters x:x \
	-dependencies /home/tdurieux/defects4j4repair/script/../benchmarks/defects4j/framework/projects/lib/junit-4.11.jar:/home/tdurieux/defects4j4repair/script/../benchmarks/defects4j/framework/projects/lib/cobertura-2.0.3.jar:/tmp/jGenProg_Defects4J_Mockito_35/target/classes:/tmp/jGenProg_Defects4J_Mockito_35/target/test-classes:/tmp/jGenProg_Defects4J_Mockito_35/lib/compile/com.springsource.org.junit-4.5.0.jar:/tmp/jGenProg_Defects4J_Mockito_35/lib/build/jarjar-1.0.jar:/tmp/jGenProg_Defects4J_Mockito_35/lib/build/jaxen-1.1.1.jar:/tmp/jGenProg_Defects4J_Mockito_35/lib/build/asm-3.1.jar:/tmp/jGenProg_Defects4J_Mockito_35/lib/build/pmd-4.1.jar:/tmp/jGenProg_Defects4J_Mockito_35/lib/build/sorcerer.jar:/tmp/jGenProg_Defects4J_Mockito_35/lib/build/maven-ant-tasks-2.0.9.jar:/tmp/jGenProg_Defects4J_Mockito_35/lib/build/bnd-0.0.313.jar:/tmp/jGenProg_Defects4J_Mockito_35/lib/test/fest-util-1.1.jar:/tmp/jGenProg_Defects4J_Mockito_35/lib/test/fest-assert-1.1.jar:/tmp/jGenProg_Defects4J_Mockito_35/lib/test/powermock-reflect-1.2.5.jar:/tmp/jGenProg_Defects4J_Mockito_35/lib/run/com.springsource.org.objenesis-1.0.0.jar:/tmp/jGenProg_Defects4J_Mockito_35/lib/run/com.springsource.org.hamcrest.core-1.1.0.jar:/tmp/jGenProg_Defects4J_Mockito_35/lib/repackaged/cglib-and-asm-1.0.jar:/tmp/jGenProg_Defects4J_Mockito_35/lib/sources/com.springsource.org.hamcrest.core-1.1.0-sources.jar:/tmp/jGenProg_Defects4J_Mockito_35/lib/sources/com.springsource.org.objenesis-1.0.0-sources.jar:/tmp/jGenProg_Defects4J_Mockito_35/lib/sources/cglib-and-asm-1.0-sources.jar:/home/tdurieux/defects4j4repair/script/../benchmarks/defects4j/framework/projects/Mockito/lib/asm-all-5.0.4.jar:/home/tdurieux/defects4j4repair/script/../benchmarks/defects4j/framework/projects/Mockito/lib/assertj-core-2.1.0.jar:/home/tdurieux/defects4j4repair/script/../benchmarks/defects4j/framework/projects/Mockito/lib/cobertura-2.0.3.jar:/home/tdurieux/defects4j4repair/script/../benchmarks/defects4j/framework/projects/Mockito/lib/objenesis-2.1.jar:/home/tdurieux/defects4j4repair/script/../benchmarks/defects4j/framework/projects/Mockito/lib/objenesis-2.2.jar:/home/tdurieux/defects4j4repair/script/../benchmarks/defects4j/framework/projects/Mockito/lib/cglib-and-asm-1.0.jar:/home/tdurieux/defects4j4repair/script/../benchmarks/defects4j/framework/projects/Mockito/lib/fest-util-1.1.4.jar:/home/tdurieux/defects4j4repair/script/../benchmarks/defects4j/framework/projects/Mockito/lib/fest-assert-1.3.jar:/home/tdurieux/defects4j4repair/script/../benchmarks/defects4j/framework/projects/Mockito/lib/hamcrest-all-1.3.jar:/home/tdurieux/defects4j4repair/script/../benchmarks/defects4j/framework/projects/Mockito/lib/powermock-reflect-1.2.5.jar;
	echo "\n\nNode: `hostname`\n";
	echo "\n\nDate: `date`\n";
Picked up JAVA_TOOL_OPTIONS: -Dfile.encoding=UTF8 -Duser.language=en-US -Duser.country=US -Duser.language=en
2018-12-01 12:51:32,549 INFO main - command line arguments: [-mode  jgenprog  -location  .  -id  Mockito-35  -failing  org.mockitousage.bugs.NPEWithCertainMatchersTest  -jvm4testexecution  /home/tdurieux/openjdk-1.7.0/bin/  -jvm4evosuitetestexecution  /home/tdurieux/openjdk-1.7.0/bin/  -maxgen  1000000  -maxtime  120  -stopfirst  true  -seed  0  -scope  local  -population  1  -javacompliancelevel  5  -srcjavafolder  src  -srctestfolder  test  -binjavafolder  target/classes  -bintestfolder  target/test-classes  -parameters  x:x  -dependencies  /home/tdurieux/defects4j4repair/script/../benchmarks/defects4j/framework/projects/lib/junit-4.11.jar:/home/tdurieux/defects4j4repair/script/../benchmarks/defects4j/framework/projects/lib/cobertura-2.0.3.jar:/tmp/jGenProg_Defects4J_Mockito_35/target/classes:/tmp/jGenProg_Defects4J_Mockito_35/target/test-classes:/tmp/jGenProg_Defects4J_Mockito_35/lib/compile/com.springsource.org.junit-4.5.0.jar:/tmp/jGenProg_Defects4J_Mockito_35/lib/build/jarjar-1.0.jar:/tmp/jGenProg_Defects4J_Mockito_35/lib/build/jaxen-1.1.1.jar:/tmp/jGenProg_Defects4J_Mockito_35/lib/build/asm-3.1.jar:/tmp/jGenProg_Defects4J_Mockito_35/lib/build/pmd-4.1.jar:/tmp/jGenProg_Defects4J_Mockito_35/lib/build/sorcerer.jar:/tmp/jGenProg_Defects4J_Mockito_35/lib/build/maven-ant-tasks-2.0.9.jar:/tmp/jGenProg_Defects4J_Mockito_35/lib/build/bnd-0.0.313.jar:/tmp/jGenProg_Defects4J_Mockito_35/lib/test/fest-util-1.1.jar:/tmp/jGenProg_Defects4J_Mockito_35/lib/test/fest-assert-1.1.jar:/tmp/jGenProg_Defects4J_Mockito_35/lib/test/powermock-reflect-1.2.5.jar:/tmp/jGenProg_Defects4J_Mockito_35/lib/run/com.springsource.org.objenesis-1.0.0.jar:/tmp/jGenProg_Defects4J_Mockito_35/lib/run/com.springsource.org.hamcrest.core-1.1.0.jar:/tmp/jGenProg_Defects4J_Mockito_35/lib/repackaged/cglib-and-asm-1.0.jar:/tmp/jGenProg_Defects4J_Mockito_35/lib/sources/com.springsource.org.hamcrest.core-1.1.0-sources.jar:/tmp/jGenProg_Defects4J_Mockito_35/lib/sources/com.springsource.org.objenesis-1.0.0-sources.jar:/tmp/jGenProg_Defects4J_Mockito_35/lib/sources/cglib-and-asm-1.0-sources.jar:/home/tdurieux/defects4j4repair/script/../benchmarks/defects4j/framework/projects/Mockito/lib/asm-all-5.0.4.jar:/home/tdurieux/defects4j4repair/script/../benchmarks/defects4j/framework/projects/Mockito/lib/assertj-core-2.1.0.jar:/home/tdurieux/defects4j4repair/script/../benchmarks/defects4j/framework/projects/Mockito/lib/cobertura-2.0.3.jar:/home/tdurieux/defects4j4repair/script/../benchmarks/defects4j/framework/projects/Mockito/lib/objenesis-2.1.jar:/home/tdurieux/defects4j4repair/script/../benchmarks/defects4j/framework/projects/Mockito/lib/objenesis-2.2.jar:/home/tdurieux/defects4j4repair/script/../benchmarks/defects4j/framework/projects/Mockito/lib/cglib-and-asm-1.0.jar:/home/tdurieux/defects4j4repair/script/../benchmarks/defects4j/framework/projects/Mockito/lib/fest-util-1.1.4.jar:/home/tdurieux/defects4j4repair/script/../benchmarks/defects4j/framework/projects/Mockito/lib/fest-assert-1.3.jar:/home/tdurieux/defects4j4repair/script/../benchmarks/defects4j/framework/projects/Mockito/lib/hamcrest-all-1.3.jar:/home/tdurieux/defects4j4repair/script/../benchmarks/defects4j/framework/projects/Mockito/lib/powermock-reflect-1.2.5.jar]
2018-12-01 12:51:32,551 INFO fr.inria.main.evolution.AstorMain - Running Astor on a JDK at /usr/lib/jvm/java-8-openjdk-amd64/jre
[INFO ] fr.inria.main.AbstractMain.determineSourceFolders(AbstractMain.java:842) - Source folders: [/tmp/jGenProg_Defects4J_Mockito_35/./src]
[INFO ] fr.inria.main.AbstractMain.determineSourceFolders(AbstractMain.java:861) - Source Test folders: [/tmp/jGenProg_Defects4J_Mockito_35/./test]
[INFO ] fr.inria.astor.core.faultlocalization.gzoltar.GZoltarFaultLocalization.calculateSuspicious(GZoltarFaultLocalization.java:75) - -Executing Gzoltar classpath: /tmp/jGenProg_Defects4J_Mockito_35/./output_astor/AstorMain-Mockito-35//bin//default from 322 classes with test cases
[INFO ] fr.inria.astor.core.faultlocalization.gzoltar.GZoltarFaultLocalization.searchSuspicious(GZoltarFaultLocalization.java:149) - Gzoltar fault localization: min susp value parameter: 0.1
[INFO ] fr.inria.astor.core.faultlocalization.gzoltar.GZoltarFaultLocalization.searchSuspicious(GZoltarFaultLocalization.java:169) - -gz-Adding classpath: [/tmp/jGenProg_Defects4J_Mockito_35/lib/test/fest-util-1.1.jar, /tmp/jGenProg_Defects4J_Mockito_35/lib/repackaged/cglib-and-asm-1.0.jar, /tmp/jGenProg_Defects4J_Mockito_35/lib/sources/com.springsource.org.hamcrest.core-1.1.0-sources.jar, /tmp/jGenProg_Defects4J_Mockito_35/lib/test/powermock-reflect-1.2.5.jar, /tmp/jGenProg_Defects4J_Mockito_35/lib/run/com.springsource.org.objenesis-1.0.0.jar, /tmp/jGenProg_Defects4J_Mockito_35/lib/build/sorcerer.jar, /tmp/jGenProg_Defects4J_Mockito_35/lib/build/bnd-0.0.313.jar, /home/tdurieux/defects4j4repair/script/../benchmarks/defects4j/framework/projects/Mockito/lib/asm-all-5.0.4.jar, /tmp/jGenProg_Defects4J_Mockito_35/lib/compile/com.springsource.org.junit-4.5.0.jar, /tmp/jGenProg_Defects4J_Mockito_35/lib/build/maven-ant-tasks-2.0.9.jar, /home/tdurieux/defects4j4repair/script/../benchmarks/defects4j/framework/projects/Mockito/lib/objenesis-2.1.jar, /tmp/jGenProg_Defects4J_Mockito_35/target/classes/, /home/tdurieux/defects4j4repair/script/../benchmarks/defects4j/framework/projects/Mockito/lib/fest-util-1.1.4.jar, /home/tdurieux/defects4j4repair/script/../benchmarks/defects4j/framework/projects/Mockito/lib/cglib-and-asm-1.0.jar, /tmp/jGenProg_Defects4J_Mockito_35/lib/build/jarjar-1.0.jar, /home/tdurieux/defects4j4repair/script/../benchmarks/defects4j/framework/projects/Mockito/lib/objenesis-2.2.jar, /tmp/jGenProg_Defects4J_Mockito_35/lib/build/pmd-4.1.jar, /home/tdurieux/defects4j4repair/script/../benchmarks/defects4j/framework/projects/Mockito/lib/hamcrest-all-1.3.jar, /home/tdurieux/defects4j4repair/script/../benchmarks/defects4j/framework/projects/Mockito/lib/powermock-reflect-1.2.5.jar, /home/tdurieux/defects4j4repair/script/../benchmarks/defects4j/framework/projects/lib/cobertura-2.0.3.jar, /tmp/jGenProg_Defects4J_Mockito_35/lib/sources/com.springsource.org.objenesis-1.0.0-sources.jar, /home/tdurieux/defects4j4repair/script/../benchmarks/defects4j/framework/projects/Mockito/lib/assertj-core-2.1.0.jar, /home/tdurieux/defects4j4repair/script/../benchmarks/defects4j/framework/projects/Mockito/lib/fest-assert-1.3.jar, /tmp/jGenProg_Defects4J_Mockito_35/lib/sources/cglib-and-asm-1.0-sources.jar, /tmp/jGenProg_Defects4J_Mockito_35/lib/test/fest-assert-1.1.jar, /home/tdurieux/defects4j4repair/script/../benchmarks/defects4j/framework/projects/Mockito/lib/cobertura-2.0.3.jar, /tmp/jGenProg_Defects4J_Mockito_35/./output_astor/AstorMain-Mockito-35//bin//default, /tmp/jGenProg_Defects4J_Mockito_35/target/test-classes/, /tmp/jGenProg_Defects4J_Mockito_35/lib/build/jaxen-1.1.1.jar, /tmp/jGenProg_Defects4J_Mockito_35/lib/build/asm-3.1.jar, /tmp/jGenProg_Defects4J_Mockito_35/lib/run/com.springsource.org.hamcrest.core-1.1.0.jar, /home/tdurieux/defects4j4repair/script/../benchmarks/defects4j/framework/projects/lib/junit-4.11.jar]
[INFO ] fr.inria.astor.core.faultlocalization.gzoltar.GZoltarFaultLocalization.searchSuspicious(GZoltarFaultLocalization.java:206) - Test failt: org.mockitousage.bugs.NPEWithCertainMatchersTest#shouldNotThrowNPEWhenIntPassed
[INFO ] fr.inria.astor.core.faultlocalization.gzoltar.GZoltarFaultLocalization.searchSuspicious(GZoltarFaultLocalization.java:206) - Test failt: org.mockitousage.bugs.NPEWithCertainMatchersTest#shouldNotThrowNPEWhenIntegerPassed
[INFO ] fr.inria.astor.core.faultlocalization.gzoltar.GZoltarFaultLocalization.searchSuspicious(GZoltarFaultLocalization.java:206) - Test failt: org.mockitousage.bugs.NPEWithCertainMatchersTest#shouldNotThrowNPEWhenIntegerPassedToEq
[INFO ] fr.inria.astor.core.faultlocalization.gzoltar.GZoltarFaultLocalization.searchSuspicious(GZoltarFaultLocalization.java:206) - Test failt: org.mockitousage.bugs.NPEWithCertainMatchersTest#shouldNotThrowNPEWhenIntegerPassedToSame
[INFO ] fr.inria.astor.core.faultlocalization.gzoltar.GZoltarFaultLocalization.searchSuspicious(GZoltarFaultLocalization.java:206) - Test failt: org.mockitousage.basicapi.MocksSerializationTest#shouldSerializeRealPartialMock
[INFO ] fr.inria.astor.core.faultlocalization.gzoltar.GZoltarFaultLocalization.searchSuspicious(GZoltarFaultLocalization.java:206) - Test failt: org.mockitousage.basicapi.MocksSerializationTest#shouldSerializeObjectMock
[INFO ] fr.inria.astor.core.faultlocalization.gzoltar.GZoltarFaultLocalization.searchSuspicious(GZoltarFaultLocalization.java:206) - Test failt: org.mockitousage.matchers.CapturingArgumentsTest#shouldCaptureWhenStubbingOnlyWhenEntireInvocationMatches
[INFO ] fr.inria.astor.core.faultlocalization.gzoltar.GZoltarFaultLocalization.searchSuspicious(GZoltarFaultLocalization.java:218) - Gzoltar Test Result Total:812, fails: 7, GZoltar suspicious 4744, with positive susp 2292
[INFO ] fr.inria.astor.core.faultlocalization.gzoltar.GZoltarFaultLocalization.searchSuspicious(GZoltarFaultLocalization.java:226) - nr test results 812
[INFO ] fr.inria.astor.core.faultlocalization.gzoltar.GZoltarFaultLocalization.searchSuspicious(GZoltarFaultLocalization.java:271) - Gzoltar found: 311 with susp > 0.1, we consider: 311
[INFO ] fr.inria.astor.core.solutionsearch.AstorCoreEngine.initPopulation(AstorCoreEngine.java:689) - 
---- Creating spoon model
[INFO ] fr.inria.astor.core.solutionsearch.AstorCoreEngine.initModel(AstorCoreEngine.java:781) - Creating model,  Code location from working folder: /tmp/jGenProg_Defects4J_Mockito_35/./output_astor/AstorMain-Mockito-35//src//default
[INFO ] fr.inria.astor.core.manipulation.MutationSupporter.buildModel(MutationSupporter.java:65) - building model: /tmp/jGenProg_Defects4J_Mockito_35/./output_astor/AstorMain-Mockito-35//src//default, compliance level: 5
[INFO ] fr.inria.astor.core.manipulation.MutationSupporter.buildModel(MutationSupporter.java:78) - Classpath for building SpoonModel [/home/tdurieux/defects4j4repair/script/../benchmarks/defects4j/framework/projects/lib/junit-4.11.jar, /home/tdurieux/defects4j4repair/script/../benchmarks/defects4j/framework/projects/lib/cobertura-2.0.3.jar, /tmp/jGenProg_Defects4J_Mockito_35/target/classes/, /tmp/jGenProg_Defects4J_Mockito_35/target/test-classes/, /tmp/jGenProg_Defects4J_Mockito_35/lib/compile/com.springsource.org.junit-4.5.0.jar, /tmp/jGenProg_Defects4J_Mockito_35/lib/build/jarjar-1.0.jar, /tmp/jGenProg_Defects4J_Mockito_35/lib/build/jaxen-1.1.1.jar, /tmp/jGenProg_Defects4J_Mockito_35/lib/build/asm-3.1.jar, /tmp/jGenProg_Defects4J_Mockito_35/lib/build/pmd-4.1.jar, /tmp/jGenProg_Defects4J_Mockito_35/lib/build/sorcerer.jar, /tmp/jGenProg_Defects4J_Mockito_35/lib/build/maven-ant-tasks-2.0.9.jar, /tmp/jGenProg_Defects4J_Mockito_35/lib/build/bnd-0.0.313.jar, /tmp/jGenProg_Defects4J_Mockito_35/lib/test/fest-util-1.1.jar, /tmp/jGenProg_Defects4J_Mockito_35/lib/test/fest-assert-1.1.jar, /tmp/jGenProg_Defects4J_Mockito_35/lib/test/powermock-reflect-1.2.5.jar, /tmp/jGenProg_Defects4J_Mockito_35/lib/run/com.springsource.org.objenesis-1.0.0.jar, /tmp/jGenProg_Defects4J_Mockito_35/lib/run/com.springsource.org.hamcrest.core-1.1.0.jar, /tmp/jGenProg_Defects4J_Mockito_35/lib/repackaged/cglib-and-asm-1.0.jar, /tmp/jGenProg_Defects4J_Mockito_35/lib/sources/com.springsource.org.hamcrest.core-1.1.0-sources.jar, /tmp/jGenProg_Defects4J_Mockito_35/lib/sources/com.springsource.org.objenesis-1.0.0-sources.jar, /tmp/jGenProg_Defects4J_Mockito_35/lib/sources/cglib-and-asm-1.0-sources.jar, /home/tdurieux/defects4j4repair/script/../benchmarks/defects4j/framework/projects/Mockito/lib/asm-all-5.0.4.jar, /home/tdurieux/defects4j4repair/script/../benchmarks/defects4j/framework/projects/Mockito/lib/assertj-core-2.1.0.jar, /home/tdurieux/defects4j4repair/script/../benchmarks/defects4j/framework/projects/Mockito/lib/cobertura-2.0.3.jar, /home/tdurieux/defects4j4repair/script/../benchmarks/defects4j/framework/projects/Mockito/lib/objenesis-2.1.jar, /home/tdurieux/defects4j4repair/script/../benchmarks/defects4j/framework/projects/Mockito/lib/objenesis-2.2.jar, /home/tdurieux/defects4j4repair/script/../benchmarks/defects4j/framework/projects/Mockito/lib/cglib-and-asm-1.0.jar, /home/tdurieux/defects4j4repair/script/../benchmarks/defects4j/framework/projects/Mockito/lib/fest-util-1.1.4.jar, /home/tdurieux/defects4j4repair/script/../benchmarks/defects4j/framework/projects/Mockito/lib/fest-assert-1.3.jar, /home/tdurieux/defects4j4repair/script/../benchmarks/defects4j/framework/projects/Mockito/lib/hamcrest-all-1.3.jar, /home/tdurieux/defects4j4repair/script/../benchmarks/defects4j/framework/projects/Mockito/lib/powermock-reflect-1.2.5.jar]
[ERROR] fr.inria.astor.core.solutionsearch.AstorCoreEngine.initModel(AstorCoreEngine.java:788) - Problem compiling the model with compliance level 5
[ERROR] fr.inria.astor.core.solutionsearch.AstorCoreEngine.initModel(AstorCoreEngine.java:790) - The type LocalizedMatcher must implement the inherited abstract method Matcher.describeMismatch(Object, Description) at /tmp/jGenProg_Defects4J_Mockito_35/output_astor/AstorMain-Mockito-35/src/default/org/mockito/internal/matchers/LocalizedMatcher.java:11
Exception in thread "main" spoon.compiler.ModelBuildingException: The type LocalizedMatcher must implement the inherited abstract method Matcher.describeMismatch(Object, Description) at /tmp/jGenProg_Defects4J_Mockito_35/output_astor/AstorMain-Mockito-35/src/default/org/mockito/internal/matchers/LocalizedMatcher.java:11
	at spoon.support.compiler.jdt.JDTBasedSpoonCompiler.report(JDTBasedSpoonCompiler.java:641)
	at spoon.support.compiler.jdt.JDTBasedSpoonCompiler.reportProblems(JDTBasedSpoonCompiler.java:622)
	at spoon.support.compiler.jdt.JDTBasedSpoonCompiler.build(JDTBasedSpoonCompiler.java:131)
	at spoon.support.compiler.jdt.JDTBasedSpoonCompiler.build(JDTBasedSpoonCompiler.java:113)
	at fr.inria.astor.core.manipulation.MutationSupporter.buildModel(MutationSupporter.java:81)
	at fr.inria.astor.core.solutionsearch.AstorCoreEngine.initModel(AstorCoreEngine.java:785)
	at fr.inria.astor.core.solutionsearch.AstorCoreEngine.initPopulation(AstorCoreEngine.java:691)
	at fr.inria.astor.core.ingredientbased.IngredientBasedEvolutionaryRepairApproachImpl.initPopulation(IngredientBasedEvolutionaryRepairApproachImpl.java:70)
	at fr.inria.main.evolution.AstorMain.createEngine(AstorMain.java:127)
	at fr.inria.main.evolution.AstorMain.run(AstorMain.java:179)
	at fr.inria.main.evolution.AstorMain.execute(AstorMain.java:236)
	at fr.inria.main.evolution.AstorMain.main(AstorMain.java:210)
Command exited with non-zero status 1
41.25user 2.40system 0:11.20elapsed 389%CPU (0avgtext+0avgdata 641052maxresident)k
81400inputs+12712outputs (40major+321133minor)pagefaults 0swaps


Node: petitprince-6.luxembourg.grid5000.fr



Date: Sat Dec  1 12:51:42 EST 2018

