cd /tmp/DynaMoth_QuixBugs_FIND_IN_SORTED_;
export JAVA_TOOL_OPTIONS="-Dfile.encoding=UTF8 -Duser.language=en-US -Duser.country=US -Duser.language=en";
TZ="America/New_York"; export TZ;
export PATH="/usr/lib/jvm/java-1.8.0-openjdk-amd64/bin/:$PATH";
export JAVA_HOME="/usr/lib/jvm/java-1.8.0-openjdk-amd64/bin/";
time java -Xmx4g -Xms1g -cp /home/tdurieux/defects4j4repair/script/../repair_tools/nopol.jar:/usr/lib/jvm/java-1.8.0-openjdk-amd64/bin//../lib/tools.jar fr.inria.lille.repair.Main \
	--mode repair \
	--type pre_then_cond \
	--oracle angelic \
	--synthesis dynamoth \
	--flocal gzoltar \
	--json \
	--solver z3 \
	--solver-path /home/tdurieux/defects4j4repair/script/../libs/z3/build/z3 \
	--complianceLevel 8 \
	--source src/main/java \
	--classpath "target/classes:target/test-classes:/home/tdurieux/.m2/repository/junit/junit/4.11/junit-4.11.jar:/home/tdurieux/.m2/repository/org/hamcrest/hamcrest-core/1.3/hamcrest-core-1.3.jar:/home/tdurieux/defects4j4repair/script/../repair_tools/nopol.jar";
	echo "\n\nNode: `hostname`\n";
	echo "\n\nDate: `date`\n";
Picked up JAVA_TOOL_OPTIONS: -Dfile.encoding=UTF8 -Duser.language=en-US -Duser.country=US -Duser.language=en
12:03:34.600 [main] INFO  fr.inria.lille.repair.nopol.NoPol - Source files: [src/main/java]
12:03:34.602 [main] INFO  fr.inria.lille.repair.nopol.NoPol - Classpath: [file:/tmp/DynaMoth_QuixBugs_FIND_IN_SORTED_/target/classes/, file:/tmp/DynaMoth_QuixBugs_FIND_IN_SORTED_/target/test-classes/, file:/home/tdurieux/.m2/repository/junit/junit/4.11/junit-4.11.jar, file:/home/tdurieux/.m2/repository/org/hamcrest/hamcrest-core/1.3/hamcrest-core-1.3.jar, file:/home/tdurieux/defects4j4repair/script/../repair_tools/nopol.jar]
12:03:34.603 [main] INFO  fr.inria.lille.repair.nopol.NoPol - Statement type: PRE_THEN_COND
12:03:34.603 [main] INFO  fr.inria.lille.repair.nopol.NoPol - Args: [java_testcases.junit.FIND_IN_SORTED_Test]
12:03:34.604 [main] INFO  fr.inria.lille.repair.nopol.NoPol - Config: Config{synthesisDepth=3, collectStaticMethods=true, collectStaticFields=false, collectLiterals=false, onlyOneSynthesisResult=true, sortExpressions=true, maxLineInvocationPerTest=250, timeoutMethodInvocation=2000, dataCollectionTimeoutInSecondForSynthesis=900, addWeight=0.19478, subWeight=0.04554, mulWeight=0.0102, divWeight=0.00613, andWeight=0.10597, orWeight=0.05708, eqWeight=0.22798, nEqWeight=0.0, lessEqWeight=0.0255, lessWeight=0.0947, methodCallWeight=0.1, fieldAccessWeight=0.08099, constantWeight=0.14232, variableWeight=0.05195, mode=REPAIR, type=PRE_THEN_COND, synthesis=DYNAMOTH, oracle=ANGELIC, solver=Z3, solverPath='/home/tdurieux/defects4j4repair/script/../libs/z3/build/z3', projectSources=[src/main/java], projectClasspath='[Ljava.net.URL;@2ff4f00f', projectTests=[java_testcases.junit.FIND_IN_SORTED_Test], complianceLevel=8, outputFolder=., json=true}
12:03:34.604 [main] INFO  fr.inria.lille.repair.nopol.NoPol - Available processors (cores): 32
12:03:34.608 [main] INFO  fr.inria.lille.repair.nopol.NoPol - Free memory: 940 MB
12:03:34.609 [main] INFO  fr.inria.lille.repair.nopol.NoPol - Maximum memory: 3 GB
12:03:34.609 [main] INFO  fr.inria.lille.repair.nopol.NoPol - Total memory available to JVM: 981 MB
12:03:34.609 [main] INFO  fr.inria.lille.repair.nopol.NoPol - Java version: 1.8.0_181
12:03:34.610 [main] INFO  fr.inria.lille.repair.nopol.NoPol - JAVA_HOME: /usr/lib/jvm/java-1.8.0-openjdk-amd64/bin/
12:03:34.610 [main] INFO  fr.inria.lille.repair.nopol.NoPol - PATH: /usr/lib/jvm/java-1.8.0-openjdk-amd64/bin/:/usr/lib/oar/oardodo:/usr/lib/oar/oardodo:/usr/local/bin:/usr/bin:/bin:/usr/games
12:03:36.869 [pool-2-thread-1] DEBUG fr.inria.lille.repair.nopol.NoPol - statement #1
12:03:36.869 [pool-2-thread-1] DEBUG fr.inria.lille.repair.nopol.NoPol - Analysing SourceLocation java_programs.FIND_IN_SORTED:20 which is executed by 3 tests
1943284754
12:03:37.035 [pool-2-thread-1] DEBUG fr.inria.lille.repair.nopol.NoPol - looking with class fr.inria.lille.repair.nopol.spoon.smt.ConditionalAdder
java.lang.StackOverflowError
    at java_programs.FIND_IN_SORTED.binsearch(FIND_IN_SORTED.java:20)
    at java_programs.FIND_IN_SORTED.binsearch(FIND_IN_SORTED.java:20)
    at java_programs.FIND_IN_SORTED.binsearch(FIND_IN_SORTED.java:20)
    at java_programs.FIND_IN_SORTED.binsearch(FIND_IN_SORTED.java:20)
    at java_programs.FIND_IN_SORTED.binsearch(FIND_IN_SORTED.java:20)
    at java_programs.FIND_IN_SORTED.binsearch(FIND_IN_SORTED.java:20)
java.lang.StackOverflowError
    at java_programs.FIND_IN_SORTED.binsearch(FIND_IN_SORTED.java:20)
    at java_programs.FIND_IN_SORTED.binsearch(FIND_IN_SORTED.java:20)
    at java_programs.FIND_IN_SORTED.binsearch(FIND_IN_SORTED.java:20)
    at java_programs.FIND_IN_SORTED.binsearch(FIND_IN_SORTED.java:20)
    at java_programs.FIND_IN_SORTED.binsearch(FIND_IN_SORTED.java:20)
    at java_programs.FIND_IN_SORTED.binsearch(FIND_IN_SORTED.java:20)
java.lang.StackOverflowError
    at java_programs.FIND_IN_SORTED.binsearch(FIND_IN_SORTED.java:20)
    at java_programs.FIND_IN_SORTED.binsearch(FIND_IN_SORTED.java:20)
    at java_programs.FIND_IN_SORTED.binsearch(FIND_IN_SORTED.java:20)
    at java_programs.FIND_IN_SORTED.binsearch(FIND_IN_SORTED.java:20)
    at java_programs.FIND_IN_SORTED.binsearch(FIND_IN_SORTED.java:20)
    at java_programs.FIND_IN_SORTED.binsearch(FIND_IN_SORTED.java:20)
java.lang.StackOverflowError
    at java_programs.FIND_IN_SORTED.binsearch(FIND_IN_SORTED.java:20)
    at java_programs.FIND_IN_SORTED.binsearch(FIND_IN_SORTED.java:20)
    at java_programs.FIND_IN_SORTED.binsearch(FIND_IN_SORTED.java:20)
    at java_programs.FIND_IN_SORTED.binsearch(FIND_IN_SORTED.java:20)
    at java_programs.FIND_IN_SORTED.binsearch(FIND_IN_SORTED.java:20)
    at java_programs.FIND_IN_SORTED.binsearch(FIND_IN_SORTED.java:20)
12:03:37.076 [pool-4-thread-1] INFO  xxl.java.junit.TestCasesListener - Tests run finished (21 ms)
<> Total tests run: 14
<> Ignored tests: 0
<> Failed tests: 4
~ test_1(java_testcases.junit.FIND_IN_SORTED_Test)
[null]
java.lang.StackOverflowError    at java_programs.FIND_IN_SORTED.binsearch(FIND_IN_SORTED.java:20)
    at java_programs.FIND_IN_SORTED.binsearch(FIND_IN_SORTED.java:20)
    at java_programs.FIND_IN_SORTED.binsearch(FIND_IN_SORTED.java:20)
    at java_programs.FIND_IN_SORTED.binsearch(FIND_IN_SORTED.java:20)
    at java_programs.FIND_IN_SORTED.binsearch(FIND_IN_SORTED.java:20)
    at java_programs.FIND_IN_SORTED.binsearch(FIND_IN_SORTED.java:20)
~ test_6(java_testcases.junit.FIND_IN_SORTED_Test)
[null]
java.lang.StackOverflowError    at java_programs.FIND_IN_SORTED.binsearch(FIND_IN_SORTED.java:20)
    at java_programs.FIND_IN_SORTED.binsearch(FIND_IN_SORTED.java:20)
    at java_programs.FIND_IN_SORTED.binsearch(FIND_IN_SORTED.java:20)
    at java_programs.FIND_IN_SORTED.binsearch(FIND_IN_SORTED.java:20)
    at java_programs.FIND_IN_SORTED.binsearch(FIND_IN_SORTED.java:20)
    at java_programs.FIND_IN_SORTED.binsearch(FIND_IN_SORTED.java:20)
~ test_1(java_testcases.junit.FIND_IN_SORTED_Test)
[null]
java.lang.StackOverflowError    at java_programs.FIND_IN_SORTED.binsearch(FIND_IN_SORTED.java:20)
    at java_programs.FIND_IN_SORTED.binsearch(FIND_IN_SORTED.java:20)
    at java_programs.FIND_IN_SORTED.binsearch(FIND_IN_SORTED.java:20)
    at java_programs.FIND_IN_SORTED.binsearch(FIND_IN_SORTED.java:20)
    at java_programs.FIND_IN_SORTED.binsearch(FIND_IN_SORTED.java:20)
    at java_programs.FIND_IN_SORTED.binsearch(FIND_IN_SORTED.java:20)
~ test_6(java_testcases.junit.FIND_IN_SORTED_Test)
[null]
java.lang.StackOverflowError    at java_programs.FIND_IN_SORTED.binsearch(FIND_IN_SORTED.java:20)
    at java_programs.FIND_IN_SORTED.binsearch(FIND_IN_SORTED.java:20)
    at java_programs.FIND_IN_SORTED.binsearch(FIND_IN_SORTED.java:20)
    at java_programs.FIND_IN_SORTED.binsearch(FIND_IN_SORTED.java:20)
    at java_programs.FIND_IN_SORTED.binsearch(FIND_IN_SORTED.java:20)
    at java_programs.FIND_IN_SORTED.binsearch(FIND_IN_SORTED.java:20)

12:03:37.372 [pool-3-thread-1] ERROR x.java.compiler.DynamicClassCompiler - [Compilation errors]
FIND_IN_SORTED.java:25: error: missing return statement
    }
    ^
xxl.java.compiler.DynamicCompilationException: Aborting: dynamic compilation failed
	at xxl.java.compiler.DynamicClassCompiler.runCompilationTask(DynamicClassCompiler.java:99)
	at xxl.java.compiler.DynamicClassCompiler.javaBytecodeFor(DynamicClassCompiler.java:67)
	at fr.inria.lille.commons.spoon.SpoonedFile.compilationFor(SpoonedFile.java:203)
	at fr.inria.lille.commons.spoon.SpoonedFile.compileModelledClasses(SpoonedFile.java:177)
	at fr.inria.lille.commons.spoon.SpoonedFile.dumpedToClassLoader(SpoonedFile.java:130)
	at fr.inria.lille.commons.spoon.SpoonedFile.processedAndDumpedToClassLoader(SpoonedFile.java:140)
	at fr.inria.lille.commons.spoon.SpoonedFile.processedAndDumpedToClassLoader(SpoonedFile.java:135)
	at fr.inria.lille.repair.nopol.synth.dynamoth.DynamothSynthesizer.findAngelicValuesAndBuildPatch(DynamothSynthesizer.java:69)
	at fr.inria.lille.repair.nopol.NoPol.runNopolProcessor(NoPol.java:295)
	at fr.inria.lille.repair.nopol.NoPol.access$000(NoPol.java:81)
	at fr.inria.lille.repair.nopol.NoPol$1.call(NoPol.java:260)
	at java.util.concurrent.FutureTask.run(FutureTask.java:266)
	at java.util.concurrent.ThreadPoolExecutor.runWorker(ThreadPoolExecutor.java:1149)
	at java.util.concurrent.ThreadPoolExecutor$Worker.run(ThreadPoolExecutor.java:624)
	at java.lang.Thread.run(Thread.java:748)
12:03:37.373 [pool-2-thread-1] DEBUG fr.inria.lille.repair.nopol.NoPol - statement #2
12:03:37.373 [pool-2-thread-1] DEBUG fr.inria.lille.repair.nopol.NoPol - Analysing SourceLocation java_programs.FIND_IN_SORTED:19 which is executed by 6 tests
1943284754
12:03:37.406 [pool-2-thread-1] DEBUG fr.inria.lille.repair.nopol.NoPol - looking with class fr.inria.lille.repair.nopol.spoon.smt.ConditionalAdder
java.lang.StackOverflowError
    at java_programs.FIND_IN_SORTED.binsearch(FIND_IN_SORTED.java:20)
    at java_programs.FIND_IN_SORTED.binsearch(FIND_IN_SORTED.java:20)
    at java_programs.FIND_IN_SORTED.binsearch(FIND_IN_SORTED.java:20)
    at java_programs.FIND_IN_SORTED.binsearch(FIND_IN_SORTED.java:20)
    at java_programs.FIND_IN_SORTED.binsearch(FIND_IN_SORTED.java:20)
    at java_programs.FIND_IN_SORTED.binsearch(FIND_IN_SORTED.java:20)
java.lang.StackOverflowError
    at java_programs.FIND_IN_SORTED.binsearch(FIND_IN_SORTED.java:20)
    at java_programs.FIND_IN_SORTED.binsearch(FIND_IN_SORTED.java:20)
    at java_programs.FIND_IN_SORTED.binsearch(FIND_IN_SORTED.java:20)
    at java_programs.FIND_IN_SORTED.binsearch(FIND_IN_SORTED.java:20)
    at java_programs.FIND_IN_SORTED.binsearch(FIND_IN_SORTED.java:20)
    at java_programs.FIND_IN_SORTED.binsearch(FIND_IN_SORTED.java:20)
java.lang.StackOverflowError
    at java_programs.FIND_IN_SORTED.binsearch(FIND_IN_SORTED.java:20)
    at java_programs.FIND_IN_SORTED.binsearch(FIND_IN_SORTED.java:20)
    at java_programs.FIND_IN_SORTED.binsearch(FIND_IN_SORTED.java:20)
    at java_programs.FIND_IN_SORTED.binsearch(FIND_IN_SORTED.java:20)
    at java_programs.FIND_IN_SORTED.binsearch(FIND_IN_SORTED.java:20)
    at java_programs.FIND_IN_SORTED.binsearch(FIND_IN_SORTED.java:20)
java.lang.StackOverflowError
    at java_programs.FIND_IN_SORTED.binsearch(FIND_IN_SORTED.java:20)
    at java_programs.FIND_IN_SORTED.binsearch(FIND_IN_SORTED.java:20)
    at java_programs.FIND_IN_SORTED.binsearch(FIND_IN_SORTED.java:20)
    at java_programs.FIND_IN_SORTED.binsearch(FIND_IN_SORTED.java:20)
    at java_programs.FIND_IN_SORTED.binsearch(FIND_IN_SORTED.java:20)
    at java_programs.FIND_IN_SORTED.binsearch(FIND_IN_SORTED.java:20)
12:03:37.426 [pool-6-thread-1] INFO  xxl.java.junit.TestCasesListener - Tests run finished (18 ms)
<> Total tests run: 14
<> Ignored tests: 0
<> Failed tests: 4
~ test_1(java_testcases.junit.FIND_IN_SORTED_Test)
[null]
java.lang.StackOverflowError    at java_programs.FIND_IN_SORTED.binsearch(FIND_IN_SORTED.java:20)
    at java_programs.FIND_IN_SORTED.binsearch(FIND_IN_SORTED.java:20)
    at java_programs.FIND_IN_SORTED.binsearch(FIND_IN_SORTED.java:20)
    at java_programs.FIND_IN_SORTED.binsearch(FIND_IN_SORTED.java:20)
    at java_programs.FIND_IN_SORTED.binsearch(FIND_IN_SORTED.java:20)
    at java_programs.FIND_IN_SORTED.binsearch(FIND_IN_SORTED.java:20)
~ test_6(java_testcases.junit.FIND_IN_SORTED_Test)
[null]
java.lang.StackOverflowError    at java_programs.FIND_IN_SORTED.binsearch(FIND_IN_SORTED.java:20)
    at java_programs.FIND_IN_SORTED.binsearch(FIND_IN_SORTED.java:20)
    at java_programs.FIND_IN_SORTED.binsearch(FIND_IN_SORTED.java:20)
    at java_programs.FIND_IN_SORTED.binsearch(FIND_IN_SORTED.java:20)
    at java_programs.FIND_IN_SORTED.binsearch(FIND_IN_SORTED.java:20)
    at java_programs.FIND_IN_SORTED.binsearch(FIND_IN_SORTED.java:20)
~ test_1(java_testcases.junit.FIND_IN_SORTED_Test)
[null]
java.lang.StackOverflowError    at java_programs.FIND_IN_SORTED.binsearch(FIND_IN_SORTED.java:20)
    at java_programs.FIND_IN_SORTED.binsearch(FIND_IN_SORTED.java:20)
    at java_programs.FIND_IN_SORTED.binsearch(FIND_IN_SORTED.java:20)
    at java_programs.FIND_IN_SORTED.binsearch(FIND_IN_SORTED.java:20)
    at java_programs.FIND_IN_SORTED.binsearch(FIND_IN_SORTED.java:20)
    at java_programs.FIND_IN_SORTED.binsearch(FIND_IN_SORTED.java:20)
~ test_6(java_testcases.junit.FIND_IN_SORTED_Test)
[null]
java.lang.StackOverflowError    at java_programs.FIND_IN_SORTED.binsearch(FIND_IN_SORTED.java:20)
    at java_programs.FIND_IN_SORTED.binsearch(FIND_IN_SORTED.java:20)
    at java_programs.FIND_IN_SORTED.binsearch(FIND_IN_SORTED.java:20)
    at java_programs.FIND_IN_SORTED.binsearch(FIND_IN_SORTED.java:20)
    at java_programs.FIND_IN_SORTED.binsearch(FIND_IN_SORTED.java:20)
    at java_programs.FIND_IN_SORTED.binsearch(FIND_IN_SORTED.java:20)

12:03:37.480 [pool-5-thread-1] ERROR x.java.compiler.DynamicClassCompiler - [Compilation errors]
FIND_IN_SORTED.java:23: error: missing return statement
    }
    ^
xxl.java.compiler.DynamicCompilationException: Aborting: dynamic compilation failed
	at xxl.java.compiler.DynamicClassCompiler.runCompilationTask(DynamicClassCompiler.java:99)
	at xxl.java.compiler.DynamicClassCompiler.javaBytecodeFor(DynamicClassCompiler.java:67)
	at fr.inria.lille.commons.spoon.SpoonedFile.compilationFor(SpoonedFile.java:203)
	at fr.inria.lille.commons.spoon.SpoonedFile.compileModelledClasses(SpoonedFile.java:177)
	at fr.inria.lille.commons.spoon.SpoonedFile.dumpedToClassLoader(SpoonedFile.java:130)
	at fr.inria.lille.commons.spoon.SpoonedFile.processedAndDumpedToClassLoader(SpoonedFile.java:140)
	at fr.inria.lille.commons.spoon.SpoonedFile.processedAndDumpedToClassLoader(SpoonedFile.java:135)
	at fr.inria.lille.repair.nopol.synth.dynamoth.DynamothSynthesizer.findAngelicValuesAndBuildPatch(DynamothSynthesizer.java:69)
	at fr.inria.lille.repair.nopol.NoPol.runNopolProcessor(NoPol.java:295)
	at fr.inria.lille.repair.nopol.NoPol.access$000(NoPol.java:81)
	at fr.inria.lille.repair.nopol.NoPol$1.call(NoPol.java:260)
	at java.util.concurrent.FutureTask.run(FutureTask.java:266)
	at java.util.concurrent.ThreadPoolExecutor.runWorker(ThreadPoolExecutor.java:1149)
	at java.util.concurrent.ThreadPoolExecutor$Worker.run(ThreadPoolExecutor.java:624)
	at java.lang.Thread.run(Thread.java:748)
12:03:37.481 [pool-2-thread-1] DEBUG fr.inria.lille.repair.nopol.NoPol - looking with class fr.inria.lille.repair.nopol.spoon.smt.ConditionalReplacer
java.lang.StackOverflowError
    at java_programs.FIND_IN_SORTED.binsearch(FIND_IN_SORTED.java:20)
    at java_programs.FIND_IN_SORTED.binsearch(FIND_IN_SORTED.java:20)
    at java_programs.FIND_IN_SORTED.binsearch(FIND_IN_SORTED.java:20)
    at java_programs.FIND_IN_SORTED.binsearch(FIND_IN_SORTED.java:20)
    at java_programs.FIND_IN_SORTED.binsearch(FIND_IN_SORTED.java:20)
    at java_programs.FIND_IN_SORTED.binsearch(FIND_IN_SORTED.java:20)
java.lang.StackOverflowError
    at java_programs.FIND_IN_SORTED.binsearch(FIND_IN_SORTED.java:20)
    at java_programs.FIND_IN_SORTED.binsearch(FIND_IN_SORTED.java:20)
    at java_programs.FIND_IN_SORTED.binsearch(FIND_IN_SORTED.java:20)
    at java_programs.FIND_IN_SORTED.binsearch(FIND_IN_SORTED.java:20)
    at java_programs.FIND_IN_SORTED.binsearch(FIND_IN_SORTED.java:20)
    at java_programs.FIND_IN_SORTED.binsearch(FIND_IN_SORTED.java:20)
java.lang.StackOverflowError
    at java_programs.FIND_IN_SORTED.binsearch(FIND_IN_SORTED.java:20)
    at java_programs.FIND_IN_SORTED.binsearch(FIND_IN_SORTED.java:20)
    at java_programs.FIND_IN_SORTED.binsearch(FIND_IN_SORTED.java:20)
    at java_programs.FIND_IN_SORTED.binsearch(FIND_IN_SORTED.java:20)
    at java_programs.FIND_IN_SORTED.binsearch(FIND_IN_SORTED.java:20)
    at java_programs.FIND_IN_SORTED.binsearch(FIND_IN_SORTED.java:20)
java.lang.StackOverflowError
    at java_programs.FIND_IN_SORTED.binsearch(FIND_IN_SORTED.java:20)
    at java_programs.FIND_IN_SORTED.binsearch(FIND_IN_SORTED.java:20)
    at java_programs.FIND_IN_SORTED.binsearch(FIND_IN_SORTED.java:20)
    at java_programs.FIND_IN_SORTED.binsearch(FIND_IN_SORTED.java:20)
    at java_programs.FIND_IN_SORTED.binsearch(FIND_IN_SORTED.java:20)
    at java_programs.FIND_IN_SORTED.binsearch(FIND_IN_SORTED.java:20)
12:03:37.500 [pool-8-thread-1] INFO  xxl.java.junit.TestCasesListener - Tests run finished (17 ms)
<> Total tests run: 14
<> Ignored tests: 0
<> Failed tests: 4
~ test_1(java_testcases.junit.FIND_IN_SORTED_Test)
[null]
java.lang.StackOverflowError    at java_programs.FIND_IN_SORTED.binsearch(FIND_IN_SORTED.java:20)
    at java_programs.FIND_IN_SORTED.binsearch(FIND_IN_SORTED.java:20)
    at java_programs.FIND_IN_SORTED.binsearch(FIND_IN_SORTED.java:20)
    at java_programs.FIND_IN_SORTED.binsearch(FIND_IN_SORTED.java:20)
    at java_programs.FIND_IN_SORTED.binsearch(FIND_IN_SORTED.java:20)
    at java_programs.FIND_IN_SORTED.binsearch(FIND_IN_SORTED.java:20)
~ test_6(java_testcases.junit.FIND_IN_SORTED_Test)
[null]
java.lang.StackOverflowError    at java_programs.FIND_IN_SORTED.binsearch(FIND_IN_SORTED.java:20)
    at java_programs.FIND_IN_SORTED.binsearch(FIND_IN_SORTED.java:20)
    at java_programs.FIND_IN_SORTED.binsearch(FIND_IN_SORTED.java:20)
    at java_programs.FIND_IN_SORTED.binsearch(FIND_IN_SORTED.java:20)
    at java_programs.FIND_IN_SORTED.binsearch(FIND_IN_SORTED.java:20)
    at java_programs.FIND_IN_SORTED.binsearch(FIND_IN_SORTED.java:20)
~ test_1(java_testcases.junit.FIND_IN_SORTED_Test)
[null]
java.lang.StackOverflowError    at java_programs.FIND_IN_SORTED.binsearch(FIND_IN_SORTED.java:20)
    at java_programs.FIND_IN_SORTED.binsearch(FIND_IN_SORTED.java:20)
    at java_programs.FIND_IN_SORTED.binsearch(FIND_IN_SORTED.java:20)
    at java_programs.FIND_IN_SORTED.binsearch(FIND_IN_SORTED.java:20)
    at java_programs.FIND_IN_SORTED.binsearch(FIND_IN_SORTED.java:20)
    at java_programs.FIND_IN_SORTED.binsearch(FIND_IN_SORTED.java:20)
~ test_6(java_testcases.junit.FIND_IN_SORTED_Test)
[null]
java.lang.StackOverflowError    at java_programs.FIND_IN_SORTED.binsearch(FIND_IN_SORTED.java:20)
    at java_programs.FIND_IN_SORTED.binsearch(FIND_IN_SORTED.java:20)
    at java_programs.FIND_IN_SORTED.binsearch(FIND_IN_SORTED.java:20)
    at java_programs.FIND_IN_SORTED.binsearch(FIND_IN_SORTED.java:20)
    at java_programs.FIND_IN_SORTED.binsearch(FIND_IN_SORTED.java:20)
    at java_programs.FIND_IN_SORTED.binsearch(FIND_IN_SORTED.java:20)

12:03:37.583 [pool-2-thread-1] DEBUG fr.inria.lille.repair.nopol.NoPol - statement #3
12:03:37.583 [pool-2-thread-1] DEBUG fr.inria.lille.repair.nopol.NoPol - Analysing SourceLocation java_programs.FIND_IN_SORTED:27 which is executed by 7 tests
1943284754
12:03:37.623 [pool-2-thread-1] DEBUG fr.inria.lille.repair.nopol.NoPol - statement #4
12:03:37.623 [pool-2-thread-1] DEBUG fr.inria.lille.repair.nopol.NoPol - Analysing SourceLocation java_programs.FIND_IN_SORTED:17 which is executed by 7 tests
1943284754
12:03:37.664 [pool-2-thread-1] DEBUG fr.inria.lille.repair.nopol.NoPol - looking with class fr.inria.lille.repair.nopol.spoon.smt.ConditionalReplacer
java.lang.StackOverflowError
    at java_programs.FIND_IN_SORTED.binsearch(FIND_IN_SORTED.java:20)
    at java_programs.FIND_IN_SORTED.binsearch(FIND_IN_SORTED.java:20)
    at java_programs.FIND_IN_SORTED.binsearch(FIND_IN_SORTED.java:20)
    at java_programs.FIND_IN_SORTED.binsearch(FIND_IN_SORTED.java:20)
    at java_programs.FIND_IN_SORTED.binsearch(FIND_IN_SORTED.java:20)
    at java_programs.FIND_IN_SORTED.binsearch(FIND_IN_SORTED.java:20)
java.lang.StackOverflowError
    at java_programs.FIND_IN_SORTED.binsearch(FIND_IN_SORTED.java:20)
    at java_programs.FIND_IN_SORTED.binsearch(FIND_IN_SORTED.java:20)
    at java_programs.FIND_IN_SORTED.binsearch(FIND_IN_SORTED.java:20)
    at java_programs.FIND_IN_SORTED.binsearch(FIND_IN_SORTED.java:20)
    at java_programs.FIND_IN_SORTED.binsearch(FIND_IN_SORTED.java:20)
    at java_programs.FIND_IN_SORTED.binsearch(FIND_IN_SORTED.java:20)
java.lang.StackOverflowError
    at java_programs.FIND_IN_SORTED.binsearch(FIND_IN_SORTED.java:20)
    at java_programs.FIND_IN_SORTED.binsearch(FIND_IN_SORTED.java:20)
    at java_programs.FIND_IN_SORTED.binsearch(FIND_IN_SORTED.java:20)
    at java_programs.FIND_IN_SORTED.binsearch(FIND_IN_SORTED.java:20)
    at java_programs.FIND_IN_SORTED.binsearch(FIND_IN_SORTED.java:20)
    at java_programs.FIND_IN_SORTED.binsearch(FIND_IN_SORTED.java:20)
java.lang.StackOverflowError
    at java_programs.FIND_IN_SORTED.binsearch(FIND_IN_SORTED.java:20)
    at java_programs.FIND_IN_SORTED.binsearch(FIND_IN_SORTED.java:20)
    at java_programs.FIND_IN_SORTED.binsearch(FIND_IN_SORTED.java:20)
    at java_programs.FIND_IN_SORTED.binsearch(FIND_IN_SORTED.java:20)
    at java_programs.FIND_IN_SORTED.binsearch(FIND_IN_SORTED.java:20)
    at java_programs.FIND_IN_SORTED.binsearch(FIND_IN_SORTED.java:20)
12:03:37.690 [pool-14-thread-1] INFO  xxl.java.junit.TestCasesListener - Tests run finished (24 ms)
<> Total tests run: 14
<> Ignored tests: 0
<> Failed tests: 4
~ test_1(java_testcases.junit.FIND_IN_SORTED_Test)
[null]
java.lang.StackOverflowError    at java_programs.FIND_IN_SORTED.binsearch(FIND_IN_SORTED.java:20)
    at java_programs.FIND_IN_SORTED.binsearch(FIND_IN_SORTED.java:20)
    at java_programs.FIND_IN_SORTED.binsearch(FIND_IN_SORTED.java:20)
    at java_programs.FIND_IN_SORTED.binsearch(FIND_IN_SORTED.java:20)
    at java_programs.FIND_IN_SORTED.binsearch(FIND_IN_SORTED.java:20)
    at java_programs.FIND_IN_SORTED.binsearch(FIND_IN_SORTED.java:20)
~ test_6(java_testcases.junit.FIND_IN_SORTED_Test)
[null]
java.lang.StackOverflowError    at java_programs.FIND_IN_SORTED.binsearch(FIND_IN_SORTED.java:20)
    at java_programs.FIND_IN_SORTED.binsearch(FIND_IN_SORTED.java:20)
    at java_programs.FIND_IN_SORTED.binsearch(FIND_IN_SORTED.java:20)
    at java_programs.FIND_IN_SORTED.binsearch(FIND_IN_SORTED.java:20)
    at java_programs.FIND_IN_SORTED.binsearch(FIND_IN_SORTED.java:20)
    at java_programs.FIND_IN_SORTED.binsearch(FIND_IN_SORTED.java:20)
~ test_1(java_testcases.junit.FIND_IN_SORTED_Test)
[null]
java.lang.StackOverflowError    at java_programs.FIND_IN_SORTED.binsearch(FIND_IN_SORTED.java:20)
    at java_programs.FIND_IN_SORTED.binsearch(FIND_IN_SORTED.java:20)
    at java_programs.FIND_IN_SORTED.binsearch(FIND_IN_SORTED.java:20)
    at java_programs.FIND_IN_SORTED.binsearch(FIND_IN_SORTED.java:20)
    at java_programs.FIND_IN_SORTED.binsearch(FIND_IN_SORTED.java:20)
    at java_programs.FIND_IN_SORTED.binsearch(FIND_IN_SORTED.java:20)
~ test_6(java_testcases.junit.FIND_IN_SORTED_Test)
[null]
java.lang.StackOverflowError    at java_programs.FIND_IN_SORTED.binsearch(FIND_IN_SORTED.java:20)
    at java_programs.FIND_IN_SORTED.binsearch(FIND_IN_SORTED.java:20)
    at java_programs.FIND_IN_SORTED.binsearch(FIND_IN_SORTED.java:20)
    at java_programs.FIND_IN_SORTED.binsearch(FIND_IN_SORTED.java:20)
    at java_programs.FIND_IN_SORTED.binsearch(FIND_IN_SORTED.java:20)
    at java_programs.FIND_IN_SORTED.binsearch(FIND_IN_SORTED.java:20)

java -cp /tmp/DynaMoth_QuixBugs_FIND_IN_SORTED_/target/classes:/tmp/DynaMoth_QuixBugs_FIND_IN_SORTED_/target/test-classes:/home/tdurieux/.m2/repository/junit/junit/4.11/junit-4.11.jar:/home/tdurieux/.m2/repository/org/hamcrest/hamcrest-core/1.3/hamcrest-core-1.3.jar:/home/tdurieux/defects4j4repair/script/../repair_tools/nopol.jar:/home/tdurieux/defects4j4repair/repair_tools/nopol.jar:/usr/lib/jvm/java-8-openjdk-amd64/lib/tools.jar: fr.inria.lille.repair.MethodTestRunner java_testcases.junit.FIND_IN_SORTED_Test#test_5 java_testcases.junit.FIND_IN_SORTED_Test#test_4 java_testcases.junit.FIND_IN_SORTED_Test#test_6 java_testcases.junit.FIND_IN_SORTED_Test#test_1 java_testcases.junit.FIND_IN_SORTED_Test#test_0 java_testcases.junit.FIND_IN_SORTED_Test#test_3 java_testcases.junit.FIND_IN_SORTED_Test#test_2 
12:03:38.049 [pool-13-thread-1] DEBUG f.i.l.r.s.DynamothCodeGenesisImpl - ClassPrepareEvent
12:03:38.103 [pool-13-thread-1] DEBUG f.i.l.r.s.c.spoon.ClassCollector - [class] int[]
12:03:38.105 [pool-13-thread-1] DEBUG f.i.l.r.s.c.spoon.ClassCollector - [class] java_programs.FIND_IN_SORTED
12:03:38.117 [pool-13-thread-1] DEBUG f.i.l.r.s.DynamothCodeGenesisImpl - BreakpointEvent
12:03:38.120 [pool-13-thread-1] INFO  f.i.l.r.s.DynamothCodeGenesisImpl - [test] java_testcases.junit.FIND_IN_SORTED_Test#test_5 iteration 0
12:03:38.124 [pool-13-thread-1] DEBUG f.i.l.r.s.c.SpoonElementsCollector - [data] x=12
12:03:38.126 [pool-13-thread-1] DEBUG f.i.l.r.s.c.SpoonElementsCollector - [data] arr=int[][]{3, 5, 6, 7, 8, 9, 12, 12, 14, 24, 26, 27}
12:03:38.127 [pool-13-thread-1] DEBUG f.i.l.r.s.c.SpoonElementsCollector - [data] mid=6
12:03:38.128 [pool-13-thread-1] DEBUG f.i.l.r.s.c.DynamothDataCollector - Collect Level 1
12:03:38.129 [pool-13-thread-1] DEBUG f.i.l.r.s.c.DynamothDataCollector - [data] arr
12:03:38.129 [pool-13-thread-1] DEBUG f.i.l.r.s.c.DynamothDataCollector - [data] x
12:03:38.130 [pool-13-thread-1] DEBUG f.i.l.r.s.c.DynamothDataCollector - [data] start
12:03:38.130 [pool-13-thread-1] DEBUG f.i.l.r.s.c.DynamothDataCollector - [data] end
12:03:38.130 [pool-13-thread-1] DEBUG f.i.l.r.s.c.DynamothDataCollector - [data] mid
12:03:38.160 [pool-13-thread-1] DEBUG f.i.l.r.s.DynamothCodeGenesisImpl - BreakpointEvent
12:03:38.160 [pool-13-thread-1] INFO  f.i.l.r.s.DynamothCodeGenesisImpl - [test] java_testcases.junit.FIND_IN_SORTED_Test#test_4 iteration 0
12:03:38.161 [pool-13-thread-1] DEBUG f.i.l.r.s.c.SpoonElementsCollector - [data] x=0
12:03:38.162 [pool-13-thread-1] DEBUG f.i.l.r.s.c.SpoonElementsCollector - [data] arr=int[][]{3, 5, 6, 7, 8, 9, 12, 13, 14, 24, 26, 27}
12:03:38.162 [pool-13-thread-1] DEBUG f.i.l.r.s.c.SpoonElementsCollector - [data] mid=6
12:03:38.162 [pool-13-thread-1] DEBUG f.i.l.r.s.c.DynamothDataCollector - Collect Level 1
12:03:38.162 [pool-13-thread-1] DEBUG f.i.l.r.s.c.DynamothDataCollector - [data] arr
12:03:38.163 [pool-13-thread-1] DEBUG f.i.l.r.s.c.DynamothDataCollector - [data] x
12:03:38.163 [pool-13-thread-1] DEBUG f.i.l.r.s.c.DynamothDataCollector - [data] start
12:03:38.163 [pool-13-thread-1] DEBUG f.i.l.r.s.c.DynamothDataCollector - [data] end
12:03:38.163 [pool-13-thread-1] DEBUG f.i.l.r.s.c.DynamothDataCollector - [data] mid
12:03:38.165 [pool-13-thread-1] DEBUG f.i.l.r.s.DynamothCodeGenesisImpl - BreakpointEvent
12:03:38.165 [pool-13-thread-1] INFO  f.i.l.r.s.DynamothCodeGenesisImpl - [test] java_testcases.junit.FIND_IN_SORTED_Test#test_4 iteration 1
12:03:38.166 [pool-13-thread-1] DEBUG f.i.l.r.s.c.SpoonElementsCollector - [data] x=0
12:03:38.166 [pool-13-thread-1] DEBUG f.i.l.r.s.c.SpoonElementsCollector - [data] arr=int[][]{3, 5, 6, 7, 8, 9, 12, 13, 14, 24, 26, 27}
12:03:38.166 [pool-13-thread-1] DEBUG f.i.l.r.s.c.SpoonElementsCollector - [data] mid=3
12:03:38.167 [pool-13-thread-1] DEBUG f.i.l.r.s.c.DynamothDataCollector - Collect Level 1
12:03:38.167 [pool-13-thread-1] DEBUG f.i.l.r.s.c.DynamothDataCollector - [data] arr
12:03:38.167 [pool-13-thread-1] DEBUG f.i.l.r.s.c.DynamothDataCollector - [data] x
12:03:38.167 [pool-13-thread-1] DEBUG f.i.l.r.s.c.DynamothDataCollector - [data] start
12:03:38.168 [pool-13-thread-1] DEBUG f.i.l.r.s.c.DynamothDataCollector - [data] end
12:03:38.168 [pool-13-thread-1] DEBUG f.i.l.r.s.c.DynamothDataCollector - [data] mid
12:03:38.169 [pool-13-thread-1] DEBUG f.i.l.r.s.DynamothCodeGenesisImpl - BreakpointEvent
12:03:38.170 [pool-13-thread-1] INFO  f.i.l.r.s.DynamothCodeGenesisImpl - [test] java_testcases.junit.FIND_IN_SORTED_Test#test_4 iteration 2
12:03:38.170 [pool-13-thread-1] DEBUG f.i.l.r.s.c.SpoonElementsCollector - [data] x=0
12:03:38.171 [pool-13-thread-1] DEBUG f.i.l.r.s.c.SpoonElementsCollector - [data] arr=int[][]{3, 5, 6, 7, 8, 9, 12, 13, 14, 24, 26, 27}
12:03:38.171 [pool-13-thread-1] DEBUG f.i.l.r.s.c.SpoonElementsCollector - [data] mid=1
12:03:38.171 [pool-13-thread-1] DEBUG f.i.l.r.s.c.DynamothDataCollector - Collect Level 1
12:03:38.171 [pool-13-thread-1] DEBUG f.i.l.r.s.c.DynamothDataCollector - [data] arr
12:03:38.172 [pool-13-thread-1] DEBUG f.i.l.r.s.c.DynamothDataCollector - [data] x
12:03:38.172 [pool-13-thread-1] DEBUG f.i.l.r.s.c.DynamothDataCollector - [data] start
12:03:38.172 [pool-13-thread-1] DEBUG f.i.l.r.s.c.DynamothDataCollector - [data] end
12:03:38.172 [pool-13-thread-1] DEBUG f.i.l.r.s.c.DynamothDataCollector - [data] mid
12:03:38.174 [pool-13-thread-1] DEBUG f.i.l.r.s.DynamothCodeGenesisImpl - BreakpointEvent
12:03:38.174 [pool-13-thread-1] INFO  f.i.l.r.s.DynamothCodeGenesisImpl - [test] java_testcases.junit.FIND_IN_SORTED_Test#test_4 iteration 3
12:03:38.174 [pool-13-thread-1] DEBUG f.i.l.r.s.c.SpoonElementsCollector - [data] x=0
12:03:38.175 [pool-13-thread-1] DEBUG f.i.l.r.s.c.SpoonElementsCollector - [data] arr=int[][]{3, 5, 6, 7, 8, 9, 12, 13, 14, 24, 26, 27}
12:03:38.175 [pool-13-thread-1] DEBUG f.i.l.r.s.c.SpoonElementsCollector - [data] mid=0
12:03:38.175 [pool-13-thread-1] DEBUG f.i.l.r.s.c.DynamothDataCollector - Collect Level 1
12:03:38.176 [pool-13-thread-1] DEBUG f.i.l.r.s.c.DynamothDataCollector - [data] arr
12:03:38.176 [pool-13-thread-1] DEBUG f.i.l.r.s.c.DynamothDataCollector - [data] x
12:03:38.176 [pool-13-thread-1] DEBUG f.i.l.r.s.c.DynamothDataCollector - [data] start
12:03:38.176 [pool-13-thread-1] DEBUG f.i.l.r.s.c.DynamothDataCollector - [data] end
12:03:38.176 [pool-13-thread-1] DEBUG f.i.l.r.s.c.DynamothDataCollector - [data] mid
12:03:38.180 [pool-13-thread-1] DEBUG f.i.l.r.s.DynamothCodeGenesisImpl - BreakpointEvent
12:03:38.181 [pool-13-thread-1] INFO  f.i.l.r.s.DynamothCodeGenesisImpl - [test] java_testcases.junit.FIND_IN_SORTED_Test#test_6 iteration 0
12:03:38.181 [pool-13-thread-1] DEBUG f.i.l.r.s.c.SpoonElementsCollector - [data] x=101
12:03:38.181 [pool-13-thread-1] DEBUG f.i.l.r.s.c.SpoonElementsCollector - [data] arr=int[][]{24, 26, 28, 50, 59}
12:03:38.182 [pool-13-thread-1] DEBUG f.i.l.r.s.c.SpoonElementsCollector - [data] mid=2
12:03:38.182 [pool-13-thread-1] DEBUG f.i.l.r.s.c.DynamothDataCollector - Collect Level 1
12:03:38.182 [pool-13-thread-1] DEBUG f.i.l.r.s.c.DynamothDataCollector - [data] arr
12:03:38.182 [pool-13-thread-1] DEBUG f.i.l.r.s.c.DynamothDataCollector - [data] x
12:03:38.182 [pool-13-thread-1] DEBUG f.i.l.r.s.c.DynamothDataCollector - [data] start
12:03:38.183 [pool-13-thread-1] DEBUG f.i.l.r.s.c.DynamothDataCollector - [data] end
12:03:38.183 [pool-13-thread-1] DEBUG f.i.l.r.s.c.DynamothDataCollector - [data] mid
12:03:38.184 [pool-13-thread-1] DEBUG f.i.l.r.s.DynamothCodeGenesisImpl - BreakpointEvent
12:03:38.185 [pool-13-thread-1] INFO  f.i.l.r.s.DynamothCodeGenesisImpl - [test] java_testcases.junit.FIND_IN_SORTED_Test#test_6 iteration 1
12:03:38.185 [pool-13-thread-1] DEBUG f.i.l.r.s.c.SpoonElementsCollector - [data] x=101
12:03:38.186 [pool-13-thread-1] DEBUG f.i.l.r.s.c.SpoonElementsCollector - [data] arr=int[][]{24, 26, 28, 50, 59}
12:03:38.186 [pool-13-thread-1] DEBUG f.i.l.r.s.c.SpoonElementsCollector - [data] mid=3
12:03:38.186 [pool-13-thread-1] DEBUG f.i.l.r.s.c.DynamothDataCollector - Collect Level 1
12:03:38.186 [pool-13-thread-1] DEBUG f.i.l.r.s.c.DynamothDataCollector - [data] arr
12:03:38.186 [pool-13-thread-1] DEBUG f.i.l.r.s.c.DynamothDataCollector - [data] x
12:03:38.187 [pool-13-thread-1] DEBUG f.i.l.r.s.c.DynamothDataCollector - [data] start
12:03:38.187 [pool-13-thread-1] DEBUG f.i.l.r.s.c.DynamothDataCollector - [data] end
12:03:38.187 [pool-13-thread-1] DEBUG f.i.l.r.s.c.DynamothDataCollector - [data] mid
12:03:38.188 [pool-13-thread-1] DEBUG f.i.l.r.s.DynamothCodeGenesisImpl - BreakpointEvent
12:03:38.189 [pool-13-thread-1] INFO  f.i.l.r.s.DynamothCodeGenesisImpl - [test] java_testcases.junit.FIND_IN_SORTED_Test#test_6 iteration 2
12:03:38.190 [pool-13-thread-1] DEBUG f.i.l.r.s.c.SpoonElementsCollector - [data] x=101
12:03:38.190 [pool-13-thread-1] DEBUG f.i.l.r.s.c.SpoonElementsCollector - [data] arr=int[][]{24, 26, 28, 50, 59}
12:03:38.190 [pool-13-thread-1] DEBUG f.i.l.r.s.c.SpoonElementsCollector - [data] mid=4
12:03:38.190 [pool-13-thread-1] DEBUG f.i.l.r.s.c.DynamothDataCollector - Collect Level 1
12:03:38.191 [pool-13-thread-1] DEBUG f.i.l.r.s.c.DynamothDataCollector - [data] arr
12:03:38.191 [pool-13-thread-1] DEBUG f.i.l.r.s.c.DynamothDataCollector - [data] x
12:03:38.191 [pool-13-thread-1] DEBUG f.i.l.r.s.c.DynamothDataCollector - [data] start
12:03:38.191 [pool-13-thread-1] DEBUG f.i.l.r.s.c.DynamothDataCollector - [data] end
12:03:38.191 [pool-13-thread-1] DEBUG f.i.l.r.s.c.DynamothDataCollector - [data] mid
12:03:38.193 [pool-13-thread-1] DEBUG f.i.l.r.s.DynamothCodeGenesisImpl - BreakpointEvent
12:03:38.194 [pool-13-thread-1] INFO  f.i.l.r.s.DynamothCodeGenesisImpl - [test] java_testcases.junit.FIND_IN_SORTED_Test#test_6 iteration 3
java.lang.ArrayIndexOutOfBoundsException: 3
	at fr.inria.lille.repair.synthesis.DynamothCodeGenesisImpl.processBreakPointEvents(DynamothCodeGenesisImpl.java:283)
	at fr.inria.lille.repair.synthesis.DynamothCodeGenesisImpl.processVMEvents(DynamothCodeGenesisImpl.java:178)
	at fr.inria.lille.repair.synthesis.DynamothCodeGenesisImpl.run(DynamothCodeGenesisImpl.java:147)
	at fr.inria.lille.repair.nopol.synth.dynamoth.DynamothSynthesizer.findAngelicValuesAndBuildPatch(DynamothSynthesizer.java:142)
	at fr.inria.lille.repair.nopol.NoPol.runNopolProcessor(NoPol.java:295)
	at fr.inria.lille.repair.nopol.NoPol.access$000(NoPol.java:81)
	at fr.inria.lille.repair.nopol.NoPol$1.call(NoPol.java:260)
	at java.util.concurrent.FutureTask.run(FutureTask.java:266)
	at java.util.concurrent.ThreadPoolExecutor.runWorker(ThreadPoolExecutor.java:1149)
	at java.util.concurrent.ThreadPoolExecutor$Worker.run(ThreadPoolExecutor.java:624)
	at java.lang.Thread.run(Thread.java:748)


========= Info ==========
Nb constants             3
Nb method invocations    0
Nb field access          1
Nb variables             6
Total                    11
Nb evaluated expressions 1
Init Execution time      343 ms
Collect Execution time   78 ms
Combine Execution time   3.0 ms
Nb Combination par sec   333 combinations/sec
Total Execution time     424 ms
Nb line execution        9
Nb results               1

Results:
1. x < (arr[mid])


========================
         Stat
========================
Operators: 
GT 1
LT 1
PLUS 1
DIV 1
EQ 1
MINUS 1
Methods: 
binsearch(int[],int,int,int) 2
Variable: 
mid 5
arr 4
start 4
x 4
end 3

 & 3 & 0 & 1 & 6 & 11 & 1 & 425 ms & 9 &
12:03:38.198 [pool-13-thread-1] INFO  f.i.l.repair.nopol.patch.TestPatch - Applying patch: java_programs.FIND_IN_SORTED:17: CONDITIONAL x < (arr[mid])
12:03:38.257 [pool-13-thread-1] INFO  f.i.l.repair.nopol.patch.TestPatch - Running test suite to check the patch "x < (arr[mid])" is working
12:03:38.268 [pool-13-thread-1] INFO  f.i.l.repair.nopol.patch.TestPatch - Failing tests [test_1(java_testcases.junit.FIND_IN_SORTED_Test): null, test_6(java_testcases.junit.FIND_IN_SORTED_Test): null]
12:03:38.269 [pool-13-thread-1] DEBUG fr.inria.lille.repair.nopol.NoPol - Could not find a valid patch in SourceLocation java_programs.FIND_IN_SORTED:17
12:03:38.269 [pool-2-thread-1] DEBUG fr.inria.lille.repair.nopol.NoPol - statement #5
12:03:38.269 [pool-2-thread-1] DEBUG fr.inria.lille.repair.nopol.NoPol - Analysing SourceLocation java_programs.FIND_IN_SORTED:16 which is executed by 7 tests
1943284754
12:03:38.301 [pool-2-thread-1] DEBUG fr.inria.lille.repair.nopol.NoPol - statement #6
12:03:38.301 [pool-2-thread-1] DEBUG fr.inria.lille.repair.nopol.NoPol - Analysing SourceLocation java_programs.FIND_IN_SORTED:13 which is executed by 7 tests
1943284754
12:03:38.331 [pool-2-thread-1] DEBUG fr.inria.lille.repair.nopol.NoPol - looking with class fr.inria.lille.repair.nopol.spoon.smt.ConditionalAdder
java.lang.StackOverflowError
    at java_programs.FIND_IN_SORTED.binsearch(FIND_IN_SORTED.java:20)
    at java_programs.FIND_IN_SORTED.binsearch(FIND_IN_SORTED.java:20)
    at java_programs.FIND_IN_SORTED.binsearch(FIND_IN_SORTED.java:20)
    at java_programs.FIND_IN_SORTED.binsearch(FIND_IN_SORTED.java:20)
    at java_programs.FIND_IN_SORTED.binsearch(FIND_IN_SORTED.java:20)
    at java_programs.FIND_IN_SORTED.binsearch(FIND_IN_SORTED.java:20)
java.lang.StackOverflowError
    at java_programs.FIND_IN_SORTED.binsearch(FIND_IN_SORTED.java:20)
    at java_programs.FIND_IN_SORTED.binsearch(FIND_IN_SORTED.java:20)
    at java_programs.FIND_IN_SORTED.binsearch(FIND_IN_SORTED.java:20)
    at java_programs.FIND_IN_SORTED.binsearch(FIND_IN_SORTED.java:20)
    at java_programs.FIND_IN_SORTED.binsearch(FIND_IN_SORTED.java:20)
    at java_programs.FIND_IN_SORTED.binsearch(FIND_IN_SORTED.java:20)
java.lang.StackOverflowError
    at java_programs.FIND_IN_SORTED.binsearch(FIND_IN_SORTED.java:20)
    at java_programs.FIND_IN_SORTED.binsearch(FIND_IN_SORTED.java:20)
    at java_programs.FIND_IN_SORTED.binsearch(FIND_IN_SORTED.java:20)
    at java_programs.FIND_IN_SORTED.binsearch(FIND_IN_SORTED.java:20)
    at java_programs.FIND_IN_SORTED.binsearch(FIND_IN_SORTED.java:20)
    at java_programs.FIND_IN_SORTED.binsearch(FIND_IN_SORTED.java:20)
java.lang.StackOverflowError
    at java_programs.FIND_IN_SORTED.binsearch(FIND_IN_SORTED.java:20)
    at java_programs.FIND_IN_SORTED.binsearch(FIND_IN_SORTED.java:20)
    at java_programs.FIND_IN_SORTED.binsearch(FIND_IN_SORTED.java:20)
    at java_programs.FIND_IN_SORTED.binsearch(FIND_IN_SORTED.java:20)
    at java_programs.FIND_IN_SORTED.binsearch(FIND_IN_SORTED.java:20)
    at java_programs.FIND_IN_SORTED.binsearch(FIND_IN_SORTED.java:20)
12:03:38.348 [pool-39-thread-1] INFO  xxl.java.junit.TestCasesListener - Tests run finished (15 ms)
<> Total tests run: 14
<> Ignored tests: 0
<> Failed tests: 4
~ test_1(java_testcases.junit.FIND_IN_SORTED_Test)
[null]
java.lang.StackOverflowError    at java_programs.FIND_IN_SORTED.binsearch(FIND_IN_SORTED.java:20)
    at java_programs.FIND_IN_SORTED.binsearch(FIND_IN_SORTED.java:20)
    at java_programs.FIND_IN_SORTED.binsearch(FIND_IN_SORTED.java:20)
    at java_programs.FIND_IN_SORTED.binsearch(FIND_IN_SORTED.java:20)
    at java_programs.FIND_IN_SORTED.binsearch(FIND_IN_SORTED.java:20)
    at java_programs.FIND_IN_SORTED.binsearch(FIND_IN_SORTED.java:20)
~ test_6(java_testcases.junit.FIND_IN_SORTED_Test)
[null]
java.lang.StackOverflowError    at java_programs.FIND_IN_SORTED.binsearch(FIND_IN_SORTED.java:20)
    at java_programs.FIND_IN_SORTED.binsearch(FIND_IN_SORTED.java:20)
    at java_programs.FIND_IN_SORTED.binsearch(FIND_IN_SORTED.java:20)
    at java_programs.FIND_IN_SORTED.binsearch(FIND_IN_SORTED.java:20)
    at java_programs.FIND_IN_SORTED.binsearch(FIND_IN_SORTED.java:20)
    at java_programs.FIND_IN_SORTED.binsearch(FIND_IN_SORTED.java:20)
~ test_1(java_testcases.junit.FIND_IN_SORTED_Test)
[null]
java.lang.StackOverflowError    at java_programs.FIND_IN_SORTED.binsearch(FIND_IN_SORTED.java:20)
    at java_programs.FIND_IN_SORTED.binsearch(FIND_IN_SORTED.java:20)
    at java_programs.FIND_IN_SORTED.binsearch(FIND_IN_SORTED.java:20)
    at java_programs.FIND_IN_SORTED.binsearch(FIND_IN_SORTED.java:20)
    at java_programs.FIND_IN_SORTED.binsearch(FIND_IN_SORTED.java:20)
    at java_programs.FIND_IN_SORTED.binsearch(FIND_IN_SORTED.java:20)
~ test_6(java_testcases.junit.FIND_IN_SORTED_Test)
[null]
java.lang.StackOverflowError    at java_programs.FIND_IN_SORTED.binsearch(FIND_IN_SORTED.java:20)
    at java_programs.FIND_IN_SORTED.binsearch(FIND_IN_SORTED.java:20)
    at java_programs.FIND_IN_SORTED.binsearch(FIND_IN_SORTED.java:20)
    at java_programs.FIND_IN_SORTED.binsearch(FIND_IN_SORTED.java:20)
    at java_programs.FIND_IN_SORTED.binsearch(FIND_IN_SORTED.java:20)
    at java_programs.FIND_IN_SORTED.binsearch(FIND_IN_SORTED.java:20)

12:03:38.407 [pool-2-thread-1] DEBUG fr.inria.lille.repair.nopol.NoPol - looking with class fr.inria.lille.repair.nopol.spoon.smt.ConditionalReplacer
java.lang.StackOverflowError
    at java_programs.FIND_IN_SORTED.binsearch(FIND_IN_SORTED.java:20)
    at java_programs.FIND_IN_SORTED.binsearch(FIND_IN_SORTED.java:20)
    at java_programs.FIND_IN_SORTED.binsearch(FIND_IN_SORTED.java:20)
    at java_programs.FIND_IN_SORTED.binsearch(FIND_IN_SORTED.java:20)
    at java_programs.FIND_IN_SORTED.binsearch(FIND_IN_SORTED.java:20)
    at java_programs.FIND_IN_SORTED.binsearch(FIND_IN_SORTED.java:20)
java.lang.StackOverflowError
    at java_programs.FIND_IN_SORTED.binsearch(FIND_IN_SORTED.java:20)
    at java_programs.FIND_IN_SORTED.binsearch(FIND_IN_SORTED.java:20)
    at java_programs.FIND_IN_SORTED.binsearch(FIND_IN_SORTED.java:20)
    at java_programs.FIND_IN_SORTED.binsearch(FIND_IN_SORTED.java:20)
    at java_programs.FIND_IN_SORTED.binsearch(FIND_IN_SORTED.java:20)
    at java_programs.FIND_IN_SORTED.binsearch(FIND_IN_SORTED.java:20)
java.lang.StackOverflowError
    at java_programs.FIND_IN_SORTED.binsearch(FIND_IN_SORTED.java:20)
    at java_programs.FIND_IN_SORTED.binsearch(FIND_IN_SORTED.java:20)
    at java_programs.FIND_IN_SORTED.binsearch(FIND_IN_SORTED.java:20)
    at java_programs.FIND_IN_SORTED.binsearch(FIND_IN_SORTED.java:20)
    at java_programs.FIND_IN_SORTED.binsearch(FIND_IN_SORTED.java:20)
    at java_programs.FIND_IN_SORTED.binsearch(FIND_IN_SORTED.java:20)
java.lang.StackOverflowError
    at java_programs.FIND_IN_SORTED.binsearch(FIND_IN_SORTED.java:20)
    at java_programs.FIND_IN_SORTED.binsearch(FIND_IN_SORTED.java:20)
    at java_programs.FIND_IN_SORTED.binsearch(FIND_IN_SORTED.java:20)
    at java_programs.FIND_IN_SORTED.binsearch(FIND_IN_SORTED.java:20)
    at java_programs.FIND_IN_SORTED.binsearch(FIND_IN_SORTED.java:20)
    at java_programs.FIND_IN_SORTED.binsearch(FIND_IN_SORTED.java:20)
12:03:38.424 [pool-45-thread-1] INFO  xxl.java.junit.TestCasesListener - Tests run finished (15 ms)
<> Total tests run: 14
<> Ignored tests: 0
<> Failed tests: 4
~ test_1(java_testcases.junit.FIND_IN_SORTED_Test)
[null]
java.lang.StackOverflowError    at java_programs.FIND_IN_SORTED.binsearch(FIND_IN_SORTED.java:20)
    at java_programs.FIND_IN_SORTED.binsearch(FIND_IN_SORTED.java:20)
    at java_programs.FIND_IN_SORTED.binsearch(FIND_IN_SORTED.java:20)
    at java_programs.FIND_IN_SORTED.binsearch(FIND_IN_SORTED.java:20)
    at java_programs.FIND_IN_SORTED.binsearch(FIND_IN_SORTED.java:20)
    at java_programs.FIND_IN_SORTED.binsearch(FIND_IN_SORTED.java:20)
~ test_6(java_testcases.junit.FIND_IN_SORTED_Test)
[null]
java.lang.StackOverflowError    at java_programs.FIND_IN_SORTED.binsearch(FIND_IN_SORTED.java:20)
    at java_programs.FIND_IN_SORTED.binsearch(FIND_IN_SORTED.java:20)
    at java_programs.FIND_IN_SORTED.binsearch(FIND_IN_SORTED.java:20)
    at java_programs.FIND_IN_SORTED.binsearch(FIND_IN_SORTED.java:20)
    at java_programs.FIND_IN_SORTED.binsearch(FIND_IN_SORTED.java:20)
    at java_programs.FIND_IN_SORTED.binsearch(FIND_IN_SORTED.java:20)
~ test_1(java_testcases.junit.FIND_IN_SORTED_Test)
[null]
java.lang.StackOverflowError    at java_programs.FIND_IN_SORTED.binsearch(FIND_IN_SORTED.java:20)
    at java_programs.FIND_IN_SORTED.binsearch(FIND_IN_SORTED.java:20)
    at java_programs.FIND_IN_SORTED.binsearch(FIND_IN_SORTED.java:20)
    at java_programs.FIND_IN_SORTED.binsearch(FIND_IN_SORTED.java:20)
    at java_programs.FIND_IN_SORTED.binsearch(FIND_IN_SORTED.java:20)
    at java_programs.FIND_IN_SORTED.binsearch(FIND_IN_SORTED.java:20)
~ test_6(java_testcases.junit.FIND_IN_SORTED_Test)
[null]
java.lang.StackOverflowError    at java_programs.FIND_IN_SORTED.binsearch(FIND_IN_SORTED.java:20)
    at java_programs.FIND_IN_SORTED.binsearch(FIND_IN_SORTED.java:20)
    at java_programs.FIND_IN_SORTED.binsearch(FIND_IN_SORTED.java:20)
    at java_programs.FIND_IN_SORTED.binsearch(FIND_IN_SORTED.java:20)
    at java_programs.FIND_IN_SORTED.binsearch(FIND_IN_SORTED.java:20)
    at java_programs.FIND_IN_SORTED.binsearch(FIND_IN_SORTED.java:20)

java -cp /tmp/DynaMoth_QuixBugs_FIND_IN_SORTED_/target/classes:/tmp/DynaMoth_QuixBugs_FIND_IN_SORTED_/target/test-classes:/home/tdurieux/.m2/repository/junit/junit/4.11/junit-4.11.jar:/home/tdurieux/.m2/repository/org/hamcrest/hamcrest-core/1.3/hamcrest-core-1.3.jar:/home/tdurieux/defects4j4repair/script/../repair_tools/nopol.jar:/home/tdurieux/defects4j4repair/repair_tools/nopol.jar:/usr/lib/jvm/java-8-openjdk-amd64/lib/tools.jar: fr.inria.lille.repair.MethodTestRunner java_testcases.junit.FIND_IN_SORTED_Test#test_5 java_testcases.junit.FIND_IN_SORTED_Test#test_4 java_testcases.junit.FIND_IN_SORTED_Test#test_6 java_testcases.junit.FIND_IN_SORTED_Test#test_1 java_testcases.junit.FIND_IN_SORTED_Test#test_0 java_testcases.junit.FIND_IN_SORTED_Test#test_3 java_testcases.junit.FIND_IN_SORTED_Test#test_2 
12:03:38.630 [pool-44-thread-1] DEBUG f.i.l.r.s.DynamothCodeGenesisImpl - ClassPrepareEvent
12:03:38.632 [pool-44-thread-1] DEBUG f.i.l.r.s.c.spoon.ClassCollector - [class] int[]
12:03:38.633 [pool-44-thread-1] DEBUG f.i.l.r.s.c.spoon.ClassCollector - [class] java_programs.FIND_IN_SORTED
12:03:38.638 [pool-44-thread-1] DEBUG f.i.l.r.s.DynamothCodeGenesisImpl - BreakpointEvent
12:03:38.638 [pool-44-thread-1] INFO  f.i.l.r.s.DynamothCodeGenesisImpl - [test] java_testcases.junit.FIND_IN_SORTED_Test#test_5 iteration 0
12:03:38.639 [pool-44-thread-1] DEBUG f.i.l.r.s.c.SpoonElementsCollector - [data] start=0
12:03:38.639 [pool-44-thread-1] DEBUG f.i.l.r.s.c.SpoonElementsCollector - [data] end=12
12:03:38.639 [pool-44-thread-1] DEBUG f.i.l.r.s.c.DynamothDataCollector - Collect Level 1
12:03:38.640 [pool-44-thread-1] DEBUG f.i.l.r.s.c.DynamothDataCollector - [data] arr
12:03:38.640 [pool-44-thread-1] DEBUG f.i.l.r.s.c.DynamothDataCollector - [data] x
12:03:38.640 [pool-44-thread-1] DEBUG f.i.l.r.s.c.DynamothDataCollector - [data] start
12:03:38.640 [pool-44-thread-1] DEBUG f.i.l.r.s.c.DynamothDataCollector - [data] end
12:03:38.660 [pool-44-thread-1] DEBUG f.i.l.r.s.DynamothCodeGenesisImpl - BreakpointEvent
12:03:38.660 [pool-44-thread-1] INFO  f.i.l.r.s.DynamothCodeGenesisImpl - [test] java_testcases.junit.FIND_IN_SORTED_Test#test_4 iteration 0
12:03:38.661 [pool-44-thread-1] DEBUG f.i.l.r.s.c.SpoonElementsCollector - [data] start=0
12:03:38.661 [pool-44-thread-1] DEBUG f.i.l.r.s.c.SpoonElementsCollector - [data] end=12
12:03:38.661 [pool-44-thread-1] DEBUG f.i.l.r.s.c.DynamothDataCollector - Collect Level 1
12:03:38.662 [pool-44-thread-1] DEBUG f.i.l.r.s.c.DynamothDataCollector - [data] arr
12:03:38.662 [pool-44-thread-1] DEBUG f.i.l.r.s.c.DynamothDataCollector - [data] x
12:03:38.662 [pool-44-thread-1] DEBUG f.i.l.r.s.c.DynamothDataCollector - [data] start
12:03:38.662 [pool-44-thread-1] DEBUG f.i.l.r.s.c.DynamothDataCollector - [data] end
12:03:38.664 [pool-44-thread-1] DEBUG f.i.l.r.s.DynamothCodeGenesisImpl - BreakpointEvent
12:03:38.664 [pool-44-thread-1] INFO  f.i.l.r.s.DynamothCodeGenesisImpl - [test] java_testcases.junit.FIND_IN_SORTED_Test#test_4 iteration 1
12:03:38.664 [pool-44-thread-1] DEBUG f.i.l.r.s.c.SpoonElementsCollector - [data] start=0
12:03:38.664 [pool-44-thread-1] DEBUG f.i.l.r.s.c.SpoonElementsCollector - [data] end=6
12:03:38.665 [pool-44-thread-1] DEBUG f.i.l.r.s.c.DynamothDataCollector - Collect Level 1
12:03:38.665 [pool-44-thread-1] DEBUG f.i.l.r.s.c.DynamothDataCollector - [data] arr
12:03:38.665 [pool-44-thread-1] DEBUG f.i.l.r.s.c.DynamothDataCollector - [data] x
12:03:38.665 [pool-44-thread-1] DEBUG f.i.l.r.s.c.DynamothDataCollector - [data] start
12:03:38.665 [pool-44-thread-1] DEBUG f.i.l.r.s.c.DynamothDataCollector - [data] end
12:03:38.667 [pool-44-thread-1] DEBUG f.i.l.r.s.DynamothCodeGenesisImpl - BreakpointEvent
12:03:38.667 [pool-44-thread-1] INFO  f.i.l.r.s.DynamothCodeGenesisImpl - [test] java_testcases.junit.FIND_IN_SORTED_Test#test_4 iteration 2
12:03:38.667 [pool-44-thread-1] DEBUG f.i.l.r.s.c.SpoonElementsCollector - [data] start=0
12:03:38.668 [pool-44-thread-1] DEBUG f.i.l.r.s.c.SpoonElementsCollector - [data] end=3
12:03:38.668 [pool-44-thread-1] DEBUG f.i.l.r.s.c.DynamothDataCollector - Collect Level 1
12:03:38.668 [pool-44-thread-1] DEBUG f.i.l.r.s.c.DynamothDataCollector - [data] arr
12:03:38.668 [pool-44-thread-1] DEBUG f.i.l.r.s.c.DynamothDataCollector - [data] x
12:03:38.668 [pool-44-thread-1] DEBUG f.i.l.r.s.c.DynamothDataCollector - [data] start
12:03:38.669 [pool-44-thread-1] DEBUG f.i.l.r.s.c.DynamothDataCollector - [data] end
12:03:38.670 [pool-44-thread-1] DEBUG f.i.l.r.s.DynamothCodeGenesisImpl - BreakpointEvent
12:03:38.670 [pool-44-thread-1] INFO  f.i.l.r.s.DynamothCodeGenesisImpl - [test] java_testcases.junit.FIND_IN_SORTED_Test#test_4 iteration 3
12:03:38.670 [pool-44-thread-1] DEBUG f.i.l.r.s.c.SpoonElementsCollector - [data] start=0
12:03:38.671 [pool-44-thread-1] DEBUG f.i.l.r.s.c.SpoonElementsCollector - [data] end=1
12:03:38.671 [pool-44-thread-1] DEBUG f.i.l.r.s.c.DynamothDataCollector - Collect Level 1
12:03:38.671 [pool-44-thread-1] DEBUG f.i.l.r.s.c.DynamothDataCollector - [data] arr
12:03:38.671 [pool-44-thread-1] DEBUG f.i.l.r.s.c.DynamothDataCollector - [data] x
12:03:38.671 [pool-44-thread-1] DEBUG f.i.l.r.s.c.DynamothDataCollector - [data] start
12:03:38.671 [pool-44-thread-1] DEBUG f.i.l.r.s.c.DynamothDataCollector - [data] end
12:03:38.673 [pool-44-thread-1] DEBUG f.i.l.r.s.DynamothCodeGenesisImpl - BreakpointEvent
12:03:38.673 [pool-44-thread-1] INFO  f.i.l.r.s.DynamothCodeGenesisImpl - [test] java_testcases.junit.FIND_IN_SORTED_Test#test_4 iteration 4
12:03:38.673 [pool-44-thread-1] DEBUG f.i.l.r.s.c.SpoonElementsCollector - [data] start=0
12:03:38.673 [pool-44-thread-1] DEBUG f.i.l.r.s.c.SpoonElementsCollector - [data] end=0
12:03:38.673 [pool-44-thread-1] DEBUG f.i.l.r.s.c.DynamothDataCollector - Collect Level 1
12:03:38.674 [pool-44-thread-1] DEBUG f.i.l.r.s.c.DynamothDataCollector - [data] arr
12:03:38.674 [pool-44-thread-1] DEBUG f.i.l.r.s.c.DynamothDataCollector - [data] x
12:03:38.674 [pool-44-thread-1] DEBUG f.i.l.r.s.c.DynamothDataCollector - [data] start
12:03:38.674 [pool-44-thread-1] DEBUG f.i.l.r.s.c.DynamothDataCollector - [data] end
12:03:38.678 [pool-44-thread-1] DEBUG f.i.l.r.s.DynamothCodeGenesisImpl - BreakpointEvent
12:03:38.678 [pool-44-thread-1] INFO  f.i.l.r.s.DynamothCodeGenesisImpl - [test] java_testcases.junit.FIND_IN_SORTED_Test#test_6 iteration 0
12:03:38.678 [pool-44-thread-1] DEBUG f.i.l.r.s.c.SpoonElementsCollector - [data] start=0
12:03:38.679 [pool-44-thread-1] DEBUG f.i.l.r.s.c.SpoonElementsCollector - [data] end=5
12:03:38.679 [pool-44-thread-1] DEBUG f.i.l.r.s.c.DynamothDataCollector - Collect Level 1
12:03:38.679 [pool-44-thread-1] DEBUG f.i.l.r.s.c.DynamothDataCollector - [data] arr
12:03:38.679 [pool-44-thread-1] DEBUG f.i.l.r.s.c.DynamothDataCollector - [data] x
12:03:38.679 [pool-44-thread-1] DEBUG f.i.l.r.s.c.DynamothDataCollector - [data] start
12:03:38.680 [pool-44-thread-1] DEBUG f.i.l.r.s.c.DynamothDataCollector - [data] end
12:03:38.681 [pool-44-thread-1] DEBUG f.i.l.r.s.DynamothCodeGenesisImpl - BreakpointEvent
12:03:38.681 [pool-44-thread-1] INFO  f.i.l.r.s.DynamothCodeGenesisImpl - [test] java_testcases.junit.FIND_IN_SORTED_Test#test_6 iteration 1
java.lang.ArrayIndexOutOfBoundsException: 1
	at fr.inria.lille.repair.synthesis.DynamothCodeGenesisImpl.processBreakPointEvents(DynamothCodeGenesisImpl.java:283)
	at fr.inria.lille.repair.synthesis.DynamothCodeGenesisImpl.processVMEvents(DynamothCodeGenesisImpl.java:178)
	at fr.inria.lille.repair.synthesis.DynamothCodeGenesisImpl.run(DynamothCodeGenesisImpl.java:147)
	at fr.inria.lille.repair.nopol.synth.dynamoth.DynamothSynthesizer.findAngelicValuesAndBuildPatch(DynamothSynthesizer.java:142)
	at fr.inria.lille.repair.nopol.NoPol.runNopolProcessor(NoPol.java:295)
	at fr.inria.lille.repair.nopol.NoPol.access$000(NoPol.java:81)
	at fr.inria.lille.repair.nopol.NoPol$1.call(NoPol.java:260)
	at java.util.concurrent.FutureTask.run(FutureTask.java:266)
	at java.util.concurrent.ThreadPoolExecutor.runWorker(ThreadPoolExecutor.java:1149)
	at java.util.concurrent.ThreadPoolExecutor$Worker.run(ThreadPoolExecutor.java:624)
	at java.lang.Thread.run(Thread.java:748)


========= Info ==========
Nb constants             4
Nb method invocations    0
Nb field access          1
Nb variables             4
Total                    10
Nb evaluated expressions 1
Init Execution time      146 ms
Collect Execution time   44 ms
Combine Execution time   2.0 ms
Nb Combination par sec   500 combinations/sec
Total Execution time     192 ms
Nb line execution        8
Nb results               1

Results:
1. start == end


========================
         Stat
========================
Operators: 
GT 1
LT 1
PLUS 1
DIV 1
EQ 1
MINUS 1
Methods: 
binsearch(int[],int,int,int) 2
Variable: 
mid 5
arr 4
start 4
x 4
end 3

 & 4 & 0 & 1 & 4 & 10 & 1 & 192 ms & 8 &
12:03:38.683 [pool-44-thread-1] INFO  f.i.l.repair.nopol.patch.TestPatch - Applying patch: java_programs.FIND_IN_SORTED:13: CONDITIONAL start == end
12:03:38.727 [pool-44-thread-1] INFO  f.i.l.repair.nopol.patch.TestPatch - Running test suite to check the patch "start == end" is working
12:03:38.738 [pool-44-thread-1] INFO  f.i.l.repair.nopol.patch.TestPatch - Failing tests [test_1(java_testcases.junit.FIND_IN_SORTED_Test): null, test_6(java_testcases.junit.FIND_IN_SORTED_Test): null]
12:03:38.739 [pool-44-thread-1] DEBUG fr.inria.lille.repair.nopol.NoPol - Could not find a valid patch in SourceLocation java_programs.FIND_IN_SORTED:13
12:03:38.739 [pool-2-thread-1] DEBUG fr.inria.lille.repair.nopol.NoPol - statement #7
12:03:38.739 [pool-2-thread-1] DEBUG fr.inria.lille.repair.nopol.NoPol - Analysing SourceLocation java_programs.FIND_IN_SORTED:18 which is executed by 2 tests
1943284754
12:03:38.770 [pool-2-thread-1] DEBUG fr.inria.lille.repair.nopol.NoPol - looking with class fr.inria.lille.repair.nopol.spoon.smt.ConditionalAdder
java.lang.StackOverflowError
    at java_programs.FIND_IN_SORTED.binsearch(FIND_IN_SORTED.java:20)
    at java_programs.FIND_IN_SORTED.binsearch(FIND_IN_SORTED.java:20)
    at java_programs.FIND_IN_SORTED.binsearch(FIND_IN_SORTED.java:20)
    at java_programs.FIND_IN_SORTED.binsearch(FIND_IN_SORTED.java:20)
    at java_programs.FIND_IN_SORTED.binsearch(FIND_IN_SORTED.java:20)
    at java_programs.FIND_IN_SORTED.binsearch(FIND_IN_SORTED.java:20)
java.lang.StackOverflowError
    at java_programs.FIND_IN_SORTED.binsearch(FIND_IN_SORTED.java:20)
    at java_programs.FIND_IN_SORTED.binsearch(FIND_IN_SORTED.java:20)
    at java_programs.FIND_IN_SORTED.binsearch(FIND_IN_SORTED.java:20)
    at java_programs.FIND_IN_SORTED.binsearch(FIND_IN_SORTED.java:20)
    at java_programs.FIND_IN_SORTED.binsearch(FIND_IN_SORTED.java:20)
    at java_programs.FIND_IN_SORTED.binsearch(FIND_IN_SORTED.java:20)
12:03:38.779 [pool-69-thread-1] INFO  xxl.java.junit.TestCasesListener - Tests run finished (8 ms)
<> Total tests run: 7
<> Ignored tests: 0
<> Failed tests: 2
~ test_1(java_testcases.junit.FIND_IN_SORTED_Test)
[null]
java.lang.StackOverflowError    at java_programs.FIND_IN_SORTED.binsearch(FIND_IN_SORTED.java:20)
    at java_programs.FIND_IN_SORTED.binsearch(FIND_IN_SORTED.java:20)
    at java_programs.FIND_IN_SORTED.binsearch(FIND_IN_SORTED.java:20)
    at java_programs.FIND_IN_SORTED.binsearch(FIND_IN_SORTED.java:20)
    at java_programs.FIND_IN_SORTED.binsearch(FIND_IN_SORTED.java:20)
    at java_programs.FIND_IN_SORTED.binsearch(FIND_IN_SORTED.java:20)
~ test_6(java_testcases.junit.FIND_IN_SORTED_Test)
[null]
java.lang.StackOverflowError    at java_programs.FIND_IN_SORTED.binsearch(FIND_IN_SORTED.java:20)
    at java_programs.FIND_IN_SORTED.binsearch(FIND_IN_SORTED.java:20)
    at java_programs.FIND_IN_SORTED.binsearch(FIND_IN_SORTED.java:20)
    at java_programs.FIND_IN_SORTED.binsearch(FIND_IN_SORTED.java:20)
    at java_programs.FIND_IN_SORTED.binsearch(FIND_IN_SORTED.java:20)
    at java_programs.FIND_IN_SORTED.binsearch(FIND_IN_SORTED.java:20)

12:03:38.821 [pool-68-thread-1] ERROR x.java.compiler.DynamicClassCompiler - [Compilation errors]
FIND_IN_SORTED.java:25: error: missing return statement
    }
    ^
xxl.java.compiler.DynamicCompilationException: Aborting: dynamic compilation failed
	at xxl.java.compiler.DynamicClassCompiler.runCompilationTask(DynamicClassCompiler.java:99)
	at xxl.java.compiler.DynamicClassCompiler.javaBytecodeFor(DynamicClassCompiler.java:67)
	at fr.inria.lille.commons.spoon.SpoonedFile.compilationFor(SpoonedFile.java:203)
	at fr.inria.lille.commons.spoon.SpoonedFile.compileModelledClasses(SpoonedFile.java:177)
	at fr.inria.lille.commons.spoon.SpoonedFile.dumpedToClassLoader(SpoonedFile.java:130)
	at fr.inria.lille.commons.spoon.SpoonedFile.processedAndDumpedToClassLoader(SpoonedFile.java:140)
	at fr.inria.lille.commons.spoon.SpoonedFile.processedAndDumpedToClassLoader(SpoonedFile.java:135)
	at fr.inria.lille.repair.nopol.synth.dynamoth.DynamothSynthesizer.findAngelicValuesAndBuildPatch(DynamothSynthesizer.java:69)
	at fr.inria.lille.repair.nopol.NoPol.runNopolProcessor(NoPol.java:295)
	at fr.inria.lille.repair.nopol.NoPol.access$000(NoPol.java:81)
	at fr.inria.lille.repair.nopol.NoPol$1.call(NoPol.java:260)
	at java.util.concurrent.FutureTask.run(FutureTask.java:266)
	at java.util.concurrent.ThreadPoolExecutor.runWorker(ThreadPoolExecutor.java:1149)
	at java.util.concurrent.ThreadPoolExecutor$Worker.run(ThreadPoolExecutor.java:624)
	at java.lang.Thread.run(Thread.java:748)
12:03:38.822 [pool-2-thread-1] INFO  fr.inria.lille.repair.nopol.NoPol - ----INFORMATION----
12:03:38.824 [pool-2-thread-1] INFO  fr.inria.lille.repair.nopol.NoPol - Nb classes : 3
12:03:38.824 [pool-2-thread-1] INFO  fr.inria.lille.repair.nopol.NoPol - Nb methods : 10
12:03:38.824 [pool-2-thread-1] INFO  fr.inria.lille.repair.nopol.NoPol - Nb Statements Analyzed : 7
12:03:38.824 [pool-2-thread-1] INFO  fr.inria.lille.repair.nopol.NoPol - Nb Statements with Angelic Value Found : 2
12:03:38.824 [pool-2-thread-1] INFO  fr.inria.lille.repair.nopol.NoPol - NoPol Execution time : 4235ms
12:03:38.824 [pool-2-thread-1] INFO  fr.inria.lille.repair.nopol.NoPol - 
NO_ANGELIC_VALUE
Command exited with non-zero status 255
9.09user 1.02system 0:05.07elapsed 199%CPU (0avgtext+0avgdata 457576maxresident)k
49048inputs+5424outputs (6major+182556minor)pagefaults 0swaps


Node: grimoire-7.nancy.grid5000.fr



Date: Sun Dec  2 12:03:39 EST 2018

