cd /tmp/Nopol_IntroClassJava_digits_ca5057661022789c0b40bc1574ab8b0826b3d22f70de1a10b2d2122137774c6aec73fe789a94b2362628481da623120033956bd376b41b825a72dbd8b50aff2f_003;
export JAVA_TOOL_OPTIONS="-Dfile.encoding=UTF8 -Duser.language=en-US -Duser.country=US -Duser.language=en";
TZ="America/New_York"; export TZ;
export PATH="/usr/lib/jvm/java-1.8.0-openjdk-amd64/bin/:$PATH";
export JAVA_HOME="/usr/lib/jvm/java-1.8.0-openjdk-amd64/bin/";
time java -Xmx4048m -cp /home/tdurieux/RepairThemAll/script/../repair_tools/nopol.jar:/usr/lib/jvm/java-1.8.0-openjdk-amd64/bin//../lib/tools.jar fr.inria.lille.repair.Main \
	--mode repair \
	--type pre_then_cond \
	--oracle angelic \
	--synthesis smt \
	--flocal gzoltar \
	--json \
	--solver z3 \
	--solver-path /home/tdurieux/RepairThemAll/script/../libs/z3/build/z3 \
	--complianceLevel 7 \
	--source src/main/java \
	--classpath "target/classes:target/test-classes:/home/tdurieux/.m2/repository/junit/junit/4.11/junit-4.11.jar:/home/tdurieux/.m2/repository/org/hamcrest/hamcrest-core/1.3/hamcrest-core-1.3.jar:/home/tdurieux/RepairThemAll/script/../repair_tools/nopol.jar";
	echo "\n\nNode: `hostname`\n";
	echo "\n\nDate: `date`\n";
Picked up JAVA_TOOL_OPTIONS: -Dfile.encoding=UTF8 -Duser.language=en-US -Duser.country=US -Duser.language=en
15:59:35.214 [main] INFO  fr.inria.lille.repair.nopol.NoPol - Source files: [src/main/java]
15:59:35.229 [main] INFO  fr.inria.lille.repair.nopol.NoPol - Classpath: [file:/tmp/Nopol_IntroClassJava_digits_ca5057661022789c0b40bc1574ab8b0826b3d22f70de1a10b2d2122137774c6aec73fe789a94b2362628481da623120033956bd376b41b825a72dbd8b50aff2f_003/target/classes/, file:/tmp/Nopol_IntroClassJava_digits_ca5057661022789c0b40bc1574ab8b0826b3d22f70de1a10b2d2122137774c6aec73fe789a94b2362628481da623120033956bd376b41b825a72dbd8b50aff2f_003/target/test-classes/, file:/home/tdurieux/.m2/repository/junit/junit/4.11/junit-4.11.jar, file:/home/tdurieux/.m2/repository/org/hamcrest/hamcrest-core/1.3/hamcrest-core-1.3.jar, file:/home/tdurieux/RepairThemAll/script/../repair_tools/nopol.jar]
15:59:35.229 [main] INFO  fr.inria.lille.repair.nopol.NoPol - Statement type: PRE_THEN_COND
15:59:35.229 [main] INFO  fr.inria.lille.repair.nopol.NoPol - Args: [introclassJava.digits_ca505766_003BlackboxTest, introclassJava.digits_ca505766_003WhiteboxTest]
15:59:35.231 [main] INFO  fr.inria.lille.repair.nopol.NoPol - Config: Config{synthesisDepth=3, collectStaticMethods=true, collectStaticFields=false, collectLiterals=false, onlyOneSynthesisResult=true, sortExpressions=true, maxLineInvocationPerTest=250, timeoutMethodInvocation=2000, dataCollectionTimeoutInSecondForSynthesis=900, addWeight=0.19478, subWeight=0.04554, mulWeight=0.0102, divWeight=0.00613, andWeight=0.10597, orWeight=0.05708, eqWeight=0.22798, nEqWeight=0.0, lessEqWeight=0.0255, lessWeight=0.0947, methodCallWeight=0.1, fieldAccessWeight=0.08099, constantWeight=0.14232, variableWeight=0.05195, mode=REPAIR, type=PRE_THEN_COND, synthesis=SMT, oracle=ANGELIC, solver=Z3, solverPath='/home/tdurieux/RepairThemAll/script/../libs/z3/build/z3', projectSources=[src/main/java], projectClasspath='[Ljava.net.URL;@66d33a', projectTests=[introclassJava.digits_ca505766_003BlackboxTest, introclassJava.digits_ca505766_003WhiteboxTest], complianceLevel=7, outputFolder=., json=true}
15:59:35.231 [main] INFO  fr.inria.lille.repair.nopol.NoPol - Available processors (cores): 8
15:59:35.238 [main] INFO  fr.inria.lille.repair.nopol.NoPol - Free memory: 467 MB
15:59:35.238 [main] INFO  fr.inria.lille.repair.nopol.NoPol - Maximum memory: 3 GB
15:59:35.238 [main] INFO  fr.inria.lille.repair.nopol.NoPol - Total memory available to JVM: 483 MB
15:59:35.238 [main] INFO  fr.inria.lille.repair.nopol.NoPol - Java version: 1.8.0_181
15:59:35.239 [main] INFO  fr.inria.lille.repair.nopol.NoPol - JAVA_HOME: /usr/lib/jvm/java-1.8.0-openjdk-amd64/bin/
15:59:35.240 [main] INFO  fr.inria.lille.repair.nopol.NoPol - PATH: /usr/lib/jvm/java-1.8.0-openjdk-amd64/bin/:/usr/lib/oar/oardodo:/usr/lib/oar/oardodo:/usr/local/bin:/usr/bin:/bin:/usr/games
15:59:38.716 [pool-2-thread-1] DEBUG fr.inria.lille.repair.nopol.NoPol - statement #1
15:59:38.716 [pool-2-thread-1] DEBUG fr.inria.lille.repair.nopol.NoPol - Analysing SourceLocation introclassJava.digits_ca505766_003:64 which is executed by 1 tests
-1560223095
15:59:39.028 [pool-2-thread-1] DEBUG fr.inria.lille.repair.nopol.NoPol - looking with class fr.inria.lille.repair.nopol.spoon.smt.ConditionalAdder
org.junit.ComparisonFailure: expected:<Enteraninteger>678[-]9That'sall,haveanice...> but was:<Enteraninteger>678[]9That'sall,haveanice...>
    at org.junit.Assert.assertEquals(Assert.java:115)
    at org.junit.Assert.assertEquals(Assert.java:144)
    at introclassJava.digits_ca505766_003BlackboxTest.test2(digits_ca505766_003BlackboxTest.java:23)
    at sun.reflect.NativeMethodAccessorImpl.invoke0(Native Method)
    at sun.reflect.NativeMethodAccessorImpl.invoke(NativeMethodAccessorImpl.java:62)
    at sun.reflect.DelegatingMethodAccessorImpl.invoke(DelegatingMethodAccessorImpl.java:43)
15:59:39.079 [pool-4-thread-1] INFO  xxl.java.junit.TestCasesListener - Tests run finished (23 ms)
<> Total tests run: 6
<> Ignored tests: 0
<> Failed tests: 1
~ test2(introclassJava.digits_ca505766_003BlackboxTest)
[expected:<Enteraninteger>678[-]9That'sall,haveanice...> but was:<Enteraninteger>678[]9That'sall,haveanice...>]
org.junit.ComparisonFailure: expected:<Enteraninteger>678[-]9That'sall,haveanice...> but was:<Enteraninteger>678[]9That'sall,haveanice...>    at org.junit.Assert.assertEquals(Assert.java:115)
    at org.junit.Assert.assertEquals(Assert.java:144)
    at introclassJava.digits_ca505766_003BlackboxTest.test2(digits_ca505766_003BlackboxTest.java:23)
    at sun.reflect.NativeMethodAccessorImpl.invoke0(Native Method)
    at sun.reflect.NativeMethodAccessorImpl.invoke(NativeMethodAccessorImpl.java:62)
    at sun.reflect.DelegatingMethodAccessorImpl.invoke(DelegatingMethodAccessorImpl.java:43)

org.junit.ComparisonFailure: expected:<Enteraninteger>[67]8-9That'sall,haveani...> but was:<Enteraninteger>[-6-7-]8-9That'sall,haveani...>
    at org.junit.Assert.assertEquals(Assert.java:115)
    at org.junit.Assert.assertEquals(Assert.java:144)
    at introclassJava.digits_ca505766_003BlackboxTest.test2(digits_ca505766_003BlackboxTest.java:23)
    at sun.reflect.NativeMethodAccessorImpl.invoke0(Native Method)
    at sun.reflect.NativeMethodAccessorImpl.invoke(NativeMethodAccessorImpl.java:62)
    at sun.reflect.DelegatingMethodAccessorImpl.invoke(DelegatingMethodAccessorImpl.java:43)
15:59:39.690 [pool-5-thread-1] INFO  f.i.l.c.t.SpecificationTestCasesListener - Tests run finished (9 ms)
<> Total tests run: 1
<> Ignored tests: 0
<> Failed tests: 1
~ test2(introclassJava.digits_ca505766_003BlackboxTest)
[expected:<Enteraninteger>[67]8-9That'sall,haveani...> but was:<Enteraninteger>[-6-7-]8-9That'sall,haveani...>]
org.junit.ComparisonFailure: expected:<Enteraninteger>[67]8-9That'sall,haveani...> but was:<Enteraninteger>[-6-7-]8-9That'sall,haveani...>    at org.junit.Assert.assertEquals(Assert.java:115)
    at org.junit.Assert.assertEquals(Assert.java:144)
    at introclassJava.digits_ca505766_003BlackboxTest.test2(digits_ca505766_003BlackboxTest.java:23)
    at sun.reflect.NativeMethodAccessorImpl.invoke0(Native Method)
    at sun.reflect.NativeMethodAccessorImpl.invoke(NativeMethodAccessorImpl.java:62)
    at sun.reflect.DelegatingMethodAccessorImpl.invoke(DelegatingMethodAccessorImpl.java:43)

org.junit.ComparisonFailure: expected:<Enteraninteger>678[-]9That'sall,haveanice...> but was:<Enteraninteger>678[]9That'sall,haveanice...>
    at org.junit.Assert.assertEquals(Assert.java:115)
    at org.junit.Assert.assertEquals(Assert.java:144)
    at introclassJava.digits_ca505766_003BlackboxTest.test2(digits_ca505766_003BlackboxTest.java:23)
    at sun.reflect.NativeMethodAccessorImpl.invoke0(Native Method)
    at sun.reflect.NativeMethodAccessorImpl.invoke(NativeMethodAccessorImpl.java:62)
    at sun.reflect.DelegatingMethodAccessorImpl.invoke(DelegatingMethodAccessorImpl.java:43)
15:59:39.694 [pool-6-thread-1] INFO  f.i.l.c.t.SpecificationTestCasesListener - Tests run finished (2 ms)
<> Total tests run: 1
<> Ignored tests: 0
<> Failed tests: 1
~ test2(introclassJava.digits_ca505766_003BlackboxTest)
[expected:<Enteraninteger>678[-]9That'sall,haveanice...> but was:<Enteraninteger>678[]9That'sall,haveanice...>]
org.junit.ComparisonFailure: expected:<Enteraninteger>678[-]9That'sall,haveanice...> but was:<Enteraninteger>678[]9That'sall,haveanice...>    at org.junit.Assert.assertEquals(Assert.java:115)
    at org.junit.Assert.assertEquals(Assert.java:144)
    at introclassJava.digits_ca505766_003BlackboxTest.test2(digits_ca505766_003BlackboxTest.java:23)
    at sun.reflect.NativeMethodAccessorImpl.invoke0(Native Method)
    at sun.reflect.NativeMethodAccessorImpl.invoke(NativeMethodAccessorImpl.java:62)
    at sun.reflect.DelegatingMethodAccessorImpl.invoke(DelegatingMethodAccessorImpl.java:43)

15:59:39.695 [pool-3-thread-1] DEBUG tests.output - Failing tests with false: 
[test2(introclassJava.digits_ca505766_003BlackboxTest): expected:<Enteraninteger>[67]8-9That'sall,haveani...> but was:<Enteraninteger>[-6-7-]8-9That'sall,haveani...>]
15:59:39.695 [pool-3-thread-1] DEBUG tests.output - Failing tests with true: 
[test2(introclassJava.digits_ca505766_003BlackboxTest): expected:<Enteraninteger>678[-]9That'sall,haveanice...> but was:<Enteraninteger>678[]9That'sall,haveanice...>]
15:59:39.695 [pool-3-thread-1] INFO  f.i.l.r.n.synth.SMTNopolSynthesizer - Not enough specifications: 0. A trivial patch is "true" or "false", please write new tests specifying SourceLocation introclassJava.digits_ca505766_003:64.
15:59:39.696 [pool-2-thread-1] DEBUG fr.inria.lille.repair.nopol.NoPol - statement #2
15:59:39.696 [pool-2-thread-1] DEBUG fr.inria.lille.repair.nopol.NoPol - Analysing SourceLocation introclassJava.digits_ca505766_003:68 which is executed by 14 tests
-1560223095
15:59:39.758 [pool-2-thread-1] DEBUG fr.inria.lille.repair.nopol.NoPol - looking with class fr.inria.lille.repair.nopol.spoon.smt.ConditionalAdder
org.junit.ComparisonFailure: expected:<Enteraninteger>678[-]9That'sall,haveanice...> but was:<Enteraninteger>678[]9That'sall,haveanice...>
    at org.junit.Assert.assertEquals(Assert.java:115)
    at org.junit.Assert.assertEquals(Assert.java:144)
    at introclassJava.digits_ca505766_003BlackboxTest.test2(digits_ca505766_003BlackboxTest.java:23)
    at sun.reflect.NativeMethodAccessorImpl.invoke0(Native Method)
    at sun.reflect.NativeMethodAccessorImpl.invoke(NativeMethodAccessorImpl.java:62)
    at sun.reflect.DelegatingMethodAccessorImpl.invoke(DelegatingMethodAccessorImpl.java:43)
15:59:39.772 [pool-8-thread-1] INFO  xxl.java.junit.TestCasesListener - Tests run finished (11 ms)
<> Total tests run: 6
<> Ignored tests: 0
<> Failed tests: 1
~ test2(introclassJava.digits_ca505766_003BlackboxTest)
[expected:<Enteraninteger>678[-]9That'sall,haveanice...> but was:<Enteraninteger>678[]9That'sall,haveanice...>]
org.junit.ComparisonFailure: expected:<Enteraninteger>678[-]9That'sall,haveanice...> but was:<Enteraninteger>678[]9That'sall,haveanice...>    at org.junit.Assert.assertEquals(Assert.java:115)
    at org.junit.Assert.assertEquals(Assert.java:144)
    at introclassJava.digits_ca505766_003BlackboxTest.test2(digits_ca505766_003BlackboxTest.java:23)
    at sun.reflect.NativeMethodAccessorImpl.invoke0(Native Method)
    at sun.reflect.NativeMethodAccessorImpl.invoke(NativeMethodAccessorImpl.java:62)
    at sun.reflect.DelegatingMethodAccessorImpl.invoke(DelegatingMethodAccessorImpl.java:43)

java.lang.Exception: test timed out after 1000 milliseconds
    at introclassJava.digits_ca505766_003.exec(digits_ca505766_003.java:27)
    at introclassJava.digits_ca505766_003BlackboxTest.test2(digits_ca505766_003BlackboxTest.java:21)
    at sun.reflect.NativeMethodAccessorImpl.invoke0(Native Method)
    at sun.reflect.NativeMethodAccessorImpl.invoke(NativeMethodAccessorImpl.java:62)
    at sun.reflect.DelegatingMethodAccessorImpl.invoke(DelegatingMethodAccessorImpl.java:43)
    at java.lang.reflect.Method.invoke(Method.java:498)
15:59:40.909 [pool-9-thread-1] INFO  f.i.l.c.t.SpecificationTestCasesListener - Tests run finished (1001 ms)
<> Total tests run: 1
<> Ignored tests: 0
<> Failed tests: 1
~ test2(introclassJava.digits_ca505766_003BlackboxTest)
[test timed out after 1000 milliseconds]
java.lang.Exception: test timed out after 1000 milliseconds    at introclassJava.digits_ca505766_003.exec(digits_ca505766_003.java:27)
    at introclassJava.digits_ca505766_003BlackboxTest.test2(digits_ca505766_003BlackboxTest.java:21)
    at sun.reflect.NativeMethodAccessorImpl.invoke0(Native Method)
    at sun.reflect.NativeMethodAccessorImpl.invoke(NativeMethodAccessorImpl.java:62)
    at sun.reflect.DelegatingMethodAccessorImpl.invoke(DelegatingMethodAccessorImpl.java:43)
    at java.lang.reflect.Method.invoke(Method.java:498)

org.junit.ComparisonFailure: expected:<Enteraninteger>678[-]9That'sall,haveanice...> but was:<Enteraninteger>678[]9That'sall,haveanice...>
    at org.junit.Assert.assertEquals(Assert.java:115)
    at org.junit.Assert.assertEquals(Assert.java:144)
    at introclassJava.digits_ca505766_003BlackboxTest.test2(digits_ca505766_003BlackboxTest.java:23)
    at sun.reflect.NativeMethodAccessorImpl.invoke0(Native Method)
    at sun.reflect.NativeMethodAccessorImpl.invoke(NativeMethodAccessorImpl.java:62)
    at sun.reflect.DelegatingMethodAccessorImpl.invoke(DelegatingMethodAccessorImpl.java:43)
15:59:40.917 [pool-10-thread-1] INFO  f.i.l.c.t.SpecificationTestCasesListener - Tests run finished (5 ms)
<> Total tests run: 1
<> Ignored tests: 0
<> Failed tests: 1
~ test2(introclassJava.digits_ca505766_003BlackboxTest)
[expected:<Enteraninteger>678[-]9That'sall,haveanice...> but was:<Enteraninteger>678[]9That'sall,haveanice...>]
org.junit.ComparisonFailure: expected:<Enteraninteger>678[-]9That'sall,haveanice...> but was:<Enteraninteger>678[]9That'sall,haveanice...>    at org.junit.Assert.assertEquals(Assert.java:115)
    at org.junit.Assert.assertEquals(Assert.java:144)
    at introclassJava.digits_ca505766_003BlackboxTest.test2(digits_ca505766_003BlackboxTest.java:23)
    at sun.reflect.NativeMethodAccessorImpl.invoke0(Native Method)
    at sun.reflect.NativeMethodAccessorImpl.invoke(NativeMethodAccessorImpl.java:62)
    at sun.reflect.DelegatingMethodAccessorImpl.invoke(DelegatingMethodAccessorImpl.java:43)

15:59:40.917 [pool-7-thread-1] DEBUG tests.output - Failing tests with false: 
[test2(introclassJava.digits_ca505766_003BlackboxTest): test timed out after 1000 milliseconds]
15:59:40.917 [pool-7-thread-1] DEBUG tests.output - Failing tests with true: 
[test2(introclassJava.digits_ca505766_003BlackboxTest): expected:<Enteraninteger>678[-]9That'sall,haveanice...> but was:<Enteraninteger>678[]9That'sall,haveanice...>]
15:59:40.917 [pool-7-thread-1] INFO  f.i.l.r.n.synth.SMTNopolSynthesizer - Not enough specifications: 0. A trivial patch is "true" or "false", please write new tests specifying SourceLocation introclassJava.digits_ca505766_003:68.
15:59:40.918 [pool-2-thread-1] DEBUG fr.inria.lille.repair.nopol.NoPol - statement #3
15:59:40.918 [pool-2-thread-1] DEBUG fr.inria.lille.repair.nopol.NoPol - Analysing SourceLocation introclassJava.digits_ca505766_003:67 which is executed by 14 tests
-1560223095
15:59:40.979 [pool-2-thread-1] DEBUG fr.inria.lille.repair.nopol.NoPol - looking with class fr.inria.lille.repair.nopol.spoon.smt.ConditionalAdder
org.junit.ComparisonFailure: expected:<Enteraninteger>678[-]9That'sall,haveanice...> but was:<Enteraninteger>678[]9That'sall,haveanice...>
    at org.junit.Assert.assertEquals(Assert.java:115)
    at org.junit.Assert.assertEquals(Assert.java:144)
    at introclassJava.digits_ca505766_003BlackboxTest.test2(digits_ca505766_003BlackboxTest.java:23)
    at sun.reflect.NativeMethodAccessorImpl.invoke0(Native Method)
    at sun.reflect.NativeMethodAccessorImpl.invoke(NativeMethodAccessorImpl.java:62)
    at sun.reflect.DelegatingMethodAccessorImpl.invoke(DelegatingMethodAccessorImpl.java:43)
15:59:40.989 [pool-12-thread-1] INFO  xxl.java.junit.TestCasesListener - Tests run finished (8 ms)
<> Total tests run: 6
<> Ignored tests: 0
<> Failed tests: 1
~ test2(introclassJava.digits_ca505766_003BlackboxTest)
[expected:<Enteraninteger>678[-]9That'sall,haveanice...> but was:<Enteraninteger>678[]9That'sall,haveanice...>]
org.junit.ComparisonFailure: expected:<Enteraninteger>678[-]9That'sall,haveanice...> but was:<Enteraninteger>678[]9That'sall,haveanice...>    at org.junit.Assert.assertEquals(Assert.java:115)
    at org.junit.Assert.assertEquals(Assert.java:144)
    at introclassJava.digits_ca505766_003BlackboxTest.test2(digits_ca505766_003BlackboxTest.java:23)
    at sun.reflect.NativeMethodAccessorImpl.invoke0(Native Method)
    at sun.reflect.NativeMethodAccessorImpl.invoke(NativeMethodAccessorImpl.java:62)
    at sun.reflect.DelegatingMethodAccessorImpl.invoke(DelegatingMethodAccessorImpl.java:43)

org.junit.ComparisonFailure: expected:<Enteraninteger>[678-]9That'sall,haveanice...> but was:<Enteraninteger>[]9That'sall,haveanice...>
    at org.junit.Assert.assertEquals(Assert.java:115)
    at org.junit.Assert.assertEquals(Assert.java:144)
    at introclassJava.digits_ca505766_003BlackboxTest.test2(digits_ca505766_003BlackboxTest.java:23)
    at sun.reflect.NativeMethodAccessorImpl.invoke0(Native Method)
    at sun.reflect.NativeMethodAccessorImpl.invoke(NativeMethodAccessorImpl.java:62)
    at sun.reflect.DelegatingMethodAccessorImpl.invoke(DelegatingMethodAccessorImpl.java:43)
15:59:41.113 [pool-13-thread-1] INFO  f.i.l.c.t.SpecificationTestCasesListener - Tests run finished (3 ms)
<> Total tests run: 1
<> Ignored tests: 0
<> Failed tests: 1
~ test2(introclassJava.digits_ca505766_003BlackboxTest)
[expected:<Enteraninteger>[678-]9That'sall,haveanice...> but was:<Enteraninteger>[]9That'sall,haveanice...>]
org.junit.ComparisonFailure: expected:<Enteraninteger>[678-]9That'sall,haveanice...> but was:<Enteraninteger>[]9That'sall,haveanice...>    at org.junit.Assert.assertEquals(Assert.java:115)
    at org.junit.Assert.assertEquals(Assert.java:144)
    at introclassJava.digits_ca505766_003BlackboxTest.test2(digits_ca505766_003BlackboxTest.java:23)
    at sun.reflect.NativeMethodAccessorImpl.invoke0(Native Method)
    at sun.reflect.NativeMethodAccessorImpl.invoke(NativeMethodAccessorImpl.java:62)
    at sun.reflect.DelegatingMethodAccessorImpl.invoke(DelegatingMethodAccessorImpl.java:43)

org.junit.ComparisonFailure: expected:<Enteraninteger>678[-]9That'sall,haveanice...> but was:<Enteraninteger>678[]9That'sall,haveanice...>
    at org.junit.Assert.assertEquals(Assert.java:115)
    at org.junit.Assert.assertEquals(Assert.java:144)
    at introclassJava.digits_ca505766_003BlackboxTest.test2(digits_ca505766_003BlackboxTest.java:23)
    at sun.reflect.NativeMethodAccessorImpl.invoke0(Native Method)
    at sun.reflect.NativeMethodAccessorImpl.invoke(NativeMethodAccessorImpl.java:62)
    at sun.reflect.DelegatingMethodAccessorImpl.invoke(DelegatingMethodAccessorImpl.java:43)
15:59:41.128 [pool-14-thread-1] INFO  f.i.l.c.t.SpecificationTestCasesListener - Tests run finished (7 ms)
<> Total tests run: 1
<> Ignored tests: 0
<> Failed tests: 1
~ test2(introclassJava.digits_ca505766_003BlackboxTest)
[expected:<Enteraninteger>678[-]9That'sall,haveanice...> but was:<Enteraninteger>678[]9That'sall,haveanice...>]
org.junit.ComparisonFailure: expected:<Enteraninteger>678[-]9That'sall,haveanice...> but was:<Enteraninteger>678[]9That'sall,haveanice...>    at org.junit.Assert.assertEquals(Assert.java:115)
    at org.junit.Assert.assertEquals(Assert.java:144)
    at introclassJava.digits_ca505766_003BlackboxTest.test2(digits_ca505766_003BlackboxTest.java:23)
    at sun.reflect.NativeMethodAccessorImpl.invoke0(Native Method)
    at sun.reflect.NativeMethodAccessorImpl.invoke(NativeMethodAccessorImpl.java:62)
    at sun.reflect.DelegatingMethodAccessorImpl.invoke(DelegatingMethodAccessorImpl.java:43)

15:59:41.129 [pool-11-thread-1] DEBUG tests.output - Failing tests with false: 
[test2(introclassJava.digits_ca505766_003BlackboxTest): expected:<Enteraninteger>[678-]9That'sall,haveanice...> but was:<Enteraninteger>[]9That'sall,haveanice...>]
15:59:41.129 [pool-11-thread-1] DEBUG tests.output - Failing tests with true: 
[test2(introclassJava.digits_ca505766_003BlackboxTest): expected:<Enteraninteger>678[-]9That'sall,haveanice...> but was:<Enteraninteger>678[]9That'sall,haveanice...>]
15:59:41.129 [pool-11-thread-1] INFO  f.i.l.r.n.synth.SMTNopolSynthesizer - Not enough specifications: 0. A trivial patch is "true" or "false", please write new tests specifying SourceLocation introclassJava.digits_ca505766_003:67.
15:59:41.129 [pool-2-thread-1] DEBUG fr.inria.lille.repair.nopol.NoPol - statement #4
15:59:41.130 [pool-2-thread-1] DEBUG fr.inria.lille.repair.nopol.NoPol - Analysing SourceLocation introclassJava.digits_ca505766_003:73 which is executed by 16 tests
-1560223095
15:59:41.191 [pool-2-thread-1] DEBUG fr.inria.lille.repair.nopol.NoPol - looking with class fr.inria.lille.repair.nopol.spoon.smt.ConditionalAdder
org.junit.ComparisonFailure: expected:<Enteraninteger>678[-]9That'sall,haveanice...> but was:<Enteraninteger>678[]9That'sall,haveanice...>
    at org.junit.Assert.assertEquals(Assert.java:115)
    at org.junit.Assert.assertEquals(Assert.java:144)
    at introclassJava.digits_ca505766_003BlackboxTest.test2(digits_ca505766_003BlackboxTest.java:23)
    at sun.reflect.NativeMethodAccessorImpl.invoke0(Native Method)
    at sun.reflect.NativeMethodAccessorImpl.invoke(NativeMethodAccessorImpl.java:62)
    at sun.reflect.DelegatingMethodAccessorImpl.invoke(DelegatingMethodAccessorImpl.java:43)
15:59:41.201 [pool-16-thread-1] INFO  xxl.java.junit.TestCasesListener - Tests run finished (7 ms)
<> Total tests run: 6
<> Ignored tests: 0
<> Failed tests: 1
~ test2(introclassJava.digits_ca505766_003BlackboxTest)
[expected:<Enteraninteger>678[-]9That'sall,haveanice...> but was:<Enteraninteger>678[]9That'sall,haveanice...>]
org.junit.ComparisonFailure: expected:<Enteraninteger>678[-]9That'sall,haveanice...> but was:<Enteraninteger>678[]9That'sall,haveanice...>    at org.junit.Assert.assertEquals(Assert.java:115)
    at org.junit.Assert.assertEquals(Assert.java:144)
    at introclassJava.digits_ca505766_003BlackboxTest.test2(digits_ca505766_003BlackboxTest.java:23)
    at sun.reflect.NativeMethodAccessorImpl.invoke0(Native Method)
    at sun.reflect.NativeMethodAccessorImpl.invoke(NativeMethodAccessorImpl.java:62)
    at sun.reflect.DelegatingMethodAccessorImpl.invoke(DelegatingMethodAccessorImpl.java:43)

org.junit.ComparisonFailure: expected:<Enteraninteger>678[-]9That'sall,haveanice...> but was:<Enteraninteger>678[]9That'sall,haveanice...>
    at org.junit.Assert.assertEquals(Assert.java:115)
    at org.junit.Assert.assertEquals(Assert.java:144)
    at introclassJava.digits_ca505766_003BlackboxTest.test2(digits_ca505766_003BlackboxTest.java:23)
    at sun.reflect.NativeMethodAccessorImpl.invoke0(Native Method)
    at sun.reflect.NativeMethodAccessorImpl.invoke(NativeMethodAccessorImpl.java:62)
    at sun.reflect.DelegatingMethodAccessorImpl.invoke(DelegatingMethodAccessorImpl.java:43)
15:59:41.316 [pool-17-thread-1] INFO  f.i.l.c.t.SpecificationTestCasesListener - Tests run finished (3 ms)
<> Total tests run: 1
<> Ignored tests: 0
<> Failed tests: 1
~ test2(introclassJava.digits_ca505766_003BlackboxTest)
[expected:<Enteraninteger>678[-]9That'sall,haveanice...> but was:<Enteraninteger>678[]9That'sall,haveanice...>]
org.junit.ComparisonFailure: expected:<Enteraninteger>678[-]9That'sall,haveanice...> but was:<Enteraninteger>678[]9That'sall,haveanice...>    at org.junit.Assert.assertEquals(Assert.java:115)
    at org.junit.Assert.assertEquals(Assert.java:144)
    at introclassJava.digits_ca505766_003BlackboxTest.test2(digits_ca505766_003BlackboxTest.java:23)
    at sun.reflect.NativeMethodAccessorImpl.invoke0(Native Method)
    at sun.reflect.NativeMethodAccessorImpl.invoke(NativeMethodAccessorImpl.java:62)
    at sun.reflect.DelegatingMethodAccessorImpl.invoke(DelegatingMethodAccessorImpl.java:43)

org.junit.ComparisonFailure: expected:<Enteraninteger>678[-]9That'sall,haveanice...> but was:<Enteraninteger>678[]9That'sall,haveanice...>
    at org.junit.Assert.assertEquals(Assert.java:115)
    at org.junit.Assert.assertEquals(Assert.java:144)
    at introclassJava.digits_ca505766_003BlackboxTest.test2(digits_ca505766_003BlackboxTest.java:23)
    at sun.reflect.NativeMethodAccessorImpl.invoke0(Native Method)
    at sun.reflect.NativeMethodAccessorImpl.invoke(NativeMethodAccessorImpl.java:62)
    at sun.reflect.DelegatingMethodAccessorImpl.invoke(DelegatingMethodAccessorImpl.java:43)
15:59:41.318 [pool-18-thread-1] INFO  f.i.l.c.t.SpecificationTestCasesListener - Tests run finished (1 ms)
<> Total tests run: 1
<> Ignored tests: 0
<> Failed tests: 1
~ test2(introclassJava.digits_ca505766_003BlackboxTest)
[expected:<Enteraninteger>678[-]9That'sall,haveanice...> but was:<Enteraninteger>678[]9That'sall,haveanice...>]
org.junit.ComparisonFailure: expected:<Enteraninteger>678[-]9That'sall,haveanice...> but was:<Enteraninteger>678[]9That'sall,haveanice...>    at org.junit.Assert.assertEquals(Assert.java:115)
    at org.junit.Assert.assertEquals(Assert.java:144)
    at introclassJava.digits_ca505766_003BlackboxTest.test2(digits_ca505766_003BlackboxTest.java:23)
    at sun.reflect.NativeMethodAccessorImpl.invoke0(Native Method)
    at sun.reflect.NativeMethodAccessorImpl.invoke(NativeMethodAccessorImpl.java:62)
    at sun.reflect.DelegatingMethodAccessorImpl.invoke(DelegatingMethodAccessorImpl.java:43)

15:59:41.319 [pool-15-thread-1] DEBUG tests.output - Failing tests with false: 
[test2(introclassJava.digits_ca505766_003BlackboxTest): expected:<Enteraninteger>678[-]9That'sall,haveanice...> but was:<Enteraninteger>678[]9That'sall,haveanice...>]
15:59:41.319 [pool-15-thread-1] DEBUG tests.output - Failing tests with true: 
[test2(introclassJava.digits_ca505766_003BlackboxTest): expected:<Enteraninteger>678[-]9That'sall,haveanice...> but was:<Enteraninteger>678[]9That'sall,haveanice...>]
15:59:41.319 [pool-15-thread-1] INFO  f.i.l.r.n.synth.SMTNopolSynthesizer - Not enough specifications: 0. A trivial patch is "true" or "false", please write new tests specifying SourceLocation introclassJava.digits_ca505766_003:73.
15:59:41.320 [pool-2-thread-1] DEBUG fr.inria.lille.repair.nopol.NoPol - statement #5
15:59:41.320 [pool-2-thread-1] DEBUG fr.inria.lille.repair.nopol.NoPol - Analysing SourceLocation introclassJava.digits_ca505766_003:71 which is executed by 16 tests
-1560223095
15:59:41.377 [pool-2-thread-1] DEBUG fr.inria.lille.repair.nopol.NoPol - looking with class fr.inria.lille.repair.nopol.spoon.smt.ConditionalAdder
org.junit.ComparisonFailure: expected:<Enteraninteger>678[-]9That'sall,haveanice...> but was:<Enteraninteger>678[]9That'sall,haveanice...>
    at org.junit.Assert.assertEquals(Assert.java:115)
    at org.junit.Assert.assertEquals(Assert.java:144)
    at introclassJava.digits_ca505766_003BlackboxTest.test2(digits_ca505766_003BlackboxTest.java:23)
    at sun.reflect.NativeMethodAccessorImpl.invoke0(Native Method)
    at sun.reflect.NativeMethodAccessorImpl.invoke(NativeMethodAccessorImpl.java:62)
    at sun.reflect.DelegatingMethodAccessorImpl.invoke(DelegatingMethodAccessorImpl.java:43)
15:59:41.385 [pool-20-thread-1] INFO  xxl.java.junit.TestCasesListener - Tests run finished (6 ms)
<> Total tests run: 6
<> Ignored tests: 0
<> Failed tests: 1
~ test2(introclassJava.digits_ca505766_003BlackboxTest)
[expected:<Enteraninteger>678[-]9That'sall,haveanice...> but was:<Enteraninteger>678[]9That'sall,haveanice...>]
org.junit.ComparisonFailure: expected:<Enteraninteger>678[-]9That'sall,haveanice...> but was:<Enteraninteger>678[]9That'sall,haveanice...>    at org.junit.Assert.assertEquals(Assert.java:115)
    at org.junit.Assert.assertEquals(Assert.java:144)
    at introclassJava.digits_ca505766_003BlackboxTest.test2(digits_ca505766_003BlackboxTest.java:23)
    at sun.reflect.NativeMethodAccessorImpl.invoke0(Native Method)
    at sun.reflect.NativeMethodAccessorImpl.invoke(NativeMethodAccessorImpl.java:62)
    at sun.reflect.DelegatingMethodAccessorImpl.invoke(DelegatingMethodAccessorImpl.java:43)

org.junit.ComparisonFailure: expected:<Enteraninteger>678[-9That'sall,haveaniceday!]> but was:<Enteraninteger>678[9]>
    at org.junit.Assert.assertEquals(Assert.java:115)
    at org.junit.Assert.assertEquals(Assert.java:144)
    at introclassJava.digits_ca505766_003BlackboxTest.test2(digits_ca505766_003BlackboxTest.java:23)
    at sun.reflect.NativeMethodAccessorImpl.invoke0(Native Method)
    at sun.reflect.NativeMethodAccessorImpl.invoke(NativeMethodAccessorImpl.java:62)
    at sun.reflect.DelegatingMethodAccessorImpl.invoke(DelegatingMethodAccessorImpl.java:43)
15:59:41.495 [pool-21-thread-1] INFO  f.i.l.c.t.SpecificationTestCasesListener - Tests run finished (3 ms)
<> Total tests run: 1
<> Ignored tests: 0
<> Failed tests: 1
~ test2(introclassJava.digits_ca505766_003BlackboxTest)
[expected:<Enteraninteger>678[-9That'sall,haveaniceday!]> but was:<Enteraninteger>678[9]>]
org.junit.ComparisonFailure: expected:<Enteraninteger>678[-9That'sall,haveaniceday!]> but was:<Enteraninteger>678[9]>    at org.junit.Assert.assertEquals(Assert.java:115)
    at org.junit.Assert.assertEquals(Assert.java:144)
    at introclassJava.digits_ca505766_003BlackboxTest.test2(digits_ca505766_003BlackboxTest.java:23)
    at sun.reflect.NativeMethodAccessorImpl.invoke0(Native Method)
    at sun.reflect.NativeMethodAccessorImpl.invoke(NativeMethodAccessorImpl.java:62)
    at sun.reflect.DelegatingMethodAccessorImpl.invoke(DelegatingMethodAccessorImpl.java:43)

org.junit.ComparisonFailure: expected:<Enteraninteger>678[-]9That'sall,haveanice...> but was:<Enteraninteger>678[]9That'sall,haveanice...>
    at org.junit.Assert.assertEquals(Assert.java:115)
    at org.junit.Assert.assertEquals(Assert.java:144)
    at introclassJava.digits_ca505766_003BlackboxTest.test2(digits_ca505766_003BlackboxTest.java:23)
    at sun.reflect.NativeMethodAccessorImpl.invoke0(Native Method)
    at sun.reflect.NativeMethodAccessorImpl.invoke(NativeMethodAccessorImpl.java:62)
    at sun.reflect.DelegatingMethodAccessorImpl.invoke(DelegatingMethodAccessorImpl.java:43)
15:59:41.498 [pool-22-thread-1] INFO  f.i.l.c.t.SpecificationTestCasesListener - Tests run finished (1 ms)
<> Total tests run: 1
<> Ignored tests: 0
<> Failed tests: 1
~ test2(introclassJava.digits_ca505766_003BlackboxTest)
[expected:<Enteraninteger>678[-]9That'sall,haveanice...> but was:<Enteraninteger>678[]9That'sall,haveanice...>]
org.junit.ComparisonFailure: expected:<Enteraninteger>678[-]9That'sall,haveanice...> but was:<Enteraninteger>678[]9That'sall,haveanice...>    at org.junit.Assert.assertEquals(Assert.java:115)
    at org.junit.Assert.assertEquals(Assert.java:144)
    at introclassJava.digits_ca505766_003BlackboxTest.test2(digits_ca505766_003BlackboxTest.java:23)
    at sun.reflect.NativeMethodAccessorImpl.invoke0(Native Method)
    at sun.reflect.NativeMethodAccessorImpl.invoke(NativeMethodAccessorImpl.java:62)
    at sun.reflect.DelegatingMethodAccessorImpl.invoke(DelegatingMethodAccessorImpl.java:43)

15:59:41.498 [pool-19-thread-1] DEBUG tests.output - Failing tests with false: 
[test2(introclassJava.digits_ca505766_003BlackboxTest): expected:<Enteraninteger>678[-9That'sall,haveaniceday!]> but was:<Enteraninteger>678[9]>]
15:59:41.498 [pool-19-thread-1] DEBUG tests.output - Failing tests with true: 
[test2(introclassJava.digits_ca505766_003BlackboxTest): expected:<Enteraninteger>678[-]9That'sall,haveanice...> but was:<Enteraninteger>678[]9That'sall,haveanice...>]
15:59:41.499 [pool-19-thread-1] INFO  f.i.l.r.n.synth.SMTNopolSynthesizer - Not enough specifications: 0. A trivial patch is "true" or "false", please write new tests specifying SourceLocation introclassJava.digits_ca505766_003:71.
15:59:41.499 [pool-2-thread-1] DEBUG fr.inria.lille.repair.nopol.NoPol - statement #6
15:59:41.499 [pool-2-thread-1] DEBUG fr.inria.lille.repair.nopol.NoPol - Analysing SourceLocation introclassJava.digits_ca505766_003:70 which is executed by 16 tests
-1560223095
15:59:41.555 [pool-2-thread-1] DEBUG fr.inria.lille.repair.nopol.NoPol - looking with class fr.inria.lille.repair.nopol.spoon.smt.ConditionalAdder
org.junit.ComparisonFailure: expected:<Enteraninteger>678[-]9That'sall,haveanice...> but was:<Enteraninteger>678[]9That'sall,haveanice...>
    at org.junit.Assert.assertEquals(Assert.java:115)
    at org.junit.Assert.assertEquals(Assert.java:144)
    at introclassJava.digits_ca505766_003BlackboxTest.test2(digits_ca505766_003BlackboxTest.java:23)
    at sun.reflect.NativeMethodAccessorImpl.invoke0(Native Method)
    at sun.reflect.NativeMethodAccessorImpl.invoke(NativeMethodAccessorImpl.java:62)
    at sun.reflect.DelegatingMethodAccessorImpl.invoke(DelegatingMethodAccessorImpl.java:43)
15:59:41.563 [pool-24-thread-1] INFO  xxl.java.junit.TestCasesListener - Tests run finished (6 ms)
<> Total tests run: 6
<> Ignored tests: 0
<> Failed tests: 1
~ test2(introclassJava.digits_ca505766_003BlackboxTest)
[expected:<Enteraninteger>678[-]9That'sall,haveanice...> but was:<Enteraninteger>678[]9That'sall,haveanice...>]
org.junit.ComparisonFailure: expected:<Enteraninteger>678[-]9That'sall,haveanice...> but was:<Enteraninteger>678[]9That'sall,haveanice...>    at org.junit.Assert.assertEquals(Assert.java:115)
    at org.junit.Assert.assertEquals(Assert.java:144)
    at introclassJava.digits_ca505766_003BlackboxTest.test2(digits_ca505766_003BlackboxTest.java:23)
    at sun.reflect.NativeMethodAccessorImpl.invoke0(Native Method)
    at sun.reflect.NativeMethodAccessorImpl.invoke(NativeMethodAccessorImpl.java:62)
    at sun.reflect.DelegatingMethodAccessorImpl.invoke(DelegatingMethodAccessorImpl.java:43)

org.junit.ComparisonFailure: expected:<Enteraninteger>678[-9]That'sall,haveaniced...> but was:<Enteraninteger>678[]That'sall,haveaniced...>
    at org.junit.Assert.assertEquals(Assert.java:115)
    at org.junit.Assert.assertEquals(Assert.java:144)
    at introclassJava.digits_ca505766_003BlackboxTest.test2(digits_ca505766_003BlackboxTest.java:23)
    at sun.reflect.NativeMethodAccessorImpl.invoke0(Native Method)
    at sun.reflect.NativeMethodAccessorImpl.invoke(NativeMethodAccessorImpl.java:62)
    at sun.reflect.DelegatingMethodAccessorImpl.invoke(DelegatingMethodAccessorImpl.java:43)
15:59:41.669 [pool-25-thread-1] INFO  f.i.l.c.t.SpecificationTestCasesListener - Tests run finished (3 ms)
<> Total tests run: 1
<> Ignored tests: 0
<> Failed tests: 1
~ test2(introclassJava.digits_ca505766_003BlackboxTest)
[expected:<Enteraninteger>678[-9]That'sall,haveaniced...> but was:<Enteraninteger>678[]That'sall,haveaniced...>]
org.junit.ComparisonFailure: expected:<Enteraninteger>678[-9]That'sall,haveaniced...> but was:<Enteraninteger>678[]That'sall,haveaniced...>    at org.junit.Assert.assertEquals(Assert.java:115)
    at org.junit.Assert.assertEquals(Assert.java:144)
    at introclassJava.digits_ca505766_003BlackboxTest.test2(digits_ca505766_003BlackboxTest.java:23)
    at sun.reflect.NativeMethodAccessorImpl.invoke0(Native Method)
    at sun.reflect.NativeMethodAccessorImpl.invoke(NativeMethodAccessorImpl.java:62)
    at sun.reflect.DelegatingMethodAccessorImpl.invoke(DelegatingMethodAccessorImpl.java:43)

org.junit.ComparisonFailure: expected:<Enteraninteger>678[-]9That'sall,haveanice...> but was:<Enteraninteger>678[]9That'sall,haveanice...>
    at org.junit.Assert.assertEquals(Assert.java:115)
    at org.junit.Assert.assertEquals(Assert.java:144)
    at introclassJava.digits_ca505766_003BlackboxTest.test2(digits_ca505766_003BlackboxTest.java:23)
    at sun.reflect.NativeMethodAccessorImpl.invoke0(Native Method)
    at sun.reflect.NativeMethodAccessorImpl.invoke(NativeMethodAccessorImpl.java:62)
    at sun.reflect.DelegatingMethodAccessorImpl.invoke(DelegatingMethodAccessorImpl.java:43)
15:59:41.672 [pool-26-thread-1] INFO  f.i.l.c.t.SpecificationTestCasesListener - Tests run finished (2 ms)
<> Total tests run: 1
<> Ignored tests: 0
<> Failed tests: 1
~ test2(introclassJava.digits_ca505766_003BlackboxTest)
[expected:<Enteraninteger>678[-]9That'sall,haveanice...> but was:<Enteraninteger>678[]9That'sall,haveanice...>]
org.junit.ComparisonFailure: expected:<Enteraninteger>678[-]9That'sall,haveanice...> but was:<Enteraninteger>678[]9That'sall,haveanice...>    at org.junit.Assert.assertEquals(Assert.java:115)
    at org.junit.Assert.assertEquals(Assert.java:144)
    at introclassJava.digits_ca505766_003BlackboxTest.test2(digits_ca505766_003BlackboxTest.java:23)
    at sun.reflect.NativeMethodAccessorImpl.invoke0(Native Method)
    at sun.reflect.NativeMethodAccessorImpl.invoke(NativeMethodAccessorImpl.java:62)
    at sun.reflect.DelegatingMethodAccessorImpl.invoke(DelegatingMethodAccessorImpl.java:43)

15:59:41.672 [pool-23-thread-1] DEBUG tests.output - Failing tests with false: 
[test2(introclassJava.digits_ca505766_003BlackboxTest): expected:<Enteraninteger>678[-9]That'sall,haveaniced...> but was:<Enteraninteger>678[]That'sall,haveaniced...>]
15:59:41.672 [pool-23-thread-1] DEBUG tests.output - Failing tests with true: 
[test2(introclassJava.digits_ca505766_003BlackboxTest): expected:<Enteraninteger>678[-]9That'sall,haveanice...> but was:<Enteraninteger>678[]9That'sall,haveanice...>]
15:59:41.672 [pool-23-thread-1] INFO  f.i.l.r.n.synth.SMTNopolSynthesizer - Not enough specifications: 0. A trivial patch is "true" or "false", please write new tests specifying SourceLocation introclassJava.digits_ca505766_003:70.
15:59:41.674 [pool-2-thread-1] DEBUG fr.inria.lille.repair.nopol.NoPol - statement #7
15:59:41.674 [pool-2-thread-1] DEBUG fr.inria.lille.repair.nopol.NoPol - Analysing SourceLocation introclassJava.digits_ca505766_003:66 which is executed by 16 tests
-1560223095
15:59:41.727 [pool-2-thread-1] DEBUG fr.inria.lille.repair.nopol.NoPol - looking with class fr.inria.lille.repair.nopol.spoon.smt.ConditionalAdder
org.junit.ComparisonFailure: expected:<Enteraninteger>678[-]9That'sall,haveanice...> but was:<Enteraninteger>678[]9That'sall,haveanice...>
    at org.junit.Assert.assertEquals(Assert.java:115)
    at org.junit.Assert.assertEquals(Assert.java:144)
    at introclassJava.digits_ca505766_003BlackboxTest.test2(digits_ca505766_003BlackboxTest.java:23)
    at sun.reflect.NativeMethodAccessorImpl.invoke0(Native Method)
    at sun.reflect.NativeMethodAccessorImpl.invoke(NativeMethodAccessorImpl.java:62)
    at sun.reflect.DelegatingMethodAccessorImpl.invoke(DelegatingMethodAccessorImpl.java:43)
15:59:41.736 [pool-28-thread-1] INFO  xxl.java.junit.TestCasesListener - Tests run finished (5 ms)
<> Total tests run: 6
<> Ignored tests: 0
<> Failed tests: 1
~ test2(introclassJava.digits_ca505766_003BlackboxTest)
[expected:<Enteraninteger>678[-]9That'sall,haveanice...> but was:<Enteraninteger>678[]9That'sall,haveanice...>]
org.junit.ComparisonFailure: expected:<Enteraninteger>678[-]9That'sall,haveanice...> but was:<Enteraninteger>678[]9That'sall,haveanice...>    at org.junit.Assert.assertEquals(Assert.java:115)
    at org.junit.Assert.assertEquals(Assert.java:144)
    at introclassJava.digits_ca505766_003BlackboxTest.test2(digits_ca505766_003BlackboxTest.java:23)
    at sun.reflect.NativeMethodAccessorImpl.invoke0(Native Method)
    at sun.reflect.NativeMethodAccessorImpl.invoke(NativeMethodAccessorImpl.java:62)
    at sun.reflect.DelegatingMethodAccessorImpl.invoke(DelegatingMethodAccessorImpl.java:43)

org.junit.ComparisonFailure: expected:<Enteraninteger>[678-9]That'sall,haveaniced...> but was:<Enteraninteger>[9876]That'sall,haveaniced...>
    at org.junit.Assert.assertEquals(Assert.java:115)
    at org.junit.Assert.assertEquals(Assert.java:144)
    at introclassJava.digits_ca505766_003BlackboxTest.test2(digits_ca505766_003BlackboxTest.java:23)
    at sun.reflect.NativeMethodAccessorImpl.invoke0(Native Method)
    at sun.reflect.NativeMethodAccessorImpl.invoke(NativeMethodAccessorImpl.java:62)
    at sun.reflect.DelegatingMethodAccessorImpl.invoke(DelegatingMethodAccessorImpl.java:43)
15:59:41.848 [pool-29-thread-1] INFO  f.i.l.c.t.SpecificationTestCasesListener - Tests run finished (2 ms)
<> Total tests run: 1
<> Ignored tests: 0
<> Failed tests: 1
~ test2(introclassJava.digits_ca505766_003BlackboxTest)
[expected:<Enteraninteger>[678-9]That'sall,haveaniced...> but was:<Enteraninteger>[9876]That'sall,haveaniced...>]
org.junit.ComparisonFailure: expected:<Enteraninteger>[678-9]That'sall,haveaniced...> but was:<Enteraninteger>[9876]That'sall,haveaniced...>    at org.junit.Assert.assertEquals(Assert.java:115)
    at org.junit.Assert.assertEquals(Assert.java:144)
    at introclassJava.digits_ca505766_003BlackboxTest.test2(digits_ca505766_003BlackboxTest.java:23)
    at sun.reflect.NativeMethodAccessorImpl.invoke0(Native Method)
    at sun.reflect.NativeMethodAccessorImpl.invoke(NativeMethodAccessorImpl.java:62)
    at sun.reflect.DelegatingMethodAccessorImpl.invoke(DelegatingMethodAccessorImpl.java:43)

org.junit.ComparisonFailure: expected:<Enteraninteger>678[-]9That'sall,haveanice...> but was:<Enteraninteger>678[]9That'sall,haveanice...>
    at org.junit.Assert.assertEquals(Assert.java:115)
    at org.junit.Assert.assertEquals(Assert.java:144)
    at introclassJava.digits_ca505766_003BlackboxTest.test2(digits_ca505766_003BlackboxTest.java:23)
    at sun.reflect.NativeMethodAccessorImpl.invoke0(Native Method)
    at sun.reflect.NativeMethodAccessorImpl.invoke(NativeMethodAccessorImpl.java:62)
    at sun.reflect.DelegatingMethodAccessorImpl.invoke(DelegatingMethodAccessorImpl.java:43)
15:59:41.851 [pool-30-thread-1] INFO  f.i.l.c.t.SpecificationTestCasesListener - Tests run finished (2 ms)
<> Total tests run: 1
<> Ignored tests: 0
<> Failed tests: 1
~ test2(introclassJava.digits_ca505766_003BlackboxTest)
[expected:<Enteraninteger>678[-]9That'sall,haveanice...> but was:<Enteraninteger>678[]9That'sall,haveanice...>]
org.junit.ComparisonFailure: expected:<Enteraninteger>678[-]9That'sall,haveanice...> but was:<Enteraninteger>678[]9That'sall,haveanice...>    at org.junit.Assert.assertEquals(Assert.java:115)
    at org.junit.Assert.assertEquals(Assert.java:144)
    at introclassJava.digits_ca505766_003BlackboxTest.test2(digits_ca505766_003BlackboxTest.java:23)
    at sun.reflect.NativeMethodAccessorImpl.invoke0(Native Method)
    at sun.reflect.NativeMethodAccessorImpl.invoke(NativeMethodAccessorImpl.java:62)
    at sun.reflect.DelegatingMethodAccessorImpl.invoke(DelegatingMethodAccessorImpl.java:43)

15:59:41.851 [pool-27-thread-1] DEBUG tests.output - Failing tests with false: 
[test2(introclassJava.digits_ca505766_003BlackboxTest): expected:<Enteraninteger>[678-9]That'sall,haveaniced...> but was:<Enteraninteger>[9876]That'sall,haveaniced...>]
15:59:41.851 [pool-27-thread-1] DEBUG tests.output - Failing tests with true: 
[test2(introclassJava.digits_ca505766_003BlackboxTest): expected:<Enteraninteger>678[-]9That'sall,haveanice...> but was:<Enteraninteger>678[]9That'sall,haveanice...>]
15:59:41.851 [pool-27-thread-1] INFO  f.i.l.r.n.synth.SMTNopolSynthesizer - Not enough specifications: 0. A trivial patch is "true" or "false", please write new tests specifying SourceLocation introclassJava.digits_ca505766_003:66.
15:59:41.852 [pool-2-thread-1] DEBUG fr.inria.lille.repair.nopol.NoPol - statement #8
15:59:41.852 [pool-2-thread-1] DEBUG fr.inria.lille.repair.nopol.NoPol - Analysing SourceLocation introclassJava.digits_ca505766_003:63 which is executed by 16 tests
-1560223095
15:59:41.920 [pool-2-thread-1] DEBUG fr.inria.lille.repair.nopol.NoPol - looking with class fr.inria.lille.repair.nopol.spoon.smt.ConditionalAdder
org.junit.ComparisonFailure: expected:<Enteraninteger>678[-]9That'sall,haveanice...> but was:<Enteraninteger>678[]9That'sall,haveanice...>
    at org.junit.Assert.assertEquals(Assert.java:115)
    at org.junit.Assert.assertEquals(Assert.java:144)
    at introclassJava.digits_ca505766_003BlackboxTest.test2(digits_ca505766_003BlackboxTest.java:23)
    at sun.reflect.NativeMethodAccessorImpl.invoke0(Native Method)
    at sun.reflect.NativeMethodAccessorImpl.invoke(NativeMethodAccessorImpl.java:62)
    at sun.reflect.DelegatingMethodAccessorImpl.invoke(DelegatingMethodAccessorImpl.java:43)
15:59:41.929 [pool-32-thread-1] INFO  xxl.java.junit.TestCasesListener - Tests run finished (6 ms)
<> Total tests run: 6
<> Ignored tests: 0
<> Failed tests: 1
~ test2(introclassJava.digits_ca505766_003BlackboxTest)
[expected:<Enteraninteger>678[-]9That'sall,haveanice...> but was:<Enteraninteger>678[]9That'sall,haveanice...>]
org.junit.ComparisonFailure: expected:<Enteraninteger>678[-]9That'sall,haveanice...> but was:<Enteraninteger>678[]9That'sall,haveanice...>    at org.junit.Assert.assertEquals(Assert.java:115)
    at org.junit.Assert.assertEquals(Assert.java:144)
    at introclassJava.digits_ca505766_003BlackboxTest.test2(digits_ca505766_003BlackboxTest.java:23)
    at sun.reflect.NativeMethodAccessorImpl.invoke0(Native Method)
    at sun.reflect.NativeMethodAccessorImpl.invoke(NativeMethodAccessorImpl.java:62)
    at sun.reflect.DelegatingMethodAccessorImpl.invoke(DelegatingMethodAccessorImpl.java:43)

org.junit.ComparisonFailure: expected:<Enteraninteger>[67]8-9That'sall,haveani...> but was:<Enteraninteger>[-6-7-]8-9That'sall,haveani...>
    at org.junit.Assert.assertEquals(Assert.java:115)
    at org.junit.Assert.assertEquals(Assert.java:144)
    at introclassJava.digits_ca505766_003BlackboxTest.test2(digits_ca505766_003BlackboxTest.java:23)
    at sun.reflect.NativeMethodAccessorImpl.invoke0(Native Method)
    at sun.reflect.NativeMethodAccessorImpl.invoke(NativeMethodAccessorImpl.java:62)
    at sun.reflect.DelegatingMethodAccessorImpl.invoke(DelegatingMethodAccessorImpl.java:43)
15:59:42.059 [pool-33-thread-1] INFO  f.i.l.c.t.SpecificationTestCasesListener - Tests run finished (3 ms)
<> Total tests run: 1
<> Ignored tests: 0
<> Failed tests: 1
~ test2(introclassJava.digits_ca505766_003BlackboxTest)
[expected:<Enteraninteger>[67]8-9That'sall,haveani...> but was:<Enteraninteger>[-6-7-]8-9That'sall,haveani...>]
org.junit.ComparisonFailure: expected:<Enteraninteger>[67]8-9That'sall,haveani...> but was:<Enteraninteger>[-6-7-]8-9That'sall,haveani...>    at org.junit.Assert.assertEquals(Assert.java:115)
    at org.junit.Assert.assertEquals(Assert.java:144)
    at introclassJava.digits_ca505766_003BlackboxTest.test2(digits_ca505766_003BlackboxTest.java:23)
    at sun.reflect.NativeMethodAccessorImpl.invoke0(Native Method)
    at sun.reflect.NativeMethodAccessorImpl.invoke(NativeMethodAccessorImpl.java:62)
    at sun.reflect.DelegatingMethodAccessorImpl.invoke(DelegatingMethodAccessorImpl.java:43)

org.junit.ComparisonFailure: expected:<Enteraninteger>678[-]9That'sall,haveanice...> but was:<Enteraninteger>678[]9That'sall,haveanice...>
    at org.junit.Assert.assertEquals(Assert.java:115)
    at org.junit.Assert.assertEquals(Assert.java:144)
    at introclassJava.digits_ca505766_003BlackboxTest.test2(digits_ca505766_003BlackboxTest.java:23)
    at sun.reflect.NativeMethodAccessorImpl.invoke0(Native Method)
    at sun.reflect.NativeMethodAccessorImpl.invoke(NativeMethodAccessorImpl.java:62)
    at sun.reflect.DelegatingMethodAccessorImpl.invoke(DelegatingMethodAccessorImpl.java:43)
15:59:42.062 [pool-34-thread-1] INFO  f.i.l.c.t.SpecificationTestCasesListener - Tests run finished (2 ms)
<> Total tests run: 1
<> Ignored tests: 0
<> Failed tests: 1
~ test2(introclassJava.digits_ca505766_003BlackboxTest)
[expected:<Enteraninteger>678[-]9That'sall,haveanice...> but was:<Enteraninteger>678[]9That'sall,haveanice...>]
org.junit.ComparisonFailure: expected:<Enteraninteger>678[-]9That'sall,haveanice...> but was:<Enteraninteger>678[]9That'sall,haveanice...>    at org.junit.Assert.assertEquals(Assert.java:115)
    at org.junit.Assert.assertEquals(Assert.java:144)
    at introclassJava.digits_ca505766_003BlackboxTest.test2(digits_ca505766_003BlackboxTest.java:23)
    at sun.reflect.NativeMethodAccessorImpl.invoke0(Native Method)
    at sun.reflect.NativeMethodAccessorImpl.invoke(NativeMethodAccessorImpl.java:62)
    at sun.reflect.DelegatingMethodAccessorImpl.invoke(DelegatingMethodAccessorImpl.java:43)

15:59:42.062 [pool-31-thread-1] DEBUG tests.output - Failing tests with false: 
[test2(introclassJava.digits_ca505766_003BlackboxTest): expected:<Enteraninteger>[67]8-9That'sall,haveani...> but was:<Enteraninteger>[-6-7-]8-9That'sall,haveani...>]
15:59:42.062 [pool-31-thread-1] DEBUG tests.output - Failing tests with true: 
[test2(introclassJava.digits_ca505766_003BlackboxTest): expected:<Enteraninteger>678[-]9That'sall,haveanice...> but was:<Enteraninteger>678[]9That'sall,haveanice...>]
15:59:42.063 [pool-31-thread-1] INFO  f.i.l.r.n.synth.SMTNopolSynthesizer - Not enough specifications: 0. A trivial patch is "true" or "false", please write new tests specifying SourceLocation introclassJava.digits_ca505766_003:63.
15:59:42.063 [pool-2-thread-1] DEBUG fr.inria.lille.repair.nopol.NoPol - looking with class fr.inria.lille.repair.nopol.spoon.smt.ConditionalReplacer
org.junit.ComparisonFailure: expected:<Enteraninteger>678[-]9That'sall,haveanice...> but was:<Enteraninteger>678[]9That'sall,haveanice...>
    at org.junit.Assert.assertEquals(Assert.java:115)
    at org.junit.Assert.assertEquals(Assert.java:144)
    at introclassJava.digits_ca505766_003BlackboxTest.test2(digits_ca505766_003BlackboxTest.java:23)
    at sun.reflect.NativeMethodAccessorImpl.invoke0(Native Method)
    at sun.reflect.NativeMethodAccessorImpl.invoke(NativeMethodAccessorImpl.java:62)
    at sun.reflect.DelegatingMethodAccessorImpl.invoke(DelegatingMethodAccessorImpl.java:43)
15:59:42.071 [pool-36-thread-1] INFO  xxl.java.junit.TestCasesListener - Tests run finished (6 ms)
<> Total tests run: 6
<> Ignored tests: 0
<> Failed tests: 1
~ test2(introclassJava.digits_ca505766_003BlackboxTest)
[expected:<Enteraninteger>678[-]9That'sall,haveanice...> but was:<Enteraninteger>678[]9That'sall,haveanice...>]
org.junit.ComparisonFailure: expected:<Enteraninteger>678[-]9That'sall,haveanice...> but was:<Enteraninteger>678[]9That'sall,haveanice...>    at org.junit.Assert.assertEquals(Assert.java:115)
    at org.junit.Assert.assertEquals(Assert.java:144)
    at introclassJava.digits_ca505766_003BlackboxTest.test2(digits_ca505766_003BlackboxTest.java:23)
    at sun.reflect.NativeMethodAccessorImpl.invoke0(Native Method)
    at sun.reflect.NativeMethodAccessorImpl.invoke(NativeMethodAccessorImpl.java:62)
    at sun.reflect.DelegatingMethodAccessorImpl.invoke(DelegatingMethodAccessorImpl.java:43)

org.junit.ComparisonFailure: expected:<Enteraninteger>[67]8-9That'sall,haveani...> but was:<Enteraninteger>[-6-7-]8-9That'sall,haveani...>
    at org.junit.Assert.assertEquals(Assert.java:115)
    at org.junit.Assert.assertEquals(Assert.java:144)
    at introclassJava.digits_ca505766_003BlackboxTest.test2(digits_ca505766_003BlackboxTest.java:23)
    at sun.reflect.NativeMethodAccessorImpl.invoke0(Native Method)
    at sun.reflect.NativeMethodAccessorImpl.invoke(NativeMethodAccessorImpl.java:62)
    at sun.reflect.DelegatingMethodAccessorImpl.invoke(DelegatingMethodAccessorImpl.java:43)
15:59:42.197 [pool-37-thread-1] INFO  f.i.l.c.t.SpecificationTestCasesListener - Tests run finished (3 ms)
<> Total tests run: 1
<> Ignored tests: 0
<> Failed tests: 1
~ test2(introclassJava.digits_ca505766_003BlackboxTest)
[expected:<Enteraninteger>[67]8-9That'sall,haveani...> but was:<Enteraninteger>[-6-7-]8-9That'sall,haveani...>]
org.junit.ComparisonFailure: expected:<Enteraninteger>[67]8-9That'sall,haveani...> but was:<Enteraninteger>[-6-7-]8-9That'sall,haveani...>    at org.junit.Assert.assertEquals(Assert.java:115)
    at org.junit.Assert.assertEquals(Assert.java:144)
    at introclassJava.digits_ca505766_003BlackboxTest.test2(digits_ca505766_003BlackboxTest.java:23)
    at sun.reflect.NativeMethodAccessorImpl.invoke0(Native Method)
    at sun.reflect.NativeMethodAccessorImpl.invoke(NativeMethodAccessorImpl.java:62)
    at sun.reflect.DelegatingMethodAccessorImpl.invoke(DelegatingMethodAccessorImpl.java:43)

org.junit.ComparisonFailure: expected:<Enteraninteger>678[-]9That'sall,haveanice...> but was:<Enteraninteger>678[]9That'sall,haveanice...>
    at org.junit.Assert.assertEquals(Assert.java:115)
    at org.junit.Assert.assertEquals(Assert.java:144)
    at introclassJava.digits_ca505766_003BlackboxTest.test2(digits_ca505766_003BlackboxTest.java:23)
    at sun.reflect.NativeMethodAccessorImpl.invoke0(Native Method)
    at sun.reflect.NativeMethodAccessorImpl.invoke(NativeMethodAccessorImpl.java:62)
    at sun.reflect.DelegatingMethodAccessorImpl.invoke(DelegatingMethodAccessorImpl.java:43)
15:59:42.215 [pool-38-thread-1] INFO  f.i.l.c.t.SpecificationTestCasesListener - Tests run finished (10 ms)
<> Total tests run: 1
<> Ignored tests: 0
<> Failed tests: 1
~ test2(introclassJava.digits_ca505766_003BlackboxTest)
[expected:<Enteraninteger>678[-]9That'sall,haveanice...> but was:<Enteraninteger>678[]9That'sall,haveanice...>]
org.junit.ComparisonFailure: expected:<Enteraninteger>678[-]9That'sall,haveanice...> but was:<Enteraninteger>678[]9That'sall,haveanice...>    at org.junit.Assert.assertEquals(Assert.java:115)
    at org.junit.Assert.assertEquals(Assert.java:144)
    at introclassJava.digits_ca505766_003BlackboxTest.test2(digits_ca505766_003BlackboxTest.java:23)
    at sun.reflect.NativeMethodAccessorImpl.invoke0(Native Method)
    at sun.reflect.NativeMethodAccessorImpl.invoke(NativeMethodAccessorImpl.java:62)
    at sun.reflect.DelegatingMethodAccessorImpl.invoke(DelegatingMethodAccessorImpl.java:43)

15:59:42.216 [pool-35-thread-1] DEBUG tests.output - Failing tests with false: 
[test2(introclassJava.digits_ca505766_003BlackboxTest): expected:<Enteraninteger>[67]8-9That'sall,haveani...> but was:<Enteraninteger>[-6-7-]8-9That'sall,haveani...>]
15:59:42.216 [pool-35-thread-1] DEBUG tests.output - Failing tests with true: 
[test2(introclassJava.digits_ca505766_003BlackboxTest): expected:<Enteraninteger>678[-]9That'sall,haveanice...> but was:<Enteraninteger>678[]9That'sall,haveanice...>]
15:59:42.216 [pool-35-thread-1] INFO  f.i.l.r.n.synth.SMTNopolSynthesizer - Not enough specifications: 0. A trivial patch is "true" or "false", please write new tests specifying SourceLocation introclassJava.digits_ca505766_003:63.
15:59:42.216 [pool-2-thread-1] DEBUG fr.inria.lille.repair.nopol.NoPol - statement #9
15:59:42.216 [pool-2-thread-1] DEBUG fr.inria.lille.repair.nopol.NoPol - Analysing SourceLocation introclassJava.digits_ca505766_003:62 which is executed by 16 tests
-1560223095
15:59:42.270 [pool-2-thread-1] DEBUG fr.inria.lille.repair.nopol.NoPol - looking with class fr.inria.lille.repair.nopol.spoon.smt.ConditionalAdder
org.junit.ComparisonFailure: expected:<Enteraninteger>678[-]9That'sall,haveanice...> but was:<Enteraninteger>678[]9That'sall,haveanice...>
    at org.junit.Assert.assertEquals(Assert.java:115)
    at org.junit.Assert.assertEquals(Assert.java:144)
    at introclassJava.digits_ca505766_003BlackboxTest.test2(digits_ca505766_003BlackboxTest.java:23)
    at sun.reflect.NativeMethodAccessorImpl.invoke0(Native Method)
    at sun.reflect.NativeMethodAccessorImpl.invoke(NativeMethodAccessorImpl.java:62)
    at sun.reflect.DelegatingMethodAccessorImpl.invoke(DelegatingMethodAccessorImpl.java:43)
15:59:42.278 [pool-40-thread-1] INFO  xxl.java.junit.TestCasesListener - Tests run finished (6 ms)
<> Total tests run: 6
<> Ignored tests: 0
<> Failed tests: 1
~ test2(introclassJava.digits_ca505766_003BlackboxTest)
[expected:<Enteraninteger>678[-]9That'sall,haveanice...> but was:<Enteraninteger>678[]9That'sall,haveanice...>]
org.junit.ComparisonFailure: expected:<Enteraninteger>678[-]9That'sall,haveanice...> but was:<Enteraninteger>678[]9That'sall,haveanice...>    at org.junit.Assert.assertEquals(Assert.java:115)
    at org.junit.Assert.assertEquals(Assert.java:144)
    at introclassJava.digits_ca505766_003BlackboxTest.test2(digits_ca505766_003BlackboxTest.java:23)
    at sun.reflect.NativeMethodAccessorImpl.invoke0(Native Method)
    at sun.reflect.NativeMethodAccessorImpl.invoke(NativeMethodAccessorImpl.java:62)
    at sun.reflect.DelegatingMethodAccessorImpl.invoke(DelegatingMethodAccessorImpl.java:43)

org.junit.ComparisonFailure: expected:<Enteraninteger>[678-9]That'sall,haveaniced...> but was:<Enteraninteger>[0]That'sall,haveaniced...>
    at org.junit.Assert.assertEquals(Assert.java:115)
    at org.junit.Assert.assertEquals(Assert.java:144)
    at introclassJava.digits_ca505766_003BlackboxTest.test2(digits_ca505766_003BlackboxTest.java:23)
    at sun.reflect.NativeMethodAccessorImpl.invoke0(Native Method)
    at sun.reflect.NativeMethodAccessorImpl.invoke(NativeMethodAccessorImpl.java:62)
    at sun.reflect.DelegatingMethodAccessorImpl.invoke(DelegatingMethodAccessorImpl.java:43)
15:59:42.373 [pool-41-thread-1] INFO  f.i.l.c.t.SpecificationTestCasesListener - Tests run finished (3 ms)
<> Total tests run: 1
<> Ignored tests: 0
<> Failed tests: 1
~ test2(introclassJava.digits_ca505766_003BlackboxTest)
[expected:<Enteraninteger>[678-9]That'sall,haveaniced...> but was:<Enteraninteger>[0]That'sall,haveaniced...>]
org.junit.ComparisonFailure: expected:<Enteraninteger>[678-9]That'sall,haveaniced...> but was:<Enteraninteger>[0]That'sall,haveaniced...>    at org.junit.Assert.assertEquals(Assert.java:115)
    at org.junit.Assert.assertEquals(Assert.java:144)
    at introclassJava.digits_ca505766_003BlackboxTest.test2(digits_ca505766_003BlackboxTest.java:23)
    at sun.reflect.NativeMethodAccessorImpl.invoke0(Native Method)
    at sun.reflect.NativeMethodAccessorImpl.invoke(NativeMethodAccessorImpl.java:62)
    at sun.reflect.DelegatingMethodAccessorImpl.invoke(DelegatingMethodAccessorImpl.java:43)

org.junit.ComparisonFailure: expected:<Enteraninteger>678[-]9That'sall,haveanice...> but was:<Enteraninteger>678[]9That'sall,haveanice...>
    at org.junit.Assert.assertEquals(Assert.java:115)
    at org.junit.Assert.assertEquals(Assert.java:144)
    at introclassJava.digits_ca505766_003BlackboxTest.test2(digits_ca505766_003BlackboxTest.java:23)
    at sun.reflect.NativeMethodAccessorImpl.invoke0(Native Method)
    at sun.reflect.NativeMethodAccessorImpl.invoke(NativeMethodAccessorImpl.java:62)
    at sun.reflect.DelegatingMethodAccessorImpl.invoke(DelegatingMethodAccessorImpl.java:43)
15:59:42.376 [pool-42-thread-1] INFO  f.i.l.c.t.SpecificationTestCasesListener - Tests run finished (1 ms)
<> Total tests run: 1
<> Ignored tests: 0
<> Failed tests: 1
~ test2(introclassJava.digits_ca505766_003BlackboxTest)
[expected:<Enteraninteger>678[-]9That'sall,haveanice...> but was:<Enteraninteger>678[]9That'sall,haveanice...>]
org.junit.ComparisonFailure: expected:<Enteraninteger>678[-]9That'sall,haveanice...> but was:<Enteraninteger>678[]9That'sall,haveanice...>    at org.junit.Assert.assertEquals(Assert.java:115)
    at org.junit.Assert.assertEquals(Assert.java:144)
    at introclassJava.digits_ca505766_003BlackboxTest.test2(digits_ca505766_003BlackboxTest.java:23)
    at sun.reflect.NativeMethodAccessorImpl.invoke0(Native Method)
    at sun.reflect.NativeMethodAccessorImpl.invoke(NativeMethodAccessorImpl.java:62)
    at sun.reflect.DelegatingMethodAccessorImpl.invoke(DelegatingMethodAccessorImpl.java:43)

15:59:42.376 [pool-39-thread-1] DEBUG tests.output - Failing tests with false: 
[test2(introclassJava.digits_ca505766_003BlackboxTest): expected:<Enteraninteger>[678-9]That'sall,haveaniced...> but was:<Enteraninteger>[0]That'sall,haveaniced...>]
15:59:42.376 [pool-39-thread-1] DEBUG tests.output - Failing tests with true: 
[test2(introclassJava.digits_ca505766_003BlackboxTest): expected:<Enteraninteger>678[-]9That'sall,haveanice...> but was:<Enteraninteger>678[]9That'sall,haveanice...>]
15:59:42.376 [pool-39-thread-1] INFO  f.i.l.r.n.synth.SMTNopolSynthesizer - Not enough specifications: 0. A trivial patch is "true" or "false", please write new tests specifying SourceLocation introclassJava.digits_ca505766_003:62.
15:59:42.376 [pool-2-thread-1] DEBUG fr.inria.lille.repair.nopol.NoPol - statement #10
15:59:42.377 [pool-2-thread-1] DEBUG fr.inria.lille.repair.nopol.NoPol - Analysing SourceLocation introclassJava.digits_ca505766_003:61 which is executed by 16 tests
-1560223095
15:59:42.428 [pool-2-thread-1] DEBUG fr.inria.lille.repair.nopol.NoPol - looking with class fr.inria.lille.repair.nopol.spoon.smt.ConditionalAdder
org.junit.ComparisonFailure: expected:<Enteraninteger>678[-]9That'sall,haveanice...> but was:<Enteraninteger>678[]9That'sall,haveanice...>
    at org.junit.Assert.assertEquals(Assert.java:115)
    at org.junit.Assert.assertEquals(Assert.java:144)
    at introclassJava.digits_ca505766_003BlackboxTest.test2(digits_ca505766_003BlackboxTest.java:23)
    at sun.reflect.NativeMethodAccessorImpl.invoke0(Native Method)
    at sun.reflect.NativeMethodAccessorImpl.invoke(NativeMethodAccessorImpl.java:62)
    at sun.reflect.DelegatingMethodAccessorImpl.invoke(DelegatingMethodAccessorImpl.java:43)
15:59:42.436 [pool-44-thread-1] INFO  xxl.java.junit.TestCasesListener - Tests run finished (6 ms)
<> Total tests run: 6
<> Ignored tests: 0
<> Failed tests: 1
~ test2(introclassJava.digits_ca505766_003BlackboxTest)
[expected:<Enteraninteger>678[-]9That'sall,haveanice...> but was:<Enteraninteger>678[]9That'sall,haveanice...>]
org.junit.ComparisonFailure: expected:<Enteraninteger>678[-]9That'sall,haveanice...> but was:<Enteraninteger>678[]9That'sall,haveanice...>    at org.junit.Assert.assertEquals(Assert.java:115)
    at org.junit.Assert.assertEquals(Assert.java:144)
    at introclassJava.digits_ca505766_003BlackboxTest.test2(digits_ca505766_003BlackboxTest.java:23)
    at sun.reflect.NativeMethodAccessorImpl.invoke0(Native Method)
    at sun.reflect.NativeMethodAccessorImpl.invoke(NativeMethodAccessorImpl.java:62)
    at sun.reflect.DelegatingMethodAccessorImpl.invoke(DelegatingMethodAccessorImpl.java:43)

org.junit.ComparisonFailure: expected:<[Enteraninteger>678-]9That'sall,haveanice...> but was:<[678]9That'sall,haveanice...>
    at org.junit.Assert.assertEquals(Assert.java:115)
    at org.junit.Assert.assertEquals(Assert.java:144)
    at introclassJava.digits_ca505766_003BlackboxTest.test2(digits_ca505766_003BlackboxTest.java:23)
    at sun.reflect.NativeMethodAccessorImpl.invoke0(Native Method)
    at sun.reflect.NativeMethodAccessorImpl.invoke(NativeMethodAccessorImpl.java:62)
    at sun.reflect.DelegatingMethodAccessorImpl.invoke(DelegatingMethodAccessorImpl.java:43)
15:59:42.528 [pool-45-thread-1] INFO  f.i.l.c.t.SpecificationTestCasesListener - Tests run finished (3 ms)
<> Total tests run: 1
<> Ignored tests: 0
<> Failed tests: 1
~ test2(introclassJava.digits_ca505766_003BlackboxTest)
[expected:<[Enteraninteger>678-]9That'sall,haveanice...> but was:<[678]9That'sall,haveanice...>]
org.junit.ComparisonFailure: expected:<[Enteraninteger>678-]9That'sall,haveanice...> but was:<[678]9That'sall,haveanice...>    at org.junit.Assert.assertEquals(Assert.java:115)
    at org.junit.Assert.assertEquals(Assert.java:144)
    at introclassJava.digits_ca505766_003BlackboxTest.test2(digits_ca505766_003BlackboxTest.java:23)
    at sun.reflect.NativeMethodAccessorImpl.invoke0(Native Method)
    at sun.reflect.NativeMethodAccessorImpl.invoke(NativeMethodAccessorImpl.java:62)
    at sun.reflect.DelegatingMethodAccessorImpl.invoke(DelegatingMethodAccessorImpl.java:43)

org.junit.ComparisonFailure: expected:<Enteraninteger>678[-]9That'sall,haveanice...> but was:<Enteraninteger>678[]9That'sall,haveanice...>
    at org.junit.Assert.assertEquals(Assert.java:115)
    at org.junit.Assert.assertEquals(Assert.java:144)
    at introclassJava.digits_ca505766_003BlackboxTest.test2(digits_ca505766_003BlackboxTest.java:23)
    at sun.reflect.NativeMethodAccessorImpl.invoke0(Native Method)
    at sun.reflect.NativeMethodAccessorImpl.invoke(NativeMethodAccessorImpl.java:62)
    at sun.reflect.DelegatingMethodAccessorImpl.invoke(DelegatingMethodAccessorImpl.java:43)
15:59:42.530 [pool-46-thread-1] INFO  f.i.l.c.t.SpecificationTestCasesListener - Tests run finished (2 ms)
<> Total tests run: 1
<> Ignored tests: 0
<> Failed tests: 1
~ test2(introclassJava.digits_ca505766_003BlackboxTest)
[expected:<Enteraninteger>678[-]9That'sall,haveanice...> but was:<Enteraninteger>678[]9That'sall,haveanice...>]
org.junit.ComparisonFailure: expected:<Enteraninteger>678[-]9That'sall,haveanice...> but was:<Enteraninteger>678[]9That'sall,haveanice...>    at org.junit.Assert.assertEquals(Assert.java:115)
    at org.junit.Assert.assertEquals(Assert.java:144)
    at introclassJava.digits_ca505766_003BlackboxTest.test2(digits_ca505766_003BlackboxTest.java:23)
    at sun.reflect.NativeMethodAccessorImpl.invoke0(Native Method)
    at sun.reflect.NativeMethodAccessorImpl.invoke(NativeMethodAccessorImpl.java:62)
    at sun.reflect.DelegatingMethodAccessorImpl.invoke(DelegatingMethodAccessorImpl.java:43)

15:59:42.530 [pool-43-thread-1] DEBUG tests.output - Failing tests with false: 
[test2(introclassJava.digits_ca505766_003BlackboxTest): expected:<[Enteraninteger>678-]9That'sall,haveanice...> but was:<[678]9That'sall,haveanice...>]
15:59:42.530 [pool-43-thread-1] DEBUG tests.output - Failing tests with true: 
[test2(introclassJava.digits_ca505766_003BlackboxTest): expected:<Enteraninteger>678[-]9That'sall,haveanice...> but was:<Enteraninteger>678[]9That'sall,haveanice...>]
15:59:42.530 [pool-43-thread-1] INFO  f.i.l.r.n.synth.SMTNopolSynthesizer - Not enough specifications: 0. A trivial patch is "true" or "false", please write new tests specifying SourceLocation introclassJava.digits_ca505766_003:61.
15:59:42.530 [pool-2-thread-1] DEBUG fr.inria.lille.repair.nopol.NoPol - statement #11
15:59:42.531 [pool-2-thread-1] DEBUG fr.inria.lille.repair.nopol.NoPol - Analysing SourceLocation introclassJava.digits_ca505766_003:60 which is executed by 16 tests
-1560223095
15:59:42.580 [pool-2-thread-1] INFO  fr.inria.lille.repair.nopol.NoPol - ----INFORMATION----
15:59:42.584 [pool-2-thread-1] INFO  fr.inria.lille.repair.nopol.NoPol - Nb classes : 6
15:59:42.584 [pool-2-thread-1] INFO  fr.inria.lille.repair.nopol.NoPol - Nb methods : 2
15:59:42.584 [pool-2-thread-1] INFO  fr.inria.lille.repair.nopol.NoPol - Nb Statements Analyzed : 11
15:59:42.585 [pool-2-thread-1] INFO  fr.inria.lille.repair.nopol.NoPol - Nb Statements with Angelic Value Found : 0
15:59:42.585 [pool-2-thread-1] INFO  fr.inria.lille.repair.nopol.NoPol - Nb inputs in SMT : 0
15:59:42.587 [pool-2-thread-1] INFO  fr.inria.lille.repair.nopol.NoPol - Nb SMT level: 0
15:59:42.587 [pool-2-thread-1] INFO  fr.inria.lille.repair.nopol.NoPol - Nb variables in SMT : 0
15:59:42.587 [pool-2-thread-1] INFO  fr.inria.lille.repair.nopol.NoPol - NoPol Execution time : 7369ms
15:59:42.587 [pool-2-thread-1] INFO  fr.inria.lille.repair.nopol.NoPol - 
NO_ANGELIC_VALUE
Command exited with non-zero status 255
17.01user 1.28system 0:08.40elapsed 217%CPU (0avgtext+0avgdata 898344maxresident)k
46416inputs+5304outputs (3major+265046minor)pagefaults 0swaps


Node: suno-30.sophia.grid5000.fr



Date: Wed Dec  5 15:59:42 EST 2018

