cd /tmp/Nopol_Defects4J_Lang_61;
export JAVA_TOOL_OPTIONS=-Dfile.encoding=UTF8;
TZ="America/New_York"; export TZ;
export PATH="/usr/lib/jvm/java-1.8.0-openjdk-amd64/bin/:$PATH";
export JAVA_HOME="/usr/lib/jvm/java-1.8.0-openjdk-amd64/bin/";
time java -Xmx4048m -cp /home/tdurieux/defects4j4repair/script/../repair_tools/nopol.jar:/usr/lib/jvm/java-1.8.0-openjdk-amd64/bin//../lib/tools.jar fr.inria.lille.repair.Main \
	--mode repair \
	--type pre_then_cond \
	--oracle angelic \
	--synthesis smt \
	--flocal gzoltar \
	--json \
	--solver z3 \
	--solver-path /home/tdurieux/defects4j4repair/script/../libs/z3/build/z3 \
	--complianceLevel 3 \
	--source src/java/ \
	--classpath "target/classes/:target/tests/:/tmp/Nopol_Defects4J_Lang_61/target/classes/:/tmp/Nopol_Defects4J_Lang_61/target/tests/:/home/tdurieux/defects4j4repair/script/../benchmarks/defects4j/framework/projects/Lang/lib/asm.jar:/home/tdurieux/defects4j4repair/script/../benchmarks/defects4j/framework/projects/Lang/lib/cglib.jar:/home/tdurieux/defects4j4repair/script/../benchmarks/defects4j/framework/projects/Lang/lib/commons-io.jar:/home/tdurieux/defects4j4repair/script/../benchmarks/defects4j/framework/projects/Lang/lib/easymock.jar:/home/tdurieux/defects4j4repair/script/../repair_tools/nopol.jar";
	echo "\n\nNode: `hostname`\n";
	echo "\n\nDate: `date`\n";
Picked up JAVA_TOOL_OPTIONS: -Dfile.encoding=UTF8
18:28:44.708 [main] INFO  fr.inria.lille.repair.nopol.NoPol - Source files: [src/java]
18:28:44.713 [main] INFO  fr.inria.lille.repair.nopol.NoPol - Classpath: [file:/tmp/Nopol_Defects4J_Lang_61/target/classes/, file:/tmp/Nopol_Defects4J_Lang_61/target/tests/, file:/tmp/Nopol_Defects4J_Lang_61/target/classes/, file:/tmp/Nopol_Defects4J_Lang_61/target/tests/, file:/home/tdurieux/defects4j4repair/script/../benchmarks/defects4j/framework/projects/Lang/lib/asm.jar, file:/home/tdurieux/defects4j4repair/script/../benchmarks/defects4j/framework/projects/Lang/lib/cglib.jar, file:/home/tdurieux/defects4j4repair/script/../benchmarks/defects4j/framework/projects/Lang/lib/commons-io.jar, file:/home/tdurieux/defects4j4repair/script/../benchmarks/defects4j/framework/projects/Lang/lib/easymock.jar, file:/home/tdurieux/defects4j4repair/script/../repair_tools/nopol.jar]
18:28:44.713 [main] INFO  fr.inria.lille.repair.nopol.NoPol - Statement type: PRE_THEN_COND
18:28:44.713 [main] INFO  fr.inria.lille.repair.nopol.NoPol - Args: [org.apache.commons.lang.ArrayUtilsAddTest, org.apache.commons.lang.ArrayUtilsAddTest, org.apache.commons.lang.ArrayUtilsRemoveTest, org.apache.commons.lang.ArrayUtilsRemoveTest, org.apache.commons.lang.ArrayUtilsTest, org.apache.commons.lang.ArrayUtilsTest, org.apache.commons.lang.BitFieldTest, org.apache.commons.lang.BitFieldTest, org.apache.commons.lang.BooleanUtilsTest, org.apache.commons.lang.BooleanUtilsTest, org.apache.commons.lang.CharEncodingTest, org.apache.commons.lang.CharEncodingTest, org.apache.commons.lang.CharRangeTest, org.apache.commons.lang.CharRangeTest, org.apache.commons.lang.CharSetTest, org.apache.commons.lang.CharSetTest, org.apache.commons.lang.CharSetUtilsTest, org.apache.commons.lang.CharSetUtilsTest, org.apache.commons.lang.CharUtilsTest, org.apache.commons.lang.CharUtilsTest, org.apache.commons.lang.ClassUtilsTest, org.apache.commons.lang.ClassUtilsTest, org.apache.commons.lang.EntitiesPerformanceTest, org.apache.commons.lang.EntitiesPerformanceTest, org.apache.commons.lang.EntitiesTest, org.apache.commons.lang.EntitiesTest, org.apache.commons.lang.IllegalClassExceptionTest, org.apache.commons.lang.IllegalClassExceptionTest, org.apache.commons.lang.IncompleteArgumentExceptionTest, org.apache.commons.lang.IncompleteArgumentExceptionTest, org.apache.commons.lang.IntHashMapTest, org.apache.commons.lang.IntHashMapTest, org.apache.commons.lang.LocaleUtilsTest, org.apache.commons.lang.LocaleUtilsTest, org.apache.commons.lang.NotImplementedExceptionTest, org.apache.commons.lang.NotImplementedExceptionTest, org.apache.commons.lang.NullArgumentExceptionTest, org.apache.commons.lang.NullArgumentExceptionTest, org.apache.commons.lang.NumberRangeTest, org.apache.commons.lang.NumberRangeTest, org.apache.commons.lang.NumberUtilsTest, org.apache.commons.lang.NumberUtilsTest, org.apache.commons.lang.ObjectUtilsTest, org.apache.commons.lang.ObjectUtilsTest, org.apache.commons.lang.RandomStringUtilsTest, org.apache.commons.lang.RandomStringUtilsTest, org.apache.commons.lang.SerializationUtilsTest, org.apache.commons.lang.SerializationUtilsTest, org.apache.commons.lang.StringEscapeUtilsTest, org.apache.commons.lang.StringEscapeUtilsTest, org.apache.commons.lang.StringUtilsEqualsIndexOfTest, org.apache.commons.lang.StringUtilsEqualsIndexOfTest, org.apache.commons.lang.StringUtilsIsTest, org.apache.commons.lang.StringUtilsIsTest, org.apache.commons.lang.StringUtilsSubstringTest, org.apache.commons.lang.StringUtilsSubstringTest, org.apache.commons.lang.StringUtilsTest, org.apache.commons.lang.StringUtilsTest, org.apache.commons.lang.StringUtilsTrimEmptyTest, org.apache.commons.lang.StringUtilsTrimEmptyTest, org.apache.commons.lang.SystemUtilsTest, org.apache.commons.lang.SystemUtilsTest, org.apache.commons.lang.UnhandledExceptionTest, org.apache.commons.lang.UnhandledExceptionTest, org.apache.commons.lang.ValidateTest, org.apache.commons.lang.ValidateTest, org.apache.commons.lang.WordUtilsTest, org.apache.commons.lang.WordUtilsTest, org.apache.commons.lang.builder.CompareToBuilderTest, org.apache.commons.lang.builder.CompareToBuilderTest, org.apache.commons.lang.builder.DefaultToStringStyleTest, org.apache.commons.lang.builder.DefaultToStringStyleTest, org.apache.commons.lang.builder.EqualsBuilderTest, org.apache.commons.lang.builder.EqualsBuilderTest, org.apache.commons.lang.builder.HashCodeBuilderAndEqualsBuilderTest, org.apache.commons.lang.builder.HashCodeBuilderAndEqualsBuilderTest, org.apache.commons.lang.builder.HashCodeBuilderTest, org.apache.commons.lang.builder.HashCodeBuilderTest, org.apache.commons.lang.builder.MultiLineToStringStyleTest, org.apache.commons.lang.builder.MultiLineToStringStyleTest, org.apache.commons.lang.builder.NoFieldNamesToStringStyleTest, org.apache.commons.lang.builder.NoFieldNamesToStringStyleTest, org.apache.commons.lang.builder.ReflectionToStringBuilderExcludeTest, org.apache.commons.lang.builder.ReflectionToStringBuilderExcludeTest, org.apache.commons.lang.builder.ShortPrefixToStringStyleTest, org.apache.commons.lang.builder.ShortPrefixToStringStyleTest, org.apache.commons.lang.builder.SimpleToStringStyleTest, org.apache.commons.lang.builder.SimpleToStringStyleTest, org.apache.commons.lang.builder.StandardToStringStyleTest, org.apache.commons.lang.builder.StandardToStringStyleTest, org.apache.commons.lang.builder.ToStringBuilderTest, org.apache.commons.lang.builder.ToStringBuilderTest, org.apache.commons.lang.builder.ToStringStyleTest, org.apache.commons.lang.builder.ToStringStyleTest, org.apache.commons.lang.enum.EnumTest, org.apache.commons.lang.enum.EnumTest, org.apache.commons.lang.enum.EnumUtilsTest, org.apache.commons.lang.enum.EnumUtilsTest, org.apache.commons.lang.enum.ValuedEnumTest, org.apache.commons.lang.enum.ValuedEnumTest, org.apache.commons.lang.enums.EnumEqualsTest, org.apache.commons.lang.enums.EnumEqualsTest, org.apache.commons.lang.enums.EnumTest, org.apache.commons.lang.enums.EnumTest, org.apache.commons.lang.enums.EnumUtilsTest, org.apache.commons.lang.enums.EnumUtilsTest, org.apache.commons.lang.enums.ValuedEnumTest, org.apache.commons.lang.enums.ValuedEnumTest, org.apache.commons.lang.exception.ExceptionUtilsTestCase, org.apache.commons.lang.exception.ExceptionUtilsTestCase, org.apache.commons.lang.exception.NestableDelegateTestCase, org.apache.commons.lang.exception.NestableDelegateTestCase, org.apache.commons.lang.exception.NestableErrorTestCase, org.apache.commons.lang.exception.NestableErrorTestCase, org.apache.commons.lang.exception.NestableExceptionTestCase, org.apache.commons.lang.exception.NestableExceptionTestCase, org.apache.commons.lang.exception.NestableRuntimeExceptionTestCase, org.apache.commons.lang.exception.NestableRuntimeExceptionTestCase, org.apache.commons.lang.math.DoubleRangeTest, org.apache.commons.lang.math.DoubleRangeTest, org.apache.commons.lang.math.FloatRangeTest, org.apache.commons.lang.math.FloatRangeTest, org.apache.commons.lang.math.FractionTest, org.apache.commons.lang.math.FractionTest, org.apache.commons.lang.math.IntRangeTest, org.apache.commons.lang.math.IntRangeTest, org.apache.commons.lang.math.LongRangeTest, org.apache.commons.lang.math.LongRangeTest, org.apache.commons.lang.math.NumberRangeTest, org.apache.commons.lang.math.NumberRangeTest, org.apache.commons.lang.math.NumberUtilsTest, org.apache.commons.lang.math.NumberUtilsTest, org.apache.commons.lang.math.RandomUtilsTest, org.apache.commons.lang.math.RandomUtilsTest, org.apache.commons.lang.math.RangeTest, org.apache.commons.lang.math.RangeTest, org.apache.commons.lang.mutable.MutableBooleanTest, org.apache.commons.lang.mutable.MutableBooleanTest, org.apache.commons.lang.mutable.MutableByteTest, org.apache.commons.lang.mutable.MutableByteTest, org.apache.commons.lang.mutable.MutableDoubleTest, org.apache.commons.lang.mutable.MutableDoubleTest, org.apache.commons.lang.mutable.MutableFloatTest, org.apache.commons.lang.mutable.MutableFloatTest, org.apache.commons.lang.mutable.MutableIntTest, org.apache.commons.lang.mutable.MutableIntTest, org.apache.commons.lang.mutable.MutableLongTest, org.apache.commons.lang.mutable.MutableLongTest, org.apache.commons.lang.mutable.MutableObjectTest, org.apache.commons.lang.mutable.MutableObjectTest, org.apache.commons.lang.mutable.MutableShortTest, org.apache.commons.lang.mutable.MutableShortTest, org.apache.commons.lang.text.CompositeFormatTest, org.apache.commons.lang.text.CompositeFormatTest, org.apache.commons.lang.text.StrBuilderAppendInsertTest, org.apache.commons.lang.text.StrBuilderAppendInsertTest, org.apache.commons.lang.text.StrBuilderTest, org.apache.commons.lang.text.StrBuilderTest, org.apache.commons.lang.text.StrLookupTest, org.apache.commons.lang.text.StrLookupTest, org.apache.commons.lang.text.StrMatcherTest, org.apache.commons.lang.text.StrMatcherTest, org.apache.commons.lang.text.StrSubstitutorTest, org.apache.commons.lang.text.StrSubstitutorTest, org.apache.commons.lang.text.StrTokenizerTest, org.apache.commons.lang.text.StrTokenizerTest, org.apache.commons.lang.time.DateFormatUtilsTest, org.apache.commons.lang.time.DateFormatUtilsTest, org.apache.commons.lang.time.DateUtilsTest, org.apache.commons.lang.time.DateUtilsTest, org.apache.commons.lang.time.DurationFormatUtilsTest, org.apache.commons.lang.time.DurationFormatUtilsTest, org.apache.commons.lang.time.FastDateFormatTest, org.apache.commons.lang.time.FastDateFormatTest, org.apache.commons.lang.time.StopWatchTest, org.apache.commons.lang.time.StopWatchTest]
18:28:44.716 [main] INFO  fr.inria.lille.repair.nopol.NoPol - Config: Config{synthesisDepth=3, collectStaticMethods=true, collectStaticFields=false, collectLiterals=false, onlyOneSynthesisResult=true, sortExpressions=true, maxLineInvocationPerTest=250, timeoutMethodInvocation=2000, dataCollectionTimeoutInSecondForSynthesis=900, addWeight=0.19478, subWeight=0.04554, mulWeight=0.0102, divWeight=0.00613, andWeight=0.10597, orWeight=0.05708, eqWeight=0.22798, nEqWeight=0.0, lessEqWeight=0.0255, lessWeight=0.0947, methodCallWeight=0.1, fieldAccessWeight=0.08099, constantWeight=0.14232, variableWeight=0.05195, mode=REPAIR, type=PRE_THEN_COND, synthesis=SMT, oracle=ANGELIC, solver=Z3, solverPath='/home/tdurieux/defects4j4repair/script/../libs/z3/build/z3', projectSources=[src/java], projectClasspath='[Ljava.net.URL;@66d33a', projectTests=[org.apache.commons.lang.ArrayUtilsAddTest, org.apache.commons.lang.ArrayUtilsAddTest, org.apache.commons.lang.ArrayUtilsRemoveTest, org.apache.commons.lang.ArrayUtilsRemoveTest, org.apache.commons.lang.ArrayUtilsTest, org.apache.commons.lang.ArrayUtilsTest, org.apache.commons.lang.BitFieldTest, org.apache.commons.lang.BitFieldTest, org.apache.commons.lang.BooleanUtilsTest, org.apache.commons.lang.BooleanUtilsTest, org.apache.commons.lang.CharEncodingTest, org.apache.commons.lang.CharEncodingTest, org.apache.commons.lang.CharRangeTest, org.apache.commons.lang.CharRangeTest, org.apache.commons.lang.CharSetTest, org.apache.commons.lang.CharSetTest, org.apache.commons.lang.CharSetUtilsTest, org.apache.commons.lang.CharSetUtilsTest, org.apache.commons.lang.CharUtilsTest, org.apache.commons.lang.CharUtilsTest, org.apache.commons.lang.ClassUtilsTest, org.apache.commons.lang.ClassUtilsTest, org.apache.commons.lang.EntitiesPerformanceTest, org.apache.commons.lang.EntitiesPerformanceTest, org.apache.commons.lang.EntitiesTest, org.apache.commons.lang.EntitiesTest, org.apache.commons.lang.IllegalClassExceptionTest, org.apache.commons.lang.IllegalClassExceptionTest, org.apache.commons.lang.IncompleteArgumentExceptionTest, org.apache.commons.lang.IncompleteArgumentExceptionTest, org.apache.commons.lang.IntHashMapTest, org.apache.commons.lang.IntHashMapTest, org.apache.commons.lang.LocaleUtilsTest, org.apache.commons.lang.LocaleUtilsTest, org.apache.commons.lang.NotImplementedExceptionTest, org.apache.commons.lang.NotImplementedExceptionTest, org.apache.commons.lang.NullArgumentExceptionTest, org.apache.commons.lang.NullArgumentExceptionTest, org.apache.commons.lang.NumberRangeTest, org.apache.commons.lang.NumberRangeTest, org.apache.commons.lang.NumberUtilsTest, org.apache.commons.lang.NumberUtilsTest, org.apache.commons.lang.ObjectUtilsTest, org.apache.commons.lang.ObjectUtilsTest, org.apache.commons.lang.RandomStringUtilsTest, org.apache.commons.lang.RandomStringUtilsTest, org.apache.commons.lang.SerializationUtilsTest, org.apache.commons.lang.SerializationUtilsTest, org.apache.commons.lang.StringEscapeUtilsTest, org.apache.commons.lang.StringEscapeUtilsTest, org.apache.commons.lang.StringUtilsEqualsIndexOfTest, org.apache.commons.lang.StringUtilsEqualsIndexOfTest, org.apache.commons.lang.StringUtilsIsTest, org.apache.commons.lang.StringUtilsIsTest, org.apache.commons.lang.StringUtilsSubstringTest, org.apache.commons.lang.StringUtilsSubstringTest, org.apache.commons.lang.StringUtilsTest, org.apache.commons.lang.StringUtilsTest, org.apache.commons.lang.StringUtilsTrimEmptyTest, org.apache.commons.lang.StringUtilsTrimEmptyTest, org.apache.commons.lang.SystemUtilsTest, org.apache.commons.lang.SystemUtilsTest, org.apache.commons.lang.UnhandledExceptionTest, org.apache.commons.lang.UnhandledExceptionTest, org.apache.commons.lang.ValidateTest, org.apache.commons.lang.ValidateTest, org.apache.commons.lang.WordUtilsTest, org.apache.commons.lang.WordUtilsTest, org.apache.commons.lang.builder.CompareToBuilderTest, org.apache.commons.lang.builder.CompareToBuilderTest, org.apache.commons.lang.builder.DefaultToStringStyleTest, org.apache.commons.lang.builder.DefaultToStringStyleTest, org.apache.commons.lang.builder.EqualsBuilderTest, org.apache.commons.lang.builder.EqualsBuilderTest, org.apache.commons.lang.builder.HashCodeBuilderAndEqualsBuilderTest, org.apache.commons.lang.builder.HashCodeBuilderAndEqualsBuilderTest, org.apache.commons.lang.builder.HashCodeBuilderTest, org.apache.commons.lang.builder.HashCodeBuilderTest, org.apache.commons.lang.builder.MultiLineToStringStyleTest, org.apache.commons.lang.builder.MultiLineToStringStyleTest, org.apache.commons.lang.builder.NoFieldNamesToStringStyleTest, org.apache.commons.lang.builder.NoFieldNamesToStringStyleTest, org.apache.commons.lang.builder.ReflectionToStringBuilderExcludeTest, org.apache.commons.lang.builder.ReflectionToStringBuilderExcludeTest, org.apache.commons.lang.builder.ShortPrefixToStringStyleTest, org.apache.commons.lang.builder.ShortPrefixToStringStyleTest, org.apache.commons.lang.builder.SimpleToStringStyleTest, org.apache.commons.lang.builder.SimpleToStringStyleTest, org.apache.commons.lang.builder.StandardToStringStyleTest, org.apache.commons.lang.builder.StandardToStringStyleTest, org.apache.commons.lang.builder.ToStringBuilderTest, org.apache.commons.lang.builder.ToStringBuilderTest, org.apache.commons.lang.builder.ToStringStyleTest, org.apache.commons.lang.builder.ToStringStyleTest, org.apache.commons.lang.enum.EnumTest, org.apache.commons.lang.enum.EnumTest, org.apache.commons.lang.enum.EnumUtilsTest, org.apache.commons.lang.enum.EnumUtilsTest, org.apache.commons.lang.enum.ValuedEnumTest, org.apache.commons.lang.enum.ValuedEnumTest, org.apache.commons.lang.enums.EnumEqualsTest, org.apache.commons.lang.enums.EnumEqualsTest, org.apache.commons.lang.enums.EnumTest, org.apache.commons.lang.enums.EnumTest, org.apache.commons.lang.enums.EnumUtilsTest, org.apache.commons.lang.enums.EnumUtilsTest, org.apache.commons.lang.enums.ValuedEnumTest, org.apache.commons.lang.enums.ValuedEnumTest, org.apache.commons.lang.exception.ExceptionUtilsTestCase, org.apache.commons.lang.exception.ExceptionUtilsTestCase, org.apache.commons.lang.exception.NestableDelegateTestCase, org.apache.commons.lang.exception.NestableDelegateTestCase, org.apache.commons.lang.exception.NestableErrorTestCase, org.apache.commons.lang.exception.NestableErrorTestCase, org.apache.commons.lang.exception.NestableExceptionTestCase, org.apache.commons.lang.exception.NestableExceptionTestCase, org.apache.commons.lang.exception.NestableRuntimeExceptionTestCase, org.apache.commons.lang.exception.NestableRuntimeExceptionTestCase, org.apache.commons.lang.math.DoubleRangeTest, org.apache.commons.lang.math.DoubleRangeTest, org.apache.commons.lang.math.FloatRangeTest, org.apache.commons.lang.math.FloatRangeTest, org.apache.commons.lang.math.FractionTest, org.apache.commons.lang.math.FractionTest, org.apache.commons.lang.math.IntRangeTest, org.apache.commons.lang.math.IntRangeTest, org.apache.commons.lang.math.LongRangeTest, org.apache.commons.lang.math.LongRangeTest, org.apache.commons.lang.math.NumberRangeTest, org.apache.commons.lang.math.NumberRangeTest, org.apache.commons.lang.math.NumberUtilsTest, org.apache.commons.lang.math.NumberUtilsTest, org.apache.commons.lang.math.RandomUtilsTest, org.apache.commons.lang.math.RandomUtilsTest, org.apache.commons.lang.math.RangeTest, org.apache.commons.lang.math.RangeTest, org.apache.commons.lang.mutable.MutableBooleanTest, org.apache.commons.lang.mutable.MutableBooleanTest, org.apache.commons.lang.mutable.MutableByteTest, org.apache.commons.lang.mutable.MutableByteTest, org.apache.commons.lang.mutable.MutableDoubleTest, org.apache.commons.lang.mutable.MutableDoubleTest, org.apache.commons.lang.mutable.MutableFloatTest, org.apache.commons.lang.mutable.MutableFloatTest, org.apache.commons.lang.mutable.MutableIntTest, org.apache.commons.lang.mutable.MutableIntTest, org.apache.commons.lang.mutable.MutableLongTest, org.apache.commons.lang.mutable.MutableLongTest, org.apache.commons.lang.mutable.MutableObjectTest, org.apache.commons.lang.mutable.MutableObjectTest, org.apache.commons.lang.mutable.MutableShortTest, org.apache.commons.lang.mutable.MutableShortTest, org.apache.commons.lang.text.CompositeFormatTest, org.apache.commons.lang.text.CompositeFormatTest, org.apache.commons.lang.text.StrBuilderAppendInsertTest, org.apache.commons.lang.text.StrBuilderAppendInsertTest, org.apache.commons.lang.text.StrBuilderTest, org.apache.commons.lang.text.StrBuilderTest, org.apache.commons.lang.text.StrLookupTest, org.apache.commons.lang.text.StrLookupTest, org.apache.commons.lang.text.StrMatcherTest, org.apache.commons.lang.text.StrMatcherTest, org.apache.commons.lang.text.StrSubstitutorTest, org.apache.commons.lang.text.StrSubstitutorTest, org.apache.commons.lang.text.StrTokenizerTest, org.apache.commons.lang.text.StrTokenizerTest, org.apache.commons.lang.time.DateFormatUtilsTest, org.apache.commons.lang.time.DateFormatUtilsTest, org.apache.commons.lang.time.DateUtilsTest, org.apache.commons.lang.time.DateUtilsTest, org.apache.commons.lang.time.DurationFormatUtilsTest, org.apache.commons.lang.time.DurationFormatUtilsTest, org.apache.commons.lang.time.FastDateFormatTest, org.apache.commons.lang.time.FastDateFormatTest, org.apache.commons.lang.time.StopWatchTest, org.apache.commons.lang.time.StopWatchTest], complianceLevel=3, outputFolder=., json=true}
18:28:44.717 [main] INFO  fr.inria.lille.repair.nopol.NoPol - Available processors (cores): 8
18:28:44.727 [main] INFO  fr.inria.lille.repair.nopol.NoPol - Free memory: 214 MB
18:28:44.728 [main] INFO  fr.inria.lille.repair.nopol.NoPol - Maximum memory: 3 GB
18:28:44.728 [main] INFO  fr.inria.lille.repair.nopol.NoPol - Total memory available to JVM: 241 MB
18:28:44.728 [main] INFO  fr.inria.lille.repair.nopol.NoPol - Java version: 1.8.0_181
18:28:44.729 [main] INFO  fr.inria.lille.repair.nopol.NoPol - JAVA_HOME: /usr/lib/jvm/java-1.8.0-openjdk-amd64/bin/
18:28:44.730 [main] INFO  fr.inria.lille.repair.nopol.NoPol - PATH: /usr/lib/jvm/java-1.8.0-openjdk-amd64/bin/:/usr/lib/oar/oardodo:/usr/lib/oar/oardodo:/usr/local/bin:/usr/bin:/bin:/usr/games
18:29:12.064 [pool-2-thread-1] DEBUG fr.inria.lille.repair.nopol.NoPol - statement #1
18:29:12.065 [pool-2-thread-1] DEBUG fr.inria.lille.repair.nopol.NoPol - Analysing SourceLocation org.apache.commons.lang.LocaleUtils:288 which is executed by 1 tests
-723213736
18:29:12.446 [pool-2-thread-1] DEBUG fr.inria.lille.repair.nopol.NoPol - statement #2
18:29:12.447 [pool-2-thread-1] DEBUG fr.inria.lille.repair.nopol.NoPol - Analysing SourceLocation org.apache.commons.lang.LocaleUtils:286 which is executed by 1 tests
-723213736
18:29:12.584 [pool-2-thread-1] DEBUG fr.inria.lille.repair.nopol.NoPol - looking with class fr.inria.lille.repair.nopol.spoon.smt.ConditionalAdder
junit.framework.AssertionFailedError: expected:<4> but was:<5>
    at junit.framework.Assert.fail(Assert.java:57)
    at junit.framework.Assert.failNotEquals(Assert.java:329)
    at junit.framework.Assert.assertEquals(Assert.java:78)
    at junit.framework.Assert.assertEquals(Assert.java:234)
    at junit.framework.Assert.assertEquals(Assert.java:241)
    at junit.framework.TestCase.assertEquals(TestCase.java:409)
18:29:12.667 [pool-4-thread-1] INFO  xxl.java.junit.TestCasesListener - Tests run finished (46 ms)
<> Total tests run: 11
<> Ignored tests: 0
<> Failed tests: 1
~ testCountriesByLanguage(org.apache.commons.lang.LocaleUtilsTest)
[expected:<4> but was:<5>]
junit.framework.AssertionFailedError: expected:<4> but was:<5>    at junit.framework.Assert.fail(Assert.java:57)
    at junit.framework.Assert.failNotEquals(Assert.java:329)
    at junit.framework.Assert.assertEquals(Assert.java:78)
    at junit.framework.Assert.assertEquals(Assert.java:234)
    at junit.framework.Assert.assertEquals(Assert.java:241)
    at junit.framework.TestCase.assertEquals(TestCase.java:409)

junit.framework.AssertionFailedError: expected same:<[de_CH, de_AT, de_LU, de_DE, de_GR]> was not:<[de_CH, de_AT, de_LU, de_DE, de_GR]>
    at junit.framework.Assert.fail(Assert.java:57)
    at junit.framework.Assert.failNotSame(Assert.java:325)
    at junit.framework.Assert.assertSame(Assert.java:288)
    at junit.framework.Assert.assertSame(Assert.java:296)
    at junit.framework.TestCase.assertSame(TestCase.java:465)
    at org.apache.commons.lang.LocaleUtilsTest.assertCountriesByLanguage(LocaleUtilsTest.java:443)
18:29:14.007 [pool-5-thread-1] INFO  f.i.l.c.t.SpecificationTestCasesListener - Tests run finished (12 ms)
<> Total tests run: 1
<> Ignored tests: 0
<> Failed tests: 1
~ testCountriesByLanguage(org.apache.commons.lang.LocaleUtilsTest)
[expected same:<[de_CH, de_AT, de_LU, de_DE, de_GR]> was not:<[de_CH, de_AT, de_LU, de_DE, de_GR]>]
junit.framework.AssertionFailedError: expected same:<[de_CH, de_AT, de_LU, de_DE, de_GR]> was not:<[de_CH, de_AT, de_LU, de_DE, de_GR]>    at junit.framework.Assert.fail(Assert.java:57)
    at junit.framework.Assert.failNotSame(Assert.java:325)
    at junit.framework.Assert.assertSame(Assert.java:288)
    at junit.framework.Assert.assertSame(Assert.java:296)
    at junit.framework.TestCase.assertSame(TestCase.java:465)
    at org.apache.commons.lang.LocaleUtilsTest.assertCountriesByLanguage(LocaleUtilsTest.java:443)

junit.framework.AssertionFailedError: expected:<4> but was:<5>
    at junit.framework.Assert.fail(Assert.java:57)
    at junit.framework.Assert.failNotEquals(Assert.java:329)
    at junit.framework.Assert.assertEquals(Assert.java:78)
    at junit.framework.Assert.assertEquals(Assert.java:234)
    at junit.framework.Assert.assertEquals(Assert.java:241)
    at junit.framework.TestCase.assertEquals(TestCase.java:409)
18:29:14.014 [pool-6-thread-1] INFO  f.i.l.c.t.SpecificationTestCasesListener - Tests run finished (2 ms)
<> Total tests run: 1
<> Ignored tests: 0
<> Failed tests: 1
~ testCountriesByLanguage(org.apache.commons.lang.LocaleUtilsTest)
[expected:<4> but was:<5>]
junit.framework.AssertionFailedError: expected:<4> but was:<5>    at junit.framework.Assert.fail(Assert.java:57)
    at junit.framework.Assert.failNotEquals(Assert.java:329)
    at junit.framework.Assert.assertEquals(Assert.java:78)
    at junit.framework.Assert.assertEquals(Assert.java:234)
    at junit.framework.Assert.assertEquals(Assert.java:241)
    at junit.framework.TestCase.assertEquals(TestCase.java:409)

18:29:14.015 [pool-3-thread-1] DEBUG tests.output - Failing tests with false: 
[testCountriesByLanguage(org.apache.commons.lang.LocaleUtilsTest): expected same:<[de_CH, de_AT, de_LU, de_DE, de_GR]> was not:<[de_CH, de_AT, de_LU, de_DE, de_GR]>]
18:29:14.016 [pool-3-thread-1] DEBUG tests.output - Failing tests with true: 
[testCountriesByLanguage(org.apache.commons.lang.LocaleUtilsTest): expected:<4> but was:<5>]
18:29:14.016 [pool-3-thread-1] INFO  f.i.l.r.n.synth.SMTNopolSynthesizer - Not enough specifications: 0. A trivial patch is "true" or "false", please write new tests specifying SourceLocation org.apache.commons.lang.LocaleUtils:286.
18:29:14.016 [pool-2-thread-1] DEBUG fr.inria.lille.repair.nopol.NoPol - statement #3
18:29:14.016 [pool-2-thread-1] DEBUG fr.inria.lille.repair.nopol.NoPol - Analysing SourceLocation org.apache.commons.lang.LocaleUtils:284 which is executed by 1 tests
-723213736
18:29:14.240 [pool-2-thread-1] DEBUG fr.inria.lille.repair.nopol.NoPol - looking with class fr.inria.lille.repair.nopol.spoon.smt.ConditionalAdder
junit.framework.AssertionFailedError: expected:<4> but was:<5>
    at junit.framework.Assert.fail(Assert.java:57)
    at junit.framework.Assert.failNotEquals(Assert.java:329)
    at junit.framework.Assert.assertEquals(Assert.java:78)
    at junit.framework.Assert.assertEquals(Assert.java:234)
    at junit.framework.Assert.assertEquals(Assert.java:241)
    at junit.framework.TestCase.assertEquals(TestCase.java:409)
18:29:14.256 [pool-8-thread-1] INFO  xxl.java.junit.TestCasesListener - Tests run finished (9 ms)
<> Total tests run: 11
<> Ignored tests: 0
<> Failed tests: 1
~ testCountriesByLanguage(org.apache.commons.lang.LocaleUtilsTest)
[expected:<4> but was:<5>]
junit.framework.AssertionFailedError: expected:<4> but was:<5>    at junit.framework.Assert.fail(Assert.java:57)
    at junit.framework.Assert.failNotEquals(Assert.java:329)
    at junit.framework.Assert.assertEquals(Assert.java:78)
    at junit.framework.Assert.assertEquals(Assert.java:234)
    at junit.framework.Assert.assertEquals(Assert.java:241)
    at junit.framework.TestCase.assertEquals(TestCase.java:409)

junit.framework.AssertionFailedError
    at junit.framework.Assert.fail(Assert.java:55)
    at junit.framework.Assert.assertTrue(Assert.java:22)
    at junit.framework.Assert.assertNotNull(Assert.java:256)
    at junit.framework.Assert.assertNotNull(Assert.java:248)
    at junit.framework.TestCase.assertNotNull(TestCase.java:417)
    at org.apache.commons.lang.LocaleUtilsTest.assertCountriesByLanguage(LocaleUtilsTest.java:442)
18:29:14.568 [pool-9-thread-1] INFO  f.i.l.c.t.SpecificationTestCasesListener - Tests run finished (3 ms)
<> Total tests run: 1
<> Ignored tests: 0
<> Failed tests: 1
~ testCountriesByLanguage(org.apache.commons.lang.LocaleUtilsTest)
[null]
junit.framework.AssertionFailedError    at junit.framework.Assert.fail(Assert.java:55)
    at junit.framework.Assert.assertTrue(Assert.java:22)
    at junit.framework.Assert.assertNotNull(Assert.java:256)
    at junit.framework.Assert.assertNotNull(Assert.java:248)
    at junit.framework.TestCase.assertNotNull(TestCase.java:417)
    at org.apache.commons.lang.LocaleUtilsTest.assertCountriesByLanguage(LocaleUtilsTest.java:442)

junit.framework.AssertionFailedError: expected:<4> but was:<5>
    at junit.framework.Assert.fail(Assert.java:57)
    at junit.framework.Assert.failNotEquals(Assert.java:329)
    at junit.framework.Assert.assertEquals(Assert.java:78)
    at junit.framework.Assert.assertEquals(Assert.java:234)
    at junit.framework.Assert.assertEquals(Assert.java:241)
    at junit.framework.TestCase.assertEquals(TestCase.java:409)
18:29:14.573 [pool-10-thread-1] INFO  f.i.l.c.t.SpecificationTestCasesListener - Tests run finished (2 ms)
<> Total tests run: 1
<> Ignored tests: 0
<> Failed tests: 1
~ testCountriesByLanguage(org.apache.commons.lang.LocaleUtilsTest)
[expected:<4> but was:<5>]
junit.framework.AssertionFailedError: expected:<4> but was:<5>    at junit.framework.Assert.fail(Assert.java:57)
    at junit.framework.Assert.failNotEquals(Assert.java:329)
    at junit.framework.Assert.assertEquals(Assert.java:78)
    at junit.framework.Assert.assertEquals(Assert.java:234)
    at junit.framework.Assert.assertEquals(Assert.java:241)
    at junit.framework.TestCase.assertEquals(TestCase.java:409)

18:29:14.574 [pool-7-thread-1] DEBUG tests.output - Failing tests with false: 
[testCountriesByLanguage(org.apache.commons.lang.LocaleUtilsTest): null]
18:29:14.574 [pool-7-thread-1] DEBUG tests.output - Failing tests with true: 
[testCountriesByLanguage(org.apache.commons.lang.LocaleUtilsTest): expected:<4> but was:<5>]
18:29:14.574 [pool-7-thread-1] INFO  f.i.l.r.n.synth.SMTNopolSynthesizer - Not enough specifications: 0. A trivial patch is "true" or "false", please write new tests specifying SourceLocation org.apache.commons.lang.LocaleUtils:284.
18:29:14.574 [pool-2-thread-1] DEBUG fr.inria.lille.repair.nopol.NoPol - statement #4
18:29:14.575 [pool-2-thread-1] DEBUG fr.inria.lille.repair.nopol.NoPol - Analysing SourceLocation org.apache.commons.lang.LocaleUtils:283 which is executed by 1 tests
-723213736
18:29:14.691 [pool-2-thread-1] DEBUG fr.inria.lille.repair.nopol.NoPol - statement #5
18:29:14.692 [pool-2-thread-1] DEBUG fr.inria.lille.repair.nopol.NoPol - Analysing SourceLocation org.apache.commons.lang.LocaleUtils:282 which is executed by 1 tests
-723213736
18:29:14.809 [pool-2-thread-1] DEBUG fr.inria.lille.repair.nopol.NoPol - looking with class fr.inria.lille.repair.nopol.spoon.smt.ConditionalAdder
junit.framework.AssertionFailedError: expected:<4> but was:<5>
    at junit.framework.Assert.fail(Assert.java:57)
    at junit.framework.Assert.failNotEquals(Assert.java:329)
    at junit.framework.Assert.assertEquals(Assert.java:78)
    at junit.framework.Assert.assertEquals(Assert.java:234)
    at junit.framework.Assert.assertEquals(Assert.java:241)
    at junit.framework.TestCase.assertEquals(TestCase.java:409)
18:29:14.822 [pool-12-thread-1] INFO  xxl.java.junit.TestCasesListener - Tests run finished (7 ms)
<> Total tests run: 11
<> Ignored tests: 0
<> Failed tests: 1
~ testCountriesByLanguage(org.apache.commons.lang.LocaleUtilsTest)
[expected:<4> but was:<5>]
junit.framework.AssertionFailedError: expected:<4> but was:<5>    at junit.framework.Assert.fail(Assert.java:57)
    at junit.framework.Assert.failNotEquals(Assert.java:329)
    at junit.framework.Assert.assertEquals(Assert.java:78)
    at junit.framework.Assert.assertEquals(Assert.java:234)
    at junit.framework.Assert.assertEquals(Assert.java:241)
    at junit.framework.TestCase.assertEquals(TestCase.java:409)

junit.framework.AssertionFailedError: expected:<4> but was:<5>
    at junit.framework.Assert.fail(Assert.java:57)
    at junit.framework.Assert.failNotEquals(Assert.java:329)
    at junit.framework.Assert.assertEquals(Assert.java:78)
    at junit.framework.Assert.assertEquals(Assert.java:234)
    at junit.framework.Assert.assertEquals(Assert.java:241)
    at junit.framework.TestCase.assertEquals(TestCase.java:409)
18:29:15.085 [pool-13-thread-1] INFO  f.i.l.c.t.SpecificationTestCasesListener - Tests run finished (2 ms)
<> Total tests run: 1
<> Ignored tests: 0
<> Failed tests: 1
~ testCountriesByLanguage(org.apache.commons.lang.LocaleUtilsTest)
[expected:<4> but was:<5>]
junit.framework.AssertionFailedError: expected:<4> but was:<5>    at junit.framework.Assert.fail(Assert.java:57)
    at junit.framework.Assert.failNotEquals(Assert.java:329)
    at junit.framework.Assert.assertEquals(Assert.java:78)
    at junit.framework.Assert.assertEquals(Assert.java:234)
    at junit.framework.Assert.assertEquals(Assert.java:241)
    at junit.framework.TestCase.assertEquals(TestCase.java:409)

junit.framework.AssertionFailedError: expected:<4> but was:<5>
    at junit.framework.Assert.fail(Assert.java:57)
    at junit.framework.Assert.failNotEquals(Assert.java:329)
    at junit.framework.Assert.assertEquals(Assert.java:78)
    at junit.framework.Assert.assertEquals(Assert.java:234)
    at junit.framework.Assert.assertEquals(Assert.java:241)
    at junit.framework.TestCase.assertEquals(TestCase.java:409)
18:29:15.097 [pool-14-thread-1] INFO  f.i.l.c.t.SpecificationTestCasesListener - Tests run finished (1 ms)
<> Total tests run: 1
<> Ignored tests: 0
<> Failed tests: 1
~ testCountriesByLanguage(org.apache.commons.lang.LocaleUtilsTest)
[expected:<4> but was:<5>]
junit.framework.AssertionFailedError: expected:<4> but was:<5>    at junit.framework.Assert.fail(Assert.java:57)
    at junit.framework.Assert.failNotEquals(Assert.java:329)
    at junit.framework.Assert.assertEquals(Assert.java:78)
    at junit.framework.Assert.assertEquals(Assert.java:234)
    at junit.framework.Assert.assertEquals(Assert.java:241)
    at junit.framework.TestCase.assertEquals(TestCase.java:409)

18:29:15.099 [pool-11-thread-1] DEBUG tests.output - Failing tests with false: 
[testCountriesByLanguage(org.apache.commons.lang.LocaleUtilsTest): expected:<4> but was:<5>]
18:29:15.099 [pool-11-thread-1] DEBUG tests.output - Failing tests with true: 
[testCountriesByLanguage(org.apache.commons.lang.LocaleUtilsTest): expected:<4> but was:<5>]
18:29:15.099 [pool-11-thread-1] INFO  f.i.l.r.n.synth.SMTNopolSynthesizer - Not enough specifications: 0. A trivial patch is "true" or "false", please write new tests specifying SourceLocation org.apache.commons.lang.LocaleUtils:282.
18:29:15.099 [pool-2-thread-1] DEBUG fr.inria.lille.repair.nopol.NoPol - statement #6
18:29:15.100 [pool-2-thread-1] DEBUG fr.inria.lille.repair.nopol.NoPol - Analysing SourceLocation org.apache.commons.lang.LocaleUtils:279 which is executed by 1 tests
-723213736
18:29:15.260 [pool-2-thread-1] DEBUG fr.inria.lille.repair.nopol.NoPol - looking with class fr.inria.lille.repair.nopol.spoon.smt.ConditionalAdder
junit.framework.AssertionFailedError: expected:<4> but was:<5>
    at junit.framework.Assert.fail(Assert.java:57)
    at junit.framework.Assert.failNotEquals(Assert.java:329)
    at junit.framework.Assert.assertEquals(Assert.java:78)
    at junit.framework.Assert.assertEquals(Assert.java:234)
    at junit.framework.Assert.assertEquals(Assert.java:241)
    at junit.framework.TestCase.assertEquals(TestCase.java:409)
18:29:15.273 [pool-16-thread-1] INFO  xxl.java.junit.TestCasesListener - Tests run finished (7 ms)
<> Total tests run: 11
<> Ignored tests: 0
<> Failed tests: 1
~ testCountriesByLanguage(org.apache.commons.lang.LocaleUtilsTest)
[expected:<4> but was:<5>]
junit.framework.AssertionFailedError: expected:<4> but was:<5>    at junit.framework.Assert.fail(Assert.java:57)
    at junit.framework.Assert.failNotEquals(Assert.java:329)
    at junit.framework.Assert.assertEquals(Assert.java:78)
    at junit.framework.Assert.assertEquals(Assert.java:234)
    at junit.framework.Assert.assertEquals(Assert.java:241)
    at junit.framework.TestCase.assertEquals(TestCase.java:409)

junit.framework.AssertionFailedError: expected:<4> but was:<0>
    at junit.framework.Assert.fail(Assert.java:57)
    at junit.framework.Assert.failNotEquals(Assert.java:329)
    at junit.framework.Assert.assertEquals(Assert.java:78)
    at junit.framework.Assert.assertEquals(Assert.java:234)
    at junit.framework.Assert.assertEquals(Assert.java:241)
    at junit.framework.TestCase.assertEquals(TestCase.java:409)
18:29:15.536 [pool-17-thread-1] INFO  f.i.l.c.t.SpecificationTestCasesListener - Tests run finished (3 ms)
<> Total tests run: 1
<> Ignored tests: 0
<> Failed tests: 1
~ testCountriesByLanguage(org.apache.commons.lang.LocaleUtilsTest)
[expected:<4> but was:<0>]
junit.framework.AssertionFailedError: expected:<4> but was:<0>    at junit.framework.Assert.fail(Assert.java:57)
    at junit.framework.Assert.failNotEquals(Assert.java:329)
    at junit.framework.Assert.assertEquals(Assert.java:78)
    at junit.framework.Assert.assertEquals(Assert.java:234)
    at junit.framework.Assert.assertEquals(Assert.java:241)
    at junit.framework.TestCase.assertEquals(TestCase.java:409)

junit.framework.AssertionFailedError: expected:<4> but was:<0>
    at junit.framework.Assert.fail(Assert.java:57)
    at junit.framework.Assert.failNotEquals(Assert.java:329)
    at junit.framework.Assert.assertEquals(Assert.java:78)
    at junit.framework.Assert.assertEquals(Assert.java:234)
    at junit.framework.Assert.assertEquals(Assert.java:241)
    at junit.framework.TestCase.assertEquals(TestCase.java:409)
18:29:15.540 [pool-18-thread-1] INFO  f.i.l.c.t.SpecificationTestCasesListener - Tests run finished (1 ms)
<> Total tests run: 1
<> Ignored tests: 0
<> Failed tests: 1
~ testCountriesByLanguage(org.apache.commons.lang.LocaleUtilsTest)
[expected:<4> but was:<0>]
junit.framework.AssertionFailedError: expected:<4> but was:<0>    at junit.framework.Assert.fail(Assert.java:57)
    at junit.framework.Assert.failNotEquals(Assert.java:329)
    at junit.framework.Assert.assertEquals(Assert.java:78)
    at junit.framework.Assert.assertEquals(Assert.java:234)
    at junit.framework.Assert.assertEquals(Assert.java:241)
    at junit.framework.TestCase.assertEquals(TestCase.java:409)

18:29:15.541 [pool-15-thread-1] DEBUG tests.output - Failing tests with false: 
[testCountriesByLanguage(org.apache.commons.lang.LocaleUtilsTest): expected:<4> but was:<0>]
18:29:15.541 [pool-15-thread-1] DEBUG tests.output - Failing tests with true: 
[testCountriesByLanguage(org.apache.commons.lang.LocaleUtilsTest): expected:<4> but was:<0>]
18:29:15.541 [pool-15-thread-1] INFO  f.i.l.r.n.synth.SMTNopolSynthesizer - Not enough specifications: 0. A trivial patch is "true" or "false", please write new tests specifying SourceLocation org.apache.commons.lang.LocaleUtils:279.
18:29:15.541 [pool-2-thread-1] DEBUG fr.inria.lille.repair.nopol.NoPol - statement #7
18:29:15.542 [pool-2-thread-1] DEBUG fr.inria.lille.repair.nopol.NoPol - Analysing SourceLocation org.apache.commons.lang.LocaleUtils:276 which is executed by 1 tests
-723213736
18:29:15.668 [pool-2-thread-1] DEBUG fr.inria.lille.repair.nopol.NoPol - looking with class fr.inria.lille.repair.nopol.spoon.smt.ConditionalAdder
junit.framework.AssertionFailedError: expected:<4> but was:<5>
    at junit.framework.Assert.fail(Assert.java:57)
    at junit.framework.Assert.failNotEquals(Assert.java:329)
    at junit.framework.Assert.assertEquals(Assert.java:78)
    at junit.framework.Assert.assertEquals(Assert.java:234)
    at junit.framework.Assert.assertEquals(Assert.java:241)
    at junit.framework.TestCase.assertEquals(TestCase.java:409)
18:29:15.680 [pool-20-thread-1] INFO  xxl.java.junit.TestCasesListener - Tests run finished (8 ms)
<> Total tests run: 11
<> Ignored tests: 0
<> Failed tests: 1
~ testCountriesByLanguage(org.apache.commons.lang.LocaleUtilsTest)
[expected:<4> but was:<5>]
junit.framework.AssertionFailedError: expected:<4> but was:<5>    at junit.framework.Assert.fail(Assert.java:57)
    at junit.framework.Assert.failNotEquals(Assert.java:329)
    at junit.framework.Assert.assertEquals(Assert.java:78)
    at junit.framework.Assert.assertEquals(Assert.java:234)
    at junit.framework.Assert.assertEquals(Assert.java:241)
    at junit.framework.TestCase.assertEquals(TestCase.java:409)

junit.framework.AssertionFailedError: expected:<4> but was:<0>
    at junit.framework.Assert.fail(Assert.java:57)
    at junit.framework.Assert.failNotEquals(Assert.java:329)
    at junit.framework.Assert.assertEquals(Assert.java:78)
    at junit.framework.Assert.assertEquals(Assert.java:234)
    at junit.framework.Assert.assertEquals(Assert.java:241)
    at junit.framework.TestCase.assertEquals(TestCase.java:409)
18:29:15.948 [pool-21-thread-1] INFO  f.i.l.c.t.SpecificationTestCasesListener - Tests run finished (17 ms)
<> Total tests run: 1
<> Ignored tests: 0
<> Failed tests: 1
~ testCountriesByLanguage(org.apache.commons.lang.LocaleUtilsTest)
[expected:<4> but was:<0>]
junit.framework.AssertionFailedError: expected:<4> but was:<0>    at junit.framework.Assert.fail(Assert.java:57)
    at junit.framework.Assert.failNotEquals(Assert.java:329)
    at junit.framework.Assert.assertEquals(Assert.java:78)
    at junit.framework.Assert.assertEquals(Assert.java:234)
    at junit.framework.Assert.assertEquals(Assert.java:241)
    at junit.framework.TestCase.assertEquals(TestCase.java:409)

junit.framework.AssertionFailedError: expected:<4> but was:<0>
    at junit.framework.Assert.fail(Assert.java:57)
    at junit.framework.Assert.failNotEquals(Assert.java:329)
    at junit.framework.Assert.assertEquals(Assert.java:78)
    at junit.framework.Assert.assertEquals(Assert.java:234)
    at junit.framework.Assert.assertEquals(Assert.java:241)
    at junit.framework.TestCase.assertEquals(TestCase.java:409)
18:29:15.952 [pool-22-thread-1] INFO  f.i.l.c.t.SpecificationTestCasesListener - Tests run finished (1 ms)
<> Total tests run: 1
<> Ignored tests: 0
<> Failed tests: 1
~ testCountriesByLanguage(org.apache.commons.lang.LocaleUtilsTest)
[expected:<4> but was:<0>]
junit.framework.AssertionFailedError: expected:<4> but was:<0>    at junit.framework.Assert.fail(Assert.java:57)
    at junit.framework.Assert.failNotEquals(Assert.java:329)
    at junit.framework.Assert.assertEquals(Assert.java:78)
    at junit.framework.Assert.assertEquals(Assert.java:234)
    at junit.framework.Assert.assertEquals(Assert.java:241)
    at junit.framework.TestCase.assertEquals(TestCase.java:409)

18:29:15.959 [pool-19-thread-1] DEBUG tests.output - Failing tests with false: 
[testCountriesByLanguage(org.apache.commons.lang.LocaleUtilsTest): expected:<4> but was:<0>]
18:29:15.959 [pool-19-thread-1] DEBUG tests.output - Failing tests with true: 
[testCountriesByLanguage(org.apache.commons.lang.LocaleUtilsTest): expected:<4> but was:<0>]
18:29:15.960 [pool-19-thread-1] INFO  f.i.l.r.n.synth.SMTNopolSynthesizer - Not enough specifications: 0. A trivial patch is "true" or "false", please write new tests specifying SourceLocation org.apache.commons.lang.LocaleUtils:276.
18:29:15.960 [pool-2-thread-1] DEBUG fr.inria.lille.repair.nopol.NoPol - looking with class fr.inria.lille.repair.nopol.spoon.smt.ConditionalReplacer
junit.framework.AssertionFailedError: expected:<4> but was:<5>
    at junit.framework.Assert.fail(Assert.java:57)
    at junit.framework.Assert.failNotEquals(Assert.java:329)
    at junit.framework.Assert.assertEquals(Assert.java:78)
    at junit.framework.Assert.assertEquals(Assert.java:234)
    at junit.framework.Assert.assertEquals(Assert.java:241)
    at junit.framework.TestCase.assertEquals(TestCase.java:409)
18:29:15.971 [pool-24-thread-1] INFO  xxl.java.junit.TestCasesListener - Tests run finished (6 ms)
<> Total tests run: 11
<> Ignored tests: 0
<> Failed tests: 1
~ testCountriesByLanguage(org.apache.commons.lang.LocaleUtilsTest)
[expected:<4> but was:<5>]
junit.framework.AssertionFailedError: expected:<4> but was:<5>    at junit.framework.Assert.fail(Assert.java:57)
    at junit.framework.Assert.failNotEquals(Assert.java:329)
    at junit.framework.Assert.assertEquals(Assert.java:78)
    at junit.framework.Assert.assertEquals(Assert.java:234)
    at junit.framework.Assert.assertEquals(Assert.java:241)
    at junit.framework.TestCase.assertEquals(TestCase.java:409)

junit.framework.AssertionFailedError: expected:<4> but was:<0>
    at junit.framework.Assert.fail(Assert.java:57)
    at junit.framework.Assert.failNotEquals(Assert.java:329)
    at junit.framework.Assert.assertEquals(Assert.java:78)
    at junit.framework.Assert.assertEquals(Assert.java:234)
    at junit.framework.Assert.assertEquals(Assert.java:241)
    at junit.framework.TestCase.assertEquals(TestCase.java:409)
18:29:16.214 [pool-25-thread-1] INFO  f.i.l.c.t.SpecificationTestCasesListener - Tests run finished (11 ms)
<> Total tests run: 1
<> Ignored tests: 0
<> Failed tests: 1
~ testCountriesByLanguage(org.apache.commons.lang.LocaleUtilsTest)
[expected:<4> but was:<0>]
junit.framework.AssertionFailedError: expected:<4> but was:<0>    at junit.framework.Assert.fail(Assert.java:57)
    at junit.framework.Assert.failNotEquals(Assert.java:329)
    at junit.framework.Assert.assertEquals(Assert.java:78)
    at junit.framework.Assert.assertEquals(Assert.java:234)
    at junit.framework.Assert.assertEquals(Assert.java:241)
    at junit.framework.TestCase.assertEquals(TestCase.java:409)

junit.framework.AssertionFailedError: expected:<4> but was:<0>
    at junit.framework.Assert.fail(Assert.java:57)
    at junit.framework.Assert.failNotEquals(Assert.java:329)
    at junit.framework.Assert.assertEquals(Assert.java:78)
    at junit.framework.Assert.assertEquals(Assert.java:234)
    at junit.framework.Assert.assertEquals(Assert.java:241)
    at junit.framework.TestCase.assertEquals(TestCase.java:409)
18:29:16.225 [pool-26-thread-1] INFO  f.i.l.c.t.SpecificationTestCasesListener - Tests run finished (1 ms)
<> Total tests run: 1
<> Ignored tests: 0
<> Failed tests: 1
~ testCountriesByLanguage(org.apache.commons.lang.LocaleUtilsTest)
[expected:<4> but was:<0>]
junit.framework.AssertionFailedError: expected:<4> but was:<0>    at junit.framework.Assert.fail(Assert.java:57)
    at junit.framework.Assert.failNotEquals(Assert.java:329)
    at junit.framework.Assert.assertEquals(Assert.java:78)
    at junit.framework.Assert.assertEquals(Assert.java:234)
    at junit.framework.Assert.assertEquals(Assert.java:241)
    at junit.framework.TestCase.assertEquals(TestCase.java:409)

18:29:16.228 [pool-23-thread-1] DEBUG tests.output - Failing tests with false: 
[testCountriesByLanguage(org.apache.commons.lang.LocaleUtilsTest): expected:<4> but was:<0>]
18:29:16.228 [pool-23-thread-1] DEBUG tests.output - Failing tests with true: 
[testCountriesByLanguage(org.apache.commons.lang.LocaleUtilsTest): expected:<4> but was:<0>]
18:29:16.229 [pool-23-thread-1] INFO  f.i.l.r.n.synth.SMTNopolSynthesizer - Not enough specifications: 0. A trivial patch is "true" or "false", please write new tests specifying SourceLocation org.apache.commons.lang.LocaleUtils:276.
18:29:16.229 [pool-2-thread-1] DEBUG fr.inria.lille.repair.nopol.NoPol - statement #8
18:29:16.229 [pool-2-thread-1] DEBUG fr.inria.lille.repair.nopol.NoPol - Analysing SourceLocation org.apache.commons.lang.LocaleUtils:275 which is executed by 1 tests
-723213736
18:29:16.352 [pool-2-thread-1] DEBUG fr.inria.lille.repair.nopol.NoPol - statement #9
18:29:16.352 [pool-2-thread-1] DEBUG fr.inria.lille.repair.nopol.NoPol - Analysing SourceLocation org.apache.commons.lang.LocaleUtils:274 which is executed by 1 tests
-723213736
18:29:16.490 [pool-2-thread-1] DEBUG fr.inria.lille.repair.nopol.NoPol - looking with class fr.inria.lille.repair.nopol.spoon.smt.ConditionalAdder
junit.framework.AssertionFailedError: expected:<4> but was:<5>
    at junit.framework.Assert.fail(Assert.java:57)
    at junit.framework.Assert.failNotEquals(Assert.java:329)
    at junit.framework.Assert.assertEquals(Assert.java:78)
    at junit.framework.Assert.assertEquals(Assert.java:234)
    at junit.framework.Assert.assertEquals(Assert.java:241)
    at junit.framework.TestCase.assertEquals(TestCase.java:409)
18:29:16.503 [pool-28-thread-1] INFO  xxl.java.junit.TestCasesListener - Tests run finished (7 ms)
<> Total tests run: 11
<> Ignored tests: 0
<> Failed tests: 1
~ testCountriesByLanguage(org.apache.commons.lang.LocaleUtilsTest)
[expected:<4> but was:<5>]
junit.framework.AssertionFailedError: expected:<4> but was:<5>    at junit.framework.Assert.fail(Assert.java:57)
    at junit.framework.Assert.failNotEquals(Assert.java:329)
    at junit.framework.Assert.assertEquals(Assert.java:78)
    at junit.framework.Assert.assertEquals(Assert.java:234)
    at junit.framework.Assert.assertEquals(Assert.java:241)
    at junit.framework.TestCase.assertEquals(TestCase.java:409)

junit.framework.AssertionFailedError: expected:<4> but was:<0>
    at junit.framework.Assert.fail(Assert.java:57)
    at junit.framework.Assert.failNotEquals(Assert.java:329)
    at junit.framework.Assert.assertEquals(Assert.java:78)
    at junit.framework.Assert.assertEquals(Assert.java:234)
    at junit.framework.Assert.assertEquals(Assert.java:241)
    at junit.framework.TestCase.assertEquals(TestCase.java:409)
18:29:16.784 [pool-29-thread-1] INFO  f.i.l.c.t.SpecificationTestCasesListener - Tests run finished (2 ms)
<> Total tests run: 1
<> Ignored tests: 0
<> Failed tests: 1
~ testCountriesByLanguage(org.apache.commons.lang.LocaleUtilsTest)
[expected:<4> but was:<0>]
junit.framework.AssertionFailedError: expected:<4> but was:<0>    at junit.framework.Assert.fail(Assert.java:57)
    at junit.framework.Assert.failNotEquals(Assert.java:329)
    at junit.framework.Assert.assertEquals(Assert.java:78)
    at junit.framework.Assert.assertEquals(Assert.java:234)
    at junit.framework.Assert.assertEquals(Assert.java:241)
    at junit.framework.TestCase.assertEquals(TestCase.java:409)

junit.framework.AssertionFailedError: expected:<4> but was:<0>
    at junit.framework.Assert.fail(Assert.java:57)
    at junit.framework.Assert.failNotEquals(Assert.java:329)
    at junit.framework.Assert.assertEquals(Assert.java:78)
    at junit.framework.Assert.assertEquals(Assert.java:234)
    at junit.framework.Assert.assertEquals(Assert.java:241)
    at junit.framework.TestCase.assertEquals(TestCase.java:409)
18:29:16.786 [pool-30-thread-1] INFO  f.i.l.c.t.SpecificationTestCasesListener - Tests run finished (0 ms)
<> Total tests run: 1
<> Ignored tests: 0
<> Failed tests: 1
~ testCountriesByLanguage(org.apache.commons.lang.LocaleUtilsTest)
[expected:<4> but was:<0>]
junit.framework.AssertionFailedError: expected:<4> but was:<0>    at junit.framework.Assert.fail(Assert.java:57)
    at junit.framework.Assert.failNotEquals(Assert.java:329)
    at junit.framework.Assert.assertEquals(Assert.java:78)
    at junit.framework.Assert.assertEquals(Assert.java:234)
    at junit.framework.Assert.assertEquals(Assert.java:241)
    at junit.framework.TestCase.assertEquals(TestCase.java:409)

18:29:16.787 [pool-27-thread-1] DEBUG tests.output - Failing tests with false: 
[testCountriesByLanguage(org.apache.commons.lang.LocaleUtilsTest): expected:<4> but was:<0>]
18:29:16.787 [pool-27-thread-1] DEBUG tests.output - Failing tests with true: 
[testCountriesByLanguage(org.apache.commons.lang.LocaleUtilsTest): expected:<4> but was:<0>]
18:29:16.787 [pool-27-thread-1] INFO  f.i.l.r.n.synth.SMTNopolSynthesizer - Not enough specifications: 0. A trivial patch is "true" or "false", please write new tests specifying SourceLocation org.apache.commons.lang.LocaleUtils:274.
18:29:16.788 [pool-2-thread-1] DEBUG fr.inria.lille.repair.nopol.NoPol - statement #10
18:29:16.788 [pool-2-thread-1] DEBUG fr.inria.lille.repair.nopol.NoPol - Analysing SourceLocation org.apache.commons.lang.LocaleUtils:273 which is executed by 1 tests
-723213736
18:29:16.909 [pool-2-thread-1] DEBUG fr.inria.lille.repair.nopol.NoPol - statement #11
18:29:16.910 [pool-2-thread-1] DEBUG fr.inria.lille.repair.nopol.NoPol - Analysing SourceLocation org.apache.commons.lang.LocaleUtils:272 which is executed by 1 tests
-723213736
18:29:17.029 [pool-2-thread-1] DEBUG fr.inria.lille.repair.nopol.NoPol - looking with class fr.inria.lille.repair.nopol.spoon.smt.ConditionalAdder
junit.framework.AssertionFailedError: expected:<4> but was:<5>
    at junit.framework.Assert.fail(Assert.java:57)
    at junit.framework.Assert.failNotEquals(Assert.java:329)
    at junit.framework.Assert.assertEquals(Assert.java:78)
    at junit.framework.Assert.assertEquals(Assert.java:234)
    at junit.framework.Assert.assertEquals(Assert.java:241)
    at junit.framework.TestCase.assertEquals(TestCase.java:409)
18:29:17.041 [pool-32-thread-1] INFO  xxl.java.junit.TestCasesListener - Tests run finished (7 ms)
<> Total tests run: 11
<> Ignored tests: 0
<> Failed tests: 1
~ testCountriesByLanguage(org.apache.commons.lang.LocaleUtilsTest)
[expected:<4> but was:<5>]
junit.framework.AssertionFailedError: expected:<4> but was:<5>    at junit.framework.Assert.fail(Assert.java:57)
    at junit.framework.Assert.failNotEquals(Assert.java:329)
    at junit.framework.Assert.assertEquals(Assert.java:78)
    at junit.framework.Assert.assertEquals(Assert.java:234)
    at junit.framework.Assert.assertEquals(Assert.java:241)
    at junit.framework.TestCase.assertEquals(TestCase.java:409)

java.lang.NullPointerException
    at org.apache.commons.lang.LocaleUtils.countriesByLanguage(LocaleUtils.java:143)
    at org.apache.commons.lang.LocaleUtilsTest.assertCountriesByLanguage(LocaleUtilsTest.java:440)
    at org.apache.commons.lang.LocaleUtilsTest.testCountriesByLanguage(LocaleUtilsTest.java:474)
    at sun.reflect.NativeMethodAccessorImpl.invoke0(Native Method)
    at sun.reflect.NativeMethodAccessorImpl.invoke(NativeMethodAccessorImpl.java:62)
    at sun.reflect.DelegatingMethodAccessorImpl.invoke(DelegatingMethodAccessorImpl.java:43)
18:29:17.256 [pool-33-thread-1] INFO  f.i.l.c.t.SpecificationTestCasesListener - Tests run finished (3 ms)
<> Total tests run: 1
<> Ignored tests: 0
<> Failed tests: 1
~ testCountriesByLanguage(org.apache.commons.lang.LocaleUtilsTest)
[null]
java.lang.NullPointerException    at org.apache.commons.lang.LocaleUtils.countriesByLanguage(LocaleUtils.java:143)
    at org.apache.commons.lang.LocaleUtilsTest.assertCountriesByLanguage(LocaleUtilsTest.java:440)
    at org.apache.commons.lang.LocaleUtilsTest.testCountriesByLanguage(LocaleUtilsTest.java:474)
    at sun.reflect.NativeMethodAccessorImpl.invoke0(Native Method)
    at sun.reflect.NativeMethodAccessorImpl.invoke(NativeMethodAccessorImpl.java:62)
    at sun.reflect.DelegatingMethodAccessorImpl.invoke(DelegatingMethodAccessorImpl.java:43)

junit.framework.AssertionFailedError: expected:<4> but was:<5>
    at junit.framework.Assert.fail(Assert.java:57)
    at junit.framework.Assert.failNotEquals(Assert.java:329)
    at junit.framework.Assert.assertEquals(Assert.java:78)
    at junit.framework.Assert.assertEquals(Assert.java:234)
    at junit.framework.Assert.assertEquals(Assert.java:241)
    at junit.framework.TestCase.assertEquals(TestCase.java:409)
18:29:17.260 [pool-34-thread-1] INFO  f.i.l.c.t.SpecificationTestCasesListener - Tests run finished (2 ms)
<> Total tests run: 1
<> Ignored tests: 0
<> Failed tests: 1
~ testCountriesByLanguage(org.apache.commons.lang.LocaleUtilsTest)
[expected:<4> but was:<5>]
junit.framework.AssertionFailedError: expected:<4> but was:<5>    at junit.framework.Assert.fail(Assert.java:57)
    at junit.framework.Assert.failNotEquals(Assert.java:329)
    at junit.framework.Assert.assertEquals(Assert.java:78)
    at junit.framework.Assert.assertEquals(Assert.java:234)
    at junit.framework.Assert.assertEquals(Assert.java:241)
    at junit.framework.TestCase.assertEquals(TestCase.java:409)

18:29:17.261 [pool-31-thread-1] DEBUG tests.output - Failing tests with false: 
[testCountriesByLanguage(org.apache.commons.lang.LocaleUtilsTest): null]
18:29:17.261 [pool-31-thread-1] DEBUG tests.output - Failing tests with true: 
[testCountriesByLanguage(org.apache.commons.lang.LocaleUtilsTest): expected:<4> but was:<5>]
18:29:17.261 [pool-31-thread-1] INFO  f.i.l.r.n.synth.SMTNopolSynthesizer - Not enough specifications: 0. A trivial patch is "true" or "false", please write new tests specifying SourceLocation org.apache.commons.lang.LocaleUtils:272.
18:29:17.261 [pool-2-thread-1] DEBUG fr.inria.lille.repair.nopol.NoPol - statement #12
18:29:17.262 [pool-2-thread-1] DEBUG fr.inria.lille.repair.nopol.NoPol - Analysing SourceLocation org.apache.commons.lang.LocaleUtils:271 which is executed by 1 tests
-723213736
18:29:17.382 [pool-2-thread-1] DEBUG fr.inria.lille.repair.nopol.NoPol - looking with class fr.inria.lille.repair.nopol.spoon.smt.ConditionalAdder
junit.framework.AssertionFailedError: expected:<4> but was:<5>
    at junit.framework.Assert.fail(Assert.java:57)
    at junit.framework.Assert.failNotEquals(Assert.java:329)
    at junit.framework.Assert.assertEquals(Assert.java:78)
    at junit.framework.Assert.assertEquals(Assert.java:234)
    at junit.framework.Assert.assertEquals(Assert.java:241)
    at junit.framework.TestCase.assertEquals(TestCase.java:409)
18:29:17.395 [pool-36-thread-1] INFO  xxl.java.junit.TestCasesListener - Tests run finished (6 ms)
<> Total tests run: 11
<> Ignored tests: 0
<> Failed tests: 1
~ testCountriesByLanguage(org.apache.commons.lang.LocaleUtilsTest)
[expected:<4> but was:<5>]
junit.framework.AssertionFailedError: expected:<4> but was:<5>    at junit.framework.Assert.fail(Assert.java:57)
    at junit.framework.Assert.failNotEquals(Assert.java:329)
    at junit.framework.Assert.assertEquals(Assert.java:78)
    at junit.framework.Assert.assertEquals(Assert.java:234)
    at junit.framework.Assert.assertEquals(Assert.java:241)
    at junit.framework.TestCase.assertEquals(TestCase.java:409)

junit.framework.AssertionFailedError
    at junit.framework.Assert.fail(Assert.java:55)
    at junit.framework.Assert.assertTrue(Assert.java:22)
    at junit.framework.Assert.assertNotNull(Assert.java:256)
    at junit.framework.Assert.assertNotNull(Assert.java:248)
    at junit.framework.TestCase.assertNotNull(TestCase.java:417)
    at org.apache.commons.lang.LocaleUtilsTest.assertCountriesByLanguage(LocaleUtilsTest.java:442)
18:29:17.614 [pool-37-thread-1] INFO  f.i.l.c.t.SpecificationTestCasesListener - Tests run finished (2 ms)
<> Total tests run: 1
<> Ignored tests: 0
<> Failed tests: 1
~ testCountriesByLanguage(org.apache.commons.lang.LocaleUtilsTest)
[null]
junit.framework.AssertionFailedError    at junit.framework.Assert.fail(Assert.java:55)
    at junit.framework.Assert.assertTrue(Assert.java:22)
    at junit.framework.Assert.assertNotNull(Assert.java:256)
    at junit.framework.Assert.assertNotNull(Assert.java:248)
    at junit.framework.TestCase.assertNotNull(TestCase.java:417)
    at org.apache.commons.lang.LocaleUtilsTest.assertCountriesByLanguage(LocaleUtilsTest.java:442)

junit.framework.AssertionFailedError: expected:<4> but was:<5>
    at junit.framework.Assert.fail(Assert.java:57)
    at junit.framework.Assert.failNotEquals(Assert.java:329)
    at junit.framework.Assert.assertEquals(Assert.java:78)
    at junit.framework.Assert.assertEquals(Assert.java:234)
    at junit.framework.Assert.assertEquals(Assert.java:241)
    at junit.framework.TestCase.assertEquals(TestCase.java:409)
18:29:17.618 [pool-38-thread-1] INFO  f.i.l.c.t.SpecificationTestCasesListener - Tests run finished (1 ms)
<> Total tests run: 1
<> Ignored tests: 0
<> Failed tests: 1
~ testCountriesByLanguage(org.apache.commons.lang.LocaleUtilsTest)
[expected:<4> but was:<5>]
junit.framework.AssertionFailedError: expected:<4> but was:<5>    at junit.framework.Assert.fail(Assert.java:57)
    at junit.framework.Assert.failNotEquals(Assert.java:329)
    at junit.framework.Assert.assertEquals(Assert.java:78)
    at junit.framework.Assert.assertEquals(Assert.java:234)
    at junit.framework.Assert.assertEquals(Assert.java:241)
    at junit.framework.TestCase.assertEquals(TestCase.java:409)

18:29:17.619 [pool-35-thread-1] DEBUG tests.output - Failing tests with false: 
[testCountriesByLanguage(org.apache.commons.lang.LocaleUtilsTest): null]
18:29:17.620 [pool-35-thread-1] DEBUG tests.output - Failing tests with true: 
[testCountriesByLanguage(org.apache.commons.lang.LocaleUtilsTest): expected:<4> but was:<5>]
18:29:17.620 [pool-35-thread-1] INFO  f.i.l.r.n.synth.SMTNopolSynthesizer - Not enough specifications: 0. A trivial patch is "true" or "false", please write new tests specifying SourceLocation org.apache.commons.lang.LocaleUtils:271.
18:29:17.620 [pool-2-thread-1] DEBUG fr.inria.lille.repair.nopol.NoPol - looking with class fr.inria.lille.repair.nopol.spoon.smt.ConditionalReplacer
junit.framework.AssertionFailedError: expected:<4> but was:<5>
    at junit.framework.Assert.fail(Assert.java:57)
    at junit.framework.Assert.failNotEquals(Assert.java:329)
    at junit.framework.Assert.assertEquals(Assert.java:78)
    at junit.framework.Assert.assertEquals(Assert.java:234)
    at junit.framework.Assert.assertEquals(Assert.java:241)
    at junit.framework.TestCase.assertEquals(TestCase.java:409)
18:29:17.645 [pool-40-thread-1] INFO  xxl.java.junit.TestCasesListener - Tests run finished (11 ms)
<> Total tests run: 11
<> Ignored tests: 0
<> Failed tests: 1
~ testCountriesByLanguage(org.apache.commons.lang.LocaleUtilsTest)
[expected:<4> but was:<5>]
junit.framework.AssertionFailedError: expected:<4> but was:<5>    at junit.framework.Assert.fail(Assert.java:57)
    at junit.framework.Assert.failNotEquals(Assert.java:329)
    at junit.framework.Assert.assertEquals(Assert.java:78)
    at junit.framework.Assert.assertEquals(Assert.java:234)
    at junit.framework.Assert.assertEquals(Assert.java:241)
    at junit.framework.TestCase.assertEquals(TestCase.java:409)

junit.framework.AssertionFailedError: expected:<4> but was:<0>
    at junit.framework.Assert.fail(Assert.java:57)
    at junit.framework.Assert.failNotEquals(Assert.java:329)
    at junit.framework.Assert.assertEquals(Assert.java:78)
    at junit.framework.Assert.assertEquals(Assert.java:234)
    at junit.framework.Assert.assertEquals(Assert.java:241)
    at junit.framework.TestCase.assertEquals(TestCase.java:409)
18:29:17.862 [pool-41-thread-1] INFO  f.i.l.c.t.SpecificationTestCasesListener - Tests run finished (2 ms)
<> Total tests run: 1
<> Ignored tests: 0
<> Failed tests: 1
~ testCountriesByLanguage(org.apache.commons.lang.LocaleUtilsTest)
[expected:<4> but was:<0>]
junit.framework.AssertionFailedError: expected:<4> but was:<0>    at junit.framework.Assert.fail(Assert.java:57)
    at junit.framework.Assert.failNotEquals(Assert.java:329)
    at junit.framework.Assert.assertEquals(Assert.java:78)
    at junit.framework.Assert.assertEquals(Assert.java:234)
    at junit.framework.Assert.assertEquals(Assert.java:241)
    at junit.framework.TestCase.assertEquals(TestCase.java:409)

junit.framework.AssertionFailedError: expected:<4> but was:<0>
    at junit.framework.Assert.fail(Assert.java:57)
    at junit.framework.Assert.failNotEquals(Assert.java:329)
    at junit.framework.Assert.assertEquals(Assert.java:78)
    at junit.framework.Assert.assertEquals(Assert.java:234)
    at junit.framework.Assert.assertEquals(Assert.java:241)
    at junit.framework.TestCase.assertEquals(TestCase.java:409)
18:29:17.865 [pool-42-thread-1] INFO  f.i.l.c.t.SpecificationTestCasesListener - Tests run finished (1 ms)
<> Total tests run: 1
<> Ignored tests: 0
<> Failed tests: 1
~ testCountriesByLanguage(org.apache.commons.lang.LocaleUtilsTest)
[expected:<4> but was:<0>]
junit.framework.AssertionFailedError: expected:<4> but was:<0>    at junit.framework.Assert.fail(Assert.java:57)
    at junit.framework.Assert.failNotEquals(Assert.java:329)
    at junit.framework.Assert.assertEquals(Assert.java:78)
    at junit.framework.Assert.assertEquals(Assert.java:234)
    at junit.framework.Assert.assertEquals(Assert.java:241)
    at junit.framework.TestCase.assertEquals(TestCase.java:409)

18:29:17.866 [pool-39-thread-1] DEBUG tests.output - Failing tests with false: 
[testCountriesByLanguage(org.apache.commons.lang.LocaleUtilsTest): expected:<4> but was:<0>]
18:29:17.866 [pool-39-thread-1] DEBUG tests.output - Failing tests with true: 
[testCountriesByLanguage(org.apache.commons.lang.LocaleUtilsTest): expected:<4> but was:<0>]
18:29:17.866 [pool-39-thread-1] INFO  f.i.l.r.n.synth.SMTNopolSynthesizer - Not enough specifications: 0. A trivial patch is "true" or "false", please write new tests specifying SourceLocation org.apache.commons.lang.LocaleUtils:271.
18:29:17.867 [pool-2-thread-1] DEBUG fr.inria.lille.repair.nopol.NoPol - statement #13
18:29:17.867 [pool-2-thread-1] DEBUG fr.inria.lille.repair.nopol.NoPol - Analysing SourceLocation org.apache.commons.lang.LocaleUtils:270 which is executed by 1 tests
-723213736
18:29:18.023 [pool-2-thread-1] DEBUG fr.inria.lille.repair.nopol.NoPol - looking with class fr.inria.lille.repair.nopol.spoon.smt.ConditionalAdder
junit.framework.AssertionFailedError: expected:<4> but was:<5>
    at junit.framework.Assert.fail(Assert.java:57)
    at junit.framework.Assert.failNotEquals(Assert.java:329)
    at junit.framework.Assert.assertEquals(Assert.java:78)
    at junit.framework.Assert.assertEquals(Assert.java:234)
    at junit.framework.Assert.assertEquals(Assert.java:241)
    at junit.framework.TestCase.assertEquals(TestCase.java:409)
18:29:18.037 [pool-44-thread-1] INFO  xxl.java.junit.TestCasesListener - Tests run finished (8 ms)
<> Total tests run: 11
<> Ignored tests: 0
<> Failed tests: 1
~ testCountriesByLanguage(org.apache.commons.lang.LocaleUtilsTest)
[expected:<4> but was:<5>]
junit.framework.AssertionFailedError: expected:<4> but was:<5>    at junit.framework.Assert.fail(Assert.java:57)
    at junit.framework.Assert.failNotEquals(Assert.java:329)
    at junit.framework.Assert.assertEquals(Assert.java:78)
    at junit.framework.Assert.assertEquals(Assert.java:234)
    at junit.framework.Assert.assertEquals(Assert.java:241)
    at junit.framework.TestCase.assertEquals(TestCase.java:409)

junit.framework.AssertionFailedError
    at junit.framework.Assert.fail(Assert.java:55)
    at junit.framework.Assert.assertTrue(Assert.java:22)
    at junit.framework.Assert.assertNotNull(Assert.java:256)
    at junit.framework.Assert.assertNotNull(Assert.java:248)
    at junit.framework.TestCase.assertNotNull(TestCase.java:417)
    at org.apache.commons.lang.LocaleUtilsTest.assertCountriesByLanguage(LocaleUtilsTest.java:442)
18:29:18.249 [pool-45-thread-1] INFO  f.i.l.c.t.SpecificationTestCasesListener - Tests run finished (2 ms)
<> Total tests run: 1
<> Ignored tests: 0
<> Failed tests: 1
~ testCountriesByLanguage(org.apache.commons.lang.LocaleUtilsTest)
[null]
junit.framework.AssertionFailedError    at junit.framework.Assert.fail(Assert.java:55)
    at junit.framework.Assert.assertTrue(Assert.java:22)
    at junit.framework.Assert.assertNotNull(Assert.java:256)
    at junit.framework.Assert.assertNotNull(Assert.java:248)
    at junit.framework.TestCase.assertNotNull(TestCase.java:417)
    at org.apache.commons.lang.LocaleUtilsTest.assertCountriesByLanguage(LocaleUtilsTest.java:442)

junit.framework.AssertionFailedError: expected:<4> but was:<5>
    at junit.framework.Assert.fail(Assert.java:57)
    at junit.framework.Assert.failNotEquals(Assert.java:329)
    at junit.framework.Assert.assertEquals(Assert.java:78)
    at junit.framework.Assert.assertEquals(Assert.java:234)
    at junit.framework.Assert.assertEquals(Assert.java:241)
    at junit.framework.TestCase.assertEquals(TestCase.java:409)
18:29:18.253 [pool-46-thread-1] INFO  f.i.l.c.t.SpecificationTestCasesListener - Tests run finished (1 ms)
<> Total tests run: 1
<> Ignored tests: 0
<> Failed tests: 1
~ testCountriesByLanguage(org.apache.commons.lang.LocaleUtilsTest)
[expected:<4> but was:<5>]
junit.framework.AssertionFailedError: expected:<4> but was:<5>    at junit.framework.Assert.fail(Assert.java:57)
    at junit.framework.Assert.failNotEquals(Assert.java:329)
    at junit.framework.Assert.assertEquals(Assert.java:78)
    at junit.framework.Assert.assertEquals(Assert.java:234)
    at junit.framework.Assert.assertEquals(Assert.java:241)
    at junit.framework.TestCase.assertEquals(TestCase.java:409)

18:29:18.253 [pool-43-thread-1] DEBUG tests.output - Failing tests with false: 
[testCountriesByLanguage(org.apache.commons.lang.LocaleUtilsTest): null]
18:29:18.254 [pool-43-thread-1] DEBUG tests.output - Failing tests with true: 
[testCountriesByLanguage(org.apache.commons.lang.LocaleUtilsTest): expected:<4> but was:<5>]
18:29:18.254 [pool-43-thread-1] INFO  f.i.l.r.n.synth.SMTNopolSynthesizer - Not enough specifications: 0. A trivial patch is "true" or "false", please write new tests specifying SourceLocation org.apache.commons.lang.LocaleUtils:270.
18:29:18.254 [pool-2-thread-1] DEBUG fr.inria.lille.repair.nopol.NoPol - looking with class fr.inria.lille.repair.nopol.spoon.smt.ConditionalReplacer
junit.framework.AssertionFailedError: expected:<4> but was:<5>
    at junit.framework.Assert.fail(Assert.java:57)
    at junit.framework.Assert.failNotEquals(Assert.java:329)
    at junit.framework.Assert.assertEquals(Assert.java:78)
    at junit.framework.Assert.assertEquals(Assert.java:234)
    at junit.framework.Assert.assertEquals(Assert.java:241)
    at junit.framework.TestCase.assertEquals(TestCase.java:409)
18:29:18.266 [pool-48-thread-1] INFO  xxl.java.junit.TestCasesListener - Tests run finished (8 ms)
<> Total tests run: 11
<> Ignored tests: 0
<> Failed tests: 1
~ testCountriesByLanguage(org.apache.commons.lang.LocaleUtilsTest)
[expected:<4> but was:<5>]
junit.framework.AssertionFailedError: expected:<4> but was:<5>    at junit.framework.Assert.fail(Assert.java:57)
    at junit.framework.Assert.failNotEquals(Assert.java:329)
    at junit.framework.Assert.assertEquals(Assert.java:78)
    at junit.framework.Assert.assertEquals(Assert.java:234)
    at junit.framework.Assert.assertEquals(Assert.java:241)
    at junit.framework.TestCase.assertEquals(TestCase.java:409)

junit.framework.AssertionFailedError
    at junit.framework.Assert.fail(Assert.java:55)
    at junit.framework.Assert.assertTrue(Assert.java:22)
    at junit.framework.Assert.assertNotNull(Assert.java:256)
    at junit.framework.Assert.assertNotNull(Assert.java:248)
    at junit.framework.TestCase.assertNotNull(TestCase.java:417)
    at org.apache.commons.lang.LocaleUtilsTest.assertCountriesByLanguage(LocaleUtilsTest.java:442)
18:29:18.473 [pool-49-thread-1] INFO  f.i.l.c.t.SpecificationTestCasesListener - Tests run finished (2 ms)
<> Total tests run: 1
<> Ignored tests: 0
<> Failed tests: 1
~ testCountriesByLanguage(org.apache.commons.lang.LocaleUtilsTest)
[null]
junit.framework.AssertionFailedError    at junit.framework.Assert.fail(Assert.java:55)
    at junit.framework.Assert.assertTrue(Assert.java:22)
    at junit.framework.Assert.assertNotNull(Assert.java:256)
    at junit.framework.Assert.assertNotNull(Assert.java:248)
    at junit.framework.TestCase.assertNotNull(TestCase.java:417)
    at org.apache.commons.lang.LocaleUtilsTest.assertCountriesByLanguage(LocaleUtilsTest.java:442)

junit.framework.AssertionFailedError: expected same:<[de_CH, de_AT, de_LU, de_DE, de_GR]> was not:<[de_CH, de_AT, de_LU, de_DE, de_GR]>
    at junit.framework.Assert.fail(Assert.java:57)
    at junit.framework.Assert.failNotSame(Assert.java:325)
    at junit.framework.Assert.assertSame(Assert.java:288)
    at junit.framework.Assert.assertSame(Assert.java:296)
    at junit.framework.TestCase.assertSame(TestCase.java:465)
    at org.apache.commons.lang.LocaleUtilsTest.assertCountriesByLanguage(LocaleUtilsTest.java:443)
18:29:18.477 [pool-50-thread-1] INFO  f.i.l.c.t.SpecificationTestCasesListener - Tests run finished (2 ms)
<> Total tests run: 1
<> Ignored tests: 0
<> Failed tests: 1
~ testCountriesByLanguage(org.apache.commons.lang.LocaleUtilsTest)
[expected same:<[de_CH, de_AT, de_LU, de_DE, de_GR]> was not:<[de_CH, de_AT, de_LU, de_DE, de_GR]>]
junit.framework.AssertionFailedError: expected same:<[de_CH, de_AT, de_LU, de_DE, de_GR]> was not:<[de_CH, de_AT, de_LU, de_DE, de_GR]>    at junit.framework.Assert.fail(Assert.java:57)
    at junit.framework.Assert.failNotSame(Assert.java:325)
    at junit.framework.Assert.assertSame(Assert.java:288)
    at junit.framework.Assert.assertSame(Assert.java:296)
    at junit.framework.TestCase.assertSame(TestCase.java:465)
    at org.apache.commons.lang.LocaleUtilsTest.assertCountriesByLanguage(LocaleUtilsTest.java:443)

18:29:18.481 [pool-47-thread-1] DEBUG tests.output - Failing tests with false: 
[testCountriesByLanguage(org.apache.commons.lang.LocaleUtilsTest): null]
18:29:18.481 [pool-47-thread-1] DEBUG tests.output - Failing tests with true: 
[testCountriesByLanguage(org.apache.commons.lang.LocaleUtilsTest): expected same:<[de_CH, de_AT, de_LU, de_DE, de_GR]> was not:<[de_CH, de_AT, de_LU, de_DE, de_GR]>]
18:29:18.482 [pool-47-thread-1] INFO  f.i.l.r.n.synth.SMTNopolSynthesizer - Not enough specifications: 0. A trivial patch is "true" or "false", please write new tests specifying SourceLocation org.apache.commons.lang.LocaleUtils:270.
18:29:18.482 [pool-2-thread-1] DEBUG fr.inria.lille.repair.nopol.NoPol - statement #14
18:29:18.482 [pool-2-thread-1] DEBUG fr.inria.lille.repair.nopol.NoPol - Analysing SourceLocation org.apache.commons.lang.LocaleUtils:269 which is executed by 1 tests
-723213736
18:29:18.602 [pool-2-thread-1] DEBUG fr.inria.lille.repair.nopol.NoPol - statement #15
18:29:18.602 [pool-2-thread-1] DEBUG fr.inria.lille.repair.nopol.NoPol - Analysing SourceLocation org.apache.commons.lang.text.StrBuilder:1747 which is executed by 2 tests
370441291
18:29:18.795 [pool-2-thread-1] DEBUG fr.inria.lille.repair.nopol.NoPol - statement #16
18:29:18.795 [pool-2-thread-1] DEBUG fr.inria.lille.repair.nopol.NoPol - Analysing SourceLocation org.apache.commons.lang.text.StrBuilder:1209 which is executed by 2 tests
370441291
18:29:18.974 [pool-2-thread-1] DEBUG fr.inria.lille.repair.nopol.NoPol - statement #17
18:29:18.974 [pool-2-thread-1] DEBUG fr.inria.lille.repair.nopol.NoPol - Analysing SourceLocation org.apache.commons.lang.text.StrBuilder:1206 which is executed by 2 tests
370441291
18:29:19.152 [pool-2-thread-1] DEBUG fr.inria.lille.repair.nopol.NoPol - looking with class fr.inria.lille.repair.nopol.spoon.smt.ConditionalAdder
junit.framework.AssertionFailedError: expected:<-1> but was:<6>
    at junit.framework.Assert.fail(Assert.java:57)
    at junit.framework.Assert.failNotEquals(Assert.java:329)
    at junit.framework.Assert.assertEquals(Assert.java:78)
    at junit.framework.Assert.assertEquals(Assert.java:234)
    at junit.framework.Assert.assertEquals(Assert.java:241)
    at junit.framework.TestCase.assertEquals(TestCase.java:409)
java.lang.ArrayIndexOutOfBoundsException
    at java.lang.System.arraycopy(Native Method)
    at org.apache.commons.lang.text.StrBuilder.deleteImpl(StrBuilder.java:1114)
    at org.apache.commons.lang.text.StrBuilder.deleteAll(StrBuilder.java:1188)
    at org.apache.commons.lang.text.StrBuilderTest.testLang294(StrBuilderTest.java:1734)
    at sun.reflect.NativeMethodAccessorImpl.invoke0(Native Method)
    at sun.reflect.NativeMethodAccessorImpl.invoke(NativeMethodAccessorImpl.java:62)
18:29:19.427 [pool-52-thread-1] INFO  xxl.java.junit.TestCasesListener - Tests run finished (261 ms)
<> Total tests run: 73
<> Ignored tests: 0
<> Failed tests: 2
~ testIndexOfLang294(org.apache.commons.lang.text.StrBuilderTest)
[expected:<-1> but was:<6>]
junit.framework.AssertionFailedError: expected:<-1> but was:<6>    at junit.framework.Assert.fail(Assert.java:57)
    at junit.framework.Assert.failNotEquals(Assert.java:329)
    at junit.framework.Assert.assertEquals(Assert.java:78)
    at junit.framework.Assert.assertEquals(Assert.java:234)
    at junit.framework.Assert.assertEquals(Assert.java:241)
    at junit.framework.TestCase.assertEquals(TestCase.java:409)
~ testLang294(org.apache.commons.lang.text.StrBuilderTest)
[null]
java.lang.ArrayIndexOutOfBoundsException    at java.lang.System.arraycopy(Native Method)
    at org.apache.commons.lang.text.StrBuilder.deleteImpl(StrBuilder.java:1114)
    at org.apache.commons.lang.text.StrBuilder.deleteAll(StrBuilder.java:1188)
    at org.apache.commons.lang.text.StrBuilderTest.testLang294(StrBuilderTest.java:1734)
    at sun.reflect.NativeMethodAccessorImpl.invoke0(Native Method)
    at sun.reflect.NativeMethodAccessorImpl.invoke(NativeMethodAccessorImpl.java:62)

junit.framework.AssertionFailedError: expected:<-1> but was:<6>
    at junit.framework.Assert.fail(Assert.java:57)
    at junit.framework.Assert.failNotEquals(Assert.java:329)
    at junit.framework.Assert.assertEquals(Assert.java:78)
    at junit.framework.Assert.assertEquals(Assert.java:234)
    at junit.framework.Assert.assertEquals(Assert.java:241)
    at junit.framework.TestCase.assertEquals(TestCase.java:409)
18:29:20.234 [pool-53-thread-1] INFO  f.i.l.c.t.SpecificationTestCasesListener - Tests run finished (5 ms)
<> Total tests run: 1
<> Ignored tests: 0
<> Failed tests: 1
~ testIndexOfLang294(org.apache.commons.lang.text.StrBuilderTest)
[expected:<-1> but was:<6>]
junit.framework.AssertionFailedError: expected:<-1> but was:<6>    at junit.framework.Assert.fail(Assert.java:57)
    at junit.framework.Assert.failNotEquals(Assert.java:329)
    at junit.framework.Assert.assertEquals(Assert.java:78)
    at junit.framework.Assert.assertEquals(Assert.java:234)
    at junit.framework.Assert.assertEquals(Assert.java:241)
    at junit.framework.TestCase.assertEquals(TestCase.java:409)

java.lang.ArrayIndexOutOfBoundsException
    at java.lang.System.arraycopy(Native Method)
    at org.apache.commons.lang.text.StrBuilder.deleteImpl(StrBuilder.java:579)
    at org.apache.commons.lang.text.StrBuilder.deleteAll(StrBuilder.java:624)
    at org.apache.commons.lang.text.StrBuilderTest.testLang294(StrBuilderTest.java:1734)
    at sun.reflect.NativeMethodAccessorImpl.invoke0(Native Method)
    at sun.reflect.NativeMethodAccessorImpl.invoke(NativeMethodAccessorImpl.java:62)
18:29:20.237 [pool-54-thread-1] INFO  f.i.l.c.t.SpecificationTestCasesListener - Tests run finished (1 ms)
<> Total tests run: 1
<> Ignored tests: 0
<> Failed tests: 1
~ testLang294(org.apache.commons.lang.text.StrBuilderTest)
[null]
java.lang.ArrayIndexOutOfBoundsException    at java.lang.System.arraycopy(Native Method)
    at org.apache.commons.lang.text.StrBuilder.deleteImpl(StrBuilder.java:579)
    at org.apache.commons.lang.text.StrBuilder.deleteAll(StrBuilder.java:624)
    at org.apache.commons.lang.text.StrBuilderTest.testLang294(StrBuilderTest.java:1734)
    at sun.reflect.NativeMethodAccessorImpl.invoke0(Native Method)
    at sun.reflect.NativeMethodAccessorImpl.invoke(NativeMethodAccessorImpl.java:62)

junit.framework.AssertionFailedError: expected:<-1> but was:<6>
    at junit.framework.Assert.fail(Assert.java:57)
    at junit.framework.Assert.failNotEquals(Assert.java:329)
    at junit.framework.Assert.assertEquals(Assert.java:78)
    at junit.framework.Assert.assertEquals(Assert.java:234)
    at junit.framework.Assert.assertEquals(Assert.java:241)
    at junit.framework.TestCase.assertEquals(TestCase.java:409)
18:29:20.239 [pool-55-thread-1] INFO  f.i.l.c.t.SpecificationTestCasesListener - Tests run finished (0 ms)
<> Total tests run: 1
<> Ignored tests: 0
<> Failed tests: 1
~ testIndexOfLang294(org.apache.commons.lang.text.StrBuilderTest)
[expected:<-1> but was:<6>]
junit.framework.AssertionFailedError: expected:<-1> but was:<6>    at junit.framework.Assert.fail(Assert.java:57)
    at junit.framework.Assert.failNotEquals(Assert.java:329)
    at junit.framework.Assert.assertEquals(Assert.java:78)
    at junit.framework.Assert.assertEquals(Assert.java:234)
    at junit.framework.Assert.assertEquals(Assert.java:241)
    at junit.framework.TestCase.assertEquals(TestCase.java:409)

java.lang.ArrayIndexOutOfBoundsException
    at java.lang.System.arraycopy(Native Method)
    at org.apache.commons.lang.text.StrBuilder.deleteImpl(StrBuilder.java:579)
    at org.apache.commons.lang.text.StrBuilder.deleteAll(StrBuilder.java:624)
    at org.apache.commons.lang.text.StrBuilderTest.testLang294(StrBuilderTest.java:1734)
    at sun.reflect.NativeMethodAccessorImpl.invoke0(Native Method)
    at sun.reflect.NativeMethodAccessorImpl.invoke(NativeMethodAccessorImpl.java:62)
18:29:20.242 [pool-56-thread-1] INFO  f.i.l.c.t.SpecificationTestCasesListener - Tests run finished (0 ms)
<> Total tests run: 1
<> Ignored tests: 0
<> Failed tests: 1
~ testLang294(org.apache.commons.lang.text.StrBuilderTest)
[null]
java.lang.ArrayIndexOutOfBoundsException    at java.lang.System.arraycopy(Native Method)
    at org.apache.commons.lang.text.StrBuilder.deleteImpl(StrBuilder.java:579)
    at org.apache.commons.lang.text.StrBuilder.deleteAll(StrBuilder.java:624)
    at org.apache.commons.lang.text.StrBuilderTest.testLang294(StrBuilderTest.java:1734)
    at sun.reflect.NativeMethodAccessorImpl.invoke0(Native Method)
    at sun.reflect.NativeMethodAccessorImpl.invoke(NativeMethodAccessorImpl.java:62)

18:29:20.242 [pool-51-thread-1] DEBUG tests.output - Failing tests with false: 
[testIndexOfLang294(org.apache.commons.lang.text.StrBuilderTest): expected:<-1> but was:<6>, testLang294(org.apache.commons.lang.text.StrBuilderTest): null]
18:29:20.242 [pool-51-thread-1] DEBUG tests.output - Failing tests with true: 
[testIndexOfLang294(org.apache.commons.lang.text.StrBuilderTest): expected:<-1> but was:<6>, testLang294(org.apache.commons.lang.text.StrBuilderTest): null]
18:29:20.243 [pool-51-thread-1] INFO  f.i.l.r.n.synth.SMTNopolSynthesizer - Not enough specifications: 0. A trivial patch is "true" or "false", please write new tests specifying SourceLocation org.apache.commons.lang.text.StrBuilder:1206.
18:29:20.243 [pool-2-thread-1] DEBUG fr.inria.lille.repair.nopol.NoPol - statement #18
18:29:20.243 [pool-2-thread-1] DEBUG fr.inria.lille.repair.nopol.NoPol - Analysing SourceLocation org.apache.commons.lang.text.StrBuilder:1205 which is executed by 2 tests
370441291
18:29:20.416 [pool-2-thread-1] DEBUG fr.inria.lille.repair.nopol.NoPol - looking with class fr.inria.lille.repair.nopol.spoon.smt.ConditionalAdder
junit.framework.AssertionFailedError: expected:<-1> but was:<6>
    at junit.framework.Assert.fail(Assert.java:57)
    at junit.framework.Assert.failNotEquals(Assert.java:329)
    at junit.framework.Assert.assertEquals(Assert.java:78)
    at junit.framework.Assert.assertEquals(Assert.java:234)
    at junit.framework.Assert.assertEquals(Assert.java:241)
    at junit.framework.TestCase.assertEquals(TestCase.java:409)
java.lang.ArrayIndexOutOfBoundsException
    at java.lang.System.arraycopy(Native Method)
    at org.apache.commons.lang.text.StrBuilder.deleteImpl(StrBuilder.java:1114)
    at org.apache.commons.lang.text.StrBuilder.deleteAll(StrBuilder.java:1188)
    at org.apache.commons.lang.text.StrBuilderTest.testLang294(StrBuilderTest.java:1734)
    at sun.reflect.NativeMethodAccessorImpl.invoke0(Native Method)
    at sun.reflect.NativeMethodAccessorImpl.invoke(NativeMethodAccessorImpl.java:62)
18:29:20.448 [pool-58-thread-1] INFO  xxl.java.junit.TestCasesListener - Tests run finished (19 ms)
<> Total tests run: 73
<> Ignored tests: 0
<> Failed tests: 2
~ testIndexOfLang294(org.apache.commons.lang.text.StrBuilderTest)
[expected:<-1> but was:<6>]
junit.framework.AssertionFailedError: expected:<-1> but was:<6>    at junit.framework.Assert.fail(Assert.java:57)
    at junit.framework.Assert.failNotEquals(Assert.java:329)
    at junit.framework.Assert.assertEquals(Assert.java:78)
    at junit.framework.Assert.assertEquals(Assert.java:234)
    at junit.framework.Assert.assertEquals(Assert.java:241)
    at junit.framework.TestCase.assertEquals(TestCase.java:409)
~ testLang294(org.apache.commons.lang.text.StrBuilderTest)
[null]
java.lang.ArrayIndexOutOfBoundsException    at java.lang.System.arraycopy(Native Method)
    at org.apache.commons.lang.text.StrBuilder.deleteImpl(StrBuilder.java:1114)
    at org.apache.commons.lang.text.StrBuilder.deleteAll(StrBuilder.java:1188)
    at org.apache.commons.lang.text.StrBuilderTest.testLang294(StrBuilderTest.java:1734)
    at sun.reflect.NativeMethodAccessorImpl.invoke0(Native Method)
    at sun.reflect.NativeMethodAccessorImpl.invoke(NativeMethodAccessorImpl.java:62)

junit.framework.AssertionFailedError: expected:<-1> but was:<6>
    at junit.framework.Assert.fail(Assert.java:57)
    at junit.framework.Assert.failNotEquals(Assert.java:329)
    at junit.framework.Assert.assertEquals(Assert.java:78)
    at junit.framework.Assert.assertEquals(Assert.java:234)
    at junit.framework.Assert.assertEquals(Assert.java:241)
    at junit.framework.TestCase.assertEquals(TestCase.java:409)
18:29:21.047 [pool-59-thread-1] INFO  f.i.l.c.t.SpecificationTestCasesListener - Tests run finished (5 ms)
<> Total tests run: 1
<> Ignored tests: 0
<> Failed tests: 1
~ testIndexOfLang294(org.apache.commons.lang.text.StrBuilderTest)
[expected:<-1> but was:<6>]
junit.framework.AssertionFailedError: expected:<-1> but was:<6>    at junit.framework.Assert.fail(Assert.java:57)
    at junit.framework.Assert.failNotEquals(Assert.java:329)
    at junit.framework.Assert.assertEquals(Assert.java:78)
    at junit.framework.Assert.assertEquals(Assert.java:234)
    at junit.framework.Assert.assertEquals(Assert.java:241)
    at junit.framework.TestCase.assertEquals(TestCase.java:409)

java.lang.ArrayIndexOutOfBoundsException
    at java.lang.System.arraycopy(Native Method)
    at org.apache.commons.lang.text.StrBuilder.deleteImpl(StrBuilder.java:579)
    at org.apache.commons.lang.text.StrBuilder.deleteAll(StrBuilder.java:624)
    at org.apache.commons.lang.text.StrBuilderTest.testLang294(StrBuilderTest.java:1734)
    at sun.reflect.NativeMethodAccessorImpl.invoke0(Native Method)
    at sun.reflect.NativeMethodAccessorImpl.invoke(NativeMethodAccessorImpl.java:62)
18:29:21.049 [pool-60-thread-1] INFO  f.i.l.c.t.SpecificationTestCasesListener - Tests run finished (0 ms)
<> Total tests run: 1
<> Ignored tests: 0
<> Failed tests: 1
~ testLang294(org.apache.commons.lang.text.StrBuilderTest)
[null]
java.lang.ArrayIndexOutOfBoundsException    at java.lang.System.arraycopy(Native Method)
    at org.apache.commons.lang.text.StrBuilder.deleteImpl(StrBuilder.java:579)
    at org.apache.commons.lang.text.StrBuilder.deleteAll(StrBuilder.java:624)
    at org.apache.commons.lang.text.StrBuilderTest.testLang294(StrBuilderTest.java:1734)
    at sun.reflect.NativeMethodAccessorImpl.invoke0(Native Method)
    at sun.reflect.NativeMethodAccessorImpl.invoke(NativeMethodAccessorImpl.java:62)

junit.framework.AssertionFailedError: expected:<-1> but was:<6>
    at junit.framework.Assert.fail(Assert.java:57)
    at junit.framework.Assert.failNotEquals(Assert.java:329)
    at junit.framework.Assert.assertEquals(Assert.java:78)
    at junit.framework.Assert.assertEquals(Assert.java:234)
    at junit.framework.Assert.assertEquals(Assert.java:241)
    at junit.framework.TestCase.assertEquals(TestCase.java:409)
18:29:21.051 [pool-61-thread-1] INFO  f.i.l.c.t.SpecificationTestCasesListener - Tests run finished (0 ms)
<> Total tests run: 1
<> Ignored tests: 0
<> Failed tests: 1
~ testIndexOfLang294(org.apache.commons.lang.text.StrBuilderTest)
[expected:<-1> but was:<6>]
junit.framework.AssertionFailedError: expected:<-1> but was:<6>    at junit.framework.Assert.fail(Assert.java:57)
    at junit.framework.Assert.failNotEquals(Assert.java:329)
    at junit.framework.Assert.assertEquals(Assert.java:78)
    at junit.framework.Assert.assertEquals(Assert.java:234)
    at junit.framework.Assert.assertEquals(Assert.java:241)
    at junit.framework.TestCase.assertEquals(TestCase.java:409)

java.lang.ArrayIndexOutOfBoundsException
    at java.lang.System.arraycopy(Native Method)
    at org.apache.commons.lang.text.StrBuilder.deleteImpl(StrBuilder.java:579)
    at org.apache.commons.lang.text.StrBuilder.deleteAll(StrBuilder.java:624)
    at org.apache.commons.lang.text.StrBuilderTest.testLang294(StrBuilderTest.java:1734)
    at sun.reflect.NativeMethodAccessorImpl.invoke0(Native Method)
    at sun.reflect.NativeMethodAccessorImpl.invoke(NativeMethodAccessorImpl.java:62)
18:29:21.054 [pool-62-thread-1] INFO  f.i.l.c.t.SpecificationTestCasesListener - Tests run finished (0 ms)
<> Total tests run: 1
<> Ignored tests: 0
<> Failed tests: 1
~ testLang294(org.apache.commons.lang.text.StrBuilderTest)
[null]
java.lang.ArrayIndexOutOfBoundsException    at java.lang.System.arraycopy(Native Method)
    at org.apache.commons.lang.text.StrBuilder.deleteImpl(StrBuilder.java:579)
    at org.apache.commons.lang.text.StrBuilder.deleteAll(StrBuilder.java:624)
    at org.apache.commons.lang.text.StrBuilderTest.testLang294(StrBuilderTest.java:1734)
    at sun.reflect.NativeMethodAccessorImpl.invoke0(Native Method)
    at sun.reflect.NativeMethodAccessorImpl.invoke(NativeMethodAccessorImpl.java:62)

18:29:21.054 [pool-57-thread-1] DEBUG tests.output - Failing tests with false: 
[testIndexOfLang294(org.apache.commons.lang.text.StrBuilderTest): expected:<-1> but was:<6>, testLang294(org.apache.commons.lang.text.StrBuilderTest): null]
18:29:21.054 [pool-57-thread-1] DEBUG tests.output - Failing tests with true: 
[testIndexOfLang294(org.apache.commons.lang.text.StrBuilderTest): expected:<-1> but was:<6>, testLang294(org.apache.commons.lang.text.StrBuilderTest): null]
18:29:21.054 [pool-57-thread-1] INFO  f.i.l.r.n.synth.SMTNopolSynthesizer - Not enough specifications: 0. A trivial patch is "true" or "false", please write new tests specifying SourceLocation org.apache.commons.lang.text.StrBuilder:1205.
18:29:21.055 [pool-2-thread-1] DEBUG fr.inria.lille.repair.nopol.NoPol - looking with class fr.inria.lille.repair.nopol.spoon.smt.ConditionalReplacer
junit.framework.AssertionFailedError: expected:<-1> but was:<6>
    at junit.framework.Assert.fail(Assert.java:57)
    at junit.framework.Assert.failNotEquals(Assert.java:329)
    at junit.framework.Assert.assertEquals(Assert.java:78)
    at junit.framework.Assert.assertEquals(Assert.java:234)
    at junit.framework.Assert.assertEquals(Assert.java:241)
    at junit.framework.TestCase.assertEquals(TestCase.java:409)
java.lang.ArrayIndexOutOfBoundsException
    at java.lang.System.arraycopy(Native Method)
    at org.apache.commons.lang.text.StrBuilder.deleteImpl(StrBuilder.java:1114)
    at org.apache.commons.lang.text.StrBuilder.deleteAll(StrBuilder.java:1188)
    at org.apache.commons.lang.text.StrBuilderTest.testLang294(StrBuilderTest.java:1734)
    at sun.reflect.NativeMethodAccessorImpl.invoke0(Native Method)
    at sun.reflect.NativeMethodAccessorImpl.invoke(NativeMethodAccessorImpl.java:62)
18:29:21.084 [pool-64-thread-1] INFO  xxl.java.junit.TestCasesListener - Tests run finished (18 ms)
<> Total tests run: 73
<> Ignored tests: 0
<> Failed tests: 2
~ testIndexOfLang294(org.apache.commons.lang.text.StrBuilderTest)
[expected:<-1> but was:<6>]
junit.framework.AssertionFailedError: expected:<-1> but was:<6>    at junit.framework.Assert.fail(Assert.java:57)
    at junit.framework.Assert.failNotEquals(Assert.java:329)
    at junit.framework.Assert.assertEquals(Assert.java:78)
    at junit.framework.Assert.assertEquals(Assert.java:234)
    at junit.framework.Assert.assertEquals(Assert.java:241)
    at junit.framework.TestCase.assertEquals(TestCase.java:409)
~ testLang294(org.apache.commons.lang.text.StrBuilderTest)
[null]
java.lang.ArrayIndexOutOfBoundsException    at java.lang.System.arraycopy(Native Method)
    at org.apache.commons.lang.text.StrBuilder.deleteImpl(StrBuilder.java:1114)
    at org.apache.commons.lang.text.StrBuilder.deleteAll(StrBuilder.java:1188)
    at org.apache.commons.lang.text.StrBuilderTest.testLang294(StrBuilderTest.java:1734)
    at sun.reflect.NativeMethodAccessorImpl.invoke0(Native Method)
    at sun.reflect.NativeMethodAccessorImpl.invoke(NativeMethodAccessorImpl.java:62)

junit.framework.AssertionFailedError: expected:<-1> but was:<6>
    at junit.framework.Assert.fail(Assert.java:57)
    at junit.framework.Assert.failNotEquals(Assert.java:329)
    at junit.framework.Assert.assertEquals(Assert.java:78)
    at junit.framework.Assert.assertEquals(Assert.java:234)
    at junit.framework.Assert.assertEquals(Assert.java:241)
    at junit.framework.TestCase.assertEquals(TestCase.java:409)
18:29:21.770 [pool-65-thread-1] INFO  f.i.l.c.t.SpecificationTestCasesListener - Tests run finished (5 ms)
<> Total tests run: 1
<> Ignored tests: 0
<> Failed tests: 1
~ testIndexOfLang294(org.apache.commons.lang.text.StrBuilderTest)
[expected:<-1> but was:<6>]
junit.framework.AssertionFailedError: expected:<-1> but was:<6>    at junit.framework.Assert.fail(Assert.java:57)
    at junit.framework.Assert.failNotEquals(Assert.java:329)
    at junit.framework.Assert.assertEquals(Assert.java:78)
    at junit.framework.Assert.assertEquals(Assert.java:234)
    at junit.framework.Assert.assertEquals(Assert.java:241)
    at junit.framework.TestCase.assertEquals(TestCase.java:409)

java.lang.ArrayIndexOutOfBoundsException
    at java.lang.System.arraycopy(Native Method)
    at org.apache.commons.lang.text.StrBuilder.deleteImpl(StrBuilder.java:579)
    at org.apache.commons.lang.text.StrBuilder.deleteAll(StrBuilder.java:624)
    at org.apache.commons.lang.text.StrBuilderTest.testLang294(StrBuilderTest.java:1734)
    at sun.reflect.NativeMethodAccessorImpl.invoke0(Native Method)
    at sun.reflect.NativeMethodAccessorImpl.invoke(NativeMethodAccessorImpl.java:62)
18:29:21.773 [pool-66-thread-1] INFO  f.i.l.c.t.SpecificationTestCasesListener - Tests run finished (1 ms)
<> Total tests run: 1
<> Ignored tests: 0
<> Failed tests: 1
~ testLang294(org.apache.commons.lang.text.StrBuilderTest)
[null]
java.lang.ArrayIndexOutOfBoundsException    at java.lang.System.arraycopy(Native Method)
    at org.apache.commons.lang.text.StrBuilder.deleteImpl(StrBuilder.java:579)
    at org.apache.commons.lang.text.StrBuilder.deleteAll(StrBuilder.java:624)
    at org.apache.commons.lang.text.StrBuilderTest.testLang294(StrBuilderTest.java:1734)
    at sun.reflect.NativeMethodAccessorImpl.invoke0(Native Method)
    at sun.reflect.NativeMethodAccessorImpl.invoke(NativeMethodAccessorImpl.java:62)

junit.framework.AssertionFailedError: expected:<-1> but was:<6>
    at junit.framework.Assert.fail(Assert.java:57)
    at junit.framework.Assert.failNotEquals(Assert.java:329)
    at junit.framework.Assert.assertEquals(Assert.java:78)
    at junit.framework.Assert.assertEquals(Assert.java:234)
    at junit.framework.Assert.assertEquals(Assert.java:241)
    at junit.framework.TestCase.assertEquals(TestCase.java:409)
18:29:21.776 [pool-67-thread-1] INFO  f.i.l.c.t.SpecificationTestCasesListener - Tests run finished (1 ms)
<> Total tests run: 1
<> Ignored tests: 0
<> Failed tests: 1
~ testIndexOfLang294(org.apache.commons.lang.text.StrBuilderTest)
[expected:<-1> but was:<6>]
junit.framework.AssertionFailedError: expected:<-1> but was:<6>    at junit.framework.Assert.fail(Assert.java:57)
    at junit.framework.Assert.failNotEquals(Assert.java:329)
    at junit.framework.Assert.assertEquals(Assert.java:78)
    at junit.framework.Assert.assertEquals(Assert.java:234)
    at junit.framework.Assert.assertEquals(Assert.java:241)
    at junit.framework.TestCase.assertEquals(TestCase.java:409)

java.lang.ArrayIndexOutOfBoundsException
    at java.lang.System.arraycopy(Native Method)
    at org.apache.commons.lang.text.StrBuilder.deleteImpl(StrBuilder.java:579)
    at org.apache.commons.lang.text.StrBuilder.deleteAll(StrBuilder.java:624)
    at org.apache.commons.lang.text.StrBuilderTest.testLang294(StrBuilderTest.java:1734)
    at sun.reflect.NativeMethodAccessorImpl.invoke0(Native Method)
    at sun.reflect.NativeMethodAccessorImpl.invoke(NativeMethodAccessorImpl.java:62)
18:29:21.778 [pool-68-thread-1] INFO  f.i.l.c.t.SpecificationTestCasesListener - Tests run finished (1 ms)
<> Total tests run: 1
<> Ignored tests: 0
<> Failed tests: 1
~ testLang294(org.apache.commons.lang.text.StrBuilderTest)
[null]
java.lang.ArrayIndexOutOfBoundsException    at java.lang.System.arraycopy(Native Method)
    at org.apache.commons.lang.text.StrBuilder.deleteImpl(StrBuilder.java:579)
    at org.apache.commons.lang.text.StrBuilder.deleteAll(StrBuilder.java:624)
    at org.apache.commons.lang.text.StrBuilderTest.testLang294(StrBuilderTest.java:1734)
    at sun.reflect.NativeMethodAccessorImpl.invoke0(Native Method)
    at sun.reflect.NativeMethodAccessorImpl.invoke(NativeMethodAccessorImpl.java:62)

18:29:21.779 [pool-63-thread-1] DEBUG tests.output - Failing tests with false: 
[testIndexOfLang294(org.apache.commons.lang.text.StrBuilderTest): expected:<-1> but was:<6>, testLang294(org.apache.commons.lang.text.StrBuilderTest): null]
18:29:21.779 [pool-63-thread-1] DEBUG tests.output - Failing tests with true: 
[testIndexOfLang294(org.apache.commons.lang.text.StrBuilderTest): expected:<-1> but was:<6>, testLang294(org.apache.commons.lang.text.StrBuilderTest): null]
18:29:21.779 [pool-63-thread-1] INFO  f.i.l.r.n.synth.SMTNopolSynthesizer - Not enough specifications: 0. A trivial patch is "true" or "false", please write new tests specifying SourceLocation org.apache.commons.lang.text.StrBuilder:1205.
18:29:21.779 [pool-2-thread-1] DEBUG fr.inria.lille.repair.nopol.NoPol - statement #19
18:29:21.779 [pool-2-thread-1] DEBUG fr.inria.lille.repair.nopol.NoPol - Analysing SourceLocation org.apache.commons.lang.text.StrBuilder:1204 which is executed by 2 tests
370441291
18:29:21.962 [pool-2-thread-1] DEBUG fr.inria.lille.repair.nopol.NoPol - statement #20
18:29:21.963 [pool-2-thread-1] DEBUG fr.inria.lille.repair.nopol.NoPol - Analysing SourceLocation org.apache.commons.lang.text.StrBuilder:1203 which is executed by 2 tests
370441291
18:29:22.136 [pool-2-thread-1] DEBUG fr.inria.lille.repair.nopol.NoPol - looking with class fr.inria.lille.repair.nopol.spoon.smt.ConditionalAdder
junit.framework.AssertionFailedError: expected:<-1> but was:<6>
    at junit.framework.Assert.fail(Assert.java:57)
    at junit.framework.Assert.failNotEquals(Assert.java:329)
    at junit.framework.Assert.assertEquals(Assert.java:78)
    at junit.framework.Assert.assertEquals(Assert.java:234)
    at junit.framework.Assert.assertEquals(Assert.java:241)
    at junit.framework.TestCase.assertEquals(TestCase.java:409)
java.lang.ArrayIndexOutOfBoundsException
    at java.lang.System.arraycopy(Native Method)
    at org.apache.commons.lang.text.StrBuilder.deleteImpl(StrBuilder.java:1114)
    at org.apache.commons.lang.text.StrBuilder.deleteAll(StrBuilder.java:1188)
    at org.apache.commons.lang.text.StrBuilderTest.testLang294(StrBuilderTest.java:1734)
    at sun.reflect.NativeMethodAccessorImpl.invoke0(Native Method)
    at sun.reflect.NativeMethodAccessorImpl.invoke(NativeMethodAccessorImpl.java:62)
18:29:22.166 [pool-70-thread-1] INFO  xxl.java.junit.TestCasesListener - Tests run finished (18 ms)
<> Total tests run: 73
<> Ignored tests: 0
<> Failed tests: 2
~ testIndexOfLang294(org.apache.commons.lang.text.StrBuilderTest)
[expected:<-1> but was:<6>]
junit.framework.AssertionFailedError: expected:<-1> but was:<6>    at junit.framework.Assert.fail(Assert.java:57)
    at junit.framework.Assert.failNotEquals(Assert.java:329)
    at junit.framework.Assert.assertEquals(Assert.java:78)
    at junit.framework.Assert.assertEquals(Assert.java:234)
    at junit.framework.Assert.assertEquals(Assert.java:241)
    at junit.framework.TestCase.assertEquals(TestCase.java:409)
~ testLang294(org.apache.commons.lang.text.StrBuilderTest)
[null]
java.lang.ArrayIndexOutOfBoundsException    at java.lang.System.arraycopy(Native Method)
    at org.apache.commons.lang.text.StrBuilder.deleteImpl(StrBuilder.java:1114)
    at org.apache.commons.lang.text.StrBuilder.deleteAll(StrBuilder.java:1188)
    at org.apache.commons.lang.text.StrBuilderTest.testLang294(StrBuilderTest.java:1734)
    at sun.reflect.NativeMethodAccessorImpl.invoke0(Native Method)
    at sun.reflect.NativeMethodAccessorImpl.invoke(NativeMethodAccessorImpl.java:62)

junit.framework.AssertionFailedError: expected:<-1> but was:<6>
    at junit.framework.Assert.fail(Assert.java:57)
    at junit.framework.Assert.failNotEquals(Assert.java:329)
    at junit.framework.Assert.assertEquals(Assert.java:78)
    at junit.framework.Assert.assertEquals(Assert.java:234)
    at junit.framework.Assert.assertEquals(Assert.java:241)
    at junit.framework.TestCase.assertEquals(TestCase.java:409)
18:29:22.744 [pool-71-thread-1] INFO  f.i.l.c.t.SpecificationTestCasesListener - Tests run finished (5 ms)
<> Total tests run: 1
<> Ignored tests: 0
<> Failed tests: 1
~ testIndexOfLang294(org.apache.commons.lang.text.StrBuilderTest)
[expected:<-1> but was:<6>]
junit.framework.AssertionFailedError: expected:<-1> but was:<6>    at junit.framework.Assert.fail(Assert.java:57)
    at junit.framework.Assert.failNotEquals(Assert.java:329)
    at junit.framework.Assert.assertEquals(Assert.java:78)
    at junit.framework.Assert.assertEquals(Assert.java:234)
    at junit.framework.Assert.assertEquals(Assert.java:241)
    at junit.framework.TestCase.assertEquals(TestCase.java:409)

java.lang.ArrayIndexOutOfBoundsException
    at java.lang.System.arraycopy(Native Method)
    at org.apache.commons.lang.text.StrBuilder.deleteImpl(StrBuilder.java:579)
    at org.apache.commons.lang.text.StrBuilder.deleteAll(StrBuilder.java:624)
    at org.apache.commons.lang.text.StrBuilderTest.testLang294(StrBuilderTest.java:1734)
    at sun.reflect.NativeMethodAccessorImpl.invoke0(Native Method)
    at sun.reflect.NativeMethodAccessorImpl.invoke(NativeMethodAccessorImpl.java:62)
18:29:22.747 [pool-72-thread-1] INFO  f.i.l.c.t.SpecificationTestCasesListener - Tests run finished (1 ms)
<> Total tests run: 1
<> Ignored tests: 0
<> Failed tests: 1
~ testLang294(org.apache.commons.lang.text.StrBuilderTest)
[null]
java.lang.ArrayIndexOutOfBoundsException    at java.lang.System.arraycopy(Native Method)
    at org.apache.commons.lang.text.StrBuilder.deleteImpl(StrBuilder.java:579)
    at org.apache.commons.lang.text.StrBuilder.deleteAll(StrBuilder.java:624)
    at org.apache.commons.lang.text.StrBuilderTest.testLang294(StrBuilderTest.java:1734)
    at sun.reflect.NativeMethodAccessorImpl.invoke0(Native Method)
    at sun.reflect.NativeMethodAccessorImpl.invoke(NativeMethodAccessorImpl.java:62)

junit.framework.AssertionFailedError: expected:<-1> but was:<6>
    at junit.framework.Assert.fail(Assert.java:57)
    at junit.framework.Assert.failNotEquals(Assert.java:329)
    at junit.framework.Assert.assertEquals(Assert.java:78)
    at junit.framework.Assert.assertEquals(Assert.java:234)
    at junit.framework.Assert.assertEquals(Assert.java:241)
    at junit.framework.TestCase.assertEquals(TestCase.java:409)
18:29:22.749 [pool-73-thread-1] INFO  f.i.l.c.t.SpecificationTestCasesListener - Tests run finished (1 ms)
<> Total tests run: 1
<> Ignored tests: 0
<> Failed tests: 1
~ testIndexOfLang294(org.apache.commons.lang.text.StrBuilderTest)
[expected:<-1> but was:<6>]
junit.framework.AssertionFailedError: expected:<-1> but was:<6>    at junit.framework.Assert.fail(Assert.java:57)
    at junit.framework.Assert.failNotEquals(Assert.java:329)
    at junit.framework.Assert.assertEquals(Assert.java:78)
    at junit.framework.Assert.assertEquals(Assert.java:234)
    at junit.framework.Assert.assertEquals(Assert.java:241)
    at junit.framework.TestCase.assertEquals(TestCase.java:409)

java.lang.ArrayIndexOutOfBoundsException
    at java.lang.System.arraycopy(Native Method)
    at org.apache.commons.lang.text.StrBuilder.deleteImpl(StrBuilder.java:579)
    at org.apache.commons.lang.text.StrBuilder.deleteAll(StrBuilder.java:624)
    at org.apache.commons.lang.text.StrBuilderTest.testLang294(StrBuilderTest.java:1734)
    at sun.reflect.NativeMethodAccessorImpl.invoke0(Native Method)
    at sun.reflect.NativeMethodAccessorImpl.invoke(NativeMethodAccessorImpl.java:62)
18:29:22.751 [pool-74-thread-1] INFO  f.i.l.c.t.SpecificationTestCasesListener - Tests run finished (0 ms)
<> Total tests run: 1
<> Ignored tests: 0
<> Failed tests: 1
~ testLang294(org.apache.commons.lang.text.StrBuilderTest)
[null]
java.lang.ArrayIndexOutOfBoundsException    at java.lang.System.arraycopy(Native Method)
    at org.apache.commons.lang.text.StrBuilder.deleteImpl(StrBuilder.java:579)
    at org.apache.commons.lang.text.StrBuilder.deleteAll(StrBuilder.java:624)
    at org.apache.commons.lang.text.StrBuilderTest.testLang294(StrBuilderTest.java:1734)
    at sun.reflect.NativeMethodAccessorImpl.invoke0(Native Method)
    at sun.reflect.NativeMethodAccessorImpl.invoke(NativeMethodAccessorImpl.java:62)

18:29:22.752 [pool-69-thread-1] DEBUG tests.output - Failing tests with false: 
[testIndexOfLang294(org.apache.commons.lang.text.StrBuilderTest): expected:<-1> but was:<6>, testLang294(org.apache.commons.lang.text.StrBuilderTest): null]
18:29:22.753 [pool-69-thread-1] DEBUG tests.output - Failing tests with true: 
[testIndexOfLang294(org.apache.commons.lang.text.StrBuilderTest): expected:<-1> but was:<6>, testLang294(org.apache.commons.lang.text.StrBuilderTest): null]
18:29:22.753 [pool-69-thread-1] INFO  f.i.l.r.n.synth.SMTNopolSynthesizer - Not enough specifications: 0. A trivial patch is "true" or "false", please write new tests specifying SourceLocation org.apache.commons.lang.text.StrBuilder:1203.
18:29:22.753 [pool-2-thread-1] DEBUG fr.inria.lille.repair.nopol.NoPol - looking with class fr.inria.lille.repair.nopol.spoon.smt.ConditionalReplacer
junit.framework.AssertionFailedError: expected:<-1> but was:<6>
    at junit.framework.Assert.fail(Assert.java:57)
    at junit.framework.Assert.failNotEquals(Assert.java:329)
    at junit.framework.Assert.assertEquals(Assert.java:78)
    at junit.framework.Assert.assertEquals(Assert.java:234)
    at junit.framework.Assert.assertEquals(Assert.java:241)
    at junit.framework.TestCase.assertEquals(TestCase.java:409)
java.lang.ArrayIndexOutOfBoundsException
    at java.lang.System.arraycopy(Native Method)
    at org.apache.commons.lang.text.StrBuilder.deleteImpl(StrBuilder.java:1114)
    at org.apache.commons.lang.text.StrBuilder.deleteAll(StrBuilder.java:1188)
    at org.apache.commons.lang.text.StrBuilderTest.testLang294(StrBuilderTest.java:1734)
    at sun.reflect.NativeMethodAccessorImpl.invoke0(Native Method)
    at sun.reflect.NativeMethodAccessorImpl.invoke(NativeMethodAccessorImpl.java:62)
18:29:22.782 [pool-76-thread-1] INFO  xxl.java.junit.TestCasesListener - Tests run finished (16 ms)
<> Total tests run: 73
<> Ignored tests: 0
<> Failed tests: 2
~ testIndexOfLang294(org.apache.commons.lang.text.StrBuilderTest)
[expected:<-1> but was:<6>]
junit.framework.AssertionFailedError: expected:<-1> but was:<6>    at junit.framework.Assert.fail(Assert.java:57)
    at junit.framework.Assert.failNotEquals(Assert.java:329)
    at junit.framework.Assert.assertEquals(Assert.java:78)
    at junit.framework.Assert.assertEquals(Assert.java:234)
    at junit.framework.Assert.assertEquals(Assert.java:241)
    at junit.framework.TestCase.assertEquals(TestCase.java:409)
~ testLang294(org.apache.commons.lang.text.StrBuilderTest)
[null]
java.lang.ArrayIndexOutOfBoundsException    at java.lang.System.arraycopy(Native Method)
    at org.apache.commons.lang.text.StrBuilder.deleteImpl(StrBuilder.java:1114)
    at org.apache.commons.lang.text.StrBuilder.deleteAll(StrBuilder.java:1188)
    at org.apache.commons.lang.text.StrBuilderTest.testLang294(StrBuilderTest.java:1734)
    at sun.reflect.NativeMethodAccessorImpl.invoke0(Native Method)
    at sun.reflect.NativeMethodAccessorImpl.invoke(NativeMethodAccessorImpl.java:62)

junit.framework.AssertionFailedError: expected:<-1> but was:<6>
    at junit.framework.Assert.fail(Assert.java:57)
    at junit.framework.Assert.failNotEquals(Assert.java:329)
    at junit.framework.Assert.assertEquals(Assert.java:78)
    at junit.framework.Assert.assertEquals(Assert.java:234)
    at junit.framework.Assert.assertEquals(Assert.java:241)
    at junit.framework.TestCase.assertEquals(TestCase.java:409)
18:29:23.313 [pool-77-thread-1] INFO  f.i.l.c.t.SpecificationTestCasesListener - Tests run finished (5 ms)
<> Total tests run: 1
<> Ignored tests: 0
<> Failed tests: 1
~ testIndexOfLang294(org.apache.commons.lang.text.StrBuilderTest)
[expected:<-1> but was:<6>]
junit.framework.AssertionFailedError: expected:<-1> but was:<6>    at junit.framework.Assert.fail(Assert.java:57)
    at junit.framework.Assert.failNotEquals(Assert.java:329)
    at junit.framework.Assert.assertEquals(Assert.java:78)
    at junit.framework.Assert.assertEquals(Assert.java:234)
    at junit.framework.Assert.assertEquals(Assert.java:241)
    at junit.framework.TestCase.assertEquals(TestCase.java:409)

java.lang.ArrayIndexOutOfBoundsException
    at java.lang.System.arraycopy(Native Method)
    at org.apache.commons.lang.text.StrBuilder.deleteImpl(StrBuilder.java:579)
    at org.apache.commons.lang.text.StrBuilder.deleteAll(StrBuilder.java:624)
    at org.apache.commons.lang.text.StrBuilderTest.testLang294(StrBuilderTest.java:1734)
    at sun.reflect.NativeMethodAccessorImpl.invoke0(Native Method)
    at sun.reflect.NativeMethodAccessorImpl.invoke(NativeMethodAccessorImpl.java:62)
18:29:23.315 [pool-78-thread-1] INFO  f.i.l.c.t.SpecificationTestCasesListener - Tests run finished (0 ms)
<> Total tests run: 1
<> Ignored tests: 0
<> Failed tests: 1
~ testLang294(org.apache.commons.lang.text.StrBuilderTest)
[null]
java.lang.ArrayIndexOutOfBoundsException    at java.lang.System.arraycopy(Native Method)
    at org.apache.commons.lang.text.StrBuilder.deleteImpl(StrBuilder.java:579)
    at org.apache.commons.lang.text.StrBuilder.deleteAll(StrBuilder.java:624)
    at org.apache.commons.lang.text.StrBuilderTest.testLang294(StrBuilderTest.java:1734)
    at sun.reflect.NativeMethodAccessorImpl.invoke0(Native Method)
    at sun.reflect.NativeMethodAccessorImpl.invoke(NativeMethodAccessorImpl.java:62)

junit.framework.AssertionFailedError: expected:<-1> but was:<6>
    at junit.framework.Assert.fail(Assert.java:57)
    at junit.framework.Assert.failNotEquals(Assert.java:329)
    at junit.framework.Assert.assertEquals(Assert.java:78)
    at junit.framework.Assert.assertEquals(Assert.java:234)
    at junit.framework.Assert.assertEquals(Assert.java:241)
    at junit.framework.TestCase.assertEquals(TestCase.java:409)
18:29:23.317 [pool-79-thread-1] INFO  f.i.l.c.t.SpecificationTestCasesListener - Tests run finished (0 ms)
<> Total tests run: 1
<> Ignored tests: 0
<> Failed tests: 1
~ testIndexOfLang294(org.apache.commons.lang.text.StrBuilderTest)
[expected:<-1> but was:<6>]
junit.framework.AssertionFailedError: expected:<-1> but was:<6>    at junit.framework.Assert.fail(Assert.java:57)
    at junit.framework.Assert.failNotEquals(Assert.java:329)
    at junit.framework.Assert.assertEquals(Assert.java:78)
    at junit.framework.Assert.assertEquals(Assert.java:234)
    at junit.framework.Assert.assertEquals(Assert.java:241)
    at junit.framework.TestCase.assertEquals(TestCase.java:409)

java.lang.ArrayIndexOutOfBoundsException
    at java.lang.System.arraycopy(Native Method)
    at org.apache.commons.lang.text.StrBuilder.deleteImpl(StrBuilder.java:579)
    at org.apache.commons.lang.text.StrBuilder.deleteAll(StrBuilder.java:624)
    at org.apache.commons.lang.text.StrBuilderTest.testLang294(StrBuilderTest.java:1734)
    at sun.reflect.NativeMethodAccessorImpl.invoke0(Native Method)
    at sun.reflect.NativeMethodAccessorImpl.invoke(NativeMethodAccessorImpl.java:62)
18:29:23.320 [pool-80-thread-1] INFO  f.i.l.c.t.SpecificationTestCasesListener - Tests run finished (0 ms)
<> Total tests run: 1
<> Ignored tests: 0
<> Failed tests: 1
~ testLang294(org.apache.commons.lang.text.StrBuilderTest)
[null]
java.lang.ArrayIndexOutOfBoundsException    at java.lang.System.arraycopy(Native Method)
    at org.apache.commons.lang.text.StrBuilder.deleteImpl(StrBuilder.java:579)
    at org.apache.commons.lang.text.StrBuilder.deleteAll(StrBuilder.java:624)
    at org.apache.commons.lang.text.StrBuilderTest.testLang294(StrBuilderTest.java:1734)
    at sun.reflect.NativeMethodAccessorImpl.invoke0(Native Method)
    at sun.reflect.NativeMethodAccessorImpl.invoke(NativeMethodAccessorImpl.java:62)

18:29:23.320 [pool-75-thread-1] DEBUG tests.output - Failing tests with false: 
[testIndexOfLang294(org.apache.commons.lang.text.StrBuilderTest): expected:<-1> but was:<6>, testLang294(org.apache.commons.lang.text.StrBuilderTest): null]
18:29:23.320 [pool-75-thread-1] DEBUG tests.output - Failing tests with true: 
[testIndexOfLang294(org.apache.commons.lang.text.StrBuilderTest): expected:<-1> but was:<6>, testLang294(org.apache.commons.lang.text.StrBuilderTest): null]
18:29:23.320 [pool-75-thread-1] INFO  f.i.l.r.n.synth.SMTNopolSynthesizer - Not enough specifications: 0. A trivial patch is "true" or "false", please write new tests specifying SourceLocation org.apache.commons.lang.text.StrBuilder:1203.
18:29:23.320 [pool-2-thread-1] DEBUG fr.inria.lille.repair.nopol.NoPol - statement #21
18:29:23.321 [pool-2-thread-1] DEBUG fr.inria.lille.repair.nopol.NoPol - Analysing SourceLocation org.apache.commons.lang.text.StrBuilder:1202 which is executed by 2 tests
370441291
18:29:23.491 [pool-2-thread-1] DEBUG fr.inria.lille.repair.nopol.NoPol - statement #22
18:29:23.491 [pool-2-thread-1] DEBUG fr.inria.lille.repair.nopol.NoPol - Analysing SourceLocation org.apache.commons.lang.text.StrBuilder:1189 which is executed by 2 tests
370441291
18:29:23.687 [pool-2-thread-1] DEBUG fr.inria.lille.repair.nopol.NoPol - looking with class fr.inria.lille.repair.nopol.spoon.smt.ConditionalAdder
junit.framework.AssertionFailedError: expected:<-1> but was:<6>
    at junit.framework.Assert.fail(Assert.java:57)
    at junit.framework.Assert.failNotEquals(Assert.java:329)
    at junit.framework.Assert.assertEquals(Assert.java:78)
    at junit.framework.Assert.assertEquals(Assert.java:234)
    at junit.framework.Assert.assertEquals(Assert.java:241)
    at junit.framework.TestCase.assertEquals(TestCase.java:409)
java.lang.ArrayIndexOutOfBoundsException
    at java.lang.System.arraycopy(Native Method)
    at org.apache.commons.lang.text.StrBuilder.deleteImpl(StrBuilder.java:1114)
    at org.apache.commons.lang.text.StrBuilder.deleteAll(StrBuilder.java:1188)
    at org.apache.commons.lang.text.StrBuilderTest.testLang294(StrBuilderTest.java:1734)
    at sun.reflect.NativeMethodAccessorImpl.invoke0(Native Method)
    at sun.reflect.NativeMethodAccessorImpl.invoke(NativeMethodAccessorImpl.java:62)
18:29:23.720 [pool-82-thread-1] INFO  xxl.java.junit.TestCasesListener - Tests run finished (20 ms)
<> Total tests run: 73
<> Ignored tests: 0
<> Failed tests: 2
~ testIndexOfLang294(org.apache.commons.lang.text.StrBuilderTest)
[expected:<-1> but was:<6>]
junit.framework.AssertionFailedError: expected:<-1> but was:<6>    at junit.framework.Assert.fail(Assert.java:57)
    at junit.framework.Assert.failNotEquals(Assert.java:329)
    at junit.framework.Assert.assertEquals(Assert.java:78)
    at junit.framework.Assert.assertEquals(Assert.java:234)
    at junit.framework.Assert.assertEquals(Assert.java:241)
    at junit.framework.TestCase.assertEquals(TestCase.java:409)
~ testLang294(org.apache.commons.lang.text.StrBuilderTest)
[null]
java.lang.ArrayIndexOutOfBoundsException    at java.lang.System.arraycopy(Native Method)
    at org.apache.commons.lang.text.StrBuilder.deleteImpl(StrBuilder.java:1114)
    at org.apache.commons.lang.text.StrBuilder.deleteAll(StrBuilder.java:1188)
    at org.apache.commons.lang.text.StrBuilderTest.testLang294(StrBuilderTest.java:1734)
    at sun.reflect.NativeMethodAccessorImpl.invoke0(Native Method)
    at sun.reflect.NativeMethodAccessorImpl.invoke(NativeMethodAccessorImpl.java:62)

junit.framework.AssertionFailedError: expected:<-1> but was:<6>
    at junit.framework.Assert.fail(Assert.java:57)
    at junit.framework.Assert.failNotEquals(Assert.java:329)
    at junit.framework.Assert.assertEquals(Assert.java:78)
    at junit.framework.Assert.assertEquals(Assert.java:234)
    at junit.framework.Assert.assertEquals(Assert.java:241)
    at junit.framework.TestCase.assertEquals(TestCase.java:409)
18:29:24.270 [pool-83-thread-1] INFO  f.i.l.c.t.SpecificationTestCasesListener - Tests run finished (5 ms)
<> Total tests run: 1
<> Ignored tests: 0
<> Failed tests: 1
~ testIndexOfLang294(org.apache.commons.lang.text.StrBuilderTest)
[expected:<-1> but was:<6>]
junit.framework.AssertionFailedError: expected:<-1> but was:<6>    at junit.framework.Assert.fail(Assert.java:57)
    at junit.framework.Assert.failNotEquals(Assert.java:329)
    at junit.framework.Assert.assertEquals(Assert.java:78)
    at junit.framework.Assert.assertEquals(Assert.java:234)
    at junit.framework.Assert.assertEquals(Assert.java:241)
    at junit.framework.TestCase.assertEquals(TestCase.java:409)

java.lang.ArrayIndexOutOfBoundsException
    at java.lang.System.arraycopy(Native Method)
    at org.apache.commons.lang.text.StrBuilder.deleteImpl(StrBuilder.java:579)
    at org.apache.commons.lang.text.StrBuilder.deleteAll(StrBuilder.java:624)
    at org.apache.commons.lang.text.StrBuilderTest.testLang294(StrBuilderTest.java:1734)
    at sun.reflect.NativeMethodAccessorImpl.invoke0(Native Method)
    at sun.reflect.NativeMethodAccessorImpl.invoke(NativeMethodAccessorImpl.java:62)
18:29:24.273 [pool-84-thread-1] INFO  f.i.l.c.t.SpecificationTestCasesListener - Tests run finished (1 ms)
<> Total tests run: 1
<> Ignored tests: 0
<> Failed tests: 1
~ testLang294(org.apache.commons.lang.text.StrBuilderTest)
[null]
java.lang.ArrayIndexOutOfBoundsException    at java.lang.System.arraycopy(Native Method)
    at org.apache.commons.lang.text.StrBuilder.deleteImpl(StrBuilder.java:579)
    at org.apache.commons.lang.text.StrBuilder.deleteAll(StrBuilder.java:624)
    at org.apache.commons.lang.text.StrBuilderTest.testLang294(StrBuilderTest.java:1734)
    at sun.reflect.NativeMethodAccessorImpl.invoke0(Native Method)
    at sun.reflect.NativeMethodAccessorImpl.invoke(NativeMethodAccessorImpl.java:62)

junit.framework.AssertionFailedError: expected:<-1> but was:<6>
    at junit.framework.Assert.fail(Assert.java:57)
    at junit.framework.Assert.failNotEquals(Assert.java:329)
    at junit.framework.Assert.assertEquals(Assert.java:78)
    at junit.framework.Assert.assertEquals(Assert.java:234)
    at junit.framework.Assert.assertEquals(Assert.java:241)
    at junit.framework.TestCase.assertEquals(TestCase.java:409)
18:29:24.275 [pool-85-thread-1] INFO  f.i.l.c.t.SpecificationTestCasesListener - Tests run finished (0 ms)
<> Total tests run: 1
<> Ignored tests: 0
<> Failed tests: 1
~ testIndexOfLang294(org.apache.commons.lang.text.StrBuilderTest)
[expected:<-1> but was:<6>]
junit.framework.AssertionFailedError: expected:<-1> but was:<6>    at junit.framework.Assert.fail(Assert.java:57)
    at junit.framework.Assert.failNotEquals(Assert.java:329)
    at junit.framework.Assert.assertEquals(Assert.java:78)
    at junit.framework.Assert.assertEquals(Assert.java:234)
    at junit.framework.Assert.assertEquals(Assert.java:241)
    at junit.framework.TestCase.assertEquals(TestCase.java:409)

java.lang.ArrayIndexOutOfBoundsException
    at java.lang.System.arraycopy(Native Method)
    at org.apache.commons.lang.text.StrBuilder.deleteImpl(StrBuilder.java:579)
    at org.apache.commons.lang.text.StrBuilder.deleteAll(StrBuilder.java:624)
    at org.apache.commons.lang.text.StrBuilderTest.testLang294(StrBuilderTest.java:1734)
    at sun.reflect.NativeMethodAccessorImpl.invoke0(Native Method)
    at sun.reflect.NativeMethodAccessorImpl.invoke(NativeMethodAccessorImpl.java:62)
18:29:24.277 [pool-86-thread-1] INFO  f.i.l.c.t.SpecificationTestCasesListener - Tests run finished (1 ms)
<> Total tests run: 1
<> Ignored tests: 0
<> Failed tests: 1
~ testLang294(org.apache.commons.lang.text.StrBuilderTest)
[null]
java.lang.ArrayIndexOutOfBoundsException    at java.lang.System.arraycopy(Native Method)
    at org.apache.commons.lang.text.StrBuilder.deleteImpl(StrBuilder.java:579)
    at org.apache.commons.lang.text.StrBuilder.deleteAll(StrBuilder.java:624)
    at org.apache.commons.lang.text.StrBuilderTest.testLang294(StrBuilderTest.java:1734)
    at sun.reflect.NativeMethodAccessorImpl.invoke0(Native Method)
    at sun.reflect.NativeMethodAccessorImpl.invoke(NativeMethodAccessorImpl.java:62)

18:29:24.277 [pool-81-thread-1] DEBUG tests.output - Failing tests with false: 
[testIndexOfLang294(org.apache.commons.lang.text.StrBuilderTest): expected:<-1> but was:<6>, testLang294(org.apache.commons.lang.text.StrBuilderTest): null]
18:29:24.278 [pool-81-thread-1] DEBUG tests.output - Failing tests with true: 
[testIndexOfLang294(org.apache.commons.lang.text.StrBuilderTest): expected:<-1> but was:<6>, testLang294(org.apache.commons.lang.text.StrBuilderTest): null]
18:29:24.278 [pool-81-thread-1] INFO  f.i.l.r.n.synth.SMTNopolSynthesizer - Not enough specifications: 0. A trivial patch is "true" or "false", please write new tests specifying SourceLocation org.apache.commons.lang.text.StrBuilder:1189.
18:29:24.278 [pool-2-thread-1] DEBUG fr.inria.lille.repair.nopol.NoPol - statement #23
18:29:24.278 [pool-2-thread-1] DEBUG fr.inria.lille.repair.nopol.NoPol - Analysing SourceLocation org.apache.commons.lang.text.StrBuilder:1188 which is executed by 2 tests
370441291
18:29:24.443 [pool-2-thread-1] DEBUG fr.inria.lille.repair.nopol.NoPol - looking with class fr.inria.lille.repair.nopol.spoon.smt.ConditionalAdder
junit.framework.AssertionFailedError: expected:<-1> but was:<6>
    at junit.framework.Assert.fail(Assert.java:57)
    at junit.framework.Assert.failNotEquals(Assert.java:329)
    at junit.framework.Assert.assertEquals(Assert.java:78)
    at junit.framework.Assert.assertEquals(Assert.java:234)
    at junit.framework.Assert.assertEquals(Assert.java:241)
    at junit.framework.TestCase.assertEquals(TestCase.java:409)
java.lang.ArrayIndexOutOfBoundsException
    at java.lang.System.arraycopy(Native Method)
    at org.apache.commons.lang.text.StrBuilder.deleteImpl(StrBuilder.java:1114)
    at org.apache.commons.lang.text.StrBuilder.deleteAll(StrBuilder.java:1188)
    at org.apache.commons.lang.text.StrBuilderTest.testLang294(StrBuilderTest.java:1734)
    at sun.reflect.NativeMethodAccessorImpl.invoke0(Native Method)
    at sun.reflect.NativeMethodAccessorImpl.invoke(NativeMethodAccessorImpl.java:62)
18:29:24.472 [pool-88-thread-1] INFO  xxl.java.junit.TestCasesListener - Tests run finished (16 ms)
<> Total tests run: 73
<> Ignored tests: 0
<> Failed tests: 2
~ testIndexOfLang294(org.apache.commons.lang.text.StrBuilderTest)
[expected:<-1> but was:<6>]
junit.framework.AssertionFailedError: expected:<-1> but was:<6>    at junit.framework.Assert.fail(Assert.java:57)
    at junit.framework.Assert.failNotEquals(Assert.java:329)
    at junit.framework.Assert.assertEquals(Assert.java:78)
    at junit.framework.Assert.assertEquals(Assert.java:234)
    at junit.framework.Assert.assertEquals(Assert.java:241)
    at junit.framework.TestCase.assertEquals(TestCase.java:409)
~ testLang294(org.apache.commons.lang.text.StrBuilderTest)
[null]
java.lang.ArrayIndexOutOfBoundsException    at java.lang.System.arraycopy(Native Method)
    at org.apache.commons.lang.text.StrBuilder.deleteImpl(StrBuilder.java:1114)
    at org.apache.commons.lang.text.StrBuilder.deleteAll(StrBuilder.java:1188)
    at org.apache.commons.lang.text.StrBuilderTest.testLang294(StrBuilderTest.java:1734)
    at sun.reflect.NativeMethodAccessorImpl.invoke0(Native Method)
    at sun.reflect.NativeMethodAccessorImpl.invoke(NativeMethodAccessorImpl.java:62)

junit.framework.AssertionFailedError: expected:<-1> but was:<6>
    at junit.framework.Assert.fail(Assert.java:57)
    at junit.framework.Assert.failNotEquals(Assert.java:329)
    at junit.framework.Assert.assertEquals(Assert.java:78)
    at junit.framework.Assert.assertEquals(Assert.java:234)
    at junit.framework.Assert.assertEquals(Assert.java:241)
    at junit.framework.TestCase.assertEquals(TestCase.java:409)
18:29:24.978 [pool-89-thread-1] INFO  f.i.l.c.t.SpecificationTestCasesListener - Tests run finished (4 ms)
<> Total tests run: 1
<> Ignored tests: 0
<> Failed tests: 1
~ testIndexOfLang294(org.apache.commons.lang.text.StrBuilderTest)
[expected:<-1> but was:<6>]
junit.framework.AssertionFailedError: expected:<-1> but was:<6>    at junit.framework.Assert.fail(Assert.java:57)
    at junit.framework.Assert.failNotEquals(Assert.java:329)
    at junit.framework.Assert.assertEquals(Assert.java:78)
    at junit.framework.Assert.assertEquals(Assert.java:234)
    at junit.framework.Assert.assertEquals(Assert.java:241)
    at junit.framework.TestCase.assertEquals(TestCase.java:409)

18:33:46.580 [pool-87-thread-1] DEBUG xxl.java.junit.TestSuiteExecution - Timeout after 200 seconds. Infinite loop?
18:33:46.581 [pool-2-thread-1] ERROR fr.inria.lille.repair.nopol.NoPol - Error ExecutionException java.util.concurrent.ExecutionException: java.lang.RuntimeException: java.util.concurrent.TimeoutException
java.lang.OutOfMemoryError: GC overhead limit exceeded
18:33:46.581 [pool-2-thread-1] DEBUG fr.inria.lille.repair.nopol.NoPol - statement #24
    at xxl.java.container.various.Pair.from(Pair.java:10)
    at fr.inria.lille.commons.trace.collector.CharSequenceCollector.collectedValues(CharSequenceCollector.java:15)
    at fr.inria.lille.commons.trace.collector.ValueCollector.collectWith(ValueCollector.java:29)
18:33:46.582 [pool-2-thread-1] DEBUG fr.inria.lille.repair.nopol.NoPol - Analysing SourceLocation org.apache.commons.lang.text.StrBuilder:1187 which is executed by 2 tests
    at fr.inria.lille.commons.trace.collector.ValueCollector.collectFrom(ValueCollector.java:21)
    at fr.inria.lille.commons.trace.RuntimeValues.collectInput(RuntimeValues.java:89)
    at org.apache.commons.lang.text.StrBuilder.deleteAll(StrBuilder.java:632)
18:33:46.582 [pool-90-thread-1] INFO  f.i.l.c.t.SpecificationTestCasesListener - Tests run finished (261602 ms)
<> Total tests run: 1
<> Ignored tests: 0
<> Failed tests: 1
~ testLang294(org.apache.commons.lang.text.StrBuilderTest)
[GC overhead limit exceeded]
java.lang.OutOfMemoryError: GC overhead limit exceeded    at xxl.java.container.various.Pair.from(Pair.java:10)
    at fr.inria.lille.commons.trace.collector.CharSequenceCollector.collectedValues(CharSequenceCollector.java:15)
    at fr.inria.lille.commons.trace.collector.ValueCollector.collectWith(ValueCollector.java:29)
    at fr.inria.lille.commons.trace.collector.ValueCollector.collectFrom(ValueCollector.java:21)
    at fr.inria.lille.commons.trace.RuntimeValues.collectInput(RuntimeValues.java:89)
    at org.apache.commons.lang.text.StrBuilder.deleteAll(StrBuilder.java:632)

java.util.concurrent.ExecutionException: java.lang.OutOfMemoryError: GC overhead limit exceeded
	at java.util.concurrent.FutureTask.report(FutureTask.java:122)
	at java.util.concurrent.FutureTask.get(FutureTask.java:206)
	at fr.inria.lille.repair.Main.main(Main.java:106)
Caused by: java.lang.OutOfMemoryError: GC overhead limit exceeded
	at java.util.Arrays.copyOf(Arrays.java:3332)
	at java.lang.AbstractStringBuilder.ensureCapacityInternal(AbstractStringBuilder.java:124)
	at java.lang.AbstractStringBuilder.append(AbstractStringBuilder.java:448)
	at java.lang.StringBuilder.append(StringBuilder.java:136)
	at spoon.support.reflect.reference.CtTypeReferenceImpl.getQualifiedName(CtTypeReferenceImpl.java:208)
	at spoon.support.visitor.SignaturePrinter.visitCtTypeReference(SignaturePrinter.java:82)
	at spoon.support.reflect.reference.CtTypeReferenceImpl.accept(CtTypeReferenceImpl.java:78)
	at spoon.reflect.visitor.CtScanner.scan(CtScanner.java:182)
	at spoon.support.visitor.SignaturePrinter.visitCtMethod(SignaturePrinter.java:139)
	at spoon.support.reflect.declaration.CtMethodImpl.accept(CtMethodImpl.java:73)
	at spoon.reflect.visitor.CtScanner.scan(CtScanner.java:182)
	at spoon.support.reflect.declaration.CtExecutableImpl.getSignature(CtExecutableImpl.java:186)
	at spoon.support.reflect.declaration.CtTypeImpl.addMethod(CtTypeImpl.java:621)
	at spoon.support.compiler.jdt.ParentExiter.scanCtType(ParentExiter.java:242)
	at spoon.reflect.visitor.CtInheritanceScanner.visitCtClass(CtInheritanceScanner.java:498)
	at spoon.support.compiler.jdt.ParentExiter.visitCtClass(ParentExiter.java:489)
	at spoon.support.reflect.declaration.CtClassImpl.accept(CtClassImpl.java:67)
	at spoon.reflect.visitor.CtInheritanceScanner.scan(CtInheritanceScanner.java:181)
	at spoon.support.compiler.jdt.ContextBuilder.exit(ContextBuilder.java:137)
	at spoon.support.compiler.jdt.JDTTreeBuilder.endVisit(JDTTreeBuilder.java:484)
	at org.eclipse.jdt.internal.compiler.ast.MethodDeclaration.traverse(MethodDeclaration.java:358)
	at org.eclipse.jdt.internal.compiler.ast.TypeDeclaration.traverse(TypeDeclaration.java:1390)
	at org.eclipse.jdt.internal.compiler.ast.CompilationUnitDeclaration.traverse(CompilationUnitDeclaration.java:783)
	at org.eclipse.jdt.internal.compiler.ast.CompilationUnitDeclaration.traverse(CompilationUnitDeclaration.java:744)
	at spoon.support.compiler.jdt.JDTBasedSpoonCompiler.buildModel(JDTBasedSpoonCompiler.java:478)
	at spoon.support.compiler.jdt.JDTBasedSpoonCompiler.buildUnitsAndModel(JDTBasedSpoonCompiler.java:391)
	at spoon.support.compiler.jdt.JDTBasedSpoonCompiler.buildSources(JDTBasedSpoonCompiler.java:340)
	at spoon.support.compiler.jdt.JDTBasedSpoonCompiler.build(JDTBasedSpoonCompiler.java:129)
	at spoon.support.compiler.jdt.JDTBasedSpoonCompiler.build(JDTBasedSpoonCompiler.java:113)
	at fr.inria.lille.commons.spoon.util.SpoonModelLibrary.modelFor(SpoonModelLibrary.java:53)
	at fr.inria.lille.commons.spoon.SpoonedFile.<init>(SpoonedFile.java:61)
	at fr.inria.lille.commons.spoon.SpoonedClass.<init>(SpoonedClass.java:14)

Usage: java -jar nopol.jar
                          [(-m|--mode) <repair|ranking>] (-e|--type) <condition|precondition|pre_then_cond|loop|arithmetic> [(-o|--oracle) <angelic|symbolic>] [(-y|--synthesis) <smt|dynamoth>] [(-l|--solver) <z3|cvc4>] [(-p|--solver-path) <solverPath>] (-s|--source) source1:source2:...:sourceN  (-c|--classpath) <classpath> [(-t|--test) test1:test2:...:testN ] [--complianceLevel <complianceLevel>] [--maxTime <maxTime>] [--maxTimeType <maxTimeType>] [(-z|--flocal) < cocospoon|dumb|gzoltar>] [--output <outputFolder>] [--json[:<outputJson>]]

  [(-m|--mode) <repair|ranking>]
        Define the mode of execution. (default: repair)

  (-e|--type) <condition|precondition|pre_then_cond|loop|arithmetic>
        The repair type (example fixing only conditions, or adding
        precondition). REQUIRED OPTION (default: condition)

  [(-o|--oracle) <angelic|symbolic>]
        Define the oracle (only used with repair mode). (default: angelic)

  [(-y|--synthesis) <smt|dynamoth>]
        Define the patch synthesis. (default: smt)

  [(-l|--solver) <z3|cvc4>]
        Define the solver (only used with smt synthesis). (default: z3)

  [(-p|--solver-path) <solverPath>]
        Define the solver binary path (only used with smt synthesis).

  (-s|--source) source1:source2:...:sourceN 
        Define the path to the source code of the project.

  (-c|--classpath) <classpath>
        Define the classpath of the project.

  [(-t|--test) test1:test2:...:testN ]
        Define the tests of the project (both failing and passing),
        fully-qualified, separated with ':' (even if the classpath contains
        other tests, only those are considered.

  [--complianceLevel <complianceLevel>]
        The compliance level of the project. (default: 7)

  [--maxTime <maxTime>]
        The maximum time execution in minute for the whole execution of
        Nopol.(default: 10)

  [--maxTimeType <maxTimeType>]
        The maximum time execution in minute for one type of patch. (default: 5)

  [(-z|--flocal) < cocospoon|dumb|gzoltar>]
        Define the fault localizer to be used. (default: gzoltar)

  [--output <outputFolder>]
        Define the location where the patches will be saved. (default: .)

  [--json[:<outputJson>]]
        Output a json file in the current working directory.

Command exited with non-zero status 255
2391.31user 12.10system 5:53.08elapsed 680%CPU (0avgtext+0avgdata 4505924maxresident)k
56632inputs+5976outputs (7major+1345146minor)pagefaults 0swaps


Node: granduc-3.luxembourg.grid5000.fr



Date: Wed Nov 28 18:34:36 EST 2018

