cd /tmp/Nopol_Bug_dot_jar_Commons-Math_19c1c3bb;
export JAVA_TOOL_OPTIONS="-Dfile.encoding=UTF8 -Duser.language=en-US -Duser.country=US -Duser.language=en";
TZ="America/New_York"; export TZ;
export PATH="/usr/lib/jvm/java-1.8.0-openjdk-amd64/bin/:$PATH";
export JAVA_HOME="/usr/lib/jvm/java-1.8.0-openjdk-amd64/bin/";
time java -Xmx4g -Xms1g -cp /home/tdurieux/defects4j4repair/script/../repair_tools/nopol.jar:/usr/lib/jvm/java-1.8.0-openjdk-amd64/bin//../lib/tools.jar fr.inria.lille.repair.Main \
	--mode repair \
	--type pre_then_cond \
	--oracle angelic \
	--synthesis smt \
	--flocal gzoltar \
	--json \
	--solver z3 \
	--solver-path /home/tdurieux/defects4j4repair/script/../libs/z3/build/z3 \
	--complianceLevel 7 \
	--source src/main/java \
	--classpath "target/classes:target/test-classes:/home/tdurieux/.m2/repository/junit/junit/4.11/junit-4.11.jar:/home/tdurieux/.m2/repository/org/hamcrest/hamcrest-core/1.3/hamcrest-core-1.3.jar:/home/tdurieux/defects4j4repair/script/../repair_tools/nopol.jar";
	echo "\n\nNode: `hostname`\n";
	echo "\n\nDate: `date`\n";
Picked up JAVA_TOOL_OPTIONS: -Dfile.encoding=UTF8 -Duser.language=en-US -Duser.country=US -Duser.language=en
09:11:47.716 [main] INFO  fr.inria.lille.repair.nopol.NoPol - Source files: [src/main/java]
09:11:47.727 [main] INFO  fr.inria.lille.repair.nopol.NoPol - Classpath: [file:/tmp/Nopol_Bug_dot_jar_Commons-Math_19c1c3bb/target/classes/, file:/tmp/Nopol_Bug_dot_jar_Commons-Math_19c1c3bb/target/test-classes/, file:/home/tdurieux/.m2/repository/junit/junit/4.11/junit-4.11.jar, file:/home/tdurieux/.m2/repository/org/hamcrest/hamcrest-core/1.3/hamcrest-core-1.3.jar, file:/home/tdurieux/defects4j4repair/script/../repair_tools/nopol.jar]
09:11:47.727 [main] INFO  fr.inria.lille.repair.nopol.NoPol - Statement type: PRE_THEN_COND
09:11:47.728 [main] INFO  fr.inria.lille.repair.nopol.NoPol - Args: [org.apache.commons.math3.RetryRunnerTest, org.apache.commons.math3.analysis.FunctionUtilsTest, org.apache.commons.math3.analysis.differentiation.DSCompilerTest, org.apache.commons.math3.analysis.differentiation.DerivativeStructureTest, org.apache.commons.math3.analysis.differentiation.FiniteDifferencesDifferentiatorTest, org.apache.commons.math3.analysis.differentiation.GradientFunctionTest, org.apache.commons.math3.analysis.differentiation.JacobianFunctionTest, org.apache.commons.math3.analysis.differentiation.SparseGradientTest, org.apache.commons.math3.analysis.function.GaussianTest, org.apache.commons.math3.analysis.function.HarmonicOscillatorTest, org.apache.commons.math3.analysis.function.LogisticTest, org.apache.commons.math3.analysis.function.LogitTest, org.apache.commons.math3.analysis.function.SigmoidTest, org.apache.commons.math3.analysis.function.SincTest, org.apache.commons.math3.analysis.function.SqrtTest, org.apache.commons.math3.analysis.function.StepFunctionTest, org.apache.commons.math3.analysis.integration.IterativeLegendreGaussIntegratorTest, org.apache.commons.math3.analysis.integration.LegendreGaussIntegratorTest, org.apache.commons.math3.analysis.integration.MidPointIntegratorTest, org.apache.commons.math3.analysis.integration.RombergIntegratorTest, org.apache.commons.math3.analysis.integration.SimpsonIntegratorTest, org.apache.commons.math3.analysis.integration.TrapezoidIntegratorTest, org.apache.commons.math3.analysis.integration.gauss.BaseRuleFactoryTest, org.apache.commons.math3.analysis.integration.gauss.GaussIntegratorTest, org.apache.commons.math3.analysis.integration.gauss.HermiteParametricTest, org.apache.commons.math3.analysis.integration.gauss.HermiteTest, org.apache.commons.math3.analysis.integration.gauss.LegendreHighPrecisionParametricTest, org.apache.commons.math3.analysis.integration.gauss.LegendreHighPrecisionTest, org.apache.commons.math3.analysis.integration.gauss.LegendreParametricTest, org.apache.commons.math3.analysis.integration.gauss.LegendreTest, org.apache.commons.math3.analysis.interpolation.BicubicSplineInterpolatingFunctionTest, org.apache.commons.math3.analysis.interpolation.BicubicSplineInterpolatorTest, org.apache.commons.math3.analysis.interpolation.DividedDifferenceInterpolatorTest, org.apache.commons.math3.analysis.interpolation.FieldHermiteInterpolatorTest, org.apache.commons.math3.analysis.interpolation.HermiteInterpolatorTest, org.apache.commons.math3.analysis.interpolation.LinearInterpolatorTest, org.apache.commons.math3.analysis.interpolation.LoessInterpolatorTest, org.apache.commons.math3.analysis.interpolation.MicrosphereInterpolatorTest, org.apache.commons.math3.analysis.interpolation.NevilleInterpolatorTest, org.apache.commons.math3.analysis.interpolation.SmoothingPolynomialBicubicSplineInterpolatorTest, org.apache.commons.math3.analysis.interpolation.SplineInterpolatorTest, org.apache.commons.math3.analysis.interpolation.TricubicSplineInterpolatingFunctionTest, org.apache.commons.math3.analysis.interpolation.TricubicSplineInterpolatorTest, org.apache.commons.math3.analysis.interpolation.UnivariatePeriodicInterpolatorTest, org.apache.commons.math3.analysis.polynomials.PolynomialFunctionLagrangeFormTest, org.apache.commons.math3.analysis.polynomials.PolynomialFunctionNewtonFormTest, org.apache.commons.math3.analysis.polynomials.PolynomialFunctionTest, org.apache.commons.math3.analysis.polynomials.PolynomialSplineFunctionTest, org.apache.commons.math3.analysis.polynomials.PolynomialsUtilsTest, org.apache.commons.math3.analysis.solvers.BisectionSolverTest, org.apache.commons.math3.analysis.solvers.BracketingNthOrderBrentSolverTest, org.apache.commons.math3.analysis.solvers.BrentSolverTest, org.apache.commons.math3.analysis.solvers.IllinoisSolverTest, org.apache.commons.math3.analysis.solvers.LaguerreSolverTest, org.apache.commons.math3.analysis.solvers.MullerSolver2Test, org.apache.commons.math3.analysis.solvers.MullerSolverTest, org.apache.commons.math3.analysis.solvers.NewtonRaphsonSolverTest, org.apache.commons.math3.analysis.solvers.NewtonSolverTest, org.apache.commons.math3.analysis.solvers.PegasusSolverTest, org.apache.commons.math3.analysis.solvers.RegulaFalsiSolverTest, org.apache.commons.math3.analysis.solvers.RiddersSolverTest, org.apache.commons.math3.analysis.solvers.SecantSolverTest, org.apache.commons.math3.analysis.solvers.UnivariateSolverUtilsTest, org.apache.commons.math3.complex.ComplexFieldTest, org.apache.commons.math3.complex.ComplexFormatTest, org.apache.commons.math3.complex.ComplexTest, org.apache.commons.math3.complex.ComplexUtilsTest, org.apache.commons.math3.complex.FrenchComplexFormatTest, org.apache.commons.math3.complex.QuaternionTest, org.apache.commons.math3.complex.RootsOfUnityTest, org.apache.commons.math3.dfp.BracketingNthOrderBrentSolverDFPTest, org.apache.commons.math3.dfp.DfpDecTest, org.apache.commons.math3.dfp.DfpMathTest, org.apache.commons.math3.dfp.DfpTest, org.apache.commons.math3.distribution.AbstractIntegerDistributionTest, org.apache.commons.math3.distribution.AbstractRealDistributionTest, org.apache.commons.math3.distribution.BetaDistributionTest, org.apache.commons.math3.distribution.BinomialDistributionTest, org.apache.commons.math3.distribution.CauchyDistributionTest, org.apache.commons.math3.distribution.ChiSquaredDistributionTest, org.apache.commons.math3.distribution.EnumeratedIntegerDistributionTest, org.apache.commons.math3.distribution.EnumeratedRealDistributionTest, org.apache.commons.math3.distribution.ExponentialDistributionTest, org.apache.commons.math3.distribution.FDistributionTest, org.apache.commons.math3.distribution.GammaDistributionTest, org.apache.commons.math3.distribution.GeometricDistributionTest, org.apache.commons.math3.distribution.HypergeometricDistributionTest, org.apache.commons.math3.distribution.KolmogorovSmirnovDistributionTest, org.apache.commons.math3.distribution.LevyDistributionTest, org.apache.commons.math3.distribution.LogNormalDistributionTest, org.apache.commons.math3.distribution.MultivariateNormalDistributionTest, org.apache.commons.math3.distribution.MultivariateNormalMixtureModelDistributionTest, org.apache.commons.math3.distribution.NormalDistributionTest, org.apache.commons.math3.distribution.ParetoDistributionTest, org.apache.commons.math3.distribution.PascalDistributionTest, org.apache.commons.math3.distribution.PoissonDistributionTest, org.apache.commons.math3.distribution.TDistributionTest, org.apache.commons.math3.distribution.TriangularDistributionTest, org.apache.commons.math3.distribution.UniformIntegerDistributionTest, org.apache.commons.math3.distribution.UniformRealDistributionTest, org.apache.commons.math3.distribution.WeibullDistributionTest, org.apache.commons.math3.distribution.ZipfDistributionTest, org.apache.commons.math3.distribution.fitting.MultivariateNormalMixtureExpectationMaximizationTest, org.apache.commons.math3.exception.DimensionMismatchExceptionTest, org.apache.commons.math3.exception.MaxCountExceededExceptionTest, org.apache.commons.math3.exception.NonMonotonicSequenceExceptionTest, org.apache.commons.math3.exception.NotPositiveExceptionTest, org.apache.commons.math3.exception.NotStrictlyPositiveExceptionTest, org.apache.commons.math3.exception.NumberIsTooLargeExceptionTest, org.apache.commons.math3.exception.NumberIsTooSmallExceptionTest, org.apache.commons.math3.exception.OutOfRangeExceptionTest, org.apache.commons.math3.exception.TooManyEvaluationsExceptionTest, org.apache.commons.math3.exception.util.ArgUtilsTest, org.apache.commons.math3.exception.util.ExceptionContextTest, org.apache.commons.math3.exception.util.LocalizedFormatsTest, org.apache.commons.math3.filter.KalmanFilterTest, org.apache.commons.math3.fitting.CurveFitterTest, org.apache.commons.math3.fitting.GaussianCurveFitterTest, org.apache.commons.math3.fitting.GaussianFitterTest, org.apache.commons.math3.fitting.HarmonicCurveFitterTest, org.apache.commons.math3.fitting.HarmonicFitterTest, org.apache.commons.math3.fitting.PolynomialCurveFitterTest, org.apache.commons.math3.fitting.PolynomialFitterTest, org.apache.commons.math3.fitting.WeightedObservedPointsTest, org.apache.commons.math3.fitting.leastsquares.AbstractLeastSquaresOptimizerTest, org.apache.commons.math3.fitting.leastsquares.AbstractLeastSquaresOptimizerTestValidation, org.apache.commons.math3.fitting.leastsquares.GaussNewtonOptimizerTest, org.apache.commons.math3.fitting.leastsquares.LevenbergMarquardtOptimizerTest, org.apache.commons.math3.fitting.leastsquares.MinpackTest, org.apache.commons.math3.fraction.BigFractionFieldTest, org.apache.commons.math3.fraction.BigFractionFormatTest, org.apache.commons.math3.fraction.BigFractionTest, org.apache.commons.math3.fraction.FractionFieldTest, org.apache.commons.math3.fraction.FractionFormatTest, org.apache.commons.math3.fraction.FractionTest, org.apache.commons.math3.genetics.BinaryChromosomeTest, org.apache.commons.math3.genetics.BinaryMutationTest, org.apache.commons.math3.genetics.ChromosomeTest, org.apache.commons.math3.genetics.CycleCrossoverTest, org.apache.commons.math3.genetics.ElitisticListPopulationTest, org.apache.commons.math3.genetics.FitnessCachingTest, org.apache.commons.math3.genetics.FixedElapsedTimeTest, org.apache.commons.math3.genetics.FixedGenerationCountTest, org.apache.commons.math3.genetics.GeneticAlgorithmTestBinary, org.apache.commons.math3.genetics.GeneticAlgorithmTestPermutations, org.apache.commons.math3.genetics.ListPopulationTest, org.apache.commons.math3.genetics.NPointCrossoverTest, org.apache.commons.math3.genetics.OnePointCrossoverTest, org.apache.commons.math3.genetics.OrderedCrossoverTest, org.apache.commons.math3.genetics.RandomKeyMutationTest, org.apache.commons.math3.genetics.RandomKeyTest, org.apache.commons.math3.genetics.TournamentSelectionTest, org.apache.commons.math3.genetics.UniformCrossoverTest, org.apache.commons.math3.geometry.enclosing.WelzlEncloser2DTest, org.apache.commons.math3.geometry.enclosing.WelzlEncloser3DTest, org.apache.commons.math3.geometry.euclidean.oned.IntervalTest, org.apache.commons.math3.geometry.euclidean.oned.IntervalsSetTest, org.apache.commons.math3.geometry.euclidean.threed.FieldRotationDSTest, org.apache.commons.math3.geometry.euclidean.threed.FieldRotationDfpTest, org.apache.commons.math3.geometry.euclidean.threed.FieldVector3DTest, org.apache.commons.math3.geometry.euclidean.threed.FrenchVector3DFormatTest, org.apache.commons.math3.geometry.euclidean.threed.LineTest, org.apache.commons.math3.geometry.euclidean.threed.PlaneTest, org.apache.commons.math3.geometry.euclidean.threed.PolyhedronsSetTest, org.apache.commons.math3.geometry.euclidean.threed.RotationOrderTest, org.apache.commons.math3.geometry.euclidean.threed.RotationTest, org.apache.commons.math3.geometry.euclidean.threed.SphereGeneratorTest, org.apache.commons.math3.geometry.euclidean.threed.SphericalCoordinatesTest, org.apache.commons.math3.geometry.euclidean.threed.SubLineTest, org.apache.commons.math3.geometry.euclidean.threed.Vector3DFormatTest, org.apache.commons.math3.geometry.euclidean.threed.Vector3DTest, org.apache.commons.math3.geometry.euclidean.twod.DiskGeneratorTest, org.apache.commons.math3.geometry.euclidean.twod.LineTest, org.apache.commons.math3.geometry.euclidean.twod.PolygonsSetTest, org.apache.commons.math3.geometry.euclidean.twod.SegmentTest, org.apache.commons.math3.geometry.euclidean.twod.SubLineTest, org.apache.commons.math3.geometry.euclidean.twod.Vector2DTest, org.apache.commons.math3.geometry.euclidean.twod.hull.AklToussaintHeuristicTest, org.apache.commons.math3.geometry.euclidean.twod.hull.GrahamScanTest, org.apache.commons.math3.geometry.euclidean.twod.hull.MonotoneChainTest, org.apache.commons.math3.geometry.partitioning.utilities.AVLTreeTest, org.apache.commons.math3.geometry.spherical.oned.ArcTest, org.apache.commons.math3.geometry.spherical.oned.ArcsSetTest, org.apache.commons.math3.geometry.spherical.oned.LimitAngleTest, org.apache.commons.math3.geometry.spherical.oned.S1PointTest, org.apache.commons.math3.geometry.spherical.twod.CircleTest, org.apache.commons.math3.geometry.spherical.twod.S2PointTest, org.apache.commons.math3.geometry.spherical.twod.SphericalPolygonsSetTest, org.apache.commons.math3.geometry.spherical.twod.SubCircleTest, org.apache.commons.math3.linear.Array2DRowRealMatrixTest, org.apache.commons.math3.linear.ArrayFieldVectorTest, org.apache.commons.math3.linear.ArrayRealVectorTest, org.apache.commons.math3.linear.BiDiagonalTransformerTest, org.apache.commons.math3.linear.BlockFieldMatrixTest, org.apache.commons.math3.linear.BlockRealMatrixTest, org.apache.commons.math3.linear.CholeskyDecompositionTest, org.apache.commons.math3.linear.CholeskySolverTest, org.apache.commons.math3.linear.ConjugateGradientTest, org.apache.commons.math3.linear.DiagonalMatrixTest, org.apache.commons.math3.linear.EigenDecompositionTest, org.apache.commons.math3.linear.EigenSolverTest, org.apache.commons.math3.linear.FieldLUDecompositionTest, org.apache.commons.math3.linear.FieldLUSolverTest, org.apache.commons.math3.linear.FieldMatrixImplTest, org.apache.commons.math3.linear.FrenchRealVectorFormatTest, org.apache.commons.math3.linear.HessenbergTransformerTest, org.apache.commons.math3.linear.LUDecompositionTest, org.apache.commons.math3.linear.LUSolverTest, org.apache.commons.math3.linear.MatrixDimensionMismatchExceptionTest, org.apache.commons.math3.linear.MatrixUtilsTest, org.apache.commons.math3.linear.OpenMapRealMatrixTest, org.apache.commons.math3.linear.QRDecompositionTest, org.apache.commons.math3.linear.QRSolverTest, org.apache.commons.math3.linear.RRQRDecompositionTest, org.apache.commons.math3.linear.RRQRSolverTest, org.apache.commons.math3.linear.RealMatrixFormatTest, org.apache.commons.math3.linear.RealVectorFormatTest, org.apache.commons.math3.linear.RealVectorTest, org.apache.commons.math3.linear.RectangularCholeskyDecompositionTest, org.apache.commons.math3.linear.SchurTransformerTest, org.apache.commons.math3.linear.SingularValueDecompositionTest, org.apache.commons.math3.linear.SingularValueSolverTest, org.apache.commons.math3.linear.SparseFieldMatrixTest, org.apache.commons.math3.linear.SparseFieldVectorTest, org.apache.commons.math3.linear.SparseRealMatrixTest, org.apache.commons.math3.linear.SparseRealVectorTest, org.apache.commons.math3.linear.SymmLQTest, org.apache.commons.math3.linear.TriDiagonalTransformerTest, org.apache.commons.math3.linear.UnmodifiableArrayRealVectorTest, org.apache.commons.math3.linear.UnmodifiableOpenMapRealVectorTest, org.apache.commons.math3.ml.clustering.DBSCANClustererTest, org.apache.commons.math3.ml.clustering.FuzzyKMeansClustererTest, org.apache.commons.math3.ml.clustering.KMeansPlusPlusClustererTest, org.apache.commons.math3.ml.clustering.MultiKMeansPlusPlusClustererTest, org.apache.commons.math3.ml.clustering.evaluation.SumOfClusterVariancesTest, org.apache.commons.math3.ml.distance.CanberraDistanceTest, org.apache.commons.math3.ml.distance.ChebyshevDistanceTest, org.apache.commons.math3.ml.distance.EarthMoversDistanceTest, org.apache.commons.math3.ml.distance.EuclideanDistanceTest, org.apache.commons.math3.ml.distance.ManhattanDistanceTest, org.apache.commons.math3.ml.neuralnet.MapUtilsTest, org.apache.commons.math3.ml.neuralnet.NetworkTest, org.apache.commons.math3.ml.neuralnet.NeuronTest, org.apache.commons.math3.ml.neuralnet.oned.NeuronStringTest, org.apache.commons.math3.ml.neuralnet.sofm.KohonenTrainingTaskTest, org.apache.commons.math3.ml.neuralnet.sofm.KohonenUpdateActionTest, org.apache.commons.math3.ml.neuralnet.sofm.LearningFactorFunctionFactoryTest, org.apache.commons.math3.ml.neuralnet.sofm.NeighbourhoodSizeFunctionFactoryTest, org.apache.commons.math3.ml.neuralnet.sofm.util.ExponentialDecayFunctionTest, org.apache.commons.math3.ml.neuralnet.sofm.util.QuasiSigmoidDecayFunctionTest, org.apache.commons.math3.ml.neuralnet.twod.NeuronSquareMesh2DTest, org.apache.commons.math3.ode.ContinuousOutputModelTest, org.apache.commons.math3.ode.FirstOrderConverterTest, org.apache.commons.math3.ode.JacobianMatricesTest, org.apache.commons.math3.ode.events.EventFilterTest, org.apache.commons.math3.ode.events.EventStateTest, org.apache.commons.math3.ode.events.OverlappingEventsTest, org.apache.commons.math3.ode.events.ReappearingEventTest, org.apache.commons.math3.ode.nonstiff.AdamsBashforthIntegratorTest, org.apache.commons.math3.ode.nonstiff.AdamsMoultonIntegratorTest, org.apache.commons.math3.ode.nonstiff.ClassicalRungeKuttaIntegratorTest, org.apache.commons.math3.ode.nonstiff.ClassicalRungeKuttaStepInterpolatorTest, org.apache.commons.math3.ode.nonstiff.DormandPrince54IntegratorTest, org.apache.commons.math3.ode.nonstiff.DormandPrince54StepInterpolatorTest, org.apache.commons.math3.ode.nonstiff.DormandPrince853IntegratorTest, org.apache.commons.math3.ode.nonstiff.DormandPrince853StepInterpolatorTest, org.apache.commons.math3.ode.nonstiff.EulerIntegratorTest, org.apache.commons.math3.ode.nonstiff.EulerStepInterpolatorTest, org.apache.commons.math3.ode.nonstiff.GillIntegratorTest, org.apache.commons.math3.ode.nonstiff.GillStepInterpolatorTest, org.apache.commons.math3.ode.nonstiff.GraggBulirschStoerIntegratorTest, org.apache.commons.math3.ode.nonstiff.GraggBulirschStoerStepInterpolatorTest, org.apache.commons.math3.ode.nonstiff.HighamHall54IntegratorTest, org.apache.commons.math3.ode.nonstiff.HighamHall54StepInterpolatorTest, org.apache.commons.math3.ode.nonstiff.MidpointIntegratorTest, org.apache.commons.math3.ode.nonstiff.MidpointStepInterpolatorTest, org.apache.commons.math3.ode.nonstiff.ThreeEighthesIntegratorTest, org.apache.commons.math3.ode.nonstiff.ThreeEighthesStepInterpolatorTest, org.apache.commons.math3.ode.sampling.DummyStepInterpolatorTest, org.apache.commons.math3.ode.sampling.NordsieckStepInterpolatorTest, org.apache.commons.math3.ode.sampling.StepNormalizerOutputOverlapTest, org.apache.commons.math3.ode.sampling.StepNormalizerOutputTest, org.apache.commons.math3.ode.sampling.StepNormalizerTest, org.apache.commons.math3.optim.PointValuePairTest, org.apache.commons.math3.optim.PointVectorValuePairTest, org.apache.commons.math3.optim.SimplePointCheckerTest, org.apache.commons.math3.optim.SimpleValueCheckerTest, org.apache.commons.math3.optim.SimpleVectorValueCheckerTest, org.apache.commons.math3.optim.linear.SimplexSolverTest, org.apache.commons.math3.optim.linear.SimplexTableauTest, org.apache.commons.math3.optim.nonlinear.scalar.MultiStartMultivariateOptimizerTest, org.apache.commons.math3.optim.nonlinear.scalar.MultivariateFunctionMappingAdapterTest, org.apache.commons.math3.optim.nonlinear.scalar.MultivariateFunctionPenaltyAdapterTest, org.apache.commons.math3.optim.nonlinear.scalar.gradient.NonLinearConjugateGradientOptimizerTest, org.apache.commons.math3.optim.nonlinear.scalar.noderiv.BOBYQAOptimizerTest, org.apache.commons.math3.optim.nonlinear.scalar.noderiv.CMAESOptimizerTest, org.apache.commons.math3.optim.nonlinear.scalar.noderiv.PowellOptimizerTest, org.apache.commons.math3.optim.nonlinear.scalar.noderiv.SimplexOptimizerMultiDirectionalTest, org.apache.commons.math3.optim.nonlinear.scalar.noderiv.SimplexOptimizerNelderMeadTest, org.apache.commons.math3.optim.nonlinear.vector.MultiStartMultivariateVectorOptimizerTest, org.apache.commons.math3.optim.nonlinear.vector.jacobian.AbstractLeastSquaresOptimizerTest, org.apache.commons.math3.optim.nonlinear.vector.jacobian.AbstractLeastSquaresOptimizerTestValidation, org.apache.commons.math3.optim.nonlinear.vector.jacobian.GaussNewtonOptimizerTest, org.apache.commons.math3.optim.nonlinear.vector.jacobian.LevenbergMarquardtOptimizerTest, org.apache.commons.math3.optim.nonlinear.vector.jacobian.MinpackTest, org.apache.commons.math3.optim.univariate.BracketFinderTest, org.apache.commons.math3.optim.univariate.BrentOptimizerTest, org.apache.commons.math3.optim.univariate.MultiStartUnivariateOptimizerTest, org.apache.commons.math3.optim.univariate.SimpleUnivariateValueCheckerTest, org.apache.commons.math3.optimization.MultivariateDifferentiableMultiStartOptimizerTest, org.apache.commons.math3.optimization.MultivariateDifferentiableVectorMultiStartOptimizerTest, org.apache.commons.math3.optimization.MultivariateMultiStartOptimizerTest, org.apache.commons.math3.optimization.PointValuePairTest, org.apache.commons.math3.optimization.PointVectorValuePairTest, org.apache.commons.math3.optimization.SimplePointCheckerTest, org.apache.commons.math3.optimization.SimpleValueCheckerTest, org.apache.commons.math3.optimization.SimpleVectorValueCheckerTest, org.apache.commons.math3.optimization.direct.BOBYQAOptimizerTest, org.apache.commons.math3.optimization.direct.CMAESOptimizerTest, org.apache.commons.math3.optimization.direct.MultivariateFunctionMappingAdapterTest, org.apache.commons.math3.optimization.direct.MultivariateFunctionPenaltyAdapterTest, org.apache.commons.math3.optimization.direct.PowellOptimizerTest, org.apache.commons.math3.optimization.direct.SimplexOptimizerMultiDirectionalTest, org.apache.commons.math3.optimization.direct.SimplexOptimizerNelderMeadTest, org.apache.commons.math3.optimization.fitting.CurveFitterTest, org.apache.commons.math3.optimization.fitting.GaussianFitterTest, org.apache.commons.math3.optimization.fitting.HarmonicFitterTest, org.apache.commons.math3.optimization.fitting.PolynomialFitterTest, org.apache.commons.math3.optimization.general.AbstractLeastSquaresOptimizerTest, org.apache.commons.math3.optimization.general.AbstractLeastSquaresOptimizerTestValidation, org.apache.commons.math3.optimization.general.GaussNewtonOptimizerTest, org.apache.commons.math3.optimization.general.LevenbergMarquardtOptimizerTest, org.apache.commons.math3.optimization.general.MinpackTest, org.apache.commons.math3.optimization.general.NonLinearConjugateGradientOptimizerTest, org.apache.commons.math3.optimization.linear.SimplexSolverTest, org.apache.commons.math3.optimization.linear.SimplexTableauTest, org.apache.commons.math3.optimization.univariate.BracketFinderTest, org.apache.commons.math3.optimization.univariate.BrentOptimizerTest, org.apache.commons.math3.optimization.univariate.SimpleUnivariateValueCheckerTest, org.apache.commons.math3.optimization.univariate.UnivariateMultiStartOptimizerTest, org.apache.commons.math3.primes.PrimesTest, org.apache.commons.math3.random.AbstractRandomGeneratorTest, org.apache.commons.math3.random.BitsStreamGeneratorTest, org.apache.commons.math3.random.CorrelatedRandomVectorGeneratorTest, org.apache.commons.math3.random.EmpiricalDistributionTest, org.apache.commons.math3.random.GaussianRandomGeneratorTest, org.apache.commons.math3.random.HaltonSequenceGeneratorTest, org.apache.commons.math3.random.ISAACTest, org.apache.commons.math3.random.MersenneTwisterTest, org.apache.commons.math3.random.RandomAdaptorTest, org.apache.commons.math3.random.RandomDataGeneratorTest, org.apache.commons.math3.random.RandomGeneratorAbstractTest, org.apache.commons.math3.random.RandomGeneratorFactoryTest, org.apache.commons.math3.random.SobolSequenceGeneratorTest, org.apache.commons.math3.random.StableRandomGeneratorTest, org.apache.commons.math3.random.SynchronizedRandomGeneratorTest, org.apache.commons.math3.random.UncorrelatedRandomVectorGeneratorTest, org.apache.commons.math3.random.UniformRandomGeneratorTest, org.apache.commons.math3.random.UnitSphereRandomVectorGeneratorTest, org.apache.commons.math3.random.ValueServerTest, org.apache.commons.math3.random.Well1024aTest, org.apache.commons.math3.random.Well19937aTest, org.apache.commons.math3.random.Well19937cTest, org.apache.commons.math3.random.Well44497aTest, org.apache.commons.math3.random.Well44497bTest, org.apache.commons.math3.random.Well512aTest, org.apache.commons.math3.special.BetaTest, org.apache.commons.math3.special.ErfTest, org.apache.commons.math3.special.GammaTest, org.apache.commons.math3.stat.CertifiedDataTest, org.apache.commons.math3.stat.FrequencyTest, org.apache.commons.math3.stat.StatUtilsTest, org.apache.commons.math3.stat.clustering.DBSCANClustererTest, org.apache.commons.math3.stat.clustering.EuclideanDoublePointTest, org.apache.commons.math3.stat.clustering.EuclideanIntegerPointTest, org.apache.commons.math3.stat.clustering.KMeansPlusPlusClustererTest, org.apache.commons.math3.stat.correlation.CovarianceTest, org.apache.commons.math3.stat.correlation.KendallsCorrelationTest, org.apache.commons.math3.stat.correlation.PearsonsCorrelationTest, org.apache.commons.math3.stat.correlation.SpearmansRankCorrelationTest, org.apache.commons.math3.stat.correlation.StorelessCovarianceTest, org.apache.commons.math3.stat.data.LewTest, org.apache.commons.math3.stat.data.LotteryTest, org.apache.commons.math3.stat.descriptive.AbstractUnivariateStatisticTest, org.apache.commons.math3.stat.descriptive.AggregateSummaryStatisticsTest, org.apache.commons.math3.stat.descriptive.DescriptiveStatisticsTest, org.apache.commons.math3.stat.descriptive.ListUnivariateImplTest, org.apache.commons.math3.stat.descriptive.MixedListUnivariateImplTest, org.apache.commons.math3.stat.descriptive.MultivariateSummaryStatisticsTest, org.apache.commons.math3.stat.descriptive.StatisticalSummaryValuesTest, org.apache.commons.math3.stat.descriptive.SummaryStatisticsTest, org.apache.commons.math3.stat.descriptive.SynchronizedDescriptiveStatisticsTest, org.apache.commons.math3.stat.descriptive.SynchronizedMultivariateSummaryStatisticsTest, org.apache.commons.math3.stat.descriptive.SynchronizedSummaryStatisticsTest, org.apache.commons.math3.stat.descriptive.moment.FirstMomentTest, org.apache.commons.math3.stat.descriptive.moment.FourthMomentTest, org.apache.commons.math3.stat.descriptive.moment.GeometricMeanTest, org.apache.commons.math3.stat.descriptive.moment.InteractionTest, org.apache.commons.math3.stat.descriptive.moment.KurtosisTest, org.apache.commons.math3.stat.descriptive.moment.MeanTest, org.apache.commons.math3.stat.descriptive.moment.SecondMomentTest, org.apache.commons.math3.stat.descriptive.moment.SemiVarianceTest, org.apache.commons.math3.stat.descriptive.moment.SkewnessTest, org.apache.commons.math3.stat.descriptive.moment.StandardDeviationTest, org.apache.commons.math3.stat.descriptive.moment.ThirdMomentTest, org.apache.commons.math3.stat.descriptive.moment.VarianceTest, org.apache.commons.math3.stat.descriptive.moment.VectorialCovarianceTest, org.apache.commons.math3.stat.descriptive.moment.VectorialMeanTest, org.apache.commons.math3.stat.descriptive.rank.MaxTest, org.apache.commons.math3.stat.descriptive.rank.MedianTest, org.apache.commons.math3.stat.descriptive.rank.MinTest, org.apache.commons.math3.stat.descriptive.rank.PercentileTest, org.apache.commons.math3.stat.descriptive.summary.ProductTest, org.apache.commons.math3.stat.descriptive.summary.SumLogTest, org.apache.commons.math3.stat.descriptive.summary.SumSqTest, org.apache.commons.math3.stat.descriptive.summary.SumTest, org.apache.commons.math3.stat.inference.BinomialTestTest, org.apache.commons.math3.stat.inference.ChiSquareTestTest, org.apache.commons.math3.stat.inference.GTestTest, org.apache.commons.math3.stat.inference.MannWhitneyUTestTest, org.apache.commons.math3.stat.inference.OneWayAnovaTest, org.apache.commons.math3.stat.inference.TTestTest, org.apache.commons.math3.stat.inference.TestUtilsTest, org.apache.commons.math3.stat.inference.WilcoxonSignedRankTestTest, org.apache.commons.math3.stat.interval.AgrestiCoullIntervalTest, org.apache.commons.math3.stat.interval.ClopperPearsonIntervalTest, org.apache.commons.math3.stat.interval.IntervalUtilsTest, org.apache.commons.math3.stat.interval.NormalApproximationIntervalTest, org.apache.commons.math3.stat.interval.WilsonScoreIntervalTest, org.apache.commons.math3.stat.ranking.NaturalRankingTest, org.apache.commons.math3.stat.regression.GLSMultipleLinearRegressionTest, org.apache.commons.math3.stat.regression.MillerUpdatingRegressionTest, org.apache.commons.math3.stat.regression.OLSMultipleLinearRegressionTest, org.apache.commons.math3.stat.regression.SimpleRegressionTest, org.apache.commons.math3.transform.FastCosineTransformerTest, org.apache.commons.math3.transform.FastFourierTransformerTest, org.apache.commons.math3.transform.FastHadamardTransformerTest, org.apache.commons.math3.transform.FastSineTransformerTest, org.apache.commons.math3.util.ArithmeticUtilsTest, org.apache.commons.math3.util.BigRealFieldTest, org.apache.commons.math3.util.BigRealTest, org.apache.commons.math3.util.CombinationsTest, org.apache.commons.math3.util.CombinatoricsUtilsTest, org.apache.commons.math3.util.ContinuedFractionTest, org.apache.commons.math3.util.Decimal64Test, org.apache.commons.math3.util.DefaultTransformerTest, org.apache.commons.math3.util.FastMathStrictComparisonTest, org.apache.commons.math3.util.FastMathTest, org.apache.commons.math3.util.FastMathTestPerformance, org.apache.commons.math3.util.IncrementorTest, org.apache.commons.math3.util.MathArraysTest, org.apache.commons.math3.util.MathUtilsTest, org.apache.commons.math3.util.MultidimensionalCounterTest, org.apache.commons.math3.util.OpenIntToDoubleHashMapTest, org.apache.commons.math3.util.OpenIntToFieldTest, org.apache.commons.math3.util.PairTest, org.apache.commons.math3.util.PrecisionTest, org.apache.commons.math3.util.ResizableDoubleArrayTest, org.apache.commons.math3.util.TransformerMapTest]
09:11:47.730 [main] INFO  fr.inria.lille.repair.nopol.NoPol - Config: Config{synthesisDepth=3, collectStaticMethods=true, collectStaticFields=false, collectLiterals=false, onlyOneSynthesisResult=true, sortExpressions=true, maxLineInvocationPerTest=250, timeoutMethodInvocation=2000, dataCollectionTimeoutInSecondForSynthesis=900, addWeight=0.19478, subWeight=0.04554, mulWeight=0.0102, divWeight=0.00613, andWeight=0.10597, orWeight=0.05708, eqWeight=0.22798, nEqWeight=0.0, lessEqWeight=0.0255, lessWeight=0.0947, methodCallWeight=0.1, fieldAccessWeight=0.08099, constantWeight=0.14232, variableWeight=0.05195, mode=REPAIR, type=PRE_THEN_COND, synthesis=SMT, oracle=ANGELIC, solver=Z3, solverPath='/home/tdurieux/defects4j4repair/script/../libs/z3/build/z3', projectSources=[src/main/java], projectClasspath='[Ljava.net.URL;@66d33a', projectTests=[org.apache.commons.math3.RetryRunnerTest, org.apache.commons.math3.analysis.FunctionUtilsTest, org.apache.commons.math3.analysis.differentiation.DSCompilerTest, org.apache.commons.math3.analysis.differentiation.DerivativeStructureTest, org.apache.commons.math3.analysis.differentiation.FiniteDifferencesDifferentiatorTest, org.apache.commons.math3.analysis.differentiation.GradientFunctionTest, org.apache.commons.math3.analysis.differentiation.JacobianFunctionTest, org.apache.commons.math3.analysis.differentiation.SparseGradientTest, org.apache.commons.math3.analysis.function.GaussianTest, org.apache.commons.math3.analysis.function.HarmonicOscillatorTest, org.apache.commons.math3.analysis.function.LogisticTest, org.apache.commons.math3.analysis.function.LogitTest, org.apache.commons.math3.analysis.function.SigmoidTest, org.apache.commons.math3.analysis.function.SincTest, org.apache.commons.math3.analysis.function.SqrtTest, org.apache.commons.math3.analysis.function.StepFunctionTest, org.apache.commons.math3.analysis.integration.IterativeLegendreGaussIntegratorTest, org.apache.commons.math3.analysis.integration.LegendreGaussIntegratorTest, org.apache.commons.math3.analysis.integration.MidPointIntegratorTest, org.apache.commons.math3.analysis.integration.RombergIntegratorTest, org.apache.commons.math3.analysis.integration.SimpsonIntegratorTest, org.apache.commons.math3.analysis.integration.TrapezoidIntegratorTest, org.apache.commons.math3.analysis.integration.gauss.BaseRuleFactoryTest, org.apache.commons.math3.analysis.integration.gauss.GaussIntegratorTest, org.apache.commons.math3.analysis.integration.gauss.HermiteParametricTest, org.apache.commons.math3.analysis.integration.gauss.HermiteTest, org.apache.commons.math3.analysis.integration.gauss.LegendreHighPrecisionParametricTest, org.apache.commons.math3.analysis.integration.gauss.LegendreHighPrecisionTest, org.apache.commons.math3.analysis.integration.gauss.LegendreParametricTest, org.apache.commons.math3.analysis.integration.gauss.LegendreTest, org.apache.commons.math3.analysis.interpolation.BicubicSplineInterpolatingFunctionTest, org.apache.commons.math3.analysis.interpolation.BicubicSplineInterpolatorTest, org.apache.commons.math3.analysis.interpolation.DividedDifferenceInterpolatorTest, org.apache.commons.math3.analysis.interpolation.FieldHermiteInterpolatorTest, org.apache.commons.math3.analysis.interpolation.HermiteInterpolatorTest, org.apache.commons.math3.analysis.interpolation.LinearInterpolatorTest, org.apache.commons.math3.analysis.interpolation.LoessInterpolatorTest, org.apache.commons.math3.analysis.interpolation.MicrosphereInterpolatorTest, org.apache.commons.math3.analysis.interpolation.NevilleInterpolatorTest, org.apache.commons.math3.analysis.interpolation.SmoothingPolynomialBicubicSplineInterpolatorTest, org.apache.commons.math3.analysis.interpolation.SplineInterpolatorTest, org.apache.commons.math3.analysis.interpolation.TricubicSplineInterpolatingFunctionTest, org.apache.commons.math3.analysis.interpolation.TricubicSplineInterpolatorTest, org.apache.commons.math3.analysis.interpolation.UnivariatePeriodicInterpolatorTest, org.apache.commons.math3.analysis.polynomials.PolynomialFunctionLagrangeFormTest, org.apache.commons.math3.analysis.polynomials.PolynomialFunctionNewtonFormTest, org.apache.commons.math3.analysis.polynomials.PolynomialFunctionTest, org.apache.commons.math3.analysis.polynomials.PolynomialSplineFunctionTest, org.apache.commons.math3.analysis.polynomials.PolynomialsUtilsTest, org.apache.commons.math3.analysis.solvers.BisectionSolverTest, org.apache.commons.math3.analysis.solvers.BracketingNthOrderBrentSolverTest, org.apache.commons.math3.analysis.solvers.BrentSolverTest, org.apache.commons.math3.analysis.solvers.IllinoisSolverTest, org.apache.commons.math3.analysis.solvers.LaguerreSolverTest, org.apache.commons.math3.analysis.solvers.MullerSolver2Test, org.apache.commons.math3.analysis.solvers.MullerSolverTest, org.apache.commons.math3.analysis.solvers.NewtonRaphsonSolverTest, org.apache.commons.math3.analysis.solvers.NewtonSolverTest, org.apache.commons.math3.analysis.solvers.PegasusSolverTest, org.apache.commons.math3.analysis.solvers.RegulaFalsiSolverTest, org.apache.commons.math3.analysis.solvers.RiddersSolverTest, org.apache.commons.math3.analysis.solvers.SecantSolverTest, org.apache.commons.math3.analysis.solvers.UnivariateSolverUtilsTest, org.apache.commons.math3.complex.ComplexFieldTest, org.apache.commons.math3.complex.ComplexFormatTest, org.apache.commons.math3.complex.ComplexTest, org.apache.commons.math3.complex.ComplexUtilsTest, org.apache.commons.math3.complex.FrenchComplexFormatTest, org.apache.commons.math3.complex.QuaternionTest, org.apache.commons.math3.complex.RootsOfUnityTest, org.apache.commons.math3.dfp.BracketingNthOrderBrentSolverDFPTest, org.apache.commons.math3.dfp.DfpDecTest, org.apache.commons.math3.dfp.DfpMathTest, org.apache.commons.math3.dfp.DfpTest, org.apache.commons.math3.distribution.AbstractIntegerDistributionTest, org.apache.commons.math3.distribution.AbstractRealDistributionTest, org.apache.commons.math3.distribution.BetaDistributionTest, org.apache.commons.math3.distribution.BinomialDistributionTest, org.apache.commons.math3.distribution.CauchyDistributionTest, org.apache.commons.math3.distribution.ChiSquaredDistributionTest, org.apache.commons.math3.distribution.EnumeratedIntegerDistributionTest, org.apache.commons.math3.distribution.EnumeratedRealDistributionTest, org.apache.commons.math3.distribution.ExponentialDistributionTest, org.apache.commons.math3.distribution.FDistributionTest, org.apache.commons.math3.distribution.GammaDistributionTest, org.apache.commons.math3.distribution.GeometricDistributionTest, org.apache.commons.math3.distribution.HypergeometricDistributionTest, org.apache.commons.math3.distribution.KolmogorovSmirnovDistributionTest, org.apache.commons.math3.distribution.LevyDistributionTest, org.apache.commons.math3.distribution.LogNormalDistributionTest, org.apache.commons.math3.distribution.MultivariateNormalDistributionTest, org.apache.commons.math3.distribution.MultivariateNormalMixtureModelDistributionTest, org.apache.commons.math3.distribution.NormalDistributionTest, org.apache.commons.math3.distribution.ParetoDistributionTest, org.apache.commons.math3.distribution.PascalDistributionTest, org.apache.commons.math3.distribution.PoissonDistributionTest, org.apache.commons.math3.distribution.TDistributionTest, org.apache.commons.math3.distribution.TriangularDistributionTest, org.apache.commons.math3.distribution.UniformIntegerDistributionTest, org.apache.commons.math3.distribution.UniformRealDistributionTest, org.apache.commons.math3.distribution.WeibullDistributionTest, org.apache.commons.math3.distribution.ZipfDistributionTest, org.apache.commons.math3.distribution.fitting.MultivariateNormalMixtureExpectationMaximizationTest, org.apache.commons.math3.exception.DimensionMismatchExceptionTest, org.apache.commons.math3.exception.MaxCountExceededExceptionTest, org.apache.commons.math3.exception.NonMonotonicSequenceExceptionTest, org.apache.commons.math3.exception.NotPositiveExceptionTest, org.apache.commons.math3.exception.NotStrictlyPositiveExceptionTest, org.apache.commons.math3.exception.NumberIsTooLargeExceptionTest, org.apache.commons.math3.exception.NumberIsTooSmallExceptionTest, org.apache.commons.math3.exception.OutOfRangeExceptionTest, org.apache.commons.math3.exception.TooManyEvaluationsExceptionTest, org.apache.commons.math3.exception.util.ArgUtilsTest, org.apache.commons.math3.exception.util.ExceptionContextTest, org.apache.commons.math3.exception.util.LocalizedFormatsTest, org.apache.commons.math3.filter.KalmanFilterTest, org.apache.commons.math3.fitting.CurveFitterTest, org.apache.commons.math3.fitting.GaussianCurveFitterTest, org.apache.commons.math3.fitting.GaussianFitterTest, org.apache.commons.math3.fitting.HarmonicCurveFitterTest, org.apache.commons.math3.fitting.HarmonicFitterTest, org.apache.commons.math3.fitting.PolynomialCurveFitterTest, org.apache.commons.math3.fitting.PolynomialFitterTest, org.apache.commons.math3.fitting.WeightedObservedPointsTest, org.apache.commons.math3.fitting.leastsquares.AbstractLeastSquaresOptimizerTest, org.apache.commons.math3.fitting.leastsquares.AbstractLeastSquaresOptimizerTestValidation, org.apache.commons.math3.fitting.leastsquares.GaussNewtonOptimizerTest, org.apache.commons.math3.fitting.leastsquares.LevenbergMarquardtOptimizerTest, org.apache.commons.math3.fitting.leastsquares.MinpackTest, org.apache.commons.math3.fraction.BigFractionFieldTest, org.apache.commons.math3.fraction.BigFractionFormatTest, org.apache.commons.math3.fraction.BigFractionTest, org.apache.commons.math3.fraction.FractionFieldTest, org.apache.commons.math3.fraction.FractionFormatTest, org.apache.commons.math3.fraction.FractionTest, org.apache.commons.math3.genetics.BinaryChromosomeTest, org.apache.commons.math3.genetics.BinaryMutationTest, org.apache.commons.math3.genetics.ChromosomeTest, org.apache.commons.math3.genetics.CycleCrossoverTest, org.apache.commons.math3.genetics.ElitisticListPopulationTest, org.apache.commons.math3.genetics.FitnessCachingTest, org.apache.commons.math3.genetics.FixedElapsedTimeTest, org.apache.commons.math3.genetics.FixedGenerationCountTest, org.apache.commons.math3.genetics.GeneticAlgorithmTestBinary, org.apache.commons.math3.genetics.GeneticAlgorithmTestPermutations, org.apache.commons.math3.genetics.ListPopulationTest, org.apache.commons.math3.genetics.NPointCrossoverTest, org.apache.commons.math3.genetics.OnePointCrossoverTest, org.apache.commons.math3.genetics.OrderedCrossoverTest, org.apache.commons.math3.genetics.RandomKeyMutationTest, org.apache.commons.math3.genetics.RandomKeyTest, org.apache.commons.math3.genetics.TournamentSelectionTest, org.apache.commons.math3.genetics.UniformCrossoverTest, org.apache.commons.math3.geometry.enclosing.WelzlEncloser2DTest, org.apache.commons.math3.geometry.enclosing.WelzlEncloser3DTest, org.apache.commons.math3.geometry.euclidean.oned.IntervalTest, org.apache.commons.math3.geometry.euclidean.oned.IntervalsSetTest, org.apache.commons.math3.geometry.euclidean.threed.FieldRotationDSTest, org.apache.commons.math3.geometry.euclidean.threed.FieldRotationDfpTest, org.apache.commons.math3.geometry.euclidean.threed.FieldVector3DTest, org.apache.commons.math3.geometry.euclidean.threed.FrenchVector3DFormatTest, org.apache.commons.math3.geometry.euclidean.threed.LineTest, org.apache.commons.math3.geometry.euclidean.threed.PlaneTest, org.apache.commons.math3.geometry.euclidean.threed.PolyhedronsSetTest, org.apache.commons.math3.geometry.euclidean.threed.RotationOrderTest, org.apache.commons.math3.geometry.euclidean.threed.RotationTest, org.apache.commons.math3.geometry.euclidean.threed.SphereGeneratorTest, org.apache.commons.math3.geometry.euclidean.threed.SphericalCoordinatesTest, org.apache.commons.math3.geometry.euclidean.threed.SubLineTest, org.apache.commons.math3.geometry.euclidean.threed.Vector3DFormatTest, org.apache.commons.math3.geometry.euclidean.threed.Vector3DTest, org.apache.commons.math3.geometry.euclidean.twod.DiskGeneratorTest, org.apache.commons.math3.geometry.euclidean.twod.LineTest, org.apache.commons.math3.geometry.euclidean.twod.PolygonsSetTest, org.apache.commons.math3.geometry.euclidean.twod.SegmentTest, org.apache.commons.math3.geometry.euclidean.twod.SubLineTest, org.apache.commons.math3.geometry.euclidean.twod.Vector2DTest, org.apache.commons.math3.geometry.euclidean.twod.hull.AklToussaintHeuristicTest, org.apache.commons.math3.geometry.euclidean.twod.hull.GrahamScanTest, org.apache.commons.math3.geometry.euclidean.twod.hull.MonotoneChainTest, org.apache.commons.math3.geometry.partitioning.utilities.AVLTreeTest, org.apache.commons.math3.geometry.spherical.oned.ArcTest, org.apache.commons.math3.geometry.spherical.oned.ArcsSetTest, org.apache.commons.math3.geometry.spherical.oned.LimitAngleTest, org.apache.commons.math3.geometry.spherical.oned.S1PointTest, org.apache.commons.math3.geometry.spherical.twod.CircleTest, org.apache.commons.math3.geometry.spherical.twod.S2PointTest, org.apache.commons.math3.geometry.spherical.twod.SphericalPolygonsSetTest, org.apache.commons.math3.geometry.spherical.twod.SubCircleTest, org.apache.commons.math3.linear.Array2DRowRealMatrixTest, org.apache.commons.math3.linear.ArrayFieldVectorTest, org.apache.commons.math3.linear.ArrayRealVectorTest, org.apache.commons.math3.linear.BiDiagonalTransformerTest, org.apache.commons.math3.linear.BlockFieldMatrixTest, org.apache.commons.math3.linear.BlockRealMatrixTest, org.apache.commons.math3.linear.CholeskyDecompositionTest, org.apache.commons.math3.linear.CholeskySolverTest, org.apache.commons.math3.linear.ConjugateGradientTest, org.apache.commons.math3.linear.DiagonalMatrixTest, org.apache.commons.math3.linear.EigenDecompositionTest, org.apache.commons.math3.linear.EigenSolverTest, org.apache.commons.math3.linear.FieldLUDecompositionTest, org.apache.commons.math3.linear.FieldLUSolverTest, org.apache.commons.math3.linear.FieldMatrixImplTest, org.apache.commons.math3.linear.FrenchRealVectorFormatTest, org.apache.commons.math3.linear.HessenbergTransformerTest, org.apache.commons.math3.linear.LUDecompositionTest, org.apache.commons.math3.linear.LUSolverTest, org.apache.commons.math3.linear.MatrixDimensionMismatchExceptionTest, org.apache.commons.math3.linear.MatrixUtilsTest, org.apache.commons.math3.linear.OpenMapRealMatrixTest, org.apache.commons.math3.linear.QRDecompositionTest, org.apache.commons.math3.linear.QRSolverTest, org.apache.commons.math3.linear.RRQRDecompositionTest, org.apache.commons.math3.linear.RRQRSolverTest, org.apache.commons.math3.linear.RealMatrixFormatTest, org.apache.commons.math3.linear.RealVectorFormatTest, org.apache.commons.math3.linear.RealVectorTest, org.apache.commons.math3.linear.RectangularCholeskyDecompositionTest, org.apache.commons.math3.linear.SchurTransformerTest, org.apache.commons.math3.linear.SingularValueDecompositionTest, org.apache.commons.math3.linear.SingularValueSolverTest, org.apache.commons.math3.linear.SparseFieldMatrixTest, org.apache.commons.math3.linear.SparseFieldVectorTest, org.apache.commons.math3.linear.SparseRealMatrixTest, org.apache.commons.math3.linear.SparseRealVectorTest, org.apache.commons.math3.linear.SymmLQTest, org.apache.commons.math3.linear.TriDiagonalTransformerTest, org.apache.commons.math3.linear.UnmodifiableArrayRealVectorTest, org.apache.commons.math3.linear.UnmodifiableOpenMapRealVectorTest, org.apache.commons.math3.ml.clustering.DBSCANClustererTest, org.apache.commons.math3.ml.clustering.FuzzyKMeansClustererTest, org.apache.commons.math3.ml.clustering.KMeansPlusPlusClustererTest, org.apache.commons.math3.ml.clustering.MultiKMeansPlusPlusClustererTest, org.apache.commons.math3.ml.clustering.evaluation.SumOfClusterVariancesTest, org.apache.commons.math3.ml.distance.CanberraDistanceTest, org.apache.commons.math3.ml.distance.ChebyshevDistanceTest, org.apache.commons.math3.ml.distance.EarthMoversDistanceTest, org.apache.commons.math3.ml.distance.EuclideanDistanceTest, org.apache.commons.math3.ml.distance.ManhattanDistanceTest, org.apache.commons.math3.ml.neuralnet.MapUtilsTest, org.apache.commons.math3.ml.neuralnet.NetworkTest, org.apache.commons.math3.ml.neuralnet.NeuronTest, org.apache.commons.math3.ml.neuralnet.oned.NeuronStringTest, org.apache.commons.math3.ml.neuralnet.sofm.KohonenTrainingTaskTest, org.apache.commons.math3.ml.neuralnet.sofm.KohonenUpdateActionTest, org.apache.commons.math3.ml.neuralnet.sofm.LearningFactorFunctionFactoryTest, org.apache.commons.math3.ml.neuralnet.sofm.NeighbourhoodSizeFunctionFactoryTest, org.apache.commons.math3.ml.neuralnet.sofm.util.ExponentialDecayFunctionTest, org.apache.commons.math3.ml.neuralnet.sofm.util.QuasiSigmoidDecayFunctionTest, org.apache.commons.math3.ml.neuralnet.twod.NeuronSquareMesh2DTest, org.apache.commons.math3.ode.ContinuousOutputModelTest, org.apache.commons.math3.ode.FirstOrderConverterTest, org.apache.commons.math3.ode.JacobianMatricesTest, org.apache.commons.math3.ode.events.EventFilterTest, org.apache.commons.math3.ode.events.EventStateTest, org.apache.commons.math3.ode.events.OverlappingEventsTest, org.apache.commons.math3.ode.events.ReappearingEventTest, org.apache.commons.math3.ode.nonstiff.AdamsBashforthIntegratorTest, org.apache.commons.math3.ode.nonstiff.AdamsMoultonIntegratorTest, org.apache.commons.math3.ode.nonstiff.ClassicalRungeKuttaIntegratorTest, org.apache.commons.math3.ode.nonstiff.ClassicalRungeKuttaStepInterpolatorTest, org.apache.commons.math3.ode.nonstiff.DormandPrince54IntegratorTest, org.apache.commons.math3.ode.nonstiff.DormandPrince54StepInterpolatorTest, org.apache.commons.math3.ode.nonstiff.DormandPrince853IntegratorTest, org.apache.commons.math3.ode.nonstiff.DormandPrince853StepInterpolatorTest, org.apache.commons.math3.ode.nonstiff.EulerIntegratorTest, org.apache.commons.math3.ode.nonstiff.EulerStepInterpolatorTest, org.apache.commons.math3.ode.nonstiff.GillIntegratorTest, org.apache.commons.math3.ode.nonstiff.GillStepInterpolatorTest, org.apache.commons.math3.ode.nonstiff.GraggBulirschStoerIntegratorTest, org.apache.commons.math3.ode.nonstiff.GraggBulirschStoerStepInterpolatorTest, org.apache.commons.math3.ode.nonstiff.HighamHall54IntegratorTest, org.apache.commons.math3.ode.nonstiff.HighamHall54StepInterpolatorTest, org.apache.commons.math3.ode.nonstiff.MidpointIntegratorTest, org.apache.commons.math3.ode.nonstiff.MidpointStepInterpolatorTest, org.apache.commons.math3.ode.nonstiff.ThreeEighthesIntegratorTest, org.apache.commons.math3.ode.nonstiff.ThreeEighthesStepInterpolatorTest, org.apache.commons.math3.ode.sampling.DummyStepInterpolatorTest, org.apache.commons.math3.ode.sampling.NordsieckStepInterpolatorTest, org.apache.commons.math3.ode.sampling.StepNormalizerOutputOverlapTest, org.apache.commons.math3.ode.sampling.StepNormalizerOutputTest, org.apache.commons.math3.ode.sampling.StepNormalizerTest, org.apache.commons.math3.optim.PointValuePairTest, org.apache.commons.math3.optim.PointVectorValuePairTest, org.apache.commons.math3.optim.SimplePointCheckerTest, org.apache.commons.math3.optim.SimpleValueCheckerTest, org.apache.commons.math3.optim.SimpleVectorValueCheckerTest, org.apache.commons.math3.optim.linear.SimplexSolverTest, org.apache.commons.math3.optim.linear.SimplexTableauTest, org.apache.commons.math3.optim.nonlinear.scalar.MultiStartMultivariateOptimizerTest, org.apache.commons.math3.optim.nonlinear.scalar.MultivariateFunctionMappingAdapterTest, org.apache.commons.math3.optim.nonlinear.scalar.MultivariateFunctionPenaltyAdapterTest, org.apache.commons.math3.optim.nonlinear.scalar.gradient.NonLinearConjugateGradientOptimizerTest, org.apache.commons.math3.optim.nonlinear.scalar.noderiv.BOBYQAOptimizerTest, org.apache.commons.math3.optim.nonlinear.scalar.noderiv.CMAESOptimizerTest, org.apache.commons.math3.optim.nonlinear.scalar.noderiv.PowellOptimizerTest, org.apache.commons.math3.optim.nonlinear.scalar.noderiv.SimplexOptimizerMultiDirectionalTest, org.apache.commons.math3.optim.nonlinear.scalar.noderiv.SimplexOptimizerNelderMeadTest, org.apache.commons.math3.optim.nonlinear.vector.MultiStartMultivariateVectorOptimizerTest, org.apache.commons.math3.optim.nonlinear.vector.jacobian.AbstractLeastSquaresOptimizerTest, org.apache.commons.math3.optim.nonlinear.vector.jacobian.AbstractLeastSquaresOptimizerTestValidation, org.apache.commons.math3.optim.nonlinear.vector.jacobian.GaussNewtonOptimizerTest, org.apache.commons.math3.optim.nonlinear.vector.jacobian.LevenbergMarquardtOptimizerTest, org.apache.commons.math3.optim.nonlinear.vector.jacobian.MinpackTest, org.apache.commons.math3.optim.univariate.BracketFinderTest, org.apache.commons.math3.optim.univariate.BrentOptimizerTest, org.apache.commons.math3.optim.univariate.MultiStartUnivariateOptimizerTest, org.apache.commons.math3.optim.univariate.SimpleUnivariateValueCheckerTest, org.apache.commons.math3.optimization.MultivariateDifferentiableMultiStartOptimizerTest, org.apache.commons.math3.optimization.MultivariateDifferentiableVectorMultiStartOptimizerTest, org.apache.commons.math3.optimization.MultivariateMultiStartOptimizerTest, org.apache.commons.math3.optimization.PointValuePairTest, org.apache.commons.math3.optimization.PointVectorValuePairTest, org.apache.commons.math3.optimization.SimplePointCheckerTest, org.apache.commons.math3.optimization.SimpleValueCheckerTest, org.apache.commons.math3.optimization.SimpleVectorValueCheckerTest, org.apache.commons.math3.optimization.direct.BOBYQAOptimizerTest, org.apache.commons.math3.optimization.direct.CMAESOptimizerTest, org.apache.commons.math3.optimization.direct.MultivariateFunctionMappingAdapterTest, org.apache.commons.math3.optimization.direct.MultivariateFunctionPenaltyAdapterTest, org.apache.commons.math3.optimization.direct.PowellOptimizerTest, org.apache.commons.math3.optimization.direct.SimplexOptimizerMultiDirectionalTest, org.apache.commons.math3.optimization.direct.SimplexOptimizerNelderMeadTest, org.apache.commons.math3.optimization.fitting.CurveFitterTest, org.apache.commons.math3.optimization.fitting.GaussianFitterTest, org.apache.commons.math3.optimization.fitting.HarmonicFitterTest, org.apache.commons.math3.optimization.fitting.PolynomialFitterTest, org.apache.commons.math3.optimization.general.AbstractLeastSquaresOptimizerTest, org.apache.commons.math3.optimization.general.AbstractLeastSquaresOptimizerTestValidation, org.apache.commons.math3.optimization.general.GaussNewtonOptimizerTest, org.apache.commons.math3.optimization.general.LevenbergMarquardtOptimizerTest, org.apache.commons.math3.optimization.general.MinpackTest, org.apache.commons.math3.optimization.general.NonLinearConjugateGradientOptimizerTest, org.apache.commons.math3.optimization.linear.SimplexSolverTest, org.apache.commons.math3.optimization.linear.SimplexTableauTest, org.apache.commons.math3.optimization.univariate.BracketFinderTest, org.apache.commons.math3.optimization.univariate.BrentOptimizerTest, org.apache.commons.math3.optimization.univariate.SimpleUnivariateValueCheckerTest, org.apache.commons.math3.optimization.univariate.UnivariateMultiStartOptimizerTest, org.apache.commons.math3.primes.PrimesTest, org.apache.commons.math3.random.AbstractRandomGeneratorTest, org.apache.commons.math3.random.BitsStreamGeneratorTest, org.apache.commons.math3.random.CorrelatedRandomVectorGeneratorTest, org.apache.commons.math3.random.EmpiricalDistributionTest, org.apache.commons.math3.random.GaussianRandomGeneratorTest, org.apache.commons.math3.random.HaltonSequenceGeneratorTest, org.apache.commons.math3.random.ISAACTest, org.apache.commons.math3.random.MersenneTwisterTest, org.apache.commons.math3.random.RandomAdaptorTest, org.apache.commons.math3.random.RandomDataGeneratorTest, org.apache.commons.math3.random.RandomGeneratorAbstractTest, org.apache.commons.math3.random.RandomGeneratorFactoryTest, org.apache.commons.math3.random.SobolSequenceGeneratorTest, org.apache.commons.math3.random.StableRandomGeneratorTest, org.apache.commons.math3.random.SynchronizedRandomGeneratorTest, org.apache.commons.math3.random.UncorrelatedRandomVectorGeneratorTest, org.apache.commons.math3.random.UniformRandomGeneratorTest, org.apache.commons.math3.random.UnitSphereRandomVectorGeneratorTest, org.apache.commons.math3.random.ValueServerTest, org.apache.commons.math3.random.Well1024aTest, org.apache.commons.math3.random.Well19937aTest, org.apache.commons.math3.random.Well19937cTest, org.apache.commons.math3.random.Well44497aTest, org.apache.commons.math3.random.Well44497bTest, org.apache.commons.math3.random.Well512aTest, org.apache.commons.math3.special.BetaTest, org.apache.commons.math3.special.ErfTest, org.apache.commons.math3.special.GammaTest, org.apache.commons.math3.stat.CertifiedDataTest, org.apache.commons.math3.stat.FrequencyTest, org.apache.commons.math3.stat.StatUtilsTest, org.apache.commons.math3.stat.clustering.DBSCANClustererTest, org.apache.commons.math3.stat.clustering.EuclideanDoublePointTest, org.apache.commons.math3.stat.clustering.EuclideanIntegerPointTest, org.apache.commons.math3.stat.clustering.KMeansPlusPlusClustererTest, org.apache.commons.math3.stat.correlation.CovarianceTest, org.apache.commons.math3.stat.correlation.KendallsCorrelationTest, org.apache.commons.math3.stat.correlation.PearsonsCorrelationTest, org.apache.commons.math3.stat.correlation.SpearmansRankCorrelationTest, org.apache.commons.math3.stat.correlation.StorelessCovarianceTest, org.apache.commons.math3.stat.data.LewTest, org.apache.commons.math3.stat.data.LotteryTest, org.apache.commons.math3.stat.descriptive.AbstractUnivariateStatisticTest, org.apache.commons.math3.stat.descriptive.AggregateSummaryStatisticsTest, org.apache.commons.math3.stat.descriptive.DescriptiveStatisticsTest, org.apache.commons.math3.stat.descriptive.ListUnivariateImplTest, org.apache.commons.math3.stat.descriptive.MixedListUnivariateImplTest, org.apache.commons.math3.stat.descriptive.MultivariateSummaryStatisticsTest, org.apache.commons.math3.stat.descriptive.StatisticalSummaryValuesTest, org.apache.commons.math3.stat.descriptive.SummaryStatisticsTest, org.apache.commons.math3.stat.descriptive.SynchronizedDescriptiveStatisticsTest, org.apache.commons.math3.stat.descriptive.SynchronizedMultivariateSummaryStatisticsTest, org.apache.commons.math3.stat.descriptive.SynchronizedSummaryStatisticsTest, org.apache.commons.math3.stat.descriptive.moment.FirstMomentTest, org.apache.commons.math3.stat.descriptive.moment.FourthMomentTest, org.apache.commons.math3.stat.descriptive.moment.GeometricMeanTest, org.apache.commons.math3.stat.descriptive.moment.InteractionTest, org.apache.commons.math3.stat.descriptive.moment.KurtosisTest, org.apache.commons.math3.stat.descriptive.moment.MeanTest, org.apache.commons.math3.stat.descriptive.moment.SecondMomentTest, org.apache.commons.math3.stat.descriptive.moment.SemiVarianceTest, org.apache.commons.math3.stat.descriptive.moment.SkewnessTest, org.apache.commons.math3.stat.descriptive.moment.StandardDeviationTest, org.apache.commons.math3.stat.descriptive.moment.ThirdMomentTest, org.apache.commons.math3.stat.descriptive.moment.VarianceTest, org.apache.commons.math3.stat.descriptive.moment.VectorialCovarianceTest, org.apache.commons.math3.stat.descriptive.moment.VectorialMeanTest, org.apache.commons.math3.stat.descriptive.rank.MaxTest, org.apache.commons.math3.stat.descriptive.rank.MedianTest, org.apache.commons.math3.stat.descriptive.rank.MinTest, org.apache.commons.math3.stat.descriptive.rank.PercentileTest, org.apache.commons.math3.stat.descriptive.summary.ProductTest, org.apache.commons.math3.stat.descriptive.summary.SumLogTest, org.apache.commons.math3.stat.descriptive.summary.SumSqTest, org.apache.commons.math3.stat.descriptive.summary.SumTest, org.apache.commons.math3.stat.inference.BinomialTestTest, org.apache.commons.math3.stat.inference.ChiSquareTestTest, org.apache.commons.math3.stat.inference.GTestTest, org.apache.commons.math3.stat.inference.MannWhitneyUTestTest, org.apache.commons.math3.stat.inference.OneWayAnovaTest, org.apache.commons.math3.stat.inference.TTestTest, org.apache.commons.math3.stat.inference.TestUtilsTest, org.apache.commons.math3.stat.inference.WilcoxonSignedRankTestTest, org.apache.commons.math3.stat.interval.AgrestiCoullIntervalTest, org.apache.commons.math3.stat.interval.ClopperPearsonIntervalTest, org.apache.commons.math3.stat.interval.IntervalUtilsTest, org.apache.commons.math3.stat.interval.NormalApproximationIntervalTest, org.apache.commons.math3.stat.interval.WilsonScoreIntervalTest, org.apache.commons.math3.stat.ranking.NaturalRankingTest, org.apache.commons.math3.stat.regression.GLSMultipleLinearRegressionTest, org.apache.commons.math3.stat.regression.MillerUpdatingRegressionTest, org.apache.commons.math3.stat.regression.OLSMultipleLinearRegressionTest, org.apache.commons.math3.stat.regression.SimpleRegressionTest, org.apache.commons.math3.transform.FastCosineTransformerTest, org.apache.commons.math3.transform.FastFourierTransformerTest, org.apache.commons.math3.transform.FastHadamardTransformerTest, org.apache.commons.math3.transform.FastSineTransformerTest, org.apache.commons.math3.util.ArithmeticUtilsTest, org.apache.commons.math3.util.BigRealFieldTest, org.apache.commons.math3.util.BigRealTest, org.apache.commons.math3.util.CombinationsTest, org.apache.commons.math3.util.CombinatoricsUtilsTest, org.apache.commons.math3.util.ContinuedFractionTest, org.apache.commons.math3.util.Decimal64Test, org.apache.commons.math3.util.DefaultTransformerTest, org.apache.commons.math3.util.FastMathStrictComparisonTest, org.apache.commons.math3.util.FastMathTest, org.apache.commons.math3.util.FastMathTestPerformance, org.apache.commons.math3.util.IncrementorTest, org.apache.commons.math3.util.MathArraysTest, org.apache.commons.math3.util.MathUtilsTest, org.apache.commons.math3.util.MultidimensionalCounterTest, org.apache.commons.math3.util.OpenIntToDoubleHashMapTest, org.apache.commons.math3.util.OpenIntToFieldTest, org.apache.commons.math3.util.PairTest, org.apache.commons.math3.util.PrecisionTest, org.apache.commons.math3.util.ResizableDoubleArrayTest, org.apache.commons.math3.util.TransformerMapTest], complianceLevel=7, outputFolder=., json=true}
09:11:47.731 [main] INFO  fr.inria.lille.repair.nopol.NoPol - Available processors (cores): 4
09:11:47.737 [main] INFO  fr.inria.lille.repair.nopol.NoPol - Free memory: 894 MB
09:11:47.738 [main] INFO  fr.inria.lille.repair.nopol.NoPol - Maximum memory: 3 GB
09:11:47.738 [main] INFO  fr.inria.lille.repair.nopol.NoPol - Total memory available to JVM: 981 MB
09:11:47.738 [main] INFO  fr.inria.lille.repair.nopol.NoPol - Java version: 1.8.0_181
09:11:47.739 [main] INFO  fr.inria.lille.repair.nopol.NoPol - JAVA_HOME: /usr/lib/jvm/java-1.8.0-openjdk-amd64/bin/
09:11:47.739 [main] INFO  fr.inria.lille.repair.nopol.NoPol - PATH: /usr/lib/jvm/java-1.8.0-openjdk-amd64/bin/:/usr/lib/oar/oardodo:/usr/lib/oar/oardodo:/usr/local/bin:/usr/bin:/bin:/usr/games
09:17:33.644 [pool-2-thread-1] DEBUG fr.inria.lille.repair.nopol.NoPol - statement #1
09:17:33.645 [pool-2-thread-1] DEBUG fr.inria.lille.repair.nopol.NoPol - Analysing SourceLocation org.apache.commons.math3.geometry.enclosing.WelzlEncloser:104 which is executed by 1 tests
1236011636
09:17:35.384 [pool-2-thread-1] DEBUG fr.inria.lille.repair.nopol.NoPol - looking with class fr.inria.lille.repair.nopol.spoon.smt.ConditionalAdder
org.apache.commons.math3.exception.MathInternalError: illegal state: internal error, please fill a bug report at https://issues.apache.org/jira/browse/MATH
    at org.apache.commons.math3.geometry.enclosing.WelzlEncloser.pivotingBall(WelzlEncloser.java:104)
    at org.apache.commons.math3.geometry.enclosing.WelzlEncloser.enclose(WelzlEncloser.java:70)
    at org.apache.commons.math3.geometry.enclosing.WelzlEncloser3DTest.testReducingBall(WelzlEncloser3DTest.java:70)
    at sun.reflect.NativeMethodAccessorImpl.invoke0(Native Method)
    at sun.reflect.NativeMethodAccessorImpl.invoke(NativeMethodAccessorImpl.java:62)
    at sun.reflect.DelegatingMethodAccessorImpl.invoke(DelegatingMethodAccessorImpl.java:43)
09:17:35.507 [pool-4-thread-1] INFO  xxl.java.junit.TestCasesListener - Tests run finished (104 ms)
<> Total tests run: 5
<> Ignored tests: 0
<> Failed tests: 1
~ testReducingBall(org.apache.commons.math3.geometry.enclosing.WelzlEncloser3DTest)
[illegal state: internal error, please fill a bug report at https://issues.apache.org/jira/browse/MATH]
org.apache.commons.math3.exception.MathInternalError: illegal state: internal error, please fill a bug report at https://issues.apache.org/jira/browse/MATH    at org.apache.commons.math3.geometry.enclosing.WelzlEncloser.pivotingBall(WelzlEncloser.java:104)
    at org.apache.commons.math3.geometry.enclosing.WelzlEncloser.enclose(WelzlEncloser.java:70)
    at org.apache.commons.math3.geometry.enclosing.WelzlEncloser3DTest.testReducingBall(WelzlEncloser3DTest.java:70)
    at sun.reflect.NativeMethodAccessorImpl.invoke0(Native Method)
    at sun.reflect.NativeMethodAccessorImpl.invoke(NativeMethodAccessorImpl.java:62)
    at sun.reflect.DelegatingMethodAccessorImpl.invoke(DelegatingMethodAccessorImpl.java:43)

09:17:36.164 [pool-5-thread-1] INFO  f.i.l.c.t.SpecificationTestCasesListener - Tests run finished (19 ms)
<> Total tests run: 1
<> Ignored tests: 0
<> Failed tests: 0

org.apache.commons.math3.exception.MathInternalError: illegal state: internal error, please fill a bug report at https://issues.apache.org/jira/browse/MATH
    at org.apache.commons.math3.geometry.enclosing.WelzlEncloser.pivotingBall(WelzlEncloser.java:56)
    at org.apache.commons.math3.geometry.enclosing.WelzlEncloser.enclose(WelzlEncloser.java:16)
    at org.apache.commons.math3.geometry.enclosing.WelzlEncloser3DTest.testReducingBall(WelzlEncloser3DTest.java:70)
    at sun.reflect.NativeMethodAccessorImpl.invoke0(Native Method)
    at sun.reflect.NativeMethodAccessorImpl.invoke(NativeMethodAccessorImpl.java:62)
    at sun.reflect.DelegatingMethodAccessorImpl.invoke(DelegatingMethodAccessorImpl.java:43)
09:17:36.179 [pool-6-thread-1] INFO  f.i.l.c.t.SpecificationTestCasesListener - Tests run finished (13 ms)
<> Total tests run: 1
<> Ignored tests: 0
<> Failed tests: 1
~ testReducingBall(org.apache.commons.math3.geometry.enclosing.WelzlEncloser3DTest)
[illegal state: internal error, please fill a bug report at https://issues.apache.org/jira/browse/MATH]
org.apache.commons.math3.exception.MathInternalError: illegal state: internal error, please fill a bug report at https://issues.apache.org/jira/browse/MATH    at org.apache.commons.math3.geometry.enclosing.WelzlEncloser.pivotingBall(WelzlEncloser.java:56)
    at org.apache.commons.math3.geometry.enclosing.WelzlEncloser.enclose(WelzlEncloser.java:16)
    at org.apache.commons.math3.geometry.enclosing.WelzlEncloser3DTest.testReducingBall(WelzlEncloser3DTest.java:70)
    at sun.reflect.NativeMethodAccessorImpl.invoke0(Native Method)
    at sun.reflect.NativeMethodAccessorImpl.invoke(NativeMethodAccessorImpl.java:62)
    at sun.reflect.DelegatingMethodAccessorImpl.invoke(DelegatingMethodAccessorImpl.java:43)

09:17:36.182 [pool-7-thread-1] INFO  f.i.l.r.n.s.ConstraintModelBuilder$1PassingListener - Tests run finished (1 ms)
<> Total tests run: 1
<> Ignored tests: 0
<> Failed tests: 0

org.apache.commons.math3.exception.MathInternalError: illegal state: internal error, please fill a bug report at https://issues.apache.org/jira/browse/MATH
    at org.apache.commons.math3.geometry.enclosing.WelzlEncloser.pivotingBall(WelzlEncloser.java:56)
    at org.apache.commons.math3.geometry.enclosing.WelzlEncloser.enclose(WelzlEncloser.java:16)
    at org.apache.commons.math3.geometry.enclosing.WelzlEncloser3DTest.testReducingBall(WelzlEncloser3DTest.java:70)
    at sun.reflect.NativeMethodAccessorImpl.invoke0(Native Method)
    at sun.reflect.NativeMethodAccessorImpl.invoke(NativeMethodAccessorImpl.java:62)
    at sun.reflect.DelegatingMethodAccessorImpl.invoke(DelegatingMethodAccessorImpl.java:43)
09:17:36.185 [pool-8-thread-1] INFO  f.i.l.r.n.s.ConstraintModelBuilder$1PassingListener - Tests run finished (2 ms)
<> Total tests run: 1
<> Ignored tests: 0
<> Failed tests: 1
~ testReducingBall(org.apache.commons.math3.geometry.enclosing.WelzlEncloser3DTest)
[illegal state: internal error, please fill a bug report at https://issues.apache.org/jira/browse/MATH]
org.apache.commons.math3.exception.MathInternalError: illegal state: internal error, please fill a bug report at https://issues.apache.org/jira/browse/MATH    at org.apache.commons.math3.geometry.enclosing.WelzlEncloser.pivotingBall(WelzlEncloser.java:56)
    at org.apache.commons.math3.geometry.enclosing.WelzlEncloser.enclose(WelzlEncloser.java:16)
    at org.apache.commons.math3.geometry.enclosing.WelzlEncloser3DTest.testReducingBall(WelzlEncloser3DTest.java:70)
    at sun.reflect.NativeMethodAccessorImpl.invoke0(Native Method)
    at sun.reflect.NativeMethodAccessorImpl.invoke(NativeMethodAccessorImpl.java:62)
    at sun.reflect.DelegatingMethodAccessorImpl.invoke(DelegatingMethodAccessorImpl.java:43)

09:17:36.185 [pool-3-thread-1] INFO  f.i.l.r.n.synth.SMTNopolSynthesizer - Not enough specifications: 1. A trivial patch is "true" or "false", please write new tests specifying SourceLocation org.apache.commons.math3.geometry.enclosing.WelzlEncloser:104.
09:17:36.186 [pool-2-thread-1] DEBUG fr.inria.lille.repair.nopol.NoPol - statement #2
09:17:36.186 [pool-2-thread-1] DEBUG fr.inria.lille.repair.nopol.NoPol - Analysing SourceLocation org.apache.commons.math3.exception.MathIllegalStateException:80 which is executed by 1 tests
-614386291
09:17:36.322 [pool-2-thread-1] DEBUG fr.inria.lille.repair.nopol.NoPol - statement #3
09:17:36.322 [pool-2-thread-1] DEBUG fr.inria.lille.repair.nopol.NoPol - Analysing SourceLocation org.apache.commons.math3.geometry.euclidean.threed.SphereGenerator:140 which is executed by 6 tests
416973159
09:17:36.468 [pool-2-thread-1] DEBUG fr.inria.lille.repair.nopol.NoPol - statement #4
09:17:36.468 [pool-2-thread-1] DEBUG fr.inria.lille.repair.nopol.NoPol - Analysing SourceLocation org.apache.commons.math3.geometry.euclidean.threed.SphereGenerator:139 which is executed by 6 tests
416973159
09:17:36.611 [pool-2-thread-1] DEBUG fr.inria.lille.repair.nopol.NoPol - statement #5
09:17:36.611 [pool-2-thread-1] DEBUG fr.inria.lille.repair.nopol.NoPol - Analysing SourceLocation org.apache.commons.math3.geometry.euclidean.threed.SphereGenerator:138 which is executed by 6 tests
416973159
09:17:36.751 [pool-2-thread-1] DEBUG fr.inria.lille.repair.nopol.NoPol - statement #6
09:17:36.751 [pool-2-thread-1] DEBUG fr.inria.lille.repair.nopol.NoPol - Analysing SourceLocation org.apache.commons.math3.geometry.euclidean.threed.SphereGenerator:137 which is executed by 6 tests
416973159
09:17:36.890 [pool-2-thread-1] DEBUG fr.inria.lille.repair.nopol.NoPol - statement #7
09:17:36.891 [pool-2-thread-1] DEBUG fr.inria.lille.repair.nopol.NoPol - Analysing SourceLocation org.apache.commons.math3.geometry.euclidean.threed.SphereGenerator:136 which is executed by 6 tests
416973159
09:17:37.030 [pool-2-thread-1] DEBUG fr.inria.lille.repair.nopol.NoPol - statement #8
09:17:37.030 [pool-2-thread-1] DEBUG fr.inria.lille.repair.nopol.NoPol - Analysing SourceLocation org.apache.commons.math3.geometry.euclidean.threed.SphereGenerator:135 which is executed by 6 tests
416973159
09:17:37.169 [pool-2-thread-1] DEBUG fr.inria.lille.repair.nopol.NoPol - statement #9
09:17:37.169 [pool-2-thread-1] DEBUG fr.inria.lille.repair.nopol.NoPol - Analysing SourceLocation org.apache.commons.math3.geometry.euclidean.threed.SphereGenerator:134 which is executed by 6 tests
416973159
09:17:37.306 [pool-2-thread-1] DEBUG fr.inria.lille.repair.nopol.NoPol - statement #10
09:17:37.307 [pool-2-thread-1] DEBUG fr.inria.lille.repair.nopol.NoPol - Analysing SourceLocation org.apache.commons.math3.geometry.euclidean.threed.SphereGenerator:133 which is executed by 6 tests
416973159
09:17:37.442 [pool-2-thread-1] DEBUG fr.inria.lille.repair.nopol.NoPol - statement #11
09:17:37.443 [pool-2-thread-1] DEBUG fr.inria.lille.repair.nopol.NoPol - Analysing SourceLocation org.apache.commons.math3.geometry.euclidean.threed.SphereGenerator:132 which is executed by 6 tests
416973159
09:17:37.579 [pool-2-thread-1] DEBUG fr.inria.lille.repair.nopol.NoPol - statement #12
09:17:37.579 [pool-2-thread-1] DEBUG fr.inria.lille.repair.nopol.NoPol - Analysing SourceLocation org.apache.commons.math3.geometry.euclidean.threed.SphereGenerator:131 which is executed by 6 tests
416973159
09:17:37.716 [pool-2-thread-1] DEBUG fr.inria.lille.repair.nopol.NoPol - statement #13
09:17:37.716 [pool-2-thread-1] DEBUG fr.inria.lille.repair.nopol.NoPol - Analysing SourceLocation org.apache.commons.math3.geometry.euclidean.threed.SphereGenerator:130 which is executed by 6 tests
416973159
09:17:37.851 [pool-2-thread-1] DEBUG fr.inria.lille.repair.nopol.NoPol - statement #14
09:17:37.851 [pool-2-thread-1] DEBUG fr.inria.lille.repair.nopol.NoPol - Analysing SourceLocation org.apache.commons.math3.geometry.euclidean.threed.SphereGenerator:129 which is executed by 6 tests
416973159
09:17:37.990 [pool-2-thread-1] DEBUG fr.inria.lille.repair.nopol.NoPol - statement #15
09:17:37.991 [pool-2-thread-1] DEBUG fr.inria.lille.repair.nopol.NoPol - Analysing SourceLocation org.apache.commons.math3.geometry.euclidean.threed.SphereGenerator:128 which is executed by 6 tests
416973159
09:17:38.148 [pool-2-thread-1] DEBUG fr.inria.lille.repair.nopol.NoPol - statement #16
09:17:38.149 [pool-2-thread-1] DEBUG fr.inria.lille.repair.nopol.NoPol - Analysing SourceLocation org.apache.commons.math3.geometry.euclidean.threed.SphereGenerator:108 which is executed by 6 tests
416973159
09:17:38.307 [pool-2-thread-1] DEBUG fr.inria.lille.repair.nopol.NoPol - looking with class fr.inria.lille.repair.nopol.spoon.smt.ConditionalAdder
java.lang.AssertionError: expected:<0.003616820213530053> but was:<0.0036167797421054544>
    at org.junit.Assert.fail(Assert.java:88)
    at org.junit.Assert.failNotEquals(Assert.java:743)
    at org.junit.Assert.assertEquals(Assert.java:494)
    at org.junit.Assert.assertEquals(Assert.java:592)
    at org.apache.commons.math3.geometry.euclidean.threed.SphereGeneratorTest.testDegeneratedCase(SphereGeneratorTest.java:175)
    at sun.reflect.NativeMethodAccessorImpl.invoke0(Native Method)
org.apache.commons.math3.exception.MathInternalError: illegal state: internal error, please fill a bug report at https://issues.apache.org/jira/browse/MATH
    at org.apache.commons.math3.geometry.enclosing.WelzlEncloser.pivotingBall(WelzlEncloser.java:104)
    at org.apache.commons.math3.geometry.enclosing.WelzlEncloser.enclose(WelzlEncloser.java:70)
    at org.apache.commons.math3.geometry.enclosing.WelzlEncloser3DTest.testReducingBall(WelzlEncloser3DTest.java:70)
    at sun.reflect.NativeMethodAccessorImpl.invoke0(Native Method)
    at sun.reflect.NativeMethodAccessorImpl.invoke(NativeMethodAccessorImpl.java:62)
    at sun.reflect.DelegatingMethodAccessorImpl.invoke(DelegatingMethodAccessorImpl.java:43)
09:17:38.425 [pool-10-thread-1] INFO  xxl.java.junit.TestCasesListener - Tests run finished (112 ms)
<> Total tests run: 12
<> Ignored tests: 0
<> Failed tests: 2
~ testDegeneratedCase(org.apache.commons.math3.geometry.euclidean.threed.SphereGeneratorTest)
[expected:<0.003616820213530053> but was:<0.0036167797421054544>]
java.lang.AssertionError: expected:<0.003616820213530053> but was:<0.0036167797421054544>    at org.junit.Assert.fail(Assert.java:88)
    at org.junit.Assert.failNotEquals(Assert.java:743)
    at org.junit.Assert.assertEquals(Assert.java:494)
    at org.junit.Assert.assertEquals(Assert.java:592)
    at org.apache.commons.math3.geometry.euclidean.threed.SphereGeneratorTest.testDegeneratedCase(SphereGeneratorTest.java:175)
    at sun.reflect.NativeMethodAccessorImpl.invoke0(Native Method)
~ testReducingBall(org.apache.commons.math3.geometry.enclosing.WelzlEncloser3DTest)
[illegal state: internal error, please fill a bug report at https://issues.apache.org/jira/browse/MATH]
org.apache.commons.math3.exception.MathInternalError: illegal state: internal error, please fill a bug report at https://issues.apache.org/jira/browse/MATH    at org.apache.commons.math3.geometry.enclosing.WelzlEncloser.pivotingBall(WelzlEncloser.java:104)
    at org.apache.commons.math3.geometry.enclosing.WelzlEncloser.enclose(WelzlEncloser.java:70)
    at org.apache.commons.math3.geometry.enclosing.WelzlEncloser3DTest.testReducingBall(WelzlEncloser3DTest.java:70)
    at sun.reflect.NativeMethodAccessorImpl.invoke0(Native Method)
    at sun.reflect.NativeMethodAccessorImpl.invoke(NativeMethodAccessorImpl.java:62)
    at sun.reflect.DelegatingMethodAccessorImpl.invoke(DelegatingMethodAccessorImpl.java:43)

09:17:38.724 [pool-9-thread-1] ERROR x.java.compiler.DynamicClassCompiler - [Compilation errors]
SphereGenerator.java:63: error: missing return statement
    }
    ^
09:17:38.729 [pool-9-thread-1] ERROR f.i.l.r.n.s.ConstraintModelBuilder - Unable to compile the change: 
public class SphereGenerator implements org.apache.commons.math3.geometry.enclosing.SupportBallGenerator<org.apache.commons.math3.geometry.euclidean.threed.Euclidean3D, org.apache.commons.math3.geometry.euclidean.threed.Vector3D> {
    public org.apache.commons.math3.geometry.enclosing.EnclosingBall<org.apache.commons.math3.geometry.euclidean.threed.Euclidean3D, org.apache.commons.math3.geometry.euclidean.threed.Vector3D> ballOnSupport(final java.util.List<org.apache.commons.math3.geometry.euclidean.threed.Vector3D> support) {
        if ((support.size()) < 1) {
            return new org.apache.commons.math3.geometry.enclosing.EnclosingBall<org.apache.commons.math3.geometry.euclidean.threed.Euclidean3D, org.apache.commons.math3.geometry.euclidean.threed.Vector3D>(org.apache.commons.math3.geometry.euclidean.threed.Vector3D.ZERO, (-1.0));
        }else {
            final org.apache.commons.math3.geometry.euclidean.threed.Vector3D vA = support.get(0);
            if ((support.size()) < 2) {
                return new org.apache.commons.math3.geometry.enclosing.EnclosingBall<org.apache.commons.math3.geometry.euclidean.threed.Euclidean3D, org.apache.commons.math3.geometry.euclidean.threed.Vector3D>(vA, 0, vA);
            }else {
                final org.apache.commons.math3.geometry.euclidean.threed.Vector3D vB = support.get(1);
                if ((support.size()) < 3) {
                    return new org.apache.commons.math3.geometry.enclosing.EnclosingBall<org.apache.commons.math3.geometry.euclidean.threed.Euclidean3D, org.apache.commons.math3.geometry.euclidean.threed.Vector3D>(new org.apache.commons.math3.geometry.euclidean.threed.Vector3D(0.5, vA, 0.5, vB), (0.5 * (vA.distance(vB))), vA, vB);
                }else {
                    final org.apache.commons.math3.geometry.euclidean.threed.Vector3D vC = support.get(2);
                    if ((support.size()) < 4) {
                        final org.apache.commons.math3.geometry.euclidean.threed.Plane p = new org.apache.commons.math3.geometry.euclidean.threed.Plane(vA, vB, vC, (1.0E-10 * (((vA.getNorm1()) + (vB.getNorm1())) + (vC.getNorm1()))));
                        final org.apache.commons.math3.geometry.enclosing.EnclosingBall<org.apache.commons.math3.geometry.euclidean.twod.Euclidean2D, org.apache.commons.math3.geometry.euclidean.twod.Vector2D> disk = new org.apache.commons.math3.geometry.euclidean.twod.DiskGenerator().ballOnSupport(java.util.Arrays.asList(p.toSubSpace(vA), p.toSubSpace(vB), p.toSubSpace(vC)));
                        return new org.apache.commons.math3.geometry.enclosing.EnclosingBall<org.apache.commons.math3.geometry.euclidean.threed.Euclidean3D, org.apache.commons.math3.geometry.euclidean.threed.Vector3D>(p.toSpace(disk.getCenter()), disk.getRadius(), vA, vB, vC);
                    }else {
                        final org.apache.commons.math3.geometry.euclidean.threed.Vector3D vD = support.get(3);
                        final double[] c1 = new double[]{ vA.getNormSq(), vB.getNormSq(), vC.getNormSq(), vD.getNormSq() };
                        final double[] c2 = new double[]{ vA.getX(), vB.getX(), vC.getX(), vD.getX() };
                        final double[] c3 = new double[]{ vA.getY(), vB.getY(), vC.getY(), vD.getY() };
                        final double[] c4 = new double[]{ vA.getZ(), vB.getZ(), vC.getZ(), vD.getZ() };
                        final double m11 = minor(c2, c3, c4);
                        final double m12 = minor(c1, c3, c4);
                        final double m13 = minor(c1, c2, c4);
                        final double m14 = minor(c1, c2, c3);
                        final org.apache.commons.math3.geometry.euclidean.threed.Vector3D center = new org.apache.commons.math3.geometry.euclidean.threed.Vector3D(((0.5 * m12) / m11), (((-0.5) * m13) / m11), ((0.5 * m14) / m11));
                        boolean spoonDefaultValue = false;
                        try {
                            spoonDefaultValue = true;
                        } catch (java.lang.Exception __NopolProcessorException) {
                        }
                        boolean runtimeAngelicValue = fr.inria.lille.repair.nopol.synth.AngelicExecution.angelicValue(spoonDefaultValue);
                        if (fr.inria.lille.commons.trace.RuntimeValues.instance(1).isEnabled()) {
                            fr.inria.lille.commons.trace.RuntimeValues.instance(1).collectionStarts();
                            try{fr.inria.lille.commons.trace.RuntimeValues.instance(1).collectInput("center",center);} catch (Exception ex1) {ex1.printStackTrace();};
                            try{fr.inria.lille.commons.trace.RuntimeValues.instance(1).collectInput("vA",vA);} catch (Exception ex1) {ex1.printStackTrace();};
                            try{fr.inria.lille.commons.trace.RuntimeValues.instance(1).collectInput("vB",vB);} catch (Exception ex1) {ex1.printStackTrace();};
                            try{fr.inria.lille.commons.trace.RuntimeValues.instance(1).collectInput("m11",m11);} catch (Exception ex1) {ex1.printStackTrace();};
                            try{fr.inria.lille.commons.trace.RuntimeValues.instance(1).collectInput("vC",vC);} catch (Exception ex1) {ex1.printStackTrace();};
                            try{fr.inria.lille.commons.trace.RuntimeValues.instance(1).collectInput("vD",vD);} catch (Exception ex1) {ex1.printStackTrace();};
                            try{fr.inria.lille.commons.trace.RuntimeValues.instance(1).collectInput("c1",c1);} catch (Exception ex1) {ex1.printStackTrace();};
                            try{fr.inria.lille.commons.trace.RuntimeValues.instance(1).collectInput("m13",m13);} catch (Exception ex1) {ex1.printStackTrace();};
                            try{fr.inria.lille.commons.trace.RuntimeValues.instance(1).collectInput("m12",m12);} catch (Exception ex1) {ex1.printStackTrace();};
                            try{fr.inria.lille.commons.trace.RuntimeValues.instance(1).collectInput("c2",c2);} catch (Exception ex1) {ex1.printStackTrace();};
                            try{fr.inria.lille.commons.trace.RuntimeValues.instance(1).collectInput("c3",c3);} catch (Exception ex1) {ex1.printStackTrace();};
                            try{fr.inria.lille.commons.trace.RuntimeValues.instance(1).collectInput("m14",m14);} catch (Exception ex1) {ex1.printStackTrace();};
                            try{fr.inria.lille.commons.trace.RuntimeValues.instance(1).collectInput("c4",c4);} catch (Exception ex1) {ex1.printStackTrace();};
                            try{fr.inria.lille.commons.trace.RuntimeValues.instance(1).collectInput("support",support);} catch (Exception ex1) {ex1.printStackTrace();};
                            fr.inria.lille.commons.trace.RuntimeValues.instance(1).collectOutput(runtimeAngelicValue);
                            fr.inria.lille.commons.trace.RuntimeValues.instance(1).collectionEnds();
                        }
                        if (runtimeAngelicValue)
                            return new org.apache.commons.math3.geometry.enclosing.EnclosingBall<org.apache.commons.math3.geometry.euclidean.threed.Euclidean3D, org.apache.commons.math3.geometry.euclidean.threed.Vector3D>(center, center.distance(vA), vA, vB, vC, vD);

                    }
                }
            }
        }
    }

    private double minor(final double[] c1, final double[] c2, final double[] c3) {
        final double m01 = (c2[0]) * (c3[1]);
        final double m02 = (c2[0]) * (c3[2]);
        final double m03 = (c2[0]) * (c3[3]);
        final double m10 = (c2[1]) * (c3[0]);
        final double m12 = (c2[1]) * (c3[2]);
        final double m13 = (c2[1]) * (c3[3]);
        final double m20 = (c2[2]) * (c3[0]);
        final double m21 = (c2[2]) * (c3[1]);
        final double m23 = (c2[2]) * (c3[3]);
        final double m30 = (c2[3]) * (c3[0]);
        final double m31 = (c2[3]) * (c3[1]);
        final double m32 = (c2[3]) * (c3[2]);
        return org.apache.commons.math3.util.MathArrays.linearCombination(new double[]{ c1[2], c1[1], c1[3], -(c1[1]), -(c1[3]), -(c1[2]), c1[0], c1[3], c1[2], -(c1[3]), -(c1[0]), -(c1[2]), c1[1], c1[0], c1[3], -(c1[0]), -(c1[3]), -(c1[1]), c1[0], c1[2], c1[1], -(c1[2]), -(c1[0]), -(c1[1]) }, new double[]{ m13, m32, m21, m23, m12, m31, m23, m02, m30, m20, m32, m03, m03, m31, m10, m13, m01, m30, m12, m01, m20, m10, m21, m02 });
    }
}
09:17:38.729 [pool-2-thread-1] ERROR fr.inria.lille.repair.nopol.NoPol - Error ExecutionException java.util.concurrent.ExecutionException: xxl.java.compiler.DynamicCompilationException: Aborting: dynamic compilation failed
09:17:38.729 [pool-2-thread-1] DEBUG fr.inria.lille.repair.nopol.NoPol - statement #17
09:17:38.729 [pool-2-thread-1] DEBUG fr.inria.lille.repair.nopol.NoPol - Analysing SourceLocation org.apache.commons.math3.geometry.euclidean.threed.SphereGenerator:107 which is executed by 6 tests
416973159
09:17:38.862 [pool-2-thread-1] DEBUG fr.inria.lille.repair.nopol.NoPol - statement #18
09:17:38.862 [pool-2-thread-1] DEBUG fr.inria.lille.repair.nopol.NoPol - Analysing SourceLocation org.apache.commons.math3.geometry.euclidean.threed.SphereGenerator:106 which is executed by 6 tests
416973159
09:17:38.994 [pool-2-thread-1] DEBUG fr.inria.lille.repair.nopol.NoPol - statement #19
09:17:38.994 [pool-2-thread-1] DEBUG fr.inria.lille.repair.nopol.NoPol - Analysing SourceLocation org.apache.commons.math3.geometry.euclidean.threed.SphereGenerator:105 which is executed by 6 tests
416973159
09:17:39.126 [pool-2-thread-1] DEBUG fr.inria.lille.repair.nopol.NoPol - statement #20
09:17:39.126 [pool-2-thread-1] DEBUG fr.inria.lille.repair.nopol.NoPol - Analysing SourceLocation org.apache.commons.math3.geometry.euclidean.threed.SphereGenerator:104 which is executed by 6 tests
416973159
09:17:39.258 [pool-2-thread-1] DEBUG fr.inria.lille.repair.nopol.NoPol - statement #21
09:17:39.258 [pool-2-thread-1] DEBUG fr.inria.lille.repair.nopol.NoPol - Analysing SourceLocation org.apache.commons.math3.geometry.euclidean.threed.SphereGenerator:103 which is executed by 6 tests
416973159
09:17:39.390 [pool-2-thread-1] DEBUG fr.inria.lille.repair.nopol.NoPol - statement #22
09:17:39.391 [pool-2-thread-1] DEBUG fr.inria.lille.repair.nopol.NoPol - Analysing SourceLocation org.apache.commons.math3.geometry.euclidean.threed.SphereGenerator:101 which is executed by 6 tests
416973159
09:17:39.523 [pool-2-thread-1] DEBUG fr.inria.lille.repair.nopol.NoPol - statement #23
09:17:39.523 [pool-2-thread-1] DEBUG fr.inria.lille.repair.nopol.NoPol - Analysing SourceLocation org.apache.commons.math3.geometry.euclidean.threed.SphereGenerator:100 which is executed by 6 tests
416973159
09:17:39.654 [pool-2-thread-1] DEBUG fr.inria.lille.repair.nopol.NoPol - statement #24
09:17:39.654 [pool-2-thread-1] DEBUG fr.inria.lille.repair.nopol.NoPol - Analysing SourceLocation org.apache.commons.math3.geometry.euclidean.threed.SphereGenerator:98 which is executed by 6 tests
416973159
09:17:39.785 [pool-2-thread-1] DEBUG fr.inria.lille.repair.nopol.NoPol - statement #25
09:17:39.785 [pool-2-thread-1] DEBUG fr.inria.lille.repair.nopol.NoPol - Analysing SourceLocation org.apache.commons.math3.geometry.euclidean.threed.SphereGenerator:97 which is executed by 6 tests
416973159
09:17:39.916 [pool-2-thread-1] DEBUG fr.inria.lille.repair.nopol.NoPol - statement #26
09:17:39.916 [pool-2-thread-1] DEBUG fr.inria.lille.repair.nopol.NoPol - Analysing SourceLocation org.apache.commons.math3.geometry.euclidean.threed.SphereGenerator:95 which is executed by 6 tests
416973159
09:17:40.047 [pool-2-thread-1] DEBUG fr.inria.lille.repair.nopol.NoPol - statement #27
09:17:40.047 [pool-2-thread-1] DEBUG fr.inria.lille.repair.nopol.NoPol - Analysing SourceLocation org.apache.commons.math3.geometry.euclidean.threed.SphereGenerator:94 which is executed by 6 tests
416973159
09:17:40.179 [pool-2-thread-1] DEBUG fr.inria.lille.repair.nopol.NoPol - statement #28
09:17:40.180 [pool-2-thread-1] DEBUG fr.inria.lille.repair.nopol.NoPol - Analysing SourceLocation org.apache.commons.math3.geometry.euclidean.threed.SphereGenerator:92 which is executed by 6 tests
416973159
09:17:40.312 [pool-2-thread-1] DEBUG fr.inria.lille.repair.nopol.NoPol - statement #29
09:17:40.312 [pool-2-thread-1] DEBUG fr.inria.lille.repair.nopol.NoPol - Analysing SourceLocation org.apache.commons.math3.geometry.euclidean.threed.SphereGenerator:91 which is executed by 6 tests
416973159
09:17:40.444 [pool-2-thread-1] DEBUG fr.inria.lille.repair.nopol.NoPol - statement #30
09:17:40.445 [pool-2-thread-1] DEBUG fr.inria.lille.repair.nopol.NoPol - Analysing SourceLocation org.apache.commons.math3.geometry.euclidean.threed.SphereGenerator:67 which is executed by 6 tests
416973159
09:17:40.577 [pool-2-thread-1] DEBUG fr.inria.lille.repair.nopol.NoPol - statement #31
09:17:40.577 [pool-2-thread-1] DEBUG fr.inria.lille.repair.nopol.NoPol - Analysing SourceLocation org.apache.commons.math3.geometry.euclidean.threed.SphereGenerator:52 which is executed by 7 tests
416973159
09:17:40.711 [pool-2-thread-1] DEBUG fr.inria.lille.repair.nopol.NoPol - looking with class fr.inria.lille.repair.nopol.spoon.smt.ConditionalAdder
java.lang.AssertionError: expected:<0.003616820213530053> but was:<0.0036167797421054544>
    at org.junit.Assert.fail(Assert.java:88)
    at org.junit.Assert.failNotEquals(Assert.java:743)
    at org.junit.Assert.assertEquals(Assert.java:494)
    at org.junit.Assert.assertEquals(Assert.java:592)
    at org.apache.commons.math3.geometry.euclidean.threed.SphereGeneratorTest.testDegeneratedCase(SphereGeneratorTest.java:175)
    at sun.reflect.NativeMethodAccessorImpl.invoke0(Native Method)
org.apache.commons.math3.exception.MathInternalError: illegal state: internal error, please fill a bug report at https://issues.apache.org/jira/browse/MATH
    at org.apache.commons.math3.geometry.enclosing.WelzlEncloser.pivotingBall(WelzlEncloser.java:104)
    at org.apache.commons.math3.geometry.enclosing.WelzlEncloser.enclose(WelzlEncloser.java:70)
    at org.apache.commons.math3.geometry.enclosing.WelzlEncloser3DTest.testReducingBall(WelzlEncloser3DTest.java:70)
    at sun.reflect.NativeMethodAccessorImpl.invoke0(Native Method)
    at sun.reflect.NativeMethodAccessorImpl.invoke(NativeMethodAccessorImpl.java:62)
    at sun.reflect.DelegatingMethodAccessorImpl.invoke(DelegatingMethodAccessorImpl.java:43)
09:17:40.816 [pool-12-thread-1] INFO  xxl.java.junit.TestCasesListener - Tests run finished (100 ms)
<> Total tests run: 12
<> Ignored tests: 0
<> Failed tests: 2
~ testDegeneratedCase(org.apache.commons.math3.geometry.euclidean.threed.SphereGeneratorTest)
[expected:<0.003616820213530053> but was:<0.0036167797421054544>]
java.lang.AssertionError: expected:<0.003616820213530053> but was:<0.0036167797421054544>    at org.junit.Assert.fail(Assert.java:88)
    at org.junit.Assert.failNotEquals(Assert.java:743)
    at org.junit.Assert.assertEquals(Assert.java:494)
    at org.junit.Assert.assertEquals(Assert.java:592)
    at org.apache.commons.math3.geometry.euclidean.threed.SphereGeneratorTest.testDegeneratedCase(SphereGeneratorTest.java:175)
    at sun.reflect.NativeMethodAccessorImpl.invoke0(Native Method)
~ testReducingBall(org.apache.commons.math3.geometry.enclosing.WelzlEncloser3DTest)
[illegal state: internal error, please fill a bug report at https://issues.apache.org/jira/browse/MATH]
org.apache.commons.math3.exception.MathInternalError: illegal state: internal error, please fill a bug report at https://issues.apache.org/jira/browse/MATH    at org.apache.commons.math3.geometry.enclosing.WelzlEncloser.pivotingBall(WelzlEncloser.java:104)
    at org.apache.commons.math3.geometry.enclosing.WelzlEncloser.enclose(WelzlEncloser.java:70)
    at org.apache.commons.math3.geometry.enclosing.WelzlEncloser3DTest.testReducingBall(WelzlEncloser3DTest.java:70)
    at sun.reflect.NativeMethodAccessorImpl.invoke0(Native Method)
    at sun.reflect.NativeMethodAccessorImpl.invoke(NativeMethodAccessorImpl.java:62)
    at sun.reflect.DelegatingMethodAccessorImpl.invoke(DelegatingMethodAccessorImpl.java:43)

09:17:41.027 [pool-11-thread-1] ERROR x.java.compiler.DynamicClassCompiler - [Compilation errors]
SphereGenerator.java:52: error: missing return statement
    }
    ^
09:17:41.031 [pool-11-thread-1] ERROR f.i.l.r.n.s.ConstraintModelBuilder - Unable to compile the change: 
public class SphereGenerator implements org.apache.commons.math3.geometry.enclosing.SupportBallGenerator<org.apache.commons.math3.geometry.euclidean.threed.Euclidean3D, org.apache.commons.math3.geometry.euclidean.threed.Vector3D> {
    public org.apache.commons.math3.geometry.enclosing.EnclosingBall<org.apache.commons.math3.geometry.euclidean.threed.Euclidean3D, org.apache.commons.math3.geometry.euclidean.threed.Vector3D> ballOnSupport(final java.util.List<org.apache.commons.math3.geometry.euclidean.threed.Vector3D> support) {
        if ((support.size()) < 1) {
            return new org.apache.commons.math3.geometry.enclosing.EnclosingBall<org.apache.commons.math3.geometry.euclidean.threed.Euclidean3D, org.apache.commons.math3.geometry.euclidean.threed.Vector3D>(org.apache.commons.math3.geometry.euclidean.threed.Vector3D.ZERO, (-1.0));
        }else {
            final org.apache.commons.math3.geometry.euclidean.threed.Vector3D vA = support.get(0);
            if ((support.size()) < 2) {
                return new org.apache.commons.math3.geometry.enclosing.EnclosingBall<org.apache.commons.math3.geometry.euclidean.threed.Euclidean3D, org.apache.commons.math3.geometry.euclidean.threed.Vector3D>(vA, 0, vA);
            }else {
                final org.apache.commons.math3.geometry.euclidean.threed.Vector3D vB = support.get(1);
                if ((support.size()) < 3) {
                    return new org.apache.commons.math3.geometry.enclosing.EnclosingBall<org.apache.commons.math3.geometry.euclidean.threed.Euclidean3D, org.apache.commons.math3.geometry.euclidean.threed.Vector3D>(new org.apache.commons.math3.geometry.euclidean.threed.Vector3D(0.5, vA, 0.5, vB), (0.5 * (vA.distance(vB))), vA, vB);
                }else {
                    final org.apache.commons.math3.geometry.euclidean.threed.Vector3D vC = support.get(2);
                    boolean spoonDefaultValue = false;
                    try {
                        spoonDefaultValue = true;
                    } catch (java.lang.Exception __NopolProcessorException) {
                    }
                    boolean runtimeAngelicValue = fr.inria.lille.repair.nopol.synth.AngelicExecution.angelicValue(spoonDefaultValue);
                    if (fr.inria.lille.commons.trace.RuntimeValues.instance(2).isEnabled()) {
                        fr.inria.lille.commons.trace.RuntimeValues.instance(2).collectionStarts();
                        try{fr.inria.lille.commons.trace.RuntimeValues.instance(2).collectInput("vA",vA);} catch (Exception ex1) {ex1.printStackTrace();};
                        try{fr.inria.lille.commons.trace.RuntimeValues.instance(2).collectInput("vB",vB);} catch (Exception ex1) {ex1.printStackTrace();};
                        try{fr.inria.lille.commons.trace.RuntimeValues.instance(2).collectInput("4",4);} catch (Exception ex1) {ex1.printStackTrace();};
                        try{fr.inria.lille.commons.trace.RuntimeValues.instance(2).collectInput("support",support);} catch (Exception ex1) {ex1.printStackTrace();};
                        try{fr.inria.lille.commons.trace.RuntimeValues.instance(2).collectInput("vC",vC);} catch (Exception ex1) {ex1.printStackTrace();};
                        fr.inria.lille.commons.trace.RuntimeValues.instance(2).collectOutput(runtimeAngelicValue);
                        fr.inria.lille.commons.trace.RuntimeValues.instance(2).collectionEnds();
                    }
                    if (runtimeAngelicValue) if ((support.size()) < 4) {
                        final org.apache.commons.math3.geometry.euclidean.threed.Plane p = new org.apache.commons.math3.geometry.euclidean.threed.Plane(vA, vB, vC, (1.0E-10 * (((vA.getNorm1()) + (vB.getNorm1())) + (vC.getNorm1()))));
                        final org.apache.commons.math3.geometry.enclosing.EnclosingBall<org.apache.commons.math3.geometry.euclidean.twod.Euclidean2D, org.apache.commons.math3.geometry.euclidean.twod.Vector2D> disk = new org.apache.commons.math3.geometry.euclidean.twod.DiskGenerator().ballOnSupport(java.util.Arrays.asList(p.toSubSpace(vA), p.toSubSpace(vB), p.toSubSpace(vC)));
                        return new org.apache.commons.math3.geometry.enclosing.EnclosingBall<org.apache.commons.math3.geometry.euclidean.threed.Euclidean3D, org.apache.commons.math3.geometry.euclidean.threed.Vector3D>(p.toSpace(disk.getCenter()), disk.getRadius(), vA, vB, vC);
                    }else {
                        final org.apache.commons.math3.geometry.euclidean.threed.Vector3D vD = support.get(3);
                        final double[] c1 = new double[]{ vA.getNormSq(), vB.getNormSq(), vC.getNormSq(), vD.getNormSq() };
                        final double[] c2 = new double[]{ vA.getX(), vB.getX(), vC.getX(), vD.getX() };
                        final double[] c3 = new double[]{ vA.getY(), vB.getY(), vC.getY(), vD.getY() };
                        final double[] c4 = new double[]{ vA.getZ(), vB.getZ(), vC.getZ(), vD.getZ() };
                        final double m11 = minor(c2, c3, c4);
                        final double m12 = minor(c1, c3, c4);
                        final double m13 = minor(c1, c2, c4);
                        final double m14 = minor(c1, c2, c3);
                        final org.apache.commons.math3.geometry.euclidean.threed.Vector3D center = new org.apache.commons.math3.geometry.euclidean.threed.Vector3D(((0.5 * m12) / m11), (((-0.5) * m13) / m11), ((0.5 * m14) / m11));
                        return new org.apache.commons.math3.geometry.enclosing.EnclosingBall<org.apache.commons.math3.geometry.euclidean.threed.Euclidean3D, org.apache.commons.math3.geometry.euclidean.threed.Vector3D>(center, center.distance(vA), vA, vB, vC, vD);
                    }
                }
            }
        }
    }

    private double minor(final double[] c1, final double[] c2, final double[] c3) {
        final double m01 = (c2[0]) * (c3[1]);
        final double m02 = (c2[0]) * (c3[2]);
        final double m03 = (c2[0]) * (c3[3]);
        final double m10 = (c2[1]) * (c3[0]);
        final double m12 = (c2[1]) * (c3[2]);
        final double m13 = (c2[1]) * (c3[3]);
        final double m20 = (c2[2]) * (c3[0]);
        final double m21 = (c2[2]) * (c3[1]);
        final double m23 = (c2[2]) * (c3[3]);
        final double m30 = (c2[3]) * (c3[0]);
        final double m31 = (c2[3]) * (c3[1]);
        final double m32 = (c2[3]) * (c3[2]);
        return org.apache.commons.math3.util.MathArrays.linearCombination(new double[]{ c1[2], c1[1], c1[3], -(c1[1]), -(c1[3]), -(c1[2]), c1[0], c1[3], c1[2], -(c1[3]), -(c1[0]), -(c1[2]), c1[1], c1[0], c1[3], -(c1[0]), -(c1[3]), -(c1[1]), c1[0], c1[2], c1[1], -(c1[2]), -(c1[0]), -(c1[1]) }, new double[]{ m13, m32, m21, m23, m12, m31, m23, m02, m30, m20, m32, m03, m03, m31, m10, m13, m01, m30, m12, m01, m20, m10, m21, m02 });
    }
}
09:17:41.031 [pool-2-thread-1] ERROR fr.inria.lille.repair.nopol.NoPol - Error ExecutionException java.util.concurrent.ExecutionException: xxl.java.compiler.DynamicCompilationException: Aborting: dynamic compilation failed
09:17:41.031 [pool-2-thread-1] DEBUG fr.inria.lille.repair.nopol.NoPol - looking with class fr.inria.lille.repair.nopol.spoon.smt.ConditionalReplacer
java.lang.AssertionError: expected:<0.003616820213530053> but was:<0.0036167797421054544>
    at org.junit.Assert.fail(Assert.java:88)
    at org.junit.Assert.failNotEquals(Assert.java:743)
    at org.junit.Assert.assertEquals(Assert.java:494)
    at org.junit.Assert.assertEquals(Assert.java:592)
    at org.apache.commons.math3.geometry.euclidean.threed.SphereGeneratorTest.testDegeneratedCase(SphereGeneratorTest.java:175)
    at sun.reflect.NativeMethodAccessorImpl.invoke0(Native Method)
org.apache.commons.math3.exception.MathInternalError: illegal state: internal error, please fill a bug report at https://issues.apache.org/jira/browse/MATH
    at org.apache.commons.math3.geometry.enclosing.WelzlEncloser.pivotingBall(WelzlEncloser.java:104)
    at org.apache.commons.math3.geometry.enclosing.WelzlEncloser.enclose(WelzlEncloser.java:70)
    at org.apache.commons.math3.geometry.enclosing.WelzlEncloser3DTest.testReducingBall(WelzlEncloser3DTest.java:70)
    at sun.reflect.NativeMethodAccessorImpl.invoke0(Native Method)
    at sun.reflect.NativeMethodAccessorImpl.invoke(NativeMethodAccessorImpl.java:62)
    at sun.reflect.DelegatingMethodAccessorImpl.invoke(DelegatingMethodAccessorImpl.java:43)
09:17:41.149 [pool-14-thread-1] INFO  xxl.java.junit.TestCasesListener - Tests run finished (97 ms)
<> Total tests run: 12
<> Ignored tests: 0
<> Failed tests: 2
~ testDegeneratedCase(org.apache.commons.math3.geometry.euclidean.threed.SphereGeneratorTest)
[expected:<0.003616820213530053> but was:<0.0036167797421054544>]
java.lang.AssertionError: expected:<0.003616820213530053> but was:<0.0036167797421054544>    at org.junit.Assert.fail(Assert.java:88)
    at org.junit.Assert.failNotEquals(Assert.java:743)
    at org.junit.Assert.assertEquals(Assert.java:494)
    at org.junit.Assert.assertEquals(Assert.java:592)
    at org.apache.commons.math3.geometry.euclidean.threed.SphereGeneratorTest.testDegeneratedCase(SphereGeneratorTest.java:175)
    at sun.reflect.NativeMethodAccessorImpl.invoke0(Native Method)
~ testReducingBall(org.apache.commons.math3.geometry.enclosing.WelzlEncloser3DTest)
[illegal state: internal error, please fill a bug report at https://issues.apache.org/jira/browse/MATH]
org.apache.commons.math3.exception.MathInternalError: illegal state: internal error, please fill a bug report at https://issues.apache.org/jira/browse/MATH    at org.apache.commons.math3.geometry.enclosing.WelzlEncloser.pivotingBall(WelzlEncloser.java:104)
    at org.apache.commons.math3.geometry.enclosing.WelzlEncloser.enclose(WelzlEncloser.java:70)
    at org.apache.commons.math3.geometry.enclosing.WelzlEncloser3DTest.testReducingBall(WelzlEncloser3DTest.java:70)
    at sun.reflect.NativeMethodAccessorImpl.invoke0(Native Method)
    at sun.reflect.NativeMethodAccessorImpl.invoke(NativeMethodAccessorImpl.java:62)
    at sun.reflect.DelegatingMethodAccessorImpl.invoke(DelegatingMethodAccessorImpl.java:43)

java.lang.AssertionError: expected:<0.003616820213530053> but was:<0.0036167797421054544>
    at org.junit.Assert.fail(Assert.java:88)
    at org.junit.Assert.failNotEquals(Assert.java:743)
    at org.junit.Assert.assertEquals(Assert.java:494)
    at org.junit.Assert.assertEquals(Assert.java:592)
    at org.apache.commons.math3.geometry.euclidean.threed.SphereGeneratorTest.testDegeneratedCase(SphereGeneratorTest.java:175)
    at sun.reflect.NativeMethodAccessorImpl.invoke0(Native Method)
09:17:41.381 [pool-15-thread-1] INFO  f.i.l.c.t.SpecificationTestCasesListener - Tests run finished (10 ms)
<> Total tests run: 1
<> Ignored tests: 0
<> Failed tests: 1
~ testDegeneratedCase(org.apache.commons.math3.geometry.euclidean.threed.SphereGeneratorTest)
[expected:<0.003616820213530053> but was:<0.0036167797421054544>]
java.lang.AssertionError: expected:<0.003616820213530053> but was:<0.0036167797421054544>    at org.junit.Assert.fail(Assert.java:88)
    at org.junit.Assert.failNotEquals(Assert.java:743)
    at org.junit.Assert.assertEquals(Assert.java:494)
    at org.junit.Assert.assertEquals(Assert.java:592)
    at org.apache.commons.math3.geometry.euclidean.threed.SphereGeneratorTest.testDegeneratedCase(SphereGeneratorTest.java:175)
    at sun.reflect.NativeMethodAccessorImpl.invoke0(Native Method)

java.lang.IndexOutOfBoundsException: Index: 3, Size: 3
    at java.util.ArrayList.rangeCheck(ArrayList.java:657)
    at java.util.ArrayList.get(ArrayList.java:433)
    at org.apache.commons.math3.geometry.euclidean.threed.SphereGenerator.ballOnSupport(SphereGenerator.java:37)
    at org.apache.commons.math3.geometry.enclosing.WelzlEncloser.moveToFrontBall(WelzlEncloser.java:128)
    at org.apache.commons.math3.geometry.enclosing.WelzlEncloser.moveToFrontBall(WelzlEncloser.java:139)
    at org.apache.commons.math3.geometry.enclosing.WelzlEncloser.moveToFrontBall(WelzlEncloser.java:139)
09:17:41.385 [pool-16-thread-1] INFO  f.i.l.c.t.SpecificationTestCasesListener - Tests run finished (2 ms)
<> Total tests run: 1
<> Ignored tests: 0
<> Failed tests: 1
~ testReducingBall(org.apache.commons.math3.geometry.enclosing.WelzlEncloser3DTest)
[Index: 3, Size: 3]
java.lang.IndexOutOfBoundsException: Index: 3, Size: 3    at java.util.ArrayList.rangeCheck(ArrayList.java:657)
    at java.util.ArrayList.get(ArrayList.java:433)
    at org.apache.commons.math3.geometry.euclidean.threed.SphereGenerator.ballOnSupport(SphereGenerator.java:37)
    at org.apache.commons.math3.geometry.enclosing.WelzlEncloser.moveToFrontBall(WelzlEncloser.java:128)
    at org.apache.commons.math3.geometry.enclosing.WelzlEncloser.moveToFrontBall(WelzlEncloser.java:139)
    at org.apache.commons.math3.geometry.enclosing.WelzlEncloser.moveToFrontBall(WelzlEncloser.java:139)

java.lang.AssertionError: expected:<0.003616820213530053> but was:<0.00337507082382095>
    at org.junit.Assert.fail(Assert.java:88)
    at org.junit.Assert.failNotEquals(Assert.java:743)
    at org.junit.Assert.assertEquals(Assert.java:494)
    at org.junit.Assert.assertEquals(Assert.java:592)
    at org.apache.commons.math3.geometry.euclidean.threed.SphereGeneratorTest.testDegeneratedCase(SphereGeneratorTest.java:175)
    at sun.reflect.NativeMethodAccessorImpl.invoke0(Native Method)
09:17:41.396 [pool-17-thread-1] INFO  f.i.l.c.t.SpecificationTestCasesListener - Tests run finished (3 ms)
<> Total tests run: 1
<> Ignored tests: 0
<> Failed tests: 1
~ testDegeneratedCase(org.apache.commons.math3.geometry.euclidean.threed.SphereGeneratorTest)
[expected:<0.003616820213530053> but was:<0.00337507082382095>]
java.lang.AssertionError: expected:<0.003616820213530053> but was:<0.00337507082382095>    at org.junit.Assert.fail(Assert.java:88)
    at org.junit.Assert.failNotEquals(Assert.java:743)
    at org.junit.Assert.assertEquals(Assert.java:494)
    at org.junit.Assert.assertEquals(Assert.java:592)
    at org.apache.commons.math3.geometry.euclidean.threed.SphereGeneratorTest.testDegeneratedCase(SphereGeneratorTest.java:175)
    at sun.reflect.NativeMethodAccessorImpl.invoke0(Native Method)

org.apache.commons.math3.exception.MathInternalError: illegal state: internal error, please fill a bug report at https://issues.apache.org/jira/browse/MATH
    at org.apache.commons.math3.geometry.enclosing.WelzlEncloser.pivotingBall(WelzlEncloser.java:104)
    at org.apache.commons.math3.geometry.enclosing.WelzlEncloser.enclose(WelzlEncloser.java:70)
    at org.apache.commons.math3.geometry.enclosing.WelzlEncloser3DTest.testReducingBall(WelzlEncloser3DTest.java:70)
    at sun.reflect.NativeMethodAccessorImpl.invoke0(Native Method)
    at sun.reflect.NativeMethodAccessorImpl.invoke(NativeMethodAccessorImpl.java:62)
    at sun.reflect.DelegatingMethodAccessorImpl.invoke(DelegatingMethodAccessorImpl.java:43)
09:17:41.408 [pool-18-thread-1] INFO  f.i.l.c.t.SpecificationTestCasesListener - Tests run finished (11 ms)
<> Total tests run: 1
<> Ignored tests: 0
<> Failed tests: 1
~ testReducingBall(org.apache.commons.math3.geometry.enclosing.WelzlEncloser3DTest)
[illegal state: internal error, please fill a bug report at https://issues.apache.org/jira/browse/MATH]
org.apache.commons.math3.exception.MathInternalError: illegal state: internal error, please fill a bug report at https://issues.apache.org/jira/browse/MATH    at org.apache.commons.math3.geometry.enclosing.WelzlEncloser.pivotingBall(WelzlEncloser.java:104)
    at org.apache.commons.math3.geometry.enclosing.WelzlEncloser.enclose(WelzlEncloser.java:70)
    at org.apache.commons.math3.geometry.enclosing.WelzlEncloser3DTest.testReducingBall(WelzlEncloser3DTest.java:70)
    at sun.reflect.NativeMethodAccessorImpl.invoke0(Native Method)
    at sun.reflect.NativeMethodAccessorImpl.invoke(NativeMethodAccessorImpl.java:62)
    at sun.reflect.DelegatingMethodAccessorImpl.invoke(DelegatingMethodAccessorImpl.java:43)

09:17:41.414 [pool-13-thread-1] DEBUG tests.output - Failing tests with false: 
[testDegeneratedCase(org.apache.commons.math3.geometry.euclidean.threed.SphereGeneratorTest): expected:<0.003616820213530053> but was:<0.0036167797421054544>, testReducingBall(org.apache.commons.math3.geometry.enclosing.WelzlEncloser3DTest): Index: 3, Size: 3]
09:17:41.415 [pool-13-thread-1] DEBUG tests.output - Failing tests with true: 
[testDegeneratedCase(org.apache.commons.math3.geometry.euclidean.threed.SphereGeneratorTest): expected:<0.003616820213530053> but was:<0.00337507082382095>, testReducingBall(org.apache.commons.math3.geometry.enclosing.WelzlEncloser3DTest): illegal state: internal error, please fill a bug report at https://issues.apache.org/jira/browse/MATH]
09:17:41.415 [pool-13-thread-1] INFO  f.i.l.r.n.synth.SMTNopolSynthesizer - Not enough specifications: 0. A trivial patch is "true" or "false", please write new tests specifying SourceLocation org.apache.commons.math3.geometry.euclidean.threed.SphereGenerator:52.
09:17:41.415 [pool-2-thread-1] DEBUG fr.inria.lille.repair.nopol.NoPol - statement #32
09:17:41.415 [pool-2-thread-1] DEBUG fr.inria.lille.repair.nopol.NoPol - Analysing SourceLocation org.apache.commons.math3.geometry.euclidean.threed.SphereGenerator:51 which is executed by 7 tests
416973159
09:17:41.563 [pool-2-thread-1] DEBUG fr.inria.lille.repair.nopol.NoPol - statement #33
09:17:41.563 [pool-2-thread-1] DEBUG fr.inria.lille.repair.nopol.NoPol - Analysing SourceLocation org.apache.commons.math3.geometry.euclidean.threed.SphereGenerator:46 which is executed by 8 tests
416973159
09:17:41.697 [pool-2-thread-1] DEBUG fr.inria.lille.repair.nopol.NoPol - looking with class fr.inria.lille.repair.nopol.spoon.smt.ConditionalAdder
java.lang.AssertionError: expected:<0.003616820213530053> but was:<0.0036167797421054544>
    at org.junit.Assert.fail(Assert.java:88)
    at org.junit.Assert.failNotEquals(Assert.java:743)
    at org.junit.Assert.assertEquals(Assert.java:494)
    at org.junit.Assert.assertEquals(Assert.java:592)
    at org.apache.commons.math3.geometry.euclidean.threed.SphereGeneratorTest.testDegeneratedCase(SphereGeneratorTest.java:175)
    at sun.reflect.NativeMethodAccessorImpl.invoke0(Native Method)
org.apache.commons.math3.exception.MathInternalError: illegal state: internal error, please fill a bug report at https://issues.apache.org/jira/browse/MATH
    at org.apache.commons.math3.geometry.enclosing.WelzlEncloser.pivotingBall(WelzlEncloser.java:104)
    at org.apache.commons.math3.geometry.enclosing.WelzlEncloser.enclose(WelzlEncloser.java:70)
    at org.apache.commons.math3.geometry.enclosing.WelzlEncloser3DTest.testReducingBall(WelzlEncloser3DTest.java:70)
    at sun.reflect.NativeMethodAccessorImpl.invoke0(Native Method)
    at sun.reflect.NativeMethodAccessorImpl.invoke(NativeMethodAccessorImpl.java:62)
    at sun.reflect.DelegatingMethodAccessorImpl.invoke(DelegatingMethodAccessorImpl.java:43)
09:17:41.804 [pool-20-thread-1] INFO  xxl.java.junit.TestCasesListener - Tests run finished (100 ms)
<> Total tests run: 12
<> Ignored tests: 0
<> Failed tests: 2
~ testDegeneratedCase(org.apache.commons.math3.geometry.euclidean.threed.SphereGeneratorTest)
[expected:<0.003616820213530053> but was:<0.0036167797421054544>]
java.lang.AssertionError: expected:<0.003616820213530053> but was:<0.0036167797421054544>    at org.junit.Assert.fail(Assert.java:88)
    at org.junit.Assert.failNotEquals(Assert.java:743)
    at org.junit.Assert.assertEquals(Assert.java:494)
    at org.junit.Assert.assertEquals(Assert.java:592)
    at org.apache.commons.math3.geometry.euclidean.threed.SphereGeneratorTest.testDegeneratedCase(SphereGeneratorTest.java:175)
    at sun.reflect.NativeMethodAccessorImpl.invoke0(Native Method)
~ testReducingBall(org.apache.commons.math3.geometry.enclosing.WelzlEncloser3DTest)
[illegal state: internal error, please fill a bug report at https://issues.apache.org/jira/browse/MATH]
org.apache.commons.math3.exception.MathInternalError: illegal state: internal error, please fill a bug report at https://issues.apache.org/jira/browse/MATH    at org.apache.commons.math3.geometry.enclosing.WelzlEncloser.pivotingBall(WelzlEncloser.java:104)
    at org.apache.commons.math3.geometry.enclosing.WelzlEncloser.enclose(WelzlEncloser.java:70)
    at org.apache.commons.math3.geometry.enclosing.WelzlEncloser3DTest.testReducingBall(WelzlEncloser3DTest.java:70)
    at sun.reflect.NativeMethodAccessorImpl.invoke0(Native Method)
    at sun.reflect.NativeMethodAccessorImpl.invoke(NativeMethodAccessorImpl.java:62)
    at sun.reflect.DelegatingMethodAccessorImpl.invoke(DelegatingMethodAccessorImpl.java:43)

09:17:41.998 [pool-19-thread-1] ERROR x.java.compiler.DynamicClassCompiler - [Compilation errors]
SphereGenerator.java:51: error: missing return statement
    }
    ^
09:17:42.002 [pool-19-thread-1] ERROR f.i.l.r.n.s.ConstraintModelBuilder - Unable to compile the change: 
public class SphereGenerator implements org.apache.commons.math3.geometry.enclosing.SupportBallGenerator<org.apache.commons.math3.geometry.euclidean.threed.Euclidean3D, org.apache.commons.math3.geometry.euclidean.threed.Vector3D> {
    public org.apache.commons.math3.geometry.enclosing.EnclosingBall<org.apache.commons.math3.geometry.euclidean.threed.Euclidean3D, org.apache.commons.math3.geometry.euclidean.threed.Vector3D> ballOnSupport(final java.util.List<org.apache.commons.math3.geometry.euclidean.threed.Vector3D> support) {
        if ((support.size()) < 1) {
            return new org.apache.commons.math3.geometry.enclosing.EnclosingBall<org.apache.commons.math3.geometry.euclidean.threed.Euclidean3D, org.apache.commons.math3.geometry.euclidean.threed.Vector3D>(org.apache.commons.math3.geometry.euclidean.threed.Vector3D.ZERO, (-1.0));
        }else {
            final org.apache.commons.math3.geometry.euclidean.threed.Vector3D vA = support.get(0);
            if ((support.size()) < 2) {
                return new org.apache.commons.math3.geometry.enclosing.EnclosingBall<org.apache.commons.math3.geometry.euclidean.threed.Euclidean3D, org.apache.commons.math3.geometry.euclidean.threed.Vector3D>(vA, 0, vA);
            }else {
                final org.apache.commons.math3.geometry.euclidean.threed.Vector3D vB = support.get(1);
                boolean spoonDefaultValue = false;
                try {
                    spoonDefaultValue = true;
                } catch (java.lang.Exception __NopolProcessorException) {
                }
                boolean runtimeAngelicValue = fr.inria.lille.repair.nopol.synth.AngelicExecution.angelicValue(spoonDefaultValue);
                if (fr.inria.lille.commons.trace.RuntimeValues.instance(4).isEnabled()) {
                    fr.inria.lille.commons.trace.RuntimeValues.instance(4).collectionStarts();
                    try{fr.inria.lille.commons.trace.RuntimeValues.instance(4).collectInput("vA",vA);} catch (Exception ex1) {ex1.printStackTrace();};
                    try{fr.inria.lille.commons.trace.RuntimeValues.instance(4).collectInput("3",3);} catch (Exception ex1) {ex1.printStackTrace();};
                    try{fr.inria.lille.commons.trace.RuntimeValues.instance(4).collectInput("vB",vB);} catch (Exception ex1) {ex1.printStackTrace();};
                    try{fr.inria.lille.commons.trace.RuntimeValues.instance(4).collectInput("support",support);} catch (Exception ex1) {ex1.printStackTrace();};
                    fr.inria.lille.commons.trace.RuntimeValues.instance(4).collectOutput(runtimeAngelicValue);
                    fr.inria.lille.commons.trace.RuntimeValues.instance(4).collectionEnds();
                }
                if (runtimeAngelicValue) if ((support.size()) < 3) {
                    return new org.apache.commons.math3.geometry.enclosing.EnclosingBall<org.apache.commons.math3.geometry.euclidean.threed.Euclidean3D, org.apache.commons.math3.geometry.euclidean.threed.Vector3D>(new org.apache.commons.math3.geometry.euclidean.threed.Vector3D(0.5, vA, 0.5, vB), (0.5 * (vA.distance(vB))), vA, vB);
                }else {
                    final org.apache.commons.math3.geometry.euclidean.threed.Vector3D vC = support.get(2);
                    if ((support.size()) < 4) {
                        final org.apache.commons.math3.geometry.euclidean.threed.Plane p = new org.apache.commons.math3.geometry.euclidean.threed.Plane(vA, vB, vC, (1.0E-10 * (((vA.getNorm1()) + (vB.getNorm1())) + (vC.getNorm1()))));
                        final org.apache.commons.math3.geometry.enclosing.EnclosingBall<org.apache.commons.math3.geometry.euclidean.twod.Euclidean2D, org.apache.commons.math3.geometry.euclidean.twod.Vector2D> disk = new org.apache.commons.math3.geometry.euclidean.twod.DiskGenerator().ballOnSupport(java.util.Arrays.asList(p.toSubSpace(vA), p.toSubSpace(vB), p.toSubSpace(vC)));
                        return new org.apache.commons.math3.geometry.enclosing.EnclosingBall<org.apache.commons.math3.geometry.euclidean.threed.Euclidean3D, org.apache.commons.math3.geometry.euclidean.threed.Vector3D>(p.toSpace(disk.getCenter()), disk.getRadius(), vA, vB, vC);
                    }else {
                        final org.apache.commons.math3.geometry.euclidean.threed.Vector3D vD = support.get(3);
                        final double[] c1 = new double[]{ vA.getNormSq(), vB.getNormSq(), vC.getNormSq(), vD.getNormSq() };
                        final double[] c2 = new double[]{ vA.getX(), vB.getX(), vC.getX(), vD.getX() };
                        final double[] c3 = new double[]{ vA.getY(), vB.getY(), vC.getY(), vD.getY() };
                        final double[] c4 = new double[]{ vA.getZ(), vB.getZ(), vC.getZ(), vD.getZ() };
                        final double m11 = minor(c2, c3, c4);
                        final double m12 = minor(c1, c3, c4);
                        final double m13 = minor(c1, c2, c4);
                        final double m14 = minor(c1, c2, c3);
                        final org.apache.commons.math3.geometry.euclidean.threed.Vector3D center = new org.apache.commons.math3.geometry.euclidean.threed.Vector3D(((0.5 * m12) / m11), (((-0.5) * m13) / m11), ((0.5 * m14) / m11));
                        return new org.apache.commons.math3.geometry.enclosing.EnclosingBall<org.apache.commons.math3.geometry.euclidean.threed.Euclidean3D, org.apache.commons.math3.geometry.euclidean.threed.Vector3D>(center, center.distance(vA), vA, vB, vC, vD);
                    }
                }
            }
        }
    }

    private double minor(final double[] c1, final double[] c2, final double[] c3) {
        final double m01 = (c2[0]) * (c3[1]);
        final double m02 = (c2[0]) * (c3[2]);
        final double m03 = (c2[0]) * (c3[3]);
        final double m10 = (c2[1]) * (c3[0]);
        final double m12 = (c2[1]) * (c3[2]);
        final double m13 = (c2[1]) * (c3[3]);
        final double m20 = (c2[2]) * (c3[0]);
        final double m21 = (c2[2]) * (c3[1]);
        final double m23 = (c2[2]) * (c3[3]);
        final double m30 = (c2[3]) * (c3[0]);
        final double m31 = (c2[3]) * (c3[1]);
        final double m32 = (c2[3]) * (c3[2]);
        return org.apache.commons.math3.util.MathArrays.linearCombination(new double[]{ c1[2], c1[1], c1[3], -(c1[1]), -(c1[3]), -(c1[2]), c1[0], c1[3], c1[2], -(c1[3]), -(c1[0]), -(c1[2]), c1[1], c1[0], c1[3], -(c1[0]), -(c1[3]), -(c1[1]), c1[0], c1[2], c1[1], -(c1[2]), -(c1[0]), -(c1[1]) }, new double[]{ m13, m32, m21, m23, m12, m31, m23, m02, m30, m20, m32, m03, m03, m31, m10, m13, m01, m30, m12, m01, m20, m10, m21, m02 });
    }
}
09:17:42.002 [pool-2-thread-1] ERROR fr.inria.lille.repair.nopol.NoPol - Error ExecutionException java.util.concurrent.ExecutionException: xxl.java.compiler.DynamicCompilationException: Aborting: dynamic compilation failed
09:17:42.002 [pool-2-thread-1] DEBUG fr.inria.lille.repair.nopol.NoPol - looking with class fr.inria.lille.repair.nopol.spoon.smt.ConditionalReplacer
java.lang.AssertionError: expected:<0.003616820213530053> but was:<0.0036167797421054544>
    at org.junit.Assert.fail(Assert.java:88)
    at org.junit.Assert.failNotEquals(Assert.java:743)
    at org.junit.Assert.assertEquals(Assert.java:494)
    at org.junit.Assert.assertEquals(Assert.java:592)
    at org.apache.commons.math3.geometry.euclidean.threed.SphereGeneratorTest.testDegeneratedCase(SphereGeneratorTest.java:175)
    at sun.reflect.NativeMethodAccessorImpl.invoke0(Native Method)
org.apache.commons.math3.exception.MathInternalError: illegal state: internal error, please fill a bug report at https://issues.apache.org/jira/browse/MATH
    at org.apache.commons.math3.geometry.enclosing.WelzlEncloser.pivotingBall(WelzlEncloser.java:104)
    at org.apache.commons.math3.geometry.enclosing.WelzlEncloser.enclose(WelzlEncloser.java:70)
    at org.apache.commons.math3.geometry.enclosing.WelzlEncloser3DTest.testReducingBall(WelzlEncloser3DTest.java:70)
    at sun.reflect.NativeMethodAccessorImpl.invoke0(Native Method)
    at sun.reflect.NativeMethodAccessorImpl.invoke(NativeMethodAccessorImpl.java:62)
    at sun.reflect.DelegatingMethodAccessorImpl.invoke(DelegatingMethodAccessorImpl.java:43)
09:17:42.106 [pool-22-thread-1] INFO  xxl.java.junit.TestCasesListener - Tests run finished (96 ms)
<> Total tests run: 12
<> Ignored tests: 0
<> Failed tests: 2
~ testDegeneratedCase(org.apache.commons.math3.geometry.euclidean.threed.SphereGeneratorTest)
[expected:<0.003616820213530053> but was:<0.0036167797421054544>]
java.lang.AssertionError: expected:<0.003616820213530053> but was:<0.0036167797421054544>    at org.junit.Assert.fail(Assert.java:88)
    at org.junit.Assert.failNotEquals(Assert.java:743)
    at org.junit.Assert.assertEquals(Assert.java:494)
    at org.junit.Assert.assertEquals(Assert.java:592)
    at org.apache.commons.math3.geometry.euclidean.threed.SphereGeneratorTest.testDegeneratedCase(SphereGeneratorTest.java:175)
    at sun.reflect.NativeMethodAccessorImpl.invoke0(Native Method)
~ testReducingBall(org.apache.commons.math3.geometry.enclosing.WelzlEncloser3DTest)
[illegal state: internal error, please fill a bug report at https://issues.apache.org/jira/browse/MATH]
org.apache.commons.math3.exception.MathInternalError: illegal state: internal error, please fill a bug report at https://issues.apache.org/jira/browse/MATH    at org.apache.commons.math3.geometry.enclosing.WelzlEncloser.pivotingBall(WelzlEncloser.java:104)
    at org.apache.commons.math3.geometry.enclosing.WelzlEncloser.enclose(WelzlEncloser.java:70)
    at org.apache.commons.math3.geometry.enclosing.WelzlEncloser3DTest.testReducingBall(WelzlEncloser3DTest.java:70)
    at sun.reflect.NativeMethodAccessorImpl.invoke0(Native Method)
    at sun.reflect.NativeMethodAccessorImpl.invoke(NativeMethodAccessorImpl.java:62)
    at sun.reflect.DelegatingMethodAccessorImpl.invoke(DelegatingMethodAccessorImpl.java:43)

java.lang.AssertionError: expected:<0.003616820213530053> but was:<0.0036167797421054544>
    at org.junit.Assert.fail(Assert.java:88)
    at org.junit.Assert.failNotEquals(Assert.java:743)
    at org.junit.Assert.assertEquals(Assert.java:494)
    at org.junit.Assert.assertEquals(Assert.java:592)
    at org.apache.commons.math3.geometry.euclidean.threed.SphereGeneratorTest.testDegeneratedCase(SphereGeneratorTest.java:175)
    at sun.reflect.NativeMethodAccessorImpl.invoke0(Native Method)
09:17:42.326 [pool-23-thread-1] INFO  f.i.l.c.t.SpecificationTestCasesListener - Tests run finished (10 ms)
<> Total tests run: 1
<> Ignored tests: 0
<> Failed tests: 1
~ testDegeneratedCase(org.apache.commons.math3.geometry.euclidean.threed.SphereGeneratorTest)
[expected:<0.003616820213530053> but was:<0.0036167797421054544>]
java.lang.AssertionError: expected:<0.003616820213530053> but was:<0.0036167797421054544>    at org.junit.Assert.fail(Assert.java:88)
    at org.junit.Assert.failNotEquals(Assert.java:743)
    at org.junit.Assert.assertEquals(Assert.java:494)
    at org.junit.Assert.assertEquals(Assert.java:592)
    at org.apache.commons.math3.geometry.euclidean.threed.SphereGeneratorTest.testDegeneratedCase(SphereGeneratorTest.java:175)
    at sun.reflect.NativeMethodAccessorImpl.invoke0(Native Method)

java.lang.IndexOutOfBoundsException: Index: 2, Size: 2
    at java.util.ArrayList.rangeCheck(ArrayList.java:657)
    at java.util.ArrayList.get(ArrayList.java:433)
    at org.apache.commons.math3.geometry.euclidean.threed.SphereGenerator.ballOnSupport(SphereGenerator.java:30)
    at org.apache.commons.math3.geometry.enclosing.WelzlEncloser.moveToFrontBall(WelzlEncloser.java:128)
    at org.apache.commons.math3.geometry.enclosing.WelzlEncloser.moveToFrontBall(WelzlEncloser.java:139)
    at org.apache.commons.math3.geometry.enclosing.WelzlEncloser.pivotingBall(WelzlEncloser.java:101)
09:17:42.329 [pool-24-thread-1] INFO  f.i.l.c.t.SpecificationTestCasesListener - Tests run finished (1 ms)
<> Total tests run: 1
<> Ignored tests: 0
<> Failed tests: 1
~ testReducingBall(org.apache.commons.math3.geometry.enclosing.WelzlEncloser3DTest)
[Index: 2, Size: 2]
java.lang.IndexOutOfBoundsException: Index: 2, Size: 2    at java.util.ArrayList.rangeCheck(ArrayList.java:657)
    at java.util.ArrayList.get(ArrayList.java:433)
    at org.apache.commons.math3.geometry.euclidean.threed.SphereGenerator.ballOnSupport(SphereGenerator.java:30)
    at org.apache.commons.math3.geometry.enclosing.WelzlEncloser.moveToFrontBall(WelzlEncloser.java:128)
    at org.apache.commons.math3.geometry.enclosing.WelzlEncloser.moveToFrontBall(WelzlEncloser.java:139)
    at org.apache.commons.math3.geometry.enclosing.WelzlEncloser.pivotingBall(WelzlEncloser.java:101)

java.lang.AssertionError: expected:<0.003616820213530053> but was:<0.002310931512169626>
    at org.junit.Assert.fail(Assert.java:88)
    at org.junit.Assert.failNotEquals(Assert.java:743)
    at org.junit.Assert.assertEquals(Assert.java:494)
    at org.junit.Assert.assertEquals(Assert.java:592)
    at org.apache.commons.math3.geometry.euclidean.threed.SphereGeneratorTest.testDegeneratedCase(SphereGeneratorTest.java:175)
    at sun.reflect.NativeMethodAccessorImpl.invoke0(Native Method)
09:17:42.331 [pool-25-thread-1] INFO  f.i.l.c.t.SpecificationTestCasesListener - Tests run finished (1 ms)
<> Total tests run: 1
<> Ignored tests: 0
<> Failed tests: 1
~ testDegeneratedCase(org.apache.commons.math3.geometry.euclidean.threed.SphereGeneratorTest)
[expected:<0.003616820213530053> but was:<0.002310931512169626>]
java.lang.AssertionError: expected:<0.003616820213530053> but was:<0.002310931512169626>    at org.junit.Assert.fail(Assert.java:88)
    at org.junit.Assert.failNotEquals(Assert.java:743)
    at org.junit.Assert.assertEquals(Assert.java:494)
    at org.junit.Assert.assertEquals(Assert.java:592)
    at org.apache.commons.math3.geometry.euclidean.threed.SphereGeneratorTest.testDegeneratedCase(SphereGeneratorTest.java:175)
    at sun.reflect.NativeMethodAccessorImpl.invoke0(Native Method)

org.apache.commons.math3.exception.MathInternalError: illegal state: internal error, please fill a bug report at https://issues.apache.org/jira/browse/MATH
    at org.apache.commons.math3.geometry.enclosing.WelzlEncloser.pivotingBall(WelzlEncloser.java:104)
    at org.apache.commons.math3.geometry.enclosing.WelzlEncloser.enclose(WelzlEncloser.java:70)
    at org.apache.commons.math3.geometry.enclosing.WelzlEncloser3DTest.testReducingBall(WelzlEncloser3DTest.java:70)
    at sun.reflect.NativeMethodAccessorImpl.invoke0(Native Method)
    at sun.reflect.NativeMethodAccessorImpl.invoke(NativeMethodAccessorImpl.java:62)
    at sun.reflect.DelegatingMethodAccessorImpl.invoke(DelegatingMethodAccessorImpl.java:43)
09:17:42.343 [pool-26-thread-1] INFO  f.i.l.c.t.SpecificationTestCasesListener - Tests run finished (11 ms)
<> Total tests run: 1
<> Ignored tests: 0
<> Failed tests: 1
~ testReducingBall(org.apache.commons.math3.geometry.enclosing.WelzlEncloser3DTest)
[illegal state: internal error, please fill a bug report at https://issues.apache.org/jira/browse/MATH]
org.apache.commons.math3.exception.MathInternalError: illegal state: internal error, please fill a bug report at https://issues.apache.org/jira/browse/MATH    at org.apache.commons.math3.geometry.enclosing.WelzlEncloser.pivotingBall(WelzlEncloser.java:104)
    at org.apache.commons.math3.geometry.enclosing.WelzlEncloser.enclose(WelzlEncloser.java:70)
    at org.apache.commons.math3.geometry.enclosing.WelzlEncloser3DTest.testReducingBall(WelzlEncloser3DTest.java:70)
    at sun.reflect.NativeMethodAccessorImpl.invoke0(Native Method)
    at sun.reflect.NativeMethodAccessorImpl.invoke(NativeMethodAccessorImpl.java:62)
    at sun.reflect.DelegatingMethodAccessorImpl.invoke(DelegatingMethodAccessorImpl.java:43)

09:17:42.344 [pool-21-thread-1] DEBUG tests.output - Failing tests with false: 
[testDegeneratedCase(org.apache.commons.math3.geometry.euclidean.threed.SphereGeneratorTest): expected:<0.003616820213530053> but was:<0.0036167797421054544>, testReducingBall(org.apache.commons.math3.geometry.enclosing.WelzlEncloser3DTest): Index: 2, Size: 2]
09:17:42.344 [pool-21-thread-1] DEBUG tests.output - Failing tests with true: 
[testDegeneratedCase(org.apache.commons.math3.geometry.euclidean.threed.SphereGeneratorTest): expected:<0.003616820213530053> but was:<0.002310931512169626>, testReducingBall(org.apache.commons.math3.geometry.enclosing.WelzlEncloser3DTest): illegal state: internal error, please fill a bug report at https://issues.apache.org/jira/browse/MATH]
09:17:42.344 [pool-21-thread-1] INFO  f.i.l.r.n.synth.SMTNopolSynthesizer - Not enough specifications: 0. A trivial patch is "true" or "false", please write new tests specifying SourceLocation org.apache.commons.math3.geometry.euclidean.threed.SphereGenerator:46.
09:17:42.344 [pool-2-thread-1] DEBUG fr.inria.lille.repair.nopol.NoPol - statement #34
09:17:42.345 [pool-2-thread-1] DEBUG fr.inria.lille.repair.nopol.NoPol - Analysing SourceLocation org.apache.commons.math3.geometry.euclidean.threed.SphereGenerator:45 which is executed by 8 tests
416973159
09:17:42.476 [pool-2-thread-1] DEBUG fr.inria.lille.repair.nopol.NoPol - statement #35
09:17:42.476 [pool-2-thread-1] DEBUG fr.inria.lille.repair.nopol.NoPol - Analysing SourceLocation org.apache.commons.math3.exception.util.ExceptionContext:137 which is executed by 2 tests
-310961535
09:17:42.618 [pool-2-thread-1] DEBUG fr.inria.lille.repair.nopol.NoPol - statement #36
09:17:42.619 [pool-2-thread-1] DEBUG fr.inria.lille.repair.nopol.NoPol - Analysing SourceLocation org.apache.commons.math3.exception.MathIllegalStateException:86 which is executed by 2 tests
-614386291
09:17:42.750 [pool-2-thread-1] DEBUG fr.inria.lille.repair.nopol.NoPol - statement #37
09:17:42.750 [pool-2-thread-1] DEBUG fr.inria.lille.repair.nopol.NoPol - Analysing SourceLocation org.apache.commons.math3.geometry.euclidean.threed.SphereGenerator:42 which is executed by 9 tests
416973159
09:17:42.887 [pool-2-thread-1] DEBUG fr.inria.lille.repair.nopol.NoPol - looking with class fr.inria.lille.repair.nopol.spoon.smt.ConditionalAdder
java.lang.AssertionError: expected:<0.003616820213530053> but was:<0.0036167797421054544>
    at org.junit.Assert.fail(Assert.java:88)
    at org.junit.Assert.failNotEquals(Assert.java:743)
    at org.junit.Assert.assertEquals(Assert.java:494)
    at org.junit.Assert.assertEquals(Assert.java:592)
    at org.apache.commons.math3.geometry.euclidean.threed.SphereGeneratorTest.testDegeneratedCase(SphereGeneratorTest.java:175)
    at sun.reflect.NativeMethodAccessorImpl.invoke0(Native Method)
org.apache.commons.math3.exception.MathInternalError: illegal state: internal error, please fill a bug report at https://issues.apache.org/jira/browse/MATH
    at org.apache.commons.math3.geometry.enclosing.WelzlEncloser.pivotingBall(WelzlEncloser.java:104)
    at org.apache.commons.math3.geometry.enclosing.WelzlEncloser.enclose(WelzlEncloser.java:70)
    at org.apache.commons.math3.geometry.enclosing.WelzlEncloser3DTest.testReducingBall(WelzlEncloser3DTest.java:70)
    at sun.reflect.NativeMethodAccessorImpl.invoke0(Native Method)
    at sun.reflect.NativeMethodAccessorImpl.invoke(NativeMethodAccessorImpl.java:62)
    at sun.reflect.DelegatingMethodAccessorImpl.invoke(DelegatingMethodAccessorImpl.java:43)
09:17:42.992 [pool-28-thread-1] INFO  xxl.java.junit.TestCasesListener - Tests run finished (100 ms)
<> Total tests run: 12
<> Ignored tests: 0
<> Failed tests: 2
~ testDegeneratedCase(org.apache.commons.math3.geometry.euclidean.threed.SphereGeneratorTest)
[expected:<0.003616820213530053> but was:<0.0036167797421054544>]
java.lang.AssertionError: expected:<0.003616820213530053> but was:<0.0036167797421054544>    at org.junit.Assert.fail(Assert.java:88)
    at org.junit.Assert.failNotEquals(Assert.java:743)
    at org.junit.Assert.assertEquals(Assert.java:494)
    at org.junit.Assert.assertEquals(Assert.java:592)
    at org.apache.commons.math3.geometry.euclidean.threed.SphereGeneratorTest.testDegeneratedCase(SphereGeneratorTest.java:175)
    at sun.reflect.NativeMethodAccessorImpl.invoke0(Native Method)
~ testReducingBall(org.apache.commons.math3.geometry.enclosing.WelzlEncloser3DTest)
[illegal state: internal error, please fill a bug report at https://issues.apache.org/jira/browse/MATH]
org.apache.commons.math3.exception.MathInternalError: illegal state: internal error, please fill a bug report at https://issues.apache.org/jira/browse/MATH    at org.apache.commons.math3.geometry.enclosing.WelzlEncloser.pivotingBall(WelzlEncloser.java:104)
    at org.apache.commons.math3.geometry.enclosing.WelzlEncloser.enclose(WelzlEncloser.java:70)
    at org.apache.commons.math3.geometry.enclosing.WelzlEncloser3DTest.testReducingBall(WelzlEncloser3DTest.java:70)
    at sun.reflect.NativeMethodAccessorImpl.invoke0(Native Method)
    at sun.reflect.NativeMethodAccessorImpl.invoke(NativeMethodAccessorImpl.java:62)
    at sun.reflect.DelegatingMethodAccessorImpl.invoke(DelegatingMethodAccessorImpl.java:43)

09:17:43.182 [pool-27-thread-1] ERROR x.java.compiler.DynamicClassCompiler - [Compilation errors]
SphereGenerator.java:50: error: missing return statement
    }
    ^
09:17:43.184 [pool-27-thread-1] ERROR f.i.l.r.n.s.ConstraintModelBuilder - Unable to compile the change: 
public class SphereGenerator implements org.apache.commons.math3.geometry.enclosing.SupportBallGenerator<org.apache.commons.math3.geometry.euclidean.threed.Euclidean3D, org.apache.commons.math3.geometry.euclidean.threed.Vector3D> {
    public org.apache.commons.math3.geometry.enclosing.EnclosingBall<org.apache.commons.math3.geometry.euclidean.threed.Euclidean3D, org.apache.commons.math3.geometry.euclidean.threed.Vector3D> ballOnSupport(final java.util.List<org.apache.commons.math3.geometry.euclidean.threed.Vector3D> support) {
        if ((support.size()) < 1) {
            return new org.apache.commons.math3.geometry.enclosing.EnclosingBall<org.apache.commons.math3.geometry.euclidean.threed.Euclidean3D, org.apache.commons.math3.geometry.euclidean.threed.Vector3D>(org.apache.commons.math3.geometry.euclidean.threed.Vector3D.ZERO, (-1.0));
        }else {
            final org.apache.commons.math3.geometry.euclidean.threed.Vector3D vA = support.get(0);
            boolean spoonDefaultValue = false;
            try {
                spoonDefaultValue = true;
            } catch (java.lang.Exception __NopolProcessorException) {
            }
            boolean runtimeAngelicValue = fr.inria.lille.repair.nopol.synth.AngelicExecution.angelicValue(spoonDefaultValue);
            if (fr.inria.lille.commons.trace.RuntimeValues.instance(6).isEnabled()) {
                fr.inria.lille.commons.trace.RuntimeValues.instance(6).collectionStarts();
                try{fr.inria.lille.commons.trace.RuntimeValues.instance(6).collectInput("support",support);} catch (Exception ex1) {ex1.printStackTrace();};
                try{fr.inria.lille.commons.trace.RuntimeValues.instance(6).collectInput("2",2);} catch (Exception ex1) {ex1.printStackTrace();};
                try{fr.inria.lille.commons.trace.RuntimeValues.instance(6).collectInput("vA",vA);} catch (Exception ex1) {ex1.printStackTrace();};
                fr.inria.lille.commons.trace.RuntimeValues.instance(6).collectOutput(runtimeAngelicValue);
                fr.inria.lille.commons.trace.RuntimeValues.instance(6).collectionEnds();
            }
            if (runtimeAngelicValue) if ((support.size()) < 2) {
                return new org.apache.commons.math3.geometry.enclosing.EnclosingBall<org.apache.commons.math3.geometry.euclidean.threed.Euclidean3D, org.apache.commons.math3.geometry.euclidean.threed.Vector3D>(vA, 0, vA);
            }else {
                final org.apache.commons.math3.geometry.euclidean.threed.Vector3D vB = support.get(1);
                if ((support.size()) < 3) {
                    return new org.apache.commons.math3.geometry.enclosing.EnclosingBall<org.apache.commons.math3.geometry.euclidean.threed.Euclidean3D, org.apache.commons.math3.geometry.euclidean.threed.Vector3D>(new org.apache.commons.math3.geometry.euclidean.threed.Vector3D(0.5, vA, 0.5, vB), (0.5 * (vA.distance(vB))), vA, vB);
                }else {
                    final org.apache.commons.math3.geometry.euclidean.threed.Vector3D vC = support.get(2);
                    if ((support.size()) < 4) {
                        final org.apache.commons.math3.geometry.euclidean.threed.Plane p = new org.apache.commons.math3.geometry.euclidean.threed.Plane(vA, vB, vC, (1.0E-10 * (((vA.getNorm1()) + (vB.getNorm1())) + (vC.getNorm1()))));
                        final org.apache.commons.math3.geometry.enclosing.EnclosingBall<org.apache.commons.math3.geometry.euclidean.twod.Euclidean2D, org.apache.commons.math3.geometry.euclidean.twod.Vector2D> disk = new org.apache.commons.math3.geometry.euclidean.twod.DiskGenerator().ballOnSupport(java.util.Arrays.asList(p.toSubSpace(vA), p.toSubSpace(vB), p.toSubSpace(vC)));
                        return new org.apache.commons.math3.geometry.enclosing.EnclosingBall<org.apache.commons.math3.geometry.euclidean.threed.Euclidean3D, org.apache.commons.math3.geometry.euclidean.threed.Vector3D>(p.toSpace(disk.getCenter()), disk.getRadius(), vA, vB, vC);
                    }else {
                        final org.apache.commons.math3.geometry.euclidean.threed.Vector3D vD = support.get(3);
                        final double[] c1 = new double[]{ vA.getNormSq(), vB.getNormSq(), vC.getNormSq(), vD.getNormSq() };
                        final double[] c2 = new double[]{ vA.getX(), vB.getX(), vC.getX(), vD.getX() };
                        final double[] c3 = new double[]{ vA.getY(), vB.getY(), vC.getY(), vD.getY() };
                        final double[] c4 = new double[]{ vA.getZ(), vB.getZ(), vC.getZ(), vD.getZ() };
                        final double m11 = minor(c2, c3, c4);
                        final double m12 = minor(c1, c3, c4);
                        final double m13 = minor(c1, c2, c4);
                        final double m14 = minor(c1, c2, c3);
                        final org.apache.commons.math3.geometry.euclidean.threed.Vector3D center = new org.apache.commons.math3.geometry.euclidean.threed.Vector3D(((0.5 * m12) / m11), (((-0.5) * m13) / m11), ((0.5 * m14) / m11));
                        return new org.apache.commons.math3.geometry.enclosing.EnclosingBall<org.apache.commons.math3.geometry.euclidean.threed.Euclidean3D, org.apache.commons.math3.geometry.euclidean.threed.Vector3D>(center, center.distance(vA), vA, vB, vC, vD);
                    }
                }
            }
        }
    }

    private double minor(final double[] c1, final double[] c2, final double[] c3) {
        final double m01 = (c2[0]) * (c3[1]);
        final double m02 = (c2[0]) * (c3[2]);
        final double m03 = (c2[0]) * (c3[3]);
        final double m10 = (c2[1]) * (c3[0]);
        final double m12 = (c2[1]) * (c3[2]);
        final double m13 = (c2[1]) * (c3[3]);
        final double m20 = (c2[2]) * (c3[0]);
        final double m21 = (c2[2]) * (c3[1]);
        final double m23 = (c2[2]) * (c3[3]);
        final double m30 = (c2[3]) * (c3[0]);
        final double m31 = (c2[3]) * (c3[1]);
        final double m32 = (c2[3]) * (c3[2]);
        return org.apache.commons.math3.util.MathArrays.linearCombination(new double[]{ c1[2], c1[1], c1[3], -(c1[1]), -(c1[3]), -(c1[2]), c1[0], c1[3], c1[2], -(c1[3]), -(c1[0]), -(c1[2]), c1[1], c1[0], c1[3], -(c1[0]), -(c1[3]), -(c1[1]), c1[0], c1[2], c1[1], -(c1[2]), -(c1[0]), -(c1[1]) }, new double[]{ m13, m32, m21, m23, m12, m31, m23, m02, m30, m20, m32, m03, m03, m31, m10, m13, m01, m30, m12, m01, m20, m10, m21, m02 });
    }
}
09:17:43.185 [pool-2-thread-1] ERROR fr.inria.lille.repair.nopol.NoPol - Error ExecutionException java.util.concurrent.ExecutionException: xxl.java.compiler.DynamicCompilationException: Aborting: dynamic compilation failed
09:17:43.185 [pool-2-thread-1] DEBUG fr.inria.lille.repair.nopol.NoPol - looking with class fr.inria.lille.repair.nopol.spoon.smt.ConditionalReplacer
java.lang.AssertionError: expected:<0.003616820213530053> but was:<0.0036167797421054544>
    at org.junit.Assert.fail(Assert.java:88)
    at org.junit.Assert.failNotEquals(Assert.java:743)
    at org.junit.Assert.assertEquals(Assert.java:494)
    at org.junit.Assert.assertEquals(Assert.java:592)
    at org.apache.commons.math3.geometry.euclidean.threed.SphereGeneratorTest.testDegeneratedCase(SphereGeneratorTest.java:175)
    at sun.reflect.NativeMethodAccessorImpl.invoke0(Native Method)
org.apache.commons.math3.exception.MathInternalError: illegal state: internal error, please fill a bug report at https://issues.apache.org/jira/browse/MATH
    at org.apache.commons.math3.geometry.enclosing.WelzlEncloser.pivotingBall(WelzlEncloser.java:104)
    at org.apache.commons.math3.geometry.enclosing.WelzlEncloser.enclose(WelzlEncloser.java:70)
    at org.apache.commons.math3.geometry.enclosing.WelzlEncloser3DTest.testReducingBall(WelzlEncloser3DTest.java:70)
    at sun.reflect.NativeMethodAccessorImpl.invoke0(Native Method)
    at sun.reflect.NativeMethodAccessorImpl.invoke(NativeMethodAccessorImpl.java:62)
    at sun.reflect.DelegatingMethodAccessorImpl.invoke(DelegatingMethodAccessorImpl.java:43)
09:17:43.295 [pool-30-thread-1] INFO  xxl.java.junit.TestCasesListener - Tests run finished (101 ms)
<> Total tests run: 12
<> Ignored tests: 0
<> Failed tests: 2
~ testDegeneratedCase(org.apache.commons.math3.geometry.euclidean.threed.SphereGeneratorTest)
[expected:<0.003616820213530053> but was:<0.0036167797421054544>]
java.lang.AssertionError: expected:<0.003616820213530053> but was:<0.0036167797421054544>    at org.junit.Assert.fail(Assert.java:88)
    at org.junit.Assert.failNotEquals(Assert.java:743)
    at org.junit.Assert.assertEquals(Assert.java:494)
    at org.junit.Assert.assertEquals(Assert.java:592)
    at org.apache.commons.math3.geometry.euclidean.threed.SphereGeneratorTest.testDegeneratedCase(SphereGeneratorTest.java:175)
    at sun.reflect.NativeMethodAccessorImpl.invoke0(Native Method)
~ testReducingBall(org.apache.commons.math3.geometry.enclosing.WelzlEncloser3DTest)
[illegal state: internal error, please fill a bug report at https://issues.apache.org/jira/browse/MATH]
org.apache.commons.math3.exception.MathInternalError: illegal state: internal error, please fill a bug report at https://issues.apache.org/jira/browse/MATH    at org.apache.commons.math3.geometry.enclosing.WelzlEncloser.pivotingBall(WelzlEncloser.java:104)
    at org.apache.commons.math3.geometry.enclosing.WelzlEncloser.enclose(WelzlEncloser.java:70)
    at org.apache.commons.math3.geometry.enclosing.WelzlEncloser3DTest.testReducingBall(WelzlEncloser3DTest.java:70)
    at sun.reflect.NativeMethodAccessorImpl.invoke0(Native Method)
    at sun.reflect.NativeMethodAccessorImpl.invoke(NativeMethodAccessorImpl.java:62)
    at sun.reflect.DelegatingMethodAccessorImpl.invoke(DelegatingMethodAccessorImpl.java:43)

java.lang.AssertionError: expected:<0.003616820213530053> but was:<0.0036167797421054544>
    at org.junit.Assert.fail(Assert.java:88)
    at org.junit.Assert.failNotEquals(Assert.java:743)
    at org.junit.Assert.assertEquals(Assert.java:494)
    at org.junit.Assert.assertEquals(Assert.java:592)
    at org.apache.commons.math3.geometry.euclidean.threed.SphereGeneratorTest.testDegeneratedCase(SphereGeneratorTest.java:175)
    at sun.reflect.NativeMethodAccessorImpl.invoke0(Native Method)
09:17:43.503 [pool-31-thread-1] INFO  f.i.l.c.t.SpecificationTestCasesListener - Tests run finished (10 ms)
<> Total tests run: 1
<> Ignored tests: 0
<> Failed tests: 1
~ testDegeneratedCase(org.apache.commons.math3.geometry.euclidean.threed.SphereGeneratorTest)
[expected:<0.003616820213530053> but was:<0.0036167797421054544>]
java.lang.AssertionError: expected:<0.003616820213530053> but was:<0.0036167797421054544>    at org.junit.Assert.fail(Assert.java:88)
    at org.junit.Assert.failNotEquals(Assert.java:743)
    at org.junit.Assert.assertEquals(Assert.java:494)
    at org.junit.Assert.assertEquals(Assert.java:592)
    at org.apache.commons.math3.geometry.euclidean.threed.SphereGeneratorTest.testDegeneratedCase(SphereGeneratorTest.java:175)
    at sun.reflect.NativeMethodAccessorImpl.invoke0(Native Method)

java.lang.IndexOutOfBoundsException: Index: 1, Size: 1
    at java.util.ArrayList.rangeCheck(ArrayList.java:657)
    at java.util.ArrayList.get(ArrayList.java:433)
    at org.apache.commons.math3.geometry.euclidean.threed.SphereGenerator.ballOnSupport(SphereGenerator.java:25)
    at org.apache.commons.math3.geometry.enclosing.WelzlEncloser.moveToFrontBall(WelzlEncloser.java:128)
    at org.apache.commons.math3.geometry.enclosing.WelzlEncloser.moveToFrontBall(WelzlEncloser.java:139)
    at org.apache.commons.math3.geometry.enclosing.WelzlEncloser.pivotingBall(WelzlEncloser.java:86)
09:17:43.506 [pool-32-thread-1] INFO  f.i.l.c.t.SpecificationTestCasesListener - Tests run finished (2 ms)
<> Total tests run: 1
<> Ignored tests: 0
<> Failed tests: 1
~ testReducingBall(org.apache.commons.math3.geometry.enclosing.WelzlEncloser3DTest)
[Index: 1, Size: 1]
java.lang.IndexOutOfBoundsException: Index: 1, Size: 1    at java.util.ArrayList.rangeCheck(ArrayList.java:657)
    at java.util.ArrayList.get(ArrayList.java:433)
    at org.apache.commons.math3.geometry.euclidean.threed.SphereGenerator.ballOnSupport(SphereGenerator.java:25)
    at org.apache.commons.math3.geometry.enclosing.WelzlEncloser.moveToFrontBall(WelzlEncloser.java:128)
    at org.apache.commons.math3.geometry.enclosing.WelzlEncloser.moveToFrontBall(WelzlEncloser.java:139)
    at org.apache.commons.math3.geometry.enclosing.WelzlEncloser.pivotingBall(WelzlEncloser.java:86)

java.lang.AssertionError: expected:<0.003616820213530053> but was:<0.0>
    at org.junit.Assert.fail(Assert.java:88)
    at org.junit.Assert.failNotEquals(Assert.java:743)
    at org.junit.Assert.assertEquals(Assert.java:494)
    at org.junit.Assert.assertEquals(Assert.java:592)
    at org.apache.commons.math3.geometry.euclidean.threed.SphereGeneratorTest.testDegeneratedCase(SphereGeneratorTest.java:175)
    at sun.reflect.NativeMethodAccessorImpl.invoke0(Native Method)
09:17:43.507 [pool-33-thread-1] INFO  f.i.l.c.t.SpecificationTestCasesListener - Tests run finished (0 ms)
<> Total tests run: 1
<> Ignored tests: 0
<> Failed tests: 1
~ testDegeneratedCase(org.apache.commons.math3.geometry.euclidean.threed.SphereGeneratorTest)
[expected:<0.003616820213530053> but was:<0.0>]
java.lang.AssertionError: expected:<0.003616820213530053> but was:<0.0>    at org.junit.Assert.fail(Assert.java:88)
    at org.junit.Assert.failNotEquals(Assert.java:743)
    at org.junit.Assert.assertEquals(Assert.java:494)
    at org.junit.Assert.assertEquals(Assert.java:592)
    at org.apache.commons.math3.geometry.euclidean.threed.SphereGeneratorTest.testDegeneratedCase(SphereGeneratorTest.java:175)
    at sun.reflect.NativeMethodAccessorImpl.invoke0(Native Method)

09:21:53.656 [pool-29-thread-1] DEBUG xxl.java.junit.TestSuiteExecution - Timeout after 200 seconds. Infinite loop?
09:23:18.143 [pool-2-thread-1] ERROR fr.inria.lille.repair.nopol.NoPol - Error ExecutionException java.util.concurrent.ExecutionException: java.lang.RuntimeException: java.util.concurrent.TimeoutException
09:23:54.450 [pool-2-thread-1] DEBUG fr.inria.lille.repair.nopol.NoPol - statement #38
09:24:59.193 [pool-2-thread-1] DEBUG fr.inria.lille.repair.nopol.NoPol - Analysing SourceLocation org.apache.commons.math3.geometry.euclidean.threed.SphereGenerator:41 which is executed by 9 tests
java.util.concurrent.ExecutionException: java.lang.OutOfMemoryError: Java heap space
	at java.util.concurrent.FutureTask.report(FutureTask.java:122)
	at java.util.concurrent.FutureTask.get(FutureTask.java:206)
	at fr.inria.lille.repair.Main.main(Main.java:106)
Caused by: java.lang.OutOfMemoryError: Java heap space
	at java.lang.StringCoding$StringEncoder.encode(StringCoding.java:300)
	at java.lang.StringCoding.encode(StringCoding.java:344)
	at java.lang.String.getBytes(String.java:918)
	at java.io.UnixFileSystem.getBooleanAttributes0(Native Method)
	at java.io.UnixFileSystem.getBooleanAttributes(UnixFileSystem.java:242)
	at java.io.File.isFile(File.java:882)
	at spoon.support.compiler.FileSystemFolder.getSubFolders(FileSystemFolder.java:86)
	at spoon.support.compiler.FileSystemFolder.getAllJavaFiles(FileSystemFolder.java:113)
	at spoon.support.compiler.FileSystemFolder.getAllJavaFiles(FileSystemFolder.java:114)
	at spoon.support.compiler.FileSystemFolder.getAllJavaFiles(FileSystemFolder.java:114)
	at spoon.support.compiler.FileSystemFolder.getAllJavaFiles(FileSystemFolder.java:114)
	at spoon.support.compiler.FileSystemFolder.getAllJavaFiles(FileSystemFolder.java:114)
	at spoon.support.compiler.FileSystemFolder.getAllJavaFiles(FileSystemFolder.java:114)
	at spoon.support.compiler.FileSystemFolder.getAllJavaFiles(FileSystemFolder.java:114)
	at spoon.support.StandardEnvironment.verifySourceClasspath(StandardEnvironment.java:444)
	at spoon.support.StandardEnvironment.setSourceClasspath(StandardEnvironment.java:428)
	at spoon.support.compiler.jdt.JDTBasedSpoonCompiler.setSourceClasspath(JDTBasedSpoonCompiler.java:321)
	at fr.inria.lille.commons.spoon.util.SpoonModelLibrary.modelFor(SpoonModelLibrary.java:47)
	at fr.inria.lille.commons.spoon.SpoonedFile.<init>(SpoonedFile.java:61)
	at fr.inria.lille.commons.spoon.SpoonedClass.<init>(SpoonedClass.java:14)
	at fr.inria.lille.commons.spoon.SpoonedProject.forked(SpoonedProject.java:47)
	at fr.inria.lille.repair.nopol.NoPol.runOnStatement(NoPol.java:222)
	at fr.inria.lille.repair.nopol.NoPol.solveWithMultipleBuild(NoPol.java:213)
	at fr.inria.lille.repair.nopol.NoPol.build(NoPol.java:154)
	at fr.inria.lille.repair.Main$1.call(Main.java:101)
	at java.util.concurrent.FutureTask.run(FutureTask.java:266)
	at java.util.concurrent.ThreadPoolExecutor.runWorker(ThreadPoolExecutor.java:1149)
	at java.util.concurrent.ThreadPoolExecutor$Worker.run(ThreadPoolExecutor.java:624)
	at java.lang.Thread.run(Thread.java:748)

Usage: java -jar nopol.jar
                          [(-m|--mode) <repair|ranking>] (-e|--type) <condition|precondition|pre_then_cond|loop|arithmetic> [(-o|--oracle) <angelic|symbolic>] [(-y|--synthesis) <smt|dynamoth>] [(-l|--solver) <z3|cvc4>] [(-p|--solver-path) <solverPath>] (-s|--source) source1:source2:...:sourceN  (-c|--classpath) <classpath> [(-t|--test) test1:test2:...:testN ] [--complianceLevel <complianceLevel>] [--maxTime <maxTime>] [--maxTimeType <maxTimeType>] [(-z|--flocal) < cocospoon|dumb|gzoltar>] [--output <outputFolder>] [--json[:<outputJson>]]

  [(-m|--mode) <repair|ranking>]
        Define the mode of execution. (default: repair)

  (-e|--type) <condition|precondition|pre_then_cond|loop|arithmetic>
        The repair type (example fixing only conditions, or adding
        precondition). REQUIRED OPTION (default: condition)

  [(-o|--oracle) <angelic|symbolic>]
        Define the oracle (only used with repair mode). (default: angelic)

  [(-y|--synthesis) <smt|dynamoth>]
        Define the patch synthesis. (default: smt)

  [(-l|--solver) <z3|cvc4>]
        Define the solver (only used with smt synthesis). (default: z3)

  [(-p|--solver-path) <solverPath>]
        Define the solver binary path (only used with smt synthesis).

  (-s|--source) source1:source2:...:sourceN 
        Define the path to the source code of the project.

  (-c|--classpath) <classpath>
        Define the classpath of the project.

  [(-t|--test) test1:test2:...:testN ]
        Define the tests of the project (both failing and passing),
        fully-qualified, separated with ':' (even if the classpath contains
        other tests, only those are considered.

  [--complianceLevel <complianceLevel>]
        The compliance level of the project. (default: 7)

  [--maxTime <maxTime>]
        The maximum time execution in minute for the whole execution of
        Nopol.(default: 10)

  [--maxTimeType <maxTimeType>]
        The maximum time execution in minute for one type of patch. (default: 5)

  [(-z|--flocal) < cocospoon|dumb|gzoltar>]
        Define the fault localizer to be used. (default: gzoltar)

  [--output <outputFolder>]
        Define the location where the patches will be saved. (default: .)

  [--json[:<outputJson>]]
        Output a json file in the current working directory.

Command exited with non-zero status 255
10102.72user 11.09system 46:56.21elapsed 359%CPU (0avgtext+0avgdata 4533744maxresident)k
39104inputs+9000outputs (3major+1456304minor)pagefaults 0swaps


Node: graphene-35.nancy.grid5000.fr



Date: Sat Dec 29 09:58:42 EST 2018

