cd /tmp/Cardumen_Defects4J_Time_9;
export JAVA_TOOL_OPTIONS="-Dfile.encoding=UTF8 -Duser.language=en-US -Duser.country=US -Duser.language=en";
TZ="America/New_York"; export TZ;
export PATH="/usr/lib/jvm/java-1.8.0-openjdk-amd64/bin/:$PATH";
export JAVA_HOME="/usr/lib/jvm/java-1.8.0-openjdk-amd64/bin/";
time java -Xmx4048m -cp /home/tdurieux/RepairThemAll/script/../libs/jtestex7.jar:/home/tdurieux/RepairThemAll/script/../repair_tools/astor.jar fr.inria.main.evolution.AstorMain \
	-mode cardumen \
	-location . \
	-id Time-9 \
	-failing org.joda.time.TestDateTimeZone \
	-jvm4testexecution /home/tdurieux/openjdk-1.7.0/bin/ \
	-jvm4evosuitetestexecution /home/tdurieux/openjdk-1.7.0/bin/ \
	-maxgen 1000000 \
	-maxtime 120 \
	-stopfirst true \
	-seed 0 \
	-scope local \
	-population 1 \
	-javacompliancelevel 5 \
	-srcjavafolder src/main/java/ \
	-srctestfolder src/test/java/ \
	-binjavafolder target/classes/ \
	-bintestfolder target/test-classes/ \
	-parameters x:x \
	-dependencies /tmp/Cardumen_Defects4J_Time_9/target/classes/:/tmp/Cardumen_Defects4J_Time_9/target/test-classes/:/home/tdurieux/RepairThemAll/script/../benchmarks/defects4j/framework/projects/Time/lib/joda-convert-1.2.jar:/home/tdurieux/RepairThemAll/script/../benchmarks/defects4j/framework/projects/Time/lib/junit-3.8.2.jar:/home/tdurieux/RepairThemAll/script/../benchmarks/defects4j/framework/projects/Time/lib/org/joda/joda-convert/1.2/joda-convert-1.2.jar:/home/tdurieux/RepairThemAll/script/../benchmarks/defects4j/framework/projects/Time/lib/junit/junit/3.8.2/junit-3.8.2.jar;
	echo "\n\nNode: `hostname`\n";
	echo "\n\nDate: `date`\n";
Picked up JAVA_TOOL_OPTIONS: -Dfile.encoding=UTF8 -Duser.language=en-US -Duser.country=US -Duser.language=en
2018-12-28 06:14:44,614 INFO main - command line arguments: [-mode  cardumen  -location  .  -id  Time-9  -failing  org.joda.time.TestDateTimeZone  -jvm4testexecution  /home/tdurieux/openjdk-1.7.0/bin/  -jvm4evosuitetestexecution  /home/tdurieux/openjdk-1.7.0/bin/  -maxgen  1000000  -maxtime  120  -stopfirst  true  -seed  0  -scope  local  -population  1  -javacompliancelevel  5  -srcjavafolder  src/main/java/  -srctestfolder  src/test/java/  -binjavafolder  target/classes/  -bintestfolder  target/test-classes/  -parameters  x:x  -dependencies  /tmp/Cardumen_Defects4J_Time_9/target/classes/:/tmp/Cardumen_Defects4J_Time_9/target/test-classes/:/home/tdurieux/RepairThemAll/script/../benchmarks/defects4j/framework/projects/Time/lib/joda-convert-1.2.jar:/home/tdurieux/RepairThemAll/script/../benchmarks/defects4j/framework/projects/Time/lib/junit-3.8.2.jar:/home/tdurieux/RepairThemAll/script/../benchmarks/defects4j/framework/projects/Time/lib/org/joda/joda-convert/1.2/joda-convert-1.2.jar:/home/tdurieux/RepairThemAll/script/../benchmarks/defects4j/framework/projects/Time/lib/junit/junit/3.8.2/junit-3.8.2.jar]
2018-12-28 06:14:44,616 INFO fr.inria.main.evolution.AstorMain - Running Astor on a JDK at /usr/lib/jvm/java-8-openjdk-amd64/jre
[INFO ] fr.inria.main.AbstractMain.determineSourceFolders(AbstractMain.java:842) - Source folders: [/tmp/Cardumen_Defects4J_Time_9/./src/main/java]
[INFO ] fr.inria.main.AbstractMain.determineSourceFolders(AbstractMain.java:861) - Source Test folders: [/tmp/Cardumen_Defects4J_Time_9/./src/test/java]
[INFO ] fr.inria.astor.core.faultlocalization.gzoltar.GZoltarFaultLocalization.calculateSuspicious(GZoltarFaultLocalization.java:75) - -Executing Gzoltar classpath: /tmp/Cardumen_Defects4J_Time_9/./output_astor/AstorMain-Time-9//bin//default from 262 classes with test cases
[INFO ] fr.inria.astor.core.faultlocalization.gzoltar.GZoltarFaultLocalization.searchSuspicious(GZoltarFaultLocalization.java:149) - Gzoltar fault localization: min susp value parameter: 0.1
[INFO ] fr.inria.astor.core.faultlocalization.gzoltar.GZoltarFaultLocalization.searchSuspicious(GZoltarFaultLocalization.java:169) - -gz-Adding classpath: [/home/tdurieux/RepairThemAll/script/../benchmarks/defects4j/framework/projects/Time/lib/org/joda/joda-convert/1.2/joda-convert-1.2.jar, /tmp/Cardumen_Defects4J_Time_9/./output_astor/AstorMain-Time-9//bin//default, /tmp/Cardumen_Defects4J_Time_9/target/classes/, /home/tdurieux/RepairThemAll/script/../benchmarks/defects4j/framework/projects/Time/lib/junit/junit/3.8.2/junit-3.8.2.jar, /home/tdurieux/RepairThemAll/script/../benchmarks/defects4j/framework/projects/Time/lib/joda-convert-1.2.jar, /home/tdurieux/RepairThemAll/script/../benchmarks/defects4j/framework/projects/Time/lib/junit-3.8.2.jar, /tmp/Cardumen_Defects4J_Time_9/target/test-classes/]
[INFO ] fr.inria.astor.core.faultlocalization.gzoltar.GZoltarFaultLocalization.searchSuspicious(GZoltarFaultLocalization.java:206) - Test failt: org.joda.time.TestSerialization#testSerializedMutableDateTime
[INFO ] fr.inria.astor.core.faultlocalization.gzoltar.GZoltarFaultLocalization.searchSuspicious(GZoltarFaultLocalization.java:206) - Test failt: org.joda.time.TestSerialization#testSerializedGJChronologyChangedInternals
[INFO ] fr.inria.astor.core.faultlocalization.gzoltar.GZoltarFaultLocalization.searchSuspicious(GZoltarFaultLocalization.java:206) - Test failt: org.joda.time.TestSerialization#testDuration
[INFO ] fr.inria.astor.core.faultlocalization.gzoltar.GZoltarFaultLocalization.searchSuspicious(GZoltarFaultLocalization.java:206) - Test failt: org.joda.time.TestSerialization#testSerializedISOChronology
[INFO ] fr.inria.astor.core.faultlocalization.gzoltar.GZoltarFaultLocalization.searchSuspicious(GZoltarFaultLocalization.java:206) - Test failt: org.joda.time.TestSerialization#testSerializedBuddhistChronology
[INFO ] fr.inria.astor.core.faultlocalization.gzoltar.GZoltarFaultLocalization.searchSuspicious(GZoltarFaultLocalization.java:206) - Test failt: org.joda.time.TestSerialization#testSerializedDateTimeProperty
[INFO ] fr.inria.astor.core.faultlocalization.gzoltar.GZoltarFaultLocalization.searchSuspicious(GZoltarFaultLocalization.java:206) - Test failt: org.joda.time.TestSerialization#testSerializedPeriodType
[INFO ] fr.inria.astor.core.faultlocalization.gzoltar.GZoltarFaultLocalization.searchSuspicious(GZoltarFaultLocalization.java:206) - Test failt: org.joda.time.TestSerialization#testSerializedJulianChronology
[INFO ] fr.inria.astor.core.faultlocalization.gzoltar.GZoltarFaultLocalization.searchSuspicious(GZoltarFaultLocalization.java:206) - Test failt: org.joda.time.TestSerialization#testSerializedDateTimeFieldType
[INFO ] fr.inria.astor.core.faultlocalization.gzoltar.GZoltarFaultLocalization.searchSuspicious(GZoltarFaultLocalization.java:206) - Test failt: org.joda.time.TestSerialization#testSerializedYearMonthDay
[INFO ] fr.inria.astor.core.faultlocalization.gzoltar.GZoltarFaultLocalization.searchSuspicious(GZoltarFaultLocalization.java:206) - Test failt: org.joda.time.TestSerialization#testSerializedMutableDateTimeProperty
[INFO ] fr.inria.astor.core.faultlocalization.gzoltar.GZoltarFaultLocalization.searchSuspicious(GZoltarFaultLocalization.java:206) - Test failt: org.joda.time.TestSerialization#testSerializedGregorianChronology
[INFO ] fr.inria.astor.core.faultlocalization.gzoltar.GZoltarFaultLocalization.searchSuspicious(GZoltarFaultLocalization.java:206) - Test failt: org.joda.time.TestSerialization#testSerializedDateTime
[INFO ] fr.inria.astor.core.faultlocalization.gzoltar.GZoltarFaultLocalization.searchSuspicious(GZoltarFaultLocalization.java:206) - Test failt: org.joda.time.TestSerialization#testSerializedLocalDate
[INFO ] fr.inria.astor.core.faultlocalization.gzoltar.GZoltarFaultLocalization.searchSuspicious(GZoltarFaultLocalization.java:206) - Test failt: org.joda.time.TestSerialization#testSerializedLocalTime
[INFO ] fr.inria.astor.core.faultlocalization.gzoltar.GZoltarFaultLocalization.searchSuspicious(GZoltarFaultLocalization.java:206) - Test failt: org.joda.time.TestSerialization#testSerializedUnsupportedDateTimeField
[INFO ] fr.inria.astor.core.faultlocalization.gzoltar.GZoltarFaultLocalization.searchSuspicious(GZoltarFaultLocalization.java:206) - Test failt: org.joda.time.TestSerialization#testSerializedDateTimeZone
[INFO ] fr.inria.astor.core.faultlocalization.gzoltar.GZoltarFaultLocalization.searchSuspicious(GZoltarFaultLocalization.java:206) - Test failt: org.joda.time.TestSerialization#testSerializedCopticChronology
[INFO ] fr.inria.astor.core.faultlocalization.gzoltar.GZoltarFaultLocalization.searchSuspicious(GZoltarFaultLocalization.java:206) - Test failt: org.joda.time.TestSerialization#testSerializedLocalDateBuddhist
[INFO ] fr.inria.astor.core.faultlocalization.gzoltar.GZoltarFaultLocalization.searchSuspicious(GZoltarFaultLocalization.java:206) - Test failt: org.joda.time.TestSerialization#testSerializedDateMidnight
[INFO ] fr.inria.astor.core.faultlocalization.gzoltar.GZoltarFaultLocalization.searchSuspicious(GZoltarFaultLocalization.java:206) - Test failt: org.joda.time.TestSerialization#testSerializedGJChronology
[INFO ] fr.inria.astor.core.faultlocalization.gzoltar.GZoltarFaultLocalization.searchSuspicious(GZoltarFaultLocalization.java:206) - Test failt: org.joda.time.TestSerialization#testSerializedDateTimeZoneUTC
[INFO ] fr.inria.astor.core.faultlocalization.gzoltar.GZoltarFaultLocalization.searchSuspicious(GZoltarFaultLocalization.java:206) - Test failt: org.joda.time.TestSerialization#testSerializedInstant
[INFO ] fr.inria.astor.core.faultlocalization.gzoltar.GZoltarFaultLocalization.searchSuspicious(GZoltarFaultLocalization.java:206) - Test failt: org.joda.time.TestSerialization#testSerializedLocalDateTime
[INFO ] fr.inria.astor.core.faultlocalization.gzoltar.GZoltarFaultLocalization.searchSuspicious(GZoltarFaultLocalization.java:206) - Test failt: org.joda.time.TestSerialization#testSerializedTimeOfDay
[INFO ] fr.inria.astor.core.faultlocalization.gzoltar.GZoltarFaultLocalization.searchSuspicious(GZoltarFaultLocalization.java:206) - Test failt: org.joda.time.TestSerialization#testSerializedDateMidnightProperty
[INFO ] fr.inria.astor.core.faultlocalization.gzoltar.GZoltarFaultLocalization.searchSuspicious(GZoltarFaultLocalization.java:206) - Test failt: org.joda.time.format.TestDateTimeFormatter#testZoneShortNameNearTransition
[INFO ] fr.inria.astor.core.faultlocalization.gzoltar.GZoltarFaultLocalization.searchSuspicious(GZoltarFaultLocalization.java:206) - Test failt: org.joda.time.format.TestDateTimeFormatter#testZoneNameNearTransition
[INFO ] fr.inria.astor.core.faultlocalization.gzoltar.GZoltarFaultLocalization.searchSuspicious(GZoltarFaultLocalization.java:206) - Test failt: org.joda.time.format.TestDateTimeFormatter#testZoneShortNameNearTransition
[INFO ] fr.inria.astor.core.faultlocalization.gzoltar.GZoltarFaultLocalization.searchSuspicious(GZoltarFaultLocalization.java:206) - Test failt: org.joda.time.format.TestDateTimeFormatter#testZoneNameNearTransition
[INFO ] fr.inria.astor.core.faultlocalization.gzoltar.GZoltarFaultLocalization.searchSuspicious(GZoltarFaultLocalization.java:206) - Test failt: org.joda.time.format.TestDateTimeFormat#testFormat_zoneText
[INFO ] fr.inria.astor.core.faultlocalization.gzoltar.GZoltarFaultLocalization.searchSuspicious(GZoltarFaultLocalization.java:206) - Test failt: org.joda.time.format.TestDateTimeFormat#testFormat_zoneLongText
[INFO ] fr.inria.astor.core.faultlocalization.gzoltar.GZoltarFaultLocalization.searchSuspicious(GZoltarFaultLocalization.java:206) - Test failt: org.joda.time.format.TestDateTimeFormatStyle#testForStyle_fullDateTime
[INFO ] fr.inria.astor.core.faultlocalization.gzoltar.GZoltarFaultLocalization.searchSuspicious(GZoltarFaultLocalization.java:206) - Test failt: org.joda.time.format.TestDateTimeFormatStyle#testForStyle_mediumLongDateTime
[INFO ] fr.inria.astor.core.faultlocalization.gzoltar.GZoltarFaultLocalization.searchSuspicious(GZoltarFaultLocalization.java:206) - Test failt: org.joda.time.format.TestDateTimeFormatStyle#testForStyle_fullTime
[INFO ] fr.inria.astor.core.faultlocalization.gzoltar.GZoltarFaultLocalization.searchSuspicious(GZoltarFaultLocalization.java:206) - Test failt: org.joda.time.format.TestDateTimeFormatStyle#testForStyle_shortLongDateTime
[INFO ] fr.inria.astor.core.faultlocalization.gzoltar.GZoltarFaultLocalization.searchSuspicious(GZoltarFaultLocalization.java:206) - Test failt: org.joda.time.format.TestDateTimeFormatStyle#testForStyle_longTime
[INFO ] fr.inria.astor.core.faultlocalization.gzoltar.GZoltarFaultLocalization.searchSuspicious(GZoltarFaultLocalization.java:206) - Test failt: org.joda.time.format.TestDateTimeFormatStyle#testForStyle_mediumFullDateTime
[INFO ] fr.inria.astor.core.faultlocalization.gzoltar.GZoltarFaultLocalization.searchSuspicious(GZoltarFaultLocalization.java:206) - Test failt: org.joda.time.format.TestDateTimeFormatStyle#testForStyle_shortFullDateTime
[INFO ] fr.inria.astor.core.faultlocalization.gzoltar.GZoltarFaultLocalization.searchSuspicious(GZoltarFaultLocalization.java:206) - Test failt: org.joda.time.format.TestDateTimeFormatStyle#testForStyle_longDateTime
[INFO ] fr.inria.astor.core.faultlocalization.gzoltar.GZoltarFaultLocalization.searchSuspicious(GZoltarFaultLocalization.java:206) - Test failt: org.joda.time.format.TestDateTimeFormatterBuilder#test_printParseLongName
[INFO ] fr.inria.astor.core.faultlocalization.gzoltar.GZoltarFaultLocalization.searchSuspicious(GZoltarFaultLocalization.java:206) - Test failt: org.joda.time.format.TestDateTimeFormatterBuilder#test_printParseShortNameWithAutoLookup
[INFO ] fr.inria.astor.core.faultlocalization.gzoltar.GZoltarFaultLocalization.searchSuspicious(GZoltarFaultLocalization.java:206) - Test failt: org.joda.time.format.TestDateTimeFormatterBuilder#test_printParseLongNameWithLookup
[INFO ] fr.inria.astor.core.faultlocalization.gzoltar.GZoltarFaultLocalization.searchSuspicious(GZoltarFaultLocalization.java:206) - Test failt: org.joda.time.format.TestDateTimeFormatterBuilder#test_printParseShortNameWithLookup
[INFO ] fr.inria.astor.core.faultlocalization.gzoltar.GZoltarFaultLocalization.searchSuspicious(GZoltarFaultLocalization.java:206) - Test failt: org.joda.time.format.TestDateTimeFormatterBuilder#test_printParseShortName
[INFO ] fr.inria.astor.core.faultlocalization.gzoltar.GZoltarFaultLocalization.searchSuspicious(GZoltarFaultLocalization.java:206) - Test failt: org.joda.time.TestDateTimeZone#testGetName_berlin
[INFO ] fr.inria.astor.core.faultlocalization.gzoltar.GZoltarFaultLocalization.searchSuspicious(GZoltarFaultLocalization.java:206) - Test failt: org.joda.time.TestDateTimeZone#testGetShortName
[INFO ] fr.inria.astor.core.faultlocalization.gzoltar.GZoltarFaultLocalization.searchSuspicious(GZoltarFaultLocalization.java:206) - Test failt: org.joda.time.TestDateTimeZone#testGetName
[INFO ] fr.inria.astor.core.faultlocalization.gzoltar.GZoltarFaultLocalization.searchSuspicious(GZoltarFaultLocalization.java:206) - Test failt: org.joda.time.TestDateTimeZone#testForOffsetHoursMinutes_int_int
[INFO ] fr.inria.astor.core.faultlocalization.gzoltar.GZoltarFaultLocalization.searchSuspicious(GZoltarFaultLocalization.java:206) - Test failt: org.joda.time.TestDateTimeZone#testGetShortName_berlin
[INFO ] fr.inria.astor.core.faultlocalization.gzoltar.GZoltarFaultLocalization.searchSuspicious(GZoltarFaultLocalization.java:206) - Test failt: org.joda.time.TestSerialization#testSerializedMutableDateTime
[INFO ] fr.inria.astor.core.faultlocalization.gzoltar.GZoltarFaultLocalization.searchSuspicious(GZoltarFaultLocalization.java:206) - Test failt: org.joda.time.TestSerialization#testSerializedGJChronologyChangedInternals
[INFO ] fr.inria.astor.core.faultlocalization.gzoltar.GZoltarFaultLocalization.searchSuspicious(GZoltarFaultLocalization.java:206) - Test failt: org.joda.time.TestSerialization#testDuration
[INFO ] fr.inria.astor.core.faultlocalization.gzoltar.GZoltarFaultLocalization.searchSuspicious(GZoltarFaultLocalization.java:206) - Test failt: org.joda.time.TestSerialization#testSerializedISOChronology
[INFO ] fr.inria.astor.core.faultlocalization.gzoltar.GZoltarFaultLocalization.searchSuspicious(GZoltarFaultLocalization.java:206) - Test failt: org.joda.time.TestSerialization#testSerializedBuddhistChronology
[INFO ] fr.inria.astor.core.faultlocalization.gzoltar.GZoltarFaultLocalization.searchSuspicious(GZoltarFaultLocalization.java:206) - Test failt: org.joda.time.TestSerialization#testSerializedDateTimeProperty
[INFO ] fr.inria.astor.core.faultlocalization.gzoltar.GZoltarFaultLocalization.searchSuspicious(GZoltarFaultLocalization.java:206) - Test failt: org.joda.time.TestSerialization#testSerializedPeriodType
[INFO ] fr.inria.astor.core.faultlocalization.gzoltar.GZoltarFaultLocalization.searchSuspicious(GZoltarFaultLocalization.java:206) - Test failt: org.joda.time.TestSerialization#testSerializedJulianChronology
[INFO ] fr.inria.astor.core.faultlocalization.gzoltar.GZoltarFaultLocalization.searchSuspicious(GZoltarFaultLocalization.java:206) - Test failt: org.joda.time.TestSerialization#testSerializedDateTimeFieldType
[INFO ] fr.inria.astor.core.faultlocalization.gzoltar.GZoltarFaultLocalization.searchSuspicious(GZoltarFaultLocalization.java:206) - Test failt: org.joda.time.TestSerialization#testSerializedYearMonthDay
[INFO ] fr.inria.astor.core.faultlocalization.gzoltar.GZoltarFaultLocalization.searchSuspicious(GZoltarFaultLocalization.java:206) - Test failt: org.joda.time.TestSerialization#testSerializedMutableDateTimeProperty
[INFO ] fr.inria.astor.core.faultlocalization.gzoltar.GZoltarFaultLocalization.searchSuspicious(GZoltarFaultLocalization.java:206) - Test failt: org.joda.time.TestSerialization#testSerializedGregorianChronology
[INFO ] fr.inria.astor.core.faultlocalization.gzoltar.GZoltarFaultLocalization.searchSuspicious(GZoltarFaultLocalization.java:206) - Test failt: org.joda.time.TestSerialization#testSerializedDateTime
[INFO ] fr.inria.astor.core.faultlocalization.gzoltar.GZoltarFaultLocalization.searchSuspicious(GZoltarFaultLocalization.java:206) - Test failt: org.joda.time.TestSerialization#testSerializedLocalDate
[INFO ] fr.inria.astor.core.faultlocalization.gzoltar.GZoltarFaultLocalization.searchSuspicious(GZoltarFaultLocalization.java:206) - Test failt: org.joda.time.TestSerialization#testSerializedLocalTime
[INFO ] fr.inria.astor.core.faultlocalization.gzoltar.GZoltarFaultLocalization.searchSuspicious(GZoltarFaultLocalization.java:206) - Test failt: org.joda.time.TestSerialization#testSerializedUnsupportedDateTimeField
[INFO ] fr.inria.astor.core.faultlocalization.gzoltar.GZoltarFaultLocalization.searchSuspicious(GZoltarFaultLocalization.java:206) - Test failt: org.joda.time.TestSerialization#testSerializedDateTimeZone
[INFO ] fr.inria.astor.core.faultlocalization.gzoltar.GZoltarFaultLocalization.searchSuspicious(GZoltarFaultLocalization.java:206) - Test failt: org.joda.time.TestSerialization#testSerializedCopticChronology
[INFO ] fr.inria.astor.core.faultlocalization.gzoltar.GZoltarFaultLocalization.searchSuspicious(GZoltarFaultLocalization.java:206) - Test failt: org.joda.time.TestSerialization#testSerializedLocalDateBuddhist
[INFO ] fr.inria.astor.core.faultlocalization.gzoltar.GZoltarFaultLocalization.searchSuspicious(GZoltarFaultLocalization.java:206) - Test failt: org.joda.time.TestSerialization#testSerializedDateMidnight
[INFO ] fr.inria.astor.core.faultlocalization.gzoltar.GZoltarFaultLocalization.searchSuspicious(GZoltarFaultLocalization.java:206) - Test failt: org.joda.time.TestSerialization#testSerializedGJChronology
[INFO ] fr.inria.astor.core.faultlocalization.gzoltar.GZoltarFaultLocalization.searchSuspicious(GZoltarFaultLocalization.java:206) - Test failt: org.joda.time.TestSerialization#testSerializedDateTimeZoneUTC
[INFO ] fr.inria.astor.core.faultlocalization.gzoltar.GZoltarFaultLocalization.searchSuspicious(GZoltarFaultLocalization.java:206) - Test failt: org.joda.time.TestSerialization#testSerializedInstant
[INFO ] fr.inria.astor.core.faultlocalization.gzoltar.GZoltarFaultLocalization.searchSuspicious(GZoltarFaultLocalization.java:206) - Test failt: org.joda.time.TestSerialization#testSerializedLocalDateTime
[INFO ] fr.inria.astor.core.faultlocalization.gzoltar.GZoltarFaultLocalization.searchSuspicious(GZoltarFaultLocalization.java:206) - Test failt: org.joda.time.TestSerialization#testSerializedTimeOfDay
[INFO ] fr.inria.astor.core.faultlocalization.gzoltar.GZoltarFaultLocalization.searchSuspicious(GZoltarFaultLocalization.java:206) - Test failt: org.joda.time.TestSerialization#testSerializedDateMidnightProperty
[INFO ] fr.inria.astor.core.faultlocalization.gzoltar.GZoltarFaultLocalization.searchSuspicious(GZoltarFaultLocalization.java:206) - Test failt: org.joda.time.format.TestDateTimeFormatter#testZoneShortNameNearTransition
[INFO ] fr.inria.astor.core.faultlocalization.gzoltar.GZoltarFaultLocalization.searchSuspicious(GZoltarFaultLocalization.java:206) - Test failt: org.joda.time.format.TestDateTimeFormatter#testZoneNameNearTransition
[INFO ] fr.inria.astor.core.faultlocalization.gzoltar.GZoltarFaultLocalization.searchSuspicious(GZoltarFaultLocalization.java:206) - Test failt: org.joda.time.format.TestDateTimeFormat#testFormat_zoneText
[INFO ] fr.inria.astor.core.faultlocalization.gzoltar.GZoltarFaultLocalization.searchSuspicious(GZoltarFaultLocalization.java:206) - Test failt: org.joda.time.format.TestDateTimeFormat#testFormat_zoneLongText
[INFO ] fr.inria.astor.core.faultlocalization.gzoltar.GZoltarFaultLocalization.searchSuspicious(GZoltarFaultLocalization.java:206) - Test failt: org.joda.time.format.TestDateTimeFormatStyle#testForStyle_fullDateTime
[INFO ] fr.inria.astor.core.faultlocalization.gzoltar.GZoltarFaultLocalization.searchSuspicious(GZoltarFaultLocalization.java:206) - Test failt: org.joda.time.format.TestDateTimeFormatStyle#testForStyle_mediumLongDateTime
[INFO ] fr.inria.astor.core.faultlocalization.gzoltar.GZoltarFaultLocalization.searchSuspicious(GZoltarFaultLocalization.java:206) - Test failt: org.joda.time.format.TestDateTimeFormatStyle#testForStyle_fullTime
[INFO ] fr.inria.astor.core.faultlocalization.gzoltar.GZoltarFaultLocalization.searchSuspicious(GZoltarFaultLocalization.java:206) - Test failt: org.joda.time.format.TestDateTimeFormatStyle#testForStyle_shortLongDateTime
[INFO ] fr.inria.astor.core.faultlocalization.gzoltar.GZoltarFaultLocalization.searchSuspicious(GZoltarFaultLocalization.java:206) - Test failt: org.joda.time.format.TestDateTimeFormatStyle#testForStyle_longTime
[INFO ] fr.inria.astor.core.faultlocalization.gzoltar.GZoltarFaultLocalization.searchSuspicious(GZoltarFaultLocalization.java:206) - Test failt: org.joda.time.format.TestDateTimeFormatStyle#testForStyle_mediumFullDateTime
[INFO ] fr.inria.astor.core.faultlocalization.gzoltar.GZoltarFaultLocalization.searchSuspicious(GZoltarFaultLocalization.java:206) - Test failt: org.joda.time.format.TestDateTimeFormatStyle#testForStyle_shortFullDateTime
[INFO ] fr.inria.astor.core.faultlocalization.gzoltar.GZoltarFaultLocalization.searchSuspicious(GZoltarFaultLocalization.java:206) - Test failt: org.joda.time.format.TestDateTimeFormatStyle#testForStyle_longDateTime
[INFO ] fr.inria.astor.core.faultlocalization.gzoltar.GZoltarFaultLocalization.searchSuspicious(GZoltarFaultLocalization.java:206) - Test failt: org.joda.time.format.TestDateTimeFormatterBuilder#test_printParseLongName
[INFO ] fr.inria.astor.core.faultlocalization.gzoltar.GZoltarFaultLocalization.searchSuspicious(GZoltarFaultLocalization.java:206) - Test failt: org.joda.time.format.TestDateTimeFormatterBuilder#test_printParseShortNameWithAutoLookup
[INFO ] fr.inria.astor.core.faultlocalization.gzoltar.GZoltarFaultLocalization.searchSuspicious(GZoltarFaultLocalization.java:206) - Test failt: org.joda.time.format.TestDateTimeFormatterBuilder#test_printParseLongNameWithLookup
[INFO ] fr.inria.astor.core.faultlocalization.gzoltar.GZoltarFaultLocalization.searchSuspicious(GZoltarFaultLocalization.java:206) - Test failt: org.joda.time.format.TestDateTimeFormatterBuilder#test_printParseShortNameWithLookup
[INFO ] fr.inria.astor.core.faultlocalization.gzoltar.GZoltarFaultLocalization.searchSuspicious(GZoltarFaultLocalization.java:206) - Test failt: org.joda.time.format.TestDateTimeFormatterBuilder#test_printParseShortName
[INFO ] fr.inria.astor.core.faultlocalization.gzoltar.GZoltarFaultLocalization.searchSuspicious(GZoltarFaultLocalization.java:206) - Test failt: org.joda.time.format.TestDateTimeFormatterBuilder#test_printParseLongName
[INFO ] fr.inria.astor.core.faultlocalization.gzoltar.GZoltarFaultLocalization.searchSuspicious(GZoltarFaultLocalization.java:206) - Test failt: org.joda.time.format.TestDateTimeFormatterBuilder#test_printParseShortNameWithAutoLookup
[INFO ] fr.inria.astor.core.faultlocalization.gzoltar.GZoltarFaultLocalization.searchSuspicious(GZoltarFaultLocalization.java:206) - Test failt: org.joda.time.format.TestDateTimeFormatterBuilder#test_printParseLongNameWithLookup
[INFO ] fr.inria.astor.core.faultlocalization.gzoltar.GZoltarFaultLocalization.searchSuspicious(GZoltarFaultLocalization.java:206) - Test failt: org.joda.time.format.TestDateTimeFormatterBuilder#test_printParseShortNameWithLookup
[INFO ] fr.inria.astor.core.faultlocalization.gzoltar.GZoltarFaultLocalization.searchSuspicious(GZoltarFaultLocalization.java:206) - Test failt: org.joda.time.format.TestDateTimeFormatterBuilder#test_printParseShortName
[INFO ] fr.inria.astor.core.faultlocalization.gzoltar.GZoltarFaultLocalization.searchSuspicious(GZoltarFaultLocalization.java:206) - Test failt: org.joda.time.TestDateTimeZone#testGetName_berlin
[INFO ] fr.inria.astor.core.faultlocalization.gzoltar.GZoltarFaultLocalization.searchSuspicious(GZoltarFaultLocalization.java:206) - Test failt: org.joda.time.TestDateTimeZone#testGetShortName
[INFO ] fr.inria.astor.core.faultlocalization.gzoltar.GZoltarFaultLocalization.searchSuspicious(GZoltarFaultLocalization.java:206) - Test failt: org.joda.time.TestDateTimeZone#testGetName
[INFO ] fr.inria.astor.core.faultlocalization.gzoltar.GZoltarFaultLocalization.searchSuspicious(GZoltarFaultLocalization.java:206) - Test failt: org.joda.time.TestDateTimeZone#testForOffsetHoursMinutes_int_int
[INFO ] fr.inria.astor.core.faultlocalization.gzoltar.GZoltarFaultLocalization.searchSuspicious(GZoltarFaultLocalization.java:206) - Test failt: org.joda.time.TestDateTimeZone#testGetShortName_berlin
[INFO ] fr.inria.astor.core.faultlocalization.gzoltar.GZoltarFaultLocalization.searchSuspicious(GZoltarFaultLocalization.java:206) - Test failt: org.joda.time.TestSerialization#testSerializedMutableDateTime
[INFO ] fr.inria.astor.core.faultlocalization.gzoltar.GZoltarFaultLocalization.searchSuspicious(GZoltarFaultLocalization.java:206) - Test failt: org.joda.time.TestSerialization#testSerializedGJChronologyChangedInternals
[INFO ] fr.inria.astor.core.faultlocalization.gzoltar.GZoltarFaultLocalization.searchSuspicious(GZoltarFaultLocalization.java:206) - Test failt: org.joda.time.TestSerialization#testDuration
[INFO ] fr.inria.astor.core.faultlocalization.gzoltar.GZoltarFaultLocalization.searchSuspicious(GZoltarFaultLocalization.java:206) - Test failt: org.joda.time.TestSerialization#testSerializedISOChronology
[INFO ] fr.inria.astor.core.faultlocalization.gzoltar.GZoltarFaultLocalization.searchSuspicious(GZoltarFaultLocalization.java:206) - Test failt: org.joda.time.TestSerialization#testSerializedBuddhistChronology
[INFO ] fr.inria.astor.core.faultlocalization.gzoltar.GZoltarFaultLocalization.searchSuspicious(GZoltarFaultLocalization.java:206) - Test failt: org.joda.time.TestSerialization#testSerializedDateTimeProperty
[INFO ] fr.inria.astor.core.faultlocalization.gzoltar.GZoltarFaultLocalization.searchSuspicious(GZoltarFaultLocalization.java:206) - Test failt: org.joda.time.TestSerialization#testSerializedPeriodType
[INFO ] fr.inria.astor.core.faultlocalization.gzoltar.GZoltarFaultLocalization.searchSuspicious(GZoltarFaultLocalization.java:206) - Test failt: org.joda.time.TestSerialization#testSerializedJulianChronology
[INFO ] fr.inria.astor.core.faultlocalization.gzoltar.GZoltarFaultLocalization.searchSuspicious(GZoltarFaultLocalization.java:206) - Test failt: org.joda.time.TestSerialization#testSerializedDateTimeFieldType
[INFO ] fr.inria.astor.core.faultlocalization.gzoltar.GZoltarFaultLocalization.searchSuspicious(GZoltarFaultLocalization.java:206) - Test failt: org.joda.time.TestSerialization#testSerializedYearMonthDay
[INFO ] fr.inria.astor.core.faultlocalization.gzoltar.GZoltarFaultLocalization.searchSuspicious(GZoltarFaultLocalization.java:206) - Test failt: org.joda.time.TestSerialization#testSerializedMutableDateTimeProperty
[INFO ] fr.inria.astor.core.faultlocalization.gzoltar.GZoltarFaultLocalization.searchSuspicious(GZoltarFaultLocalization.java:206) - Test failt: org.joda.time.TestSerialization#testSerializedGregorianChronology
[INFO ] fr.inria.astor.core.faultlocalization.gzoltar.GZoltarFaultLocalization.searchSuspicious(GZoltarFaultLocalization.java:206) - Test failt: org.joda.time.TestSerialization#testSerializedDateTime
[INFO ] fr.inria.astor.core.faultlocalization.gzoltar.GZoltarFaultLocalization.searchSuspicious(GZoltarFaultLocalization.java:206) - Test failt: org.joda.time.TestSerialization#testSerializedLocalDate
[INFO ] fr.inria.astor.core.faultlocalization.gzoltar.GZoltarFaultLocalization.searchSuspicious(GZoltarFaultLocalization.java:206) - Test failt: org.joda.time.TestSerialization#testSerializedLocalTime
[INFO ] fr.inria.astor.core.faultlocalization.gzoltar.GZoltarFaultLocalization.searchSuspicious(GZoltarFaultLocalization.java:206) - Test failt: org.joda.time.TestSerialization#testSerializedUnsupportedDateTimeField
[INFO ] fr.inria.astor.core.faultlocalization.gzoltar.GZoltarFaultLocalization.searchSuspicious(GZoltarFaultLocalization.java:206) - Test failt: org.joda.time.TestSerialization#testSerializedDateTimeZone
[INFO ] fr.inria.astor.core.faultlocalization.gzoltar.GZoltarFaultLocalization.searchSuspicious(GZoltarFaultLocalization.java:206) - Test failt: org.joda.time.TestSerialization#testSerializedCopticChronology
[INFO ] fr.inria.astor.core.faultlocalization.gzoltar.GZoltarFaultLocalization.searchSuspicious(GZoltarFaultLocalization.java:206) - Test failt: org.joda.time.TestSerialization#testSerializedLocalDateBuddhist
[INFO ] fr.inria.astor.core.faultlocalization.gzoltar.GZoltarFaultLocalization.searchSuspicious(GZoltarFaultLocalization.java:206) - Test failt: org.joda.time.TestSerialization#testSerializedDateMidnight
[INFO ] fr.inria.astor.core.faultlocalization.gzoltar.GZoltarFaultLocalization.searchSuspicious(GZoltarFaultLocalization.java:206) - Test failt: org.joda.time.TestSerialization#testSerializedGJChronology
[INFO ] fr.inria.astor.core.faultlocalization.gzoltar.GZoltarFaultLocalization.searchSuspicious(GZoltarFaultLocalization.java:206) - Test failt: org.joda.time.TestSerialization#testSerializedDateTimeZoneUTC
[INFO ] fr.inria.astor.core.faultlocalization.gzoltar.GZoltarFaultLocalization.searchSuspicious(GZoltarFaultLocalization.java:206) - Test failt: org.joda.time.TestSerialization#testSerializedInstant
[INFO ] fr.inria.astor.core.faultlocalization.gzoltar.GZoltarFaultLocalization.searchSuspicious(GZoltarFaultLocalization.java:206) - Test failt: org.joda.time.TestSerialization#testSerializedLocalDateTime
[INFO ] fr.inria.astor.core.faultlocalization.gzoltar.GZoltarFaultLocalization.searchSuspicious(GZoltarFaultLocalization.java:206) - Test failt: org.joda.time.TestSerialization#testSerializedTimeOfDay
[INFO ] fr.inria.astor.core.faultlocalization.gzoltar.GZoltarFaultLocalization.searchSuspicious(GZoltarFaultLocalization.java:206) - Test failt: org.joda.time.TestSerialization#testSerializedDateMidnightProperty
[INFO ] fr.inria.astor.core.faultlocalization.gzoltar.GZoltarFaultLocalization.searchSuspicious(GZoltarFaultLocalization.java:206) - Test failt: org.joda.time.format.TestDateTimeFormatStyle#testForStyle_fullDateTime
[INFO ] fr.inria.astor.core.faultlocalization.gzoltar.GZoltarFaultLocalization.searchSuspicious(GZoltarFaultLocalization.java:206) - Test failt: org.joda.time.format.TestDateTimeFormatStyle#testForStyle_mediumLongDateTime
[INFO ] fr.inria.astor.core.faultlocalization.gzoltar.GZoltarFaultLocalization.searchSuspicious(GZoltarFaultLocalization.java:206) - Test failt: org.joda.time.format.TestDateTimeFormatStyle#testForStyle_fullTime
[INFO ] fr.inria.astor.core.faultlocalization.gzoltar.GZoltarFaultLocalization.searchSuspicious(GZoltarFaultLocalization.java:206) - Test failt: org.joda.time.format.TestDateTimeFormatStyle#testForStyle_shortLongDateTime
[INFO ] fr.inria.astor.core.faultlocalization.gzoltar.GZoltarFaultLocalization.searchSuspicious(GZoltarFaultLocalization.java:206) - Test failt: org.joda.time.format.TestDateTimeFormatStyle#testForStyle_longTime
[INFO ] fr.inria.astor.core.faultlocalization.gzoltar.GZoltarFaultLocalization.searchSuspicious(GZoltarFaultLocalization.java:206) - Test failt: org.joda.time.format.TestDateTimeFormatStyle#testForStyle_mediumFullDateTime
[INFO ] fr.inria.astor.core.faultlocalization.gzoltar.GZoltarFaultLocalization.searchSuspicious(GZoltarFaultLocalization.java:206) - Test failt: org.joda.time.format.TestDateTimeFormatStyle#testForStyle_shortFullDateTime
[INFO ] fr.inria.astor.core.faultlocalization.gzoltar.GZoltarFaultLocalization.searchSuspicious(GZoltarFaultLocalization.java:206) - Test failt: org.joda.time.format.TestDateTimeFormatStyle#testForStyle_longDateTime
[INFO ] fr.inria.astor.core.faultlocalization.gzoltar.GZoltarFaultLocalization.searchSuspicious(GZoltarFaultLocalization.java:206) - Test failt: org.joda.time.format.TestDateTimeFormat#testFormat_zoneText
[INFO ] fr.inria.astor.core.faultlocalization.gzoltar.GZoltarFaultLocalization.searchSuspicious(GZoltarFaultLocalization.java:206) - Test failt: org.joda.time.format.TestDateTimeFormat#testFormat_zoneLongText
[INFO ] fr.inria.astor.core.faultlocalization.gzoltar.GZoltarFaultLocalization.searchSuspicious(GZoltarFaultLocalization.java:206) - Test failt: org.joda.time.TestDateTimeZone#testGetName_berlin
[INFO ] fr.inria.astor.core.faultlocalization.gzoltar.GZoltarFaultLocalization.searchSuspicious(GZoltarFaultLocalization.java:206) - Test failt: org.joda.time.TestDateTimeZone#testGetShortName
[INFO ] fr.inria.astor.core.faultlocalization.gzoltar.GZoltarFaultLocalization.searchSuspicious(GZoltarFaultLocalization.java:206) - Test failt: org.joda.time.TestDateTimeZone#testGetName
[INFO ] fr.inria.astor.core.faultlocalization.gzoltar.GZoltarFaultLocalization.searchSuspicious(GZoltarFaultLocalization.java:206) - Test failt: org.joda.time.TestDateTimeZone#testForOffsetHoursMinutes_int_int
[INFO ] fr.inria.astor.core.faultlocalization.gzoltar.GZoltarFaultLocalization.searchSuspicious(GZoltarFaultLocalization.java:206) - Test failt: org.joda.time.TestDateTimeZone#testGetShortName_berlin
[INFO ] fr.inria.astor.core.faultlocalization.gzoltar.GZoltarFaultLocalization.searchSuspicious(GZoltarFaultLocalization.java:218) - Gzoltar Test Result Total:11914, fails: 144, GZoltar suspicious 11018, with positive susp 1943
[INFO ] fr.inria.astor.core.faultlocalization.gzoltar.GZoltarFaultLocalization.searchSuspicious(GZoltarFaultLocalization.java:226) - nr test results 11915
[INFO ] fr.inria.astor.core.faultlocalization.gzoltar.GZoltarFaultLocalization.searchSuspicious(GZoltarFaultLocalization.java:271) - Gzoltar found: 335 with susp > 0.1, we consider: 335
[INFO ] fr.inria.astor.core.solutionsearch.AstorCoreEngine.initPopulation(AstorCoreEngine.java:689) - 
---- Creating spoon model
[INFO ] fr.inria.astor.core.solutionsearch.AstorCoreEngine.initModel(AstorCoreEngine.java:781) - Creating model,  Code location from working folder: /tmp/Cardumen_Defects4J_Time_9/./output_astor/AstorMain-Time-9//src//default
[INFO ] fr.inria.astor.core.manipulation.MutationSupporter.buildModel(MutationSupporter.java:65) - building model: /tmp/Cardumen_Defects4J_Time_9/./output_astor/AstorMain-Time-9//src//default, compliance level: 5
[INFO ] fr.inria.astor.core.manipulation.MutationSupporter.buildModel(MutationSupporter.java:78) - Classpath for building SpoonModel [/tmp/Cardumen_Defects4J_Time_9/target/classes/, /tmp/Cardumen_Defects4J_Time_9/target/test-classes/, /home/tdurieux/RepairThemAll/script/../benchmarks/defects4j/framework/projects/Time/lib/joda-convert-1.2.jar, /home/tdurieux/RepairThemAll/script/../benchmarks/defects4j/framework/projects/Time/lib/junit-3.8.2.jar, /home/tdurieux/RepairThemAll/script/../benchmarks/defects4j/framework/projects/Time/lib/org/joda/joda-convert/1.2/joda-convert-1.2.jar, /home/tdurieux/RepairThemAll/script/../benchmarks/defects4j/framework/projects/Time/lib/junit/junit/3.8.2/junit-3.8.2.jar]
[INFO ] fr.inria.astor.core.solutionsearch.AstorCoreEngine.initPopulation(AstorCoreEngine.java:693) - 
---- Initial suspicious size: 335
[INFO ] fr.inria.astor.core.solutionsearch.population.ProgramVariantFactory.createProgramInstance(ProgramVariantFactory.java:127) - Total suspicious from FL: 335,  377
[INFO ] fr.inria.astor.core.solutionsearch.population.ProgramVariantFactory.createProgramInstance(ProgramVariantFactory.java:136) - Total ModPoint created: 377
[INFO ] fr.inria.astor.core.solutionsearch.population.ProgramVariantFactory.createInitialPopulation(ProgramVariantFactory.java:82) - Creating program variant #1, [Variant id: 1, #gens: 377, #ops: 0, parent:-]
[INFO ] fr.inria.astor.core.solutionsearch.spaces.ingredients.scopes.ExpressionTypeIngredientSpace.defineSpace(ExpressionTypeIngredientSpace.java:121) - Ingredient search space info : number keys 392 , number values 1951 
[INFO ] fr.inria.astor.core.setup.ConfigurationProperties.print(ConfigurationProperties.java:66) - ----------------------------
[INFO ] fr.inria.astor.core.setup.ConfigurationProperties.print(ConfigurationProperties.java:67) - ---Configuration properties:---Execution values
[INFO ] fr.inria.astor.core.setup.ConfigurationProperties.print(ConfigurationProperties.java:69) - p:lastJUnitVersion= ./examples/libs/junit-4.11.jar
[INFO ] fr.inria.astor.core.setup.ConfigurationProperties.print(ConfigurationProperties.java:69) - p:alternativecompliancelevel= 4
[INFO ] fr.inria.astor.core.setup.ConfigurationProperties.print(ConfigurationProperties.java:69) - p:ignoredTestCases= 
[INFO ] fr.inria.astor.core.setup.ConfigurationProperties.print(ConfigurationProperties.java:69) - p:workingDirectory= /tmp/Cardumen_Defects4J_Time_9/./output_astor
[INFO ] fr.inria.astor.core.setup.ConfigurationProperties.print(ConfigurationProperties.java:69) - p:manipulatesuper= false
[INFO ] fr.inria.astor.core.setup.ConfigurationProperties.print(ConfigurationProperties.java:69) - p:validation= process
[INFO ] fr.inria.astor.core.setup.ConfigurationProperties.print(ConfigurationProperties.java:69) - p:jvm4testexecution= /home/tdurieux/openjdk-1.7.0/bin/
[INFO ] fr.inria.astor.core.setup.ConfigurationProperties.print(ConfigurationProperties.java:69) - p:operatorspace= r-expression
[INFO ] fr.inria.astor.core.setup.ConfigurationProperties.print(ConfigurationProperties.java:69) - p:disablelog= false
[INFO ] fr.inria.astor.core.setup.ConfigurationProperties.print(ConfigurationProperties.java:69) - p:binjavafolder= target/classes/
[INFO ] fr.inria.astor.core.setup.ConfigurationProperties.print(ConfigurationProperties.java:69) - p:synthesis_depth= 3
[INFO ] fr.inria.astor.core.setup.ConfigurationProperties.print(ConfigurationProperties.java:69) - p:gzoltartestpackagetoexclude= junit.framework
[INFO ] fr.inria.astor.core.setup.ConfigurationProperties.print(ConfigurationProperties.java:69) - p:skipfitnessinitialpopulation= false
[INFO ] fr.inria.astor.core.setup.ConfigurationProperties.print(ConfigurationProperties.java:69) - p:evosuiteresultfolder= evosuite
[INFO ] fr.inria.astor.core.setup.ConfigurationProperties.print(ConfigurationProperties.java:69) - p:flthreshold= 0.1
[INFO ] fr.inria.astor.core.setup.ConfigurationProperties.print(ConfigurationProperties.java:69) - p:regressionforfaultlocalization= true
[INFO ] fr.inria.astor.core.setup.ConfigurationProperties.print(ConfigurationProperties.java:69) - p:collectonlyusedmethod= false
[INFO ] fr.inria.astor.core.setup.ConfigurationProperties.print(ConfigurationProperties.java:69) - p:preservelinenumbers= true
[INFO ] fr.inria.astor.core.setup.ConfigurationProperties.print(ConfigurationProperties.java:69) - p:tmax2= 29198
[INFO ] fr.inria.astor.core.setup.ConfigurationProperties.print(ConfigurationProperties.java:69) - p:ingredienttransformstrategy= name-probability-based
[INFO ] fr.inria.astor.core.setup.ConfigurationProperties.print(ConfigurationProperties.java:69) - p:tmax1= 10000
[INFO ] fr.inria.astor.core.setup.ConfigurationProperties.print(ConfigurationProperties.java:69) - p:probagenmutation= false
[INFO ] fr.inria.astor.core.setup.ConfigurationProperties.print(ConfigurationProperties.java:69) - p:nomodificationconvergence= 100
[INFO ] fr.inria.astor.core.setup.ConfigurationProperties.print(ConfigurationProperties.java:69) - p:targetelementprocessor= expression
[INFO ] fr.inria.astor.core.setup.ConfigurationProperties.print(ConfigurationProperties.java:69) - p:srctestfolder= src/test/java/
[INFO ] fr.inria.astor.core.setup.ConfigurationProperties.print(ConfigurationProperties.java:69) - p:forceExecuteRegression= false
[INFO ] fr.inria.astor.core.setup.ConfigurationProperties.print(ConfigurationProperties.java:69) - p:clusteringfilename= clustering.csv
[INFO ] fr.inria.astor.core.setup.ConfigurationProperties.print(ConfigurationProperties.java:69) - p:failing= org.joda.time.TestDateTimeZone
[INFO ] fr.inria.astor.core.setup.ConfigurationProperties.print(ConfigurationProperties.java:69) - p:logtestexecution= false
[INFO ] fr.inria.astor.core.setup.ConfigurationProperties.print(ConfigurationProperties.java:69) - p:evo_buggy_class= true
[INFO ] fr.inria.astor.core.setup.ConfigurationProperties.print(ConfigurationProperties.java:69) - p:numberExecutions= 1
[INFO ] fr.inria.astor.core.setup.ConfigurationProperties.print(ConfigurationProperties.java:69) - p:maxnumbersolutions= 1000000
[INFO ] fr.inria.astor.core.setup.ConfigurationProperties.print(ConfigurationProperties.java:69) - p:evo_affected_by_op= true
[INFO ] fr.inria.astor.core.setup.ConfigurationProperties.print(ConfigurationProperties.java:69) - p:population= 1
[INFO ] fr.inria.astor.core.setup.ConfigurationProperties.print(ConfigurationProperties.java:69) - p:considerzerovaluesusp= false
[INFO ] fr.inria.astor.core.setup.ConfigurationProperties.print(ConfigurationProperties.java:69) - p:maxCombinationVariableLimit= false
[INFO ] fr.inria.astor.core.setup.ConfigurationProperties.print(ConfigurationProperties.java:69) - p:loglevel= INFO
[INFO ] fr.inria.astor.core.setup.ConfigurationProperties.print(ConfigurationProperties.java:69) - p:savesolution= true
[INFO ] fr.inria.astor.core.setup.ConfigurationProperties.print(ConfigurationProperties.java:69) - p:javacompliancelevel= 5
[INFO ] fr.inria.astor.core.setup.ConfigurationProperties.print(ConfigurationProperties.java:69) - p:x= x
[INFO ] fr.inria.astor.core.setup.ConfigurationProperties.print(ConfigurationProperties.java:69) - p:uniqueoptogen= false
[INFO ] fr.inria.astor.core.setup.ConfigurationProperties.print(ConfigurationProperties.java:69) - p:gzoltarpackagetonotinstrument= junit.framework
[INFO ] fr.inria.astor.core.setup.ConfigurationProperties.print(ConfigurationProperties.java:69) - p:projectIdentifier= Time-9
[INFO ] fr.inria.astor.core.setup.ConfigurationProperties.print(ConfigurationProperties.java:69) - p:modificationpointnavigation= weight
[INFO ] fr.inria.astor.core.setup.ConfigurationProperties.print(ConfigurationProperties.java:69) - p:stopfirst= true
[INFO ] fr.inria.astor.core.setup.ConfigurationProperties.print(ConfigurationProperties.java:69) - p:multipointmodification= false
[INFO ] fr.inria.astor.core.setup.ConfigurationProperties.print(ConfigurationProperties.java:69) - p:elementsToMutate= 10
[INFO ] fr.inria.astor.core.setup.ConfigurationProperties.print(ConfigurationProperties.java:69) - p:jsonoutputname= astor_output
[INFO ] fr.inria.astor.core.setup.ConfigurationProperties.print(ConfigurationProperties.java:69) - p:evoDSE= false
[INFO ] fr.inria.astor.core.setup.ConfigurationProperties.print(ConfigurationProperties.java:69) - p:bintestfolder= target/test-classes/
[INFO ] fr.inria.astor.core.setup.ConfigurationProperties.print(ConfigurationProperties.java:69) - p:testbystep= false
[INFO ] fr.inria.astor.core.setup.ConfigurationProperties.print(ConfigurationProperties.java:69) - p:version-location= ./math-version/
[INFO ] fr.inria.astor.core.setup.ConfigurationProperties.print(ConfigurationProperties.java:69) - p:reintroduce= PARENTS:ORIGINAL
[INFO ] fr.inria.astor.core.setup.ConfigurationProperties.print(ConfigurationProperties.java:69) - p:executorjar= ./lib/jtestex7.jar
[INFO ] fr.inria.astor.core.setup.ConfigurationProperties.print(ConfigurationProperties.java:69) - p:maxGeneration= 1000000
[INFO ] fr.inria.astor.core.setup.ConfigurationProperties.print(ConfigurationProperties.java:69) - p:max_synthesis_step= 10000
[INFO ] fr.inria.astor.core.setup.ConfigurationProperties.print(ConfigurationProperties.java:69) - p:maxVarCombination= 1000
[INFO ] fr.inria.astor.core.setup.ConfigurationProperties.print(ConfigurationProperties.java:69) - p:maxtime= 120
[INFO ] fr.inria.astor.core.setup.ConfigurationProperties.print(ConfigurationProperties.java:69) - p:evosuitejar= ./lib/evosuite-master-1.0.4-SNAPSHOT.jar
[INFO ] fr.inria.astor.core.setup.ConfigurationProperties.print(ConfigurationProperties.java:69) - p:jvmversion= 1.7.0-u80-unofficial
[INFO ] fr.inria.astor.core.setup.ConfigurationProperties.print(ConfigurationProperties.java:69) - p:commandTrunk= 50000
[INFO ] fr.inria.astor.core.setup.ConfigurationProperties.print(ConfigurationProperties.java:69) - p:faultlocalization= gzoltar
[INFO ] fr.inria.astor.core.setup.ConfigurationProperties.print(ConfigurationProperties.java:69) - p:resetmodel= true
[INFO ] fr.inria.astor.core.setup.ConfigurationProperties.print(ConfigurationProperties.java:69) - p:maxsuspcandidates= 1000
[INFO ] fr.inria.astor.core.setup.ConfigurationProperties.print(ConfigurationProperties.java:69) - p:mode= cardumen
[INFO ] fr.inria.astor.core.setup.ConfigurationProperties.print(ConfigurationProperties.java:69) - p:learningdir= 
[INFO ] fr.inria.astor.core.setup.ConfigurationProperties.print(ConfigurationProperties.java:69) - p:jvm4evosuitetestexecution= /home/tdurieux/openjdk-1.7.0/bin/
[INFO ] fr.inria.astor.core.setup.ConfigurationProperties.print(ConfigurationProperties.java:69) - p:filterfaultlocalization= true
[INFO ] fr.inria.astor.core.setup.ConfigurationProperties.print(ConfigurationProperties.java:69) - p:mutationrate= 1 
[INFO ] fr.inria.astor.core.setup.ConfigurationProperties.print(ConfigurationProperties.java:69) - p:pathToMVNRepository= 
[INFO ] fr.inria.astor.core.setup.ConfigurationProperties.print(ConfigurationProperties.java:69) - p:resourcesfolder= /src/main/resources:/src/test/resources:
[INFO ] fr.inria.astor.core.setup.ConfigurationProperties.print(ConfigurationProperties.java:69) - p:timezone= America/Los_Angeles
[INFO ] fr.inria.astor.core.setup.ConfigurationProperties.print(ConfigurationProperties.java:69) - p:runjava7code= false
[INFO ] fr.inria.astor.core.setup.ConfigurationProperties.print(ConfigurationProperties.java:69) - p:evoRunOnBuggyClass= true
[INFO ] fr.inria.astor.core.setup.ConfigurationProperties.print(ConfigurationProperties.java:69) - p:compiler= fr.inria.astor.core.manipulation.bytecode.compiler.SpoonClassCompiler
[INFO ] fr.inria.astor.core.setup.ConfigurationProperties.print(ConfigurationProperties.java:69) - p:limitbysuspicious= true
[INFO ] fr.inria.astor.core.setup.ConfigurationProperties.print(ConfigurationProperties.java:69) - p:logsattemps= true
[INFO ] fr.inria.astor.core.setup.ConfigurationProperties.print(ConfigurationProperties.java:69) - p:dependenciespath= /tmp/Cardumen_Defects4J_Time_9/target/classes/:/tmp/Cardumen_Defects4J_Time_9/target/test-classes/:/home/tdurieux/RepairThemAll/script/../benchmarks/defects4j/framework/projects/Time/lib/joda-convert-1.2.jar:/home/tdurieux/RepairThemAll/script/../benchmarks/defects4j/framework/projects/Time/lib/junit-3.8.2.jar:/home/tdurieux/RepairThemAll/script/../benchmarks/defects4j/framework/projects/Time/lib/org/joda/joda-convert/1.2/joda-convert-1.2.jar:/home/tdurieux/RepairThemAll/script/../benchmarks/defects4j/framework/projects/Time/lib/junit/junit/3.8.2/junit-3.8.2.jar
[INFO ] fr.inria.astor.core.setup.ConfigurationProperties.print(ConfigurationProperties.java:69) - p:logpatternlayout= [%-5p] %l - %m%n
[INFO ] fr.inria.astor.core.setup.ConfigurationProperties.print(ConfigurationProperties.java:69) - p:packageToInstrument= 
[INFO ] fr.inria.astor.core.setup.ConfigurationProperties.print(ConfigurationProperties.java:69) - p:skipfaultlocalization= false
[INFO ] fr.inria.astor.core.setup.ConfigurationProperties.print(ConfigurationProperties.java:69) - p:scope= local
[INFO ] fr.inria.astor.core.setup.ConfigurationProperties.print(ConfigurationProperties.java:69) - p:transformingredient= false
[INFO ] fr.inria.astor.core.setup.ConfigurationProperties.print(ConfigurationProperties.java:69) - p:fitnessfunction= fr.inria.astor.core.solutionsearch.population.TestCaseFitnessFunction
[INFO ] fr.inria.astor.core.setup.ConfigurationProperties.print(ConfigurationProperties.java:69) - p:maxnumvariablesperingredient= 10
[INFO ] fr.inria.astor.core.setup.ConfigurationProperties.print(ConfigurationProperties.java:69) - p:parsesourcefromoriginal= false
[INFO ] fr.inria.astor.core.setup.ConfigurationProperties.print(ConfigurationProperties.java:69) - p:pvariantfoldername= variant-
[INFO ] fr.inria.astor.core.setup.ConfigurationProperties.print(ConfigurationProperties.java:69) - p:savespoonmodelondisk= false
[INFO ] fr.inria.astor.core.setup.ConfigurationProperties.print(ConfigurationProperties.java:69) - p:srcjavafolder= src/main/java/
[INFO ] fr.inria.astor.core.setup.ConfigurationProperties.print(ConfigurationProperties.java:69) - p:populationcontroller= fr.inria.astor.core.solutionsearch.population.TestCaseBasedFitnessPopulationController
[INFO ] fr.inria.astor.core.setup.ConfigurationProperties.print(ConfigurationProperties.java:69) - p:ignoreflakyinfl= false
[INFO ] fr.inria.astor.core.setup.ConfigurationProperties.print(ConfigurationProperties.java:69) - p:cleantemplates= true
[INFO ] fr.inria.astor.core.setup.ConfigurationProperties.print(ConfigurationProperties.java:69) - p:applyCrossover= false
[INFO ] fr.inria.astor.core.setup.ConfigurationProperties.print(ConfigurationProperties.java:69) - p:maxmodificationpoints= 1000
[INFO ] fr.inria.astor.core.setup.ConfigurationProperties.print(ConfigurationProperties.java:69) - p:duplicateingredientsinspace= false
[INFO ] fr.inria.astor.core.setup.ConfigurationProperties.print(ConfigurationProperties.java:69) - p:saveall= false
[INFO ] fr.inria.astor.core.setup.ConfigurationProperties.print(ConfigurationProperties.java:69) - p:seed= 0
[INFO ] fr.inria.astor.core.setup.ConfigurationProperties.print(ConfigurationProperties.java:69) - p:savecompletepatched= true
[INFO ] fr.inria.astor.core.setup.ConfigurationProperties.print(ConfigurationProperties.java:69) - p:resetoperations= false
[INFO ] fr.inria.astor.core.setup.ConfigurationProperties.print(ConfigurationProperties.java:69) - p:processoutputinfile= false
[INFO ] fr.inria.astor.core.setup.ConfigurationProperties.print(ConfigurationProperties.java:69) - p:location= .
[INFO ] fr.inria.astor.core.setup.ConfigurationProperties.print(ConfigurationProperties.java:69) - p:probabilistictransformation= true
[INFO ] fr.inria.astor.core.setup.ConfigurationProperties.print(ConfigurationProperties.java:69) - p:overridemaxtime= true
[INFO ] fr.inria.astor.core.setup.ConfigurationProperties.print(ConfigurationProperties.java:69) - p:ingredientstrategy= name-probability-based
[INFO ] fr.inria.astor.core.setup.ConfigurationProperties.print(ConfigurationProperties.java:69) - p:allpoints= false
[INFO ] fr.inria.astor.core.setup.ConfigurationProperties.print(ConfigurationProperties.java:69) - p:bugId= 280
[INFO ] fr.inria.astor.core.setup.ConfigurationProperties.print(ConfigurationProperties.java:69) - p:evosuitetimeout= 120
[INFO ] fr.inria.astor.core.setup.ConfigurationProperties.print(ConfigurationProperties.java:69) - p:nrPlaceholders= 1
[INFO ] fr.inria.astor.core.setup.ConfigurationProperties.print(ConfigurationProperties.java:69) - p:forcesubprocesskilling= true
[INFO ] fr.inria.astor.core.setup.ConfigurationProperties.print(ConfigurationProperties.java:71) - ----------------------------
[INFO ] fr.inria.astor.core.solutionsearch.EvolutionarySearchEngine.startEvolution(EvolutionarySearchEngine.java:40) - 
----Starting Solution Search
[ERROR] fr.inria.astor.core.entities.StatementOperatorInstance.defineParentInformation(StatementOperatorInstance.java:81) - Parent null or it is not a block
[ERROR] fr.inria.astor.core.entities.StatementOperatorInstance.defineParentInformation(StatementOperatorInstance.java:81) - Parent null or it is not a block
[ERROR] fr.inria.astor.core.entities.StatementOperatorInstance.defineParentInformation(StatementOperatorInstance.java:81) - Parent null or it is not a block
[ERROR] fr.inria.astor.core.entities.StatementOperatorInstance.defineParentInformation(StatementOperatorInstance.java:81) - Parent null or it is not a block
[ERROR] fr.inria.astor.core.entities.StatementOperatorInstance.defineParentInformation(StatementOperatorInstance.java:81) - Parent null or it is not a block
[ERROR] fr.inria.astor.core.entities.StatementOperatorInstance.defineParentInformation(StatementOperatorInstance.java:81) - Parent null or it is not a block
[ERROR] fr.inria.astor.core.entities.StatementOperatorInstance.defineParentInformation(StatementOperatorInstance.java:81) - Parent null or it is not a block
[ERROR] fr.inria.astor.core.entities.StatementOperatorInstance.defineParentInformation(StatementOperatorInstance.java:81) - Parent null or it is not a block
[ERROR] fr.inria.astor.core.entities.StatementOperatorInstance.defineParentInformation(StatementOperatorInstance.java:81) - Parent null or it is not a block
[ERROR] fr.inria.astor.core.entities.StatementOperatorInstance.defineParentInformation(StatementOperatorInstance.java:81) - Parent null or it is not a block
[ERROR] fr.inria.astor.core.entities.StatementOperatorInstance.defineParentInformation(StatementOperatorInstance.java:81) - Parent null or it is not a block
[ERROR] fr.inria.astor.core.entities.StatementOperatorInstance.defineParentInformation(StatementOperatorInstance.java:81) - Parent null or it is not a block
[ERROR] fr.inria.astor.core.entities.StatementOperatorInstance.defineParentInformation(StatementOperatorInstance.java:81) - Parent null or it is not a block
[ERROR] fr.inria.astor.core.entities.StatementOperatorInstance.defineParentInformation(StatementOperatorInstance.java:81) - Parent null or it is not a block
[ERROR] fr.inria.astor.core.entities.StatementOperatorInstance.defineParentInformation(StatementOperatorInstance.java:81) - Parent null or it is not a block
[ERROR] fr.inria.astor.core.entities.StatementOperatorInstance.defineParentInformation(StatementOperatorInstance.java:81) - Parent null or it is not a block
[ERROR] fr.inria.astor.core.entities.StatementOperatorInstance.defineParentInformation(StatementOperatorInstance.java:81) - Parent null or it is not a block
[ERROR] fr.inria.astor.core.entities.StatementOperatorInstance.defineParentInformation(StatementOperatorInstance.java:81) - Parent null or it is not a block
[ERROR] fr.inria.astor.core.entities.StatementOperatorInstance.defineParentInformation(StatementOperatorInstance.java:81) - Parent null or it is not a block
[ERROR] fr.inria.astor.core.entities.StatementOperatorInstance.defineParentInformation(StatementOperatorInstance.java:81) - Parent null or it is not a block
[ERROR] fr.inria.astor.core.entities.StatementOperatorInstance.defineParentInformation(StatementOperatorInstance.java:81) - Parent null or it is not a block
[ERROR] fr.inria.astor.core.entities.StatementOperatorInstance.defineParentInformation(StatementOperatorInstance.java:81) - Parent null or it is not a block
[INFO ] fr.inria.astor.core.validation.processbased.LaucherJUnitProcess.killProcess(LaucherJUnitProcess.java:171) - The Process that runs JUnit test cases did not terminate within waitTime of 10 seconds
[INFO ] fr.inria.astor.core.validation.processbased.LaucherJUnitProcess.killProcess(LaucherJUnitProcess.java:173) - Killed the Process that runs JUnit test cases 5881
[ERROR] fr.inria.astor.core.entities.StatementOperatorInstance.defineParentInformation(StatementOperatorInstance.java:81) - Parent null or it is not a block
[ERROR] fr.inria.astor.core.entities.StatementOperatorInstance.defineParentInformation(StatementOperatorInstance.java:81) - Parent null or it is not a block
[INFO ] fr.inria.astor.core.validation.processbased.LaucherJUnitProcess.killProcess(LaucherJUnitProcess.java:171) - The Process that runs JUnit test cases did not terminate within waitTime of 10 seconds
[INFO ] fr.inria.astor.core.validation.processbased.LaucherJUnitProcess.killProcess(LaucherJUnitProcess.java:173) - Killed the Process that runs JUnit test cases 5907
[ERROR] fr.inria.astor.core.entities.StatementOperatorInstance.defineParentInformation(StatementOperatorInstance.java:81) - Parent null or it is not a block
[ERROR] fr.inria.astor.core.entities.StatementOperatorInstance.defineParentInformation(StatementOperatorInstance.java:81) - Parent null or it is not a block
[ERROR] fr.inria.astor.core.entities.StatementOperatorInstance.defineParentInformation(StatementOperatorInstance.java:81) - Parent null or it is not a block
[ERROR] fr.inria.astor.core.entities.StatementOperatorInstance.defineParentInformation(StatementOperatorInstance.java:81) - Parent null or it is not a block
[ERROR] fr.inria.astor.core.manipulation.sourcecode.VariableResolver$5.compare(VariableResolver.java:1046) - Var not found in global ngram: MAX_MILLIS
[ERROR] fr.inria.astor.core.entities.StatementOperatorInstance.defineParentInformation(StatementOperatorInstance.java:81) - Parent null or it is not a block
[ERROR] fr.inria.astor.core.entities.StatementOperatorInstance.defineParentInformation(StatementOperatorInstance.java:81) - Parent null or it is not a block
[ERROR] fr.inria.astor.core.entities.StatementOperatorInstance.defineParentInformation(StatementOperatorInstance.java:81) - Parent null or it is not a block
[ERROR] fr.inria.astor.core.entities.StatementOperatorInstance.defineParentInformation(StatementOperatorInstance.java:81) - Parent null or it is not a block
[ERROR] fr.inria.astor.core.entities.StatementOperatorInstance.defineParentInformation(StatementOperatorInstance.java:81) - Parent null or it is not a block
[ERROR] fr.inria.astor.core.entities.StatementOperatorInstance.defineParentInformation(StatementOperatorInstance.java:81) - Parent null or it is not a block
[ERROR] fr.inria.astor.core.entities.StatementOperatorInstance.defineParentInformation(StatementOperatorInstance.java:81) - Parent null or it is not a block
[ERROR] fr.inria.astor.core.manipulation.sourcecode.VariableResolver$5.compare(VariableResolver.java:1046) - Var not found in global ngram: MAX_MILLIS
[ERROR] fr.inria.astor.core.manipulation.sourcecode.VariableResolver$5.compare(VariableResolver.java:1046) - Var not found in global ngram: MAX_MILLIS
[ERROR] fr.inria.astor.core.entities.StatementOperatorInstance.defineParentInformation(StatementOperatorInstance.java:81) - Parent null or it is not a block
[ERROR] fr.inria.astor.core.entities.StatementOperatorInstance.defineParentInformation(StatementOperatorInstance.java:81) - Parent null or it is not a block
[ERROR] fr.inria.astor.core.entities.StatementOperatorInstance.defineParentInformation(StatementOperatorInstance.java:81) - Parent null or it is not a block
[ERROR] fr.inria.astor.core.entities.StatementOperatorInstance.defineParentInformation(StatementOperatorInstance.java:81) - Parent null or it is not a block
[ERROR] fr.inria.astor.core.entities.StatementOperatorInstance.defineParentInformation(StatementOperatorInstance.java:81) - Parent null or it is not a block
[ERROR] fr.inria.astor.core.entities.StatementOperatorInstance.defineParentInformation(StatementOperatorInstance.java:81) - Parent null or it is not a block
[ERROR] fr.inria.astor.core.entities.StatementOperatorInstance.defineParentInformation(StatementOperatorInstance.java:81) - Parent null or it is not a block
[ERROR] fr.inria.astor.core.entities.StatementOperatorInstance.defineParentInformation(StatementOperatorInstance.java:81) - Parent null or it is not a block
[ERROR] fr.inria.astor.core.entities.StatementOperatorInstance.defineParentInformation(StatementOperatorInstance.java:81) - Parent null or it is not a block
[ERROR] fr.inria.astor.core.entities.StatementOperatorInstance.defineParentInformation(StatementOperatorInstance.java:81) - Parent null or it is not a block
[ERROR] fr.inria.astor.core.entities.StatementOperatorInstance.defineParentInformation(StatementOperatorInstance.java:81) - Parent null or it is not a block
[ERROR] fr.inria.astor.core.entities.StatementOperatorInstance.defineParentInformation(StatementOperatorInstance.java:81) - Parent null or it is not a block
[ERROR] fr.inria.astor.core.entities.StatementOperatorInstance.defineParentInformation(StatementOperatorInstance.java:81) - Parent null or it is not a block
[ERROR] fr.inria.astor.core.solutionsearch.AstorCoreEngine.saveModifVariant(AstorCoreEngine.java:332) - Problems saving cttype: org.joda.time.format.DateTimeFormat
[ERROR] fr.inria.astor.core.manipulation.bytecode.compiler.SpoonClassCompiler.compile(SpoonClassCompiler.java:72) - Error printing class org.joda.time.format.DateTimeFormat
spoon.SpoonException: Printing of spoon.support.reflect.code.CtBlockImpl on path 
	CtPackageImpl:org
	CtPackageImpl:joda
	CtPackageImpl:time
	CtPackageImpl:format
	CtClassImpl:DateTimeFormat
	CtMethodImpl:parsePatternTo
	CtBlockImpl
	CtForImpl
	CtBlockImpl
	CtSwitchImpl
	CtCaseImpl
	CtIfImpl
	CtBlockImpl
	CtIfImpl
	CtBlockImpl
at position (/tmp/Cardumen_Defects4J_Time_9/output_astor/AstorMain-Time-9/src/default/org/joda/time/format/DateTimeFormat.java:456) failed
	at spoon.reflect.visitor.DefaultJavaPrettyPrinter.scan(DefaultJavaPrettyPrinter.java:358)
	at spoon.reflect.visitor.ElementPrinterHelper.writeStatement(ElementPrinterHelper.java:181)
	at spoon.reflect.visitor.ElementPrinterHelper.writeIfOrLoopBlock(ElementPrinterHelper.java:466)
	at spoon.reflect.visitor.DefaultJavaPrettyPrinter.visitCtIf(DefaultJavaPrettyPrinter.java:1195)
	at spoon.support.reflect.code.CtIfImpl.accept(CtIfImpl.java:45)
	at spoon.reflect.visitor.DefaultJavaPrettyPrinter.scan(DefaultJavaPrettyPrinter.java:349)
	at spoon.reflect.visitor.ElementPrinterHelper.writeStatement(ElementPrinterHelper.java:181)
	at spoon.reflect.visitor.DefaultJavaPrettyPrinter.visitCtBlock(DefaultJavaPrettyPrinter.java:529)
	at spoon.support.reflect.code.CtBlockImpl.accept(CtBlockImpl.java:67)
	at spoon.reflect.visitor.DefaultJavaPrettyPrinter.scan(DefaultJavaPrettyPrinter.java:349)
	at spoon.reflect.visitor.ElementPrinterHelper.writeStatement(ElementPrinterHelper.java:181)
	at spoon.reflect.visitor.ElementPrinterHelper.writeIfOrLoopBlock(ElementPrinterHelper.java:466)
	at spoon.reflect.visitor.DefaultJavaPrettyPrinter.visitCtIf(DefaultJavaPrettyPrinter.java:1206)
	at spoon.support.reflect.code.CtIfImpl.accept(CtIfImpl.java:45)
	at spoon.reflect.visitor.DefaultJavaPrettyPrinter.scan(DefaultJavaPrettyPrinter.java:349)
	at spoon.reflect.visitor.ElementPrinterHelper.writeStatement(ElementPrinterHelper.java:181)
	at spoon.reflect.visitor.DefaultJavaPrettyPrinter.visitCtCase(DefaultJavaPrettyPrinter.java:582)
	at spoon.support.reflect.code.CtCaseImpl.accept(CtCaseImpl.java:49)
	at spoon.reflect.visitor.DefaultJavaPrettyPrinter.scan(DefaultJavaPrettyPrinter.java:349)
	at spoon.reflect.visitor.DefaultJavaPrettyPrinter.visitCtSwitch(DefaultJavaPrettyPrinter.java:1625)
	at spoon.support.reflect.code.CtSwitchImpl.accept(CtSwitchImpl.java:44)
	at spoon.reflect.visitor.DefaultJavaPrettyPrinter.scan(DefaultJavaPrettyPrinter.java:349)
	at spoon.reflect.visitor.ElementPrinterHelper.writeStatement(ElementPrinterHelper.java:181)
	at spoon.reflect.visitor.DefaultJavaPrettyPrinter.visitCtBlock(DefaultJavaPrettyPrinter.java:529)
	at spoon.support.reflect.code.CtBlockImpl.accept(CtBlockImpl.java:67)
	at spoon.reflect.visitor.DefaultJavaPrettyPrinter.scan(DefaultJavaPrettyPrinter.java:349)
	at spoon.reflect.visitor.ElementPrinterHelper.writeStatement(ElementPrinterHelper.java:181)
	at spoon.reflect.visitor.ElementPrinterHelper.writeIfOrLoopBlock(ElementPrinterHelper.java:466)
	at spoon.reflect.visitor.DefaultJavaPrettyPrinter.visitCtFor(DefaultJavaPrettyPrinter.java:1175)
	at spoon.support.reflect.code.CtForImpl.accept(CtForImpl.java:49)
	at spoon.reflect.visitor.DefaultJavaPrettyPrinter.scan(DefaultJavaPrettyPrinter.java:349)
	at spoon.reflect.visitor.ElementPrinterHelper.writeStatement(ElementPrinterHelper.java:181)
	at spoon.reflect.visitor.DefaultJavaPrettyPrinter.visitCtBlock(DefaultJavaPrettyPrinter.java:529)
	at spoon.support.reflect.code.CtBlockImpl.accept(CtBlockImpl.java:67)
	at spoon.reflect.visitor.DefaultJavaPrettyPrinter.scan(DefaultJavaPrettyPrinter.java:349)
	at spoon.reflect.visitor.DefaultJavaPrettyPrinter.visitCtMethod(DefaultJavaPrettyPrinter.java:1350)
	at spoon.support.reflect.declaration.CtMethodImpl.accept(CtMethodImpl.java:73)
	at spoon.reflect.visitor.DefaultJavaPrettyPrinter.scan(DefaultJavaPrettyPrinter.java:349)
	at spoon.reflect.visitor.ElementPrinterHelper.writeElementList(ElementPrinterHelper.java:195)
	at spoon.reflect.visitor.DefaultJavaPrettyPrinter.visitCtClass(DefaultJavaPrettyPrinter.java:621)
	at spoon.support.reflect.declaration.CtClassImpl.accept(CtClassImpl.java:67)
	at spoon.reflect.visitor.DefaultJavaPrettyPrinter.scan(DefaultJavaPrettyPrinter.java:349)
	at fr.inria.astor.core.manipulation.bytecode.compiler.SpoonClassCompiler.sourceForModelledClass(SpoonClassCompiler.java:101)
	at fr.inria.astor.core.manipulation.bytecode.compiler.SpoonClassCompiler.compile(SpoonClassCompiler.java:70)
	at fr.inria.astor.core.manipulation.bytecode.compiler.SpoonClassCompiler.compile(SpoonClassCompiler.java:56)
	at fr.inria.astor.core.solutionsearch.AstorCoreEngine.processCreatedVariant(AstorCoreEngine.java:414)
	at fr.inria.astor.core.solutionsearch.EvolutionarySearchEngine.processGenerations(EvolutionarySearchEngine.java:154)
	at fr.inria.astor.core.solutionsearch.EvolutionarySearchEngine.startEvolution(EvolutionarySearchEngine.java:68)
	at fr.inria.main.evolution.AstorMain.run(AstorMain.java:195)
	at fr.inria.main.evolution.AstorMain.execute(AstorMain.java:236)
	at fr.inria.main.evolution.AstorMain.main(AstorMain.java:210)
Caused by: java.lang.ClassCastException: spoon.support.reflect.code.CtBinaryOperatorImpl cannot be cast to spoon.reflect.code.CtStatement
	at spoon.reflect.visitor.DefaultJavaPrettyPrinter.visitCtBlock(DefaultJavaPrettyPrinter.java:526)
	at spoon.support.reflect.code.CtBlockImpl.accept(CtBlockImpl.java:67)
	at spoon.reflect.visitor.DefaultJavaPrettyPrinter.scan(DefaultJavaPrettyPrinter.java:349)
	... 50 more
[ERROR] fr.inria.astor.core.entities.StatementOperatorInstance.defineParentInformation(StatementOperatorInstance.java:81) - Parent null or it is not a block
[ERROR] fr.inria.astor.core.entities.StatementOperatorInstance.defineParentInformation(StatementOperatorInstance.java:81) - Parent null or it is not a block
[ERROR] fr.inria.astor.core.entities.StatementOperatorInstance.defineParentInformation(StatementOperatorInstance.java:81) - Parent null or it is not a block
[ERROR] fr.inria.astor.core.entities.StatementOperatorInstance.defineParentInformation(StatementOperatorInstance.java:81) - Parent null or it is not a block
[ERROR] fr.inria.astor.core.entities.StatementOperatorInstance.defineParentInformation(StatementOperatorInstance.java:81) - Parent null or it is not a block
[ERROR] fr.inria.astor.core.entities.StatementOperatorInstance.defineParentInformation(StatementOperatorInstance.java:81) - Parent null or it is not a block
[ERROR] fr.inria.astor.core.entities.StatementOperatorInstance.defineParentInformation(StatementOperatorInstance.java:81) - Parent null or it is not a block
[ERROR] fr.inria.astor.core.entities.StatementOperatorInstance.defineParentInformation(StatementOperatorInstance.java:81) - Parent null or it is not a block
[ERROR] fr.inria.astor.core.entities.StatementOperatorInstance.defineParentInformation(StatementOperatorInstance.java:81) - Parent null or it is not a block
[ERROR] fr.inria.astor.core.entities.StatementOperatorInstance.defineParentInformation(StatementOperatorInstance.java:81) - Parent null or it is not a block
[ERROR] fr.inria.astor.core.entities.StatementOperatorInstance.defineParentInformation(StatementOperatorInstance.java:81) - Parent null or it is not a block
[ERROR] fr.inria.astor.core.entities.StatementOperatorInstance.defineParentInformation(StatementOperatorInstance.java:81) - Parent null or it is not a block
[ERROR] fr.inria.astor.core.entities.StatementOperatorInstance.defineParentInformation(StatementOperatorInstance.java:81) - Parent null or it is not a block
[ERROR] fr.inria.astor.core.entities.StatementOperatorInstance.defineParentInformation(StatementOperatorInstance.java:81) - Parent null or it is not a block
[ERROR] fr.inria.astor.core.entities.StatementOperatorInstance.defineParentInformation(StatementOperatorInstance.java:81) - Parent null or it is not a block
[ERROR] fr.inria.astor.core.entities.StatementOperatorInstance.defineParentInformation(StatementOperatorInstance.java:81) - Parent null or it is not a block
[ERROR] fr.inria.astor.core.entities.StatementOperatorInstance.defineParentInformation(StatementOperatorInstance.java:81) - Parent null or it is not a block
[ERROR] fr.inria.astor.core.entities.StatementOperatorInstance.defineParentInformation(StatementOperatorInstance.java:81) - Parent null or it is not a block
[ERROR] fr.inria.astor.core.entities.StatementOperatorInstance.defineParentInformation(StatementOperatorInstance.java:81) - Parent null or it is not a block
[ERROR] fr.inria.astor.core.entities.StatementOperatorInstance.defineParentInformation(StatementOperatorInstance.java:81) - Parent null or it is not a block
[ERROR] fr.inria.astor.core.entities.StatementOperatorInstance.defineParentInformation(StatementOperatorInstance.java:81) - Parent null or it is not a block
[ERROR] fr.inria.astor.core.entities.StatementOperatorInstance.defineParentInformation(StatementOperatorInstance.java:81) - Parent null or it is not a block
[ERROR] fr.inria.astor.core.entities.StatementOperatorInstance.defineParentInformation(StatementOperatorInstance.java:81) - Parent null or it is not a block
[ERROR] fr.inria.astor.core.entities.StatementOperatorInstance.defineParentInformation(StatementOperatorInstance.java:81) - Parent null or it is not a block
[ERROR] fr.inria.astor.core.entities.StatementOperatorInstance.defineParentInformation(StatementOperatorInstance.java:81) - Parent null or it is not a block
[ERROR] fr.inria.astor.core.entities.StatementOperatorInstance.defineParentInformation(StatementOperatorInstance.java:81) - Parent null or it is not a block
[ERROR] fr.inria.astor.core.entities.StatementOperatorInstance.defineParentInformation(StatementOperatorInstance.java:81) - Parent null or it is not a block
[ERROR] fr.inria.astor.core.entities.StatementOperatorInstance.defineParentInformation(StatementOperatorInstance.java:81) - Parent null or it is not a block
[ERROR] fr.inria.astor.core.entities.StatementOperatorInstance.defineParentInformation(StatementOperatorInstance.java:81) - Parent null or it is not a block
[ERROR] fr.inria.astor.core.entities.StatementOperatorInstance.defineParentInformation(StatementOperatorInstance.java:81) - Parent null or it is not a block
[ERROR] fr.inria.astor.core.entities.StatementOperatorInstance.defineParentInformation(StatementOperatorInstance.java:81) - Parent null or it is not a block
[ERROR] fr.inria.astor.core.entities.StatementOperatorInstance.defineParentInformation(StatementOperatorInstance.java:81) - Parent null or it is not a block
[ERROR] fr.inria.astor.core.entities.StatementOperatorInstance.defineParentInformation(StatementOperatorInstance.java:81) - Parent null or it is not a block
[ERROR] fr.inria.astor.core.entities.StatementOperatorInstance.defineParentInformation(StatementOperatorInstance.java:81) - Parent null or it is not a block
[ERROR] fr.inria.astor.approaches.cardumen.ExpressionReplaceOperator.applyChangesInModel(ExpressionReplaceOperator.java:47) - Replacement does not work for  modify pattern.length() to pattern.length()
[ERROR] fr.inria.astor.core.entities.StatementOperatorInstance.defineParentInformation(StatementOperatorInstance.java:81) - Parent null or it is not a block
[ERROR] fr.inria.astor.core.entities.StatementOperatorInstance.defineParentInformation(StatementOperatorInstance.java:81) - Parent null or it is not a block
[ERROR] fr.inria.astor.core.entities.StatementOperatorInstance.defineParentInformation(StatementOperatorInstance.java:81) - Parent null or it is not a block
[ERROR] fr.inria.astor.core.entities.StatementOperatorInstance.defineParentInformation(StatementOperatorInstance.java:81) - Parent null or it is not a block
[ERROR] fr.inria.astor.core.entities.StatementOperatorInstance.defineParentInformation(StatementOperatorInstance.java:81) - Parent null or it is not a block
[ERROR] fr.inria.astor.core.entities.StatementOperatorInstance.defineParentInformation(StatementOperatorInstance.java:81) - Parent null or it is not a block
[ERROR] fr.inria.astor.core.entities.StatementOperatorInstance.defineParentInformation(StatementOperatorInstance.java:81) - Parent null or it is not a block
[ERROR] fr.inria.astor.core.entities.StatementOperatorInstance.defineParentInformation(StatementOperatorInstance.java:81) - Parent null or it is not a block
[ERROR] fr.inria.astor.core.entities.StatementOperatorInstance.defineParentInformation(StatementOperatorInstance.java:81) - Parent null or it is not a block
[ERROR] fr.inria.astor.core.entities.StatementOperatorInstance.defineParentInformation(StatementOperatorInstance.java:81) - Parent null or it is not a block
[ERROR] fr.inria.astor.core.entities.StatementOperatorInstance.defineParentInformation(StatementOperatorInstance.java:81) - Parent null or it is not a block
[ERROR] fr.inria.astor.core.entities.StatementOperatorInstance.defineParentInformation(StatementOperatorInstance.java:81) - Parent null or it is not a block
[ERROR] fr.inria.astor.core.entities.StatementOperatorInstance.defineParentInformation(StatementOperatorInstance.java:81) - Parent null or it is not a block
[ERROR] fr.inria.astor.core.entities.StatementOperatorInstance.defineParentInformation(StatementOperatorInstance.java:81) - Parent null or it is not a block
[ERROR] fr.inria.astor.core.entities.StatementOperatorInstance.defineParentInformation(StatementOperatorInstance.java:81) - Parent null or it is not a block
[ERROR] fr.inria.astor.core.entities.StatementOperatorInstance.defineParentInformation(StatementOperatorInstance.java:81) - Parent null or it is not a block
[ERROR] fr.inria.astor.core.solutionsearch.AstorCoreEngine.saveModifVariant(AstorCoreEngine.java:332) - Problems saving cttype: org.joda.time.format.DateTimeFormatterBuilder
[ERROR] fr.inria.astor.core.manipulation.bytecode.compiler.SpoonClassCompiler.compile(SpoonClassCompiler.java:72) - Error printing class org.joda.time.format.DateTimeFormatterBuilder
spoon.SpoonException: Printing of spoon.support.reflect.code.CtBlockImpl on path 
	CtPackageImpl:org
	CtPackageImpl:joda
	CtPackageImpl:time
	CtPackageImpl:format
	CtClassImpl:DateTimeFormatterBuilder
	CtMethodImpl:append0
	CtBlockImpl
at position (/tmp/Cardumen_Defects4J_Time_9/output_astor/AstorMain-Time-9/src/default/org/joda/time/format/DateTimeFormatterBuilder.java:382) failed
	at spoon.reflect.visitor.DefaultJavaPrettyPrinter.scan(DefaultJavaPrettyPrinter.java:358)
	at spoon.reflect.visitor.DefaultJavaPrettyPrinter.visitCtMethod(DefaultJavaPrettyPrinter.java:1350)
	at spoon.support.reflect.declaration.CtMethodImpl.accept(CtMethodImpl.java:73)
	at spoon.reflect.visitor.DefaultJavaPrettyPrinter.scan(DefaultJavaPrettyPrinter.java:349)
	at spoon.reflect.visitor.ElementPrinterHelper.writeElementList(ElementPrinterHelper.java:195)
	at spoon.reflect.visitor.DefaultJavaPrettyPrinter.visitCtClass(DefaultJavaPrettyPrinter.java:621)
	at spoon.support.reflect.declaration.CtClassImpl.accept(CtClassImpl.java:67)
	at spoon.reflect.visitor.DefaultJavaPrettyPrinter.scan(DefaultJavaPrettyPrinter.java:349)
	at fr.inria.astor.core.manipulation.bytecode.compiler.SpoonClassCompiler.sourceForModelledClass(SpoonClassCompiler.java:101)
	at fr.inria.astor.core.manipulation.bytecode.compiler.SpoonClassCompiler.compile(SpoonClassCompiler.java:70)
	at fr.inria.astor.core.manipulation.bytecode.compiler.SpoonClassCompiler.compile(SpoonClassCompiler.java:56)
	at fr.inria.astor.core.solutionsearch.AstorCoreEngine.processCreatedVariant(AstorCoreEngine.java:414)
	at fr.inria.astor.core.solutionsearch.EvolutionarySearchEngine.processGenerations(EvolutionarySearchEngine.java:154)
	at fr.inria.astor.core.solutionsearch.EvolutionarySearchEngine.startEvolution(EvolutionarySearchEngine.java:68)
	at fr.inria.main.evolution.AstorMain.run(AstorMain.java:195)
	at fr.inria.main.evolution.AstorMain.execute(AstorMain.java:236)
	at fr.inria.main.evolution.AstorMain.main(AstorMain.java:210)
Caused by: java.lang.ClassCastException
[ERROR] fr.inria.astor.core.entities.StatementOperatorInstance.defineParentInformation(StatementOperatorInstance.java:81) - Parent null or it is not a block
[ERROR] fr.inria.astor.core.entities.StatementOperatorInstance.defineParentInformation(StatementOperatorInstance.java:81) - Parent null or it is not a block
[ERROR] fr.inria.astor.core.entities.StatementOperatorInstance.defineParentInformation(StatementOperatorInstance.java:81) - Parent null or it is not a block
[ERROR] fr.inria.astor.core.entities.StatementOperatorInstance.defineParentInformation(StatementOperatorInstance.java:81) - Parent null or it is not a block
[ERROR] fr.inria.astor.core.entities.StatementOperatorInstance.defineParentInformation(StatementOperatorInstance.java:81) - Parent null or it is not a block
[ERROR] fr.inria.astor.core.entities.StatementOperatorInstance.defineParentInformation(StatementOperatorInstance.java:81) - Parent null or it is not a block
[ERROR] fr.inria.astor.core.entities.StatementOperatorInstance.defineParentInformation(StatementOperatorInstance.java:81) - Parent null or it is not a block
[ERROR] fr.inria.astor.core.entities.StatementOperatorInstance.defineParentInformation(StatementOperatorInstance.java:81) - Parent null or it is not a block
[ERROR] fr.inria.astor.core.entities.StatementOperatorInstance.defineParentInformation(StatementOperatorInstance.java:81) - Parent null or it is not a block
[ERROR] fr.inria.astor.core.entities.StatementOperatorInstance.defineParentInformation(StatementOperatorInstance.java:81) - Parent null or it is not a block
[ERROR] fr.inria.astor.core.entities.StatementOperatorInstance.defineParentInformation(StatementOperatorInstance.java:81) - Parent null or it is not a block
[ERROR] fr.inria.astor.core.entities.StatementOperatorInstance.defineParentInformation(StatementOperatorInstance.java:81) - Parent null or it is not a block
[ERROR] fr.inria.astor.core.entities.StatementOperatorInstance.defineParentInformation(StatementOperatorInstance.java:81) - Parent null or it is not a block
[ERROR] fr.inria.astor.core.entities.StatementOperatorInstance.defineParentInformation(StatementOperatorInstance.java:81) - Parent null or it is not a block
[ERROR] fr.inria.astor.core.entities.StatementOperatorInstance.defineParentInformation(StatementOperatorInstance.java:81) - Parent null or it is not a block
[ERROR] fr.inria.astor.core.entities.StatementOperatorInstance.defineParentInformation(StatementOperatorInstance.java:81) - Parent null or it is not a block
[ERROR] fr.inria.astor.core.entities.StatementOperatorInstance.defineParentInformation(StatementOperatorInstance.java:81) - Parent null or it is not a block
[ERROR] fr.inria.astor.core.entities.StatementOperatorInstance.defineParentInformation(StatementOperatorInstance.java:81) - Parent null or it is not a block
[ERROR] fr.inria.astor.core.entities.StatementOperatorInstance.defineParentInformation(StatementOperatorInstance.java:81) - Parent null or it is not a block
[ERROR] fr.inria.astor.core.entities.StatementOperatorInstance.defineParentInformation(StatementOperatorInstance.java:81) - Parent null or it is not a block
[ERROR] fr.inria.astor.core.entities.StatementOperatorInstance.defineParentInformation(StatementOperatorInstance.java:81) - Parent null or it is not a block
[ERROR] fr.inria.astor.core.entities.StatementOperatorInstance.defineParentInformation(StatementOperatorInstance.java:81) - Parent null or it is not a block
[ERROR] fr.inria.astor.core.entities.StatementOperatorInstance.defineParentInformation(StatementOperatorInstance.java:81) - Parent null or it is not a block
[ERROR] fr.inria.astor.core.entities.StatementOperatorInstance.defineParentInformation(StatementOperatorInstance.java:81) - Parent null or it is not a block
[ERROR] fr.inria.astor.core.entities.StatementOperatorInstance.defineParentInformation(StatementOperatorInstance.java:81) - Parent null or it is not a block
[ERROR] fr.inria.astor.core.entities.StatementOperatorInstance.defineParentInformation(StatementOperatorInstance.java:81) - Parent null or it is not a block
[ERROR] fr.inria.astor.core.entities.StatementOperatorInstance.defineParentInformation(StatementOperatorInstance.java:81) - Parent null or it is not a block
[ERROR] fr.inria.astor.core.entities.StatementOperatorInstance.defineParentInformation(StatementOperatorInstance.java:81) - Parent null or it is not a block
[ERROR] fr.inria.astor.core.entities.StatementOperatorInstance.defineParentInformation(StatementOperatorInstance.java:81) - Parent null or it is not a block
[ERROR] fr.inria.astor.core.entities.StatementOperatorInstance.defineParentInformation(StatementOperatorInstance.java:81) - Parent null or it is not a block
[ERROR] fr.inria.astor.core.entities.StatementOperatorInstance.defineParentInformation(StatementOperatorInstance.java:81) - Parent null or it is not a block
[ERROR] fr.inria.astor.core.entities.StatementOperatorInstance.defineParentInformation(StatementOperatorInstance.java:81) - Parent null or it is not a block
[ERROR] fr.inria.astor.core.entities.StatementOperatorInstance.defineParentInformation(StatementOperatorInstance.java:81) - Parent null or it is not a block
[ERROR] fr.inria.astor.core.entities.StatementOperatorInstance.defineParentInformation(StatementOperatorInstance.java:81) - Parent null or it is not a block
[ERROR] fr.inria.astor.core.entities.StatementOperatorInstance.defineParentInformation(StatementOperatorInstance.java:81) - Parent null or it is not a block
[ERROR] fr.inria.astor.core.entities.StatementOperatorInstance.defineParentInformation(StatementOperatorInstance.java:81) - Parent null or it is not a block
[ERROR] fr.inria.astor.core.entities.StatementOperatorInstance.defineParentInformation(StatementOperatorInstance.java:81) - Parent null or it is not a block
[ERROR] fr.inria.astor.core.entities.StatementOperatorInstance.defineParentInformation(StatementOperatorInstance.java:81) - Parent null or it is not a block
[ERROR] fr.inria.astor.core.entities.StatementOperatorInstance.defineParentInformation(StatementOperatorInstance.java:81) - Parent null or it is not a block
[ERROR] fr.inria.astor.core.entities.StatementOperatorInstance.defineParentInformation(StatementOperatorInstance.java:81) - Parent null or it is not a block
[ERROR] fr.inria.astor.core.entities.StatementOperatorInstance.defineParentInformation(StatementOperatorInstance.java:81) - Parent null or it is not a block
[ERROR] fr.inria.astor.core.entities.StatementOperatorInstance.defineParentInformation(StatementOperatorInstance.java:81) - Parent null or it is not a block
[ERROR] fr.inria.astor.core.entities.StatementOperatorInstance.defineParentInformation(StatementOperatorInstance.java:81) - Parent null or it is not a block
[ERROR] fr.inria.astor.core.entities.StatementOperatorInstance.defineParentInformation(StatementOperatorInstance.java:81) - Parent null or it is not a block
[ERROR] fr.inria.astor.core.entities.StatementOperatorInstance.defineParentInformation(StatementOperatorInstance.java:81) - Parent null or it is not a block
[ERROR] fr.inria.astor.core.entities.StatementOperatorInstance.defineParentInformation(StatementOperatorInstance.java:81) - Parent null or it is not a block
[ERROR] fr.inria.astor.core.entities.StatementOperatorInstance.defineParentInformation(StatementOperatorInstance.java:81) - Parent null or it is not a block
[ERROR] fr.inria.astor.core.entities.StatementOperatorInstance.defineParentInformation(StatementOperatorInstance.java:81) - Parent null or it is not a block
[ERROR] fr.inria.astor.core.entities.StatementOperatorInstance.defineParentInformation(StatementOperatorInstance.java:81) - Parent null or it is not a block
[ERROR] fr.inria.astor.core.entities.StatementOperatorInstance.defineParentInformation(StatementOperatorInstance.java:81) - Parent null or it is not a block
[ERROR] fr.inria.astor.core.entities.StatementOperatorInstance.defineParentInformation(StatementOperatorInstance.java:81) - Parent null or it is not a block
[ERROR] fr.inria.astor.core.entities.StatementOperatorInstance.defineParentInformation(StatementOperatorInstance.java:81) - Parent null or it is not a block
[ERROR] fr.inria.astor.core.entities.StatementOperatorInstance.defineParentInformation(StatementOperatorInstance.java:81) - Parent null or it is not a block
[ERROR] fr.inria.astor.core.entities.StatementOperatorInstance.defineParentInformation(StatementOperatorInstance.java:81) - Parent null or it is not a block
[ERROR] fr.inria.astor.core.entities.StatementOperatorInstance.defineParentInformation(StatementOperatorInstance.java:81) - Parent null or it is not a block
[ERROR] fr.inria.astor.core.entities.StatementOperatorInstance.defineParentInformation(StatementOperatorInstance.java:81) - Parent null or it is not a block
[ERROR] fr.inria.astor.core.entities.StatementOperatorInstance.defineParentInformation(StatementOperatorInstance.java:81) - Parent null or it is not a block
[ERROR] fr.inria.astor.core.entities.StatementOperatorInstance.defineParentInformation(StatementOperatorInstance.java:81) - Parent null or it is not a block
[ERROR] fr.inria.astor.core.entities.StatementOperatorInstance.defineParentInformation(StatementOperatorInstance.java:81) - Parent null or it is not a block
[ERROR] fr.inria.astor.approaches.cardumen.ExpressionReplaceOperator.applyChangesInModel(ExpressionReplaceOperator.java:31) - error to modify size-- to ((value - (value << 3)) - (value << 1)) + '0'
[ERROR] fr.inria.astor.core.entities.StatementOperatorInstance.defineParentInformation(StatementOperatorInstance.java:81) - Parent null or it is not a block
[INFO ] fr.inria.astor.core.validation.processbased.LaucherJUnitProcess.killProcess(LaucherJUnitProcess.java:171) - The Process that runs JUnit test cases did not terminate within waitTime of 10 seconds
[INFO ] fr.inria.astor.core.validation.processbased.LaucherJUnitProcess.killProcess(LaucherJUnitProcess.java:173) - Killed the Process that runs JUnit test cases 8778
[ERROR] fr.inria.astor.core.entities.StatementOperatorInstance.defineParentInformation(StatementOperatorInstance.java:81) - Parent null or it is not a block
[INFO ] fr.inria.astor.core.validation.processbased.LaucherJUnitProcess.killProcess(LaucherJUnitProcess.java:171) - The Process that runs JUnit test cases did not terminate within waitTime of 10 seconds
[INFO ] fr.inria.astor.core.validation.processbased.LaucherJUnitProcess.killProcess(LaucherJUnitProcess.java:173) - Killed the Process that runs JUnit test cases 8802
[INFO ] fr.inria.astor.core.validation.processbased.LaucherJUnitProcess.killProcess(LaucherJUnitProcess.java:171) - The Process that runs JUnit test cases did not terminate within waitTime of 10 seconds
[INFO ] fr.inria.astor.core.validation.processbased.LaucherJUnitProcess.killProcess(LaucherJUnitProcess.java:173) - Killed the Process that runs JUnit test cases 8826
[ERROR] fr.inria.astor.core.entities.StatementOperatorInstance.defineParentInformation(StatementOperatorInstance.java:81) - Parent null or it is not a block
[INFO ] fr.inria.astor.core.validation.processbased.LaucherJUnitProcess.killProcess(LaucherJUnitProcess.java:171) - The Process that runs JUnit test cases did not terminate within waitTime of 10 seconds
[INFO ] fr.inria.astor.core.validation.processbased.LaucherJUnitProcess.killProcess(LaucherJUnitProcess.java:173) - Killed the Process that runs JUnit test cases 8852
[ERROR] fr.inria.astor.core.entities.StatementOperatorInstance.defineParentInformation(StatementOperatorInstance.java:81) - Parent null or it is not a block
[INFO ] fr.inria.astor.core.validation.processbased.LaucherJUnitProcess.killProcess(LaucherJUnitProcess.java:171) - The Process that runs JUnit test cases did not terminate within waitTime of 10 seconds
[INFO ] fr.inria.astor.core.validation.processbased.LaucherJUnitProcess.killProcess(LaucherJUnitProcess.java:173) - Killed the Process that runs JUnit test cases 8876
[INFO ] fr.inria.astor.core.validation.processbased.LaucherJUnitProcess.killProcess(LaucherJUnitProcess.java:171) - The Process that runs JUnit test cases did not terminate within waitTime of 10 seconds
[INFO ] fr.inria.astor.core.validation.processbased.LaucherJUnitProcess.killProcess(LaucherJUnitProcess.java:173) - Killed the Process that runs JUnit test cases 8900
[ERROR] fr.inria.astor.core.entities.StatementOperatorInstance.defineParentInformation(StatementOperatorInstance.java:81) - Parent null or it is not a block
[INFO ] fr.inria.astor.core.validation.processbased.LaucherJUnitProcess.killProcess(LaucherJUnitProcess.java:171) - The Process that runs JUnit test cases did not terminate within waitTime of 10 seconds
[INFO ] fr.inria.astor.core.validation.processbased.LaucherJUnitProcess.killProcess(LaucherJUnitProcess.java:173) - Killed the Process that runs JUnit test cases 8924
[ERROR] fr.inria.astor.core.entities.StatementOperatorInstance.defineParentInformation(StatementOperatorInstance.java:81) - Parent null or it is not a block
[INFO ] fr.inria.astor.core.validation.processbased.LaucherJUnitProcess.killProcess(LaucherJUnitProcess.java:171) - The Process that runs JUnit test cases did not terminate within waitTime of 10 seconds
[INFO ] fr.inria.astor.core.validation.processbased.LaucherJUnitProcess.killProcess(LaucherJUnitProcess.java:173) - Killed the Process that runs JUnit test cases 8950
[ERROR] fr.inria.astor.core.entities.StatementOperatorInstance.defineParentInformation(StatementOperatorInstance.java:81) - Parent null or it is not a block
[INFO ] fr.inria.astor.core.validation.processbased.LaucherJUnitProcess.killProcess(LaucherJUnitProcess.java:171) - The Process that runs JUnit test cases did not terminate within waitTime of 10 seconds
[INFO ] fr.inria.astor.core.validation.processbased.LaucherJUnitProcess.killProcess(LaucherJUnitProcess.java:173) - Killed the Process that runs JUnit test cases 8974
[ERROR] fr.inria.astor.core.entities.StatementOperatorInstance.defineParentInformation(StatementOperatorInstance.java:81) - Parent null or it is not a block
[INFO ] fr.inria.astor.core.validation.processbased.LaucherJUnitProcess.killProcess(LaucherJUnitProcess.java:171) - The Process that runs JUnit test cases did not terminate within waitTime of 10 seconds
[INFO ] fr.inria.astor.core.validation.processbased.LaucherJUnitProcess.killProcess(LaucherJUnitProcess.java:173) - Killed the Process that runs JUnit test cases 8998
[ERROR] fr.inria.astor.core.manipulation.sourcecode.VariableResolver$5.compare(VariableResolver.java:1046) - Var not found in global ngram: MAX_MILLIS
[ERROR] fr.inria.astor.core.entities.StatementOperatorInstance.defineParentInformation(StatementOperatorInstance.java:81) - Parent null or it is not a block
[INFO ] fr.inria.astor.core.validation.processbased.LaucherJUnitProcess.killProcess(LaucherJUnitProcess.java:171) - The Process that runs JUnit test cases did not terminate within waitTime of 10 seconds
[INFO ] fr.inria.astor.core.validation.processbased.LaucherJUnitProcess.killProcess(LaucherJUnitProcess.java:173) - Killed the Process that runs JUnit test cases 9024
[ERROR] fr.inria.astor.core.entities.StatementOperatorInstance.defineParentInformation(StatementOperatorInstance.java:81) - Parent null or it is not a block
[INFO ] fr.inria.astor.core.validation.processbased.LaucherJUnitProcess.killProcess(LaucherJUnitProcess.java:171) - The Process that runs JUnit test cases did not terminate within waitTime of 10 seconds
[INFO ] fr.inria.astor.core.validation.processbased.LaucherJUnitProcess.killProcess(LaucherJUnitProcess.java:173) - Killed the Process that runs JUnit test cases 9081
[ERROR] fr.inria.astor.core.entities.StatementOperatorInstance.defineParentInformation(StatementOperatorInstance.java:81) - Parent null or it is not a block
[INFO ] fr.inria.astor.core.validation.processbased.LaucherJUnitProcess.killProcess(LaucherJUnitProcess.java:171) - The Process that runs JUnit test cases did not terminate within waitTime of 10 seconds
[INFO ] fr.inria.astor.core.validation.processbased.LaucherJUnitProcess.killProcess(LaucherJUnitProcess.java:173) - Killed the Process that runs JUnit test cases 9105
[ERROR] fr.inria.astor.core.entities.StatementOperatorInstance.defineParentInformation(StatementOperatorInstance.java:81) - Parent null or it is not a block
[INFO ] fr.inria.astor.core.validation.processbased.LaucherJUnitProcess.killProcess(LaucherJUnitProcess.java:171) - The Process that runs JUnit test cases did not terminate within waitTime of 10 seconds
[INFO ] fr.inria.astor.core.validation.processbased.LaucherJUnitProcess.killProcess(LaucherJUnitProcess.java:173) - Killed the Process that runs JUnit test cases 9131
[ERROR] fr.inria.astor.core.entities.StatementOperatorInstance.defineParentInformation(StatementOperatorInstance.java:81) - Parent null or it is not a block
[ERROR] fr.inria.astor.core.entities.StatementOperatorInstance.defineParentInformation(StatementOperatorInstance.java:81) - Parent null or it is not a block
[INFO ] fr.inria.astor.core.validation.processbased.LaucherJUnitProcess.killProcess(LaucherJUnitProcess.java:171) - The Process that runs JUnit test cases did not terminate within waitTime of 10 seconds
[INFO ] fr.inria.astor.core.validation.processbased.LaucherJUnitProcess.killProcess(LaucherJUnitProcess.java:173) - Killed the Process that runs JUnit test cases 9158
[ERROR] fr.inria.astor.core.entities.StatementOperatorInstance.defineParentInformation(StatementOperatorInstance.java:81) - Parent null or it is not a block
[INFO ] fr.inria.astor.core.validation.processbased.LaucherJUnitProcess.killProcess(LaucherJUnitProcess.java:171) - The Process that runs JUnit test cases did not terminate within waitTime of 10 seconds
[INFO ] fr.inria.astor.core.validation.processbased.LaucherJUnitProcess.killProcess(LaucherJUnitProcess.java:173) - Killed the Process that runs JUnit test cases 9182
[ERROR] fr.inria.astor.core.entities.StatementOperatorInstance.defineParentInformation(StatementOperatorInstance.java:81) - Parent null or it is not a block
[INFO ] fr.inria.astor.core.validation.processbased.LaucherJUnitProcess.killProcess(LaucherJUnitProcess.java:171) - The Process that runs JUnit test cases did not terminate within waitTime of 10 seconds
[INFO ] fr.inria.astor.core.validation.processbased.LaucherJUnitProcess.killProcess(LaucherJUnitProcess.java:173) - Killed the Process that runs JUnit test cases 9206
[ERROR] fr.inria.astor.core.entities.StatementOperatorInstance.defineParentInformation(StatementOperatorInstance.java:81) - Parent null or it is not a block
[INFO ] fr.inria.astor.core.validation.processbased.LaucherJUnitProcess.killProcess(LaucherJUnitProcess.java:171) - The Process that runs JUnit test cases did not terminate within waitTime of 10 seconds
[INFO ] fr.inria.astor.core.validation.processbased.LaucherJUnitProcess.killProcess(LaucherJUnitProcess.java:173) - Killed the Process that runs JUnit test cases 9232
[ERROR] fr.inria.astor.core.entities.StatementOperatorInstance.defineParentInformation(StatementOperatorInstance.java:81) - Parent null or it is not a block
[INFO ] fr.inria.astor.core.validation.processbased.LaucherJUnitProcess.killProcess(LaucherJUnitProcess.java:171) - The Process that runs JUnit test cases did not terminate within waitTime of 10 seconds
[INFO ] fr.inria.astor.core.validation.processbased.LaucherJUnitProcess.killProcess(LaucherJUnitProcess.java:173) - Killed the Process that runs JUnit test cases 9256
[ERROR] fr.inria.astor.core.entities.StatementOperatorInstance.defineParentInformation(StatementOperatorInstance.java:81) - Parent null or it is not a block
[INFO ] fr.inria.astor.core.validation.processbased.LaucherJUnitProcess.killProcess(LaucherJUnitProcess.java:171) - The Process that runs JUnit test cases did not terminate within waitTime of 10 seconds
[INFO ] fr.inria.astor.core.validation.processbased.LaucherJUnitProcess.killProcess(LaucherJUnitProcess.java:173) - Killed the Process that runs JUnit test cases 9280
[ERROR] fr.inria.astor.core.entities.StatementOperatorInstance.defineParentInformation(StatementOperatorInstance.java:81) - Parent null or it is not a block
[INFO ] fr.inria.astor.core.validation.processbased.LaucherJUnitProcess.killProcess(LaucherJUnitProcess.java:171) - The Process that runs JUnit test cases did not terminate within waitTime of 10 seconds
[INFO ] fr.inria.astor.core.validation.processbased.LaucherJUnitProcess.killProcess(LaucherJUnitProcess.java:173) - Killed the Process that runs JUnit test cases 9304
[ERROR] fr.inria.astor.core.entities.StatementOperatorInstance.defineParentInformation(StatementOperatorInstance.java:81) - Parent null or it is not a block
[ERROR] fr.inria.astor.core.manipulation.sourcecode.VariableResolver$5.compare(VariableResolver.java:1046) - Var not found in global ngram: MAX_MILLIS
[ERROR] fr.inria.astor.core.manipulation.sourcecode.VariableResolver$5.compare(VariableResolver.java:1046) - Var not found in global ngram: MAX_MILLIS
[ERROR] fr.inria.astor.core.entities.StatementOperatorInstance.defineParentInformation(StatementOperatorInstance.java:81) - Parent null or it is not a block
[INFO ] fr.inria.astor.core.validation.processbased.LaucherJUnitProcess.killProcess(LaucherJUnitProcess.java:171) - The Process that runs JUnit test cases did not terminate within waitTime of 10 seconds
[INFO ] fr.inria.astor.core.validation.processbased.LaucherJUnitProcess.killProcess(LaucherJUnitProcess.java:173) - Killed the Process that runs JUnit test cases 9330
[ERROR] fr.inria.astor.core.manipulation.sourcecode.VariableResolver$5.compare(VariableResolver.java:1046) - Var not found in global ngram: MAX_MILLIS
[ERROR] fr.inria.astor.core.manipulation.sourcecode.VariableResolver$5.compare(VariableResolver.java:1046) - Var not found in global ngram: MAX_MILLIS
[ERROR] fr.inria.astor.core.entities.StatementOperatorInstance.defineParentInformation(StatementOperatorInstance.java:81) - Parent null or it is not a block
[ERROR] fr.inria.astor.core.entities.StatementOperatorInstance.defineParentInformation(StatementOperatorInstance.java:81) - Parent null or it is not a block
[INFO ] fr.inria.astor.core.validation.processbased.LaucherJUnitProcess.killProcess(LaucherJUnitProcess.java:171) - The Process that runs JUnit test cases did not terminate within waitTime of 10 seconds
[INFO ] fr.inria.astor.core.validation.processbased.LaucherJUnitProcess.killProcess(LaucherJUnitProcess.java:173) - Killed the Process that runs JUnit test cases 9376
[ERROR] fr.inria.astor.core.entities.StatementOperatorInstance.defineParentInformation(StatementOperatorInstance.java:81) - Parent null or it is not a block
[INFO ] fr.inria.astor.core.validation.processbased.LaucherJUnitProcess.killProcess(LaucherJUnitProcess.java:171) - The Process that runs JUnit test cases did not terminate within waitTime of 10 seconds
[INFO ] fr.inria.astor.core.validation.processbased.LaucherJUnitProcess.killProcess(LaucherJUnitProcess.java:173) - Killed the Process that runs JUnit test cases 9402
[ERROR] fr.inria.astor.core.entities.StatementOperatorInstance.defineParentInformation(StatementOperatorInstance.java:81) - Parent null or it is not a block
[INFO ] fr.inria.astor.core.validation.processbased.LaucherJUnitProcess.killProcess(LaucherJUnitProcess.java:171) - The Process that runs JUnit test cases did not terminate within waitTime of 10 seconds
[INFO ] fr.inria.astor.core.validation.processbased.LaucherJUnitProcess.killProcess(LaucherJUnitProcess.java:173) - Killed the Process that runs JUnit test cases 9426
[ERROR] fr.inria.astor.core.entities.StatementOperatorInstance.defineParentInformation(StatementOperatorInstance.java:81) - Parent null or it is not a block
[INFO ] fr.inria.astor.core.validation.processbased.LaucherJUnitProcess.killProcess(LaucherJUnitProcess.java:171) - The Process that runs JUnit test cases did not terminate within waitTime of 10 seconds
[INFO ] fr.inria.astor.core.validation.processbased.LaucherJUnitProcess.killProcess(LaucherJUnitProcess.java:173) - Killed the Process that runs JUnit test cases 9450
[ERROR] fr.inria.astor.core.entities.StatementOperatorInstance.defineParentInformation(StatementOperatorInstance.java:81) - Parent null or it is not a block
[INFO ] fr.inria.astor.core.validation.processbased.LaucherJUnitProcess.killProcess(LaucherJUnitProcess.java:171) - The Process that runs JUnit test cases did not terminate within waitTime of 10 seconds
[INFO ] fr.inria.astor.core.validation.processbased.LaucherJUnitProcess.killProcess(LaucherJUnitProcess.java:173) - Killed the Process that runs JUnit test cases 9476
[ERROR] fr.inria.astor.core.entities.StatementOperatorInstance.defineParentInformation(StatementOperatorInstance.java:81) - Parent null or it is not a block
[INFO ] fr.inria.astor.core.validation.processbased.LaucherJUnitProcess.killProcess(LaucherJUnitProcess.java:171) - The Process that runs JUnit test cases did not terminate within waitTime of 10 seconds
[INFO ] fr.inria.astor.core.validation.processbased.LaucherJUnitProcess.killProcess(LaucherJUnitProcess.java:173) - Killed the Process that runs JUnit test cases 9500
[ERROR] fr.inria.astor.core.entities.StatementOperatorInstance.defineParentInformation(StatementOperatorInstance.java:81) - Parent null or it is not a block
[INFO ] fr.inria.astor.core.validation.processbased.LaucherJUnitProcess.killProcess(LaucherJUnitProcess.java:171) - The Process that runs JUnit test cases did not terminate within waitTime of 10 seconds
[INFO ] fr.inria.astor.core.validation.processbased.LaucherJUnitProcess.killProcess(LaucherJUnitProcess.java:173) - Killed the Process that runs JUnit test cases 9527
[ERROR] fr.inria.astor.core.entities.StatementOperatorInstance.defineParentInformation(StatementOperatorInstance.java:81) - Parent null or it is not a block
[INFO ] fr.inria.astor.core.validation.processbased.LaucherJUnitProcess.killProcess(LaucherJUnitProcess.java:171) - The Process that runs JUnit test cases did not terminate within waitTime of 10 seconds
[INFO ] fr.inria.astor.core.validation.processbased.LaucherJUnitProcess.killProcess(LaucherJUnitProcess.java:173) - Killed the Process that runs JUnit test cases 9553
[ERROR] fr.inria.astor.core.entities.StatementOperatorInstance.defineParentInformation(StatementOperatorInstance.java:81) - Parent null or it is not a block
[INFO ] fr.inria.astor.core.validation.processbased.LaucherJUnitProcess.killProcess(LaucherJUnitProcess.java:171) - The Process that runs JUnit test cases did not terminate within waitTime of 10 seconds
[INFO ] fr.inria.astor.core.validation.processbased.LaucherJUnitProcess.killProcess(LaucherJUnitProcess.java:173) - Killed the Process that runs JUnit test cases 9599
[ERROR] fr.inria.astor.core.entities.StatementOperatorInstance.defineParentInformation(StatementOperatorInstance.java:81) - Parent null or it is not a block
[INFO ] fr.inria.astor.core.validation.processbased.LaucherJUnitProcess.killProcess(LaucherJUnitProcess.java:171) - The Process that runs JUnit test cases did not terminate within waitTime of 10 seconds
[INFO ] fr.inria.astor.core.validation.processbased.LaucherJUnitProcess.killProcess(LaucherJUnitProcess.java:173) - Killed the Process that runs JUnit test cases 9623
[ERROR] fr.inria.astor.core.entities.StatementOperatorInstance.defineParentInformation(StatementOperatorInstance.java:81) - Parent null or it is not a block
[ERROR] fr.inria.astor.core.entities.StatementOperatorInstance.defineParentInformation(StatementOperatorInstance.java:81) - Parent null or it is not a block
[INFO ] fr.inria.astor.core.validation.processbased.LaucherJUnitProcess.killProcess(LaucherJUnitProcess.java:171) - The Process that runs JUnit test cases did not terminate within waitTime of 10 seconds
[INFO ] fr.inria.astor.core.validation.processbased.LaucherJUnitProcess.killProcess(LaucherJUnitProcess.java:173) - Killed the Process that runs JUnit test cases 9649
[INFO ] fr.inria.astor.core.validation.processbased.LaucherJUnitProcess.killProcess(LaucherJUnitProcess.java:171) - The Process that runs JUnit test cases did not terminate within waitTime of 10 seconds
[INFO ] fr.inria.astor.core.validation.processbased.LaucherJUnitProcess.killProcess(LaucherJUnitProcess.java:173) - Killed the Process that runs JUnit test cases 9678
[ERROR] fr.inria.astor.core.entities.StatementOperatorInstance.defineParentInformation(StatementOperatorInstance.java:81) - Parent null or it is not a block
[INFO ] fr.inria.astor.core.validation.processbased.LaucherJUnitProcess.killProcess(LaucherJUnitProcess.java:171) - The Process that runs JUnit test cases did not terminate within waitTime of 10 seconds
[INFO ] fr.inria.astor.core.validation.processbased.LaucherJUnitProcess.killProcess(LaucherJUnitProcess.java:173) - Killed the Process that runs JUnit test cases 9702
[INFO ] fr.inria.astor.core.validation.processbased.LaucherJUnitProcess.killProcess(LaucherJUnitProcess.java:171) - The Process that runs JUnit test cases did not terminate within waitTime of 10 seconds
[INFO ] fr.inria.astor.core.validation.processbased.LaucherJUnitProcess.killProcess(LaucherJUnitProcess.java:173) - Killed the Process that runs JUnit test cases 9726
[ERROR] fr.inria.astor.core.entities.StatementOperatorInstance.defineParentInformation(StatementOperatorInstance.java:81) - Parent null or it is not a block
[INFO ] fr.inria.astor.core.validation.processbased.LaucherJUnitProcess.killProcess(LaucherJUnitProcess.java:171) - The Process that runs JUnit test cases did not terminate within waitTime of 10 seconds
[INFO ] fr.inria.astor.core.validation.processbased.LaucherJUnitProcess.killProcess(LaucherJUnitProcess.java:173) - Killed the Process that runs JUnit test cases 9752
[ERROR] fr.inria.astor.core.entities.StatementOperatorInstance.defineParentInformation(StatementOperatorInstance.java:81) - Parent null or it is not a block
[INFO ] fr.inria.astor.core.validation.processbased.LaucherJUnitProcess.killProcess(LaucherJUnitProcess.java:171) - The Process that runs JUnit test cases did not terminate within waitTime of 10 seconds
[INFO ] fr.inria.astor.core.validation.processbased.LaucherJUnitProcess.killProcess(LaucherJUnitProcess.java:173) - Killed the Process that runs JUnit test cases 9776
[ERROR] fr.inria.astor.core.entities.StatementOperatorInstance.defineParentInformation(StatementOperatorInstance.java:81) - Parent null or it is not a block
[INFO ] fr.inria.astor.core.validation.processbased.LaucherJUnitProcess.killProcess(LaucherJUnitProcess.java:171) - The Process that runs JUnit test cases did not terminate within waitTime of 10 seconds
[INFO ] fr.inria.astor.core.validation.processbased.LaucherJUnitProcess.killProcess(LaucherJUnitProcess.java:173) - Killed the Process that runs JUnit test cases 9800
[ERROR] fr.inria.astor.core.entities.StatementOperatorInstance.defineParentInformation(StatementOperatorInstance.java:81) - Parent null or it is not a block
[INFO ] fr.inria.astor.core.validation.processbased.LaucherJUnitProcess.killProcess(LaucherJUnitProcess.java:171) - The Process that runs JUnit test cases did not terminate within waitTime of 10 seconds
[INFO ] fr.inria.astor.core.validation.processbased.LaucherJUnitProcess.killProcess(LaucherJUnitProcess.java:173) - Killed the Process that runs JUnit test cases 9826
[ERROR] fr.inria.astor.core.entities.StatementOperatorInstance.defineParentInformation(StatementOperatorInstance.java:81) - Parent null or it is not a block
[INFO ] fr.inria.astor.core.validation.processbased.LaucherJUnitProcess.killProcess(LaucherJUnitProcess.java:171) - The Process that runs JUnit test cases did not terminate within waitTime of 10 seconds
[INFO ] fr.inria.astor.core.validation.processbased.LaucherJUnitProcess.killProcess(LaucherJUnitProcess.java:173) - Killed the Process that runs JUnit test cases 9850
[ERROR] fr.inria.astor.core.entities.StatementOperatorInstance.defineParentInformation(StatementOperatorInstance.java:81) - Parent null or it is not a block
[INFO ] fr.inria.astor.core.validation.processbased.LaucherJUnitProcess.killProcess(LaucherJUnitProcess.java:171) - The Process that runs JUnit test cases did not terminate within waitTime of 10 seconds
[INFO ] fr.inria.astor.core.validation.processbased.LaucherJUnitProcess.killProcess(LaucherJUnitProcess.java:173) - Killed the Process that runs JUnit test cases 9874
[ERROR] fr.inria.astor.core.entities.StatementOperatorInstance.defineParentInformation(StatementOperatorInstance.java:81) - Parent null or it is not a block
[INFO ] fr.inria.astor.core.validation.processbased.LaucherJUnitProcess.killProcess(LaucherJUnitProcess.java:171) - The Process that runs JUnit test cases did not terminate within waitTime of 10 seconds
[INFO ] fr.inria.astor.core.validation.processbased.LaucherJUnitProcess.killProcess(LaucherJUnitProcess.java:173) - Killed the Process that runs JUnit test cases 9901
[ERROR] fr.inria.astor.core.entities.StatementOperatorInstance.defineParentInformation(StatementOperatorInstance.java:81) - Parent null or it is not a block
[INFO ] fr.inria.astor.core.validation.processbased.LaucherJUnitProcess.killProcess(LaucherJUnitProcess.java:171) - The Process that runs JUnit test cases did not terminate within waitTime of 10 seconds
[INFO ] fr.inria.astor.core.validation.processbased.LaucherJUnitProcess.killProcess(LaucherJUnitProcess.java:173) - Killed the Process that runs JUnit test cases 9925
[ERROR] fr.inria.astor.core.entities.StatementOperatorInstance.defineParentInformation(StatementOperatorInstance.java:81) - Parent null or it is not a block
[INFO ] fr.inria.astor.core.validation.processbased.LaucherJUnitProcess.killProcess(LaucherJUnitProcess.java:171) - The Process that runs JUnit test cases did not terminate within waitTime of 10 seconds
[INFO ] fr.inria.astor.core.validation.processbased.LaucherJUnitProcess.killProcess(LaucherJUnitProcess.java:173) - Killed the Process that runs JUnit test cases 9949
[ERROR] fr.inria.astor.core.entities.StatementOperatorInstance.defineParentInformation(StatementOperatorInstance.java:81) - Parent null or it is not a block
[INFO ] fr.inria.astor.core.validation.processbased.LaucherJUnitProcess.killProcess(LaucherJUnitProcess.java:171) - The Process that runs JUnit test cases did not terminate within waitTime of 10 seconds
[INFO ] fr.inria.astor.core.validation.processbased.LaucherJUnitProcess.killProcess(LaucherJUnitProcess.java:173) - Killed the Process that runs JUnit test cases 9973
[INFO ] fr.inria.astor.core.validation.processbased.LaucherJUnitProcess.killProcess(LaucherJUnitProcess.java:171) - The Process that runs JUnit test cases did not terminate within waitTime of 10 seconds
[INFO ] fr.inria.astor.core.validation.processbased.LaucherJUnitProcess.killProcess(LaucherJUnitProcess.java:173) - Killed the Process that runs JUnit test cases 9999
[ERROR] fr.inria.astor.core.entities.StatementOperatorInstance.defineParentInformation(StatementOperatorInstance.java:81) - Parent null or it is not a block
[INFO ] fr.inria.astor.core.validation.processbased.LaucherJUnitProcess.killProcess(LaucherJUnitProcess.java:171) - The Process that runs JUnit test cases did not terminate within waitTime of 10 seconds
[INFO ] fr.inria.astor.core.validation.processbased.LaucherJUnitProcess.killProcess(LaucherJUnitProcess.java:173) - Killed the Process that runs JUnit test cases 10023
[ERROR] fr.inria.astor.core.entities.StatementOperatorInstance.defineParentInformation(StatementOperatorInstance.java:81) - Parent null or it is not a block
[INFO ] fr.inria.astor.core.validation.processbased.LaucherJUnitProcess.killProcess(LaucherJUnitProcess.java:171) - The Process that runs JUnit test cases did not terminate within waitTime of 10 seconds
[INFO ] fr.inria.astor.core.validation.processbased.LaucherJUnitProcess.killProcess(LaucherJUnitProcess.java:173) - Killed the Process that runs JUnit test cases 10047
[ERROR] fr.inria.astor.core.entities.StatementOperatorInstance.defineParentInformation(StatementOperatorInstance.java:81) - Parent null or it is not a block
[INFO ] fr.inria.astor.core.validation.processbased.LaucherJUnitProcess.killProcess(LaucherJUnitProcess.java:171) - The Process that runs JUnit test cases did not terminate within waitTime of 10 seconds
[INFO ] fr.inria.astor.core.validation.processbased.LaucherJUnitProcess.killProcess(LaucherJUnitProcess.java:173) - Killed the Process that runs JUnit test cases 10073
[ERROR] fr.inria.astor.core.entities.StatementOperatorInstance.defineParentInformation(StatementOperatorInstance.java:81) - Parent null or it is not a block
[INFO ] fr.inria.astor.core.validation.processbased.LaucherJUnitProcess.killProcess(LaucherJUnitProcess.java:171) - The Process that runs JUnit test cases did not terminate within waitTime of 10 seconds
[INFO ] fr.inria.astor.core.validation.processbased.LaucherJUnitProcess.killProcess(LaucherJUnitProcess.java:173) - Killed the Process that runs JUnit test cases 10097
[ERROR] fr.inria.astor.core.entities.StatementOperatorInstance.defineParentInformation(StatementOperatorInstance.java:81) - Parent null or it is not a block
[INFO ] fr.inria.astor.core.validation.processbased.LaucherJUnitProcess.killProcess(LaucherJUnitProcess.java:171) - The Process that runs JUnit test cases did not terminate within waitTime of 10 seconds
[INFO ] fr.inria.astor.core.validation.processbased.LaucherJUnitProcess.killProcess(LaucherJUnitProcess.java:173) - Killed the Process that runs JUnit test cases 10121
[ERROR] fr.inria.astor.core.entities.StatementOperatorInstance.defineParentInformation(StatementOperatorInstance.java:81) - Parent null or it is not a block
[INFO ] fr.inria.astor.core.validation.processbased.LaucherJUnitProcess.killProcess(LaucherJUnitProcess.java:171) - The Process that runs JUnit test cases did not terminate within waitTime of 10 seconds
[INFO ] fr.inria.astor.core.validation.processbased.LaucherJUnitProcess.killProcess(LaucherJUnitProcess.java:173) - Killed the Process that runs JUnit test cases 10145
[INFO ] fr.inria.astor.core.validation.processbased.LaucherJUnitProcess.killProcess(LaucherJUnitProcess.java:171) - The Process that runs JUnit test cases did not terminate within waitTime of 10 seconds
[INFO ] fr.inria.astor.core.validation.processbased.LaucherJUnitProcess.killProcess(LaucherJUnitProcess.java:173) - Killed the Process that runs JUnit test cases 10171
[ERROR] fr.inria.astor.core.entities.StatementOperatorInstance.defineParentInformation(StatementOperatorInstance.java:81) - Parent null or it is not a block
[INFO ] fr.inria.astor.core.validation.processbased.LaucherJUnitProcess.killProcess(LaucherJUnitProcess.java:171) - The Process that runs JUnit test cases did not terminate within waitTime of 10 seconds
[INFO ] fr.inria.astor.core.validation.processbased.LaucherJUnitProcess.killProcess(LaucherJUnitProcess.java:173) - Killed the Process that runs JUnit test cases 10195
[INFO ] fr.inria.astor.core.validation.processbased.LaucherJUnitProcess.killProcess(LaucherJUnitProcess.java:171) - The Process that runs JUnit test cases did not terminate within waitTime of 10 seconds
[INFO ] fr.inria.astor.core.validation.processbased.LaucherJUnitProcess.killProcess(LaucherJUnitProcess.java:173) - Killed the Process that runs JUnit test cases 10219
[ERROR] fr.inria.astor.core.entities.StatementOperatorInstance.defineParentInformation(StatementOperatorInstance.java:81) - Parent null or it is not a block
[INFO ] fr.inria.astor.core.validation.processbased.LaucherJUnitProcess.killProcess(LaucherJUnitProcess.java:171) - The Process that runs JUnit test cases did not terminate within waitTime of 10 seconds
[INFO ] fr.inria.astor.core.validation.processbased.LaucherJUnitProcess.killProcess(LaucherJUnitProcess.java:173) - Killed the Process that runs JUnit test cases 10245
[ERROR] fr.inria.astor.core.entities.StatementOperatorInstance.defineParentInformation(StatementOperatorInstance.java:81) - Parent null or it is not a block
[INFO ] fr.inria.astor.core.validation.processbased.LaucherJUnitProcess.killProcess(LaucherJUnitProcess.java:171) - The Process that runs JUnit test cases did not terminate within waitTime of 10 seconds
[INFO ] fr.inria.astor.core.validation.processbased.LaucherJUnitProcess.killProcess(LaucherJUnitProcess.java:173) - Killed the Process that runs JUnit test cases 10272
[ERROR] fr.inria.astor.core.entities.StatementOperatorInstance.defineParentInformation(StatementOperatorInstance.java:81) - Parent null or it is not a block
[INFO ] fr.inria.astor.core.validation.processbased.LaucherJUnitProcess.killProcess(LaucherJUnitProcess.java:171) - The Process that runs JUnit test cases did not terminate within waitTime of 10 seconds
[INFO ] fr.inria.astor.core.validation.processbased.LaucherJUnitProcess.killProcess(LaucherJUnitProcess.java:173) - Killed the Process that runs JUnit test cases 10296
[ERROR] fr.inria.astor.core.entities.StatementOperatorInstance.defineParentInformation(StatementOperatorInstance.java:81) - Parent null or it is not a block
[INFO ] fr.inria.astor.core.validation.processbased.LaucherJUnitProcess.killProcess(LaucherJUnitProcess.java:171) - The Process that runs JUnit test cases did not terminate within waitTime of 10 seconds
[INFO ] fr.inria.astor.core.validation.processbased.LaucherJUnitProcess.killProcess(LaucherJUnitProcess.java:173) - Killed the Process that runs JUnit test cases 10322
[ERROR] fr.inria.astor.core.entities.StatementOperatorInstance.defineParentInformation(StatementOperatorInstance.java:81) - Parent null or it is not a block
[INFO ] fr.inria.astor.core.validation.processbased.LaucherJUnitProcess.killProcess(LaucherJUnitProcess.java:171) - The Process that runs JUnit test cases did not terminate within waitTime of 10 seconds
[INFO ] fr.inria.astor.core.validation.processbased.LaucherJUnitProcess.killProcess(LaucherJUnitProcess.java:173) - Killed the Process that runs JUnit test cases 10346
[ERROR] fr.inria.astor.core.entities.StatementOperatorInstance.defineParentInformation(StatementOperatorInstance.java:81) - Parent null or it is not a block
[INFO ] fr.inria.astor.core.validation.processbased.LaucherJUnitProcess.killProcess(LaucherJUnitProcess.java:171) - The Process that runs JUnit test cases did not terminate within waitTime of 10 seconds
[INFO ] fr.inria.astor.core.validation.processbased.LaucherJUnitProcess.killProcess(LaucherJUnitProcess.java:173) - Killed the Process that runs JUnit test cases 10370
[ERROR] fr.inria.astor.core.entities.StatementOperatorInstance.defineParentInformation(StatementOperatorInstance.java:81) - Parent null or it is not a block
[INFO ] fr.inria.astor.core.validation.processbased.LaucherJUnitProcess.killProcess(LaucherJUnitProcess.java:171) - The Process that runs JUnit test cases did not terminate within waitTime of 10 seconds
[INFO ] fr.inria.astor.core.validation.processbased.LaucherJUnitProcess.killProcess(LaucherJUnitProcess.java:173) - Killed the Process that runs JUnit test cases 10394
[ERROR] fr.inria.astor.core.entities.StatementOperatorInstance.defineParentInformation(StatementOperatorInstance.java:81) - Parent null or it is not a block
[INFO ] fr.inria.astor.core.validation.processbased.LaucherJUnitProcess.killProcess(LaucherJUnitProcess.java:171) - The Process that runs JUnit test cases did not terminate within waitTime of 10 seconds
[INFO ] fr.inria.astor.core.validation.processbased.LaucherJUnitProcess.killProcess(LaucherJUnitProcess.java:173) - Killed the Process that runs JUnit test cases 10420
[ERROR] fr.inria.astor.core.entities.StatementOperatorInstance.defineParentInformation(StatementOperatorInstance.java:81) - Parent null or it is not a block
[INFO ] fr.inria.astor.core.validation.processbased.LaucherJUnitProcess.killProcess(LaucherJUnitProcess.java:171) - The Process that runs JUnit test cases did not terminate within waitTime of 10 seconds
[INFO ] fr.inria.astor.core.validation.processbased.LaucherJUnitProcess.killProcess(LaucherJUnitProcess.java:173) - Killed the Process that runs JUnit test cases 10444
[INFO ] fr.inria.astor.core.validation.processbased.LaucherJUnitProcess.killProcess(LaucherJUnitProcess.java:171) - The Process that runs JUnit test cases did not terminate within waitTime of 10 seconds
[INFO ] fr.inria.astor.core.validation.processbased.LaucherJUnitProcess.killProcess(LaucherJUnitProcess.java:173) - Killed the Process that runs JUnit test cases 10468
[ERROR] fr.inria.astor.core.manipulation.sourcecode.VariableResolver$5.compare(VariableResolver.java:1046) - Var not found in global ngram: MAX_MILLIS
[ERROR] fr.inria.astor.core.entities.StatementOperatorInstance.defineParentInformation(StatementOperatorInstance.java:81) - Parent null or it is not a block
[ERROR] fr.inria.astor.core.entities.StatementOperatorInstance.defineParentInformation(StatementOperatorInstance.java:81) - Parent null or it is not a block
[INFO ] fr.inria.astor.core.validation.processbased.LaucherJUnitProcess.killProcess(LaucherJUnitProcess.java:171) - The Process that runs JUnit test cases did not terminate within waitTime of 10 seconds
[INFO ] fr.inria.astor.core.validation.processbased.LaucherJUnitProcess.killProcess(LaucherJUnitProcess.java:173) - Killed the Process that runs JUnit test cases 10514
[ERROR] fr.inria.astor.core.entities.StatementOperatorInstance.defineParentInformation(StatementOperatorInstance.java:81) - Parent null or it is not a block
[ERROR] fr.inria.astor.core.entities.StatementOperatorInstance.defineParentInformation(StatementOperatorInstance.java:81) - Parent null or it is not a block
[INFO ] fr.inria.astor.core.validation.processbased.LaucherJUnitProcess.killProcess(LaucherJUnitProcess.java:171) - The Process that runs JUnit test cases did not terminate within waitTime of 10 seconds
[INFO ] fr.inria.astor.core.validation.processbased.LaucherJUnitProcess.killProcess(LaucherJUnitProcess.java:173) - Killed the Process that runs JUnit test cases 10541
[ERROR] fr.inria.astor.core.entities.StatementOperatorInstance.defineParentInformation(StatementOperatorInstance.java:81) - Parent null or it is not a block
[INFO ] fr.inria.astor.core.validation.processbased.LaucherJUnitProcess.killProcess(LaucherJUnitProcess.java:171) - The Process that runs JUnit test cases did not terminate within waitTime of 10 seconds
[INFO ] fr.inria.astor.core.validation.processbased.LaucherJUnitProcess.killProcess(LaucherJUnitProcess.java:173) - Killed the Process that runs JUnit test cases 10567
[ERROR] fr.inria.astor.core.entities.StatementOperatorInstance.defineParentInformation(StatementOperatorInstance.java:81) - Parent null or it is not a block
[INFO ] fr.inria.astor.core.validation.processbased.LaucherJUnitProcess.killProcess(LaucherJUnitProcess.java:171) - The Process that runs JUnit test cases did not terminate within waitTime of 10 seconds
[INFO ] fr.inria.astor.core.validation.processbased.LaucherJUnitProcess.killProcess(LaucherJUnitProcess.java:173) - Killed the Process that runs JUnit test cases 10591
[ERROR] fr.inria.astor.core.entities.StatementOperatorInstance.defineParentInformation(StatementOperatorInstance.java:81) - Parent null or it is not a block
[ERROR] fr.inria.astor.core.manipulation.sourcecode.VariableResolver$5.compare(VariableResolver.java:1046) - Var not found in global ngram: MAX_MILLIS
[ERROR] fr.inria.astor.core.manipulation.sourcecode.VariableResolver$5.compare(VariableResolver.java:1046) - Var not found in global ngram: MAX_MILLIS
[ERROR] fr.inria.astor.core.manipulation.sourcecode.VariableResolver$5.compare(VariableResolver.java:1046) - Var not found in global ngram: MAX_MILLIS
[ERROR] fr.inria.astor.core.manipulation.sourcecode.VariableResolver$5.compare(VariableResolver.java:1046) - Var not found in global ngram: MAX_MILLIS
[ERROR] fr.inria.astor.core.entities.StatementOperatorInstance.defineParentInformation(StatementOperatorInstance.java:81) - Parent null or it is not a block
[INFO ] fr.inria.astor.core.validation.processbased.LaucherJUnitProcess.killProcess(LaucherJUnitProcess.java:171) - The Process that runs JUnit test cases did not terminate within waitTime of 10 seconds
[INFO ] fr.inria.astor.core.validation.processbased.LaucherJUnitProcess.killProcess(LaucherJUnitProcess.java:173) - Killed the Process that runs JUnit test cases 10617
[ERROR] fr.inria.astor.core.entities.StatementOperatorInstance.defineParentInformation(StatementOperatorInstance.java:81) - Parent null or it is not a block
[INFO ] fr.inria.astor.core.validation.processbased.LaucherJUnitProcess.killProcess(LaucherJUnitProcess.java:171) - The Process that runs JUnit test cases did not terminate within waitTime of 10 seconds
[INFO ] fr.inria.astor.core.validation.processbased.LaucherJUnitProcess.killProcess(LaucherJUnitProcess.java:173) - Killed the Process that runs JUnit test cases 10642
[ERROR] fr.inria.astor.core.entities.StatementOperatorInstance.defineParentInformation(StatementOperatorInstance.java:81) - Parent null or it is not a block
[INFO ] fr.inria.astor.core.validation.processbased.LaucherJUnitProcess.killProcess(LaucherJUnitProcess.java:171) - The Process that runs JUnit test cases did not terminate within waitTime of 10 seconds
[INFO ] fr.inria.astor.core.validation.processbased.LaucherJUnitProcess.killProcess(LaucherJUnitProcess.java:173) - Killed the Process that runs JUnit test cases 10666
[ERROR] fr.inria.astor.core.entities.StatementOperatorInstance.defineParentInformation(StatementOperatorInstance.java:81) - Parent null or it is not a block
[INFO ] fr.inria.astor.core.validation.processbased.LaucherJUnitProcess.killProcess(LaucherJUnitProcess.java:171) - The Process that runs JUnit test cases did not terminate within waitTime of 10 seconds
[INFO ] fr.inria.astor.core.validation.processbased.LaucherJUnitProcess.killProcess(LaucherJUnitProcess.java:173) - Killed the Process that runs JUnit test cases 10692
[ERROR] fr.inria.astor.core.entities.StatementOperatorInstance.defineParentInformation(StatementOperatorInstance.java:81) - Parent null or it is not a block
[INFO ] fr.inria.astor.core.validation.processbased.LaucherJUnitProcess.killProcess(LaucherJUnitProcess.java:171) - The Process that runs JUnit test cases did not terminate within waitTime of 10 seconds
[INFO ] fr.inria.astor.core.validation.processbased.LaucherJUnitProcess.killProcess(LaucherJUnitProcess.java:173) - Killed the Process that runs JUnit test cases 10716
[ERROR] fr.inria.astor.core.entities.StatementOperatorInstance.defineParentInformation(StatementOperatorInstance.java:81) - Parent null or it is not a block
[INFO ] fr.inria.astor.core.validation.processbased.LaucherJUnitProcess.killProcess(LaucherJUnitProcess.java:171) - The Process that runs JUnit test cases did not terminate within waitTime of 10 seconds
[INFO ] fr.inria.astor.core.validation.processbased.LaucherJUnitProcess.killProcess(LaucherJUnitProcess.java:173) - Killed the Process that runs JUnit test cases 10740
[ERROR] fr.inria.astor.core.entities.StatementOperatorInstance.defineParentInformation(StatementOperatorInstance.java:81) - Parent null or it is not a block
[ERROR] fr.inria.astor.core.entities.StatementOperatorInstance.defineParentInformation(StatementOperatorInstance.java:81) - Parent null or it is not a block
[INFO ] fr.inria.astor.core.validation.processbased.LaucherJUnitProcess.killProcess(LaucherJUnitProcess.java:171) - The Process that runs JUnit test cases did not terminate within waitTime of 10 seconds
[INFO ] fr.inria.astor.core.validation.processbased.LaucherJUnitProcess.killProcess(LaucherJUnitProcess.java:173) - Killed the Process that runs JUnit test cases 10786
[ERROR] fr.inria.astor.core.entities.StatementOperatorInstance.defineParentInformation(StatementOperatorInstance.java:81) - Parent null or it is not a block
[INFO ] fr.inria.astor.core.validation.processbased.LaucherJUnitProcess.killProcess(LaucherJUnitProcess.java:171) - The Process that runs JUnit test cases did not terminate within waitTime of 10 seconds
[INFO ] fr.inria.astor.core.validation.processbased.LaucherJUnitProcess.killProcess(LaucherJUnitProcess.java:173) - Killed the Process that runs JUnit test cases 10812
[ERROR] fr.inria.astor.core.entities.StatementOperatorInstance.defineParentInformation(StatementOperatorInstance.java:81) - Parent null or it is not a block
[INFO ] fr.inria.astor.core.validation.processbased.LaucherJUnitProcess.killProcess(LaucherJUnitProcess.java:171) - The Process that runs JUnit test cases did not terminate within waitTime of 10 seconds
[INFO ] fr.inria.astor.core.validation.processbased.LaucherJUnitProcess.killProcess(LaucherJUnitProcess.java:173) - Killed the Process that runs JUnit test cases 10836
[ERROR] fr.inria.astor.core.entities.StatementOperatorInstance.defineParentInformation(StatementOperatorInstance.java:81) - Parent null or it is not a block
[INFO ] fr.inria.astor.core.validation.processbased.LaucherJUnitProcess.killProcess(LaucherJUnitProcess.java:171) - The Process that runs JUnit test cases did not terminate within waitTime of 10 seconds
[INFO ] fr.inria.astor.core.validation.processbased.LaucherJUnitProcess.killProcess(LaucherJUnitProcess.java:173) - Killed the Process that runs JUnit test cases 10860
[ERROR] fr.inria.astor.core.entities.StatementOperatorInstance.defineParentInformation(StatementOperatorInstance.java:81) - Parent null or it is not a block
[INFO ] fr.inria.astor.core.validation.processbased.LaucherJUnitProcess.killProcess(LaucherJUnitProcess.java:171) - The Process that runs JUnit test cases did not terminate within waitTime of 10 seconds
[INFO ] fr.inria.astor.core.validation.processbased.LaucherJUnitProcess.killProcess(LaucherJUnitProcess.java:173) - Killed the Process that runs JUnit test cases 10884
[ERROR] fr.inria.astor.core.entities.StatementOperatorInstance.defineParentInformation(StatementOperatorInstance.java:81) - Parent null or it is not a block
[INFO ] fr.inria.astor.core.validation.processbased.LaucherJUnitProcess.killProcess(LaucherJUnitProcess.java:171) - The Process that runs JUnit test cases did not terminate within waitTime of 10 seconds
[INFO ] fr.inria.astor.core.validation.processbased.LaucherJUnitProcess.killProcess(LaucherJUnitProcess.java:173) - Killed the Process that runs JUnit test cases 10910
[ERROR] fr.inria.astor.core.entities.StatementOperatorInstance.defineParentInformation(StatementOperatorInstance.java:81) - Parent null or it is not a block
[INFO ] fr.inria.astor.core.validation.processbased.LaucherJUnitProcess.killProcess(LaucherJUnitProcess.java:171) - The Process that runs JUnit test cases did not terminate within waitTime of 10 seconds
[INFO ] fr.inria.astor.core.validation.processbased.LaucherJUnitProcess.killProcess(LaucherJUnitProcess.java:173) - Killed the Process that runs JUnit test cases 10934
[ERROR] fr.inria.astor.core.entities.StatementOperatorInstance.defineParentInformation(StatementOperatorInstance.java:81) - Parent null or it is not a block
[INFO ] fr.inria.astor.core.validation.processbased.LaucherJUnitProcess.killProcess(LaucherJUnitProcess.java:171) - The Process that runs JUnit test cases did not terminate within waitTime of 10 seconds
[INFO ] fr.inria.astor.core.validation.processbased.LaucherJUnitProcess.killProcess(LaucherJUnitProcess.java:173) - Killed the Process that runs JUnit test cases 10958
[ERROR] fr.inria.astor.core.entities.StatementOperatorInstance.defineParentInformation(StatementOperatorInstance.java:81) - Parent null or it is not a block
[INFO ] fr.inria.astor.core.validation.processbased.LaucherJUnitProcess.killProcess(LaucherJUnitProcess.java:171) - The Process that runs JUnit test cases did not terminate within waitTime of 10 seconds
[INFO ] fr.inria.astor.core.validation.processbased.LaucherJUnitProcess.killProcess(LaucherJUnitProcess.java:173) - Killed the Process that runs JUnit test cases 10984
[ERROR] fr.inria.astor.core.entities.StatementOperatorInstance.defineParentInformation(StatementOperatorInstance.java:81) - Parent null or it is not a block
[INFO ] fr.inria.astor.core.validation.processbased.LaucherJUnitProcess.killProcess(LaucherJUnitProcess.java:171) - The Process that runs JUnit test cases did not terminate within waitTime of 10 seconds
[INFO ] fr.inria.astor.core.validation.processbased.LaucherJUnitProcess.killProcess(LaucherJUnitProcess.java:173) - Killed the Process that runs JUnit test cases 11008
[ERROR] fr.inria.astor.core.entities.StatementOperatorInstance.defineParentInformation(StatementOperatorInstance.java:81) - Parent null or it is not a block
[INFO ] fr.inria.astor.core.validation.processbased.LaucherJUnitProcess.killProcess(LaucherJUnitProcess.java:171) - The Process that runs JUnit test cases did not terminate within waitTime of 10 seconds
[INFO ] fr.inria.astor.core.validation.processbased.LaucherJUnitProcess.killProcess(LaucherJUnitProcess.java:173) - Killed the Process that runs JUnit test cases 11035
[ERROR] fr.inria.astor.core.entities.StatementOperatorInstance.defineParentInformation(StatementOperatorInstance.java:81) - Parent null or it is not a block
[INFO ] fr.inria.astor.core.validation.processbased.LaucherJUnitProcess.killProcess(LaucherJUnitProcess.java:171) - The Process that runs JUnit test cases did not terminate within waitTime of 10 seconds
[INFO ] fr.inria.astor.core.validation.processbased.LaucherJUnitProcess.killProcess(LaucherJUnitProcess.java:173) - Killed the Process that runs JUnit test cases 11061
[INFO ] fr.inria.astor.core.validation.processbased.LaucherJUnitProcess.killProcess(LaucherJUnitProcess.java:171) - The Process that runs JUnit test cases did not terminate within waitTime of 10 seconds
[INFO ] fr.inria.astor.core.validation.processbased.LaucherJUnitProcess.killProcess(LaucherJUnitProcess.java:173) - Killed the Process that runs JUnit test cases 11085
[INFO ] fr.inria.astor.core.validation.processbased.LaucherJUnitProcess.killProcess(LaucherJUnitProcess.java:171) - The Process that runs JUnit test cases did not terminate within waitTime of 10 seconds
[INFO ] fr.inria.astor.core.validation.processbased.LaucherJUnitProcess.killProcess(LaucherJUnitProcess.java:173) - Killed the Process that runs JUnit test cases 11109
[ERROR] fr.inria.astor.core.entities.StatementOperatorInstance.defineParentInformation(StatementOperatorInstance.java:81) - Parent null or it is not a block
[INFO ] fr.inria.astor.core.validation.processbased.LaucherJUnitProcess.killProcess(LaucherJUnitProcess.java:171) - The Process that runs JUnit test cases did not terminate within waitTime of 10 seconds
[INFO ] fr.inria.astor.core.validation.processbased.LaucherJUnitProcess.killProcess(LaucherJUnitProcess.java:173) - Killed the Process that runs JUnit test cases 11135
[ERROR] fr.inria.astor.core.entities.StatementOperatorInstance.defineParentInformation(StatementOperatorInstance.java:81) - Parent null or it is not a block
[INFO ] fr.inria.astor.core.validation.processbased.LaucherJUnitProcess.killProcess(LaucherJUnitProcess.java:171) - The Process that runs JUnit test cases did not terminate within waitTime of 10 seconds
[INFO ] fr.inria.astor.core.validation.processbased.LaucherJUnitProcess.killProcess(LaucherJUnitProcess.java:173) - Killed the Process that runs JUnit test cases 11159
[ERROR] fr.inria.astor.core.entities.StatementOperatorInstance.defineParentInformation(StatementOperatorInstance.java:81) - Parent null or it is not a block
[INFO ] fr.inria.astor.core.validation.processbased.LaucherJUnitProcess.killProcess(LaucherJUnitProcess.java:171) - The Process that runs JUnit test cases did not terminate within waitTime of 10 seconds
[INFO ] fr.inria.astor.core.validation.processbased.LaucherJUnitProcess.killProcess(LaucherJUnitProcess.java:173) - Killed the Process that runs JUnit test cases 11183
[ERROR] fr.inria.astor.core.entities.StatementOperatorInstance.defineParentInformation(StatementOperatorInstance.java:81) - Parent null or it is not a block
[INFO ] fr.inria.astor.core.validation.processbased.LaucherJUnitProcess.killProcess(LaucherJUnitProcess.java:171) - The Process that runs JUnit test cases did not terminate within waitTime of 10 seconds
[INFO ] fr.inria.astor.core.validation.processbased.LaucherJUnitProcess.killProcess(LaucherJUnitProcess.java:173) - Killed the Process that runs JUnit test cases 11207
[ERROR] fr.inria.astor.core.entities.StatementOperatorInstance.defineParentInformation(StatementOperatorInstance.java:81) - Parent null or it is not a block
[INFO ] fr.inria.astor.core.validation.processbased.LaucherJUnitProcess.killProcess(LaucherJUnitProcess.java:171) - The Process that runs JUnit test cases did not terminate within waitTime of 10 seconds
[INFO ] fr.inria.astor.core.validation.processbased.LaucherJUnitProcess.killProcess(LaucherJUnitProcess.java:173) - Killed the Process that runs JUnit test cases 11233
[ERROR] fr.inria.astor.core.entities.StatementOperatorInstance.defineParentInformation(StatementOperatorInstance.java:81) - Parent null or it is not a block
[INFO ] fr.inria.astor.core.validation.processbased.LaucherJUnitProcess.killProcess(LaucherJUnitProcess.java:171) - The Process that runs JUnit test cases did not terminate within waitTime of 10 seconds
[INFO ] fr.inria.astor.core.validation.processbased.LaucherJUnitProcess.killProcess(LaucherJUnitProcess.java:173) - Killed the Process that runs JUnit test cases 11257
[ERROR] fr.inria.astor.core.entities.StatementOperatorInstance.defineParentInformation(StatementOperatorInstance.java:81) - Parent null or it is not a block
[INFO ] fr.inria.astor.core.validation.processbased.LaucherJUnitProcess.killProcess(LaucherJUnitProcess.java:171) - The Process that runs JUnit test cases did not terminate within waitTime of 10 seconds
[INFO ] fr.inria.astor.core.validation.processbased.LaucherJUnitProcess.killProcess(LaucherJUnitProcess.java:173) - Killed the Process that runs JUnit test cases 11281
[INFO ] fr.inria.astor.core.validation.processbased.LaucherJUnitProcess.killProcess(LaucherJUnitProcess.java:171) - The Process that runs JUnit test cases did not terminate within waitTime of 10 seconds
[INFO ] fr.inria.astor.core.validation.processbased.LaucherJUnitProcess.killProcess(LaucherJUnitProcess.java:173) - Killed the Process that runs JUnit test cases 11307
[ERROR] fr.inria.astor.core.entities.StatementOperatorInstance.defineParentInformation(StatementOperatorInstance.java:81) - Parent null or it is not a block
[INFO ] fr.inria.astor.core.validation.processbased.LaucherJUnitProcess.killProcess(LaucherJUnitProcess.java:171) - The Process that runs JUnit test cases did not terminate within waitTime of 10 seconds
[INFO ] fr.inria.astor.core.validation.processbased.LaucherJUnitProcess.killProcess(LaucherJUnitProcess.java:173) - Killed the Process that runs JUnit test cases 11364
[ERROR] fr.inria.astor.core.entities.StatementOperatorInstance.defineParentInformation(StatementOperatorInstance.java:81) - Parent null or it is not a block
[INFO ] fr.inria.astor.core.validation.processbased.LaucherJUnitProcess.killProcess(LaucherJUnitProcess.java:171) - The Process that runs JUnit test cases did not terminate within waitTime of 10 seconds
[INFO ] fr.inria.astor.core.validation.processbased.LaucherJUnitProcess.killProcess(LaucherJUnitProcess.java:173) - Killed the Process that runs JUnit test cases 11388
[ERROR] fr.inria.astor.core.entities.StatementOperatorInstance.defineParentInformation(StatementOperatorInstance.java:81) - Parent null or it is not a block
[INFO ] fr.inria.astor.core.validation.processbased.LaucherJUnitProcess.killProcess(LaucherJUnitProcess.java:171) - The Process that runs JUnit test cases did not terminate within waitTime of 10 seconds
[INFO ] fr.inria.astor.core.validation.processbased.LaucherJUnitProcess.killProcess(LaucherJUnitProcess.java:173) - Killed the Process that runs JUnit test cases 11414
[ERROR] fr.inria.astor.core.entities.StatementOperatorInstance.defineParentInformation(StatementOperatorInstance.java:81) - Parent null or it is not a block
[INFO ] fr.inria.astor.core.validation.processbased.LaucherJUnitProcess.killProcess(LaucherJUnitProcess.java:171) - The Process that runs JUnit test cases did not terminate within waitTime of 10 seconds
[INFO ] fr.inria.astor.core.validation.processbased.LaucherJUnitProcess.killProcess(LaucherJUnitProcess.java:173) - Killed the Process that runs JUnit test cases 11439
[ERROR] fr.inria.astor.core.entities.StatementOperatorInstance.defineParentInformation(StatementOperatorInstance.java:81) - Parent null or it is not a block
[INFO ] fr.inria.astor.core.validation.processbased.LaucherJUnitProcess.killProcess(LaucherJUnitProcess.java:171) - The Process that runs JUnit test cases did not terminate within waitTime of 10 seconds
[INFO ] fr.inria.astor.core.validation.processbased.LaucherJUnitProcess.killProcess(LaucherJUnitProcess.java:173) - Killed the Process that runs JUnit test cases 11463
[ERROR] fr.inria.astor.core.entities.StatementOperatorInstance.defineParentInformation(StatementOperatorInstance.java:81) - Parent null or it is not a block
[INFO ] fr.inria.astor.core.validation.processbased.LaucherJUnitProcess.killProcess(LaucherJUnitProcess.java:171) - The Process that runs JUnit test cases did not terminate within waitTime of 10 seconds
[INFO ] fr.inria.astor.core.validation.processbased.LaucherJUnitProcess.killProcess(LaucherJUnitProcess.java:173) - Killed the Process that runs JUnit test cases 11489
[ERROR] fr.inria.astor.core.entities.StatementOperatorInstance.defineParentInformation(StatementOperatorInstance.java:81) - Parent null or it is not a block
[INFO ] fr.inria.astor.core.validation.processbased.LaucherJUnitProcess.killProcess(LaucherJUnitProcess.java:171) - The Process that runs JUnit test cases did not terminate within waitTime of 10 seconds
[INFO ] fr.inria.astor.core.validation.processbased.LaucherJUnitProcess.killProcess(LaucherJUnitProcess.java:173) - Killed the Process that runs JUnit test cases 11513
[ERROR] fr.inria.astor.core.entities.StatementOperatorInstance.defineParentInformation(StatementOperatorInstance.java:81) - Parent null or it is not a block
[INFO ] fr.inria.astor.core.validation.processbased.LaucherJUnitProcess.killProcess(LaucherJUnitProcess.java:171) - The Process that runs JUnit test cases did not terminate within waitTime of 10 seconds
[INFO ] fr.inria.astor.core.validation.processbased.LaucherJUnitProcess.killProcess(LaucherJUnitProcess.java:173) - Killed the Process that runs JUnit test cases 11537
[ERROR] fr.inria.astor.core.entities.StatementOperatorInstance.defineParentInformation(StatementOperatorInstance.java:81) - Parent null or it is not a block
[INFO ] fr.inria.astor.core.validation.processbased.LaucherJUnitProcess.killProcess(LaucherJUnitProcess.java:171) - The Process that runs JUnit test cases did not terminate within waitTime of 10 seconds
[INFO ] fr.inria.astor.core.validation.processbased.LaucherJUnitProcess.killProcess(LaucherJUnitProcess.java:173) - Killed the Process that runs JUnit test cases 11561
[ERROR] fr.inria.astor.core.entities.StatementOperatorInstance.defineParentInformation(StatementOperatorInstance.java:81) - Parent null or it is not a block
[INFO ] fr.inria.astor.core.validation.processbased.LaucherJUnitProcess.killProcess(LaucherJUnitProcess.java:171) - The Process that runs JUnit test cases did not terminate within waitTime of 10 seconds
[INFO ] fr.inria.astor.core.validation.processbased.LaucherJUnitProcess.killProcess(LaucherJUnitProcess.java:173) - Killed the Process that runs JUnit test cases 11587
[ERROR] fr.inria.astor.core.entities.StatementOperatorInstance.defineParentInformation(StatementOperatorInstance.java:81) - Parent null or it is not a block
[INFO ] fr.inria.astor.core.validation.processbased.LaucherJUnitProcess.killProcess(LaucherJUnitProcess.java:171) - The Process that runs JUnit test cases did not terminate within waitTime of 10 seconds
[INFO ] fr.inria.astor.core.validation.processbased.LaucherJUnitProcess.killProcess(LaucherJUnitProcess.java:173) - Killed the Process that runs JUnit test cases 11611
[ERROR] fr.inria.astor.core.entities.StatementOperatorInstance.defineParentInformation(StatementOperatorInstance.java:81) - Parent null or it is not a block
[ERROR] fr.inria.astor.core.entities.StatementOperatorInstance.defineParentInformation(StatementOperatorInstance.java:81) - Parent null or it is not a block
[INFO ] fr.inria.astor.core.validation.processbased.LaucherJUnitProcess.killProcess(LaucherJUnitProcess.java:171) - The Process that runs JUnit test cases did not terminate within waitTime of 10 seconds
[INFO ] fr.inria.astor.core.validation.processbased.LaucherJUnitProcess.killProcess(LaucherJUnitProcess.java:173) - Killed the Process that runs JUnit test cases 11637
[ERROR] fr.inria.astor.core.entities.StatementOperatorInstance.defineParentInformation(StatementOperatorInstance.java:81) - Parent null or it is not a block
[INFO ] fr.inria.astor.core.validation.processbased.LaucherJUnitProcess.killProcess(LaucherJUnitProcess.java:171) - The Process that runs JUnit test cases did not terminate within waitTime of 10 seconds
[INFO ] fr.inria.astor.core.validation.processbased.LaucherJUnitProcess.killProcess(LaucherJUnitProcess.java:173) - Killed the Process that runs JUnit test cases 11661
[ERROR] fr.inria.astor.core.entities.StatementOperatorInstance.defineParentInformation(StatementOperatorInstance.java:81) - Parent null or it is not a block
[INFO ] fr.inria.astor.core.validation.processbased.LaucherJUnitProcess.killProcess(LaucherJUnitProcess.java:171) - The Process that runs JUnit test cases did not terminate within waitTime of 10 seconds
[INFO ] fr.inria.astor.core.validation.processbased.LaucherJUnitProcess.killProcess(LaucherJUnitProcess.java:173) - Killed the Process that runs JUnit test cases 11687
[ERROR] fr.inria.astor.core.entities.StatementOperatorInstance.defineParentInformation(StatementOperatorInstance.java:81) - Parent null or it is not a block
[INFO ] fr.inria.astor.core.validation.processbased.LaucherJUnitProcess.killProcess(LaucherJUnitProcess.java:171) - The Process that runs JUnit test cases did not terminate within waitTime of 10 seconds
[INFO ] fr.inria.astor.core.validation.processbased.LaucherJUnitProcess.killProcess(LaucherJUnitProcess.java:173) - Killed the Process that runs JUnit test cases 11711
[ERROR] fr.inria.astor.core.entities.StatementOperatorInstance.defineParentInformation(StatementOperatorInstance.java:81) - Parent null or it is not a block
[INFO ] fr.inria.astor.core.validation.processbased.LaucherJUnitProcess.killProcess(LaucherJUnitProcess.java:171) - The Process that runs JUnit test cases did not terminate within waitTime of 10 seconds
[INFO ] fr.inria.astor.core.validation.processbased.LaucherJUnitProcess.killProcess(LaucherJUnitProcess.java:173) - Killed the Process that runs JUnit test cases 11735
[ERROR] fr.inria.astor.core.entities.StatementOperatorInstance.defineParentInformation(StatementOperatorInstance.java:81) - Parent null or it is not a block
[INFO ] fr.inria.astor.core.validation.processbased.LaucherJUnitProcess.killProcess(LaucherJUnitProcess.java:171) - The Process that runs JUnit test cases did not terminate within waitTime of 10 seconds
[INFO ] fr.inria.astor.core.validation.processbased.LaucherJUnitProcess.killProcess(LaucherJUnitProcess.java:173) - Killed the Process that runs JUnit test cases 11759
[ERROR] fr.inria.astor.core.entities.StatementOperatorInstance.defineParentInformation(StatementOperatorInstance.java:81) - Parent null or it is not a block
[INFO ] fr.inria.astor.core.validation.processbased.LaucherJUnitProcess.killProcess(LaucherJUnitProcess.java:171) - The Process that runs JUnit test cases did not terminate within waitTime of 10 seconds
[INFO ] fr.inria.astor.core.validation.processbased.LaucherJUnitProcess.killProcess(LaucherJUnitProcess.java:173) - Killed the Process that runs JUnit test cases 11785
[ERROR] fr.inria.astor.core.entities.StatementOperatorInstance.defineParentInformation(StatementOperatorInstance.java:81) - Parent null or it is not a block
[INFO ] fr.inria.astor.core.validation.processbased.LaucherJUnitProcess.killProcess(LaucherJUnitProcess.java:171) - The Process that runs JUnit test cases did not terminate within waitTime of 10 seconds
[INFO ] fr.inria.astor.core.validation.processbased.LaucherJUnitProcess.killProcess(LaucherJUnitProcess.java:173) - Killed the Process that runs JUnit test cases 11812
[ERROR] fr.inria.astor.core.entities.StatementOperatorInstance.defineParentInformation(StatementOperatorInstance.java:81) - Parent null or it is not a block
[INFO ] fr.inria.astor.core.validation.processbased.LaucherJUnitProcess.killProcess(LaucherJUnitProcess.java:171) - The Process that runs JUnit test cases did not terminate within waitTime of 10 seconds
[INFO ] fr.inria.astor.core.validation.processbased.LaucherJUnitProcess.killProcess(LaucherJUnitProcess.java:173) - Killed the Process that runs JUnit test cases 11836
[ERROR] fr.inria.astor.core.entities.StatementOperatorInstance.defineParentInformation(StatementOperatorInstance.java:81) - Parent null or it is not a block
[INFO ] fr.inria.astor.core.validation.processbased.LaucherJUnitProcess.killProcess(LaucherJUnitProcess.java:171) - The Process that runs JUnit test cases did not terminate within waitTime of 10 seconds
[INFO ] fr.inria.astor.core.validation.processbased.LaucherJUnitProcess.killProcess(LaucherJUnitProcess.java:173) - Killed the Process that runs JUnit test cases 11862
[ERROR] fr.inria.astor.core.entities.StatementOperatorInstance.defineParentInformation(StatementOperatorInstance.java:81) - Parent null or it is not a block
[INFO ] fr.inria.astor.core.validation.processbased.LaucherJUnitProcess.killProcess(LaucherJUnitProcess.java:171) - The Process that runs JUnit test cases did not terminate within waitTime of 10 seconds
[INFO ] fr.inria.astor.core.validation.processbased.LaucherJUnitProcess.killProcess(LaucherJUnitProcess.java:173) - Killed the Process that runs JUnit test cases 11886
[INFO ] fr.inria.astor.core.validation.processbased.LaucherJUnitProcess.killProcess(LaucherJUnitProcess.java:171) - The Process that runs JUnit test cases did not terminate within waitTime of 10 seconds
[INFO ] fr.inria.astor.core.validation.processbased.LaucherJUnitProcess.killProcess(LaucherJUnitProcess.java:173) - Killed the Process that runs JUnit test cases 11910
[ERROR] fr.inria.astor.core.entities.StatementOperatorInstance.defineParentInformation(StatementOperatorInstance.java:81) - Parent null or it is not a block
[INFO ] fr.inria.astor.core.validation.processbased.LaucherJUnitProcess.killProcess(LaucherJUnitProcess.java:171) - The Process that runs JUnit test cases did not terminate within waitTime of 10 seconds
[INFO ] fr.inria.astor.core.validation.processbased.LaucherJUnitProcess.killProcess(LaucherJUnitProcess.java:173) - Killed the Process that runs JUnit test cases 11936
[ERROR] fr.inria.astor.core.entities.StatementOperatorInstance.defineParentInformation(StatementOperatorInstance.java:81) - Parent null or it is not a block
[INFO ] fr.inria.astor.core.validation.processbased.LaucherJUnitProcess.killProcess(LaucherJUnitProcess.java:171) - The Process that runs JUnit test cases did not terminate within waitTime of 10 seconds
[INFO ] fr.inria.astor.core.validation.processbased.LaucherJUnitProcess.killProcess(LaucherJUnitProcess.java:173) - Killed the Process that runs JUnit test cases 11960
[ERROR] fr.inria.astor.core.entities.StatementOperatorInstance.defineParentInformation(StatementOperatorInstance.java:81) - Parent null or it is not a block
[INFO ] fr.inria.astor.core.validation.processbased.LaucherJUnitProcess.killProcess(LaucherJUnitProcess.java:171) - The Process that runs JUnit test cases did not terminate within waitTime of 10 seconds
[INFO ] fr.inria.astor.core.validation.processbased.LaucherJUnitProcess.killProcess(LaucherJUnitProcess.java:173) - Killed the Process that runs JUnit test cases 11984
[ERROR] fr.inria.astor.core.entities.StatementOperatorInstance.defineParentInformation(StatementOperatorInstance.java:81) - Parent null or it is not a block
[INFO ] fr.inria.astor.core.validation.processbased.LaucherJUnitProcess.killProcess(LaucherJUnitProcess.java:171) - The Process that runs JUnit test cases did not terminate within waitTime of 10 seconds
[INFO ] fr.inria.astor.core.validation.processbased.LaucherJUnitProcess.killProcess(LaucherJUnitProcess.java:173) - Killed the Process that runs JUnit test cases 12008
[ERROR] fr.inria.astor.core.entities.StatementOperatorInstance.defineParentInformation(StatementOperatorInstance.java:81) - Parent null or it is not a block
[INFO ] fr.inria.astor.core.validation.processbased.LaucherJUnitProcess.killProcess(LaucherJUnitProcess.java:171) - The Process that runs JUnit test cases did not terminate within waitTime of 10 seconds
[INFO ] fr.inria.astor.core.validation.processbased.LaucherJUnitProcess.killProcess(LaucherJUnitProcess.java:173) - Killed the Process that runs JUnit test cases 12034
[ERROR] fr.inria.astor.core.entities.StatementOperatorInstance.defineParentInformation(StatementOperatorInstance.java:81) - Parent null or it is not a block
[INFO ] fr.inria.astor.core.validation.processbased.LaucherJUnitProcess.killProcess(LaucherJUnitProcess.java:171) - The Process that runs JUnit test cases did not terminate within waitTime of 10 seconds
[INFO ] fr.inria.astor.core.validation.processbased.LaucherJUnitProcess.killProcess(LaucherJUnitProcess.java:173) - Killed the Process that runs JUnit test cases 12060
[ERROR] fr.inria.astor.core.entities.StatementOperatorInstance.defineParentInformation(StatementOperatorInstance.java:81) - Parent null or it is not a block
[INFO ] fr.inria.astor.core.validation.processbased.LaucherJUnitProcess.killProcess(LaucherJUnitProcess.java:171) - The Process that runs JUnit test cases did not terminate within waitTime of 10 seconds
[INFO ] fr.inria.astor.core.validation.processbased.LaucherJUnitProcess.killProcess(LaucherJUnitProcess.java:173) - Killed the Process that runs JUnit test cases 12084
[ERROR] fr.inria.astor.core.entities.StatementOperatorInstance.defineParentInformation(StatementOperatorInstance.java:81) - Parent null or it is not a block
[INFO ] fr.inria.astor.core.validation.processbased.LaucherJUnitProcess.killProcess(LaucherJUnitProcess.java:171) - The Process that runs JUnit test cases did not terminate within waitTime of 10 seconds
[INFO ] fr.inria.astor.core.validation.processbased.LaucherJUnitProcess.killProcess(LaucherJUnitProcess.java:173) - Killed the Process that runs JUnit test cases 12108
[ERROR] fr.inria.astor.core.entities.StatementOperatorInstance.defineParentInformation(StatementOperatorInstance.java:81) - Parent null or it is not a block
[INFO ] fr.inria.astor.core.validation.processbased.LaucherJUnitProcess.killProcess(LaucherJUnitProcess.java:171) - The Process that runs JUnit test cases did not terminate within waitTime of 10 seconds
[INFO ] fr.inria.astor.core.validation.processbased.LaucherJUnitProcess.killProcess(LaucherJUnitProcess.java:173) - Killed the Process that runs JUnit test cases 12134
[INFO ] fr.inria.astor.core.validation.processbased.LaucherJUnitProcess.killProcess(LaucherJUnitProcess.java:171) - The Process that runs JUnit test cases did not terminate within waitTime of 10 seconds
[INFO ] fr.inria.astor.core.validation.processbased.LaucherJUnitProcess.killProcess(LaucherJUnitProcess.java:173) - Killed the Process that runs JUnit test cases 12158
[ERROR] fr.inria.astor.core.entities.StatementOperatorInstance.defineParentInformation(StatementOperatorInstance.java:81) - Parent null or it is not a block
[INFO ] fr.inria.astor.core.validation.processbased.LaucherJUnitProcess.killProcess(LaucherJUnitProcess.java:171) - The Process that runs JUnit test cases did not terminate within waitTime of 10 seconds
[INFO ] fr.inria.astor.core.validation.processbased.LaucherJUnitProcess.killProcess(LaucherJUnitProcess.java:173) - Killed the Process that runs JUnit test cases 12183
[ERROR] fr.inria.astor.core.manipulation.sourcecode.VariableResolver$5.compare(VariableResolver.java:1046) - Var not found in global ngram: MAX_MILLIS
[ERROR] fr.inria.astor.core.manipulation.sourcecode.VariableResolver$5.compare(VariableResolver.java:1046) - Var not found in global ngram: MAX_MILLIS
[INFO ] fr.inria.astor.core.validation.processbased.LaucherJUnitProcess.killProcess(LaucherJUnitProcess.java:171) - The Process that runs JUnit test cases did not terminate within waitTime of 10 seconds
[INFO ] fr.inria.astor.core.validation.processbased.LaucherJUnitProcess.killProcess(LaucherJUnitProcess.java:173) - Killed the Process that runs JUnit test cases 12209
[ERROR] fr.inria.astor.core.entities.StatementOperatorInstance.defineParentInformation(StatementOperatorInstance.java:81) - Parent null or it is not a block
[INFO ] fr.inria.astor.core.validation.processbased.LaucherJUnitProcess.killProcess(LaucherJUnitProcess.java:171) - The Process that runs JUnit test cases did not terminate within waitTime of 10 seconds
[INFO ] fr.inria.astor.core.validation.processbased.LaucherJUnitProcess.killProcess(LaucherJUnitProcess.java:173) - Killed the Process that runs JUnit test cases 12233
[ERROR] fr.inria.astor.core.entities.StatementOperatorInstance.defineParentInformation(StatementOperatorInstance.java:81) - Parent null or it is not a block
[INFO ] fr.inria.astor.core.validation.processbased.LaucherJUnitProcess.killProcess(LaucherJUnitProcess.java:171) - The Process that runs JUnit test cases did not terminate within waitTime of 10 seconds
[INFO ] fr.inria.astor.core.validation.processbased.LaucherJUnitProcess.killProcess(LaucherJUnitProcess.java:173) - Killed the Process that runs JUnit test cases 12257
[ERROR] fr.inria.astor.core.entities.StatementOperatorInstance.defineParentInformation(StatementOperatorInstance.java:81) - Parent null or it is not a block
[INFO ] fr.inria.astor.core.validation.processbased.LaucherJUnitProcess.killProcess(LaucherJUnitProcess.java:171) - The Process that runs JUnit test cases did not terminate within waitTime of 10 seconds
[INFO ] fr.inria.astor.core.validation.processbased.LaucherJUnitProcess.killProcess(LaucherJUnitProcess.java:173) - Killed the Process that runs JUnit test cases 12281
[ERROR] fr.inria.astor.core.entities.StatementOperatorInstance.defineParentInformation(StatementOperatorInstance.java:81) - Parent null or it is not a block
[INFO ] fr.inria.astor.core.validation.processbased.LaucherJUnitProcess.killProcess(LaucherJUnitProcess.java:171) - The Process that runs JUnit test cases did not terminate within waitTime of 10 seconds
[INFO ] fr.inria.astor.core.validation.processbased.LaucherJUnitProcess.killProcess(LaucherJUnitProcess.java:173) - Killed the Process that runs JUnit test cases 12307
[ERROR] fr.inria.astor.core.entities.StatementOperatorInstance.defineParentInformation(StatementOperatorInstance.java:81) - Parent null or it is not a block
[INFO ] fr.inria.astor.core.validation.processbased.LaucherJUnitProcess.killProcess(LaucherJUnitProcess.java:171) - The Process that runs JUnit test cases did not terminate within waitTime of 10 seconds
[INFO ] fr.inria.astor.core.validation.processbased.LaucherJUnitProcess.killProcess(LaucherJUnitProcess.java:173) - Killed the Process that runs JUnit test cases 12331
[INFO ] fr.inria.astor.core.validation.processbased.LaucherJUnitProcess.killProcess(LaucherJUnitProcess.java:171) - The Process that runs JUnit test cases did not terminate within waitTime of 10 seconds
[INFO ] fr.inria.astor.core.validation.processbased.LaucherJUnitProcess.killProcess(LaucherJUnitProcess.java:173) - Killed the Process that runs JUnit test cases 12355
[INFO ] fr.inria.astor.core.validation.processbased.LaucherJUnitProcess.killProcess(LaucherJUnitProcess.java:171) - The Process that runs JUnit test cases did not terminate within waitTime of 10 seconds
[INFO ] fr.inria.astor.core.validation.processbased.LaucherJUnitProcess.killProcess(LaucherJUnitProcess.java:173) - Killed the Process that runs JUnit test cases 12381
[INFO ] fr.inria.astor.core.validation.processbased.LaucherJUnitProcess.killProcess(LaucherJUnitProcess.java:171) - The Process that runs JUnit test cases did not terminate within waitTime of 10 seconds
[INFO ] fr.inria.astor.core.validation.processbased.LaucherJUnitProcess.killProcess(LaucherJUnitProcess.java:173) - Killed the Process that runs JUnit test cases 12405
[INFO ] fr.inria.astor.core.validation.processbased.LaucherJUnitProcess.killProcess(LaucherJUnitProcess.java:171) - The Process that runs JUnit test cases did not terminate within waitTime of 10 seconds
[INFO ] fr.inria.astor.core.validation.processbased.LaucherJUnitProcess.killProcess(LaucherJUnitProcess.java:173) - Killed the Process that runs JUnit test cases 12429
[ERROR] fr.inria.astor.core.entities.StatementOperatorInstance.defineParentInformation(StatementOperatorInstance.java:81) - Parent null or it is not a block
[INFO ] fr.inria.astor.core.validation.processbased.LaucherJUnitProcess.killProcess(LaucherJUnitProcess.java:171) - The Process that runs JUnit test cases did not terminate within waitTime of 10 seconds
[INFO ] fr.inria.astor.core.validation.processbased.LaucherJUnitProcess.killProcess(LaucherJUnitProcess.java:173) - Killed the Process that runs JUnit test cases 12456
[ERROR] fr.inria.astor.core.entities.StatementOperatorInstance.defineParentInformation(StatementOperatorInstance.java:81) - Parent null or it is not a block
[INFO ] fr.inria.astor.core.validation.processbased.LaucherJUnitProcess.killProcess(LaucherJUnitProcess.java:171) - The Process that runs JUnit test cases did not terminate within waitTime of 10 seconds
[INFO ] fr.inria.astor.core.validation.processbased.LaucherJUnitProcess.killProcess(LaucherJUnitProcess.java:173) - Killed the Process that runs JUnit test cases 12480
[ERROR] fr.inria.astor.core.entities.StatementOperatorInstance.defineParentInformation(StatementOperatorInstance.java:81) - Parent null or it is not a block
[INFO ] fr.inria.astor.core.validation.processbased.LaucherJUnitProcess.killProcess(LaucherJUnitProcess.java:171) - The Process that runs JUnit test cases did not terminate within waitTime of 10 seconds
[INFO ] fr.inria.astor.core.validation.processbased.LaucherJUnitProcess.killProcess(LaucherJUnitProcess.java:173) - Killed the Process that runs JUnit test cases 12504
[ERROR] fr.inria.astor.core.entities.StatementOperatorInstance.defineParentInformation(StatementOperatorInstance.java:81) - Parent null or it is not a block
[INFO ] fr.inria.astor.core.validation.processbased.LaucherJUnitProcess.killProcess(LaucherJUnitProcess.java:171) - The Process that runs JUnit test cases did not terminate within waitTime of 10 seconds
[INFO ] fr.inria.astor.core.validation.processbased.LaucherJUnitProcess.killProcess(LaucherJUnitProcess.java:173) - Killed the Process that runs JUnit test cases 12528
[ERROR] fr.inria.astor.core.entities.StatementOperatorInstance.defineParentInformation(StatementOperatorInstance.java:81) - Parent null or it is not a block
[INFO ] fr.inria.astor.core.validation.processbased.LaucherJUnitProcess.killProcess(LaucherJUnitProcess.java:171) - The Process that runs JUnit test cases did not terminate within waitTime of 10 seconds
[INFO ] fr.inria.astor.core.validation.processbased.LaucherJUnitProcess.killProcess(LaucherJUnitProcess.java:173) - Killed the Process that runs JUnit test cases 12557
[ERROR] fr.inria.astor.core.entities.StatementOperatorInstance.defineParentInformation(StatementOperatorInstance.java:81) - Parent null or it is not a block
[INFO ] fr.inria.astor.core.validation.processbased.LaucherJUnitProcess.killProcess(LaucherJUnitProcess.java:171) - The Process that runs JUnit test cases did not terminate within waitTime of 10 seconds
[INFO ] fr.inria.astor.core.validation.processbased.LaucherJUnitProcess.killProcess(LaucherJUnitProcess.java:173) - Killed the Process that runs JUnit test cases 12581
[ERROR] fr.inria.astor.core.entities.StatementOperatorInstance.defineParentInformation(StatementOperatorInstance.java:81) - Parent null or it is not a block
[INFO ] fr.inria.astor.core.validation.processbased.LaucherJUnitProcess.killProcess(LaucherJUnitProcess.java:171) - The Process that runs JUnit test cases did not terminate within waitTime of 10 seconds
[INFO ] fr.inria.astor.core.validation.processbased.LaucherJUnitProcess.killProcess(LaucherJUnitProcess.java:173) - Killed the Process that runs JUnit test cases 12605
[ERROR] fr.inria.astor.core.entities.StatementOperatorInstance.defineParentInformation(StatementOperatorInstance.java:81) - Parent null or it is not a block
[INFO ] fr.inria.astor.core.validation.processbased.LaucherJUnitProcess.killProcess(LaucherJUnitProcess.java:171) - The Process that runs JUnit test cases did not terminate within waitTime of 10 seconds
[INFO ] fr.inria.astor.core.validation.processbased.LaucherJUnitProcess.killProcess(LaucherJUnitProcess.java:173) - Killed the Process that runs JUnit test cases 12631
[ERROR] fr.inria.astor.core.entities.StatementOperatorInstance.defineParentInformation(StatementOperatorInstance.java:81) - Parent null or it is not a block
[INFO ] fr.inria.astor.core.validation.processbased.LaucherJUnitProcess.killProcess(LaucherJUnitProcess.java:171) - The Process that runs JUnit test cases did not terminate within waitTime of 10 seconds
[INFO ] fr.inria.astor.core.validation.processbased.LaucherJUnitProcess.killProcess(LaucherJUnitProcess.java:173) - Killed the Process that runs JUnit test cases 12655
[ERROR] fr.inria.astor.core.entities.StatementOperatorInstance.defineParentInformation(StatementOperatorInstance.java:81) - Parent null or it is not a block
[INFO ] fr.inria.astor.core.validation.processbased.LaucherJUnitProcess.killProcess(LaucherJUnitProcess.java:171) - The Process that runs JUnit test cases did not terminate within waitTime of 10 seconds
[INFO ] fr.inria.astor.core.validation.processbased.LaucherJUnitProcess.killProcess(LaucherJUnitProcess.java:173) - Killed the Process that runs JUnit test cases 12679
[ERROR] fr.inria.astor.core.entities.StatementOperatorInstance.defineParentInformation(StatementOperatorInstance.java:81) - Parent null or it is not a block
[INFO ] fr.inria.astor.core.validation.processbased.LaucherJUnitProcess.killProcess(LaucherJUnitProcess.java:171) - The Process that runs JUnit test cases did not terminate within waitTime of 10 seconds
[INFO ] fr.inria.astor.core.validation.processbased.LaucherJUnitProcess.killProcess(LaucherJUnitProcess.java:173) - Killed the Process that runs JUnit test cases 12705
[ERROR] fr.inria.astor.core.entities.StatementOperatorInstance.defineParentInformation(StatementOperatorInstance.java:81) - Parent null or it is not a block
[INFO ] fr.inria.astor.core.validation.processbased.LaucherJUnitProcess.killProcess(LaucherJUnitProcess.java:171) - The Process that runs JUnit test cases did not terminate within waitTime of 10 seconds
[INFO ] fr.inria.astor.core.validation.processbased.LaucherJUnitProcess.killProcess(LaucherJUnitProcess.java:173) - Killed the Process that runs JUnit test cases 12729
[ERROR] fr.inria.astor.core.entities.StatementOperatorInstance.defineParentInformation(StatementOperatorInstance.java:81) - Parent null or it is not a block
[INFO ] fr.inria.astor.core.validation.processbased.LaucherJUnitProcess.killProcess(LaucherJUnitProcess.java:171) - The Process that runs JUnit test cases did not terminate within waitTime of 10 seconds
[INFO ] fr.inria.astor.core.validation.processbased.LaucherJUnitProcess.killProcess(LaucherJUnitProcess.java:173) - Killed the Process that runs JUnit test cases 12753
[ERROR] fr.inria.astor.core.entities.StatementOperatorInstance.defineParentInformation(StatementOperatorInstance.java:81) - Parent null or it is not a block
[INFO ] fr.inria.astor.core.validation.processbased.LaucherJUnitProcess.killProcess(LaucherJUnitProcess.java:171) - The Process that runs JUnit test cases did not terminate within waitTime of 10 seconds
[INFO ] fr.inria.astor.core.validation.processbased.LaucherJUnitProcess.killProcess(LaucherJUnitProcess.java:173) - Killed the Process that runs JUnit test cases 12777
[ERROR] fr.inria.astor.core.entities.StatementOperatorInstance.defineParentInformation(StatementOperatorInstance.java:81) - Parent null or it is not a block
[INFO ] fr.inria.astor.core.validation.processbased.LaucherJUnitProcess.killProcess(LaucherJUnitProcess.java:171) - The Process that runs JUnit test cases did not terminate within waitTime of 10 seconds
[INFO ] fr.inria.astor.core.validation.processbased.LaucherJUnitProcess.killProcess(LaucherJUnitProcess.java:173) - Killed the Process that runs JUnit test cases 12803
[ERROR] fr.inria.astor.core.entities.StatementOperatorInstance.defineParentInformation(StatementOperatorInstance.java:81) - Parent null or it is not a block
[INFO ] fr.inria.astor.core.validation.processbased.LaucherJUnitProcess.killProcess(LaucherJUnitProcess.java:171) - The Process that runs JUnit test cases did not terminate within waitTime of 10 seconds
[INFO ] fr.inria.astor.core.validation.processbased.LaucherJUnitProcess.killProcess(LaucherJUnitProcess.java:173) - Killed the Process that runs JUnit test cases 12827
[ERROR] fr.inria.astor.core.entities.StatementOperatorInstance.defineParentInformation(StatementOperatorInstance.java:81) - Parent null or it is not a block
[INFO ] fr.inria.astor.core.validation.processbased.LaucherJUnitProcess.killProcess(LaucherJUnitProcess.java:171) - The Process that runs JUnit test cases did not terminate within waitTime of 10 seconds
[INFO ] fr.inria.astor.core.validation.processbased.LaucherJUnitProcess.killProcess(LaucherJUnitProcess.java:173) - Killed the Process that runs JUnit test cases 12851
[ERROR] fr.inria.astor.core.entities.StatementOperatorInstance.defineParentInformation(StatementOperatorInstance.java:81) - Parent null or it is not a block
[INFO ] fr.inria.astor.core.validation.processbased.LaucherJUnitProcess.killProcess(LaucherJUnitProcess.java:171) - The Process that runs JUnit test cases did not terminate within waitTime of 10 seconds
[INFO ] fr.inria.astor.core.validation.processbased.LaucherJUnitProcess.killProcess(LaucherJUnitProcess.java:173) - Killed the Process that runs JUnit test cases 12877
[ERROR] fr.inria.astor.core.entities.StatementOperatorInstance.defineParentInformation(StatementOperatorInstance.java:81) - Parent null or it is not a block
[INFO ] fr.inria.astor.core.validation.processbased.LaucherJUnitProcess.killProcess(LaucherJUnitProcess.java:171) - The Process that runs JUnit test cases did not terminate within waitTime of 10 seconds
[INFO ] fr.inria.astor.core.validation.processbased.LaucherJUnitProcess.killProcess(LaucherJUnitProcess.java:173) - Killed the Process that runs JUnit test cases 12901
[ERROR] fr.inria.astor.core.entities.StatementOperatorInstance.defineParentInformation(StatementOperatorInstance.java:81) - Parent null or it is not a block
[INFO ] fr.inria.astor.core.validation.processbased.LaucherJUnitProcess.killProcess(LaucherJUnitProcess.java:171) - The Process that runs JUnit test cases did not terminate within waitTime of 10 seconds
[INFO ] fr.inria.astor.core.validation.processbased.LaucherJUnitProcess.killProcess(LaucherJUnitProcess.java:173) - Killed the Process that runs JUnit test cases 12925
[ERROR] fr.inria.astor.core.entities.StatementOperatorInstance.defineParentInformation(StatementOperatorInstance.java:81) - Parent null or it is not a block
[INFO ] fr.inria.astor.core.validation.processbased.LaucherJUnitProcess.killProcess(LaucherJUnitProcess.java:171) - The Process that runs JUnit test cases did not terminate within waitTime of 10 seconds
[INFO ] fr.inria.astor.core.validation.processbased.LaucherJUnitProcess.killProcess(LaucherJUnitProcess.java:173) - Killed the Process that runs JUnit test cases 12952
[ERROR] fr.inria.astor.core.entities.StatementOperatorInstance.defineParentInformation(StatementOperatorInstance.java:81) - Parent null or it is not a block
[INFO ] fr.inria.astor.core.validation.processbased.LaucherJUnitProcess.killProcess(LaucherJUnitProcess.java:171) - The Process that runs JUnit test cases did not terminate within waitTime of 10 seconds
[INFO ] fr.inria.astor.core.validation.processbased.LaucherJUnitProcess.killProcess(LaucherJUnitProcess.java:173) - Killed the Process that runs JUnit test cases 12976
[ERROR] fr.inria.astor.core.entities.StatementOperatorInstance.defineParentInformation(StatementOperatorInstance.java:81) - Parent null or it is not a block
[INFO ] fr.inria.astor.core.validation.processbased.LaucherJUnitProcess.killProcess(LaucherJUnitProcess.java:171) - The Process that runs JUnit test cases did not terminate within waitTime of 10 seconds
[INFO ] fr.inria.astor.core.validation.processbased.LaucherJUnitProcess.killProcess(LaucherJUnitProcess.java:173) - Killed the Process that runs JUnit test cases 13000
[ERROR] fr.inria.astor.core.entities.StatementOperatorInstance.defineParentInformation(StatementOperatorInstance.java:81) - Parent null or it is not a block
[INFO ] fr.inria.astor.core.validation.processbased.LaucherJUnitProcess.killProcess(LaucherJUnitProcess.java:171) - The Process that runs JUnit test cases did not terminate within waitTime of 10 seconds
[INFO ] fr.inria.astor.core.validation.processbased.LaucherJUnitProcess.killProcess(LaucherJUnitProcess.java:173) - Killed the Process that runs JUnit test cases 13024
[ERROR] fr.inria.astor.core.entities.StatementOperatorInstance.defineParentInformation(StatementOperatorInstance.java:81) - Parent null or it is not a block
[INFO ] fr.inria.astor.core.validation.processbased.LaucherJUnitProcess.killProcess(LaucherJUnitProcess.java:171) - The Process that runs JUnit test cases did not terminate within waitTime of 10 seconds
[INFO ] fr.inria.astor.core.validation.processbased.LaucherJUnitProcess.killProcess(LaucherJUnitProcess.java:173) - Killed the Process that runs JUnit test cases 13050
[ERROR] fr.inria.astor.core.entities.StatementOperatorInstance.defineParentInformation(StatementOperatorInstance.java:81) - Parent null or it is not a block
[INFO ] fr.inria.astor.core.validation.processbased.LaucherJUnitProcess.killProcess(LaucherJUnitProcess.java:171) - The Process that runs JUnit test cases did not terminate within waitTime of 10 seconds
[INFO ] fr.inria.astor.core.validation.processbased.LaucherJUnitProcess.killProcess(LaucherJUnitProcess.java:173) - Killed the Process that runs JUnit test cases 13074
[ERROR] fr.inria.astor.core.entities.StatementOperatorInstance.defineParentInformation(StatementOperatorInstance.java:81) - Parent null or it is not a block
[INFO ] fr.inria.astor.core.validation.processbased.LaucherJUnitProcess.killProcess(LaucherJUnitProcess.java:171) - The Process that runs JUnit test cases did not terminate within waitTime of 10 seconds
[INFO ] fr.inria.astor.core.validation.processbased.LaucherJUnitProcess.killProcess(LaucherJUnitProcess.java:173) - Killed the Process that runs JUnit test cases 13098
[ERROR] fr.inria.astor.core.entities.StatementOperatorInstance.defineParentInformation(StatementOperatorInstance.java:81) - Parent null or it is not a block
[INFO ] fr.inria.astor.core.validation.processbased.LaucherJUnitProcess.killProcess(LaucherJUnitProcess.java:171) - The Process that runs JUnit test cases did not terminate within waitTime of 10 seconds
[INFO ] fr.inria.astor.core.validation.processbased.LaucherJUnitProcess.killProcess(LaucherJUnitProcess.java:173) - Killed the Process that runs JUnit test cases 13124
[ERROR] fr.inria.astor.core.entities.StatementOperatorInstance.defineParentInformation(StatementOperatorInstance.java:81) - Parent null or it is not a block
[INFO ] fr.inria.astor.core.validation.processbased.LaucherJUnitProcess.killProcess(LaucherJUnitProcess.java:171) - The Process that runs JUnit test cases did not terminate within waitTime of 10 seconds
[INFO ] fr.inria.astor.core.validation.processbased.LaucherJUnitProcess.killProcess(LaucherJUnitProcess.java:173) - Killed the Process that runs JUnit test cases 13148
[ERROR] fr.inria.astor.core.entities.StatementOperatorInstance.defineParentInformation(StatementOperatorInstance.java:81) - Parent null or it is not a block
[INFO ] fr.inria.astor.core.validation.processbased.LaucherJUnitProcess.killProcess(LaucherJUnitProcess.java:171) - The Process that runs JUnit test cases did not terminate within waitTime of 10 seconds
[INFO ] fr.inria.astor.core.validation.processbased.LaucherJUnitProcess.killProcess(LaucherJUnitProcess.java:173) - Killed the Process that runs JUnit test cases 13172
[ERROR] fr.inria.astor.core.manipulation.sourcecode.VariableResolver$5.compare(VariableResolver.java:1046) - Var not found in global ngram: MAX_MILLIS
[INFO ] fr.inria.astor.core.validation.processbased.LaucherJUnitProcess.killProcess(LaucherJUnitProcess.java:171) - The Process that runs JUnit test cases did not terminate within waitTime of 10 seconds
[INFO ] fr.inria.astor.core.validation.processbased.LaucherJUnitProcess.killProcess(LaucherJUnitProcess.java:173) - Killed the Process that runs JUnit test cases 13198
[ERROR] fr.inria.astor.core.entities.StatementOperatorInstance.defineParentInformation(StatementOperatorInstance.java:81) - Parent null or it is not a block
[INFO ] fr.inria.astor.core.validation.processbased.LaucherJUnitProcess.killProcess(LaucherJUnitProcess.java:171) - The Process that runs JUnit test cases did not terminate within waitTime of 10 seconds
[INFO ] fr.inria.astor.core.validation.processbased.LaucherJUnitProcess.killProcess(LaucherJUnitProcess.java:173) - Killed the Process that runs JUnit test cases 13222
[ERROR] fr.inria.astor.core.entities.StatementOperatorInstance.defineParentInformation(StatementOperatorInstance.java:81) - Parent null or it is not a block
[INFO ] fr.inria.astor.core.validation.processbased.LaucherJUnitProcess.killProcess(LaucherJUnitProcess.java:171) - The Process that runs JUnit test cases did not terminate within waitTime of 10 seconds
[INFO ] fr.inria.astor.core.validation.processbased.LaucherJUnitProcess.killProcess(LaucherJUnitProcess.java:173) - Killed the Process that runs JUnit test cases 13246
[ERROR] fr.inria.astor.core.entities.StatementOperatorInstance.defineParentInformation(StatementOperatorInstance.java:81) - Parent null or it is not a block
[INFO ] fr.inria.astor.core.validation.processbased.LaucherJUnitProcess.killProcess(LaucherJUnitProcess.java:171) - The Process that runs JUnit test cases did not terminate within waitTime of 10 seconds
[INFO ] fr.inria.astor.core.validation.processbased.LaucherJUnitProcess.killProcess(LaucherJUnitProcess.java:173) - Killed the Process that runs JUnit test cases 13270
[ERROR] fr.inria.astor.core.entities.StatementOperatorInstance.defineParentInformation(StatementOperatorInstance.java:81) - Parent null or it is not a block
[INFO ] fr.inria.astor.core.validation.processbased.LaucherJUnitProcess.killProcess(LaucherJUnitProcess.java:171) - The Process that runs JUnit test cases did not terminate within waitTime of 10 seconds
[INFO ] fr.inria.astor.core.validation.processbased.LaucherJUnitProcess.killProcess(LaucherJUnitProcess.java:173) - Killed the Process that runs JUnit test cases 13296
[ERROR] fr.inria.astor.core.entities.StatementOperatorInstance.defineParentInformation(StatementOperatorInstance.java:81) - Parent null or it is not a block
[INFO ] fr.inria.astor.core.validation.processbased.LaucherJUnitProcess.killProcess(LaucherJUnitProcess.java:171) - The Process that runs JUnit test cases did not terminate within waitTime of 10 seconds
[INFO ] fr.inria.astor.core.validation.processbased.LaucherJUnitProcess.killProcess(LaucherJUnitProcess.java:173) - Killed the Process that runs JUnit test cases 13323
[ERROR] fr.inria.astor.core.entities.StatementOperatorInstance.defineParentInformation(StatementOperatorInstance.java:81) - Parent null or it is not a block
[INFO ] fr.inria.astor.core.validation.processbased.LaucherJUnitProcess.killProcess(LaucherJUnitProcess.java:171) - The Process that runs JUnit test cases did not terminate within waitTime of 10 seconds
[INFO ] fr.inria.astor.core.validation.processbased.LaucherJUnitProcess.killProcess(LaucherJUnitProcess.java:173) - Killed the Process that runs JUnit test cases 13347
[ERROR] fr.inria.astor.core.entities.StatementOperatorInstance.defineParentInformation(StatementOperatorInstance.java:81) - Parent null or it is not a block
[INFO ] fr.inria.astor.core.validation.processbased.LaucherJUnitProcess.killProcess(LaucherJUnitProcess.java:171) - The Process that runs JUnit test cases did not terminate within waitTime of 10 seconds
[INFO ] fr.inria.astor.core.validation.processbased.LaucherJUnitProcess.killProcess(LaucherJUnitProcess.java:173) - Killed the Process that runs JUnit test cases 13373
[ERROR] fr.inria.astor.core.entities.StatementOperatorInstance.defineParentInformation(StatementOperatorInstance.java:81) - Parent null or it is not a block
[INFO ] fr.inria.astor.core.validation.processbased.LaucherJUnitProcess.killProcess(LaucherJUnitProcess.java:171) - The Process that runs JUnit test cases did not terminate within waitTime of 10 seconds
[INFO ] fr.inria.astor.core.validation.processbased.LaucherJUnitProcess.killProcess(LaucherJUnitProcess.java:173) - Killed the Process that runs JUnit test cases 13397
[ERROR] fr.inria.astor.core.entities.StatementOperatorInstance.defineParentInformation(StatementOperatorInstance.java:81) - Parent null or it is not a block
[INFO ] fr.inria.astor.core.validation.processbased.LaucherJUnitProcess.killProcess(LaucherJUnitProcess.java:171) - The Process that runs JUnit test cases did not terminate within waitTime of 10 seconds
[INFO ] fr.inria.astor.core.validation.processbased.LaucherJUnitProcess.killProcess(LaucherJUnitProcess.java:173) - Killed the Process that runs JUnit test cases 13421
[ERROR] fr.inria.astor.core.entities.StatementOperatorInstance.defineParentInformation(StatementOperatorInstance.java:81) - Parent null or it is not a block
[INFO ] fr.inria.astor.core.validation.processbased.LaucherJUnitProcess.killProcess(LaucherJUnitProcess.java:171) - The Process that runs JUnit test cases did not terminate within waitTime of 10 seconds
[INFO ] fr.inria.astor.core.validation.processbased.LaucherJUnitProcess.killProcess(LaucherJUnitProcess.java:173) - Killed the Process that runs JUnit test cases 13447
[ERROR] fr.inria.astor.core.entities.StatementOperatorInstance.defineParentInformation(StatementOperatorInstance.java:81) - Parent null or it is not a block
[INFO ] fr.inria.astor.core.validation.processbased.LaucherJUnitProcess.killProcess(LaucherJUnitProcess.java:171) - The Process that runs JUnit test cases did not terminate within waitTime of 10 seconds
[INFO ] fr.inria.astor.core.validation.processbased.LaucherJUnitProcess.killProcess(LaucherJUnitProcess.java:173) - Killed the Process that runs JUnit test cases 13471
[ERROR] fr.inria.astor.core.entities.StatementOperatorInstance.defineParentInformation(StatementOperatorInstance.java:81) - Parent null or it is not a block
[INFO ] fr.inria.astor.core.validation.processbased.LaucherJUnitProcess.killProcess(LaucherJUnitProcess.java:171) - The Process that runs JUnit test cases did not terminate within waitTime of 10 seconds
[INFO ] fr.inria.astor.core.validation.processbased.LaucherJUnitProcess.killProcess(LaucherJUnitProcess.java:173) - Killed the Process that runs JUnit test cases 13496
[ERROR] fr.inria.astor.core.entities.StatementOperatorInstance.defineParentInformation(StatementOperatorInstance.java:81) - Parent null or it is not a block
[INFO ] fr.inria.astor.core.validation.processbased.LaucherJUnitProcess.killProcess(LaucherJUnitProcess.java:171) - The Process that runs JUnit test cases did not terminate within waitTime of 10 seconds
[INFO ] fr.inria.astor.core.validation.processbased.LaucherJUnitProcess.killProcess(LaucherJUnitProcess.java:173) - Killed the Process that runs JUnit test cases 13522
[ERROR] fr.inria.astor.core.entities.StatementOperatorInstance.defineParentInformation(StatementOperatorInstance.java:81) - Parent null or it is not a block
[INFO ] fr.inria.astor.core.validation.processbased.LaucherJUnitProcess.killProcess(LaucherJUnitProcess.java:171) - The Process that runs JUnit test cases did not terminate within waitTime of 10 seconds
[INFO ] fr.inria.astor.core.validation.processbased.LaucherJUnitProcess.killProcess(LaucherJUnitProcess.java:173) - Killed the Process that runs JUnit test cases 13546
[ERROR] fr.inria.astor.core.entities.StatementOperatorInstance.defineParentInformation(StatementOperatorInstance.java:81) - Parent null or it is not a block
[INFO ] fr.inria.astor.core.validation.processbased.LaucherJUnitProcess.killProcess(LaucherJUnitProcess.java:171) - The Process that runs JUnit test cases did not terminate within waitTime of 10 seconds
[INFO ] fr.inria.astor.core.validation.processbased.LaucherJUnitProcess.killProcess(LaucherJUnitProcess.java:173) - Killed the Process that runs JUnit test cases 13570
[ERROR] fr.inria.astor.core.entities.StatementOperatorInstance.defineParentInformation(StatementOperatorInstance.java:81) - Parent null or it is not a block
[INFO ] fr.inria.astor.core.validation.processbased.LaucherJUnitProcess.killProcess(LaucherJUnitProcess.java:171) - The Process that runs JUnit test cases did not terminate within waitTime of 10 seconds
[INFO ] fr.inria.astor.core.validation.processbased.LaucherJUnitProcess.killProcess(LaucherJUnitProcess.java:173) - Killed the Process that runs JUnit test cases 13596
[ERROR] fr.inria.astor.core.entities.StatementOperatorInstance.defineParentInformation(StatementOperatorInstance.java:81) - Parent null or it is not a block
[INFO ] fr.inria.astor.core.validation.processbased.LaucherJUnitProcess.killProcess(LaucherJUnitProcess.java:171) - The Process that runs JUnit test cases did not terminate within waitTime of 10 seconds
[INFO ] fr.inria.astor.core.validation.processbased.LaucherJUnitProcess.killProcess(LaucherJUnitProcess.java:173) - Killed the Process that runs JUnit test cases 13653
[ERROR] fr.inria.astor.core.manipulation.sourcecode.VariableResolver$5.compare(VariableResolver.java:1046) - Var not found in global ngram: MAX_MILLIS
[ERROR] fr.inria.astor.core.manipulation.sourcecode.VariableResolver$5.compare(VariableResolver.java:1046) - Var not found in global ngram: MAX_MILLIS
[ERROR] fr.inria.astor.core.entities.StatementOperatorInstance.defineParentInformation(StatementOperatorInstance.java:81) - Parent null or it is not a block
[ERROR] fr.inria.astor.core.entities.StatementOperatorInstance.defineParentInformation(StatementOperatorInstance.java:81) - Parent null or it is not a block
[INFO ] fr.inria.astor.core.validation.processbased.LaucherJUnitProcess.killProcess(LaucherJUnitProcess.java:171) - The Process that runs JUnit test cases did not terminate within waitTime of 10 seconds
[INFO ] fr.inria.astor.core.validation.processbased.LaucherJUnitProcess.killProcess(LaucherJUnitProcess.java:173) - Killed the Process that runs JUnit test cases 13699
[INFO ] fr.inria.astor.core.validation.processbased.LaucherJUnitProcess.killProcess(LaucherJUnitProcess.java:171) - The Process that runs JUnit test cases did not terminate within waitTime of 10 seconds
[INFO ] fr.inria.astor.core.validation.processbased.LaucherJUnitProcess.killProcess(LaucherJUnitProcess.java:173) - Killed the Process that runs JUnit test cases 13723
[ERROR] fr.inria.astor.core.entities.StatementOperatorInstance.defineParentInformation(StatementOperatorInstance.java:81) - Parent null or it is not a block
[INFO ] fr.inria.astor.core.validation.processbased.LaucherJUnitProcess.killProcess(LaucherJUnitProcess.java:171) - The Process that runs JUnit test cases did not terminate within waitTime of 10 seconds
[INFO ] fr.inria.astor.core.validation.processbased.LaucherJUnitProcess.killProcess(LaucherJUnitProcess.java:173) - Killed the Process that runs JUnit test cases 13748
[ERROR] fr.inria.astor.core.entities.StatementOperatorInstance.defineParentInformation(StatementOperatorInstance.java:81) - Parent null or it is not a block
[INFO ] fr.inria.astor.core.validation.processbased.LaucherJUnitProcess.killProcess(LaucherJUnitProcess.java:171) - The Process that runs JUnit test cases did not terminate within waitTime of 10 seconds
[INFO ] fr.inria.astor.core.validation.processbased.LaucherJUnitProcess.killProcess(LaucherJUnitProcess.java:173) - Killed the Process that runs JUnit test cases 13774
[ERROR] fr.inria.astor.core.entities.StatementOperatorInstance.defineParentInformation(StatementOperatorInstance.java:81) - Parent null or it is not a block
[INFO ] fr.inria.astor.core.validation.processbased.LaucherJUnitProcess.killProcess(LaucherJUnitProcess.java:171) - The Process that runs JUnit test cases did not terminate within waitTime of 10 seconds
[INFO ] fr.inria.astor.core.validation.processbased.LaucherJUnitProcess.killProcess(LaucherJUnitProcess.java:173) - Killed the Process that runs JUnit test cases 13798
[ERROR] fr.inria.astor.core.entities.StatementOperatorInstance.defineParentInformation(StatementOperatorInstance.java:81) - Parent null or it is not a block
[INFO ] fr.inria.astor.core.validation.processbased.LaucherJUnitProcess.killProcess(LaucherJUnitProcess.java:171) - The Process that runs JUnit test cases did not terminate within waitTime of 10 seconds
[INFO ] fr.inria.astor.core.validation.processbased.LaucherJUnitProcess.killProcess(LaucherJUnitProcess.java:173) - Killed the Process that runs JUnit test cases 13822
[INFO ] fr.inria.astor.core.validation.processbased.LaucherJUnitProcess.killProcess(LaucherJUnitProcess.java:171) - The Process that runs JUnit test cases did not terminate within waitTime of 10 seconds
[INFO ] fr.inria.astor.core.validation.processbased.LaucherJUnitProcess.killProcess(LaucherJUnitProcess.java:173) - Killed the Process that runs JUnit test cases 13848
[ERROR] fr.inria.astor.core.entities.StatementOperatorInstance.defineParentInformation(StatementOperatorInstance.java:81) - Parent null or it is not a block
[INFO ] fr.inria.astor.core.validation.processbased.LaucherJUnitProcess.killProcess(LaucherJUnitProcess.java:171) - The Process that runs JUnit test cases did not terminate within waitTime of 10 seconds
[INFO ] fr.inria.astor.core.validation.processbased.LaucherJUnitProcess.killProcess(LaucherJUnitProcess.java:173) - Killed the Process that runs JUnit test cases 13872
[ERROR] fr.inria.astor.core.entities.StatementOperatorInstance.defineParentInformation(StatementOperatorInstance.java:81) - Parent null or it is not a block
[INFO ] fr.inria.astor.core.validation.processbased.LaucherJUnitProcess.killProcess(LaucherJUnitProcess.java:171) - The Process that runs JUnit test cases did not terminate within waitTime of 10 seconds
[INFO ] fr.inria.astor.core.validation.processbased.LaucherJUnitProcess.killProcess(LaucherJUnitProcess.java:173) - Killed the Process that runs JUnit test cases 13896
[ERROR] fr.inria.astor.core.entities.StatementOperatorInstance.defineParentInformation(StatementOperatorInstance.java:81) - Parent null or it is not a block
[INFO ] fr.inria.astor.core.validation.processbased.LaucherJUnitProcess.killProcess(LaucherJUnitProcess.java:171) - The Process that runs JUnit test cases did not terminate within waitTime of 10 seconds
[INFO ] fr.inria.astor.core.validation.processbased.LaucherJUnitProcess.killProcess(LaucherJUnitProcess.java:173) - Killed the Process that runs JUnit test cases 13922
[ERROR] fr.inria.astor.core.entities.StatementOperatorInstance.defineParentInformation(StatementOperatorInstance.java:81) - Parent null or it is not a block
[INFO ] fr.inria.astor.core.validation.processbased.LaucherJUnitProcess.killProcess(LaucherJUnitProcess.java:171) - The Process that runs JUnit test cases did not terminate within waitTime of 10 seconds
[INFO ] fr.inria.astor.core.validation.processbased.LaucherJUnitProcess.killProcess(LaucherJUnitProcess.java:173) - Killed the Process that runs JUnit test cases 13946
[ERROR] fr.inria.astor.core.entities.StatementOperatorInstance.defineParentInformation(StatementOperatorInstance.java:81) - Parent null or it is not a block
[INFO ] fr.inria.astor.core.validation.processbased.LaucherJUnitProcess.killProcess(LaucherJUnitProcess.java:171) - The Process that runs JUnit test cases did not terminate within waitTime of 10 seconds
[INFO ] fr.inria.astor.core.validation.processbased.LaucherJUnitProcess.killProcess(LaucherJUnitProcess.java:173) - Killed the Process that runs JUnit test cases 13970
[ERROR] fr.inria.astor.core.entities.StatementOperatorInstance.defineParentInformation(StatementOperatorInstance.java:81) - Parent null or it is not a block
[INFO ] fr.inria.astor.core.validation.processbased.LaucherJUnitProcess.killProcess(LaucherJUnitProcess.java:171) - The Process that runs JUnit test cases did not terminate within waitTime of 10 seconds
[INFO ] fr.inria.astor.core.validation.processbased.LaucherJUnitProcess.killProcess(LaucherJUnitProcess.java:173) - Killed the Process that runs JUnit test cases 13996
[ERROR] fr.inria.astor.core.entities.StatementOperatorInstance.defineParentInformation(StatementOperatorInstance.java:81) - Parent null or it is not a block
[INFO ] fr.inria.astor.core.validation.processbased.LaucherJUnitProcess.killProcess(LaucherJUnitProcess.java:171) - The Process that runs JUnit test cases did not terminate within waitTime of 10 seconds
[INFO ] fr.inria.astor.core.validation.processbased.LaucherJUnitProcess.killProcess(LaucherJUnitProcess.java:173) - Killed the Process that runs JUnit test cases 14020
[ERROR] fr.inria.astor.core.entities.StatementOperatorInstance.defineParentInformation(StatementOperatorInstance.java:81) - Parent null or it is not a block
[INFO ] fr.inria.astor.core.validation.processbased.LaucherJUnitProcess.killProcess(LaucherJUnitProcess.java:171) - The Process that runs JUnit test cases did not terminate within waitTime of 10 seconds
[INFO ] fr.inria.astor.core.validation.processbased.LaucherJUnitProcess.killProcess(LaucherJUnitProcess.java:173) - Killed the Process that runs JUnit test cases 14044
[INFO ] fr.inria.astor.core.validation.processbased.LaucherJUnitProcess.killProcess(LaucherJUnitProcess.java:171) - The Process that runs JUnit test cases did not terminate within waitTime of 10 seconds
[INFO ] fr.inria.astor.core.validation.processbased.LaucherJUnitProcess.killProcess(LaucherJUnitProcess.java:173) - Killed the Process that runs JUnit test cases 14068
[ERROR] fr.inria.astor.core.entities.StatementOperatorInstance.defineParentInformation(StatementOperatorInstance.java:81) - Parent null or it is not a block
[INFO ] fr.inria.astor.core.validation.processbased.LaucherJUnitProcess.killProcess(LaucherJUnitProcess.java:171) - The Process that runs JUnit test cases did not terminate within waitTime of 10 seconds
[INFO ] fr.inria.astor.core.validation.processbased.LaucherJUnitProcess.killProcess(LaucherJUnitProcess.java:173) - Killed the Process that runs JUnit test cases 14094
[ERROR] fr.inria.astor.core.entities.StatementOperatorInstance.defineParentInformation(StatementOperatorInstance.java:81) - Parent null or it is not a block
[INFO ] fr.inria.astor.core.validation.processbased.LaucherJUnitProcess.killProcess(LaucherJUnitProcess.java:171) - The Process that runs JUnit test cases did not terminate within waitTime of 10 seconds
[INFO ] fr.inria.astor.core.validation.processbased.LaucherJUnitProcess.killProcess(LaucherJUnitProcess.java:173) - Killed the Process that runs JUnit test cases 14121
[ERROR] fr.inria.astor.core.entities.StatementOperatorInstance.defineParentInformation(StatementOperatorInstance.java:81) - Parent null or it is not a block
[INFO ] fr.inria.astor.core.validation.processbased.LaucherJUnitProcess.killProcess(LaucherJUnitProcess.java:171) - The Process that runs JUnit test cases did not terminate within waitTime of 10 seconds
[INFO ] fr.inria.astor.core.validation.processbased.LaucherJUnitProcess.killProcess(LaucherJUnitProcess.java:173) - Killed the Process that runs JUnit test cases 14145
[ERROR] fr.inria.astor.core.entities.StatementOperatorInstance.defineParentInformation(StatementOperatorInstance.java:81) - Parent null or it is not a block
[INFO ] fr.inria.astor.core.validation.processbased.LaucherJUnitProcess.killProcess(LaucherJUnitProcess.java:171) - The Process that runs JUnit test cases did not terminate within waitTime of 10 seconds
[INFO ] fr.inria.astor.core.validation.processbased.LaucherJUnitProcess.killProcess(LaucherJUnitProcess.java:173) - Killed the Process that runs JUnit test cases 14171
[ERROR] fr.inria.astor.core.entities.StatementOperatorInstance.defineParentInformation(StatementOperatorInstance.java:81) - Parent null or it is not a block
[INFO ] fr.inria.astor.core.validation.processbased.LaucherJUnitProcess.killProcess(LaucherJUnitProcess.java:171) - The Process that runs JUnit test cases did not terminate within waitTime of 10 seconds
[INFO ] fr.inria.astor.core.validation.processbased.LaucherJUnitProcess.killProcess(LaucherJUnitProcess.java:173) - Killed the Process that runs JUnit test cases 14195
[ERROR] fr.inria.astor.core.entities.StatementOperatorInstance.defineParentInformation(StatementOperatorInstance.java:81) - Parent null or it is not a block
[INFO ] fr.inria.astor.core.validation.processbased.LaucherJUnitProcess.killProcess(LaucherJUnitProcess.java:171) - The Process that runs JUnit test cases did not terminate within waitTime of 10 seconds
[INFO ] fr.inria.astor.core.validation.processbased.LaucherJUnitProcess.killProcess(LaucherJUnitProcess.java:173) - Killed the Process that runs JUnit test cases 14219
[INFO ] fr.inria.astor.core.validation.processbased.LaucherJUnitProcess.killProcess(LaucherJUnitProcess.java:171) - The Process that runs JUnit test cases did not terminate within waitTime of 10 seconds
[INFO ] fr.inria.astor.core.validation.processbased.LaucherJUnitProcess.killProcess(LaucherJUnitProcess.java:173) - Killed the Process that runs JUnit test cases 14245
[ERROR] fr.inria.astor.core.entities.StatementOperatorInstance.defineParentInformation(StatementOperatorInstance.java:81) - Parent null or it is not a block
[INFO ] fr.inria.astor.core.validation.processbased.LaucherJUnitProcess.killProcess(LaucherJUnitProcess.java:171) - The Process that runs JUnit test cases did not terminate within waitTime of 10 seconds
[INFO ] fr.inria.astor.core.validation.processbased.LaucherJUnitProcess.killProcess(LaucherJUnitProcess.java:173) - Killed the Process that runs JUnit test cases 14272
[ERROR] fr.inria.astor.core.entities.StatementOperatorInstance.defineParentInformation(StatementOperatorInstance.java:81) - Parent null or it is not a block
[ERROR] fr.inria.astor.core.entities.StatementOperatorInstance.defineParentInformation(StatementOperatorInstance.java:81) - Parent null or it is not a block
[INFO ] fr.inria.astor.core.validation.processbased.LaucherJUnitProcess.killProcess(LaucherJUnitProcess.java:171) - The Process that runs JUnit test cases did not terminate within waitTime of 10 seconds
[INFO ] fr.inria.astor.core.validation.processbased.LaucherJUnitProcess.killProcess(LaucherJUnitProcess.java:173) - Killed the Process that runs JUnit test cases 14298
[ERROR] fr.inria.astor.core.entities.StatementOperatorInstance.defineParentInformation(StatementOperatorInstance.java:81) - Parent null or it is not a block
[INFO ] fr.inria.astor.core.validation.processbased.LaucherJUnitProcess.killProcess(LaucherJUnitProcess.java:171) - The Process that runs JUnit test cases did not terminate within waitTime of 10 seconds
[INFO ] fr.inria.astor.core.validation.processbased.LaucherJUnitProcess.killProcess(LaucherJUnitProcess.java:173) - Killed the Process that runs JUnit test cases 14322
[ERROR] fr.inria.astor.core.entities.StatementOperatorInstance.defineParentInformation(StatementOperatorInstance.java:81) - Parent null or it is not a block
[INFO ] fr.inria.astor.core.validation.processbased.LaucherJUnitProcess.killProcess(LaucherJUnitProcess.java:171) - The Process that runs JUnit test cases did not terminate within waitTime of 10 seconds
[INFO ] fr.inria.astor.core.validation.processbased.LaucherJUnitProcess.killProcess(LaucherJUnitProcess.java:173) - Killed the Process that runs JUnit test cases 14348
[ERROR] fr.inria.astor.core.entities.StatementOperatorInstance.defineParentInformation(StatementOperatorInstance.java:81) - Parent null or it is not a block
[INFO ] fr.inria.astor.core.validation.processbased.LaucherJUnitProcess.killProcess(LaucherJUnitProcess.java:171) - The Process that runs JUnit test cases did not terminate within waitTime of 10 seconds
[INFO ] fr.inria.astor.core.validation.processbased.LaucherJUnitProcess.killProcess(LaucherJUnitProcess.java:173) - Killed the Process that runs JUnit test cases 14372
[ERROR] fr.inria.astor.core.entities.StatementOperatorInstance.defineParentInformation(StatementOperatorInstance.java:81) - Parent null or it is not a block
[INFO ] fr.inria.astor.core.validation.processbased.LaucherJUnitProcess.killProcess(LaucherJUnitProcess.java:171) - The Process that runs JUnit test cases did not terminate within waitTime of 10 seconds
[INFO ] fr.inria.astor.core.validation.processbased.LaucherJUnitProcess.killProcess(LaucherJUnitProcess.java:173) - Killed the Process that runs JUnit test cases 14396
[ERROR] fr.inria.astor.core.entities.StatementOperatorInstance.defineParentInformation(StatementOperatorInstance.java:81) - Parent null or it is not a block
[ERROR] fr.inria.astor.core.entities.StatementOperatorInstance.defineParentInformation(StatementOperatorInstance.java:81) - Parent null or it is not a block
[INFO ] fr.inria.astor.core.validation.processbased.LaucherJUnitProcess.killProcess(LaucherJUnitProcess.java:171) - The Process that runs JUnit test cases did not terminate within waitTime of 10 seconds
[INFO ] fr.inria.astor.core.validation.processbased.LaucherJUnitProcess.killProcess(LaucherJUnitProcess.java:173) - Killed the Process that runs JUnit test cases 14422
[ERROR] fr.inria.astor.core.entities.StatementOperatorInstance.defineParentInformation(StatementOperatorInstance.java:81) - Parent null or it is not a block
[INFO ] fr.inria.astor.core.validation.processbased.LaucherJUnitProcess.killProcess(LaucherJUnitProcess.java:171) - The Process that runs JUnit test cases did not terminate within waitTime of 10 seconds
[INFO ] fr.inria.astor.core.validation.processbased.LaucherJUnitProcess.killProcess(LaucherJUnitProcess.java:173) - Killed the Process that runs JUnit test cases 14446
[ERROR] fr.inria.astor.core.entities.StatementOperatorInstance.defineParentInformation(StatementOperatorInstance.java:81) - Parent null or it is not a block
[INFO ] fr.inria.astor.core.validation.processbased.LaucherJUnitProcess.killProcess(LaucherJUnitProcess.java:171) - The Process that runs JUnit test cases did not terminate within waitTime of 10 seconds
[INFO ] fr.inria.astor.core.validation.processbased.LaucherJUnitProcess.killProcess(LaucherJUnitProcess.java:173) - Killed the Process that runs JUnit test cases 14473
[ERROR] fr.inria.astor.core.entities.StatementOperatorInstance.defineParentInformation(StatementOperatorInstance.java:81) - Parent null or it is not a block
[INFO ] fr.inria.astor.core.validation.processbased.LaucherJUnitProcess.killProcess(LaucherJUnitProcess.java:171) - The Process that runs JUnit test cases did not terminate within waitTime of 10 seconds
[INFO ] fr.inria.astor.core.validation.processbased.LaucherJUnitProcess.killProcess(LaucherJUnitProcess.java:173) - Killed the Process that runs JUnit test cases 14497
[ERROR] fr.inria.astor.core.entities.StatementOperatorInstance.defineParentInformation(StatementOperatorInstance.java:81) - Parent null or it is not a block
[INFO ] fr.inria.astor.core.validation.processbased.LaucherJUnitProcess.killProcess(LaucherJUnitProcess.java:171) - The Process that runs JUnit test cases did not terminate within waitTime of 10 seconds
[INFO ] fr.inria.astor.core.validation.processbased.LaucherJUnitProcess.killProcess(LaucherJUnitProcess.java:173) - Killed the Process that runs JUnit test cases 14521
[INFO ] fr.inria.astor.core.validation.processbased.LaucherJUnitProcess.killProcess(LaucherJUnitProcess.java:171) - The Process that runs JUnit test cases did not terminate within waitTime of 10 seconds
[INFO ] fr.inria.astor.core.validation.processbased.LaucherJUnitProcess.killProcess(LaucherJUnitProcess.java:173) - Killed the Process that runs JUnit test cases 14547
[ERROR] fr.inria.astor.core.entities.StatementOperatorInstance.defineParentInformation(StatementOperatorInstance.java:81) - Parent null or it is not a block
[INFO ] fr.inria.astor.core.validation.processbased.LaucherJUnitProcess.killProcess(LaucherJUnitProcess.java:171) - The Process that runs JUnit test cases did not terminate within waitTime of 10 seconds
[INFO ] fr.inria.astor.core.validation.processbased.LaucherJUnitProcess.killProcess(LaucherJUnitProcess.java:173) - Killed the Process that runs JUnit test cases 14571
[ERROR] fr.inria.astor.core.entities.StatementOperatorInstance.defineParentInformation(StatementOperatorInstance.java:81) - Parent null or it is not a block
[INFO ] fr.inria.astor.core.validation.processbased.LaucherJUnitProcess.killProcess(LaucherJUnitProcess.java:171) - The Process that runs JUnit test cases did not terminate within waitTime of 10 seconds
[INFO ] fr.inria.astor.core.validation.processbased.LaucherJUnitProcess.killProcess(LaucherJUnitProcess.java:173) - Killed the Process that runs JUnit test cases 14595
[ERROR] fr.inria.astor.core.entities.StatementOperatorInstance.defineParentInformation(StatementOperatorInstance.java:81) - Parent null or it is not a block
[INFO ] fr.inria.astor.core.validation.processbased.LaucherJUnitProcess.killProcess(LaucherJUnitProcess.java:171) - The Process that runs JUnit test cases did not terminate within waitTime of 10 seconds
[INFO ] fr.inria.astor.core.validation.processbased.LaucherJUnitProcess.killProcess(LaucherJUnitProcess.java:173) - Killed the Process that runs JUnit test cases 14621
[ERROR] fr.inria.astor.core.entities.StatementOperatorInstance.defineParentInformation(StatementOperatorInstance.java:81) - Parent null or it is not a block
[INFO ] fr.inria.astor.core.validation.processbased.LaucherJUnitProcess.killProcess(LaucherJUnitProcess.java:171) - The Process that runs JUnit test cases did not terminate within waitTime of 10 seconds
[INFO ] fr.inria.astor.core.validation.processbased.LaucherJUnitProcess.killProcess(LaucherJUnitProcess.java:173) - Killed the Process that runs JUnit test cases 14645
[INFO ] fr.inria.astor.core.validation.processbased.LaucherJUnitProcess.killProcess(LaucherJUnitProcess.java:171) - The Process that runs JUnit test cases did not terminate within waitTime of 10 seconds
[INFO ] fr.inria.astor.core.validation.processbased.LaucherJUnitProcess.killProcess(LaucherJUnitProcess.java:173) - Killed the Process that runs JUnit test cases 14669
[ERROR] fr.inria.astor.core.entities.StatementOperatorInstance.defineParentInformation(StatementOperatorInstance.java:81) - Parent null or it is not a block
[INFO ] fr.inria.astor.core.validation.processbased.LaucherJUnitProcess.killProcess(LaucherJUnitProcess.java:171) - The Process that runs JUnit test cases did not terminate within waitTime of 10 seconds
[INFO ] fr.inria.astor.core.validation.processbased.LaucherJUnitProcess.killProcess(LaucherJUnitProcess.java:173) - Killed the Process that runs JUnit test cases 14693
[ERROR] fr.inria.astor.core.entities.StatementOperatorInstance.defineParentInformation(StatementOperatorInstance.java:81) - Parent null or it is not a block
[INFO ] fr.inria.astor.core.validation.processbased.LaucherJUnitProcess.killProcess(LaucherJUnitProcess.java:171) - The Process that runs JUnit test cases did not terminate within waitTime of 10 seconds
[INFO ] fr.inria.astor.core.validation.processbased.LaucherJUnitProcess.killProcess(LaucherJUnitProcess.java:173) - Killed the Process that runs JUnit test cases 14719
[ERROR] fr.inria.astor.core.entities.StatementOperatorInstance.defineParentInformation(StatementOperatorInstance.java:81) - Parent null or it is not a block
[INFO ] fr.inria.astor.core.validation.processbased.LaucherJUnitProcess.killProcess(LaucherJUnitProcess.java:171) - The Process that runs JUnit test cases did not terminate within waitTime of 10 seconds
[INFO ] fr.inria.astor.core.validation.processbased.LaucherJUnitProcess.killProcess(LaucherJUnitProcess.java:173) - Killed the Process that runs JUnit test cases 14743
[ERROR] fr.inria.astor.core.entities.StatementOperatorInstance.defineParentInformation(StatementOperatorInstance.java:81) - Parent null or it is not a block
[INFO ] fr.inria.astor.core.validation.processbased.LaucherJUnitProcess.killProcess(LaucherJUnitProcess.java:171) - The Process that runs JUnit test cases did not terminate within waitTime of 10 seconds
[INFO ] fr.inria.astor.core.validation.processbased.LaucherJUnitProcess.killProcess(LaucherJUnitProcess.java:173) - Killed the Process that runs JUnit test cases 14767
[INFO ] fr.inria.astor.core.validation.processbased.LaucherJUnitProcess.killProcess(LaucherJUnitProcess.java:171) - The Process that runs JUnit test cases did not terminate within waitTime of 10 seconds
[INFO ] fr.inria.astor.core.validation.processbased.LaucherJUnitProcess.killProcess(LaucherJUnitProcess.java:173) - Killed the Process that runs JUnit test cases 14793
[ERROR] fr.inria.astor.core.entities.StatementOperatorInstance.defineParentInformation(StatementOperatorInstance.java:81) - Parent null or it is not a block
[INFO ] fr.inria.astor.core.validation.processbased.LaucherJUnitProcess.killProcess(LaucherJUnitProcess.java:171) - The Process that runs JUnit test cases did not terminate within waitTime of 10 seconds
[INFO ] fr.inria.astor.core.validation.processbased.LaucherJUnitProcess.killProcess(LaucherJUnitProcess.java:173) - Killed the Process that runs JUnit test cases 14817
[ERROR] fr.inria.astor.core.entities.StatementOperatorInstance.defineParentInformation(StatementOperatorInstance.java:81) - Parent null or it is not a block
[INFO ] fr.inria.astor.core.validation.processbased.LaucherJUnitProcess.killProcess(LaucherJUnitProcess.java:171) - The Process that runs JUnit test cases did not terminate within waitTime of 10 seconds
[INFO ] fr.inria.astor.core.validation.processbased.LaucherJUnitProcess.killProcess(LaucherJUnitProcess.java:173) - Killed the Process that runs JUnit test cases 14841
[ERROR] fr.inria.astor.core.entities.StatementOperatorInstance.defineParentInformation(StatementOperatorInstance.java:81) - Parent null or it is not a block
[INFO ] fr.inria.astor.core.validation.processbased.LaucherJUnitProcess.killProcess(LaucherJUnitProcess.java:171) - The Process that runs JUnit test cases did not terminate within waitTime of 10 seconds
[INFO ] fr.inria.astor.core.validation.processbased.LaucherJUnitProcess.killProcess(LaucherJUnitProcess.java:173) - Killed the Process that runs JUnit test cases 14870
[ERROR] fr.inria.astor.core.entities.StatementOperatorInstance.defineParentInformation(StatementOperatorInstance.java:81) - Parent null or it is not a block
[INFO ] fr.inria.astor.core.validation.processbased.LaucherJUnitProcess.killProcess(LaucherJUnitProcess.java:171) - The Process that runs JUnit test cases did not terminate within waitTime of 10 seconds
[INFO ] fr.inria.astor.core.validation.processbased.LaucherJUnitProcess.killProcess(LaucherJUnitProcess.java:173) - Killed the Process that runs JUnit test cases 14894
[ERROR] fr.inria.astor.core.entities.StatementOperatorInstance.defineParentInformation(StatementOperatorInstance.java:81) - Parent null or it is not a block
[INFO ] fr.inria.astor.core.validation.processbased.LaucherJUnitProcess.killProcess(LaucherJUnitProcess.java:171) - The Process that runs JUnit test cases did not terminate within waitTime of 10 seconds
[INFO ] fr.inria.astor.core.validation.processbased.LaucherJUnitProcess.killProcess(LaucherJUnitProcess.java:173) - Killed the Process that runs JUnit test cases 14918
[ERROR] fr.inria.astor.core.entities.StatementOperatorInstance.defineParentInformation(StatementOperatorInstance.java:81) - Parent null or it is not a block
[INFO ] fr.inria.astor.core.validation.processbased.LaucherJUnitProcess.killProcess(LaucherJUnitProcess.java:171) - The Process that runs JUnit test cases did not terminate within waitTime of 10 seconds
[INFO ] fr.inria.astor.core.validation.processbased.LaucherJUnitProcess.killProcess(LaucherJUnitProcess.java:173) - Killed the Process that runs JUnit test cases 14944
[INFO ] fr.inria.astor.core.validation.processbased.LaucherJUnitProcess.killProcess(LaucherJUnitProcess.java:171) - The Process that runs JUnit test cases did not terminate within waitTime of 10 seconds
[INFO ] fr.inria.astor.core.validation.processbased.LaucherJUnitProcess.killProcess(LaucherJUnitProcess.java:173) - Killed the Process that runs JUnit test cases 14968
[ERROR] fr.inria.astor.core.manipulation.sourcecode.VariableResolver$5.compare(VariableResolver.java:1046) - Var not found in global ngram: MAX_MILLIS
[ERROR] fr.inria.astor.core.manipulation.sourcecode.VariableResolver$5.compare(VariableResolver.java:1046) - Var not found in global ngram: MAX_MILLIS
[ERROR] fr.inria.astor.core.entities.StatementOperatorInstance.defineParentInformation(StatementOperatorInstance.java:81) - Parent null or it is not a block
[INFO ] fr.inria.astor.core.validation.processbased.LaucherJUnitProcess.killProcess(LaucherJUnitProcess.java:171) - The Process that runs JUnit test cases did not terminate within waitTime of 10 seconds
[INFO ] fr.inria.astor.core.validation.processbased.LaucherJUnitProcess.killProcess(LaucherJUnitProcess.java:173) - Killed the Process that runs JUnit test cases 14992
[ERROR] fr.inria.astor.core.entities.StatementOperatorInstance.defineParentInformation(StatementOperatorInstance.java:81) - Parent null or it is not a block
[INFO ] fr.inria.astor.core.validation.processbased.LaucherJUnitProcess.killProcess(LaucherJUnitProcess.java:171) - The Process that runs JUnit test cases did not terminate within waitTime of 10 seconds
[INFO ] fr.inria.astor.core.validation.processbased.LaucherJUnitProcess.killProcess(LaucherJUnitProcess.java:173) - Killed the Process that runs JUnit test cases 15016
[INFO ] fr.inria.astor.core.validation.processbased.LaucherJUnitProcess.killProcess(LaucherJUnitProcess.java:171) - The Process that runs JUnit test cases did not terminate within waitTime of 10 seconds
[INFO ] fr.inria.astor.core.validation.processbased.LaucherJUnitProcess.killProcess(LaucherJUnitProcess.java:173) - Killed the Process that runs JUnit test cases 15042
[ERROR] fr.inria.astor.core.entities.StatementOperatorInstance.defineParentInformation(StatementOperatorInstance.java:81) - Parent null or it is not a block
[INFO ] fr.inria.astor.core.validation.processbased.LaucherJUnitProcess.killProcess(LaucherJUnitProcess.java:171) - The Process that runs JUnit test cases did not terminate within waitTime of 10 seconds
[INFO ] fr.inria.astor.core.validation.processbased.LaucherJUnitProcess.killProcess(LaucherJUnitProcess.java:173) - Killed the Process that runs JUnit test cases 15066
[ERROR] fr.inria.astor.core.entities.StatementOperatorInstance.defineParentInformation(StatementOperatorInstance.java:81) - Parent null or it is not a block
[INFO ] fr.inria.astor.core.validation.processbased.LaucherJUnitProcess.killProcess(LaucherJUnitProcess.java:171) - The Process that runs JUnit test cases did not terminate within waitTime of 10 seconds
[INFO ] fr.inria.astor.core.validation.processbased.LaucherJUnitProcess.killProcess(LaucherJUnitProcess.java:173) - Killed the Process that runs JUnit test cases 15090
[ERROR] fr.inria.astor.core.entities.StatementOperatorInstance.defineParentInformation(StatementOperatorInstance.java:81) - Parent null or it is not a block
[INFO ] fr.inria.astor.core.validation.processbased.LaucherJUnitProcess.killProcess(LaucherJUnitProcess.java:171) - The Process that runs JUnit test cases did not terminate within waitTime of 10 seconds
[INFO ] fr.inria.astor.core.validation.processbased.LaucherJUnitProcess.killProcess(LaucherJUnitProcess.java:173) - Killed the Process that runs JUnit test cases 15116
[ERROR] fr.inria.astor.core.entities.StatementOperatorInstance.defineParentInformation(StatementOperatorInstance.java:81) - Parent null or it is not a block
