cd /tmp/Nopol_Bug_dot_jar_Jackrabbit-Oak_6feacf6b;
export JAVA_TOOL_OPTIONS="-Dfile.encoding=UTF8 -Duser.language=en-US -Duser.country=US -Duser.language=en";
TZ="America/New_York"; export TZ;
export PATH="/usr/lib/jvm/java-1.8.0-openjdk-amd64/bin/:$PATH";
export JAVA_HOME="/usr/lib/jvm/java-1.8.0-openjdk-amd64/bin/";
time java -Xmx4g -Xms1g -cp /home/tdurieux/defects4j4repair/script/../repair_tools/nopol.jar:/usr/lib/jvm/java-1.8.0-openjdk-amd64/bin//../lib/tools.jar fr.inria.lille.repair.Main \
	--mode repair \
	--type pre_then_cond \
	--oracle angelic \
	--synthesis smt \
	--flocal gzoltar \
	--json \
	--solver z3 \
	--solver-path /home/tdurieux/defects4j4repair/script/../libs/z3/build/z3 \
	--complianceLevel 7 \
	--source oak-core/src/main/java \
	--classpath "oak-core/target/classes:oak-core/target/test-classes:/tmp/Nopol_Bug_dot_jar_Jackrabbit-Oak_6feacf6b/oak-commons/target/classes:/tmp/Nopol_Bug_dot_jar_Jackrabbit-Oak_6feacf6b/oak-mk-api/target/classes:/tmp/Nopol_Bug_dot_jar_Jackrabbit-Oak_6feacf6b/oak-mk/target/classes:/tmp/Nopol_Bug_dot_jar_Jackrabbit-Oak_6feacf6b/oak-mk-remote/target/classes:/tmp/Nopol_Bug_dot_jar_Jackrabbit-Oak_6feacf6b/oak-mongomk/target/classes:/tmp/Nopol_Bug_dot_jar_Jackrabbit-Oak_6feacf6b/oak-it/mk/target/classes:/tmp/Nopol_Bug_dot_jar_Jackrabbit-Oak_6feacf6b/oak-jcr/target/classes:/tmp/Nopol_Bug_dot_jar_Jackrabbit-Oak_6feacf6b/oak-sling/target/classes:/tmp/Nopol_Bug_dot_jar_Jackrabbit-Oak_6feacf6b/oak-http/target/classes:/tmp/Nopol_Bug_dot_jar_Jackrabbit-Oak_6feacf6b/oak-lucene/target/classes:/tmp/Nopol_Bug_dot_jar_Jackrabbit-Oak_6feacf6b/oak-run/target/classes:/tmp/Nopol_Bug_dot_jar_Jackrabbit-Oak_6feacf6b/oak-it/osgi/target/classes:/tmp/Nopol_Bug_dot_jar_Jackrabbit-Oak_6feacf6b/oak-bench/base/target/classes:/tmp/Nopol_Bug_dot_jar_Jackrabbit-Oak_6feacf6b/oak-bench/latest/target/classes:/tmp/Nopol_Bug_dot_jar_Jackrabbit-Oak_6feacf6b/oak-mk-perf/target/classes:/home/tdurieux/.m2/repository/ch/qos/logback/logback-core/1.0.1/logback-core-1.0.1.jar:/home/tdurieux/.m2/repository/com/google/guava/guava/13.0.1/guava-13.0.1.jar:/home/tdurieux/.m2/repository/org/apache/tika/tika-core/1.3/tika-core-1.3.jar:/home/tdurieux/.m2/repository/org/codehaus/jackson/jackson-core-asl/1.9.2/jackson-core-asl-1.9.2.jar:/home/tdurieux/.m2/repository/org/apache/lucene/lucene-analyzers-common/4.1.0/lucene-analyzers-common-4.1.0.jar:/home/tdurieux/.m2/repository/org/ops4j/base/ops4j-base-net/1.3.0/ops4j-base-net-1.3.0.jar:/home/tdurieux/.m2/repository/org/osgi/org.osgi.core/4.2.0/org.osgi.core-4.2.0.jar:/home/tdurieux/.m2/repository/org/sonatype/aether/aether-spi/1.11/aether-spi-1.11.jar:/home/tdurieux/.m2/repository/org/apache/directory/server/apacheds-core/1.5.5/apacheds-core-1.5.5.jar:/home/tdurieux/.m2/repository/org/ops4j/pax/swissbox/pax-swissbox-optional-jcl/1.5.0/pax-swissbox-optional-jcl-1.5.0.jar:/home/tdurieux/.m2/repository/org/slf4j/slf4j-api/1.6.4/slf4j-api-1.6.4.jar:/home/tdurieux/.m2/repository/org/apache/jackrabbit/oak-mk/0.7-SNAPSHOT/oak-mk-0.7-SNAPSHOT.jar:/home/tdurieux/.m2/repository/org/apache/jackrabbit/jackrabbit-jcr-commons/2.7-SNAPSHOT/jackrabbit-jcr-commons-2.7-SNAPSHOT.jar:/home/tdurieux/.m2/repository/com/cedarsoft/commons/xml-commons/5.0.9/xml-commons-5.0.9.jar:/home/tdurieux/.m2/repository/org/mongodb/mongo-java-driver/2.7.1/mongo-java-driver-2.7.1.jar:/home/tdurieux/.m2/repository/org/ops4j/pax/exam/pax-exam-junit4/2.4.0/pax-exam-junit4-2.4.0.jar:/home/tdurieux/.m2/repository/com/cedarsoft/commons/crypt/5.0.9/crypt-5.0.9.jar:/home/tdurieux/.m2/repository/org/json/json/20090211/json-20090211.jar:/home/tdurieux/.m2/repository/org/apache/xbean/xbean-reflect/3.4/xbean-reflect-3.4.jar:/home/tdurieux/.m2/repository/commons-pool/commons-pool/1.5.4/commons-pool-1.5.4.jar:/home/tdurieux/.m2/repository/org/eclipse/jetty/jetty-io/8.1.2.v20120308/jetty-io-8.1.2.v20120308.jar:/home/tdurieux/.m2/repository/org/ops4j/base/ops4j-base-lang/1.3.0/ops4j-base-lang-1.3.0.jar:/home/tdurieux/.m2/repository/javax/servlet/servlet-api/2.5/servlet-api-2.5.jar:/home/tdurieux/.m2/repository/org/ops4j/pax/exam/pax-exam/2.4.0/pax-exam-2.4.0.jar:/home/tdurieux/.m2/repository/com/googlecode/json-simple/json-simple/1.1/json-simple-1.1.jar:/home/tdurieux/.m2/repository/org/slf4j/slf4j-api/1.5.8/slf4j-api-1.5.8.jar:/home/tdurieux/.m2/repository/org/apache/maven/maven-model-builder/3.0.3/maven-model-builder-3.0.3.jar:/home/tdurieux/.m2/repository/com/google/code/findbugs/jsr305/2.0.0/jsr305-2.0.0.jar:/home/tdurieux/.m2/repository/org/apache/directory/server/apacheds-core-shared/1.5.5/apacheds-core-shared-1.5.5.jar:/home/tdurieux/.m2/repository/org/apache/directory/server/apacheds-core-avl/1.5.5/apacheds-core-avl-1.5.5.jar:/home/tdurieux/.m2/repository/org/mockito/mockito-all/1.9.0-rc1/mockito-all-1.9.0-rc1.jar:/home/tdurieux/.m2/repository/org/apache/directory/server/apacheds-protocol-shared/1.5.5/apacheds-protocol-shared-1.5.5.jar:/home/tdurieux/.m2/repository/org/sonatype/aether/aether-impl/1.11/aether-impl-1.11.jar:/home/tdurieux/.m2/repository/org/apache/directory/server/apacheds-core-constants/1.5.5/apacheds-core-constants-1.5.5.jar:/home/tdurieux/.m2/repository/com/ibm/icu/icu4j/2.6.1/icu4j-2.6.1.jar:/home/tdurieux/.m2/repository/commons-io/commons-io/2.2/commons-io-2.2.jar:/home/tdurieux/.m2/repository/org/apache/jackrabbit/oak-lucene/0.7-SNAPSHOT/oak-lucene-0.7-SNAPSHOT.jar:/home/tdurieux/.m2/repository/org/apache/directory/server/apacheds-bootstrap-partition/1.5.5/apacheds-bootstrap-partition-1.5.5.jar:/home/tdurieux/.m2/repository/org/apache/directory/shared/shared-cursor/0.9.15/shared-cursor-0.9.15.jar:/home/tdurieux/.m2/repository/org/apache/lucene/lucene-core/3.6.0/lucene-core-3.6.0.jar:/home/tdurieux/.m2/repository/org/ops4j/base/ops4j-base-spi/1.3.0/ops4j-base-spi-1.3.0.jar:/home/tdurieux/.m2/repository/org/ops4j/pax/url/pax-url-classpath/1.4.0/pax-url-classpath-1.4.0.jar:/home/tdurieux/.m2/repository/org/apache/directory/shared/shared-ldap/0.9.15/shared-ldap-0.9.15.jar:/home/tdurieux/.m2/repository/org/ops4j/pax/tinybundles/tinybundles/1.0.0/tinybundles-1.0.0.jar:/home/tdurieux/.m2/repository/org/ops4j/pax/swissbox/pax-swissbox-core/1.5.0/pax-swissbox-core-1.5.0.jar:/home/tdurieux/.m2/repository/org/apache/jackrabbit/oak-core/0.7-SNAPSHOT/oak-core-0.7-SNAPSHOT.jar:/home/tdurieux/.m2/repository/org/apache/sling/org.apache.sling.jcr.api/2.1.0/org.apache.sling.jcr.api-2.1.0.jar:/home/tdurieux/.m2/repository/dom4j/dom4j/1.6.1/dom4j-1.6.1.jar:/home/tdurieux/.m2/repository/org/apache/directory/server/apacheds-interceptor-kerberos/1.5.5/apacheds-interceptor-kerberos-1.5.5.jar:/home/tdurieux/.m2/repository/org/apache/maven/wagon/wagon-file/1.0-beta-7/wagon-file-1.0-beta-7.jar:/home/tdurieux/.m2/repository/org/apache/maven/wagon/wagon-http-shared/1.0-beta-7/wagon-http-shared-1.0-beta-7.jar:/home/tdurieux/.m2/repository/org/apache/directory/server/apacheds-core-unit/1.5.5/apacheds-core-unit-1.5.5.jar:/home/tdurieux/.m2/repository/com/google/collections/google-collections/1.0/google-collections-1.0.jar:/home/tdurieux/.m2/repository/org/slf4j/slf4j-nop/1.5.8/slf4j-nop-1.5.8.jar:/home/tdurieux/.m2/repository/com/fasterxml/jackson/core/jackson-databind/2.0.0/jackson-databind-2.0.0.jar:/home/tdurieux/.m2/repository/org/ops4j/pax/swissbox/pax-swissbox-framework/1.5.0/pax-swissbox-framework-1.5.0.jar:/home/tdurieux/.m2/repository/org/apache/directory/server/apacheds-schema-bootstrap/1.5.5/apacheds-schema-bootstrap-1.5.5.jar:/home/tdurieux/.m2/repository/org/apache/jackrabbit/oak-jcr/0.7-SNAPSHOT/oak-jcr-0.7-SNAPSHOT.jar:/home/tdurieux/.m2/repository/com/fasterxml/jackson/dataformat/jackson-dataformat-smile/2.0.2/jackson-dataformat-smile-2.0.2.jar:/home/tdurieux/.m2/repository/com/cedarsoft/commons/test-utils/5.0.9/test-utils-5.0.9.jar:/home/tdurieux/.m2/repository/commons-logging/commons-logging/1.0.4/commons-logging-1.0.4.jar:/home/tdurieux/.m2/repository/org/apache/directory/shared/shared-asn1-codec/0.9.15/shared-asn1-codec-0.9.15.jar:/home/tdurieux/.m2/repository/org/ops4j/pax/url/pax-url-commons/1.4.0/pax-url-commons-1.4.0.jar:/home/tdurieux/.m2/repository/org/sonatype/aether/aether-connector-wagon/1.11/aether-connector-wagon-1.11.jar:/home/tdurieux/.m2/repository/asm/asm/3.0/asm-3.0.jar:/home/tdurieux/.m2/repository/org/sonatype/aether/aether-api/1.11/aether-api-1.11.jar:/home/tdurieux/.m2/repository/biz/aQute/bndlib/1.50.0/bndlib-1.50.0.jar:/home/tdurieux/.m2/repository/com/fasterxml/jackson/core/jackson-core/2.0.0/jackson-core-2.0.0.jar:/home/tdurieux/.m2/repository/commons-fileupload/commons-fileupload/1.2.1/commons-fileupload-1.2.1.jar:/home/tdurieux/.m2/repository/org/easytesting/fest-reflect/1.2/fest-reflect-1.2.jar:/home/tdurieux/.m2/repository/org/hamcrest/hamcrest-core/1.1/hamcrest-core-1.1.jar:/home/tdurieux/.m2/repository/commons-dbcp/commons-dbcp/1.3/commons-dbcp-1.3.jar:/home/tdurieux/.m2/repository/javax/jcr/jcr/2.0/jcr-2.0.jar:/home/tdurieux/.m2/repository/org/apache/directory/server/apacheds-schema-registries/1.5.5/apacheds-schema-registries-1.5.5.jar:/home/tdurieux/.m2/repository/org/apache/jackrabbit/oak-commons/0.7-SNAPSHOT/oak-commons-0.7-SNAPSHOT.jar:/home/tdurieux/.m2/repository/org/apache/directory/server/apacheds-xdbm-search/1.5.5/apacheds-xdbm-search-1.5.5.jar:/home/tdurieux/.m2/repository/org/eclipse/jetty/jetty-http/8.1.2.v20120308/jetty-http-8.1.2.v20120308.jar:/home/tdurieux/.m2/repository/xml-apis/xml-apis/1.3.02/xml-apis-1.3.02.jar:/home/tdurieux/.m2/repository/org/apache/geronimo/specs/geronimo-atinject_1.0_spec/1.0/geronimo-atinject_1.0_spec-1.0.jar:/home/tdurieux/.m2/repository/org/ops4j/base/ops4j-base-store/1.3.0/ops4j-base-store-1.3.0.jar:/home/tdurieux/.m2/repository/xerces/xercesImpl/2.6.2/xercesImpl-2.6.2.jar:/home/tdurieux/.m2/repository/org/apache/directory/server/apacheds-utils/1.5.5/apacheds-utils-1.5.5.jar:/home/tdurieux/.m2/repository/org/codehaus/jackson/jackson-mapper-asl/1.9.2/jackson-mapper-asl-1.9.2.jar:/home/tdurieux/.m2/repository/commons-lang/commons-lang/2.4/commons-lang-2.4.jar:/home/tdurieux/.m2/repository/bouncycastle/bcprov-jdk15/140/bcprov-jdk15-140.jar:/home/tdurieux/.m2/repository/org/apache/maven/wagon/wagon-provider-api/1.0-beta-7/wagon-provider-api-1.0-beta-7.jar:/home/tdurieux/.m2/repository/org/apache/sling/org.apache.sling.commons.osgi/2.1.0/org.apache.sling.commons.osgi-2.1.0.jar:/home/tdurieux/.m2/repository/antlr/antlr/2.7.7/antlr-2.7.7.jar:/home/tdurieux/.m2/repository/org/apache/directory/server/apacheds-server-unit/1.5.5/apacheds-server-unit-1.5.5.jar:/home/tdurieux/.m2/repository/commons-codec/commons-codec/1.2/commons-codec-1.2.jar:/home/tdurieux/.m2/repository/org/apache/jackrabbit/jackrabbit-api/2.7-SNAPSHOT/jackrabbit-api-2.7-SNAPSHOT.jar:/home/tdurieux/.m2/repository/com/h2database/h2/1.3.158/h2-1.3.158.jar:/home/tdurieux/.m2/repository/jaxen/jaxen/1.1.3/jaxen-1.1.3.jar:/home/tdurieux/.m2/repository/commons-codec/commons-codec/1.5/commons-codec-1.5.jar:/home/tdurieux/.m2/repository/org/apache/directory/shared/shared-ldap-constants/0.9.15/shared-ldap-constants-0.9.15.jar:/home/tdurieux/.m2/repository/org/apache/jackrabbit/jackrabbit-spi/2.7-SNAPSHOT/jackrabbit-spi-2.7-SNAPSHOT.jar:/home/tdurieux/.m2/repository/org/apache/lucene/lucene-core/4.1.0/lucene-core-4.1.0.jar:/home/tdurieux/.m2/repository/javax/inject/javax.inject/1/javax.inject-1.jar:/home/tdurieux/.m2/repository/org/apache/derby/derby/10.5.3.0_1/derby-10.5.3.0_1.jar:/home/tdurieux/.m2/repository/org/slf4j/jcl-over-slf4j/1.6.4/jcl-over-slf4j-1.6.4.jar:/home/tdurieux/.m2/repository/concurrent/concurrent/1.3.4/concurrent-1.3.4.jar:/home/tdurieux/.m2/repository/org/apache/directory/server/apacheds-schema-extras/1.5.5/apacheds-schema-extras-1.5.5.jar:/home/tdurieux/.m2/repository/org/apache/mina/mina-core/2.0.0-M6/mina-core-2.0.0-M6.jar:/home/tdurieux/.m2/repository/org/ops4j/base/ops4j-base-io/1.3.0/ops4j-base-io-1.3.0.jar:/home/tdurieux/.m2/repository/org/ops4j/pax/url/pax-url-aether/1.3.3/pax-url-aether-1.3.3.jar:/home/tdurieux/.m2/repository/org/apache/directory/server/apacheds-jdbm-store/1.5.5/apacheds-jdbm-store-1.5.5.jar:/home/tdurieux/.m2/repository/org/apache/directory/server/apacheds-xdbm-base/1.5.5/apacheds-xdbm-base-1.5.5.jar:/home/tdurieux/.m2/repository/org/eclipse/jetty/orbit/javax.servlet/3.0.0.v201112011016/javax.servlet-3.0.0.v201112011016.jar:/home/tdurieux/.m2/repository/org/apache/maven/maven-model/3.0.3/maven-model-3.0.3.jar:/home/tdurieux/.m2/repository/org/apache/jackrabbit/jackrabbit-jcr-tests/2.7-SNAPSHOT/jackrabbit-jcr-tests-2.7-SNAPSHOT.jar:/home/tdurieux/.m2/repository/org/ops4j/pax/swissbox/pax-swissbox-lifecycle/1.5.0/pax-swissbox-lifecycle-1.5.0.jar:/home/tdurieux/.m2/repository/org/apache/directory/server/apacheds-bootstrap-extract/1.5.5/apacheds-bootstrap-extract-1.5.5.jar:/home/tdurieux/.m2/repository/org/ops4j/base/ops4j-base-util-property/1.3.0/ops4j-base-util-property-1.3.0.jar:/home/tdurieux/.m2/repository/org/ops4j/pax/url/pax-url-link/1.4.0/pax-url-link-1.4.0.jar:/home/tdurieux/.m2/repository/commons-io/commons-io/2.0.1/commons-io-2.0.1.jar:/home/tdurieux/.m2/repository/org/apache/jackrabbit/oak-core/0.7-SNAPSHOT/oak-core-0.7-SNAPSHOT-tests.jar:/home/tdurieux/.m2/repository/org/eclipse/jetty/jetty-server/8.1.2.v20120308/jetty-server-8.1.2.v20120308.jar:/home/tdurieux/.m2/repository/org/apache/directory/server/apacheds-xdbm-tools/1.5.5/apacheds-xdbm-tools-1.5.5.jar:/home/tdurieux/.m2/repository/org/apache/maven/maven-aether-provider/3.0.3/maven-aether-provider-3.0.3.jar:/home/tdurieux/.m2/repository/com/jamonapi/jamon/2.4/jamon-2.4.jar:/home/tdurieux/.m2/repository/org/apache/felix/org.apache.felix.framework/4.0.2/org.apache.felix.framework-4.0.2.jar:/home/tdurieux/.m2/repository/org/apache/directory/server/apacheds-jdbm/1.5.5/apacheds-jdbm-1.5.5.jar:/home/tdurieux/.m2/repository/org/apache/felix/org.apache.felix.scr.annotations/1.7.0/org.apache.felix.scr.annotations-1.7.0.jar:/home/tdurieux/.m2/repository/org/eclipse/jetty/jetty-util/8.1.2.v20120308/jetty-util-8.1.2.v20120308.jar:/home/tdurieux/.m2/repository/org/ops4j/base/ops4j-base-monitors/1.3.0/ops4j-base-monitors-1.3.0.jar:/home/tdurieux/.m2/repository/org/mongodb/mongo-java-driver/2.9.1/mongo-java-driver-2.9.1.jar:/home/tdurieux/.m2/repository/org/sonatype/aether/aether-util/1.11/aether-util-1.11.jar:/home/tdurieux/.m2/repository/org/eclipse/jetty/jetty-servlet/8.1.2.v20120308/jetty-servlet-8.1.2.v20120308.jar:/home/tdurieux/.m2/repository/commons-httpclient/commons-httpclient/3.1/commons-httpclient-3.1.jar:/home/tdurieux/.m2/repository/org/jdom/jdom/1.1.2/jdom-1.1.2.jar:/home/tdurieux/.m2/repository/org/ops4j/base/ops4j-base-exec/1.3.0/ops4j-base-exec-1.3.0.jar:/home/tdurieux/.m2/repository/xerces/xmlParserAPIs/2.6.2/xmlParserAPIs-2.6.2.jar:/home/tdurieux/.m2/repository/org/ops4j/pax/exam/pax-exam-link-assembly/2.4.0/pax-exam-link-assembly-2.4.0.jar:/home/tdurieux/.m2/repository/org/apache/jackrabbit/oak-mongomk/0.7-SNAPSHOT/oak-mongomk-0.7-SNAPSHOT.jar:/home/tdurieux/.m2/repository/org/codehaus/plexus/plexus-classworlds/2.4/plexus-classworlds-2.4.jar:/home/tdurieux/.m2/repository/org/osgi/org.osgi.compendium/4.2.0/org.osgi.compendium-4.2.0.jar:/home/tdurieux/.m2/repository/commons-io/commons-io/1.4/commons-io-1.4.jar:/home/tdurieux/.m2/repository/jdom/jdom/1.0/jdom-1.0.jar:/home/tdurieux/.m2/repository/org/codehaus/plexus/plexus-interpolation/1.14/plexus-interpolation-1.14.jar:/home/tdurieux/.m2/repository/org/apache/maven/wagon/wagon-http-lightweight/1.0-beta-7/wagon-http-lightweight-1.0-beta-7.jar:/home/tdurieux/.m2/repository/org/apache/commons/commons-math/2.0/commons-math-2.0.jar:/home/tdurieux/.m2/repository/org/eclipse/jetty/jetty-security/8.1.2.v20120308/jetty-security-8.1.2.v20120308.jar:/home/tdurieux/.m2/repository/org/eclipse/jetty/jetty-continuation/8.1.2.v20120308/jetty-continuation-8.1.2.v20120308.jar:/home/tdurieux/.m2/repository/org/apache/maven/maven-repository-metadata/3.0.3/maven-repository-metadata-3.0.3.jar:/home/tdurieux/.m2/repository/org/apache/directory/server/apacheds-core-jndi/1.5.5/apacheds-core-jndi-1.5.5.jar:/home/tdurieux/.m2/repository/org/apache/directory/server/apacheds-server-jndi/1.5.5/apacheds-server-jndi-1.5.5.jar:/home/tdurieux/.m2/repository/org/apache/jackrabbit/oak-bench-base/0.7-SNAPSHOT/oak-bench-base-0.7-SNAPSHOT.jar:/home/tdurieux/.m2/repository/ch/qos/logback/logback-classic/1.0.1/logback-classic-1.0.1.jar:/home/tdurieux/.m2/repository/xmlunit/xmlunit/1.3/xmlunit-1.3.jar:/home/tdurieux/.m2/repository/com/fasterxml/jackson/core/jackson-annotations/2.0.0/jackson-annotations-2.0.0.jar:/home/tdurieux/.m2/repository/org/apache/directory/server/apacheds-core-entry/1.5.5/apacheds-core-entry-1.5.5.jar:/home/tdurieux/.m2/repository/org/apache/jackrabbit/jackrabbit-spi-commons/2.7-SNAPSHOT/jackrabbit-spi-commons-2.7-SNAPSHOT.jar:/home/tdurieux/.m2/repository/org/codehaus/plexus/plexus-utils/2.0.5/plexus-utils-2.0.5.jar:/home/tdurieux/.m2/repository/org/apache/jackrabbit/oak-it-mk/0.7-SNAPSHOT/oak-it-mk-0.7-SNAPSHOT.jar:/home/tdurieux/.m2/repository/org/slf4j/slf4j-simple/1.6.1/slf4j-simple-1.6.1.jar:/home/tdurieux/.m2/repository/org/easytesting/fest-util/1.1.6/fest-util-1.1.6.jar:/home/tdurieux/.m2/repository/org/ops4j/pax/exam/pax-exam-container-native/2.4.0/pax-exam-container-native-2.4.0.jar:/home/tdurieux/.m2/repository/org/ops4j/pax/swissbox/pax-swissbox-property/1.5.0/pax-swissbox-property-1.5.0.jar:/home/tdurieux/.m2/repository/xalan/xalan/2.6.0/xalan-2.6.0.jar:/home/tdurieux/.m2/repository/org/easytesting/fest-assert/1.4/fest-assert-1.4.jar:/home/tdurieux/.m2/repository/org/apache/jackrabbit/jackrabbit-jcr-server/2.7-SNAPSHOT/jackrabbit-jcr-server-2.7-SNAPSHOT.jar:/home/tdurieux/.m2/repository/org/slf4j/jul-to-slf4j/1.6.4/jul-to-slf4j-1.6.4.jar:/home/tdurieux/.m2/repository/org/apache/jackrabbit/jackrabbit-core/2.7-SNAPSHOT/jackrabbit-core-2.7-SNAPSHOT-tests.jar:/home/tdurieux/.m2/repository/org/codehaus/plexus/plexus-component-annotations/1.5.5/plexus-component-annotations-1.5.5.jar:/home/tdurieux/.m2/repository/org/apache/jackrabbit/oak-http/0.7-SNAPSHOT/oak-http-0.7-SNAPSHOT.jar:/home/tdurieux/.m2/repository/junit/junit/4.10/junit-4.10.jar:/home/tdurieux/.m2/repository/org/ops4j/pax/exam/pax-exam-spi/2.4.0/pax-exam-spi-2.4.0.jar:/home/tdurieux/.m2/repository/commons-lang/commons-lang/2.6/commons-lang-2.6.jar:/home/tdurieux/.m2/repository/org/apache/directory/server/apacheds-protocol-ldap/1.5.5/apacheds-protocol-ldap-1.5.5.jar:/home/tdurieux/.m2/repository/org/apache/directory/shared/shared-asn1/0.9.15/shared-asn1-0.9.15.jar:/home/tdurieux/.m2/repository/xom/xom/1.0/xom-1.0.jar:/home/tdurieux/.m2/repository/org/apache/jackrabbit/jackrabbit-webdav/2.7-SNAPSHOT/jackrabbit-webdav-2.7-SNAPSHOT.jar:/home/tdurieux/.m2/repository/org/apache/jackrabbit/oak-mk-api/0.7-SNAPSHOT/oak-mk-api-0.7-SNAPSHOT.jar:/home/tdurieux/.m2/repository/org/apache/directory/server/apacheds-kerberos-shared/1.5.5/apacheds-kerberos-shared-1.5.5.jar:/home/tdurieux/.m2/repository/org/apache/jackrabbit/oak-mk-remote/0.7-SNAPSHOT/oak-mk-remote-0.7-SNAPSHOT.jar:/home/tdurieux/.m2/repository/org/apache/tika/tika-core/1.1/tika-core-1.1.jar:/home/tdurieux/.m2/repository/org/codehaus/plexus/plexus-container-default/1.5.4/plexus-container-default-1.5.4.jar:/home/tdurieux/.m2/repository/commons-collections/commons-collections/3.2.1/commons-collections-3.2.1.jar:/home/tdurieux/defects4j4repair/script/../repair_tools/nopol.jar";
	echo "\n\nNode: `hostname`\n";
	echo "\n\nDate: `date`\n";
Picked up JAVA_TOOL_OPTIONS: -Dfile.encoding=UTF8 -Duser.language=en-US -Duser.country=US -Duser.language=en
11:23:45.754 [main] INFO  fr.inria.lille.repair.nopol.NoPol - Source files: [oak-core/src/main/java]
11:23:45.772 [main] INFO  fr.inria.lille.repair.nopol.NoPol - Classpath: [file:/tmp/Nopol_Bug_dot_jar_Jackrabbit-Oak_6feacf6b/oak-core/target/classes/, file:/tmp/Nopol_Bug_dot_jar_Jackrabbit-Oak_6feacf6b/oak-core/target/test-classes/, file:/tmp/Nopol_Bug_dot_jar_Jackrabbit-Oak_6feacf6b/oak-commons/target/classes/, file:/tmp/Nopol_Bug_dot_jar_Jackrabbit-Oak_6feacf6b/oak-mk-api/target/classes/, file:/tmp/Nopol_Bug_dot_jar_Jackrabbit-Oak_6feacf6b/oak-mk/target/classes/, file:/tmp/Nopol_Bug_dot_jar_Jackrabbit-Oak_6feacf6b/oak-mk-remote/target/classes/, file:/tmp/Nopol_Bug_dot_jar_Jackrabbit-Oak_6feacf6b/oak-mongomk/target/classes/, file:/tmp/Nopol_Bug_dot_jar_Jackrabbit-Oak_6feacf6b/oak-it/mk/target/classes/, file:/tmp/Nopol_Bug_dot_jar_Jackrabbit-Oak_6feacf6b/oak-jcr/target/classes/, file:/tmp/Nopol_Bug_dot_jar_Jackrabbit-Oak_6feacf6b/oak-sling/target/classes/, file:/tmp/Nopol_Bug_dot_jar_Jackrabbit-Oak_6feacf6b/oak-http/target/classes/, file:/tmp/Nopol_Bug_dot_jar_Jackrabbit-Oak_6feacf6b/oak-lucene/target/classes/, file:/tmp/Nopol_Bug_dot_jar_Jackrabbit-Oak_6feacf6b/oak-run/target/classes/, file:/tmp/Nopol_Bug_dot_jar_Jackrabbit-Oak_6feacf6b/oak-it/osgi/target/classes/, file:/tmp/Nopol_Bug_dot_jar_Jackrabbit-Oak_6feacf6b/oak-bench/base/target/classes/, file:/tmp/Nopol_Bug_dot_jar_Jackrabbit-Oak_6feacf6b/oak-bench/latest/target/classes/, file:/tmp/Nopol_Bug_dot_jar_Jackrabbit-Oak_6feacf6b/oak-mk-perf/target/classes/, file:/home/tdurieux/.m2/repository/ch/qos/logback/logback-core/1.0.1/logback-core-1.0.1.jar, file:/home/tdurieux/.m2/repository/com/google/guava/guava/13.0.1/guava-13.0.1.jar, file:/home/tdurieux/.m2/repository/org/apache/tika/tika-core/1.3/tika-core-1.3.jar, file:/home/tdurieux/.m2/repository/org/codehaus/jackson/jackson-core-asl/1.9.2/jackson-core-asl-1.9.2.jar, file:/home/tdurieux/.m2/repository/org/apache/lucene/lucene-analyzers-common/4.1.0/lucene-analyzers-common-4.1.0.jar, file:/home/tdurieux/.m2/repository/org/ops4j/base/ops4j-base-net/1.3.0/ops4j-base-net-1.3.0.jar, file:/home/tdurieux/.m2/repository/org/osgi/org.osgi.core/4.2.0/org.osgi.core-4.2.0.jar, file:/home/tdurieux/.m2/repository/org/sonatype/aether/aether-spi/1.11/aether-spi-1.11.jar, file:/home/tdurieux/.m2/repository/org/apache/directory/server/apacheds-core/1.5.5/apacheds-core-1.5.5.jar, file:/home/tdurieux/.m2/repository/org/ops4j/pax/swissbox/pax-swissbox-optional-jcl/1.5.0/pax-swissbox-optional-jcl-1.5.0.jar, file:/home/tdurieux/.m2/repository/org/slf4j/slf4j-api/1.6.4/slf4j-api-1.6.4.jar, file:/home/tdurieux/.m2/repository/org/apache/jackrabbit/oak-mk/0.7-SNAPSHOT/oak-mk-0.7-SNAPSHOT.jar, file:/home/tdurieux/.m2/repository/org/apache/jackrabbit/jackrabbit-jcr-commons/2.7-SNAPSHOT/jackrabbit-jcr-commons-2.7-SNAPSHOT.jar, file:/home/tdurieux/.m2/repository/com/cedarsoft/commons/xml-commons/5.0.9/xml-commons-5.0.9.jar, file:/home/tdurieux/.m2/repository/org/mongodb/mongo-java-driver/2.7.1/mongo-java-driver-2.7.1.jar, file:/home/tdurieux/.m2/repository/org/ops4j/pax/exam/pax-exam-junit4/2.4.0/pax-exam-junit4-2.4.0.jar, file:/home/tdurieux/.m2/repository/com/cedarsoft/commons/crypt/5.0.9/crypt-5.0.9.jar, file:/home/tdurieux/.m2/repository/org/json/json/20090211/json-20090211.jar, file:/home/tdurieux/.m2/repository/org/apache/xbean/xbean-reflect/3.4/xbean-reflect-3.4.jar, file:/home/tdurieux/.m2/repository/commons-pool/commons-pool/1.5.4/commons-pool-1.5.4.jar, file:/home/tdurieux/.m2/repository/org/eclipse/jetty/jetty-io/8.1.2.v20120308/jetty-io-8.1.2.v20120308.jar, file:/home/tdurieux/.m2/repository/org/ops4j/base/ops4j-base-lang/1.3.0/ops4j-base-lang-1.3.0.jar, file:/home/tdurieux/.m2/repository/javax/servlet/servlet-api/2.5/servlet-api-2.5.jar, file:/home/tdurieux/.m2/repository/org/ops4j/pax/exam/pax-exam/2.4.0/pax-exam-2.4.0.jar, file:/home/tdurieux/.m2/repository/com/googlecode/json-simple/json-simple/1.1/json-simple-1.1.jar, file:/home/tdurieux/.m2/repository/org/slf4j/slf4j-api/1.5.8/slf4j-api-1.5.8.jar, file:/home/tdurieux/.m2/repository/org/apache/maven/maven-model-builder/3.0.3/maven-model-builder-3.0.3.jar, file:/home/tdurieux/.m2/repository/com/google/code/findbugs/jsr305/2.0.0/jsr305-2.0.0.jar, file:/home/tdurieux/.m2/repository/org/apache/directory/server/apacheds-core-shared/1.5.5/apacheds-core-shared-1.5.5.jar, file:/home/tdurieux/.m2/repository/org/apache/directory/server/apacheds-core-avl/1.5.5/apacheds-core-avl-1.5.5.jar, file:/home/tdurieux/.m2/repository/org/mockito/mockito-all/1.9.0-rc1/mockito-all-1.9.0-rc1.jar, file:/home/tdurieux/.m2/repository/org/apache/directory/server/apacheds-protocol-shared/1.5.5/apacheds-protocol-shared-1.5.5.jar, file:/home/tdurieux/.m2/repository/org/sonatype/aether/aether-impl/1.11/aether-impl-1.11.jar, file:/home/tdurieux/.m2/repository/org/apache/directory/server/apacheds-core-constants/1.5.5/apacheds-core-constants-1.5.5.jar, file:/home/tdurieux/.m2/repository/com/ibm/icu/icu4j/2.6.1/icu4j-2.6.1.jar, file:/home/tdurieux/.m2/repository/commons-io/commons-io/2.2/commons-io-2.2.jar, file:/home/tdurieux/.m2/repository/org/apache/jackrabbit/oak-lucene/0.7-SNAPSHOT/oak-lucene-0.7-SNAPSHOT.jar, file:/home/tdurieux/.m2/repository/org/apache/directory/server/apacheds-bootstrap-partition/1.5.5/apacheds-bootstrap-partition-1.5.5.jar, file:/home/tdurieux/.m2/repository/org/apache/directory/shared/shared-cursor/0.9.15/shared-cursor-0.9.15.jar, file:/home/tdurieux/.m2/repository/org/apache/lucene/lucene-core/3.6.0/lucene-core-3.6.0.jar, file:/home/tdurieux/.m2/repository/org/ops4j/base/ops4j-base-spi/1.3.0/ops4j-base-spi-1.3.0.jar, file:/home/tdurieux/.m2/repository/org/ops4j/pax/url/pax-url-classpath/1.4.0/pax-url-classpath-1.4.0.jar, file:/home/tdurieux/.m2/repository/org/apache/directory/shared/shared-ldap/0.9.15/shared-ldap-0.9.15.jar, file:/home/tdurieux/.m2/repository/org/ops4j/pax/tinybundles/tinybundles/1.0.0/tinybundles-1.0.0.jar, file:/home/tdurieux/.m2/repository/org/ops4j/pax/swissbox/pax-swissbox-core/1.5.0/pax-swissbox-core-1.5.0.jar, file:/home/tdurieux/.m2/repository/org/apache/jackrabbit/oak-core/0.7-SNAPSHOT/oak-core-0.7-SNAPSHOT.jar, file:/home/tdurieux/.m2/repository/org/apache/sling/org.apache.sling.jcr.api/2.1.0/org.apache.sling.jcr.api-2.1.0.jar, file:/home/tdurieux/.m2/repository/dom4j/dom4j/1.6.1/dom4j-1.6.1.jar, file:/home/tdurieux/.m2/repository/org/apache/directory/server/apacheds-interceptor-kerberos/1.5.5/apacheds-interceptor-kerberos-1.5.5.jar, file:/home/tdurieux/.m2/repository/org/apache/maven/wagon/wagon-file/1.0-beta-7/wagon-file-1.0-beta-7.jar, file:/home/tdurieux/.m2/repository/org/apache/maven/wagon/wagon-http-shared/1.0-beta-7/wagon-http-shared-1.0-beta-7.jar, file:/home/tdurieux/.m2/repository/org/apache/directory/server/apacheds-core-unit/1.5.5/apacheds-core-unit-1.5.5.jar, file:/home/tdurieux/.m2/repository/com/google/collections/google-collections/1.0/google-collections-1.0.jar, file:/home/tdurieux/.m2/repository/org/slf4j/slf4j-nop/1.5.8/slf4j-nop-1.5.8.jar, file:/home/tdurieux/.m2/repository/com/fasterxml/jackson/core/jackson-databind/2.0.0/jackson-databind-2.0.0.jar, file:/home/tdurieux/.m2/repository/org/ops4j/pax/swissbox/pax-swissbox-framework/1.5.0/pax-swissbox-framework-1.5.0.jar, file:/home/tdurieux/.m2/repository/org/apache/directory/server/apacheds-schema-bootstrap/1.5.5/apacheds-schema-bootstrap-1.5.5.jar, file:/home/tdurieux/.m2/repository/org/apache/jackrabbit/oak-jcr/0.7-SNAPSHOT/oak-jcr-0.7-SNAPSHOT.jar, file:/home/tdurieux/.m2/repository/com/fasterxml/jackson/dataformat/jackson-dataformat-smile/2.0.2/jackson-dataformat-smile-2.0.2.jar, file:/home/tdurieux/.m2/repository/com/cedarsoft/commons/test-utils/5.0.9/test-utils-5.0.9.jar, file:/home/tdurieux/.m2/repository/commons-logging/commons-logging/1.0.4/commons-logging-1.0.4.jar, file:/home/tdurieux/.m2/repository/org/apache/directory/shared/shared-asn1-codec/0.9.15/shared-asn1-codec-0.9.15.jar, file:/home/tdurieux/.m2/repository/org/ops4j/pax/url/pax-url-commons/1.4.0/pax-url-commons-1.4.0.jar, file:/home/tdurieux/.m2/repository/org/sonatype/aether/aether-connector-wagon/1.11/aether-connector-wagon-1.11.jar, file:/home/tdurieux/.m2/repository/asm/asm/3.0/asm-3.0.jar, file:/home/tdurieux/.m2/repository/org/sonatype/aether/aether-api/1.11/aether-api-1.11.jar, file:/home/tdurieux/.m2/repository/biz/aQute/bndlib/1.50.0/bndlib-1.50.0.jar, file:/home/tdurieux/.m2/repository/com/fasterxml/jackson/core/jackson-core/2.0.0/jackson-core-2.0.0.jar, file:/home/tdurieux/.m2/repository/commons-fileupload/commons-fileupload/1.2.1/commons-fileupload-1.2.1.jar, file:/home/tdurieux/.m2/repository/org/easytesting/fest-reflect/1.2/fest-reflect-1.2.jar, file:/home/tdurieux/.m2/repository/org/hamcrest/hamcrest-core/1.1/hamcrest-core-1.1.jar, file:/home/tdurieux/.m2/repository/commons-dbcp/commons-dbcp/1.3/commons-dbcp-1.3.jar, file:/home/tdurieux/.m2/repository/javax/jcr/jcr/2.0/jcr-2.0.jar, file:/home/tdurieux/.m2/repository/org/apache/directory/server/apacheds-schema-registries/1.5.5/apacheds-schema-registries-1.5.5.jar, file:/home/tdurieux/.m2/repository/org/apache/jackrabbit/oak-commons/0.7-SNAPSHOT/oak-commons-0.7-SNAPSHOT.jar, file:/home/tdurieux/.m2/repository/org/apache/directory/server/apacheds-xdbm-search/1.5.5/apacheds-xdbm-search-1.5.5.jar, file:/home/tdurieux/.m2/repository/org/eclipse/jetty/jetty-http/8.1.2.v20120308/jetty-http-8.1.2.v20120308.jar, file:/home/tdurieux/.m2/repository/xml-apis/xml-apis/1.3.02/xml-apis-1.3.02.jar, file:/home/tdurieux/.m2/repository/org/apache/geronimo/specs/geronimo-atinject_1.0_spec/1.0/geronimo-atinject_1.0_spec-1.0.jar, file:/home/tdurieux/.m2/repository/org/ops4j/base/ops4j-base-store/1.3.0/ops4j-base-store-1.3.0.jar, file:/home/tdurieux/.m2/repository/xerces/xercesImpl/2.6.2/xercesImpl-2.6.2.jar, file:/home/tdurieux/.m2/repository/org/apache/directory/server/apacheds-utils/1.5.5/apacheds-utils-1.5.5.jar, file:/home/tdurieux/.m2/repository/org/codehaus/jackson/jackson-mapper-asl/1.9.2/jackson-mapper-asl-1.9.2.jar, file:/home/tdurieux/.m2/repository/commons-lang/commons-lang/2.4/commons-lang-2.4.jar, file:/home/tdurieux/.m2/repository/bouncycastle/bcprov-jdk15/140/bcprov-jdk15-140.jar, file:/home/tdurieux/.m2/repository/org/apache/maven/wagon/wagon-provider-api/1.0-beta-7/wagon-provider-api-1.0-beta-7.jar, file:/home/tdurieux/.m2/repository/org/apache/sling/org.apache.sling.commons.osgi/2.1.0/org.apache.sling.commons.osgi-2.1.0.jar, file:/home/tdurieux/.m2/repository/antlr/antlr/2.7.7/antlr-2.7.7.jar, file:/home/tdurieux/.m2/repository/org/apache/directory/server/apacheds-server-unit/1.5.5/apacheds-server-unit-1.5.5.jar, file:/home/tdurieux/.m2/repository/commons-codec/commons-codec/1.2/commons-codec-1.2.jar, file:/home/tdurieux/.m2/repository/org/apache/jackrabbit/jackrabbit-api/2.7-SNAPSHOT/jackrabbit-api-2.7-SNAPSHOT.jar, file:/home/tdurieux/.m2/repository/com/h2database/h2/1.3.158/h2-1.3.158.jar, file:/home/tdurieux/.m2/repository/jaxen/jaxen/1.1.3/jaxen-1.1.3.jar, file:/home/tdurieux/.m2/repository/commons-codec/commons-codec/1.5/commons-codec-1.5.jar, file:/home/tdurieux/.m2/repository/org/apache/directory/shared/shared-ldap-constants/0.9.15/shared-ldap-constants-0.9.15.jar, file:/home/tdurieux/.m2/repository/org/apache/jackrabbit/jackrabbit-spi/2.7-SNAPSHOT/jackrabbit-spi-2.7-SNAPSHOT.jar, file:/home/tdurieux/.m2/repository/org/apache/lucene/lucene-core/4.1.0/lucene-core-4.1.0.jar, file:/home/tdurieux/.m2/repository/javax/inject/javax.inject/1/javax.inject-1.jar, file:/home/tdurieux/.m2/repository/org/apache/derby/derby/10.5.3.0_1/derby-10.5.3.0_1.jar, file:/home/tdurieux/.m2/repository/org/slf4j/jcl-over-slf4j/1.6.4/jcl-over-slf4j-1.6.4.jar, file:/home/tdurieux/.m2/repository/concurrent/concurrent/1.3.4/concurrent-1.3.4.jar, file:/home/tdurieux/.m2/repository/org/apache/directory/server/apacheds-schema-extras/1.5.5/apacheds-schema-extras-1.5.5.jar, file:/home/tdurieux/.m2/repository/org/apache/mina/mina-core/2.0.0-M6/mina-core-2.0.0-M6.jar, file:/home/tdurieux/.m2/repository/org/ops4j/base/ops4j-base-io/1.3.0/ops4j-base-io-1.3.0.jar, file:/home/tdurieux/.m2/repository/org/ops4j/pax/url/pax-url-aether/1.3.3/pax-url-aether-1.3.3.jar, file:/home/tdurieux/.m2/repository/org/apache/directory/server/apacheds-jdbm-store/1.5.5/apacheds-jdbm-store-1.5.5.jar, file:/home/tdurieux/.m2/repository/org/apache/directory/server/apacheds-xdbm-base/1.5.5/apacheds-xdbm-base-1.5.5.jar, file:/home/tdurieux/.m2/repository/org/eclipse/jetty/orbit/javax.servlet/3.0.0.v201112011016/javax.servlet-3.0.0.v201112011016.jar, file:/home/tdurieux/.m2/repository/org/apache/maven/maven-model/3.0.3/maven-model-3.0.3.jar, file:/home/tdurieux/.m2/repository/org/apache/jackrabbit/jackrabbit-jcr-tests/2.7-SNAPSHOT/jackrabbit-jcr-tests-2.7-SNAPSHOT.jar, file:/home/tdurieux/.m2/repository/org/ops4j/pax/swissbox/pax-swissbox-lifecycle/1.5.0/pax-swissbox-lifecycle-1.5.0.jar, file:/home/tdurieux/.m2/repository/org/apache/directory/server/apacheds-bootstrap-extract/1.5.5/apacheds-bootstrap-extract-1.5.5.jar, file:/home/tdurieux/.m2/repository/org/ops4j/base/ops4j-base-util-property/1.3.0/ops4j-base-util-property-1.3.0.jar, file:/home/tdurieux/.m2/repository/org/ops4j/pax/url/pax-url-link/1.4.0/pax-url-link-1.4.0.jar, file:/home/tdurieux/.m2/repository/commons-io/commons-io/2.0.1/commons-io-2.0.1.jar, file:/home/tdurieux/.m2/repository/org/apache/jackrabbit/oak-core/0.7-SNAPSHOT/oak-core-0.7-SNAPSHOT-tests.jar, file:/home/tdurieux/.m2/repository/org/eclipse/jetty/jetty-server/8.1.2.v20120308/jetty-server-8.1.2.v20120308.jar, file:/home/tdurieux/.m2/repository/org/apache/directory/server/apacheds-xdbm-tools/1.5.5/apacheds-xdbm-tools-1.5.5.jar, file:/home/tdurieux/.m2/repository/org/apache/maven/maven-aether-provider/3.0.3/maven-aether-provider-3.0.3.jar, file:/home/tdurieux/.m2/repository/com/jamonapi/jamon/2.4/jamon-2.4.jar, file:/home/tdurieux/.m2/repository/org/apache/felix/org.apache.felix.framework/4.0.2/org.apache.felix.framework-4.0.2.jar, file:/home/tdurieux/.m2/repository/org/apache/directory/server/apacheds-jdbm/1.5.5/apacheds-jdbm-1.5.5.jar, file:/home/tdurieux/.m2/repository/org/apache/felix/org.apache.felix.scr.annotations/1.7.0/org.apache.felix.scr.annotations-1.7.0.jar, file:/home/tdurieux/.m2/repository/org/eclipse/jetty/jetty-util/8.1.2.v20120308/jetty-util-8.1.2.v20120308.jar, file:/home/tdurieux/.m2/repository/org/ops4j/base/ops4j-base-monitors/1.3.0/ops4j-base-monitors-1.3.0.jar, file:/home/tdurieux/.m2/repository/org/mongodb/mongo-java-driver/2.9.1/mongo-java-driver-2.9.1.jar, file:/home/tdurieux/.m2/repository/org/sonatype/aether/aether-util/1.11/aether-util-1.11.jar, file:/home/tdurieux/.m2/repository/org/eclipse/jetty/jetty-servlet/8.1.2.v20120308/jetty-servlet-8.1.2.v20120308.jar, file:/home/tdurieux/.m2/repository/commons-httpclient/commons-httpclient/3.1/commons-httpclient-3.1.jar, file:/home/tdurieux/.m2/repository/org/jdom/jdom/1.1.2/jdom-1.1.2.jar, file:/home/tdurieux/.m2/repository/org/ops4j/base/ops4j-base-exec/1.3.0/ops4j-base-exec-1.3.0.jar, file:/home/tdurieux/.m2/repository/xerces/xmlParserAPIs/2.6.2/xmlParserAPIs-2.6.2.jar, file:/home/tdurieux/.m2/repository/org/ops4j/pax/exam/pax-exam-link-assembly/2.4.0/pax-exam-link-assembly-2.4.0.jar, file:/home/tdurieux/.m2/repository/org/apache/jackrabbit/oak-mongomk/0.7-SNAPSHOT/oak-mongomk-0.7-SNAPSHOT.jar, file:/home/tdurieux/.m2/repository/org/codehaus/plexus/plexus-classworlds/2.4/plexus-classworlds-2.4.jar, file:/home/tdurieux/.m2/repository/org/osgi/org.osgi.compendium/4.2.0/org.osgi.compendium-4.2.0.jar, file:/home/tdurieux/.m2/repository/commons-io/commons-io/1.4/commons-io-1.4.jar, file:/home/tdurieux/.m2/repository/jdom/jdom/1.0/jdom-1.0.jar, file:/home/tdurieux/.m2/repository/org/codehaus/plexus/plexus-interpolation/1.14/plexus-interpolation-1.14.jar, file:/home/tdurieux/.m2/repository/org/apache/maven/wagon/wagon-http-lightweight/1.0-beta-7/wagon-http-lightweight-1.0-beta-7.jar, file:/home/tdurieux/.m2/repository/org/apache/commons/commons-math/2.0/commons-math-2.0.jar, file:/home/tdurieux/.m2/repository/org/eclipse/jetty/jetty-security/8.1.2.v20120308/jetty-security-8.1.2.v20120308.jar, file:/home/tdurieux/.m2/repository/org/eclipse/jetty/jetty-continuation/8.1.2.v20120308/jetty-continuation-8.1.2.v20120308.jar, file:/home/tdurieux/.m2/repository/org/apache/maven/maven-repository-metadata/3.0.3/maven-repository-metadata-3.0.3.jar, file:/home/tdurieux/.m2/repository/org/apache/directory/server/apacheds-core-jndi/1.5.5/apacheds-core-jndi-1.5.5.jar, file:/home/tdurieux/.m2/repository/org/apache/directory/server/apacheds-server-jndi/1.5.5/apacheds-server-jndi-1.5.5.jar, file:/home/tdurieux/.m2/repository/org/apache/jackrabbit/oak-bench-base/0.7-SNAPSHOT/oak-bench-base-0.7-SNAPSHOT.jar, file:/home/tdurieux/.m2/repository/ch/qos/logback/logback-classic/1.0.1/logback-classic-1.0.1.jar, file:/home/tdurieux/.m2/repository/xmlunit/xmlunit/1.3/xmlunit-1.3.jar, file:/home/tdurieux/.m2/repository/com/fasterxml/jackson/core/jackson-annotations/2.0.0/jackson-annotations-2.0.0.jar, file:/home/tdurieux/.m2/repository/org/apache/directory/server/apacheds-core-entry/1.5.5/apacheds-core-entry-1.5.5.jar, file:/home/tdurieux/.m2/repository/org/apache/jackrabbit/jackrabbit-spi-commons/2.7-SNAPSHOT/jackrabbit-spi-commons-2.7-SNAPSHOT.jar, file:/home/tdurieux/.m2/repository/org/codehaus/plexus/plexus-utils/2.0.5/plexus-utils-2.0.5.jar, file:/home/tdurieux/.m2/repository/org/apache/jackrabbit/oak-it-mk/0.7-SNAPSHOT/oak-it-mk-0.7-SNAPSHOT.jar, file:/home/tdurieux/.m2/repository/org/slf4j/slf4j-simple/1.6.1/slf4j-simple-1.6.1.jar, file:/home/tdurieux/.m2/repository/org/easytesting/fest-util/1.1.6/fest-util-1.1.6.jar, file:/home/tdurieux/.m2/repository/org/ops4j/pax/exam/pax-exam-container-native/2.4.0/pax-exam-container-native-2.4.0.jar, file:/home/tdurieux/.m2/repository/org/ops4j/pax/swissbox/pax-swissbox-property/1.5.0/pax-swissbox-property-1.5.0.jar, file:/home/tdurieux/.m2/repository/xalan/xalan/2.6.0/xalan-2.6.0.jar, file:/home/tdurieux/.m2/repository/org/easytesting/fest-assert/1.4/fest-assert-1.4.jar, file:/home/tdurieux/.m2/repository/org/apache/jackrabbit/jackrabbit-jcr-server/2.7-SNAPSHOT/jackrabbit-jcr-server-2.7-SNAPSHOT.jar, file:/home/tdurieux/.m2/repository/org/slf4j/jul-to-slf4j/1.6.4/jul-to-slf4j-1.6.4.jar, file:/home/tdurieux/.m2/repository/org/apache/jackrabbit/jackrabbit-core/2.7-SNAPSHOT/jackrabbit-core-2.7-SNAPSHOT-tests.jar, file:/home/tdurieux/.m2/repository/org/codehaus/plexus/plexus-component-annotations/1.5.5/plexus-component-annotations-1.5.5.jar, file:/home/tdurieux/.m2/repository/org/apache/jackrabbit/oak-http/0.7-SNAPSHOT/oak-http-0.7-SNAPSHOT.jar, file:/home/tdurieux/.m2/repository/junit/junit/4.10/junit-4.10.jar, file:/home/tdurieux/.m2/repository/org/ops4j/pax/exam/pax-exam-spi/2.4.0/pax-exam-spi-2.4.0.jar, file:/home/tdurieux/.m2/repository/commons-lang/commons-lang/2.6/commons-lang-2.6.jar, file:/home/tdurieux/.m2/repository/org/apache/directory/server/apacheds-protocol-ldap/1.5.5/apacheds-protocol-ldap-1.5.5.jar, file:/home/tdurieux/.m2/repository/org/apache/directory/shared/shared-asn1/0.9.15/shared-asn1-0.9.15.jar, file:/home/tdurieux/.m2/repository/xom/xom/1.0/xom-1.0.jar, file:/home/tdurieux/.m2/repository/org/apache/jackrabbit/jackrabbit-webdav/2.7-SNAPSHOT/jackrabbit-webdav-2.7-SNAPSHOT.jar, file:/home/tdurieux/.m2/repository/org/apache/jackrabbit/oak-mk-api/0.7-SNAPSHOT/oak-mk-api-0.7-SNAPSHOT.jar, file:/home/tdurieux/.m2/repository/org/apache/directory/server/apacheds-kerberos-shared/1.5.5/apacheds-kerberos-shared-1.5.5.jar, file:/home/tdurieux/.m2/repository/org/apache/jackrabbit/oak-mk-remote/0.7-SNAPSHOT/oak-mk-remote-0.7-SNAPSHOT.jar, file:/home/tdurieux/.m2/repository/org/apache/tika/tika-core/1.1/tika-core-1.1.jar, file:/home/tdurieux/.m2/repository/org/codehaus/plexus/plexus-container-default/1.5.4/plexus-container-default-1.5.4.jar, file:/home/tdurieux/.m2/repository/commons-collections/commons-collections/3.2.1/commons-collections-3.2.1.jar, file:/home/tdurieux/defects4j4repair/script/../repair_tools/nopol.jar]
11:23:45.773 [main] INFO  fr.inria.lille.repair.nopol.NoPol - Statement type: PRE_THEN_COND
11:23:45.773 [main] INFO  fr.inria.lille.repair.nopol.NoPol - Args: [org.apache.jackrabbit.mk.test.DataStoreIT, org.apache.jackrabbit.mk.test.MicroKernelIT, org.apache.jackrabbit.oak.api.ContentSessionTest, org.apache.jackrabbit.oak.api.QueryTest, org.apache.jackrabbit.oak.api.RootTest, org.apache.jackrabbit.oak.api.TreeTest, org.apache.jackrabbit.oak.api.UniquePropertyTest, org.apache.jackrabbit.oak.core.DefaultConflictHandlerOursTest, org.apache.jackrabbit.oak.core.DefaultConflictHandlerTheirsTest, org.apache.jackrabbit.oak.core.LargeMoveTestIT, org.apache.jackrabbit.oak.core.ReadOnlyTreeTest, org.apache.jackrabbit.oak.core.RootImplFuzzIT, org.apache.jackrabbit.oak.core.RootImplTest, org.apache.jackrabbit.oak.core.TreeImplTest, org.apache.jackrabbit.oak.core.TreeLocationTest, org.apache.jackrabbit.oak.kernel.JsopDiffTest, org.apache.jackrabbit.oak.kernel.KernelNodeBuilderTest, org.apache.jackrabbit.oak.kernel.KernelNodeStateTest, org.apache.jackrabbit.oak.kernel.KernelNodeStoreTest, org.apache.jackrabbit.oak.kernel.LargeKernelNodeStateTest, org.apache.jackrabbit.oak.kernel.TypeCodesTest, org.apache.jackrabbit.oak.namepath.GlobalNameMapperTest, org.apache.jackrabbit.oak.namepath.NamePathMapperImplTest, org.apache.jackrabbit.oak.plugins.index.IndexHookManagerDiffTest, org.apache.jackrabbit.oak.plugins.index.IndexHookManagerTest, org.apache.jackrabbit.oak.plugins.index.diffindex.DiffCollectorTest, org.apache.jackrabbit.oak.plugins.index.nodetype.NodeTypeIndexTest, org.apache.jackrabbit.oak.plugins.index.old.ArrayUtilsTest, org.apache.jackrabbit.oak.plugins.index.old.IndexTest, org.apache.jackrabbit.oak.plugins.index.old.PrefixIndexTest, org.apache.jackrabbit.oak.plugins.index.old.PropertyIndexTest, org.apache.jackrabbit.oak.plugins.index.old.QueryTest, org.apache.jackrabbit.oak.plugins.index.old.mk.ConflictingMoveTest, org.apache.jackrabbit.oak.plugins.index.old.mk.EverythingIT, org.apache.jackrabbit.oak.plugins.index.old.mk.LargeObjectTest, org.apache.jackrabbit.oak.plugins.index.old.mk.MoveNodeIT, org.apache.jackrabbit.oak.plugins.index.old.mk.hash.HashTest, org.apache.jackrabbit.oak.plugins.index.old.mk.json.fast.JsopObjectTest, org.apache.jackrabbit.oak.plugins.index.old.mk.large.CreateNodesTraverseTest, org.apache.jackrabbit.oak.plugins.index.old.mk.large.CreateRandomNodesTraverseTest, org.apache.jackrabbit.oak.plugins.index.old.mk.large.DescendantCountTest, org.apache.jackrabbit.oak.plugins.index.old.mk.large.LargeNodeTest, org.apache.jackrabbit.oak.plugins.index.old.mk.large.ManyRevisionsTest, org.apache.jackrabbit.oak.plugins.index.old.mk.mem.MemoryNodeTest, org.apache.jackrabbit.oak.plugins.index.old.mk.simple.AscendingClockTest, org.apache.jackrabbit.oak.plugins.index.old.mk.simple.MoveNodeIT, org.apache.jackrabbit.oak.plugins.index.old.mk.simple.NodeVersionTest, org.apache.jackrabbit.oak.plugins.index.old.mk.simple.SimpleKernelTest, org.apache.jackrabbit.oak.plugins.index.old.mk.wrapper.IndexWrapperTest, org.apache.jackrabbit.oak.plugins.index.old.mk.wrapper.SecurityWrapperTest, org.apache.jackrabbit.oak.plugins.index.old.mk.wrapper.VirtualRepositoryWrapperTest, org.apache.jackrabbit.oak.plugins.index.p2.Property2IndexQueryTest, org.apache.jackrabbit.oak.plugins.index.p2.Property2IndexTest, org.apache.jackrabbit.oak.plugins.index.p2.strategy.ContentMirrorStoreStrategyTest, org.apache.jackrabbit.oak.plugins.index.property.PropertyIndexQueryTest, org.apache.jackrabbit.oak.plugins.index.property.PropertyIndexTest, org.apache.jackrabbit.oak.plugins.memory.MemoryNodeBuilderTest, org.apache.jackrabbit.oak.plugins.memory.MemoryPropertyBuilderTest, org.apache.jackrabbit.oak.plugins.memory.PropertyStatesTest, org.apache.jackrabbit.oak.plugins.name.NameValidatorTest, org.apache.jackrabbit.oak.plugins.name.ReadWriteNamespaceRegistryTest, org.apache.jackrabbit.oak.plugins.segment.RecordTest, org.apache.jackrabbit.oak.query.ast.FullTextTest, org.apache.jackrabbit.oak.query.ast.LikePatternTest, org.apache.jackrabbit.oak.query.index.FilterTest, org.apache.jackrabbit.oak.query.index.TraversingIndexQueryTest, org.apache.jackrabbit.oak.query.index.TraversingIndexTest, org.apache.jackrabbit.oak.security.ConfigurationParametersTest, org.apache.jackrabbit.oak.security.authentication.DefaultLoginModuleTest, org.apache.jackrabbit.oak.security.authentication.GuestDefaultLoginModuleTest, org.apache.jackrabbit.oak.security.authentication.Jackrabbit2ConfigurationTest, org.apache.jackrabbit.oak.security.authentication.TokenDefaultLoginModuleTest, org.apache.jackrabbit.oak.security.authentication.TokenLoginModuleTest, org.apache.jackrabbit.oak.security.authentication.ldap.InternalLdapServer, org.apache.jackrabbit.oak.security.authentication.ldap.LdapLoginStandaloneTest, org.apache.jackrabbit.oak.security.authentication.ldap.LdapLoginWithRepoLoginTest, org.apache.jackrabbit.oak.security.authentication.token.TokenAuthenticationTest, org.apache.jackrabbit.oak.security.authentication.token.TokenInfoTest, org.apache.jackrabbit.oak.security.authentication.token.TokenProviderImplTest, org.apache.jackrabbit.oak.security.authentication.user.UserAuthenticationTest, org.apache.jackrabbit.oak.security.authorization.ACLTest, org.apache.jackrabbit.oak.security.authorization.AccessControlManagerImplTest, org.apache.jackrabbit.oak.security.authorization.AccessControlValidatorTest, org.apache.jackrabbit.oak.security.authorization.EffectivePolicyTest, org.apache.jackrabbit.oak.security.authorization.permission.AllPermissionsTest, org.apache.jackrabbit.oak.security.authorization.restriction.RestrictionDefinitionImplTest, org.apache.jackrabbit.oak.security.authorization.restriction.RestrictionImplTest, org.apache.jackrabbit.oak.security.authorization.restriction.RestrictionProviderImplTest, org.apache.jackrabbit.oak.security.principal.PrincipalImplTest, org.apache.jackrabbit.oak.security.principal.PrincipalProviderImplTest, org.apache.jackrabbit.oak.security.user.UserInitializerTest, org.apache.jackrabbit.oak.security.user.UserManagerImplTest, org.apache.jackrabbit.oak.security.user.UserProviderTest, org.apache.jackrabbit.oak.security.user.UserValidatorTest, org.apache.jackrabbit.oak.security.user.query.UserQueryManagerTest, org.apache.jackrabbit.oak.spi.commit.SubtreeValidatorTest, org.apache.jackrabbit.oak.spi.security.authentication.AbstractLoginModuleTest, org.apache.jackrabbit.oak.spi.security.authentication.GuestLoginModuleTest, org.apache.jackrabbit.oak.spi.security.authentication.external.ExternalLoginModuleTest, org.apache.jackrabbit.oak.spi.security.authorization.ACETest, org.apache.jackrabbit.oak.spi.security.authorization.ImmutableACLTest, org.apache.jackrabbit.oak.spi.security.principal.EveryonePrincipalTest, org.apache.jackrabbit.oak.spi.security.user.action.PasswordValidationActionTest, org.apache.jackrabbit.oak.spi.security.user.util.PasswordUtilityTest, org.apache.jackrabbit.oak.util.JsopUtilTest]
11:23:45.775 [main] INFO  fr.inria.lille.repair.nopol.NoPol - Config: Config{synthesisDepth=3, collectStaticMethods=true, collectStaticFields=false, collectLiterals=false, onlyOneSynthesisResult=true, sortExpressions=true, maxLineInvocationPerTest=250, timeoutMethodInvocation=2000, dataCollectionTimeoutInSecondForSynthesis=900, addWeight=0.19478, subWeight=0.04554, mulWeight=0.0102, divWeight=0.00613, andWeight=0.10597, orWeight=0.05708, eqWeight=0.22798, nEqWeight=0.0, lessEqWeight=0.0255, lessWeight=0.0947, methodCallWeight=0.1, fieldAccessWeight=0.08099, constantWeight=0.14232, variableWeight=0.05195, mode=REPAIR, type=PRE_THEN_COND, synthesis=SMT, oracle=ANGELIC, solver=Z3, solverPath='/home/tdurieux/defects4j4repair/script/../libs/z3/build/z3', projectSources=[oak-core/src/main/java], projectClasspath='[Ljava.net.URL;@66d33a', projectTests=[org.apache.jackrabbit.mk.test.DataStoreIT, org.apache.jackrabbit.mk.test.MicroKernelIT, org.apache.jackrabbit.oak.api.ContentSessionTest, org.apache.jackrabbit.oak.api.QueryTest, org.apache.jackrabbit.oak.api.RootTest, org.apache.jackrabbit.oak.api.TreeTest, org.apache.jackrabbit.oak.api.UniquePropertyTest, org.apache.jackrabbit.oak.core.DefaultConflictHandlerOursTest, org.apache.jackrabbit.oak.core.DefaultConflictHandlerTheirsTest, org.apache.jackrabbit.oak.core.LargeMoveTestIT, org.apache.jackrabbit.oak.core.ReadOnlyTreeTest, org.apache.jackrabbit.oak.core.RootImplFuzzIT, org.apache.jackrabbit.oak.core.RootImplTest, org.apache.jackrabbit.oak.core.TreeImplTest, org.apache.jackrabbit.oak.core.TreeLocationTest, org.apache.jackrabbit.oak.kernel.JsopDiffTest, org.apache.jackrabbit.oak.kernel.KernelNodeBuilderTest, org.apache.jackrabbit.oak.kernel.KernelNodeStateTest, org.apache.jackrabbit.oak.kernel.KernelNodeStoreTest, org.apache.jackrabbit.oak.kernel.LargeKernelNodeStateTest, org.apache.jackrabbit.oak.kernel.TypeCodesTest, org.apache.jackrabbit.oak.namepath.GlobalNameMapperTest, org.apache.jackrabbit.oak.namepath.NamePathMapperImplTest, org.apache.jackrabbit.oak.plugins.index.IndexHookManagerDiffTest, org.apache.jackrabbit.oak.plugins.index.IndexHookManagerTest, org.apache.jackrabbit.oak.plugins.index.diffindex.DiffCollectorTest, org.apache.jackrabbit.oak.plugins.index.nodetype.NodeTypeIndexTest, org.apache.jackrabbit.oak.plugins.index.old.ArrayUtilsTest, org.apache.jackrabbit.oak.plugins.index.old.IndexTest, org.apache.jackrabbit.oak.plugins.index.old.PrefixIndexTest, org.apache.jackrabbit.oak.plugins.index.old.PropertyIndexTest, org.apache.jackrabbit.oak.plugins.index.old.QueryTest, org.apache.jackrabbit.oak.plugins.index.old.mk.ConflictingMoveTest, org.apache.jackrabbit.oak.plugins.index.old.mk.EverythingIT, org.apache.jackrabbit.oak.plugins.index.old.mk.LargeObjectTest, org.apache.jackrabbit.oak.plugins.index.old.mk.MoveNodeIT, org.apache.jackrabbit.oak.plugins.index.old.mk.hash.HashTest, org.apache.jackrabbit.oak.plugins.index.old.mk.json.fast.JsopObjectTest, org.apache.jackrabbit.oak.plugins.index.old.mk.large.CreateNodesTraverseTest, org.apache.jackrabbit.oak.plugins.index.old.mk.large.CreateRandomNodesTraverseTest, org.apache.jackrabbit.oak.plugins.index.old.mk.large.DescendantCountTest, org.apache.jackrabbit.oak.plugins.index.old.mk.large.LargeNodeTest, org.apache.jackrabbit.oak.plugins.index.old.mk.large.ManyRevisionsTest, org.apache.jackrabbit.oak.plugins.index.old.mk.mem.MemoryNodeTest, org.apache.jackrabbit.oak.plugins.index.old.mk.simple.AscendingClockTest, org.apache.jackrabbit.oak.plugins.index.old.mk.simple.MoveNodeIT, org.apache.jackrabbit.oak.plugins.index.old.mk.simple.NodeVersionTest, org.apache.jackrabbit.oak.plugins.index.old.mk.simple.SimpleKernelTest, org.apache.jackrabbit.oak.plugins.index.old.mk.wrapper.IndexWrapperTest, org.apache.jackrabbit.oak.plugins.index.old.mk.wrapper.SecurityWrapperTest, org.apache.jackrabbit.oak.plugins.index.old.mk.wrapper.VirtualRepositoryWrapperTest, org.apache.jackrabbit.oak.plugins.index.p2.Property2IndexQueryTest, org.apache.jackrabbit.oak.plugins.index.p2.Property2IndexTest, org.apache.jackrabbit.oak.plugins.index.p2.strategy.ContentMirrorStoreStrategyTest, org.apache.jackrabbit.oak.plugins.index.property.PropertyIndexQueryTest, org.apache.jackrabbit.oak.plugins.index.property.PropertyIndexTest, org.apache.jackrabbit.oak.plugins.memory.MemoryNodeBuilderTest, org.apache.jackrabbit.oak.plugins.memory.MemoryPropertyBuilderTest, org.apache.jackrabbit.oak.plugins.memory.PropertyStatesTest, org.apache.jackrabbit.oak.plugins.name.NameValidatorTest, org.apache.jackrabbit.oak.plugins.name.ReadWriteNamespaceRegistryTest, org.apache.jackrabbit.oak.plugins.segment.RecordTest, org.apache.jackrabbit.oak.query.ast.FullTextTest, org.apache.jackrabbit.oak.query.ast.LikePatternTest, org.apache.jackrabbit.oak.query.index.FilterTest, org.apache.jackrabbit.oak.query.index.TraversingIndexQueryTest, org.apache.jackrabbit.oak.query.index.TraversingIndexTest, org.apache.jackrabbit.oak.security.ConfigurationParametersTest, org.apache.jackrabbit.oak.security.authentication.DefaultLoginModuleTest, org.apache.jackrabbit.oak.security.authentication.GuestDefaultLoginModuleTest, org.apache.jackrabbit.oak.security.authentication.Jackrabbit2ConfigurationTest, org.apache.jackrabbit.oak.security.authentication.TokenDefaultLoginModuleTest, org.apache.jackrabbit.oak.security.authentication.TokenLoginModuleTest, org.apache.jackrabbit.oak.security.authentication.ldap.InternalLdapServer, org.apache.jackrabbit.oak.security.authentication.ldap.LdapLoginStandaloneTest, org.apache.jackrabbit.oak.security.authentication.ldap.LdapLoginWithRepoLoginTest, org.apache.jackrabbit.oak.security.authentication.token.TokenAuthenticationTest, org.apache.jackrabbit.oak.security.authentication.token.TokenInfoTest, org.apache.jackrabbit.oak.security.authentication.token.TokenProviderImplTest, org.apache.jackrabbit.oak.security.authentication.user.UserAuthenticationTest, org.apache.jackrabbit.oak.security.authorization.ACLTest, org.apache.jackrabbit.oak.security.authorization.AccessControlManagerImplTest, org.apache.jackrabbit.oak.security.authorization.AccessControlValidatorTest, org.apache.jackrabbit.oak.security.authorization.EffectivePolicyTest, org.apache.jackrabbit.oak.security.authorization.permission.AllPermissionsTest, org.apache.jackrabbit.oak.security.authorization.restriction.RestrictionDefinitionImplTest, org.apache.jackrabbit.oak.security.authorization.restriction.RestrictionImplTest, org.apache.jackrabbit.oak.security.authorization.restriction.RestrictionProviderImplTest, org.apache.jackrabbit.oak.security.principal.PrincipalImplTest, org.apache.jackrabbit.oak.security.principal.PrincipalProviderImplTest, org.apache.jackrabbit.oak.security.user.UserInitializerTest, org.apache.jackrabbit.oak.security.user.UserManagerImplTest, org.apache.jackrabbit.oak.security.user.UserProviderTest, org.apache.jackrabbit.oak.security.user.UserValidatorTest, org.apache.jackrabbit.oak.security.user.query.UserQueryManagerTest, org.apache.jackrabbit.oak.spi.commit.SubtreeValidatorTest, org.apache.jackrabbit.oak.spi.security.authentication.AbstractLoginModuleTest, org.apache.jackrabbit.oak.spi.security.authentication.GuestLoginModuleTest, org.apache.jackrabbit.oak.spi.security.authentication.external.ExternalLoginModuleTest, org.apache.jackrabbit.oak.spi.security.authorization.ACETest, org.apache.jackrabbit.oak.spi.security.authorization.ImmutableACLTest, org.apache.jackrabbit.oak.spi.security.principal.EveryonePrincipalTest, org.apache.jackrabbit.oak.spi.security.user.action.PasswordValidationActionTest, org.apache.jackrabbit.oak.spi.security.user.util.PasswordUtilityTest, org.apache.jackrabbit.oak.util.JsopUtilTest], complianceLevel=7, outputFolder=., json=true}
11:23:45.776 [main] INFO  fr.inria.lille.repair.nopol.NoPol - Available processors (cores): 4
11:23:45.781 [main] INFO  fr.inria.lille.repair.nopol.NoPol - Free memory: 884 MB
11:23:45.781 [main] INFO  fr.inria.lille.repair.nopol.NoPol - Maximum memory: 3 GB
11:23:45.782 [main] INFO  fr.inria.lille.repair.nopol.NoPol - Total memory available to JVM: 981 MB
11:23:45.782 [main] INFO  fr.inria.lille.repair.nopol.NoPol - Java version: 1.8.0_181
11:23:45.783 [main] INFO  fr.inria.lille.repair.nopol.NoPol - JAVA_HOME: /usr/lib/jvm/java-1.8.0-openjdk-amd64/bin/
11:23:45.783 [main] INFO  fr.inria.lille.repair.nopol.NoPol - PATH: /usr/lib/jvm/java-1.8.0-openjdk-amd64/bin/:/usr/lib/oar/oardodo:/usr/lib/oar/oardodo:/usr/local/bin:/usr/bin:/bin:/usr/games
11:25:25.801 [pool-2-thread-1] DEBUG fr.inria.lille.repair.nopol.NoPol - statement #1
11:25:25.802 [pool-2-thread-1] DEBUG fr.inria.lille.repair.nopol.NoPol - Analysing SourceLocation org.apache.jackrabbit.mk.test.AbstractMicroKernelIT:66 which is executed by 2 tests
11:25:25.802 [pool-2-thread-1] DEBUG fr.inria.lille.repair.nopol.NoPol - cannot spoon SourceLocation org.apache.jackrabbit.mk.test.AbstractMicroKernelIT:66
11:25:25.802 [pool-2-thread-1] DEBUG fr.inria.lille.repair.nopol.NoPol - statement #2
11:25:25.802 [pool-2-thread-1] DEBUG fr.inria.lille.repair.nopol.NoPol - Analysing SourceLocation org.apache.jackrabbit.mk.test.AbstractMicroKernelIT:60 which is executed by 2 tests
11:25:25.802 [pool-2-thread-1] DEBUG fr.inria.lille.repair.nopol.NoPol - cannot spoon SourceLocation org.apache.jackrabbit.mk.test.AbstractMicroKernelIT:60
11:25:25.802 [pool-2-thread-1] DEBUG fr.inria.lille.repair.nopol.NoPol - statement #3
11:25:25.803 [pool-2-thread-1] DEBUG fr.inria.lille.repair.nopol.NoPol - Analysing SourceLocation org.apache.jackrabbit.mk.test.AbstractMicroKernelIT:59 which is executed by 2 tests
11:25:25.803 [pool-2-thread-1] DEBUG fr.inria.lille.repair.nopol.NoPol - cannot spoon SourceLocation org.apache.jackrabbit.mk.test.AbstractMicroKernelIT:59
11:25:25.803 [pool-2-thread-1] DEBUG fr.inria.lille.repair.nopol.NoPol - statement #4
11:25:25.803 [pool-2-thread-1] DEBUG fr.inria.lille.repair.nopol.NoPol - Analysing SourceLocation org.apache.jackrabbit.mk.test.AbstractMicroKernelIT:58 which is executed by 2 tests
11:25:25.803 [pool-2-thread-1] DEBUG fr.inria.lille.repair.nopol.NoPol - cannot spoon SourceLocation org.apache.jackrabbit.mk.test.AbstractMicroKernelIT:58
11:25:25.803 [pool-2-thread-1] DEBUG fr.inria.lille.repair.nopol.NoPol - statement #5
11:25:25.803 [pool-2-thread-1] DEBUG fr.inria.lille.repair.nopol.NoPol - Analysing SourceLocation org.apache.jackrabbit.mk.test.AbstractMicroKernelIT:57 which is executed by 2 tests
11:25:25.803 [pool-2-thread-1] DEBUG fr.inria.lille.repair.nopol.NoPol - cannot spoon SourceLocation org.apache.jackrabbit.mk.test.AbstractMicroKernelIT:57
11:25:25.804 [pool-2-thread-1] DEBUG fr.inria.lille.repair.nopol.NoPol - statement #6
11:25:25.804 [pool-2-thread-1] DEBUG fr.inria.lille.repair.nopol.NoPol - Analysing SourceLocation org.apache.jackrabbit.mk.test.AbstractMicroKernelIT:55 which is executed by 2 tests
11:25:25.804 [pool-2-thread-1] DEBUG fr.inria.lille.repair.nopol.NoPol - cannot spoon SourceLocation org.apache.jackrabbit.mk.test.AbstractMicroKernelIT:55
11:25:25.804 [pool-2-thread-1] DEBUG fr.inria.lille.repair.nopol.NoPol - statement #7
11:25:25.804 [pool-2-thread-1] DEBUG fr.inria.lille.repair.nopol.NoPol - Analysing SourceLocation org.apache.jackrabbit.oak.plugins.memory.MemoryNodeBuilder:247 which is executed by 8 tests
-308272295
11:25:26.357 [pool-2-thread-1] DEBUG fr.inria.lille.repair.nopol.NoPol - looking with class fr.inria.lille.repair.nopol.spoon.smt.ConditionalAdder
junit.framework.AssertionFailedError
    at junit.framework.Assert.fail(Assert.java:55)
    at junit.framework.Assert.fail(Assert.java:64)
    at org.apache.jackrabbit.oak.plugins.memory.MemoryNodeBuilderTest.testWriteOnRemoveNode(MemoryNodeBuilderTest.java:136)
    at sun.reflect.NativeMethodAccessorImpl.invoke0(Native Method)
    at sun.reflect.NativeMethodAccessorImpl.invoke(NativeMethodAccessorImpl.java:62)
    at sun.reflect.DelegatingMethodAccessorImpl.invoke(DelegatingMethodAccessorImpl.java:43)
java.lang.NullPointerException
    at org.apache.jackrabbit.oak.plugins.memory.MemoryNodeBuilder.getChildNodeCount(MemoryNodeBuilder.java:368)
    at org.apache.jackrabbit.oak.plugins.memory.MemoryNodeBuilderTest.testReadOnRemoveNode(MemoryNodeBuilderTest.java:114)
    at sun.reflect.NativeMethodAccessorImpl.invoke0(Native Method)
    at sun.reflect.NativeMethodAccessorImpl.invoke(NativeMethodAccessorImpl.java:62)
    at sun.reflect.DelegatingMethodAccessorImpl.invoke(DelegatingMethodAccessorImpl.java:43)
    at java.lang.reflect.Method.invoke(Method.java:498)
junit.framework.AssertionFailedError
    at junit.framework.Assert.fail(Assert.java:55)
    at junit.framework.Assert.fail(Assert.java:64)
    at org.apache.jackrabbit.oak.plugins.memory.MemoryNodeBuilderTest.testWriteOnRemoveNode(MemoryNodeBuilderTest.java:136)
    at sun.reflect.NativeMethodAccessorImpl.invoke0(Native Method)
    at sun.reflect.NativeMethodAccessorImpl.invoke(NativeMethodAccessorImpl.java:62)
    at sun.reflect.DelegatingMethodAccessorImpl.invoke(DelegatingMethodAccessorImpl.java:43)
java.lang.NullPointerException
    at org.apache.jackrabbit.oak.plugins.memory.MemoryNodeBuilder.getChildNodeCount(MemoryNodeBuilder.java:368)
    at org.apache.jackrabbit.oak.plugins.memory.MemoryNodeBuilderTest.testReadOnRemoveNode(MemoryNodeBuilderTest.java:114)
    at sun.reflect.NativeMethodAccessorImpl.invoke0(Native Method)
    at sun.reflect.NativeMethodAccessorImpl.invoke(NativeMethodAccessorImpl.java:62)
    at sun.reflect.DelegatingMethodAccessorImpl.invoke(DelegatingMethodAccessorImpl.java:43)
    at java.lang.reflect.Method.invoke(Method.java:498)
11:25:26.418 [pool-4-thread-1] INFO  xxl.java.junit.TestCasesListener - Tests run finished (36 ms)
<> Total tests run: 20
<> Ignored tests: 0
<> Failed tests: 4
~ testWriteOnRemoveNode(org.apache.jackrabbit.oak.plugins.memory.MemoryNodeBuilderTest)
[null]
junit.framework.AssertionFailedError    at junit.framework.Assert.fail(Assert.java:55)
    at junit.framework.Assert.fail(Assert.java:64)
    at org.apache.jackrabbit.oak.plugins.memory.MemoryNodeBuilderTest.testWriteOnRemoveNode(MemoryNodeBuilderTest.java:136)
    at sun.reflect.NativeMethodAccessorImpl.invoke0(Native Method)
    at sun.reflect.NativeMethodAccessorImpl.invoke(NativeMethodAccessorImpl.java:62)
    at sun.reflect.DelegatingMethodAccessorImpl.invoke(DelegatingMethodAccessorImpl.java:43)
~ testReadOnRemoveNode(org.apache.jackrabbit.oak.plugins.memory.MemoryNodeBuilderTest)
[null]
java.lang.NullPointerException    at org.apache.jackrabbit.oak.plugins.memory.MemoryNodeBuilder.getChildNodeCount(MemoryNodeBuilder.java:368)
    at org.apache.jackrabbit.oak.plugins.memory.MemoryNodeBuilderTest.testReadOnRemoveNode(MemoryNodeBuilderTest.java:114)
    at sun.reflect.NativeMethodAccessorImpl.invoke0(Native Method)
    at sun.reflect.NativeMethodAccessorImpl.invoke(NativeMethodAccessorImpl.java:62)
    at sun.reflect.DelegatingMethodAccessorImpl.invoke(DelegatingMethodAccessorImpl.java:43)
    at java.lang.reflect.Method.invoke(Method.java:498)
~ testWriteOnRemoveNode(org.apache.jackrabbit.oak.plugins.memory.MemoryNodeBuilderTest)
[null]
junit.framework.AssertionFailedError    at junit.framework.Assert.fail(Assert.java:55)
    at junit.framework.Assert.fail(Assert.java:64)
    at org.apache.jackrabbit.oak.plugins.memory.MemoryNodeBuilderTest.testWriteOnRemoveNode(MemoryNodeBuilderTest.java:136)
    at sun.reflect.NativeMethodAccessorImpl.invoke0(Native Method)
    at sun.reflect.NativeMethodAccessorImpl.invoke(NativeMethodAccessorImpl.java:62)
    at sun.reflect.DelegatingMethodAccessorImpl.invoke(DelegatingMethodAccessorImpl.java:43)
~ testReadOnRemoveNode(org.apache.jackrabbit.oak.plugins.memory.MemoryNodeBuilderTest)
[null]
java.lang.NullPointerException    at org.apache.jackrabbit.oak.plugins.memory.MemoryNodeBuilder.getChildNodeCount(MemoryNodeBuilder.java:368)
    at org.apache.jackrabbit.oak.plugins.memory.MemoryNodeBuilderTest.testReadOnRemoveNode(MemoryNodeBuilderTest.java:114)
    at sun.reflect.NativeMethodAccessorImpl.invoke0(Native Method)
    at sun.reflect.NativeMethodAccessorImpl.invoke(NativeMethodAccessorImpl.java:62)
    at sun.reflect.DelegatingMethodAccessorImpl.invoke(DelegatingMethodAccessorImpl.java:43)
    at java.lang.reflect.Method.invoke(Method.java:498)

java.lang.IllegalStateException: This node has already been removed
    at com.google.common.base.Preconditions.checkState(Preconditions.java:149)
    at org.apache.jackrabbit.oak.plugins.memory.MemoryNodeBuilder.read(MemoryNodeBuilder.java:73)
    at org.apache.jackrabbit.oak.plugins.memory.MemoryNodeBuilder.getChildNodeCount(MemoryNodeBuilder.java:227)
    at org.apache.jackrabbit.oak.plugins.memory.MemoryNodeBuilderTest.testWriteOnRemoveNode(MemoryNodeBuilderTest.java:142)
    at sun.reflect.NativeMethodAccessorImpl.invoke0(Native Method)
    at sun.reflect.NativeMethodAccessorImpl.invoke(NativeMethodAccessorImpl.java:62)
11:25:29.215 [pool-5-thread-1] INFO  f.i.l.c.t.SpecificationTestCasesListener - Tests run finished (24 ms)
<> Total tests run: 1
<> Ignored tests: 0
<> Failed tests: 1
~ testWriteOnRemoveNode(org.apache.jackrabbit.oak.plugins.memory.MemoryNodeBuilderTest)
[This node has already been removed]
java.lang.IllegalStateException: This node has already been removed    at com.google.common.base.Preconditions.checkState(Preconditions.java:149)
    at org.apache.jackrabbit.oak.plugins.memory.MemoryNodeBuilder.read(MemoryNodeBuilder.java:73)
    at org.apache.jackrabbit.oak.plugins.memory.MemoryNodeBuilder.getChildNodeCount(MemoryNodeBuilder.java:227)
    at org.apache.jackrabbit.oak.plugins.memory.MemoryNodeBuilderTest.testWriteOnRemoveNode(MemoryNodeBuilderTest.java:142)
    at sun.reflect.NativeMethodAccessorImpl.invoke0(Native Method)
    at sun.reflect.NativeMethodAccessorImpl.invoke(NativeMethodAccessorImpl.java:62)

java.lang.IllegalStateException: This node has already been removed
    at com.google.common.base.Preconditions.checkState(Preconditions.java:149)
    at org.apache.jackrabbit.oak.plugins.memory.MemoryNodeBuilder.read(MemoryNodeBuilder.java:73)
    at org.apache.jackrabbit.oak.plugins.memory.MemoryNodeBuilder.getChildNodeCount(MemoryNodeBuilder.java:227)
    at org.apache.jackrabbit.oak.plugins.memory.MemoryNodeBuilderTest.testReadOnRemoveNode(MemoryNodeBuilderTest.java:121)
    at sun.reflect.NativeMethodAccessorImpl.invoke0(Native Method)
    at sun.reflect.NativeMethodAccessorImpl.invoke(NativeMethodAccessorImpl.java:62)
11:25:29.218 [pool-6-thread-1] INFO  f.i.l.c.t.SpecificationTestCasesListener - Tests run finished (1 ms)
<> Total tests run: 1
<> Ignored tests: 0
<> Failed tests: 1
~ testReadOnRemoveNode(org.apache.jackrabbit.oak.plugins.memory.MemoryNodeBuilderTest)
[This node has already been removed]
java.lang.IllegalStateException: This node has already been removed    at com.google.common.base.Preconditions.checkState(Preconditions.java:149)
    at org.apache.jackrabbit.oak.plugins.memory.MemoryNodeBuilder.read(MemoryNodeBuilder.java:73)
    at org.apache.jackrabbit.oak.plugins.memory.MemoryNodeBuilder.getChildNodeCount(MemoryNodeBuilder.java:227)
    at org.apache.jackrabbit.oak.plugins.memory.MemoryNodeBuilderTest.testReadOnRemoveNode(MemoryNodeBuilderTest.java:121)
    at sun.reflect.NativeMethodAccessorImpl.invoke0(Native Method)
    at sun.reflect.NativeMethodAccessorImpl.invoke(NativeMethodAccessorImpl.java:62)

junit.framework.AssertionFailedError
    at junit.framework.Assert.fail(Assert.java:55)
    at junit.framework.Assert.fail(Assert.java:64)
    at org.apache.jackrabbit.oak.plugins.memory.MemoryNodeBuilderTest.testWriteOnRemoveNode(MemoryNodeBuilderTest.java:136)
    at sun.reflect.NativeMethodAccessorImpl.invoke0(Native Method)
    at sun.reflect.NativeMethodAccessorImpl.invoke(NativeMethodAccessorImpl.java:62)
    at sun.reflect.DelegatingMethodAccessorImpl.invoke(DelegatingMethodAccessorImpl.java:43)
11:25:29.221 [pool-7-thread-1] INFO  f.i.l.c.t.SpecificationTestCasesListener - Tests run finished (1 ms)
<> Total tests run: 1
<> Ignored tests: 0
<> Failed tests: 1
~ testWriteOnRemoveNode(org.apache.jackrabbit.oak.plugins.memory.MemoryNodeBuilderTest)
[null]
junit.framework.AssertionFailedError    at junit.framework.Assert.fail(Assert.java:55)
    at junit.framework.Assert.fail(Assert.java:64)
    at org.apache.jackrabbit.oak.plugins.memory.MemoryNodeBuilderTest.testWriteOnRemoveNode(MemoryNodeBuilderTest.java:136)
    at sun.reflect.NativeMethodAccessorImpl.invoke0(Native Method)
    at sun.reflect.NativeMethodAccessorImpl.invoke(NativeMethodAccessorImpl.java:62)
    at sun.reflect.DelegatingMethodAccessorImpl.invoke(DelegatingMethodAccessorImpl.java:43)

java.lang.NullPointerException
    at org.apache.jackrabbit.oak.plugins.memory.MemoryNodeBuilder.getChildNodeCount(MemoryNodeBuilder.java:227)
    at org.apache.jackrabbit.oak.plugins.memory.MemoryNodeBuilderTest.testReadOnRemoveNode(MemoryNodeBuilderTest.java:114)
    at sun.reflect.NativeMethodAccessorImpl.invoke0(Native Method)
    at sun.reflect.NativeMethodAccessorImpl.invoke(NativeMethodAccessorImpl.java:62)
    at sun.reflect.DelegatingMethodAccessorImpl.invoke(DelegatingMethodAccessorImpl.java:43)
    at java.lang.reflect.Method.invoke(Method.java:498)
11:25:29.229 [pool-8-thread-1] INFO  f.i.l.c.t.SpecificationTestCasesListener - Tests run finished (1 ms)
<> Total tests run: 1
<> Ignored tests: 0
<> Failed tests: 1
~ testReadOnRemoveNode(org.apache.jackrabbit.oak.plugins.memory.MemoryNodeBuilderTest)
[null]
java.lang.NullPointerException    at org.apache.jackrabbit.oak.plugins.memory.MemoryNodeBuilder.getChildNodeCount(MemoryNodeBuilder.java:227)
    at org.apache.jackrabbit.oak.plugins.memory.MemoryNodeBuilderTest.testReadOnRemoveNode(MemoryNodeBuilderTest.java:114)
    at sun.reflect.NativeMethodAccessorImpl.invoke0(Native Method)
    at sun.reflect.NativeMethodAccessorImpl.invoke(NativeMethodAccessorImpl.java:62)
    at sun.reflect.DelegatingMethodAccessorImpl.invoke(DelegatingMethodAccessorImpl.java:43)
    at java.lang.reflect.Method.invoke(Method.java:498)

11:25:29.236 [pool-3-thread-1] DEBUG tests.output - Failing tests with false: 
[testWriteOnRemoveNode(org.apache.jackrabbit.oak.plugins.memory.MemoryNodeBuilderTest): This node has already been removed, testReadOnRemoveNode(org.apache.jackrabbit.oak.plugins.memory.MemoryNodeBuilderTest): This node has already been removed]
11:25:29.236 [pool-3-thread-1] DEBUG tests.output - Failing tests with true: 
[testWriteOnRemoveNode(org.apache.jackrabbit.oak.plugins.memory.MemoryNodeBuilderTest): null, testReadOnRemoveNode(org.apache.jackrabbit.oak.plugins.memory.MemoryNodeBuilderTest): null]
11:25:29.236 [pool-3-thread-1] INFO  f.i.l.r.n.synth.SMTNopolSynthesizer - Not enough specifications: 0. A trivial patch is "true" or "false", please write new tests specifying SourceLocation org.apache.jackrabbit.oak.plugins.memory.MemoryNodeBuilder:247.
11:25:29.236 [pool-2-thread-1] DEBUG fr.inria.lille.repair.nopol.NoPol - statement #8
11:25:29.236 [pool-2-thread-1] DEBUG fr.inria.lille.repair.nopol.NoPol - Analysing SourceLocation org.apache.jackrabbit.oak.plugins.index.old.PrefixIndex:128 which is executed by 2 tests
-1236272831
11:25:29.478 [pool-2-thread-1] DEBUG fr.inria.lille.repair.nopol.NoPol - statement #9
11:25:29.478 [pool-2-thread-1] DEBUG fr.inria.lille.repair.nopol.NoPol - Analysing SourceLocation org.apache.jackrabbit.oak.plugins.index.old.PrefixIndex:62 which is executed by 2 tests
-1236272831
11:25:29.664 [pool-2-thread-1] DEBUG fr.inria.lille.repair.nopol.NoPol - statement #10
11:25:29.664 [pool-2-thread-1] DEBUG fr.inria.lille.repair.nopol.NoPol - Analysing SourceLocation org.apache.jackrabbit.oak.plugins.index.old.PrefixIndex:57 which is executed by 2 tests
-1236272831
11:25:29.850 [pool-2-thread-1] DEBUG fr.inria.lille.repair.nopol.NoPol - looking with class fr.inria.lille.repair.nopol.spoon.smt.ConditionalAdder
SLF4J: Class path contains multiple SLF4J bindings.
SLF4J: Found binding in [jar:file:/home/tdurieux/.m2/repository/org/slf4j/slf4j-nop/1.5.8/slf4j-nop-1.5.8.jar!/org/slf4j/impl/StaticLoggerBinder.class]
SLF4J: Found binding in [jar:file:/home/tdurieux/.m2/repository/ch/qos/logback/logback-classic/1.0.1/logback-classic-1.0.1.jar!/org/slf4j/impl/StaticLoggerBinder.class]
SLF4J: Found binding in [jar:file:/home/tdurieux/.m2/repository/org/slf4j/slf4j-simple/1.6.1/slf4j-simple-1.6.1.jar!/org/slf4j/impl/StaticLoggerBinder.class]
SLF4J: Found binding in [jar:file:/home/tdurieux/defects4j4repair/script/../repair_tools/nopol.jar!/org/slf4j/impl/StaticLoggerBinder.class]
SLF4J: See http://www.slf4j.org/codes.html#multiple_bindings for an explanation.
SLF4J: The requested version 1.5.8 by your slf4j binding is not compatible with [1.6]
SLF4J: See http://www.slf4j.org/codes.html#version_mismatch for further details.
junit.framework.ComparisonFailure: expected:<...:childNodeCount":2,"[prefix@d:":{":childNodeCount":1,":data":{}},":data":{":childNodeCount":0]}}> but was:<...:childNodeCount":2,"[:data":{":childNodeCount":0},"prefix@d:":{":childNodeCount":1,":data":{}]}}>
    at junit.framework.Assert.assertEquals(Assert.java:100)
    at junit.framework.Assert.assertEquals(Assert.java:107)
    at org.apache.jackrabbit.oak.plugins.index.old.PrefixIndexTest.test(PrefixIndexTest.java:42)
    at sun.reflect.NativeMethodAccessorImpl.invoke0(Native Method)
    at sun.reflect.NativeMethodAccessorImpl.invoke(NativeMethodAccessorImpl.java:62)
    at sun.reflect.DelegatingMethodAccessorImpl.invoke(DelegatingMethodAccessorImpl.java:43)
11:25:29.963 [pool-10-thread-1] INFO  xxl.java.junit.TestCasesListener - Tests run finished (106 ms)
<> Total tests run: 1
<> Ignored tests: 0
<> Failed tests: 1
~ test(org.apache.jackrabbit.oak.plugins.index.old.PrefixIndexTest)
[expected:<...:childNodeCount":2,"[prefix@d:":{":childNodeCount":1,":data":{}},":data":{":childNodeCount":0]}}> but was:<...:childNodeCount":2,"[:data":{":childNodeCount":0},"prefix@d:":{":childNodeCount":1,":data":{}]}}>]
junit.framework.ComparisonFailure: expected:<...:childNodeCount":2,"[prefix@d:":{":childNodeCount":1,":data":{}},":data":{":childNodeCount":0]}}> but was:<...:childNodeCount":2,"[:data":{":childNodeCount":0},"prefix@d:":{":childNodeCount":1,":data":{}]}}>    at junit.framework.Assert.assertEquals(Assert.java:100)
    at junit.framework.Assert.assertEquals(Assert.java:107)
    at org.apache.jackrabbit.oak.plugins.index.old.PrefixIndexTest.test(PrefixIndexTest.java:42)
    at sun.reflect.NativeMethodAccessorImpl.invoke0(Native Method)
    at sun.reflect.NativeMethodAccessorImpl.invoke(NativeMethodAccessorImpl.java:62)
    at sun.reflect.DelegatingMethodAccessorImpl.invoke(DelegatingMethodAccessorImpl.java:43)

SLF4J: Class path contains multiple SLF4J bindings.
SLF4J: Found binding in [jar:file:/home/tdurieux/.m2/repository/org/slf4j/slf4j-nop/1.5.8/slf4j-nop-1.5.8.jar!/org/slf4j/impl/StaticLoggerBinder.class]
SLF4J: Found binding in [jar:file:/home/tdurieux/.m2/repository/ch/qos/logback/logback-classic/1.0.1/logback-classic-1.0.1.jar!/org/slf4j/impl/StaticLoggerBinder.class]
SLF4J: Found binding in [jar:file:/home/tdurieux/.m2/repository/org/slf4j/slf4j-simple/1.6.1/slf4j-simple-1.6.1.jar!/org/slf4j/impl/StaticLoggerBinder.class]
SLF4J: Found binding in [jar:file:/home/tdurieux/defects4j4repair/script/../repair_tools/nopol.jar!/org/slf4j/impl/StaticLoggerBinder.class]
SLF4J: See http://www.slf4j.org/codes.html#multiple_bindings for an explanation.
SLF4J: The requested version 1.5.8 by your slf4j binding is not compatible with [1.6]
SLF4J: See http://www.slf4j.org/codes.html#version_mismatch for further details.
junit.framework.ComparisonFailure: expected:<...:childNodeCount":2,"[prefix@d:":{":childNodeCount":1,":data":{}},":data":{":childNodeCount":0]}}> but was:<...:childNodeCount":2,"[:data":{":childNodeCount":0},"prefix@d:":{":childNodeCount":1,":data":{}]}}>
    at junit.framework.Assert.assertEquals(Assert.java:100)
    at junit.framework.Assert.assertEquals(Assert.java:107)
    at org.apache.jackrabbit.oak.plugins.index.old.PrefixIndexTest.test(PrefixIndexTest.java:42)
    at sun.reflect.NativeMethodAccessorImpl.invoke0(Native Method)
    at sun.reflect.NativeMethodAccessorImpl.invoke(NativeMethodAccessorImpl.java:62)
    at sun.reflect.DelegatingMethodAccessorImpl.invoke(DelegatingMethodAccessorImpl.java:43)
11:25:30.451 [pool-11-thread-1] INFO  f.i.l.c.t.SpecificationTestCasesListener - Tests run finished (112 ms)
<> Total tests run: 1
<> Ignored tests: 0
<> Failed tests: 1
~ test(org.apache.jackrabbit.oak.plugins.index.old.PrefixIndexTest)
[expected:<...:childNodeCount":2,"[prefix@d:":{":childNodeCount":1,":data":{}},":data":{":childNodeCount":0]}}> but was:<...:childNodeCount":2,"[:data":{":childNodeCount":0},"prefix@d:":{":childNodeCount":1,":data":{}]}}>]
junit.framework.ComparisonFailure: expected:<...:childNodeCount":2,"[prefix@d:":{":childNodeCount":1,":data":{}},":data":{":childNodeCount":0]}}> but was:<...:childNodeCount":2,"[:data":{":childNodeCount":0},"prefix@d:":{":childNodeCount":1,":data":{}]}}>    at junit.framework.Assert.assertEquals(Assert.java:100)
    at junit.framework.Assert.assertEquals(Assert.java:107)
    at org.apache.jackrabbit.oak.plugins.index.old.PrefixIndexTest.test(PrefixIndexTest.java:42)
    at sun.reflect.NativeMethodAccessorImpl.invoke0(Native Method)
    at sun.reflect.NativeMethodAccessorImpl.invoke(NativeMethodAccessorImpl.java:62)
    at sun.reflect.DelegatingMethodAccessorImpl.invoke(DelegatingMethodAccessorImpl.java:43)

junit.framework.ComparisonFailure: expected:<...:childNodeCount":2,"[prefix@d:":{":childNodeCount":1,":data":{}},":data":{":childNodeCount":0]}}> but was:<...:childNodeCount":2,"[:data":{":childNodeCount":0},"prefix@d:":{":childNodeCount":1,":data":{}]}}>
    at junit.framework.Assert.assertEquals(Assert.java:100)
    at junit.framework.Assert.assertEquals(Assert.java:107)
    at org.apache.jackrabbit.oak.plugins.index.old.PrefixIndexTest.test(PrefixIndexTest.java:42)
    at sun.reflect.NativeMethodAccessorImpl.invoke0(Native Method)
    at sun.reflect.NativeMethodAccessorImpl.invoke(NativeMethodAccessorImpl.java:62)
    at sun.reflect.DelegatingMethodAccessorImpl.invoke(DelegatingMethodAccessorImpl.java:43)
11:25:30.455 [pool-12-thread-1] INFO  f.i.l.c.t.SpecificationTestCasesListener - Tests run finished (3 ms)
<> Total tests run: 1
<> Ignored tests: 0
<> Failed tests: 1
~ test(org.apache.jackrabbit.oak.plugins.index.old.PrefixIndexTest)
[expected:<...:childNodeCount":2,"[prefix@d:":{":childNodeCount":1,":data":{}},":data":{":childNodeCount":0]}}> but was:<...:childNodeCount":2,"[:data":{":childNodeCount":0},"prefix@d:":{":childNodeCount":1,":data":{}]}}>]
junit.framework.ComparisonFailure: expected:<...:childNodeCount":2,"[prefix@d:":{":childNodeCount":1,":data":{}},":data":{":childNodeCount":0]}}> but was:<...:childNodeCount":2,"[:data":{":childNodeCount":0},"prefix@d:":{":childNodeCount":1,":data":{}]}}>    at junit.framework.Assert.assertEquals(Assert.java:100)
    at junit.framework.Assert.assertEquals(Assert.java:107)
    at org.apache.jackrabbit.oak.plugins.index.old.PrefixIndexTest.test(PrefixIndexTest.java:42)
    at sun.reflect.NativeMethodAccessorImpl.invoke0(Native Method)
    at sun.reflect.NativeMethodAccessorImpl.invoke(NativeMethodAccessorImpl.java:62)
    at sun.reflect.DelegatingMethodAccessorImpl.invoke(DelegatingMethodAccessorImpl.java:43)

11:25:30.456 [pool-9-thread-1] DEBUG tests.output - Failing tests with false: 
[test(org.apache.jackrabbit.oak.plugins.index.old.PrefixIndexTest): expected:<...:childNodeCount":2,"[prefix@d:":{":childNodeCount":1,":data":{}},":data":{":childNodeCount":0]}}> but was:<...:childNodeCount":2,"[:data":{":childNodeCount":0},"prefix@d:":{":childNodeCount":1,":data":{}]}}>]
11:25:30.456 [pool-9-thread-1] DEBUG tests.output - Failing tests with true: 
[test(org.apache.jackrabbit.oak.plugins.index.old.PrefixIndexTest): expected:<...:childNodeCount":2,"[prefix@d:":{":childNodeCount":1,":data":{}},":data":{":childNodeCount":0]}}> but was:<...:childNodeCount":2,"[:data":{":childNodeCount":0},"prefix@d:":{":childNodeCount":1,":data":{}]}}>]
11:25:30.456 [pool-9-thread-1] INFO  f.i.l.r.n.synth.SMTNopolSynthesizer - Not enough specifications: 0. A trivial patch is "true" or "false", please write new tests specifying SourceLocation org.apache.jackrabbit.oak.plugins.index.old.PrefixIndex:57.
11:25:30.456 [pool-2-thread-1] DEBUG fr.inria.lille.repair.nopol.NoPol - statement #11
11:25:30.456 [pool-2-thread-1] DEBUG fr.inria.lille.repair.nopol.NoPol - Analysing SourceLocation org.apache.jackrabbit.oak.plugins.index.old.PrefixIndex:56 which is executed by 2 tests
-1236272831
11:25:30.646 [pool-2-thread-1] DEBUG fr.inria.lille.repair.nopol.NoPol - statement #12
11:25:30.646 [pool-2-thread-1] DEBUG fr.inria.lille.repair.nopol.NoPol - Analysing SourceLocation org.apache.jackrabbit.oak.plugins.index.old.PrefixIndex:51 which is executed by 2 tests
-1236272831
11:25:30.857 [pool-2-thread-1] DEBUG fr.inria.lille.repair.nopol.NoPol - statement #13
11:25:30.858 [pool-2-thread-1] DEBUG fr.inria.lille.repair.nopol.NoPol - Analysing SourceLocation org.apache.jackrabbit.oak.plugins.index.old.Indexer:176 which is executed by 2 tests
-687021856
11:25:31.120 [pool-2-thread-1] DEBUG fr.inria.lille.repair.nopol.NoPol - statement #14
11:25:31.120 [pool-2-thread-1] DEBUG fr.inria.lille.repair.nopol.NoPol - Analysing SourceLocation org.apache.jackrabbit.oak.plugins.index.old.Indexer:175 which is executed by 2 tests
-687021856
11:25:31.379 [pool-2-thread-1] DEBUG fr.inria.lille.repair.nopol.NoPol - looking with class fr.inria.lille.repair.nopol.spoon.smt.ConditionalAdder
SLF4J: Class path contains multiple SLF4J bindings.
SLF4J: Found binding in [jar:file:/home/tdurieux/.m2/repository/org/slf4j/slf4j-nop/1.5.8/slf4j-nop-1.5.8.jar!/org/slf4j/impl/StaticLoggerBinder.class]
SLF4J: Found binding in [jar:file:/home/tdurieux/.m2/repository/ch/qos/logback/logback-classic/1.0.1/logback-classic-1.0.1.jar!/org/slf4j/impl/StaticLoggerBinder.class]
SLF4J: Found binding in [jar:file:/home/tdurieux/.m2/repository/org/slf4j/slf4j-simple/1.6.1/slf4j-simple-1.6.1.jar!/org/slf4j/impl/StaticLoggerBinder.class]
SLF4J: Found binding in [jar:file:/home/tdurieux/defects4j4repair/script/../repair_tools/nopol.jar!/org/slf4j/impl/StaticLoggerBinder.class]
SLF4J: See http://www.slf4j.org/codes.html#multiple_bindings for an explanation.
SLF4J: The requested version 1.5.8 by your slf4j binding is not compatible with [1.6]
SLF4J: See http://www.slf4j.org/codes.html#version_mismatch for further details.
junit.framework.ComparisonFailure: expected:<...:childNodeCount":2,"[prefix@d:":{":childNodeCount":1,":data":{}},":data":{":childNodeCount":0]}}> but was:<...:childNodeCount":2,"[:data":{":childNodeCount":0},"prefix@d:":{":childNodeCount":1,":data":{}]}}>
    at junit.framework.Assert.assertEquals(Assert.java:100)
    at junit.framework.Assert.assertEquals(Assert.java:107)
    at org.apache.jackrabbit.oak.plugins.index.old.PrefixIndexTest.test(PrefixIndexTest.java:42)
    at sun.reflect.NativeMethodAccessorImpl.invoke0(Native Method)
    at sun.reflect.NativeMethodAccessorImpl.invoke(NativeMethodAccessorImpl.java:62)
    at sun.reflect.DelegatingMethodAccessorImpl.invoke(DelegatingMethodAccessorImpl.java:43)
11:25:31.540 [pool-14-thread-1] INFO  xxl.java.junit.TestCasesListener - Tests run finished (158 ms)
<> Total tests run: 1
<> Ignored tests: 0
<> Failed tests: 1
~ test(org.apache.jackrabbit.oak.plugins.index.old.PrefixIndexTest)
[expected:<...:childNodeCount":2,"[prefix@d:":{":childNodeCount":1,":data":{}},":data":{":childNodeCount":0]}}> but was:<...:childNodeCount":2,"[:data":{":childNodeCount":0},"prefix@d:":{":childNodeCount":1,":data":{}]}}>]
junit.framework.ComparisonFailure: expected:<...:childNodeCount":2,"[prefix@d:":{":childNodeCount":1,":data":{}},":data":{":childNodeCount":0]}}> but was:<...:childNodeCount":2,"[:data":{":childNodeCount":0},"prefix@d:":{":childNodeCount":1,":data":{}]}}>    at junit.framework.Assert.assertEquals(Assert.java:100)
    at junit.framework.Assert.assertEquals(Assert.java:107)
    at org.apache.jackrabbit.oak.plugins.index.old.PrefixIndexTest.test(PrefixIndexTest.java:42)
    at sun.reflect.NativeMethodAccessorImpl.invoke0(Native Method)
    at sun.reflect.NativeMethodAccessorImpl.invoke(NativeMethodAccessorImpl.java:62)
    at sun.reflect.DelegatingMethodAccessorImpl.invoke(DelegatingMethodAccessorImpl.java:43)

SLF4J: Class path contains multiple SLF4J bindings.
SLF4J: Found binding in [jar:file:/home/tdurieux/.m2/repository/org/slf4j/slf4j-nop/1.5.8/slf4j-nop-1.5.8.jar!/org/slf4j/impl/StaticLoggerBinder.class]
SLF4J: Found binding in [jar:file:/home/tdurieux/.m2/repository/ch/qos/logback/logback-classic/1.0.1/logback-classic-1.0.1.jar!/org/slf4j/impl/StaticLoggerBinder.class]
SLF4J: Found binding in [jar:file:/home/tdurieux/.m2/repository/org/slf4j/slf4j-simple/1.6.1/slf4j-simple-1.6.1.jar!/org/slf4j/impl/StaticLoggerBinder.class]
SLF4J: Found binding in [jar:file:/home/tdurieux/defects4j4repair/script/../repair_tools/nopol.jar!/org/slf4j/impl/StaticLoggerBinder.class]
SLF4J: See http://www.slf4j.org/codes.html#multiple_bindings for an explanation.
SLF4J: The requested version 1.5.8 by your slf4j binding is not compatible with [1.6]
SLF4J: See http://www.slf4j.org/codes.html#version_mismatch for further details.
junit.framework.ComparisonFailure: expected:<...:childNodeCount":2,"[prefix@d:":{":childNodeCount":1,":data":{}},":data":{":childNodeCount":0]}}> but was:<...:childNodeCount":2,"[:data":{":childNodeCount":0},"prefix@d:":{":childNodeCount":1,":data":{}]}}>
    at junit.framework.Assert.assertEquals(Assert.java:100)
    at junit.framework.Assert.assertEquals(Assert.java:107)
    at org.apache.jackrabbit.oak.plugins.index.old.PrefixIndexTest.test(PrefixIndexTest.java:42)
    at sun.reflect.NativeMethodAccessorImpl.invoke0(Native Method)
    at sun.reflect.NativeMethodAccessorImpl.invoke(NativeMethodAccessorImpl.java:62)
    at sun.reflect.DelegatingMethodAccessorImpl.invoke(DelegatingMethodAccessorImpl.java:43)
11:25:32.124 [pool-15-thread-1] INFO  f.i.l.c.t.SpecificationTestCasesListener - Tests run finished (99 ms)
<> Total tests run: 1
<> Ignored tests: 0
<> Failed tests: 1
~ test(org.apache.jackrabbit.oak.plugins.index.old.PrefixIndexTest)
[expected:<...:childNodeCount":2,"[prefix@d:":{":childNodeCount":1,":data":{}},":data":{":childNodeCount":0]}}> but was:<...:childNodeCount":2,"[:data":{":childNodeCount":0},"prefix@d:":{":childNodeCount":1,":data":{}]}}>]
junit.framework.ComparisonFailure: expected:<...:childNodeCount":2,"[prefix@d:":{":childNodeCount":1,":data":{}},":data":{":childNodeCount":0]}}> but was:<...:childNodeCount":2,"[:data":{":childNodeCount":0},"prefix@d:":{":childNodeCount":1,":data":{}]}}>    at junit.framework.Assert.assertEquals(Assert.java:100)
    at junit.framework.Assert.assertEquals(Assert.java:107)
    at org.apache.jackrabbit.oak.plugins.index.old.PrefixIndexTest.test(PrefixIndexTest.java:42)
    at sun.reflect.NativeMethodAccessorImpl.invoke0(Native Method)
    at sun.reflect.NativeMethodAccessorImpl.invoke(NativeMethodAccessorImpl.java:62)
    at sun.reflect.DelegatingMethodAccessorImpl.invoke(DelegatingMethodAccessorImpl.java:43)

junit.framework.ComparisonFailure: expected:<...:childNodeCount":2,"[prefix@d:":{":childNodeCount":1,":data":{}},":data":{":childNodeCount":0]}}> but was:<...:childNodeCount":2,"[:data":{":childNodeCount":0},"prefix@d:":{":childNodeCount":1,":data":{}]}}>
    at junit.framework.Assert.assertEquals(Assert.java:100)
    at junit.framework.Assert.assertEquals(Assert.java:107)
    at org.apache.jackrabbit.oak.plugins.index.old.PrefixIndexTest.test(PrefixIndexTest.java:42)
    at sun.reflect.NativeMethodAccessorImpl.invoke0(Native Method)
    at sun.reflect.NativeMethodAccessorImpl.invoke(NativeMethodAccessorImpl.java:62)
    at sun.reflect.DelegatingMethodAccessorImpl.invoke(DelegatingMethodAccessorImpl.java:43)
11:25:32.136 [pool-16-thread-1] INFO  f.i.l.c.t.SpecificationTestCasesListener - Tests run finished (4 ms)
<> Total tests run: 1
<> Ignored tests: 0
<> Failed tests: 1
~ test(org.apache.jackrabbit.oak.plugins.index.old.PrefixIndexTest)
[expected:<...:childNodeCount":2,"[prefix@d:":{":childNodeCount":1,":data":{}},":data":{":childNodeCount":0]}}> but was:<...:childNodeCount":2,"[:data":{":childNodeCount":0},"prefix@d:":{":childNodeCount":1,":data":{}]}}>]
junit.framework.ComparisonFailure: expected:<...:childNodeCount":2,"[prefix@d:":{":childNodeCount":1,":data":{}},":data":{":childNodeCount":0]}}> but was:<...:childNodeCount":2,"[:data":{":childNodeCount":0},"prefix@d:":{":childNodeCount":1,":data":{}]}}>    at junit.framework.Assert.assertEquals(Assert.java:100)
    at junit.framework.Assert.assertEquals(Assert.java:107)
    at org.apache.jackrabbit.oak.plugins.index.old.PrefixIndexTest.test(PrefixIndexTest.java:42)
    at sun.reflect.NativeMethodAccessorImpl.invoke0(Native Method)
    at sun.reflect.NativeMethodAccessorImpl.invoke(NativeMethodAccessorImpl.java:62)
    at sun.reflect.DelegatingMethodAccessorImpl.invoke(DelegatingMethodAccessorImpl.java:43)

11:25:32.136 [pool-13-thread-1] DEBUG tests.output - Failing tests with false: 
[test(org.apache.jackrabbit.oak.plugins.index.old.PrefixIndexTest): expected:<...:childNodeCount":2,"[prefix@d:":{":childNodeCount":1,":data":{}},":data":{":childNodeCount":0]}}> but was:<...:childNodeCount":2,"[:data":{":childNodeCount":0},"prefix@d:":{":childNodeCount":1,":data":{}]}}>]
11:25:32.136 [pool-13-thread-1] DEBUG tests.output - Failing tests with true: 
[test(org.apache.jackrabbit.oak.plugins.index.old.PrefixIndexTest): expected:<...:childNodeCount":2,"[prefix@d:":{":childNodeCount":1,":data":{}},":data":{":childNodeCount":0]}}> but was:<...:childNodeCount":2,"[:data":{":childNodeCount":0},"prefix@d:":{":childNodeCount":1,":data":{}]}}>]
11:25:32.136 [pool-13-thread-1] INFO  f.i.l.r.n.synth.SMTNopolSynthesizer - Not enough specifications: 0. A trivial patch is "true" or "false", please write new tests specifying SourceLocation org.apache.jackrabbit.oak.plugins.index.old.Indexer:175.
11:25:32.137 [pool-2-thread-1] DEBUG fr.inria.lille.repair.nopol.NoPol - statement #15
11:25:32.137 [pool-2-thread-1] DEBUG fr.inria.lille.repair.nopol.NoPol - Analysing SourceLocation org.apache.jackrabbit.oak.plugins.index.old.Indexer:174 which is executed by 2 tests
-687021856
11:25:32.344 [pool-2-thread-1] DEBUG fr.inria.lille.repair.nopol.NoPol - looking with class fr.inria.lille.repair.nopol.spoon.smt.ConditionalAdder
SLF4J: Class path contains multiple SLF4J bindings.
SLF4J: Found binding in [jar:file:/home/tdurieux/.m2/repository/org/slf4j/slf4j-nop/1.5.8/slf4j-nop-1.5.8.jar!/org/slf4j/impl/StaticLoggerBinder.class]
SLF4J: Found binding in [jar:file:/home/tdurieux/.m2/repository/ch/qos/logback/logback-classic/1.0.1/logback-classic-1.0.1.jar!/org/slf4j/impl/StaticLoggerBinder.class]
SLF4J: Found binding in [jar:file:/home/tdurieux/.m2/repository/org/slf4j/slf4j-simple/1.6.1/slf4j-simple-1.6.1.jar!/org/slf4j/impl/StaticLoggerBinder.class]
SLF4J: Found binding in [jar:file:/home/tdurieux/defects4j4repair/script/../repair_tools/nopol.jar!/org/slf4j/impl/StaticLoggerBinder.class]
SLF4J: See http://www.slf4j.org/codes.html#multiple_bindings for an explanation.
SLF4J: The requested version 1.5.8 by your slf4j binding is not compatible with [1.6]
SLF4J: See http://www.slf4j.org/codes.html#version_mismatch for further details.
junit.framework.ComparisonFailure: expected:<...:childNodeCount":2,"[prefix@d:":{":childNodeCount":1,":data":{}},":data":{":childNodeCount":0]}}> but was:<...:childNodeCount":2,"[:data":{":childNodeCount":0},"prefix@d:":{":childNodeCount":1,":data":{}]}}>
    at junit.framework.Assert.assertEquals(Assert.java:100)
    at junit.framework.Assert.assertEquals(Assert.java:107)
    at org.apache.jackrabbit.oak.plugins.index.old.PrefixIndexTest.test(PrefixIndexTest.java:42)
    at sun.reflect.NativeMethodAccessorImpl.invoke0(Native Method)
    at sun.reflect.NativeMethodAccessorImpl.invoke(NativeMethodAccessorImpl.java:62)
    at sun.reflect.DelegatingMethodAccessorImpl.invoke(DelegatingMethodAccessorImpl.java:43)
11:25:32.445 [pool-18-thread-1] INFO  xxl.java.junit.TestCasesListener - Tests run finished (99 ms)
<> Total tests run: 1
<> Ignored tests: 0
<> Failed tests: 1
~ test(org.apache.jackrabbit.oak.plugins.index.old.PrefixIndexTest)
[expected:<...:childNodeCount":2,"[prefix@d:":{":childNodeCount":1,":data":{}},":data":{":childNodeCount":0]}}> but was:<...:childNodeCount":2,"[:data":{":childNodeCount":0},"prefix@d:":{":childNodeCount":1,":data":{}]}}>]
junit.framework.ComparisonFailure: expected:<...:childNodeCount":2,"[prefix@d:":{":childNodeCount":1,":data":{}},":data":{":childNodeCount":0]}}> but was:<...:childNodeCount":2,"[:data":{":childNodeCount":0},"prefix@d:":{":childNodeCount":1,":data":{}]}}>    at junit.framework.Assert.assertEquals(Assert.java:100)
    at junit.framework.Assert.assertEquals(Assert.java:107)
    at org.apache.jackrabbit.oak.plugins.index.old.PrefixIndexTest.test(PrefixIndexTest.java:42)
    at sun.reflect.NativeMethodAccessorImpl.invoke0(Native Method)
    at sun.reflect.NativeMethodAccessorImpl.invoke(NativeMethodAccessorImpl.java:62)
    at sun.reflect.DelegatingMethodAccessorImpl.invoke(DelegatingMethodAccessorImpl.java:43)

SLF4J: Class path contains multiple SLF4J bindings.
SLF4J: Found binding in [jar:file:/home/tdurieux/.m2/repository/org/slf4j/slf4j-nop/1.5.8/slf4j-nop-1.5.8.jar!/org/slf4j/impl/StaticLoggerBinder.class]
SLF4J: Found binding in [jar:file:/home/tdurieux/.m2/repository/ch/qos/logback/logback-classic/1.0.1/logback-classic-1.0.1.jar!/org/slf4j/impl/StaticLoggerBinder.class]
SLF4J: Found binding in [jar:file:/home/tdurieux/.m2/repository/org/slf4j/slf4j-simple/1.6.1/slf4j-simple-1.6.1.jar!/org/slf4j/impl/StaticLoggerBinder.class]
SLF4J: Found binding in [jar:file:/home/tdurieux/defects4j4repair/script/../repair_tools/nopol.jar!/org/slf4j/impl/StaticLoggerBinder.class]
SLF4J: See http://www.slf4j.org/codes.html#multiple_bindings for an explanation.
SLF4J: The requested version 1.5.8 by your slf4j binding is not compatible with [1.6]
SLF4J: See http://www.slf4j.org/codes.html#version_mismatch for further details.
junit.framework.ComparisonFailure: expected:<...:childNodeCount":2,"[prefix@d:":{":childNodeCount":1,":data":{}},":data":{":childNodeCount":0]}}> but was:<...:childNodeCount":2,"[:data":{":childNodeCount":0},"prefix@d:":{":childNodeCount":1,":data":{}]}}>
    at junit.framework.Assert.assertEquals(Assert.java:100)
    at junit.framework.Assert.assertEquals(Assert.java:107)
    at org.apache.jackrabbit.oak.plugins.index.old.PrefixIndexTest.test(PrefixIndexTest.java:42)
    at sun.reflect.NativeMethodAccessorImpl.invoke0(Native Method)
    at sun.reflect.NativeMethodAccessorImpl.invoke(NativeMethodAccessorImpl.java:62)
    at sun.reflect.DelegatingMethodAccessorImpl.invoke(DelegatingMethodAccessorImpl.java:43)
11:25:32.985 [pool-19-thread-1] INFO  f.i.l.c.t.SpecificationTestCasesListener - Tests run finished (97 ms)
<> Total tests run: 1
<> Ignored tests: 0
<> Failed tests: 1
~ test(org.apache.jackrabbit.oak.plugins.index.old.PrefixIndexTest)
[expected:<...:childNodeCount":2,"[prefix@d:":{":childNodeCount":1,":data":{}},":data":{":childNodeCount":0]}}> but was:<...:childNodeCount":2,"[:data":{":childNodeCount":0},"prefix@d:":{":childNodeCount":1,":data":{}]}}>]
junit.framework.ComparisonFailure: expected:<...:childNodeCount":2,"[prefix@d:":{":childNodeCount":1,":data":{}},":data":{":childNodeCount":0]}}> but was:<...:childNodeCount":2,"[:data":{":childNodeCount":0},"prefix@d:":{":childNodeCount":1,":data":{}]}}>    at junit.framework.Assert.assertEquals(Assert.java:100)
    at junit.framework.Assert.assertEquals(Assert.java:107)
    at org.apache.jackrabbit.oak.plugins.index.old.PrefixIndexTest.test(PrefixIndexTest.java:42)
    at sun.reflect.NativeMethodAccessorImpl.invoke0(Native Method)
    at sun.reflect.NativeMethodAccessorImpl.invoke(NativeMethodAccessorImpl.java:62)
    at sun.reflect.DelegatingMethodAccessorImpl.invoke(DelegatingMethodAccessorImpl.java:43)

junit.framework.ComparisonFailure: expected:<...:childNodeCount":2,"[prefix@d:":{":childNodeCount":1,":data":{}},":data":{":childNodeCount":0]}}> but was:<...:childNodeCount":2,"[:data":{":childNodeCount":0},"prefix@d:":{":childNodeCount":1,":data":{}]}}>
    at junit.framework.Assert.assertEquals(Assert.java:100)
    at junit.framework.Assert.assertEquals(Assert.java:107)
    at org.apache.jackrabbit.oak.plugins.index.old.PrefixIndexTest.test(PrefixIndexTest.java:42)
    at sun.reflect.NativeMethodAccessorImpl.invoke0(Native Method)
    at sun.reflect.NativeMethodAccessorImpl.invoke(NativeMethodAccessorImpl.java:62)
    at sun.reflect.DelegatingMethodAccessorImpl.invoke(DelegatingMethodAccessorImpl.java:43)
11:25:32.988 [pool-20-thread-1] INFO  f.i.l.c.t.SpecificationTestCasesListener - Tests run finished (2 ms)
<> Total tests run: 1
<> Ignored tests: 0
<> Failed tests: 1
~ test(org.apache.jackrabbit.oak.plugins.index.old.PrefixIndexTest)
[expected:<...:childNodeCount":2,"[prefix@d:":{":childNodeCount":1,":data":{}},":data":{":childNodeCount":0]}}> but was:<...:childNodeCount":2,"[:data":{":childNodeCount":0},"prefix@d:":{":childNodeCount":1,":data":{}]}}>]
junit.framework.ComparisonFailure: expected:<...:childNodeCount":2,"[prefix@d:":{":childNodeCount":1,":data":{}},":data":{":childNodeCount":0]}}> but was:<...:childNodeCount":2,"[:data":{":childNodeCount":0},"prefix@d:":{":childNodeCount":1,":data":{}]}}>    at junit.framework.Assert.assertEquals(Assert.java:100)
    at junit.framework.Assert.assertEquals(Assert.java:107)
    at org.apache.jackrabbit.oak.plugins.index.old.PrefixIndexTest.test(PrefixIndexTest.java:42)
    at sun.reflect.NativeMethodAccessorImpl.invoke0(Native Method)
    at sun.reflect.NativeMethodAccessorImpl.invoke(NativeMethodAccessorImpl.java:62)
    at sun.reflect.DelegatingMethodAccessorImpl.invoke(DelegatingMethodAccessorImpl.java:43)

11:25:32.995 [pool-17-thread-1] DEBUG tests.output - Failing tests with false: 
[test(org.apache.jackrabbit.oak.plugins.index.old.PrefixIndexTest): expected:<...:childNodeCount":2,"[prefix@d:":{":childNodeCount":1,":data":{}},":data":{":childNodeCount":0]}}> but was:<...:childNodeCount":2,"[:data":{":childNodeCount":0},"prefix@d:":{":childNodeCount":1,":data":{}]}}>]
11:25:32.996 [pool-17-thread-1] DEBUG tests.output - Failing tests with true: 
[test(org.apache.jackrabbit.oak.plugins.index.old.PrefixIndexTest): expected:<...:childNodeCount":2,"[prefix@d:":{":childNodeCount":1,":data":{}},":data":{":childNodeCount":0]}}> but was:<...:childNodeCount":2,"[:data":{":childNodeCount":0},"prefix@d:":{":childNodeCount":1,":data":{}]}}>]
11:25:32.996 [pool-17-thread-1] INFO  f.i.l.r.n.synth.SMTNopolSynthesizer - Not enough specifications: 0. A trivial patch is "true" or "false", please write new tests specifying SourceLocation org.apache.jackrabbit.oak.plugins.index.old.Indexer:174.
11:25:32.996 [pool-2-thread-1] DEBUG fr.inria.lille.repair.nopol.NoPol - statement #16
11:25:32.996 [pool-2-thread-1] DEBUG fr.inria.lille.repair.nopol.NoPol - Analysing SourceLocation org.apache.jackrabbit.oak.plugins.index.old.Indexer:173 which is executed by 2 tests
-687021856
11:25:33.204 [pool-2-thread-1] DEBUG fr.inria.lille.repair.nopol.NoPol - looking with class fr.inria.lille.repair.nopol.spoon.smt.ConditionalAdder
SLF4J: Class path contains multiple SLF4J bindings.
SLF4J: Found binding in [jar:file:/home/tdurieux/.m2/repository/org/slf4j/slf4j-nop/1.5.8/slf4j-nop-1.5.8.jar!/org/slf4j/impl/StaticLoggerBinder.class]
SLF4J: Found binding in [jar:file:/home/tdurieux/.m2/repository/ch/qos/logback/logback-classic/1.0.1/logback-classic-1.0.1.jar!/org/slf4j/impl/StaticLoggerBinder.class]
SLF4J: Found binding in [jar:file:/home/tdurieux/.m2/repository/org/slf4j/slf4j-simple/1.6.1/slf4j-simple-1.6.1.jar!/org/slf4j/impl/StaticLoggerBinder.class]
SLF4J: Found binding in [jar:file:/home/tdurieux/defects4j4repair/script/../repair_tools/nopol.jar!/org/slf4j/impl/StaticLoggerBinder.class]
SLF4J: See http://www.slf4j.org/codes.html#multiple_bindings for an explanation.
SLF4J: The requested version 1.5.8 by your slf4j binding is not compatible with [1.6]
SLF4J: See http://www.slf4j.org/codes.html#version_mismatch for further details.
junit.framework.ComparisonFailure: expected:<...:childNodeCount":2,"[prefix@d:":{":childNodeCount":1,":data":{}},":data":{":childNodeCount":0]}}> but was:<...:childNodeCount":2,"[:data":{":childNodeCount":0},"prefix@d:":{":childNodeCount":1,":data":{}]}}>
    at junit.framework.Assert.assertEquals(Assert.java:100)
    at junit.framework.Assert.assertEquals(Assert.java:107)
    at org.apache.jackrabbit.oak.plugins.index.old.PrefixIndexTest.test(PrefixIndexTest.java:42)
    at sun.reflect.NativeMethodAccessorImpl.invoke0(Native Method)
    at sun.reflect.NativeMethodAccessorImpl.invoke(NativeMethodAccessorImpl.java:62)
    at sun.reflect.DelegatingMethodAccessorImpl.invoke(DelegatingMethodAccessorImpl.java:43)
11:25:33.306 [pool-22-thread-1] INFO  xxl.java.junit.TestCasesListener - Tests run finished (99 ms)
<> Total tests run: 1
<> Ignored tests: 0
<> Failed tests: 1
~ test(org.apache.jackrabbit.oak.plugins.index.old.PrefixIndexTest)
[expected:<...:childNodeCount":2,"[prefix@d:":{":childNodeCount":1,":data":{}},":data":{":childNodeCount":0]}}> but was:<...:childNodeCount":2,"[:data":{":childNodeCount":0},"prefix@d:":{":childNodeCount":1,":data":{}]}}>]
junit.framework.ComparisonFailure: expected:<...:childNodeCount":2,"[prefix@d:":{":childNodeCount":1,":data":{}},":data":{":childNodeCount":0]}}> but was:<...:childNodeCount":2,"[:data":{":childNodeCount":0},"prefix@d:":{":childNodeCount":1,":data":{}]}}>    at junit.framework.Assert.assertEquals(Assert.java:100)
    at junit.framework.Assert.assertEquals(Assert.java:107)
    at org.apache.jackrabbit.oak.plugins.index.old.PrefixIndexTest.test(PrefixIndexTest.java:42)
    at sun.reflect.NativeMethodAccessorImpl.invoke0(Native Method)
    at sun.reflect.NativeMethodAccessorImpl.invoke(NativeMethodAccessorImpl.java:62)
    at sun.reflect.DelegatingMethodAccessorImpl.invoke(DelegatingMethodAccessorImpl.java:43)

SLF4J: Class path contains multiple SLF4J bindings.
SLF4J: Found binding in [jar:file:/home/tdurieux/.m2/repository/org/slf4j/slf4j-nop/1.5.8/slf4j-nop-1.5.8.jar!/org/slf4j/impl/StaticLoggerBinder.class]
SLF4J: Found binding in [jar:file:/home/tdurieux/.m2/repository/ch/qos/logback/logback-classic/1.0.1/logback-classic-1.0.1.jar!/org/slf4j/impl/StaticLoggerBinder.class]
SLF4J: Found binding in [jar:file:/home/tdurieux/.m2/repository/org/slf4j/slf4j-simple/1.6.1/slf4j-simple-1.6.1.jar!/org/slf4j/impl/StaticLoggerBinder.class]
SLF4J: Found binding in [jar:file:/home/tdurieux/defects4j4repair/script/../repair_tools/nopol.jar!/org/slf4j/impl/StaticLoggerBinder.class]
SLF4J: See http://www.slf4j.org/codes.html#multiple_bindings for an explanation.
SLF4J: The requested version 1.5.8 by your slf4j binding is not compatible with [1.6]
SLF4J: See http://www.slf4j.org/codes.html#version_mismatch for further details.
junit.framework.ComparisonFailure: expected:<...:childNodeCount":2,"[prefix@d:":{":childNodeCount":1,":data":{}},":data":{":childNodeCount":0]}}> but was:<...:childNodeCount":2,"[:data":{":childNodeCount":0},"prefix@d:":{":childNodeCount":1,":data":{}]}}>
    at junit.framework.Assert.assertEquals(Assert.java:100)
    at junit.framework.Assert.assertEquals(Assert.java:107)
    at org.apache.jackrabbit.oak.plugins.index.old.PrefixIndexTest.test(PrefixIndexTest.java:42)
    at sun.reflect.NativeMethodAccessorImpl.invoke0(Native Method)
    at sun.reflect.NativeMethodAccessorImpl.invoke(NativeMethodAccessorImpl.java:62)
    at sun.reflect.DelegatingMethodAccessorImpl.invoke(DelegatingMethodAccessorImpl.java:43)
11:25:33.823 [pool-23-thread-1] INFO  f.i.l.c.t.SpecificationTestCasesListener - Tests run finished (93 ms)
<> Total tests run: 1
<> Ignored tests: 0
<> Failed tests: 1
~ test(org.apache.jackrabbit.oak.plugins.index.old.PrefixIndexTest)
[expected:<...:childNodeCount":2,"[prefix@d:":{":childNodeCount":1,":data":{}},":data":{":childNodeCount":0]}}> but was:<...:childNodeCount":2,"[:data":{":childNodeCount":0},"prefix@d:":{":childNodeCount":1,":data":{}]}}>]
junit.framework.ComparisonFailure: expected:<...:childNodeCount":2,"[prefix@d:":{":childNodeCount":1,":data":{}},":data":{":childNodeCount":0]}}> but was:<...:childNodeCount":2,"[:data":{":childNodeCount":0},"prefix@d:":{":childNodeCount":1,":data":{}]}}>    at junit.framework.Assert.assertEquals(Assert.java:100)
    at junit.framework.Assert.assertEquals(Assert.java:107)
    at org.apache.jackrabbit.oak.plugins.index.old.PrefixIndexTest.test(PrefixIndexTest.java:42)
    at sun.reflect.NativeMethodAccessorImpl.invoke0(Native Method)
    at sun.reflect.NativeMethodAccessorImpl.invoke(NativeMethodAccessorImpl.java:62)
    at sun.reflect.DelegatingMethodAccessorImpl.invoke(DelegatingMethodAccessorImpl.java:43)

junit.framework.ComparisonFailure: expected:<...:childNodeCount":2,"[prefix@d:":{":childNodeCount":1,":data":{}},":data":{":childNodeCount":0]}}> but was:<...:childNodeCount":2,"[:data":{":childNodeCount":0},"prefix@d:":{":childNodeCount":1,":data":{}]}}>
    at junit.framework.Assert.assertEquals(Assert.java:100)
    at junit.framework.Assert.assertEquals(Assert.java:107)
    at org.apache.jackrabbit.oak.plugins.index.old.PrefixIndexTest.test(PrefixIndexTest.java:42)
    at sun.reflect.NativeMethodAccessorImpl.invoke0(Native Method)
    at sun.reflect.NativeMethodAccessorImpl.invoke(NativeMethodAccessorImpl.java:62)
    at sun.reflect.DelegatingMethodAccessorImpl.invoke(DelegatingMethodAccessorImpl.java:43)
11:25:33.837 [pool-24-thread-1] INFO  f.i.l.c.t.SpecificationTestCasesListener - Tests run finished (7 ms)
<> Total tests run: 1
<> Ignored tests: 0
<> Failed tests: 1
~ test(org.apache.jackrabbit.oak.plugins.index.old.PrefixIndexTest)
[expected:<...:childNodeCount":2,"[prefix@d:":{":childNodeCount":1,":data":{}},":data":{":childNodeCount":0]}}> but was:<...:childNodeCount":2,"[:data":{":childNodeCount":0},"prefix@d:":{":childNodeCount":1,":data":{}]}}>]
junit.framework.ComparisonFailure: expected:<...:childNodeCount":2,"[prefix@d:":{":childNodeCount":1,":data":{}},":data":{":childNodeCount":0]}}> but was:<...:childNodeCount":2,"[:data":{":childNodeCount":0},"prefix@d:":{":childNodeCount":1,":data":{}]}}>    at junit.framework.Assert.assertEquals(Assert.java:100)
    at junit.framework.Assert.assertEquals(Assert.java:107)
    at org.apache.jackrabbit.oak.plugins.index.old.PrefixIndexTest.test(PrefixIndexTest.java:42)
    at sun.reflect.NativeMethodAccessorImpl.invoke0(Native Method)
    at sun.reflect.NativeMethodAccessorImpl.invoke(NativeMethodAccessorImpl.java:62)
    at sun.reflect.DelegatingMethodAccessorImpl.invoke(DelegatingMethodAccessorImpl.java:43)

11:25:33.838 [pool-21-thread-1] DEBUG tests.output - Failing tests with false: 
[test(org.apache.jackrabbit.oak.plugins.index.old.PrefixIndexTest): expected:<...:childNodeCount":2,"[prefix@d:":{":childNodeCount":1,":data":{}},":data":{":childNodeCount":0]}}> but was:<...:childNodeCount":2,"[:data":{":childNodeCount":0},"prefix@d:":{":childNodeCount":1,":data":{}]}}>]
11:25:33.838 [pool-21-thread-1] DEBUG tests.output - Failing tests with true: 
[test(org.apache.jackrabbit.oak.plugins.index.old.PrefixIndexTest): expected:<...:childNodeCount":2,"[prefix@d:":{":childNodeCount":1,":data":{}},":data":{":childNodeCount":0]}}> but was:<...:childNodeCount":2,"[:data":{":childNodeCount":0},"prefix@d:":{":childNodeCount":1,":data":{}]}}>]
11:25:33.838 [pool-21-thread-1] INFO  f.i.l.r.n.synth.SMTNopolSynthesizer - Not enough specifications: 0. A trivial patch is "true" or "false", please write new tests specifying SourceLocation org.apache.jackrabbit.oak.plugins.index.old.Indexer:173.
11:25:33.839 [pool-2-thread-1] DEBUG fr.inria.lille.repair.nopol.NoPol - statement #17
11:25:33.839 [pool-2-thread-1] DEBUG fr.inria.lille.repair.nopol.NoPol - Analysing SourceLocation org.apache.jackrabbit.oak.plugins.index.old.Indexer:172 which is executed by 2 tests
-687021856
11:25:34.039 [pool-2-thread-1] DEBUG fr.inria.lille.repair.nopol.NoPol - statement #18
11:25:34.040 [pool-2-thread-1] DEBUG fr.inria.lille.repair.nopol.NoPol - Analysing SourceLocation org.apache.jackrabbit.oak.plugins.index.old.Indexer:169 which is executed by 2 tests
-687021856
11:25:34.245 [pool-2-thread-1] DEBUG fr.inria.lille.repair.nopol.NoPol - looking with class fr.inria.lille.repair.nopol.spoon.smt.ConditionalAdder
SLF4J: Class path contains multiple SLF4J bindings.
SLF4J: Found binding in [jar:file:/home/tdurieux/.m2/repository/org/slf4j/slf4j-nop/1.5.8/slf4j-nop-1.5.8.jar!/org/slf4j/impl/StaticLoggerBinder.class]
SLF4J: Found binding in [jar:file:/home/tdurieux/.m2/repository/ch/qos/logback/logback-classic/1.0.1/logback-classic-1.0.1.jar!/org/slf4j/impl/StaticLoggerBinder.class]
SLF4J: Found binding in [jar:file:/home/tdurieux/.m2/repository/org/slf4j/slf4j-simple/1.6.1/slf4j-simple-1.6.1.jar!/org/slf4j/impl/StaticLoggerBinder.class]
SLF4J: Found binding in [jar:file:/home/tdurieux/defects4j4repair/script/../repair_tools/nopol.jar!/org/slf4j/impl/StaticLoggerBinder.class]
SLF4J: See http://www.slf4j.org/codes.html#multiple_bindings for an explanation.
SLF4J: The requested version 1.5.8 by your slf4j binding is not compatible with [1.6]
SLF4J: See http://www.slf4j.org/codes.html#version_mismatch for further details.
junit.framework.ComparisonFailure: expected:<...:childNodeCount":2,"[prefix@d:":{":childNodeCount":1,":data":{}},":data":{":childNodeCount":0]}}> but was:<...:childNodeCount":2,"[:data":{":childNodeCount":0},"prefix@d:":{":childNodeCount":1,":data":{}]}}>
    at junit.framework.Assert.assertEquals(Assert.java:100)
    at junit.framework.Assert.assertEquals(Assert.java:107)
    at org.apache.jackrabbit.oak.plugins.index.old.PrefixIndexTest.test(PrefixIndexTest.java:42)
    at sun.reflect.NativeMethodAccessorImpl.invoke0(Native Method)
    at sun.reflect.NativeMethodAccessorImpl.invoke(NativeMethodAccessorImpl.java:62)
    at sun.reflect.DelegatingMethodAccessorImpl.invoke(DelegatingMethodAccessorImpl.java:43)
11:25:34.348 [pool-26-thread-1] INFO  xxl.java.junit.TestCasesListener - Tests run finished (100 ms)
<> Total tests run: 1
<> Ignored tests: 0
<> Failed tests: 1
~ test(org.apache.jackrabbit.oak.plugins.index.old.PrefixIndexTest)
[expected:<...:childNodeCount":2,"[prefix@d:":{":childNodeCount":1,":data":{}},":data":{":childNodeCount":0]}}> but was:<...:childNodeCount":2,"[:data":{":childNodeCount":0},"prefix@d:":{":childNodeCount":1,":data":{}]}}>]
junit.framework.ComparisonFailure: expected:<...:childNodeCount":2,"[prefix@d:":{":childNodeCount":1,":data":{}},":data":{":childNodeCount":0]}}> but was:<...:childNodeCount":2,"[:data":{":childNodeCount":0},"prefix@d:":{":childNodeCount":1,":data":{}]}}>    at junit.framework.Assert.assertEquals(Assert.java:100)
    at junit.framework.Assert.assertEquals(Assert.java:107)
    at org.apache.jackrabbit.oak.plugins.index.old.PrefixIndexTest.test(PrefixIndexTest.java:42)
    at sun.reflect.NativeMethodAccessorImpl.invoke0(Native Method)
    at sun.reflect.NativeMethodAccessorImpl.invoke(NativeMethodAccessorImpl.java:62)
    at sun.reflect.DelegatingMethodAccessorImpl.invoke(DelegatingMethodAccessorImpl.java:43)

SLF4J: Class path contains multiple SLF4J bindings.
SLF4J: Found binding in [jar:file:/home/tdurieux/.m2/repository/org/slf4j/slf4j-nop/1.5.8/slf4j-nop-1.5.8.jar!/org/slf4j/impl/StaticLoggerBinder.class]
SLF4J: Found binding in [jar:file:/home/tdurieux/.m2/repository/ch/qos/logback/logback-classic/1.0.1/logback-classic-1.0.1.jar!/org/slf4j/impl/StaticLoggerBinder.class]
SLF4J: Found binding in [jar:file:/home/tdurieux/.m2/repository/org/slf4j/slf4j-simple/1.6.1/slf4j-simple-1.6.1.jar!/org/slf4j/impl/StaticLoggerBinder.class]
SLF4J: Found binding in [jar:file:/home/tdurieux/defects4j4repair/script/../repair_tools/nopol.jar!/org/slf4j/impl/StaticLoggerBinder.class]
SLF4J: See http://www.slf4j.org/codes.html#multiple_bindings for an explanation.
SLF4J: The requested version 1.5.8 by your slf4j binding is not compatible with [1.6]
SLF4J: See http://www.slf4j.org/codes.html#version_mismatch for further details.
junit.framework.ComparisonFailure: expected:<...:childNodeCount":2,"[prefix@d:":{":childNodeCount":1,":data":{}},":data":{":childNodeCount":0]}}> but was:<...:childNodeCount":2,"[:data":{":childNodeCount":0},"prefix@d:":{":childNodeCount":1,":data":{}]}}>
    at junit.framework.Assert.assertEquals(Assert.java:100)
    at junit.framework.Assert.assertEquals(Assert.java:107)
    at org.apache.jackrabbit.oak.plugins.index.old.PrefixIndexTest.test(PrefixIndexTest.java:42)
    at sun.reflect.NativeMethodAccessorImpl.invoke0(Native Method)
    at sun.reflect.NativeMethodAccessorImpl.invoke(NativeMethodAccessorImpl.java:62)
    at sun.reflect.DelegatingMethodAccessorImpl.invoke(DelegatingMethodAccessorImpl.java:43)
11:25:34.914 [pool-27-thread-1] INFO  f.i.l.c.t.SpecificationTestCasesListener - Tests run finished (97 ms)
<> Total tests run: 1
<> Ignored tests: 0
<> Failed tests: 1
~ test(org.apache.jackrabbit.oak.plugins.index.old.PrefixIndexTest)
[expected:<...:childNodeCount":2,"[prefix@d:":{":childNodeCount":1,":data":{}},":data":{":childNodeCount":0]}}> but was:<...:childNodeCount":2,"[:data":{":childNodeCount":0},"prefix@d:":{":childNodeCount":1,":data":{}]}}>]
junit.framework.ComparisonFailure: expected:<...:childNodeCount":2,"[prefix@d:":{":childNodeCount":1,":data":{}},":data":{":childNodeCount":0]}}> but was:<...:childNodeCount":2,"[:data":{":childNodeCount":0},"prefix@d:":{":childNodeCount":1,":data":{}]}}>    at junit.framework.Assert.assertEquals(Assert.java:100)
    at junit.framework.Assert.assertEquals(Assert.java:107)
    at org.apache.jackrabbit.oak.plugins.index.old.PrefixIndexTest.test(PrefixIndexTest.java:42)
    at sun.reflect.NativeMethodAccessorImpl.invoke0(Native Method)
    at sun.reflect.NativeMethodAccessorImpl.invoke(NativeMethodAccessorImpl.java:62)
    at sun.reflect.DelegatingMethodAccessorImpl.invoke(DelegatingMethodAccessorImpl.java:43)

junit.framework.ComparisonFailure: expected:<...:childNodeCount":2,"[prefix@d:":{":childNodeCount":1,":data":{}},":data":{":childNodeCount":0]}}> but was:<...:childNodeCount":2,"[:data":{":childNodeCount":0},"prefix@d:":{":childNodeCount":1,":data":{}]}}>
    at junit.framework.Assert.assertEquals(Assert.java:100)
    at junit.framework.Assert.assertEquals(Assert.java:107)
    at org.apache.jackrabbit.oak.plugins.index.old.PrefixIndexTest.test(PrefixIndexTest.java:42)
    at sun.reflect.NativeMethodAccessorImpl.invoke0(Native Method)
    at sun.reflect.NativeMethodAccessorImpl.invoke(NativeMethodAccessorImpl.java:62)
    at sun.reflect.DelegatingMethodAccessorImpl.invoke(DelegatingMethodAccessorImpl.java:43)
11:25:34.918 [pool-28-thread-1] INFO  f.i.l.c.t.SpecificationTestCasesListener - Tests run finished (3 ms)
<> Total tests run: 1
<> Ignored tests: 0
<> Failed tests: 1
~ test(org.apache.jackrabbit.oak.plugins.index.old.PrefixIndexTest)
[expected:<...:childNodeCount":2,"[prefix@d:":{":childNodeCount":1,":data":{}},":data":{":childNodeCount":0]}}> but was:<...:childNodeCount":2,"[:data":{":childNodeCount":0},"prefix@d:":{":childNodeCount":1,":data":{}]}}>]
junit.framework.ComparisonFailure: expected:<...:childNodeCount":2,"[prefix@d:":{":childNodeCount":1,":data":{}},":data":{":childNodeCount":0]}}> but was:<...:childNodeCount":2,"[:data":{":childNodeCount":0},"prefix@d:":{":childNodeCount":1,":data":{}]}}>    at junit.framework.Assert.assertEquals(Assert.java:100)
    at junit.framework.Assert.assertEquals(Assert.java:107)
    at org.apache.jackrabbit.oak.plugins.index.old.PrefixIndexTest.test(PrefixIndexTest.java:42)
    at sun.reflect.NativeMethodAccessorImpl.invoke0(Native Method)
    at sun.reflect.NativeMethodAccessorImpl.invoke(NativeMethodAccessorImpl.java:62)
    at sun.reflect.DelegatingMethodAccessorImpl.invoke(DelegatingMethodAccessorImpl.java:43)

11:25:34.918 [pool-25-thread-1] DEBUG tests.output - Failing tests with false: 
[test(org.apache.jackrabbit.oak.plugins.index.old.PrefixIndexTest): expected:<...:childNodeCount":2,"[prefix@d:":{":childNodeCount":1,":data":{}},":data":{":childNodeCount":0]}}> but was:<...:childNodeCount":2,"[:data":{":childNodeCount":0},"prefix@d:":{":childNodeCount":1,":data":{}]}}>]
11:25:34.918 [pool-25-thread-1] DEBUG tests.output - Failing tests with true: 
[test(org.apache.jackrabbit.oak.plugins.index.old.PrefixIndexTest): expected:<...:childNodeCount":2,"[prefix@d:":{":childNodeCount":1,":data":{}},":data":{":childNodeCount":0]}}> but was:<...:childNodeCount":2,"[:data":{":childNodeCount":0},"prefix@d:":{":childNodeCount":1,":data":{}]}}>]
11:25:34.919 [pool-25-thread-1] INFO  f.i.l.r.n.synth.SMTNopolSynthesizer - Not enough specifications: 0. A trivial patch is "true" or "false", please write new tests specifying SourceLocation org.apache.jackrabbit.oak.plugins.index.old.Indexer:169.
11:25:34.919 [pool-2-thread-1] DEBUG fr.inria.lille.repair.nopol.NoPol - looking with class fr.inria.lille.repair.nopol.spoon.smt.ConditionalReplacer
SLF4J: Class path contains multiple SLF4J bindings.
SLF4J: Found binding in [jar:file:/home/tdurieux/.m2/repository/org/slf4j/slf4j-nop/1.5.8/slf4j-nop-1.5.8.jar!/org/slf4j/impl/StaticLoggerBinder.class]
SLF4J: Found binding in [jar:file:/home/tdurieux/.m2/repository/ch/qos/logback/logback-classic/1.0.1/logback-classic-1.0.1.jar!/org/slf4j/impl/StaticLoggerBinder.class]
SLF4J: Found binding in [jar:file:/home/tdurieux/.m2/repository/org/slf4j/slf4j-simple/1.6.1/slf4j-simple-1.6.1.jar!/org/slf4j/impl/StaticLoggerBinder.class]
SLF4J: Found binding in [jar:file:/home/tdurieux/defects4j4repair/script/../repair_tools/nopol.jar!/org/slf4j/impl/StaticLoggerBinder.class]
SLF4J: See http://www.slf4j.org/codes.html#multiple_bindings for an explanation.
SLF4J: The requested version 1.5.8 by your slf4j binding is not compatible with [1.6]
SLF4J: See http://www.slf4j.org/codes.html#version_mismatch for further details.
junit.framework.ComparisonFailure: expected:<...:childNodeCount":2,"[prefix@d:":{":childNodeCount":1,":data":{}},":data":{":childNodeCount":0]}}> but was:<...:childNodeCount":2,"[:data":{":childNodeCount":0},"prefix@d:":{":childNodeCount":1,":data":{}]}}>
    at junit.framework.Assert.assertEquals(Assert.java:100)
    at junit.framework.Assert.assertEquals(Assert.java:107)
    at org.apache.jackrabbit.oak.plugins.index.old.PrefixIndexTest.test(PrefixIndexTest.java:42)
    at sun.reflect.NativeMethodAccessorImpl.invoke0(Native Method)
    at sun.reflect.NativeMethodAccessorImpl.invoke(NativeMethodAccessorImpl.java:62)
    at sun.reflect.DelegatingMethodAccessorImpl.invoke(DelegatingMethodAccessorImpl.java:43)
11:25:35.014 [pool-30-thread-1] INFO  xxl.java.junit.TestCasesListener - Tests run finished (93 ms)
<> Total tests run: 1
<> Ignored tests: 0
<> Failed tests: 1
~ test(org.apache.jackrabbit.oak.plugins.index.old.PrefixIndexTest)
[expected:<...:childNodeCount":2,"[prefix@d:":{":childNodeCount":1,":data":{}},":data":{":childNodeCount":0]}}> but was:<...:childNodeCount":2,"[:data":{":childNodeCount":0},"prefix@d:":{":childNodeCount":1,":data":{}]}}>]
junit.framework.ComparisonFailure: expected:<...:childNodeCount":2,"[prefix@d:":{":childNodeCount":1,":data":{}},":data":{":childNodeCount":0]}}> but was:<...:childNodeCount":2,"[:data":{":childNodeCount":0},"prefix@d:":{":childNodeCount":1,":data":{}]}}>    at junit.framework.Assert.assertEquals(Assert.java:100)
    at junit.framework.Assert.assertEquals(Assert.java:107)
    at org.apache.jackrabbit.oak.plugins.index.old.PrefixIndexTest.test(PrefixIndexTest.java:42)
    at sun.reflect.NativeMethodAccessorImpl.invoke0(Native Method)
    at sun.reflect.NativeMethodAccessorImpl.invoke(NativeMethodAccessorImpl.java:62)
    at sun.reflect.DelegatingMethodAccessorImpl.invoke(DelegatingMethodAccessorImpl.java:43)

SLF4J: Class path contains multiple SLF4J bindings.
SLF4J: Found binding in [jar:file:/home/tdurieux/.m2/repository/org/slf4j/slf4j-nop/1.5.8/slf4j-nop-1.5.8.jar!/org/slf4j/impl/StaticLoggerBinder.class]
SLF4J: Found binding in [jar:file:/home/tdurieux/.m2/repository/ch/qos/logback/logback-classic/1.0.1/logback-classic-1.0.1.jar!/org/slf4j/impl/StaticLoggerBinder.class]
SLF4J: Found binding in [jar:file:/home/tdurieux/.m2/repository/org/slf4j/slf4j-simple/1.6.1/slf4j-simple-1.6.1.jar!/org/slf4j/impl/StaticLoggerBinder.class]
SLF4J: Found binding in [jar:file:/home/tdurieux/defects4j4repair/script/../repair_tools/nopol.jar!/org/slf4j/impl/StaticLoggerBinder.class]
SLF4J: See http://www.slf4j.org/codes.html#multiple_bindings for an explanation.
SLF4J: The requested version 1.5.8 by your slf4j binding is not compatible with [1.6]
SLF4J: See http://www.slf4j.org/codes.html#version_mismatch for further details.
junit.framework.ComparisonFailure: expected:<...:childNodeCount":2,"[prefix@d:":{":childNodeCount":1,":data":{}},":data":{":childNodeCount":0]}}> but was:<...:childNodeCount":2,"[:data":{":childNodeCount":0},"prefix@d:":{":childNodeCount":1,":data":{}]}}>
    at junit.framework.Assert.assertEquals(Assert.java:100)
    at junit.framework.Assert.assertEquals(Assert.java:107)
    at org.apache.jackrabbit.oak.plugins.index.old.PrefixIndexTest.test(PrefixIndexTest.java:42)
    at sun.reflect.NativeMethodAccessorImpl.invoke0(Native Method)
    at sun.reflect.NativeMethodAccessorImpl.invoke(NativeMethodAccessorImpl.java:62)
    at sun.reflect.DelegatingMethodAccessorImpl.invoke(DelegatingMethodAccessorImpl.java:43)
11:25:35.502 [pool-31-thread-1] INFO  f.i.l.c.t.SpecificationTestCasesListener - Tests run finished (97 ms)
<> Total tests run: 1
<> Ignored tests: 0
<> Failed tests: 1
~ test(org.apache.jackrabbit.oak.plugins.index.old.PrefixIndexTest)
[expected:<...:childNodeCount":2,"[prefix@d:":{":childNodeCount":1,":data":{}},":data":{":childNodeCount":0]}}> but was:<...:childNodeCount":2,"[:data":{":childNodeCount":0},"prefix@d:":{":childNodeCount":1,":data":{}]}}>]
junit.framework.ComparisonFailure: expected:<...:childNodeCount":2,"[prefix@d:":{":childNodeCount":1,":data":{}},":data":{":childNodeCount":0]}}> but was:<...:childNodeCount":2,"[:data":{":childNodeCount":0},"prefix@d:":{":childNodeCount":1,":data":{}]}}>    at junit.framework.Assert.assertEquals(Assert.java:100)
    at junit.framework.Assert.assertEquals(Assert.java:107)
    at org.apache.jackrabbit.oak.plugins.index.old.PrefixIndexTest.test(PrefixIndexTest.java:42)
    at sun.reflect.NativeMethodAccessorImpl.invoke0(Native Method)
    at sun.reflect.NativeMethodAccessorImpl.invoke(NativeMethodAccessorImpl.java:62)
    at sun.reflect.DelegatingMethodAccessorImpl.invoke(DelegatingMethodAccessorImpl.java:43)

junit.framework.ComparisonFailure: expected:<{":childNodeCount":[2,"prefix@d:":{":childNodeCount":1,":data":{}}],":data":{":childNod...> but was:<{":childNodeCount":[1],":data":{":childNod...>
    at junit.framework.Assert.assertEquals(Assert.java:100)
    at junit.framework.Assert.assertEquals(Assert.java:107)
    at org.apache.jackrabbit.oak.plugins.index.old.PrefixIndexTest.test(PrefixIndexTest.java:42)
    at sun.reflect.NativeMethodAccessorImpl.invoke0(Native Method)
    at sun.reflect.NativeMethodAccessorImpl.invoke(NativeMethodAccessorImpl.java:62)
    at sun.reflect.DelegatingMethodAccessorImpl.invoke(DelegatingMethodAccessorImpl.java:43)
11:25:35.510 [pool-32-thread-1] INFO  f.i.l.c.t.SpecificationTestCasesListener - Tests run finished (2 ms)
<> Total tests run: 1
<> Ignored tests: 0
<> Failed tests: 1
~ test(org.apache.jackrabbit.oak.plugins.index.old.PrefixIndexTest)
[expected:<{":childNodeCount":[2,"prefix@d:":{":childNodeCount":1,":data":{}}],":data":{":childNod...> but was:<{":childNodeCount":[1],":data":{":childNod...>]
junit.framework.ComparisonFailure: expected:<{":childNodeCount":[2,"prefix@d:":{":childNodeCount":1,":data":{}}],":data":{":childNod...> but was:<{":childNodeCount":[1],":data":{":childNod...>    at junit.framework.Assert.assertEquals(Assert.java:100)
    at junit.framework.Assert.assertEquals(Assert.java:107)
    at org.apache.jackrabbit.oak.plugins.index.old.PrefixIndexTest.test(PrefixIndexTest.java:42)
    at sun.reflect.NativeMethodAccessorImpl.invoke0(Native Method)
    at sun.reflect.NativeMethodAccessorImpl.invoke(NativeMethodAccessorImpl.java:62)
    at sun.reflect.DelegatingMethodAccessorImpl.invoke(DelegatingMethodAccessorImpl.java:43)

11:25:35.511 [pool-29-thread-1] DEBUG tests.output - Failing tests with false: 
[test(org.apache.jackrabbit.oak.plugins.index.old.PrefixIndexTest): expected:<...:childNodeCount":2,"[prefix@d:":{":childNodeCount":1,":data":{}},":data":{":childNodeCount":0]}}> but was:<...:childNodeCount":2,"[:data":{":childNodeCount":0},"prefix@d:":{":childNodeCount":1,":data":{}]}}>]
11:25:35.511 [pool-29-thread-1] DEBUG tests.output - Failing tests with true: 
[test(org.apache.jackrabbit.oak.plugins.index.old.PrefixIndexTest): expected:<{":childNodeCount":[2,"prefix@d:":{":childNodeCount":1,":data":{}}],":data":{":childNod...> but was:<{":childNodeCount":[1],":data":{":childNod...>]
11:25:35.511 [pool-29-thread-1] INFO  f.i.l.r.n.synth.SMTNopolSynthesizer - Not enough specifications: 0. A trivial patch is "true" or "false", please write new tests specifying SourceLocation org.apache.jackrabbit.oak.plugins.index.old.Indexer:169.
11:25:35.511 [pool-2-thread-1] DEBUG fr.inria.lille.repair.nopol.NoPol - statement #19
11:25:35.511 [pool-2-thread-1] DEBUG fr.inria.lille.repair.nopol.NoPol - Analysing SourceLocation org.apache.jackrabbit.oak.plugins.index.old.Indexer:168 which is executed by 2 tests
-687021856
11:25:35.709 [pool-2-thread-1] DEBUG fr.inria.lille.repair.nopol.NoPol - statement #20
11:25:35.709 [pool-2-thread-1] DEBUG fr.inria.lille.repair.nopol.NoPol - Analysing SourceLocation org.apache.jackrabbit.oak.plugins.memory.MemoryNodeBuilder:403 which is executed by 12 tests
-308272295
11:25:35.910 [pool-2-thread-1] DEBUG fr.inria.lille.repair.nopol.NoPol - looking with class fr.inria.lille.repair.nopol.spoon.smt.ConditionalAdder
junit.framework.AssertionFailedError
    at junit.framework.Assert.fail(Assert.java:55)
    at junit.framework.Assert.fail(Assert.java:64)
    at org.apache.jackrabbit.oak.plugins.memory.MemoryNodeBuilderTest.testWriteOnRemoveNode(MemoryNodeBuilderTest.java:136)
    at sun.reflect.NativeMethodAccessorImpl.invoke0(Native Method)
    at sun.reflect.NativeMethodAccessorImpl.invoke(NativeMethodAccessorImpl.java:62)
    at sun.reflect.DelegatingMethodAccessorImpl.invoke(DelegatingMethodAccessorImpl.java:43)
java.lang.NullPointerException
    at org.apache.jackrabbit.oak.plugins.memory.MemoryNodeBuilder.getChildNodeCount(MemoryNodeBuilder.java:368)
    at org.apache.jackrabbit.oak.plugins.memory.MemoryNodeBuilderTest.testReadOnRemoveNode(MemoryNodeBuilderTest.java:114)
    at sun.reflect.NativeMethodAccessorImpl.invoke0(Native Method)
    at sun.reflect.NativeMethodAccessorImpl.invoke(NativeMethodAccessorImpl.java:62)
    at sun.reflect.DelegatingMethodAccessorImpl.invoke(DelegatingMethodAccessorImpl.java:43)
    at java.lang.reflect.Method.invoke(Method.java:498)
junit.framework.AssertionFailedError
    at junit.framework.Assert.fail(Assert.java:55)
    at junit.framework.Assert.fail(Assert.java:64)
    at org.apache.jackrabbit.oak.plugins.memory.MemoryNodeBuilderTest.testWriteOnRemoveNode(MemoryNodeBuilderTest.java:136)
    at sun.reflect.NativeMethodAccessorImpl.invoke0(Native Method)
    at sun.reflect.NativeMethodAccessorImpl.invoke(NativeMethodAccessorImpl.java:62)
    at sun.reflect.DelegatingMethodAccessorImpl.invoke(DelegatingMethodAccessorImpl.java:43)
java.lang.NullPointerException
    at org.apache.jackrabbit.oak.plugins.memory.MemoryNodeBuilder.getChildNodeCount(MemoryNodeBuilder.java:368)
    at org.apache.jackrabbit.oak.plugins.memory.MemoryNodeBuilderTest.testReadOnRemoveNode(MemoryNodeBuilderTest.java:114)
    at sun.reflect.NativeMethodAccessorImpl.invoke0(Native Method)
    at sun.reflect.NativeMethodAccessorImpl.invoke(NativeMethodAccessorImpl.java:62)
    at sun.reflect.DelegatingMethodAccessorImpl.invoke(DelegatingMethodAccessorImpl.java:43)
    at java.lang.reflect.Method.invoke(Method.java:498)
11:25:35.936 [pool-34-thread-1] INFO  xxl.java.junit.TestCasesListener - Tests run finished (23 ms)
<> Total tests run: 20
<> Ignored tests: 0
<> Failed tests: 4
~ testWriteOnRemoveNode(org.apache.jackrabbit.oak.plugins.memory.MemoryNodeBuilderTest)
[null]
junit.framework.AssertionFailedError    at junit.framework.Assert.fail(Assert.java:55)
    at junit.framework.Assert.fail(Assert.java:64)
    at org.apache.jackrabbit.oak.plugins.memory.MemoryNodeBuilderTest.testWriteOnRemoveNode(MemoryNodeBuilderTest.java:136)
    at sun.reflect.NativeMethodAccessorImpl.invoke0(Native Method)
    at sun.reflect.NativeMethodAccessorImpl.invoke(NativeMethodAccessorImpl.java:62)
    at sun.reflect.DelegatingMethodAccessorImpl.invoke(DelegatingMethodAccessorImpl.java:43)
~ testReadOnRemoveNode(org.apache.jackrabbit.oak.plugins.memory.MemoryNodeBuilderTest)
[null]
java.lang.NullPointerException    at org.apache.jackrabbit.oak.plugins.memory.MemoryNodeBuilder.getChildNodeCount(MemoryNodeBuilder.java:368)
    at org.apache.jackrabbit.oak.plugins.memory.MemoryNodeBuilderTest.testReadOnRemoveNode(MemoryNodeBuilderTest.java:114)
    at sun.reflect.NativeMethodAccessorImpl.invoke0(Native Method)
    at sun.reflect.NativeMethodAccessorImpl.invoke(NativeMethodAccessorImpl.java:62)
    at sun.reflect.DelegatingMethodAccessorImpl.invoke(DelegatingMethodAccessorImpl.java:43)
    at java.lang.reflect.Method.invoke(Method.java:498)
~ testWriteOnRemoveNode(org.apache.jackrabbit.oak.plugins.memory.MemoryNodeBuilderTest)
[null]
junit.framework.AssertionFailedError    at junit.framework.Assert.fail(Assert.java:55)
    at junit.framework.Assert.fail(Assert.java:64)
    at org.apache.jackrabbit.oak.plugins.memory.MemoryNodeBuilderTest.testWriteOnRemoveNode(MemoryNodeBuilderTest.java:136)
    at sun.reflect.NativeMethodAccessorImpl.invoke0(Native Method)
    at sun.reflect.NativeMethodAccessorImpl.invoke(NativeMethodAccessorImpl.java:62)
    at sun.reflect.DelegatingMethodAccessorImpl.invoke(DelegatingMethodAccessorImpl.java:43)
~ testReadOnRemoveNode(org.apache.jackrabbit.oak.plugins.memory.MemoryNodeBuilderTest)
[null]
java.lang.NullPointerException    at org.apache.jackrabbit.oak.plugins.memory.MemoryNodeBuilder.getChildNodeCount(MemoryNodeBuilder.java:368)
    at org.apache.jackrabbit.oak.plugins.memory.MemoryNodeBuilderTest.testReadOnRemoveNode(MemoryNodeBuilderTest.java:114)
    at sun.reflect.NativeMethodAccessorImpl.invoke0(Native Method)
    at sun.reflect.NativeMethodAccessorImpl.invoke(NativeMethodAccessorImpl.java:62)
    at sun.reflect.DelegatingMethodAccessorImpl.invoke(DelegatingMethodAccessorImpl.java:43)
    at java.lang.reflect.Method.invoke(Method.java:498)

junit.framework.AssertionFailedError
    at junit.framework.Assert.fail(Assert.java:55)
    at junit.framework.Assert.fail(Assert.java:64)
    at org.apache.jackrabbit.oak.plugins.memory.MemoryNodeBuilderTest.testWriteOnRemoveNode(MemoryNodeBuilderTest.java:136)
    at sun.reflect.NativeMethodAccessorImpl.invoke0(Native Method)
    at sun.reflect.NativeMethodAccessorImpl.invoke(NativeMethodAccessorImpl.java:62)
    at sun.reflect.DelegatingMethodAccessorImpl.invoke(DelegatingMethodAccessorImpl.java:43)
11:25:36.493 [pool-35-thread-1] INFO  f.i.l.c.t.SpecificationTestCasesListener - Tests run finished (19 ms)
<> Total tests run: 1
<> Ignored tests: 0
<> Failed tests: 1
~ testWriteOnRemoveNode(org.apache.jackrabbit.oak.plugins.memory.MemoryNodeBuilderTest)
[null]
junit.framework.AssertionFailedError    at junit.framework.Assert.fail(Assert.java:55)
    at junit.framework.Assert.fail(Assert.java:64)
    at org.apache.jackrabbit.oak.plugins.memory.MemoryNodeBuilderTest.testWriteOnRemoveNode(MemoryNodeBuilderTest.java:136)
    at sun.reflect.NativeMethodAccessorImpl.invoke0(Native Method)
    at sun.reflect.NativeMethodAccessorImpl.invoke(NativeMethodAccessorImpl.java:62)
    at sun.reflect.DelegatingMethodAccessorImpl.invoke(DelegatingMethodAccessorImpl.java:43)

junit.framework.AssertionFailedError
    at junit.framework.Assert.fail(Assert.java:55)
    at junit.framework.Assert.fail(Assert.java:64)
    at org.apache.jackrabbit.oak.plugins.memory.MemoryNodeBuilderTest.testReadOnRemoveNode(MemoryNodeBuilderTest.java:115)
    at sun.reflect.NativeMethodAccessorImpl.invoke0(Native Method)
    at sun.reflect.NativeMethodAccessorImpl.invoke(NativeMethodAccessorImpl.java:62)
    at sun.reflect.DelegatingMethodAccessorImpl.invoke(DelegatingMethodAccessorImpl.java:43)
11:25:36.495 [pool-36-thread-1] INFO  f.i.l.c.t.SpecificationTestCasesListener - Tests run finished (1 ms)
<> Total tests run: 1
<> Ignored tests: 0
<> Failed tests: 1
~ testReadOnRemoveNode(org.apache.jackrabbit.oak.plugins.memory.MemoryNodeBuilderTest)
[null]
junit.framework.AssertionFailedError    at junit.framework.Assert.fail(Assert.java:55)
    at junit.framework.Assert.fail(Assert.java:64)
    at org.apache.jackrabbit.oak.plugins.memory.MemoryNodeBuilderTest.testReadOnRemoveNode(MemoryNodeBuilderTest.java:115)
    at sun.reflect.NativeMethodAccessorImpl.invoke0(Native Method)
    at sun.reflect.NativeMethodAccessorImpl.invoke(NativeMethodAccessorImpl.java:62)
    at sun.reflect.DelegatingMethodAccessorImpl.invoke(DelegatingMethodAccessorImpl.java:43)

junit.framework.AssertionFailedError
    at junit.framework.Assert.fail(Assert.java:55)
    at junit.framework.Assert.fail(Assert.java:64)
    at org.apache.jackrabbit.oak.plugins.memory.MemoryNodeBuilderTest.testWriteOnRemoveNode(MemoryNodeBuilderTest.java:136)
    at sun.reflect.NativeMethodAccessorImpl.invoke0(Native Method)
    at sun.reflect.NativeMethodAccessorImpl.invoke(NativeMethodAccessorImpl.java:62)
    at sun.reflect.DelegatingMethodAccessorImpl.invoke(DelegatingMethodAccessorImpl.java:43)
11:25:36.499 [pool-37-thread-1] INFO  f.i.l.c.t.SpecificationTestCasesListener - Tests run finished (1 ms)
<> Total tests run: 1
<> Ignored tests: 0
<> Failed tests: 1
~ testWriteOnRemoveNode(org.apache.jackrabbit.oak.plugins.memory.MemoryNodeBuilderTest)
[null]
junit.framework.AssertionFailedError    at junit.framework.Assert.fail(Assert.java:55)
    at junit.framework.Assert.fail(Assert.java:64)
    at org.apache.jackrabbit.oak.plugins.memory.MemoryNodeBuilderTest.testWriteOnRemoveNode(MemoryNodeBuilderTest.java:136)
    at sun.reflect.NativeMethodAccessorImpl.invoke0(Native Method)
    at sun.reflect.NativeMethodAccessorImpl.invoke(NativeMethodAccessorImpl.java:62)
    at sun.reflect.DelegatingMethodAccessorImpl.invoke(DelegatingMethodAccessorImpl.java:43)

java.lang.NullPointerException
    at org.apache.jackrabbit.oak.plugins.memory.MemoryNodeBuilder.getChildNodeCount(MemoryNodeBuilder.java:206)
    at org.apache.jackrabbit.oak.plugins.memory.MemoryNodeBuilderTest.testReadOnRemoveNode(MemoryNodeBuilderTest.java:114)
    at sun.reflect.NativeMethodAccessorImpl.invoke0(Native Method)
    at sun.reflect.NativeMethodAccessorImpl.invoke(NativeMethodAccessorImpl.java:62)
    at sun.reflect.DelegatingMethodAccessorImpl.invoke(DelegatingMethodAccessorImpl.java:43)
    at java.lang.reflect.Method.invoke(Method.java:498)
11:25:36.508 [pool-38-thread-1] INFO  f.i.l.c.t.SpecificationTestCasesListener - Tests run finished (1 ms)
<> Total tests run: 1
<> Ignored tests: 0
<> Failed tests: 1
~ testReadOnRemoveNode(org.apache.jackrabbit.oak.plugins.memory.MemoryNodeBuilderTest)
[null]
java.lang.NullPointerException    at org.apache.jackrabbit.oak.plugins.memory.MemoryNodeBuilder.getChildNodeCount(MemoryNodeBuilder.java:206)
    at org.apache.jackrabbit.oak.plugins.memory.MemoryNodeBuilderTest.testReadOnRemoveNode(MemoryNodeBuilderTest.java:114)
    at sun.reflect.NativeMethodAccessorImpl.invoke0(Native Method)
    at sun.reflect.NativeMethodAccessorImpl.invoke(NativeMethodAccessorImpl.java:62)
    at sun.reflect.DelegatingMethodAccessorImpl.invoke(DelegatingMethodAccessorImpl.java:43)
    at java.lang.reflect.Method.invoke(Method.java:498)

11:25:36.511 [pool-33-thread-1] DEBUG tests.output - Failing tests with false: 
[testWriteOnRemoveNode(org.apache.jackrabbit.oak.plugins.memory.MemoryNodeBuilderTest): null, testReadOnRemoveNode(org.apache.jackrabbit.oak.plugins.memory.MemoryNodeBuilderTest): null]
11:25:36.511 [pool-33-thread-1] DEBUG tests.output - Failing tests with true: 
[testWriteOnRemoveNode(org.apache.jackrabbit.oak.plugins.memory.MemoryNodeBuilderTest): null, testReadOnRemoveNode(org.apache.jackrabbit.oak.plugins.memory.MemoryNodeBuilderTest): null]
11:25:36.511 [pool-33-thread-1] INFO  f.i.l.r.n.synth.SMTNopolSynthesizer - Not enough specifications: 0. A trivial patch is "true" or "false", please write new tests specifying SourceLocation org.apache.jackrabbit.oak.plugins.memory.MemoryNodeBuilder:403.
11:25:36.511 [pool-2-thread-1] DEBUG fr.inria.lille.repair.nopol.NoPol - statement #21
11:25:36.511 [pool-2-thread-1] DEBUG fr.inria.lille.repair.nopol.NoPol - Analysing SourceLocation org.apache.jackrabbit.oak.plugins.memory.ModifiedNodeState:211 which is executed by 15 tests
-1131608377
11:25:36.707 [pool-2-thread-1] DEBUG fr.inria.lille.repair.nopol.NoPol - looking with class fr.inria.lille.repair.nopol.spoon.smt.ConditionalAdder
junit.framework.AssertionFailedError
    at junit.framework.Assert.fail(Assert.java:55)
    at junit.framework.Assert.fail(Assert.java:64)
    at org.apache.jackrabbit.oak.plugins.memory.MemoryNodeBuilderTest.testWriteOnRemoveNode(MemoryNodeBuilderTest.java:136)
    at sun.reflect.NativeMethodAccessorImpl.invoke0(Native Method)
    at sun.reflect.NativeMethodAccessorImpl.invoke(NativeMethodAccessorImpl.java:62)
    at sun.reflect.DelegatingMethodAccessorImpl.invoke(DelegatingMethodAccessorImpl.java:43)
java.lang.NullPointerException
    at org.apache.jackrabbit.oak.plugins.memory.MemoryNodeBuilder.getChildNodeCount(MemoryNodeBuilder.java:368)
    at org.apache.jackrabbit.oak.plugins.memory.MemoryNodeBuilderTest.testReadOnRemoveNode(MemoryNodeBuilderTest.java:114)
    at sun.reflect.NativeMethodAccessorImpl.invoke0(Native Method)
    at sun.reflect.NativeMethodAccessorImpl.invoke(NativeMethodAccessorImpl.java:62)
    at sun.reflect.DelegatingMethodAccessorImpl.invoke(DelegatingMethodAccessorImpl.java:43)
    at java.lang.reflect.Method.invoke(Method.java:498)
junit.framework.AssertionFailedError
    at junit.framework.Assert.fail(Assert.java:55)
    at junit.framework.Assert.fail(Assert.java:64)
    at org.apache.jackrabbit.oak.plugins.memory.MemoryNodeBuilderTest.testWriteOnRemoveNode(MemoryNodeBuilderTest.java:136)
    at sun.reflect.NativeMethodAccessorImpl.invoke0(Native Method)
    at sun.reflect.NativeMethodAccessorImpl.invoke(NativeMethodAccessorImpl.java:62)
    at sun.reflect.DelegatingMethodAccessorImpl.invoke(DelegatingMethodAccessorImpl.java:43)
java.lang.NullPointerException
    at org.apache.jackrabbit.oak.plugins.memory.MemoryNodeBuilder.getChildNodeCount(MemoryNodeBuilder.java:368)
    at org.apache.jackrabbit.oak.plugins.memory.MemoryNodeBuilderTest.testReadOnRemoveNode(MemoryNodeBuilderTest.java:114)
    at sun.reflect.NativeMethodAccessorImpl.invoke0(Native Method)
    at sun.reflect.NativeMethodAccessorImpl.invoke(NativeMethodAccessorImpl.java:62)
    at sun.reflect.DelegatingMethodAccessorImpl.invoke(DelegatingMethodAccessorImpl.java:43)
    at java.lang.reflect.Method.invoke(Method.java:498)
11:25:36.733 [pool-40-thread-1] INFO  xxl.java.junit.TestCasesListener - Tests run finished (23 ms)
<> Total tests run: 20
<> Ignored tests: 0
<> Failed tests: 4
~ testWriteOnRemoveNode(org.apache.jackrabbit.oak.plugins.memory.MemoryNodeBuilderTest)
[null]
junit.framework.AssertionFailedError    at junit.framework.Assert.fail(Assert.java:55)
    at junit.framework.Assert.fail(Assert.java:64)
    at org.apache.jackrabbit.oak.plugins.memory.MemoryNodeBuilderTest.testWriteOnRemoveNode(MemoryNodeBuilderTest.java:136)
    at sun.reflect.NativeMethodAccessorImpl.invoke0(Native Method)
    at sun.reflect.NativeMethodAccessorImpl.invoke(NativeMethodAccessorImpl.java:62)
    at sun.reflect.DelegatingMethodAccessorImpl.invoke(DelegatingMethodAccessorImpl.java:43)
~ testReadOnRemoveNode(org.apache.jackrabbit.oak.plugins.memory.MemoryNodeBuilderTest)
[null]
java.lang.NullPointerException    at org.apache.jackrabbit.oak.plugins.memory.MemoryNodeBuilder.getChildNodeCount(MemoryNodeBuilder.java:368)
    at org.apache.jackrabbit.oak.plugins.memory.MemoryNodeBuilderTest.testReadOnRemoveNode(MemoryNodeBuilderTest.java:114)
    at sun.reflect.NativeMethodAccessorImpl.invoke0(Native Method)
    at sun.reflect.NativeMethodAccessorImpl.invoke(NativeMethodAccessorImpl.java:62)
    at sun.reflect.DelegatingMethodAccessorImpl.invoke(DelegatingMethodAccessorImpl.java:43)
    at java.lang.reflect.Method.invoke(Method.java:498)
~ testWriteOnRemoveNode(org.apache.jackrabbit.oak.plugins.memory.MemoryNodeBuilderTest)
[null]
junit.framework.AssertionFailedError    at junit.framework.Assert.fail(Assert.java:55)
    at junit.framework.Assert.fail(Assert.java:64)
    at org.apache.jackrabbit.oak.plugins.memory.MemoryNodeBuilderTest.testWriteOnRemoveNode(MemoryNodeBuilderTest.java:136)
    at sun.reflect.NativeMethodAccessorImpl.invoke0(Native Method)
    at sun.reflect.NativeMethodAccessorImpl.invoke(NativeMethodAccessorImpl.java:62)
    at sun.reflect.DelegatingMethodAccessorImpl.invoke(DelegatingMethodAccessorImpl.java:43)
~ testReadOnRemoveNode(org.apache.jackrabbit.oak.plugins.memory.MemoryNodeBuilderTest)
[null]
java.lang.NullPointerException    at org.apache.jackrabbit.oak.plugins.memory.MemoryNodeBuilder.getChildNodeCount(MemoryNodeBuilder.java:368)
    at org.apache.jackrabbit.oak.plugins.memory.MemoryNodeBuilderTest.testReadOnRemoveNode(MemoryNodeBuilderTest.java:114)
    at sun.reflect.NativeMethodAccessorImpl.invoke0(Native Method)
    at sun.reflect.NativeMethodAccessorImpl.invoke(NativeMethodAccessorImpl.java:62)
    at sun.reflect.DelegatingMethodAccessorImpl.invoke(DelegatingMethodAccessorImpl.java:43)
    at java.lang.reflect.Method.invoke(Method.java:498)

11:25:37.257 [pool-39-thread-1] ERROR x.java.compiler.DynamicClassCompiler - [Compilation errors]
ModifiedNodeState.java:159: error: missing return statement
    }
    ^
11:25:37.331 [pool-39-thread-1] ERROR f.i.l.r.n.s.ConstraintModelBuilder - Unable to compile the change: 
public class ModifiedNodeState extends org.apache.jackrabbit.oak.spi.state.AbstractNodeState {
    public static org.apache.jackrabbit.oak.spi.state.NodeState withProperties(org.apache.jackrabbit.oak.spi.state.NodeState base, java.util.Map<java.lang.String, ? extends org.apache.jackrabbit.oak.api.PropertyState> properties) {
        if (properties.isEmpty()) {
            return base;
        }else {
            return new org.apache.jackrabbit.oak.plugins.memory.ModifiedNodeState(base, properties, com.google.common.collect.ImmutableMap.<java.lang.String, org.apache.jackrabbit.oak.spi.state.NodeState>of());
        }
    }

    public static org.apache.jackrabbit.oak.spi.state.NodeState withNodes(org.apache.jackrabbit.oak.spi.state.NodeState base, java.util.Map<java.lang.String, ? extends org.apache.jackrabbit.oak.spi.state.NodeState> nodes) {
        if (nodes.isEmpty()) {
            return base;
        }else {
            return new org.apache.jackrabbit.oak.plugins.memory.ModifiedNodeState(base, com.google.common.collect.ImmutableMap.<java.lang.String, org.apache.jackrabbit.oak.api.PropertyState>of(), nodes);
        }
    }

    public static org.apache.jackrabbit.oak.spi.state.NodeState with(org.apache.jackrabbit.oak.spi.state.NodeState base, java.util.Map<java.lang.String, ? extends org.apache.jackrabbit.oak.api.PropertyState> properties, java.util.Map<java.lang.String, ? extends org.apache.jackrabbit.oak.spi.state.NodeState> nodes) {
        if ((properties.isEmpty()) && (nodes.isEmpty())) {
            return base;
        }else {
            return new org.apache.jackrabbit.oak.plugins.memory.ModifiedNodeState(base, properties, nodes);
        }
    }

    public static org.apache.jackrabbit.oak.plugins.memory.ModifiedNodeState collapse(org.apache.jackrabbit.oak.plugins.memory.ModifiedNodeState state) {
        org.apache.jackrabbit.oak.spi.state.NodeState base = state.getBaseState();
        if (base instanceof org.apache.jackrabbit.oak.plugins.memory.ModifiedNodeState) {
            org.apache.jackrabbit.oak.plugins.memory.ModifiedNodeState mbase = org.apache.jackrabbit.oak.plugins.memory.ModifiedNodeState.collapse(((org.apache.jackrabbit.oak.plugins.memory.ModifiedNodeState) (base)));
            java.util.Map<java.lang.String, org.apache.jackrabbit.oak.api.PropertyState> properties = com.google.common.collect.Maps.newHashMap(mbase.properties);
            properties.putAll(state.properties);
            java.util.Map<java.lang.String, org.apache.jackrabbit.oak.spi.state.NodeState> nodes = com.google.common.collect.Maps.newHashMap(mbase.nodes);
            nodes.putAll(state.nodes);
            return new org.apache.jackrabbit.oak.plugins.memory.ModifiedNodeState(mbase.getBaseState(), properties, nodes);
        }else {
            return state;
        }
    }

    private final org.apache.jackrabbit.oak.spi.state.NodeState base;

    private final java.util.Map<java.lang.String, ? extends org.apache.jackrabbit.oak.api.PropertyState> properties;

    private final java.util.Map<java.lang.String, ? extends org.apache.jackrabbit.oak.spi.state.NodeState> nodes;

    public ModifiedNodeState(@javax.annotation.Nonnull
    org.apache.jackrabbit.oak.spi.state.NodeState base, @javax.annotation.Nonnull
    java.util.Map<java.lang.String, ? extends org.apache.jackrabbit.oak.api.PropertyState> properties, @javax.annotation.Nonnull
    java.util.Map<java.lang.String, ? extends org.apache.jackrabbit.oak.spi.state.NodeState> nodes) {
        this.base = com.google.common.base.Preconditions.checkNotNull(base);
        this.properties = com.google.common.base.Preconditions.checkNotNull(properties);
        this.nodes = com.google.common.base.Preconditions.checkNotNull(nodes);
    }

    public ModifiedNodeState(@javax.annotation.Nonnull
    org.apache.jackrabbit.oak.spi.state.NodeState base, @javax.annotation.Nonnull
    java.util.Map<java.lang.String, ? extends org.apache.jackrabbit.oak.api.PropertyState> properties) {
        this(base, properties, com.google.common.collect.ImmutableMap.<java.lang.String, org.apache.jackrabbit.oak.spi.state.NodeState>of());
    }

    @javax.annotation.Nonnull
    public org.apache.jackrabbit.oak.spi.state.NodeState getBaseState() {
        return base;
    }

    @java.lang.Override
    public org.apache.jackrabbit.oak.spi.state.NodeBuilder builder() {
        return new org.apache.jackrabbit.oak.plugins.memory.MemoryNodeBuilder(this);
    }

    @java.lang.Override
    public long getPropertyCount() {
        long count = base.getPropertyCount();
        for (java.util.Map.Entry<java.lang.String, ? extends org.apache.jackrabbit.oak.api.PropertyState> entry : properties.entrySet()) {
            if ((base.getProperty(entry.getKey())) != null) {
                count--;
            }
            if ((entry.getValue()) != null) {
                count++;
            }
        }
        return count;
    }

    @java.lang.Override
    public org.apache.jackrabbit.oak.api.PropertyState getProperty(java.lang.String name) {
        org.apache.jackrabbit.oak.api.PropertyState property = properties.get(name);
        if (property != null) {
            return property;
        }else
            if (properties.containsKey(name)) {
                return null;
            }else {
                return base.getProperty(name);
            }

    }

    @java.lang.Override
    public java.lang.Iterable<? extends org.apache.jackrabbit.oak.api.PropertyState> getProperties() {
        if (properties.isEmpty()) {
            return base.getProperties();
        }else {
            com.google.common.base.Predicate<org.apache.jackrabbit.oak.api.PropertyState> filter = new com.google.common.base.Predicate<org.apache.jackrabbit.oak.api.PropertyState>() {
                @java.lang.Override
                public boolean apply(org.apache.jackrabbit.oak.api.PropertyState input) {
                    return !(properties.containsKey(input.getName()));
                }
            };
            return com.google.common.collect.Iterables.concat(com.google.common.collect.Iterables.filter(base.getProperties(), filter), com.google.common.collect.Collections2.filter(properties.values(), com.google.common.base.Predicates.notNull()));
        }
    }

    @java.lang.Override
    public long getChildNodeCount() {
        long count = base.getChildNodeCount();
        for (java.util.Map.Entry<java.lang.String, ? extends org.apache.jackrabbit.oak.spi.state.NodeState> entry : nodes.entrySet()) {
            if ((base.getChildNode(entry.getKey())) != null) {
                count--;
            }
            if ((entry.getValue()) != null) {
                count++;
            }
        }
        return count;
    }

    @java.lang.Override
    public boolean hasChildNode(java.lang.String name) {
        org.apache.jackrabbit.oak.spi.state.NodeState child = nodes.get(name);
        if (child != null) {
            return true;
        }else
            if (nodes.containsKey(name)) {
                boolean spoonDefaultValue = false;
                try {
                    spoonDefaultValue = true;
                } catch (java.lang.Exception __NopolProcessorException) {
                }
                boolean runtimeAngelicValue = fr.inria.lille.repair.nopol.synth.AngelicExecution.angelicValue(spoonDefaultValue);
                if (fr.inria.lille.commons.trace.RuntimeValues.instance(8).isEnabled()) {
                    fr.inria.lille.commons.trace.RuntimeValues.instance(8).collectionStarts();
                    try{fr.inria.lille.commons.trace.RuntimeValues.instance(8).collectInput("name",name);} catch (Exception ex1) {ex1.printStackTrace();};
                    try{fr.inria.lille.commons.trace.RuntimeValues.instance(8).collectInput("org.apache.jackrabbit.oak.plugins.memory.ModifiedNodeState.this.nodes",org.apache.jackrabbit.oak.plugins.memory.ModifiedNodeState.this.nodes);} catch (Exception ex1) {ex1.printStackTrace();};
                    try{fr.inria.lille.commons.trace.RuntimeValues.instance(8).collectInput("org.apache.jackrabbit.oak.plugins.memory.ModifiedNodeState.this.base",org.apache.jackrabbit.oak.plugins.memory.ModifiedNodeState.this.base);} catch (Exception ex1) {ex1.printStackTrace();};
                    try{fr.inria.lille.commons.trace.RuntimeValues.instance(8).collectInput("org.apache.jackrabbit.oak.plugins.memory.ModifiedNodeState.this.properties",org.apache.jackrabbit.oak.plugins.memory.ModifiedNodeState.this.properties);} catch (Exception ex1) {ex1.printStackTrace();};
                    try{fr.inria.lille.commons.trace.RuntimeValues.instance(8).collectInput("child",child);} catch (Exception ex1) {ex1.printStackTrace();};
                    fr.inria.lille.commons.trace.RuntimeValues.instance(8).collectOutput(runtimeAngelicValue);
                    fr.inria.lille.commons.trace.RuntimeValues.instance(8).collectionEnds();
                }
                if (runtimeAngelicValue)
                    return false;

            }else {
                return base.hasChildNode(name);
            }

    }

    @java.lang.Override
    public org.apache.jackrabbit.oak.spi.state.NodeState getChildNode(java.lang.String name) {
        org.apache.jackrabbit.oak.spi.state.NodeState child = nodes.get(name);
        if (child != null) {
            return child;
        }else
            if (nodes.containsKey(name)) {
                return null;
            }else {
                return base.getChildNode(name);
            }

    }

    @java.lang.Override
    public java.lang.Iterable<java.lang.String> getChildNodeNames() {
        if (nodes.isEmpty()) {
            return base.getChildNodeNames();
        }else {
            return com.google.common.collect.Iterables.concat(com.google.common.collect.Iterables.filter(base.getChildNodeNames(), com.google.common.base.Predicates.not(com.google.common.base.Predicates.in(nodes.keySet()))), com.google.common.collect.Maps.filterValues(nodes, com.google.common.base.Predicates.notNull()).keySet());
        }
    }

    @java.lang.Override
    public java.lang.Iterable<? extends org.apache.jackrabbit.oak.spi.state.ChildNodeEntry> getChildNodeEntries() {
        if (nodes.isEmpty()) {
            return base.getChildNodeEntries();
        }else {
            com.google.common.base.Predicate<org.apache.jackrabbit.oak.spi.state.ChildNodeEntry> filter = new com.google.common.base.Predicate<org.apache.jackrabbit.oak.spi.state.ChildNodeEntry>() {
                @java.lang.Override
                public boolean apply(org.apache.jackrabbit.oak.spi.state.ChildNodeEntry input) {
                    return !(nodes.containsKey(input.getName()));
                }
            };
            return com.google.common.collect.Iterables.concat(com.google.common.collect.Iterables.filter(base.getChildNodeEntries(), filter), org.apache.jackrabbit.oak.plugins.memory.MemoryChildNodeEntry.iterable(com.google.common.collect.Maps.filterValues(nodes, com.google.common.base.Predicates.notNull()).entrySet()));
        }
    }

    @java.lang.Override
    public void compareAgainstBaseState(org.apache.jackrabbit.oak.spi.state.NodeState base, final org.apache.jackrabbit.oak.spi.state.NodeStateDiff diff) {
        if ((this.base) != base) {
            this.base.compareAgainstBaseState(base, new org.apache.jackrabbit.oak.spi.state.NodeStateDiff() {
                @java.lang.Override
                public void propertyAdded(org.apache.jackrabbit.oak.api.PropertyState after) {
                    if (!(properties.containsKey(after.getName()))) {
                        diff.propertyAdded(after);
                    }
                }

                @java.lang.Override
                public void propertyChanged(org.apache.jackrabbit.oak.api.PropertyState before, org.apache.jackrabbit.oak.api.PropertyState after) {
                    if (!(properties.containsKey(before.getName()))) {
                        diff.propertyChanged(before, after);
                    }
                }

                @java.lang.Override
                public void propertyDeleted(org.apache.jackrabbit.oak.api.PropertyState before) {
                    if (!(properties.containsKey(before.getName()))) {
                        diff.propertyDeleted(before);
                    }
                }

                @java.lang.Override
                public void childNodeAdded(java.lang.String name, org.apache.jackrabbit.oak.spi.state.NodeState after) {
                    if (!(nodes.containsKey(name))) {
                        diff.childNodeAdded(name, after);
                    }
                }

                @java.lang.Override
                public void childNodeChanged(java.lang.String name, org.apache.jackrabbit.oak.spi.state.NodeState before, org.apache.jackrabbit.oak.spi.state.NodeState after) {
                    if (!(nodes.containsKey(name))) {
                        diff.childNodeChanged(name, before, after);
                    }
                }

                @java.lang.Override
                public void childNodeDeleted(java.lang.String name, org.apache.jackrabbit.oak.spi.state.NodeState before) {
                    if (!(nodes.containsKey(name))) {
                        diff.childNodeDeleted(name, before);
                    }
                }
            });
        }
        for (java.util.Map.Entry<java.lang.String, ? extends org.apache.jackrabbit.oak.api.PropertyState> entry : properties.entrySet()) {
            org.apache.jackrabbit.oak.api.PropertyState before = base.getProperty(entry.getKey());
            org.apache.jackrabbit.oak.api.PropertyState after = entry.getValue();
            if ((before == null) && (after == null)) {
            }else
                if (after == null) {
                    diff.propertyDeleted(before);
                }else
                    if (before == null) {
                        diff.propertyAdded(after);
                    }else
                        if (!(before.equals(after))) {
                            diff.propertyChanged(before, after);
                        }



        }
        for (java.util.Map.Entry<java.lang.String, ? extends org.apache.jackrabbit.oak.spi.state.NodeState> entry : nodes.entrySet()) {
            java.lang.String name = entry.getKey();
            org.apache.jackrabbit.oak.spi.state.NodeState before = base.getChildNode(name);
            org.apache.jackrabbit.oak.spi.state.NodeState after = entry.getValue();
            if ((before == null) && (after == null)) {
            }else
                if (after == null) {
                    diff.childNodeDeleted(name, before);
                }else
                    if (before == null) {
                        diff.childNodeAdded(name, after);
                    }else
                        if (!(before.equals(after))) {
                            diff.childNodeChanged(name, before, after);
                        }



        }
    }
}
11:25:37.332 [pool-2-thread-1] ERROR fr.inria.lille.repair.nopol.NoPol - Error ExecutionException java.util.concurrent.ExecutionException: xxl.java.compiler.DynamicCompilationException: Aborting: dynamic compilation failed
11:25:37.332 [pool-2-thread-1] DEBUG fr.inria.lille.repair.nopol.NoPol - statement #22
11:25:37.332 [pool-2-thread-1] DEBUG fr.inria.lille.repair.nopol.NoPol - Analysing SourceLocation org.apache.jackrabbit.oak.plugins.memory.MemoryNodeState:91 which is executed by 16 tests
1584055183
11:25:37.539 [pool-2-thread-1] DEBUG fr.inria.lille.repair.nopol.NoPol - statement #23
11:25:37.539 [pool-2-thread-1] DEBUG fr.inria.lille.repair.nopol.NoPol - Analysing SourceLocation org.apache.jackrabbit.oak.plugins.memory.MemoryNodeBuilder:282 which is executed by 25 tests
-308272295
11:25:37.825 [pool-2-thread-1] DEBUG fr.inria.lille.repair.nopol.NoPol - statement #24
11:25:37.825 [pool-2-thread-1] DEBUG fr.inria.lille.repair.nopol.NoPol - Analysing SourceLocation org.apache.jackrabbit.oak.plugins.index.old.Indexer:634 which is executed by 10 tests
-687021856
11:25:38.026 [pool-2-thread-1] DEBUG fr.inria.lille.repair.nopol.NoPol - statement #25
11:25:38.026 [pool-2-thread-1] DEBUG fr.inria.lille.repair.nopol.NoPol - Analysing SourceLocation org.apache.jackrabbit.oak.plugins.index.old.Indexer:631 which is executed by 10 tests
-687021856
11:25:38.227 [pool-2-thread-1] DEBUG fr.inria.lille.repair.nopol.NoPol - statement #26
11:25:38.227 [pool-2-thread-1] DEBUG fr.inria.lille.repair.nopol.NoPol - Analysing SourceLocation org.apache.jackrabbit.oak.plugins.index.old.Indexer:628 which is executed by 10 tests
-687021856
11:25:38.427 [pool-2-thread-1] DEBUG fr.inria.lille.repair.nopol.NoPol - looking with class fr.inria.lille.repair.nopol.spoon.smt.ConditionalAdder
SLF4J: Class path contains multiple SLF4J bindings.
SLF4J: Found binding in [jar:file:/home/tdurieux/.m2/repository/org/slf4j/slf4j-nop/1.5.8/slf4j-nop-1.5.8.jar!/org/slf4j/impl/StaticLoggerBinder.class]
SLF4J: Found binding in [jar:file:/home/tdurieux/.m2/repository/ch/qos/logback/logback-classic/1.0.1/logback-classic-1.0.1.jar!/org/slf4j/impl/StaticLoggerBinder.class]
SLF4J: Found binding in [jar:file:/home/tdurieux/.m2/repository/org/slf4j/slf4j-simple/1.6.1/slf4j-simple-1.6.1.jar!/org/slf4j/impl/StaticLoggerBinder.class]
SLF4J: Found binding in [jar:file:/home/tdurieux/defects4j4repair/script/../repair_tools/nopol.jar!/org/slf4j/impl/StaticLoggerBinder.class]
SLF4J: See http://www.slf4j.org/codes.html#multiple_bindings for an explanation.
SLF4J: The requested version 1.5.8 by your slf4j binding is not compatible with [1.6]
SLF4J: See http://www.slf4j.org/codes.html#version_mismatch for further details.
junit.framework.ComparisonFailure: expected:<...:childNodeCount":2,"[prefix@d:":{":childNodeCount":1,":data":{}},":data":{":childNodeCount":0]}}> but was:<...:childNodeCount":2,"[:data":{":childNodeCount":0},"prefix@d:":{":childNodeCount":1,":data":{}]}}>
    at junit.framework.Assert.assertEquals(Assert.java:100)
    at junit.framework.Assert.assertEquals(Assert.java:107)
    at org.apache.jackrabbit.oak.plugins.index.old.PrefixIndexTest.test(PrefixIndexTest.java:42)
    at sun.reflect.NativeMethodAccessorImpl.invoke0(Native Method)
    at sun.reflect.NativeMethodAccessorImpl.invoke(NativeMethodAccessorImpl.java:62)
    at sun.reflect.DelegatingMethodAccessorImpl.invoke(DelegatingMethodAccessorImpl.java:43)
11:25:38.526 [pool-42-thread-1] INFO  xxl.java.junit.TestCasesListener - Tests run finished (96 ms)
<> Total tests run: 1
<> Ignored tests: 0
<> Failed tests: 1
~ test(org.apache.jackrabbit.oak.plugins.index.old.PrefixIndexTest)
[expected:<...:childNodeCount":2,"[prefix@d:":{":childNodeCount":1,":data":{}},":data":{":childNodeCount":0]}}> but was:<...:childNodeCount":2,"[:data":{":childNodeCount":0},"prefix@d:":{":childNodeCount":1,":data":{}]}}>]
junit.framework.ComparisonFailure: expected:<...:childNodeCount":2,"[prefix@d:":{":childNodeCount":1,":data":{}},":data":{":childNodeCount":0]}}> but was:<...:childNodeCount":2,"[:data":{":childNodeCount":0},"prefix@d:":{":childNodeCount":1,":data":{}]}}>    at junit.framework.Assert.assertEquals(Assert.java:100)
    at junit.framework.Assert.assertEquals(Assert.java:107)
    at org.apache.jackrabbit.oak.plugins.index.old.PrefixIndexTest.test(PrefixIndexTest.java:42)
    at sun.reflect.NativeMethodAccessorImpl.invoke0(Native Method)
    at sun.reflect.NativeMethodAccessorImpl.invoke(NativeMethodAccessorImpl.java:62)
    at sun.reflect.DelegatingMethodAccessorImpl.invoke(DelegatingMethodAccessorImpl.java:43)

SLF4J: Class path contains multiple SLF4J bindings.
SLF4J: Found binding in [jar:file:/home/tdurieux/.m2/repository/org/slf4j/slf4j-nop/1.5.8/slf4j-nop-1.5.8.jar!/org/slf4j/impl/StaticLoggerBinder.class]
SLF4J: Found binding in [jar:file:/home/tdurieux/.m2/repository/ch/qos/logback/logback-classic/1.0.1/logback-classic-1.0.1.jar!/org/slf4j/impl/StaticLoggerBinder.class]
SLF4J: Found binding in [jar:file:/home/tdurieux/.m2/repository/org/slf4j/slf4j-simple/1.6.1/slf4j-simple-1.6.1.jar!/org/slf4j/impl/StaticLoggerBinder.class]
SLF4J: Found binding in [jar:file:/home/tdurieux/defects4j4repair/script/../repair_tools/nopol.jar!/org/slf4j/impl/StaticLoggerBinder.class]
SLF4J: See http://www.slf4j.org/codes.html#multiple_bindings for an explanation.
SLF4J: The requested version 1.5.8 by your slf4j binding is not compatible with [1.6]
SLF4J: See http://www.slf4j.org/codes.html#version_mismatch for further details.
junit.framework.ComparisonFailure: expected:<...:childNodeCount":2,"[prefix@d:":{":childNodeCount":1,":data":{}},":data":{":childNodeCount":0]}}> but was:<...:childNodeCount":2,"[:data":{":childNodeCount":0},"prefix@d:":{":childNodeCount":1,":data":{}]}}>
    at junit.framework.Assert.assertEquals(Assert.java:100)
    at junit.framework.Assert.assertEquals(Assert.java:107)
    at org.apache.jackrabbit.oak.plugins.index.old.PrefixIndexTest.test(PrefixIndexTest.java:42)
    at sun.reflect.NativeMethodAccessorImpl.invoke0(Native Method)
    at sun.reflect.NativeMethodAccessorImpl.invoke(NativeMethodAccessorImpl.java:62)
    at sun.reflect.DelegatingMethodAccessorImpl.invoke(DelegatingMethodAccessorImpl.java:43)
11:25:38.991 [pool-43-thread-1] INFO  f.i.l.c.t.SpecificationTestCasesListener - Tests run finished (97 ms)
<> Total tests run: 1
<> Ignored tests: 0
<> Failed tests: 1
~ test(org.apache.jackrabbit.oak.plugins.index.old.PrefixIndexTest)
[expected:<...:childNodeCount":2,"[prefix@d:":{":childNodeCount":1,":data":{}},":data":{":childNodeCount":0]}}> but was:<...:childNodeCount":2,"[:data":{":childNodeCount":0},"prefix@d:":{":childNodeCount":1,":data":{}]}}>]
junit.framework.ComparisonFailure: expected:<...:childNodeCount":2,"[prefix@d:":{":childNodeCount":1,":data":{}},":data":{":childNodeCount":0]}}> but was:<...:childNodeCount":2,"[:data":{":childNodeCount":0},"prefix@d:":{":childNodeCount":1,":data":{}]}}>    at junit.framework.Assert.assertEquals(Assert.java:100)
    at junit.framework.Assert.assertEquals(Assert.java:107)
    at org.apache.jackrabbit.oak.plugins.index.old.PrefixIndexTest.test(PrefixIndexTest.java:42)
    at sun.reflect.NativeMethodAccessorImpl.invoke0(Native Method)
    at sun.reflect.NativeMethodAccessorImpl.invoke(NativeMethodAccessorImpl.java:62)
    at sun.reflect.DelegatingMethodAccessorImpl.invoke(DelegatingMethodAccessorImpl.java:43)

junit.framework.ComparisonFailure: expected:<...:childNodeCount":2,"[prefix@d:":{":childNodeCount":1,":data":{}},":data":{":childNodeCount":0]}}> but was:<...:childNodeCount":2,"[:data":{":childNodeCount":0},"prefix@d:":{":childNodeCount":1,":data":{}]}}>
    at junit.framework.Assert.assertEquals(Assert.java:100)
    at junit.framework.Assert.assertEquals(Assert.java:107)
    at org.apache.jackrabbit.oak.plugins.index.old.PrefixIndexTest.test(PrefixIndexTest.java:42)
    at sun.reflect.NativeMethodAccessorImpl.invoke0(Native Method)
    at sun.reflect.NativeMethodAccessorImpl.invoke(NativeMethodAccessorImpl.java:62)
    at sun.reflect.DelegatingMethodAccessorImpl.invoke(DelegatingMethodAccessorImpl.java:43)
11:25:38.994 [pool-44-thread-1] INFO  f.i.l.c.t.SpecificationTestCasesListener - Tests run finished (3 ms)
<> Total tests run: 1
<> Ignored tests: 0
<> Failed tests: 1
~ test(org.apache.jackrabbit.oak.plugins.index.old.PrefixIndexTest)
[expected:<...:childNodeCount":2,"[prefix@d:":{":childNodeCount":1,":data":{}},":data":{":childNodeCount":0]}}> but was:<...:childNodeCount":2,"[:data":{":childNodeCount":0},"prefix@d:":{":childNodeCount":1,":data":{}]}}>]
junit.framework.ComparisonFailure: expected:<...:childNodeCount":2,"[prefix@d:":{":childNodeCount":1,":data":{}},":data":{":childNodeCount":0]}}> but was:<...:childNodeCount":2,"[:data":{":childNodeCount":0},"prefix@d:":{":childNodeCount":1,":data":{}]}}>    at junit.framework.Assert.assertEquals(Assert.java:100)
    at junit.framework.Assert.assertEquals(Assert.java:107)
    at org.apache.jackrabbit.oak.plugins.index.old.PrefixIndexTest.test(PrefixIndexTest.java:42)
    at sun.reflect.NativeMethodAccessorImpl.invoke0(Native Method)
    at sun.reflect.NativeMethodAccessorImpl.invoke(NativeMethodAccessorImpl.java:62)
    at sun.reflect.DelegatingMethodAccessorImpl.invoke(DelegatingMethodAccessorImpl.java:43)

11:25:38.995 [pool-41-thread-1] DEBUG tests.output - Failing tests with false: 
[test(org.apache.jackrabbit.oak.plugins.index.old.PrefixIndexTest): expected:<...:childNodeCount":2,"[prefix@d:":{":childNodeCount":1,":data":{}},":data":{":childNodeCount":0]}}> but was:<...:childNodeCount":2,"[:data":{":childNodeCount":0},"prefix@d:":{":childNodeCount":1,":data":{}]}}>]
11:25:38.996 [pool-41-thread-1] DEBUG tests.output - Failing tests with true: 
[test(org.apache.jackrabbit.oak.plugins.index.old.PrefixIndexTest): expected:<...:childNodeCount":2,"[prefix@d:":{":childNodeCount":1,":data":{}},":data":{":childNodeCount":0]}}> but was:<...:childNodeCount":2,"[:data":{":childNodeCount":0},"prefix@d:":{":childNodeCount":1,":data":{}]}}>]
11:25:38.996 [pool-41-thread-1] INFO  f.i.l.r.n.synth.SMTNopolSynthesizer - Not enough specifications: 0. A trivial patch is "true" or "false", please write new tests specifying SourceLocation org.apache.jackrabbit.oak.plugins.index.old.Indexer:628.
11:25:38.996 [pool-2-thread-1] DEBUG fr.inria.lille.repair.nopol.NoPol - looking with class fr.inria.lille.repair.nopol.spoon.smt.ConditionalReplacer
SLF4J: Class path contains multiple SLF4J bindings.
SLF4J: Found binding in [jar:file:/home/tdurieux/.m2/repository/org/slf4j/slf4j-nop/1.5.8/slf4j-nop-1.5.8.jar!/org/slf4j/impl/StaticLoggerBinder.class]
SLF4J: Found binding in [jar:file:/home/tdurieux/.m2/repository/ch/qos/logback/logback-classic/1.0.1/logback-classic-1.0.1.jar!/org/slf4j/impl/StaticLoggerBinder.class]
SLF4J: Found binding in [jar:file:/home/tdurieux/.m2/repository/org/slf4j/slf4j-simple/1.6.1/slf4j-simple-1.6.1.jar!/org/slf4j/impl/StaticLoggerBinder.class]
SLF4J: Found binding in [jar:file:/home/tdurieux/defects4j4repair/script/../repair_tools/nopol.jar!/org/slf4j/impl/StaticLoggerBinder.class]
SLF4J: See http://www.slf4j.org/codes.html#multiple_bindings for an explanation.
SLF4J: The requested version 1.5.8 by your slf4j binding is not compatible with [1.6]
SLF4J: See http://www.slf4j.org/codes.html#version_mismatch for further details.
junit.framework.ComparisonFailure: expected:<...:childNodeCount":2,"[prefix@d:":{":childNodeCount":1,":data":{}},":data":{":childNodeCount":0]}}> but was:<...:childNodeCount":2,"[:data":{":childNodeCount":0},"prefix@d:":{":childNodeCount":1,":data":{}]}}>
    at junit.framework.Assert.assertEquals(Assert.java:100)
    at junit.framework.Assert.assertEquals(Assert.java:107)
    at org.apache.jackrabbit.oak.plugins.index.old.PrefixIndexTest.test(PrefixIndexTest.java:42)
    at sun.reflect.NativeMethodAccessorImpl.invoke0(Native Method)
    at sun.reflect.NativeMethodAccessorImpl.invoke(NativeMethodAccessorImpl.java:62)
    at sun.reflect.DelegatingMethodAccessorImpl.invoke(DelegatingMethodAccessorImpl.java:43)
11:25:39.093 [pool-46-thread-1] INFO  xxl.java.junit.TestCasesListener - Tests run finished (95 ms)
<> Total tests run: 1
<> Ignored tests: 0
<> Failed tests: 1
~ test(org.apache.jackrabbit.oak.plugins.index.old.PrefixIndexTest)
[expected:<...:childNodeCount":2,"[prefix@d:":{":childNodeCount":1,":data":{}},":data":{":childNodeCount":0]}}> but was:<...:childNodeCount":2,"[:data":{":childNodeCount":0},"prefix@d:":{":childNodeCount":1,":data":{}]}}>]
junit.framework.ComparisonFailure: expected:<...:childNodeCount":2,"[prefix@d:":{":childNodeCount":1,":data":{}},":data":{":childNodeCount":0]}}> but was:<...:childNodeCount":2,"[:data":{":childNodeCount":0},"prefix@d:":{":childNodeCount":1,":data":{}]}}>    at junit.framework.Assert.assertEquals(Assert.java:100)
    at junit.framework.Assert.assertEquals(Assert.java:107)
    at org.apache.jackrabbit.oak.plugins.index.old.PrefixIndexTest.test(PrefixIndexTest.java:42)
    at sun.reflect.NativeMethodAccessorImpl.invoke0(Native Method)
    at sun.reflect.NativeMethodAccessorImpl.invoke(NativeMethodAccessorImpl.java:62)
    at sun.reflect.DelegatingMethodAccessorImpl.invoke(DelegatingMethodAccessorImpl.java:43)

SLF4J: Class path contains multiple SLF4J bindings.
SLF4J: Found binding in [jar:file:/home/tdurieux/.m2/repository/org/slf4j/slf4j-nop/1.5.8/slf4j-nop-1.5.8.jar!/org/slf4j/impl/StaticLoggerBinder.class]
SLF4J: Found binding in [jar:file:/home/tdurieux/.m2/repository/ch/qos/logback/logback-classic/1.0.1/logback-classic-1.0.1.jar!/org/slf4j/impl/StaticLoggerBinder.class]
SLF4J: Found binding in [jar:file:/home/tdurieux/.m2/repository/org/slf4j/slf4j-simple/1.6.1/slf4j-simple-1.6.1.jar!/org/slf4j/impl/StaticLoggerBinder.class]
SLF4J: Found binding in [jar:file:/home/tdurieux/defects4j4repair/script/../repair_tools/nopol.jar!/org/slf4j/impl/StaticLoggerBinder.class]
SLF4J: See http://www.slf4j.org/codes.html#multiple_bindings for an explanation.
SLF4J: The requested version 1.5.8 by your slf4j binding is not compatible with [1.6]
SLF4J: See http://www.slf4j.org/codes.html#version_mismatch for further details.
junit.framework.ComparisonFailure: expected:<...:childNodeCount":2,"[prefix@d:":{":childNodeCount":1,":data":{}},":data":{":childNodeCount":0]}}> but was:<...:childNodeCount":2,"[:data":{":childNodeCount":0},"prefix@d:":{":childNodeCount":1,":data":{}]}}>
    at junit.framework.Assert.assertEquals(Assert.java:100)
    at junit.framework.Assert.assertEquals(Assert.java:107)
    at org.apache.jackrabbit.oak.plugins.index.old.PrefixIndexTest.test(PrefixIndexTest.java:42)
    at sun.reflect.NativeMethodAccessorImpl.invoke0(Native Method)
    at sun.reflect.NativeMethodAccessorImpl.invoke(NativeMethodAccessorImpl.java:62)
    at sun.reflect.DelegatingMethodAccessorImpl.invoke(DelegatingMethodAccessorImpl.java:43)
11:25:39.552 [pool-47-thread-1] INFO  f.i.l.c.t.SpecificationTestCasesListener - Tests run finished (96 ms)
<> Total tests run: 1
<> Ignored tests: 0
<> Failed tests: 1
~ test(org.apache.jackrabbit.oak.plugins.index.old.PrefixIndexTest)
[expected:<...:childNodeCount":2,"[prefix@d:":{":childNodeCount":1,":data":{}},":data":{":childNodeCount":0]}}> but was:<...:childNodeCount":2,"[:data":{":childNodeCount":0},"prefix@d:":{":childNodeCount":1,":data":{}]}}>]
junit.framework.ComparisonFailure: expected:<...:childNodeCount":2,"[prefix@d:":{":childNodeCount":1,":data":{}},":data":{":childNodeCount":0]}}> but was:<...:childNodeCount":2,"[:data":{":childNodeCount":0},"prefix@d:":{":childNodeCount":1,":data":{}]}}>    at junit.framework.Assert.assertEquals(Assert.java:100)
    at junit.framework.Assert.assertEquals(Assert.java:107)
    at org.apache.jackrabbit.oak.plugins.index.old.PrefixIndexTest.test(PrefixIndexTest.java:42)
    at sun.reflect.NativeMethodAccessorImpl.invoke0(Native Method)
    at sun.reflect.NativeMethodAccessorImpl.invoke(NativeMethodAccessorImpl.java:62)
    at sun.reflect.DelegatingMethodAccessorImpl.invoke(DelegatingMethodAccessorImpl.java:43)

junit.framework.ComparisonFailure: expected:<...:childNodeCount":2,"[prefix@d:":{":childNodeCount":1,":data":{}},":data":{":childNodeCount":0]}}> but was:<...:childNodeCount":2,"[:data":{":childNodeCount":0},"prefix@d:":{":childNodeCount":1,":data":{}]}}>
    at junit.framework.Assert.assertEquals(Assert.java:100)
    at junit.framework.Assert.assertEquals(Assert.java:107)
    at org.apache.jackrabbit.oak.plugins.index.old.PrefixIndexTest.test(PrefixIndexTest.java:42)
    at sun.reflect.NativeMethodAccessorImpl.invoke0(Native Method)
    at sun.reflect.NativeMethodAccessorImpl.invoke(NativeMethodAccessorImpl.java:62)
    at sun.reflect.DelegatingMethodAccessorImpl.invoke(DelegatingMethodAccessorImpl.java:43)
11:25:39.555 [pool-48-thread-1] INFO  f.i.l.c.t.SpecificationTestCasesListener - Tests run finished (3 ms)
<> Total tests run: 1
<> Ignored tests: 0
<> Failed tests: 1
~ test(org.apache.jackrabbit.oak.plugins.index.old.PrefixIndexTest)
[expected:<...:childNodeCount":2,"[prefix@d:":{":childNodeCount":1,":data":{}},":data":{":childNodeCount":0]}}> but was:<...:childNodeCount":2,"[:data":{":childNodeCount":0},"prefix@d:":{":childNodeCount":1,":data":{}]}}>]
junit.framework.ComparisonFailure: expected:<...:childNodeCount":2,"[prefix@d:":{":childNodeCount":1,":data":{}},":data":{":childNodeCount":0]}}> but was:<...:childNodeCount":2,"[:data":{":childNodeCount":0},"prefix@d:":{":childNodeCount":1,":data":{}]}}>    at junit.framework.Assert.assertEquals(Assert.java:100)
    at junit.framework.Assert.assertEquals(Assert.java:107)
    at org.apache.jackrabbit.oak.plugins.index.old.PrefixIndexTest.test(PrefixIndexTest.java:42)
    at sun.reflect.NativeMethodAccessorImpl.invoke0(Native Method)
    at sun.reflect.NativeMethodAccessorImpl.invoke(NativeMethodAccessorImpl.java:62)
    at sun.reflect.DelegatingMethodAccessorImpl.invoke(DelegatingMethodAccessorImpl.java:43)

11:25:39.555 [pool-45-thread-1] DEBUG tests.output - Failing tests with false: 
[test(org.apache.jackrabbit.oak.plugins.index.old.PrefixIndexTest): expected:<...:childNodeCount":2,"[prefix@d:":{":childNodeCount":1,":data":{}},":data":{":childNodeCount":0]}}> but was:<...:childNodeCount":2,"[:data":{":childNodeCount":0},"prefix@d:":{":childNodeCount":1,":data":{}]}}>]
11:25:39.556 [pool-45-thread-1] DEBUG tests.output - Failing tests with true: 
[test(org.apache.jackrabbit.oak.plugins.index.old.PrefixIndexTest): expected:<...:childNodeCount":2,"[prefix@d:":{":childNodeCount":1,":data":{}},":data":{":childNodeCount":0]}}> but was:<...:childNodeCount":2,"[:data":{":childNodeCount":0},"prefix@d:":{":childNodeCount":1,":data":{}]}}>]
11:25:39.556 [pool-45-thread-1] INFO  f.i.l.r.n.synth.SMTNopolSynthesizer - Not enough specifications: 0. A trivial patch is "true" or "false", please write new tests specifying SourceLocation org.apache.jackrabbit.oak.plugins.index.old.Indexer:628.
11:25:39.556 [pool-2-thread-1] DEBUG fr.inria.lille.repair.nopol.NoPol - statement #27
11:25:39.556 [pool-2-thread-1] DEBUG fr.inria.lille.repair.nopol.NoPol - Analysing SourceLocation org.apache.jackrabbit.oak.plugins.index.old.Indexer:626 which is executed by 10 tests
-687021856
11:25:39.753 [pool-2-thread-1] DEBUG fr.inria.lille.repair.nopol.NoPol - looking with class fr.inria.lille.repair.nopol.spoon.smt.ConditionalAdder
SLF4J: Class path contains multiple SLF4J bindings.
SLF4J: Found binding in [jar:file:/home/tdurieux/.m2/repository/org/slf4j/slf4j-nop/1.5.8/slf4j-nop-1.5.8.jar!/org/slf4j/impl/StaticLoggerBinder.class]
SLF4J: Found binding in [jar:file:/home/tdurieux/.m2/repository/ch/qos/logback/logback-classic/1.0.1/logback-classic-1.0.1.jar!/org/slf4j/impl/StaticLoggerBinder.class]
SLF4J: Found binding in [jar:file:/home/tdurieux/.m2/repository/org/slf4j/slf4j-simple/1.6.1/slf4j-simple-1.6.1.jar!/org/slf4j/impl/StaticLoggerBinder.class]
SLF4J: Found binding in [jar:file:/home/tdurieux/defects4j4repair/script/../repair_tools/nopol.jar!/org/slf4j/impl/StaticLoggerBinder.class]
SLF4J: See http://www.slf4j.org/codes.html#multiple_bindings for an explanation.
SLF4J: The requested version 1.5.8 by your slf4j binding is not compatible with [1.6]
SLF4J: See http://www.slf4j.org/codes.html#version_mismatch for further details.
junit.framework.ComparisonFailure: expected:<...:childNodeCount":2,"[prefix@d:":{":childNodeCount":1,":data":{}},":data":{":childNodeCount":0]}}> but was:<...:childNodeCount":2,"[:data":{":childNodeCount":0},"prefix@d:":{":childNodeCount":1,":data":{}]}}>
    at junit.framework.Assert.assertEquals(Assert.java:100)
    at junit.framework.Assert.assertEquals(Assert.java:107)
    at org.apache.jackrabbit.oak.plugins.index.old.PrefixIndexTest.test(PrefixIndexTest.java:42)
    at sun.reflect.NativeMethodAccessorImpl.invoke0(Native Method)
    at sun.reflect.NativeMethodAccessorImpl.invoke(NativeMethodAccessorImpl.java:62)
    at sun.reflect.DelegatingMethodAccessorImpl.invoke(DelegatingMethodAccessorImpl.java:43)
11:25:39.850 [pool-50-thread-1] INFO  xxl.java.junit.TestCasesListener - Tests run finished (95 ms)
<> Total tests run: 1
<> Ignored tests: 0
<> Failed tests: 1
~ test(org.apache.jackrabbit.oak.plugins.index.old.PrefixIndexTest)
[expected:<...:childNodeCount":2,"[prefix@d:":{":childNodeCount":1,":data":{}},":data":{":childNodeCount":0]}}> but was:<...:childNodeCount":2,"[:data":{":childNodeCount":0},"prefix@d:":{":childNodeCount":1,":data":{}]}}>]
junit.framework.ComparisonFailure: expected:<...:childNodeCount":2,"[prefix@d:":{":childNodeCount":1,":data":{}},":data":{":childNodeCount":0]}}> but was:<...:childNodeCount":2,"[:data":{":childNodeCount":0},"prefix@d:":{":childNodeCount":1,":data":{}]}}>    at junit.framework.Assert.assertEquals(Assert.java:100)
    at junit.framework.Assert.assertEquals(Assert.java:107)
    at org.apache.jackrabbit.oak.plugins.index.old.PrefixIndexTest.test(PrefixIndexTest.java:42)
    at sun.reflect.NativeMethodAccessorImpl.invoke0(Native Method)
    at sun.reflect.NativeMethodAccessorImpl.invoke(NativeMethodAccessorImpl.java:62)
    at sun.reflect.DelegatingMethodAccessorImpl.invoke(DelegatingMethodAccessorImpl.java:43)

SLF4J: Class path contains multiple SLF4J bindings.
SLF4J: Found binding in [jar:file:/home/tdurieux/.m2/repository/org/slf4j/slf4j-nop/1.5.8/slf4j-nop-1.5.8.jar!/org/slf4j/impl/StaticLoggerBinder.class]
SLF4J: Found binding in [jar:file:/home/tdurieux/.m2/repository/ch/qos/logback/logback-classic/1.0.1/logback-classic-1.0.1.jar!/org/slf4j/impl/StaticLoggerBinder.class]
SLF4J: Found binding in [jar:file:/home/tdurieux/.m2/repository/org/slf4j/slf4j-simple/1.6.1/slf4j-simple-1.6.1.jar!/org/slf4j/impl/StaticLoggerBinder.class]
SLF4J: Found binding in [jar:file:/home/tdurieux/defects4j4repair/script/../repair_tools/nopol.jar!/org/slf4j/impl/StaticLoggerBinder.class]
SLF4J: See http://www.slf4j.org/codes.html#multiple_bindings for an explanation.
SLF4J: The requested version 1.5.8 by your slf4j binding is not compatible with [1.6]
SLF4J: See http://www.slf4j.org/codes.html#version_mismatch for further details.
11:29:32.478 [pool-49-thread-1] DEBUG xxl.java.junit.TestSuiteExecution - Timeout after 200 seconds. Infinite loop?
11:30:28.626 [pool-2-thread-1] ERROR fr.inria.lille.repair.nopol.NoPol - Error ExecutionException java.util.concurrent.ExecutionException: java.lang.RuntimeException: java.util.concurrent.TimeoutException
11:30:48.619 [pool-2-thread-1] DEBUG fr.inria.lille.repair.nopol.NoPol - statement #28
11:30:53.902 [pool-2-thread-1] DEBUG fr.inria.lille.repair.nopol.NoPol - Analysing SourceLocation org.apache.jackrabbit.oak.plugins.index.old.Indexer:625 which is executed by 10 tests
java.lang.OutOfMemoryError: Java heap space
    at java.util.HashMap.newNode(HashMap.java:1747)
    at java.util.HashMap.putVal(HashMap.java:642)
    at java.util.HashMap.put(HashMap.java:612)
    at fr.inria.lille.commons.trace.collector.ValueCollector.collectWith(ValueCollector.java:31)
    at fr.inria.lille.commons.trace.collector.ValueCollector.collectFrom(ValueCollector.java:21)
    at fr.inria.lille.commons.trace.RuntimeValues.collectInput(RuntimeValues.java:89)
java.util.concurrent.ExecutionException: java.lang.OutOfMemoryError: Java heap space
	at java.util.concurrent.FutureTask.report(FutureTask.java:122)
	at java.util.concurrent.FutureTask.get(FutureTask.java:206)
	at fr.inria.lille.repair.Main.main(Main.java:106)
Caused by: java.lang.OutOfMemoryError: Java heap space
	at java.lang.StringCoding$StringEncoder.encode(StringCoding.java:300)
	at java.lang.StringCoding.encode(StringCoding.java:344)
	at java.lang.String.getBytes(String.java:918)11:57:52.304 [pool-51-thread-1] INFO  f.i.l.c.t.SpecificationTestCasesListener - Tests run finished (1932086 ms)
<> Total tests run: 1
<> Ignored tests: 0
<> Failed tests: 1
~ test(org.apache.jackrabbit.oak.plugins.index.old.PrefixIndexTest)
[Java heap space]
java.lang.OutOfMemoryError: Java heap space    at java.util.HashMap.newNode(HashMap.java:1747)
    at java.util.HashMap.putVal(HashMap.java:642)
    at java.util.HashMap.put(HashMap.java:612)
    at fr.inria.lille.commons.trace.collector.ValueCollector.collectWith(ValueCollector.java:31)
    at fr.inria.lille.commons.trace.collector.ValueCollector.collectFrom(ValueCollector.java:21)
    at fr.inria.lille.commons.trace.RuntimeValues.collectInput(RuntimeValues.java:89)


	at java.io.UnixFileSystem.getBooleanAttributes0(Native Method)
	at java.io.UnixFileSystem.getBooleanAttributes(UnixFileSystem.java:242)
	at java.io.File.isFile(File.java:882)
	at spoon.support.compiler.FileSystemFolder.getSubFolders(FileSystemFolder.java:86)
	at spoon.support.compiler.FileSystemFolder.getAllJavaFiles(FileSystemFolder.java:113)
	at spoon.support.compiler.FileSystemFolder.getAllJavaFiles(FileSystemFolder.java:114)
	at spoon.support.compiler.FileSystemFolder.getAllJavaFiles(FileSystemFolder.java:114)
	at spoon.support.compiler.FileSystemFolder.getAllJavaFiles(FileSystemFolder.java:114)
	at spoon.support.compiler.FileSystemFolder.getAllJavaFiles(FileSystemFolder.java:114)
	at spoon.support.compiler.FileSystemFolder.getAllJavaFiles(FileSystemFolder.java:114)
	at spoon.support.StandardEnvironment.verifySourceClasspath(StandardEnvironment.java:444)
	at spoon.support.StandardEnvironment.setSourceClasspath(StandardEnvironment.java:428)
	at spoon.support.compiler.jdt.JDTBasedSpoonCompiler.setSourceClasspath(JDTBasedSpoonCompiler.java:321)
	at fr.inria.lille.commons.spoon.util.SpoonModelLibrary.modelFor(SpoonModelLibrary.java:47)
	at fr.inria.lille.commons.spoon.SpoonedFile.<init>(SpoonedFile.java:61)
	at fr.inria.lille.commons.spoon.SpoonedClass.<init>(SpoonedClass.java:14)
	at fr.inria.lille.commons.spoon.SpoonedProject.forked(SpoonedProject.java:47)
	at fr.inria.lille.repair.nopol.NoPol.runOnStatement(NoPol.java:222)
	at fr.inria.lille.repair.nopol.NoPol.solveWithMultipleBuild(NoPol.java:213)
	at fr.inria.lille.repair.nopol.NoPol.build(NoPol.java:154)
	at fr.inria.lille.repair.Main$1.call(Main.java:101)
	at java.util.concurrent.FutureTask.run(FutureTask.java:266)
	at java.util.concurrent.ThreadPoolExecutor.runWorker(ThreadPoolExecutor.java:1149)
	at java.util.concurrent.ThreadPoolExecutor$Worker.run(ThreadPoolExecutor.java:624)
	at java.lang.Thread.run(Thread.java:748)

Usage: java -jar nopol.jar
                          [(-m|--mode) <repair|ranking>] (-e|--type) <condition|precondition|pre_then_cond|loop|arithmetic> [(-o|--oracle) <angelic|symbolic>] [(-y|--synthesis) <smt|dynamoth>] [(-l|--solver) <z3|cvc4>] [(-p|--solver-path) <solverPath>] (-s|--source) source1:source2:...:sourceN  (-c|--classpath) <classpath> [(-t|--test) test1:test2:...:testN ] [--complianceLevel <complianceLevel>] [--maxTime <maxTime>] [--maxTimeType <maxTimeType>] [(-z|--flocal) < cocospoon|dumb|gzoltar>] [--output <outputFolder>] [--json[:<outputJson>]]

  [(-m|--mode) <repair|ranking>]
        Define the mode of execution. (default: repair)

  (-e|--type) <condition|precondition|pre_then_cond|loop|arithmetic>
        The repair type (example fixing only conditions, or adding
        precondition). REQUIRED OPTION (default: condition)

  [(-o|--oracle) <angelic|symbolic>]
        Define the oracle (only used with repair mode). (default: angelic)

  [(-y|--synthesis) <smt|dynamoth>]
        Define the patch synthesis. (default: smt)

  [(-l|--solver) <z3|cvc4>]
        Define the solver (only used with smt synthesis). (default: z3)

  [(-p|--solver-path) <solverPath>]
        Define the solver binary path (only used with smt synthesis).

  (-s|--source) source1:source2:...:sourceN 
        Define the path to the source code of the project.

  (-c|--classpath) <classpath>
        Define the classpath of the project.

  [(-t|--test) test1:test2:...:testN ]
        Define the tests of the project (both failing and passing),
        fully-qualified, separated with ':' (even if the classpath contains
        other tests, only those are considered.

  [--complianceLevel <complianceLevel>]
        The compliance level of the project. (default: 7)

  [--maxTime <maxTime>]
        The maximum time execution in minute for the whole execution of
        Nopol.(default: 10)

  [--maxTimeType <maxTimeType>]
        The maximum time execution in minute for one type of patch. (default: 5)

  [(-z|--flocal) < cocospoon|dumb|gzoltar>]
        Define the fault localizer to be used. (default: gzoltar)

  [--output <outputFolder>]
        Define the location where the patches will be saved. (default: .)

  [--json[:<outputJson>]]
        Output a json file in the current working directory.

Command exited with non-zero status 255
7748.15user 15.06system 34:08.48elapsed 378%CPU (0avgtext+0avgdata 4585532maxresident)k
47048inputs+175152outputs (22major+1650880minor)pagefaults 0swaps


Node: graphene-58.nancy.grid5000.fr



Date: Sat Dec 29 11:57:52 EST 2018

