cd /tmp/NPEFix_Bears_square-javapoet_418963407-436938143;
export JAVA_TOOL_OPTIONS="-Dfile.encoding=UTF8 -Duser.language=en-US -Duser.country=US -Duser.language=en";
TZ="America/New_York"; export TZ;
export PATH="/usr/lib/jvm/java-1.8.0-openjdk-amd64/bin/:$PATH";
export JAVA_HOME="/usr/lib/jvm/java-1.8.0-openjdk-amd64/bin/";
time java -Xmx4048m -cp /home/tdurieux/RepairThemAll/script/../repair_tools/npefix.jar fr.inria.spirals.npefix.main.run.Main \
    --test com.squareup.javapoet.ParameterSpecTest \
    --iteration 100 \
	--complianceLevel 8 \
	--workingdirectory . \
	--source src/main/java \
	--classpath target/classes:target/test-classes:/home/tdurieux/.m2/repository/com/google/truth/extensions/truth-java8-extension/0.37/truth-java8-extension-0.37.jar:/home/tdurieux/.m2/repository/com/google/auto/value/auto-value/1.5.3/auto-value-1.5.3.jar:/home/tdurieux/.m2/repository/net/bytebuddy/byte-buddy/1.7.9/byte-buddy-1.7.9.jar:/home/tdurieux/.m2/repository/com/google/auto/auto-common/0.9/auto-common-0.9.jar:/home/tdurieux/.m2/repository/org/codehaus/mojo/animal-sniffer-annotations/1.14/animal-sniffer-annotations-1.14.jar:/home/tdurieux/.m2/repository/junit/junit/4.12/junit-4.12.jar:/home/tdurieux/.m2/repository/com/google/testing/compile/compile-testing/0.15/compile-testing-0.15.jar:/home/tdurieux/.m2/repository/com/google/jimfs/jimfs/1.1/jimfs-1.1.jar:/home/tdurieux/.m2/repository/org/objenesis/objenesis/2.6/objenesis-2.6.jar:/home/tdurieux/.m2/repository/com/google/truth/truth/0.39/truth-0.39.jar:/usr/lib/jvm/java-8-openjdk-amd64/jre/../lib/tools.jar:/home/tdurieux/.m2/repository/net/bytebuddy/byte-buddy-agent/1.7.9/byte-buddy-agent-1.7.9.jar:/home/tdurieux/.m2/repository/org/mockito/mockito-core/2.13.0/mockito-core-2.13.0.jar:/home/tdurieux/.m2/repository/com/google/j2objc/j2objc-annotations/1.1/j2objc-annotations-1.1.jar:/home/tdurieux/.m2/repository/com/google/errorprone/error_prone_annotations/2.1.3/error_prone_annotations-2.1.3.jar:/home/tdurieux/.m2/repository/org/eclipse/jdt/core/compiler/ecj/4.6.1/ecj-4.6.1.jar:/home/tdurieux/.m2/repository/com/google/guava/guava/23.4-android/guava-23.4-android.jar:/home/tdurieux/.m2/repository/org/hamcrest/hamcrest-core/1.3/hamcrest-core-1.3.jar:/home/tdurieux/.m2/repository/com/google/code/findbugs/jsr305/1.3.9/jsr305-1.3.9.jar;
	echo "\n\nNode: `hostname`\n";
	echo "\n\nDate: `date`\n";
Picked up JAVA_TOOL_OPTIONS: -Dfile.encoding=UTF8 -Duser.language=en-US -Duser.country=US -Duser.language=en
TernarySplitter  in 70ms
return ((keyword) != null) && ((this) != (TypeName.VOID))
Util.checkArgument((annotationSpecs != null), "annotationSpecs == null")
Util.checkArgument((typeVariables != null), "typeVariables == null")
Util.checkArgument((parameterSpecs != null), "parameterSpecs == null")
Util.checkArgument((exceptions != null), "exceptions == null")
Util.checkState(((this.defaultValue) == null), "defaultValue was already set")
return (!(parameters.isEmpty())) && ((TypeName.asArray(parameters.get(((parameters.size()) - 1)).type)) != null)
Util.checkArgument((annotationSpecs != null), "annotationSpecs == null")
Util.checkArgument((annotationSpecs != null), "annotationSpecs == null")
Util.checkState(((this.initializer) == null), "initializer was already set")
Util.checkArgument((className != null), "className == null")
Util.checkArgument((names != null), "names == null")
Util.checkArgument((name != null), "null entry in names array: %s", Arrays.toString(names))
Util.checkState((deferredTypeName == null), "pending type for static import?!")
nameResolved = resolved != null
Util.checkArgument(((name == null) || (SourceVersion.isName(name))), "not a valid name: %s", name)
Util.checkArgument((annotationSpecs != null), "annotationSpecs == null")
Util.checkState(((anonymousTypeArguments) == null), "forbidden on anonymous types.")
Util.checkArgument((modifier != null), "modifiers contain null")
Util.checkState(((anonymousTypeArguments) == null), "forbidden on anonymous types.")
Util.checkArgument((typeVariables != null), "typeVariables == null")
Util.checkState(((anonymousTypeArguments) == null), "forbidden on anonymous types.")
Util.checkArgument((superinterfaces != null), "superinterfaces == null")
Util.checkArgument((superinterface != null), "superinterface == null")
Util.checkArgument(((typeSpec.anonymousTypeArguments) != null), "enum constants must have anonymous type arguments")
Util.checkArgument((fieldSpecs != null), "fieldSpecs == null")
Util.checkArgument((methodSpecs != null), "methodSpecs == null")
Util.checkState(((methodSpec.defaultValue) == null), "%s %s.%s cannot have a default value", kind, name, methodSpec.name)
Util.checkArgument((typeSpecs != null), "typeSpecs == null")
Util.checkArgument((((anonymousTypeArguments) == null) || (interestingSupertypeCount <= 1)), "anonymous type has too many supertypes")
assert (type.anonymousTypeArguments) == null
Util.checkArgument(((!(this.typeArguments.isEmpty())) || (enclosingType != null)), "no type arguments: %s", rawType)
return (super.isAnnotated()) || (((enclosingClassName) != null) && (enclosingClassName.isAnnotated()))
CheckNotNull  in 172ms
ForceNullInit in 27ms
AddImplicitCastChecker --> 2 in 38ms
BeforeDeref --> 841 (failed:0) in 263ms
target--> 1039 (failed:0) in 666ms
TryRegister # Try: 15 in 51ms
Assign --> 314 (failed: 0) in 409ms
VarInit --> 87 in 85ms
MethodEncapsulation # Method: 355 in 715ms
ConstructorEncapsulation # Constructor: 38 in 158ms
VariableFor in 76ms
spoon.compiler.ModelBuildingException: Local variable simpleName defined in an enclosing scope must be final or effectively final at /tmp/NPEFix_Bears_square-javapoet_418963407-436938143/ClassName.java:656
	at spoon.support.compiler.jdt.JDTBasedSpoonCompiler.report(JDTBasedSpoonCompiler.java:581)
	at spoon.support.compiler.jdt.JDTBasedSpoonCompiler.reportProblems(JDTBasedSpoonCompiler.java:562)
	at spoon.support.compiler.jdt.JDTBasedSpoonCompiler.compile(JDTBasedSpoonCompiler.java:157)
	at fr.inria.spirals.npefix.main.all.Launcher.instrument(Launcher.java:109)
	at fr.inria.spirals.npefix.main.run.Main.run(Main.java:61)
	at fr.inria.spirals.npefix.main.run.Main.main(Main.java:48)
Exception in thread "main" spoon.compiler.ModelBuildingException: Local variable simpleName defined in an enclosing scope must be final or effectively final at /tmp/NPEFix_Bears_square-javapoet_418963407-436938143/ClassName.java:656
	at spoon.support.compiler.jdt.JDTBasedSpoonCompiler.report(JDTBasedSpoonCompiler.java:581)
	at spoon.support.compiler.jdt.JDTBasedSpoonCompiler.reportProblems(JDTBasedSpoonCompiler.java:562)
	at spoon.support.compiler.jdt.JDTBasedSpoonCompiler.compile(JDTBasedSpoonCompiler.java:157)
	at fr.inria.spirals.npefix.main.all.Launcher.instrument(Launcher.java:109)
	at fr.inria.spirals.npefix.main.run.Main.run(Main.java:61)
	at fr.inria.spirals.npefix.main.run.Main.main(Main.java:48)
Command exited with non-zero status 1
47.71user 1.09system 0:16.45elapsed 296%CPU (0avgtext+0avgdata 1354320maxresident)k
17040inputs+2720outputs (1major+352784minor)pagefaults 0swaps


Node: suno-34.sophia.grid5000.fr



Date: Wed Dec 26 12:12:32 EST 2018

