cd /tmp/DynaMoth_Bug_dot_jar_Jackrabbit-Oak_3ce758b7;
export JAVA_TOOL_OPTIONS="-Dfile.encoding=UTF8 -Duser.language=en-US -Duser.country=US -Duser.language=en";
TZ="America/New_York"; export TZ;
export PATH="/usr/lib/jvm/java-1.8.0-openjdk-amd64/bin/:$PATH";
export JAVA_HOME="/usr/lib/jvm/java-1.8.0-openjdk-amd64/bin/";
time java -Xmx4048m -cp /home/tdurieux/defects4j4repair/script/../repair_tools/nopol.jar:/usr/lib/jvm/java-1.8.0-openjdk-amd64/bin//../lib/tools.jar fr.inria.lille.repair.Main \
	--mode repair \
	--type pre_then_cond \
	--oracle angelic \
	--synthesis dynamoth \
	--flocal gzoltar \
	--json \
	--solver z3 \
	--solver-path /home/tdurieux/defects4j4repair/script/../libs/z3/build/z3 \
	--complianceLevel 7 \
	--source oak-mk/src/main/java \
	--classpath "oak-mk/target/classes:oak-mk/target/test-classes:/tmp/DynaMoth_Bug_dot_jar_Jackrabbit-Oak_3ce758b7/oak-commons/target/classes:/tmp/DynaMoth_Bug_dot_jar_Jackrabbit-Oak_3ce758b7/oak-mk-api/target/classes:/tmp/DynaMoth_Bug_dot_jar_Jackrabbit-Oak_3ce758b7/oak-mk-remote/target/classes:/tmp/DynaMoth_Bug_dot_jar_Jackrabbit-Oak_3ce758b7/oak-mongomk/target/classes:/tmp/DynaMoth_Bug_dot_jar_Jackrabbit-Oak_3ce758b7/oak-it/mk/target/classes:/tmp/DynaMoth_Bug_dot_jar_Jackrabbit-Oak_3ce758b7/oak-core/target/classes:/tmp/DynaMoth_Bug_dot_jar_Jackrabbit-Oak_3ce758b7/oak-jcr/target/classes:/tmp/DynaMoth_Bug_dot_jar_Jackrabbit-Oak_3ce758b7/oak-sling/target/classes:/tmp/DynaMoth_Bug_dot_jar_Jackrabbit-Oak_3ce758b7/oak-http/target/classes:/tmp/DynaMoth_Bug_dot_jar_Jackrabbit-Oak_3ce758b7/oak-lucene/target/classes:/tmp/DynaMoth_Bug_dot_jar_Jackrabbit-Oak_3ce758b7/oak-run/target/classes:/tmp/DynaMoth_Bug_dot_jar_Jackrabbit-Oak_3ce758b7/oak-it/osgi/target/classes:/tmp/DynaMoth_Bug_dot_jar_Jackrabbit-Oak_3ce758b7/oak-bench/base/target/classes:/tmp/DynaMoth_Bug_dot_jar_Jackrabbit-Oak_3ce758b7/oak-bench/latest/target/classes:/tmp/DynaMoth_Bug_dot_jar_Jackrabbit-Oak_3ce758b7/oak-mk-perf/target/classes:/home/tdurieux/.m2/repository/ch/qos/logback/logback-core/1.0.1/logback-core-1.0.1.jar:/home/tdurieux/.m2/repository/com/google/guava/guava/13.0.1/guava-13.0.1.jar:/home/tdurieux/.m2/repository/org/codehaus/jackson/jackson-core-asl/1.9.2/jackson-core-asl-1.9.2.jar:/home/tdurieux/.m2/repository/org/apache/jackrabbit/oak-http/0.6-SNAPSHOT/oak-http-0.6-SNAPSHOT.jar:/home/tdurieux/.m2/repository/org/ops4j/base/ops4j-base-net/1.3.0/ops4j-base-net-1.3.0.jar:/home/tdurieux/.m2/repository/org/osgi/org.osgi.core/4.2.0/org.osgi.core-4.2.0.jar:/home/tdurieux/.m2/repository/org/sonatype/aether/aether-spi/1.11/aether-spi-1.11.jar:/home/tdurieux/.m2/repository/org/ops4j/pax/swissbox/pax-swissbox-optional-jcl/1.5.0/pax-swissbox-optional-jcl-1.5.0.jar:/home/tdurieux/.m2/repository/org/slf4j/slf4j-api/1.6.4/slf4j-api-1.6.4.jar:/home/tdurieux/.m2/repository/com/cedarsoft/commons/xml-commons/5.0.9/xml-commons-5.0.9.jar:/home/tdurieux/.m2/repository/org/mongodb/mongo-java-driver/2.7.1/mongo-java-driver-2.7.1.jar:/home/tdurieux/.m2/repository/org/ops4j/pax/exam/pax-exam-junit4/2.4.0/pax-exam-junit4-2.4.0.jar:/home/tdurieux/.m2/repository/com/cedarsoft/commons/crypt/5.0.9/crypt-5.0.9.jar:/home/tdurieux/.m2/repository/org/json/json/20090211/json-20090211.jar:/home/tdurieux/.m2/repository/org/apache/xbean/xbean-reflect/3.4/xbean-reflect-3.4.jar:/home/tdurieux/.m2/repository/commons-pool/commons-pool/1.5.4/commons-pool-1.5.4.jar:/home/tdurieux/.m2/repository/org/eclipse/jetty/jetty-io/8.1.2.v20120308/jetty-io-8.1.2.v20120308.jar:/home/tdurieux/.m2/repository/org/ops4j/base/ops4j-base-lang/1.3.0/ops4j-base-lang-1.3.0.jar:/home/tdurieux/.m2/repository/javax/servlet/servlet-api/2.5/servlet-api-2.5.jar:/home/tdurieux/.m2/repository/org/ops4j/pax/exam/pax-exam/2.4.0/pax-exam-2.4.0.jar:/home/tdurieux/.m2/repository/com/googlecode/json-simple/json-simple/1.1/json-simple-1.1.jar:/home/tdurieux/.m2/repository/org/slf4j/slf4j-api/1.5.8/slf4j-api-1.5.8.jar:/home/tdurieux/.m2/repository/org/apache/maven/maven-model-builder/3.0.3/maven-model-builder-3.0.3.jar:/home/tdurieux/.m2/repository/com/google/code/findbugs/jsr305/2.0.0/jsr305-2.0.0.jar:/home/tdurieux/.m2/repository/org/apache/jackrabbit/oak-commons/0.6-SNAPSHOT/oak-commons-0.6-SNAPSHOT.jar:/home/tdurieux/.m2/repository/org/apache/jackrabbit/jackrabbit-spi-commons/2.6-SNAPSHOT/jackrabbit-spi-commons-2.6-SNAPSHOT.jar:/home/tdurieux/.m2/repository/org/mockito/mockito-all/1.9.0-rc1/mockito-all-1.9.0-rc1.jar:/home/tdurieux/.m2/repository/org/sonatype/aether/aether-impl/1.11/aether-impl-1.11.jar:/home/tdurieux/.m2/repository/org/apache/jackrabbit/oak-lucene/0.6-SNAPSHOT/oak-lucene-0.6-SNAPSHOT.jar:/home/tdurieux/.m2/repository/com/ibm/icu/icu4j/2.6.1/icu4j-2.6.1.jar:/home/tdurieux/.m2/repository/commons-io/commons-io/2.2/commons-io-2.2.jar:/home/tdurieux/.m2/repository/org/apache/lucene/lucene-analyzers-common/4.0.0/lucene-analyzers-common-4.0.0.jar:/home/tdurieux/.m2/repository/org/apache/lucene/lucene-core/3.6.0/lucene-core-3.6.0.jar:/home/tdurieux/.m2/repository/org/ops4j/base/ops4j-base-spi/1.3.0/ops4j-base-spi-1.3.0.jar:/home/tdurieux/.m2/repository/org/apache/jackrabbit/oak-jcr/0.6-SNAPSHOT/oak-jcr-0.6-SNAPSHOT.jar:/home/tdurieux/.m2/repository/org/apache/jackrabbit/oak-core/0.6-SNAPSHOT/oak-core-0.6-SNAPSHOT-tests.jar:/home/tdurieux/.m2/repository/org/ops4j/pax/url/pax-url-classpath/1.4.0/pax-url-classpath-1.4.0.jar:/home/tdurieux/.m2/repository/org/ops4j/pax/tinybundles/tinybundles/1.0.0/tinybundles-1.0.0.jar:/home/tdurieux/.m2/repository/org/ops4j/pax/swissbox/pax-swissbox-core/1.5.0/pax-swissbox-core-1.5.0.jar:/home/tdurieux/.m2/repository/org/apache/jackrabbit/oak-mongomk/0.6-SNAPSHOT/oak-mongomk-0.6-SNAPSHOT.jar:/home/tdurieux/.m2/repository/org/apache/sling/org.apache.sling.jcr.api/2.1.0/org.apache.sling.jcr.api-2.1.0.jar:/home/tdurieux/.m2/repository/dom4j/dom4j/1.6.1/dom4j-1.6.1.jar:/home/tdurieux/.m2/repository/org/apache/maven/wagon/wagon-file/1.0-beta-7/wagon-file-1.0-beta-7.jar:/home/tdurieux/.m2/repository/org/apache/maven/wagon/wagon-http-shared/1.0-beta-7/wagon-http-shared-1.0-beta-7.jar:/home/tdurieux/.m2/repository/org/apache/jackrabbit/oak-mk-api/0.6-SNAPSHOT/oak-mk-api-0.6-SNAPSHOT.jar:/home/tdurieux/.m2/repository/com/google/collections/google-collections/1.0/google-collections-1.0.jar:/home/tdurieux/.m2/repository/org/slf4j/slf4j-nop/1.5.8/slf4j-nop-1.5.8.jar:/home/tdurieux/.m2/repository/com/fasterxml/jackson/core/jackson-databind/2.0.0/jackson-databind-2.0.0.jar:/home/tdurieux/.m2/repository/org/ops4j/pax/swissbox/pax-swissbox-framework/1.5.0/pax-swissbox-framework-1.5.0.jar:/home/tdurieux/.m2/repository/org/apache/jackrabbit/jackrabbit-core/2.6-SNAPSHOT/jackrabbit-core-2.6-SNAPSHOT-tests.jar:/home/tdurieux/.m2/repository/com/fasterxml/jackson/dataformat/jackson-dataformat-smile/2.0.2/jackson-dataformat-smile-2.0.2.jar:/home/tdurieux/.m2/repository/com/cedarsoft/commons/test-utils/5.0.9/test-utils-5.0.9.jar:/home/tdurieux/.m2/repository/commons-logging/commons-logging/1.0.4/commons-logging-1.0.4.jar:/home/tdurieux/.m2/repository/org/ops4j/pax/url/pax-url-commons/1.4.0/pax-url-commons-1.4.0.jar:/home/tdurieux/.m2/repository/org/sonatype/aether/aether-connector-wagon/1.11/aether-connector-wagon-1.11.jar:/home/tdurieux/.m2/repository/asm/asm/3.0/asm-3.0.jar:/home/tdurieux/.m2/repository/org/sonatype/aether/aether-api/1.11/aether-api-1.11.jar:/home/tdurieux/.m2/repository/biz/aQute/bndlib/1.50.0/bndlib-1.50.0.jar:/home/tdurieux/.m2/repository/com/fasterxml/jackson/core/jackson-core/2.0.0/jackson-core-2.0.0.jar:/home/tdurieux/.m2/repository/commons-fileupload/commons-fileupload/1.2.1/commons-fileupload-1.2.1.jar:/home/tdurieux/.m2/repository/org/easytesting/fest-reflect/1.2/fest-reflect-1.2.jar:/home/tdurieux/.m2/repository/org/hamcrest/hamcrest-core/1.1/hamcrest-core-1.1.jar:/home/tdurieux/.m2/repository/commons-dbcp/commons-dbcp/1.3/commons-dbcp-1.3.jar:/home/tdurieux/.m2/repository/javax/jcr/jcr/2.0/jcr-2.0.jar:/home/tdurieux/.m2/repository/org/eclipse/jetty/jetty-http/8.1.2.v20120308/jetty-http-8.1.2.v20120308.jar:/home/tdurieux/.m2/repository/xml-apis/xml-apis/1.3.02/xml-apis-1.3.02.jar:/home/tdurieux/.m2/repository/org/apache/geronimo/specs/geronimo-atinject_1.0_spec/1.0/geronimo-atinject_1.0_spec-1.0.jar:/home/tdurieux/.m2/repository/org/ops4j/base/ops4j-base-store/1.3.0/ops4j-base-store-1.3.0.jar:/home/tdurieux/.m2/repository/xerces/xercesImpl/2.6.2/xercesImpl-2.6.2.jar:/home/tdurieux/.m2/repository/org/codehaus/jackson/jackson-mapper-asl/1.9.2/jackson-mapper-asl-1.9.2.jar:/home/tdurieux/.m2/repository/org/apache/maven/wagon/wagon-provider-api/1.0-beta-7/wagon-provider-api-1.0-beta-7.jar:/home/tdurieux/.m2/repository/org/apache/sling/org.apache.sling.commons.osgi/2.1.0/org.apache.sling.commons.osgi-2.1.0.jar:/home/tdurieux/.m2/repository/org/apache/jackrabbit/jackrabbit-api/2.6-SNAPSHOT/jackrabbit-api-2.6-SNAPSHOT.jar:/home/tdurieux/.m2/repository/org/apache/jackrabbit/oak-it-mk/0.6-SNAPSHOT/oak-it-mk-0.6-SNAPSHOT.jar:/home/tdurieux/.m2/repository/commons-codec/commons-codec/1.2/commons-codec-1.2.jar:/home/tdurieux/.m2/repository/org/apache/jackrabbit/jackrabbit-spi/2.6-SNAPSHOT/jackrabbit-spi-2.6-SNAPSHOT.jar:/home/tdurieux/.m2/repository/com/h2database/h2/1.3.158/h2-1.3.158.jar:/home/tdurieux/.m2/repository/jaxen/jaxen/1.1.3/jaxen-1.1.3.jar:/home/tdurieux/.m2/repository/commons-codec/commons-codec/1.5/commons-codec-1.5.jar:/home/tdurieux/.m2/repository/javax/inject/javax.inject/1/javax.inject-1.jar:/home/tdurieux/.m2/repository/org/apache/jackrabbit/oak-mk-remote/0.6-SNAPSHOT/oak-mk-remote-0.6-SNAPSHOT.jar:/home/tdurieux/.m2/repository/org/apache/derby/derby/10.5.3.0_1/derby-10.5.3.0_1.jar:/home/tdurieux/.m2/repository/org/slf4j/jcl-over-slf4j/1.6.4/jcl-over-slf4j-1.6.4.jar:/home/tdurieux/.m2/repository/concurrent/concurrent/1.3.4/concurrent-1.3.4.jar:/home/tdurieux/.m2/repository/org/ops4j/base/ops4j-base-io/1.3.0/ops4j-base-io-1.3.0.jar:/home/tdurieux/.m2/repository/org/apache/jackrabbit/jackrabbit-webdav/2.6-SNAPSHOT/jackrabbit-webdav-2.6-SNAPSHOT.jar:/home/tdurieux/.m2/repository/org/ops4j/pax/url/pax-url-aether/1.3.3/pax-url-aether-1.3.3.jar:/home/tdurieux/.m2/repository/org/eclipse/jetty/orbit/javax.servlet/3.0.0.v201112011016/javax.servlet-3.0.0.v201112011016.jar:/home/tdurieux/.m2/repository/org/apache/maven/maven-model/3.0.3/maven-model-3.0.3.jar:/home/tdurieux/.m2/repository/org/ops4j/pax/swissbox/pax-swissbox-lifecycle/1.5.0/pax-swissbox-lifecycle-1.5.0.jar:/home/tdurieux/.m2/repository/org/ops4j/base/ops4j-base-util-property/1.3.0/ops4j-base-util-property-1.3.0.jar:/home/tdurieux/.m2/repository/org/ops4j/pax/url/pax-url-link/1.4.0/pax-url-link-1.4.0.jar:/home/tdurieux/.m2/repository/commons-io/commons-io/2.0.1/commons-io-2.0.1.jar:/home/tdurieux/.m2/repository/org/eclipse/jetty/jetty-server/8.1.2.v20120308/jetty-server-8.1.2.v20120308.jar:/home/tdurieux/.m2/repository/org/apache/jackrabbit/jackrabbit-jcr-tests/2.6-SNAPSHOT/jackrabbit-jcr-tests-2.6-SNAPSHOT.jar:/home/tdurieux/.m2/repository/org/apache/maven/maven-aether-provider/3.0.3/maven-aether-provider-3.0.3.jar:/home/tdurieux/.m2/repository/com/jamonapi/jamon/2.4/jamon-2.4.jar:/home/tdurieux/.m2/repository/org/apache/felix/org.apache.felix.framework/4.0.2/org.apache.felix.framework-4.0.2.jar:/home/tdurieux/.m2/repository/org/apache/felix/org.apache.felix.scr.annotations/1.7.0/org.apache.felix.scr.annotations-1.7.0.jar:/home/tdurieux/.m2/repository/org/eclipse/jetty/jetty-util/8.1.2.v20120308/jetty-util-8.1.2.v20120308.jar:/home/tdurieux/.m2/repository/org/ops4j/base/ops4j-base-monitors/1.3.0/ops4j-base-monitors-1.3.0.jar:/home/tdurieux/.m2/repository/org/apache/jackrabbit/oak-mk/0.6-SNAPSHOT/oak-mk-0.6-SNAPSHOT.jar:/home/tdurieux/.m2/repository/org/mongodb/mongo-java-driver/2.9.1/mongo-java-driver-2.9.1.jar:/home/tdurieux/.m2/repository/org/sonatype/aether/aether-util/1.11/aether-util-1.11.jar:/home/tdurieux/.m2/repository/org/eclipse/jetty/jetty-servlet/8.1.2.v20120308/jetty-servlet-8.1.2.v20120308.jar:/home/tdurieux/.m2/repository/commons-httpclient/commons-httpclient/3.1/commons-httpclient-3.1.jar:/home/tdurieux/.m2/repository/org/jdom/jdom/1.1.2/jdom-1.1.2.jar:/home/tdurieux/.m2/repository/org/ops4j/base/ops4j-base-exec/1.3.0/ops4j-base-exec-1.3.0.jar:/home/tdurieux/.m2/repository/xerces/xmlParserAPIs/2.6.2/xmlParserAPIs-2.6.2.jar:/home/tdurieux/.m2/repository/org/ops4j/pax/exam/pax-exam-link-assembly/2.4.0/pax-exam-link-assembly-2.4.0.jar:/home/tdurieux/.m2/repository/org/codehaus/plexus/plexus-classworlds/2.4/plexus-classworlds-2.4.jar:/home/tdurieux/.m2/repository/org/osgi/org.osgi.compendium/4.2.0/org.osgi.compendium-4.2.0.jar:/home/tdurieux/.m2/repository/commons-io/commons-io/1.4/commons-io-1.4.jar:/home/tdurieux/.m2/repository/jdom/jdom/1.0/jdom-1.0.jar:/home/tdurieux/.m2/repository/org/codehaus/plexus/plexus-interpolation/1.14/plexus-interpolation-1.14.jar:/home/tdurieux/.m2/repository/org/apache/maven/wagon/wagon-http-lightweight/1.0-beta-7/wagon-http-lightweight-1.0-beta-7.jar:/home/tdurieux/.m2/repository/org/apache/commons/commons-math/2.0/commons-math-2.0.jar:/home/tdurieux/.m2/repository/org/eclipse/jetty/jetty-security/8.1.2.v20120308/jetty-security-8.1.2.v20120308.jar:/home/tdurieux/.m2/repository/org/eclipse/jetty/jetty-continuation/8.1.2.v20120308/jetty-continuation-8.1.2.v20120308.jar:/home/tdurieux/.m2/repository/org/apache/maven/maven-repository-metadata/3.0.3/maven-repository-metadata-3.0.3.jar:/home/tdurieux/.m2/repository/ch/qos/logback/logback-classic/1.0.1/logback-classic-1.0.1.jar:/home/tdurieux/.m2/repository/xmlunit/xmlunit/1.3/xmlunit-1.3.jar:/home/tdurieux/.m2/repository/com/fasterxml/jackson/core/jackson-annotations/2.0.0/jackson-annotations-2.0.0.jar:/home/tdurieux/.m2/repository/org/apache/jackrabbit/oak-core/0.6-SNAPSHOT/oak-core-0.6-SNAPSHOT.jar:/home/tdurieux/.m2/repository/org/codehaus/plexus/plexus-utils/2.0.5/plexus-utils-2.0.5.jar:/home/tdurieux/.m2/repository/org/slf4j/slf4j-simple/1.6.1/slf4j-simple-1.6.1.jar:/home/tdurieux/.m2/repository/org/easytesting/fest-util/1.1.6/fest-util-1.1.6.jar:/home/tdurieux/.m2/repository/org/ops4j/pax/exam/pax-exam-container-native/2.4.0/pax-exam-container-native-2.4.0.jar:/home/tdurieux/.m2/repository/org/ops4j/pax/swissbox/pax-swissbox-property/1.5.0/pax-swissbox-property-1.5.0.jar:/home/tdurieux/.m2/repository/xalan/xalan/2.6.0/xalan-2.6.0.jar:/home/tdurieux/.m2/repository/org/easytesting/fest-assert/1.4/fest-assert-1.4.jar:/home/tdurieux/.m2/repository/org/apache/tika/tika-core/1.0/tika-core-1.0.jar:/home/tdurieux/.m2/repository/org/slf4j/jul-to-slf4j/1.6.4/jul-to-slf4j-1.6.4.jar:/home/tdurieux/.m2/repository/org/codehaus/plexus/plexus-component-annotations/1.5.5/plexus-component-annotations-1.5.5.jar:/home/tdurieux/.m2/repository/junit/junit/4.10/junit-4.10.jar:/home/tdurieux/.m2/repository/org/apache/jackrabbit/jackrabbit-jcr-commons/2.6-SNAPSHOT/jackrabbit-jcr-commons-2.6-SNAPSHOT.jar:/home/tdurieux/.m2/repository/org/ops4j/pax/exam/pax-exam-spi/2.4.0/pax-exam-spi-2.4.0.jar:/home/tdurieux/.m2/repository/org/apache/jackrabbit/oak-bench-base/0.6-SNAPSHOT/oak-bench-base-0.6-SNAPSHOT.jar:/home/tdurieux/.m2/repository/commons-lang/commons-lang/2.6/commons-lang-2.6.jar:/home/tdurieux/.m2/repository/xom/xom/1.0/xom-1.0.jar:/home/tdurieux/.m2/repository/org/apache/tika/tika-core/1.2/tika-core-1.2.jar:/home/tdurieux/.m2/repository/org/apache/lucene/lucene-core/4.0.0/lucene-core-4.0.0.jar:/home/tdurieux/.m2/repository/org/apache/jackrabbit/jackrabbit-jcr-server/2.6-SNAPSHOT/jackrabbit-jcr-server-2.6-SNAPSHOT.jar:/home/tdurieux/.m2/repository/org/apache/tika/tika-core/1.1/tika-core-1.1.jar:/home/tdurieux/.m2/repository/org/codehaus/plexus/plexus-container-default/1.5.4/plexus-container-default-1.5.4.jar:/home/tdurieux/.m2/repository/commons-collections/commons-collections/3.2.1/commons-collections-3.2.1.jar:/home/tdurieux/defects4j4repair/script/../repair_tools/nopol.jar";
	echo "\n\nNode: `hostname`\n";
	echo "\n\nDate: `date`\n";
Picked up JAVA_TOOL_OPTIONS: -Dfile.encoding=UTF8 -Duser.language=en-US -Duser.country=US -Duser.language=en
23:08:26.929 [main] INFO  fr.inria.lille.repair.nopol.NoPol - Source files: [oak-mk/src/main/java]
23:08:26.934 [main] INFO  fr.inria.lille.repair.nopol.NoPol - Classpath: [file:/tmp/DynaMoth_Bug_dot_jar_Jackrabbit-Oak_3ce758b7/oak-mk/target/classes/, file:/tmp/DynaMoth_Bug_dot_jar_Jackrabbit-Oak_3ce758b7/oak-mk/target/test-classes/, file:/tmp/DynaMoth_Bug_dot_jar_Jackrabbit-Oak_3ce758b7/oak-commons/target/classes/, file:/tmp/DynaMoth_Bug_dot_jar_Jackrabbit-Oak_3ce758b7/oak-mk-api/target/classes/, file:/tmp/DynaMoth_Bug_dot_jar_Jackrabbit-Oak_3ce758b7/oak-mk-remote/target/classes/, file:/tmp/DynaMoth_Bug_dot_jar_Jackrabbit-Oak_3ce758b7/oak-mongomk/target/classes/, file:/tmp/DynaMoth_Bug_dot_jar_Jackrabbit-Oak_3ce758b7/oak-it/mk/target/classes/, file:/tmp/DynaMoth_Bug_dot_jar_Jackrabbit-Oak_3ce758b7/oak-core/target/classes/, file:/tmp/DynaMoth_Bug_dot_jar_Jackrabbit-Oak_3ce758b7/oak-jcr/target/classes/, file:/tmp/DynaMoth_Bug_dot_jar_Jackrabbit-Oak_3ce758b7/oak-sling/target/classes/, file:/tmp/DynaMoth_Bug_dot_jar_Jackrabbit-Oak_3ce758b7/oak-http/target/classes/, file:/tmp/DynaMoth_Bug_dot_jar_Jackrabbit-Oak_3ce758b7/oak-lucene/target/classes/, file:/tmp/DynaMoth_Bug_dot_jar_Jackrabbit-Oak_3ce758b7/oak-run/target/classes/, file:/tmp/DynaMoth_Bug_dot_jar_Jackrabbit-Oak_3ce758b7/oak-it/osgi/target/classes/, file:/tmp/DynaMoth_Bug_dot_jar_Jackrabbit-Oak_3ce758b7/oak-bench/base/target/classes/, file:/tmp/DynaMoth_Bug_dot_jar_Jackrabbit-Oak_3ce758b7/oak-bench/latest/target/classes/, file:/tmp/DynaMoth_Bug_dot_jar_Jackrabbit-Oak_3ce758b7/oak-mk-perf/target/classes/, file:/home/tdurieux/.m2/repository/ch/qos/logback/logback-core/1.0.1/logback-core-1.0.1.jar, file:/home/tdurieux/.m2/repository/com/google/guava/guava/13.0.1/guava-13.0.1.jar, file:/home/tdurieux/.m2/repository/org/codehaus/jackson/jackson-core-asl/1.9.2/jackson-core-asl-1.9.2.jar, file:/home/tdurieux/.m2/repository/org/apache/jackrabbit/oak-http/0.6-SNAPSHOT/oak-http-0.6-SNAPSHOT.jar, file:/home/tdurieux/.m2/repository/org/ops4j/base/ops4j-base-net/1.3.0/ops4j-base-net-1.3.0.jar, file:/home/tdurieux/.m2/repository/org/osgi/org.osgi.core/4.2.0/org.osgi.core-4.2.0.jar, file:/home/tdurieux/.m2/repository/org/sonatype/aether/aether-spi/1.11/aether-spi-1.11.jar, file:/home/tdurieux/.m2/repository/org/ops4j/pax/swissbox/pax-swissbox-optional-jcl/1.5.0/pax-swissbox-optional-jcl-1.5.0.jar, file:/home/tdurieux/.m2/repository/org/slf4j/slf4j-api/1.6.4/slf4j-api-1.6.4.jar, file:/home/tdurieux/.m2/repository/com/cedarsoft/commons/xml-commons/5.0.9/xml-commons-5.0.9.jar, file:/home/tdurieux/.m2/repository/org/mongodb/mongo-java-driver/2.7.1/mongo-java-driver-2.7.1.jar, file:/home/tdurieux/.m2/repository/org/ops4j/pax/exam/pax-exam-junit4/2.4.0/pax-exam-junit4-2.4.0.jar, file:/home/tdurieux/.m2/repository/com/cedarsoft/commons/crypt/5.0.9/crypt-5.0.9.jar, file:/home/tdurieux/.m2/repository/org/json/json/20090211/json-20090211.jar, file:/home/tdurieux/.m2/repository/org/apache/xbean/xbean-reflect/3.4/xbean-reflect-3.4.jar, file:/home/tdurieux/.m2/repository/commons-pool/commons-pool/1.5.4/commons-pool-1.5.4.jar, file:/home/tdurieux/.m2/repository/org/eclipse/jetty/jetty-io/8.1.2.v20120308/jetty-io-8.1.2.v20120308.jar, file:/home/tdurieux/.m2/repository/org/ops4j/base/ops4j-base-lang/1.3.0/ops4j-base-lang-1.3.0.jar, file:/home/tdurieux/.m2/repository/javax/servlet/servlet-api/2.5/servlet-api-2.5.jar, file:/home/tdurieux/.m2/repository/org/ops4j/pax/exam/pax-exam/2.4.0/pax-exam-2.4.0.jar, file:/home/tdurieux/.m2/repository/com/googlecode/json-simple/json-simple/1.1/json-simple-1.1.jar, file:/home/tdurieux/.m2/repository/org/slf4j/slf4j-api/1.5.8/slf4j-api-1.5.8.jar, file:/home/tdurieux/.m2/repository/org/apache/maven/maven-model-builder/3.0.3/maven-model-builder-3.0.3.jar, file:/home/tdurieux/.m2/repository/com/google/code/findbugs/jsr305/2.0.0/jsr305-2.0.0.jar, file:/home/tdurieux/.m2/repository/org/apache/jackrabbit/oak-commons/0.6-SNAPSHOT/oak-commons-0.6-SNAPSHOT.jar, file:/home/tdurieux/.m2/repository/org/apache/jackrabbit/jackrabbit-spi-commons/2.6-SNAPSHOT/jackrabbit-spi-commons-2.6-SNAPSHOT.jar, file:/home/tdurieux/.m2/repository/org/mockito/mockito-all/1.9.0-rc1/mockito-all-1.9.0-rc1.jar, file:/home/tdurieux/.m2/repository/org/sonatype/aether/aether-impl/1.11/aether-impl-1.11.jar, file:/home/tdurieux/.m2/repository/org/apache/jackrabbit/oak-lucene/0.6-SNAPSHOT/oak-lucene-0.6-SNAPSHOT.jar, file:/home/tdurieux/.m2/repository/com/ibm/icu/icu4j/2.6.1/icu4j-2.6.1.jar, file:/home/tdurieux/.m2/repository/commons-io/commons-io/2.2/commons-io-2.2.jar, file:/home/tdurieux/.m2/repository/org/apache/lucene/lucene-analyzers-common/4.0.0/lucene-analyzers-common-4.0.0.jar, file:/home/tdurieux/.m2/repository/org/apache/lucene/lucene-core/3.6.0/lucene-core-3.6.0.jar, file:/home/tdurieux/.m2/repository/org/ops4j/base/ops4j-base-spi/1.3.0/ops4j-base-spi-1.3.0.jar, file:/home/tdurieux/.m2/repository/org/apache/jackrabbit/oak-jcr/0.6-SNAPSHOT/oak-jcr-0.6-SNAPSHOT.jar, file:/home/tdurieux/.m2/repository/org/apache/jackrabbit/oak-core/0.6-SNAPSHOT/oak-core-0.6-SNAPSHOT-tests.jar, file:/home/tdurieux/.m2/repository/org/ops4j/pax/url/pax-url-classpath/1.4.0/pax-url-classpath-1.4.0.jar, file:/home/tdurieux/.m2/repository/org/ops4j/pax/tinybundles/tinybundles/1.0.0/tinybundles-1.0.0.jar, file:/home/tdurieux/.m2/repository/org/ops4j/pax/swissbox/pax-swissbox-core/1.5.0/pax-swissbox-core-1.5.0.jar, file:/home/tdurieux/.m2/repository/org/apache/jackrabbit/oak-mongomk/0.6-SNAPSHOT/oak-mongomk-0.6-SNAPSHOT.jar, file:/home/tdurieux/.m2/repository/org/apache/sling/org.apache.sling.jcr.api/2.1.0/org.apache.sling.jcr.api-2.1.0.jar, file:/home/tdurieux/.m2/repository/dom4j/dom4j/1.6.1/dom4j-1.6.1.jar, file:/home/tdurieux/.m2/repository/org/apache/maven/wagon/wagon-file/1.0-beta-7/wagon-file-1.0-beta-7.jar, file:/home/tdurieux/.m2/repository/org/apache/maven/wagon/wagon-http-shared/1.0-beta-7/wagon-http-shared-1.0-beta-7.jar, file:/home/tdurieux/.m2/repository/org/apache/jackrabbit/oak-mk-api/0.6-SNAPSHOT/oak-mk-api-0.6-SNAPSHOT.jar, file:/home/tdurieux/.m2/repository/com/google/collections/google-collections/1.0/google-collections-1.0.jar, file:/home/tdurieux/.m2/repository/org/slf4j/slf4j-nop/1.5.8/slf4j-nop-1.5.8.jar, file:/home/tdurieux/.m2/repository/com/fasterxml/jackson/core/jackson-databind/2.0.0/jackson-databind-2.0.0.jar, file:/home/tdurieux/.m2/repository/org/ops4j/pax/swissbox/pax-swissbox-framework/1.5.0/pax-swissbox-framework-1.5.0.jar, file:/home/tdurieux/.m2/repository/org/apache/jackrabbit/jackrabbit-core/2.6-SNAPSHOT/jackrabbit-core-2.6-SNAPSHOT-tests.jar, file:/home/tdurieux/.m2/repository/com/fasterxml/jackson/dataformat/jackson-dataformat-smile/2.0.2/jackson-dataformat-smile-2.0.2.jar, file:/home/tdurieux/.m2/repository/com/cedarsoft/commons/test-utils/5.0.9/test-utils-5.0.9.jar, file:/home/tdurieux/.m2/repository/commons-logging/commons-logging/1.0.4/commons-logging-1.0.4.jar, file:/home/tdurieux/.m2/repository/org/ops4j/pax/url/pax-url-commons/1.4.0/pax-url-commons-1.4.0.jar, file:/home/tdurieux/.m2/repository/org/sonatype/aether/aether-connector-wagon/1.11/aether-connector-wagon-1.11.jar, file:/home/tdurieux/.m2/repository/asm/asm/3.0/asm-3.0.jar, file:/home/tdurieux/.m2/repository/org/sonatype/aether/aether-api/1.11/aether-api-1.11.jar, file:/home/tdurieux/.m2/repository/biz/aQute/bndlib/1.50.0/bndlib-1.50.0.jar, file:/home/tdurieux/.m2/repository/com/fasterxml/jackson/core/jackson-core/2.0.0/jackson-core-2.0.0.jar, file:/home/tdurieux/.m2/repository/commons-fileupload/commons-fileupload/1.2.1/commons-fileupload-1.2.1.jar, file:/home/tdurieux/.m2/repository/org/easytesting/fest-reflect/1.2/fest-reflect-1.2.jar, file:/home/tdurieux/.m2/repository/org/hamcrest/hamcrest-core/1.1/hamcrest-core-1.1.jar, file:/home/tdurieux/.m2/repository/commons-dbcp/commons-dbcp/1.3/commons-dbcp-1.3.jar, file:/home/tdurieux/.m2/repository/javax/jcr/jcr/2.0/jcr-2.0.jar, file:/home/tdurieux/.m2/repository/org/eclipse/jetty/jetty-http/8.1.2.v20120308/jetty-http-8.1.2.v20120308.jar, file:/home/tdurieux/.m2/repository/xml-apis/xml-apis/1.3.02/xml-apis-1.3.02.jar, file:/home/tdurieux/.m2/repository/org/apache/geronimo/specs/geronimo-atinject_1.0_spec/1.0/geronimo-atinject_1.0_spec-1.0.jar, file:/home/tdurieux/.m2/repository/org/ops4j/base/ops4j-base-store/1.3.0/ops4j-base-store-1.3.0.jar, file:/home/tdurieux/.m2/repository/xerces/xercesImpl/2.6.2/xercesImpl-2.6.2.jar, file:/home/tdurieux/.m2/repository/org/codehaus/jackson/jackson-mapper-asl/1.9.2/jackson-mapper-asl-1.9.2.jar, file:/home/tdurieux/.m2/repository/org/apache/maven/wagon/wagon-provider-api/1.0-beta-7/wagon-provider-api-1.0-beta-7.jar, file:/home/tdurieux/.m2/repository/org/apache/sling/org.apache.sling.commons.osgi/2.1.0/org.apache.sling.commons.osgi-2.1.0.jar, file:/home/tdurieux/.m2/repository/org/apache/jackrabbit/jackrabbit-api/2.6-SNAPSHOT/jackrabbit-api-2.6-SNAPSHOT.jar, file:/home/tdurieux/.m2/repository/org/apache/jackrabbit/oak-it-mk/0.6-SNAPSHOT/oak-it-mk-0.6-SNAPSHOT.jar, file:/home/tdurieux/.m2/repository/commons-codec/commons-codec/1.2/commons-codec-1.2.jar, file:/home/tdurieux/.m2/repository/org/apache/jackrabbit/jackrabbit-spi/2.6-SNAPSHOT/jackrabbit-spi-2.6-SNAPSHOT.jar, file:/home/tdurieux/.m2/repository/com/h2database/h2/1.3.158/h2-1.3.158.jar, file:/home/tdurieux/.m2/repository/jaxen/jaxen/1.1.3/jaxen-1.1.3.jar, file:/home/tdurieux/.m2/repository/commons-codec/commons-codec/1.5/commons-codec-1.5.jar, file:/home/tdurieux/.m2/repository/javax/inject/javax.inject/1/javax.inject-1.jar, file:/home/tdurieux/.m2/repository/org/apache/jackrabbit/oak-mk-remote/0.6-SNAPSHOT/oak-mk-remote-0.6-SNAPSHOT.jar, file:/home/tdurieux/.m2/repository/org/apache/derby/derby/10.5.3.0_1/derby-10.5.3.0_1.jar, file:/home/tdurieux/.m2/repository/org/slf4j/jcl-over-slf4j/1.6.4/jcl-over-slf4j-1.6.4.jar, file:/home/tdurieux/.m2/repository/concurrent/concurrent/1.3.4/concurrent-1.3.4.jar, file:/home/tdurieux/.m2/repository/org/ops4j/base/ops4j-base-io/1.3.0/ops4j-base-io-1.3.0.jar, file:/home/tdurieux/.m2/repository/org/apache/jackrabbit/jackrabbit-webdav/2.6-SNAPSHOT/jackrabbit-webdav-2.6-SNAPSHOT.jar, file:/home/tdurieux/.m2/repository/org/ops4j/pax/url/pax-url-aether/1.3.3/pax-url-aether-1.3.3.jar, file:/home/tdurieux/.m2/repository/org/eclipse/jetty/orbit/javax.servlet/3.0.0.v201112011016/javax.servlet-3.0.0.v201112011016.jar, file:/home/tdurieux/.m2/repository/org/apache/maven/maven-model/3.0.3/maven-model-3.0.3.jar, file:/home/tdurieux/.m2/repository/org/ops4j/pax/swissbox/pax-swissbox-lifecycle/1.5.0/pax-swissbox-lifecycle-1.5.0.jar, file:/home/tdurieux/.m2/repository/org/ops4j/base/ops4j-base-util-property/1.3.0/ops4j-base-util-property-1.3.0.jar, file:/home/tdurieux/.m2/repository/org/ops4j/pax/url/pax-url-link/1.4.0/pax-url-link-1.4.0.jar, file:/home/tdurieux/.m2/repository/commons-io/commons-io/2.0.1/commons-io-2.0.1.jar, file:/home/tdurieux/.m2/repository/org/eclipse/jetty/jetty-server/8.1.2.v20120308/jetty-server-8.1.2.v20120308.jar, file:/home/tdurieux/.m2/repository/org/apache/jackrabbit/jackrabbit-jcr-tests/2.6-SNAPSHOT/jackrabbit-jcr-tests-2.6-SNAPSHOT.jar, file:/home/tdurieux/.m2/repository/org/apache/maven/maven-aether-provider/3.0.3/maven-aether-provider-3.0.3.jar, file:/home/tdurieux/.m2/repository/com/jamonapi/jamon/2.4/jamon-2.4.jar, file:/home/tdurieux/.m2/repository/org/apache/felix/org.apache.felix.framework/4.0.2/org.apache.felix.framework-4.0.2.jar, file:/home/tdurieux/.m2/repository/org/apache/felix/org.apache.felix.scr.annotations/1.7.0/org.apache.felix.scr.annotations-1.7.0.jar, file:/home/tdurieux/.m2/repository/org/eclipse/jetty/jetty-util/8.1.2.v20120308/jetty-util-8.1.2.v20120308.jar, file:/home/tdurieux/.m2/repository/org/ops4j/base/ops4j-base-monitors/1.3.0/ops4j-base-monitors-1.3.0.jar, file:/home/tdurieux/.m2/repository/org/apache/jackrabbit/oak-mk/0.6-SNAPSHOT/oak-mk-0.6-SNAPSHOT.jar, file:/home/tdurieux/.m2/repository/org/mongodb/mongo-java-driver/2.9.1/mongo-java-driver-2.9.1.jar, file:/home/tdurieux/.m2/repository/org/sonatype/aether/aether-util/1.11/aether-util-1.11.jar, file:/home/tdurieux/.m2/repository/org/eclipse/jetty/jetty-servlet/8.1.2.v20120308/jetty-servlet-8.1.2.v20120308.jar, file:/home/tdurieux/.m2/repository/commons-httpclient/commons-httpclient/3.1/commons-httpclient-3.1.jar, file:/home/tdurieux/.m2/repository/org/jdom/jdom/1.1.2/jdom-1.1.2.jar, file:/home/tdurieux/.m2/repository/org/ops4j/base/ops4j-base-exec/1.3.0/ops4j-base-exec-1.3.0.jar, file:/home/tdurieux/.m2/repository/xerces/xmlParserAPIs/2.6.2/xmlParserAPIs-2.6.2.jar, file:/home/tdurieux/.m2/repository/org/ops4j/pax/exam/pax-exam-link-assembly/2.4.0/pax-exam-link-assembly-2.4.0.jar, file:/home/tdurieux/.m2/repository/org/codehaus/plexus/plexus-classworlds/2.4/plexus-classworlds-2.4.jar, file:/home/tdurieux/.m2/repository/org/osgi/org.osgi.compendium/4.2.0/org.osgi.compendium-4.2.0.jar, file:/home/tdurieux/.m2/repository/commons-io/commons-io/1.4/commons-io-1.4.jar, file:/home/tdurieux/.m2/repository/jdom/jdom/1.0/jdom-1.0.jar, file:/home/tdurieux/.m2/repository/org/codehaus/plexus/plexus-interpolation/1.14/plexus-interpolation-1.14.jar, file:/home/tdurieux/.m2/repository/org/apache/maven/wagon/wagon-http-lightweight/1.0-beta-7/wagon-http-lightweight-1.0-beta-7.jar, file:/home/tdurieux/.m2/repository/org/apache/commons/commons-math/2.0/commons-math-2.0.jar, file:/home/tdurieux/.m2/repository/org/eclipse/jetty/jetty-security/8.1.2.v20120308/jetty-security-8.1.2.v20120308.jar, file:/home/tdurieux/.m2/repository/org/eclipse/jetty/jetty-continuation/8.1.2.v20120308/jetty-continuation-8.1.2.v20120308.jar, file:/home/tdurieux/.m2/repository/org/apache/maven/maven-repository-metadata/3.0.3/maven-repository-metadata-3.0.3.jar, file:/home/tdurieux/.m2/repository/ch/qos/logback/logback-classic/1.0.1/logback-classic-1.0.1.jar, file:/home/tdurieux/.m2/repository/xmlunit/xmlunit/1.3/xmlunit-1.3.jar, file:/home/tdurieux/.m2/repository/com/fasterxml/jackson/core/jackson-annotations/2.0.0/jackson-annotations-2.0.0.jar, file:/home/tdurieux/.m2/repository/org/apache/jackrabbit/oak-core/0.6-SNAPSHOT/oak-core-0.6-SNAPSHOT.jar, file:/home/tdurieux/.m2/repository/org/codehaus/plexus/plexus-utils/2.0.5/plexus-utils-2.0.5.jar, file:/home/tdurieux/.m2/repository/org/slf4j/slf4j-simple/1.6.1/slf4j-simple-1.6.1.jar, file:/home/tdurieux/.m2/repository/org/easytesting/fest-util/1.1.6/fest-util-1.1.6.jar, file:/home/tdurieux/.m2/repository/org/ops4j/pax/exam/pax-exam-container-native/2.4.0/pax-exam-container-native-2.4.0.jar, file:/home/tdurieux/.m2/repository/org/ops4j/pax/swissbox/pax-swissbox-property/1.5.0/pax-swissbox-property-1.5.0.jar, file:/home/tdurieux/.m2/repository/xalan/xalan/2.6.0/xalan-2.6.0.jar, file:/home/tdurieux/.m2/repository/org/easytesting/fest-assert/1.4/fest-assert-1.4.jar, file:/home/tdurieux/.m2/repository/org/apache/tika/tika-core/1.0/tika-core-1.0.jar, file:/home/tdurieux/.m2/repository/org/slf4j/jul-to-slf4j/1.6.4/jul-to-slf4j-1.6.4.jar, file:/home/tdurieux/.m2/repository/org/codehaus/plexus/plexus-component-annotations/1.5.5/plexus-component-annotations-1.5.5.jar, file:/home/tdurieux/.m2/repository/junit/junit/4.10/junit-4.10.jar, file:/home/tdurieux/.m2/repository/org/apache/jackrabbit/jackrabbit-jcr-commons/2.6-SNAPSHOT/jackrabbit-jcr-commons-2.6-SNAPSHOT.jar, file:/home/tdurieux/.m2/repository/org/ops4j/pax/exam/pax-exam-spi/2.4.0/pax-exam-spi-2.4.0.jar, file:/home/tdurieux/.m2/repository/org/apache/jackrabbit/oak-bench-base/0.6-SNAPSHOT/oak-bench-base-0.6-SNAPSHOT.jar, file:/home/tdurieux/.m2/repository/commons-lang/commons-lang/2.6/commons-lang-2.6.jar, file:/home/tdurieux/.m2/repository/xom/xom/1.0/xom-1.0.jar, file:/home/tdurieux/.m2/repository/org/apache/tika/tika-core/1.2/tika-core-1.2.jar, file:/home/tdurieux/.m2/repository/org/apache/lucene/lucene-core/4.0.0/lucene-core-4.0.0.jar, file:/home/tdurieux/.m2/repository/org/apache/jackrabbit/jackrabbit-jcr-server/2.6-SNAPSHOT/jackrabbit-jcr-server-2.6-SNAPSHOT.jar, file:/home/tdurieux/.m2/repository/org/apache/tika/tika-core/1.1/tika-core-1.1.jar, file:/home/tdurieux/.m2/repository/org/codehaus/plexus/plexus-container-default/1.5.4/plexus-container-default-1.5.4.jar, file:/home/tdurieux/.m2/repository/commons-collections/commons-collections/3.2.1/commons-collections-3.2.1.jar, file:/home/tdurieux/defects4j4repair/script/../repair_tools/nopol.jar]
23:08:26.934 [main] INFO  fr.inria.lille.repair.nopol.NoPol - Statement type: PRE_THEN_COND
23:08:26.934 [main] INFO  fr.inria.lille.repair.nopol.NoPol - Args: [org.apache.jackrabbit.mk.ConcurrentWriteIT, org.apache.jackrabbit.mk.MicroKernelImplTest, org.apache.jackrabbit.mk.blobs.DbBlobStoreTest, org.apache.jackrabbit.mk.blobs.FileBlobStoreTest, org.apache.jackrabbit.mk.blobs.MemoryBlobStoreTest, org.apache.jackrabbit.mk.concurrent.ConcurrentBlobTest, org.apache.jackrabbit.mk.concurrent.ConcurrentCacheTest, org.apache.jackrabbit.mk.concurrent.ConcurrentTest, org.apache.jackrabbit.mk.json.JsopStreamTest, org.apache.jackrabbit.mk.json.JsopTest, org.apache.jackrabbit.mk.model.IdTest, org.apache.jackrabbit.mk.persistence.GCPersistenceTest, org.apache.jackrabbit.mk.store.DefaultRevisionStoreTest, org.apache.jackrabbit.mk.test.DataStoreIT, org.apache.jackrabbit.mk.test.MicroKernelIT, org.apache.jackrabbit.mk.util.CommitGateIT, org.apache.jackrabbit.mk.util.IOUtilsTest, org.apache.jackrabbit.mk.util.MicroKernelInputStreamTest, org.apache.jackrabbit.mk.util.NameFilterTest, org.apache.jackrabbit.mk.util.StringUtilsTest]
23:08:26.937 [main] INFO  fr.inria.lille.repair.nopol.NoPol - Config: Config{synthesisDepth=3, collectStaticMethods=true, collectStaticFields=false, collectLiterals=false, onlyOneSynthesisResult=true, sortExpressions=true, maxLineInvocationPerTest=250, timeoutMethodInvocation=2000, dataCollectionTimeoutInSecondForSynthesis=900, addWeight=0.19478, subWeight=0.04554, mulWeight=0.0102, divWeight=0.00613, andWeight=0.10597, orWeight=0.05708, eqWeight=0.22798, nEqWeight=0.0, lessEqWeight=0.0255, lessWeight=0.0947, methodCallWeight=0.1, fieldAccessWeight=0.08099, constantWeight=0.14232, variableWeight=0.05195, mode=REPAIR, type=PRE_THEN_COND, synthesis=DYNAMOTH, oracle=ANGELIC, solver=Z3, solverPath='/home/tdurieux/defects4j4repair/script/../libs/z3/build/z3', projectSources=[oak-mk/src/main/java], projectClasspath='[Ljava.net.URL;@2ff4f00f', projectTests=[org.apache.jackrabbit.mk.ConcurrentWriteIT, org.apache.jackrabbit.mk.MicroKernelImplTest, org.apache.jackrabbit.mk.blobs.DbBlobStoreTest, org.apache.jackrabbit.mk.blobs.FileBlobStoreTest, org.apache.jackrabbit.mk.blobs.MemoryBlobStoreTest, org.apache.jackrabbit.mk.concurrent.ConcurrentBlobTest, org.apache.jackrabbit.mk.concurrent.ConcurrentCacheTest, org.apache.jackrabbit.mk.concurrent.ConcurrentTest, org.apache.jackrabbit.mk.json.JsopStreamTest, org.apache.jackrabbit.mk.json.JsopTest, org.apache.jackrabbit.mk.model.IdTest, org.apache.jackrabbit.mk.persistence.GCPersistenceTest, org.apache.jackrabbit.mk.store.DefaultRevisionStoreTest, org.apache.jackrabbit.mk.test.DataStoreIT, org.apache.jackrabbit.mk.test.MicroKernelIT, org.apache.jackrabbit.mk.util.CommitGateIT, org.apache.jackrabbit.mk.util.IOUtilsTest, org.apache.jackrabbit.mk.util.MicroKernelInputStreamTest, org.apache.jackrabbit.mk.util.NameFilterTest, org.apache.jackrabbit.mk.util.StringUtilsTest], complianceLevel=7, outputFolder=., json=true}
23:08:26.937 [main] INFO  fr.inria.lille.repair.nopol.NoPol - Available processors (cores): 8
23:08:26.944 [main] INFO  fr.inria.lille.repair.nopol.NoPol - Free memory: 213 MB
23:08:26.945 [main] INFO  fr.inria.lille.repair.nopol.NoPol - Maximum memory: 3 GB
23:08:26.945 [main] INFO  fr.inria.lille.repair.nopol.NoPol - Total memory available to JVM: 241 MB
23:08:26.945 [main] INFO  fr.inria.lille.repair.nopol.NoPol - Java version: 1.8.0_181
23:08:26.946 [main] INFO  fr.inria.lille.repair.nopol.NoPol - JAVA_HOME: /usr/lib/jvm/java-1.8.0-openjdk-amd64/bin/
23:08:26.947 [main] INFO  fr.inria.lille.repair.nopol.NoPol - PATH: /usr/lib/jvm/java-1.8.0-openjdk-amd64/bin/:/usr/lib/oar/oardodo:/usr/lib/oar/oardodo:/usr/local/bin:/usr/bin:/bin:/usr/games
23:08:50.906 [pool-2-thread-1] DEBUG fr.inria.lille.repair.nopol.NoPol - statement #1
23:08:50.907 [pool-2-thread-1] DEBUG fr.inria.lille.repair.nopol.NoPol - Analysing SourceLocation org.apache.jackrabbit.mk.test.AbstractMicroKernelIT:66 which is executed by 2 tests
23:08:50.907 [pool-2-thread-1] DEBUG fr.inria.lille.repair.nopol.NoPol - cannot spoon SourceLocation org.apache.jackrabbit.mk.test.AbstractMicroKernelIT:66
23:08:50.907 [pool-2-thread-1] DEBUG fr.inria.lille.repair.nopol.NoPol - statement #2
23:08:50.907 [pool-2-thread-1] DEBUG fr.inria.lille.repair.nopol.NoPol - Analysing SourceLocation org.apache.jackrabbit.mk.test.AbstractMicroKernelIT:60 which is executed by 2 tests
23:08:50.908 [pool-2-thread-1] DEBUG fr.inria.lille.repair.nopol.NoPol - cannot spoon SourceLocation org.apache.jackrabbit.mk.test.AbstractMicroKernelIT:60
23:08:50.908 [pool-2-thread-1] DEBUG fr.inria.lille.repair.nopol.NoPol - statement #3
23:08:50.908 [pool-2-thread-1] DEBUG fr.inria.lille.repair.nopol.NoPol - Analysing SourceLocation org.apache.jackrabbit.mk.test.AbstractMicroKernelIT:59 which is executed by 2 tests
23:08:50.908 [pool-2-thread-1] DEBUG fr.inria.lille.repair.nopol.NoPol - cannot spoon SourceLocation org.apache.jackrabbit.mk.test.AbstractMicroKernelIT:59
23:08:50.908 [pool-2-thread-1] DEBUG fr.inria.lille.repair.nopol.NoPol - statement #4
23:08:50.908 [pool-2-thread-1] DEBUG fr.inria.lille.repair.nopol.NoPol - Analysing SourceLocation org.apache.jackrabbit.mk.test.AbstractMicroKernelIT:58 which is executed by 2 tests
23:08:50.909 [pool-2-thread-1] DEBUG fr.inria.lille.repair.nopol.NoPol - cannot spoon SourceLocation org.apache.jackrabbit.mk.test.AbstractMicroKernelIT:58
23:08:50.909 [pool-2-thread-1] DEBUG fr.inria.lille.repair.nopol.NoPol - statement #5
23:08:50.909 [pool-2-thread-1] DEBUG fr.inria.lille.repair.nopol.NoPol - Analysing SourceLocation org.apache.jackrabbit.mk.test.AbstractMicroKernelIT:57 which is executed by 2 tests
23:08:50.909 [pool-2-thread-1] DEBUG fr.inria.lille.repair.nopol.NoPol - cannot spoon SourceLocation org.apache.jackrabbit.mk.test.AbstractMicroKernelIT:57
23:08:50.909 [pool-2-thread-1] DEBUG fr.inria.lille.repair.nopol.NoPol - statement #6
23:08:50.909 [pool-2-thread-1] DEBUG fr.inria.lille.repair.nopol.NoPol - Analysing SourceLocation org.apache.jackrabbit.mk.test.AbstractMicroKernelIT:55 which is executed by 2 tests
23:08:50.909 [pool-2-thread-1] DEBUG fr.inria.lille.repair.nopol.NoPol - cannot spoon SourceLocation org.apache.jackrabbit.mk.test.AbstractMicroKernelIT:55
23:08:50.910 [pool-2-thread-1] DEBUG fr.inria.lille.repair.nopol.NoPol - statement #7
23:08:50.910 [pool-2-thread-1] DEBUG fr.inria.lille.repair.nopol.NoPol - Analysing SourceLocation org.apache.jackrabbit.mk.core.MicroKernelImpl:662 which is executed by 1 tests
-1542657598
23:08:51.614 [pool-2-thread-1] DEBUG fr.inria.lille.repair.nopol.NoPol - statement #8
23:08:51.615 [pool-2-thread-1] DEBUG fr.inria.lille.repair.nopol.NoPol - Analysing SourceLocation org.apache.jackrabbit.mk.core.MicroKernelImpl:660 which is executed by 1 tests
-1542657598
23:08:51.945 [pool-2-thread-1] DEBUG fr.inria.lille.repair.nopol.NoPol - looking with class fr.inria.lille.repair.nopol.spoon.smt.ConditionalAdder
SLF4J: Class path contains multiple SLF4J bindings.
SLF4J: Found binding in [jar:file:/home/tdurieux/.m2/repository/org/slf4j/slf4j-nop/1.5.8/slf4j-nop-1.5.8.jar!/org/slf4j/impl/StaticLoggerBinder.class]
SLF4J: Found binding in [jar:file:/home/tdurieux/.m2/repository/ch/qos/logback/logback-classic/1.0.1/logback-classic-1.0.1.jar!/org/slf4j/impl/StaticLoggerBinder.class]
SLF4J: Found binding in [jar:file:/home/tdurieux/.m2/repository/org/slf4j/slf4j-simple/1.6.1/slf4j-simple-1.6.1.jar!/org/slf4j/impl/StaticLoggerBinder.class]
SLF4J: Found binding in [jar:file:/home/tdurieux/defects4j4repair/script/../repair_tools/nopol.jar!/org/slf4j/impl/StaticLoggerBinder.class]
SLF4J: See http://www.slf4j.org/codes.html#multiple_bindings for an explanation.
SLF4J: The requested version 1.5.8 by your slf4j binding is not compatible with [1.6]
SLF4J: See http://www.slf4j.org/codes.html#version_mismatch for further details.
java.util.concurrent.ExecutionException: java.lang.AssertionError
    at java.util.concurrent.FutureTask.report(FutureTask.java:122)
    at java.util.concurrent.FutureTask.get(FutureTask.java:192)
    at org.apache.jackrabbit.mk.store.DefaultRevisionStoreTest.putTokenImpl(DefaultRevisionStoreTest.java:221)
    at sun.reflect.NativeMethodAccessorImpl.invoke0(Native Method)
    at sun.reflect.NativeMethodAccessorImpl.invoke(NativeMethodAccessorImpl.java:62)
    at sun.reflect.DelegatingMethodAccessorImpl.invoke(DelegatingMethodAccessorImpl.java:43)
org.junit.ComparisonFailure: expected:<...:childNodeCount":2,"[d":{},"c]":{}},"b":{":childNo...> but was:<...:childNodeCount":2,"[c":{},"d]":{}},"b":{":childNo...>
    at org.junit.Assert.assertEquals(Assert.java:115)
    at org.junit.Assert.assertEquals(Assert.java:144)
    at org.apache.jackrabbit.mk.store.DefaultRevisionStoreTest.testRevisionHistory(DefaultRevisionStoreTest.java:102)
    at sun.reflect.NativeMethodAccessorImpl.invoke0(Native Method)
    at sun.reflect.NativeMethodAccessorImpl.invoke(NativeMethodAccessorImpl.java:62)
    at sun.reflect.DelegatingMethodAccessorImpl.invoke(DelegatingMethodAccessorImpl.java:43)
23:08:53.058 [pool-4-thread-1] INFO  xxl.java.junit.TestCasesListener - Tests run finished (1068 ms)
<> Total tests run: 4
<> Ignored tests: 1
<> Failed tests: 2
~ putTokenImpl(org.apache.jackrabbit.mk.store.DefaultRevisionStoreTest)
[java.lang.AssertionError]
java.util.concurrent.ExecutionException: java.lang.AssertionError    at java.util.concurrent.FutureTask.report(FutureTask.java:122)
    at java.util.concurrent.FutureTask.get(FutureTask.java:192)
    at org.apache.jackrabbit.mk.store.DefaultRevisionStoreTest.putTokenImpl(DefaultRevisionStoreTest.java:221)
    at sun.reflect.NativeMethodAccessorImpl.invoke0(Native Method)
    at sun.reflect.NativeMethodAccessorImpl.invoke(NativeMethodAccessorImpl.java:62)
    at sun.reflect.DelegatingMethodAccessorImpl.invoke(DelegatingMethodAccessorImpl.java:43)
~ testRevisionHistory(org.apache.jackrabbit.mk.store.DefaultRevisionStoreTest)
[expected:<...:childNodeCount":2,"[d":{},"c]":{}},"b":{":childNo...> but was:<...:childNodeCount":2,"[c":{},"d]":{}},"b":{":childNo...>]
org.junit.ComparisonFailure: expected:<...:childNodeCount":2,"[d":{},"c]":{}},"b":{":childNo...> but was:<...:childNodeCount":2,"[c":{},"d]":{}},"b":{":childNo...>    at org.junit.Assert.assertEquals(Assert.java:115)
    at org.junit.Assert.assertEquals(Assert.java:144)
    at org.apache.jackrabbit.mk.store.DefaultRevisionStoreTest.testRevisionHistory(DefaultRevisionStoreTest.java:102)
    at sun.reflect.NativeMethodAccessorImpl.invoke0(Native Method)
    at sun.reflect.NativeMethodAccessorImpl.invoke(NativeMethodAccessorImpl.java:62)
    at sun.reflect.DelegatingMethodAccessorImpl.invoke(DelegatingMethodAccessorImpl.java:43)

SLF4J: Class path contains multiple SLF4J bindings.
SLF4J: Found binding in [jar:file:/home/tdurieux/.m2/repository/org/slf4j/slf4j-nop/1.5.8/slf4j-nop-1.5.8.jar!/org/slf4j/impl/StaticLoggerBinder.class]
SLF4J: Found binding in [jar:file:/home/tdurieux/.m2/repository/ch/qos/logback/logback-classic/1.0.1/logback-classic-1.0.1.jar!/org/slf4j/impl/StaticLoggerBinder.class]
SLF4J: Found binding in [jar:file:/home/tdurieux/.m2/repository/org/slf4j/slf4j-simple/1.6.1/slf4j-simple-1.6.1.jar!/org/slf4j/impl/StaticLoggerBinder.class]
SLF4J: Found binding in [jar:file:/home/tdurieux/defects4j4repair/script/../repair_tools/nopol.jar!/org/slf4j/impl/StaticLoggerBinder.class]
SLF4J: See http://www.slf4j.org/codes.html#multiple_bindings for an explanation.
SLF4J: The requested version 1.5.8 by your slf4j binding is not compatible with [1.6]
SLF4J: See http://www.slf4j.org/codes.html#version_mismatch for further details.
23:08:54.764 [pool-2-thread-1] DEBUG fr.inria.lille.repair.nopol.NoPol - statement #9
23:08:54.765 [pool-2-thread-1] DEBUG fr.inria.lille.repair.nopol.NoPol - Analysing SourceLocation org.apache.jackrabbit.mk.core.MicroKernelImpl:658 which is executed by 1 tests
-1542657598
23:08:55.140 [pool-2-thread-1] DEBUG fr.inria.lille.repair.nopol.NoPol - looking with class fr.inria.lille.repair.nopol.spoon.smt.ConditionalAdder
SLF4J: Class path contains multiple SLF4J bindings.
SLF4J: Found binding in [jar:file:/home/tdurieux/.m2/repository/org/slf4j/slf4j-nop/1.5.8/slf4j-nop-1.5.8.jar!/org/slf4j/impl/StaticLoggerBinder.class]
SLF4J: Found binding in [jar:file:/home/tdurieux/.m2/repository/ch/qos/logback/logback-classic/1.0.1/logback-classic-1.0.1.jar!/org/slf4j/impl/StaticLoggerBinder.class]
SLF4J: Found binding in [jar:file:/home/tdurieux/.m2/repository/org/slf4j/slf4j-simple/1.6.1/slf4j-simple-1.6.1.jar!/org/slf4j/impl/StaticLoggerBinder.class]
SLF4J: Found binding in [jar:file:/home/tdurieux/defects4j4repair/script/../repair_tools/nopol.jar!/org/slf4j/impl/StaticLoggerBinder.class]
SLF4J: See http://www.slf4j.org/codes.html#multiple_bindings for an explanation.
SLF4J: The requested version 1.5.8 by your slf4j binding is not compatible with [1.6]
SLF4J: See http://www.slf4j.org/codes.html#version_mismatch for further details.
java.util.concurrent.ExecutionException: java.lang.AssertionError
    at java.util.concurrent.FutureTask.report(FutureTask.java:122)
    at java.util.concurrent.FutureTask.get(FutureTask.java:192)
    at org.apache.jackrabbit.mk.store.DefaultRevisionStoreTest.putTokenImpl(DefaultRevisionStoreTest.java:221)
    at sun.reflect.NativeMethodAccessorImpl.invoke0(Native Method)
    at sun.reflect.NativeMethodAccessorImpl.invoke(NativeMethodAccessorImpl.java:62)
    at sun.reflect.DelegatingMethodAccessorImpl.invoke(DelegatingMethodAccessorImpl.java:43)
org.junit.ComparisonFailure: expected:<...:childNodeCount":2,"[d":{},"c]":{}},"b":{":childNo...> but was:<...:childNodeCount":2,"[c":{},"d]":{}},"b":{":childNo...>
    at org.junit.Assert.assertEquals(Assert.java:115)
    at org.junit.Assert.assertEquals(Assert.java:144)
    at org.apache.jackrabbit.mk.store.DefaultRevisionStoreTest.testRevisionHistory(DefaultRevisionStoreTest.java:102)
    at sun.reflect.NativeMethodAccessorImpl.invoke0(Native Method)
    at sun.reflect.NativeMethodAccessorImpl.invoke(NativeMethodAccessorImpl.java:62)
    at sun.reflect.DelegatingMethodAccessorImpl.invoke(DelegatingMethodAccessorImpl.java:43)
23:08:56.193 [pool-14-thread-1] INFO  xxl.java.junit.TestCasesListener - Tests run finished (1039 ms)
<> Total tests run: 4
<> Ignored tests: 1
<> Failed tests: 2
~ putTokenImpl(org.apache.jackrabbit.mk.store.DefaultRevisionStoreTest)
[java.lang.AssertionError]
java.util.concurrent.ExecutionException: java.lang.AssertionError    at java.util.concurrent.FutureTask.report(FutureTask.java:122)
    at java.util.concurrent.FutureTask.get(FutureTask.java:192)
    at org.apache.jackrabbit.mk.store.DefaultRevisionStoreTest.putTokenImpl(DefaultRevisionStoreTest.java:221)
    at sun.reflect.NativeMethodAccessorImpl.invoke0(Native Method)
    at sun.reflect.NativeMethodAccessorImpl.invoke(NativeMethodAccessorImpl.java:62)
    at sun.reflect.DelegatingMethodAccessorImpl.invoke(DelegatingMethodAccessorImpl.java:43)
~ testRevisionHistory(org.apache.jackrabbit.mk.store.DefaultRevisionStoreTest)
[expected:<...:childNodeCount":2,"[d":{},"c]":{}},"b":{":childNo...> but was:<...:childNodeCount":2,"[c":{},"d]":{}},"b":{":childNo...>]
org.junit.ComparisonFailure: expected:<...:childNodeCount":2,"[d":{},"c]":{}},"b":{":childNo...> but was:<...:childNodeCount":2,"[c":{},"d]":{}},"b":{":childNo...>    at org.junit.Assert.assertEquals(Assert.java:115)
    at org.junit.Assert.assertEquals(Assert.java:144)
    at org.apache.jackrabbit.mk.store.DefaultRevisionStoreTest.testRevisionHistory(DefaultRevisionStoreTest.java:102)
    at sun.reflect.NativeMethodAccessorImpl.invoke0(Native Method)
    at sun.reflect.NativeMethodAccessorImpl.invoke(NativeMethodAccessorImpl.java:62)
    at sun.reflect.DelegatingMethodAccessorImpl.invoke(DelegatingMethodAccessorImpl.java:43)

SLF4J: Class path contains multiple SLF4J bindings.
SLF4J: Found binding in [jar:file:/home/tdurieux/.m2/repository/org/slf4j/slf4j-nop/1.5.8/slf4j-nop-1.5.8.jar!/org/slf4j/impl/StaticLoggerBinder.class]
SLF4J: Found binding in [jar:file:/home/tdurieux/.m2/repository/ch/qos/logback/logback-classic/1.0.1/logback-classic-1.0.1.jar!/org/slf4j/impl/StaticLoggerBinder.class]
SLF4J: Found binding in [jar:file:/home/tdurieux/.m2/repository/org/slf4j/slf4j-simple/1.6.1/slf4j-simple-1.6.1.jar!/org/slf4j/impl/StaticLoggerBinder.class]
SLF4J: Found binding in [jar:file:/home/tdurieux/defects4j4repair/script/../repair_tools/nopol.jar!/org/slf4j/impl/StaticLoggerBinder.class]
SLF4J: See http://www.slf4j.org/codes.html#multiple_bindings for an explanation.
SLF4J: The requested version 1.5.8 by your slf4j binding is not compatible with [1.6]
SLF4J: See http://www.slf4j.org/codes.html#version_mismatch for further details.
23:08:57.430 [pool-2-thread-1] DEBUG fr.inria.lille.repair.nopol.NoPol - statement #10
23:08:57.431 [pool-2-thread-1] DEBUG fr.inria.lille.repair.nopol.NoPol - Analysing SourceLocation org.apache.jackrabbit.mk.core.MicroKernelImpl:657 which is executed by 1 tests
-1542657598
23:08:57.761 [pool-2-thread-1] DEBUG fr.inria.lille.repair.nopol.NoPol - looking with class fr.inria.lille.repair.nopol.spoon.smt.ConditionalAdder
SLF4J: Class path contains multiple SLF4J bindings.
SLF4J: Found binding in [jar:file:/home/tdurieux/.m2/repository/org/slf4j/slf4j-nop/1.5.8/slf4j-nop-1.5.8.jar!/org/slf4j/impl/StaticLoggerBinder.class]
SLF4J: Found binding in [jar:file:/home/tdurieux/.m2/repository/ch/qos/logback/logback-classic/1.0.1/logback-classic-1.0.1.jar!/org/slf4j/impl/StaticLoggerBinder.class]
SLF4J: Found binding in [jar:file:/home/tdurieux/.m2/repository/org/slf4j/slf4j-simple/1.6.1/slf4j-simple-1.6.1.jar!/org/slf4j/impl/StaticLoggerBinder.class]
SLF4J: Found binding in [jar:file:/home/tdurieux/defects4j4repair/script/../repair_tools/nopol.jar!/org/slf4j/impl/StaticLoggerBinder.class]
SLF4J: See http://www.slf4j.org/codes.html#multiple_bindings for an explanation.
SLF4J: The requested version 1.5.8 by your slf4j binding is not compatible with [1.6]
SLF4J: See http://www.slf4j.org/codes.html#version_mismatch for further details.
java.util.concurrent.ExecutionException: java.lang.AssertionError
    at java.util.concurrent.FutureTask.report(FutureTask.java:122)
    at java.util.concurrent.FutureTask.get(FutureTask.java:192)
    at org.apache.jackrabbit.mk.store.DefaultRevisionStoreTest.putTokenImpl(DefaultRevisionStoreTest.java:221)
    at sun.reflect.NativeMethodAccessorImpl.invoke0(Native Method)
    at sun.reflect.NativeMethodAccessorImpl.invoke(NativeMethodAccessorImpl.java:62)
    at sun.reflect.DelegatingMethodAccessorImpl.invoke(DelegatingMethodAccessorImpl.java:43)
org.junit.ComparisonFailure: expected:<...:childNodeCount":2,"[d":{},"c]":{}},"b":{":childNo...> but was:<...:childNodeCount":2,"[c":{},"d]":{}},"b":{":childNo...>
    at org.junit.Assert.assertEquals(Assert.java:115)
    at org.junit.Assert.assertEquals(Assert.java:144)
    at org.apache.jackrabbit.mk.store.DefaultRevisionStoreTest.testRevisionHistory(DefaultRevisionStoreTest.java:102)
    at sun.reflect.NativeMethodAccessorImpl.invoke0(Native Method)
    at sun.reflect.NativeMethodAccessorImpl.invoke(NativeMethodAccessorImpl.java:62)
    at sun.reflect.DelegatingMethodAccessorImpl.invoke(DelegatingMethodAccessorImpl.java:43)
23:08:58.797 [pool-24-thread-1] INFO  xxl.java.junit.TestCasesListener - Tests run finished (1020 ms)
<> Total tests run: 4
<> Ignored tests: 1
<> Failed tests: 2
~ putTokenImpl(org.apache.jackrabbit.mk.store.DefaultRevisionStoreTest)
[java.lang.AssertionError]
java.util.concurrent.ExecutionException: java.lang.AssertionError    at java.util.concurrent.FutureTask.report(FutureTask.java:122)
    at java.util.concurrent.FutureTask.get(FutureTask.java:192)
    at org.apache.jackrabbit.mk.store.DefaultRevisionStoreTest.putTokenImpl(DefaultRevisionStoreTest.java:221)
    at sun.reflect.NativeMethodAccessorImpl.invoke0(Native Method)
    at sun.reflect.NativeMethodAccessorImpl.invoke(NativeMethodAccessorImpl.java:62)
    at sun.reflect.DelegatingMethodAccessorImpl.invoke(DelegatingMethodAccessorImpl.java:43)
~ testRevisionHistory(org.apache.jackrabbit.mk.store.DefaultRevisionStoreTest)
[expected:<...:childNodeCount":2,"[d":{},"c]":{}},"b":{":childNo...> but was:<...:childNodeCount":2,"[c":{},"d]":{}},"b":{":childNo...>]
org.junit.ComparisonFailure: expected:<...:childNodeCount":2,"[d":{},"c]":{}},"b":{":childNo...> but was:<...:childNodeCount":2,"[c":{},"d]":{}},"b":{":childNo...>    at org.junit.Assert.assertEquals(Assert.java:115)
    at org.junit.Assert.assertEquals(Assert.java:144)
    at org.apache.jackrabbit.mk.store.DefaultRevisionStoreTest.testRevisionHistory(DefaultRevisionStoreTest.java:102)
    at sun.reflect.NativeMethodAccessorImpl.invoke0(Native Method)
    at sun.reflect.NativeMethodAccessorImpl.invoke(NativeMethodAccessorImpl.java:62)
    at sun.reflect.DelegatingMethodAccessorImpl.invoke(DelegatingMethodAccessorImpl.java:43)

SLF4J: Class path contains multiple SLF4J bindings.
SLF4J: Found binding in [jar:file:/home/tdurieux/.m2/repository/org/slf4j/slf4j-nop/1.5.8/slf4j-nop-1.5.8.jar!/org/slf4j/impl/StaticLoggerBinder.class]
SLF4J: Found binding in [jar:file:/home/tdurieux/.m2/repository/ch/qos/logback/logback-classic/1.0.1/logback-classic-1.0.1.jar!/org/slf4j/impl/StaticLoggerBinder.class]
SLF4J: Found binding in [jar:file:/home/tdurieux/.m2/repository/org/slf4j/slf4j-simple/1.6.1/slf4j-simple-1.6.1.jar!/org/slf4j/impl/StaticLoggerBinder.class]
SLF4J: Found binding in [jar:file:/home/tdurieux/defects4j4repair/script/../repair_tools/nopol.jar!/org/slf4j/impl/StaticLoggerBinder.class]
SLF4J: See http://www.slf4j.org/codes.html#multiple_bindings for an explanation.
SLF4J: The requested version 1.5.8 by your slf4j binding is not compatible with [1.6]
SLF4J: See http://www.slf4j.org/codes.html#version_mismatch for further details.
23:08:59.719 [pool-2-thread-1] DEBUG fr.inria.lille.repair.nopol.NoPol - looking with class fr.inria.lille.repair.nopol.spoon.smt.ConditionalReplacer
SLF4J: Class path contains multiple SLF4J bindings.
SLF4J: Found binding in [jar:file:/home/tdurieux/.m2/repository/org/slf4j/slf4j-nop/1.5.8/slf4j-nop-1.5.8.jar!/org/slf4j/impl/StaticLoggerBinder.class]
SLF4J: Found binding in [jar:file:/home/tdurieux/.m2/repository/ch/qos/logback/logback-classic/1.0.1/logback-classic-1.0.1.jar!/org/slf4j/impl/StaticLoggerBinder.class]
SLF4J: Found binding in [jar:file:/home/tdurieux/.m2/repository/org/slf4j/slf4j-simple/1.6.1/slf4j-simple-1.6.1.jar!/org/slf4j/impl/StaticLoggerBinder.class]
SLF4J: Found binding in [jar:file:/home/tdurieux/defects4j4repair/script/../repair_tools/nopol.jar!/org/slf4j/impl/StaticLoggerBinder.class]
SLF4J: See http://www.slf4j.org/codes.html#multiple_bindings for an explanation.
SLF4J: The requested version 1.5.8 by your slf4j binding is not compatible with [1.6]
SLF4J: See http://www.slf4j.org/codes.html#version_mismatch for further details.
java.util.concurrent.ExecutionException: java.lang.AssertionError
    at java.util.concurrent.FutureTask.report(FutureTask.java:122)
    at java.util.concurrent.FutureTask.get(FutureTask.java:192)
    at org.apache.jackrabbit.mk.store.DefaultRevisionStoreTest.putTokenImpl(DefaultRevisionStoreTest.java:221)
    at sun.reflect.NativeMethodAccessorImpl.invoke0(Native Method)
    at sun.reflect.NativeMethodAccessorImpl.invoke(NativeMethodAccessorImpl.java:62)
    at sun.reflect.DelegatingMethodAccessorImpl.invoke(DelegatingMethodAccessorImpl.java:43)
org.junit.ComparisonFailure: expected:<...:childNodeCount":2,"[d":{},"c]":{}},"b":{":childNo...> but was:<...:childNodeCount":2,"[c":{},"d]":{}},"b":{":childNo...>
    at org.junit.Assert.assertEquals(Assert.java:115)
    at org.junit.Assert.assertEquals(Assert.java:144)
    at org.apache.jackrabbit.mk.store.DefaultRevisionStoreTest.testRevisionHistory(DefaultRevisionStoreTest.java:102)
    at sun.reflect.NativeMethodAccessorImpl.invoke0(Native Method)
    at sun.reflect.NativeMethodAccessorImpl.invoke(NativeMethodAccessorImpl.java:62)
    at sun.reflect.DelegatingMethodAccessorImpl.invoke(DelegatingMethodAccessorImpl.java:43)
23:09:00.730 [pool-34-thread-1] INFO  xxl.java.junit.TestCasesListener - Tests run finished (998 ms)
<> Total tests run: 4
<> Ignored tests: 1
<> Failed tests: 2
~ putTokenImpl(org.apache.jackrabbit.mk.store.DefaultRevisionStoreTest)
[java.lang.AssertionError]
java.util.concurrent.ExecutionException: java.lang.AssertionError    at java.util.concurrent.FutureTask.report(FutureTask.java:122)
    at java.util.concurrent.FutureTask.get(FutureTask.java:192)
    at org.apache.jackrabbit.mk.store.DefaultRevisionStoreTest.putTokenImpl(DefaultRevisionStoreTest.java:221)
    at sun.reflect.NativeMethodAccessorImpl.invoke0(Native Method)
    at sun.reflect.NativeMethodAccessorImpl.invoke(NativeMethodAccessorImpl.java:62)
    at sun.reflect.DelegatingMethodAccessorImpl.invoke(DelegatingMethodAccessorImpl.java:43)
~ testRevisionHistory(org.apache.jackrabbit.mk.store.DefaultRevisionStoreTest)
[expected:<...:childNodeCount":2,"[d":{},"c]":{}},"b":{":childNo...> but was:<...:childNodeCount":2,"[c":{},"d]":{}},"b":{":childNo...>]
org.junit.ComparisonFailure: expected:<...:childNodeCount":2,"[d":{},"c]":{}},"b":{":childNo...> but was:<...:childNodeCount":2,"[c":{},"d]":{}},"b":{":childNo...>    at org.junit.Assert.assertEquals(Assert.java:115)
    at org.junit.Assert.assertEquals(Assert.java:144)
    at org.apache.jackrabbit.mk.store.DefaultRevisionStoreTest.testRevisionHistory(DefaultRevisionStoreTest.java:102)
    at sun.reflect.NativeMethodAccessorImpl.invoke0(Native Method)
    at sun.reflect.NativeMethodAccessorImpl.invoke(NativeMethodAccessorImpl.java:62)
    at sun.reflect.DelegatingMethodAccessorImpl.invoke(DelegatingMethodAccessorImpl.java:43)

SLF4J: Class path contains multiple SLF4J bindings.
SLF4J: Found binding in [jar:file:/home/tdurieux/.m2/repository/org/slf4j/slf4j-nop/1.5.8/slf4j-nop-1.5.8.jar!/org/slf4j/impl/StaticLoggerBinder.class]
SLF4J: Found binding in [jar:file:/home/tdurieux/.m2/repository/ch/qos/logback/logback-classic/1.0.1/logback-classic-1.0.1.jar!/org/slf4j/impl/StaticLoggerBinder.class]
SLF4J: Found binding in [jar:file:/home/tdurieux/.m2/repository/org/slf4j/slf4j-simple/1.6.1/slf4j-simple-1.6.1.jar!/org/slf4j/impl/StaticLoggerBinder.class]
SLF4J: Found binding in [jar:file:/home/tdurieux/defects4j4repair/script/../repair_tools/nopol.jar!/org/slf4j/impl/StaticLoggerBinder.class]
SLF4J: See http://www.slf4j.org/codes.html#multiple_bindings for an explanation.
SLF4J: The requested version 1.5.8 by your slf4j binding is not compatible with [1.6]
SLF4J: See http://www.slf4j.org/codes.html#version_mismatch for further details.
23:09:01.608 [pool-2-thread-1] DEBUG fr.inria.lille.repair.nopol.NoPol - statement #11
23:09:01.608 [pool-2-thread-1] DEBUG fr.inria.lille.repair.nopol.NoPol - Analysing SourceLocation org.apache.jackrabbit.mk.core.MicroKernelImpl:656 which is executed by 1 tests
-1542657598
23:09:01.890 [pool-2-thread-1] DEBUG fr.inria.lille.repair.nopol.NoPol - looking with class fr.inria.lille.repair.nopol.spoon.smt.ConditionalAdder
SLF4J: Class path contains multiple SLF4J bindings.
SLF4J: Found binding in [jar:file:/home/tdurieux/.m2/repository/org/slf4j/slf4j-nop/1.5.8/slf4j-nop-1.5.8.jar!/org/slf4j/impl/StaticLoggerBinder.class]
SLF4J: Found binding in [jar:file:/home/tdurieux/.m2/repository/ch/qos/logback/logback-classic/1.0.1/logback-classic-1.0.1.jar!/org/slf4j/impl/StaticLoggerBinder.class]
SLF4J: Found binding in [jar:file:/home/tdurieux/.m2/repository/org/slf4j/slf4j-simple/1.6.1/slf4j-simple-1.6.1.jar!/org/slf4j/impl/StaticLoggerBinder.class]
SLF4J: Found binding in [jar:file:/home/tdurieux/defects4j4repair/script/../repair_tools/nopol.jar!/org/slf4j/impl/StaticLoggerBinder.class]
SLF4J: See http://www.slf4j.org/codes.html#multiple_bindings for an explanation.
SLF4J: The requested version 1.5.8 by your slf4j binding is not compatible with [1.6]
SLF4J: See http://www.slf4j.org/codes.html#version_mismatch for further details.
java.util.concurrent.ExecutionException: java.lang.AssertionError
    at java.util.concurrent.FutureTask.report(FutureTask.java:122)
    at java.util.concurrent.FutureTask.get(FutureTask.java:192)
    at org.apache.jackrabbit.mk.store.DefaultRevisionStoreTest.putTokenImpl(DefaultRevisionStoreTest.java:221)
    at sun.reflect.NativeMethodAccessorImpl.invoke0(Native Method)
    at sun.reflect.NativeMethodAccessorImpl.invoke(NativeMethodAccessorImpl.java:62)
    at sun.reflect.DelegatingMethodAccessorImpl.invoke(DelegatingMethodAccessorImpl.java:43)
org.junit.ComparisonFailure: expected:<...:childNodeCount":2,"[d":{},"c]":{}},"b":{":childNo...> but was:<...:childNodeCount":2,"[c":{},"d]":{}},"b":{":childNo...>
    at org.junit.Assert.assertEquals(Assert.java:115)
    at org.junit.Assert.assertEquals(Assert.java:144)
    at org.apache.jackrabbit.mk.store.DefaultRevisionStoreTest.testRevisionHistory(DefaultRevisionStoreTest.java:102)
    at sun.reflect.NativeMethodAccessorImpl.invoke0(Native Method)
    at sun.reflect.NativeMethodAccessorImpl.invoke(NativeMethodAccessorImpl.java:62)
    at sun.reflect.DelegatingMethodAccessorImpl.invoke(DelegatingMethodAccessorImpl.java:43)
23:09:02.926 [pool-44-thread-1] INFO  xxl.java.junit.TestCasesListener - Tests run finished (1020 ms)
<> Total tests run: 4
<> Ignored tests: 1
<> Failed tests: 2
~ putTokenImpl(org.apache.jackrabbit.mk.store.DefaultRevisionStoreTest)
[java.lang.AssertionError]
java.util.concurrent.ExecutionException: java.lang.AssertionError    at java.util.concurrent.FutureTask.report(FutureTask.java:122)
    at java.util.concurrent.FutureTask.get(FutureTask.java:192)
    at org.apache.jackrabbit.mk.store.DefaultRevisionStoreTest.putTokenImpl(DefaultRevisionStoreTest.java:221)
    at sun.reflect.NativeMethodAccessorImpl.invoke0(Native Method)
    at sun.reflect.NativeMethodAccessorImpl.invoke(NativeMethodAccessorImpl.java:62)
    at sun.reflect.DelegatingMethodAccessorImpl.invoke(DelegatingMethodAccessorImpl.java:43)
~ testRevisionHistory(org.apache.jackrabbit.mk.store.DefaultRevisionStoreTest)
[expected:<...:childNodeCount":2,"[d":{},"c]":{}},"b":{":childNo...> but was:<...:childNodeCount":2,"[c":{},"d]":{}},"b":{":childNo...>]
org.junit.ComparisonFailure: expected:<...:childNodeCount":2,"[d":{},"c]":{}},"b":{":childNo...> but was:<...:childNodeCount":2,"[c":{},"d]":{}},"b":{":childNo...>    at org.junit.Assert.assertEquals(Assert.java:115)
    at org.junit.Assert.assertEquals(Assert.java:144)
    at org.apache.jackrabbit.mk.store.DefaultRevisionStoreTest.testRevisionHistory(DefaultRevisionStoreTest.java:102)
    at sun.reflect.NativeMethodAccessorImpl.invoke0(Native Method)
    at sun.reflect.NativeMethodAccessorImpl.invoke(NativeMethodAccessorImpl.java:62)
    at sun.reflect.DelegatingMethodAccessorImpl.invoke(DelegatingMethodAccessorImpl.java:43)

SLF4J: Class path contains multiple SLF4J bindings.
SLF4J: Found binding in [jar:file:/home/tdurieux/.m2/repository/org/slf4j/slf4j-nop/1.5.8/slf4j-nop-1.5.8.jar!/org/slf4j/impl/StaticLoggerBinder.class]
SLF4J: Found binding in [jar:file:/home/tdurieux/.m2/repository/ch/qos/logback/logback-classic/1.0.1/logback-classic-1.0.1.jar!/org/slf4j/impl/StaticLoggerBinder.class]
SLF4J: Found binding in [jar:file:/home/tdurieux/.m2/repository/org/slf4j/slf4j-simple/1.6.1/slf4j-simple-1.6.1.jar!/org/slf4j/impl/StaticLoggerBinder.class]
SLF4J: Found binding in [jar:file:/home/tdurieux/defects4j4repair/script/../repair_tools/nopol.jar!/org/slf4j/impl/StaticLoggerBinder.class]
SLF4J: See http://www.slf4j.org/codes.html#multiple_bindings for an explanation.
SLF4J: The requested version 1.5.8 by your slf4j binding is not compatible with [1.6]
SLF4J: See http://www.slf4j.org/codes.html#version_mismatch for further details.
23:09:03.806 [pool-2-thread-1] DEBUG fr.inria.lille.repair.nopol.NoPol - statement #12
23:09:03.807 [pool-2-thread-1] DEBUG fr.inria.lille.repair.nopol.NoPol - Analysing SourceLocation org.apache.jackrabbit.mk.core.MicroKernelImpl:653 which is executed by 1 tests
-1542657598
23:09:04.094 [pool-2-thread-1] DEBUG fr.inria.lille.repair.nopol.NoPol - looking with class fr.inria.lille.repair.nopol.spoon.smt.ConditionalAdder
SLF4J: Class path contains multiple SLF4J bindings.
SLF4J: Found binding in [jar:file:/home/tdurieux/.m2/repository/org/slf4j/slf4j-nop/1.5.8/slf4j-nop-1.5.8.jar!/org/slf4j/impl/StaticLoggerBinder.class]
SLF4J: Found binding in [jar:file:/home/tdurieux/.m2/repository/ch/qos/logback/logback-classic/1.0.1/logback-classic-1.0.1.jar!/org/slf4j/impl/StaticLoggerBinder.class]
SLF4J: Found binding in [jar:file:/home/tdurieux/.m2/repository/org/slf4j/slf4j-simple/1.6.1/slf4j-simple-1.6.1.jar!/org/slf4j/impl/StaticLoggerBinder.class]
SLF4J: Found binding in [jar:file:/home/tdurieux/defects4j4repair/script/../repair_tools/nopol.jar!/org/slf4j/impl/StaticLoggerBinder.class]
SLF4J: See http://www.slf4j.org/codes.html#multiple_bindings for an explanation.
SLF4J: The requested version 1.5.8 by your slf4j binding is not compatible with [1.6]
SLF4J: See http://www.slf4j.org/codes.html#version_mismatch for further details.
java.util.concurrent.ExecutionException: java.lang.AssertionError
    at java.util.concurrent.FutureTask.report(FutureTask.java:122)
    at java.util.concurrent.FutureTask.get(FutureTask.java:192)
    at org.apache.jackrabbit.mk.store.DefaultRevisionStoreTest.putTokenImpl(DefaultRevisionStoreTest.java:221)
    at sun.reflect.NativeMethodAccessorImpl.invoke0(Native Method)
    at sun.reflect.NativeMethodAccessorImpl.invoke(NativeMethodAccessorImpl.java:62)
    at sun.reflect.DelegatingMethodAccessorImpl.invoke(DelegatingMethodAccessorImpl.java:43)
org.junit.ComparisonFailure: expected:<...:childNodeCount":2,"[d":{},"c]":{}},"b":{":childNo...> but was:<...:childNodeCount":2,"[c":{},"d]":{}},"b":{":childNo...>
    at org.junit.Assert.assertEquals(Assert.java:115)
    at org.junit.Assert.assertEquals(Assert.java:144)
    at org.apache.jackrabbit.mk.store.DefaultRevisionStoreTest.testRevisionHistory(DefaultRevisionStoreTest.java:102)
    at sun.reflect.NativeMethodAccessorImpl.invoke0(Native Method)
    at sun.reflect.NativeMethodAccessorImpl.invoke(NativeMethodAccessorImpl.java:62)
    at sun.reflect.DelegatingMethodAccessorImpl.invoke(DelegatingMethodAccessorImpl.java:43)
23:09:05.123 [pool-54-thread-1] INFO  xxl.java.junit.TestCasesListener - Tests run finished (1010 ms)
<> Total tests run: 4
<> Ignored tests: 1
<> Failed tests: 2
~ putTokenImpl(org.apache.jackrabbit.mk.store.DefaultRevisionStoreTest)
[java.lang.AssertionError]
java.util.concurrent.ExecutionException: java.lang.AssertionError    at java.util.concurrent.FutureTask.report(FutureTask.java:122)
    at java.util.concurrent.FutureTask.get(FutureTask.java:192)
    at org.apache.jackrabbit.mk.store.DefaultRevisionStoreTest.putTokenImpl(DefaultRevisionStoreTest.java:221)
    at sun.reflect.NativeMethodAccessorImpl.invoke0(Native Method)
    at sun.reflect.NativeMethodAccessorImpl.invoke(NativeMethodAccessorImpl.java:62)
    at sun.reflect.DelegatingMethodAccessorImpl.invoke(DelegatingMethodAccessorImpl.java:43)
~ testRevisionHistory(org.apache.jackrabbit.mk.store.DefaultRevisionStoreTest)
[expected:<...:childNodeCount":2,"[d":{},"c]":{}},"b":{":childNo...> but was:<...:childNodeCount":2,"[c":{},"d]":{}},"b":{":childNo...>]
org.junit.ComparisonFailure: expected:<...:childNodeCount":2,"[d":{},"c]":{}},"b":{":childNo...> but was:<...:childNodeCount":2,"[c":{},"d]":{}},"b":{":childNo...>    at org.junit.Assert.assertEquals(Assert.java:115)
    at org.junit.Assert.assertEquals(Assert.java:144)
    at org.apache.jackrabbit.mk.store.DefaultRevisionStoreTest.testRevisionHistory(DefaultRevisionStoreTest.java:102)
    at sun.reflect.NativeMethodAccessorImpl.invoke0(Native Method)
    at sun.reflect.NativeMethodAccessorImpl.invoke(NativeMethodAccessorImpl.java:62)
    at sun.reflect.DelegatingMethodAccessorImpl.invoke(DelegatingMethodAccessorImpl.java:43)

SLF4J: Class path contains multiple SLF4J bindings.
SLF4J: Found binding in [jar:file:/home/tdurieux/.m2/repository/org/slf4j/slf4j-nop/1.5.8/slf4j-nop-1.5.8.jar!/org/slf4j/impl/StaticLoggerBinder.class]
SLF4J: Found binding in [jar:file:/home/tdurieux/.m2/repository/ch/qos/logback/logback-classic/1.0.1/logback-classic-1.0.1.jar!/org/slf4j/impl/StaticLoggerBinder.class]
SLF4J: Found binding in [jar:file:/home/tdurieux/.m2/repository/org/slf4j/slf4j-simple/1.6.1/slf4j-simple-1.6.1.jar!/org/slf4j/impl/StaticLoggerBinder.class]
SLF4J: Found binding in [jar:file:/home/tdurieux/defects4j4repair/script/../repair_tools/nopol.jar!/org/slf4j/impl/StaticLoggerBinder.class]
SLF4J: See http://www.slf4j.org/codes.html#multiple_bindings for an explanation.
SLF4J: The requested version 1.5.8 by your slf4j binding is not compatible with [1.6]
SLF4J: See http://www.slf4j.org/codes.html#version_mismatch for further details.
23:09:05.878 [pool-2-thread-1] DEBUG fr.inria.lille.repair.nopol.NoPol - looking with class fr.inria.lille.repair.nopol.spoon.smt.ConditionalReplacer
SLF4J: Class path contains multiple SLF4J bindings.
SLF4J: Found binding in [jar:file:/home/tdurieux/.m2/repository/org/slf4j/slf4j-nop/1.5.8/slf4j-nop-1.5.8.jar!/org/slf4j/impl/StaticLoggerBinder.class]
SLF4J: Found binding in [jar:file:/home/tdurieux/.m2/repository/ch/qos/logback/logback-classic/1.0.1/logback-classic-1.0.1.jar!/org/slf4j/impl/StaticLoggerBinder.class]
SLF4J: Found binding in [jar:file:/home/tdurieux/.m2/repository/org/slf4j/slf4j-simple/1.6.1/slf4j-simple-1.6.1.jar!/org/slf4j/impl/StaticLoggerBinder.class]
SLF4J: Found binding in [jar:file:/home/tdurieux/defects4j4repair/script/../repair_tools/nopol.jar!/org/slf4j/impl/StaticLoggerBinder.class]
SLF4J: See http://www.slf4j.org/codes.html#multiple_bindings for an explanation.
SLF4J: The requested version 1.5.8 by your slf4j binding is not compatible with [1.6]
SLF4J: See http://www.slf4j.org/codes.html#version_mismatch for further details.
java.util.concurrent.ExecutionException: java.lang.AssertionError
    at java.util.concurrent.FutureTask.report(FutureTask.java:122)
    at java.util.concurrent.FutureTask.get(FutureTask.java:192)
    at org.apache.jackrabbit.mk.store.DefaultRevisionStoreTest.putTokenImpl(DefaultRevisionStoreTest.java:221)
    at sun.reflect.NativeMethodAccessorImpl.invoke0(Native Method)
    at sun.reflect.NativeMethodAccessorImpl.invoke(NativeMethodAccessorImpl.java:62)
    at sun.reflect.DelegatingMethodAccessorImpl.invoke(DelegatingMethodAccessorImpl.java:43)
org.junit.ComparisonFailure: expected:<...:childNodeCount":2,"[d":{},"c]":{}},"b":{":childNo...> but was:<...:childNodeCount":2,"[c":{},"d]":{}},"b":{":childNo...>
    at org.junit.Assert.assertEquals(Assert.java:115)
    at org.junit.Assert.assertEquals(Assert.java:144)
    at org.apache.jackrabbit.mk.store.DefaultRevisionStoreTest.testRevisionHistory(DefaultRevisionStoreTest.java:102)
    at sun.reflect.NativeMethodAccessorImpl.invoke0(Native Method)
    at sun.reflect.NativeMethodAccessorImpl.invoke(NativeMethodAccessorImpl.java:62)
    at sun.reflect.DelegatingMethodAccessorImpl.invoke(DelegatingMethodAccessorImpl.java:43)
23:09:06.923 [pool-64-thread-1] INFO  xxl.java.junit.TestCasesListener - Tests run finished (1028 ms)
<> Total tests run: 4
<> Ignored tests: 1
<> Failed tests: 2
~ putTokenImpl(org.apache.jackrabbit.mk.store.DefaultRevisionStoreTest)
[java.lang.AssertionError]
java.util.concurrent.ExecutionException: java.lang.AssertionError    at java.util.concurrent.FutureTask.report(FutureTask.java:122)
    at java.util.concurrent.FutureTask.get(FutureTask.java:192)
    at org.apache.jackrabbit.mk.store.DefaultRevisionStoreTest.putTokenImpl(DefaultRevisionStoreTest.java:221)
    at sun.reflect.NativeMethodAccessorImpl.invoke0(Native Method)
    at sun.reflect.NativeMethodAccessorImpl.invoke(NativeMethodAccessorImpl.java:62)
    at sun.reflect.DelegatingMethodAccessorImpl.invoke(DelegatingMethodAccessorImpl.java:43)
~ testRevisionHistory(org.apache.jackrabbit.mk.store.DefaultRevisionStoreTest)
[expected:<...:childNodeCount":2,"[d":{},"c]":{}},"b":{":childNo...> but was:<...:childNodeCount":2,"[c":{},"d]":{}},"b":{":childNo...>]
org.junit.ComparisonFailure: expected:<...:childNodeCount":2,"[d":{},"c]":{}},"b":{":childNo...> but was:<...:childNodeCount":2,"[c":{},"d]":{}},"b":{":childNo...>    at org.junit.Assert.assertEquals(Assert.java:115)
    at org.junit.Assert.assertEquals(Assert.java:144)
    at org.apache.jackrabbit.mk.store.DefaultRevisionStoreTest.testRevisionHistory(DefaultRevisionStoreTest.java:102)
    at sun.reflect.NativeMethodAccessorImpl.invoke0(Native Method)
    at sun.reflect.NativeMethodAccessorImpl.invoke(NativeMethodAccessorImpl.java:62)
    at sun.reflect.DelegatingMethodAccessorImpl.invoke(DelegatingMethodAccessorImpl.java:43)

SLF4J: Class path contains multiple SLF4J bindings.
SLF4J: Found binding in [jar:file:/home/tdurieux/.m2/repository/org/slf4j/slf4j-nop/1.5.8/slf4j-nop-1.5.8.jar!/org/slf4j/impl/StaticLoggerBinder.class]
SLF4J: Found binding in [jar:file:/home/tdurieux/.m2/repository/ch/qos/logback/logback-classic/1.0.1/logback-classic-1.0.1.jar!/org/slf4j/impl/StaticLoggerBinder.class]
SLF4J: Found binding in [jar:file:/home/tdurieux/.m2/repository/org/slf4j/slf4j-simple/1.6.1/slf4j-simple-1.6.1.jar!/org/slf4j/impl/StaticLoggerBinder.class]
SLF4J: Found binding in [jar:file:/home/tdurieux/defects4j4repair/script/../repair_tools/nopol.jar!/org/slf4j/impl/StaticLoggerBinder.class]
SLF4J: See http://www.slf4j.org/codes.html#multiple_bindings for an explanation.
SLF4J: The requested version 1.5.8 by your slf4j binding is not compatible with [1.6]
SLF4J: See http://www.slf4j.org/codes.html#version_mismatch for further details.
23:09:07.809 [pool-2-thread-1] DEBUG fr.inria.lille.repair.nopol.NoPol - statement #13
23:09:07.809 [pool-2-thread-1] DEBUG fr.inria.lille.repair.nopol.NoPol - Analysing SourceLocation org.apache.jackrabbit.mk.core.MicroKernelImpl:652 which is executed by 1 tests
-1542657598
23:09:08.092 [pool-2-thread-1] DEBUG fr.inria.lille.repair.nopol.NoPol - looking with class fr.inria.lille.repair.nopol.spoon.smt.ConditionalAdder
SLF4J: Class path contains multiple SLF4J bindings.
SLF4J: Found binding in [jar:file:/home/tdurieux/.m2/repository/org/slf4j/slf4j-nop/1.5.8/slf4j-nop-1.5.8.jar!/org/slf4j/impl/StaticLoggerBinder.class]
SLF4J: Found binding in [jar:file:/home/tdurieux/.m2/repository/ch/qos/logback/logback-classic/1.0.1/logback-classic-1.0.1.jar!/org/slf4j/impl/StaticLoggerBinder.class]
SLF4J: Found binding in [jar:file:/home/tdurieux/.m2/repository/org/slf4j/slf4j-simple/1.6.1/slf4j-simple-1.6.1.jar!/org/slf4j/impl/StaticLoggerBinder.class]
SLF4J: Found binding in [jar:file:/home/tdurieux/defects4j4repair/script/../repair_tools/nopol.jar!/org/slf4j/impl/StaticLoggerBinder.class]
SLF4J: See http://www.slf4j.org/codes.html#multiple_bindings for an explanation.
SLF4J: The requested version 1.5.8 by your slf4j binding is not compatible with [1.6]
SLF4J: See http://www.slf4j.org/codes.html#version_mismatch for further details.
java.util.concurrent.ExecutionException: java.lang.AssertionError
    at java.util.concurrent.FutureTask.report(FutureTask.java:122)
    at java.util.concurrent.FutureTask.get(FutureTask.java:192)
    at org.apache.jackrabbit.mk.store.DefaultRevisionStoreTest.putTokenImpl(DefaultRevisionStoreTest.java:221)
    at sun.reflect.NativeMethodAccessorImpl.invoke0(Native Method)
    at sun.reflect.NativeMethodAccessorImpl.invoke(NativeMethodAccessorImpl.java:62)
    at sun.reflect.DelegatingMethodAccessorImpl.invoke(DelegatingMethodAccessorImpl.java:43)
org.junit.ComparisonFailure: expected:<...:childNodeCount":2,"[d":{},"c]":{}},"b":{":childNo...> but was:<...:childNodeCount":2,"[c":{},"d]":{}},"b":{":childNo...>
    at org.junit.Assert.assertEquals(Assert.java:115)
    at org.junit.Assert.assertEquals(Assert.java:144)
    at org.apache.jackrabbit.mk.store.DefaultRevisionStoreTest.testRevisionHistory(DefaultRevisionStoreTest.java:102)
    at sun.reflect.NativeMethodAccessorImpl.invoke0(Native Method)
    at sun.reflect.NativeMethodAccessorImpl.invoke(NativeMethodAccessorImpl.java:62)
    at sun.reflect.DelegatingMethodAccessorImpl.invoke(DelegatingMethodAccessorImpl.java:43)
23:09:09.143 [pool-74-thread-1] INFO  xxl.java.junit.TestCasesListener - Tests run finished (1032 ms)
<> Total tests run: 4
<> Ignored tests: 1
<> Failed tests: 2
~ putTokenImpl(org.apache.jackrabbit.mk.store.DefaultRevisionStoreTest)
[java.lang.AssertionError]
java.util.concurrent.ExecutionException: java.lang.AssertionError    at java.util.concurrent.FutureTask.report(FutureTask.java:122)
    at java.util.concurrent.FutureTask.get(FutureTask.java:192)
    at org.apache.jackrabbit.mk.store.DefaultRevisionStoreTest.putTokenImpl(DefaultRevisionStoreTest.java:221)
    at sun.reflect.NativeMethodAccessorImpl.invoke0(Native Method)
    at sun.reflect.NativeMethodAccessorImpl.invoke(NativeMethodAccessorImpl.java:62)
    at sun.reflect.DelegatingMethodAccessorImpl.invoke(DelegatingMethodAccessorImpl.java:43)
~ testRevisionHistory(org.apache.jackrabbit.mk.store.DefaultRevisionStoreTest)
[expected:<...:childNodeCount":2,"[d":{},"c]":{}},"b":{":childNo...> but was:<...:childNodeCount":2,"[c":{},"d]":{}},"b":{":childNo...>]
org.junit.ComparisonFailure: expected:<...:childNodeCount":2,"[d":{},"c]":{}},"b":{":childNo...> but was:<...:childNodeCount":2,"[c":{},"d]":{}},"b":{":childNo...>    at org.junit.Assert.assertEquals(Assert.java:115)
    at org.junit.Assert.assertEquals(Assert.java:144)
    at org.apache.jackrabbit.mk.store.DefaultRevisionStoreTest.testRevisionHistory(DefaultRevisionStoreTest.java:102)
    at sun.reflect.NativeMethodAccessorImpl.invoke0(Native Method)
    at sun.reflect.NativeMethodAccessorImpl.invoke(NativeMethodAccessorImpl.java:62)
    at sun.reflect.DelegatingMethodAccessorImpl.invoke(DelegatingMethodAccessorImpl.java:43)

SLF4J: Class path contains multiple SLF4J bindings.
SLF4J: Found binding in [jar:file:/home/tdurieux/.m2/repository/org/slf4j/slf4j-nop/1.5.8/slf4j-nop-1.5.8.jar!/org/slf4j/impl/StaticLoggerBinder.class]
SLF4J: Found binding in [jar:file:/home/tdurieux/.m2/repository/ch/qos/logback/logback-classic/1.0.1/logback-classic-1.0.1.jar!/org/slf4j/impl/StaticLoggerBinder.class]
SLF4J: Found binding in [jar:file:/home/tdurieux/.m2/repository/org/slf4j/slf4j-simple/1.6.1/slf4j-simple-1.6.1.jar!/org/slf4j/impl/StaticLoggerBinder.class]
SLF4J: Found binding in [jar:file:/home/tdurieux/defects4j4repair/script/../repair_tools/nopol.jar!/org/slf4j/impl/StaticLoggerBinder.class]
SLF4J: See http://www.slf4j.org/codes.html#multiple_bindings for an explanation.
SLF4J: The requested version 1.5.8 by your slf4j binding is not compatible with [1.6]
SLF4J: See http://www.slf4j.org/codes.html#version_mismatch for further details.
23:09:09.864 [pool-2-thread-1] DEBUG fr.inria.lille.repair.nopol.NoPol - looking with class fr.inria.lille.repair.nopol.spoon.smt.ConditionalReplacer
SLF4J: Class path contains multiple SLF4J bindings.
SLF4J: Found binding in [jar:file:/home/tdurieux/.m2/repository/org/slf4j/slf4j-nop/1.5.8/slf4j-nop-1.5.8.jar!/org/slf4j/impl/StaticLoggerBinder.class]
SLF4J: Found binding in [jar:file:/home/tdurieux/.m2/repository/ch/qos/logback/logback-classic/1.0.1/logback-classic-1.0.1.jar!/org/slf4j/impl/StaticLoggerBinder.class]
SLF4J: Found binding in [jar:file:/home/tdurieux/.m2/repository/org/slf4j/slf4j-simple/1.6.1/slf4j-simple-1.6.1.jar!/org/slf4j/impl/StaticLoggerBinder.class]
SLF4J: Found binding in [jar:file:/home/tdurieux/defects4j4repair/script/../repair_tools/nopol.jar!/org/slf4j/impl/StaticLoggerBinder.class]
SLF4J: See http://www.slf4j.org/codes.html#multiple_bindings for an explanation.
SLF4J: The requested version 1.5.8 by your slf4j binding is not compatible with [1.6]
SLF4J: See http://www.slf4j.org/codes.html#version_mismatch for further details.
java.util.concurrent.ExecutionException: java.lang.AssertionError
    at java.util.concurrent.FutureTask.report(FutureTask.java:122)
    at java.util.concurrent.FutureTask.get(FutureTask.java:192)
    at org.apache.jackrabbit.mk.store.DefaultRevisionStoreTest.putTokenImpl(DefaultRevisionStoreTest.java:221)
    at sun.reflect.NativeMethodAccessorImpl.invoke0(Native Method)
    at sun.reflect.NativeMethodAccessorImpl.invoke(NativeMethodAccessorImpl.java:62)
    at sun.reflect.DelegatingMethodAccessorImpl.invoke(DelegatingMethodAccessorImpl.java:43)
org.junit.ComparisonFailure: expected:<...:childNodeCount":2,"[d":{},"c]":{}},"b":{":childNo...> but was:<...:childNodeCount":2,"[c":{},"d]":{}},"b":{":childNo...>
    at org.junit.Assert.assertEquals(Assert.java:115)
    at org.junit.Assert.assertEquals(Assert.java:144)
    at org.apache.jackrabbit.mk.store.DefaultRevisionStoreTest.testRevisionHistory(DefaultRevisionStoreTest.java:102)
    at sun.reflect.NativeMethodAccessorImpl.invoke0(Native Method)
    at sun.reflect.NativeMethodAccessorImpl.invoke(NativeMethodAccessorImpl.java:62)
    at sun.reflect.DelegatingMethodAccessorImpl.invoke(DelegatingMethodAccessorImpl.java:43)
23:09:10.904 [pool-84-thread-1] INFO  xxl.java.junit.TestCasesListener - Tests run finished (1021 ms)
<> Total tests run: 4
<> Ignored tests: 1
<> Failed tests: 2
~ putTokenImpl(org.apache.jackrabbit.mk.store.DefaultRevisionStoreTest)
[java.lang.AssertionError]
java.util.concurrent.ExecutionException: java.lang.AssertionError    at java.util.concurrent.FutureTask.report(FutureTask.java:122)
    at java.util.concurrent.FutureTask.get(FutureTask.java:192)
    at org.apache.jackrabbit.mk.store.DefaultRevisionStoreTest.putTokenImpl(DefaultRevisionStoreTest.java:221)
    at sun.reflect.NativeMethodAccessorImpl.invoke0(Native Method)
    at sun.reflect.NativeMethodAccessorImpl.invoke(NativeMethodAccessorImpl.java:62)
    at sun.reflect.DelegatingMethodAccessorImpl.invoke(DelegatingMethodAccessorImpl.java:43)
~ testRevisionHistory(org.apache.jackrabbit.mk.store.DefaultRevisionStoreTest)
[expected:<...:childNodeCount":2,"[d":{},"c]":{}},"b":{":childNo...> but was:<...:childNodeCount":2,"[c":{},"d]":{}},"b":{":childNo...>]
org.junit.ComparisonFailure: expected:<...:childNodeCount":2,"[d":{},"c]":{}},"b":{":childNo...> but was:<...:childNodeCount":2,"[c":{},"d]":{}},"b":{":childNo...>    at org.junit.Assert.assertEquals(Assert.java:115)
    at org.junit.Assert.assertEquals(Assert.java:144)
    at org.apache.jackrabbit.mk.store.DefaultRevisionStoreTest.testRevisionHistory(DefaultRevisionStoreTest.java:102)
    at sun.reflect.NativeMethodAccessorImpl.invoke0(Native Method)
    at sun.reflect.NativeMethodAccessorImpl.invoke(NativeMethodAccessorImpl.java:62)
    at sun.reflect.DelegatingMethodAccessorImpl.invoke(DelegatingMethodAccessorImpl.java:43)

SLF4J: Class path contains multiple SLF4J bindings.
SLF4J: Found binding in [jar:file:/home/tdurieux/.m2/repository/org/slf4j/slf4j-nop/1.5.8/slf4j-nop-1.5.8.jar!/org/slf4j/impl/StaticLoggerBinder.class]
SLF4J: Found binding in [jar:file:/home/tdurieux/.m2/repository/ch/qos/logback/logback-classic/1.0.1/logback-classic-1.0.1.jar!/org/slf4j/impl/StaticLoggerBinder.class]
SLF4J: Found binding in [jar:file:/home/tdurieux/.m2/repository/org/slf4j/slf4j-simple/1.6.1/slf4j-simple-1.6.1.jar!/org/slf4j/impl/StaticLoggerBinder.class]
SLF4J: Found binding in [jar:file:/home/tdurieux/defects4j4repair/script/../repair_tools/nopol.jar!/org/slf4j/impl/StaticLoggerBinder.class]
SLF4J: See http://www.slf4j.org/codes.html#multiple_bindings for an explanation.
SLF4J: The requested version 1.5.8 by your slf4j binding is not compatible with [1.6]
SLF4J: See http://www.slf4j.org/codes.html#version_mismatch for further details.
23:09:11.805 [pool-2-thread-1] DEBUG fr.inria.lille.repair.nopol.NoPol - statement #14
23:09:11.806 [pool-2-thread-1] DEBUG fr.inria.lille.repair.nopol.NoPol - Analysing SourceLocation org.apache.jackrabbit.mk.core.MicroKernelImpl:651 which is executed by 1 tests
-1542657598
23:09:12.190 [pool-2-thread-1] DEBUG fr.inria.lille.repair.nopol.NoPol - looking with class fr.inria.lille.repair.nopol.spoon.smt.ConditionalAdder
SLF4J: Class path contains multiple SLF4J bindings.
SLF4J: Found binding in [jar:file:/home/tdurieux/.m2/repository/org/slf4j/slf4j-nop/1.5.8/slf4j-nop-1.5.8.jar!/org/slf4j/impl/StaticLoggerBinder.class]
SLF4J: Found binding in [jar:file:/home/tdurieux/.m2/repository/ch/qos/logback/logback-classic/1.0.1/logback-classic-1.0.1.jar!/org/slf4j/impl/StaticLoggerBinder.class]
SLF4J: Found binding in [jar:file:/home/tdurieux/.m2/repository/org/slf4j/slf4j-simple/1.6.1/slf4j-simple-1.6.1.jar!/org/slf4j/impl/StaticLoggerBinder.class]
SLF4J: Found binding in [jar:file:/home/tdurieux/defects4j4repair/script/../repair_tools/nopol.jar!/org/slf4j/impl/StaticLoggerBinder.class]
SLF4J: See http://www.slf4j.org/codes.html#multiple_bindings for an explanation.
SLF4J: The requested version 1.5.8 by your slf4j binding is not compatible with [1.6]
SLF4J: See http://www.slf4j.org/codes.html#version_mismatch for further details.
java.util.concurrent.ExecutionException: java.lang.AssertionError
    at java.util.concurrent.FutureTask.report(FutureTask.java:122)
    at java.util.concurrent.FutureTask.get(FutureTask.java:192)
    at org.apache.jackrabbit.mk.store.DefaultRevisionStoreTest.putTokenImpl(DefaultRevisionStoreTest.java:221)
    at sun.reflect.NativeMethodAccessorImpl.invoke0(Native Method)
    at sun.reflect.NativeMethodAccessorImpl.invoke(NativeMethodAccessorImpl.java:62)
    at sun.reflect.DelegatingMethodAccessorImpl.invoke(DelegatingMethodAccessorImpl.java:43)
org.junit.ComparisonFailure: expected:<...:childNodeCount":2,"[d":{},"c]":{}},"b":{":childNo...> but was:<...:childNodeCount":2,"[c":{},"d]":{}},"b":{":childNo...>
    at org.junit.Assert.assertEquals(Assert.java:115)
    at org.junit.Assert.assertEquals(Assert.java:144)
    at org.apache.jackrabbit.mk.store.DefaultRevisionStoreTest.testRevisionHistory(DefaultRevisionStoreTest.java:102)
    at sun.reflect.NativeMethodAccessorImpl.invoke0(Native Method)
    at sun.reflect.NativeMethodAccessorImpl.invoke(NativeMethodAccessorImpl.java:62)
    at sun.reflect.DelegatingMethodAccessorImpl.invoke(DelegatingMethodAccessorImpl.java:43)
23:09:13.217 [pool-94-thread-1] INFO  xxl.java.junit.TestCasesListener - Tests run finished (1008 ms)
<> Total tests run: 4
<> Ignored tests: 1
<> Failed tests: 2
~ putTokenImpl(org.apache.jackrabbit.mk.store.DefaultRevisionStoreTest)
[java.lang.AssertionError]
java.util.concurrent.ExecutionException: java.lang.AssertionError    at java.util.concurrent.FutureTask.report(FutureTask.java:122)
    at java.util.concurrent.FutureTask.get(FutureTask.java:192)
    at org.apache.jackrabbit.mk.store.DefaultRevisionStoreTest.putTokenImpl(DefaultRevisionStoreTest.java:221)
    at sun.reflect.NativeMethodAccessorImpl.invoke0(Native Method)
    at sun.reflect.NativeMethodAccessorImpl.invoke(NativeMethodAccessorImpl.java:62)
    at sun.reflect.DelegatingMethodAccessorImpl.invoke(DelegatingMethodAccessorImpl.java:43)
~ testRevisionHistory(org.apache.jackrabbit.mk.store.DefaultRevisionStoreTest)
[expected:<...:childNodeCount":2,"[d":{},"c]":{}},"b":{":childNo...> but was:<...:childNodeCount":2,"[c":{},"d]":{}},"b":{":childNo...>]
org.junit.ComparisonFailure: expected:<...:childNodeCount":2,"[d":{},"c]":{}},"b":{":childNo...> but was:<...:childNodeCount":2,"[c":{},"d]":{}},"b":{":childNo...>    at org.junit.Assert.assertEquals(Assert.java:115)
    at org.junit.Assert.assertEquals(Assert.java:144)
    at org.apache.jackrabbit.mk.store.DefaultRevisionStoreTest.testRevisionHistory(DefaultRevisionStoreTest.java:102)
    at sun.reflect.NativeMethodAccessorImpl.invoke0(Native Method)
    at sun.reflect.NativeMethodAccessorImpl.invoke(NativeMethodAccessorImpl.java:62)
    at sun.reflect.DelegatingMethodAccessorImpl.invoke(DelegatingMethodAccessorImpl.java:43)

SLF4J: Class path contains multiple SLF4J bindings.
SLF4J: Found binding in [jar:file:/home/tdurieux/.m2/repository/org/slf4j/slf4j-nop/1.5.8/slf4j-nop-1.5.8.jar!/org/slf4j/impl/StaticLoggerBinder.class]
SLF4J: Found binding in [jar:file:/home/tdurieux/.m2/repository/ch/qos/logback/logback-classic/1.0.1/logback-classic-1.0.1.jar!/org/slf4j/impl/StaticLoggerBinder.class]
SLF4J: Found binding in [jar:file:/home/tdurieux/.m2/repository/org/slf4j/slf4j-simple/1.6.1/slf4j-simple-1.6.1.jar!/org/slf4j/impl/StaticLoggerBinder.class]
SLF4J: Found binding in [jar:file:/home/tdurieux/defects4j4repair/script/../repair_tools/nopol.jar!/org/slf4j/impl/StaticLoggerBinder.class]
SLF4J: See http://www.slf4j.org/codes.html#multiple_bindings for an explanation.
SLF4J: The requested version 1.5.8 by your slf4j binding is not compatible with [1.6]
SLF4J: See http://www.slf4j.org/codes.html#version_mismatch for further details.
23:09:14.010 [pool-2-thread-1] DEBUG fr.inria.lille.repair.nopol.NoPol - statement #15
23:09:14.011 [pool-2-thread-1] DEBUG fr.inria.lille.repair.nopol.NoPol - Analysing SourceLocation org.apache.jackrabbit.mk.core.MicroKernelImpl:650 which is executed by 1 tests
-1542657598
23:09:14.276 [pool-2-thread-1] DEBUG fr.inria.lille.repair.nopol.NoPol - statement #16
23:09:14.276 [pool-2-thread-1] DEBUG fr.inria.lille.repair.nopol.NoPol - Analysing SourceLocation org.apache.jackrabbit.mk.core.MicroKernelImpl:644 which is executed by 1 tests
-1542657598
23:09:14.544 [pool-2-thread-1] DEBUG fr.inria.lille.repair.nopol.NoPol - looking with class fr.inria.lille.repair.nopol.spoon.smt.ConditionalAdder
SLF4J: Class path contains multiple SLF4J bindings.
SLF4J: Found binding in [jar:file:/home/tdurieux/.m2/repository/org/slf4j/slf4j-nop/1.5.8/slf4j-nop-1.5.8.jar!/org/slf4j/impl/StaticLoggerBinder.class]
SLF4J: Found binding in [jar:file:/home/tdurieux/.m2/repository/ch/qos/logback/logback-classic/1.0.1/logback-classic-1.0.1.jar!/org/slf4j/impl/StaticLoggerBinder.class]
SLF4J: Found binding in [jar:file:/home/tdurieux/.m2/repository/org/slf4j/slf4j-simple/1.6.1/slf4j-simple-1.6.1.jar!/org/slf4j/impl/StaticLoggerBinder.class]
SLF4J: Found binding in [jar:file:/home/tdurieux/defects4j4repair/script/../repair_tools/nopol.jar!/org/slf4j/impl/StaticLoggerBinder.class]
SLF4J: See http://www.slf4j.org/codes.html#multiple_bindings for an explanation.
SLF4J: The requested version 1.5.8 by your slf4j binding is not compatible with [1.6]
SLF4J: See http://www.slf4j.org/codes.html#version_mismatch for further details.
java.util.concurrent.ExecutionException: java.lang.AssertionError
    at java.util.concurrent.FutureTask.report(FutureTask.java:122)
    at java.util.concurrent.FutureTask.get(FutureTask.java:192)
    at org.apache.jackrabbit.mk.store.DefaultRevisionStoreTest.putTokenImpl(DefaultRevisionStoreTest.java:221)
    at sun.reflect.NativeMethodAccessorImpl.invoke0(Native Method)
    at sun.reflect.NativeMethodAccessorImpl.invoke(NativeMethodAccessorImpl.java:62)
    at sun.reflect.DelegatingMethodAccessorImpl.invoke(DelegatingMethodAccessorImpl.java:43)
org.junit.ComparisonFailure: expected:<...:childNodeCount":2,"[d":{},"c]":{}},"b":{":childNo...> but was:<...:childNodeCount":2,"[c":{},"d]":{}},"b":{":childNo...>
    at org.junit.Assert.assertEquals(Assert.java:115)
    at org.junit.Assert.assertEquals(Assert.java:144)
    at org.apache.jackrabbit.mk.store.DefaultRevisionStoreTest.testRevisionHistory(DefaultRevisionStoreTest.java:102)
    at sun.reflect.NativeMethodAccessorImpl.invoke0(Native Method)
    at sun.reflect.NativeMethodAccessorImpl.invoke(NativeMethodAccessorImpl.java:62)
    at sun.reflect.DelegatingMethodAccessorImpl.invoke(DelegatingMethodAccessorImpl.java:43)
23:09:15.621 [pool-104-thread-1] INFO  xxl.java.junit.TestCasesListener - Tests run finished (1058 ms)
<> Total tests run: 4
<> Ignored tests: 1
<> Failed tests: 2
~ putTokenImpl(org.apache.jackrabbit.mk.store.DefaultRevisionStoreTest)
[java.lang.AssertionError]
java.util.concurrent.ExecutionException: java.lang.AssertionError    at java.util.concurrent.FutureTask.report(FutureTask.java:122)
    at java.util.concurrent.FutureTask.get(FutureTask.java:192)
    at org.apache.jackrabbit.mk.store.DefaultRevisionStoreTest.putTokenImpl(DefaultRevisionStoreTest.java:221)
    at sun.reflect.NativeMethodAccessorImpl.invoke0(Native Method)
    at sun.reflect.NativeMethodAccessorImpl.invoke(NativeMethodAccessorImpl.java:62)
    at sun.reflect.DelegatingMethodAccessorImpl.invoke(DelegatingMethodAccessorImpl.java:43)
~ testRevisionHistory(org.apache.jackrabbit.mk.store.DefaultRevisionStoreTest)
[expected:<...:childNodeCount":2,"[d":{},"c]":{}},"b":{":childNo...> but was:<...:childNodeCount":2,"[c":{},"d]":{}},"b":{":childNo...>]
org.junit.ComparisonFailure: expected:<...:childNodeCount":2,"[d":{},"c]":{}},"b":{":childNo...> but was:<...:childNodeCount":2,"[c":{},"d]":{}},"b":{":childNo...>    at org.junit.Assert.assertEquals(Assert.java:115)
    at org.junit.Assert.assertEquals(Assert.java:144)
    at org.apache.jackrabbit.mk.store.DefaultRevisionStoreTest.testRevisionHistory(DefaultRevisionStoreTest.java:102)
    at sun.reflect.NativeMethodAccessorImpl.invoke0(Native Method)
    at sun.reflect.NativeMethodAccessorImpl.invoke(NativeMethodAccessorImpl.java:62)
    at sun.reflect.DelegatingMethodAccessorImpl.invoke(DelegatingMethodAccessorImpl.java:43)

SLF4J: Class path contains multiple SLF4J bindings.
SLF4J: Found binding in [jar:file:/home/tdurieux/.m2/repository/org/slf4j/slf4j-nop/1.5.8/slf4j-nop-1.5.8.jar!/org/slf4j/impl/StaticLoggerBinder.class]
SLF4J: Found binding in [jar:file:/home/tdurieux/.m2/repository/ch/qos/logback/logback-classic/1.0.1/logback-classic-1.0.1.jar!/org/slf4j/impl/StaticLoggerBinder.class]
SLF4J: Found binding in [jar:file:/home/tdurieux/.m2/repository/org/slf4j/slf4j-simple/1.6.1/slf4j-simple-1.6.1.jar!/org/slf4j/impl/StaticLoggerBinder.class]
SLF4J: Found binding in [jar:file:/home/tdurieux/defects4j4repair/script/../repair_tools/nopol.jar!/org/slf4j/impl/StaticLoggerBinder.class]
SLF4J: See http://www.slf4j.org/codes.html#multiple_bindings for an explanation.
SLF4J: The requested version 1.5.8 by your slf4j binding is not compatible with [1.6]
SLF4J: See http://www.slf4j.org/codes.html#version_mismatch for further details.
23:09:16.315 [pool-2-thread-1] DEBUG fr.inria.lille.repair.nopol.NoPol - looking with class fr.inria.lille.repair.nopol.spoon.smt.ConditionalReplacer
SLF4J: Class path contains multiple SLF4J bindings.
SLF4J: Found binding in [jar:file:/home/tdurieux/.m2/repository/org/slf4j/slf4j-nop/1.5.8/slf4j-nop-1.5.8.jar!/org/slf4j/impl/StaticLoggerBinder.class]
SLF4J: Found binding in [jar:file:/home/tdurieux/.m2/repository/ch/qos/logback/logback-classic/1.0.1/logback-classic-1.0.1.jar!/org/slf4j/impl/StaticLoggerBinder.class]
SLF4J: Found binding in [jar:file:/home/tdurieux/.m2/repository/org/slf4j/slf4j-simple/1.6.1/slf4j-simple-1.6.1.jar!/org/slf4j/impl/StaticLoggerBinder.class]
SLF4J: Found binding in [jar:file:/home/tdurieux/defects4j4repair/script/../repair_tools/nopol.jar!/org/slf4j/impl/StaticLoggerBinder.class]
SLF4J: See http://www.slf4j.org/codes.html#multiple_bindings for an explanation.
SLF4J: The requested version 1.5.8 by your slf4j binding is not compatible with [1.6]
SLF4J: See http://www.slf4j.org/codes.html#version_mismatch for further details.
java.util.concurrent.ExecutionException: java.lang.AssertionError
    at java.util.concurrent.FutureTask.report(FutureTask.java:122)
    at java.util.concurrent.FutureTask.get(FutureTask.java:192)
    at org.apache.jackrabbit.mk.store.DefaultRevisionStoreTest.putTokenImpl(DefaultRevisionStoreTest.java:221)
    at sun.reflect.NativeMethodAccessorImpl.invoke0(Native Method)
    at sun.reflect.NativeMethodAccessorImpl.invoke(NativeMethodAccessorImpl.java:62)
    at sun.reflect.DelegatingMethodAccessorImpl.invoke(DelegatingMethodAccessorImpl.java:43)
org.junit.ComparisonFailure: expected:<...:childNodeCount":2,"[d":{},"c]":{}},"b":{":childNo...> but was:<...:childNodeCount":2,"[c":{},"d]":{}},"b":{":childNo...>
    at org.junit.Assert.assertEquals(Assert.java:115)
    at org.junit.Assert.assertEquals(Assert.java:144)
    at org.apache.jackrabbit.mk.store.DefaultRevisionStoreTest.testRevisionHistory(DefaultRevisionStoreTest.java:102)
    at sun.reflect.NativeMethodAccessorImpl.invoke0(Native Method)
    at sun.reflect.NativeMethodAccessorImpl.invoke(NativeMethodAccessorImpl.java:62)
    at sun.reflect.DelegatingMethodAccessorImpl.invoke(DelegatingMethodAccessorImpl.java:43)
23:09:17.467 [pool-114-thread-1] INFO  xxl.java.junit.TestCasesListener - Tests run finished (1127 ms)
<> Total tests run: 4
<> Ignored tests: 1
<> Failed tests: 2
~ putTokenImpl(org.apache.jackrabbit.mk.store.DefaultRevisionStoreTest)
[java.lang.AssertionError]
java.util.concurrent.ExecutionException: java.lang.AssertionError    at java.util.concurrent.FutureTask.report(FutureTask.java:122)
    at java.util.concurrent.FutureTask.get(FutureTask.java:192)
    at org.apache.jackrabbit.mk.store.DefaultRevisionStoreTest.putTokenImpl(DefaultRevisionStoreTest.java:221)
    at sun.reflect.NativeMethodAccessorImpl.invoke0(Native Method)
    at sun.reflect.NativeMethodAccessorImpl.invoke(NativeMethodAccessorImpl.java:62)
    at sun.reflect.DelegatingMethodAccessorImpl.invoke(DelegatingMethodAccessorImpl.java:43)
~ testRevisionHistory(org.apache.jackrabbit.mk.store.DefaultRevisionStoreTest)
[expected:<...:childNodeCount":2,"[d":{},"c]":{}},"b":{":childNo...> but was:<...:childNodeCount":2,"[c":{},"d]":{}},"b":{":childNo...>]
org.junit.ComparisonFailure: expected:<...:childNodeCount":2,"[d":{},"c]":{}},"b":{":childNo...> but was:<...:childNodeCount":2,"[c":{},"d]":{}},"b":{":childNo...>    at org.junit.Assert.assertEquals(Assert.java:115)
    at org.junit.Assert.assertEquals(Assert.java:144)
    at org.apache.jackrabbit.mk.store.DefaultRevisionStoreTest.testRevisionHistory(DefaultRevisionStoreTest.java:102)
    at sun.reflect.NativeMethodAccessorImpl.invoke0(Native Method)
    at sun.reflect.NativeMethodAccessorImpl.invoke(NativeMethodAccessorImpl.java:62)
    at sun.reflect.DelegatingMethodAccessorImpl.invoke(DelegatingMethodAccessorImpl.java:43)

SLF4J: Class path contains multiple SLF4J bindings.
SLF4J: Found binding in [jar:file:/home/tdurieux/.m2/repository/org/slf4j/slf4j-nop/1.5.8/slf4j-nop-1.5.8.jar!/org/slf4j/impl/StaticLoggerBinder.class]
SLF4J: Found binding in [jar:file:/home/tdurieux/.m2/repository/ch/qos/logback/logback-classic/1.0.1/logback-classic-1.0.1.jar!/org/slf4j/impl/StaticLoggerBinder.class]
SLF4J: Found binding in [jar:file:/home/tdurieux/.m2/repository/org/slf4j/slf4j-simple/1.6.1/slf4j-simple-1.6.1.jar!/org/slf4j/impl/StaticLoggerBinder.class]
SLF4J: Found binding in [jar:file:/home/tdurieux/defects4j4repair/script/../repair_tools/nopol.jar!/org/slf4j/impl/StaticLoggerBinder.class]
SLF4J: See http://www.slf4j.org/codes.html#multiple_bindings for an explanation.
SLF4J: The requested version 1.5.8 by your slf4j binding is not compatible with [1.6]
SLF4J: See http://www.slf4j.org/codes.html#version_mismatch for further details.
23:09:18.204 [pool-2-thread-1] DEBUG fr.inria.lille.repair.nopol.NoPol - statement #17
23:09:18.205 [pool-2-thread-1] DEBUG fr.inria.lille.repair.nopol.NoPol - Analysing SourceLocation org.apache.jackrabbit.mk.core.MicroKernelImpl:643 which is executed by 1 tests
-1542657598
23:09:18.493 [pool-2-thread-1] DEBUG fr.inria.lille.repair.nopol.NoPol - statement #18
23:09:18.493 [pool-2-thread-1] DEBUG fr.inria.lille.repair.nopol.NoPol - Analysing SourceLocation org.apache.jackrabbit.mk.core.MicroKernelImpl:610 which is executed by 1 tests
-1542657598
23:09:18.760 [pool-2-thread-1] DEBUG fr.inria.lille.repair.nopol.NoPol - looking with class fr.inria.lille.repair.nopol.spoon.smt.ConditionalAdder
SLF4J: Class path contains multiple SLF4J bindings.
SLF4J: Found binding in [jar:file:/home/tdurieux/.m2/repository/org/slf4j/slf4j-nop/1.5.8/slf4j-nop-1.5.8.jar!/org/slf4j/impl/StaticLoggerBinder.class]
SLF4J: Found binding in [jar:file:/home/tdurieux/.m2/repository/ch/qos/logback/logback-classic/1.0.1/logback-classic-1.0.1.jar!/org/slf4j/impl/StaticLoggerBinder.class]
SLF4J: Found binding in [jar:file:/home/tdurieux/.m2/repository/org/slf4j/slf4j-simple/1.6.1/slf4j-simple-1.6.1.jar!/org/slf4j/impl/StaticLoggerBinder.class]
SLF4J: Found binding in [jar:file:/home/tdurieux/defects4j4repair/script/../repair_tools/nopol.jar!/org/slf4j/impl/StaticLoggerBinder.class]
SLF4J: See http://www.slf4j.org/codes.html#multiple_bindings for an explanation.
SLF4J: The requested version 1.5.8 by your slf4j binding is not compatible with [1.6]
SLF4J: See http://www.slf4j.org/codes.html#version_mismatch for further details.
java.util.concurrent.ExecutionException: java.lang.AssertionError
    at java.util.concurrent.FutureTask.report(FutureTask.java:122)
    at java.util.concurrent.FutureTask.get(FutureTask.java:192)
    at org.apache.jackrabbit.mk.store.DefaultRevisionStoreTest.putTokenImpl(DefaultRevisionStoreTest.java:221)
    at sun.reflect.NativeMethodAccessorImpl.invoke0(Native Method)
    at sun.reflect.NativeMethodAccessorImpl.invoke(NativeMethodAccessorImpl.java:62)
    at sun.reflect.DelegatingMethodAccessorImpl.invoke(DelegatingMethodAccessorImpl.java:43)
org.junit.ComparisonFailure: expected:<...:childNodeCount":2,"[d":{},"c]":{}},"b":{":childNo...> but was:<...:childNodeCount":2,"[c":{},"d]":{}},"b":{":childNo...>
    at org.junit.Assert.assertEquals(Assert.java:115)
    at org.junit.Assert.assertEquals(Assert.java:144)
    at org.apache.jackrabbit.mk.store.DefaultRevisionStoreTest.testRevisionHistory(DefaultRevisionStoreTest.java:102)
    at sun.reflect.NativeMethodAccessorImpl.invoke0(Native Method)
    at sun.reflect.NativeMethodAccessorImpl.invoke(NativeMethodAccessorImpl.java:62)
    at sun.reflect.DelegatingMethodAccessorImpl.invoke(DelegatingMethodAccessorImpl.java:43)
23:09:19.779 [pool-124-thread-1] INFO  xxl.java.junit.TestCasesListener - Tests run finished (998 ms)
<> Total tests run: 4
<> Ignored tests: 1
<> Failed tests: 2
~ putTokenImpl(org.apache.jackrabbit.mk.store.DefaultRevisionStoreTest)
[java.lang.AssertionError]
java.util.concurrent.ExecutionException: java.lang.AssertionError    at java.util.concurrent.FutureTask.report(FutureTask.java:122)
    at java.util.concurrent.FutureTask.get(FutureTask.java:192)
    at org.apache.jackrabbit.mk.store.DefaultRevisionStoreTest.putTokenImpl(DefaultRevisionStoreTest.java:221)
    at sun.reflect.NativeMethodAccessorImpl.invoke0(Native Method)
    at sun.reflect.NativeMethodAccessorImpl.invoke(NativeMethodAccessorImpl.java:62)
    at sun.reflect.DelegatingMethodAccessorImpl.invoke(DelegatingMethodAccessorImpl.java:43)
~ testRevisionHistory(org.apache.jackrabbit.mk.store.DefaultRevisionStoreTest)
[expected:<...:childNodeCount":2,"[d":{},"c]":{}},"b":{":childNo...> but was:<...:childNodeCount":2,"[c":{},"d]":{}},"b":{":childNo...>]
org.junit.ComparisonFailure: expected:<...:childNodeCount":2,"[d":{},"c]":{}},"b":{":childNo...> but was:<...:childNodeCount":2,"[c":{},"d]":{}},"b":{":childNo...>    at org.junit.Assert.assertEquals(Assert.java:115)
    at org.junit.Assert.assertEquals(Assert.java:144)
    at org.apache.jackrabbit.mk.store.DefaultRevisionStoreTest.testRevisionHistory(DefaultRevisionStoreTest.java:102)
    at sun.reflect.NativeMethodAccessorImpl.invoke0(Native Method)
    at sun.reflect.NativeMethodAccessorImpl.invoke(NativeMethodAccessorImpl.java:62)
    at sun.reflect.DelegatingMethodAccessorImpl.invoke(DelegatingMethodAccessorImpl.java:43)

SLF4J: Class path contains multiple SLF4J bindings.
SLF4J: Found binding in [jar:file:/home/tdurieux/.m2/repository/org/slf4j/slf4j-nop/1.5.8/slf4j-nop-1.5.8.jar!/org/slf4j/impl/StaticLoggerBinder.class]
SLF4J: Found binding in [jar:file:/home/tdurieux/.m2/repository/ch/qos/logback/logback-classic/1.0.1/logback-classic-1.0.1.jar!/org/slf4j/impl/StaticLoggerBinder.class]
SLF4J: Found binding in [jar:file:/home/tdurieux/.m2/repository/org/slf4j/slf4j-simple/1.6.1/slf4j-simple-1.6.1.jar!/org/slf4j/impl/StaticLoggerBinder.class]
SLF4J: Found binding in [jar:file:/home/tdurieux/defects4j4repair/script/../repair_tools/nopol.jar!/org/slf4j/impl/StaticLoggerBinder.class]
SLF4J: See http://www.slf4j.org/codes.html#multiple_bindings for an explanation.
SLF4J: The requested version 1.5.8 by your slf4j binding is not compatible with [1.6]
SLF4J: See http://www.slf4j.org/codes.html#version_mismatch for further details.
23:09:20.448 [pool-2-thread-1] DEBUG fr.inria.lille.repair.nopol.NoPol - looking with class fr.inria.lille.repair.nopol.spoon.smt.ConditionalReplacer
SLF4J: Class path contains multiple SLF4J bindings.
SLF4J: Found binding in [jar:file:/home/tdurieux/.m2/repository/org/slf4j/slf4j-nop/1.5.8/slf4j-nop-1.5.8.jar!/org/slf4j/impl/StaticLoggerBinder.class]
SLF4J: Found binding in [jar:file:/home/tdurieux/.m2/repository/ch/qos/logback/logback-classic/1.0.1/logback-classic-1.0.1.jar!/org/slf4j/impl/StaticLoggerBinder.class]
SLF4J: Found binding in [jar:file:/home/tdurieux/.m2/repository/org/slf4j/slf4j-simple/1.6.1/slf4j-simple-1.6.1.jar!/org/slf4j/impl/StaticLoggerBinder.class]
SLF4J: Found binding in [jar:file:/home/tdurieux/defects4j4repair/script/../repair_tools/nopol.jar!/org/slf4j/impl/StaticLoggerBinder.class]
SLF4J: See http://www.slf4j.org/codes.html#multiple_bindings for an explanation.
SLF4J: The requested version 1.5.8 by your slf4j binding is not compatible with [1.6]
SLF4J: See http://www.slf4j.org/codes.html#version_mismatch for further details.
java.util.concurrent.ExecutionException: java.lang.AssertionError
    at java.util.concurrent.FutureTask.report(FutureTask.java:122)
    at java.util.concurrent.FutureTask.get(FutureTask.java:192)
    at org.apache.jackrabbit.mk.store.DefaultRevisionStoreTest.putTokenImpl(DefaultRevisionStoreTest.java:221)
    at sun.reflect.NativeMethodAccessorImpl.invoke0(Native Method)
    at sun.reflect.NativeMethodAccessorImpl.invoke(NativeMethodAccessorImpl.java:62)
    at sun.reflect.DelegatingMethodAccessorImpl.invoke(DelegatingMethodAccessorImpl.java:43)
org.junit.ComparisonFailure: expected:<...:childNodeCount":2,"[d":{},"c]":{}},"b":{":childNo...> but was:<...:childNodeCount":2,"[c":{},"d]":{}},"b":{":childNo...>
    at org.junit.Assert.assertEquals(Assert.java:115)
    at org.junit.Assert.assertEquals(Assert.java:144)
    at org.apache.jackrabbit.mk.store.DefaultRevisionStoreTest.testRevisionHistory(DefaultRevisionStoreTest.java:102)
    at sun.reflect.NativeMethodAccessorImpl.invoke0(Native Method)
    at sun.reflect.NativeMethodAccessorImpl.invoke(NativeMethodAccessorImpl.java:62)
    at sun.reflect.DelegatingMethodAccessorImpl.invoke(DelegatingMethodAccessorImpl.java:43)
23:09:22.073 [pool-134-thread-1] INFO  xxl.java.junit.TestCasesListener - Tests run finished (1000 ms)
<> Total tests run: 4
<> Ignored tests: 1
<> Failed tests: 2
~ putTokenImpl(org.apache.jackrabbit.mk.store.DefaultRevisionStoreTest)
[java.lang.AssertionError]
java.util.concurrent.ExecutionException: java.lang.AssertionError    at java.util.concurrent.FutureTask.report(FutureTask.java:122)
    at java.util.concurrent.FutureTask.get(FutureTask.java:192)
    at org.apache.jackrabbit.mk.store.DefaultRevisionStoreTest.putTokenImpl(DefaultRevisionStoreTest.java:221)
    at sun.reflect.NativeMethodAccessorImpl.invoke0(Native Method)
    at sun.reflect.NativeMethodAccessorImpl.invoke(NativeMethodAccessorImpl.java:62)
    at sun.reflect.DelegatingMethodAccessorImpl.invoke(DelegatingMethodAccessorImpl.java:43)
~ testRevisionHistory(org.apache.jackrabbit.mk.store.DefaultRevisionStoreTest)
[expected:<...:childNodeCount":2,"[d":{},"c]":{}},"b":{":childNo...> but was:<...:childNodeCount":2,"[c":{},"d]":{}},"b":{":childNo...>]
org.junit.ComparisonFailure: expected:<...:childNodeCount":2,"[d":{},"c]":{}},"b":{":childNo...> but was:<...:childNodeCount":2,"[c":{},"d]":{}},"b":{":childNo...>    at org.junit.Assert.assertEquals(Assert.java:115)
    at org.junit.Assert.assertEquals(Assert.java:144)
    at org.apache.jackrabbit.mk.store.DefaultRevisionStoreTest.testRevisionHistory(DefaultRevisionStoreTest.java:102)
    at sun.reflect.NativeMethodAccessorImpl.invoke0(Native Method)
    at sun.reflect.NativeMethodAccessorImpl.invoke(NativeMethodAccessorImpl.java:62)
    at sun.reflect.DelegatingMethodAccessorImpl.invoke(DelegatingMethodAccessorImpl.java:43)

SLF4J: Class path contains multiple SLF4J bindings.
SLF4J: Found binding in [jar:file:/home/tdurieux/.m2/repository/org/slf4j/slf4j-nop/1.5.8/slf4j-nop-1.5.8.jar!/org/slf4j/impl/StaticLoggerBinder.class]
SLF4J: Found binding in [jar:file:/home/tdurieux/.m2/repository/ch/qos/logback/logback-classic/1.0.1/logback-classic-1.0.1.jar!/org/slf4j/impl/StaticLoggerBinder.class]
SLF4J: Found binding in [jar:file:/home/tdurieux/.m2/repository/org/slf4j/slf4j-simple/1.6.1/slf4j-simple-1.6.1.jar!/org/slf4j/impl/StaticLoggerBinder.class]
SLF4J: Found binding in [jar:file:/home/tdurieux/defects4j4repair/script/../repair_tools/nopol.jar!/org/slf4j/impl/StaticLoggerBinder.class]
SLF4J: See http://www.slf4j.org/codes.html#multiple_bindings for an explanation.
SLF4J: The requested version 1.5.8 by your slf4j binding is not compatible with [1.6]
SLF4J: See http://www.slf4j.org/codes.html#version_mismatch for further details.
23:09:22.710 [pool-2-thread-1] DEBUG fr.inria.lille.repair.nopol.NoPol - statement #19
23:09:22.711 [pool-2-thread-1] DEBUG fr.inria.lille.repair.nopol.NoPol - Analysing SourceLocation org.apache.jackrabbit.mk.store.StoredNodeAsState$3:168 which is executed by 1 tests
1790659419
23:09:22.984 [pool-2-thread-1] DEBUG fr.inria.lille.repair.nopol.NoPol - statement #20
23:09:22.985 [pool-2-thread-1] DEBUG fr.inria.lille.repair.nopol.NoPol - Analysing SourceLocation org.apache.jackrabbit.mk.store.StoredNodeAsState$2$1:144 which is executed by 1 tests
1790659419
23:09:23.233 [pool-2-thread-1] DEBUG fr.inria.lille.repair.nopol.NoPol - statement #21
23:09:23.234 [pool-2-thread-1] DEBUG fr.inria.lille.repair.nopol.NoPol - Analysing SourceLocation org.apache.jackrabbit.mk.store.StoredNodeAsState$2$1:151 which is executed by 1 tests
1790659419
23:09:23.483 [pool-2-thread-1] DEBUG fr.inria.lille.repair.nopol.NoPol - statement #22
23:09:23.483 [pool-2-thread-1] DEBUG fr.inria.lille.repair.nopol.NoPol - Analysing SourceLocation org.apache.jackrabbit.mk.store.StoredNodeAsState:33 which is executed by 8 tests
1790659419
23:09:23.727 [pool-2-thread-1] DEBUG fr.inria.lille.repair.nopol.NoPol - statement #23
23:09:23.727 [pool-2-thread-1] DEBUG fr.inria.lille.repair.nopol.NoPol - Analysing SourceLocation org.apache.jackrabbit.mk.store.DefaultRevisionStore:206 which is executed by 5 tests
258965798
23:09:24.027 [pool-2-thread-1] DEBUG fr.inria.lille.repair.nopol.NoPol - statement #24
23:09:24.028 [pool-2-thread-1] DEBUG fr.inria.lille.repair.nopol.NoPol - Analysing SourceLocation org.apache.jackrabbit.mk.store.DefaultRevisionStore:205 which is executed by 5 tests
258965798
23:09:24.322 [pool-2-thread-1] DEBUG fr.inria.lille.repair.nopol.NoPol - looking with class fr.inria.lille.repair.nopol.spoon.smt.ConditionalAdder
SLF4J: Class path contains multiple SLF4J bindings.
SLF4J: Found binding in [jar:file:/home/tdurieux/.m2/repository/org/slf4j/slf4j-nop/1.5.8/slf4j-nop-1.5.8.jar!/org/slf4j/impl/StaticLoggerBinder.class]
SLF4J: Found binding in [jar:file:/home/tdurieux/.m2/repository/ch/qos/logback/logback-classic/1.0.1/logback-classic-1.0.1.jar!/org/slf4j/impl/StaticLoggerBinder.class]
SLF4J: Found binding in [jar:file:/home/tdurieux/.m2/repository/org/slf4j/slf4j-simple/1.6.1/slf4j-simple-1.6.1.jar!/org/slf4j/impl/StaticLoggerBinder.class]
SLF4J: Found binding in [jar:file:/home/tdurieux/defects4j4repair/script/../repair_tools/nopol.jar!/org/slf4j/impl/StaticLoggerBinder.class]
SLF4J: See http://www.slf4j.org/codes.html#multiple_bindings for an explanation.
SLF4J: The requested version 1.5.8 by your slf4j binding is not compatible with [1.6]
SLF4J: See http://www.slf4j.org/codes.html#version_mismatch for further details.
java.util.concurrent.ExecutionException: java.lang.AssertionError
    at java.util.concurrent.FutureTask.report(FutureTask.java:122)
    at java.util.concurrent.FutureTask.get(FutureTask.java:192)
    at org.apache.jackrabbit.mk.store.DefaultRevisionStoreTest.putTokenImpl(DefaultRevisionStoreTest.java:221)
    at sun.reflect.NativeMethodAccessorImpl.invoke0(Native Method)
    at sun.reflect.NativeMethodAccessorImpl.invoke(NativeMethodAccessorImpl.java:62)
    at sun.reflect.DelegatingMethodAccessorImpl.invoke(DelegatingMethodAccessorImpl.java:43)
org.junit.ComparisonFailure: expected:<...:childNodeCount":2,"[d":{},"c]":{}},"b":{":childNo...> but was:<...:childNodeCount":2,"[c":{},"d]":{}},"b":{":childNo...>
    at org.junit.Assert.assertEquals(Assert.java:115)
    at org.junit.Assert.assertEquals(Assert.java:144)
    at org.apache.jackrabbit.mk.store.DefaultRevisionStoreTest.testRevisionHistory(DefaultRevisionStoreTest.java:102)
    at sun.reflect.NativeMethodAccessorImpl.invoke0(Native Method)
    at sun.reflect.NativeMethodAccessorImpl.invoke(NativeMethodAccessorImpl.java:62)
    at sun.reflect.DelegatingMethodAccessorImpl.invoke(DelegatingMethodAccessorImpl.java:43)
java.util.concurrent.ExecutionException: java.lang.AssertionError
    at java.util.concurrent.FutureTask.report(FutureTask.java:122)
    at java.util.concurrent.FutureTask.get(FutureTask.java:192)
    at org.apache.jackrabbit.mk.store.DefaultRevisionStoreTest.putTokenImpl(DefaultRevisionStoreTest.java:221)
    at sun.reflect.NativeMethodAccessorImpl.invoke0(Native Method)
    at sun.reflect.NativeMethodAccessorImpl.invoke(NativeMethodAccessorImpl.java:62)
    at sun.reflect.DelegatingMethodAccessorImpl.invoke(DelegatingMethodAccessorImpl.java:43)
org.junit.ComparisonFailure: expected:<...:childNodeCount":2,"[d":{},"c]":{}},"b":{":childNo...> but was:<...:childNodeCount":2,"[c":{},"d]":{}},"b":{":childNo...>
    at org.junit.Assert.assertEquals(Assert.java:115)
    at org.junit.Assert.assertEquals(Assert.java:144)
    at org.apache.jackrabbit.mk.store.DefaultRevisionStoreTest.testRevisionHistory(DefaultRevisionStoreTest.java:102)
    at sun.reflect.NativeMethodAccessorImpl.invoke0(Native Method)
    at sun.reflect.NativeMethodAccessorImpl.invoke(NativeMethodAccessorImpl.java:62)
    at sun.reflect.DelegatingMethodAccessorImpl.invoke(DelegatingMethodAccessorImpl.java:43)
23:09:26.304 [pool-144-thread-1] INFO  xxl.java.junit.TestCasesListener - Tests run finished (1956 ms)
<> Total tests run: 8
<> Ignored tests: 2
<> Failed tests: 4
~ putTokenImpl(org.apache.jackrabbit.mk.store.DefaultRevisionStoreTest)
[java.lang.AssertionError]
java.util.concurrent.ExecutionException: java.lang.AssertionError    at java.util.concurrent.FutureTask.report(FutureTask.java:122)
    at java.util.concurrent.FutureTask.get(FutureTask.java:192)
    at org.apache.jackrabbit.mk.store.DefaultRevisionStoreTest.putTokenImpl(DefaultRevisionStoreTest.java:221)
    at sun.reflect.NativeMethodAccessorImpl.invoke0(Native Method)
    at sun.reflect.NativeMethodAccessorImpl.invoke(NativeMethodAccessorImpl.java:62)
    at sun.reflect.DelegatingMethodAccessorImpl.invoke(DelegatingMethodAccessorImpl.java:43)
~ testRevisionHistory(org.apache.jackrabbit.mk.store.DefaultRevisionStoreTest)
[expected:<...:childNodeCount":2,"[d":{},"c]":{}},"b":{":childNo...> but was:<...:childNodeCount":2,"[c":{},"d]":{}},"b":{":childNo...>]
org.junit.ComparisonFailure: expected:<...:childNodeCount":2,"[d":{},"c]":{}},"b":{":childNo...> but was:<...:childNodeCount":2,"[c":{},"d]":{}},"b":{":childNo...>    at org.junit.Assert.assertEquals(Assert.java:115)
    at org.junit.Assert.assertEquals(Assert.java:144)
    at org.apache.jackrabbit.mk.store.DefaultRevisionStoreTest.testRevisionHistory(DefaultRevisionStoreTest.java:102)
    at sun.reflect.NativeMethodAccessorImpl.invoke0(Native Method)
    at sun.reflect.NativeMethodAccessorImpl.invoke(NativeMethodAccessorImpl.java:62)
    at sun.reflect.DelegatingMethodAccessorImpl.invoke(DelegatingMethodAccessorImpl.java:43)
~ putTokenImpl(org.apache.jackrabbit.mk.store.DefaultRevisionStoreTest)
[java.lang.AssertionError]
java.util.concurrent.ExecutionException: java.lang.AssertionError    at java.util.concurrent.FutureTask.report(FutureTask.java:122)
    at java.util.concurrent.FutureTask.get(FutureTask.java:192)
    at org.apache.jackrabbit.mk.store.DefaultRevisionStoreTest.putTokenImpl(DefaultRevisionStoreTest.java:221)
    at sun.reflect.NativeMethodAccessorImpl.invoke0(Native Method)
    at sun.reflect.NativeMethodAccessorImpl.invoke(NativeMethodAccessorImpl.java:62)
    at sun.reflect.DelegatingMethodAccessorImpl.invoke(DelegatingMethodAccessorImpl.java:43)
~ testRevisionHistory(org.apache.jackrabbit.mk.store.DefaultRevisionStoreTest)
[expected:<...:childNodeCount":2,"[d":{},"c]":{}},"b":{":childNo...> but was:<...:childNodeCount":2,"[c":{},"d]":{}},"b":{":childNo...>]
org.junit.ComparisonFailure: expected:<...:childNodeCount":2,"[d":{},"c]":{}},"b":{":childNo...> but was:<...:childNodeCount":2,"[c":{},"d]":{}},"b":{":childNo...>    at org.junit.Assert.assertEquals(Assert.java:115)
    at org.junit.Assert.assertEquals(Assert.java:144)
    at org.apache.jackrabbit.mk.store.DefaultRevisionStoreTest.testRevisionHistory(DefaultRevisionStoreTest.java:102)
    at sun.reflect.NativeMethodAccessorImpl.invoke0(Native Method)
    at sun.reflect.NativeMethodAccessorImpl.invoke(NativeMethodAccessorImpl.java:62)
    at sun.reflect.DelegatingMethodAccessorImpl.invoke(DelegatingMethodAccessorImpl.java:43)

SLF4J: Class path contains multiple SLF4J bindings.
SLF4J: Found binding in [jar:file:/home/tdurieux/.m2/repository/org/slf4j/slf4j-nop/1.5.8/slf4j-nop-1.5.8.jar!/org/slf4j/impl/StaticLoggerBinder.class]
SLF4J: Found binding in [jar:file:/home/tdurieux/.m2/repository/ch/qos/logback/logback-classic/1.0.1/logback-classic-1.0.1.jar!/org/slf4j/impl/StaticLoggerBinder.class]
SLF4J: Found binding in [jar:file:/home/tdurieux/.m2/repository/org/slf4j/slf4j-simple/1.6.1/slf4j-simple-1.6.1.jar!/org/slf4j/impl/StaticLoggerBinder.class]
SLF4J: Found binding in [jar:file:/home/tdurieux/defects4j4repair/script/../repair_tools/nopol.jar!/org/slf4j/impl/StaticLoggerBinder.class]
SLF4J: See http://www.slf4j.org/codes.html#multiple_bindings for an explanation.
SLF4J: The requested version 1.5.8 by your slf4j binding is not compatible with [1.6]
SLF4J: See http://www.slf4j.org/codes.html#version_mismatch for further details.
23:09:27.752 [pool-2-thread-1] DEBUG fr.inria.lille.repair.nopol.NoPol - statement #25
23:09:27.753 [pool-2-thread-1] DEBUG fr.inria.lille.repair.nopol.NoPol - Analysing SourceLocation org.apache.jackrabbit.mk.store.DefaultRevisionStore:203 which is executed by 5 tests
258965798
23:09:28.031 [pool-2-thread-1] DEBUG fr.inria.lille.repair.nopol.NoPol - looking with class fr.inria.lille.repair.nopol.spoon.smt.ConditionalAdder
SLF4J: Class path contains multiple SLF4J bindings.
SLF4J: Found binding in [jar:file:/home/tdurieux/.m2/repository/org/slf4j/slf4j-nop/1.5.8/slf4j-nop-1.5.8.jar!/org/slf4j/impl/StaticLoggerBinder.class]
SLF4J: Found binding in [jar:file:/home/tdurieux/.m2/repository/ch/qos/logback/logback-classic/1.0.1/logback-classic-1.0.1.jar!/org/slf4j/impl/StaticLoggerBinder.class]
SLF4J: Found binding in [jar:file:/home/tdurieux/.m2/repository/org/slf4j/slf4j-simple/1.6.1/slf4j-simple-1.6.1.jar!/org/slf4j/impl/StaticLoggerBinder.class]
SLF4J: Found binding in [jar:file:/home/tdurieux/defects4j4repair/script/../repair_tools/nopol.jar!/org/slf4j/impl/StaticLoggerBinder.class]
SLF4J: See http://www.slf4j.org/codes.html#multiple_bindings for an explanation.
SLF4J: The requested version 1.5.8 by your slf4j binding is not compatible with [1.6]
SLF4J: See http://www.slf4j.org/codes.html#version_mismatch for further details.
java.util.concurrent.ExecutionException: java.lang.AssertionError
    at java.util.concurrent.FutureTask.report(FutureTask.java:122)
    at java.util.concurrent.FutureTask.get(FutureTask.java:192)
    at org.apache.jackrabbit.mk.store.DefaultRevisionStoreTest.putTokenImpl(DefaultRevisionStoreTest.java:221)
    at sun.reflect.NativeMethodAccessorImpl.invoke0(Native Method)
    at sun.reflect.NativeMethodAccessorImpl.invoke(NativeMethodAccessorImpl.java:62)
    at sun.reflect.DelegatingMethodAccessorImpl.invoke(DelegatingMethodAccessorImpl.java:43)
org.junit.ComparisonFailure: expected:<...:childNodeCount":2,"[d":{},"c]":{}},"b":{":childNo...> but was:<...:childNodeCount":2,"[c":{},"d]":{}},"b":{":childNo...>
    at org.junit.Assert.assertEquals(Assert.java:115)
    at org.junit.Assert.assertEquals(Assert.java:144)
    at org.apache.jackrabbit.mk.store.DefaultRevisionStoreTest.testRevisionHistory(DefaultRevisionStoreTest.java:102)
    at sun.reflect.NativeMethodAccessorImpl.invoke0(Native Method)
    at sun.reflect.NativeMethodAccessorImpl.invoke(NativeMethodAccessorImpl.java:62)
    at sun.reflect.DelegatingMethodAccessorImpl.invoke(DelegatingMethodAccessorImpl.java:43)
java.util.concurrent.ExecutionException: java.lang.AssertionError
    at java.util.concurrent.FutureTask.report(FutureTask.java:122)
    at java.util.concurrent.FutureTask.get(FutureTask.java:192)
    at org.apache.jackrabbit.mk.store.DefaultRevisionStoreTest.putTokenImpl(DefaultRevisionStoreTest.java:221)
    at sun.reflect.NativeMethodAccessorImpl.invoke0(Native Method)
    at sun.reflect.NativeMethodAccessorImpl.invoke(NativeMethodAccessorImpl.java:62)
    at sun.reflect.DelegatingMethodAccessorImpl.invoke(DelegatingMethodAccessorImpl.java:43)
org.junit.ComparisonFailure: expected:<...:childNodeCount":2,"[d":{},"c]":{}},"b":{":childNo...> but was:<...:childNodeCount":2,"[c":{},"d]":{}},"b":{":childNo...>
    at org.junit.Assert.assertEquals(Assert.java:115)
    at org.junit.Assert.assertEquals(Assert.java:144)
    at org.apache.jackrabbit.mk.store.DefaultRevisionStoreTest.testRevisionHistory(DefaultRevisionStoreTest.java:102)
    at sun.reflect.NativeMethodAccessorImpl.invoke0(Native Method)
    at sun.reflect.NativeMethodAccessorImpl.invoke(NativeMethodAccessorImpl.java:62)
    at sun.reflect.DelegatingMethodAccessorImpl.invoke(DelegatingMethodAccessorImpl.java:43)
23:09:29.946 [pool-156-thread-1] INFO  xxl.java.junit.TestCasesListener - Tests run finished (1891 ms)
<> Total tests run: 8
<> Ignored tests: 2
<> Failed tests: 4
~ putTokenImpl(org.apache.jackrabbit.mk.store.DefaultRevisionStoreTest)
[java.lang.AssertionError]
java.util.concurrent.ExecutionException: java.lang.AssertionError    at java.util.concurrent.FutureTask.report(FutureTask.java:122)
    at java.util.concurrent.FutureTask.get(FutureTask.java:192)
    at org.apache.jackrabbit.mk.store.DefaultRevisionStoreTest.putTokenImpl(DefaultRevisionStoreTest.java:221)
    at sun.reflect.NativeMethodAccessorImpl.invoke0(Native Method)
    at sun.reflect.NativeMethodAccessorImpl.invoke(NativeMethodAccessorImpl.java:62)
    at sun.reflect.DelegatingMethodAccessorImpl.invoke(DelegatingMethodAccessorImpl.java:43)
~ testRevisionHistory(org.apache.jackrabbit.mk.store.DefaultRevisionStoreTest)
[expected:<...:childNodeCount":2,"[d":{},"c]":{}},"b":{":childNo...> but was:<...:childNodeCount":2,"[c":{},"d]":{}},"b":{":childNo...>]
org.junit.ComparisonFailure: expected:<...:childNodeCount":2,"[d":{},"c]":{}},"b":{":childNo...> but was:<...:childNodeCount":2,"[c":{},"d]":{}},"b":{":childNo...>    at org.junit.Assert.assertEquals(Assert.java:115)
    at org.junit.Assert.assertEquals(Assert.java:144)
    at org.apache.jackrabbit.mk.store.DefaultRevisionStoreTest.testRevisionHistory(DefaultRevisionStoreTest.java:102)
    at sun.reflect.NativeMethodAccessorImpl.invoke0(Native Method)
    at sun.reflect.NativeMethodAccessorImpl.invoke(NativeMethodAccessorImpl.java:62)
    at sun.reflect.DelegatingMethodAccessorImpl.invoke(DelegatingMethodAccessorImpl.java:43)
~ putTokenImpl(org.apache.jackrabbit.mk.store.DefaultRevisionStoreTest)
[java.lang.AssertionError]
java.util.concurrent.ExecutionException: java.lang.AssertionError    at java.util.concurrent.FutureTask.report(FutureTask.java:122)
    at java.util.concurrent.FutureTask.get(FutureTask.java:192)
    at org.apache.jackrabbit.mk.store.DefaultRevisionStoreTest.putTokenImpl(DefaultRevisionStoreTest.java:221)
    at sun.reflect.NativeMethodAccessorImpl.invoke0(Native Method)
    at sun.reflect.NativeMethodAccessorImpl.invoke(NativeMethodAccessorImpl.java:62)
    at sun.reflect.DelegatingMethodAccessorImpl.invoke(DelegatingMethodAccessorImpl.java:43)
~ testRevisionHistory(org.apache.jackrabbit.mk.store.DefaultRevisionStoreTest)
[expected:<...:childNodeCount":2,"[d":{},"c]":{}},"b":{":childNo...> but was:<...:childNodeCount":2,"[c":{},"d]":{}},"b":{":childNo...>]
org.junit.ComparisonFailure: expected:<...:childNodeCount":2,"[d":{},"c]":{}},"b":{":childNo...> but was:<...:childNodeCount":2,"[c":{},"d]":{}},"b":{":childNo...>    at org.junit.Assert.assertEquals(Assert.java:115)
    at org.junit.Assert.assertEquals(Assert.java:144)
    at org.apache.jackrabbit.mk.store.DefaultRevisionStoreTest.testRevisionHistory(DefaultRevisionStoreTest.java:102)
    at sun.reflect.NativeMethodAccessorImpl.invoke0(Native Method)
    at sun.reflect.NativeMethodAccessorImpl.invoke(NativeMethodAccessorImpl.java:62)
    at sun.reflect.DelegatingMethodAccessorImpl.invoke(DelegatingMethodAccessorImpl.java:43)

SLF4J: Class path contains multiple SLF4J bindings.
SLF4J: Found binding in [jar:file:/home/tdurieux/.m2/repository/org/slf4j/slf4j-nop/1.5.8/slf4j-nop-1.5.8.jar!/org/slf4j/impl/StaticLoggerBinder.class]
SLF4J: Found binding in [jar:file:/home/tdurieux/.m2/repository/ch/qos/logback/logback-classic/1.0.1/logback-classic-1.0.1.jar!/org/slf4j/impl/StaticLoggerBinder.class]
SLF4J: Found binding in [jar:file:/home/tdurieux/.m2/repository/org/slf4j/slf4j-simple/1.6.1/slf4j-simple-1.6.1.jar!/org/slf4j/impl/StaticLoggerBinder.class]
SLF4J: Found binding in [jar:file:/home/tdurieux/defects4j4repair/script/../repair_tools/nopol.jar!/org/slf4j/impl/StaticLoggerBinder.class]
SLF4J: See http://www.slf4j.org/codes.html#multiple_bindings for an explanation.
SLF4J: The requested version 1.5.8 by your slf4j binding is not compatible with [1.6]
SLF4J: See http://www.slf4j.org/codes.html#version_mismatch for further details.
23:09:30.890 [pool-2-thread-1] DEBUG fr.inria.lille.repair.nopol.NoPol - statement #26
23:09:30.890 [pool-2-thread-1] DEBUG fr.inria.lille.repair.nopol.NoPol - Analysing SourceLocation org.apache.jackrabbit.mk.store.DefaultRevisionStore:201 which is executed by 5 tests
258965798
23:09:31.168 [pool-2-thread-1] DEBUG fr.inria.lille.repair.nopol.NoPol - looking with class fr.inria.lille.repair.nopol.spoon.smt.ConditionalAdder
SLF4J: Class path contains multiple SLF4J bindings.
SLF4J: Found binding in [jar:file:/home/tdurieux/.m2/repository/org/slf4j/slf4j-nop/1.5.8/slf4j-nop-1.5.8.jar!/org/slf4j/impl/StaticLoggerBinder.class]
SLF4J: Found binding in [jar:file:/home/tdurieux/.m2/repository/ch/qos/logback/logback-classic/1.0.1/logback-classic-1.0.1.jar!/org/slf4j/impl/StaticLoggerBinder.class]
SLF4J: Found binding in [jar:file:/home/tdurieux/.m2/repository/org/slf4j/slf4j-simple/1.6.1/slf4j-simple-1.6.1.jar!/org/slf4j/impl/StaticLoggerBinder.class]
SLF4J: Found binding in [jar:file:/home/tdurieux/defects4j4repair/script/../repair_tools/nopol.jar!/org/slf4j/impl/StaticLoggerBinder.class]
SLF4J: See http://www.slf4j.org/codes.html#multiple_bindings for an explanation.
SLF4J: The requested version 1.5.8 by your slf4j binding is not compatible with [1.6]
SLF4J: See http://www.slf4j.org/codes.html#version_mismatch for further details.
java.util.concurrent.ExecutionException: java.lang.AssertionError
    at java.util.concurrent.FutureTask.report(FutureTask.java:122)
    at java.util.concurrent.FutureTask.get(FutureTask.java:192)
    at org.apache.jackrabbit.mk.store.DefaultRevisionStoreTest.putTokenImpl(DefaultRevisionStoreTest.java:221)
    at sun.reflect.NativeMethodAccessorImpl.invoke0(Native Method)
    at sun.reflect.NativeMethodAccessorImpl.invoke(NativeMethodAccessorImpl.java:62)
    at sun.reflect.DelegatingMethodAccessorImpl.invoke(DelegatingMethodAccessorImpl.java:43)
org.junit.ComparisonFailure: expected:<...:childNodeCount":2,"[d":{},"c]":{}},"b":{":childNo...> but was:<...:childNodeCount":2,"[c":{},"d]":{}},"b":{":childNo...>
    at org.junit.Assert.assertEquals(Assert.java:115)
    at org.junit.Assert.assertEquals(Assert.java:144)
    at org.apache.jackrabbit.mk.store.DefaultRevisionStoreTest.testRevisionHistory(DefaultRevisionStoreTest.java:102)
    at sun.reflect.NativeMethodAccessorImpl.invoke0(Native Method)
    at sun.reflect.NativeMethodAccessorImpl.invoke(NativeMethodAccessorImpl.java:62)
    at sun.reflect.DelegatingMethodAccessorImpl.invoke(DelegatingMethodAccessorImpl.java:43)
java.util.concurrent.ExecutionException: java.lang.AssertionError
    at java.util.concurrent.FutureTask.report(FutureTask.java:122)
    at java.util.concurrent.FutureTask.get(FutureTask.java:192)
    at org.apache.jackrabbit.mk.store.DefaultRevisionStoreTest.putTokenImpl(DefaultRevisionStoreTest.java:221)
    at sun.reflect.NativeMethodAccessorImpl.invoke0(Native Method)
    at sun.reflect.NativeMethodAccessorImpl.invoke(NativeMethodAccessorImpl.java:62)
    at sun.reflect.DelegatingMethodAccessorImpl.invoke(DelegatingMethodAccessorImpl.java:43)
org.junit.ComparisonFailure: expected:<...:childNodeCount":2,"[d":{},"c]":{}},"b":{":childNo...> but was:<...:childNodeCount":2,"[c":{},"d]":{}},"b":{":childNo...>
    at org.junit.Assert.assertEquals(Assert.java:115)
    at org.junit.Assert.assertEquals(Assert.java:144)
    at org.apache.jackrabbit.mk.store.DefaultRevisionStoreTest.testRevisionHistory(DefaultRevisionStoreTest.java:102)
    at sun.reflect.NativeMethodAccessorImpl.invoke0(Native Method)
    at sun.reflect.NativeMethodAccessorImpl.invoke(NativeMethodAccessorImpl.java:62)
    at sun.reflect.DelegatingMethodAccessorImpl.invoke(DelegatingMethodAccessorImpl.java:43)
23:09:33.071 [pool-168-thread-1] INFO  xxl.java.junit.TestCasesListener - Tests run finished (1879 ms)
<> Total tests run: 8
<> Ignored tests: 2
<> Failed tests: 4
~ putTokenImpl(org.apache.jackrabbit.mk.store.DefaultRevisionStoreTest)
[java.lang.AssertionError]
java.util.concurrent.ExecutionException: java.lang.AssertionError    at java.util.concurrent.FutureTask.report(FutureTask.java:122)
    at java.util.concurrent.FutureTask.get(FutureTask.java:192)
    at org.apache.jackrabbit.mk.store.DefaultRevisionStoreTest.putTokenImpl(DefaultRevisionStoreTest.java:221)
    at sun.reflect.NativeMethodAccessorImpl.invoke0(Native Method)
    at sun.reflect.NativeMethodAccessorImpl.invoke(NativeMethodAccessorImpl.java:62)
    at sun.reflect.DelegatingMethodAccessorImpl.invoke(DelegatingMethodAccessorImpl.java:43)
~ testRevisionHistory(org.apache.jackrabbit.mk.store.DefaultRevisionStoreTest)
[expected:<...:childNodeCount":2,"[d":{},"c]":{}},"b":{":childNo...> but was:<...:childNodeCount":2,"[c":{},"d]":{}},"b":{":childNo...>]
org.junit.ComparisonFailure: expected:<...:childNodeCount":2,"[d":{},"c]":{}},"b":{":childNo...> but was:<...:childNodeCount":2,"[c":{},"d]":{}},"b":{":childNo...>    at org.junit.Assert.assertEquals(Assert.java:115)
    at org.junit.Assert.assertEquals(Assert.java:144)
    at org.apache.jackrabbit.mk.store.DefaultRevisionStoreTest.testRevisionHistory(DefaultRevisionStoreTest.java:102)
    at sun.reflect.NativeMethodAccessorImpl.invoke0(Native Method)
    at sun.reflect.NativeMethodAccessorImpl.invoke(NativeMethodAccessorImpl.java:62)
    at sun.reflect.DelegatingMethodAccessorImpl.invoke(DelegatingMethodAccessorImpl.java:43)
~ putTokenImpl(org.apache.jackrabbit.mk.store.DefaultRevisionStoreTest)
[java.lang.AssertionError]
java.util.concurrent.ExecutionException: java.lang.AssertionError    at java.util.concurrent.FutureTask.report(FutureTask.java:122)
    at java.util.concurrent.FutureTask.get(FutureTask.java:192)
    at org.apache.jackrabbit.mk.store.DefaultRevisionStoreTest.putTokenImpl(DefaultRevisionStoreTest.java:221)
    at sun.reflect.NativeMethodAccessorImpl.invoke0(Native Method)
    at sun.reflect.NativeMethodAccessorImpl.invoke(NativeMethodAccessorImpl.java:62)
    at sun.reflect.DelegatingMethodAccessorImpl.invoke(DelegatingMethodAccessorImpl.java:43)
~ testRevisionHistory(org.apache.jackrabbit.mk.store.DefaultRevisionStoreTest)
[expected:<...:childNodeCount":2,"[d":{},"c]":{}},"b":{":childNo...> but was:<...:childNodeCount":2,"[c":{},"d]":{}},"b":{":childNo...>]
org.junit.ComparisonFailure: expected:<...:childNodeCount":2,"[d":{},"c]":{}},"b":{":childNo...> but was:<...:childNodeCount":2,"[c":{},"d]":{}},"b":{":childNo...>    at org.junit.Assert.assertEquals(Assert.java:115)
    at org.junit.Assert.assertEquals(Assert.java:144)
    at org.apache.jackrabbit.mk.store.DefaultRevisionStoreTest.testRevisionHistory(DefaultRevisionStoreTest.java:102)
    at sun.reflect.NativeMethodAccessorImpl.invoke0(Native Method)
    at sun.reflect.NativeMethodAccessorImpl.invoke(NativeMethodAccessorImpl.java:62)
    at sun.reflect.DelegatingMethodAccessorImpl.invoke(DelegatingMethodAccessorImpl.java:43)

SLF4J: Class path contains multiple SLF4J bindings.
SLF4J: Found binding in [jar:file:/home/tdurieux/.m2/repository/org/slf4j/slf4j-nop/1.5.8/slf4j-nop-1.5.8.jar!/org/slf4j/impl/StaticLoggerBinder.class]
SLF4J: Found binding in [jar:file:/home/tdurieux/.m2/repository/ch/qos/logback/logback-classic/1.0.1/logback-classic-1.0.1.jar!/org/slf4j/impl/StaticLoggerBinder.class]
SLF4J: Found binding in [jar:file:/home/tdurieux/.m2/repository/org/slf4j/slf4j-simple/1.6.1/slf4j-simple-1.6.1.jar!/org/slf4j/impl/StaticLoggerBinder.class]
SLF4J: Found binding in [jar:file:/home/tdurieux/defects4j4repair/script/../repair_tools/nopol.jar!/org/slf4j/impl/StaticLoggerBinder.class]
SLF4J: See http://www.slf4j.org/codes.html#multiple_bindings for an explanation.
SLF4J: The requested version 1.5.8 by your slf4j binding is not compatible with [1.6]
SLF4J: See http://www.slf4j.org/codes.html#version_mismatch for further details.
23:09:33.972 [pool-2-thread-1] DEBUG fr.inria.lille.repair.nopol.NoPol - statement #27
23:09:33.973 [pool-2-thread-1] DEBUG fr.inria.lille.repair.nopol.NoPol - Analysing SourceLocation org.apache.jackrabbit.mk.store.DefaultRevisionStore:198 which is executed by 5 tests
258965798
23:09:34.309 [pool-2-thread-1] DEBUG fr.inria.lille.repair.nopol.NoPol - looking with class fr.inria.lille.repair.nopol.spoon.smt.ConditionalAdder
SLF4J: Class path contains multiple SLF4J bindings.
SLF4J: Found binding in [jar:file:/home/tdurieux/.m2/repository/org/slf4j/slf4j-nop/1.5.8/slf4j-nop-1.5.8.jar!/org/slf4j/impl/StaticLoggerBinder.class]
SLF4J: Found binding in [jar:file:/home/tdurieux/.m2/repository/ch/qos/logback/logback-classic/1.0.1/logback-classic-1.0.1.jar!/org/slf4j/impl/StaticLoggerBinder.class]
SLF4J: Found binding in [jar:file:/home/tdurieux/.m2/repository/org/slf4j/slf4j-simple/1.6.1/slf4j-simple-1.6.1.jar!/org/slf4j/impl/StaticLoggerBinder.class]
SLF4J: Found binding in [jar:file:/home/tdurieux/defects4j4repair/script/../repair_tools/nopol.jar!/org/slf4j/impl/StaticLoggerBinder.class]
SLF4J: See http://www.slf4j.org/codes.html#multiple_bindings for an explanation.
SLF4J: The requested version 1.5.8 by your slf4j binding is not compatible with [1.6]
SLF4J: See http://www.slf4j.org/codes.html#version_mismatch for further details.
java.util.concurrent.ExecutionException: java.lang.AssertionError
    at java.util.concurrent.FutureTask.report(FutureTask.java:122)
    at java.util.concurrent.FutureTask.get(FutureTask.java:192)
    at org.apache.jackrabbit.mk.store.DefaultRevisionStoreTest.putTokenImpl(DefaultRevisionStoreTest.java:221)
    at sun.reflect.NativeMethodAccessorImpl.invoke0(Native Method)
    at sun.reflect.NativeMethodAccessorImpl.invoke(NativeMethodAccessorImpl.java:62)
    at sun.reflect.DelegatingMethodAccessorImpl.invoke(DelegatingMethodAccessorImpl.java:43)
org.junit.ComparisonFailure: expected:<...:childNodeCount":2,"[d":{},"c]":{}},"b":{":childNo...> but was:<...:childNodeCount":2,"[c":{},"d]":{}},"b":{":childNo...>
    at org.junit.Assert.assertEquals(Assert.java:115)
    at org.junit.Assert.assertEquals(Assert.java:144)
    at org.apache.jackrabbit.mk.store.DefaultRevisionStoreTest.testRevisionHistory(DefaultRevisionStoreTest.java:102)
    at sun.reflect.NativeMethodAccessorImpl.invoke0(Native Method)
    at sun.reflect.NativeMethodAccessorImpl.invoke(NativeMethodAccessorImpl.java:62)
    at sun.reflect.DelegatingMethodAccessorImpl.invoke(DelegatingMethodAccessorImpl.java:43)
java.util.concurrent.ExecutionException: java.lang.AssertionError
    at java.util.concurrent.FutureTask.report(FutureTask.java:122)
    at java.util.concurrent.FutureTask.get(FutureTask.java:192)
    at org.apache.jackrabbit.mk.store.DefaultRevisionStoreTest.putTokenImpl(DefaultRevisionStoreTest.java:221)
    at sun.reflect.NativeMethodAccessorImpl.invoke0(Native Method)
    at sun.reflect.NativeMethodAccessorImpl.invoke(NativeMethodAccessorImpl.java:62)
    at sun.reflect.DelegatingMethodAccessorImpl.invoke(DelegatingMethodAccessorImpl.java:43)
org.junit.ComparisonFailure: expected:<...:childNodeCount":2,"[d":{},"c]":{}},"b":{":childNo...> but was:<...:childNodeCount":2,"[c":{},"d]":{}},"b":{":childNo...>
    at org.junit.Assert.assertEquals(Assert.java:115)
    at org.junit.Assert.assertEquals(Assert.java:144)
    at org.apache.jackrabbit.mk.store.DefaultRevisionStoreTest.testRevisionHistory(DefaultRevisionStoreTest.java:102)
    at sun.reflect.NativeMethodAccessorImpl.invoke0(Native Method)
    at sun.reflect.NativeMethodAccessorImpl.invoke(NativeMethodAccessorImpl.java:62)
    at sun.reflect.DelegatingMethodAccessorImpl.invoke(DelegatingMethodAccessorImpl.java:43)
23:09:36.241 [pool-180-thread-1] INFO  xxl.java.junit.TestCasesListener - Tests run finished (1892 ms)
<> Total tests run: 8
<> Ignored tests: 2
<> Failed tests: 4
~ putTokenImpl(org.apache.jackrabbit.mk.store.DefaultRevisionStoreTest)
[java.lang.AssertionError]
java.util.concurrent.ExecutionException: java.lang.AssertionError    at java.util.concurrent.FutureTask.report(FutureTask.java:122)
    at java.util.concurrent.FutureTask.get(FutureTask.java:192)
    at org.apache.jackrabbit.mk.store.DefaultRevisionStoreTest.putTokenImpl(DefaultRevisionStoreTest.java:221)
    at sun.reflect.NativeMethodAccessorImpl.invoke0(Native Method)
    at sun.reflect.NativeMethodAccessorImpl.invoke(NativeMethodAccessorImpl.java:62)
    at sun.reflect.DelegatingMethodAccessorImpl.invoke(DelegatingMethodAccessorImpl.java:43)
~ testRevisionHistory(org.apache.jackrabbit.mk.store.DefaultRevisionStoreTest)
[expected:<...:childNodeCount":2,"[d":{},"c]":{}},"b":{":childNo...> but was:<...:childNodeCount":2,"[c":{},"d]":{}},"b":{":childNo...>]
org.junit.ComparisonFailure: expected:<...:childNodeCount":2,"[d":{},"c]":{}},"b":{":childNo...> but was:<...:childNodeCount":2,"[c":{},"d]":{}},"b":{":childNo...>    at org.junit.Assert.assertEquals(Assert.java:115)
    at org.junit.Assert.assertEquals(Assert.java:144)
    at org.apache.jackrabbit.mk.store.DefaultRevisionStoreTest.testRevisionHistory(DefaultRevisionStoreTest.java:102)
    at sun.reflect.NativeMethodAccessorImpl.invoke0(Native Method)
    at sun.reflect.NativeMethodAccessorImpl.invoke(NativeMethodAccessorImpl.java:62)
    at sun.reflect.DelegatingMethodAccessorImpl.invoke(DelegatingMethodAccessorImpl.java:43)
~ putTokenImpl(org.apache.jackrabbit.mk.store.DefaultRevisionStoreTest)
[java.lang.AssertionError]
java.util.concurrent.ExecutionException: java.lang.AssertionError    at java.util.concurrent.FutureTask.report(FutureTask.java:122)
    at java.util.concurrent.FutureTask.get(FutureTask.java:192)
    at org.apache.jackrabbit.mk.store.DefaultRevisionStoreTest.putTokenImpl(DefaultRevisionStoreTest.java:221)
    at sun.reflect.NativeMethodAccessorImpl.invoke0(Native Method)
    at sun.reflect.NativeMethodAccessorImpl.invoke(NativeMethodAccessorImpl.java:62)
    at sun.reflect.DelegatingMethodAccessorImpl.invoke(DelegatingMethodAccessorImpl.java:43)
~ testRevisionHistory(org.apache.jackrabbit.mk.store.DefaultRevisionStoreTest)
[expected:<...:childNodeCount":2,"[d":{},"c]":{}},"b":{":childNo...> but was:<...:childNodeCount":2,"[c":{},"d]":{}},"b":{":childNo...>]
org.junit.ComparisonFailure: expected:<...:childNodeCount":2,"[d":{},"c]":{}},"b":{":childNo...> but was:<...:childNodeCount":2,"[c":{},"d]":{}},"b":{":childNo...>    at org.junit.Assert.assertEquals(Assert.java:115)
    at org.junit.Assert.assertEquals(Assert.java:144)
    at org.apache.jackrabbit.mk.store.DefaultRevisionStoreTest.testRevisionHistory(DefaultRevisionStoreTest.java:102)
    at sun.reflect.NativeMethodAccessorImpl.invoke0(Native Method)
    at sun.reflect.NativeMethodAccessorImpl.invoke(NativeMethodAccessorImpl.java:62)
    at sun.reflect.DelegatingMethodAccessorImpl.invoke(DelegatingMethodAccessorImpl.java:43)

SLF4J: Class path contains multiple SLF4J bindings.
SLF4J: Found binding in [jar:file:/home/tdurieux/.m2/repository/org/slf4j/slf4j-nop/1.5.8/slf4j-nop-1.5.8.jar!/org/slf4j/impl/StaticLoggerBinder.class]
SLF4J: Found binding in [jar:file:/home/tdurieux/.m2/repository/ch/qos/logback/logback-classic/1.0.1/logback-classic-1.0.1.jar!/org/slf4j/impl/StaticLoggerBinder.class]
SLF4J: Found binding in [jar:file:/home/tdurieux/.m2/repository/org/slf4j/slf4j-simple/1.6.1/slf4j-simple-1.6.1.jar!/org/slf4j/impl/StaticLoggerBinder.class]
SLF4J: Found binding in [jar:file:/home/tdurieux/defects4j4repair/script/../repair_tools/nopol.jar!/org/slf4j/impl/StaticLoggerBinder.class]
SLF4J: See http://www.slf4j.org/codes.html#multiple_bindings for an explanation.
SLF4J: The requested version 1.5.8 by your slf4j binding is not compatible with [1.6]
SLF4J: See http://www.slf4j.org/codes.html#version_mismatch for further details.
23:09:37.219 [pool-2-thread-1] DEBUG fr.inria.lille.repair.nopol.NoPol - statement #28
23:09:37.220 [pool-2-thread-1] DEBUG fr.inria.lille.repair.nopol.NoPol - Analysing SourceLocation org.apache.jackrabbit.mk.store.DefaultRevisionStore:197 which is executed by 5 tests
258965798
23:09:37.498 [pool-2-thread-1] DEBUG fr.inria.lille.repair.nopol.NoPol - looking with class fr.inria.lille.repair.nopol.spoon.smt.ConditionalAdder
SLF4J: Class path contains multiple SLF4J bindings.
SLF4J: Found binding in [jar:file:/home/tdurieux/.m2/repository/org/slf4j/slf4j-nop/1.5.8/slf4j-nop-1.5.8.jar!/org/slf4j/impl/StaticLoggerBinder.class]
SLF4J: Found binding in [jar:file:/home/tdurieux/.m2/repository/ch/qos/logback/logback-classic/1.0.1/logback-classic-1.0.1.jar!/org/slf4j/impl/StaticLoggerBinder.class]
SLF4J: Found binding in [jar:file:/home/tdurieux/.m2/repository/org/slf4j/slf4j-simple/1.6.1/slf4j-simple-1.6.1.jar!/org/slf4j/impl/StaticLoggerBinder.class]
SLF4J: Found binding in [jar:file:/home/tdurieux/defects4j4repair/script/../repair_tools/nopol.jar!/org/slf4j/impl/StaticLoggerBinder.class]
SLF4J: See http://www.slf4j.org/codes.html#multiple_bindings for an explanation.
SLF4J: The requested version 1.5.8 by your slf4j binding is not compatible with [1.6]
SLF4J: See http://www.slf4j.org/codes.html#version_mismatch for further details.
java.util.concurrent.ExecutionException: java.lang.AssertionError
    at java.util.concurrent.FutureTask.report(FutureTask.java:122)
    at java.util.concurrent.FutureTask.get(FutureTask.java:192)
    at org.apache.jackrabbit.mk.store.DefaultRevisionStoreTest.putTokenImpl(DefaultRevisionStoreTest.java:221)
    at sun.reflect.NativeMethodAccessorImpl.invoke0(Native Method)
    at sun.reflect.NativeMethodAccessorImpl.invoke(NativeMethodAccessorImpl.java:62)
    at sun.reflect.DelegatingMethodAccessorImpl.invoke(DelegatingMethodAccessorImpl.java:43)
org.junit.ComparisonFailure: expected:<...:childNodeCount":2,"[d":{},"c]":{}},"b":{":childNo...> but was:<...:childNodeCount":2,"[c":{},"d]":{}},"b":{":childNo...>
    at org.junit.Assert.assertEquals(Assert.java:115)
    at org.junit.Assert.assertEquals(Assert.java:144)
    at org.apache.jackrabbit.mk.store.DefaultRevisionStoreTest.testRevisionHistory(DefaultRevisionStoreTest.java:102)
    at sun.reflect.NativeMethodAccessorImpl.invoke0(Native Method)
    at sun.reflect.NativeMethodAccessorImpl.invoke(NativeMethodAccessorImpl.java:62)
    at sun.reflect.DelegatingMethodAccessorImpl.invoke(DelegatingMethodAccessorImpl.java:43)
java.util.concurrent.ExecutionException: java.lang.AssertionError
    at java.util.concurrent.FutureTask.report(FutureTask.java:122)
    at java.util.concurrent.FutureTask.get(FutureTask.java:192)
    at org.apache.jackrabbit.mk.store.DefaultRevisionStoreTest.putTokenImpl(DefaultRevisionStoreTest.java:221)
    at sun.reflect.NativeMethodAccessorImpl.invoke0(Native Method)
    at sun.reflect.NativeMethodAccessorImpl.invoke(NativeMethodAccessorImpl.java:62)
    at sun.reflect.DelegatingMethodAccessorImpl.invoke(DelegatingMethodAccessorImpl.java:43)
org.junit.ComparisonFailure: expected:<...:childNodeCount":2,"[d":{},"c]":{}},"b":{":childNo...> but was:<...:childNodeCount":2,"[c":{},"d]":{}},"b":{":childNo...>
    at org.junit.Assert.assertEquals(Assert.java:115)
    at org.junit.Assert.assertEquals(Assert.java:144)
    at org.apache.jackrabbit.mk.store.DefaultRevisionStoreTest.testRevisionHistory(DefaultRevisionStoreTest.java:102)
    at sun.reflect.NativeMethodAccessorImpl.invoke0(Native Method)
    at sun.reflect.NativeMethodAccessorImpl.invoke(NativeMethodAccessorImpl.java:62)
    at sun.reflect.DelegatingMethodAccessorImpl.invoke(DelegatingMethodAccessorImpl.java:43)
23:09:39.360 [pool-192-thread-1] INFO  xxl.java.junit.TestCasesListener - Tests run finished (1835 ms)
<> Total tests run: 8
<> Ignored tests: 2
<> Failed tests: 4
~ putTokenImpl(org.apache.jackrabbit.mk.store.DefaultRevisionStoreTest)
[java.lang.AssertionError]
java.util.concurrent.ExecutionException: java.lang.AssertionError    at java.util.concurrent.FutureTask.report(FutureTask.java:122)
    at java.util.concurrent.FutureTask.get(FutureTask.java:192)
    at org.apache.jackrabbit.mk.store.DefaultRevisionStoreTest.putTokenImpl(DefaultRevisionStoreTest.java:221)
    at sun.reflect.NativeMethodAccessorImpl.invoke0(Native Method)
    at sun.reflect.NativeMethodAccessorImpl.invoke(NativeMethodAccessorImpl.java:62)
    at sun.reflect.DelegatingMethodAccessorImpl.invoke(DelegatingMethodAccessorImpl.java:43)
~ testRevisionHistory(org.apache.jackrabbit.mk.store.DefaultRevisionStoreTest)
[expected:<...:childNodeCount":2,"[d":{},"c]":{}},"b":{":childNo...> but was:<...:childNodeCount":2,"[c":{},"d]":{}},"b":{":childNo...>]
org.junit.ComparisonFailure: expected:<...:childNodeCount":2,"[d":{},"c]":{}},"b":{":childNo...> but was:<...:childNodeCount":2,"[c":{},"d]":{}},"b":{":childNo...>    at org.junit.Assert.assertEquals(Assert.java:115)
    at org.junit.Assert.assertEquals(Assert.java:144)
    at org.apache.jackrabbit.mk.store.DefaultRevisionStoreTest.testRevisionHistory(DefaultRevisionStoreTest.java:102)
    at sun.reflect.NativeMethodAccessorImpl.invoke0(Native Method)
    at sun.reflect.NativeMethodAccessorImpl.invoke(NativeMethodAccessorImpl.java:62)
    at sun.reflect.DelegatingMethodAccessorImpl.invoke(DelegatingMethodAccessorImpl.java:43)
~ putTokenImpl(org.apache.jackrabbit.mk.store.DefaultRevisionStoreTest)
[java.lang.AssertionError]
java.util.concurrent.ExecutionException: java.lang.AssertionError    at java.util.concurrent.FutureTask.report(FutureTask.java:122)
    at java.util.concurrent.FutureTask.get(FutureTask.java:192)
    at org.apache.jackrabbit.mk.store.DefaultRevisionStoreTest.putTokenImpl(DefaultRevisionStoreTest.java:221)
    at sun.reflect.NativeMethodAccessorImpl.invoke0(Native Method)
    at sun.reflect.NativeMethodAccessorImpl.invoke(NativeMethodAccessorImpl.java:62)
    at sun.reflect.DelegatingMethodAccessorImpl.invoke(DelegatingMethodAccessorImpl.java:43)
~ testRevisionHistory(org.apache.jackrabbit.mk.store.DefaultRevisionStoreTest)
[expected:<...:childNodeCount":2,"[d":{},"c]":{}},"b":{":childNo...> but was:<...:childNodeCount":2,"[c":{},"d]":{}},"b":{":childNo...>]
org.junit.ComparisonFailure: expected:<...:childNodeCount":2,"[d":{},"c]":{}},"b":{":childNo...> but was:<...:childNodeCount":2,"[c":{},"d]":{}},"b":{":childNo...>    at org.junit.Assert.assertEquals(Assert.java:115)
    at org.junit.Assert.assertEquals(Assert.java:144)
    at org.apache.jackrabbit.mk.store.DefaultRevisionStoreTest.testRevisionHistory(DefaultRevisionStoreTest.java:102)
    at sun.reflect.NativeMethodAccessorImpl.invoke0(Native Method)
    at sun.reflect.NativeMethodAccessorImpl.invoke(NativeMethodAccessorImpl.java:62)
    at sun.reflect.DelegatingMethodAccessorImpl.invoke(DelegatingMethodAccessorImpl.java:43)

SLF4J: Class path contains multiple SLF4J bindings.
SLF4J: Found binding in [jar:file:/home/tdurieux/.m2/repository/org/slf4j/slf4j-nop/1.5.8/slf4j-nop-1.5.8.jar!/org/slf4j/impl/StaticLoggerBinder.class]
SLF4J: Found binding in [jar:file:/home/tdurieux/.m2/repository/ch/qos/logback/logback-classic/1.0.1/logback-classic-1.0.1.jar!/org/slf4j/impl/StaticLoggerBinder.class]
SLF4J: Found binding in [jar:file:/home/tdurieux/.m2/repository/org/slf4j/slf4j-simple/1.6.1/slf4j-simple-1.6.1.jar!/org/slf4j/impl/StaticLoggerBinder.class]
SLF4J: Found binding in [jar:file:/home/tdurieux/defects4j4repair/script/../repair_tools/nopol.jar!/org/slf4j/impl/StaticLoggerBinder.class]
SLF4J: See http://www.slf4j.org/codes.html#multiple_bindings for an explanation.
SLF4J: The requested version 1.5.8 by your slf4j binding is not compatible with [1.6]
SLF4J: See http://www.slf4j.org/codes.html#version_mismatch for further details.
23:09:40.341 [pool-2-thread-1] DEBUG fr.inria.lille.repair.nopol.NoPol - looking with class fr.inria.lille.repair.nopol.spoon.smt.ConditionalReplacer
SLF4J: Class path contains multiple SLF4J bindings.
SLF4J: Found binding in [jar:file:/home/tdurieux/.m2/repository/org/slf4j/slf4j-nop/1.5.8/slf4j-nop-1.5.8.jar!/org/slf4j/impl/StaticLoggerBinder.class]
SLF4J: Found binding in [jar:file:/home/tdurieux/.m2/repository/ch/qos/logback/logback-classic/1.0.1/logback-classic-1.0.1.jar!/org/slf4j/impl/StaticLoggerBinder.class]
SLF4J: Found binding in [jar:file:/home/tdurieux/.m2/repository/org/slf4j/slf4j-simple/1.6.1/slf4j-simple-1.6.1.jar!/org/slf4j/impl/StaticLoggerBinder.class]
SLF4J: Found binding in [jar:file:/home/tdurieux/defects4j4repair/script/../repair_tools/nopol.jar!/org/slf4j/impl/StaticLoggerBinder.class]
SLF4J: See http://www.slf4j.org/codes.html#multiple_bindings for an explanation.
SLF4J: The requested version 1.5.8 by your slf4j binding is not compatible with [1.6]
SLF4J: See http://www.slf4j.org/codes.html#version_mismatch for further details.
java.util.concurrent.ExecutionException: java.lang.AssertionError
    at java.util.concurrent.FutureTask.report(FutureTask.java:122)
    at java.util.concurrent.FutureTask.get(FutureTask.java:192)
    at org.apache.jackrabbit.mk.store.DefaultRevisionStoreTest.putTokenImpl(DefaultRevisionStoreTest.java:221)
    at sun.reflect.NativeMethodAccessorImpl.invoke0(Native Method)
    at sun.reflect.NativeMethodAccessorImpl.invoke(NativeMethodAccessorImpl.java:62)
    at sun.reflect.DelegatingMethodAccessorImpl.invoke(DelegatingMethodAccessorImpl.java:43)
org.junit.ComparisonFailure: expected:<...:childNodeCount":2,"[d":{},"c]":{}},"b":{":childNo...> but was:<...:childNodeCount":2,"[c":{},"d]":{}},"b":{":childNo...>
    at org.junit.Assert.assertEquals(Assert.java:115)
    at org.junit.Assert.assertEquals(Assert.java:144)
    at org.apache.jackrabbit.mk.store.DefaultRevisionStoreTest.testRevisionHistory(DefaultRevisionStoreTest.java:102)
    at sun.reflect.NativeMethodAccessorImpl.invoke0(Native Method)
    at sun.reflect.NativeMethodAccessorImpl.invoke(NativeMethodAccessorImpl.java:62)
    at sun.reflect.DelegatingMethodAccessorImpl.invoke(DelegatingMethodAccessorImpl.java:43)
java.util.concurrent.ExecutionException: java.lang.AssertionError
    at java.util.concurrent.FutureTask.report(FutureTask.java:122)
    at java.util.concurrent.FutureTask.get(FutureTask.java:192)
    at org.apache.jackrabbit.mk.store.DefaultRevisionStoreTest.putTokenImpl(DefaultRevisionStoreTest.java:221)
    at sun.reflect.NativeMethodAccessorImpl.invoke0(Native Method)
    at sun.reflect.NativeMethodAccessorImpl.invoke(NativeMethodAccessorImpl.java:62)
    at sun.reflect.DelegatingMethodAccessorImpl.invoke(DelegatingMethodAccessorImpl.java:43)
org.junit.ComparisonFailure: expected:<...:childNodeCount":2,"[d":{},"c]":{}},"b":{":childNo...> but was:<...:childNodeCount":2,"[c":{},"d]":{}},"b":{":childNo...>
    at org.junit.Assert.assertEquals(Assert.java:115)
    at org.junit.Assert.assertEquals(Assert.java:144)
    at org.apache.jackrabbit.mk.store.DefaultRevisionStoreTest.testRevisionHistory(DefaultRevisionStoreTest.java:102)
    at sun.reflect.NativeMethodAccessorImpl.invoke0(Native Method)
    at sun.reflect.NativeMethodAccessorImpl.invoke(NativeMethodAccessorImpl.java:62)
    at sun.reflect.DelegatingMethodAccessorImpl.invoke(DelegatingMethodAccessorImpl.java:43)
23:09:42.362 [pool-204-thread-1] INFO  xxl.java.junit.TestCasesListener - Tests run finished (1914 ms)
<> Total tests run: 8
<> Ignored tests: 2
<> Failed tests: 4
~ putTokenImpl(org.apache.jackrabbit.mk.store.DefaultRevisionStoreTest)
[java.lang.AssertionError]
java.util.concurrent.ExecutionException: java.lang.AssertionError    at java.util.concurrent.FutureTask.report(FutureTask.java:122)
    at java.util.concurrent.FutureTask.get(FutureTask.java:192)
    at org.apache.jackrabbit.mk.store.DefaultRevisionStoreTest.putTokenImpl(DefaultRevisionStoreTest.java:221)
    at sun.reflect.NativeMethodAccessorImpl.invoke0(Native Method)
    at sun.reflect.NativeMethodAccessorImpl.invoke(NativeMethodAccessorImpl.java:62)
    at sun.reflect.DelegatingMethodAccessorImpl.invoke(DelegatingMethodAccessorImpl.java:43)
~ testRevisionHistory(org.apache.jackrabbit.mk.store.DefaultRevisionStoreTest)
[expected:<...:childNodeCount":2,"[d":{},"c]":{}},"b":{":childNo...> but was:<...:childNodeCount":2,"[c":{},"d]":{}},"b":{":childNo...>]
org.junit.ComparisonFailure: expected:<...:childNodeCount":2,"[d":{},"c]":{}},"b":{":childNo...> but was:<...:childNodeCount":2,"[c":{},"d]":{}},"b":{":childNo...>    at org.junit.Assert.assertEquals(Assert.java:115)
    at org.junit.Assert.assertEquals(Assert.java:144)
    at org.apache.jackrabbit.mk.store.DefaultRevisionStoreTest.testRevisionHistory(DefaultRevisionStoreTest.java:102)
    at sun.reflect.NativeMethodAccessorImpl.invoke0(Native Method)
    at sun.reflect.NativeMethodAccessorImpl.invoke(NativeMethodAccessorImpl.java:62)
    at sun.reflect.DelegatingMethodAccessorImpl.invoke(DelegatingMethodAccessorImpl.java:43)
~ putTokenImpl(org.apache.jackrabbit.mk.store.DefaultRevisionStoreTest)
[java.lang.AssertionError]
java.util.concurrent.ExecutionException: java.lang.AssertionError    at java.util.concurrent.FutureTask.report(FutureTask.java:122)
    at java.util.concurrent.FutureTask.get(FutureTask.java:192)
    at org.apache.jackrabbit.mk.store.DefaultRevisionStoreTest.putTokenImpl(DefaultRevisionStoreTest.java:221)
    at sun.reflect.NativeMethodAccessorImpl.invoke0(Native Method)
    at sun.reflect.NativeMethodAccessorImpl.invoke(NativeMethodAccessorImpl.java:62)
    at sun.reflect.DelegatingMethodAccessorImpl.invoke(DelegatingMethodAccessorImpl.java:43)
~ testRevisionHistory(org.apache.jackrabbit.mk.store.DefaultRevisionStoreTest)
[expected:<...:childNodeCount":2,"[d":{},"c]":{}},"b":{":childNo...> but was:<...:childNodeCount":2,"[c":{},"d]":{}},"b":{":childNo...>]
org.junit.ComparisonFailure: expected:<...:childNodeCount":2,"[d":{},"c]":{}},"b":{":childNo...> but was:<...:childNodeCount":2,"[c":{},"d]":{}},"b":{":childNo...>    at org.junit.Assert.assertEquals(Assert.java:115)
    at org.junit.Assert.assertEquals(Assert.java:144)
    at org.apache.jackrabbit.mk.store.DefaultRevisionStoreTest.testRevisionHistory(DefaultRevisionStoreTest.java:102)
    at sun.reflect.NativeMethodAccessorImpl.invoke0(Native Method)
    at sun.reflect.NativeMethodAccessorImpl.invoke(NativeMethodAccessorImpl.java:62)
    at sun.reflect.DelegatingMethodAccessorImpl.invoke(DelegatingMethodAccessorImpl.java:43)

SLF4J: Class path contains multiple SLF4J bindings.
SLF4J: Found binding in [jar:file:/home/tdurieux/.m2/repository/org/slf4j/slf4j-nop/1.5.8/slf4j-nop-1.5.8.jar!/org/slf4j/impl/StaticLoggerBinder.class]
SLF4J: Found binding in [jar:file:/home/tdurieux/.m2/repository/ch/qos/logback/logback-classic/1.0.1/logback-classic-1.0.1.jar!/org/slf4j/impl/StaticLoggerBinder.class]
SLF4J: Found binding in [jar:file:/home/tdurieux/.m2/repository/org/slf4j/slf4j-simple/1.6.1/slf4j-simple-1.6.1.jar!/org/slf4j/impl/StaticLoggerBinder.class]
SLF4J: Found binding in [jar:file:/home/tdurieux/defects4j4repair/script/../repair_tools/nopol.jar!/org/slf4j/impl/StaticLoggerBinder.class]
SLF4J: See http://www.slf4j.org/codes.html#multiple_bindings for an explanation.
SLF4J: The requested version 1.5.8 by your slf4j binding is not compatible with [1.6]
SLF4J: See http://www.slf4j.org/codes.html#version_mismatch for further details.
23:09:43.200 [pool-2-thread-1] DEBUG fr.inria.lille.repair.nopol.NoPol - statement #29
23:09:43.201 [pool-2-thread-1] DEBUG fr.inria.lille.repair.nopol.NoPol - Analysing SourceLocation org.apache.jackrabbit.mk.store.DefaultRevisionStore:195 which is executed by 5 tests
258965798
23:09:43.476 [pool-2-thread-1] DEBUG fr.inria.lille.repair.nopol.NoPol - looking with class fr.inria.lille.repair.nopol.spoon.smt.ConditionalAdder
SLF4J: Class path contains multiple SLF4J bindings.
SLF4J: Found binding in [jar:file:/home/tdurieux/.m2/repository/org/slf4j/slf4j-nop/1.5.8/slf4j-nop-1.5.8.jar!/org/slf4j/impl/StaticLoggerBinder.class]
SLF4J: Found binding in [jar:file:/home/tdurieux/.m2/repository/ch/qos/logback/logback-classic/1.0.1/logback-classic-1.0.1.jar!/org/slf4j/impl/StaticLoggerBinder.class]
SLF4J: Found binding in [jar:file:/home/tdurieux/.m2/repository/org/slf4j/slf4j-simple/1.6.1/slf4j-simple-1.6.1.jar!/org/slf4j/impl/StaticLoggerBinder.class]
SLF4J: Found binding in [jar:file:/home/tdurieux/defects4j4repair/script/../repair_tools/nopol.jar!/org/slf4j/impl/StaticLoggerBinder.class]
SLF4J: See http://www.slf4j.org/codes.html#multiple_bindings for an explanation.
SLF4J: The requested version 1.5.8 by your slf4j binding is not compatible with [1.6]
SLF4J: See http://www.slf4j.org/codes.html#version_mismatch for further details.
java.util.concurrent.ExecutionException: java.lang.AssertionError
    at java.util.concurrent.FutureTask.report(FutureTask.java:122)
    at java.util.concurrent.FutureTask.get(FutureTask.java:192)
    at org.apache.jackrabbit.mk.store.DefaultRevisionStoreTest.putTokenImpl(DefaultRevisionStoreTest.java:221)
    at sun.reflect.NativeMethodAccessorImpl.invoke0(Native Method)
    at sun.reflect.NativeMethodAccessorImpl.invoke(NativeMethodAccessorImpl.java:62)
    at sun.reflect.DelegatingMethodAccessorImpl.invoke(DelegatingMethodAccessorImpl.java:43)
org.junit.ComparisonFailure: expected:<...:childNodeCount":2,"[d":{},"c]":{}},"b":{":childNo...> but was:<...:childNodeCount":2,"[c":{},"d]":{}},"b":{":childNo...>
    at org.junit.Assert.assertEquals(Assert.java:115)
    at org.junit.Assert.assertEquals(Assert.java:144)
    at org.apache.jackrabbit.mk.store.DefaultRevisionStoreTest.testRevisionHistory(DefaultRevisionStoreTest.java:102)
    at sun.reflect.NativeMethodAccessorImpl.invoke0(Native Method)
    at sun.reflect.NativeMethodAccessorImpl.invoke(NativeMethodAccessorImpl.java:62)
    at sun.reflect.DelegatingMethodAccessorImpl.invoke(DelegatingMethodAccessorImpl.java:43)
java.util.concurrent.ExecutionException: java.lang.AssertionError
    at java.util.concurrent.FutureTask.report(FutureTask.java:122)
    at java.util.concurrent.FutureTask.get(FutureTask.java:192)
    at org.apache.jackrabbit.mk.store.DefaultRevisionStoreTest.putTokenImpl(DefaultRevisionStoreTest.java:221)
    at sun.reflect.NativeMethodAccessorImpl.invoke0(Native Method)
    at sun.reflect.NativeMethodAccessorImpl.invoke(NativeMethodAccessorImpl.java:62)
    at sun.reflect.DelegatingMethodAccessorImpl.invoke(DelegatingMethodAccessorImpl.java:43)
org.junit.ComparisonFailure: expected:<...:childNodeCount":2,"[d":{},"c]":{}},"b":{":childNo...> but was:<...:childNodeCount":2,"[c":{},"d]":{}},"b":{":childNo...>
    at org.junit.Assert.assertEquals(Assert.java:115)
    at org.junit.Assert.assertEquals(Assert.java:144)
    at org.apache.jackrabbit.mk.store.DefaultRevisionStoreTest.testRevisionHistory(DefaultRevisionStoreTest.java:102)
    at sun.reflect.NativeMethodAccessorImpl.invoke0(Native Method)
    at sun.reflect.NativeMethodAccessorImpl.invoke(NativeMethodAccessorImpl.java:62)
    at sun.reflect.DelegatingMethodAccessorImpl.invoke(DelegatingMethodAccessorImpl.java:43)
23:09:45.386 [pool-216-thread-1] INFO  xxl.java.junit.TestCasesListener - Tests run finished (1883 ms)
<> Total tests run: 8
<> Ignored tests: 2
<> Failed tests: 4
~ putTokenImpl(org.apache.jackrabbit.mk.store.DefaultRevisionStoreTest)
[java.lang.AssertionError]
java.util.concurrent.ExecutionException: java.lang.AssertionError    at java.util.concurrent.FutureTask.report(FutureTask.java:122)
    at java.util.concurrent.FutureTask.get(FutureTask.java:192)
    at org.apache.jackrabbit.mk.store.DefaultRevisionStoreTest.putTokenImpl(DefaultRevisionStoreTest.java:221)
    at sun.reflect.NativeMethodAccessorImpl.invoke0(Native Method)
    at sun.reflect.NativeMethodAccessorImpl.invoke(NativeMethodAccessorImpl.java:62)
    at sun.reflect.DelegatingMethodAccessorImpl.invoke(DelegatingMethodAccessorImpl.java:43)
~ testRevisionHistory(org.apache.jackrabbit.mk.store.DefaultRevisionStoreTest)
[expected:<...:childNodeCount":2,"[d":{},"c]":{}},"b":{":childNo...> but was:<...:childNodeCount":2,"[c":{},"d]":{}},"b":{":childNo...>]
org.junit.ComparisonFailure: expected:<...:childNodeCount":2,"[d":{},"c]":{}},"b":{":childNo...> but was:<...:childNodeCount":2,"[c":{},"d]":{}},"b":{":childNo...>    at org.junit.Assert.assertEquals(Assert.java:115)
    at org.junit.Assert.assertEquals(Assert.java:144)
    at org.apache.jackrabbit.mk.store.DefaultRevisionStoreTest.testRevisionHistory(DefaultRevisionStoreTest.java:102)
    at sun.reflect.NativeMethodAccessorImpl.invoke0(Native Method)
    at sun.reflect.NativeMethodAccessorImpl.invoke(NativeMethodAccessorImpl.java:62)
    at sun.reflect.DelegatingMethodAccessorImpl.invoke(DelegatingMethodAccessorImpl.java:43)
~ putTokenImpl(org.apache.jackrabbit.mk.store.DefaultRevisionStoreTest)
[java.lang.AssertionError]
java.util.concurrent.ExecutionException: java.lang.AssertionError    at java.util.concurrent.FutureTask.report(FutureTask.java:122)
    at java.util.concurrent.FutureTask.get(FutureTask.java:192)
    at org.apache.jackrabbit.mk.store.DefaultRevisionStoreTest.putTokenImpl(DefaultRevisionStoreTest.java:221)
    at sun.reflect.NativeMethodAccessorImpl.invoke0(Native Method)
    at sun.reflect.NativeMethodAccessorImpl.invoke(NativeMethodAccessorImpl.java:62)
    at sun.reflect.DelegatingMethodAccessorImpl.invoke(DelegatingMethodAccessorImpl.java:43)
~ testRevisionHistory(org.apache.jackrabbit.mk.store.DefaultRevisionStoreTest)
[expected:<...:childNodeCount":2,"[d":{},"c]":{}},"b":{":childNo...> but was:<...:childNodeCount":2,"[c":{},"d]":{}},"b":{":childNo...>]
org.junit.ComparisonFailure: expected:<...:childNodeCount":2,"[d":{},"c]":{}},"b":{":childNo...> but was:<...:childNodeCount":2,"[c":{},"d]":{}},"b":{":childNo...>    at org.junit.Assert.assertEquals(Assert.java:115)
    at org.junit.Assert.assertEquals(Assert.java:144)
    at org.apache.jackrabbit.mk.store.DefaultRevisionStoreTest.testRevisionHistory(DefaultRevisionStoreTest.java:102)
    at sun.reflect.NativeMethodAccessorImpl.invoke0(Native Method)
    at sun.reflect.NativeMethodAccessorImpl.invoke(NativeMethodAccessorImpl.java:62)
    at sun.reflect.DelegatingMethodAccessorImpl.invoke(DelegatingMethodAccessorImpl.java:43)

SLF4J: Class path contains multiple SLF4J bindings.
SLF4J: Found binding in [jar:file:/home/tdurieux/.m2/repository/org/slf4j/slf4j-nop/1.5.8/slf4j-nop-1.5.8.jar!/org/slf4j/impl/StaticLoggerBinder.class]
SLF4J: Found binding in [jar:file:/home/tdurieux/.m2/repository/ch/qos/logback/logback-classic/1.0.1/logback-classic-1.0.1.jar!/org/slf4j/impl/StaticLoggerBinder.class]
SLF4J: Found binding in [jar:file:/home/tdurieux/.m2/repository/org/slf4j/slf4j-simple/1.6.1/slf4j-simple-1.6.1.jar!/org/slf4j/impl/StaticLoggerBinder.class]
SLF4J: Found binding in [jar:file:/home/tdurieux/defects4j4repair/script/../repair_tools/nopol.jar!/org/slf4j/impl/StaticLoggerBinder.class]
SLF4J: See http://www.slf4j.org/codes.html#multiple_bindings for an explanation.
SLF4J: The requested version 1.5.8 by your slf4j binding is not compatible with [1.6]
SLF4J: See http://www.slf4j.org/codes.html#version_mismatch for further details.
23:09:46.306 [pool-2-thread-1] DEBUG fr.inria.lille.repair.nopol.NoPol - statement #30
23:09:46.307 [pool-2-thread-1] DEBUG fr.inria.lille.repair.nopol.NoPol - Analysing SourceLocation org.apache.jackrabbit.mk.store.DefaultRevisionStore:181 which is executed by 5 tests
258965798
23:09:46.598 [pool-2-thread-1] DEBUG fr.inria.lille.repair.nopol.NoPol - looking with class fr.inria.lille.repair.nopol.spoon.smt.ConditionalAdder
SLF4J: Class path contains multiple SLF4J bindings.
SLF4J: Found binding in [jar:file:/home/tdurieux/.m2/repository/org/slf4j/slf4j-nop/1.5.8/slf4j-nop-1.5.8.jar!/org/slf4j/impl/StaticLoggerBinder.class]
SLF4J: Found binding in [jar:file:/home/tdurieux/.m2/repository/ch/qos/logback/logback-classic/1.0.1/logback-classic-1.0.1.jar!/org/slf4j/impl/StaticLoggerBinder.class]
SLF4J: Found binding in [jar:file:/home/tdurieux/.m2/repository/org/slf4j/slf4j-simple/1.6.1/slf4j-simple-1.6.1.jar!/org/slf4j/impl/StaticLoggerBinder.class]
SLF4J: Found binding in [jar:file:/home/tdurieux/defects4j4repair/script/../repair_tools/nopol.jar!/org/slf4j/impl/StaticLoggerBinder.class]
SLF4J: See http://www.slf4j.org/codes.html#multiple_bindings for an explanation.
SLF4J: The requested version 1.5.8 by your slf4j binding is not compatible with [1.6]
SLF4J: See http://www.slf4j.org/codes.html#version_mismatch for further details.
java.util.concurrent.ExecutionException: java.lang.AssertionError
    at java.util.concurrent.FutureTask.report(FutureTask.java:122)
    at java.util.concurrent.FutureTask.get(FutureTask.java:192)
    at org.apache.jackrabbit.mk.store.DefaultRevisionStoreTest.putTokenImpl(DefaultRevisionStoreTest.java:221)
    at sun.reflect.NativeMethodAccessorImpl.invoke0(Native Method)
    at sun.reflect.NativeMethodAccessorImpl.invoke(NativeMethodAccessorImpl.java:62)
    at sun.reflect.DelegatingMethodAccessorImpl.invoke(DelegatingMethodAccessorImpl.java:43)
org.junit.ComparisonFailure: expected:<...:childNodeCount":2,"[d":{},"c]":{}},"b":{":childNo...> but was:<...:childNodeCount":2,"[c":{},"d]":{}},"b":{":childNo...>
    at org.junit.Assert.assertEquals(Assert.java:115)
    at org.junit.Assert.assertEquals(Assert.java:144)
    at org.apache.jackrabbit.mk.store.DefaultRevisionStoreTest.testRevisionHistory(DefaultRevisionStoreTest.java:102)
    at sun.reflect.NativeMethodAccessorImpl.invoke0(Native Method)
    at sun.reflect.NativeMethodAccessorImpl.invoke(NativeMethodAccessorImpl.java:62)
    at sun.reflect.DelegatingMethodAccessorImpl.invoke(DelegatingMethodAccessorImpl.java:43)
java.util.concurrent.ExecutionException: java.lang.AssertionError
    at java.util.concurrent.FutureTask.report(FutureTask.java:122)
    at java.util.concurrent.FutureTask.get(FutureTask.java:192)
    at org.apache.jackrabbit.mk.store.DefaultRevisionStoreTest.putTokenImpl(DefaultRevisionStoreTest.java:221)
    at sun.reflect.NativeMethodAccessorImpl.invoke0(Native Method)
    at sun.reflect.NativeMethodAccessorImpl.invoke(NativeMethodAccessorImpl.java:62)
    at sun.reflect.DelegatingMethodAccessorImpl.invoke(DelegatingMethodAccessorImpl.java:43)
org.junit.ComparisonFailure: expected:<...:childNodeCount":2,"[d":{},"c]":{}},"b":{":childNo...> but was:<...:childNodeCount":2,"[c":{},"d]":{}},"b":{":childNo...>
    at org.junit.Assert.assertEquals(Assert.java:115)
    at org.junit.Assert.assertEquals(Assert.java:144)
    at org.apache.jackrabbit.mk.store.DefaultRevisionStoreTest.testRevisionHistory(DefaultRevisionStoreTest.java:102)
    at sun.reflect.NativeMethodAccessorImpl.invoke0(Native Method)
    at sun.reflect.NativeMethodAccessorImpl.invoke(NativeMethodAccessorImpl.java:62)
    at sun.reflect.DelegatingMethodAccessorImpl.invoke(DelegatingMethodAccessorImpl.java:43)
23:09:48.505 [pool-228-thread-1] INFO  xxl.java.junit.TestCasesListener - Tests run finished (1878 ms)
<> Total tests run: 8
<> Ignored tests: 2
<> Failed tests: 4
~ putTokenImpl(org.apache.jackrabbit.mk.store.DefaultRevisionStoreTest)
[java.lang.AssertionError]
java.util.concurrent.ExecutionException: java.lang.AssertionError    at java.util.concurrent.FutureTask.report(FutureTask.java:122)
    at java.util.concurrent.FutureTask.get(FutureTask.java:192)
    at org.apache.jackrabbit.mk.store.DefaultRevisionStoreTest.putTokenImpl(DefaultRevisionStoreTest.java:221)
    at sun.reflect.NativeMethodAccessorImpl.invoke0(Native Method)
    at sun.reflect.NativeMethodAccessorImpl.invoke(NativeMethodAccessorImpl.java:62)
    at sun.reflect.DelegatingMethodAccessorImpl.invoke(DelegatingMethodAccessorImpl.java:43)
~ testRevisionHistory(org.apache.jackrabbit.mk.store.DefaultRevisionStoreTest)
[expected:<...:childNodeCount":2,"[d":{},"c]":{}},"b":{":childNo...> but was:<...:childNodeCount":2,"[c":{},"d]":{}},"b":{":childNo...>]
org.junit.ComparisonFailure: expected:<...:childNodeCount":2,"[d":{},"c]":{}},"b":{":childNo...> but was:<...:childNodeCount":2,"[c":{},"d]":{}},"b":{":childNo...>    at org.junit.Assert.assertEquals(Assert.java:115)
    at org.junit.Assert.assertEquals(Assert.java:144)
    at org.apache.jackrabbit.mk.store.DefaultRevisionStoreTest.testRevisionHistory(DefaultRevisionStoreTest.java:102)
    at sun.reflect.NativeMethodAccessorImpl.invoke0(Native Method)
    at sun.reflect.NativeMethodAccessorImpl.invoke(NativeMethodAccessorImpl.java:62)
    at sun.reflect.DelegatingMethodAccessorImpl.invoke(DelegatingMethodAccessorImpl.java:43)
~ putTokenImpl(org.apache.jackrabbit.mk.store.DefaultRevisionStoreTest)
[java.lang.AssertionError]
java.util.concurrent.ExecutionException: java.lang.AssertionError    at java.util.concurrent.FutureTask.report(FutureTask.java:122)
    at java.util.concurrent.FutureTask.get(FutureTask.java:192)
    at org.apache.jackrabbit.mk.store.DefaultRevisionStoreTest.putTokenImpl(DefaultRevisionStoreTest.java:221)
    at sun.reflect.NativeMethodAccessorImpl.invoke0(Native Method)
    at sun.reflect.NativeMethodAccessorImpl.invoke(NativeMethodAccessorImpl.java:62)
    at sun.reflect.DelegatingMethodAccessorImpl.invoke(DelegatingMethodAccessorImpl.java:43)
~ testRevisionHistory(org.apache.jackrabbit.mk.store.DefaultRevisionStoreTest)
[expected:<...:childNodeCount":2,"[d":{},"c]":{}},"b":{":childNo...> but was:<...:childNodeCount":2,"[c":{},"d]":{}},"b":{":childNo...>]
org.junit.ComparisonFailure: expected:<...:childNodeCount":2,"[d":{},"c]":{}},"b":{":childNo...> but was:<...:childNodeCount":2,"[c":{},"d]":{}},"b":{":childNo...>    at org.junit.Assert.assertEquals(Assert.java:115)
    at org.junit.Assert.assertEquals(Assert.java:144)
    at org.apache.jackrabbit.mk.store.DefaultRevisionStoreTest.testRevisionHistory(DefaultRevisionStoreTest.java:102)
    at sun.reflect.NativeMethodAccessorImpl.invoke0(Native Method)
    at sun.reflect.NativeMethodAccessorImpl.invoke(NativeMethodAccessorImpl.java:62)
    at sun.reflect.DelegatingMethodAccessorImpl.invoke(DelegatingMethodAccessorImpl.java:43)

SLF4J: Class path contains multiple SLF4J bindings.
SLF4J: Found binding in [jar:file:/home/tdurieux/.m2/repository/org/slf4j/slf4j-nop/1.5.8/slf4j-nop-1.5.8.jar!/org/slf4j/impl/StaticLoggerBinder.class]
SLF4J: Found binding in [jar:file:/home/tdurieux/.m2/repository/ch/qos/logback/logback-classic/1.0.1/logback-classic-1.0.1.jar!/org/slf4j/impl/StaticLoggerBinder.class]
SLF4J: Found binding in [jar:file:/home/tdurieux/.m2/repository/org/slf4j/slf4j-simple/1.6.1/slf4j-simple-1.6.1.jar!/org/slf4j/impl/StaticLoggerBinder.class]
SLF4J: Found binding in [jar:file:/home/tdurieux/defects4j4repair/script/../repair_tools/nopol.jar!/org/slf4j/impl/StaticLoggerBinder.class]
SLF4J: See http://www.slf4j.org/codes.html#multiple_bindings for an explanation.
SLF4J: The requested version 1.5.8 by your slf4j binding is not compatible with [1.6]
SLF4J: See http://www.slf4j.org/codes.html#version_mismatch for further details.
23:09:49.265 [pool-2-thread-1] DEBUG fr.inria.lille.repair.nopol.NoPol - statement #31
23:09:49.265 [pool-2-thread-1] DEBUG fr.inria.lille.repair.nopol.NoPol - Analysing SourceLocation org.apache.jackrabbit.mk.store.DefaultRevisionStore:174 which is executed by 5 tests
258965798
23:09:49.533 [pool-2-thread-1] DEBUG fr.inria.lille.repair.nopol.NoPol - looking with class fr.inria.lille.repair.nopol.spoon.smt.ConditionalAdder
SLF4J: Class path contains multiple SLF4J bindings.
SLF4J: Found binding in [jar:file:/home/tdurieux/.m2/repository/org/slf4j/slf4j-nop/1.5.8/slf4j-nop-1.5.8.jar!/org/slf4j/impl/StaticLoggerBinder.class]
SLF4J: Found binding in [jar:file:/home/tdurieux/.m2/repository/ch/qos/logback/logback-classic/1.0.1/logback-classic-1.0.1.jar!/org/slf4j/impl/StaticLoggerBinder.class]
SLF4J: Found binding in [jar:file:/home/tdurieux/.m2/repository/org/slf4j/slf4j-simple/1.6.1/slf4j-simple-1.6.1.jar!/org/slf4j/impl/StaticLoggerBinder.class]
SLF4J: Found binding in [jar:file:/home/tdurieux/defects4j4repair/script/../repair_tools/nopol.jar!/org/slf4j/impl/StaticLoggerBinder.class]
SLF4J: See http://www.slf4j.org/codes.html#multiple_bindings for an explanation.
SLF4J: The requested version 1.5.8 by your slf4j binding is not compatible with [1.6]
SLF4J: See http://www.slf4j.org/codes.html#version_mismatch for further details.
java.util.concurrent.ExecutionException: java.lang.AssertionError
    at java.util.concurrent.FutureTask.report(FutureTask.java:122)
    at java.util.concurrent.FutureTask.get(FutureTask.java:192)
    at org.apache.jackrabbit.mk.store.DefaultRevisionStoreTest.putTokenImpl(DefaultRevisionStoreTest.java:221)
    at sun.reflect.NativeMethodAccessorImpl.invoke0(Native Method)
    at sun.reflect.NativeMethodAccessorImpl.invoke(NativeMethodAccessorImpl.java:62)
    at sun.reflect.DelegatingMethodAccessorImpl.invoke(DelegatingMethodAccessorImpl.java:43)
org.junit.ComparisonFailure: expected:<...:childNodeCount":2,"[d":{},"c]":{}},"b":{":childNo...> but was:<...:childNodeCount":2,"[c":{},"d]":{}},"b":{":childNo...>
    at org.junit.Assert.assertEquals(Assert.java:115)
    at org.junit.Assert.assertEquals(Assert.java:144)
    at org.apache.jackrabbit.mk.store.DefaultRevisionStoreTest.testRevisionHistory(DefaultRevisionStoreTest.java:102)
    at sun.reflect.NativeMethodAccessorImpl.invoke0(Native Method)
    at sun.reflect.NativeMethodAccessorImpl.invoke(NativeMethodAccessorImpl.java:62)
    at sun.reflect.DelegatingMethodAccessorImpl.invoke(DelegatingMethodAccessorImpl.java:43)
java.util.concurrent.ExecutionException: java.lang.AssertionError
    at java.util.concurrent.FutureTask.report(FutureTask.java:122)
    at java.util.concurrent.FutureTask.get(FutureTask.java:192)
    at org.apache.jackrabbit.mk.store.DefaultRevisionStoreTest.putTokenImpl(DefaultRevisionStoreTest.java:221)
    at sun.reflect.NativeMethodAccessorImpl.invoke0(Native Method)
    at sun.reflect.NativeMethodAccessorImpl.invoke(NativeMethodAccessorImpl.java:62)
    at sun.reflect.DelegatingMethodAccessorImpl.invoke(DelegatingMethodAccessorImpl.java:43)
org.junit.ComparisonFailure: expected:<...:childNodeCount":2,"[d":{},"c]":{}},"b":{":childNo...> but was:<...:childNodeCount":2,"[c":{},"d]":{}},"b":{":childNo...>
    at org.junit.Assert.assertEquals(Assert.java:115)
    at org.junit.Assert.assertEquals(Assert.java:144)
    at org.apache.jackrabbit.mk.store.DefaultRevisionStoreTest.testRevisionHistory(DefaultRevisionStoreTest.java:102)
    at sun.reflect.NativeMethodAccessorImpl.invoke0(Native Method)
    at sun.reflect.NativeMethodAccessorImpl.invoke(NativeMethodAccessorImpl.java:62)
    at sun.reflect.DelegatingMethodAccessorImpl.invoke(DelegatingMethodAccessorImpl.java:43)
23:09:51.440 [pool-240-thread-1] INFO  xxl.java.junit.TestCasesListener - Tests run finished (1879 ms)
<> Total tests run: 8
<> Ignored tests: 2
<> Failed tests: 4
~ putTokenImpl(org.apache.jackrabbit.mk.store.DefaultRevisionStoreTest)
[java.lang.AssertionError]
java.util.concurrent.ExecutionException: java.lang.AssertionError    at java.util.concurrent.FutureTask.report(FutureTask.java:122)
    at java.util.concurrent.FutureTask.get(FutureTask.java:192)
    at org.apache.jackrabbit.mk.store.DefaultRevisionStoreTest.putTokenImpl(DefaultRevisionStoreTest.java:221)
    at sun.reflect.NativeMethodAccessorImpl.invoke0(Native Method)
    at sun.reflect.NativeMethodAccessorImpl.invoke(NativeMethodAccessorImpl.java:62)
    at sun.reflect.DelegatingMethodAccessorImpl.invoke(DelegatingMethodAccessorImpl.java:43)
~ testRevisionHistory(org.apache.jackrabbit.mk.store.DefaultRevisionStoreTest)
[expected:<...:childNodeCount":2,"[d":{},"c]":{}},"b":{":childNo...> but was:<...:childNodeCount":2,"[c":{},"d]":{}},"b":{":childNo...>]
org.junit.ComparisonFailure: expected:<...:childNodeCount":2,"[d":{},"c]":{}},"b":{":childNo...> but was:<...:childNodeCount":2,"[c":{},"d]":{}},"b":{":childNo...>    at org.junit.Assert.assertEquals(Assert.java:115)
    at org.junit.Assert.assertEquals(Assert.java:144)
    at org.apache.jackrabbit.mk.store.DefaultRevisionStoreTest.testRevisionHistory(DefaultRevisionStoreTest.java:102)
    at sun.reflect.NativeMethodAccessorImpl.invoke0(Native Method)
    at sun.reflect.NativeMethodAccessorImpl.invoke(NativeMethodAccessorImpl.java:62)
    at sun.reflect.DelegatingMethodAccessorImpl.invoke(DelegatingMethodAccessorImpl.java:43)
~ putTokenImpl(org.apache.jackrabbit.mk.store.DefaultRevisionStoreTest)
[java.lang.AssertionError]
java.util.concurrent.ExecutionException: java.lang.AssertionError    at java.util.concurrent.FutureTask.report(FutureTask.java:122)
    at java.util.concurrent.FutureTask.get(FutureTask.java:192)
    at org.apache.jackrabbit.mk.store.DefaultRevisionStoreTest.putTokenImpl(DefaultRevisionStoreTest.java:221)
    at sun.reflect.NativeMethodAccessorImpl.invoke0(Native Method)
    at sun.reflect.NativeMethodAccessorImpl.invoke(NativeMethodAccessorImpl.java:62)
    at sun.reflect.DelegatingMethodAccessorImpl.invoke(DelegatingMethodAccessorImpl.java:43)
~ testRevisionHistory(org.apache.jackrabbit.mk.store.DefaultRevisionStoreTest)
[expected:<...:childNodeCount":2,"[d":{},"c]":{}},"b":{":childNo...> but was:<...:childNodeCount":2,"[c":{},"d]":{}},"b":{":childNo...>]
org.junit.ComparisonFailure: expected:<...:childNodeCount":2,"[d":{},"c]":{}},"b":{":childNo...> but was:<...:childNodeCount":2,"[c":{},"d]":{}},"b":{":childNo...>    at org.junit.Assert.assertEquals(Assert.java:115)
    at org.junit.Assert.assertEquals(Assert.java:144)
    at org.apache.jackrabbit.mk.store.DefaultRevisionStoreTest.testRevisionHistory(DefaultRevisionStoreTest.java:102)
    at sun.reflect.NativeMethodAccessorImpl.invoke0(Native Method)
    at sun.reflect.NativeMethodAccessorImpl.invoke(NativeMethodAccessorImpl.java:62)
    at sun.reflect.DelegatingMethodAccessorImpl.invoke(DelegatingMethodAccessorImpl.java:43)

SLF4J: Class path contains multiple SLF4J bindings.
SLF4J: Found binding in [jar:file:/home/tdurieux/.m2/repository/org/slf4j/slf4j-nop/1.5.8/slf4j-nop-1.5.8.jar!/org/slf4j/impl/StaticLoggerBinder.class]
SLF4J: Found binding in [jar:file:/home/tdurieux/.m2/repository/ch/qos/logback/logback-classic/1.0.1/logback-classic-1.0.1.jar!/org/slf4j/impl/StaticLoggerBinder.class]
SLF4J: Found binding in [jar:file:/home/tdurieux/.m2/repository/org/slf4j/slf4j-simple/1.6.1/slf4j-simple-1.6.1.jar!/org/slf4j/impl/StaticLoggerBinder.class]
SLF4J: Found binding in [jar:file:/home/tdurieux/defects4j4repair/script/../repair_tools/nopol.jar!/org/slf4j/impl/StaticLoggerBinder.class]
SLF4J: See http://www.slf4j.org/codes.html#multiple_bindings for an explanation.
SLF4J: The requested version 1.5.8 by your slf4j binding is not compatible with [1.6]
SLF4J: See http://www.slf4j.org/codes.html#version_mismatch for further details.
23:09:52.328 [pool-2-thread-1] DEBUG fr.inria.lille.repair.nopol.NoPol - statement #32
23:09:52.328 [pool-2-thread-1] DEBUG fr.inria.lille.repair.nopol.NoPol - Analysing SourceLocation org.apache.jackrabbit.mk.core.MicroKernelImpl:105 which is executed by 5 tests
-1542657598
23:09:52.589 [pool-2-thread-1] DEBUG fr.inria.lille.repair.nopol.NoPol - statement #33
23:09:52.590 [pool-2-thread-1] DEBUG fr.inria.lille.repair.nopol.NoPol - Analysing SourceLocation org.apache.jackrabbit.mk.core.MicroKernelImpl:103 which is executed by 5 tests
-1542657598
23:09:52.877 [pool-2-thread-1] DEBUG fr.inria.lille.repair.nopol.NoPol - looking with class fr.inria.lille.repair.nopol.spoon.smt.ConditionalAdder
SLF4J: Class path contains multiple SLF4J bindings.
SLF4J: Found binding in [jar:file:/home/tdurieux/.m2/repository/org/slf4j/slf4j-nop/1.5.8/slf4j-nop-1.5.8.jar!/org/slf4j/impl/StaticLoggerBinder.class]
SLF4J: Found binding in [jar:file:/home/tdurieux/.m2/repository/ch/qos/logback/logback-classic/1.0.1/logback-classic-1.0.1.jar!/org/slf4j/impl/StaticLoggerBinder.class]
SLF4J: Found binding in [jar:file:/home/tdurieux/.m2/repository/org/slf4j/slf4j-simple/1.6.1/slf4j-simple-1.6.1.jar!/org/slf4j/impl/StaticLoggerBinder.class]
SLF4J: Found binding in [jar:file:/home/tdurieux/defects4j4repair/script/../repair_tools/nopol.jar!/org/slf4j/impl/StaticLoggerBinder.class]
SLF4J: See http://www.slf4j.org/codes.html#multiple_bindings for an explanation.
SLF4J: The requested version 1.5.8 by your slf4j binding is not compatible with [1.6]
SLF4J: See http://www.slf4j.org/codes.html#version_mismatch for further details.
java.util.concurrent.ExecutionException: java.lang.AssertionError
    at java.util.concurrent.FutureTask.report(FutureTask.java:122)
    at java.util.concurrent.FutureTask.get(FutureTask.java:192)
    at org.apache.jackrabbit.mk.store.DefaultRevisionStoreTest.putTokenImpl(DefaultRevisionStoreTest.java:221)
    at sun.reflect.NativeMethodAccessorImpl.invoke0(Native Method)
    at sun.reflect.NativeMethodAccessorImpl.invoke(NativeMethodAccessorImpl.java:62)
    at sun.reflect.DelegatingMethodAccessorImpl.invoke(DelegatingMethodAccessorImpl.java:43)
org.junit.ComparisonFailure: expected:<...:childNodeCount":2,"[d":{},"c]":{}},"b":{":childNo...> but was:<...:childNodeCount":2,"[c":{},"d]":{}},"b":{":childNo...>
    at org.junit.Assert.assertEquals(Assert.java:115)
    at org.junit.Assert.assertEquals(Assert.java:144)
    at org.apache.jackrabbit.mk.store.DefaultRevisionStoreTest.testRevisionHistory(DefaultRevisionStoreTest.java:102)
    at sun.reflect.NativeMethodAccessorImpl.invoke0(Native Method)
    at sun.reflect.NativeMethodAccessorImpl.invoke(NativeMethodAccessorImpl.java:62)
    at sun.reflect.DelegatingMethodAccessorImpl.invoke(DelegatingMethodAccessorImpl.java:43)
java.util.concurrent.ExecutionException: java.lang.AssertionError
    at java.util.concurrent.FutureTask.report(FutureTask.java:122)
    at java.util.concurrent.FutureTask.get(FutureTask.java:192)
    at org.apache.jackrabbit.mk.store.DefaultRevisionStoreTest.putTokenImpl(DefaultRevisionStoreTest.java:221)
    at sun.reflect.NativeMethodAccessorImpl.invoke0(Native Method)
    at sun.reflect.NativeMethodAccessorImpl.invoke(NativeMethodAccessorImpl.java:62)
    at sun.reflect.DelegatingMethodAccessorImpl.invoke(DelegatingMethodAccessorImpl.java:43)
org.junit.ComparisonFailure: expected:<...:childNodeCount":2,"[d":{},"c]":{}},"b":{":childNo...> but was:<...:childNodeCount":2,"[c":{},"d]":{}},"b":{":childNo...>
    at org.junit.Assert.assertEquals(Assert.java:115)
    at org.junit.Assert.assertEquals(Assert.java:144)
    at org.apache.jackrabbit.mk.store.DefaultRevisionStoreTest.testRevisionHistory(DefaultRevisionStoreTest.java:102)
    at sun.reflect.NativeMethodAccessorImpl.invoke0(Native Method)
    at sun.reflect.NativeMethodAccessorImpl.invoke(NativeMethodAccessorImpl.java:62)
    at sun.reflect.DelegatingMethodAccessorImpl.invoke(DelegatingMethodAccessorImpl.java:43)
23:09:54.819 [pool-251-thread-1] INFO  xxl.java.junit.TestCasesListener - Tests run finished (1912 ms)
<> Total tests run: 8
<> Ignored tests: 2
<> Failed tests: 4
~ putTokenImpl(org.apache.jackrabbit.mk.store.DefaultRevisionStoreTest)
[java.lang.AssertionError]
java.util.concurrent.ExecutionException: java.lang.AssertionError    at java.util.concurrent.FutureTask.report(FutureTask.java:122)
    at java.util.concurrent.FutureTask.get(FutureTask.java:192)
    at org.apache.jackrabbit.mk.store.DefaultRevisionStoreTest.putTokenImpl(DefaultRevisionStoreTest.java:221)
    at sun.reflect.NativeMethodAccessorImpl.invoke0(Native Method)
    at sun.reflect.NativeMethodAccessorImpl.invoke(NativeMethodAccessorImpl.java:62)
    at sun.reflect.DelegatingMethodAccessorImpl.invoke(DelegatingMethodAccessorImpl.java:43)
~ testRevisionHistory(org.apache.jackrabbit.mk.store.DefaultRevisionStoreTest)
[expected:<...:childNodeCount":2,"[d":{},"c]":{}},"b":{":childNo...> but was:<...:childNodeCount":2,"[c":{},"d]":{}},"b":{":childNo...>]
org.junit.ComparisonFailure: expected:<...:childNodeCount":2,"[d":{},"c]":{}},"b":{":childNo...> but was:<...:childNodeCount":2,"[c":{},"d]":{}},"b":{":childNo...>    at org.junit.Assert.assertEquals(Assert.java:115)
    at org.junit.Assert.assertEquals(Assert.java:144)
    at org.apache.jackrabbit.mk.store.DefaultRevisionStoreTest.testRevisionHistory(DefaultRevisionStoreTest.java:102)
    at sun.reflect.NativeMethodAccessorImpl.invoke0(Native Method)
    at sun.reflect.NativeMethodAccessorImpl.invoke(NativeMethodAccessorImpl.java:62)
    at sun.reflect.DelegatingMethodAccessorImpl.invoke(DelegatingMethodAccessorImpl.java:43)
~ putTokenImpl(org.apache.jackrabbit.mk.store.DefaultRevisionStoreTest)
[java.lang.AssertionError]
java.util.concurrent.ExecutionException: java.lang.AssertionError    at java.util.concurrent.FutureTask.report(FutureTask.java:122)
    at java.util.concurrent.FutureTask.get(FutureTask.java:192)
    at org.apache.jackrabbit.mk.store.DefaultRevisionStoreTest.putTokenImpl(DefaultRevisionStoreTest.java:221)
    at sun.reflect.NativeMethodAccessorImpl.invoke0(Native Method)
    at sun.reflect.NativeMethodAccessorImpl.invoke(NativeMethodAccessorImpl.java:62)
    at sun.reflect.DelegatingMethodAccessorImpl.invoke(DelegatingMethodAccessorImpl.java:43)
~ testRevisionHistory(org.apache.jackrabbit.mk.store.DefaultRevisionStoreTest)
[expected:<...:childNodeCount":2,"[d":{},"c]":{}},"b":{":childNo...> but was:<...:childNodeCount":2,"[c":{},"d]":{}},"b":{":childNo...>]
org.junit.ComparisonFailure: expected:<...:childNodeCount":2,"[d":{},"c]":{}},"b":{":childNo...> but was:<...:childNodeCount":2,"[c":{},"d]":{}},"b":{":childNo...>    at org.junit.Assert.assertEquals(Assert.java:115)
    at org.junit.Assert.assertEquals(Assert.java:144)
    at org.apache.jackrabbit.mk.store.DefaultRevisionStoreTest.testRevisionHistory(DefaultRevisionStoreTest.java:102)
    at sun.reflect.NativeMethodAccessorImpl.invoke0(Native Method)
    at sun.reflect.NativeMethodAccessorImpl.invoke(NativeMethodAccessorImpl.java:62)
    at sun.reflect.DelegatingMethodAccessorImpl.invoke(DelegatingMethodAccessorImpl.java:43)

SLF4J: Class path contains multiple SLF4J bindings.
SLF4J: Found binding in [jar:file:/home/tdurieux/.m2/repository/org/slf4j/slf4j-nop/1.5.8/slf4j-nop-1.5.8.jar!/org/slf4j/impl/StaticLoggerBinder.class]
SLF4J: Found binding in [jar:file:/home/tdurieux/.m2/repository/ch/qos/logback/logback-classic/1.0.1/logback-classic-1.0.1.jar!/org/slf4j/impl/StaticLoggerBinder.class]
SLF4J: Found binding in [jar:file:/home/tdurieux/.m2/repository/org/slf4j/slf4j-simple/1.6.1/slf4j-simple-1.6.1.jar!/org/slf4j/impl/StaticLoggerBinder.class]
SLF4J: Found binding in [jar:file:/home/tdurieux/defects4j4repair/script/../repair_tools/nopol.jar!/org/slf4j/impl/StaticLoggerBinder.class]
SLF4J: See http://www.slf4j.org/codes.html#multiple_bindings for an explanation.
SLF4J: The requested version 1.5.8 by your slf4j binding is not compatible with [1.6]
SLF4J: See http://www.slf4j.org/codes.html#version_mismatch for further details.
23:09:55.779 [pool-2-thread-1] DEBUG fr.inria.lille.repair.nopol.NoPol - statement #34
23:09:55.780 [pool-2-thread-1] DEBUG fr.inria.lille.repair.nopol.NoPol - Analysing SourceLocation org.apache.jackrabbit.mk.core.MicroKernelImpl:102 which is executed by 5 tests
-1542657598
23:09:56.035 [pool-2-thread-1] DEBUG fr.inria.lille.repair.nopol.NoPol - statement #35
23:09:56.036 [pool-2-thread-1] DEBUG fr.inria.lille.repair.nopol.NoPol - Analysing SourceLocation org.apache.jackrabbit.mk.core.MicroKernelImpl:99 which is executed by 5 tests
-1542657598
23:09:56.304 [pool-2-thread-1] DEBUG fr.inria.lille.repair.nopol.NoPol - looking with class fr.inria.lille.repair.nopol.spoon.smt.ConditionalAdder
SLF4J: Class path contains multiple SLF4J bindings.
SLF4J: Found binding in [jar:file:/home/tdurieux/.m2/repository/org/slf4j/slf4j-nop/1.5.8/slf4j-nop-1.5.8.jar!/org/slf4j/impl/StaticLoggerBinder.class]
SLF4J: Found binding in [jar:file:/home/tdurieux/.m2/repository/ch/qos/logback/logback-classic/1.0.1/logback-classic-1.0.1.jar!/org/slf4j/impl/StaticLoggerBinder.class]
SLF4J: Found binding in [jar:file:/home/tdurieux/.m2/repository/org/slf4j/slf4j-simple/1.6.1/slf4j-simple-1.6.1.jar!/org/slf4j/impl/StaticLoggerBinder.class]
SLF4J: Found binding in [jar:file:/home/tdurieux/defects4j4repair/script/../repair_tools/nopol.jar!/org/slf4j/impl/StaticLoggerBinder.class]
SLF4J: See http://www.slf4j.org/codes.html#multiple_bindings for an explanation.
SLF4J: The requested version 1.5.8 by your slf4j binding is not compatible with [1.6]
SLF4J: See http://www.slf4j.org/codes.html#version_mismatch for further details.
java.util.concurrent.ExecutionException: java.lang.AssertionError
    at java.util.concurrent.FutureTask.report(FutureTask.java:122)
    at java.util.concurrent.FutureTask.get(FutureTask.java:192)
    at org.apache.jackrabbit.mk.store.DefaultRevisionStoreTest.putTokenImpl(DefaultRevisionStoreTest.java:221)
    at sun.reflect.NativeMethodAccessorImpl.invoke0(Native Method)
    at sun.reflect.NativeMethodAccessorImpl.invoke(NativeMethodAccessorImpl.java:62)
    at sun.reflect.DelegatingMethodAccessorImpl.invoke(DelegatingMethodAccessorImpl.java:43)
org.junit.ComparisonFailure: expected:<...:childNodeCount":2,"[d":{},"c]":{}},"b":{":childNo...> but was:<...:childNodeCount":2,"[c":{},"d]":{}},"b":{":childNo...>
    at org.junit.Assert.assertEquals(Assert.java:115)
    at org.junit.Assert.assertEquals(Assert.java:144)
    at org.apache.jackrabbit.mk.store.DefaultRevisionStoreTest.testRevisionHistory(DefaultRevisionStoreTest.java:102)
    at sun.reflect.NativeMethodAccessorImpl.invoke0(Native Method)
    at sun.reflect.NativeMethodAccessorImpl.invoke(NativeMethodAccessorImpl.java:62)
    at sun.reflect.DelegatingMethodAccessorImpl.invoke(DelegatingMethodAccessorImpl.java:43)
java.util.concurrent.ExecutionException: java.lang.AssertionError
    at java.util.concurrent.FutureTask.report(FutureTask.java:122)
    at java.util.concurrent.FutureTask.get(FutureTask.java:192)
    at org.apache.jackrabbit.mk.store.DefaultRevisionStoreTest.putTokenImpl(DefaultRevisionStoreTest.java:221)
    at sun.reflect.NativeMethodAccessorImpl.invoke0(Native Method)
    at sun.reflect.NativeMethodAccessorImpl.invoke(NativeMethodAccessorImpl.java:62)
    at sun.reflect.DelegatingMethodAccessorImpl.invoke(DelegatingMethodAccessorImpl.java:43)
org.junit.ComparisonFailure: expected:<...:childNodeCount":2,"[d":{},"c]":{}},"b":{":childNo...> but was:<...:childNodeCount":2,"[c":{},"d]":{}},"b":{":childNo...>
    at org.junit.Assert.assertEquals(Assert.java:115)
    at org.junit.Assert.assertEquals(Assert.java:144)
    at org.apache.jackrabbit.mk.store.DefaultRevisionStoreTest.testRevisionHistory(DefaultRevisionStoreTest.java:102)
    at sun.reflect.NativeMethodAccessorImpl.invoke0(Native Method)
    at sun.reflect.NativeMethodAccessorImpl.invoke(NativeMethodAccessorImpl.java:62)
    at sun.reflect.DelegatingMethodAccessorImpl.invoke(DelegatingMethodAccessorImpl.java:43)
23:09:58.229 [pool-263-thread-1] INFO  xxl.java.junit.TestCasesListener - Tests run finished (1894 ms)
<> Total tests run: 8
<> Ignored tests: 2
<> Failed tests: 4
~ putTokenImpl(org.apache.jackrabbit.mk.store.DefaultRevisionStoreTest)
[java.lang.AssertionError]
java.util.concurrent.ExecutionException: java.lang.AssertionError    at java.util.concurrent.FutureTask.report(FutureTask.java:122)
    at java.util.concurrent.FutureTask.get(FutureTask.java:192)
    at org.apache.jackrabbit.mk.store.DefaultRevisionStoreTest.putTokenImpl(DefaultRevisionStoreTest.java:221)
    at sun.reflect.NativeMethodAccessorImpl.invoke0(Native Method)
    at sun.reflect.NativeMethodAccessorImpl.invoke(NativeMethodAccessorImpl.java:62)
    at sun.reflect.DelegatingMethodAccessorImpl.invoke(DelegatingMethodAccessorImpl.java:43)
~ testRevisionHistory(org.apache.jackrabbit.mk.store.DefaultRevisionStoreTest)
[expected:<...:childNodeCount":2,"[d":{},"c]":{}},"b":{":childNo...> but was:<...:childNodeCount":2,"[c":{},"d]":{}},"b":{":childNo...>]
org.junit.ComparisonFailure: expected:<...:childNodeCount":2,"[d":{},"c]":{}},"b":{":childNo...> but was:<...:childNodeCount":2,"[c":{},"d]":{}},"b":{":childNo...>    at org.junit.Assert.assertEquals(Assert.java:115)
    at org.junit.Assert.assertEquals(Assert.java:144)
    at org.apache.jackrabbit.mk.store.DefaultRevisionStoreTest.testRevisionHistory(DefaultRevisionStoreTest.java:102)
    at sun.reflect.NativeMethodAccessorImpl.invoke0(Native Method)
    at sun.reflect.NativeMethodAccessorImpl.invoke(NativeMethodAccessorImpl.java:62)
    at sun.reflect.DelegatingMethodAccessorImpl.invoke(DelegatingMethodAccessorImpl.java:43)
~ putTokenImpl(org.apache.jackrabbit.mk.store.DefaultRevisionStoreTest)
[java.lang.AssertionError]
java.util.concurrent.ExecutionException: java.lang.AssertionError    at java.util.concurrent.FutureTask.report(FutureTask.java:122)
    at java.util.concurrent.FutureTask.get(FutureTask.java:192)
    at org.apache.jackrabbit.mk.store.DefaultRevisionStoreTest.putTokenImpl(DefaultRevisionStoreTest.java:221)
    at sun.reflect.NativeMethodAccessorImpl.invoke0(Native Method)
    at sun.reflect.NativeMethodAccessorImpl.invoke(NativeMethodAccessorImpl.java:62)
    at sun.reflect.DelegatingMethodAccessorImpl.invoke(DelegatingMethodAccessorImpl.java:43)
~ testRevisionHistory(org.apache.jackrabbit.mk.store.DefaultRevisionStoreTest)
[expected:<...:childNodeCount":2,"[d":{},"c]":{}},"b":{":childNo...> but was:<...:childNodeCount":2,"[c":{},"d]":{}},"b":{":childNo...>]
org.junit.ComparisonFailure: expected:<...:childNodeCount":2,"[d":{},"c]":{}},"b":{":childNo...> but was:<...:childNodeCount":2,"[c":{},"d]":{}},"b":{":childNo...>    at org.junit.Assert.assertEquals(Assert.java:115)
    at org.junit.Assert.assertEquals(Assert.java:144)
    at org.apache.jackrabbit.mk.store.DefaultRevisionStoreTest.testRevisionHistory(DefaultRevisionStoreTest.java:102)
    at sun.reflect.NativeMethodAccessorImpl.invoke0(Native Method)
    at sun.reflect.NativeMethodAccessorImpl.invoke(NativeMethodAccessorImpl.java:62)
    at sun.reflect.DelegatingMethodAccessorImpl.invoke(DelegatingMethodAccessorImpl.java:43)

SLF4J: Class path contains multiple SLF4J bindings.
SLF4J: Found binding in [jar:file:/home/tdurieux/.m2/repository/org/slf4j/slf4j-nop/1.5.8/slf4j-nop-1.5.8.jar!/org/slf4j/impl/StaticLoggerBinder.class]
SLF4J: Found binding in [jar:file:/home/tdurieux/.m2/repository/ch/qos/logback/logback-classic/1.0.1/logback-classic-1.0.1.jar!/org/slf4j/impl/StaticLoggerBinder.class]
SLF4J: Found binding in [jar:file:/home/tdurieux/.m2/repository/org/slf4j/slf4j-simple/1.6.1/slf4j-simple-1.6.1.jar!/org/slf4j/impl/StaticLoggerBinder.class]
SLF4J: Found binding in [jar:file:/home/tdurieux/defects4j4repair/script/../repair_tools/nopol.jar!/org/slf4j/impl/StaticLoggerBinder.class]
SLF4J: See http://www.slf4j.org/codes.html#multiple_bindings for an explanation.
SLF4J: The requested version 1.5.8 by your slf4j binding is not compatible with [1.6]
SLF4J: See http://www.slf4j.org/codes.html#version_mismatch for further details.
23:09:58.873 [pool-2-thread-1] DEBUG fr.inria.lille.repair.nopol.NoPol - statement #36
23:09:58.873 [pool-2-thread-1] DEBUG fr.inria.lille.repair.nopol.NoPol - Analysing SourceLocation org.apache.jackrabbit.mk.core.MicroKernelImpl:97 which is executed by 5 tests
-1542657598
23:09:59.128 [pool-2-thread-1] DEBUG fr.inria.lille.repair.nopol.NoPol - looking with class fr.inria.lille.repair.nopol.spoon.smt.ConditionalAdder
SLF4J: Class path contains multiple SLF4J bindings.
SLF4J: Found binding in [jar:file:/home/tdurieux/.m2/repository/org/slf4j/slf4j-nop/1.5.8/slf4j-nop-1.5.8.jar!/org/slf4j/impl/StaticLoggerBinder.class]
SLF4J: Found binding in [jar:file:/home/tdurieux/.m2/repository/ch/qos/logback/logback-classic/1.0.1/logback-classic-1.0.1.jar!/org/slf4j/impl/StaticLoggerBinder.class]
SLF4J: Found binding in [jar:file:/home/tdurieux/.m2/repository/org/slf4j/slf4j-simple/1.6.1/slf4j-simple-1.6.1.jar!/org/slf4j/impl/StaticLoggerBinder.class]
SLF4J: Found binding in [jar:file:/home/tdurieux/defects4j4repair/script/../repair_tools/nopol.jar!/org/slf4j/impl/StaticLoggerBinder.class]
SLF4J: See http://www.slf4j.org/codes.html#multiple_bindings for an explanation.
SLF4J: The requested version 1.5.8 by your slf4j binding is not compatible with [1.6]
SLF4J: See http://www.slf4j.org/codes.html#version_mismatch for further details.
java.util.concurrent.ExecutionException: java.lang.AssertionError
    at java.util.concurrent.FutureTask.report(FutureTask.java:122)
    at java.util.concurrent.FutureTask.get(FutureTask.java:192)
    at org.apache.jackrabbit.mk.store.DefaultRevisionStoreTest.putTokenImpl(DefaultRevisionStoreTest.java:221)
    at sun.reflect.NativeMethodAccessorImpl.invoke0(Native Method)
    at sun.reflect.NativeMethodAccessorImpl.invoke(NativeMethodAccessorImpl.java:62)
    at sun.reflect.DelegatingMethodAccessorImpl.invoke(DelegatingMethodAccessorImpl.java:43)
org.junit.ComparisonFailure: expected:<...:childNodeCount":2,"[d":{},"c]":{}},"b":{":childNo...> but was:<...:childNodeCount":2,"[c":{},"d]":{}},"b":{":childNo...>
    at org.junit.Assert.assertEquals(Assert.java:115)
    at org.junit.Assert.assertEquals(Assert.java:144)
    at org.apache.jackrabbit.mk.store.DefaultRevisionStoreTest.testRevisionHistory(DefaultRevisionStoreTest.java:102)
    at sun.reflect.NativeMethodAccessorImpl.invoke0(Native Method)
    at sun.reflect.NativeMethodAccessorImpl.invoke(NativeMethodAccessorImpl.java:62)
    at sun.reflect.DelegatingMethodAccessorImpl.invoke(DelegatingMethodAccessorImpl.java:43)
java.util.concurrent.ExecutionException: java.lang.AssertionError
    at java.util.concurrent.FutureTask.report(FutureTask.java:122)
    at java.util.concurrent.FutureTask.get(FutureTask.java:192)
    at org.apache.jackrabbit.mk.store.DefaultRevisionStoreTest.putTokenImpl(DefaultRevisionStoreTest.java:221)
    at sun.reflect.NativeMethodAccessorImpl.invoke0(Native Method)
    at sun.reflect.NativeMethodAccessorImpl.invoke(NativeMethodAccessorImpl.java:62)
    at sun.reflect.DelegatingMethodAccessorImpl.invoke(DelegatingMethodAccessorImpl.java:43)
org.junit.ComparisonFailure: expected:<...:childNodeCount":2,"[d":{},"c]":{}},"b":{":childNo...> but was:<...:childNodeCount":2,"[c":{},"d]":{}},"b":{":childNo...>
    at org.junit.Assert.assertEquals(Assert.java:115)
    at org.junit.Assert.assertEquals(Assert.java:144)
    at org.apache.jackrabbit.mk.store.DefaultRevisionStoreTest.testRevisionHistory(DefaultRevisionStoreTest.java:102)
    at sun.reflect.NativeMethodAccessorImpl.invoke0(Native Method)
    at sun.reflect.NativeMethodAccessorImpl.invoke(NativeMethodAccessorImpl.java:62)
    at sun.reflect.DelegatingMethodAccessorImpl.invoke(DelegatingMethodAccessorImpl.java:43)
23:10:01.025 [pool-275-thread-1] INFO  xxl.java.junit.TestCasesListener - Tests run finished (1865 ms)
<> Total tests run: 8
<> Ignored tests: 2
<> Failed tests: 4
~ putTokenImpl(org.apache.jackrabbit.mk.store.DefaultRevisionStoreTest)
[java.lang.AssertionError]
java.util.concurrent.ExecutionException: java.lang.AssertionError    at java.util.concurrent.FutureTask.report(FutureTask.java:122)
    at java.util.concurrent.FutureTask.get(FutureTask.java:192)
    at org.apache.jackrabbit.mk.store.DefaultRevisionStoreTest.putTokenImpl(DefaultRevisionStoreTest.java:221)
    at sun.reflect.NativeMethodAccessorImpl.invoke0(Native Method)
    at sun.reflect.NativeMethodAccessorImpl.invoke(NativeMethodAccessorImpl.java:62)
    at sun.reflect.DelegatingMethodAccessorImpl.invoke(DelegatingMethodAccessorImpl.java:43)
~ testRevisionHistory(org.apache.jackrabbit.mk.store.DefaultRevisionStoreTest)
[expected:<...:childNodeCount":2,"[d":{},"c]":{}},"b":{":childNo...> but was:<...:childNodeCount":2,"[c":{},"d]":{}},"b":{":childNo...>]
org.junit.ComparisonFailure: expected:<...:childNodeCount":2,"[d":{},"c]":{}},"b":{":childNo...> but was:<...:childNodeCount":2,"[c":{},"d]":{}},"b":{":childNo...>    at org.junit.Assert.assertEquals(Assert.java:115)
    at org.junit.Assert.assertEquals(Assert.java:144)
    at org.apache.jackrabbit.mk.store.DefaultRevisionStoreTest.testRevisionHistory(DefaultRevisionStoreTest.java:102)
    at sun.reflect.NativeMethodAccessorImpl.invoke0(Native Method)
    at sun.reflect.NativeMethodAccessorImpl.invoke(NativeMethodAccessorImpl.java:62)
    at sun.reflect.DelegatingMethodAccessorImpl.invoke(DelegatingMethodAccessorImpl.java:43)
~ putTokenImpl(org.apache.jackrabbit.mk.store.DefaultRevisionStoreTest)
[java.lang.AssertionError]
java.util.concurrent.ExecutionException: java.lang.AssertionError    at java.util.concurrent.FutureTask.report(FutureTask.java:122)
    at java.util.concurrent.FutureTask.get(FutureTask.java:192)
    at org.apache.jackrabbit.mk.store.DefaultRevisionStoreTest.putTokenImpl(DefaultRevisionStoreTest.java:221)
    at sun.reflect.NativeMethodAccessorImpl.invoke0(Native Method)
    at sun.reflect.NativeMethodAccessorImpl.invoke(NativeMethodAccessorImpl.java:62)
    at sun.reflect.DelegatingMethodAccessorImpl.invoke(DelegatingMethodAccessorImpl.java:43)
~ testRevisionHistory(org.apache.jackrabbit.mk.store.DefaultRevisionStoreTest)
[expected:<...:childNodeCount":2,"[d":{},"c]":{}},"b":{":childNo...> but was:<...:childNodeCount":2,"[c":{},"d]":{}},"b":{":childNo...>]
org.junit.ComparisonFailure: expected:<...:childNodeCount":2,"[d":{},"c]":{}},"b":{":childNo...> but was:<...:childNodeCount":2,"[c":{},"d]":{}},"b":{":childNo...>    at org.junit.Assert.assertEquals(Assert.java:115)
    at org.junit.Assert.assertEquals(Assert.java:144)
    at org.apache.jackrabbit.mk.store.DefaultRevisionStoreTest.testRevisionHistory(DefaultRevisionStoreTest.java:102)
    at sun.reflect.NativeMethodAccessorImpl.invoke0(Native Method)
    at sun.reflect.NativeMethodAccessorImpl.invoke(NativeMethodAccessorImpl.java:62)
    at sun.reflect.DelegatingMethodAccessorImpl.invoke(DelegatingMethodAccessorImpl.java:43)

SLF4J: Class path contains multiple SLF4J bindings.
SLF4J: Found binding in [jar:file:/home/tdurieux/.m2/repository/org/slf4j/slf4j-nop/1.5.8/slf4j-nop-1.5.8.jar!/org/slf4j/impl/StaticLoggerBinder.class]
SLF4J: Found binding in [jar:file:/home/tdurieux/.m2/repository/ch/qos/logback/logback-classic/1.0.1/logback-classic-1.0.1.jar!/org/slf4j/impl/StaticLoggerBinder.class]
SLF4J: Found binding in [jar:file:/home/tdurieux/.m2/repository/org/slf4j/slf4j-simple/1.6.1/slf4j-simple-1.6.1.jar!/org/slf4j/impl/StaticLoggerBinder.class]
SLF4J: Found binding in [jar:file:/home/tdurieux/defects4j4repair/script/../repair_tools/nopol.jar!/org/slf4j/impl/StaticLoggerBinder.class]
SLF4J: See http://www.slf4j.org/codes.html#multiple_bindings for an explanation.
SLF4J: The requested version 1.5.8 by your slf4j binding is not compatible with [1.6]
SLF4J: See http://www.slf4j.org/codes.html#version_mismatch for further details.
23:10:01.744 [pool-2-thread-1] DEBUG fr.inria.lille.repair.nopol.NoPol - looking with class fr.inria.lille.repair.nopol.spoon.smt.ConditionalReplacer
SLF4J: Class path contains multiple SLF4J bindings.
SLF4J: Found binding in [jar:file:/home/tdurieux/.m2/repository/org/slf4j/slf4j-nop/1.5.8/slf4j-nop-1.5.8.jar!/org/slf4j/impl/StaticLoggerBinder.class]
SLF4J: Found binding in [jar:file:/home/tdurieux/.m2/repository/ch/qos/logback/logback-classic/1.0.1/logback-classic-1.0.1.jar!/org/slf4j/impl/StaticLoggerBinder.class]
SLF4J: Found binding in [jar:file:/home/tdurieux/.m2/repository/org/slf4j/slf4j-simple/1.6.1/slf4j-simple-1.6.1.jar!/org/slf4j/impl/StaticLoggerBinder.class]
SLF4J: Found binding in [jar:file:/home/tdurieux/defects4j4repair/script/../repair_tools/nopol.jar!/org/slf4j/impl/StaticLoggerBinder.class]
SLF4J: See http://www.slf4j.org/codes.html#multiple_bindings for an explanation.
SLF4J: The requested version 1.5.8 by your slf4j binding is not compatible with [1.6]
SLF4J: See http://www.slf4j.org/codes.html#version_mismatch for further details.
java.util.concurrent.ExecutionException: java.lang.AssertionError
    at java.util.concurrent.FutureTask.report(FutureTask.java:122)
    at java.util.concurrent.FutureTask.get(FutureTask.java:192)
    at org.apache.jackrabbit.mk.store.DefaultRevisionStoreTest.putTokenImpl(DefaultRevisionStoreTest.java:221)
    at sun.reflect.NativeMethodAccessorImpl.invoke0(Native Method)
    at sun.reflect.NativeMethodAccessorImpl.invoke(NativeMethodAccessorImpl.java:62)
    at sun.reflect.DelegatingMethodAccessorImpl.invoke(DelegatingMethodAccessorImpl.java:43)
org.junit.ComparisonFailure: expected:<...:childNodeCount":2,"[d":{},"c]":{}},"b":{":childNo...> but was:<...:childNodeCount":2,"[c":{},"d]":{}},"b":{":childNo...>
    at org.junit.Assert.assertEquals(Assert.java:115)
    at org.junit.Assert.assertEquals(Assert.java:144)
    at org.apache.jackrabbit.mk.store.DefaultRevisionStoreTest.testRevisionHistory(DefaultRevisionStoreTest.java:102)
    at sun.reflect.NativeMethodAccessorImpl.invoke0(Native Method)
    at sun.reflect.NativeMethodAccessorImpl.invoke(NativeMethodAccessorImpl.java:62)
    at sun.reflect.DelegatingMethodAccessorImpl.invoke(DelegatingMethodAccessorImpl.java:43)
java.util.concurrent.ExecutionException: java.lang.AssertionError
    at java.util.concurrent.FutureTask.report(FutureTask.java:122)
    at java.util.concurrent.FutureTask.get(FutureTask.java:192)
    at org.apache.jackrabbit.mk.store.DefaultRevisionStoreTest.putTokenImpl(DefaultRevisionStoreTest.java:221)
    at sun.reflect.NativeMethodAccessorImpl.invoke0(Native Method)
    at sun.reflect.NativeMethodAccessorImpl.invoke(NativeMethodAccessorImpl.java:62)
    at sun.reflect.DelegatingMethodAccessorImpl.invoke(DelegatingMethodAccessorImpl.java:43)
org.junit.ComparisonFailure: expected:<...:childNodeCount":2,"[d":{},"c]":{}},"b":{":childNo...> but was:<...:childNodeCount":2,"[c":{},"d]":{}},"b":{":childNo...>
    at org.junit.Assert.assertEquals(Assert.java:115)
    at org.junit.Assert.assertEquals(Assert.java:144)
    at org.apache.jackrabbit.mk.store.DefaultRevisionStoreTest.testRevisionHistory(DefaultRevisionStoreTest.java:102)
    at sun.reflect.NativeMethodAccessorImpl.invoke0(Native Method)
    at sun.reflect.NativeMethodAccessorImpl.invoke(NativeMethodAccessorImpl.java:62)
    at sun.reflect.DelegatingMethodAccessorImpl.invoke(DelegatingMethodAccessorImpl.java:43)
23:10:03.695 [pool-287-thread-1] INFO  xxl.java.junit.TestCasesListener - Tests run finished (1911 ms)
<> Total tests run: 8
<> Ignored tests: 2
<> Failed tests: 4
~ putTokenImpl(org.apache.jackrabbit.mk.store.DefaultRevisionStoreTest)
[java.lang.AssertionError]
java.util.concurrent.ExecutionException: java.lang.AssertionError    at java.util.concurrent.FutureTask.report(FutureTask.java:122)
    at java.util.concurrent.FutureTask.get(FutureTask.java:192)
    at org.apache.jackrabbit.mk.store.DefaultRevisionStoreTest.putTokenImpl(DefaultRevisionStoreTest.java:221)
    at sun.reflect.NativeMethodAccessorImpl.invoke0(Native Method)
    at sun.reflect.NativeMethodAccessorImpl.invoke(NativeMethodAccessorImpl.java:62)
    at sun.reflect.DelegatingMethodAccessorImpl.invoke(DelegatingMethodAccessorImpl.java:43)
~ testRevisionHistory(org.apache.jackrabbit.mk.store.DefaultRevisionStoreTest)
[expected:<...:childNodeCount":2,"[d":{},"c]":{}},"b":{":childNo...> but was:<...:childNodeCount":2,"[c":{},"d]":{}},"b":{":childNo...>]
org.junit.ComparisonFailure: expected:<...:childNodeCount":2,"[d":{},"c]":{}},"b":{":childNo...> but was:<...:childNodeCount":2,"[c":{},"d]":{}},"b":{":childNo...>    at org.junit.Assert.assertEquals(Assert.java:115)
    at org.junit.Assert.assertEquals(Assert.java:144)
    at org.apache.jackrabbit.mk.store.DefaultRevisionStoreTest.testRevisionHistory(DefaultRevisionStoreTest.java:102)
    at sun.reflect.NativeMethodAccessorImpl.invoke0(Native Method)
    at sun.reflect.NativeMethodAccessorImpl.invoke(NativeMethodAccessorImpl.java:62)
    at sun.reflect.DelegatingMethodAccessorImpl.invoke(DelegatingMethodAccessorImpl.java:43)
~ putTokenImpl(org.apache.jackrabbit.mk.store.DefaultRevisionStoreTest)
[java.lang.AssertionError]
java.util.concurrent.ExecutionException: java.lang.AssertionError    at java.util.concurrent.FutureTask.report(FutureTask.java:122)
    at java.util.concurrent.FutureTask.get(FutureTask.java:192)
    at org.apache.jackrabbit.mk.store.DefaultRevisionStoreTest.putTokenImpl(DefaultRevisionStoreTest.java:221)
    at sun.reflect.NativeMethodAccessorImpl.invoke0(Native Method)
    at sun.reflect.NativeMethodAccessorImpl.invoke(NativeMethodAccessorImpl.java:62)
    at sun.reflect.DelegatingMethodAccessorImpl.invoke(DelegatingMethodAccessorImpl.java:43)
~ testRevisionHistory(org.apache.jackrabbit.mk.store.DefaultRevisionStoreTest)
[expected:<...:childNodeCount":2,"[d":{},"c]":{}},"b":{":childNo...> but was:<...:childNodeCount":2,"[c":{},"d]":{}},"b":{":childNo...>]
org.junit.ComparisonFailure: expected:<...:childNodeCount":2,"[d":{},"c]":{}},"b":{":childNo...> but was:<...:childNodeCount":2,"[c":{},"d]":{}},"b":{":childNo...>    at org.junit.Assert.assertEquals(Assert.java:115)
    at org.junit.Assert.assertEquals(Assert.java:144)
    at org.apache.jackrabbit.mk.store.DefaultRevisionStoreTest.testRevisionHistory(DefaultRevisionStoreTest.java:102)
    at sun.reflect.NativeMethodAccessorImpl.invoke0(Native Method)
    at sun.reflect.NativeMethodAccessorImpl.invoke(NativeMethodAccessorImpl.java:62)
    at sun.reflect.DelegatingMethodAccessorImpl.invoke(DelegatingMethodAccessorImpl.java:43)

SLF4J: Class path contains multiple SLF4J bindings.
SLF4J: Found binding in [jar:file:/home/tdurieux/.m2/repository/org/slf4j/slf4j-nop/1.5.8/slf4j-nop-1.5.8.jar!/org/slf4j/impl/StaticLoggerBinder.class]
SLF4J: Found binding in [jar:file:/home/tdurieux/.m2/repository/ch/qos/logback/logback-classic/1.0.1/logback-classic-1.0.1.jar!/org/slf4j/impl/StaticLoggerBinder.class]
SLF4J: Found binding in [jar:file:/home/tdurieux/.m2/repository/org/slf4j/slf4j-simple/1.6.1/slf4j-simple-1.6.1.jar!/org/slf4j/impl/StaticLoggerBinder.class]
SLF4J: Found binding in [jar:file:/home/tdurieux/defects4j4repair/script/../repair_tools/nopol.jar!/org/slf4j/impl/StaticLoggerBinder.class]
SLF4J: See http://www.slf4j.org/codes.html#multiple_bindings for an explanation.
SLF4J: The requested version 1.5.8 by your slf4j binding is not compatible with [1.6]
SLF4J: See http://www.slf4j.org/codes.html#version_mismatch for further details.
23:10:04.358 [pool-2-thread-1] DEBUG fr.inria.lille.repair.nopol.NoPol - statement #37
23:10:04.359 [pool-2-thread-1] DEBUG fr.inria.lille.repair.nopol.NoPol - Analysing SourceLocation org.apache.jackrabbit.mk.core.MicroKernelImpl:96 which is executed by 5 tests
-1542657598
23:10:04.615 [pool-2-thread-1] DEBUG fr.inria.lille.repair.nopol.NoPol - looking with class fr.inria.lille.repair.nopol.spoon.smt.ConditionalAdder
SLF4J: Class path contains multiple SLF4J bindings.
SLF4J: Found binding in [jar:file:/home/tdurieux/.m2/repository/org/slf4j/slf4j-nop/1.5.8/slf4j-nop-1.5.8.jar!/org/slf4j/impl/StaticLoggerBinder.class]
SLF4J: Found binding in [jar:file:/home/tdurieux/.m2/repository/ch/qos/logback/logback-classic/1.0.1/logback-classic-1.0.1.jar!/org/slf4j/impl/StaticLoggerBinder.class]
SLF4J: Found binding in [jar:file:/home/tdurieux/.m2/repository/org/slf4j/slf4j-simple/1.6.1/slf4j-simple-1.6.1.jar!/org/slf4j/impl/StaticLoggerBinder.class]
SLF4J: Found binding in [jar:file:/home/tdurieux/defects4j4repair/script/../repair_tools/nopol.jar!/org/slf4j/impl/StaticLoggerBinder.class]
SLF4J: See http://www.slf4j.org/codes.html#multiple_bindings for an explanation.
SLF4J: The requested version 1.5.8 by your slf4j binding is not compatible with [1.6]
SLF4J: See http://www.slf4j.org/codes.html#version_mismatch for further details.
java.util.concurrent.ExecutionException: java.lang.AssertionError
    at java.util.concurrent.FutureTask.report(FutureTask.java:122)
    at java.util.concurrent.FutureTask.get(FutureTask.java:192)
    at org.apache.jackrabbit.mk.store.DefaultRevisionStoreTest.putTokenImpl(DefaultRevisionStoreTest.java:221)
    at sun.reflect.NativeMethodAccessorImpl.invoke0(Native Method)
    at sun.reflect.NativeMethodAccessorImpl.invoke(NativeMethodAccessorImpl.java:62)
    at sun.reflect.DelegatingMethodAccessorImpl.invoke(DelegatingMethodAccessorImpl.java:43)
org.junit.ComparisonFailure: expected:<...:childNodeCount":2,"[d":{},"c]":{}},"b":{":childNo...> but was:<...:childNodeCount":2,"[c":{},"d]":{}},"b":{":childNo...>
    at org.junit.Assert.assertEquals(Assert.java:115)
    at org.junit.Assert.assertEquals(Assert.java:144)
    at org.apache.jackrabbit.mk.store.DefaultRevisionStoreTest.testRevisionHistory(DefaultRevisionStoreTest.java:102)
    at sun.reflect.NativeMethodAccessorImpl.invoke0(Native Method)
    at sun.reflect.NativeMethodAccessorImpl.invoke(NativeMethodAccessorImpl.java:62)
    at sun.reflect.DelegatingMethodAccessorImpl.invoke(DelegatingMethodAccessorImpl.java:43)
java.util.concurrent.ExecutionException: java.lang.AssertionError
    at java.util.concurrent.FutureTask.report(FutureTask.java:122)
    at java.util.concurrent.FutureTask.get(FutureTask.java:192)
    at org.apache.jackrabbit.mk.store.DefaultRevisionStoreTest.putTokenImpl(DefaultRevisionStoreTest.java:221)
    at sun.reflect.NativeMethodAccessorImpl.invoke0(Native Method)
    at sun.reflect.NativeMethodAccessorImpl.invoke(NativeMethodAccessorImpl.java:62)
    at sun.reflect.DelegatingMethodAccessorImpl.invoke(DelegatingMethodAccessorImpl.java:43)
org.junit.ComparisonFailure: expected:<...:childNodeCount":2,"[d":{},"c]":{}},"b":{":childNo...> but was:<...:childNodeCount":2,"[c":{},"d]":{}},"b":{":childNo...>
    at org.junit.Assert.assertEquals(Assert.java:115)
    at org.junit.Assert.assertEquals(Assert.java:144)
    at org.apache.jackrabbit.mk.store.DefaultRevisionStoreTest.testRevisionHistory(DefaultRevisionStoreTest.java:102)
    at sun.reflect.NativeMethodAccessorImpl.invoke0(Native Method)
    at sun.reflect.NativeMethodAccessorImpl.invoke(NativeMethodAccessorImpl.java:62)
    at sun.reflect.DelegatingMethodAccessorImpl.invoke(DelegatingMethodAccessorImpl.java:43)
23:10:06.506 [pool-299-thread-1] INFO  xxl.java.junit.TestCasesListener - Tests run finished (1856 ms)
<> Total tests run: 8
<> Ignored tests: 2
<> Failed tests: 4
~ putTokenImpl(org.apache.jackrabbit.mk.store.DefaultRevisionStoreTest)
[java.lang.AssertionError]
java.util.concurrent.ExecutionException: java.lang.AssertionError    at java.util.concurrent.FutureTask.report(FutureTask.java:122)
    at java.util.concurrent.FutureTask.get(FutureTask.java:192)
    at org.apache.jackrabbit.mk.store.DefaultRevisionStoreTest.putTokenImpl(DefaultRevisionStoreTest.java:221)
    at sun.reflect.NativeMethodAccessorImpl.invoke0(Native Method)
    at sun.reflect.NativeMethodAccessorImpl.invoke(NativeMethodAccessorImpl.java:62)
    at sun.reflect.DelegatingMethodAccessorImpl.invoke(DelegatingMethodAccessorImpl.java:43)
~ testRevisionHistory(org.apache.jackrabbit.mk.store.DefaultRevisionStoreTest)
[expected:<...:childNodeCount":2,"[d":{},"c]":{}},"b":{":childNo...> but was:<...:childNodeCount":2,"[c":{},"d]":{}},"b":{":childNo...>]
org.junit.ComparisonFailure: expected:<...:childNodeCount":2,"[d":{},"c]":{}},"b":{":childNo...> but was:<...:childNodeCount":2,"[c":{},"d]":{}},"b":{":childNo...>    at org.junit.Assert.assertEquals(Assert.java:115)
    at org.junit.Assert.assertEquals(Assert.java:144)
    at org.apache.jackrabbit.mk.store.DefaultRevisionStoreTest.testRevisionHistory(DefaultRevisionStoreTest.java:102)
    at sun.reflect.NativeMethodAccessorImpl.invoke0(Native Method)
    at sun.reflect.NativeMethodAccessorImpl.invoke(NativeMethodAccessorImpl.java:62)
    at sun.reflect.DelegatingMethodAccessorImpl.invoke(DelegatingMethodAccessorImpl.java:43)
~ putTokenImpl(org.apache.jackrabbit.mk.store.DefaultRevisionStoreTest)
[java.lang.AssertionError]
java.util.concurrent.ExecutionException: java.lang.AssertionError    at java.util.concurrent.FutureTask.report(FutureTask.java:122)
    at java.util.concurrent.FutureTask.get(FutureTask.java:192)
    at org.apache.jackrabbit.mk.store.DefaultRevisionStoreTest.putTokenImpl(DefaultRevisionStoreTest.java:221)
    at sun.reflect.NativeMethodAccessorImpl.invoke0(Native Method)
    at sun.reflect.NativeMethodAccessorImpl.invoke(NativeMethodAccessorImpl.java:62)
    at sun.reflect.DelegatingMethodAccessorImpl.invoke(DelegatingMethodAccessorImpl.java:43)
~ testRevisionHistory(org.apache.jackrabbit.mk.store.DefaultRevisionStoreTest)
[expected:<...:childNodeCount":2,"[d":{},"c]":{}},"b":{":childNo...> but was:<...:childNodeCount":2,"[c":{},"d]":{}},"b":{":childNo...>]
org.junit.ComparisonFailure: expected:<...:childNodeCount":2,"[d":{},"c]":{}},"b":{":childNo...> but was:<...:childNodeCount":2,"[c":{},"d]":{}},"b":{":childNo...>    at org.junit.Assert.assertEquals(Assert.java:115)
    at org.junit.Assert.assertEquals(Assert.java:144)
    at org.apache.jackrabbit.mk.store.DefaultRevisionStoreTest.testRevisionHistory(DefaultRevisionStoreTest.java:102)
    at sun.reflect.NativeMethodAccessorImpl.invoke0(Native Method)
    at sun.reflect.NativeMethodAccessorImpl.invoke(NativeMethodAccessorImpl.java:62)
    at sun.reflect.DelegatingMethodAccessorImpl.invoke(DelegatingMethodAccessorImpl.java:43)

SLF4J: Class path contains multiple SLF4J bindings.
SLF4J: Found binding in [jar:file:/home/tdurieux/.m2/repository/org/slf4j/slf4j-nop/1.5.8/slf4j-nop-1.5.8.jar!/org/slf4j/impl/StaticLoggerBinder.class]
SLF4J: Found binding in [jar:file:/home/tdurieux/.m2/repository/ch/qos/logback/logback-classic/1.0.1/logback-classic-1.0.1.jar!/org/slf4j/impl/StaticLoggerBinder.class]
SLF4J: Found binding in [jar:file:/home/tdurieux/.m2/repository/org/slf4j/slf4j-simple/1.6.1/slf4j-simple-1.6.1.jar!/org/slf4j/impl/StaticLoggerBinder.class]
SLF4J: Found binding in [jar:file:/home/tdurieux/defects4j4repair/script/../repair_tools/nopol.jar!/org/slf4j/impl/StaticLoggerBinder.class]
SLF4J: See http://www.slf4j.org/codes.html#multiple_bindings for an explanation.
SLF4J: The requested version 1.5.8 by your slf4j binding is not compatible with [1.6]
SLF4J: See http://www.slf4j.org/codes.html#version_mismatch for further details.
23:10:07.196 [pool-2-thread-1] DEBUG fr.inria.lille.repair.nopol.NoPol - statement #38
23:10:07.196 [pool-2-thread-1] DEBUG fr.inria.lille.repair.nopol.NoPol - Analysing SourceLocation org.apache.jackrabbit.mk.store.DefaultRevisionStore$2:178 which is executed by 5 tests
258965798
23:10:07.638 [pool-2-thread-1] DEBUG fr.inria.lille.repair.nopol.NoPol - statement #39
23:10:07.638 [pool-2-thread-1] DEBUG fr.inria.lille.repair.nopol.NoPol - Analysing SourceLocation org.apache.jackrabbit.mk.core.Repository:122 which is executed by 5 tests
-350701717
23:10:07.875 [pool-2-thread-1] DEBUG fr.inria.lille.repair.nopol.NoPol - statement #40
23:10:07.876 [pool-2-thread-1] DEBUG fr.inria.lille.repair.nopol.NoPol - Analysing SourceLocation org.apache.jackrabbit.mk.core.Repository:121 which is executed by 5 tests
-350701717
23:10:08.113 [pool-2-thread-1] DEBUG fr.inria.lille.repair.nopol.NoPol - looking with class fr.inria.lille.repair.nopol.spoon.smt.ConditionalAdder
SLF4J: Class path contains multiple SLF4J bindings.
SLF4J: Found binding in [jar:file:/home/tdurieux/.m2/repository/org/slf4j/slf4j-nop/1.5.8/slf4j-nop-1.5.8.jar!/org/slf4j/impl/StaticLoggerBinder.class]
SLF4J: Found binding in [jar:file:/home/tdurieux/.m2/repository/ch/qos/logback/logback-classic/1.0.1/logback-classic-1.0.1.jar!/org/slf4j/impl/StaticLoggerBinder.class]
SLF4J: Found binding in [jar:file:/home/tdurieux/.m2/repository/org/slf4j/slf4j-simple/1.6.1/slf4j-simple-1.6.1.jar!/org/slf4j/impl/StaticLoggerBinder.class]
SLF4J: Found binding in [jar:file:/home/tdurieux/defects4j4repair/script/../repair_tools/nopol.jar!/org/slf4j/impl/StaticLoggerBinder.class]
SLF4J: See http://www.slf4j.org/codes.html#multiple_bindings for an explanation.
SLF4J: The requested version 1.5.8 by your slf4j binding is not compatible with [1.6]
SLF4J: See http://www.slf4j.org/codes.html#version_mismatch for further details.
java.util.concurrent.ExecutionException: java.lang.AssertionError
    at java.util.concurrent.FutureTask.report(FutureTask.java:122)
    at java.util.concurrent.FutureTask.get(FutureTask.java:192)
    at org.apache.jackrabbit.mk.store.DefaultRevisionStoreTest.putTokenImpl(DefaultRevisionStoreTest.java:221)
    at sun.reflect.NativeMethodAccessorImpl.invoke0(Native Method)
    at sun.reflect.NativeMethodAccessorImpl.invoke(NativeMethodAccessorImpl.java:62)
    at sun.reflect.DelegatingMethodAccessorImpl.invoke(DelegatingMethodAccessorImpl.java:43)
org.junit.ComparisonFailure: expected:<...:childNodeCount":2,"[d":{},"c]":{}},"b":{":childNo...> but was:<...:childNodeCount":2,"[c":{},"d]":{}},"b":{":childNo...>
    at org.junit.Assert.assertEquals(Assert.java:115)
    at org.junit.Assert.assertEquals(Assert.java:144)
    at org.apache.jackrabbit.mk.store.DefaultRevisionStoreTest.testRevisionHistory(DefaultRevisionStoreTest.java:102)
    at sun.reflect.NativeMethodAccessorImpl.invoke0(Native Method)
    at sun.reflect.NativeMethodAccessorImpl.invoke(NativeMethodAccessorImpl.java:62)
    at sun.reflect.DelegatingMethodAccessorImpl.invoke(DelegatingMethodAccessorImpl.java:43)
java.util.concurrent.ExecutionException: java.lang.AssertionError
    at java.util.concurrent.FutureTask.report(FutureTask.java:122)
    at java.util.concurrent.FutureTask.get(FutureTask.java:192)
    at org.apache.jackrabbit.mk.store.DefaultRevisionStoreTest.putTokenImpl(DefaultRevisionStoreTest.java:221)
    at sun.reflect.NativeMethodAccessorImpl.invoke0(Native Method)
    at sun.reflect.NativeMethodAccessorImpl.invoke(NativeMethodAccessorImpl.java:62)
    at sun.reflect.DelegatingMethodAccessorImpl.invoke(DelegatingMethodAccessorImpl.java:43)
org.junit.ComparisonFailure: expected:<...:childNodeCount":2,"[d":{},"c]":{}},"b":{":childNo...> but was:<...:childNodeCount":2,"[c":{},"d]":{}},"b":{":childNo...>
    at org.junit.Assert.assertEquals(Assert.java:115)
    at org.junit.Assert.assertEquals(Assert.java:144)
    at org.apache.jackrabbit.mk.store.DefaultRevisionStoreTest.testRevisionHistory(DefaultRevisionStoreTest.java:102)
    at sun.reflect.NativeMethodAccessorImpl.invoke0(Native Method)
    at sun.reflect.NativeMethodAccessorImpl.invoke(NativeMethodAccessorImpl.java:62)
    at sun.reflect.DelegatingMethodAccessorImpl.invoke(DelegatingMethodAccessorImpl.java:43)
23:10:10.134 [pool-311-thread-1] INFO  xxl.java.junit.TestCasesListener - Tests run finished (1866 ms)
<> Total tests run: 8
<> Ignored tests: 2
<> Failed tests: 4
~ putTokenImpl(org.apache.jackrabbit.mk.store.DefaultRevisionStoreTest)
[java.lang.AssertionError]
java.util.concurrent.ExecutionException: java.lang.AssertionError    at java.util.concurrent.FutureTask.report(FutureTask.java:122)
    at java.util.concurrent.FutureTask.get(FutureTask.java:192)
    at org.apache.jackrabbit.mk.store.DefaultRevisionStoreTest.putTokenImpl(DefaultRevisionStoreTest.java:221)
    at sun.reflect.NativeMethodAccessorImpl.invoke0(Native Method)
    at sun.reflect.NativeMethodAccessorImpl.invoke(NativeMethodAccessorImpl.java:62)
    at sun.reflect.DelegatingMethodAccessorImpl.invoke(DelegatingMethodAccessorImpl.java:43)
~ testRevisionHistory(org.apache.jackrabbit.mk.store.DefaultRevisionStoreTest)
[expected:<...:childNodeCount":2,"[d":{},"c]":{}},"b":{":childNo...> but was:<...:childNodeCount":2,"[c":{},"d]":{}},"b":{":childNo...>]
org.junit.ComparisonFailure: expected:<...:childNodeCount":2,"[d":{},"c]":{}},"b":{":childNo...> but was:<...:childNodeCount":2,"[c":{},"d]":{}},"b":{":childNo...>    at org.junit.Assert.assertEquals(Assert.java:115)
    at org.junit.Assert.assertEquals(Assert.java:144)
    at org.apache.jackrabbit.mk.store.DefaultRevisionStoreTest.testRevisionHistory(DefaultRevisionStoreTest.java:102)
    at sun.reflect.NativeMethodAccessorImpl.invoke0(Native Method)
    at sun.reflect.NativeMethodAccessorImpl.invoke(NativeMethodAccessorImpl.java:62)
    at sun.reflect.DelegatingMethodAccessorImpl.invoke(DelegatingMethodAccessorImpl.java:43)
~ putTokenImpl(org.apache.jackrabbit.mk.store.DefaultRevisionStoreTest)
[java.lang.AssertionError]
java.util.concurrent.ExecutionException: java.lang.AssertionError    at java.util.concurrent.FutureTask.report(FutureTask.java:122)
    at java.util.concurrent.FutureTask.get(FutureTask.java:192)
    at org.apache.jackrabbit.mk.store.DefaultRevisionStoreTest.putTokenImpl(DefaultRevisionStoreTest.java:221)
    at sun.reflect.NativeMethodAccessorImpl.invoke0(Native Method)
    at sun.reflect.NativeMethodAccessorImpl.invoke(NativeMethodAccessorImpl.java:62)
    at sun.reflect.DelegatingMethodAccessorImpl.invoke(DelegatingMethodAccessorImpl.java:43)
~ testRevisionHistory(org.apache.jackrabbit.mk.store.DefaultRevisionStoreTest)
[expected:<...:childNodeCount":2,"[d":{},"c]":{}},"b":{":childNo...> but was:<...:childNodeCount":2,"[c":{},"d]":{}},"b":{":childNo...>]
org.junit.ComparisonFailure: expected:<...:childNodeCount":2,"[d":{},"c]":{}},"b":{":childNo...> but was:<...:childNodeCount":2,"[c":{},"d]":{}},"b":{":childNo...>    at org.junit.Assert.assertEquals(Assert.java:115)
    at org.junit.Assert.assertEquals(Assert.java:144)
    at org.apache.jackrabbit.mk.store.DefaultRevisionStoreTest.testRevisionHistory(DefaultRevisionStoreTest.java:102)
    at sun.reflect.NativeMethodAccessorImpl.invoke0(Native Method)
    at sun.reflect.NativeMethodAccessorImpl.invoke(NativeMethodAccessorImpl.java:62)
    at sun.reflect.DelegatingMethodAccessorImpl.invoke(DelegatingMethodAccessorImpl.java:43)

SLF4J: Class path contains multiple SLF4J bindings.
SLF4J: Found binding in [jar:file:/home/tdurieux/.m2/repository/org/slf4j/slf4j-nop/1.5.8/slf4j-nop-1.5.8.jar!/org/slf4j/impl/StaticLoggerBinder.class]
SLF4J: Found binding in [jar:file:/home/tdurieux/.m2/repository/ch/qos/logback/logback-classic/1.0.1/logback-classic-1.0.1.jar!/org/slf4j/impl/StaticLoggerBinder.class]
SLF4J: Found binding in [jar:file:/home/tdurieux/.m2/repository/org/slf4j/slf4j-simple/1.6.1/slf4j-simple-1.6.1.jar!/org/slf4j/impl/StaticLoggerBinder.class]
SLF4J: Found binding in [jar:file:/home/tdurieux/defects4j4repair/script/../repair_tools/nopol.jar!/org/slf4j/impl/StaticLoggerBinder.class]
SLF4J: See http://www.slf4j.org/codes.html#multiple_bindings for an explanation.
SLF4J: The requested version 1.5.8 by your slf4j binding is not compatible with [1.6]
SLF4J: See http://www.slf4j.org/codes.html#version_mismatch for further details.
23:10:10.926 [pool-2-thread-1] DEBUG fr.inria.lille.repair.nopol.NoPol - statement #41
23:10:10.926 [pool-2-thread-1] DEBUG fr.inria.lille.repair.nopol.NoPol - Analysing SourceLocation org.apache.jackrabbit.mk.core.Repository:119 which is executed by 5 tests
-350701717
23:10:11.164 [pool-2-thread-1] DEBUG fr.inria.lille.repair.nopol.NoPol - looking with class fr.inria.lille.repair.nopol.spoon.smt.ConditionalAdder
SLF4J: Class path contains multiple SLF4J bindings.
SLF4J: Found binding in [jar:file:/home/tdurieux/.m2/repository/org/slf4j/slf4j-nop/1.5.8/slf4j-nop-1.5.8.jar!/org/slf4j/impl/StaticLoggerBinder.class]
SLF4J: Found binding in [jar:file:/home/tdurieux/.m2/repository/ch/qos/logback/logback-classic/1.0.1/logback-classic-1.0.1.jar!/org/slf4j/impl/StaticLoggerBinder.class]
SLF4J: Found binding in [jar:file:/home/tdurieux/.m2/repository/org/slf4j/slf4j-simple/1.6.1/slf4j-simple-1.6.1.jar!/org/slf4j/impl/StaticLoggerBinder.class]
SLF4J: Found binding in [jar:file:/home/tdurieux/defects4j4repair/script/../repair_tools/nopol.jar!/org/slf4j/impl/StaticLoggerBinder.class]
SLF4J: See http://www.slf4j.org/codes.html#multiple_bindings for an explanation.
SLF4J: The requested version 1.5.8 by your slf4j binding is not compatible with [1.6]
SLF4J: See http://www.slf4j.org/codes.html#version_mismatch for further details.
java.util.concurrent.ExecutionException: java.lang.AssertionError
    at java.util.concurrent.FutureTask.report(FutureTask.java:122)
    at java.util.concurrent.FutureTask.get(FutureTask.java:192)
    at org.apache.jackrabbit.mk.store.DefaultRevisionStoreTest.putTokenImpl(DefaultRevisionStoreTest.java:221)
    at sun.reflect.NativeMethodAccessorImpl.invoke0(Native Method)
    at sun.reflect.NativeMethodAccessorImpl.invoke(NativeMethodAccessorImpl.java:62)
    at sun.reflect.DelegatingMethodAccessorImpl.invoke(DelegatingMethodAccessorImpl.java:43)
org.junit.ComparisonFailure: expected:<...:childNodeCount":2,"[d":{},"c]":{}},"b":{":childNo...> but was:<...:childNodeCount":2,"[c":{},"d]":{}},"b":{":childNo...>
    at org.junit.Assert.assertEquals(Assert.java:115)
    at org.junit.Assert.assertEquals(Assert.java:144)
    at org.apache.jackrabbit.mk.store.DefaultRevisionStoreTest.testRevisionHistory(DefaultRevisionStoreTest.java:102)
    at sun.reflect.NativeMethodAccessorImpl.invoke0(Native Method)
    at sun.reflect.NativeMethodAccessorImpl.invoke(NativeMethodAccessorImpl.java:62)
    at sun.reflect.DelegatingMethodAccessorImpl.invoke(DelegatingMethodAccessorImpl.java:43)
java.util.concurrent.ExecutionException: java.lang.AssertionError
    at java.util.concurrent.FutureTask.report(FutureTask.java:122)
    at java.util.concurrent.FutureTask.get(FutureTask.java:192)
    at org.apache.jackrabbit.mk.store.DefaultRevisionStoreTest.putTokenImpl(DefaultRevisionStoreTest.java:221)
    at sun.reflect.NativeMethodAccessorImpl.invoke0(Native Method)
    at sun.reflect.NativeMethodAccessorImpl.invoke(NativeMethodAccessorImpl.java:62)
    at sun.reflect.DelegatingMethodAccessorImpl.invoke(DelegatingMethodAccessorImpl.java:43)
org.junit.ComparisonFailure: expected:<...:childNodeCount":2,"[d":{},"c]":{}},"b":{":childNo...> but was:<...:childNodeCount":2,"[c":{},"d]":{}},"b":{":childNo...>
    at org.junit.Assert.assertEquals(Assert.java:115)
    at org.junit.Assert.assertEquals(Assert.java:144)
    at org.apache.jackrabbit.mk.store.DefaultRevisionStoreTest.testRevisionHistory(DefaultRevisionStoreTest.java:102)
    at sun.reflect.NativeMethodAccessorImpl.invoke0(Native Method)
    at sun.reflect.NativeMethodAccessorImpl.invoke(NativeMethodAccessorImpl.java:62)
    at sun.reflect.DelegatingMethodAccessorImpl.invoke(DelegatingMethodAccessorImpl.java:43)
23:10:13.091 [pool-323-thread-1] INFO  xxl.java.junit.TestCasesListener - Tests run finished (1894 ms)
<> Total tests run: 8
<> Ignored tests: 2
<> Failed tests: 4
~ putTokenImpl(org.apache.jackrabbit.mk.store.DefaultRevisionStoreTest)
[java.lang.AssertionError]
java.util.concurrent.ExecutionException: java.lang.AssertionError    at java.util.concurrent.FutureTask.report(FutureTask.java:122)
    at java.util.concurrent.FutureTask.get(FutureTask.java:192)
    at org.apache.jackrabbit.mk.store.DefaultRevisionStoreTest.putTokenImpl(DefaultRevisionStoreTest.java:221)
    at sun.reflect.NativeMethodAccessorImpl.invoke0(Native Method)
    at sun.reflect.NativeMethodAccessorImpl.invoke(NativeMethodAccessorImpl.java:62)
    at sun.reflect.DelegatingMethodAccessorImpl.invoke(DelegatingMethodAccessorImpl.java:43)
~ testRevisionHistory(org.apache.jackrabbit.mk.store.DefaultRevisionStoreTest)
[expected:<...:childNodeCount":2,"[d":{},"c]":{}},"b":{":childNo...> but was:<...:childNodeCount":2,"[c":{},"d]":{}},"b":{":childNo...>]
org.junit.ComparisonFailure: expected:<...:childNodeCount":2,"[d":{},"c]":{}},"b":{":childNo...> but was:<...:childNodeCount":2,"[c":{},"d]":{}},"b":{":childNo...>    at org.junit.Assert.assertEquals(Assert.java:115)
    at org.junit.Assert.assertEquals(Assert.java:144)
    at org.apache.jackrabbit.mk.store.DefaultRevisionStoreTest.testRevisionHistory(DefaultRevisionStoreTest.java:102)
    at sun.reflect.NativeMethodAccessorImpl.invoke0(Native Method)
    at sun.reflect.NativeMethodAccessorImpl.invoke(NativeMethodAccessorImpl.java:62)
    at sun.reflect.DelegatingMethodAccessorImpl.invoke(DelegatingMethodAccessorImpl.java:43)
~ putTokenImpl(org.apache.jackrabbit.mk.store.DefaultRevisionStoreTest)
[java.lang.AssertionError]
java.util.concurrent.ExecutionException: java.lang.AssertionError    at java.util.concurrent.FutureTask.report(FutureTask.java:122)
    at java.util.concurrent.FutureTask.get(FutureTask.java:192)
    at org.apache.jackrabbit.mk.store.DefaultRevisionStoreTest.putTokenImpl(DefaultRevisionStoreTest.java:221)
    at sun.reflect.NativeMethodAccessorImpl.invoke0(Native Method)
    at sun.reflect.NativeMethodAccessorImpl.invoke(NativeMethodAccessorImpl.java:62)
    at sun.reflect.DelegatingMethodAccessorImpl.invoke(DelegatingMethodAccessorImpl.java:43)
~ testRevisionHistory(org.apache.jackrabbit.mk.store.DefaultRevisionStoreTest)
[expected:<...:childNodeCount":2,"[d":{},"c]":{}},"b":{":childNo...> but was:<...:childNodeCount":2,"[c":{},"d]":{}},"b":{":childNo...>]
org.junit.ComparisonFailure: expected:<...:childNodeCount":2,"[d":{},"c]":{}},"b":{":childNo...> but was:<...:childNodeCount":2,"[c":{},"d]":{}},"b":{":childNo...>    at org.junit.Assert.assertEquals(Assert.java:115)
    at org.junit.Assert.assertEquals(Assert.java:144)
    at org.apache.jackrabbit.mk.store.DefaultRevisionStoreTest.testRevisionHistory(DefaultRevisionStoreTest.java:102)
    at sun.reflect.NativeMethodAccessorImpl.invoke0(Native Method)
    at sun.reflect.NativeMethodAccessorImpl.invoke(NativeMethodAccessorImpl.java:62)
    at sun.reflect.DelegatingMethodAccessorImpl.invoke(DelegatingMethodAccessorImpl.java:43)

SLF4J: Class path contains multiple SLF4J bindings.
SLF4J: Found binding in [jar:file:/home/tdurieux/.m2/repository/org/slf4j/slf4j-nop/1.5.8/slf4j-nop-1.5.8.jar!/org/slf4j/impl/StaticLoggerBinder.class]
SLF4J: Found binding in [jar:file:/home/tdurieux/.m2/repository/ch/qos/logback/logback-classic/1.0.1/logback-classic-1.0.1.jar!/org/slf4j/impl/StaticLoggerBinder.class]
SLF4J: Found binding in [jar:file:/home/tdurieux/.m2/repository/org/slf4j/slf4j-simple/1.6.1/slf4j-simple-1.6.1.jar!/org/slf4j/impl/StaticLoggerBinder.class]
SLF4J: Found binding in [jar:file:/home/tdurieux/defects4j4repair/script/../repair_tools/nopol.jar!/org/slf4j/impl/StaticLoggerBinder.class]
SLF4J: See http://www.slf4j.org/codes.html#multiple_bindings for an explanation.
SLF4J: The requested version 1.5.8 by your slf4j binding is not compatible with [1.6]
SLF4J: See http://www.slf4j.org/codes.html#version_mismatch for further details.
23:10:13.671 [pool-2-thread-1] DEBUG fr.inria.lille.repair.nopol.NoPol - statement #42
23:10:13.671 [pool-2-thread-1] DEBUG fr.inria.lille.repair.nopol.NoPol - Analysing SourceLocation org.apache.jackrabbit.mk.core.Repository:118 which is executed by 5 tests
-350701717
23:10:13.912 [pool-2-thread-1] DEBUG fr.inria.lille.repair.nopol.NoPol - looking with class fr.inria.lille.repair.nopol.spoon.smt.ConditionalAdder
SLF4J: Class path contains multiple SLF4J bindings.
SLF4J: Found binding in [jar:file:/home/tdurieux/.m2/repository/org/slf4j/slf4j-nop/1.5.8/slf4j-nop-1.5.8.jar!/org/slf4j/impl/StaticLoggerBinder.class]
SLF4J: Found binding in [jar:file:/home/tdurieux/.m2/repository/ch/qos/logback/logback-classic/1.0.1/logback-classic-1.0.1.jar!/org/slf4j/impl/StaticLoggerBinder.class]
SLF4J: Found binding in [jar:file:/home/tdurieux/.m2/repository/org/slf4j/slf4j-simple/1.6.1/slf4j-simple-1.6.1.jar!/org/slf4j/impl/StaticLoggerBinder.class]
SLF4J: Found binding in [jar:file:/home/tdurieux/defects4j4repair/script/../repair_tools/nopol.jar!/org/slf4j/impl/StaticLoggerBinder.class]
SLF4J: See http://www.slf4j.org/codes.html#multiple_bindings for an explanation.
SLF4J: The requested version 1.5.8 by your slf4j binding is not compatible with [1.6]
SLF4J: See http://www.slf4j.org/codes.html#version_mismatch for further details.
java.util.concurrent.ExecutionException: java.lang.AssertionError
    at java.util.concurrent.FutureTask.report(FutureTask.java:122)
    at java.util.concurrent.FutureTask.get(FutureTask.java:192)
    at org.apache.jackrabbit.mk.store.DefaultRevisionStoreTest.putTokenImpl(DefaultRevisionStoreTest.java:221)
    at sun.reflect.NativeMethodAccessorImpl.invoke0(Native Method)
    at sun.reflect.NativeMethodAccessorImpl.invoke(NativeMethodAccessorImpl.java:62)
    at sun.reflect.DelegatingMethodAccessorImpl.invoke(DelegatingMethodAccessorImpl.java:43)
org.junit.ComparisonFailure: expected:<...:childNodeCount":2,"[d":{},"c]":{}},"b":{":childNo...> but was:<...:childNodeCount":2,"[c":{},"d]":{}},"b":{":childNo...>
    at org.junit.Assert.assertEquals(Assert.java:115)
    at org.junit.Assert.assertEquals(Assert.java:144)
    at org.apache.jackrabbit.mk.store.DefaultRevisionStoreTest.testRevisionHistory(DefaultRevisionStoreTest.java:102)
    at sun.reflect.NativeMethodAccessorImpl.invoke0(Native Method)
    at sun.reflect.NativeMethodAccessorImpl.invoke(NativeMethodAccessorImpl.java:62)
    at sun.reflect.DelegatingMethodAccessorImpl.invoke(DelegatingMethodAccessorImpl.java:43)
java.util.concurrent.ExecutionException: java.lang.AssertionError
    at java.util.concurrent.FutureTask.report(FutureTask.java:122)
    at java.util.concurrent.FutureTask.get(FutureTask.java:192)
    at org.apache.jackrabbit.mk.store.DefaultRevisionStoreTest.putTokenImpl(DefaultRevisionStoreTest.java:221)
    at sun.reflect.NativeMethodAccessorImpl.invoke0(Native Method)
    at sun.reflect.NativeMethodAccessorImpl.invoke(NativeMethodAccessorImpl.java:62)
    at sun.reflect.DelegatingMethodAccessorImpl.invoke(DelegatingMethodAccessorImpl.java:43)
org.junit.ComparisonFailure: expected:<...:childNodeCount":2,"[d":{},"c]":{}},"b":{":childNo...> but was:<...:childNodeCount":2,"[c":{},"d]":{}},"b":{":childNo...>
    at org.junit.Assert.assertEquals(Assert.java:115)
    at org.junit.Assert.assertEquals(Assert.java:144)
    at org.apache.jackrabbit.mk.store.DefaultRevisionStoreTest.testRevisionHistory(DefaultRevisionStoreTest.java:102)
    at sun.reflect.NativeMethodAccessorImpl.invoke0(Native Method)
    at sun.reflect.NativeMethodAccessorImpl.invoke(NativeMethodAccessorImpl.java:62)
    at sun.reflect.DelegatingMethodAccessorImpl.invoke(DelegatingMethodAccessorImpl.java:43)
23:10:15.820 [pool-335-thread-1] INFO  xxl.java.junit.TestCasesListener - Tests run finished (1875 ms)
<> Total tests run: 8
<> Ignored tests: 2
<> Failed tests: 4
~ putTokenImpl(org.apache.jackrabbit.mk.store.DefaultRevisionStoreTest)
[java.lang.AssertionError]
java.util.concurrent.ExecutionException: java.lang.AssertionError    at java.util.concurrent.FutureTask.report(FutureTask.java:122)
    at java.util.concurrent.FutureTask.get(FutureTask.java:192)
    at org.apache.jackrabbit.mk.store.DefaultRevisionStoreTest.putTokenImpl(DefaultRevisionStoreTest.java:221)
    at sun.reflect.NativeMethodAccessorImpl.invoke0(Native Method)
    at sun.reflect.NativeMethodAccessorImpl.invoke(NativeMethodAccessorImpl.java:62)
    at sun.reflect.DelegatingMethodAccessorImpl.invoke(DelegatingMethodAccessorImpl.java:43)
~ testRevisionHistory(org.apache.jackrabbit.mk.store.DefaultRevisionStoreTest)
[expected:<...:childNodeCount":2,"[d":{},"c]":{}},"b":{":childNo...> but was:<...:childNodeCount":2,"[c":{},"d]":{}},"b":{":childNo...>]
org.junit.ComparisonFailure: expected:<...:childNodeCount":2,"[d":{},"c]":{}},"b":{":childNo...> but was:<...:childNodeCount":2,"[c":{},"d]":{}},"b":{":childNo...>    at org.junit.Assert.assertEquals(Assert.java:115)
    at org.junit.Assert.assertEquals(Assert.java:144)
    at org.apache.jackrabbit.mk.store.DefaultRevisionStoreTest.testRevisionHistory(DefaultRevisionStoreTest.java:102)
    at sun.reflect.NativeMethodAccessorImpl.invoke0(Native Method)
    at sun.reflect.NativeMethodAccessorImpl.invoke(NativeMethodAccessorImpl.java:62)
    at sun.reflect.DelegatingMethodAccessorImpl.invoke(DelegatingMethodAccessorImpl.java:43)
~ putTokenImpl(org.apache.jackrabbit.mk.store.DefaultRevisionStoreTest)
[java.lang.AssertionError]
java.util.concurrent.ExecutionException: java.lang.AssertionError    at java.util.concurrent.FutureTask.report(FutureTask.java:122)
    at java.util.concurrent.FutureTask.get(FutureTask.java:192)
    at org.apache.jackrabbit.mk.store.DefaultRevisionStoreTest.putTokenImpl(DefaultRevisionStoreTest.java:221)
    at sun.reflect.NativeMethodAccessorImpl.invoke0(Native Method)
    at sun.reflect.NativeMethodAccessorImpl.invoke(NativeMethodAccessorImpl.java:62)
    at sun.reflect.DelegatingMethodAccessorImpl.invoke(DelegatingMethodAccessorImpl.java:43)
~ testRevisionHistory(org.apache.jackrabbit.mk.store.DefaultRevisionStoreTest)
[expected:<...:childNodeCount":2,"[d":{},"c]":{}},"b":{":childNo...> but was:<...:childNodeCount":2,"[c":{},"d]":{}},"b":{":childNo...>]
org.junit.ComparisonFailure: expected:<...:childNodeCount":2,"[d":{},"c]":{}},"b":{":childNo...> but was:<...:childNodeCount":2,"[c":{},"d]":{}},"b":{":childNo...>    at org.junit.Assert.assertEquals(Assert.java:115)
    at org.junit.Assert.assertEquals(Assert.java:144)
    at org.apache.jackrabbit.mk.store.DefaultRevisionStoreTest.testRevisionHistory(DefaultRevisionStoreTest.java:102)
    at sun.reflect.NativeMethodAccessorImpl.invoke0(Native Method)
    at sun.reflect.NativeMethodAccessorImpl.invoke(NativeMethodAccessorImpl.java:62)
    at sun.reflect.DelegatingMethodAccessorImpl.invoke(DelegatingMethodAccessorImpl.java:43)

SLF4J: Class path contains multiple SLF4J bindings.
SLF4J: Found binding in [jar:file:/home/tdurieux/.m2/repository/org/slf4j/slf4j-nop/1.5.8/slf4j-nop-1.5.8.jar!/org/slf4j/impl/StaticLoggerBinder.class]
SLF4J: Found binding in [jar:file:/home/tdurieux/.m2/repository/ch/qos/logback/logback-classic/1.0.1/logback-classic-1.0.1.jar!/org/slf4j/impl/StaticLoggerBinder.class]
SLF4J: Found binding in [jar:file:/home/tdurieux/.m2/repository/org/slf4j/slf4j-simple/1.6.1/slf4j-simple-1.6.1.jar!/org/slf4j/impl/StaticLoggerBinder.class]
SLF4J: Found binding in [jar:file:/home/tdurieux/defects4j4repair/script/../repair_tools/nopol.jar!/org/slf4j/impl/StaticLoggerBinder.class]
SLF4J: See http://www.slf4j.org/codes.html#multiple_bindings for an explanation.
SLF4J: The requested version 1.5.8 by your slf4j binding is not compatible with [1.6]
SLF4J: See http://www.slf4j.org/codes.html#version_mismatch for further details.
23:10:16.325 [pool-2-thread-1] ERROR fr.inria.lille.repair.nopol.NoPol - Error ExecutionException java.util.concurrent.ExecutionException: java.lang.OutOfMemoryError: unable to create new native thread
23:10:16.325 [pool-2-thread-1] DEBUG fr.inria.lille.repair.nopol.NoPol - looking with class fr.inria.lille.repair.nopol.spoon.smt.ConditionalReplacer
java.util.concurrent.ExecutionException: java.lang.OutOfMemoryError: unable to create new native thread
	at java.util.concurrent.FutureTask.report(FutureTask.java:122)
	at java.util.concurrent.FutureTask.get(FutureTask.java:206)
	at fr.inria.lille.repair.Main.main(Main.java:106)
Caused by: java.lang.OutOfMemoryError: unable to create new native thread
	at java.lang.Thread.start0(Native Method)
	at java.lang.Thread.start(Thread.java:717)
	at java.util.concurrent.ThreadPoolExecutor.addWorker(ThreadPoolExecutor.java:957)
	at java.util.concurrent.ThreadPoolExecutor.execute(ThreadPoolExecutor.java:1367)
	at java.util.concurrent.AbstractExecutorService.submit(AbstractExecutorService.java:134)
	at java.util.concurrent.Executors$DelegatedExecutorService.submit(Executors.java:681)
	at fr.inria.lille.repair.nopol.NoPol.executeNopolProcessor(NoPol.java:256)
	at fr.inria.lille.repair.nopol.NoPol.runOnStatement(NoPol.java:242)
	at fr.inria.lille.repair.nopol.NoPol.solveWithMultipleBuild(NoPol.java:213)
	at fr.inria.lille.repair.nopol.NoPol.build(NoPol.java:154)
	at fr.inria.lille.repair.Main$1.call(Main.java:101)
	at java.util.concurrent.FutureTask.run(FutureTask.java:266)
	at java.util.concurrent.ThreadPoolExecutor.runWorker(ThreadPoolExecutor.java:1149)
	at java.util.concurrent.ThreadPoolExecutor$Worker.run(ThreadPoolExecutor.java:624)
	at java.lang.Thread.run(Thread.java:748)

Usage: java -jar nopol.jar
                          [(-m|--mode) <repair|ranking>] (-e|--type) <condition|precondition|pre_then_cond|loop|arithmetic> [(-o|--oracle) <angelic|symbolic>] [(-y|--synthesis) <smt|dynamoth>] [(-l|--solver) <z3|cvc4>] [(-p|--solver-path) <solverPath>] (-s|--source) source1:source2:...:sourceN  (-c|--classpath) <classpath> [(-t|--test) test1:test2:...:testN ] [--complianceLevel <complianceLevel>] [--maxTime <maxTime>] [--maxTimeType <maxTimeType>] [(-z|--flocal) < cocospoon|dumb|gzoltar>] [--output <outputFolder>] [--json[:<outputJson>]]

  [(-m|--mode) <repair|ranking>]
        Define the mode of execution. (default: repair)

  (-e|--type) <condition|precondition|pre_then_cond|loop|arithmetic>
        The repair type (example fixing only conditions, or adding
        precondition). REQUIRED OPTION (default: condition)

  [(-o|--oracle) <angelic|symbolic>]
        Define the oracle (only used with repair mode). (default: angelic)

  [(-y|--synthesis) <smt|dynamoth>]
        Define the patch synthesis. (default: smt)

  [(-l|--solver) <z3|cvc4>]
        Define the solver (only used with smt synthesis). (default: z3)

  [(-p|--solver-path) <solverPath>]
        Define the solver binary path (only used with smt synthesis).

  (-s|--source) source1:source2:...:sourceN 
        Define the path to the source code of the project.

  (-c|--classpath) <classpath>
        Define the classpath of the project.

  [(-t|--test) test1:test2:...:testN ]
        Define the tests of the project (both failing and passing),
        fully-qualified, separated with ':' (even if the classpath contains
        other tests, only those are considered.

  [--complianceLevel <complianceLevel>]
        The compliance level of the project. (default: 7)

  [--maxTime <maxTime>]
        The maximum time execution in minute for the whole execution of
        Nopol.(default: 10)

  [--maxTimeType <maxTimeType>]
        The maximum time execution in minute for one type of patch. (default: 5)

  [(-z|--flocal) < cocospoon|dumb|gzoltar>]
        Define the fault localizer to be used. (default: gzoltar)

  [--output <outputFolder>]
        Define the location where the patches will be saved. (default: .)

  [--json[:<outputJson>]]
        Output a json file in the current working directory.

Command exited with non-zero status 255
171.24user 15.59system 1:52.03elapsed 166%CPU (0avgtext+0avgdata 2766384maxresident)k
39600inputs+33096outputs (3major+1139490minor)pagefaults 0swaps


Node: granduc-15.luxembourg.grid5000.fr



Date: Sun Dec 30 23:10:17 EST 2018

