cd /tmp/Nopol_QuixBugs_KHEAPSORT_;
export JAVA_TOOL_OPTIONS="-Dfile.encoding=UTF8 -Duser.language=en-US -Duser.country=US -Duser.language=en";
TZ="America/New_York"; export TZ;
export PATH="/usr/lib/jvm/java-1.8.0-openjdk-amd64/bin/:$PATH";
export JAVA_HOME="/usr/lib/jvm/java-1.8.0-openjdk-amd64/bin/";
time java -Xmx4g -Xms1g -cp /home/tdurieux/defects4j4repair/script/../repair_tools/nopol.jar:/usr/lib/jvm/java-1.8.0-openjdk-amd64/bin//../lib/tools.jar fr.inria.lille.repair.Main \
	--mode repair \
	--type pre_then_cond \
	--oracle angelic \
	--synthesis smt \
	--flocal gzoltar \
	--json \
	--solver z3 \
	--solver-path /home/tdurieux/defects4j4repair/script/../libs/z3/build/z3 \
	--complianceLevel 8 \
	--source src/main/java \
	--classpath "target/classes:target/test-classes:/home/tdurieux/.m2/repository/junit/junit/4.11/junit-4.11.jar:/home/tdurieux/.m2/repository/org/hamcrest/hamcrest-core/1.3/hamcrest-core-1.3.jar:/home/tdurieux/defects4j4repair/script/../repair_tools/nopol.jar";
	echo "\n\nNode: `hostname`\n";
	echo "\n\nDate: `date`\n";
Picked up JAVA_TOOL_OPTIONS: -Dfile.encoding=UTF8 -Duser.language=en-US -Duser.country=US -Duser.language=en
14:43:26.740 [main] INFO  fr.inria.lille.repair.nopol.NoPol - Source files: [src/main/java]
14:43:26.743 [main] INFO  fr.inria.lille.repair.nopol.NoPol - Classpath: [file:/tmp/Nopol_QuixBugs_KHEAPSORT_/target/classes/, file:/tmp/Nopol_QuixBugs_KHEAPSORT_/target/test-classes/, file:/home/tdurieux/.m2/repository/junit/junit/4.11/junit-4.11.jar, file:/home/tdurieux/.m2/repository/org/hamcrest/hamcrest-core/1.3/hamcrest-core-1.3.jar, file:/home/tdurieux/defects4j4repair/script/../repair_tools/nopol.jar]
14:43:26.743 [main] INFO  fr.inria.lille.repair.nopol.NoPol - Statement type: PRE_THEN_COND
14:43:26.743 [main] INFO  fr.inria.lille.repair.nopol.NoPol - Args: [java_testcases.junit.KHEAPSORT_Test]
14:43:26.744 [main] INFO  fr.inria.lille.repair.nopol.NoPol - Config: Config{synthesisDepth=3, collectStaticMethods=true, collectStaticFields=false, collectLiterals=false, onlyOneSynthesisResult=true, sortExpressions=true, maxLineInvocationPerTest=250, timeoutMethodInvocation=2000, dataCollectionTimeoutInSecondForSynthesis=900, addWeight=0.19478, subWeight=0.04554, mulWeight=0.0102, divWeight=0.00613, andWeight=0.10597, orWeight=0.05708, eqWeight=0.22798, nEqWeight=0.0, lessEqWeight=0.0255, lessWeight=0.0947, methodCallWeight=0.1, fieldAccessWeight=0.08099, constantWeight=0.14232, variableWeight=0.05195, mode=REPAIR, type=PRE_THEN_COND, synthesis=SMT, oracle=ANGELIC, solver=Z3, solverPath='/home/tdurieux/defects4j4repair/script/../libs/z3/build/z3', projectSources=[src/main/java], projectClasspath='[Ljava.net.URL;@66d33a', projectTests=[java_testcases.junit.KHEAPSORT_Test], complianceLevel=8, outputFolder=., json=true}
14:43:26.745 [main] INFO  fr.inria.lille.repair.nopol.NoPol - Available processors (cores): 32
14:43:26.749 [main] INFO  fr.inria.lille.repair.nopol.NoPol - Free memory: 940 MB
14:43:26.749 [main] INFO  fr.inria.lille.repair.nopol.NoPol - Maximum memory: 3 GB
14:43:26.750 [main] INFO  fr.inria.lille.repair.nopol.NoPol - Total memory available to JVM: 981 MB
14:43:26.750 [main] INFO  fr.inria.lille.repair.nopol.NoPol - Java version: 1.8.0_181
14:43:26.751 [main] INFO  fr.inria.lille.repair.nopol.NoPol - JAVA_HOME: /usr/lib/jvm/java-1.8.0-openjdk-amd64/bin/
14:43:26.751 [main] INFO  fr.inria.lille.repair.nopol.NoPol - PATH: /usr/lib/jvm/java-1.8.0-openjdk-amd64/bin/:/usr/lib/oar/oardodo:/usr/lib/oar/oardodo:/usr/local/bin:/usr/bin:/bin:/usr/games
14:43:28.968 [pool-2-thread-1] DEBUG fr.inria.lille.repair.nopol.NoPol - statement #1
14:43:28.968 [pool-2-thread-1] DEBUG fr.inria.lille.repair.nopol.NoPol - Analysing SourceLocation java_programs.KHEAPSORT:34 which is executed by 3 tests
1558733526
14:43:29.134 [pool-2-thread-1] DEBUG fr.inria.lille.repair.nopol.NoPol - looking with class fr.inria.lille.repair.nopol.spoon.smt.ConditionalAdder
org.junit.ComparisonFailure: expected:<[[1,2],3,4,5]> but was:<[[2,2,1,3],3,4,5]>
    at org.junit.Assert.assertEquals(Assert.java:115)
    at org.junit.Assert.assertEquals(Assert.java:144)
    at java_testcases.junit.KHEAPSORT_Test.test_1(KHEAPSORT_Test.java:16)
    at sun.reflect.NativeMethodAccessorImpl.invoke0(Native Method)
    at sun.reflect.NativeMethodAccessorImpl.invoke(NativeMethodAccessorImpl.java:62)
    at sun.reflect.DelegatingMethodAccessorImpl.invoke(DelegatingMethodAccessorImpl.java:43)
org.junit.ComparisonFailure: expected:<[[1,2,3,4],5]> but was:<[[2,3,3,2,1,4,4,5],5]>
    at org.junit.Assert.assertEquals(Assert.java:115)
    at org.junit.Assert.assertEquals(Assert.java:144)
    at java_testcases.junit.KHEAPSORT_Test.test_2(KHEAPSORT_Test.java:23)
    at sun.reflect.NativeMethodAccessorImpl.invoke0(Native Method)
    at sun.reflect.NativeMethodAccessorImpl.invoke(NativeMethodAccessorImpl.java:62)
    at sun.reflect.DelegatingMethodAccessorImpl.invoke(DelegatingMethodAccessorImpl.java:43)
org.junit.ComparisonFailure: expected:<[[1,3,5,6],12]> but was:<[[3,3,5,1,5,6,12],12]>
    at org.junit.Assert.assertEquals(Assert.java:115)
    at org.junit.Assert.assertEquals(Assert.java:144)
    at java_testcases.junit.KHEAPSORT_Test.test_3(KHEAPSORT_Test.java:30)
    at sun.reflect.NativeMethodAccessorImpl.invoke0(Native Method)
    at sun.reflect.NativeMethodAccessorImpl.invoke(NativeMethodAccessorImpl.java:62)
    at sun.reflect.DelegatingMethodAccessorImpl.invoke(DelegatingMethodAccessorImpl.java:43)
org.junit.ComparisonFailure: expected:<[[1,2],3,4,5]> but was:<[[2,2,1,3],3,4,5]>
    at org.junit.Assert.assertEquals(Assert.java:115)
    at org.junit.Assert.assertEquals(Assert.java:144)
    at java_testcases.junit.KHEAPSORT_Test.test_1(KHEAPSORT_Test.java:16)
    at sun.reflect.NativeMethodAccessorImpl.invoke0(Native Method)
    at sun.reflect.NativeMethodAccessorImpl.invoke(NativeMethodAccessorImpl.java:62)
    at sun.reflect.DelegatingMethodAccessorImpl.invoke(DelegatingMethodAccessorImpl.java:43)
org.junit.ComparisonFailure: expected:<[[1,2,3,4],5]> but was:<[[2,3,3,2,1,4,4,5],5]>
    at org.junit.Assert.assertEquals(Assert.java:115)
    at org.junit.Assert.assertEquals(Assert.java:144)
    at java_testcases.junit.KHEAPSORT_Test.test_2(KHEAPSORT_Test.java:23)
    at sun.reflect.NativeMethodAccessorImpl.invoke0(Native Method)
    at sun.reflect.NativeMethodAccessorImpl.invoke(NativeMethodAccessorImpl.java:62)
    at sun.reflect.DelegatingMethodAccessorImpl.invoke(DelegatingMethodAccessorImpl.java:43)
org.junit.ComparisonFailure: expected:<[[1,3,5,6],12]> but was:<[[3,3,5,1,5,6,12],12]>
    at org.junit.Assert.assertEquals(Assert.java:115)
    at org.junit.Assert.assertEquals(Assert.java:144)
    at java_testcases.junit.KHEAPSORT_Test.test_3(KHEAPSORT_Test.java:30)
    at sun.reflect.NativeMethodAccessorImpl.invoke0(Native Method)
    at sun.reflect.NativeMethodAccessorImpl.invoke(NativeMethodAccessorImpl.java:62)
    at sun.reflect.DelegatingMethodAccessorImpl.invoke(DelegatingMethodAccessorImpl.java:43)
org.junit.ComparisonFailure: expected:<[[1,2],3,4,5]> but was:<[[2,2,1,3],3,4,5]>
    at org.junit.Assert.assertEquals(Assert.java:115)
    at org.junit.Assert.assertEquals(Assert.java:144)
    at java_testcases.junit.KHEAPSORT_Test.test_1(KHEAPSORT_Test.java:16)
    at sun.reflect.NativeMethodAccessorImpl.invoke0(Native Method)
    at sun.reflect.NativeMethodAccessorImpl.invoke(NativeMethodAccessorImpl.java:62)
    at sun.reflect.DelegatingMethodAccessorImpl.invoke(DelegatingMethodAccessorImpl.java:43)
org.junit.ComparisonFailure: expected:<[[1,2,3,4],5]> but was:<[[2,3,3,2,1,4,4,5],5]>
    at org.junit.Assert.assertEquals(Assert.java:115)
    at org.junit.Assert.assertEquals(Assert.java:144)
    at java_testcases.junit.KHEAPSORT_Test.test_2(KHEAPSORT_Test.java:23)
    at sun.reflect.NativeMethodAccessorImpl.invoke0(Native Method)
    at sun.reflect.NativeMethodAccessorImpl.invoke(NativeMethodAccessorImpl.java:62)
    at sun.reflect.DelegatingMethodAccessorImpl.invoke(DelegatingMethodAccessorImpl.java:43)
org.junit.ComparisonFailure: expected:<[[1,3,5,6],12]> but was:<[[3,3,5,1,5,6,12],12]>
    at org.junit.Assert.assertEquals(Assert.java:115)
    at org.junit.Assert.assertEquals(Assert.java:144)
    at java_testcases.junit.KHEAPSORT_Test.test_3(KHEAPSORT_Test.java:30)
    at sun.reflect.NativeMethodAccessorImpl.invoke0(Native Method)
    at sun.reflect.NativeMethodAccessorImpl.invoke(NativeMethodAccessorImpl.java:62)
    at sun.reflect.DelegatingMethodAccessorImpl.invoke(DelegatingMethodAccessorImpl.java:43)
14:43:29.169 [pool-4-thread-1] INFO  xxl.java.junit.TestCasesListener - Tests run finished (14 ms)
<> Total tests run: 12
<> Ignored tests: 0
<> Failed tests: 9
~ test_1(java_testcases.junit.KHEAPSORT_Test)
[expected:<[[1,2],3,4,5]> but was:<[[2,2,1,3],3,4,5]>]
org.junit.ComparisonFailure: expected:<[[1,2],3,4,5]> but was:<[[2,2,1,3],3,4,5]>    at org.junit.Assert.assertEquals(Assert.java:115)
    at org.junit.Assert.assertEquals(Assert.java:144)
    at java_testcases.junit.KHEAPSORT_Test.test_1(KHEAPSORT_Test.java:16)
    at sun.reflect.NativeMethodAccessorImpl.invoke0(Native Method)
    at sun.reflect.NativeMethodAccessorImpl.invoke(NativeMethodAccessorImpl.java:62)
    at sun.reflect.DelegatingMethodAccessorImpl.invoke(DelegatingMethodAccessorImpl.java:43)
~ test_2(java_testcases.junit.KHEAPSORT_Test)
[expected:<[[1,2,3,4],5]> but was:<[[2,3,3,2,1,4,4,5],5]>]
org.junit.ComparisonFailure: expected:<[[1,2,3,4],5]> but was:<[[2,3,3,2,1,4,4,5],5]>    at org.junit.Assert.assertEquals(Assert.java:115)
    at org.junit.Assert.assertEquals(Assert.java:144)
    at java_testcases.junit.KHEAPSORT_Test.test_2(KHEAPSORT_Test.java:23)
    at sun.reflect.NativeMethodAccessorImpl.invoke0(Native Method)
    at sun.reflect.NativeMethodAccessorImpl.invoke(NativeMethodAccessorImpl.java:62)
    at sun.reflect.DelegatingMethodAccessorImpl.invoke(DelegatingMethodAccessorImpl.java:43)
~ test_3(java_testcases.junit.KHEAPSORT_Test)
[expected:<[[1,3,5,6],12]> but was:<[[3,3,5,1,5,6,12],12]>]
org.junit.ComparisonFailure: expected:<[[1,3,5,6],12]> but was:<[[3,3,5,1,5,6,12],12]>    at org.junit.Assert.assertEquals(Assert.java:115)
    at org.junit.Assert.assertEquals(Assert.java:144)
    at java_testcases.junit.KHEAPSORT_Test.test_3(KHEAPSORT_Test.java:30)
    at sun.reflect.NativeMethodAccessorImpl.invoke0(Native Method)
    at sun.reflect.NativeMethodAccessorImpl.invoke(NativeMethodAccessorImpl.java:62)
    at sun.reflect.DelegatingMethodAccessorImpl.invoke(DelegatingMethodAccessorImpl.java:43)
~ test_1(java_testcases.junit.KHEAPSORT_Test)
[expected:<[[1,2],3,4,5]> but was:<[[2,2,1,3],3,4,5]>]
org.junit.ComparisonFailure: expected:<[[1,2],3,4,5]> but was:<[[2,2,1,3],3,4,5]>    at org.junit.Assert.assertEquals(Assert.java:115)
    at org.junit.Assert.assertEquals(Assert.java:144)
    at java_testcases.junit.KHEAPSORT_Test.test_1(KHEAPSORT_Test.java:16)
    at sun.reflect.NativeMethodAccessorImpl.invoke0(Native Method)
    at sun.reflect.NativeMethodAccessorImpl.invoke(NativeMethodAccessorImpl.java:62)
    at sun.reflect.DelegatingMethodAccessorImpl.invoke(DelegatingMethodAccessorImpl.java:43)
~ test_2(java_testcases.junit.KHEAPSORT_Test)
[expected:<[[1,2,3,4],5]> but was:<[[2,3,3,2,1,4,4,5],5]>]
org.junit.ComparisonFailure: expected:<[[1,2,3,4],5]> but was:<[[2,3,3,2,1,4,4,5],5]>    at org.junit.Assert.assertEquals(Assert.java:115)
    at org.junit.Assert.assertEquals(Assert.java:144)
    at java_testcases.junit.KHEAPSORT_Test.test_2(KHEAPSORT_Test.java:23)
    at sun.reflect.NativeMethodAccessorImpl.invoke0(Native Method)
    at sun.reflect.NativeMethodAccessorImpl.invoke(NativeMethodAccessorImpl.java:62)
    at sun.reflect.DelegatingMethodAccessorImpl.invoke(DelegatingMethodAccessorImpl.java:43)
~ test_3(java_testcases.junit.KHEAPSORT_Test)
[expected:<[[1,3,5,6],12]> but was:<[[3,3,5,1,5,6,12],12]>]
org.junit.ComparisonFailure: expected:<[[1,3,5,6],12]> but was:<[[3,3,5,1,5,6,12],12]>    at org.junit.Assert.assertEquals(Assert.java:115)
    at org.junit.Assert.assertEquals(Assert.java:144)
    at java_testcases.junit.KHEAPSORT_Test.test_3(KHEAPSORT_Test.java:30)
    at sun.reflect.NativeMethodAccessorImpl.invoke0(Native Method)
    at sun.reflect.NativeMethodAccessorImpl.invoke(NativeMethodAccessorImpl.java:62)
    at sun.reflect.DelegatingMethodAccessorImpl.invoke(DelegatingMethodAccessorImpl.java:43)
~ test_1(java_testcases.junit.KHEAPSORT_Test)
[expected:<[[1,2],3,4,5]> but was:<[[2,2,1,3],3,4,5]>]
org.junit.ComparisonFailure: expected:<[[1,2],3,4,5]> but was:<[[2,2,1,3],3,4,5]>    at org.junit.Assert.assertEquals(Assert.java:115)
    at org.junit.Assert.assertEquals(Assert.java:144)
    at java_testcases.junit.KHEAPSORT_Test.test_1(KHEAPSORT_Test.java:16)
    at sun.reflect.NativeMethodAccessorImpl.invoke0(Native Method)
    at sun.reflect.NativeMethodAccessorImpl.invoke(NativeMethodAccessorImpl.java:62)
    at sun.reflect.DelegatingMethodAccessorImpl.invoke(DelegatingMethodAccessorImpl.java:43)
~ test_2(java_testcases.junit.KHEAPSORT_Test)
[expected:<[[1,2,3,4],5]> but was:<[[2,3,3,2,1,4,4,5],5]>]
org.junit.ComparisonFailure: expected:<[[1,2,3,4],5]> but was:<[[2,3,3,2,1,4,4,5],5]>    at org.junit.Assert.assertEquals(Assert.java:115)
    at org.junit.Assert.assertEquals(Assert.java:144)
    at java_testcases.junit.KHEAPSORT_Test.test_2(KHEAPSORT_Test.java:23)
    at sun.reflect.NativeMethodAccessorImpl.invoke0(Native Method)
    at sun.reflect.NativeMethodAccessorImpl.invoke(NativeMethodAccessorImpl.java:62)
    at sun.reflect.DelegatingMethodAccessorImpl.invoke(DelegatingMethodAccessorImpl.java:43)
~ test_3(java_testcases.junit.KHEAPSORT_Test)
[expected:<[[1,3,5,6],12]> but was:<[[3,3,5,1,5,6,12],12]>]
org.junit.ComparisonFailure: expected:<[[1,3,5,6],12]> but was:<[[3,3,5,1,5,6,12],12]>    at org.junit.Assert.assertEquals(Assert.java:115)
    at org.junit.Assert.assertEquals(Assert.java:144)
    at java_testcases.junit.KHEAPSORT_Test.test_3(KHEAPSORT_Test.java:30)
    at sun.reflect.NativeMethodAccessorImpl.invoke0(Native Method)
    at sun.reflect.NativeMethodAccessorImpl.invoke(NativeMethodAccessorImpl.java:62)
    at sun.reflect.DelegatingMethodAccessorImpl.invoke(DelegatingMethodAccessorImpl.java:43)

java.lang.Exception: test timed out after 3000 milliseconds
    at java.lang.String.intern(Native Method)
    at fr.inria.lille.commons.trace.collector.ValueCollector.collectWith(ValueCollector.java:31)
    at fr.inria.lille.commons.trace.collector.ValueCollector.collectFrom(ValueCollector.java:21)
    at fr.inria.lille.commons.trace.RuntimeValues.collectInput(RuntimeValues.java:89)
    at java_programs.KHEAPSORT.kheapsort(KHEAPSORT.java:24)
    at java_testcases.junit.KHEAPSORT_Test.test_1(KHEAPSORT_Test.java:14)
14:43:32.632 [pool-5-thread-1] INFO  f.i.l.c.t.SpecificationTestCasesListener - Tests run finished (3003 ms)
<> Total tests run: 1
<> Ignored tests: 0
<> Failed tests: 1
~ test_1(java_testcases.junit.KHEAPSORT_Test)
[test timed out after 3000 milliseconds]
java.lang.Exception: test timed out after 3000 milliseconds    at java.lang.String.intern(Native Method)
    at fr.inria.lille.commons.trace.collector.ValueCollector.collectWith(ValueCollector.java:31)
    at fr.inria.lille.commons.trace.collector.ValueCollector.collectFrom(ValueCollector.java:21)
    at fr.inria.lille.commons.trace.RuntimeValues.collectInput(RuntimeValues.java:89)
    at java_programs.KHEAPSORT.kheapsort(KHEAPSORT.java:24)
    at java_testcases.junit.KHEAPSORT_Test.test_1(KHEAPSORT_Test.java:14)

java.lang.Exception: test timed out after 3000 milliseconds
    at xxl.java.support.Lockable.acquire(Lockable.java:13)
    at xxl.java.support.GlobalToggle.acquireToggle(GlobalToggle.java:67)
    at fr.inria.lille.commons.trace.RuntimeValues.collectionStarts(RuntimeValues.java:55)
    at java_programs.KHEAPSORT.kheapsort(KHEAPSORT.java:22)
    at java_testcases.junit.KHEAPSORT_Test.test_3(KHEAPSORT_Test.java:28)
    at sun.reflect.NativeMethodAccessorImpl.invoke0(Native Method)
14:43:35.761 [pool-6-thread-1] INFO  f.i.l.c.t.SpecificationTestCasesListener - Tests run finished (3128 ms)
<> Total tests run: 1
<> Ignored tests: 0
<> Failed tests: 1
~ test_3(java_testcases.junit.KHEAPSORT_Test)
[test timed out after 3000 milliseconds]
java.lang.Exception: test timed out after 3000 milliseconds    at xxl.java.support.Lockable.acquire(Lockable.java:13)
    at xxl.java.support.GlobalToggle.acquireToggle(GlobalToggle.java:67)
    at fr.inria.lille.commons.trace.RuntimeValues.collectionStarts(RuntimeValues.java:55)
    at java_programs.KHEAPSORT.kheapsort(KHEAPSORT.java:22)
    at java_testcases.junit.KHEAPSORT_Test.test_3(KHEAPSORT_Test.java:28)
    at sun.reflect.NativeMethodAccessorImpl.invoke0(Native Method)

java.lang.Exception: test timed out after 3000 milliseconds
    at xxl.java.support.Lockable.acquire(Lockable.java:13)
    at xxl.java.support.GlobalToggle.acquireToggle(GlobalToggle.java:67)
    at fr.inria.lille.commons.trace.RuntimeValues.collectionStarts(RuntimeValues.java:55)
    at java_programs.KHEAPSORT.kheapsort(KHEAPSORT.java:22)
    at java_testcases.junit.KHEAPSORT_Test.test_2(KHEAPSORT_Test.java:21)
    at sun.reflect.NativeMethodAccessorImpl.invoke0(Native Method)
14:43:38.782 [pool-7-thread-1] INFO  f.i.l.c.t.SpecificationTestCasesListener - Tests run finished (3020 ms)
<> Total tests run: 1
<> Ignored tests: 0
<> Failed tests: 1
~ test_2(java_testcases.junit.KHEAPSORT_Test)
[test timed out after 3000 milliseconds]
java.lang.Exception: test timed out after 3000 milliseconds    at xxl.java.support.Lockable.acquire(Lockable.java:13)
    at xxl.java.support.GlobalToggle.acquireToggle(GlobalToggle.java:67)
    at fr.inria.lille.commons.trace.RuntimeValues.collectionStarts(RuntimeValues.java:55)
    at java_programs.KHEAPSORT.kheapsort(KHEAPSORT.java:22)
    at java_testcases.junit.KHEAPSORT_Test.test_2(KHEAPSORT_Test.java:21)
    at sun.reflect.NativeMethodAccessorImpl.invoke0(Native Method)

org.junit.ComparisonFailure: expected:<[[1,2],3,4,5]> but was:<[[2,2,1,3],3,4,5]>
    at org.junit.Assert.assertEquals(Assert.java:115)
    at org.junit.Assert.assertEquals(Assert.java:144)
    at java_testcases.junit.KHEAPSORT_Test.test_1(KHEAPSORT_Test.java:16)
    at sun.reflect.NativeMethodAccessorImpl.invoke0(Native Method)
    at sun.reflect.NativeMethodAccessorImpl.invoke(NativeMethodAccessorImpl.java:62)
    at sun.reflect.DelegatingMethodAccessorImpl.invoke(DelegatingMethodAccessorImpl.java:43)
14:43:38.798 [pool-8-thread-1] INFO  f.i.l.c.t.SpecificationTestCasesListener - Tests run finished (15 ms)
<> Total tests run: 1
<> Ignored tests: 0
<> Failed tests: 1
~ test_1(java_testcases.junit.KHEAPSORT_Test)
[expected:<[[1,2],3,4,5]> but was:<[[2,2,1,3],3,4,5]>]
org.junit.ComparisonFailure: expected:<[[1,2],3,4,5]> but was:<[[2,2,1,3],3,4,5]>    at org.junit.Assert.assertEquals(Assert.java:115)
    at org.junit.Assert.assertEquals(Assert.java:144)
    at java_testcases.junit.KHEAPSORT_Test.test_1(KHEAPSORT_Test.java:16)
    at sun.reflect.NativeMethodAccessorImpl.invoke0(Native Method)
    at sun.reflect.NativeMethodAccessorImpl.invoke(NativeMethodAccessorImpl.java:62)
    at sun.reflect.DelegatingMethodAccessorImpl.invoke(DelegatingMethodAccessorImpl.java:43)

org.junit.ComparisonFailure: expected:<[[1,3,5,6],12]> but was:<[[3,3,5,1,5,6,12],12]>
    at org.junit.Assert.assertEquals(Assert.java:115)
    at org.junit.Assert.assertEquals(Assert.java:144)
    at java_testcases.junit.KHEAPSORT_Test.test_3(KHEAPSORT_Test.java:30)
    at sun.reflect.NativeMethodAccessorImpl.invoke0(Native Method)
    at sun.reflect.NativeMethodAccessorImpl.invoke(NativeMethodAccessorImpl.java:62)
    at sun.reflect.DelegatingMethodAccessorImpl.invoke(DelegatingMethodAccessorImpl.java:43)
14:43:38.835 [pool-9-thread-1] INFO  f.i.l.c.t.SpecificationTestCasesListener - Tests run finished (1 ms)
<> Total tests run: 1
<> Ignored tests: 0
<> Failed tests: 1
~ test_3(java_testcases.junit.KHEAPSORT_Test)
[expected:<[[1,3,5,6],12]> but was:<[[3,3,5,1,5,6,12],12]>]
org.junit.ComparisonFailure: expected:<[[1,3,5,6],12]> but was:<[[3,3,5,1,5,6,12],12]>    at org.junit.Assert.assertEquals(Assert.java:115)
    at org.junit.Assert.assertEquals(Assert.java:144)
    at java_testcases.junit.KHEAPSORT_Test.test_3(KHEAPSORT_Test.java:30)
    at sun.reflect.NativeMethodAccessorImpl.invoke0(Native Method)
    at sun.reflect.NativeMethodAccessorImpl.invoke(NativeMethodAccessorImpl.java:62)
    at sun.reflect.DelegatingMethodAccessorImpl.invoke(DelegatingMethodAccessorImpl.java:43)

org.junit.ComparisonFailure: expected:<[[1,2,3,4],5]> but was:<[[2,3,3,2,1,4,4,5],5]>
    at org.junit.Assert.assertEquals(Assert.java:115)
    at org.junit.Assert.assertEquals(Assert.java:144)
    at java_testcases.junit.KHEAPSORT_Test.test_2(KHEAPSORT_Test.java:23)
    at sun.reflect.NativeMethodAccessorImpl.invoke0(Native Method)
    at sun.reflect.NativeMethodAccessorImpl.invoke(NativeMethodAccessorImpl.java:62)
    at sun.reflect.DelegatingMethodAccessorImpl.invoke(DelegatingMethodAccessorImpl.java:43)
14:43:38.837 [pool-10-thread-1] INFO  f.i.l.c.t.SpecificationTestCasesListener - Tests run finished (1 ms)
<> Total tests run: 1
<> Ignored tests: 0
<> Failed tests: 1
~ test_2(java_testcases.junit.KHEAPSORT_Test)
[expected:<[[1,2,3,4],5]> but was:<[[2,3,3,2,1,4,4,5],5]>]
org.junit.ComparisonFailure: expected:<[[1,2,3,4],5]> but was:<[[2,3,3,2,1,4,4,5],5]>    at org.junit.Assert.assertEquals(Assert.java:115)
    at org.junit.Assert.assertEquals(Assert.java:144)
    at java_testcases.junit.KHEAPSORT_Test.test_2(KHEAPSORT_Test.java:23)
    at sun.reflect.NativeMethodAccessorImpl.invoke0(Native Method)
    at sun.reflect.NativeMethodAccessorImpl.invoke(NativeMethodAccessorImpl.java:62)
    at sun.reflect.DelegatingMethodAccessorImpl.invoke(DelegatingMethodAccessorImpl.java:43)

14:43:38.838 [pool-3-thread-1] DEBUG tests.output - Failing tests with false: 
[test_1(java_testcases.junit.KHEAPSORT_Test): test timed out after 3000 milliseconds, test_3(java_testcases.junit.KHEAPSORT_Test): test timed out after 3000 milliseconds, test_2(java_testcases.junit.KHEAPSORT_Test): test timed out after 3000 milliseconds]
14:43:38.838 [pool-3-thread-1] DEBUG tests.output - Failing tests with true: 
[test_1(java_testcases.junit.KHEAPSORT_Test): expected:<[[1,2],3,4,5]> but was:<[[2,2,1,3],3,4,5]>, test_3(java_testcases.junit.KHEAPSORT_Test): expected:<[[1,3,5,6],12]> but was:<[[3,3,5,1,5,6,12],12]>, test_2(java_testcases.junit.KHEAPSORT_Test): expected:<[[1,2,3,4],5]> but was:<[[2,3,3,2,1,4,4,5],5]>]
14:43:38.838 [pool-3-thread-1] INFO  f.i.l.r.n.synth.SMTNopolSynthesizer - Not enough specifications: 0. A trivial patch is "true" or "false", please write new tests specifying SourceLocation java_programs.KHEAPSORT:34.
14:43:38.839 [pool-2-thread-1] DEBUG fr.inria.lille.repair.nopol.NoPol - statement #2
14:43:38.839 [pool-2-thread-1] DEBUG fr.inria.lille.repair.nopol.NoPol - Analysing SourceLocation java_programs.KHEAPSORT:24 which is executed by 3 tests
1558733526
14:43:38.877 [pool-2-thread-1] DEBUG fr.inria.lille.repair.nopol.NoPol - statement #3
14:43:38.877 [pool-2-thread-1] DEBUG fr.inria.lille.repair.nopol.NoPol - Analysing SourceLocation java_programs.KHEAPSORT:23 which is executed by 3 tests
1558733526
14:43:38.912 [pool-2-thread-1] DEBUG fr.inria.lille.repair.nopol.NoPol - looking with class fr.inria.lille.repair.nopol.spoon.smt.ConditionalAdder
org.junit.ComparisonFailure: expected:<[[1,2],3,4,5]> but was:<[[2,2,1,3],3,4,5]>
    at org.junit.Assert.assertEquals(Assert.java:115)
    at org.junit.Assert.assertEquals(Assert.java:144)
    at java_testcases.junit.KHEAPSORT_Test.test_1(KHEAPSORT_Test.java:16)
    at sun.reflect.NativeMethodAccessorImpl.invoke0(Native Method)
    at sun.reflect.NativeMethodAccessorImpl.invoke(NativeMethodAccessorImpl.java:62)
    at sun.reflect.DelegatingMethodAccessorImpl.invoke(DelegatingMethodAccessorImpl.java:43)
org.junit.ComparisonFailure: expected:<[[1,2,3,4],5]> but was:<[[2,3,3,2,1,4,4,5],5]>
    at org.junit.Assert.assertEquals(Assert.java:115)
    at org.junit.Assert.assertEquals(Assert.java:144)
    at java_testcases.junit.KHEAPSORT_Test.test_2(KHEAPSORT_Test.java:23)
    at sun.reflect.NativeMethodAccessorImpl.invoke0(Native Method)
    at sun.reflect.NativeMethodAccessorImpl.invoke(NativeMethodAccessorImpl.java:62)
    at sun.reflect.DelegatingMethodAccessorImpl.invoke(DelegatingMethodAccessorImpl.java:43)
org.junit.ComparisonFailure: expected:<[[1,3,5,6],12]> but was:<[[3,3,5,1,5,6,12],12]>
    at org.junit.Assert.assertEquals(Assert.java:115)
    at org.junit.Assert.assertEquals(Assert.java:144)
    at java_testcases.junit.KHEAPSORT_Test.test_3(KHEAPSORT_Test.java:30)
    at sun.reflect.NativeMethodAccessorImpl.invoke0(Native Method)
    at sun.reflect.NativeMethodAccessorImpl.invoke(NativeMethodAccessorImpl.java:62)
    at sun.reflect.DelegatingMethodAccessorImpl.invoke(DelegatingMethodAccessorImpl.java:43)
org.junit.ComparisonFailure: expected:<[[1,2],3,4,5]> but was:<[[2,2,1,3],3,4,5]>
    at org.junit.Assert.assertEquals(Assert.java:115)
    at org.junit.Assert.assertEquals(Assert.java:144)
    at java_testcases.junit.KHEAPSORT_Test.test_1(KHEAPSORT_Test.java:16)
    at sun.reflect.NativeMethodAccessorImpl.invoke0(Native Method)
    at sun.reflect.NativeMethodAccessorImpl.invoke(NativeMethodAccessorImpl.java:62)
    at sun.reflect.DelegatingMethodAccessorImpl.invoke(DelegatingMethodAccessorImpl.java:43)
org.junit.ComparisonFailure: expected:<[[1,2,3,4],5]> but was:<[[2,3,3,2,1,4,4,5],5]>
    at org.junit.Assert.assertEquals(Assert.java:115)
    at org.junit.Assert.assertEquals(Assert.java:144)
    at java_testcases.junit.KHEAPSORT_Test.test_2(KHEAPSORT_Test.java:23)
    at sun.reflect.NativeMethodAccessorImpl.invoke0(Native Method)
    at sun.reflect.NativeMethodAccessorImpl.invoke(NativeMethodAccessorImpl.java:62)
    at sun.reflect.DelegatingMethodAccessorImpl.invoke(DelegatingMethodAccessorImpl.java:43)
org.junit.ComparisonFailure: expected:<[[1,3,5,6],12]> but was:<[[3,3,5,1,5,6,12],12]>
    at org.junit.Assert.assertEquals(Assert.java:115)
    at org.junit.Assert.assertEquals(Assert.java:144)
    at java_testcases.junit.KHEAPSORT_Test.test_3(KHEAPSORT_Test.java:30)
    at sun.reflect.NativeMethodAccessorImpl.invoke0(Native Method)
    at sun.reflect.NativeMethodAccessorImpl.invoke(NativeMethodAccessorImpl.java:62)
    at sun.reflect.DelegatingMethodAccessorImpl.invoke(DelegatingMethodAccessorImpl.java:43)
org.junit.ComparisonFailure: expected:<[[1,2],3,4,5]> but was:<[[2,2,1,3],3,4,5]>
    at org.junit.Assert.assertEquals(Assert.java:115)
    at org.junit.Assert.assertEquals(Assert.java:144)
    at java_testcases.junit.KHEAPSORT_Test.test_1(KHEAPSORT_Test.java:16)
    at sun.reflect.NativeMethodAccessorImpl.invoke0(Native Method)
    at sun.reflect.NativeMethodAccessorImpl.invoke(NativeMethodAccessorImpl.java:62)
    at sun.reflect.DelegatingMethodAccessorImpl.invoke(DelegatingMethodAccessorImpl.java:43)
org.junit.ComparisonFailure: expected:<[[1,2,3,4],5]> but was:<[[2,3,3,2,1,4,4,5],5]>
    at org.junit.Assert.assertEquals(Assert.java:115)
    at org.junit.Assert.assertEquals(Assert.java:144)
    at java_testcases.junit.KHEAPSORT_Test.test_2(KHEAPSORT_Test.java:23)
    at sun.reflect.NativeMethodAccessorImpl.invoke0(Native Method)
    at sun.reflect.NativeMethodAccessorImpl.invoke(NativeMethodAccessorImpl.java:62)
    at sun.reflect.DelegatingMethodAccessorImpl.invoke(DelegatingMethodAccessorImpl.java:43)
org.junit.ComparisonFailure: expected:<[[1,3,5,6],12]> but was:<[[3,3,5,1,5,6,12],12]>
    at org.junit.Assert.assertEquals(Assert.java:115)
    at org.junit.Assert.assertEquals(Assert.java:144)
    at java_testcases.junit.KHEAPSORT_Test.test_3(KHEAPSORT_Test.java:30)
    at sun.reflect.NativeMethodAccessorImpl.invoke0(Native Method)
    at sun.reflect.NativeMethodAccessorImpl.invoke(NativeMethodAccessorImpl.java:62)
    at sun.reflect.DelegatingMethodAccessorImpl.invoke(DelegatingMethodAccessorImpl.java:43)
14:43:38.923 [pool-12-thread-1] INFO  xxl.java.junit.TestCasesListener - Tests run finished (8 ms)
<> Total tests run: 12
<> Ignored tests: 0
<> Failed tests: 9
~ test_1(java_testcases.junit.KHEAPSORT_Test)
[expected:<[[1,2],3,4,5]> but was:<[[2,2,1,3],3,4,5]>]
org.junit.ComparisonFailure: expected:<[[1,2],3,4,5]> but was:<[[2,2,1,3],3,4,5]>    at org.junit.Assert.assertEquals(Assert.java:115)
    at org.junit.Assert.assertEquals(Assert.java:144)
    at java_testcases.junit.KHEAPSORT_Test.test_1(KHEAPSORT_Test.java:16)
    at sun.reflect.NativeMethodAccessorImpl.invoke0(Native Method)
    at sun.reflect.NativeMethodAccessorImpl.invoke(NativeMethodAccessorImpl.java:62)
    at sun.reflect.DelegatingMethodAccessorImpl.invoke(DelegatingMethodAccessorImpl.java:43)
~ test_2(java_testcases.junit.KHEAPSORT_Test)
[expected:<[[1,2,3,4],5]> but was:<[[2,3,3,2,1,4,4,5],5]>]
org.junit.ComparisonFailure: expected:<[[1,2,3,4],5]> but was:<[[2,3,3,2,1,4,4,5],5]>    at org.junit.Assert.assertEquals(Assert.java:115)
    at org.junit.Assert.assertEquals(Assert.java:144)
    at java_testcases.junit.KHEAPSORT_Test.test_2(KHEAPSORT_Test.java:23)
    at sun.reflect.NativeMethodAccessorImpl.invoke0(Native Method)
    at sun.reflect.NativeMethodAccessorImpl.invoke(NativeMethodAccessorImpl.java:62)
    at sun.reflect.DelegatingMethodAccessorImpl.invoke(DelegatingMethodAccessorImpl.java:43)
~ test_3(java_testcases.junit.KHEAPSORT_Test)
[expected:<[[1,3,5,6],12]> but was:<[[3,3,5,1,5,6,12],12]>]
org.junit.ComparisonFailure: expected:<[[1,3,5,6],12]> but was:<[[3,3,5,1,5,6,12],12]>    at org.junit.Assert.assertEquals(Assert.java:115)
    at org.junit.Assert.assertEquals(Assert.java:144)
    at java_testcases.junit.KHEAPSORT_Test.test_3(KHEAPSORT_Test.java:30)
    at sun.reflect.NativeMethodAccessorImpl.invoke0(Native Method)
    at sun.reflect.NativeMethodAccessorImpl.invoke(NativeMethodAccessorImpl.java:62)
    at sun.reflect.DelegatingMethodAccessorImpl.invoke(DelegatingMethodAccessorImpl.java:43)
~ test_1(java_testcases.junit.KHEAPSORT_Test)
[expected:<[[1,2],3,4,5]> but was:<[[2,2,1,3],3,4,5]>]
org.junit.ComparisonFailure: expected:<[[1,2],3,4,5]> but was:<[[2,2,1,3],3,4,5]>    at org.junit.Assert.assertEquals(Assert.java:115)
    at org.junit.Assert.assertEquals(Assert.java:144)
    at java_testcases.junit.KHEAPSORT_Test.test_1(KHEAPSORT_Test.java:16)
    at sun.reflect.NativeMethodAccessorImpl.invoke0(Native Method)
    at sun.reflect.NativeMethodAccessorImpl.invoke(NativeMethodAccessorImpl.java:62)
    at sun.reflect.DelegatingMethodAccessorImpl.invoke(DelegatingMethodAccessorImpl.java:43)
~ test_2(java_testcases.junit.KHEAPSORT_Test)
[expected:<[[1,2,3,4],5]> but was:<[[2,3,3,2,1,4,4,5],5]>]
org.junit.ComparisonFailure: expected:<[[1,2,3,4],5]> but was:<[[2,3,3,2,1,4,4,5],5]>    at org.junit.Assert.assertEquals(Assert.java:115)
    at org.junit.Assert.assertEquals(Assert.java:144)
    at java_testcases.junit.KHEAPSORT_Test.test_2(KHEAPSORT_Test.java:23)
    at sun.reflect.NativeMethodAccessorImpl.invoke0(Native Method)
    at sun.reflect.NativeMethodAccessorImpl.invoke(NativeMethodAccessorImpl.java:62)
    at sun.reflect.DelegatingMethodAccessorImpl.invoke(DelegatingMethodAccessorImpl.java:43)
~ test_3(java_testcases.junit.KHEAPSORT_Test)
[expected:<[[1,3,5,6],12]> but was:<[[3,3,5,1,5,6,12],12]>]
org.junit.ComparisonFailure: expected:<[[1,3,5,6],12]> but was:<[[3,3,5,1,5,6,12],12]>    at org.junit.Assert.assertEquals(Assert.java:115)
    at org.junit.Assert.assertEquals(Assert.java:144)
    at java_testcases.junit.KHEAPSORT_Test.test_3(KHEAPSORT_Test.java:30)
    at sun.reflect.NativeMethodAccessorImpl.invoke0(Native Method)
    at sun.reflect.NativeMethodAccessorImpl.invoke(NativeMethodAccessorImpl.java:62)
    at sun.reflect.DelegatingMethodAccessorImpl.invoke(DelegatingMethodAccessorImpl.java:43)
~ test_1(java_testcases.junit.KHEAPSORT_Test)
[expected:<[[1,2],3,4,5]> but was:<[[2,2,1,3],3,4,5]>]
org.junit.ComparisonFailure: expected:<[[1,2],3,4,5]> but was:<[[2,2,1,3],3,4,5]>    at org.junit.Assert.assertEquals(Assert.java:115)
    at org.junit.Assert.assertEquals(Assert.java:144)
    at java_testcases.junit.KHEAPSORT_Test.test_1(KHEAPSORT_Test.java:16)
    at sun.reflect.NativeMethodAccessorImpl.invoke0(Native Method)
    at sun.reflect.NativeMethodAccessorImpl.invoke(NativeMethodAccessorImpl.java:62)
    at sun.reflect.DelegatingMethodAccessorImpl.invoke(DelegatingMethodAccessorImpl.java:43)
~ test_2(java_testcases.junit.KHEAPSORT_Test)
[expected:<[[1,2,3,4],5]> but was:<[[2,3,3,2,1,4,4,5],5]>]
org.junit.ComparisonFailure: expected:<[[1,2,3,4],5]> but was:<[[2,3,3,2,1,4,4,5],5]>    at org.junit.Assert.assertEquals(Assert.java:115)
    at org.junit.Assert.assertEquals(Assert.java:144)
    at java_testcases.junit.KHEAPSORT_Test.test_2(KHEAPSORT_Test.java:23)
    at sun.reflect.NativeMethodAccessorImpl.invoke0(Native Method)
    at sun.reflect.NativeMethodAccessorImpl.invoke(NativeMethodAccessorImpl.java:62)
    at sun.reflect.DelegatingMethodAccessorImpl.invoke(DelegatingMethodAccessorImpl.java:43)
~ test_3(java_testcases.junit.KHEAPSORT_Test)
[expected:<[[1,3,5,6],12]> but was:<[[3,3,5,1,5,6,12],12]>]
org.junit.ComparisonFailure: expected:<[[1,3,5,6],12]> but was:<[[3,3,5,1,5,6,12],12]>    at org.junit.Assert.assertEquals(Assert.java:115)
    at org.junit.Assert.assertEquals(Assert.java:144)
    at java_testcases.junit.KHEAPSORT_Test.test_3(KHEAPSORT_Test.java:30)
    at sun.reflect.NativeMethodAccessorImpl.invoke0(Native Method)
    at sun.reflect.NativeMethodAccessorImpl.invoke(NativeMethodAccessorImpl.java:62)
    at sun.reflect.DelegatingMethodAccessorImpl.invoke(DelegatingMethodAccessorImpl.java:43)

org.junit.ComparisonFailure: expected:<[[1,2,3,4,5]]> but was:<[[3,2,1,5,4]]>
    at org.junit.Assert.assertEquals(Assert.java:115)
    at org.junit.Assert.assertEquals(Assert.java:144)
    at java_testcases.junit.KHEAPSORT_Test.test_1(KHEAPSORT_Test.java:16)
    at sun.reflect.NativeMethodAccessorImpl.invoke0(Native Method)
    at sun.reflect.NativeMethodAccessorImpl.invoke(NativeMethodAccessorImpl.java:62)
    at sun.reflect.DelegatingMethodAccessorImpl.invoke(DelegatingMethodAccessorImpl.java:43)
14:43:39.043 [pool-13-thread-1] INFO  f.i.l.c.t.SpecificationTestCasesListener - Tests run finished (2 ms)
<> Total tests run: 1
<> Ignored tests: 0
<> Failed tests: 1
~ test_1(java_testcases.junit.KHEAPSORT_Test)
[expected:<[[1,2,3,4,5]]> but was:<[[3,2,1,5,4]]>]
org.junit.ComparisonFailure: expected:<[[1,2,3,4,5]]> but was:<[[3,2,1,5,4]]>    at org.junit.Assert.assertEquals(Assert.java:115)
    at org.junit.Assert.assertEquals(Assert.java:144)
    at java_testcases.junit.KHEAPSORT_Test.test_1(KHEAPSORT_Test.java:16)
    at sun.reflect.NativeMethodAccessorImpl.invoke0(Native Method)
    at sun.reflect.NativeMethodAccessorImpl.invoke(NativeMethodAccessorImpl.java:62)
    at sun.reflect.DelegatingMethodAccessorImpl.invoke(DelegatingMethodAccessorImpl.java:43)

org.junit.ComparisonFailure: expected:<[[1,3,5,6,12]]> but was:<[[3,12,5,1,6]]>
    at org.junit.Assert.assertEquals(Assert.java:115)
    at org.junit.Assert.assertEquals(Assert.java:144)
    at java_testcases.junit.KHEAPSORT_Test.test_3(KHEAPSORT_Test.java:30)
    at sun.reflect.NativeMethodAccessorImpl.invoke0(Native Method)
    at sun.reflect.NativeMethodAccessorImpl.invoke(NativeMethodAccessorImpl.java:62)
    at sun.reflect.DelegatingMethodAccessorImpl.invoke(DelegatingMethodAccessorImpl.java:43)
14:43:39.045 [pool-14-thread-1] INFO  f.i.l.c.t.SpecificationTestCasesListener - Tests run finished (1 ms)
<> Total tests run: 1
<> Ignored tests: 0
<> Failed tests: 1
~ test_3(java_testcases.junit.KHEAPSORT_Test)
[expected:<[[1,3,5,6,12]]> but was:<[[3,12,5,1,6]]>]
org.junit.ComparisonFailure: expected:<[[1,3,5,6,12]]> but was:<[[3,12,5,1,6]]>    at org.junit.Assert.assertEquals(Assert.java:115)
    at org.junit.Assert.assertEquals(Assert.java:144)
    at java_testcases.junit.KHEAPSORT_Test.test_3(KHEAPSORT_Test.java:30)
    at sun.reflect.NativeMethodAccessorImpl.invoke0(Native Method)
    at sun.reflect.NativeMethodAccessorImpl.invoke(NativeMethodAccessorImpl.java:62)
    at sun.reflect.DelegatingMethodAccessorImpl.invoke(DelegatingMethodAccessorImpl.java:43)

org.junit.ComparisonFailure: expected:<[[1,2,3,4,5]]> but was:<[[5,4,3,2,1]]>
    at org.junit.Assert.assertEquals(Assert.java:115)
    at org.junit.Assert.assertEquals(Assert.java:144)
    at java_testcases.junit.KHEAPSORT_Test.test_2(KHEAPSORT_Test.java:23)
    at sun.reflect.NativeMethodAccessorImpl.invoke0(Native Method)
    at sun.reflect.NativeMethodAccessorImpl.invoke(NativeMethodAccessorImpl.java:62)
    at sun.reflect.DelegatingMethodAccessorImpl.invoke(DelegatingMethodAccessorImpl.java:43)
14:43:39.046 [pool-15-thread-1] INFO  f.i.l.c.t.SpecificationTestCasesListener - Tests run finished (0 ms)
<> Total tests run: 1
<> Ignored tests: 0
<> Failed tests: 1
~ test_2(java_testcases.junit.KHEAPSORT_Test)
[expected:<[[1,2,3,4,5]]> but was:<[[5,4,3,2,1]]>]
org.junit.ComparisonFailure: expected:<[[1,2,3,4,5]]> but was:<[[5,4,3,2,1]]>    at org.junit.Assert.assertEquals(Assert.java:115)
    at org.junit.Assert.assertEquals(Assert.java:144)
    at java_testcases.junit.KHEAPSORT_Test.test_2(KHEAPSORT_Test.java:23)
    at sun.reflect.NativeMethodAccessorImpl.invoke0(Native Method)
    at sun.reflect.NativeMethodAccessorImpl.invoke(NativeMethodAccessorImpl.java:62)
    at sun.reflect.DelegatingMethodAccessorImpl.invoke(DelegatingMethodAccessorImpl.java:43)

org.junit.ComparisonFailure: expected:<[[1,2],3,4,5]> but was:<[[2,2,1,3],3,4,5]>
    at org.junit.Assert.assertEquals(Assert.java:115)
    at org.junit.Assert.assertEquals(Assert.java:144)
    at java_testcases.junit.KHEAPSORT_Test.test_1(KHEAPSORT_Test.java:16)
    at sun.reflect.NativeMethodAccessorImpl.invoke0(Native Method)
    at sun.reflect.NativeMethodAccessorImpl.invoke(NativeMethodAccessorImpl.java:62)
    at sun.reflect.DelegatingMethodAccessorImpl.invoke(DelegatingMethodAccessorImpl.java:43)
14:43:39.048 [pool-16-thread-1] INFO  f.i.l.c.t.SpecificationTestCasesListener - Tests run finished (1 ms)
<> Total tests run: 1
<> Ignored tests: 0
<> Failed tests: 1
~ test_1(java_testcases.junit.KHEAPSORT_Test)
[expected:<[[1,2],3,4,5]> but was:<[[2,2,1,3],3,4,5]>]
org.junit.ComparisonFailure: expected:<[[1,2],3,4,5]> but was:<[[2,2,1,3],3,4,5]>    at org.junit.Assert.assertEquals(Assert.java:115)
    at org.junit.Assert.assertEquals(Assert.java:144)
    at java_testcases.junit.KHEAPSORT_Test.test_1(KHEAPSORT_Test.java:16)
    at sun.reflect.NativeMethodAccessorImpl.invoke0(Native Method)
    at sun.reflect.NativeMethodAccessorImpl.invoke(NativeMethodAccessorImpl.java:62)
    at sun.reflect.DelegatingMethodAccessorImpl.invoke(DelegatingMethodAccessorImpl.java:43)

org.junit.ComparisonFailure: expected:<[[1,3,5,6],12]> but was:<[[3,3,5,1,5,6,12],12]>
    at org.junit.Assert.assertEquals(Assert.java:115)
    at org.junit.Assert.assertEquals(Assert.java:144)
    at java_testcases.junit.KHEAPSORT_Test.test_3(KHEAPSORT_Test.java:30)
    at sun.reflect.NativeMethodAccessorImpl.invoke0(Native Method)
    at sun.reflect.NativeMethodAccessorImpl.invoke(NativeMethodAccessorImpl.java:62)
    at sun.reflect.DelegatingMethodAccessorImpl.invoke(DelegatingMethodAccessorImpl.java:43)
14:43:39.049 [pool-17-thread-1] INFO  f.i.l.c.t.SpecificationTestCasesListener - Tests run finished (0 ms)
<> Total tests run: 1
<> Ignored tests: 0
<> Failed tests: 1
~ test_3(java_testcases.junit.KHEAPSORT_Test)
[expected:<[[1,3,5,6],12]> but was:<[[3,3,5,1,5,6,12],12]>]
org.junit.ComparisonFailure: expected:<[[1,3,5,6],12]> but was:<[[3,3,5,1,5,6,12],12]>    at org.junit.Assert.assertEquals(Assert.java:115)
    at org.junit.Assert.assertEquals(Assert.java:144)
    at java_testcases.junit.KHEAPSORT_Test.test_3(KHEAPSORT_Test.java:30)
    at sun.reflect.NativeMethodAccessorImpl.invoke0(Native Method)
    at sun.reflect.NativeMethodAccessorImpl.invoke(NativeMethodAccessorImpl.java:62)
    at sun.reflect.DelegatingMethodAccessorImpl.invoke(DelegatingMethodAccessorImpl.java:43)

org.junit.ComparisonFailure: expected:<[[1,2,3,4],5]> but was:<[[2,3,3,2,1,4,4,5],5]>
    at org.junit.Assert.assertEquals(Assert.java:115)
    at org.junit.Assert.assertEquals(Assert.java:144)
    at java_testcases.junit.KHEAPSORT_Test.test_2(KHEAPSORT_Test.java:23)
    at sun.reflect.NativeMethodAccessorImpl.invoke0(Native Method)
    at sun.reflect.NativeMethodAccessorImpl.invoke(NativeMethodAccessorImpl.java:62)
    at sun.reflect.DelegatingMethodAccessorImpl.invoke(DelegatingMethodAccessorImpl.java:43)
14:43:39.051 [pool-18-thread-1] INFO  f.i.l.c.t.SpecificationTestCasesListener - Tests run finished (1 ms)
<> Total tests run: 1
<> Ignored tests: 0
<> Failed tests: 1
~ test_2(java_testcases.junit.KHEAPSORT_Test)
[expected:<[[1,2,3,4],5]> but was:<[[2,3,3,2,1,4,4,5],5]>]
org.junit.ComparisonFailure: expected:<[[1,2,3,4],5]> but was:<[[2,3,3,2,1,4,4,5],5]>    at org.junit.Assert.assertEquals(Assert.java:115)
    at org.junit.Assert.assertEquals(Assert.java:144)
    at java_testcases.junit.KHEAPSORT_Test.test_2(KHEAPSORT_Test.java:23)
    at sun.reflect.NativeMethodAccessorImpl.invoke0(Native Method)
    at sun.reflect.NativeMethodAccessorImpl.invoke(NativeMethodAccessorImpl.java:62)
    at sun.reflect.DelegatingMethodAccessorImpl.invoke(DelegatingMethodAccessorImpl.java:43)

14:43:39.052 [pool-11-thread-1] DEBUG tests.output - Failing tests with false: 
[test_1(java_testcases.junit.KHEAPSORT_Test): expected:<[[1,2,3,4,5]]> but was:<[[3,2,1,5,4]]>, test_3(java_testcases.junit.KHEAPSORT_Test): expected:<[[1,3,5,6,12]]> but was:<[[3,12,5,1,6]]>, test_2(java_testcases.junit.KHEAPSORT_Test): expected:<[[1,2,3,4,5]]> but was:<[[5,4,3,2,1]]>]
14:43:39.052 [pool-11-thread-1] DEBUG tests.output - Failing tests with true: 
[test_1(java_testcases.junit.KHEAPSORT_Test): expected:<[[1,2],3,4,5]> but was:<[[2,2,1,3],3,4,5]>, test_3(java_testcases.junit.KHEAPSORT_Test): expected:<[[1,3,5,6],12]> but was:<[[3,3,5,1,5,6,12],12]>, test_2(java_testcases.junit.KHEAPSORT_Test): expected:<[[1,2,3,4],5]> but was:<[[2,3,3,2,1,4,4,5],5]>]
14:43:39.052 [pool-11-thread-1] INFO  f.i.l.r.n.synth.SMTNopolSynthesizer - Not enough specifications: 0. A trivial patch is "true" or "false", please write new tests specifying SourceLocation java_programs.KHEAPSORT:23.
14:43:39.052 [pool-2-thread-1] DEBUG fr.inria.lille.repair.nopol.NoPol - statement #4
14:43:39.052 [pool-2-thread-1] DEBUG fr.inria.lille.repair.nopol.NoPol - Analysing SourceLocation java_testcases.junit.QuixFixOracleHelper:44 which is executed by 4 tests
14:43:39.052 [pool-2-thread-1] DEBUG fr.inria.lille.repair.nopol.NoPol - cannot spoon SourceLocation java_testcases.junit.QuixFixOracleHelper:44
14:43:39.052 [pool-2-thread-1] DEBUG fr.inria.lille.repair.nopol.NoPol - statement #5
14:43:39.052 [pool-2-thread-1] DEBUG fr.inria.lille.repair.nopol.NoPol - Analysing SourceLocation java_testcases.junit.QuixFixOracleHelper:41 which is executed by 4 tests
14:43:39.052 [pool-2-thread-1] DEBUG fr.inria.lille.repair.nopol.NoPol - cannot spoon SourceLocation java_testcases.junit.QuixFixOracleHelper:41
14:43:39.052 [pool-2-thread-1] DEBUG fr.inria.lille.repair.nopol.NoPol - statement #6
14:43:39.053 [pool-2-thread-1] DEBUG fr.inria.lille.repair.nopol.NoPol - Analysing SourceLocation java_testcases.junit.QuixFixOracleHelper:38 which is executed by 4 tests
14:43:39.053 [pool-2-thread-1] DEBUG fr.inria.lille.repair.nopol.NoPol - cannot spoon SourceLocation java_testcases.junit.QuixFixOracleHelper:38
14:43:39.053 [pool-2-thread-1] DEBUG fr.inria.lille.repair.nopol.NoPol - statement #7
14:43:39.053 [pool-2-thread-1] DEBUG fr.inria.lille.repair.nopol.NoPol - Analysing SourceLocation java_testcases.junit.QuixFixOracleHelper:37 which is executed by 4 tests
14:43:39.053 [pool-2-thread-1] DEBUG fr.inria.lille.repair.nopol.NoPol - cannot spoon SourceLocation java_testcases.junit.QuixFixOracleHelper:37
14:43:39.053 [pool-2-thread-1] DEBUG fr.inria.lille.repair.nopol.NoPol - statement #8
14:43:39.053 [pool-2-thread-1] DEBUG fr.inria.lille.repair.nopol.NoPol - Analysing SourceLocation java_testcases.junit.QuixFixOracleHelper:35 which is executed by 4 tests
14:43:39.053 [pool-2-thread-1] DEBUG fr.inria.lille.repair.nopol.NoPol - cannot spoon SourceLocation java_testcases.junit.QuixFixOracleHelper:35
14:43:39.053 [pool-2-thread-1] DEBUG fr.inria.lille.repair.nopol.NoPol - statement #9
14:43:39.053 [pool-2-thread-1] DEBUG fr.inria.lille.repair.nopol.NoPol - Analysing SourceLocation java_testcases.junit.QuixFixOracleHelper:32 which is executed by 4 tests
14:43:39.053 [pool-2-thread-1] DEBUG fr.inria.lille.repair.nopol.NoPol - cannot spoon SourceLocation java_testcases.junit.QuixFixOracleHelper:32
14:43:39.053 [pool-2-thread-1] DEBUG fr.inria.lille.repair.nopol.NoPol - statement #10
14:43:39.053 [pool-2-thread-1] DEBUG fr.inria.lille.repair.nopol.NoPol - Analysing SourceLocation java_testcases.junit.QuixFixOracleHelper:31 which is executed by 4 tests
14:43:39.053 [pool-2-thread-1] DEBUG fr.inria.lille.repair.nopol.NoPol - cannot spoon SourceLocation java_testcases.junit.QuixFixOracleHelper:31
14:43:39.053 [pool-2-thread-1] DEBUG fr.inria.lille.repair.nopol.NoPol - statement #11
14:43:39.053 [pool-2-thread-1] DEBUG fr.inria.lille.repair.nopol.NoPol - Analysing SourceLocation java_testcases.junit.QuixFixOracleHelper:30 which is executed by 4 tests
14:43:39.053 [pool-2-thread-1] DEBUG fr.inria.lille.repair.nopol.NoPol - cannot spoon SourceLocation java_testcases.junit.QuixFixOracleHelper:30
14:43:39.054 [pool-2-thread-1] DEBUG fr.inria.lille.repair.nopol.NoPol - statement #12
14:43:39.054 [pool-2-thread-1] DEBUG fr.inria.lille.repair.nopol.NoPol - Analysing SourceLocation java_testcases.junit.QuixFixOracleHelper:29 which is executed by 4 tests
14:43:39.054 [pool-2-thread-1] DEBUG fr.inria.lille.repair.nopol.NoPol - cannot spoon SourceLocation java_testcases.junit.QuixFixOracleHelper:29
14:43:39.054 [pool-2-thread-1] DEBUG fr.inria.lille.repair.nopol.NoPol - statement #13
14:43:39.054 [pool-2-thread-1] DEBUG fr.inria.lille.repair.nopol.NoPol - Analysing SourceLocation java_testcases.junit.QuixFixOracleHelper:28 which is executed by 4 tests
14:43:39.054 [pool-2-thread-1] DEBUG fr.inria.lille.repair.nopol.NoPol - cannot spoon SourceLocation java_testcases.junit.QuixFixOracleHelper:28
14:43:39.054 [pool-2-thread-1] DEBUG fr.inria.lille.repair.nopol.NoPol - statement #14
14:43:39.054 [pool-2-thread-1] DEBUG fr.inria.lille.repair.nopol.NoPol - Analysing SourceLocation java_testcases.junit.QuixFixOracleHelper:27 which is executed by 4 tests
14:43:39.054 [pool-2-thread-1] DEBUG fr.inria.lille.repair.nopol.NoPol - cannot spoon SourceLocation java_testcases.junit.QuixFixOracleHelper:27
14:43:39.054 [pool-2-thread-1] DEBUG fr.inria.lille.repair.nopol.NoPol - statement #15
14:43:39.054 [pool-2-thread-1] DEBUG fr.inria.lille.repair.nopol.NoPol - Analysing SourceLocation java_testcases.junit.QuixFixOracleHelper:26 which is executed by 4 tests
14:43:39.054 [pool-2-thread-1] DEBUG fr.inria.lille.repair.nopol.NoPol - cannot spoon SourceLocation java_testcases.junit.QuixFixOracleHelper:26
14:43:39.054 [pool-2-thread-1] DEBUG fr.inria.lille.repair.nopol.NoPol - statement #16
14:43:39.054 [pool-2-thread-1] DEBUG fr.inria.lille.repair.nopol.NoPol - Analysing SourceLocation java_testcases.junit.QuixFixOracleHelper:22 which is executed by 4 tests
14:43:39.054 [pool-2-thread-1] DEBUG fr.inria.lille.repair.nopol.NoPol - cannot spoon SourceLocation java_testcases.junit.QuixFixOracleHelper:22
14:43:39.054 [pool-2-thread-1] DEBUG fr.inria.lille.repair.nopol.NoPol - statement #17
14:43:39.054 [pool-2-thread-1] DEBUG fr.inria.lille.repair.nopol.NoPol - Analysing SourceLocation java_testcases.junit.QuixFixOracleHelper:21 which is executed by 4 tests
14:43:39.054 [pool-2-thread-1] DEBUG fr.inria.lille.repair.nopol.NoPol - cannot spoon SourceLocation java_testcases.junit.QuixFixOracleHelper:21
14:43:39.054 [pool-2-thread-1] DEBUG fr.inria.lille.repair.nopol.NoPol - statement #18
14:43:39.054 [pool-2-thread-1] DEBUG fr.inria.lille.repair.nopol.NoPol - Analysing SourceLocation java_testcases.junit.QuixFixOracleHelper:16 which is executed by 4 tests
14:43:39.055 [pool-2-thread-1] DEBUG fr.inria.lille.repair.nopol.NoPol - cannot spoon SourceLocation java_testcases.junit.QuixFixOracleHelper:16
14:43:39.055 [pool-2-thread-1] DEBUG fr.inria.lille.repair.nopol.NoPol - statement #19
14:43:39.055 [pool-2-thread-1] DEBUG fr.inria.lille.repair.nopol.NoPol - Analysing SourceLocation java_testcases.junit.QuixFixOracleHelper:15 which is executed by 4 tests
14:43:39.055 [pool-2-thread-1] DEBUG fr.inria.lille.repair.nopol.NoPol - cannot spoon SourceLocation java_testcases.junit.QuixFixOracleHelper:15
14:43:39.055 [pool-2-thread-1] DEBUG fr.inria.lille.repair.nopol.NoPol - statement #20
14:43:39.055 [pool-2-thread-1] DEBUG fr.inria.lille.repair.nopol.NoPol - Analysing SourceLocation java_testcases.junit.QuixFixOracleHelper:14 which is executed by 4 tests
14:43:39.055 [pool-2-thread-1] DEBUG fr.inria.lille.repair.nopol.NoPol - cannot spoon SourceLocation java_testcases.junit.QuixFixOracleHelper:14
14:43:39.055 [pool-2-thread-1] DEBUG fr.inria.lille.repair.nopol.NoPol - statement #21
14:43:39.055 [pool-2-thread-1] DEBUG fr.inria.lille.repair.nopol.NoPol - Analysing SourceLocation java_programs.KHEAPSORT:37 which is executed by 4 tests
1558733526
14:43:39.090 [pool-2-thread-1] DEBUG fr.inria.lille.repair.nopol.NoPol - statement #22
14:43:39.091 [pool-2-thread-1] DEBUG fr.inria.lille.repair.nopol.NoPol - Analysing SourceLocation java_programs.KHEAPSORT:33 which is executed by 4 tests
1558733526
14:43:39.124 [pool-2-thread-1] DEBUG fr.inria.lille.repair.nopol.NoPol - looking with class fr.inria.lille.repair.nopol.spoon.smt.ConditionalAdder
org.junit.ComparisonFailure: expected:<[[1,2],3,4,5]> but was:<[[2,2,1,3],3,4,5]>
    at org.junit.Assert.assertEquals(Assert.java:115)
    at org.junit.Assert.assertEquals(Assert.java:144)
    at java_testcases.junit.KHEAPSORT_Test.test_1(KHEAPSORT_Test.java:16)
    at sun.reflect.NativeMethodAccessorImpl.invoke0(Native Method)
    at sun.reflect.NativeMethodAccessorImpl.invoke(NativeMethodAccessorImpl.java:62)
    at sun.reflect.DelegatingMethodAccessorImpl.invoke(DelegatingMethodAccessorImpl.java:43)
org.junit.ComparisonFailure: expected:<[[1,2,3,4],5]> but was:<[[2,3,3,2,1,4,4,5],5]>
    at org.junit.Assert.assertEquals(Assert.java:115)
    at org.junit.Assert.assertEquals(Assert.java:144)
    at java_testcases.junit.KHEAPSORT_Test.test_2(KHEAPSORT_Test.java:23)
    at sun.reflect.NativeMethodAccessorImpl.invoke0(Native Method)
    at sun.reflect.NativeMethodAccessorImpl.invoke(NativeMethodAccessorImpl.java:62)
    at sun.reflect.DelegatingMethodAccessorImpl.invoke(DelegatingMethodAccessorImpl.java:43)
org.junit.ComparisonFailure: expected:<[[1,3,5,6],12]> but was:<[[3,3,5,1,5,6,12],12]>
    at org.junit.Assert.assertEquals(Assert.java:115)
    at org.junit.Assert.assertEquals(Assert.java:144)
    at java_testcases.junit.KHEAPSORT_Test.test_3(KHEAPSORT_Test.java:30)
    at sun.reflect.NativeMethodAccessorImpl.invoke0(Native Method)
    at sun.reflect.NativeMethodAccessorImpl.invoke(NativeMethodAccessorImpl.java:62)
    at sun.reflect.DelegatingMethodAccessorImpl.invoke(DelegatingMethodAccessorImpl.java:43)
org.junit.ComparisonFailure: expected:<[[1,2],3,4,5]> but was:<[[2,2,1,3],3,4,5]>
    at org.junit.Assert.assertEquals(Assert.java:115)
    at org.junit.Assert.assertEquals(Assert.java:144)
    at java_testcases.junit.KHEAPSORT_Test.test_1(KHEAPSORT_Test.java:16)
    at sun.reflect.NativeMethodAccessorImpl.invoke0(Native Method)
    at sun.reflect.NativeMethodAccessorImpl.invoke(NativeMethodAccessorImpl.java:62)
    at sun.reflect.DelegatingMethodAccessorImpl.invoke(DelegatingMethodAccessorImpl.java:43)
org.junit.ComparisonFailure: expected:<[[1,2,3,4],5]> but was:<[[2,3,3,2,1,4,4,5],5]>
    at org.junit.Assert.assertEquals(Assert.java:115)
    at org.junit.Assert.assertEquals(Assert.java:144)
    at java_testcases.junit.KHEAPSORT_Test.test_2(KHEAPSORT_Test.java:23)
    at sun.reflect.NativeMethodAccessorImpl.invoke0(Native Method)
    at sun.reflect.NativeMethodAccessorImpl.invoke(NativeMethodAccessorImpl.java:62)
    at sun.reflect.DelegatingMethodAccessorImpl.invoke(DelegatingMethodAccessorImpl.java:43)
org.junit.ComparisonFailure: expected:<[[1,3,5,6],12]> but was:<[[3,3,5,1,5,6,12],12]>
    at org.junit.Assert.assertEquals(Assert.java:115)
    at org.junit.Assert.assertEquals(Assert.java:144)
    at java_testcases.junit.KHEAPSORT_Test.test_3(KHEAPSORT_Test.java:30)
    at sun.reflect.NativeMethodAccessorImpl.invoke0(Native Method)
    at sun.reflect.NativeMethodAccessorImpl.invoke(NativeMethodAccessorImpl.java:62)
    at sun.reflect.DelegatingMethodAccessorImpl.invoke(DelegatingMethodAccessorImpl.java:43)
org.junit.ComparisonFailure: expected:<[[1,2],3,4,5]> but was:<[[2,2,1,3],3,4,5]>
    at org.junit.Assert.assertEquals(Assert.java:115)
    at org.junit.Assert.assertEquals(Assert.java:144)
    at java_testcases.junit.KHEAPSORT_Test.test_1(KHEAPSORT_Test.java:16)
    at sun.reflect.NativeMethodAccessorImpl.invoke0(Native Method)
    at sun.reflect.NativeMethodAccessorImpl.invoke(NativeMethodAccessorImpl.java:62)
    at sun.reflect.DelegatingMethodAccessorImpl.invoke(DelegatingMethodAccessorImpl.java:43)
org.junit.ComparisonFailure: expected:<[[1,2,3,4],5]> but was:<[[2,3,3,2,1,4,4,5],5]>
    at org.junit.Assert.assertEquals(Assert.java:115)
    at org.junit.Assert.assertEquals(Assert.java:144)
    at java_testcases.junit.KHEAPSORT_Test.test_2(KHEAPSORT_Test.java:23)
    at sun.reflect.NativeMethodAccessorImpl.invoke0(Native Method)
    at sun.reflect.NativeMethodAccessorImpl.invoke(NativeMethodAccessorImpl.java:62)
    at sun.reflect.DelegatingMethodAccessorImpl.invoke(DelegatingMethodAccessorImpl.java:43)
org.junit.ComparisonFailure: expected:<[[1,3,5,6],12]> but was:<[[3,3,5,1,5,6,12],12]>
    at org.junit.Assert.assertEquals(Assert.java:115)
    at org.junit.Assert.assertEquals(Assert.java:144)
    at java_testcases.junit.KHEAPSORT_Test.test_3(KHEAPSORT_Test.java:30)
    at sun.reflect.NativeMethodAccessorImpl.invoke0(Native Method)
    at sun.reflect.NativeMethodAccessorImpl.invoke(NativeMethodAccessorImpl.java:62)
    at sun.reflect.DelegatingMethodAccessorImpl.invoke(DelegatingMethodAccessorImpl.java:43)
14:43:39.134 [pool-20-thread-1] INFO  xxl.java.junit.TestCasesListener - Tests run finished (7 ms)
<> Total tests run: 12
<> Ignored tests: 0
<> Failed tests: 9
~ test_1(java_testcases.junit.KHEAPSORT_Test)
[expected:<[[1,2],3,4,5]> but was:<[[2,2,1,3],3,4,5]>]
org.junit.ComparisonFailure: expected:<[[1,2],3,4,5]> but was:<[[2,2,1,3],3,4,5]>    at org.junit.Assert.assertEquals(Assert.java:115)
    at org.junit.Assert.assertEquals(Assert.java:144)
    at java_testcases.junit.KHEAPSORT_Test.test_1(KHEAPSORT_Test.java:16)
    at sun.reflect.NativeMethodAccessorImpl.invoke0(Native Method)
    at sun.reflect.NativeMethodAccessorImpl.invoke(NativeMethodAccessorImpl.java:62)
    at sun.reflect.DelegatingMethodAccessorImpl.invoke(DelegatingMethodAccessorImpl.java:43)
~ test_2(java_testcases.junit.KHEAPSORT_Test)
[expected:<[[1,2,3,4],5]> but was:<[[2,3,3,2,1,4,4,5],5]>]
org.junit.ComparisonFailure: expected:<[[1,2,3,4],5]> but was:<[[2,3,3,2,1,4,4,5],5]>    at org.junit.Assert.assertEquals(Assert.java:115)
    at org.junit.Assert.assertEquals(Assert.java:144)
    at java_testcases.junit.KHEAPSORT_Test.test_2(KHEAPSORT_Test.java:23)
    at sun.reflect.NativeMethodAccessorImpl.invoke0(Native Method)
    at sun.reflect.NativeMethodAccessorImpl.invoke(NativeMethodAccessorImpl.java:62)
    at sun.reflect.DelegatingMethodAccessorImpl.invoke(DelegatingMethodAccessorImpl.java:43)
~ test_3(java_testcases.junit.KHEAPSORT_Test)
[expected:<[[1,3,5,6],12]> but was:<[[3,3,5,1,5,6,12],12]>]
org.junit.ComparisonFailure: expected:<[[1,3,5,6],12]> but was:<[[3,3,5,1,5,6,12],12]>    at org.junit.Assert.assertEquals(Assert.java:115)
    at org.junit.Assert.assertEquals(Assert.java:144)
    at java_testcases.junit.KHEAPSORT_Test.test_3(KHEAPSORT_Test.java:30)
    at sun.reflect.NativeMethodAccessorImpl.invoke0(Native Method)
    at sun.reflect.NativeMethodAccessorImpl.invoke(NativeMethodAccessorImpl.java:62)
    at sun.reflect.DelegatingMethodAccessorImpl.invoke(DelegatingMethodAccessorImpl.java:43)
~ test_1(java_testcases.junit.KHEAPSORT_Test)
[expected:<[[1,2],3,4,5]> but was:<[[2,2,1,3],3,4,5]>]
org.junit.ComparisonFailure: expected:<[[1,2],3,4,5]> but was:<[[2,2,1,3],3,4,5]>    at org.junit.Assert.assertEquals(Assert.java:115)
    at org.junit.Assert.assertEquals(Assert.java:144)
    at java_testcases.junit.KHEAPSORT_Test.test_1(KHEAPSORT_Test.java:16)
    at sun.reflect.NativeMethodAccessorImpl.invoke0(Native Method)
    at sun.reflect.NativeMethodAccessorImpl.invoke(NativeMethodAccessorImpl.java:62)
    at sun.reflect.DelegatingMethodAccessorImpl.invoke(DelegatingMethodAccessorImpl.java:43)
~ test_2(java_testcases.junit.KHEAPSORT_Test)
[expected:<[[1,2,3,4],5]> but was:<[[2,3,3,2,1,4,4,5],5]>]
org.junit.ComparisonFailure: expected:<[[1,2,3,4],5]> but was:<[[2,3,3,2,1,4,4,5],5]>    at org.junit.Assert.assertEquals(Assert.java:115)
    at org.junit.Assert.assertEquals(Assert.java:144)
    at java_testcases.junit.KHEAPSORT_Test.test_2(KHEAPSORT_Test.java:23)
    at sun.reflect.NativeMethodAccessorImpl.invoke0(Native Method)
    at sun.reflect.NativeMethodAccessorImpl.invoke(NativeMethodAccessorImpl.java:62)
    at sun.reflect.DelegatingMethodAccessorImpl.invoke(DelegatingMethodAccessorImpl.java:43)
~ test_3(java_testcases.junit.KHEAPSORT_Test)
[expected:<[[1,3,5,6],12]> but was:<[[3,3,5,1,5,6,12],12]>]
org.junit.ComparisonFailure: expected:<[[1,3,5,6],12]> but was:<[[3,3,5,1,5,6,12],12]>    at org.junit.Assert.assertEquals(Assert.java:115)
    at org.junit.Assert.assertEquals(Assert.java:144)
    at java_testcases.junit.KHEAPSORT_Test.test_3(KHEAPSORT_Test.java:30)
    at sun.reflect.NativeMethodAccessorImpl.invoke0(Native Method)
    at sun.reflect.NativeMethodAccessorImpl.invoke(NativeMethodAccessorImpl.java:62)
    at sun.reflect.DelegatingMethodAccessorImpl.invoke(DelegatingMethodAccessorImpl.java:43)
~ test_1(java_testcases.junit.KHEAPSORT_Test)
[expected:<[[1,2],3,4,5]> but was:<[[2,2,1,3],3,4,5]>]
org.junit.ComparisonFailure: expected:<[[1,2],3,4,5]> but was:<[[2,2,1,3],3,4,5]>    at org.junit.Assert.assertEquals(Assert.java:115)
    at org.junit.Assert.assertEquals(Assert.java:144)
    at java_testcases.junit.KHEAPSORT_Test.test_1(KHEAPSORT_Test.java:16)
    at sun.reflect.NativeMethodAccessorImpl.invoke0(Native Method)
    at sun.reflect.NativeMethodAccessorImpl.invoke(NativeMethodAccessorImpl.java:62)
    at sun.reflect.DelegatingMethodAccessorImpl.invoke(DelegatingMethodAccessorImpl.java:43)
~ test_2(java_testcases.junit.KHEAPSORT_Test)
[expected:<[[1,2,3,4],5]> but was:<[[2,3,3,2,1,4,4,5],5]>]
org.junit.ComparisonFailure: expected:<[[1,2,3,4],5]> but was:<[[2,3,3,2,1,4,4,5],5]>    at org.junit.Assert.assertEquals(Assert.java:115)
    at org.junit.Assert.assertEquals(Assert.java:144)
    at java_testcases.junit.KHEAPSORT_Test.test_2(KHEAPSORT_Test.java:23)
    at sun.reflect.NativeMethodAccessorImpl.invoke0(Native Method)
    at sun.reflect.NativeMethodAccessorImpl.invoke(NativeMethodAccessorImpl.java:62)
    at sun.reflect.DelegatingMethodAccessorImpl.invoke(DelegatingMethodAccessorImpl.java:43)
~ test_3(java_testcases.junit.KHEAPSORT_Test)
[expected:<[[1,3,5,6],12]> but was:<[[3,3,5,1,5,6,12],12]>]
org.junit.ComparisonFailure: expected:<[[1,3,5,6],12]> but was:<[[3,3,5,1,5,6,12],12]>    at org.junit.Assert.assertEquals(Assert.java:115)
    at org.junit.Assert.assertEquals(Assert.java:144)
    at java_testcases.junit.KHEAPSORT_Test.test_3(KHEAPSORT_Test.java:30)
    at sun.reflect.NativeMethodAccessorImpl.invoke0(Native Method)
    at sun.reflect.NativeMethodAccessorImpl.invoke(NativeMethodAccessorImpl.java:62)
    at sun.reflect.DelegatingMethodAccessorImpl.invoke(DelegatingMethodAccessorImpl.java:43)

org.junit.ComparisonFailure: expected:<[[1,2,3,4,5]]> but was:<[[2,2,1,3,3]]>
    at org.junit.Assert.assertEquals(Assert.java:115)
    at org.junit.Assert.assertEquals(Assert.java:144)
    at java_testcases.junit.KHEAPSORT_Test.test_1(KHEAPSORT_Test.java:16)
    at sun.reflect.NativeMethodAccessorImpl.invoke0(Native Method)
    at sun.reflect.NativeMethodAccessorImpl.invoke(NativeMethodAccessorImpl.java:62)
    at sun.reflect.DelegatingMethodAccessorImpl.invoke(DelegatingMethodAccessorImpl.java:43)
14:43:39.246 [pool-21-thread-1] INFO  f.i.l.c.t.SpecificationTestCasesListener - Tests run finished (1 ms)
<> Total tests run: 1
<> Ignored tests: 0
<> Failed tests: 1
~ test_1(java_testcases.junit.KHEAPSORT_Test)
[expected:<[[1,2,3,4,5]]> but was:<[[2,2,1,3,3]]>]
org.junit.ComparisonFailure: expected:<[[1,2,3,4,5]]> but was:<[[2,2,1,3,3]]>    at org.junit.Assert.assertEquals(Assert.java:115)
    at org.junit.Assert.assertEquals(Assert.java:144)
    at java_testcases.junit.KHEAPSORT_Test.test_1(KHEAPSORT_Test.java:16)
    at sun.reflect.NativeMethodAccessorImpl.invoke0(Native Method)
    at sun.reflect.NativeMethodAccessorImpl.invoke(NativeMethodAccessorImpl.java:62)
    at sun.reflect.DelegatingMethodAccessorImpl.invoke(DelegatingMethodAccessorImpl.java:43)

org.junit.ComparisonFailure: expected:<[[1,3,5,6,12]]> but was:<[[3,3,5,1,5]]>
    at org.junit.Assert.assertEquals(Assert.java:115)
    at org.junit.Assert.assertEquals(Assert.java:144)
    at java_testcases.junit.KHEAPSORT_Test.test_3(KHEAPSORT_Test.java:30)
    at sun.reflect.NativeMethodAccessorImpl.invoke0(Native Method)
    at sun.reflect.NativeMethodAccessorImpl.invoke(NativeMethodAccessorImpl.java:62)
    at sun.reflect.DelegatingMethodAccessorImpl.invoke(DelegatingMethodAccessorImpl.java:43)
14:43:39.248 [pool-22-thread-1] INFO  f.i.l.c.t.SpecificationTestCasesListener - Tests run finished (1 ms)
<> Total tests run: 1
<> Ignored tests: 0
<> Failed tests: 1
~ test_3(java_testcases.junit.KHEAPSORT_Test)
[expected:<[[1,3,5,6,12]]> but was:<[[3,3,5,1,5]]>]
org.junit.ComparisonFailure: expected:<[[1,3,5,6,12]]> but was:<[[3,3,5,1,5]]>    at org.junit.Assert.assertEquals(Assert.java:115)
    at org.junit.Assert.assertEquals(Assert.java:144)
    at java_testcases.junit.KHEAPSORT_Test.test_3(KHEAPSORT_Test.java:30)
    at sun.reflect.NativeMethodAccessorImpl.invoke0(Native Method)
    at sun.reflect.NativeMethodAccessorImpl.invoke(NativeMethodAccessorImpl.java:62)
    at sun.reflect.DelegatingMethodAccessorImpl.invoke(DelegatingMethodAccessorImpl.java:43)

org.junit.ComparisonFailure: expected:<[[1,2,3,4,5]]> but was:<[[2,3,3,2,1]]>
    at org.junit.Assert.assertEquals(Assert.java:115)
    at org.junit.Assert.assertEquals(Assert.java:144)
    at java_testcases.junit.KHEAPSORT_Test.test_2(KHEAPSORT_Test.java:23)
    at sun.reflect.NativeMethodAccessorImpl.invoke0(Native Method)
    at sun.reflect.NativeMethodAccessorImpl.invoke(NativeMethodAccessorImpl.java:62)
    at sun.reflect.DelegatingMethodAccessorImpl.invoke(DelegatingMethodAccessorImpl.java:43)
14:43:39.249 [pool-23-thread-1] INFO  f.i.l.c.t.SpecificationTestCasesListener - Tests run finished (0 ms)
<> Total tests run: 1
<> Ignored tests: 0
<> Failed tests: 1
~ test_2(java_testcases.junit.KHEAPSORT_Test)
[expected:<[[1,2,3,4,5]]> but was:<[[2,3,3,2,1]]>]
org.junit.ComparisonFailure: expected:<[[1,2,3,4,5]]> but was:<[[2,3,3,2,1]]>    at org.junit.Assert.assertEquals(Assert.java:115)
    at org.junit.Assert.assertEquals(Assert.java:144)
    at java_testcases.junit.KHEAPSORT_Test.test_2(KHEAPSORT_Test.java:23)
    at sun.reflect.NativeMethodAccessorImpl.invoke0(Native Method)
    at sun.reflect.NativeMethodAccessorImpl.invoke(NativeMethodAccessorImpl.java:62)
    at sun.reflect.DelegatingMethodAccessorImpl.invoke(DelegatingMethodAccessorImpl.java:43)

org.junit.ComparisonFailure: expected:<[[1,2],3,4,5]> but was:<[[2,2,1,3],3,4,5]>
    at org.junit.Assert.assertEquals(Assert.java:115)
    at org.junit.Assert.assertEquals(Assert.java:144)
    at java_testcases.junit.KHEAPSORT_Test.test_1(KHEAPSORT_Test.java:16)
    at sun.reflect.NativeMethodAccessorImpl.invoke0(Native Method)
    at sun.reflect.NativeMethodAccessorImpl.invoke(NativeMethodAccessorImpl.java:62)
    at sun.reflect.DelegatingMethodAccessorImpl.invoke(DelegatingMethodAccessorImpl.java:43)
14:43:39.259 [pool-24-thread-1] INFO  f.i.l.c.t.SpecificationTestCasesListener - Tests run finished (9 ms)
<> Total tests run: 1
<> Ignored tests: 0
<> Failed tests: 1
~ test_1(java_testcases.junit.KHEAPSORT_Test)
[expected:<[[1,2],3,4,5]> but was:<[[2,2,1,3],3,4,5]>]
org.junit.ComparisonFailure: expected:<[[1,2],3,4,5]> but was:<[[2,2,1,3],3,4,5]>    at org.junit.Assert.assertEquals(Assert.java:115)
    at org.junit.Assert.assertEquals(Assert.java:144)
    at java_testcases.junit.KHEAPSORT_Test.test_1(KHEAPSORT_Test.java:16)
    at sun.reflect.NativeMethodAccessorImpl.invoke0(Native Method)
    at sun.reflect.NativeMethodAccessorImpl.invoke(NativeMethodAccessorImpl.java:62)
    at sun.reflect.DelegatingMethodAccessorImpl.invoke(DelegatingMethodAccessorImpl.java:43)

org.junit.ComparisonFailure: expected:<[[1,3,5,6],12]> but was:<[[3,3,5,1,5,6,12],12]>
    at org.junit.Assert.assertEquals(Assert.java:115)
    at org.junit.Assert.assertEquals(Assert.java:144)
    at java_testcases.junit.KHEAPSORT_Test.test_3(KHEAPSORT_Test.java:30)
    at sun.reflect.NativeMethodAccessorImpl.invoke0(Native Method)
    at sun.reflect.NativeMethodAccessorImpl.invoke(NativeMethodAccessorImpl.java:62)
    at sun.reflect.DelegatingMethodAccessorImpl.invoke(DelegatingMethodAccessorImpl.java:43)
14:43:39.261 [pool-25-thread-1] INFO  f.i.l.c.t.SpecificationTestCasesListener - Tests run finished (1 ms)
<> Total tests run: 1
<> Ignored tests: 0
<> Failed tests: 1
~ test_3(java_testcases.junit.KHEAPSORT_Test)
[expected:<[[1,3,5,6],12]> but was:<[[3,3,5,1,5,6,12],12]>]
org.junit.ComparisonFailure: expected:<[[1,3,5,6],12]> but was:<[[3,3,5,1,5,6,12],12]>    at org.junit.Assert.assertEquals(Assert.java:115)
    at org.junit.Assert.assertEquals(Assert.java:144)
    at java_testcases.junit.KHEAPSORT_Test.test_3(KHEAPSORT_Test.java:30)
    at sun.reflect.NativeMethodAccessorImpl.invoke0(Native Method)
    at sun.reflect.NativeMethodAccessorImpl.invoke(NativeMethodAccessorImpl.java:62)
    at sun.reflect.DelegatingMethodAccessorImpl.invoke(DelegatingMethodAccessorImpl.java:43)

org.junit.ComparisonFailure: expected:<[[1,2,3,4],5]> but was:<[[2,3,3,2,1,4,4,5],5]>
    at org.junit.Assert.assertEquals(Assert.java:115)
    at org.junit.Assert.assertEquals(Assert.java:144)
    at java_testcases.junit.KHEAPSORT_Test.test_2(KHEAPSORT_Test.java:23)
    at sun.reflect.NativeMethodAccessorImpl.invoke0(Native Method)
    at sun.reflect.NativeMethodAccessorImpl.invoke(NativeMethodAccessorImpl.java:62)
    at sun.reflect.DelegatingMethodAccessorImpl.invoke(DelegatingMethodAccessorImpl.java:43)
14:43:39.262 [pool-26-thread-1] INFO  f.i.l.c.t.SpecificationTestCasesListener - Tests run finished (0 ms)
<> Total tests run: 1
<> Ignored tests: 0
<> Failed tests: 1
~ test_2(java_testcases.junit.KHEAPSORT_Test)
[expected:<[[1,2,3,4],5]> but was:<[[2,3,3,2,1,4,4,5],5]>]
org.junit.ComparisonFailure: expected:<[[1,2,3,4],5]> but was:<[[2,3,3,2,1,4,4,5],5]>    at org.junit.Assert.assertEquals(Assert.java:115)
    at org.junit.Assert.assertEquals(Assert.java:144)
    at java_testcases.junit.KHEAPSORT_Test.test_2(KHEAPSORT_Test.java:23)
    at sun.reflect.NativeMethodAccessorImpl.invoke0(Native Method)
    at sun.reflect.NativeMethodAccessorImpl.invoke(NativeMethodAccessorImpl.java:62)
    at sun.reflect.DelegatingMethodAccessorImpl.invoke(DelegatingMethodAccessorImpl.java:43)

14:43:39.263 [pool-19-thread-1] DEBUG tests.output - Failing tests with false: 
[test_1(java_testcases.junit.KHEAPSORT_Test): expected:<[[1,2,3,4,5]]> but was:<[[2,2,1,3,3]]>, test_3(java_testcases.junit.KHEAPSORT_Test): expected:<[[1,3,5,6,12]]> but was:<[[3,3,5,1,5]]>, test_2(java_testcases.junit.KHEAPSORT_Test): expected:<[[1,2,3,4,5]]> but was:<[[2,3,3,2,1]]>]
14:43:39.263 [pool-19-thread-1] DEBUG tests.output - Failing tests with true: 
[test_1(java_testcases.junit.KHEAPSORT_Test): expected:<[[1,2],3,4,5]> but was:<[[2,2,1,3],3,4,5]>, test_3(java_testcases.junit.KHEAPSORT_Test): expected:<[[1,3,5,6],12]> but was:<[[3,3,5,1,5,6,12],12]>, test_2(java_testcases.junit.KHEAPSORT_Test): expected:<[[1,2,3,4],5]> but was:<[[2,3,3,2,1,4,4,5],5]>]
14:43:39.263 [pool-19-thread-1] INFO  f.i.l.r.n.synth.SMTNopolSynthesizer - Not enough specifications: 0. A trivial patch is "true" or "false", please write new tests specifying SourceLocation java_programs.KHEAPSORT:33.
14:43:39.263 [pool-2-thread-1] DEBUG fr.inria.lille.repair.nopol.NoPol - statement #23
14:43:39.264 [pool-2-thread-1] DEBUG fr.inria.lille.repair.nopol.NoPol - Analysing SourceLocation java_programs.KHEAPSORT:31 which is executed by 4 tests
1558733526
14:43:39.299 [pool-2-thread-1] DEBUG fr.inria.lille.repair.nopol.NoPol - statement #24
14:43:39.299 [pool-2-thread-1] DEBUG fr.inria.lille.repair.nopol.NoPol - Analysing SourceLocation java_programs.KHEAPSORT:30 which is executed by 4 tests
1558733526
14:43:39.332 [pool-2-thread-1] DEBUG fr.inria.lille.repair.nopol.NoPol - looking with class fr.inria.lille.repair.nopol.spoon.smt.ConditionalAdder
org.junit.ComparisonFailure: expected:<[[1,2],3,4,5]> but was:<[[2,2,1,3],3,4,5]>
    at org.junit.Assert.assertEquals(Assert.java:115)
    at org.junit.Assert.assertEquals(Assert.java:144)
    at java_testcases.junit.KHEAPSORT_Test.test_1(KHEAPSORT_Test.java:16)
    at sun.reflect.NativeMethodAccessorImpl.invoke0(Native Method)
    at sun.reflect.NativeMethodAccessorImpl.invoke(NativeMethodAccessorImpl.java:62)
    at sun.reflect.DelegatingMethodAccessorImpl.invoke(DelegatingMethodAccessorImpl.java:43)
org.junit.ComparisonFailure: expected:<[[1,2,3,4],5]> but was:<[[2,3,3,2,1,4,4,5],5]>
    at org.junit.Assert.assertEquals(Assert.java:115)
    at org.junit.Assert.assertEquals(Assert.java:144)
    at java_testcases.junit.KHEAPSORT_Test.test_2(KHEAPSORT_Test.java:23)
    at sun.reflect.NativeMethodAccessorImpl.invoke0(Native Method)
    at sun.reflect.NativeMethodAccessorImpl.invoke(NativeMethodAccessorImpl.java:62)
    at sun.reflect.DelegatingMethodAccessorImpl.invoke(DelegatingMethodAccessorImpl.java:43)
org.junit.ComparisonFailure: expected:<[[1,3,5,6],12]> but was:<[[3,3,5,1,5,6,12],12]>
    at org.junit.Assert.assertEquals(Assert.java:115)
    at org.junit.Assert.assertEquals(Assert.java:144)
    at java_testcases.junit.KHEAPSORT_Test.test_3(KHEAPSORT_Test.java:30)
    at sun.reflect.NativeMethodAccessorImpl.invoke0(Native Method)
    at sun.reflect.NativeMethodAccessorImpl.invoke(NativeMethodAccessorImpl.java:62)
    at sun.reflect.DelegatingMethodAccessorImpl.invoke(DelegatingMethodAccessorImpl.java:43)
org.junit.ComparisonFailure: expected:<[[1,2],3,4,5]> but was:<[[2,2,1,3],3,4,5]>
    at org.junit.Assert.assertEquals(Assert.java:115)
    at org.junit.Assert.assertEquals(Assert.java:144)
    at java_testcases.junit.KHEAPSORT_Test.test_1(KHEAPSORT_Test.java:16)
    at sun.reflect.NativeMethodAccessorImpl.invoke0(Native Method)
    at sun.reflect.NativeMethodAccessorImpl.invoke(NativeMethodAccessorImpl.java:62)
    at sun.reflect.DelegatingMethodAccessorImpl.invoke(DelegatingMethodAccessorImpl.java:43)
org.junit.ComparisonFailure: expected:<[[1,2,3,4],5]> but was:<[[2,3,3,2,1,4,4,5],5]>
    at org.junit.Assert.assertEquals(Assert.java:115)
    at org.junit.Assert.assertEquals(Assert.java:144)
    at java_testcases.junit.KHEAPSORT_Test.test_2(KHEAPSORT_Test.java:23)
    at sun.reflect.NativeMethodAccessorImpl.invoke0(Native Method)
    at sun.reflect.NativeMethodAccessorImpl.invoke(NativeMethodAccessorImpl.java:62)
    at sun.reflect.DelegatingMethodAccessorImpl.invoke(DelegatingMethodAccessorImpl.java:43)
org.junit.ComparisonFailure: expected:<[[1,3,5,6],12]> but was:<[[3,3,5,1,5,6,12],12]>
    at org.junit.Assert.assertEquals(Assert.java:115)
    at org.junit.Assert.assertEquals(Assert.java:144)
    at java_testcases.junit.KHEAPSORT_Test.test_3(KHEAPSORT_Test.java:30)
    at sun.reflect.NativeMethodAccessorImpl.invoke0(Native Method)
    at sun.reflect.NativeMethodAccessorImpl.invoke(NativeMethodAccessorImpl.java:62)
    at sun.reflect.DelegatingMethodAccessorImpl.invoke(DelegatingMethodAccessorImpl.java:43)
org.junit.ComparisonFailure: expected:<[[1,2],3,4,5]> but was:<[[2,2,1,3],3,4,5]>
    at org.junit.Assert.assertEquals(Assert.java:115)
    at org.junit.Assert.assertEquals(Assert.java:144)
    at java_testcases.junit.KHEAPSORT_Test.test_1(KHEAPSORT_Test.java:16)
    at sun.reflect.NativeMethodAccessorImpl.invoke0(Native Method)
    at sun.reflect.NativeMethodAccessorImpl.invoke(NativeMethodAccessorImpl.java:62)
    at sun.reflect.DelegatingMethodAccessorImpl.invoke(DelegatingMethodAccessorImpl.java:43)
org.junit.ComparisonFailure: expected:<[[1,2,3,4],5]> but was:<[[2,3,3,2,1,4,4,5],5]>
    at org.junit.Assert.assertEquals(Assert.java:115)
    at org.junit.Assert.assertEquals(Assert.java:144)
    at java_testcases.junit.KHEAPSORT_Test.test_2(KHEAPSORT_Test.java:23)
    at sun.reflect.NativeMethodAccessorImpl.invoke0(Native Method)
    at sun.reflect.NativeMethodAccessorImpl.invoke(NativeMethodAccessorImpl.java:62)
    at sun.reflect.DelegatingMethodAccessorImpl.invoke(DelegatingMethodAccessorImpl.java:43)
org.junit.ComparisonFailure: expected:<[[1,3,5,6],12]> but was:<[[3,3,5,1,5,6,12],12]>
    at org.junit.Assert.assertEquals(Assert.java:115)
    at org.junit.Assert.assertEquals(Assert.java:144)
    at java_testcases.junit.KHEAPSORT_Test.test_3(KHEAPSORT_Test.java:30)
    at sun.reflect.NativeMethodAccessorImpl.invoke0(Native Method)
    at sun.reflect.NativeMethodAccessorImpl.invoke(NativeMethodAccessorImpl.java:62)
    at sun.reflect.DelegatingMethodAccessorImpl.invoke(DelegatingMethodAccessorImpl.java:43)
14:43:39.341 [pool-28-thread-1] INFO  xxl.java.junit.TestCasesListener - Tests run finished (6 ms)
<> Total tests run: 12
<> Ignored tests: 0
<> Failed tests: 9
~ test_1(java_testcases.junit.KHEAPSORT_Test)
[expected:<[[1,2],3,4,5]> but was:<[[2,2,1,3],3,4,5]>]
org.junit.ComparisonFailure: expected:<[[1,2],3,4,5]> but was:<[[2,2,1,3],3,4,5]>    at org.junit.Assert.assertEquals(Assert.java:115)
    at org.junit.Assert.assertEquals(Assert.java:144)
    at java_testcases.junit.KHEAPSORT_Test.test_1(KHEAPSORT_Test.java:16)
    at sun.reflect.NativeMethodAccessorImpl.invoke0(Native Method)
    at sun.reflect.NativeMethodAccessorImpl.invoke(NativeMethodAccessorImpl.java:62)
    at sun.reflect.DelegatingMethodAccessorImpl.invoke(DelegatingMethodAccessorImpl.java:43)
~ test_2(java_testcases.junit.KHEAPSORT_Test)
[expected:<[[1,2,3,4],5]> but was:<[[2,3,3,2,1,4,4,5],5]>]
org.junit.ComparisonFailure: expected:<[[1,2,3,4],5]> but was:<[[2,3,3,2,1,4,4,5],5]>    at org.junit.Assert.assertEquals(Assert.java:115)
    at org.junit.Assert.assertEquals(Assert.java:144)
    at java_testcases.junit.KHEAPSORT_Test.test_2(KHEAPSORT_Test.java:23)
    at sun.reflect.NativeMethodAccessorImpl.invoke0(Native Method)
    at sun.reflect.NativeMethodAccessorImpl.invoke(NativeMethodAccessorImpl.java:62)
    at sun.reflect.DelegatingMethodAccessorImpl.invoke(DelegatingMethodAccessorImpl.java:43)
~ test_3(java_testcases.junit.KHEAPSORT_Test)
[expected:<[[1,3,5,6],12]> but was:<[[3,3,5,1,5,6,12],12]>]
org.junit.ComparisonFailure: expected:<[[1,3,5,6],12]> but was:<[[3,3,5,1,5,6,12],12]>    at org.junit.Assert.assertEquals(Assert.java:115)
    at org.junit.Assert.assertEquals(Assert.java:144)
    at java_testcases.junit.KHEAPSORT_Test.test_3(KHEAPSORT_Test.java:30)
    at sun.reflect.NativeMethodAccessorImpl.invoke0(Native Method)
    at sun.reflect.NativeMethodAccessorImpl.invoke(NativeMethodAccessorImpl.java:62)
    at sun.reflect.DelegatingMethodAccessorImpl.invoke(DelegatingMethodAccessorImpl.java:43)
~ test_1(java_testcases.junit.KHEAPSORT_Test)
[expected:<[[1,2],3,4,5]> but was:<[[2,2,1,3],3,4,5]>]
org.junit.ComparisonFailure: expected:<[[1,2],3,4,5]> but was:<[[2,2,1,3],3,4,5]>    at org.junit.Assert.assertEquals(Assert.java:115)
    at org.junit.Assert.assertEquals(Assert.java:144)
    at java_testcases.junit.KHEAPSORT_Test.test_1(KHEAPSORT_Test.java:16)
    at sun.reflect.NativeMethodAccessorImpl.invoke0(Native Method)
    at sun.reflect.NativeMethodAccessorImpl.invoke(NativeMethodAccessorImpl.java:62)
    at sun.reflect.DelegatingMethodAccessorImpl.invoke(DelegatingMethodAccessorImpl.java:43)
~ test_2(java_testcases.junit.KHEAPSORT_Test)
[expected:<[[1,2,3,4],5]> but was:<[[2,3,3,2,1,4,4,5],5]>]
org.junit.ComparisonFailure: expected:<[[1,2,3,4],5]> but was:<[[2,3,3,2,1,4,4,5],5]>    at org.junit.Assert.assertEquals(Assert.java:115)
    at org.junit.Assert.assertEquals(Assert.java:144)
    at java_testcases.junit.KHEAPSORT_Test.test_2(KHEAPSORT_Test.java:23)
    at sun.reflect.NativeMethodAccessorImpl.invoke0(Native Method)
    at sun.reflect.NativeMethodAccessorImpl.invoke(NativeMethodAccessorImpl.java:62)
    at sun.reflect.DelegatingMethodAccessorImpl.invoke(DelegatingMethodAccessorImpl.java:43)
~ test_3(java_testcases.junit.KHEAPSORT_Test)
[expected:<[[1,3,5,6],12]> but was:<[[3,3,5,1,5,6,12],12]>]
org.junit.ComparisonFailure: expected:<[[1,3,5,6],12]> but was:<[[3,3,5,1,5,6,12],12]>    at org.junit.Assert.assertEquals(Assert.java:115)
    at org.junit.Assert.assertEquals(Assert.java:144)
    at java_testcases.junit.KHEAPSORT_Test.test_3(KHEAPSORT_Test.java:30)
    at sun.reflect.NativeMethodAccessorImpl.invoke0(Native Method)
    at sun.reflect.NativeMethodAccessorImpl.invoke(NativeMethodAccessorImpl.java:62)
    at sun.reflect.DelegatingMethodAccessorImpl.invoke(DelegatingMethodAccessorImpl.java:43)
~ test_1(java_testcases.junit.KHEAPSORT_Test)
[expected:<[[1,2],3,4,5]> but was:<[[2,2,1,3],3,4,5]>]
org.junit.ComparisonFailure: expected:<[[1,2],3,4,5]> but was:<[[2,2,1,3],3,4,5]>    at org.junit.Assert.assertEquals(Assert.java:115)
    at org.junit.Assert.assertEquals(Assert.java:144)
    at java_testcases.junit.KHEAPSORT_Test.test_1(KHEAPSORT_Test.java:16)
    at sun.reflect.NativeMethodAccessorImpl.invoke0(Native Method)
    at sun.reflect.NativeMethodAccessorImpl.invoke(NativeMethodAccessorImpl.java:62)
    at sun.reflect.DelegatingMethodAccessorImpl.invoke(DelegatingMethodAccessorImpl.java:43)
~ test_2(java_testcases.junit.KHEAPSORT_Test)
[expected:<[[1,2,3,4],5]> but was:<[[2,3,3,2,1,4,4,5],5]>]
org.junit.ComparisonFailure: expected:<[[1,2,3,4],5]> but was:<[[2,3,3,2,1,4,4,5],5]>    at org.junit.Assert.assertEquals(Assert.java:115)
    at org.junit.Assert.assertEquals(Assert.java:144)
    at java_testcases.junit.KHEAPSORT_Test.test_2(KHEAPSORT_Test.java:23)
    at sun.reflect.NativeMethodAccessorImpl.invoke0(Native Method)
    at sun.reflect.NativeMethodAccessorImpl.invoke(NativeMethodAccessorImpl.java:62)
    at sun.reflect.DelegatingMethodAccessorImpl.invoke(DelegatingMethodAccessorImpl.java:43)
~ test_3(java_testcases.junit.KHEAPSORT_Test)
[expected:<[[1,3,5,6],12]> but was:<[[3,3,5,1,5,6,12],12]>]
org.junit.ComparisonFailure: expected:<[[1,3,5,6],12]> but was:<[[3,3,5,1,5,6,12],12]>    at org.junit.Assert.assertEquals(Assert.java:115)
    at org.junit.Assert.assertEquals(Assert.java:144)
    at java_testcases.junit.KHEAPSORT_Test.test_3(KHEAPSORT_Test.java:30)
    at sun.reflect.NativeMethodAccessorImpl.invoke0(Native Method)
    at sun.reflect.NativeMethodAccessorImpl.invoke(NativeMethodAccessorImpl.java:62)
    at sun.reflect.DelegatingMethodAccessorImpl.invoke(DelegatingMethodAccessorImpl.java:43)

org.junit.ComparisonFailure: expected:<[[1,2,3,]4,5]> but was:<[[]4,5]>
    at org.junit.Assert.assertEquals(Assert.java:115)
    at org.junit.Assert.assertEquals(Assert.java:144)
    at java_testcases.junit.KHEAPSORT_Test.test_1(KHEAPSORT_Test.java:16)
    at sun.reflect.NativeMethodAccessorImpl.invoke0(Native Method)
    at sun.reflect.NativeMethodAccessorImpl.invoke(NativeMethodAccessorImpl.java:62)
    at sun.reflect.DelegatingMethodAccessorImpl.invoke(DelegatingMethodAccessorImpl.java:43)
14:43:39.462 [pool-29-thread-1] INFO  f.i.l.c.t.SpecificationTestCasesListener - Tests run finished (2 ms)
<> Total tests run: 1
<> Ignored tests: 0
<> Failed tests: 1
~ test_1(java_testcases.junit.KHEAPSORT_Test)
[expected:<[[1,2,3,]4,5]> but was:<[[]4,5]>]
org.junit.ComparisonFailure: expected:<[[1,2,3,]4,5]> but was:<[[]4,5]>    at org.junit.Assert.assertEquals(Assert.java:115)
    at org.junit.Assert.assertEquals(Assert.java:144)
    at java_testcases.junit.KHEAPSORT_Test.test_1(KHEAPSORT_Test.java:16)
    at sun.reflect.NativeMethodAccessorImpl.invoke0(Native Method)
    at sun.reflect.NativeMethodAccessorImpl.invoke(NativeMethodAccessorImpl.java:62)
    at sun.reflect.DelegatingMethodAccessorImpl.invoke(DelegatingMethodAccessorImpl.java:43)

org.junit.ComparisonFailure: expected:<[[1,3,5,6],12]> but was:<[[6,12],12]>
    at org.junit.Assert.assertEquals(Assert.java:115)
    at org.junit.Assert.assertEquals(Assert.java:144)
    at java_testcases.junit.KHEAPSORT_Test.test_3(KHEAPSORT_Test.java:30)
    at sun.reflect.NativeMethodAccessorImpl.invoke0(Native Method)
    at sun.reflect.NativeMethodAccessorImpl.invoke(NativeMethodAccessorImpl.java:62)
    at sun.reflect.DelegatingMethodAccessorImpl.invoke(DelegatingMethodAccessorImpl.java:43)
14:43:39.463 [pool-30-thread-1] INFO  f.i.l.c.t.SpecificationTestCasesListener - Tests run finished (0 ms)
<> Total tests run: 1
<> Ignored tests: 0
<> Failed tests: 1
~ test_3(java_testcases.junit.KHEAPSORT_Test)
[expected:<[[1,3,5,6],12]> but was:<[[6,12],12]>]
org.junit.ComparisonFailure: expected:<[[1,3,5,6],12]> but was:<[[6,12],12]>    at org.junit.Assert.assertEquals(Assert.java:115)
    at org.junit.Assert.assertEquals(Assert.java:144)
    at java_testcases.junit.KHEAPSORT_Test.test_3(KHEAPSORT_Test.java:30)
    at sun.reflect.NativeMethodAccessorImpl.invoke0(Native Method)
    at sun.reflect.NativeMethodAccessorImpl.invoke(NativeMethodAccessorImpl.java:62)
    at sun.reflect.DelegatingMethodAccessorImpl.invoke(DelegatingMethodAccessorImpl.java:43)

org.junit.ComparisonFailure: expected:<[[1,2,3,4],5]> but was:<[[4,4,5],5]>
    at org.junit.Assert.assertEquals(Assert.java:115)
    at org.junit.Assert.assertEquals(Assert.java:144)
    at java_testcases.junit.KHEAPSORT_Test.test_2(KHEAPSORT_Test.java:23)
    at sun.reflect.NativeMethodAccessorImpl.invoke0(Native Method)
    at sun.reflect.NativeMethodAccessorImpl.invoke(NativeMethodAccessorImpl.java:62)
    at sun.reflect.DelegatingMethodAccessorImpl.invoke(DelegatingMethodAccessorImpl.java:43)
14:43:39.464 [pool-31-thread-1] INFO  f.i.l.c.t.SpecificationTestCasesListener - Tests run finished (0 ms)
<> Total tests run: 1
<> Ignored tests: 0
<> Failed tests: 1
~ test_2(java_testcases.junit.KHEAPSORT_Test)
[expected:<[[1,2,3,4],5]> but was:<[[4,4,5],5]>]
org.junit.ComparisonFailure: expected:<[[1,2,3,4],5]> but was:<[[4,4,5],5]>    at org.junit.Assert.assertEquals(Assert.java:115)
    at org.junit.Assert.assertEquals(Assert.java:144)
    at java_testcases.junit.KHEAPSORT_Test.test_2(KHEAPSORT_Test.java:23)
    at sun.reflect.NativeMethodAccessorImpl.invoke0(Native Method)
    at sun.reflect.NativeMethodAccessorImpl.invoke(NativeMethodAccessorImpl.java:62)
    at sun.reflect.DelegatingMethodAccessorImpl.invoke(DelegatingMethodAccessorImpl.java:43)

org.junit.ComparisonFailure: expected:<[[1,2],3,4,5]> but was:<[[2,2,1,3],3,4,5]>
    at org.junit.Assert.assertEquals(Assert.java:115)
    at org.junit.Assert.assertEquals(Assert.java:144)
    at java_testcases.junit.KHEAPSORT_Test.test_1(KHEAPSORT_Test.java:16)
    at sun.reflect.NativeMethodAccessorImpl.invoke0(Native Method)
    at sun.reflect.NativeMethodAccessorImpl.invoke(NativeMethodAccessorImpl.java:62)
    at sun.reflect.DelegatingMethodAccessorImpl.invoke(DelegatingMethodAccessorImpl.java:43)
14:43:39.465 [pool-32-thread-1] INFO  f.i.l.c.t.SpecificationTestCasesListener - Tests run finished (0 ms)
<> Total tests run: 1
<> Ignored tests: 0
<> Failed tests: 1
~ test_1(java_testcases.junit.KHEAPSORT_Test)
[expected:<[[1,2],3,4,5]> but was:<[[2,2,1,3],3,4,5]>]
org.junit.ComparisonFailure: expected:<[[1,2],3,4,5]> but was:<[[2,2,1,3],3,4,5]>    at org.junit.Assert.assertEquals(Assert.java:115)
    at org.junit.Assert.assertEquals(Assert.java:144)
    at java_testcases.junit.KHEAPSORT_Test.test_1(KHEAPSORT_Test.java:16)
    at sun.reflect.NativeMethodAccessorImpl.invoke0(Native Method)
    at sun.reflect.NativeMethodAccessorImpl.invoke(NativeMethodAccessorImpl.java:62)
    at sun.reflect.DelegatingMethodAccessorImpl.invoke(DelegatingMethodAccessorImpl.java:43)

org.junit.ComparisonFailure: expected:<[[1,3,5,6],12]> but was:<[[3,3,5,1,5,6,12],12]>
    at org.junit.Assert.assertEquals(Assert.java:115)
    at org.junit.Assert.assertEquals(Assert.java:144)
    at java_testcases.junit.KHEAPSORT_Test.test_3(KHEAPSORT_Test.java:30)
    at sun.reflect.NativeMethodAccessorImpl.invoke0(Native Method)
    at sun.reflect.NativeMethodAccessorImpl.invoke(NativeMethodAccessorImpl.java:62)
    at sun.reflect.DelegatingMethodAccessorImpl.invoke(DelegatingMethodAccessorImpl.java:43)
14:43:39.466 [pool-33-thread-1] INFO  f.i.l.c.t.SpecificationTestCasesListener - Tests run finished (0 ms)
<> Total tests run: 1
<> Ignored tests: 0
<> Failed tests: 1
~ test_3(java_testcases.junit.KHEAPSORT_Test)
[expected:<[[1,3,5,6],12]> but was:<[[3,3,5,1,5,6,12],12]>]
org.junit.ComparisonFailure: expected:<[[1,3,5,6],12]> but was:<[[3,3,5,1,5,6,12],12]>    at org.junit.Assert.assertEquals(Assert.java:115)
    at org.junit.Assert.assertEquals(Assert.java:144)
    at java_testcases.junit.KHEAPSORT_Test.test_3(KHEAPSORT_Test.java:30)
    at sun.reflect.NativeMethodAccessorImpl.invoke0(Native Method)
    at sun.reflect.NativeMethodAccessorImpl.invoke(NativeMethodAccessorImpl.java:62)
    at sun.reflect.DelegatingMethodAccessorImpl.invoke(DelegatingMethodAccessorImpl.java:43)

org.junit.ComparisonFailure: expected:<[[1,2,3,4],5]> but was:<[[2,3,3,2,1,4,4,5],5]>
    at org.junit.Assert.assertEquals(Assert.java:115)
    at org.junit.Assert.assertEquals(Assert.java:144)
    at java_testcases.junit.KHEAPSORT_Test.test_2(KHEAPSORT_Test.java:23)
    at sun.reflect.NativeMethodAccessorImpl.invoke0(Native Method)
    at sun.reflect.NativeMethodAccessorImpl.invoke(NativeMethodAccessorImpl.java:62)
    at sun.reflect.DelegatingMethodAccessorImpl.invoke(DelegatingMethodAccessorImpl.java:43)
14:43:39.468 [pool-34-thread-1] INFO  f.i.l.c.t.SpecificationTestCasesListener - Tests run finished (1 ms)
<> Total tests run: 1
<> Ignored tests: 0
<> Failed tests: 1
~ test_2(java_testcases.junit.KHEAPSORT_Test)
[expected:<[[1,2,3,4],5]> but was:<[[2,3,3,2,1,4,4,5],5]>]
org.junit.ComparisonFailure: expected:<[[1,2,3,4],5]> but was:<[[2,3,3,2,1,4,4,5],5]>    at org.junit.Assert.assertEquals(Assert.java:115)
    at org.junit.Assert.assertEquals(Assert.java:144)
    at java_testcases.junit.KHEAPSORT_Test.test_2(KHEAPSORT_Test.java:23)
    at sun.reflect.NativeMethodAccessorImpl.invoke0(Native Method)
    at sun.reflect.NativeMethodAccessorImpl.invoke(NativeMethodAccessorImpl.java:62)
    at sun.reflect.DelegatingMethodAccessorImpl.invoke(DelegatingMethodAccessorImpl.java:43)

14:43:39.469 [pool-27-thread-1] DEBUG tests.output - Failing tests with false: 
[test_1(java_testcases.junit.KHEAPSORT_Test): expected:<[[1,2,3,]4,5]> but was:<[[]4,5]>, test_3(java_testcases.junit.KHEAPSORT_Test): expected:<[[1,3,5,6],12]> but was:<[[6,12],12]>, test_2(java_testcases.junit.KHEAPSORT_Test): expected:<[[1,2,3,4],5]> but was:<[[4,4,5],5]>]
14:43:39.469 [pool-27-thread-1] DEBUG tests.output - Failing tests with true: 
[test_1(java_testcases.junit.KHEAPSORT_Test): expected:<[[1,2],3,4,5]> but was:<[[2,2,1,3],3,4,5]>, test_3(java_testcases.junit.KHEAPSORT_Test): expected:<[[1,3,5,6],12]> but was:<[[3,3,5,1,5,6,12],12]>, test_2(java_testcases.junit.KHEAPSORT_Test): expected:<[[1,2,3,4],5]> but was:<[[2,3,3,2,1,4,4,5],5]>]
14:43:39.469 [pool-27-thread-1] INFO  f.i.l.r.n.synth.SMTNopolSynthesizer - Not enough specifications: 0. A trivial patch is "true" or "false", please write new tests specifying SourceLocation java_programs.KHEAPSORT:30.
14:43:39.469 [pool-2-thread-1] DEBUG fr.inria.lille.repair.nopol.NoPol - statement #25
14:43:39.469 [pool-2-thread-1] DEBUG fr.inria.lille.repair.nopol.NoPol - Analysing SourceLocation java_programs.KHEAPSORT:29 which is executed by 4 tests
1558733526
14:43:39.504 [pool-2-thread-1] DEBUG fr.inria.lille.repair.nopol.NoPol - statement #26
14:43:39.504 [pool-2-thread-1] DEBUG fr.inria.lille.repair.nopol.NoPol - Analysing SourceLocation java_programs.KHEAPSORT:28 which is executed by 4 tests
1558733526
14:43:39.537 [pool-2-thread-1] DEBUG fr.inria.lille.repair.nopol.NoPol - looking with class fr.inria.lille.repair.nopol.spoon.smt.ConditionalAdder
org.junit.ComparisonFailure: expected:<[[1,2],3,4,5]> but was:<[[2,2,1,3],3,4,5]>
    at org.junit.Assert.assertEquals(Assert.java:115)
    at org.junit.Assert.assertEquals(Assert.java:144)
    at java_testcases.junit.KHEAPSORT_Test.test_1(KHEAPSORT_Test.java:16)
    at sun.reflect.NativeMethodAccessorImpl.invoke0(Native Method)
    at sun.reflect.NativeMethodAccessorImpl.invoke(NativeMethodAccessorImpl.java:62)
    at sun.reflect.DelegatingMethodAccessorImpl.invoke(DelegatingMethodAccessorImpl.java:43)
org.junit.ComparisonFailure: expected:<[[1,2,3,4],5]> but was:<[[2,3,3,2,1,4,4,5],5]>
    at org.junit.Assert.assertEquals(Assert.java:115)
    at org.junit.Assert.assertEquals(Assert.java:144)
    at java_testcases.junit.KHEAPSORT_Test.test_2(KHEAPSORT_Test.java:23)
    at sun.reflect.NativeMethodAccessorImpl.invoke0(Native Method)
    at sun.reflect.NativeMethodAccessorImpl.invoke(NativeMethodAccessorImpl.java:62)
    at sun.reflect.DelegatingMethodAccessorImpl.invoke(DelegatingMethodAccessorImpl.java:43)
org.junit.ComparisonFailure: expected:<[[1,3,5,6],12]> but was:<[[3,3,5,1,5,6,12],12]>
    at org.junit.Assert.assertEquals(Assert.java:115)
    at org.junit.Assert.assertEquals(Assert.java:144)
    at java_testcases.junit.KHEAPSORT_Test.test_3(KHEAPSORT_Test.java:30)
    at sun.reflect.NativeMethodAccessorImpl.invoke0(Native Method)
    at sun.reflect.NativeMethodAccessorImpl.invoke(NativeMethodAccessorImpl.java:62)
    at sun.reflect.DelegatingMethodAccessorImpl.invoke(DelegatingMethodAccessorImpl.java:43)
org.junit.ComparisonFailure: expected:<[[1,2],3,4,5]> but was:<[[2,2,1,3],3,4,5]>
    at org.junit.Assert.assertEquals(Assert.java:115)
    at org.junit.Assert.assertEquals(Assert.java:144)
    at java_testcases.junit.KHEAPSORT_Test.test_1(KHEAPSORT_Test.java:16)
    at sun.reflect.NativeMethodAccessorImpl.invoke0(Native Method)
    at sun.reflect.NativeMethodAccessorImpl.invoke(NativeMethodAccessorImpl.java:62)
    at sun.reflect.DelegatingMethodAccessorImpl.invoke(DelegatingMethodAccessorImpl.java:43)
org.junit.ComparisonFailure: expected:<[[1,2,3,4],5]> but was:<[[2,3,3,2,1,4,4,5],5]>
    at org.junit.Assert.assertEquals(Assert.java:115)
    at org.junit.Assert.assertEquals(Assert.java:144)
    at java_testcases.junit.KHEAPSORT_Test.test_2(KHEAPSORT_Test.java:23)
    at sun.reflect.NativeMethodAccessorImpl.invoke0(Native Method)
    at sun.reflect.NativeMethodAccessorImpl.invoke(NativeMethodAccessorImpl.java:62)
    at sun.reflect.DelegatingMethodAccessorImpl.invoke(DelegatingMethodAccessorImpl.java:43)
org.junit.ComparisonFailure: expected:<[[1,3,5,6],12]> but was:<[[3,3,5,1,5,6,12],12]>
    at org.junit.Assert.assertEquals(Assert.java:115)
    at org.junit.Assert.assertEquals(Assert.java:144)
    at java_testcases.junit.KHEAPSORT_Test.test_3(KHEAPSORT_Test.java:30)
    at sun.reflect.NativeMethodAccessorImpl.invoke0(Native Method)
    at sun.reflect.NativeMethodAccessorImpl.invoke(NativeMethodAccessorImpl.java:62)
    at sun.reflect.DelegatingMethodAccessorImpl.invoke(DelegatingMethodAccessorImpl.java:43)
org.junit.ComparisonFailure: expected:<[[1,2],3,4,5]> but was:<[[2,2,1,3],3,4,5]>
    at org.junit.Assert.assertEquals(Assert.java:115)
    at org.junit.Assert.assertEquals(Assert.java:144)
    at java_testcases.junit.KHEAPSORT_Test.test_1(KHEAPSORT_Test.java:16)
    at sun.reflect.NativeMethodAccessorImpl.invoke0(Native Method)
    at sun.reflect.NativeMethodAccessorImpl.invoke(NativeMethodAccessorImpl.java:62)
    at sun.reflect.DelegatingMethodAccessorImpl.invoke(DelegatingMethodAccessorImpl.java:43)
org.junit.ComparisonFailure: expected:<[[1,2,3,4],5]> but was:<[[2,3,3,2,1,4,4,5],5]>
    at org.junit.Assert.assertEquals(Assert.java:115)
    at org.junit.Assert.assertEquals(Assert.java:144)
    at java_testcases.junit.KHEAPSORT_Test.test_2(KHEAPSORT_Test.java:23)
    at sun.reflect.NativeMethodAccessorImpl.invoke0(Native Method)
    at sun.reflect.NativeMethodAccessorImpl.invoke(NativeMethodAccessorImpl.java:62)
    at sun.reflect.DelegatingMethodAccessorImpl.invoke(DelegatingMethodAccessorImpl.java:43)
org.junit.ComparisonFailure: expected:<[[1,3,5,6],12]> but was:<[[3,3,5,1,5,6,12],12]>
    at org.junit.Assert.assertEquals(Assert.java:115)
    at org.junit.Assert.assertEquals(Assert.java:144)
    at java_testcases.junit.KHEAPSORT_Test.test_3(KHEAPSORT_Test.java:30)
    at sun.reflect.NativeMethodAccessorImpl.invoke0(Native Method)
    at sun.reflect.NativeMethodAccessorImpl.invoke(NativeMethodAccessorImpl.java:62)
    at sun.reflect.DelegatingMethodAccessorImpl.invoke(DelegatingMethodAccessorImpl.java:43)
14:43:39.544 [pool-36-thread-1] INFO  xxl.java.junit.TestCasesListener - Tests run finished (5 ms)
<> Total tests run: 12
<> Ignored tests: 0
<> Failed tests: 9
~ test_1(java_testcases.junit.KHEAPSORT_Test)
[expected:<[[1,2],3,4,5]> but was:<[[2,2,1,3],3,4,5]>]
org.junit.ComparisonFailure: expected:<[[1,2],3,4,5]> but was:<[[2,2,1,3],3,4,5]>    at org.junit.Assert.assertEquals(Assert.java:115)
    at org.junit.Assert.assertEquals(Assert.java:144)
    at java_testcases.junit.KHEAPSORT_Test.test_1(KHEAPSORT_Test.java:16)
    at sun.reflect.NativeMethodAccessorImpl.invoke0(Native Method)
    at sun.reflect.NativeMethodAccessorImpl.invoke(NativeMethodAccessorImpl.java:62)
    at sun.reflect.DelegatingMethodAccessorImpl.invoke(DelegatingMethodAccessorImpl.java:43)
~ test_2(java_testcases.junit.KHEAPSORT_Test)
[expected:<[[1,2,3,4],5]> but was:<[[2,3,3,2,1,4,4,5],5]>]
org.junit.ComparisonFailure: expected:<[[1,2,3,4],5]> but was:<[[2,3,3,2,1,4,4,5],5]>    at org.junit.Assert.assertEquals(Assert.java:115)
    at org.junit.Assert.assertEquals(Assert.java:144)
    at java_testcases.junit.KHEAPSORT_Test.test_2(KHEAPSORT_Test.java:23)
    at sun.reflect.NativeMethodAccessorImpl.invoke0(Native Method)
    at sun.reflect.NativeMethodAccessorImpl.invoke(NativeMethodAccessorImpl.java:62)
    at sun.reflect.DelegatingMethodAccessorImpl.invoke(DelegatingMethodAccessorImpl.java:43)
~ test_3(java_testcases.junit.KHEAPSORT_Test)
[expected:<[[1,3,5,6],12]> but was:<[[3,3,5,1,5,6,12],12]>]
org.junit.ComparisonFailure: expected:<[[1,3,5,6],12]> but was:<[[3,3,5,1,5,6,12],12]>    at org.junit.Assert.assertEquals(Assert.java:115)
    at org.junit.Assert.assertEquals(Assert.java:144)
    at java_testcases.junit.KHEAPSORT_Test.test_3(KHEAPSORT_Test.java:30)
    at sun.reflect.NativeMethodAccessorImpl.invoke0(Native Method)
    at sun.reflect.NativeMethodAccessorImpl.invoke(NativeMethodAccessorImpl.java:62)
    at sun.reflect.DelegatingMethodAccessorImpl.invoke(DelegatingMethodAccessorImpl.java:43)
~ test_1(java_testcases.junit.KHEAPSORT_Test)
[expected:<[[1,2],3,4,5]> but was:<[[2,2,1,3],3,4,5]>]
org.junit.ComparisonFailure: expected:<[[1,2],3,4,5]> but was:<[[2,2,1,3],3,4,5]>    at org.junit.Assert.assertEquals(Assert.java:115)
    at org.junit.Assert.assertEquals(Assert.java:144)
    at java_testcases.junit.KHEAPSORT_Test.test_1(KHEAPSORT_Test.java:16)
    at sun.reflect.NativeMethodAccessorImpl.invoke0(Native Method)
    at sun.reflect.NativeMethodAccessorImpl.invoke(NativeMethodAccessorImpl.java:62)
    at sun.reflect.DelegatingMethodAccessorImpl.invoke(DelegatingMethodAccessorImpl.java:43)
~ test_2(java_testcases.junit.KHEAPSORT_Test)
[expected:<[[1,2,3,4],5]> but was:<[[2,3,3,2,1,4,4,5],5]>]
org.junit.ComparisonFailure: expected:<[[1,2,3,4],5]> but was:<[[2,3,3,2,1,4,4,5],5]>    at org.junit.Assert.assertEquals(Assert.java:115)
    at org.junit.Assert.assertEquals(Assert.java:144)
    at java_testcases.junit.KHEAPSORT_Test.test_2(KHEAPSORT_Test.java:23)
    at sun.reflect.NativeMethodAccessorImpl.invoke0(Native Method)
    at sun.reflect.NativeMethodAccessorImpl.invoke(NativeMethodAccessorImpl.java:62)
    at sun.reflect.DelegatingMethodAccessorImpl.invoke(DelegatingMethodAccessorImpl.java:43)
~ test_3(java_testcases.junit.KHEAPSORT_Test)
[expected:<[[1,3,5,6],12]> but was:<[[3,3,5,1,5,6,12],12]>]
org.junit.ComparisonFailure: expected:<[[1,3,5,6],12]> but was:<[[3,3,5,1,5,6,12],12]>    at org.junit.Assert.assertEquals(Assert.java:115)
    at org.junit.Assert.assertEquals(Assert.java:144)
    at java_testcases.junit.KHEAPSORT_Test.test_3(KHEAPSORT_Test.java:30)
    at sun.reflect.NativeMethodAccessorImpl.invoke0(Native Method)
    at sun.reflect.NativeMethodAccessorImpl.invoke(NativeMethodAccessorImpl.java:62)
    at sun.reflect.DelegatingMethodAccessorImpl.invoke(DelegatingMethodAccessorImpl.java:43)
~ test_1(java_testcases.junit.KHEAPSORT_Test)
[expected:<[[1,2],3,4,5]> but was:<[[2,2,1,3],3,4,5]>]
org.junit.ComparisonFailure: expected:<[[1,2],3,4,5]> but was:<[[2,2,1,3],3,4,5]>    at org.junit.Assert.assertEquals(Assert.java:115)
    at org.junit.Assert.assertEquals(Assert.java:144)
    at java_testcases.junit.KHEAPSORT_Test.test_1(KHEAPSORT_Test.java:16)
    at sun.reflect.NativeMethodAccessorImpl.invoke0(Native Method)
    at sun.reflect.NativeMethodAccessorImpl.invoke(NativeMethodAccessorImpl.java:62)
    at sun.reflect.DelegatingMethodAccessorImpl.invoke(DelegatingMethodAccessorImpl.java:43)
~ test_2(java_testcases.junit.KHEAPSORT_Test)
[expected:<[[1,2,3,4],5]> but was:<[[2,3,3,2,1,4,4,5],5]>]
org.junit.ComparisonFailure: expected:<[[1,2,3,4],5]> but was:<[[2,3,3,2,1,4,4,5],5]>    at org.junit.Assert.assertEquals(Assert.java:115)
    at org.junit.Assert.assertEquals(Assert.java:144)
    at java_testcases.junit.KHEAPSORT_Test.test_2(KHEAPSORT_Test.java:23)
    at sun.reflect.NativeMethodAccessorImpl.invoke0(Native Method)
    at sun.reflect.NativeMethodAccessorImpl.invoke(NativeMethodAccessorImpl.java:62)
    at sun.reflect.DelegatingMethodAccessorImpl.invoke(DelegatingMethodAccessorImpl.java:43)
~ test_3(java_testcases.junit.KHEAPSORT_Test)
[expected:<[[1,3,5,6],12]> but was:<[[3,3,5,1,5,6,12],12]>]
org.junit.ComparisonFailure: expected:<[[1,3,5,6],12]> but was:<[[3,3,5,1,5,6,12],12]>    at org.junit.Assert.assertEquals(Assert.java:115)
    at org.junit.Assert.assertEquals(Assert.java:144)
    at java_testcases.junit.KHEAPSORT_Test.test_3(KHEAPSORT_Test.java:30)
    at sun.reflect.NativeMethodAccessorImpl.invoke0(Native Method)
    at sun.reflect.NativeMethodAccessorImpl.invoke(NativeMethodAccessorImpl.java:62)
    at sun.reflect.DelegatingMethodAccessorImpl.invoke(DelegatingMethodAccessorImpl.java:43)

java.lang.NullPointerException
    at java_testcases.junit.QuixFixOracleHelper.transformToString(QuixFixOracleHelper.java:41)
    at java_testcases.junit.QuixFixOracleHelper.transformToString(QuixFixOracleHelper.java:29)
    at java_testcases.junit.QuixFixOracleHelper.format(QuixFixOracleHelper.java:14)
    at java_testcases.junit.KHEAPSORT_Test.test_1(KHEAPSORT_Test.java:15)
    at sun.reflect.NativeMethodAccessorImpl.invoke0(Native Method)
    at sun.reflect.NativeMethodAccessorImpl.invoke(NativeMethodAccessorImpl.java:62)
14:43:39.622 [pool-37-thread-1] INFO  f.i.l.c.t.SpecificationTestCasesListener - Tests run finished (2 ms)
<> Total tests run: 1
<> Ignored tests: 0
<> Failed tests: 1
~ test_1(java_testcases.junit.KHEAPSORT_Test)
[null]
java.lang.NullPointerException    at java_testcases.junit.QuixFixOracleHelper.transformToString(QuixFixOracleHelper.java:41)
    at java_testcases.junit.QuixFixOracleHelper.transformToString(QuixFixOracleHelper.java:29)
    at java_testcases.junit.QuixFixOracleHelper.format(QuixFixOracleHelper.java:14)
    at java_testcases.junit.KHEAPSORT_Test.test_1(KHEAPSORT_Test.java:15)
    at sun.reflect.NativeMethodAccessorImpl.invoke0(Native Method)
    at sun.reflect.NativeMethodAccessorImpl.invoke(NativeMethodAccessorImpl.java:62)

java.lang.NullPointerException
    at java_testcases.junit.QuixFixOracleHelper.transformToString(QuixFixOracleHelper.java:41)
    at java_testcases.junit.QuixFixOracleHelper.transformToString(QuixFixOracleHelper.java:29)
    at java_testcases.junit.QuixFixOracleHelper.format(QuixFixOracleHelper.java:14)
    at java_testcases.junit.KHEAPSORT_Test.test_3(KHEAPSORT_Test.java:29)
    at sun.reflect.NativeMethodAccessorImpl.invoke0(Native Method)
    at sun.reflect.NativeMethodAccessorImpl.invoke(NativeMethodAccessorImpl.java:62)
14:43:39.624 [pool-38-thread-1] INFO  f.i.l.c.t.SpecificationTestCasesListener - Tests run finished (1 ms)
<> Total tests run: 1
<> Ignored tests: 0
<> Failed tests: 1
~ test_3(java_testcases.junit.KHEAPSORT_Test)
[null]
java.lang.NullPointerException    at java_testcases.junit.QuixFixOracleHelper.transformToString(QuixFixOracleHelper.java:41)
    at java_testcases.junit.QuixFixOracleHelper.transformToString(QuixFixOracleHelper.java:29)
    at java_testcases.junit.QuixFixOracleHelper.format(QuixFixOracleHelper.java:14)
    at java_testcases.junit.KHEAPSORT_Test.test_3(KHEAPSORT_Test.java:29)
    at sun.reflect.NativeMethodAccessorImpl.invoke0(Native Method)
    at sun.reflect.NativeMethodAccessorImpl.invoke(NativeMethodAccessorImpl.java:62)

java.lang.NullPointerException
    at java_testcases.junit.QuixFixOracleHelper.transformToString(QuixFixOracleHelper.java:41)
    at java_testcases.junit.QuixFixOracleHelper.transformToString(QuixFixOracleHelper.java:29)
    at java_testcases.junit.QuixFixOracleHelper.format(QuixFixOracleHelper.java:14)
    at java_testcases.junit.KHEAPSORT_Test.test_2(KHEAPSORT_Test.java:22)
    at sun.reflect.NativeMethodAccessorImpl.invoke0(Native Method)
    at sun.reflect.NativeMethodAccessorImpl.invoke(NativeMethodAccessorImpl.java:62)
14:43:39.625 [pool-39-thread-1] INFO  f.i.l.c.t.SpecificationTestCasesListener - Tests run finished (0 ms)
<> Total tests run: 1
<> Ignored tests: 0
<> Failed tests: 1
~ test_2(java_testcases.junit.KHEAPSORT_Test)
[null]
java.lang.NullPointerException    at java_testcases.junit.QuixFixOracleHelper.transformToString(QuixFixOracleHelper.java:41)
    at java_testcases.junit.QuixFixOracleHelper.transformToString(QuixFixOracleHelper.java:29)
    at java_testcases.junit.QuixFixOracleHelper.format(QuixFixOracleHelper.java:14)
    at java_testcases.junit.KHEAPSORT_Test.test_2(KHEAPSORT_Test.java:22)
    at sun.reflect.NativeMethodAccessorImpl.invoke0(Native Method)
    at sun.reflect.NativeMethodAccessorImpl.invoke(NativeMethodAccessorImpl.java:62)

org.junit.ComparisonFailure: expected:<[[1,2],3,4,5]> but was:<[[2,2,1,3],3,4,5]>
    at org.junit.Assert.assertEquals(Assert.java:115)
    at org.junit.Assert.assertEquals(Assert.java:144)
    at java_testcases.junit.KHEAPSORT_Test.test_1(KHEAPSORT_Test.java:16)
    at sun.reflect.NativeMethodAccessorImpl.invoke0(Native Method)
    at sun.reflect.NativeMethodAccessorImpl.invoke(NativeMethodAccessorImpl.java:62)
    at sun.reflect.DelegatingMethodAccessorImpl.invoke(DelegatingMethodAccessorImpl.java:43)
14:43:39.627 [pool-40-thread-1] INFO  f.i.l.c.t.SpecificationTestCasesListener - Tests run finished (1 ms)
<> Total tests run: 1
<> Ignored tests: 0
<> Failed tests: 1
~ test_1(java_testcases.junit.KHEAPSORT_Test)
[expected:<[[1,2],3,4,5]> but was:<[[2,2,1,3],3,4,5]>]
org.junit.ComparisonFailure: expected:<[[1,2],3,4,5]> but was:<[[2,2,1,3],3,4,5]>    at org.junit.Assert.assertEquals(Assert.java:115)
    at org.junit.Assert.assertEquals(Assert.java:144)
    at java_testcases.junit.KHEAPSORT_Test.test_1(KHEAPSORT_Test.java:16)
    at sun.reflect.NativeMethodAccessorImpl.invoke0(Native Method)
    at sun.reflect.NativeMethodAccessorImpl.invoke(NativeMethodAccessorImpl.java:62)
    at sun.reflect.DelegatingMethodAccessorImpl.invoke(DelegatingMethodAccessorImpl.java:43)

org.junit.ComparisonFailure: expected:<[[1,3,5,6],12]> but was:<[[3,3,5,1,5,6,12],12]>
    at org.junit.Assert.assertEquals(Assert.java:115)
    at org.junit.Assert.assertEquals(Assert.java:144)
    at java_testcases.junit.KHEAPSORT_Test.test_3(KHEAPSORT_Test.java:30)
    at sun.reflect.NativeMethodAccessorImpl.invoke0(Native Method)
    at sun.reflect.NativeMethodAccessorImpl.invoke(NativeMethodAccessorImpl.java:62)
    at sun.reflect.DelegatingMethodAccessorImpl.invoke(DelegatingMethodAccessorImpl.java:43)
14:43:39.628 [pool-41-thread-1] INFO  f.i.l.c.t.SpecificationTestCasesListener - Tests run finished (1 ms)
<> Total tests run: 1
<> Ignored tests: 0
<> Failed tests: 1
~ test_3(java_testcases.junit.KHEAPSORT_Test)
[expected:<[[1,3,5,6],12]> but was:<[[3,3,5,1,5,6,12],12]>]
org.junit.ComparisonFailure: expected:<[[1,3,5,6],12]> but was:<[[3,3,5,1,5,6,12],12]>    at org.junit.Assert.assertEquals(Assert.java:115)
    at org.junit.Assert.assertEquals(Assert.java:144)
    at java_testcases.junit.KHEAPSORT_Test.test_3(KHEAPSORT_Test.java:30)
    at sun.reflect.NativeMethodAccessorImpl.invoke0(Native Method)
    at sun.reflect.NativeMethodAccessorImpl.invoke(NativeMethodAccessorImpl.java:62)
    at sun.reflect.DelegatingMethodAccessorImpl.invoke(DelegatingMethodAccessorImpl.java:43)

org.junit.ComparisonFailure: expected:<[[1,2,3,4],5]> but was:<[[2,3,3,2,1,4,4,5],5]>
    at org.junit.Assert.assertEquals(Assert.java:115)
    at org.junit.Assert.assertEquals(Assert.java:144)
    at java_testcases.junit.KHEAPSORT_Test.test_2(KHEAPSORT_Test.java:23)
    at sun.reflect.NativeMethodAccessorImpl.invoke0(Native Method)
    at sun.reflect.NativeMethodAccessorImpl.invoke(NativeMethodAccessorImpl.java:62)
    at sun.reflect.DelegatingMethodAccessorImpl.invoke(DelegatingMethodAccessorImpl.java:43)
14:43:39.629 [pool-42-thread-1] INFO  f.i.l.c.t.SpecificationTestCasesListener - Tests run finished (1 ms)
<> Total tests run: 1
<> Ignored tests: 0
<> Failed tests: 1
~ test_2(java_testcases.junit.KHEAPSORT_Test)
[expected:<[[1,2,3,4],5]> but was:<[[2,3,3,2,1,4,4,5],5]>]
org.junit.ComparisonFailure: expected:<[[1,2,3,4],5]> but was:<[[2,3,3,2,1,4,4,5],5]>    at org.junit.Assert.assertEquals(Assert.java:115)
    at org.junit.Assert.assertEquals(Assert.java:144)
    at java_testcases.junit.KHEAPSORT_Test.test_2(KHEAPSORT_Test.java:23)
    at sun.reflect.NativeMethodAccessorImpl.invoke0(Native Method)
    at sun.reflect.NativeMethodAccessorImpl.invoke(NativeMethodAccessorImpl.java:62)
    at sun.reflect.DelegatingMethodAccessorImpl.invoke(DelegatingMethodAccessorImpl.java:43)

14:43:39.629 [pool-35-thread-1] DEBUG tests.output - Failing tests with false: 
[test_1(java_testcases.junit.KHEAPSORT_Test): null, test_3(java_testcases.junit.KHEAPSORT_Test): null, test_2(java_testcases.junit.KHEAPSORT_Test): null]
14:43:39.630 [pool-35-thread-1] DEBUG tests.output - Failing tests with true: 
[test_1(java_testcases.junit.KHEAPSORT_Test): expected:<[[1,2],3,4,5]> but was:<[[2,2,1,3],3,4,5]>, test_3(java_testcases.junit.KHEAPSORT_Test): expected:<[[1,3,5,6],12]> but was:<[[3,3,5,1,5,6,12],12]>, test_2(java_testcases.junit.KHEAPSORT_Test): expected:<[[1,2,3,4],5]> but was:<[[2,3,3,2,1,4,4,5],5]>]
14:43:39.630 [pool-35-thread-1] INFO  f.i.l.r.n.synth.SMTNopolSynthesizer - Not enough specifications: 0. A trivial patch is "true" or "false", please write new tests specifying SourceLocation java_programs.KHEAPSORT:28.
14:43:39.630 [pool-2-thread-1] DEBUG fr.inria.lille.repair.nopol.NoPol - statement #27
14:43:39.630 [pool-2-thread-1] DEBUG fr.inria.lille.repair.nopol.NoPol - Analysing SourceLocation java_programs.KHEAPSORT:27 which is executed by 4 tests
1558733526
14:43:39.664 [pool-2-thread-1] DEBUG fr.inria.lille.repair.nopol.NoPol - looking with class fr.inria.lille.repair.nopol.spoon.smt.ConditionalAdder
org.junit.ComparisonFailure: expected:<[[1,2],3,4,5]> but was:<[[2,2,1,3],3,4,5]>
    at org.junit.Assert.assertEquals(Assert.java:115)
    at org.junit.Assert.assertEquals(Assert.java:144)
    at java_testcases.junit.KHEAPSORT_Test.test_1(KHEAPSORT_Test.java:16)
    at sun.reflect.NativeMethodAccessorImpl.invoke0(Native Method)
    at sun.reflect.NativeMethodAccessorImpl.invoke(NativeMethodAccessorImpl.java:62)
    at sun.reflect.DelegatingMethodAccessorImpl.invoke(DelegatingMethodAccessorImpl.java:43)
org.junit.ComparisonFailure: expected:<[[1,2,3,4],5]> but was:<[[2,3,3,2,1,4,4,5],5]>
    at org.junit.Assert.assertEquals(Assert.java:115)
    at org.junit.Assert.assertEquals(Assert.java:144)
    at java_testcases.junit.KHEAPSORT_Test.test_2(KHEAPSORT_Test.java:23)
    at sun.reflect.NativeMethodAccessorImpl.invoke0(Native Method)
    at sun.reflect.NativeMethodAccessorImpl.invoke(NativeMethodAccessorImpl.java:62)
    at sun.reflect.DelegatingMethodAccessorImpl.invoke(DelegatingMethodAccessorImpl.java:43)
org.junit.ComparisonFailure: expected:<[[1,3,5,6],12]> but was:<[[3,3,5,1,5,6,12],12]>
    at org.junit.Assert.assertEquals(Assert.java:115)
    at org.junit.Assert.assertEquals(Assert.java:144)
    at java_testcases.junit.KHEAPSORT_Test.test_3(KHEAPSORT_Test.java:30)
    at sun.reflect.NativeMethodAccessorImpl.invoke0(Native Method)
    at sun.reflect.NativeMethodAccessorImpl.invoke(NativeMethodAccessorImpl.java:62)
    at sun.reflect.DelegatingMethodAccessorImpl.invoke(DelegatingMethodAccessorImpl.java:43)
org.junit.ComparisonFailure: expected:<[[1,2],3,4,5]> but was:<[[2,2,1,3],3,4,5]>
    at org.junit.Assert.assertEquals(Assert.java:115)
    at org.junit.Assert.assertEquals(Assert.java:144)
    at java_testcases.junit.KHEAPSORT_Test.test_1(KHEAPSORT_Test.java:16)
    at sun.reflect.NativeMethodAccessorImpl.invoke0(Native Method)
    at sun.reflect.NativeMethodAccessorImpl.invoke(NativeMethodAccessorImpl.java:62)
    at sun.reflect.DelegatingMethodAccessorImpl.invoke(DelegatingMethodAccessorImpl.java:43)
org.junit.ComparisonFailure: expected:<[[1,2,3,4],5]> but was:<[[2,3,3,2,1,4,4,5],5]>
    at org.junit.Assert.assertEquals(Assert.java:115)
    at org.junit.Assert.assertEquals(Assert.java:144)
    at java_testcases.junit.KHEAPSORT_Test.test_2(KHEAPSORT_Test.java:23)
    at sun.reflect.NativeMethodAccessorImpl.invoke0(Native Method)
    at sun.reflect.NativeMethodAccessorImpl.invoke(NativeMethodAccessorImpl.java:62)
    at sun.reflect.DelegatingMethodAccessorImpl.invoke(DelegatingMethodAccessorImpl.java:43)
org.junit.ComparisonFailure: expected:<[[1,3,5,6],12]> but was:<[[3,3,5,1,5,6,12],12]>
    at org.junit.Assert.assertEquals(Assert.java:115)
    at org.junit.Assert.assertEquals(Assert.java:144)
    at java_testcases.junit.KHEAPSORT_Test.test_3(KHEAPSORT_Test.java:30)
    at sun.reflect.NativeMethodAccessorImpl.invoke0(Native Method)
    at sun.reflect.NativeMethodAccessorImpl.invoke(NativeMethodAccessorImpl.java:62)
    at sun.reflect.DelegatingMethodAccessorImpl.invoke(DelegatingMethodAccessorImpl.java:43)
org.junit.ComparisonFailure: expected:<[[1,2],3,4,5]> but was:<[[2,2,1,3],3,4,5]>
    at org.junit.Assert.assertEquals(Assert.java:115)
    at org.junit.Assert.assertEquals(Assert.java:144)
    at java_testcases.junit.KHEAPSORT_Test.test_1(KHEAPSORT_Test.java:16)
    at sun.reflect.NativeMethodAccessorImpl.invoke0(Native Method)
    at sun.reflect.NativeMethodAccessorImpl.invoke(NativeMethodAccessorImpl.java:62)
    at sun.reflect.DelegatingMethodAccessorImpl.invoke(DelegatingMethodAccessorImpl.java:43)
org.junit.ComparisonFailure: expected:<[[1,2,3,4],5]> but was:<[[2,3,3,2,1,4,4,5],5]>
    at org.junit.Assert.assertEquals(Assert.java:115)
    at org.junit.Assert.assertEquals(Assert.java:144)
    at java_testcases.junit.KHEAPSORT_Test.test_2(KHEAPSORT_Test.java:23)
    at sun.reflect.NativeMethodAccessorImpl.invoke0(Native Method)
    at sun.reflect.NativeMethodAccessorImpl.invoke(NativeMethodAccessorImpl.java:62)
    at sun.reflect.DelegatingMethodAccessorImpl.invoke(DelegatingMethodAccessorImpl.java:43)
org.junit.ComparisonFailure: expected:<[[1,3,5,6],12]> but was:<[[3,3,5,1,5,6,12],12]>
    at org.junit.Assert.assertEquals(Assert.java:115)
    at org.junit.Assert.assertEquals(Assert.java:144)
    at java_testcases.junit.KHEAPSORT_Test.test_3(KHEAPSORT_Test.java:30)
    at sun.reflect.NativeMethodAccessorImpl.invoke0(Native Method)
    at sun.reflect.NativeMethodAccessorImpl.invoke(NativeMethodAccessorImpl.java:62)
    at sun.reflect.DelegatingMethodAccessorImpl.invoke(DelegatingMethodAccessorImpl.java:43)
14:43:39.672 [pool-44-thread-1] INFO  xxl.java.junit.TestCasesListener - Tests run finished (6 ms)
<> Total tests run: 12
<> Ignored tests: 0
<> Failed tests: 9
~ test_1(java_testcases.junit.KHEAPSORT_Test)
[expected:<[[1,2],3,4,5]> but was:<[[2,2,1,3],3,4,5]>]
org.junit.ComparisonFailure: expected:<[[1,2],3,4,5]> but was:<[[2,2,1,3],3,4,5]>    at org.junit.Assert.assertEquals(Assert.java:115)
    at org.junit.Assert.assertEquals(Assert.java:144)
    at java_testcases.junit.KHEAPSORT_Test.test_1(KHEAPSORT_Test.java:16)
    at sun.reflect.NativeMethodAccessorImpl.invoke0(Native Method)
    at sun.reflect.NativeMethodAccessorImpl.invoke(NativeMethodAccessorImpl.java:62)
    at sun.reflect.DelegatingMethodAccessorImpl.invoke(DelegatingMethodAccessorImpl.java:43)
~ test_2(java_testcases.junit.KHEAPSORT_Test)
[expected:<[[1,2,3,4],5]> but was:<[[2,3,3,2,1,4,4,5],5]>]
org.junit.ComparisonFailure: expected:<[[1,2,3,4],5]> but was:<[[2,3,3,2,1,4,4,5],5]>    at org.junit.Assert.assertEquals(Assert.java:115)
    at org.junit.Assert.assertEquals(Assert.java:144)
    at java_testcases.junit.KHEAPSORT_Test.test_2(KHEAPSORT_Test.java:23)
    at sun.reflect.NativeMethodAccessorImpl.invoke0(Native Method)
    at sun.reflect.NativeMethodAccessorImpl.invoke(NativeMethodAccessorImpl.java:62)
    at sun.reflect.DelegatingMethodAccessorImpl.invoke(DelegatingMethodAccessorImpl.java:43)
~ test_3(java_testcases.junit.KHEAPSORT_Test)
[expected:<[[1,3,5,6],12]> but was:<[[3,3,5,1,5,6,12],12]>]
org.junit.ComparisonFailure: expected:<[[1,3,5,6],12]> but was:<[[3,3,5,1,5,6,12],12]>    at org.junit.Assert.assertEquals(Assert.java:115)
    at org.junit.Assert.assertEquals(Assert.java:144)
    at java_testcases.junit.KHEAPSORT_Test.test_3(KHEAPSORT_Test.java:30)
    at sun.reflect.NativeMethodAccessorImpl.invoke0(Native Method)
    at sun.reflect.NativeMethodAccessorImpl.invoke(NativeMethodAccessorImpl.java:62)
    at sun.reflect.DelegatingMethodAccessorImpl.invoke(DelegatingMethodAccessorImpl.java:43)
~ test_1(java_testcases.junit.KHEAPSORT_Test)
[expected:<[[1,2],3,4,5]> but was:<[[2,2,1,3],3,4,5]>]
org.junit.ComparisonFailure: expected:<[[1,2],3,4,5]> but was:<[[2,2,1,3],3,4,5]>    at org.junit.Assert.assertEquals(Assert.java:115)
    at org.junit.Assert.assertEquals(Assert.java:144)
    at java_testcases.junit.KHEAPSORT_Test.test_1(KHEAPSORT_Test.java:16)
    at sun.reflect.NativeMethodAccessorImpl.invoke0(Native Method)
    at sun.reflect.NativeMethodAccessorImpl.invoke(NativeMethodAccessorImpl.java:62)
    at sun.reflect.DelegatingMethodAccessorImpl.invoke(DelegatingMethodAccessorImpl.java:43)
~ test_2(java_testcases.junit.KHEAPSORT_Test)
[expected:<[[1,2,3,4],5]> but was:<[[2,3,3,2,1,4,4,5],5]>]
org.junit.ComparisonFailure: expected:<[[1,2,3,4],5]> but was:<[[2,3,3,2,1,4,4,5],5]>    at org.junit.Assert.assertEquals(Assert.java:115)
    at org.junit.Assert.assertEquals(Assert.java:144)
    at java_testcases.junit.KHEAPSORT_Test.test_2(KHEAPSORT_Test.java:23)
    at sun.reflect.NativeMethodAccessorImpl.invoke0(Native Method)
    at sun.reflect.NativeMethodAccessorImpl.invoke(NativeMethodAccessorImpl.java:62)
    at sun.reflect.DelegatingMethodAccessorImpl.invoke(DelegatingMethodAccessorImpl.java:43)
~ test_3(java_testcases.junit.KHEAPSORT_Test)
[expected:<[[1,3,5,6],12]> but was:<[[3,3,5,1,5,6,12],12]>]
org.junit.ComparisonFailure: expected:<[[1,3,5,6],12]> but was:<[[3,3,5,1,5,6,12],12]>    at org.junit.Assert.assertEquals(Assert.java:115)
    at org.junit.Assert.assertEquals(Assert.java:144)
    at java_testcases.junit.KHEAPSORT_Test.test_3(KHEAPSORT_Test.java:30)
    at sun.reflect.NativeMethodAccessorImpl.invoke0(Native Method)
    at sun.reflect.NativeMethodAccessorImpl.invoke(NativeMethodAccessorImpl.java:62)
    at sun.reflect.DelegatingMethodAccessorImpl.invoke(DelegatingMethodAccessorImpl.java:43)
~ test_1(java_testcases.junit.KHEAPSORT_Test)
[expected:<[[1,2],3,4,5]> but was:<[[2,2,1,3],3,4,5]>]
org.junit.ComparisonFailure: expected:<[[1,2],3,4,5]> but was:<[[2,2,1,3],3,4,5]>    at org.junit.Assert.assertEquals(Assert.java:115)
    at org.junit.Assert.assertEquals(Assert.java:144)
    at java_testcases.junit.KHEAPSORT_Test.test_1(KHEAPSORT_Test.java:16)
    at sun.reflect.NativeMethodAccessorImpl.invoke0(Native Method)
    at sun.reflect.NativeMethodAccessorImpl.invoke(NativeMethodAccessorImpl.java:62)
    at sun.reflect.DelegatingMethodAccessorImpl.invoke(DelegatingMethodAccessorImpl.java:43)
~ test_2(java_testcases.junit.KHEAPSORT_Test)
[expected:<[[1,2,3,4],5]> but was:<[[2,3,3,2,1,4,4,5],5]>]
org.junit.ComparisonFailure: expected:<[[1,2,3,4],5]> but was:<[[2,3,3,2,1,4,4,5],5]>    at org.junit.Assert.assertEquals(Assert.java:115)
    at org.junit.Assert.assertEquals(Assert.java:144)
    at java_testcases.junit.KHEAPSORT_Test.test_2(KHEAPSORT_Test.java:23)
    at sun.reflect.NativeMethodAccessorImpl.invoke0(Native Method)
    at sun.reflect.NativeMethodAccessorImpl.invoke(NativeMethodAccessorImpl.java:62)
    at sun.reflect.DelegatingMethodAccessorImpl.invoke(DelegatingMethodAccessorImpl.java:43)
~ test_3(java_testcases.junit.KHEAPSORT_Test)
[expected:<[[1,3,5,6],12]> but was:<[[3,3,5,1,5,6,12],12]>]
org.junit.ComparisonFailure: expected:<[[1,3,5,6],12]> but was:<[[3,3,5,1,5,6,12],12]>    at org.junit.Assert.assertEquals(Assert.java:115)
    at org.junit.Assert.assertEquals(Assert.java:144)
    at java_testcases.junit.KHEAPSORT_Test.test_3(KHEAPSORT_Test.java:30)
    at sun.reflect.NativeMethodAccessorImpl.invoke0(Native Method)
    at sun.reflect.NativeMethodAccessorImpl.invoke(NativeMethodAccessorImpl.java:62)
    at sun.reflect.DelegatingMethodAccessorImpl.invoke(DelegatingMethodAccessorImpl.java:43)

org.junit.ComparisonFailure: expected:<[[1,2,3,4,5]]> but was:<[[2,3]]>
    at org.junit.Assert.assertEquals(Assert.java:115)
    at org.junit.Assert.assertEquals(Assert.java:144)
    at java_testcases.junit.KHEAPSORT_Test.test_1(KHEAPSORT_Test.java:16)
    at sun.reflect.NativeMethodAccessorImpl.invoke0(Native Method)
    at sun.reflect.NativeMethodAccessorImpl.invoke(NativeMethodAccessorImpl.java:62)
    at sun.reflect.DelegatingMethodAccessorImpl.invoke(DelegatingMethodAccessorImpl.java:43)
14:43:39.752 [pool-45-thread-1] INFO  f.i.l.c.t.SpecificationTestCasesListener - Tests run finished (3 ms)
<> Total tests run: 1
<> Ignored tests: 0
<> Failed tests: 1
~ test_1(java_testcases.junit.KHEAPSORT_Test)
[expected:<[[1,2,3,4,5]]> but was:<[[2,3]]>]
org.junit.ComparisonFailure: expected:<[[1,2,3,4,5]]> but was:<[[2,3]]>    at org.junit.Assert.assertEquals(Assert.java:115)
    at org.junit.Assert.assertEquals(Assert.java:144)
    at java_testcases.junit.KHEAPSORT_Test.test_1(KHEAPSORT_Test.java:16)
    at sun.reflect.NativeMethodAccessorImpl.invoke0(Native Method)
    at sun.reflect.NativeMethodAccessorImpl.invoke(NativeMethodAccessorImpl.java:62)
    at sun.reflect.DelegatingMethodAccessorImpl.invoke(DelegatingMethodAccessorImpl.java:43)

org.junit.ComparisonFailure: expected:<[[1,3,5,6],12]> but was:<[[3,5],12]>
    at org.junit.Assert.assertEquals(Assert.java:115)
    at org.junit.Assert.assertEquals(Assert.java:144)
    at java_testcases.junit.KHEAPSORT_Test.test_3(KHEAPSORT_Test.java:30)
    at sun.reflect.NativeMethodAccessorImpl.invoke0(Native Method)
    at sun.reflect.NativeMethodAccessorImpl.invoke(NativeMethodAccessorImpl.java:62)
    at sun.reflect.DelegatingMethodAccessorImpl.invoke(DelegatingMethodAccessorImpl.java:43)
14:43:39.753 [pool-46-thread-1] INFO  f.i.l.c.t.SpecificationTestCasesListener - Tests run finished (0 ms)
<> Total tests run: 1
<> Ignored tests: 0
<> Failed tests: 1
~ test_3(java_testcases.junit.KHEAPSORT_Test)
[expected:<[[1,3,5,6],12]> but was:<[[3,5],12]>]
org.junit.ComparisonFailure: expected:<[[1,3,5,6],12]> but was:<[[3,5],12]>    at org.junit.Assert.assertEquals(Assert.java:115)
    at org.junit.Assert.assertEquals(Assert.java:144)
    at java_testcases.junit.KHEAPSORT_Test.test_3(KHEAPSORT_Test.java:30)
    at sun.reflect.NativeMethodAccessorImpl.invoke0(Native Method)
    at sun.reflect.NativeMethodAccessorImpl.invoke(NativeMethodAccessorImpl.java:62)
    at sun.reflect.DelegatingMethodAccessorImpl.invoke(DelegatingMethodAccessorImpl.java:43)

org.junit.ComparisonFailure: expected:<[[1,]2,3,4,5]> but was:<[[]2,3,4,5]>
    at org.junit.Assert.assertEquals(Assert.java:115)
    at org.junit.Assert.assertEquals(Assert.java:144)
    at java_testcases.junit.KHEAPSORT_Test.test_2(KHEAPSORT_Test.java:23)
    at sun.reflect.NativeMethodAccessorImpl.invoke0(Native Method)
    at sun.reflect.NativeMethodAccessorImpl.invoke(NativeMethodAccessorImpl.java:62)
    at sun.reflect.DelegatingMethodAccessorImpl.invoke(DelegatingMethodAccessorImpl.java:43)
14:43:39.754 [pool-47-thread-1] INFO  f.i.l.c.t.SpecificationTestCasesListener - Tests run finished (0 ms)
<> Total tests run: 1
<> Ignored tests: 0
<> Failed tests: 1
~ test_2(java_testcases.junit.KHEAPSORT_Test)
[expected:<[[1,]2,3,4,5]> but was:<[[]2,3,4,5]>]
org.junit.ComparisonFailure: expected:<[[1,]2,3,4,5]> but was:<[[]2,3,4,5]>    at org.junit.Assert.assertEquals(Assert.java:115)
    at org.junit.Assert.assertEquals(Assert.java:144)
    at java_testcases.junit.KHEAPSORT_Test.test_2(KHEAPSORT_Test.java:23)
    at sun.reflect.NativeMethodAccessorImpl.invoke0(Native Method)
    at sun.reflect.NativeMethodAccessorImpl.invoke(NativeMethodAccessorImpl.java:62)
    at sun.reflect.DelegatingMethodAccessorImpl.invoke(DelegatingMethodAccessorImpl.java:43)

org.junit.ComparisonFailure: expected:<[[1,2],3,4,5]> but was:<[[2,2,1,3],3,4,5]>
    at org.junit.Assert.assertEquals(Assert.java:115)
    at org.junit.Assert.assertEquals(Assert.java:144)
    at java_testcases.junit.KHEAPSORT_Test.test_1(KHEAPSORT_Test.java:16)
    at sun.reflect.NativeMethodAccessorImpl.invoke0(Native Method)
    at sun.reflect.NativeMethodAccessorImpl.invoke(NativeMethodAccessorImpl.java:62)
    at sun.reflect.DelegatingMethodAccessorImpl.invoke(DelegatingMethodAccessorImpl.java:43)
14:43:39.756 [pool-48-thread-1] INFO  f.i.l.c.t.SpecificationTestCasesListener - Tests run finished (1 ms)
<> Total tests run: 1
<> Ignored tests: 0
<> Failed tests: 1
~ test_1(java_testcases.junit.KHEAPSORT_Test)
[expected:<[[1,2],3,4,5]> but was:<[[2,2,1,3],3,4,5]>]
org.junit.ComparisonFailure: expected:<[[1,2],3,4,5]> but was:<[[2,2,1,3],3,4,5]>    at org.junit.Assert.assertEquals(Assert.java:115)
    at org.junit.Assert.assertEquals(Assert.java:144)
    at java_testcases.junit.KHEAPSORT_Test.test_1(KHEAPSORT_Test.java:16)
    at sun.reflect.NativeMethodAccessorImpl.invoke0(Native Method)
    at sun.reflect.NativeMethodAccessorImpl.invoke(NativeMethodAccessorImpl.java:62)
    at sun.reflect.DelegatingMethodAccessorImpl.invoke(DelegatingMethodAccessorImpl.java:43)

org.junit.ComparisonFailure: expected:<[[1,3,5,6],12]> but was:<[[3,3,5,1,5,6,12],12]>
    at org.junit.Assert.assertEquals(Assert.java:115)
    at org.junit.Assert.assertEquals(Assert.java:144)
    at java_testcases.junit.KHEAPSORT_Test.test_3(KHEAPSORT_Test.java:30)
    at sun.reflect.NativeMethodAccessorImpl.invoke0(Native Method)
    at sun.reflect.NativeMethodAccessorImpl.invoke(NativeMethodAccessorImpl.java:62)
    at sun.reflect.DelegatingMethodAccessorImpl.invoke(DelegatingMethodAccessorImpl.java:43)
14:43:39.757 [pool-49-thread-1] INFO  f.i.l.c.t.SpecificationTestCasesListener - Tests run finished (1 ms)
<> Total tests run: 1
<> Ignored tests: 0
<> Failed tests: 1
~ test_3(java_testcases.junit.KHEAPSORT_Test)
[expected:<[[1,3,5,6],12]> but was:<[[3,3,5,1,5,6,12],12]>]
org.junit.ComparisonFailure: expected:<[[1,3,5,6],12]> but was:<[[3,3,5,1,5,6,12],12]>    at org.junit.Assert.assertEquals(Assert.java:115)
    at org.junit.Assert.assertEquals(Assert.java:144)
    at java_testcases.junit.KHEAPSORT_Test.test_3(KHEAPSORT_Test.java:30)
    at sun.reflect.NativeMethodAccessorImpl.invoke0(Native Method)
    at sun.reflect.NativeMethodAccessorImpl.invoke(NativeMethodAccessorImpl.java:62)
    at sun.reflect.DelegatingMethodAccessorImpl.invoke(DelegatingMethodAccessorImpl.java:43)

org.junit.ComparisonFailure: expected:<[[1,2,3,4],5]> but was:<[[2,3,3,2,1,4,4,5],5]>
    at org.junit.Assert.assertEquals(Assert.java:115)
    at org.junit.Assert.assertEquals(Assert.java:144)
    at java_testcases.junit.KHEAPSORT_Test.test_2(KHEAPSORT_Test.java:23)
    at sun.reflect.NativeMethodAccessorImpl.invoke0(Native Method)
    at sun.reflect.NativeMethodAccessorImpl.invoke(NativeMethodAccessorImpl.java:62)
    at sun.reflect.DelegatingMethodAccessorImpl.invoke(DelegatingMethodAccessorImpl.java:43)
14:43:39.758 [pool-50-thread-1] INFO  f.i.l.c.t.SpecificationTestCasesListener - Tests run finished (1 ms)
<> Total tests run: 1
<> Ignored tests: 0
<> Failed tests: 1
~ test_2(java_testcases.junit.KHEAPSORT_Test)
[expected:<[[1,2,3,4],5]> but was:<[[2,3,3,2,1,4,4,5],5]>]
org.junit.ComparisonFailure: expected:<[[1,2,3,4],5]> but was:<[[2,3,3,2,1,4,4,5],5]>    at org.junit.Assert.assertEquals(Assert.java:115)
    at org.junit.Assert.assertEquals(Assert.java:144)
    at java_testcases.junit.KHEAPSORT_Test.test_2(KHEAPSORT_Test.java:23)
    at sun.reflect.NativeMethodAccessorImpl.invoke0(Native Method)
    at sun.reflect.NativeMethodAccessorImpl.invoke(NativeMethodAccessorImpl.java:62)
    at sun.reflect.DelegatingMethodAccessorImpl.invoke(DelegatingMethodAccessorImpl.java:43)

14:43:39.758 [pool-43-thread-1] DEBUG tests.output - Failing tests with false: 
[test_1(java_testcases.junit.KHEAPSORT_Test): expected:<[[1,2,3,4,5]]> but was:<[[2,3]]>, test_3(java_testcases.junit.KHEAPSORT_Test): expected:<[[1,3,5,6],12]> but was:<[[3,5],12]>, test_2(java_testcases.junit.KHEAPSORT_Test): expected:<[[1,]2,3,4,5]> but was:<[[]2,3,4,5]>]
14:43:39.758 [pool-43-thread-1] DEBUG tests.output - Failing tests with true: 
[test_1(java_testcases.junit.KHEAPSORT_Test): expected:<[[1,2],3,4,5]> but was:<[[2,2,1,3],3,4,5]>, test_3(java_testcases.junit.KHEAPSORT_Test): expected:<[[1,3,5,6],12]> but was:<[[3,3,5,1,5,6,12],12]>, test_2(java_testcases.junit.KHEAPSORT_Test): expected:<[[1,2,3,4],5]> but was:<[[2,3,3,2,1,4,4,5],5]>]
14:43:39.758 [pool-43-thread-1] INFO  f.i.l.r.n.synth.SMTNopolSynthesizer - Not enough specifications: 0. A trivial patch is "true" or "false", please write new tests specifying SourceLocation java_programs.KHEAPSORT:27.
14:43:39.759 [pool-2-thread-1] DEBUG fr.inria.lille.repair.nopol.NoPol - statement #28
14:43:39.759 [pool-2-thread-1] DEBUG fr.inria.lille.repair.nopol.NoPol - Analysing SourceLocation java_programs.KHEAPSORT:26 which is executed by 4 tests
1558733526
14:43:39.791 [pool-2-thread-1] DEBUG fr.inria.lille.repair.nopol.NoPol - statement #29
14:43:39.792 [pool-2-thread-1] DEBUG fr.inria.lille.repair.nopol.NoPol - Analysing SourceLocation java_programs.KHEAPSORT:22 which is executed by 4 tests
1558733526
14:43:39.824 [pool-2-thread-1] DEBUG fr.inria.lille.repair.nopol.NoPol - looking with class fr.inria.lille.repair.nopol.spoon.smt.ConditionalAdder
org.junit.ComparisonFailure: expected:<[[1,2],3,4,5]> but was:<[[2,2,1,3],3,4,5]>
    at org.junit.Assert.assertEquals(Assert.java:115)
    at org.junit.Assert.assertEquals(Assert.java:144)
    at java_testcases.junit.KHEAPSORT_Test.test_1(KHEAPSORT_Test.java:16)
    at sun.reflect.NativeMethodAccessorImpl.invoke0(Native Method)
    at sun.reflect.NativeMethodAccessorImpl.invoke(NativeMethodAccessorImpl.java:62)
    at sun.reflect.DelegatingMethodAccessorImpl.invoke(DelegatingMethodAccessorImpl.java:43)
org.junit.ComparisonFailure: expected:<[[1,2,3,4],5]> but was:<[[2,3,3,2,1,4,4,5],5]>
    at org.junit.Assert.assertEquals(Assert.java:115)
    at org.junit.Assert.assertEquals(Assert.java:144)
    at java_testcases.junit.KHEAPSORT_Test.test_2(KHEAPSORT_Test.java:23)
    at sun.reflect.NativeMethodAccessorImpl.invoke0(Native Method)
    at sun.reflect.NativeMethodAccessorImpl.invoke(NativeMethodAccessorImpl.java:62)
    at sun.reflect.DelegatingMethodAccessorImpl.invoke(DelegatingMethodAccessorImpl.java:43)
org.junit.ComparisonFailure: expected:<[[1,3,5,6],12]> but was:<[[3,3,5,1,5,6,12],12]>
    at org.junit.Assert.assertEquals(Assert.java:115)
    at org.junit.Assert.assertEquals(Assert.java:144)
    at java_testcases.junit.KHEAPSORT_Test.test_3(KHEAPSORT_Test.java:30)
    at sun.reflect.NativeMethodAccessorImpl.invoke0(Native Method)
    at sun.reflect.NativeMethodAccessorImpl.invoke(NativeMethodAccessorImpl.java:62)
    at sun.reflect.DelegatingMethodAccessorImpl.invoke(DelegatingMethodAccessorImpl.java:43)
org.junit.ComparisonFailure: expected:<[[1,2],3,4,5]> but was:<[[2,2,1,3],3,4,5]>
    at org.junit.Assert.assertEquals(Assert.java:115)
    at org.junit.Assert.assertEquals(Assert.java:144)
    at java_testcases.junit.KHEAPSORT_Test.test_1(KHEAPSORT_Test.java:16)
    at sun.reflect.NativeMethodAccessorImpl.invoke0(Native Method)
    at sun.reflect.NativeMethodAccessorImpl.invoke(NativeMethodAccessorImpl.java:62)
    at sun.reflect.DelegatingMethodAccessorImpl.invoke(DelegatingMethodAccessorImpl.java:43)
org.junit.ComparisonFailure: expected:<[[1,2,3,4],5]> but was:<[[2,3,3,2,1,4,4,5],5]>
    at org.junit.Assert.assertEquals(Assert.java:115)
    at org.junit.Assert.assertEquals(Assert.java:144)
    at java_testcases.junit.KHEAPSORT_Test.test_2(KHEAPSORT_Test.java:23)
    at sun.reflect.NativeMethodAccessorImpl.invoke0(Native Method)
    at sun.reflect.NativeMethodAccessorImpl.invoke(NativeMethodAccessorImpl.java:62)
    at sun.reflect.DelegatingMethodAccessorImpl.invoke(DelegatingMethodAccessorImpl.java:43)
org.junit.ComparisonFailure: expected:<[[1,3,5,6],12]> but was:<[[3,3,5,1,5,6,12],12]>
    at org.junit.Assert.assertEquals(Assert.java:115)
    at org.junit.Assert.assertEquals(Assert.java:144)
    at java_testcases.junit.KHEAPSORT_Test.test_3(KHEAPSORT_Test.java:30)
    at sun.reflect.NativeMethodAccessorImpl.invoke0(Native Method)
    at sun.reflect.NativeMethodAccessorImpl.invoke(NativeMethodAccessorImpl.java:62)
    at sun.reflect.DelegatingMethodAccessorImpl.invoke(DelegatingMethodAccessorImpl.java:43)
org.junit.ComparisonFailure: expected:<[[1,2],3,4,5]> but was:<[[2,2,1,3],3,4,5]>
    at org.junit.Assert.assertEquals(Assert.java:115)
    at org.junit.Assert.assertEquals(Assert.java:144)
    at java_testcases.junit.KHEAPSORT_Test.test_1(KHEAPSORT_Test.java:16)
    at sun.reflect.NativeMethodAccessorImpl.invoke0(Native Method)
    at sun.reflect.NativeMethodAccessorImpl.invoke(NativeMethodAccessorImpl.java:62)
    at sun.reflect.DelegatingMethodAccessorImpl.invoke(DelegatingMethodAccessorImpl.java:43)
org.junit.ComparisonFailure: expected:<[[1,2,3,4],5]> but was:<[[2,3,3,2,1,4,4,5],5]>
    at org.junit.Assert.assertEquals(Assert.java:115)
    at org.junit.Assert.assertEquals(Assert.java:144)
    at java_testcases.junit.KHEAPSORT_Test.test_2(KHEAPSORT_Test.java:23)
    at sun.reflect.NativeMethodAccessorImpl.invoke0(Native Method)
    at sun.reflect.NativeMethodAccessorImpl.invoke(NativeMethodAccessorImpl.java:62)
    at sun.reflect.DelegatingMethodAccessorImpl.invoke(DelegatingMethodAccessorImpl.java:43)
org.junit.ComparisonFailure: expected:<[[1,3,5,6],12]> but was:<[[3,3,5,1,5,6,12],12]>
    at org.junit.Assert.assertEquals(Assert.java:115)
    at org.junit.Assert.assertEquals(Assert.java:144)
    at java_testcases.junit.KHEAPSORT_Test.test_3(KHEAPSORT_Test.java:30)
    at sun.reflect.NativeMethodAccessorImpl.invoke0(Native Method)
    at sun.reflect.NativeMethodAccessorImpl.invoke(NativeMethodAccessorImpl.java:62)
    at sun.reflect.DelegatingMethodAccessorImpl.invoke(DelegatingMethodAccessorImpl.java:43)
14:43:39.831 [pool-52-thread-1] INFO  xxl.java.junit.TestCasesListener - Tests run finished (5 ms)
<> Total tests run: 12
<> Ignored tests: 0
<> Failed tests: 9
~ test_1(java_testcases.junit.KHEAPSORT_Test)
[expected:<[[1,2],3,4,5]> but was:<[[2,2,1,3],3,4,5]>]
org.junit.ComparisonFailure: expected:<[[1,2],3,4,5]> but was:<[[2,2,1,3],3,4,5]>    at org.junit.Assert.assertEquals(Assert.java:115)
    at org.junit.Assert.assertEquals(Assert.java:144)
    at java_testcases.junit.KHEAPSORT_Test.test_1(KHEAPSORT_Test.java:16)
    at sun.reflect.NativeMethodAccessorImpl.invoke0(Native Method)
    at sun.reflect.NativeMethodAccessorImpl.invoke(NativeMethodAccessorImpl.java:62)
    at sun.reflect.DelegatingMethodAccessorImpl.invoke(DelegatingMethodAccessorImpl.java:43)
~ test_2(java_testcases.junit.KHEAPSORT_Test)
[expected:<[[1,2,3,4],5]> but was:<[[2,3,3,2,1,4,4,5],5]>]
org.junit.ComparisonFailure: expected:<[[1,2,3,4],5]> but was:<[[2,3,3,2,1,4,4,5],5]>    at org.junit.Assert.assertEquals(Assert.java:115)
    at org.junit.Assert.assertEquals(Assert.java:144)
    at java_testcases.junit.KHEAPSORT_Test.test_2(KHEAPSORT_Test.java:23)
    at sun.reflect.NativeMethodAccessorImpl.invoke0(Native Method)
    at sun.reflect.NativeMethodAccessorImpl.invoke(NativeMethodAccessorImpl.java:62)
    at sun.reflect.DelegatingMethodAccessorImpl.invoke(DelegatingMethodAccessorImpl.java:43)
~ test_3(java_testcases.junit.KHEAPSORT_Test)
[expected:<[[1,3,5,6],12]> but was:<[[3,3,5,1,5,6,12],12]>]
org.junit.ComparisonFailure: expected:<[[1,3,5,6],12]> but was:<[[3,3,5,1,5,6,12],12]>    at org.junit.Assert.assertEquals(Assert.java:115)
    at org.junit.Assert.assertEquals(Assert.java:144)
    at java_testcases.junit.KHEAPSORT_Test.test_3(KHEAPSORT_Test.java:30)
    at sun.reflect.NativeMethodAccessorImpl.invoke0(Native Method)
    at sun.reflect.NativeMethodAccessorImpl.invoke(NativeMethodAccessorImpl.java:62)
    at sun.reflect.DelegatingMethodAccessorImpl.invoke(DelegatingMethodAccessorImpl.java:43)
~ test_1(java_testcases.junit.KHEAPSORT_Test)
[expected:<[[1,2],3,4,5]> but was:<[[2,2,1,3],3,4,5]>]
org.junit.ComparisonFailure: expected:<[[1,2],3,4,5]> but was:<[[2,2,1,3],3,4,5]>    at org.junit.Assert.assertEquals(Assert.java:115)
    at org.junit.Assert.assertEquals(Assert.java:144)
    at java_testcases.junit.KHEAPSORT_Test.test_1(KHEAPSORT_Test.java:16)
    at sun.reflect.NativeMethodAccessorImpl.invoke0(Native Method)
    at sun.reflect.NativeMethodAccessorImpl.invoke(NativeMethodAccessorImpl.java:62)
    at sun.reflect.DelegatingMethodAccessorImpl.invoke(DelegatingMethodAccessorImpl.java:43)
~ test_2(java_testcases.junit.KHEAPSORT_Test)
[expected:<[[1,2,3,4],5]> but was:<[[2,3,3,2,1,4,4,5],5]>]
org.junit.ComparisonFailure: expected:<[[1,2,3,4],5]> but was:<[[2,3,3,2,1,4,4,5],5]>    at org.junit.Assert.assertEquals(Assert.java:115)
    at org.junit.Assert.assertEquals(Assert.java:144)
    at java_testcases.junit.KHEAPSORT_Test.test_2(KHEAPSORT_Test.java:23)
    at sun.reflect.NativeMethodAccessorImpl.invoke0(Native Method)
    at sun.reflect.NativeMethodAccessorImpl.invoke(NativeMethodAccessorImpl.java:62)
    at sun.reflect.DelegatingMethodAccessorImpl.invoke(DelegatingMethodAccessorImpl.java:43)
~ test_3(java_testcases.junit.KHEAPSORT_Test)
[expected:<[[1,3,5,6],12]> but was:<[[3,3,5,1,5,6,12],12]>]
org.junit.ComparisonFailure: expected:<[[1,3,5,6],12]> but was:<[[3,3,5,1,5,6,12],12]>    at org.junit.Assert.assertEquals(Assert.java:115)
    at org.junit.Assert.assertEquals(Assert.java:144)
    at java_testcases.junit.KHEAPSORT_Test.test_3(KHEAPSORT_Test.java:30)
    at sun.reflect.NativeMethodAccessorImpl.invoke0(Native Method)
    at sun.reflect.NativeMethodAccessorImpl.invoke(NativeMethodAccessorImpl.java:62)
    at sun.reflect.DelegatingMethodAccessorImpl.invoke(DelegatingMethodAccessorImpl.java:43)
~ test_1(java_testcases.junit.KHEAPSORT_Test)
[expected:<[[1,2],3,4,5]> but was:<[[2,2,1,3],3,4,5]>]
org.junit.ComparisonFailure: expected:<[[1,2],3,4,5]> but was:<[[2,2,1,3],3,4,5]>    at org.junit.Assert.assertEquals(Assert.java:115)
    at org.junit.Assert.assertEquals(Assert.java:144)
    at java_testcases.junit.KHEAPSORT_Test.test_1(KHEAPSORT_Test.java:16)
    at sun.reflect.NativeMethodAccessorImpl.invoke0(Native Method)
    at sun.reflect.NativeMethodAccessorImpl.invoke(NativeMethodAccessorImpl.java:62)
    at sun.reflect.DelegatingMethodAccessorImpl.invoke(DelegatingMethodAccessorImpl.java:43)
~ test_2(java_testcases.junit.KHEAPSORT_Test)
[expected:<[[1,2,3,4],5]> but was:<[[2,3,3,2,1,4,4,5],5]>]
org.junit.ComparisonFailure: expected:<[[1,2,3,4],5]> but was:<[[2,3,3,2,1,4,4,5],5]>    at org.junit.Assert.assertEquals(Assert.java:115)
    at org.junit.Assert.assertEquals(Assert.java:144)
    at java_testcases.junit.KHEAPSORT_Test.test_2(KHEAPSORT_Test.java:23)
    at sun.reflect.NativeMethodAccessorImpl.invoke0(Native Method)
    at sun.reflect.NativeMethodAccessorImpl.invoke(NativeMethodAccessorImpl.java:62)
    at sun.reflect.DelegatingMethodAccessorImpl.invoke(DelegatingMethodAccessorImpl.java:43)
~ test_3(java_testcases.junit.KHEAPSORT_Test)
[expected:<[[1,3,5,6],12]> but was:<[[3,3,5,1,5,6,12],12]>]
org.junit.ComparisonFailure: expected:<[[1,3,5,6],12]> but was:<[[3,3,5,1,5,6,12],12]>    at org.junit.Assert.assertEquals(Assert.java:115)
    at org.junit.Assert.assertEquals(Assert.java:144)
    at java_testcases.junit.KHEAPSORT_Test.test_3(KHEAPSORT_Test.java:30)
    at sun.reflect.NativeMethodAccessorImpl.invoke0(Native Method)
    at sun.reflect.NativeMethodAccessorImpl.invoke(NativeMethodAccessorImpl.java:62)
    at sun.reflect.DelegatingMethodAccessorImpl.invoke(DelegatingMethodAccessorImpl.java:43)

org.junit.ComparisonFailure: expected:<[[1,2,3,4,5]]> but was:<[[3,2,1,5,4]]>
    at org.junit.Assert.assertEquals(Assert.java:115)
    at org.junit.Assert.assertEquals(Assert.java:144)
    at java_testcases.junit.KHEAPSORT_Test.test_1(KHEAPSORT_Test.java:16)
    at sun.reflect.NativeMethodAccessorImpl.invoke0(Native Method)
    at sun.reflect.NativeMethodAccessorImpl.invoke(NativeMethodAccessorImpl.java:62)
    at sun.reflect.DelegatingMethodAccessorImpl.invoke(DelegatingMethodAccessorImpl.java:43)
14:43:39.903 [pool-53-thread-1] INFO  f.i.l.c.t.SpecificationTestCasesListener - Tests run finished (2 ms)
<> Total tests run: 1
<> Ignored tests: 0
<> Failed tests: 1
~ test_1(java_testcases.junit.KHEAPSORT_Test)
[expected:<[[1,2,3,4,5]]> but was:<[[3,2,1,5,4]]>]
org.junit.ComparisonFailure: expected:<[[1,2,3,4,5]]> but was:<[[3,2,1,5,4]]>    at org.junit.Assert.assertEquals(Assert.java:115)
    at org.junit.Assert.assertEquals(Assert.java:144)
    at java_testcases.junit.KHEAPSORT_Test.test_1(KHEAPSORT_Test.java:16)
    at sun.reflect.NativeMethodAccessorImpl.invoke0(Native Method)
    at sun.reflect.NativeMethodAccessorImpl.invoke(NativeMethodAccessorImpl.java:62)
    at sun.reflect.DelegatingMethodAccessorImpl.invoke(DelegatingMethodAccessorImpl.java:43)

org.junit.ComparisonFailure: expected:<[[1,3,5,6,12]]> but was:<[[3,12,5,1,6]]>
    at org.junit.Assert.assertEquals(Assert.java:115)
    at org.junit.Assert.assertEquals(Assert.java:144)
    at java_testcases.junit.KHEAPSORT_Test.test_3(KHEAPSORT_Test.java:30)
    at sun.reflect.NativeMethodAccessorImpl.invoke0(Native Method)
    at sun.reflect.NativeMethodAccessorImpl.invoke(NativeMethodAccessorImpl.java:62)
    at sun.reflect.DelegatingMethodAccessorImpl.invoke(DelegatingMethodAccessorImpl.java:43)
14:43:39.904 [pool-54-thread-1] INFO  f.i.l.c.t.SpecificationTestCasesListener - Tests run finished (1 ms)
<> Total tests run: 1
<> Ignored tests: 0
<> Failed tests: 1
~ test_3(java_testcases.junit.KHEAPSORT_Test)
[expected:<[[1,3,5,6,12]]> but was:<[[3,12,5,1,6]]>]
org.junit.ComparisonFailure: expected:<[[1,3,5,6,12]]> but was:<[[3,12,5,1,6]]>    at org.junit.Assert.assertEquals(Assert.java:115)
    at org.junit.Assert.assertEquals(Assert.java:144)
    at java_testcases.junit.KHEAPSORT_Test.test_3(KHEAPSORT_Test.java:30)
    at sun.reflect.NativeMethodAccessorImpl.invoke0(Native Method)
    at sun.reflect.NativeMethodAccessorImpl.invoke(NativeMethodAccessorImpl.java:62)
    at sun.reflect.DelegatingMethodAccessorImpl.invoke(DelegatingMethodAccessorImpl.java:43)

org.junit.ComparisonFailure: expected:<[[1,2,3,4,5]]> but was:<[[5,4,3,2,1]]>
    at org.junit.Assert.assertEquals(Assert.java:115)
    at org.junit.Assert.assertEquals(Assert.java:144)
    at java_testcases.junit.KHEAPSORT_Test.test_2(KHEAPSORT_Test.java:23)
    at sun.reflect.NativeMethodAccessorImpl.invoke0(Native Method)
    at sun.reflect.NativeMethodAccessorImpl.invoke(NativeMethodAccessorImpl.java:62)
    at sun.reflect.DelegatingMethodAccessorImpl.invoke(DelegatingMethodAccessorImpl.java:43)
14:43:39.904 [pool-55-thread-1] INFO  f.i.l.c.t.SpecificationTestCasesListener - Tests run finished (0 ms)
<> Total tests run: 1
<> Ignored tests: 0
<> Failed tests: 1
~ test_2(java_testcases.junit.KHEAPSORT_Test)
[expected:<[[1,2,3,4,5]]> but was:<[[5,4,3,2,1]]>]
org.junit.ComparisonFailure: expected:<[[1,2,3,4,5]]> but was:<[[5,4,3,2,1]]>    at org.junit.Assert.assertEquals(Assert.java:115)
    at org.junit.Assert.assertEquals(Assert.java:144)
    at java_testcases.junit.KHEAPSORT_Test.test_2(KHEAPSORT_Test.java:23)
    at sun.reflect.NativeMethodAccessorImpl.invoke0(Native Method)
    at sun.reflect.NativeMethodAccessorImpl.invoke(NativeMethodAccessorImpl.java:62)
    at sun.reflect.DelegatingMethodAccessorImpl.invoke(DelegatingMethodAccessorImpl.java:43)

org.junit.ComparisonFailure: expected:<[[1,2],3,4,5]> but was:<[[2,2,1,3],3,4,5]>
    at org.junit.Assert.assertEquals(Assert.java:115)
    at org.junit.Assert.assertEquals(Assert.java:144)
    at java_testcases.junit.KHEAPSORT_Test.test_1(KHEAPSORT_Test.java:16)
    at sun.reflect.NativeMethodAccessorImpl.invoke0(Native Method)
    at sun.reflect.NativeMethodAccessorImpl.invoke(NativeMethodAccessorImpl.java:62)
    at sun.reflect.DelegatingMethodAccessorImpl.invoke(DelegatingMethodAccessorImpl.java:43)
14:43:39.905 [pool-56-thread-1] INFO  f.i.l.c.t.SpecificationTestCasesListener - Tests run finished (0 ms)
<> Total tests run: 1
<> Ignored tests: 0
<> Failed tests: 1
~ test_1(java_testcases.junit.KHEAPSORT_Test)
[expected:<[[1,2],3,4,5]> but was:<[[2,2,1,3],3,4,5]>]
org.junit.ComparisonFailure: expected:<[[1,2],3,4,5]> but was:<[[2,2,1,3],3,4,5]>    at org.junit.Assert.assertEquals(Assert.java:115)
    at org.junit.Assert.assertEquals(Assert.java:144)
    at java_testcases.junit.KHEAPSORT_Test.test_1(KHEAPSORT_Test.java:16)
    at sun.reflect.NativeMethodAccessorImpl.invoke0(Native Method)
    at sun.reflect.NativeMethodAccessorImpl.invoke(NativeMethodAccessorImpl.java:62)
    at sun.reflect.DelegatingMethodAccessorImpl.invoke(DelegatingMethodAccessorImpl.java:43)

org.junit.ComparisonFailure: expected:<[[1,3,5,6],12]> but was:<[[3,3,5,1,5,6,12],12]>
    at org.junit.Assert.assertEquals(Assert.java:115)
    at org.junit.Assert.assertEquals(Assert.java:144)
    at java_testcases.junit.KHEAPSORT_Test.test_3(KHEAPSORT_Test.java:30)
    at sun.reflect.NativeMethodAccessorImpl.invoke0(Native Method)
    at sun.reflect.NativeMethodAccessorImpl.invoke(NativeMethodAccessorImpl.java:62)
    at sun.reflect.DelegatingMethodAccessorImpl.invoke(DelegatingMethodAccessorImpl.java:43)
14:43:39.906 [pool-57-thread-1] INFO  f.i.l.c.t.SpecificationTestCasesListener - Tests run finished (0 ms)
<> Total tests run: 1
<> Ignored tests: 0
<> Failed tests: 1
~ test_3(java_testcases.junit.KHEAPSORT_Test)
[expected:<[[1,3,5,6],12]> but was:<[[3,3,5,1,5,6,12],12]>]
org.junit.ComparisonFailure: expected:<[[1,3,5,6],12]> but was:<[[3,3,5,1,5,6,12],12]>    at org.junit.Assert.assertEquals(Assert.java:115)
    at org.junit.Assert.assertEquals(Assert.java:144)
    at java_testcases.junit.KHEAPSORT_Test.test_3(KHEAPSORT_Test.java:30)
    at sun.reflect.NativeMethodAccessorImpl.invoke0(Native Method)
    at sun.reflect.NativeMethodAccessorImpl.invoke(NativeMethodAccessorImpl.java:62)
    at sun.reflect.DelegatingMethodAccessorImpl.invoke(DelegatingMethodAccessorImpl.java:43)

org.junit.ComparisonFailure: expected:<[[1,2,3,4],5]> but was:<[[2,3,3,2,1,4,4,5],5]>
    at org.junit.Assert.assertEquals(Assert.java:115)
    at org.junit.Assert.assertEquals(Assert.java:144)
    at java_testcases.junit.KHEAPSORT_Test.test_2(KHEAPSORT_Test.java:23)
    at sun.reflect.NativeMethodAccessorImpl.invoke0(Native Method)
    at sun.reflect.NativeMethodAccessorImpl.invoke(NativeMethodAccessorImpl.java:62)
    at sun.reflect.DelegatingMethodAccessorImpl.invoke(DelegatingMethodAccessorImpl.java:43)
14:43:39.907 [pool-58-thread-1] INFO  f.i.l.c.t.SpecificationTestCasesListener - Tests run finished (1 ms)
<> Total tests run: 1
<> Ignored tests: 0
<> Failed tests: 1
~ test_2(java_testcases.junit.KHEAPSORT_Test)
[expected:<[[1,2,3,4],5]> but was:<[[2,3,3,2,1,4,4,5],5]>]
org.junit.ComparisonFailure: expected:<[[1,2,3,4],5]> but was:<[[2,3,3,2,1,4,4,5],5]>    at org.junit.Assert.assertEquals(Assert.java:115)
    at org.junit.Assert.assertEquals(Assert.java:144)
    at java_testcases.junit.KHEAPSORT_Test.test_2(KHEAPSORT_Test.java:23)
    at sun.reflect.NativeMethodAccessorImpl.invoke0(Native Method)
    at sun.reflect.NativeMethodAccessorImpl.invoke(NativeMethodAccessorImpl.java:62)
    at sun.reflect.DelegatingMethodAccessorImpl.invoke(DelegatingMethodAccessorImpl.java:43)

14:43:39.907 [pool-51-thread-1] DEBUG tests.output - Failing tests with false: 
[test_1(java_testcases.junit.KHEAPSORT_Test): expected:<[[1,2,3,4,5]]> but was:<[[3,2,1,5,4]]>, test_3(java_testcases.junit.KHEAPSORT_Test): expected:<[[1,3,5,6,12]]> but was:<[[3,12,5,1,6]]>, test_2(java_testcases.junit.KHEAPSORT_Test): expected:<[[1,2,3,4,5]]> but was:<[[5,4,3,2,1]]>]
14:43:39.907 [pool-51-thread-1] DEBUG tests.output - Failing tests with true: 
[test_1(java_testcases.junit.KHEAPSORT_Test): expected:<[[1,2],3,4,5]> but was:<[[2,2,1,3],3,4,5]>, test_3(java_testcases.junit.KHEAPSORT_Test): expected:<[[1,3,5,6],12]> but was:<[[3,3,5,1,5,6,12],12]>, test_2(java_testcases.junit.KHEAPSORT_Test): expected:<[[1,2,3,4],5]> but was:<[[2,3,3,2,1,4,4,5],5]>]
14:43:39.907 [pool-51-thread-1] INFO  f.i.l.r.n.synth.SMTNopolSynthesizer - Not enough specifications: 0. A trivial patch is "true" or "false", please write new tests specifying SourceLocation java_programs.KHEAPSORT:22.
14:43:39.907 [pool-2-thread-1] DEBUG fr.inria.lille.repair.nopol.NoPol - statement #30
14:43:39.908 [pool-2-thread-1] DEBUG fr.inria.lille.repair.nopol.NoPol - Analysing SourceLocation java_programs.KHEAPSORT:21 which is executed by 4 tests
1558733526
14:43:39.940 [pool-2-thread-1] INFO  fr.inria.lille.repair.nopol.NoPol - ----INFORMATION----
14:43:39.946 [pool-2-thread-1] INFO  fr.inria.lille.repair.nopol.NoPol - Nb classes : 3
14:43:39.946 [pool-2-thread-1] INFO  fr.inria.lille.repair.nopol.NoPol - Nb methods : 9
14:43:39.946 [pool-2-thread-1] INFO  fr.inria.lille.repair.nopol.NoPol - Nb Statements Analyzed : 7
14:43:39.946 [pool-2-thread-1] INFO  fr.inria.lille.repair.nopol.NoPol - Nb Statements with Angelic Value Found : 0
14:43:39.946 [pool-2-thread-1] INFO  fr.inria.lille.repair.nopol.NoPol - Nb inputs in SMT : 0
14:43:39.948 [pool-2-thread-1] INFO  fr.inria.lille.repair.nopol.NoPol - Nb SMT level: 0
14:43:39.948 [pool-2-thread-1] INFO  fr.inria.lille.repair.nopol.NoPol - Nb variables in SMT : 0
14:43:39.948 [pool-2-thread-1] INFO  fr.inria.lille.repair.nopol.NoPol - NoPol Execution time : 13202ms
14:43:39.948 [pool-2-thread-1] INFO  fr.inria.lille.repair.nopol.NoPol - 
NO_ANGELIC_VALUE
Command exited with non-zero status 255
47.02user 2.22system 0:14.09elapsed 349%CPU (0avgtext+0avgdata 1629480maxresident)k
45608inputs+5608outputs (3major+441781minor)pagefaults 0swaps


Node: grimoire-4.nancy.grid5000.fr



Date: Sun Dec  2 14:43:40 EST 2018

