cd /tmp/DynaMoth_Bears_raphw-byte-buddy_432194751-432199042;
export JAVA_TOOL_OPTIONS="-Dfile.encoding=UTF8 -Duser.language=en-US -Duser.country=US -Duser.language=en";
TZ="America/New_York"; export TZ;
export PATH="/usr/lib/jvm/java-1.8.0-openjdk-amd64/bin/:$PATH";
export JAVA_HOME="/usr/lib/jvm/java-1.8.0-openjdk-amd64/bin/";
time java -Xmx4g -Xms1g -cp /home/tdurieux/defects4j4repair/script/../repair_tools/nopol.jar:/usr/lib/jvm/java-1.8.0-openjdk-amd64/bin//../lib/tools.jar fr.inria.lille.repair.Main \
	--mode repair \
	--type pre_then_cond \
	--oracle angelic \
	--synthesis dynamoth \
	--flocal gzoltar \
	--json \
	--solver z3 \
	--solver-path /home/tdurieux/defects4j4repair/script/../libs/z3/build/z3 \
	--complianceLevel 8 \
	--source byte-buddy-dep/src/main/java \
	--classpath "byte-buddy-dep/target/classes:byte-buddy-dep/target/test-classes:/tmp/DynaMoth_Bears_raphw-byte-buddy_432194751-432199042/byte-buddy-agent/target/classes:/tmp/DynaMoth_Bears_raphw-byte-buddy_432194751-432199042/byte-buddy/target/classes:/tmp/DynaMoth_Bears_raphw-byte-buddy_432194751-432199042/byte-buddy-benchmark/target/classes:/tmp/DynaMoth_Bears_raphw-byte-buddy_432194751-432199042/byte-buddy-android/target/classes:/tmp/DynaMoth_Bears_raphw-byte-buddy_432194751-432199042/byte-buddy-maven-plugin/target/classes:/tmp/DynaMoth_Bears_raphw-byte-buddy_432194751-432199042/byte-buddy-gradle-plugin/target/classes:/home/tdurieux/.m2/repository/javax/inject/javax.inject/1/javax.inject-1.jar:/home/tdurieux/.m2/repository/xpp3/xpp3/1.1.4c/xpp3-1.1.4c.jar:/home/tdurieux/.m2/repository/org/apache/maven/maven-repository-metadata/3.2.5/maven-repository-metadata-3.2.5.jar:/home/tdurieux/.m2/repository/javax/annotation/jsr250-api/1.0/jsr250-api-1.0.jar:/home/tdurieux/.m2/repository/org/apache/httpcomponents/httpcore/4.0.1/httpcore-4.0.1.jar:/home/tdurieux/.m2/repository/org/khronos/opengl-api/gl1.1-android-2.1_r1/opengl-api-gl1.1-android-2.1_r1.jar:/home/tdurieux/.m2/repository/org/apache/maven/maven-core/3.2.5/maven-core-3.2.5.jar:/home/tdurieux/.m2/repository/org/ow2/asm/asm/6.2.1/asm-6.2.1.jar:/home/tdurieux/.m2/repository/org/codehaus/plexus/plexus-archiver/2.2/plexus-archiver-2.2.jar:/home/tdurieux/.m2/repository/org/ow2/asm/asm-analysis/6.2.1/asm-analysis-6.2.1.jar:/home/tdurieux/.m2/repository/net/bytebuddy/byte-buddy/1.8.23-SNAPSHOT/byte-buddy-1.8.23-SNAPSHOT.jar:/home/tdurieux/.m2/repository/com/jakewharton/android/repackaged/libcore-dex/2/libcore-dex-2.jar:/home/tdurieux/.m2/repository/com/google/guava/guava/16.0.1/guava-16.0.1.jar:/home/tdurieux/.m2/repository/org/codehaus/plexus/plexus-interpolation/1.21/plexus-interpolation-1.21.jar:/home/tdurieux/.m2/repository/org/apache/commons/commons-math3/3.2/commons-math3-3.2.jar:/home/tdurieux/.m2/repository/com/google/code/findbugs/findbugs-annotations/3.0.1/findbugs-annotations-3.0.1.jar:/home/tdurieux/.m2/repository/org/codehaus/plexus/plexus-classworlds/2.5.2/plexus-classworlds-2.5.2.jar:/home/tdurieux/.m2/repository/org/apache/maven/maven-artifact/3.2.5/maven-artifact-3.2.5.jar:/home/tdurieux/.m2/repository/org/eclipse/aether/aether-util/1.1.0/aether-util-1.1.0.jar:/home/tdurieux/.m2/repository/org/openjdk/jmh/jmh-core/1.16/jmh-core-1.16.jar:/home/tdurieux/.m2/repository/org/eclipse/aether/aether-spi/1.0.0.v20140518/aether-spi-1.0.0.v20140518.jar:/home/tdurieux/.m2/repository/net/bytebuddy/byte-buddy-agent/1.8.23-SNAPSHOT/byte-buddy-agent-1.8.23-SNAPSHOT.jar:/home/tdurieux/.m2/repository/org/apache/httpcomponents/httpclient/4.0.1/httpclient-4.0.1.jar:/home/tdurieux/.m2/repository/com/google/android/android/4.1.1.4/android-4.1.1.4.jar:/home/tdurieux/.m2/repository/org/mockito/mockito-core/2.21.0/mockito-core-2.21.0.jar:/home/tdurieux/.m2/repository/org/objenesis/objenesis/2.6/objenesis-2.6.jar:/home/tdurieux/.m2/repository/org/apache/maven/maven-model-builder/3.2.5/maven-model-builder-3.2.5.jar:/home/tdurieux/.m2/repository/org/apache/maven/maven-model/3.2.5/maven-model-3.2.5.jar:/home/tdurieux/.m2/repository/org/ow2/asm/asm-util/6.2.1/asm-util-6.2.1.jar:/home/tdurieux/.m2/repository/commons-io/commons-io/2.2/commons-io-2.2.jar:/home/tdurieux/.m2/repository/org/codehaus/plexus/plexus-utils/3.0.20/plexus-utils-3.0.20.jar:/home/tdurieux/.m2/repository/org/sonatype/plexus/plexus-cipher/1.4/plexus-cipher-1.4.jar:/home/tdurieux/.m2/repository/net/sf/jopt-simple/jopt-simple/4.6/jopt-simple-4.6.jar:/home/tdurieux/.m2/repository/commons-logging/commons-logging/1.1.1/commons-logging-1.1.1.jar:/home/tdurieux/.m2/repository/org/apache/maven/wagon/wagon-provider-api/2.8/wagon-provider-api-2.8.jar:/home/tdurieux/.m2/repository/xerces/xmlParserAPIs/2.6.2/xmlParserAPIs-2.6.2.jar:/home/tdurieux/.m2/repository/classworlds/classworlds/1.1-alpha-2/classworlds-1.1-alpha-2.jar:/home/tdurieux/.m2/repository/org/apache/maven/plugin-testing/maven-plugin-testing-harness/3.3.0/maven-plugin-testing-harness-3.3.0.jar:/home/tdurieux/.m2/repository/org/ow2/asm/asm-tree/6.2.1/asm-tree-6.2.1.jar:/home/tdurieux/.m2/repository/com/jakewharton/android/repackaged/dalvik-dx/1/dalvik-dx-1.jar:/home/tdurieux/.m2/repository/org/apache/maven/maven-plugin-api/3.2.5/maven-plugin-api-3.2.5.jar:/home/tdurieux/.m2/repository/org/codehaus/plexus/plexus-container-default/1.0-alpha-9-stable-1/plexus-container-default-1.0-alpha-9-stable-1.jar:/home/tdurieux/.m2/repository/com/kohlschutter/junixsocket/junixsocket-native-common/2.0.4/junixsocket-native-common-2.0.4.jar:/home/tdurieux/.m2/repository/org/eclipse/aether/aether-impl/1.0.0.v20140518/aether-impl-1.0.0.v20140518.jar:/home/tdurieux/.m2/repository/org/eclipse/sisu/org.eclipse.sisu.inject/0.3.0.M1/org.eclipse.sisu.inject-0.3.0.M1.jar:/home/tdurieux/.m2/repository/org/apache/maven/maven-compat/3.2.5/maven-compat-3.2.5.jar:/home/tdurieux/.m2/repository/org/sonatype/sisu/sisu-guice/3.2.3/sisu-guice-3.2.3-no_aop.jar:/home/tdurieux/.m2/repository/aopalliance/aopalliance/1.0/aopalliance-1.0.jar:/home/tdurieux/.m2/repository/org/eclipse/aether/aether-api/1.1.0/aether-api-1.1.0.jar:/home/tdurieux/.m2/repository/com/kohlschutter/junixsocket/junixsocket-common/2.0.4/junixsocket-common-2.0.4.jar:/home/tdurieux/.m2/repository/org/json/json/20080701/json-20080701.jar:/home/tdurieux/.m2/repository/org/codehaus/plexus/plexus-io/2.0.4/plexus-io-2.0.4.jar:/home/tdurieux/.m2/repository/org/apache/maven/maven-settings-builder/3.2.5/maven-settings-builder-3.2.5.jar:/home/tdurieux/.m2/repository/org/apache/maven/plugin-tools/maven-plugin-annotations/3.4/maven-plugin-annotations-3.4.jar:/home/tdurieux/.m2/repository/org/hamcrest/hamcrest-core/1.3/hamcrest-core-1.3.jar:/home/tdurieux/.m2/repository/net/bytebuddy/byte-buddy/1.8.22/byte-buddy-1.8.22.jar:/home/tdurieux/.m2/repository/org/apache/maven/maven-settings/3.2.5/maven-settings-3.2.5.jar:/home/tdurieux/.m2/repository/org/sonatype/plexus/plexus-sec-dispatcher/1.3/plexus-sec-dispatcher-1.3.jar:/home/tdurieux/.m2/repository/org/codehaus/plexus/plexus-component-annotations/1.5.5/plexus-component-annotations-1.5.5.jar:/home/tdurieux/.m2/repository/org/apache/maven/maven-aether-provider/3.2.5/maven-aether-provider-3.2.5.jar:/home/tdurieux/.m2/repository/junit/junit/4.12/junit-4.12.jar:/home/tdurieux/.m2/repository/org/ow2/asm/asm-commons/6.2.1/asm-commons-6.2.1.jar:/home/tdurieux/.m2/repository/cglib/cglib-nodep/3.2.7/cglib-nodep-3.2.7.jar:/home/tdurieux/.m2/repository/org/scijava/native-lib-loader/2.0.2/native-lib-loader-2.0.2.jar:/home/tdurieux/.m2/repository/net/bytebuddy/byte-buddy-dep/1.8.23-SNAPSHOT/byte-buddy-dep-1.8.23-SNAPSHOT.jar:/home/tdurieux/.m2/repository/log4j/log4j/1.2.17/log4j-1.2.17.jar:/home/tdurieux/.m2/repository/org/openjdk/jmh/jmh-generator-annprocess/1.16/jmh-generator-annprocess-1.16.jar:/home/tdurieux/.m2/repository/org/eclipse/sisu/org.eclipse.sisu.plexus/0.3.0.M1/org.eclipse.sisu.plexus-0.3.0.M1.jar:/home/tdurieux/.m2/repository/org/javassist/javassist/3.22.0-GA/javassist-3.22.0-GA.jar:/home/tdurieux/.m2/repository/javax/enterprise/cdi-api/1.0/cdi-api-1.0.jar:/home/tdurieux/.m2/repository/commons-codec/commons-codec/1.3/commons-codec-1.3.jar:/home/tdurieux/defects4j4repair/script/../repair_tools/nopol.jar";
	echo "\n\nNode: `hostname`\n";
	echo "\n\nDate: `date`\n";
Picked up JAVA_TOOL_OPTIONS: -Dfile.encoding=UTF8 -Duser.language=en-US -Duser.country=US -Duser.language=en
06:27:13.934 [main] INFO  fr.inria.lille.repair.nopol.NoPol - Source files: [byte-buddy-dep/src/main/java]
06:27:13.937 [main] INFO  fr.inria.lille.repair.nopol.NoPol - Classpath: [file:/tmp/DynaMoth_Bears_raphw-byte-buddy_432194751-432199042/byte-buddy-dep/target/classes/, file:/tmp/DynaMoth_Bears_raphw-byte-buddy_432194751-432199042/byte-buddy-dep/target/test-classes/, file:/tmp/DynaMoth_Bears_raphw-byte-buddy_432194751-432199042/byte-buddy-agent/target/classes/, file:/tmp/DynaMoth_Bears_raphw-byte-buddy_432194751-432199042/byte-buddy/target/classes/, file:/tmp/DynaMoth_Bears_raphw-byte-buddy_432194751-432199042/byte-buddy-benchmark/target/classes/, file:/tmp/DynaMoth_Bears_raphw-byte-buddy_432194751-432199042/byte-buddy-android/target/classes/, file:/tmp/DynaMoth_Bears_raphw-byte-buddy_432194751-432199042/byte-buddy-maven-plugin/target/classes/, file:/tmp/DynaMoth_Bears_raphw-byte-buddy_432194751-432199042/byte-buddy-gradle-plugin/target/classes/, file:/home/tdurieux/.m2/repository/javax/inject/javax.inject/1/javax.inject-1.jar, file:/home/tdurieux/.m2/repository/xpp3/xpp3/1.1.4c/xpp3-1.1.4c.jar, file:/home/tdurieux/.m2/repository/org/apache/maven/maven-repository-metadata/3.2.5/maven-repository-metadata-3.2.5.jar, file:/home/tdurieux/.m2/repository/javax/annotation/jsr250-api/1.0/jsr250-api-1.0.jar, file:/home/tdurieux/.m2/repository/org/apache/httpcomponents/httpcore/4.0.1/httpcore-4.0.1.jar, file:/home/tdurieux/.m2/repository/org/khronos/opengl-api/gl1.1-android-2.1_r1/opengl-api-gl1.1-android-2.1_r1.jar, file:/home/tdurieux/.m2/repository/org/apache/maven/maven-core/3.2.5/maven-core-3.2.5.jar, file:/home/tdurieux/.m2/repository/org/ow2/asm/asm/6.2.1/asm-6.2.1.jar, file:/home/tdurieux/.m2/repository/org/codehaus/plexus/plexus-archiver/2.2/plexus-archiver-2.2.jar, file:/home/tdurieux/.m2/repository/org/ow2/asm/asm-analysis/6.2.1/asm-analysis-6.2.1.jar, file:/home/tdurieux/.m2/repository/net/bytebuddy/byte-buddy/1.8.23-SNAPSHOT/byte-buddy-1.8.23-SNAPSHOT.jar, file:/home/tdurieux/.m2/repository/com/jakewharton/android/repackaged/libcore-dex/2/libcore-dex-2.jar, file:/home/tdurieux/.m2/repository/com/google/guava/guava/16.0.1/guava-16.0.1.jar, file:/home/tdurieux/.m2/repository/org/codehaus/plexus/plexus-interpolation/1.21/plexus-interpolation-1.21.jar, file:/home/tdurieux/.m2/repository/org/apache/commons/commons-math3/3.2/commons-math3-3.2.jar, file:/home/tdurieux/.m2/repository/com/google/code/findbugs/findbugs-annotations/3.0.1/findbugs-annotations-3.0.1.jar, file:/home/tdurieux/.m2/repository/org/codehaus/plexus/plexus-classworlds/2.5.2/plexus-classworlds-2.5.2.jar, file:/home/tdurieux/.m2/repository/org/apache/maven/maven-artifact/3.2.5/maven-artifact-3.2.5.jar, file:/home/tdurieux/.m2/repository/org/eclipse/aether/aether-util/1.1.0/aether-util-1.1.0.jar, file:/home/tdurieux/.m2/repository/org/openjdk/jmh/jmh-core/1.16/jmh-core-1.16.jar, file:/home/tdurieux/.m2/repository/org/eclipse/aether/aether-spi/1.0.0.v20140518/aether-spi-1.0.0.v20140518.jar, file:/home/tdurieux/.m2/repository/net/bytebuddy/byte-buddy-agent/1.8.23-SNAPSHOT/byte-buddy-agent-1.8.23-SNAPSHOT.jar, file:/home/tdurieux/.m2/repository/org/apache/httpcomponents/httpclient/4.0.1/httpclient-4.0.1.jar, file:/home/tdurieux/.m2/repository/com/google/android/android/4.1.1.4/android-4.1.1.4.jar, file:/home/tdurieux/.m2/repository/org/mockito/mockito-core/2.21.0/mockito-core-2.21.0.jar, file:/home/tdurieux/.m2/repository/org/objenesis/objenesis/2.6/objenesis-2.6.jar, file:/home/tdurieux/.m2/repository/org/apache/maven/maven-model-builder/3.2.5/maven-model-builder-3.2.5.jar, file:/home/tdurieux/.m2/repository/org/apache/maven/maven-model/3.2.5/maven-model-3.2.5.jar, file:/home/tdurieux/.m2/repository/org/ow2/asm/asm-util/6.2.1/asm-util-6.2.1.jar, file:/home/tdurieux/.m2/repository/commons-io/commons-io/2.2/commons-io-2.2.jar, file:/home/tdurieux/.m2/repository/org/codehaus/plexus/plexus-utils/3.0.20/plexus-utils-3.0.20.jar, file:/home/tdurieux/.m2/repository/org/sonatype/plexus/plexus-cipher/1.4/plexus-cipher-1.4.jar, file:/home/tdurieux/.m2/repository/net/sf/jopt-simple/jopt-simple/4.6/jopt-simple-4.6.jar, file:/home/tdurieux/.m2/repository/commons-logging/commons-logging/1.1.1/commons-logging-1.1.1.jar, file:/home/tdurieux/.m2/repository/org/apache/maven/wagon/wagon-provider-api/2.8/wagon-provider-api-2.8.jar, file:/home/tdurieux/.m2/repository/xerces/xmlParserAPIs/2.6.2/xmlParserAPIs-2.6.2.jar, file:/home/tdurieux/.m2/repository/classworlds/classworlds/1.1-alpha-2/classworlds-1.1-alpha-2.jar, file:/home/tdurieux/.m2/repository/org/apache/maven/plugin-testing/maven-plugin-testing-harness/3.3.0/maven-plugin-testing-harness-3.3.0.jar, file:/home/tdurieux/.m2/repository/org/ow2/asm/asm-tree/6.2.1/asm-tree-6.2.1.jar, file:/home/tdurieux/.m2/repository/com/jakewharton/android/repackaged/dalvik-dx/1/dalvik-dx-1.jar, file:/home/tdurieux/.m2/repository/org/apache/maven/maven-plugin-api/3.2.5/maven-plugin-api-3.2.5.jar, file:/home/tdurieux/.m2/repository/org/codehaus/plexus/plexus-container-default/1.0-alpha-9-stable-1/plexus-container-default-1.0-alpha-9-stable-1.jar, file:/home/tdurieux/.m2/repository/com/kohlschutter/junixsocket/junixsocket-native-common/2.0.4/junixsocket-native-common-2.0.4.jar, file:/home/tdurieux/.m2/repository/org/eclipse/aether/aether-impl/1.0.0.v20140518/aether-impl-1.0.0.v20140518.jar, file:/home/tdurieux/.m2/repository/org/eclipse/sisu/org.eclipse.sisu.inject/0.3.0.M1/org.eclipse.sisu.inject-0.3.0.M1.jar, file:/home/tdurieux/.m2/repository/org/apache/maven/maven-compat/3.2.5/maven-compat-3.2.5.jar, file:/home/tdurieux/.m2/repository/org/sonatype/sisu/sisu-guice/3.2.3/sisu-guice-3.2.3-no_aop.jar, file:/home/tdurieux/.m2/repository/aopalliance/aopalliance/1.0/aopalliance-1.0.jar, file:/home/tdurieux/.m2/repository/org/eclipse/aether/aether-api/1.1.0/aether-api-1.1.0.jar, file:/home/tdurieux/.m2/repository/com/kohlschutter/junixsocket/junixsocket-common/2.0.4/junixsocket-common-2.0.4.jar, file:/home/tdurieux/.m2/repository/org/json/json/20080701/json-20080701.jar, file:/home/tdurieux/.m2/repository/org/codehaus/plexus/plexus-io/2.0.4/plexus-io-2.0.4.jar, file:/home/tdurieux/.m2/repository/org/apache/maven/maven-settings-builder/3.2.5/maven-settings-builder-3.2.5.jar, file:/home/tdurieux/.m2/repository/org/apache/maven/plugin-tools/maven-plugin-annotations/3.4/maven-plugin-annotations-3.4.jar, file:/home/tdurieux/.m2/repository/org/hamcrest/hamcrest-core/1.3/hamcrest-core-1.3.jar, file:/home/tdurieux/.m2/repository/net/bytebuddy/byte-buddy/1.8.22/byte-buddy-1.8.22.jar, file:/home/tdurieux/.m2/repository/org/apache/maven/maven-settings/3.2.5/maven-settings-3.2.5.jar, file:/home/tdurieux/.m2/repository/org/sonatype/plexus/plexus-sec-dispatcher/1.3/plexus-sec-dispatcher-1.3.jar, file:/home/tdurieux/.m2/repository/org/codehaus/plexus/plexus-component-annotations/1.5.5/plexus-component-annotations-1.5.5.jar, file:/home/tdurieux/.m2/repository/org/apache/maven/maven-aether-provider/3.2.5/maven-aether-provider-3.2.5.jar, file:/home/tdurieux/.m2/repository/junit/junit/4.12/junit-4.12.jar, file:/home/tdurieux/.m2/repository/org/ow2/asm/asm-commons/6.2.1/asm-commons-6.2.1.jar, file:/home/tdurieux/.m2/repository/cglib/cglib-nodep/3.2.7/cglib-nodep-3.2.7.jar, file:/home/tdurieux/.m2/repository/org/scijava/native-lib-loader/2.0.2/native-lib-loader-2.0.2.jar, file:/home/tdurieux/.m2/repository/net/bytebuddy/byte-buddy-dep/1.8.23-SNAPSHOT/byte-buddy-dep-1.8.23-SNAPSHOT.jar, file:/home/tdurieux/.m2/repository/log4j/log4j/1.2.17/log4j-1.2.17.jar, file:/home/tdurieux/.m2/repository/org/openjdk/jmh/jmh-generator-annprocess/1.16/jmh-generator-annprocess-1.16.jar, file:/home/tdurieux/.m2/repository/org/eclipse/sisu/org.eclipse.sisu.plexus/0.3.0.M1/org.eclipse.sisu.plexus-0.3.0.M1.jar, file:/home/tdurieux/.m2/repository/org/javassist/javassist/3.22.0-GA/javassist-3.22.0-GA.jar, file:/home/tdurieux/.m2/repository/javax/enterprise/cdi-api/1.0/cdi-api-1.0.jar, file:/home/tdurieux/.m2/repository/commons-codec/commons-codec/1.3/commons-codec-1.3.jar, file:/home/tdurieux/defects4j4repair/script/../repair_tools/nopol.jar]
06:27:13.937 [main] INFO  fr.inria.lille.repair.nopol.NoPol - Statement type: PRE_THEN_COND
06:27:13.938 [main] INFO  fr.inria.lille.repair.nopol.NoPol - Args: [net.bytebuddy.ByteBuddyTest, net.bytebuddy.ByteBuddyTutorialExamplesTest, net.bytebuddy.ClassFileVersionKnownVersionsTest, net.bytebuddy.ClassFileVersionTest, net.bytebuddy.NamingStrategyTest, net.bytebuddy.TypeCacheTest, net.bytebuddy.agent.builder.AgentBuilderCircularityLockTest, net.bytebuddy.agent.builder.AgentBuilderClassFileBufferStrategyTest, net.bytebuddy.agent.builder.AgentBuilderDefaultApplicationRedefineTest, net.bytebuddy.agent.builder.AgentBuilderDefaultApplicationRedefinitionReiterationTest, net.bytebuddy.agent.builder.AgentBuilderDefaultApplicationResubmissionTest, net.bytebuddy.agent.builder.AgentBuilderDefaultApplicationSuperTypeLoadingTest, net.bytebuddy.agent.builder.AgentBuilderDefaultApplicationTest, net.bytebuddy.agent.builder.AgentBuilderDefaultNativeMethodStrategyTest, net.bytebuddy.agent.builder.AgentBuilderDefaultTest, net.bytebuddy.agent.builder.AgentBuilderDescriptionStrategyTest, net.bytebuddy.agent.builder.AgentBuilderFallbackStrategyByThrowableTypeTest, net.bytebuddy.agent.builder.AgentBuilderFallbackStrategySimpleTest, net.bytebuddy.agent.builder.AgentBuilderInitializationStrategySelfInjectionDispatcherTest, net.bytebuddy.agent.builder.AgentBuilderInitializationStrategyTest, net.bytebuddy.agent.builder.AgentBuilderInstallationListenerTest, net.bytebuddy.agent.builder.AgentBuilderLambdaInstrumentationStrategyTest, net.bytebuddy.agent.builder.AgentBuilderListenerTest, net.bytebuddy.agent.builder.AgentBuilderLocationStrategyCompoundTest, net.bytebuddy.agent.builder.AgentBuilderLocationStrategyForClassLoaderTest, net.bytebuddy.agent.builder.AgentBuilderLocationStrategyNoOpTest, net.bytebuddy.agent.builder.AgentBuilderLocationStrategySimpleTest, net.bytebuddy.agent.builder.AgentBuilderPoolStrategyTest, net.bytebuddy.agent.builder.AgentBuilderRawMatcherConjunctionTest, net.bytebuddy.agent.builder.AgentBuilderRawMatcherDisjunctionTest, net.bytebuddy.agent.builder.AgentBuilderRawMatcherForElementMatchersTest, net.bytebuddy.agent.builder.AgentBuilderRawMatcherForLoadStateTest, net.bytebuddy.agent.builder.AgentBuilderRawMatcherInversionTest, net.bytebuddy.agent.builder.AgentBuilderRawMatcherTrivialTest, net.bytebuddy.agent.builder.AgentBuilderRedefinitionStrategyBatchAllocatorTest, net.bytebuddy.agent.builder.AgentBuilderRedefinitionStrategyDiscoveryStrategyTest, net.bytebuddy.agent.builder.AgentBuilderRedefinitionStrategyListenerTest, net.bytebuddy.agent.builder.AgentBuilderRedefinitionStrategyResubmissionStrategyTest, net.bytebuddy.agent.builder.AgentBuilderRedefinitionStrategyTest, net.bytebuddy.agent.builder.AgentBuilderTransformerForBuildPluginTest, net.bytebuddy.agent.builder.AgentBuilderTransformerTest, net.bytebuddy.agent.builder.AgentBuilderTypeLocatorWithTypePoolCacheSimpleTest, net.bytebuddy.agent.builder.AgentBuilderTypeStrategyForBuildEntryPointTest, net.bytebuddy.agent.builder.AgentBuilderTypeStrategyTest, net.bytebuddy.agent.builder.LambdaFactoryTest, net.bytebuddy.agent.builder.RawMatcherForResolvableTypesTest, net.bytebuddy.asm.AdviceAnnotationTest, net.bytebuddy.asm.AdviceArgumentHandlerCopyingTest, net.bytebuddy.asm.AdviceBoxedParameterAssignmentTest, net.bytebuddy.asm.AdviceBoxedReturnAssignmentTest, net.bytebuddy.asm.AdviceCustomAnnotationOnFieldTest, net.bytebuddy.asm.AdviceCustomAnnotationOnParameterTest, net.bytebuddy.asm.AdviceDeadCodeTest, net.bytebuddy.asm.AdviceDiscardedEnterTypeTest, net.bytebuddy.asm.AdviceEnterValueTest, net.bytebuddy.asm.AdviceExchangedDuplicationTest, net.bytebuddy.asm.AdviceExitValueTest, net.bytebuddy.asm.AdviceFrameTest, net.bytebuddy.asm.AdviceIllegalTypeTest, net.bytebuddy.asm.AdviceImplementationTest, net.bytebuddy.asm.AdviceInconsistentFrameTest, net.bytebuddy.asm.AdviceInconsistentStackSizeTest, net.bytebuddy.asm.AdviceJsrRetTest, net.bytebuddy.asm.AdviceLocalValueTest, net.bytebuddy.asm.AdviceNoRegularReturnTest, net.bytebuddy.asm.AdviceNoRegularReturnWithinAdviceTest, net.bytebuddy.asm.AdviceRepeatOnDefaultValueTest, net.bytebuddy.asm.AdviceRepeatOnNonDefaultValueTest, net.bytebuddy.asm.AdviceRepeatOnTest, net.bytebuddy.asm.AdviceSizeConversionTest, net.bytebuddy.asm.AdviceSkipOnDefaultValueTest, net.bytebuddy.asm.AdviceSkipOnNonDefaultValueTest, net.bytebuddy.asm.AdviceSkipOnTest, net.bytebuddy.asm.AdviceSuppressionTest, net.bytebuddy.asm.AdviceTest, net.bytebuddy.asm.AdviceTypeTest, net.bytebuddy.asm.AdviceVariableAccessTest, net.bytebuddy.asm.AsmVisitorWrapperCompoundTest, net.bytebuddy.asm.AsmVisitorWrapperForDeclaredFieldsTest, net.bytebuddy.asm.AsmVisitorWrapperForDeclaredMethodsTest, net.bytebuddy.asm.AsmVisitorWrapperNoOpTest, net.bytebuddy.asm.MemberRemovalTest, net.bytebuddy.asm.MemberSubstitutionTest, net.bytebuddy.asm.ModifierAdjustmentTest, net.bytebuddy.asm.TypeConstantAdjustmentTest, net.bytebuddy.asm.TypeReferenceAdjustmentTest, net.bytebuddy.build.CachedReturnPluginErrorTest, net.bytebuddy.build.CachedReturnPluginTest, net.bytebuddy.build.EntryPointDefaultTest, net.bytebuddy.build.HashCodeAndEqualsPluginTest, net.bytebuddy.build.PluginCompoundTest, net.bytebuddy.build.PluginNoOpTest, net.bytebuddy.build.ToStringPluginTest, net.bytebuddy.description.ByteCodeElementTokenListTest, net.bytebuddy.description.TypeVariableSourceVisitorNoOpTest, net.bytebuddy.description.annotation.AnnotationDescriptionAbstractPreparedExceptionTest, net.bytebuddy.description.annotation.AnnotationDescriptionAnnotationInvocationHandlerTest, net.bytebuddy.description.annotation.AnnotationDescriptionAnnotationValueLoadedStateTest, net.bytebuddy.description.annotation.AnnotationDescriptionBuilderTest, net.bytebuddy.description.annotation.AnnotationDescriptionForLoadedAnnotationDifferentClassLoaderTest, net.bytebuddy.description.annotation.AnnotationDescriptionForLoadedAnnotationTest, net.bytebuddy.description.annotation.AnnotationDescriptionLatentTest, net.bytebuddy.description.annotation.AnnotationListEmptyTest, net.bytebuddy.description.annotation.AnnotationListExplicitTest, net.bytebuddy.description.annotation.AnnotationListForLoadedAnnotationsTest, net.bytebuddy.description.annotation.AnnotationSourceTest, net.bytebuddy.description.annotation.AnnotationValueForConstantTest, net.bytebuddy.description.annotation.AnnotationValueRenderingDispatcherTest, net.bytebuddy.description.enumeration.EnumerationDescriptionForLoadedEnumerationTest, net.bytebuddy.description.enumeration.EnumerationDescriptionLatentTest, net.bytebuddy.description.field.FieldDescriptionForLoadedFieldsTest, net.bytebuddy.description.field.FieldDescriptionLatentTest, net.bytebuddy.description.field.FieldDescriptionSignatureTokenTest, net.bytebuddy.description.field.FieldDescriptionTokenTest, net.bytebuddy.description.field.FieldListEmptyTest, net.bytebuddy.description.field.FieldListExplicitTest, net.bytebuddy.description.field.FieldListForLoadedFieldsTest, net.bytebuddy.description.method.MethodDescriptionForLoadedTest, net.bytebuddy.description.method.MethodDescriptionLatentTest, net.bytebuddy.description.method.MethodDescriptionLatentTypeInitializerTest, net.bytebuddy.description.method.MethodDescriptionSignatureTokenTest, net.bytebuddy.description.method.MethodDescriptionTokenTest, net.bytebuddy.description.method.MethodDescriptionTypeTokenTest, net.bytebuddy.description.method.MethodListEmptyTest, net.bytebuddy.description.method.MethodListExplicitTest, net.bytebuddy.description.method.MethodListForLoadedTypesTest, net.bytebuddy.description.method.ParameterDescriptionForLoadedParameterDispatcherTest, net.bytebuddy.description.method.ParameterDescriptionTokenTest, net.bytebuddy.description.method.ParameterListEmptyTest, net.bytebuddy.description.method.ParameterListExplicitTest, net.bytebuddy.description.method.ParameterListForLoadedExectutableDispatcherTest, net.bytebuddy.description.method.ParameterListForLoadedParameterTest, net.bytebuddy.description.modifier.EnumerationStateTest, net.bytebuddy.description.modifier.FieldManifestationTest, net.bytebuddy.description.modifier.FieldPersistenceTest, net.bytebuddy.description.modifier.MethodArgumentsTest, net.bytebuddy.description.modifier.MethodManifestationTest, net.bytebuddy.description.modifier.MethodStrictnessTest, net.bytebuddy.description.modifier.ModifierContributorResolverTest, net.bytebuddy.description.modifier.ModifierContributorTest, net.bytebuddy.description.modifier.OwnershipTest, net.bytebuddy.description.modifier.ParameterManifestationTest, net.bytebuddy.description.modifier.ProvisioningStateTest, net.bytebuddy.description.modifier.SynchronizationStateTest, net.bytebuddy.description.modifier.SyntheticStateTest, net.bytebuddy.description.modifier.TypeManifestationTest, net.bytebuddy.description.modifier.VisibilityExpansionTest, net.bytebuddy.description.modifier.VisibilityTest, net.bytebuddy.description.type.GenericSignatureResolutionTest, net.bytebuddy.description.type.PackageDescriptionForLoadedPackageTest, net.bytebuddy.description.type.PackageDescriptionSimpleTest, net.bytebuddy.description.type.TypeDefinitionSortOtherTest, net.bytebuddy.description.type.TypeDefinitionSortTest, net.bytebuddy.description.type.TypeDefinitionSuperClassIteratorTest, net.bytebuddy.description.type.TypeDescriptionArrayProjectionTest, net.bytebuddy.description.type.TypeDescriptionForLoadedTypeTest, net.bytebuddy.description.type.TypeDescriptionForPackageDescriptionTest, net.bytebuddy.description.type.TypeDescriptionGenericAnnotationReaderTest, net.bytebuddy.description.type.TypeDescriptionGenericBuilderTest, net.bytebuddy.description.type.TypeDescriptionGenericLazyProjectionWithLazyNavigationTest, net.bytebuddy.description.type.TypeDescriptionGenericOfNonGenericTypeForReifiedErasureTest, net.bytebuddy.description.type.TypeDescriptionGenericOfParameterizedTypeForGenerifiedErasureTest, net.bytebuddy.description.type.TypeDescriptionGenericOfParameterizedTypeForReifiedTypeTest, net.bytebuddy.description.type.TypeDescriptionGenericOfParameterizedTypeRenderingDelegateTest, net.bytebuddy.description.type.TypeDescriptionGenericOfTypeVariableSymbolicTest, net.bytebuddy.description.type.TypeDescriptionGenericOfTypeVariableWithAnnotationOverlayTest, net.bytebuddy.description.type.TypeDescriptionGenericVisitorAnnotationStripperTest, net.bytebuddy.description.type.TypeDescriptionGenericVisitorAssignerTest, net.bytebuddy.description.type.TypeDescriptionGenericVisitorForSignatureVisitorTest, net.bytebuddy.description.type.TypeDescriptionGenericVisitorNoOpTest, net.bytebuddy.description.type.TypeDescriptionGenericVisitorReducingTest, net.bytebuddy.description.type.TypeDescriptionGenericVisitorReifyingTest, net.bytebuddy.description.type.TypeDescriptionGenericVisitorSubstitutorForAttachmentTest, net.bytebuddy.description.type.TypeDescriptionGenericVisitorSubstitutorForDetachmentTest, net.bytebuddy.description.type.TypeDescriptionGenericVisitorSubstitutorForTokenNormalizationTest, net.bytebuddy.description.type.TypeDescriptionGenericVisitorSubstitutorForTypeVariableBindingTest, net.bytebuddy.description.type.TypeDescriptionGenericVisitorTypeErasingTest, net.bytebuddy.description.type.TypeDescriptionGenericVisitorValidatorForTypeAnnotations, net.bytebuddy.description.type.TypeDescriptionGenericVisitorValidatorTest, net.bytebuddy.description.type.TypeDescriptionLatentTest, net.bytebuddy.description.type.TypeInitializerTest, net.bytebuddy.description.type.TypeListEmptyTest, net.bytebuddy.description.type.TypeListExplicitTest, net.bytebuddy.description.type.TypeListForLoadedTest, net.bytebuddy.description.type.TypeListGenericEmptyTest, net.bytebuddy.description.type.TypeListGenericExplicitTest, net.bytebuddy.description.type.TypeListGenericForLoadedTypesTest, net.bytebuddy.description.type.TypeVariableTokenTest, net.bytebuddy.dynamic.ClassFileLocatorAgentBasedTest, net.bytebuddy.dynamic.ClassFileLocatorCompoundTest, net.bytebuddy.dynamic.ClassFileLocatorForClassLoaderTest, net.bytebuddy.dynamic.ClassFileLocatorForClassLoaderWeaklyReferencedTest, net.bytebuddy.dynamic.ClassFileLocatorForFolderTest, net.bytebuddy.dynamic.ClassFileLocatorForJarFileTest, net.bytebuddy.dynamic.ClassFileLocatorForModuleFileTest, net.bytebuddy.dynamic.ClassFileLocatorForModuleTest, net.bytebuddy.dynamic.ClassFileLocatorForModuleWeaklyReferencedTest, net.bytebuddy.dynamic.ClassFileLocatorForUrlTest, net.bytebuddy.dynamic.ClassFileLocatorNoOpTest, net.bytebuddy.dynamic.ClassFileLocatorPackageDiscriminatingTest, net.bytebuddy.dynamic.ClassFileLocatorResolutionTest, net.bytebuddy.dynamic.ClassFileLocatorSimpleTest, net.bytebuddy.dynamic.ClassWriterStrategyDefaultTest, net.bytebuddy.dynamic.DynamicTypeDefaultLoadedTest, net.bytebuddy.dynamic.DynamicTypeDefaultTest, net.bytebuddy.dynamic.DynamicTypeDefaultUnloadedTest, net.bytebuddy.dynamic.NexusTest, net.bytebuddy.dynamic.TargetTypeTest, net.bytebuddy.dynamic.TransformerCompoundTest, net.bytebuddy.dynamic.TransformerForFieldTest, net.bytebuddy.dynamic.TransformerForMethodTest, net.bytebuddy.dynamic.TransformerNoOpTest, net.bytebuddy.dynamic.TypeResolutionStrategyTest, net.bytebuddy.dynamic.loading.ByteArrayClassLoaderChildFirstPrependingEnumerationTest, net.bytebuddy.dynamic.loading.ByteArrayClassLoaderChildFirstTest, net.bytebuddy.dynamic.loading.ByteArrayClassLoaderEmptyEnumerationTest, net.bytebuddy.dynamic.loading.ByteArrayClassLoaderPackageLookupStrategy, net.bytebuddy.dynamic.loading.ByteArrayClassLoaderSingletonEnumerationTest, net.bytebuddy.dynamic.loading.ByteArrayClassLoaderSynchronizationStrategyTest, net.bytebuddy.dynamic.loading.ByteArrayClassLoaderTest, net.bytebuddy.dynamic.loading.ClassInjectorUsingInstrumentationTest, net.bytebuddy.dynamic.loading.ClassInjectorUsingLookupTest, net.bytebuddy.dynamic.loading.ClassInjectorUsingReflectionTest, net.bytebuddy.dynamic.loading.ClassInjectorUsingUnsafeTest, net.bytebuddy.dynamic.loading.ClassLoadingStrategyDefaultTest, net.bytebuddy.dynamic.loading.ClassLoadingStrategyForBootstrapInjectionTest, net.bytebuddy.dynamic.loading.ClassLoadingStrategyForUnsafeInjectionTest, net.bytebuddy.dynamic.loading.ClassLoadingStrategyUsingLookupTest, net.bytebuddy.dynamic.loading.ClassReloadingStrategyTest, net.bytebuddy.dynamic.loading.InjectionClassLoaderTest, net.bytebuddy.dynamic.loading.MultipleParentClassLoaderTest, net.bytebuddy.dynamic.loading.NoOpClassFileTransformerTest, net.bytebuddy.dynamic.loading.PackageDefinitionStrategyTypeSimpleTest, net.bytebuddy.dynamic.loading.PackageDefinitionStrategyTypeTrivialTest, net.bytebuddy.dynamic.loading.PackageDefinitionStrategyTypeUndefinedTest, net.bytebuddy.dynamic.loading.PackageDefinitionTrivialTest, net.bytebuddy.dynamic.loading.PackageTypeStrategyManifestReadingTest, net.bytebuddy.dynamic.loading.PackageTypeStrategyNoOpTest, net.bytebuddy.dynamic.scaffold.ClassWriterStrategyFrameComputingClassWriterTest, net.bytebuddy.dynamic.scaffold.FieldLocatorForClassHierarchyTest, net.bytebuddy.dynamic.scaffold.FieldLocatorForExactTypeTest, net.bytebuddy.dynamic.scaffold.FieldLocatorForTopLevelTypeTest, net.bytebuddy.dynamic.scaffold.FieldLocatorNoOpTest, net.bytebuddy.dynamic.scaffold.FieldLocatorResolutionTest, net.bytebuddy.dynamic.scaffold.FieldRegistryCompiledNoOpTest, net.bytebuddy.dynamic.scaffold.FieldRegistryDefaultTest, net.bytebuddy.dynamic.scaffold.InstrumentedTypeDefaultTest, net.bytebuddy.dynamic.scaffold.InstrumentedTypeFactoryDefaultTest, net.bytebuddy.dynamic.scaffold.InstrumentedTypeFrozenTest, net.bytebuddy.dynamic.scaffold.MethodGraphCompilerDefaultHarmonizerForJVMMethodTest, net.bytebuddy.dynamic.scaffold.MethodGraphCompilerDefaultHarmonizerForJavaMethodTest, net.bytebuddy.dynamic.scaffold.MethodGraphCompilerDefaultKeyTest, net.bytebuddy.dynamic.scaffold.MethodGraphCompilerDefaultMergerDirectionalTest, net.bytebuddy.dynamic.scaffold.MethodGraphCompilerDefaultTest, net.bytebuddy.dynamic.scaffold.MethodGraphCompilerForDeclaredMethodsTest, net.bytebuddy.dynamic.scaffold.MethodGraphEmptyTest, net.bytebuddy.dynamic.scaffold.MethodGraphLinkedDelegationTest, net.bytebuddy.dynamic.scaffold.MethodGraphNodeListTest, net.bytebuddy.dynamic.scaffold.MethodGraphNodeSimpleTest, net.bytebuddy.dynamic.scaffold.MethodGraphNodeSortTest, net.bytebuddy.dynamic.scaffold.MethodGraphNodeUnresolvedTest, net.bytebuddy.dynamic.scaffold.MethodGraphSimpleTest, net.bytebuddy.dynamic.scaffold.MethodRegistryDefaultTest, net.bytebuddy.dynamic.scaffold.MethodRegistryHandlerTest, net.bytebuddy.dynamic.scaffold.TypeInitializerDrainDefaultTest, net.bytebuddy.dynamic.scaffold.TypeValidationTest, net.bytebuddy.dynamic.scaffold.TypeWriterDeclarationPreservationTest, net.bytebuddy.dynamic.scaffold.TypeWriterDefaultForInliningWithFullProcessingInitializationHandlerAppendingFrameWriterActiveTest, net.bytebuddy.dynamic.scaffold.TypeWriterDefaultForInliningWithFullProcessingInitializationHandlerAppendingFrameWriterExpandingTest, net.bytebuddy.dynamic.scaffold.TypeWriterDefaultForInliningWithFullProcessingInitializationHandlerAppendingFrameWriterNoOpTest, net.bytebuddy.dynamic.scaffold.TypeWriterDefaultTest, net.bytebuddy.dynamic.scaffold.TypeWriterFieldPoolDisabledTest, net.bytebuddy.dynamic.scaffold.TypeWriterFieldPoolRecordTest, net.bytebuddy.dynamic.scaffold.TypeWriterInitializerRemapperTest, net.bytebuddy.dynamic.scaffold.TypeWriterMethodPoolRecordTest, net.bytebuddy.dynamic.scaffold.inline.DecoratingDynamicTypeBuilderTest, net.bytebuddy.dynamic.scaffold.inline.InlineImplementationMatcherTest, net.bytebuddy.dynamic.scaffold.inline.MethodNameTransformerPrefixingTest, net.bytebuddy.dynamic.scaffold.inline.MethodNameTransformerSuffixingTest, net.bytebuddy.dynamic.scaffold.inline.MethodRebaseResolverDefaultTest, net.bytebuddy.dynamic.scaffold.inline.MethodRebaseResolverDisabledTest, net.bytebuddy.dynamic.scaffold.inline.MethodRebaseResolverResolutionForRebasedConstructorTest, net.bytebuddy.dynamic.scaffold.inline.MethodRebaseResolverResolutionForRebasedMethodTest, net.bytebuddy.dynamic.scaffold.inline.MethodRebaseResolverResolutionPreservedTest, net.bytebuddy.dynamic.scaffold.inline.RebaseDynamicTypeBuilderRebaseableMatcherTest, net.bytebuddy.dynamic.scaffold.inline.RebaseDynamicTypeBuilderTest, net.bytebuddy.dynamic.scaffold.inline.RebaseImplementationTargetFactoryTest, net.bytebuddy.dynamic.scaffold.inline.RebaseImplementationTargetSpecialMethodInvocationTest, net.bytebuddy.dynamic.scaffold.inline.RebaseImplementationTargetTest, net.bytebuddy.dynamic.scaffold.inline.RedefinitionDynamicTypeBuilderTest, net.bytebuddy.dynamic.scaffold.subclass.ConstructorStrategyDefaultTest, net.bytebuddy.dynamic.scaffold.subclass.ConstructorStrategyForDefaultConstructorTest, net.bytebuddy.dynamic.scaffold.subclass.SubclassDynamicTypeBuilderInstrumentableMatcherTest, net.bytebuddy.dynamic.scaffold.subclass.SubclassDynamicTypeBuilderTest, net.bytebuddy.dynamic.scaffold.subclass.SubclassImplementationTargetFactoryTest, net.bytebuddy.dynamic.scaffold.subclass.SubclassImplementationTargetTest, net.bytebuddy.implementation.DefaultMethodCallTest, net.bytebuddy.implementation.EqualsMethodOtherTest, net.bytebuddy.implementation.EqualsMethodTest, net.bytebuddy.implementation.ExceptionMethodTest, net.bytebuddy.implementation.FieldAccessorFieldNameExtractorForBeanPropertyTest, net.bytebuddy.implementation.FieldAccessorFieldNameExtractorForFixedValueTest, net.bytebuddy.implementation.FieldAccessorOtherTest, net.bytebuddy.implementation.FieldAccessorTest, net.bytebuddy.implementation.FixedValueConstantPoolTypesTest, net.bytebuddy.implementation.FixedValueTest, net.bytebuddy.implementation.HashCodeMethodOtherTest, net.bytebuddy.implementation.HashCodeMethodTest, net.bytebuddy.implementation.ImplementationCompoundComposableTest, net.bytebuddy.implementation.ImplementationCompoundTest, net.bytebuddy.implementation.ImplementationContextDefaultOtherTest, net.bytebuddy.implementation.ImplementationContextDefaultTest, net.bytebuddy.implementation.ImplementationContextDisabledTest, net.bytebuddy.implementation.ImplementationSpecialMethodInvocationIllegalTest, net.bytebuddy.implementation.ImplementationSpecialMethodInvocationSimpleTest, net.bytebuddy.implementation.ImplementationTargetAbstractBaseDefaultMethodInvocationTest, net.bytebuddy.implementation.InvocationHandlerAdapterTest, net.bytebuddy.implementation.InvokeDynamicTest, net.bytebuddy.implementation.LoadedTypeInitializerCompoundTest, net.bytebuddy.implementation.LoadedTypeInitializerForStaticFieldTest, net.bytebuddy.implementation.LoadedTypeInitializerNoOpTest, net.bytebuddy.implementation.MethodAccessorFactoryAccessTypeTest, net.bytebuddy.implementation.MethodAccessorFactoryIllegalTest, net.bytebuddy.implementation.MethodCallTest, net.bytebuddy.implementation.MethodCallTypeTest, net.bytebuddy.implementation.MethodDelegationAllArgumentsTest, net.bytebuddy.implementation.MethodDelegationArgumentTest, net.bytebuddy.implementation.MethodDelegationBindingPriorityTest, net.bytebuddy.implementation.MethodDelegationChainedTest, net.bytebuddy.implementation.MethodDelegationCheckedExceptionTest, net.bytebuddy.implementation.MethodDelegationConstructionTest, net.bytebuddy.implementation.MethodDelegationDefaultCallTest, net.bytebuddy.implementation.MethodDelegationDefaultMethodTest, net.bytebuddy.implementation.MethodDelegationDefaultTest, net.bytebuddy.implementation.MethodDelegationExceptionTest, net.bytebuddy.implementation.MethodDelegationFieldProxyTest, net.bytebuddy.implementation.MethodDelegationFieldValueTest, net.bytebuddy.implementation.MethodDelegationIgnoreForBindingTest, net.bytebuddy.implementation.MethodDelegationMorphTest, net.bytebuddy.implementation.MethodDelegationOriginTest, net.bytebuddy.implementation.MethodDelegationOtherTest, net.bytebuddy.implementation.MethodDelegationPipeTest, net.bytebuddy.implementation.MethodDelegationRuntimeTypeTest, net.bytebuddy.implementation.MethodDelegationStubValueTest, net.bytebuddy.implementation.MethodDelegationSuperCallTest, net.bytebuddy.implementation.MethodDelegationSuperMethodTest, net.bytebuddy.implementation.MethodDelegationSuperTest, net.bytebuddy.implementation.MethodDelegationTest, net.bytebuddy.implementation.MethodDelegationThisTest, net.bytebuddy.implementation.ModifierReviewableTest, net.bytebuddy.implementation.StubMethodOtherTest, net.bytebuddy.implementation.StubMethodTest, net.bytebuddy.implementation.SuperMethodCallOtherTest, net.bytebuddy.implementation.SuperMethodCallTest, net.bytebuddy.implementation.ToStringMethodOtherTest, net.bytebuddy.implementation.ToStringMethodTest, net.bytebuddy.implementation.attribute.AnnotationAppenderDefaultTest, net.bytebuddy.implementation.attribute.AnnotationAppenderForTypeAnnotationsTest, net.bytebuddy.implementation.attribute.AnnotationAppenderTargetTest, net.bytebuddy.implementation.attribute.AnnotationRetentionTest, net.bytebuddy.implementation.attribute.AnnotationValueFilterDefaultTest, net.bytebuddy.implementation.attribute.FieldAttributeAppenderCompoundTest, net.bytebuddy.implementation.attribute.FieldAttributeAppenderFactoryCompoundTest, net.bytebuddy.implementation.attribute.FieldAttributeAppenderForAnnotationsTest, net.bytebuddy.implementation.attribute.FieldAttributeAppenderForInstrumentedFieldTest, net.bytebuddy.implementation.attribute.FieldAttributeAppenderNoOpTest, net.bytebuddy.implementation.attribute.MethodAttributeAppenderCompoundTest, net.bytebuddy.implementation.attribute.MethodAttributeAppenderExplicitTest, net.bytebuddy.implementation.attribute.MethodAttributeAppenderFactoryCompoundTest, net.bytebuddy.implementation.attribute.MethodAttributeAppenderForInstrumentedMethodOtherTest, net.bytebuddy.implementation.attribute.MethodAttributeAppenderForInstrumentedMethodTest, net.bytebuddy.implementation.attribute.MethodAttributeAppenderForReceiverTypeTest, net.bytebuddy.implementation.attribute.MethodAttributeAppenderNoOpTest, net.bytebuddy.implementation.attribute.TypeAttributeAppenderCompoundTest, net.bytebuddy.implementation.attribute.TypeAttributeAppenderExplicitTest, net.bytebuddy.implementation.attribute.TypeAttributeAppenderForInstrumentedTypeDifferentiatingTest, net.bytebuddy.implementation.attribute.TypeAttributeAppenderForInstrumentedTypeTest, net.bytebuddy.implementation.attribute.TypeAttributeAppenderNoOpTest, net.bytebuddy.implementation.auxiliary.AuxiliaryTypeSignatureRelevantTest, net.bytebuddy.implementation.auxiliary.MethodCallProxySingleArgumentTest, net.bytebuddy.implementation.auxiliary.MethodCallProxyTest, net.bytebuddy.implementation.auxiliary.PrivilegedMemberLookupActionTest, net.bytebuddy.implementation.auxiliary.TrivialTypeTest, net.bytebuddy.implementation.auxiliary.TypeProxyCreationTest, net.bytebuddy.implementation.auxiliary.TypeProxyInvocationFactoryDefaultTest, net.bytebuddy.implementation.bind.ArgumentTypeResolverPrimitiveTest, net.bytebuddy.implementation.bind.ArgumentTypeResolverReferenceTest, net.bytebuddy.implementation.bind.DeclaringTypeResolverTest, net.bytebuddy.implementation.bind.MethodBindingAmbiguityResolutionTest, net.bytebuddy.implementation.bind.MethodBindingBuilderTest, net.bytebuddy.implementation.bind.MethodDelegationBinderAmbiguityResolverChainTest, net.bytebuddy.implementation.bind.MethodDelegationBinderAmbiguityResolverDirectionalTest, net.bytebuddy.implementation.bind.MethodDelegationBinderAmbiguityResolverNoOpTest, net.bytebuddy.implementation.bind.MethodDelegationBinderBindingResolverDefaultTest, net.bytebuddy.implementation.bind.MethodDelegationBinderBindingResolverStreamWritingTest, net.bytebuddy.implementation.bind.MethodDelegationBinderBindingResolverUniqueTest, net.bytebuddy.implementation.bind.MethodDelegationBinderProcessorTest, net.bytebuddy.implementation.bind.MethodDelegationBinderTerminationHandlerTest, net.bytebuddy.implementation.bind.MethodDelegationBinderTest, net.bytebuddy.implementation.bind.MethodDelegationBindingParameterBindingTest, net.bytebuddy.implementation.bind.MethodNameEqualityResolverTest, net.bytebuddy.implementation.bind.ParameterLengthResolverTest, net.bytebuddy.implementation.bind.ParameterMethodBindingTest, net.bytebuddy.implementation.bind.annotation.AllArgumentsBinderTest, net.bytebuddy.implementation.bind.annotation.ArgumentBinderTest, net.bytebuddy.implementation.bind.annotation.BindingPriorityResolverTest, net.bytebuddy.implementation.bind.annotation.DefaultBinderTest, net.bytebuddy.implementation.bind.annotation.DefaultCallBinderTest, net.bytebuddy.implementation.bind.annotation.DefaultMethodBinderTest, net.bytebuddy.implementation.bind.annotation.EmptyBinderTest, net.bytebuddy.implementation.bind.annotation.FieldProxyBinderTest, net.bytebuddy.implementation.bind.annotation.FieldValueBinderTest, net.bytebuddy.implementation.bind.annotation.IgnoreForBindingVerifierTest, net.bytebuddy.implementation.bind.annotation.MorphBinderTest, net.bytebuddy.implementation.bind.annotation.OriginBinderTest, net.bytebuddy.implementation.bind.annotation.PipeBinderTest, net.bytebuddy.implementation.bind.annotation.RuntimeTypeVerifierTest, net.bytebuddy.implementation.bind.annotation.StubValueBinderTest, net.bytebuddy.implementation.bind.annotation.SuperBinderTest, net.bytebuddy.implementation.bind.annotation.SuperCallBinderTest, net.bytebuddy.implementation.bind.annotation.SuperMethodBinderTest, net.bytebuddy.implementation.bind.annotation.TargetMethodAnnotationDrivenBinderTest, net.bytebuddy.implementation.bind.annotation.TargetMethodAnnotationDriverBinderParameterBinderForFixedValueOfConstantOtherTest, net.bytebuddy.implementation.bind.annotation.TargetMethodAnnotationDriverBinderParameterBinderForFixedValueOfConstantTest, net.bytebuddy.implementation.bind.annotation.ThisBinderTest, net.bytebuddy.implementation.bytecode.AdditionTest, net.bytebuddy.implementation.bytecode.ByteCodeAppenderCompoundTest, net.bytebuddy.implementation.bytecode.ByteCodeAppenderSimpleTest, net.bytebuddy.implementation.bytecode.ByteCodeAppenderSizeTest, net.bytebuddy.implementation.bytecode.DuplicationOtherTest, net.bytebuddy.implementation.bytecode.DuplicationTest, net.bytebuddy.implementation.bytecode.DuplicationWithFlipTest, net.bytebuddy.implementation.bytecode.MultiplicationTest, net.bytebuddy.implementation.bytecode.RemovalTest, net.bytebuddy.implementation.bytecode.StackManipulationCompoundTest, net.bytebuddy.implementation.bytecode.StackManipulationSizeTest, net.bytebuddy.implementation.bytecode.StackManipulationTest, net.bytebuddy.implementation.bytecode.StackSizeMaximumTest, net.bytebuddy.implementation.bytecode.StackSizeTest, net.bytebuddy.implementation.bytecode.ThrowTest, net.bytebuddy.implementation.bytecode.TypeCreationTest, net.bytebuddy.implementation.bytecode.assign.AssignerEqualTypesOnlyTest, net.bytebuddy.implementation.bytecode.assign.AssignerRefusingTest, net.bytebuddy.implementation.bytecode.assign.AssignerTypingTest, net.bytebuddy.implementation.bytecode.assign.InstanceCheckTest, net.bytebuddy.implementation.bytecode.assign.TypeCastingTest, net.bytebuddy.implementation.bytecode.assign.primitive.PrimitiveBoxingDelegateTest, net.bytebuddy.implementation.bytecode.assign.primitive.PrimitiveBoxingDelegateTestWithReferenceTest, net.bytebuddy.implementation.bytecode.assign.primitive.PrimitiveTypeAwareAssignerBoxingTest, net.bytebuddy.implementation.bytecode.assign.primitive.PrimitiveTypeAwareAssignerImplicitUnboxingTest, net.bytebuddy.implementation.bytecode.assign.primitive.PrimitiveTypeAwareAssignerPrimitiveTest, net.bytebuddy.implementation.bytecode.assign.primitive.PrimitiveTypeAwareAssignerUnboxingTest, net.bytebuddy.implementation.bytecode.assign.primitive.PrimitiveUnboxingDelegateDirectTest, net.bytebuddy.implementation.bytecode.assign.primitive.PrimitiveUnboxingDelegateOtherTest, net.bytebuddy.implementation.bytecode.assign.primitive.PrimitiveUnboxingDelegateWideningTest, net.bytebuddy.implementation.bytecode.assign.primitive.PrimitiveWideningDelegateIllegalTest, net.bytebuddy.implementation.bytecode.assign.primitive.PrimitiveWideningDelegateNontrivialTest, net.bytebuddy.implementation.bytecode.assign.primitive.PrimitiveWideningDelegateOtherTest, net.bytebuddy.implementation.bytecode.assign.primitive.PrimitiveWideningDelegateTrivialTest, net.bytebuddy.implementation.bytecode.assign.primitive.VoidAwareAssignerNonVoidToVoidTest, net.bytebuddy.implementation.bytecode.assign.primitive.VoidAwareAssignerTest, net.bytebuddy.implementation.bytecode.assign.primitive.VoidAwareAssignerVoidToNonVoidTest, net.bytebuddy.implementation.bytecode.assign.reference.ReferenceTypeAwareAssignerTest, net.bytebuddy.implementation.bytecode.collection.ArrayAccessOtherTest, net.bytebuddy.implementation.bytecode.collection.ArrayAccessTest, net.bytebuddy.implementation.bytecode.collection.ArrayFactoryPrimitiveTest, net.bytebuddy.implementation.bytecode.collection.ArrayFactoryReferenceTest, net.bytebuddy.implementation.bytecode.constant.ClassConstantPrimitiveTest, net.bytebuddy.implementation.bytecode.constant.ClassConstantReferenceTest, net.bytebuddy.implementation.bytecode.constant.DefaultValueTest, net.bytebuddy.implementation.bytecode.constant.DoubleConstantOpcodeTest, net.bytebuddy.implementation.bytecode.constant.DoubleConstantTest, net.bytebuddy.implementation.bytecode.constant.FieldConstantTest, net.bytebuddy.implementation.bytecode.constant.FloatConstantOpcodeTest, net.bytebuddy.implementation.bytecode.constant.FloatConstantTest, net.bytebuddy.implementation.bytecode.constant.IntegerConstantOpcodeTest, net.bytebuddy.implementation.bytecode.constant.IntegerConstantTest, net.bytebuddy.implementation.bytecode.constant.JavaConstantValueTest, net.bytebuddy.implementation.bytecode.constant.LongConstantOpcodeTest, net.bytebuddy.implementation.bytecode.constant.LongConstantTest, net.bytebuddy.implementation.bytecode.constant.MethodConstantTest, net.bytebuddy.implementation.bytecode.constant.NullConstantTest, net.bytebuddy.implementation.bytecode.constant.SerializedConstantTest, net.bytebuddy.implementation.bytecode.constant.TextConstantTest, net.bytebuddy.implementation.bytecode.member.FieldAccessOtherTest, net.bytebuddy.implementation.bytecode.member.FieldAccessTest, net.bytebuddy.implementation.bytecode.member.HandleInvocationTest, net.bytebuddy.implementation.bytecode.member.MethodInvocationDynamicTest, net.bytebuddy.implementation.bytecode.member.MethodInvocationGenericTest, net.bytebuddy.implementation.bytecode.member.MethodInvocationHandleTest, net.bytebuddy.implementation.bytecode.member.MethodInvocationOtherTest, net.bytebuddy.implementation.bytecode.member.MethodInvocationTest, net.bytebuddy.implementation.bytecode.member.MethodReturnTest, net.bytebuddy.implementation.bytecode.member.MethodVariableAccessOfMethodArgumentsTest, net.bytebuddy.implementation.bytecode.member.MethodVariableAccessOtherTest, net.bytebuddy.implementation.bytecode.member.MethodVariableAccessTest, net.bytebuddy.matcher.AccessibilityMatcherTest, net.bytebuddy.matcher.AnnotationTypeMatcherTest, net.bytebuddy.matcher.BooleanMatcherTest, net.bytebuddy.matcher.CachingMatcherTest, net.bytebuddy.matcher.ClassLoaderHierarchyMatcherTest, net.bytebuddy.matcher.ClassLoaderParentMatcherTest, net.bytebuddy.matcher.CollectionElementMatcherTest, net.bytebuddy.matcher.CollectionErasureMatcherTest, net.bytebuddy.matcher.CollectionItemMatcherTest, net.bytebuddy.matcher.CollectionOneToOneMatcherTest, net.bytebuddy.matcher.CollectionSizeMatcherTest, net.bytebuddy.matcher.DeclaringAnnotationMatcherTest, net.bytebuddy.matcher.DeclaringFieldMatcherTest, net.bytebuddy.matcher.DeclaringMethodMatcherTest, net.bytebuddy.matcher.DeclaringTypeMatcherTest, net.bytebuddy.matcher.DefinedShapeMatcherTest, net.bytebuddy.matcher.DescriptorMatcherTest, net.bytebuddy.matcher.ElementMatcherJunctionConjunctionTest, net.bytebuddy.matcher.ElementMatcherJunctionDisjunctionTest, net.bytebuddy.matcher.ElementMatchersTest, net.bytebuddy.matcher.EqualityMatcherTest, net.bytebuddy.matcher.ErasureMatcherTest, net.bytebuddy.matcher.FailSafeMatcherTest, net.bytebuddy.matcher.FieldTypeMatcherTest, net.bytebuddy.matcher.FilterableListEmptyTest, net.bytebuddy.matcher.HasSuperTypeMatcherTest, net.bytebuddy.matcher.InheritedAnnotationMatcherTest, net.bytebuddy.matcher.InstanceTypeMatcherTest, net.bytebuddy.matcher.IsNamedMatcherTest, net.bytebuddy.matcher.LatentMatcherAccessorTest, net.bytebuddy.matcher.LatentMatcherConjunctionTest, net.bytebuddy.matcher.LatentMatcherDisjunctionTest, net.bytebuddy.matcher.LatentMatcherForFieldTokenTest, net.bytebuddy.matcher.LatentMatcherForMethodTokenTest, net.bytebuddy.matcher.LatentMatcherForSelfDeclaredMethodTest, net.bytebuddy.matcher.MethodExceptionTypeMatcherTest, net.bytebuddy.matcher.MethodOverrideMatcherTest, net.bytebuddy.matcher.MethodParameterMatcherTest, net.bytebuddy.matcher.MethodParameterTypeMatcherTest, net.bytebuddy.matcher.MethodParameterTypesMatcherTest, net.bytebuddy.matcher.MethodReturnTypeMatcherTest, net.bytebuddy.matcher.MethodSortMatcherTest, net.bytebuddy.matcher.ModifierMatcherTest, net.bytebuddy.matcher.NameMatcherTest, net.bytebuddy.matcher.NegatingMatcherTest, net.bytebuddy.matcher.NullMatcherTest, net.bytebuddy.matcher.SignatureTokenMatcherTest, net.bytebuddy.matcher.StringMatcherTest, net.bytebuddy.matcher.SubTypeMatcherTest, net.bytebuddy.matcher.SuperTypeMatcherTest, net.bytebuddy.matcher.TypeSortMatcherTest, net.bytebuddy.matcher.VisibilityMatcherTest, net.bytebuddy.pool.TypePoolCacheProviderTest, net.bytebuddy.pool.TypePoolClassLoadingTest, net.bytebuddy.pool.TypePoolDefaultAnnotationDescriptionTest, net.bytebuddy.pool.TypePoolDefaultCacheTest, net.bytebuddy.pool.TypePoolDefaultComponentPoolStrategyTest, net.bytebuddy.pool.TypePoolDefaultEnumerationDescriptionTest, net.bytebuddy.pool.TypePoolDefaultFieldDescriptionTest, net.bytebuddy.pool.TypePoolDefaultGenericTypeListTest, net.bytebuddy.pool.TypePoolDefaultHierarchyTest, net.bytebuddy.pool.TypePoolDefaultLazyAnnotationListTest, net.bytebuddy.pool.TypePoolDefaultLazyFieldListTest, net.bytebuddy.pool.TypePoolDefaultLazyMethodListTest, net.bytebuddy.pool.TypePoolDefaultLazyParameterListTest, net.bytebuddy.pool.TypePoolDefaultLazyTypeContainmentTest, net.bytebuddy.pool.TypePoolDefaultLazyTypeDescriptionTest, net.bytebuddy.pool.TypePoolDefaultLazyTypeListTest, net.bytebuddy.pool.TypePoolDefaultMethodDescriptionTest, net.bytebuddy.pool.TypePoolDefaultPackageDescriptionTest, net.bytebuddy.pool.TypePoolDefaultParameterBagTest, net.bytebuddy.pool.TypePoolDefaultPrimitiveTypeTest, net.bytebuddy.pool.TypePoolDefaultReaderModeTest, net.bytebuddy.pool.TypePoolDefaultTest, net.bytebuddy.pool.TypePoolDefaultTypeDescriptionSuperClassLoadingTest, net.bytebuddy.pool.TypePoolDefaultTypeDescriptionTest, net.bytebuddy.pool.TypePoolDefaultWithLazyResolutionTypeDescriptionTest, net.bytebuddy.pool.TypePoolEmptyTest, net.bytebuddy.pool.TypePoolExplicitTest, net.bytebuddy.pool.TypePoolLazyFacadeTest, net.bytebuddy.pool.TypePoolLazyFacadeTypeDescriptionTest, net.bytebuddy.pool.TypePoolResolutionTest, net.bytebuddy.test.utility.CustomHamcrestMatchers, net.bytebuddy.utility.CompoundListTest, net.bytebuddy.utility.JavaConstantDynamicTest, net.bytebuddy.utility.JavaConstantMethodHandleDispatcherTest, net.bytebuddy.utility.JavaConstantMethodHandleTest, net.bytebuddy.utility.JavaConstantMethodTypeDispatcherTest, net.bytebuddy.utility.JavaConstantMethodTypeTest, net.bytebuddy.utility.JavaModuleTest, net.bytebuddy.utility.JavaTypeTest, net.bytebuddy.utility.RandomStringTest, net.bytebuddy.utility.StreamDrainerTest, net.bytebuddy.utility.privilege.GetSystemPropertyActionTest, net.bytebuddy.utility.privilege.SetAccessibleActionTest, net.bytebuddy.utility.visitor.ExceptionTableSensitiveMethodVisitorTest, net.bytebuddy.utility.visitor.LineNumberPrependingMethodVisitorTest, net.bytebuddy.utility.visitor.MetadataAwareClassVisitorTest, net.bytebuddy.utility.visitor.StackAwareMethodVisitorTest]
06:27:13.941 [main] INFO  fr.inria.lille.repair.nopol.NoPol - Config: Config{synthesisDepth=3, collectStaticMethods=true, collectStaticFields=false, collectLiterals=false, onlyOneSynthesisResult=true, sortExpressions=true, maxLineInvocationPerTest=250, timeoutMethodInvocation=2000, dataCollectionTimeoutInSecondForSynthesis=900, addWeight=0.19478, subWeight=0.04554, mulWeight=0.0102, divWeight=0.00613, andWeight=0.10597, orWeight=0.05708, eqWeight=0.22798, nEqWeight=0.0, lessEqWeight=0.0255, lessWeight=0.0947, methodCallWeight=0.1, fieldAccessWeight=0.08099, constantWeight=0.14232, variableWeight=0.05195, mode=REPAIR, type=PRE_THEN_COND, synthesis=DYNAMOTH, oracle=ANGELIC, solver=Z3, solverPath='/home/tdurieux/defects4j4repair/script/../libs/z3/build/z3', projectSources=[byte-buddy-dep/src/main/java], projectClasspath='[Ljava.net.URL;@2ff4f00f', projectTests=[net.bytebuddy.ByteBuddyTest, net.bytebuddy.ByteBuddyTutorialExamplesTest, net.bytebuddy.ClassFileVersionKnownVersionsTest, net.bytebuddy.ClassFileVersionTest, net.bytebuddy.NamingStrategyTest, net.bytebuddy.TypeCacheTest, net.bytebuddy.agent.builder.AgentBuilderCircularityLockTest, net.bytebuddy.agent.builder.AgentBuilderClassFileBufferStrategyTest, net.bytebuddy.agent.builder.AgentBuilderDefaultApplicationRedefineTest, net.bytebuddy.agent.builder.AgentBuilderDefaultApplicationRedefinitionReiterationTest, net.bytebuddy.agent.builder.AgentBuilderDefaultApplicationResubmissionTest, net.bytebuddy.agent.builder.AgentBuilderDefaultApplicationSuperTypeLoadingTest, net.bytebuddy.agent.builder.AgentBuilderDefaultApplicationTest, net.bytebuddy.agent.builder.AgentBuilderDefaultNativeMethodStrategyTest, net.bytebuddy.agent.builder.AgentBuilderDefaultTest, net.bytebuddy.agent.builder.AgentBuilderDescriptionStrategyTest, net.bytebuddy.agent.builder.AgentBuilderFallbackStrategyByThrowableTypeTest, net.bytebuddy.agent.builder.AgentBuilderFallbackStrategySimpleTest, net.bytebuddy.agent.builder.AgentBuilderInitializationStrategySelfInjectionDispatcherTest, net.bytebuddy.agent.builder.AgentBuilderInitializationStrategyTest, net.bytebuddy.agent.builder.AgentBuilderInstallationListenerTest, net.bytebuddy.agent.builder.AgentBuilderLambdaInstrumentationStrategyTest, net.bytebuddy.agent.builder.AgentBuilderListenerTest, net.bytebuddy.agent.builder.AgentBuilderLocationStrategyCompoundTest, net.bytebuddy.agent.builder.AgentBuilderLocationStrategyForClassLoaderTest, net.bytebuddy.agent.builder.AgentBuilderLocationStrategyNoOpTest, net.bytebuddy.agent.builder.AgentBuilderLocationStrategySimpleTest, net.bytebuddy.agent.builder.AgentBuilderPoolStrategyTest, net.bytebuddy.agent.builder.AgentBuilderRawMatcherConjunctionTest, net.bytebuddy.agent.builder.AgentBuilderRawMatcherDisjunctionTest, net.bytebuddy.agent.builder.AgentBuilderRawMatcherForElementMatchersTest, net.bytebuddy.agent.builder.AgentBuilderRawMatcherForLoadStateTest, net.bytebuddy.agent.builder.AgentBuilderRawMatcherInversionTest, net.bytebuddy.agent.builder.AgentBuilderRawMatcherTrivialTest, net.bytebuddy.agent.builder.AgentBuilderRedefinitionStrategyBatchAllocatorTest, net.bytebuddy.agent.builder.AgentBuilderRedefinitionStrategyDiscoveryStrategyTest, net.bytebuddy.agent.builder.AgentBuilderRedefinitionStrategyListenerTest, net.bytebuddy.agent.builder.AgentBuilderRedefinitionStrategyResubmissionStrategyTest, net.bytebuddy.agent.builder.AgentBuilderRedefinitionStrategyTest, net.bytebuddy.agent.builder.AgentBuilderTransformerForBuildPluginTest, net.bytebuddy.agent.builder.AgentBuilderTransformerTest, net.bytebuddy.agent.builder.AgentBuilderTypeLocatorWithTypePoolCacheSimpleTest, net.bytebuddy.agent.builder.AgentBuilderTypeStrategyForBuildEntryPointTest, net.bytebuddy.agent.builder.AgentBuilderTypeStrategyTest, net.bytebuddy.agent.builder.LambdaFactoryTest, net.bytebuddy.agent.builder.RawMatcherForResolvableTypesTest, net.bytebuddy.asm.AdviceAnnotationTest, net.bytebuddy.asm.AdviceArgumentHandlerCopyingTest, net.bytebuddy.asm.AdviceBoxedParameterAssignmentTest, net.bytebuddy.asm.AdviceBoxedReturnAssignmentTest, net.bytebuddy.asm.AdviceCustomAnnotationOnFieldTest, net.bytebuddy.asm.AdviceCustomAnnotationOnParameterTest, net.bytebuddy.asm.AdviceDeadCodeTest, net.bytebuddy.asm.AdviceDiscardedEnterTypeTest, net.bytebuddy.asm.AdviceEnterValueTest, net.bytebuddy.asm.AdviceExchangedDuplicationTest, net.bytebuddy.asm.AdviceExitValueTest, net.bytebuddy.asm.AdviceFrameTest, net.bytebuddy.asm.AdviceIllegalTypeTest, net.bytebuddy.asm.AdviceImplementationTest, net.bytebuddy.asm.AdviceInconsistentFrameTest, net.bytebuddy.asm.AdviceInconsistentStackSizeTest, net.bytebuddy.asm.AdviceJsrRetTest, net.bytebuddy.asm.AdviceLocalValueTest, net.bytebuddy.asm.AdviceNoRegularReturnTest, net.bytebuddy.asm.AdviceNoRegularReturnWithinAdviceTest, net.bytebuddy.asm.AdviceRepeatOnDefaultValueTest, net.bytebuddy.asm.AdviceRepeatOnNonDefaultValueTest, net.bytebuddy.asm.AdviceRepeatOnTest, net.bytebuddy.asm.AdviceSizeConversionTest, net.bytebuddy.asm.AdviceSkipOnDefaultValueTest, net.bytebuddy.asm.AdviceSkipOnNonDefaultValueTest, net.bytebuddy.asm.AdviceSkipOnTest, net.bytebuddy.asm.AdviceSuppressionTest, net.bytebuddy.asm.AdviceTest, net.bytebuddy.asm.AdviceTypeTest, net.bytebuddy.asm.AdviceVariableAccessTest, net.bytebuddy.asm.AsmVisitorWrapperCompoundTest, net.bytebuddy.asm.AsmVisitorWrapperForDeclaredFieldsTest, net.bytebuddy.asm.AsmVisitorWrapperForDeclaredMethodsTest, net.bytebuddy.asm.AsmVisitorWrapperNoOpTest, net.bytebuddy.asm.MemberRemovalTest, net.bytebuddy.asm.MemberSubstitutionTest, net.bytebuddy.asm.ModifierAdjustmentTest, net.bytebuddy.asm.TypeConstantAdjustmentTest, net.bytebuddy.asm.TypeReferenceAdjustmentTest, net.bytebuddy.build.CachedReturnPluginErrorTest, net.bytebuddy.build.CachedReturnPluginTest, net.bytebuddy.build.EntryPointDefaultTest, net.bytebuddy.build.HashCodeAndEqualsPluginTest, net.bytebuddy.build.PluginCompoundTest, net.bytebuddy.build.PluginNoOpTest, net.bytebuddy.build.ToStringPluginTest, net.bytebuddy.description.ByteCodeElementTokenListTest, net.bytebuddy.description.TypeVariableSourceVisitorNoOpTest, net.bytebuddy.description.annotation.AnnotationDescriptionAbstractPreparedExceptionTest, net.bytebuddy.description.annotation.AnnotationDescriptionAnnotationInvocationHandlerTest, net.bytebuddy.description.annotation.AnnotationDescriptionAnnotationValueLoadedStateTest, net.bytebuddy.description.annotation.AnnotationDescriptionBuilderTest, net.bytebuddy.description.annotation.AnnotationDescriptionForLoadedAnnotationDifferentClassLoaderTest, net.bytebuddy.description.annotation.AnnotationDescriptionForLoadedAnnotationTest, net.bytebuddy.description.annotation.AnnotationDescriptionLatentTest, net.bytebuddy.description.annotation.AnnotationListEmptyTest, net.bytebuddy.description.annotation.AnnotationListExplicitTest, net.bytebuddy.description.annotation.AnnotationListForLoadedAnnotationsTest, net.bytebuddy.description.annotation.AnnotationSourceTest, net.bytebuddy.description.annotation.AnnotationValueForConstantTest, net.bytebuddy.description.annotation.AnnotationValueRenderingDispatcherTest, net.bytebuddy.description.enumeration.EnumerationDescriptionForLoadedEnumerationTest, net.bytebuddy.description.enumeration.EnumerationDescriptionLatentTest, net.bytebuddy.description.field.FieldDescriptionForLoadedFieldsTest, net.bytebuddy.description.field.FieldDescriptionLatentTest, net.bytebuddy.description.field.FieldDescriptionSignatureTokenTest, net.bytebuddy.description.field.FieldDescriptionTokenTest, net.bytebuddy.description.field.FieldListEmptyTest, net.bytebuddy.description.field.FieldListExplicitTest, net.bytebuddy.description.field.FieldListForLoadedFieldsTest, net.bytebuddy.description.method.MethodDescriptionForLoadedTest, net.bytebuddy.description.method.MethodDescriptionLatentTest, net.bytebuddy.description.method.MethodDescriptionLatentTypeInitializerTest, net.bytebuddy.description.method.MethodDescriptionSignatureTokenTest, net.bytebuddy.description.method.MethodDescriptionTokenTest, net.bytebuddy.description.method.MethodDescriptionTypeTokenTest, net.bytebuddy.description.method.MethodListEmptyTest, net.bytebuddy.description.method.MethodListExplicitTest, net.bytebuddy.description.method.MethodListForLoadedTypesTest, net.bytebuddy.description.method.ParameterDescriptionForLoadedParameterDispatcherTest, net.bytebuddy.description.method.ParameterDescriptionTokenTest, net.bytebuddy.description.method.ParameterListEmptyTest, net.bytebuddy.description.method.ParameterListExplicitTest, net.bytebuddy.description.method.ParameterListForLoadedExectutableDispatcherTest, net.bytebuddy.description.method.ParameterListForLoadedParameterTest, net.bytebuddy.description.modifier.EnumerationStateTest, net.bytebuddy.description.modifier.FieldManifestationTest, net.bytebuddy.description.modifier.FieldPersistenceTest, net.bytebuddy.description.modifier.MethodArgumentsTest, net.bytebuddy.description.modifier.MethodManifestationTest, net.bytebuddy.description.modifier.MethodStrictnessTest, net.bytebuddy.description.modifier.ModifierContributorResolverTest, net.bytebuddy.description.modifier.ModifierContributorTest, net.bytebuddy.description.modifier.OwnershipTest, net.bytebuddy.description.modifier.ParameterManifestationTest, net.bytebuddy.description.modifier.ProvisioningStateTest, net.bytebuddy.description.modifier.SynchronizationStateTest, net.bytebuddy.description.modifier.SyntheticStateTest, net.bytebuddy.description.modifier.TypeManifestationTest, net.bytebuddy.description.modifier.VisibilityExpansionTest, net.bytebuddy.description.modifier.VisibilityTest, net.bytebuddy.description.type.GenericSignatureResolutionTest, net.bytebuddy.description.type.PackageDescriptionForLoadedPackageTest, net.bytebuddy.description.type.PackageDescriptionSimpleTest, net.bytebuddy.description.type.TypeDefinitionSortOtherTest, net.bytebuddy.description.type.TypeDefinitionSortTest, net.bytebuddy.description.type.TypeDefinitionSuperClassIteratorTest, net.bytebuddy.description.type.TypeDescriptionArrayProjectionTest, net.bytebuddy.description.type.TypeDescriptionForLoadedTypeTest, net.bytebuddy.description.type.TypeDescriptionForPackageDescriptionTest, net.bytebuddy.description.type.TypeDescriptionGenericAnnotationReaderTest, net.bytebuddy.description.type.TypeDescriptionGenericBuilderTest, net.bytebuddy.description.type.TypeDescriptionGenericLazyProjectionWithLazyNavigationTest, net.bytebuddy.description.type.TypeDescriptionGenericOfNonGenericTypeForReifiedErasureTest, net.bytebuddy.description.type.TypeDescriptionGenericOfParameterizedTypeForGenerifiedErasureTest, net.bytebuddy.description.type.TypeDescriptionGenericOfParameterizedTypeForReifiedTypeTest, net.bytebuddy.description.type.TypeDescriptionGenericOfParameterizedTypeRenderingDelegateTest, net.bytebuddy.description.type.TypeDescriptionGenericOfTypeVariableSymbolicTest, net.bytebuddy.description.type.TypeDescriptionGenericOfTypeVariableWithAnnotationOverlayTest, net.bytebuddy.description.type.TypeDescriptionGenericVisitorAnnotationStripperTest, net.bytebuddy.description.type.TypeDescriptionGenericVisitorAssignerTest, net.bytebuddy.description.type.TypeDescriptionGenericVisitorForSignatureVisitorTest, net.bytebuddy.description.type.TypeDescriptionGenericVisitorNoOpTest, net.bytebuddy.description.type.TypeDescriptionGenericVisitorReducingTest, net.bytebuddy.description.type.TypeDescriptionGenericVisitorReifyingTest, net.bytebuddy.description.type.TypeDescriptionGenericVisitorSubstitutorForAttachmentTest, net.bytebuddy.description.type.TypeDescriptionGenericVisitorSubstitutorForDetachmentTest, net.bytebuddy.description.type.TypeDescriptionGenericVisitorSubstitutorForTokenNormalizationTest, net.bytebuddy.description.type.TypeDescriptionGenericVisitorSubstitutorForTypeVariableBindingTest, net.bytebuddy.description.type.TypeDescriptionGenericVisitorTypeErasingTest, net.bytebuddy.description.type.TypeDescriptionGenericVisitorValidatorForTypeAnnotations, net.bytebuddy.description.type.TypeDescriptionGenericVisitorValidatorTest, net.bytebuddy.description.type.TypeDescriptionLatentTest, net.bytebuddy.description.type.TypeInitializerTest, net.bytebuddy.description.type.TypeListEmptyTest, net.bytebuddy.description.type.TypeListExplicitTest, net.bytebuddy.description.type.TypeListForLoadedTest, net.bytebuddy.description.type.TypeListGenericEmptyTest, net.bytebuddy.description.type.TypeListGenericExplicitTest, net.bytebuddy.description.type.TypeListGenericForLoadedTypesTest, net.bytebuddy.description.type.TypeVariableTokenTest, net.bytebuddy.dynamic.ClassFileLocatorAgentBasedTest, net.bytebuddy.dynamic.ClassFileLocatorCompoundTest, net.bytebuddy.dynamic.ClassFileLocatorForClassLoaderTest, net.bytebuddy.dynamic.ClassFileLocatorForClassLoaderWeaklyReferencedTest, net.bytebuddy.dynamic.ClassFileLocatorForFolderTest, net.bytebuddy.dynamic.ClassFileLocatorForJarFileTest, net.bytebuddy.dynamic.ClassFileLocatorForModuleFileTest, net.bytebuddy.dynamic.ClassFileLocatorForModuleTest, net.bytebuddy.dynamic.ClassFileLocatorForModuleWeaklyReferencedTest, net.bytebuddy.dynamic.ClassFileLocatorForUrlTest, net.bytebuddy.dynamic.ClassFileLocatorNoOpTest, net.bytebuddy.dynamic.ClassFileLocatorPackageDiscriminatingTest, net.bytebuddy.dynamic.ClassFileLocatorResolutionTest, net.bytebuddy.dynamic.ClassFileLocatorSimpleTest, net.bytebuddy.dynamic.ClassWriterStrategyDefaultTest, net.bytebuddy.dynamic.DynamicTypeDefaultLoadedTest, net.bytebuddy.dynamic.DynamicTypeDefaultTest, net.bytebuddy.dynamic.DynamicTypeDefaultUnloadedTest, net.bytebuddy.dynamic.NexusTest, net.bytebuddy.dynamic.TargetTypeTest, net.bytebuddy.dynamic.TransformerCompoundTest, net.bytebuddy.dynamic.TransformerForFieldTest, net.bytebuddy.dynamic.TransformerForMethodTest, net.bytebuddy.dynamic.TransformerNoOpTest, net.bytebuddy.dynamic.TypeResolutionStrategyTest, net.bytebuddy.dynamic.loading.ByteArrayClassLoaderChildFirstPrependingEnumerationTest, net.bytebuddy.dynamic.loading.ByteArrayClassLoaderChildFirstTest, net.bytebuddy.dynamic.loading.ByteArrayClassLoaderEmptyEnumerationTest, net.bytebuddy.dynamic.loading.ByteArrayClassLoaderPackageLookupStrategy, net.bytebuddy.dynamic.loading.ByteArrayClassLoaderSingletonEnumerationTest, net.bytebuddy.dynamic.loading.ByteArrayClassLoaderSynchronizationStrategyTest, net.bytebuddy.dynamic.loading.ByteArrayClassLoaderTest, net.bytebuddy.dynamic.loading.ClassInjectorUsingInstrumentationTest, net.bytebuddy.dynamic.loading.ClassInjectorUsingLookupTest, net.bytebuddy.dynamic.loading.ClassInjectorUsingReflectionTest, net.bytebuddy.dynamic.loading.ClassInjectorUsingUnsafeTest, net.bytebuddy.dynamic.loading.ClassLoadingStrategyDefaultTest, net.bytebuddy.dynamic.loading.ClassLoadingStrategyForBootstrapInjectionTest, net.bytebuddy.dynamic.loading.ClassLoadingStrategyForUnsafeInjectionTest, net.bytebuddy.dynamic.loading.ClassLoadingStrategyUsingLookupTest, net.bytebuddy.dynamic.loading.ClassReloadingStrategyTest, net.bytebuddy.dynamic.loading.InjectionClassLoaderTest, net.bytebuddy.dynamic.loading.MultipleParentClassLoaderTest, net.bytebuddy.dynamic.loading.NoOpClassFileTransformerTest, net.bytebuddy.dynamic.loading.PackageDefinitionStrategyTypeSimpleTest, net.bytebuddy.dynamic.loading.PackageDefinitionStrategyTypeTrivialTest, net.bytebuddy.dynamic.loading.PackageDefinitionStrategyTypeUndefinedTest, net.bytebuddy.dynamic.loading.PackageDefinitionTrivialTest, net.bytebuddy.dynamic.loading.PackageTypeStrategyManifestReadingTest, net.bytebuddy.dynamic.loading.PackageTypeStrategyNoOpTest, net.bytebuddy.dynamic.scaffold.ClassWriterStrategyFrameComputingClassWriterTest, net.bytebuddy.dynamic.scaffold.FieldLocatorForClassHierarchyTest, net.bytebuddy.dynamic.scaffold.FieldLocatorForExactTypeTest, net.bytebuddy.dynamic.scaffold.FieldLocatorForTopLevelTypeTest, net.bytebuddy.dynamic.scaffold.FieldLocatorNoOpTest, net.bytebuddy.dynamic.scaffold.FieldLocatorResolutionTest, net.bytebuddy.dynamic.scaffold.FieldRegistryCompiledNoOpTest, net.bytebuddy.dynamic.scaffold.FieldRegistryDefaultTest, net.bytebuddy.dynamic.scaffold.InstrumentedTypeDefaultTest, net.bytebuddy.dynamic.scaffold.InstrumentedTypeFactoryDefaultTest, net.bytebuddy.dynamic.scaffold.InstrumentedTypeFrozenTest, net.bytebuddy.dynamic.scaffold.MethodGraphCompilerDefaultHarmonizerForJVMMethodTest, net.bytebuddy.dynamic.scaffold.MethodGraphCompilerDefaultHarmonizerForJavaMethodTest, net.bytebuddy.dynamic.scaffold.MethodGraphCompilerDefaultKeyTest, net.bytebuddy.dynamic.scaffold.MethodGraphCompilerDefaultMergerDirectionalTest, net.bytebuddy.dynamic.scaffold.MethodGraphCompilerDefaultTest, net.bytebuddy.dynamic.scaffold.MethodGraphCompilerForDeclaredMethodsTest, net.bytebuddy.dynamic.scaffold.MethodGraphEmptyTest, net.bytebuddy.dynamic.scaffold.MethodGraphLinkedDelegationTest, net.bytebuddy.dynamic.scaffold.MethodGraphNodeListTest, net.bytebuddy.dynamic.scaffold.MethodGraphNodeSimpleTest, net.bytebuddy.dynamic.scaffold.MethodGraphNodeSortTest, net.bytebuddy.dynamic.scaffold.MethodGraphNodeUnresolvedTest, net.bytebuddy.dynamic.scaffold.MethodGraphSimpleTest, net.bytebuddy.dynamic.scaffold.MethodRegistryDefaultTest, net.bytebuddy.dynamic.scaffold.MethodRegistryHandlerTest, net.bytebuddy.dynamic.scaffold.TypeInitializerDrainDefaultTest, net.bytebuddy.dynamic.scaffold.TypeValidationTest, net.bytebuddy.dynamic.scaffold.TypeWriterDeclarationPreservationTest, net.bytebuddy.dynamic.scaffold.TypeWriterDefaultForInliningWithFullProcessingInitializationHandlerAppendingFrameWriterActiveTest, net.bytebuddy.dynamic.scaffold.TypeWriterDefaultForInliningWithFullProcessingInitializationHandlerAppendingFrameWriterExpandingTest, net.bytebuddy.dynamic.scaffold.TypeWriterDefaultForInliningWithFullProcessingInitializationHandlerAppendingFrameWriterNoOpTest, net.bytebuddy.dynamic.scaffold.TypeWriterDefaultTest, net.bytebuddy.dynamic.scaffold.TypeWriterFieldPoolDisabledTest, net.bytebuddy.dynamic.scaffold.TypeWriterFieldPoolRecordTest, net.bytebuddy.dynamic.scaffold.TypeWriterInitializerRemapperTest, net.bytebuddy.dynamic.scaffold.TypeWriterMethodPoolRecordTest, net.bytebuddy.dynamic.scaffold.inline.DecoratingDynamicTypeBuilderTest, net.bytebuddy.dynamic.scaffold.inline.InlineImplementationMatcherTest, net.bytebuddy.dynamic.scaffold.inline.MethodNameTransformerPrefixingTest, net.bytebuddy.dynamic.scaffold.inline.MethodNameTransformerSuffixingTest, net.bytebuddy.dynamic.scaffold.inline.MethodRebaseResolverDefaultTest, net.bytebuddy.dynamic.scaffold.inline.MethodRebaseResolverDisabledTest, net.bytebuddy.dynamic.scaffold.inline.MethodRebaseResolverResolutionForRebasedConstructorTest, net.bytebuddy.dynamic.scaffold.inline.MethodRebaseResolverResolutionForRebasedMethodTest, net.bytebuddy.dynamic.scaffold.inline.MethodRebaseResolverResolutionPreservedTest, net.bytebuddy.dynamic.scaffold.inline.RebaseDynamicTypeBuilderRebaseableMatcherTest, net.bytebuddy.dynamic.scaffold.inline.RebaseDynamicTypeBuilderTest, net.bytebuddy.dynamic.scaffold.inline.RebaseImplementationTargetFactoryTest, net.bytebuddy.dynamic.scaffold.inline.RebaseImplementationTargetSpecialMethodInvocationTest, net.bytebuddy.dynamic.scaffold.inline.RebaseImplementationTargetTest, net.bytebuddy.dynamic.scaffold.inline.RedefinitionDynamicTypeBuilderTest, net.bytebuddy.dynamic.scaffold.subclass.ConstructorStrategyDefaultTest, net.bytebuddy.dynamic.scaffold.subclass.ConstructorStrategyForDefaultConstructorTest, net.bytebuddy.dynamic.scaffold.subclass.SubclassDynamicTypeBuilderInstrumentableMatcherTest, net.bytebuddy.dynamic.scaffold.subclass.SubclassDynamicTypeBuilderTest, net.bytebuddy.dynamic.scaffold.subclass.SubclassImplementationTargetFactoryTest, net.bytebuddy.dynamic.scaffold.subclass.SubclassImplementationTargetTest, net.bytebuddy.implementation.DefaultMethodCallTest, net.bytebuddy.implementation.EqualsMethodOtherTest, net.bytebuddy.implementation.EqualsMethodTest, net.bytebuddy.implementation.ExceptionMethodTest, net.bytebuddy.implementation.FieldAccessorFieldNameExtractorForBeanPropertyTest, net.bytebuddy.implementation.FieldAccessorFieldNameExtractorForFixedValueTest, net.bytebuddy.implementation.FieldAccessorOtherTest, net.bytebuddy.implementation.FieldAccessorTest, net.bytebuddy.implementation.FixedValueConstantPoolTypesTest, net.bytebuddy.implementation.FixedValueTest, net.bytebuddy.implementation.HashCodeMethodOtherTest, net.bytebuddy.implementation.HashCodeMethodTest, net.bytebuddy.implementation.ImplementationCompoundComposableTest, net.bytebuddy.implementation.ImplementationCompoundTest, net.bytebuddy.implementation.ImplementationContextDefaultOtherTest, net.bytebuddy.implementation.ImplementationContextDefaultTest, net.bytebuddy.implementation.ImplementationContextDisabledTest, net.bytebuddy.implementation.ImplementationSpecialMethodInvocationIllegalTest, net.bytebuddy.implementation.ImplementationSpecialMethodInvocationSimpleTest, net.bytebuddy.implementation.ImplementationTargetAbstractBaseDefaultMethodInvocationTest, net.bytebuddy.implementation.InvocationHandlerAdapterTest, net.bytebuddy.implementation.InvokeDynamicTest, net.bytebuddy.implementation.LoadedTypeInitializerCompoundTest, net.bytebuddy.implementation.LoadedTypeInitializerForStaticFieldTest, net.bytebuddy.implementation.LoadedTypeInitializerNoOpTest, net.bytebuddy.implementation.MethodAccessorFactoryAccessTypeTest, net.bytebuddy.implementation.MethodAccessorFactoryIllegalTest, net.bytebuddy.implementation.MethodCallTest, net.bytebuddy.implementation.MethodCallTypeTest, net.bytebuddy.implementation.MethodDelegationAllArgumentsTest, net.bytebuddy.implementation.MethodDelegationArgumentTest, net.bytebuddy.implementation.MethodDelegationBindingPriorityTest, net.bytebuddy.implementation.MethodDelegationChainedTest, net.bytebuddy.implementation.MethodDelegationCheckedExceptionTest, net.bytebuddy.implementation.MethodDelegationConstructionTest, net.bytebuddy.implementation.MethodDelegationDefaultCallTest, net.bytebuddy.implementation.MethodDelegationDefaultMethodTest, net.bytebuddy.implementation.MethodDelegationDefaultTest, net.bytebuddy.implementation.MethodDelegationExceptionTest, net.bytebuddy.implementation.MethodDelegationFieldProxyTest, net.bytebuddy.implementation.MethodDelegationFieldValueTest, net.bytebuddy.implementation.MethodDelegationIgnoreForBindingTest, net.bytebuddy.implementation.MethodDelegationMorphTest, net.bytebuddy.implementation.MethodDelegationOriginTest, net.bytebuddy.implementation.MethodDelegationOtherTest, net.bytebuddy.implementation.MethodDelegationPipeTest, net.bytebuddy.implementation.MethodDelegationRuntimeTypeTest, net.bytebuddy.implementation.MethodDelegationStubValueTest, net.bytebuddy.implementation.MethodDelegationSuperCallTest, net.bytebuddy.implementation.MethodDelegationSuperMethodTest, net.bytebuddy.implementation.MethodDelegationSuperTest, net.bytebuddy.implementation.MethodDelegationTest, net.bytebuddy.implementation.MethodDelegationThisTest, net.bytebuddy.implementation.ModifierReviewableTest, net.bytebuddy.implementation.StubMethodOtherTest, net.bytebuddy.implementation.StubMethodTest, net.bytebuddy.implementation.SuperMethodCallOtherTest, net.bytebuddy.implementation.SuperMethodCallTest, net.bytebuddy.implementation.ToStringMethodOtherTest, net.bytebuddy.implementation.ToStringMethodTest, net.bytebuddy.implementation.attribute.AnnotationAppenderDefaultTest, net.bytebuddy.implementation.attribute.AnnotationAppenderForTypeAnnotationsTest, net.bytebuddy.implementation.attribute.AnnotationAppenderTargetTest, net.bytebuddy.implementation.attribute.AnnotationRetentionTest, net.bytebuddy.implementation.attribute.AnnotationValueFilterDefaultTest, net.bytebuddy.implementation.attribute.FieldAttributeAppenderCompoundTest, net.bytebuddy.implementation.attribute.FieldAttributeAppenderFactoryCompoundTest, net.bytebuddy.implementation.attribute.FieldAttributeAppenderForAnnotationsTest, net.bytebuddy.implementation.attribute.FieldAttributeAppenderForInstrumentedFieldTest, net.bytebuddy.implementation.attribute.FieldAttributeAppenderNoOpTest, net.bytebuddy.implementation.attribute.MethodAttributeAppenderCompoundTest, net.bytebuddy.implementation.attribute.MethodAttributeAppenderExplicitTest, net.bytebuddy.implementation.attribute.MethodAttributeAppenderFactoryCompoundTest, net.bytebuddy.implementation.attribute.MethodAttributeAppenderForInstrumentedMethodOtherTest, net.bytebuddy.implementation.attribute.MethodAttributeAppenderForInstrumentedMethodTest, net.bytebuddy.implementation.attribute.MethodAttributeAppenderForReceiverTypeTest, net.bytebuddy.implementation.attribute.MethodAttributeAppenderNoOpTest, net.bytebuddy.implementation.attribute.TypeAttributeAppenderCompoundTest, net.bytebuddy.implementation.attribute.TypeAttributeAppenderExplicitTest, net.bytebuddy.implementation.attribute.TypeAttributeAppenderForInstrumentedTypeDifferentiatingTest, net.bytebuddy.implementation.attribute.TypeAttributeAppenderForInstrumentedTypeTest, net.bytebuddy.implementation.attribute.TypeAttributeAppenderNoOpTest, net.bytebuddy.implementation.auxiliary.AuxiliaryTypeSignatureRelevantTest, net.bytebuddy.implementation.auxiliary.MethodCallProxySingleArgumentTest, net.bytebuddy.implementation.auxiliary.MethodCallProxyTest, net.bytebuddy.implementation.auxiliary.PrivilegedMemberLookupActionTest, net.bytebuddy.implementation.auxiliary.TrivialTypeTest, net.bytebuddy.implementation.auxiliary.TypeProxyCreationTest, net.bytebuddy.implementation.auxiliary.TypeProxyInvocationFactoryDefaultTest, net.bytebuddy.implementation.bind.ArgumentTypeResolverPrimitiveTest, net.bytebuddy.implementation.bind.ArgumentTypeResolverReferenceTest, net.bytebuddy.implementation.bind.DeclaringTypeResolverTest, net.bytebuddy.implementation.bind.MethodBindingAmbiguityResolutionTest, net.bytebuddy.implementation.bind.MethodBindingBuilderTest, net.bytebuddy.implementation.bind.MethodDelegationBinderAmbiguityResolverChainTest, net.bytebuddy.implementation.bind.MethodDelegationBinderAmbiguityResolverDirectionalTest, net.bytebuddy.implementation.bind.MethodDelegationBinderAmbiguityResolverNoOpTest, net.bytebuddy.implementation.bind.MethodDelegationBinderBindingResolverDefaultTest, net.bytebuddy.implementation.bind.MethodDelegationBinderBindingResolverStreamWritingTest, net.bytebuddy.implementation.bind.MethodDelegationBinderBindingResolverUniqueTest, net.bytebuddy.implementation.bind.MethodDelegationBinderProcessorTest, net.bytebuddy.implementation.bind.MethodDelegationBinderTerminationHandlerTest, net.bytebuddy.implementation.bind.MethodDelegationBinderTest, net.bytebuddy.implementation.bind.MethodDelegationBindingParameterBindingTest, net.bytebuddy.implementation.bind.MethodNameEqualityResolverTest, net.bytebuddy.implementation.bind.ParameterLengthResolverTest, net.bytebuddy.implementation.bind.ParameterMethodBindingTest, net.bytebuddy.implementation.bind.annotation.AllArgumentsBinderTest, net.bytebuddy.implementation.bind.annotation.ArgumentBinderTest, net.bytebuddy.implementation.bind.annotation.BindingPriorityResolverTest, net.bytebuddy.implementation.bind.annotation.DefaultBinderTest, net.bytebuddy.implementation.bind.annotation.DefaultCallBinderTest, net.bytebuddy.implementation.bind.annotation.DefaultMethodBinderTest, net.bytebuddy.implementation.bind.annotation.EmptyBinderTest, net.bytebuddy.implementation.bind.annotation.FieldProxyBinderTest, net.bytebuddy.implementation.bind.annotation.FieldValueBinderTest, net.bytebuddy.implementation.bind.annotation.IgnoreForBindingVerifierTest, net.bytebuddy.implementation.bind.annotation.MorphBinderTest, net.bytebuddy.implementation.bind.annotation.OriginBinderTest, net.bytebuddy.implementation.bind.annotation.PipeBinderTest, net.bytebuddy.implementation.bind.annotation.RuntimeTypeVerifierTest, net.bytebuddy.implementation.bind.annotation.StubValueBinderTest, net.bytebuddy.implementation.bind.annotation.SuperBinderTest, net.bytebuddy.implementation.bind.annotation.SuperCallBinderTest, net.bytebuddy.implementation.bind.annotation.SuperMethodBinderTest, net.bytebuddy.implementation.bind.annotation.TargetMethodAnnotationDrivenBinderTest, net.bytebuddy.implementation.bind.annotation.TargetMethodAnnotationDriverBinderParameterBinderForFixedValueOfConstantOtherTest, net.bytebuddy.implementation.bind.annotation.TargetMethodAnnotationDriverBinderParameterBinderForFixedValueOfConstantTest, net.bytebuddy.implementation.bind.annotation.ThisBinderTest, net.bytebuddy.implementation.bytecode.AdditionTest, net.bytebuddy.implementation.bytecode.ByteCodeAppenderCompoundTest, net.bytebuddy.implementation.bytecode.ByteCodeAppenderSimpleTest, net.bytebuddy.implementation.bytecode.ByteCodeAppenderSizeTest, net.bytebuddy.implementation.bytecode.DuplicationOtherTest, net.bytebuddy.implementation.bytecode.DuplicationTest, net.bytebuddy.implementation.bytecode.DuplicationWithFlipTest, net.bytebuddy.implementation.bytecode.MultiplicationTest, net.bytebuddy.implementation.bytecode.RemovalTest, net.bytebuddy.implementation.bytecode.StackManipulationCompoundTest, net.bytebuddy.implementation.bytecode.StackManipulationSizeTest, net.bytebuddy.implementation.bytecode.StackManipulationTest, net.bytebuddy.implementation.bytecode.StackSizeMaximumTest, net.bytebuddy.implementation.bytecode.StackSizeTest, net.bytebuddy.implementation.bytecode.ThrowTest, net.bytebuddy.implementation.bytecode.TypeCreationTest, net.bytebuddy.implementation.bytecode.assign.AssignerEqualTypesOnlyTest, net.bytebuddy.implementation.bytecode.assign.AssignerRefusingTest, net.bytebuddy.implementation.bytecode.assign.AssignerTypingTest, net.bytebuddy.implementation.bytecode.assign.InstanceCheckTest, net.bytebuddy.implementation.bytecode.assign.TypeCastingTest, net.bytebuddy.implementation.bytecode.assign.primitive.PrimitiveBoxingDelegateTest, net.bytebuddy.implementation.bytecode.assign.primitive.PrimitiveBoxingDelegateTestWithReferenceTest, net.bytebuddy.implementation.bytecode.assign.primitive.PrimitiveTypeAwareAssignerBoxingTest, net.bytebuddy.implementation.bytecode.assign.primitive.PrimitiveTypeAwareAssignerImplicitUnboxingTest, net.bytebuddy.implementation.bytecode.assign.primitive.PrimitiveTypeAwareAssignerPrimitiveTest, net.bytebuddy.implementation.bytecode.assign.primitive.PrimitiveTypeAwareAssignerUnboxingTest, net.bytebuddy.implementation.bytecode.assign.primitive.PrimitiveUnboxingDelegateDirectTest, net.bytebuddy.implementation.bytecode.assign.primitive.PrimitiveUnboxingDelegateOtherTest, net.bytebuddy.implementation.bytecode.assign.primitive.PrimitiveUnboxingDelegateWideningTest, net.bytebuddy.implementation.bytecode.assign.primitive.PrimitiveWideningDelegateIllegalTest, net.bytebuddy.implementation.bytecode.assign.primitive.PrimitiveWideningDelegateNontrivialTest, net.bytebuddy.implementation.bytecode.assign.primitive.PrimitiveWideningDelegateOtherTest, net.bytebuddy.implementation.bytecode.assign.primitive.PrimitiveWideningDelegateTrivialTest, net.bytebuddy.implementation.bytecode.assign.primitive.VoidAwareAssignerNonVoidToVoidTest, net.bytebuddy.implementation.bytecode.assign.primitive.VoidAwareAssignerTest, net.bytebuddy.implementation.bytecode.assign.primitive.VoidAwareAssignerVoidToNonVoidTest, net.bytebuddy.implementation.bytecode.assign.reference.ReferenceTypeAwareAssignerTest, net.bytebuddy.implementation.bytecode.collection.ArrayAccessOtherTest, net.bytebuddy.implementation.bytecode.collection.ArrayAccessTest, net.bytebuddy.implementation.bytecode.collection.ArrayFactoryPrimitiveTest, net.bytebuddy.implementation.bytecode.collection.ArrayFactoryReferenceTest, net.bytebuddy.implementation.bytecode.constant.ClassConstantPrimitiveTest, net.bytebuddy.implementation.bytecode.constant.ClassConstantReferenceTest, net.bytebuddy.implementation.bytecode.constant.DefaultValueTest, net.bytebuddy.implementation.bytecode.constant.DoubleConstantOpcodeTest, net.bytebuddy.implementation.bytecode.constant.DoubleConstantTest, net.bytebuddy.implementation.bytecode.constant.FieldConstantTest, net.bytebuddy.implementation.bytecode.constant.FloatConstantOpcodeTest, net.bytebuddy.implementation.bytecode.constant.FloatConstantTest, net.bytebuddy.implementation.bytecode.constant.IntegerConstantOpcodeTest, net.bytebuddy.implementation.bytecode.constant.IntegerConstantTest, net.bytebuddy.implementation.bytecode.constant.JavaConstantValueTest, net.bytebuddy.implementation.bytecode.constant.LongConstantOpcodeTest, net.bytebuddy.implementation.bytecode.constant.LongConstantTest, net.bytebuddy.implementation.bytecode.constant.MethodConstantTest, net.bytebuddy.implementation.bytecode.constant.NullConstantTest, net.bytebuddy.implementation.bytecode.constant.SerializedConstantTest, net.bytebuddy.implementation.bytecode.constant.TextConstantTest, net.bytebuddy.implementation.bytecode.member.FieldAccessOtherTest, net.bytebuddy.implementation.bytecode.member.FieldAccessTest, net.bytebuddy.implementation.bytecode.member.HandleInvocationTest, net.bytebuddy.implementation.bytecode.member.MethodInvocationDynamicTest, net.bytebuddy.implementation.bytecode.member.MethodInvocationGenericTest, net.bytebuddy.implementation.bytecode.member.MethodInvocationHandleTest, net.bytebuddy.implementation.bytecode.member.MethodInvocationOtherTest, net.bytebuddy.implementation.bytecode.member.MethodInvocationTest, net.bytebuddy.implementation.bytecode.member.MethodReturnTest, net.bytebuddy.implementation.bytecode.member.MethodVariableAccessOfMethodArgumentsTest, net.bytebuddy.implementation.bytecode.member.MethodVariableAccessOtherTest, net.bytebuddy.implementation.bytecode.member.MethodVariableAccessTest, net.bytebuddy.matcher.AccessibilityMatcherTest, net.bytebuddy.matcher.AnnotationTypeMatcherTest, net.bytebuddy.matcher.BooleanMatcherTest, net.bytebuddy.matcher.CachingMatcherTest, net.bytebuddy.matcher.ClassLoaderHierarchyMatcherTest, net.bytebuddy.matcher.ClassLoaderParentMatcherTest, net.bytebuddy.matcher.CollectionElementMatcherTest, net.bytebuddy.matcher.CollectionErasureMatcherTest, net.bytebuddy.matcher.CollectionItemMatcherTest, net.bytebuddy.matcher.CollectionOneToOneMatcherTest, net.bytebuddy.matcher.CollectionSizeMatcherTest, net.bytebuddy.matcher.DeclaringAnnotationMatcherTest, net.bytebuddy.matcher.DeclaringFieldMatcherTest, net.bytebuddy.matcher.DeclaringMethodMatcherTest, net.bytebuddy.matcher.DeclaringTypeMatcherTest, net.bytebuddy.matcher.DefinedShapeMatcherTest, net.bytebuddy.matcher.DescriptorMatcherTest, net.bytebuddy.matcher.ElementMatcherJunctionConjunctionTest, net.bytebuddy.matcher.ElementMatcherJunctionDisjunctionTest, net.bytebuddy.matcher.ElementMatchersTest, net.bytebuddy.matcher.EqualityMatcherTest, net.bytebuddy.matcher.ErasureMatcherTest, net.bytebuddy.matcher.FailSafeMatcherTest, net.bytebuddy.matcher.FieldTypeMatcherTest, net.bytebuddy.matcher.FilterableListEmptyTest, net.bytebuddy.matcher.HasSuperTypeMatcherTest, net.bytebuddy.matcher.InheritedAnnotationMatcherTest, net.bytebuddy.matcher.InstanceTypeMatcherTest, net.bytebuddy.matcher.IsNamedMatcherTest, net.bytebuddy.matcher.LatentMatcherAccessorTest, net.bytebuddy.matcher.LatentMatcherConjunctionTest, net.bytebuddy.matcher.LatentMatcherDisjunctionTest, net.bytebuddy.matcher.LatentMatcherForFieldTokenTest, net.bytebuddy.matcher.LatentMatcherForMethodTokenTest, net.bytebuddy.matcher.LatentMatcherForSelfDeclaredMethodTest, net.bytebuddy.matcher.MethodExceptionTypeMatcherTest, net.bytebuddy.matcher.MethodOverrideMatcherTest, net.bytebuddy.matcher.MethodParameterMatcherTest, net.bytebuddy.matcher.MethodParameterTypeMatcherTest, net.bytebuddy.matcher.MethodParameterTypesMatcherTest, net.bytebuddy.matcher.MethodReturnTypeMatcherTest, net.bytebuddy.matcher.MethodSortMatcherTest, net.bytebuddy.matcher.ModifierMatcherTest, net.bytebuddy.matcher.NameMatcherTest, net.bytebuddy.matcher.NegatingMatcherTest, net.bytebuddy.matcher.NullMatcherTest, net.bytebuddy.matcher.SignatureTokenMatcherTest, net.bytebuddy.matcher.StringMatcherTest, net.bytebuddy.matcher.SubTypeMatcherTest, net.bytebuddy.matcher.SuperTypeMatcherTest, net.bytebuddy.matcher.TypeSortMatcherTest, net.bytebuddy.matcher.VisibilityMatcherTest, net.bytebuddy.pool.TypePoolCacheProviderTest, net.bytebuddy.pool.TypePoolClassLoadingTest, net.bytebuddy.pool.TypePoolDefaultAnnotationDescriptionTest, net.bytebuddy.pool.TypePoolDefaultCacheTest, net.bytebuddy.pool.TypePoolDefaultComponentPoolStrategyTest, net.bytebuddy.pool.TypePoolDefaultEnumerationDescriptionTest, net.bytebuddy.pool.TypePoolDefaultFieldDescriptionTest, net.bytebuddy.pool.TypePoolDefaultGenericTypeListTest, net.bytebuddy.pool.TypePoolDefaultHierarchyTest, net.bytebuddy.pool.TypePoolDefaultLazyAnnotationListTest, net.bytebuddy.pool.TypePoolDefaultLazyFieldListTest, net.bytebuddy.pool.TypePoolDefaultLazyMethodListTest, net.bytebuddy.pool.TypePoolDefaultLazyParameterListTest, net.bytebuddy.pool.TypePoolDefaultLazyTypeContainmentTest, net.bytebuddy.pool.TypePoolDefaultLazyTypeDescriptionTest, net.bytebuddy.pool.TypePoolDefaultLazyTypeListTest, net.bytebuddy.pool.TypePoolDefaultMethodDescriptionTest, net.bytebuddy.pool.TypePoolDefaultPackageDescriptionTest, net.bytebuddy.pool.TypePoolDefaultParameterBagTest, net.bytebuddy.pool.TypePoolDefaultPrimitiveTypeTest, net.bytebuddy.pool.TypePoolDefaultReaderModeTest, net.bytebuddy.pool.TypePoolDefaultTest, net.bytebuddy.pool.TypePoolDefaultTypeDescriptionSuperClassLoadingTest, net.bytebuddy.pool.TypePoolDefaultTypeDescriptionTest, net.bytebuddy.pool.TypePoolDefaultWithLazyResolutionTypeDescriptionTest, net.bytebuddy.pool.TypePoolEmptyTest, net.bytebuddy.pool.TypePoolExplicitTest, net.bytebuddy.pool.TypePoolLazyFacadeTest, net.bytebuddy.pool.TypePoolLazyFacadeTypeDescriptionTest, net.bytebuddy.pool.TypePoolResolutionTest, net.bytebuddy.test.utility.CustomHamcrestMatchers, net.bytebuddy.utility.CompoundListTest, net.bytebuddy.utility.JavaConstantDynamicTest, net.bytebuddy.utility.JavaConstantMethodHandleDispatcherTest, net.bytebuddy.utility.JavaConstantMethodHandleTest, net.bytebuddy.utility.JavaConstantMethodTypeDispatcherTest, net.bytebuddy.utility.JavaConstantMethodTypeTest, net.bytebuddy.utility.JavaModuleTest, net.bytebuddy.utility.JavaTypeTest, net.bytebuddy.utility.RandomStringTest, net.bytebuddy.utility.StreamDrainerTest, net.bytebuddy.utility.privilege.GetSystemPropertyActionTest, net.bytebuddy.utility.privilege.SetAccessibleActionTest, net.bytebuddy.utility.visitor.ExceptionTableSensitiveMethodVisitorTest, net.bytebuddy.utility.visitor.LineNumberPrependingMethodVisitorTest, net.bytebuddy.utility.visitor.MetadataAwareClassVisitorTest, net.bytebuddy.utility.visitor.StackAwareMethodVisitorTest], complianceLevel=8, outputFolder=., json=true}
06:27:13.941 [main] INFO  fr.inria.lille.repair.nopol.NoPol - Available processors (cores): 4
06:27:13.948 [main] INFO  fr.inria.lille.repair.nopol.NoPol - Free memory: 879 MB
06:27:13.948 [main] INFO  fr.inria.lille.repair.nopol.NoPol - Maximum memory: 3 GB
06:27:13.948 [main] INFO  fr.inria.lille.repair.nopol.NoPol - Total memory available to JVM: 981 MB
06:27:13.949 [main] INFO  fr.inria.lille.repair.nopol.NoPol - Java version: 1.8.0_181
06:27:13.950 [main] INFO  fr.inria.lille.repair.nopol.NoPol - JAVA_HOME: /usr/lib/jvm/java-1.8.0-openjdk-amd64/bin/
06:27:13.950 [main] INFO  fr.inria.lille.repair.nopol.NoPol - PATH: /usr/lib/jvm/java-1.8.0-openjdk-amd64/bin/:/usr/lib/oar/oardodo:/usr/lib/oar/oardodo:/usr/local/bin:/usr/bin:/bin:/usr/games
06:28:28.810 [pool-2-thread-1] DEBUG fr.inria.lille.repair.nopol.NoPol - statement #1
06:28:28.810 [pool-2-thread-1] DEBUG fr.inria.lille.repair.nopol.NoPol - Analysing SourceLocation net.bytebuddy.matcher.ElementMatchers:987 which is executed by 314 tests
-597549954
06:28:29.921 [pool-2-thread-1] DEBUG fr.inria.lille.repair.nopol.NoPol - statement #2
06:28:29.921 [pool-2-thread-1] DEBUG fr.inria.lille.repair.nopol.NoPol - Analysing SourceLocation net.bytebuddy.description.type.TypeDescription$Generic$Visitor$Reducing:2223 which is executed by 663 tests
-1663341501
06:28:30.547 [pool-2-thread-1] DEBUG fr.inria.lille.repair.nopol.NoPol - statement #3
06:28:30.547 [pool-2-thread-1] DEBUG fr.inria.lille.repair.nopol.NoPol - Analysing SourceLocation net.bytebuddy.description.type.TypeDescription$Generic$Visitor$Reducing:2294 which is executed by 631 tests
-1663341501
06:28:31.142 [pool-2-thread-1] DEBUG fr.inria.lille.repair.nopol.NoPol - statement #4
06:28:31.143 [pool-2-thread-1] DEBUG fr.inria.lille.repair.nopol.NoPol - Analysing SourceLocation net.bytebuddy.dynamic.DynamicType$Builder$AbstractBase:3117 which is executed by 373 tests
1409209338
06:28:38.366 [pool-2-thread-1] DEBUG fr.inria.lille.repair.nopol.NoPol - statement #5
06:28:38.366 [pool-2-thread-1] DEBUG fr.inria.lille.repair.nopol.NoPol - Analysing SourceLocation net.bytebuddy.dynamic.DynamicType$Builder$AbstractBase:3110 which is executed by 373 tests
1409209338
06:28:38.898 [pool-2-thread-1] DEBUG fr.inria.lille.repair.nopol.NoPol - statement #6
06:28:38.898 [pool-2-thread-1] DEBUG fr.inria.lille.repair.nopol.NoPol - Analysing SourceLocation net.bytebuddy.dynamic.DynamicType$Builder$AbstractBase:3103 which is executed by 373 tests
1409209338
06:28:39.400 [pool-2-thread-1] DEBUG fr.inria.lille.repair.nopol.NoPol - statement #7
06:28:39.400 [pool-2-thread-1] DEBUG fr.inria.lille.repair.nopol.NoPol - Analysing SourceLocation net.bytebuddy.dynamic.TargetType:31 which is executed by 665 tests
-1814880116
06:28:39.830 [pool-2-thread-1] DEBUG fr.inria.lille.repair.nopol.NoPol - statement #8
06:28:39.830 [pool-2-thread-1] DEBUG fr.inria.lille.repair.nopol.NoPol - Analysing SourceLocation net.bytebuddy.dynamic.TargetType:27 which is executed by 665 tests
-1814880116
06:28:40.105 [pool-2-thread-1] DEBUG fr.inria.lille.repair.nopol.NoPol - looking with class fr.inria.lille.repair.nopol.spoon.smt.ConditionalAdder
Dec 27, 2018 6:28:41 AM net.bytebuddy.test.utility.JavaVersionRule$NoOpStatement evaluate
WARNING: Ignoring test case: Requires a Java version of at least 11
Dec 27, 2018 6:28:41 AM net.bytebuddy.test.utility.JavaVersionRule$NoOpStatement evaluate
WARNING: Ignoring test case: Requires a Java version of at least 11

Dec 27, 2018 6:28:49 AM net.bytebuddy.test.utility.JavaVersionRule$NoOpStatement evaluate
WARNING: Ignoring test case: Requires a Java version of at least 11
Dec 27, 2018 6:28:49 AM net.bytebuddy.test.utility.JavaVersionRule$NoOpStatement evaluate
WARNING: Ignoring test case: Requires a Java version of at least 11
Dec 27, 2018 6:28:49 AM net.bytebuddy.test.utility.JavaVersionRule$NoOpStatement evaluate
WARNING: Ignoring test case: Requires a Java version of at least 11
Dec 27, 2018 6:28:49 AM net.bytebuddy.test.utility.JavaVersionRule$NoOpStatement evaluate
WARNING: Ignoring test case: Requires a Java version of at least 11
Dec 27, 2018 6:28:49 AM net.bytebuddy.test.utility.JavaVersionRule$NoOpStatement evaluate
WARNING: Ignoring test case: Requires a Java version of at least 11
Dec 27, 2018 6:28:49 AM net.bytebuddy.test.utility.JavaVersionRule$NoOpStatement evaluate
WARNING: Ignoring test case: Requires a Java version of at least 11
Dec 27, 2018 6:28:49 AM net.bytebuddy.test.utility.JavaVersionRule$NoOpStatement evaluate
WARNING: Ignoring test case: Requires a Java version of at least 11
Dec 27, 2018 6:28:49 AM net.bytebuddy.test.utility.JavaVersionRule$NoOpStatement evaluate
WARNING: Ignoring test case: Requires a Java version of at least 11
Dec 27, 2018 6:28:49 AM net.bytebuddy.test.utility.JavaVersionRule$NoOpStatement evaluate
WARNING: Ignoring test case: Requires a Java version of at least 11
Dec 27, 2018 6:28:49 AM net.bytebuddy.test.utility.JavaVersionRule$NoOpStatement evaluate
WARNING: Ignoring test case: Requires a Java version of at least 11
Dec 27, 2018 6:28:49 AM net.bytebuddy.test.utility.JavaVersionRule$NoOpStatement evaluate
WARNING: Ignoring test case: Requires a Java version of at least 11
Dec 27, 2018 6:28:50 AM net.bytebuddy.test.utility.JavaVersionRule$NoOpStatement evaluate
WARNING: Ignoring test case: Requires a Java version of at least 11
Dec 27, 2018 6:28:50 AM net.bytebuddy.test.utility.JavaVersionRule$NoOpStatement evaluate
WARNING: Ignoring test case: Requires a Java version of at least 11
Dec 27, 2018 6:28:51 AM net.bytebuddy.test.utility.JavaVersionRule$NoOpStatement evaluate
WARNING: Ignoring test case: Requires a Java version of at least 11
06:28:51.426 [pool-4-thread-1] INFO  xxl.java.junit.TestCasesListener - Tests run finished (10958 ms)
<> Total tests run: 9079
<> Ignored tests: 17
<> Failed tests: 0

06:28:51.427 [pool-2-thread-1] ERROR fr.inria.lille.repair.nopol.NoPol - Error ExecutionException java.util.concurrent.ExecutionException: java.lang.RuntimeException: failingTestCasesValidated: nothing to repair, no failing test cases
06:28:51.427 [pool-2-thread-1] DEBUG fr.inria.lille.repair.nopol.NoPol - statement #9
06:28:51.428 [pool-2-thread-1] DEBUG fr.inria.lille.repair.nopol.NoPol - Analysing SourceLocation net.bytebuddy.dynamic.TargetType:26 which is executed by 665 tests
-1814880116
06:28:51.684 [pool-2-thread-1] DEBUG fr.inria.lille.repair.nopol.NoPol - statement #10
06:28:51.684 [pool-2-thread-1] DEBUG fr.inria.lille.repair.nopol.NoPol - Analysing SourceLocation net.bytebuddy.dynamic.TargetType:25 which is executed by 665 tests
-1814880116
06:28:51.931 [pool-2-thread-1] DEBUG fr.inria.lille.repair.nopol.NoPol - statement #11
06:28:51.931 [pool-2-thread-1] DEBUG fr.inria.lille.repair.nopol.NoPol - Analysing SourceLocation net.bytebuddy.description.modifier.ModifierContributor$Resolver:177 which is executed by 680 tests
156397925
06:28:52.184 [pool-2-thread-1] DEBUG fr.inria.lille.repair.nopol.NoPol - statement #12
06:28:52.184 [pool-2-thread-1] DEBUG fr.inria.lille.repair.nopol.NoPol - Analysing SourceLocation net.bytebuddy.dynamic.TargetType:29 which is executed by 104 tests
-1814880116
06:28:52.427 [pool-2-thread-1] DEBUG fr.inria.lille.repair.nopol.NoPol - looking with class fr.inria.lille.repair.nopol.spoon.smt.ConditionalAdder
Dec 27, 2018 6:28:55 AM net.bytebuddy.test.utility.JavaVersionRule$NoOpStatement evaluate
WARNING: Ignoring test case: Requires a Java version of at least 11
06:28:55.781 [pool-6-thread-1] INFO  xxl.java.junit.TestCasesListener - Tests run finished (3226 ms)
<> Total tests run: 3560
<> Ignored tests: 1
<> Failed tests: 0

06:28:55.781 [pool-2-thread-1] ERROR fr.inria.lille.repair.nopol.NoPol - Error ExecutionException java.util.concurrent.ExecutionException: java.lang.RuntimeException: failingTestCasesValidated: nothing to repair, no failing test cases
06:28:55.781 [pool-2-thread-1] DEBUG fr.inria.lille.repair.nopol.NoPol - statement #13
06:28:55.782 [pool-2-thread-1] DEBUG fr.inria.lille.repair.nopol.NoPol - Analysing SourceLocation net.bytebuddy.dynamic.TargetType:28 which is executed by 104 tests
-1814880116
06:28:56.023 [pool-2-thread-1] DEBUG fr.inria.lille.repair.nopol.NoPol - looking with class fr.inria.lille.repair.nopol.spoon.smt.ConditionalAdder
Dec 27, 2018 6:28:59 AM net.bytebuddy.test.utility.JavaVersionRule$NoOpStatement evaluate
WARNING: Ignoring test case: Requires a Java version of at least 11
06:28:59.302 [pool-8-thread-1] INFO  xxl.java.junit.TestCasesListener - Tests run finished (3174 ms)
<> Total tests run: 3560
<> Ignored tests: 1
<> Failed tests: 0

06:28:59.302 [pool-2-thread-1] ERROR fr.inria.lille.repair.nopol.NoPol - Error ExecutionException java.util.concurrent.ExecutionException: java.lang.RuntimeException: failingTestCasesValidated: nothing to repair, no failing test cases
06:28:59.302 [pool-2-thread-1] DEBUG fr.inria.lille.repair.nopol.NoPol - statement #14
06:28:59.302 [pool-2-thread-1] DEBUG fr.inria.lille.repair.nopol.NoPol - Analysing SourceLocation net.bytebuddy.dynamic.scaffold.TypeWriter$FieldPool$Record$ForExplicitField:297 which is executed by 444 tests
683157614
06:28:59.749 [pool-2-thread-1] DEBUG fr.inria.lille.repair.nopol.NoPol - statement #15
06:28:59.749 [pool-2-thread-1] DEBUG fr.inria.lille.repair.nopol.NoPol - Analysing SourceLocation net.bytebuddy.dynamic.scaffold.TypeWriter$FieldPool$Record$ForExplicitField:295 which is executed by 444 tests
683157614
06:29:00.156 [pool-2-thread-1] DEBUG fr.inria.lille.repair.nopol.NoPol - looking with class fr.inria.lille.repair.nopol.spoon.smt.ConditionalAdder
Dec 27, 2018 6:29:01 AM net.bytebuddy.test.utility.JavaVersionRule$NoOpStatement evaluate
WARNING: Ignoring test case: Requires a Java version of at least 11
Dec 27, 2018 6:29:06 AM net.bytebuddy.test.utility.JavaVersionRule$NoOpStatement evaluate
WARNING: Ignoring test case: Requires a Java version of at least 11
Dec 27, 2018 6:29:06 AM net.bytebuddy.test.utility.JavaVersionRule$NoOpStatement evaluate
WARNING: Ignoring test case: Requires a Java version of at least 11
Dec 27, 2018 6:29:07 AM net.bytebuddy.test.utility.JavaVersionRule$NoOpStatement evaluate
WARNING: Ignoring test case: Requires a Java version of at least 11
Dec 27, 2018 6:29:07 AM net.bytebuddy.test.utility.JavaVersionRule$NoOpStatement evaluate
WARNING: Ignoring test case: Requires a Java version of at least 11
Dec 27, 2018 6:29:07 AM net.bytebuddy.test.utility.JavaVersionRule$NoOpStatement evaluate
WARNING: Ignoring test case: Requires a Java version of at least 11
Dec 27, 2018 6:29:07 AM net.bytebuddy.test.utility.JavaVersionRule$NoOpStatement evaluate
WARNING: Ignoring test case: Requires a Java version of at least 11
Dec 27, 2018 6:29:07 AM net.bytebuddy.test.utility.JavaVersionRule$NoOpStatement evaluate
WARNING: Ignoring test case: Requires a Java version of at least 11
06:29:07.408 [pool-10-thread-1] INFO  xxl.java.junit.TestCasesListener - Tests run finished (7070 ms)
<> Total tests run: 7084
<> Ignored tests: 8
<> Failed tests: 0

06:29:07.408 [pool-2-thread-1] ERROR fr.inria.lille.repair.nopol.NoPol - Error ExecutionException java.util.concurrent.ExecutionException: java.lang.RuntimeException: failingTestCasesValidated: nothing to repair, no failing test cases
06:29:07.409 [pool-2-thread-1] DEBUG fr.inria.lille.repair.nopol.NoPol - statement #16
06:29:07.409 [pool-2-thread-1] DEBUG fr.inria.lille.repair.nopol.NoPol - Analysing SourceLocation net.bytebuddy.dynamic.scaffold.TypeWriter$FieldPool$Record$ForExplicitField:294 which is executed by 445 tests
683157614
06:29:07.842 [pool-2-thread-1] DEBUG fr.inria.lille.repair.nopol.NoPol - looking with class fr.inria.lille.repair.nopol.spoon.smt.ConditionalAdder
Dec 27, 2018 6:29:08 AM net.bytebuddy.test.utility.JavaVersionRule$NoOpStatement evaluate
WARNING: Ignoring test case: Requires a Java version of at least 11
Dec 27, 2018 6:29:13 AM net.bytebuddy.test.utility.JavaVersionRule$NoOpStatement evaluate
WARNING: Ignoring test case: Requires a Java version of at least 11
Dec 27, 2018 6:29:13 AM net.bytebuddy.test.utility.JavaVersionRule$NoOpStatement evaluate
WARNING: Ignoring test case: Requires a Java version of at least 11
Dec 27, 2018 6:29:13 AM net.bytebuddy.test.utility.JavaVersionRule$NoOpStatement evaluate
WARNING: Ignoring test case: Requires a Java version of at least 11
Dec 27, 2018 6:29:13 AM net.bytebuddy.test.utility.JavaVersionRule$NoOpStatement evaluate
WARNING: Ignoring test case: Requires a Java version of at least 11
Dec 27, 2018 6:29:13 AM net.bytebuddy.test.utility.JavaVersionRule$NoOpStatement evaluate
WARNING: Ignoring test case: Requires a Java version of at least 11
Dec 27, 2018 6:29:13 AM net.bytebuddy.test.utility.JavaVersionRule$NoOpStatement evaluate
WARNING: Ignoring test case: Requires a Java version of at least 11
Dec 27, 2018 6:29:13 AM net.bytebuddy.test.utility.JavaVersionRule$NoOpStatement evaluate
WARNING: Ignoring test case: Requires a Java version of at least 11
06:29:13.798 [pool-12-thread-1] INFO  xxl.java.junit.TestCasesListener - Tests run finished (5803 ms)
<> Total tests run: 7084
<> Ignored tests: 8
<> Failed tests: 0

06:29:13.799 [pool-2-thread-1] ERROR fr.inria.lille.repair.nopol.NoPol - Error ExecutionException java.util.concurrent.ExecutionException: java.lang.RuntimeException: failingTestCasesValidated: nothing to repair, no failing test cases
06:29:13.799 [pool-2-thread-1] DEBUG fr.inria.lille.repair.nopol.NoPol - statement #17
06:29:13.799 [pool-2-thread-1] DEBUG fr.inria.lille.repair.nopol.NoPol - Analysing SourceLocation net.bytebuddy.dynamic.scaffold.TypeWriter$FieldPool$Record$ForExplicitField:293 which is executed by 445 tests
683157614
06:29:14.193 [pool-2-thread-1] DEBUG fr.inria.lille.repair.nopol.NoPol - looking with class fr.inria.lille.repair.nopol.spoon.smt.ConditionalAdder
Dec 27, 2018 6:29:15 AM net.bytebuddy.test.utility.JavaVersionRule$NoOpStatement evaluate
WARNING: Ignoring test case: Requires a Java version of at least 11
Dec 27, 2018 6:29:19 AM net.bytebuddy.test.utility.JavaVersionRule$NoOpStatement evaluate
WARNING: Ignoring test case: Requires a Java version of at least 11
Dec 27, 2018 6:29:19 AM net.bytebuddy.test.utility.JavaVersionRule$NoOpStatement evaluate
WARNING: Ignoring test case: Requires a Java version of at least 11
Dec 27, 2018 6:29:21 AM net.bytebuddy.test.utility.JavaVersionRule$NoOpStatement evaluate
WARNING: Ignoring test case: Requires a Java version of at least 11
Dec 27, 2018 6:29:21 AM net.bytebuddy.test.utility.JavaVersionRule$NoOpStatement evaluate
WARNING: Ignoring test case: Requires a Java version of at least 11
Dec 27, 2018 6:29:21 AM net.bytebuddy.test.utility.JavaVersionRule$NoOpStatement evaluate
WARNING: Ignoring test case: Requires a Java version of at least 11
Dec 27, 2018 6:29:21 AM net.bytebuddy.test.utility.JavaVersionRule$NoOpStatement evaluate
WARNING: Ignoring test case: Requires a Java version of at least 11
Dec 27, 2018 6:29:21 AM net.bytebuddy.test.utility.JavaVersionRule$NoOpStatement evaluate
WARNING: Ignoring test case: Requires a Java version of at least 11
06:29:21.748 [pool-14-thread-1] INFO  xxl.java.junit.TestCasesListener - Tests run finished (7395 ms)
<> Total tests run: 7084
<> Ignored tests: 8
<> Failed tests: 0

06:29:21.748 [pool-2-thread-1] ERROR fr.inria.lille.repair.nopol.NoPol - Error ExecutionException java.util.concurrent.ExecutionException: java.lang.RuntimeException: failingTestCasesValidated: nothing to repair, no failing test cases
06:29:21.749 [pool-2-thread-1] DEBUG fr.inria.lille.repair.nopol.NoPol - looking with class fr.inria.lille.repair.nopol.spoon.smt.ConditionalReplacer
Dec 27, 2018 6:29:22 AM net.bytebuddy.test.utility.JavaVersionRule$NoOpStatement evaluate
WARNING: Ignoring test case: Requires a Java version of at least 11
Dec 27, 2018 6:29:26 AM net.bytebuddy.test.utility.JavaVersionRule$NoOpStatement evaluate
WARNING: Ignoring test case: Requires a Java version of at least 11
Dec 27, 2018 6:29:27 AM net.bytebuddy.test.utility.JavaVersionRule$NoOpStatement evaluate
WARNING: Ignoring test case: Requires a Java version of at least 11
Dec 27, 2018 6:29:27 AM net.bytebuddy.test.utility.JavaVersionRule$NoOpStatement evaluate
WARNING: Ignoring test case: Requires a Java version of at least 11
Dec 27, 2018 6:29:27 AM net.bytebuddy.test.utility.JavaVersionRule$NoOpStatement evaluate
WARNING: Ignoring test case: Requires a Java version of at least 11
Dec 27, 2018 6:29:27 AM net.bytebuddy.test.utility.JavaVersionRule$NoOpStatement evaluate
WARNING: Ignoring test case: Requires a Java version of at least 11
Dec 27, 2018 6:29:27 AM net.bytebuddy.test.utility.JavaVersionRule$NoOpStatement evaluate
WARNING: Ignoring test case: Requires a Java version of at least 11
Dec 27, 2018 6:29:27 AM net.bytebuddy.test.utility.JavaVersionRule$NoOpStatement evaluate
WARNING: Ignoring test case: Requires a Java version of at least 11
06:29:27.583 [pool-16-thread-1] INFO  xxl.java.junit.TestCasesListener - Tests run finished (5675 ms)
<> Total tests run: 7084
<> Ignored tests: 8
<> Failed tests: 0

06:29:27.584 [pool-2-thread-1] ERROR fr.inria.lille.repair.nopol.NoPol - Error ExecutionException java.util.concurrent.ExecutionException: java.lang.RuntimeException: failingTestCasesValidated: nothing to repair, no failing test cases
06:29:27.584 [pool-2-thread-1] DEBUG fr.inria.lille.repair.nopol.NoPol - statement #18
06:29:27.584 [pool-2-thread-1] DEBUG fr.inria.lille.repair.nopol.NoPol - Analysing SourceLocation net.bytebuddy.dynamic.DynamicType$Builder$AbstractBase$Delegator:3551 which is executed by 407 tests
1409209338
06:29:28.072 [pool-2-thread-1] DEBUG fr.inria.lille.repair.nopol.NoPol - statement #19
06:29:28.073 [pool-2-thread-1] DEBUG fr.inria.lille.repair.nopol.NoPol - Analysing SourceLocation net.bytebuddy.matcher.LatentMatcher$ForFieldToken$ResolvedMatcher:129 which is executed by 450 tests
-292069241
06:29:28.325 [pool-2-thread-1] DEBUG fr.inria.lille.repair.nopol.NoPol - statement #20
06:29:28.325 [pool-2-thread-1] DEBUG fr.inria.lille.repair.nopol.NoPol - Analysing SourceLocation net.bytebuddy.matcher.LatentMatcher$ForFieldToken$ResolvedMatcher:150 which is executed by 450 tests
-292069241
06:29:28.577 [pool-2-thread-1] DEBUG fr.inria.lille.repair.nopol.NoPol - statement #21
06:29:28.577 [pool-2-thread-1] DEBUG fr.inria.lille.repair.nopol.NoPol - Analysing SourceLocation net.bytebuddy.matcher.LatentMatcher$ForFieldToken:123 which is executed by 451 tests
-292069241
06:29:28.832 [pool-2-thread-1] DEBUG fr.inria.lille.repair.nopol.NoPol - statement #22
06:29:28.832 [pool-2-thread-1] DEBUG fr.inria.lille.repair.nopol.NoPol - Analysing SourceLocation net.bytebuddy.description.field.FieldDescription$Token:568 which is executed by 451 tests
1118588611
06:29:29.470 [pool-2-thread-1] DEBUG fr.inria.lille.repair.nopol.NoPol - statement #23
06:29:29.470 [pool-2-thread-1] DEBUG fr.inria.lille.repair.nopol.NoPol - Analysing SourceLocation net.bytebuddy.implementation.attribute.FieldAttributeAppender$ForInstrumentedField:140 which is executed by 451 tests
750931530
06:29:29.716 [pool-2-thread-1] DEBUG fr.inria.lille.repair.nopol.NoPol - statement #24
06:29:29.716 [pool-2-thread-1] DEBUG fr.inria.lille.repair.nopol.NoPol - Analysing SourceLocation net.bytebuddy.description.field.FieldDescription$SignatureToken:654 which is executed by 451 tests
1118588611
06:29:29.981 [pool-2-thread-1] DEBUG fr.inria.lille.repair.nopol.NoPol - statement #25
06:29:29.981 [pool-2-thread-1] DEBUG fr.inria.lille.repair.nopol.NoPol - Analysing SourceLocation net.bytebuddy.description.field.FieldDescription$SignatureToken:653 which is executed by 451 tests
1118588611
06:29:30.249 [pool-2-thread-1] DEBUG fr.inria.lille.repair.nopol.NoPol - statement #26
06:29:30.249 [pool-2-thread-1] DEBUG fr.inria.lille.repair.nopol.NoPol - Analysing SourceLocation net.bytebuddy.description.field.FieldDescription$SignatureToken:650 which is executed by 451 tests
1118588611
06:29:30.515 [pool-2-thread-1] DEBUG fr.inria.lille.repair.nopol.NoPol - looking with class fr.inria.lille.repair.nopol.spoon.smt.ConditionalAdder
Dec 27, 2018 6:29:31 AM net.bytebuddy.test.utility.JavaVersionRule$NoOpStatement evaluate
WARNING: Ignoring test case: Requires a Java version of at least 11
Dec 27, 2018 6:29:36 AM net.bytebuddy.test.utility.JavaVersionRule$NoOpStatement evaluate
WARNING: Ignoring test case: Requires a Java version of at least 11
Dec 27, 2018 6:29:36 AM net.bytebuddy.test.utility.JavaVersionRule$NoOpStatement evaluate
WARNING: Ignoring test case: Requires a Java version of at least 11
Dec 27, 2018 6:29:36 AM net.bytebuddy.test.utility.JavaVersionRule$NoOpStatement evaluate
WARNING: Ignoring test case: Requires a Java version of at least 11
Dec 27, 2018 6:29:36 AM net.bytebuddy.test.utility.JavaVersionRule$NoOpStatement evaluate
WARNING: Ignoring test case: Requires a Java version of at least 11
Dec 27, 2018 6:29:36 AM net.bytebuddy.test.utility.JavaVersionRule$NoOpStatement evaluate
WARNING: Ignoring test case: Requires a Java version of at least 11
Dec 27, 2018 6:29:36 AM net.bytebuddy.test.utility.JavaVersionRule$NoOpStatement evaluate
WARNING: Ignoring test case: Requires a Java version of at least 11
Dec 27, 2018 6:29:36 AM net.bytebuddy.test.utility.JavaVersionRule$NoOpStatement evaluate
WARNING: Ignoring test case: Requires a Java version of at least 11
06:29:36.648 [pool-18-thread-1] INFO  xxl.java.junit.TestCasesListener - Tests run finished (5986 ms)
<> Total tests run: 7084
<> Ignored tests: 8
<> Failed tests: 0

06:29:36.649 [pool-2-thread-1] ERROR fr.inria.lille.repair.nopol.NoPol - Error ExecutionException java.util.concurrent.ExecutionException: java.lang.RuntimeException: failingTestCasesValidated: nothing to repair, no failing test cases
06:29:36.649 [pool-2-thread-1] DEBUG fr.inria.lille.repair.nopol.NoPol - looking with class fr.inria.lille.repair.nopol.spoon.smt.ConditionalReplacer
Dec 27, 2018 6:29:37 AM net.bytebuddy.test.utility.JavaVersionRule$NoOpStatement evaluate
WARNING: Ignoring test case: Requires a Java version of at least 11
Dec 27, 2018 6:29:42 AM net.bytebuddy.test.utility.JavaVersionRule$NoOpStatement evaluate
WARNING: Ignoring test case: Requires a Java version of at least 11
Dec 27, 2018 6:29:42 AM net.bytebuddy.test.utility.JavaVersionRule$NoOpStatement evaluate
WARNING: Ignoring test case: Requires a Java version of at least 11
Dec 27, 2018 6:29:42 AM net.bytebuddy.test.utility.JavaVersionRule$NoOpStatement evaluate
WARNING: Ignoring test case: Requires a Java version of at least 11
Dec 27, 2018 6:29:42 AM net.bytebuddy.test.utility.JavaVersionRule$NoOpStatement evaluate
WARNING: Ignoring test case: Requires a Java version of at least 11
Dec 27, 2018 6:29:42 AM net.bytebuddy.test.utility.JavaVersionRule$NoOpStatement evaluate
WARNING: Ignoring test case: Requires a Java version of at least 11
Dec 27, 2018 6:29:43 AM net.bytebuddy.test.utility.JavaVersionRule$NoOpStatement evaluate
WARNING: Ignoring test case: Requires a Java version of at least 11
Dec 27, 2018 6:29:43 AM net.bytebuddy.test.utility.JavaVersionRule$NoOpStatement evaluate
WARNING: Ignoring test case: Requires a Java version of at least 11
06:29:43.110 [pool-20-thread-1] INFO  xxl.java.junit.TestCasesListener - Tests run finished (6319 ms)
<> Total tests run: 7084
<> Ignored tests: 8
<> Failed tests: 0

06:29:43.111 [pool-2-thread-1] ERROR fr.inria.lille.repair.nopol.NoPol - Error ExecutionException java.util.concurrent.ExecutionException: java.lang.RuntimeException: failingTestCasesValidated: nothing to repair, no failing test cases
06:29:43.111 [pool-2-thread-1] DEBUG fr.inria.lille.repair.nopol.NoPol - statement #27
06:29:43.111 [pool-2-thread-1] DEBUG fr.inria.lille.repair.nopol.NoPol - Analysing SourceLocation net.bytebuddy.description.field.FieldDescription$SignatureToken:648 which is executed by 451 tests
1118588611
06:29:43.374 [pool-2-thread-1] DEBUG fr.inria.lille.repair.nopol.NoPol - looking with class fr.inria.lille.repair.nopol.spoon.smt.ConditionalAdder
Dec 27, 2018 6:29:44 AM net.bytebuddy.test.utility.JavaVersionRule$NoOpStatement evaluate
WARNING: Ignoring test case: Requires a Java version of at least 11
Dec 27, 2018 6:29:50 AM net.bytebuddy.test.utility.JavaVersionRule$NoOpStatement evaluate
WARNING: Ignoring test case: Requires a Java version of at least 11
Dec 27, 2018 6:29:50 AM net.bytebuddy.test.utility.JavaVersionRule$NoOpStatement evaluate
WARNING: Ignoring test case: Requires a Java version of at least 11
Dec 27, 2018 6:29:50 AM net.bytebuddy.test.utility.JavaVersionRule$NoOpStatement evaluate
WARNING: Ignoring test case: Requires a Java version of at least 11
Dec 27, 2018 6:29:50 AM net.bytebuddy.test.utility.JavaVersionRule$NoOpStatement evaluate
WARNING: Ignoring test case: Requires a Java version of at least 11
Dec 27, 2018 6:29:50 AM net.bytebuddy.test.utility.JavaVersionRule$NoOpStatement evaluate
WARNING: Ignoring test case: Requires a Java version of at least 11
Dec 27, 2018 6:29:50 AM net.bytebuddy.test.utility.JavaVersionRule$NoOpStatement evaluate
WARNING: Ignoring test case: Requires a Java version of at least 11
Dec 27, 2018 6:29:50 AM net.bytebuddy.test.utility.JavaVersionRule$NoOpStatement evaluate
WARNING: Ignoring test case: Requires a Java version of at least 11
06:29:50.808 [pool-22-thread-1] INFO  xxl.java.junit.TestCasesListener - Tests run finished (7285 ms)
<> Total tests run: 7084
<> Ignored tests: 8
<> Failed tests: 0

06:29:50.808 [pool-2-thread-1] ERROR fr.inria.lille.repair.nopol.NoPol - Error ExecutionException java.util.concurrent.ExecutionException: java.lang.RuntimeException: failingTestCasesValidated: nothing to repair, no failing test cases
06:29:50.808 [pool-2-thread-1] DEBUG fr.inria.lille.repair.nopol.NoPol - looking with class fr.inria.lille.repair.nopol.spoon.smt.ConditionalReplacer
Dec 27, 2018 6:29:51 AM net.bytebuddy.test.utility.JavaVersionRule$NoOpStatement evaluate
WARNING: Ignoring test case: Requires a Java version of at least 11
Dec 27, 2018 6:29:56 AM net.bytebuddy.test.utility.JavaVersionRule$NoOpStatement evaluate
WARNING: Ignoring test case: Requires a Java version of at least 11
Dec 27, 2018 6:29:56 AM net.bytebuddy.test.utility.JavaVersionRule$NoOpStatement evaluate
WARNING: Ignoring test case: Requires a Java version of at least 11
Dec 27, 2018 6:29:56 AM net.bytebuddy.test.utility.JavaVersionRule$NoOpStatement evaluate
WARNING: Ignoring test case: Requires a Java version of at least 11
Dec 27, 2018 6:29:56 AM net.bytebuddy.test.utility.JavaVersionRule$NoOpStatement evaluate
WARNING: Ignoring test case: Requires a Java version of at least 11
Dec 27, 2018 6:29:56 AM net.bytebuddy.test.utility.JavaVersionRule$NoOpStatement evaluate
WARNING: Ignoring test case: Requires a Java version of at least 11
Dec 27, 2018 6:29:56 AM net.bytebuddy.test.utility.JavaVersionRule$NoOpStatement evaluate
WARNING: Ignoring test case: Requires a Java version of at least 11
Dec 27, 2018 6:29:56 AM net.bytebuddy.test.utility.JavaVersionRule$NoOpStatement evaluate
WARNING: Ignoring test case: Requires a Java version of at least 11
06:29:56.662 [pool-24-thread-1] INFO  xxl.java.junit.TestCasesListener - Tests run finished (5724 ms)
<> Total tests run: 7084
<> Ignored tests: 8
<> Failed tests: 0

06:29:56.663 [pool-2-thread-1] ERROR fr.inria.lille.repair.nopol.NoPol - Error ExecutionException java.util.concurrent.ExecutionException: java.lang.RuntimeException: failingTestCasesValidated: nothing to repair, no failing test cases
06:29:56.663 [pool-2-thread-1] DEBUG fr.inria.lille.repair.nopol.NoPol - statement #28
06:29:56.663 [pool-2-thread-1] DEBUG fr.inria.lille.repair.nopol.NoPol - Analysing SourceLocation net.bytebuddy.dynamic.DynamicType$Builder$AbstractBase$Adapter$FieldDefinitionAdapter:4411 which is executed by 452 tests
1409209338
06:29:57.200 [pool-2-thread-1] DEBUG fr.inria.lille.repair.nopol.NoPol - statement #29
06:29:57.200 [pool-2-thread-1] DEBUG fr.inria.lille.repair.nopol.NoPol - Analysing SourceLocation net.bytebuddy.dynamic.DynamicType$Builder$AbstractBase$Adapter$FieldDefinitionAdapter:4410 which is executed by 452 tests
1409209338
06:30:01.478 [pool-2-thread-1] DEBUG fr.inria.lille.repair.nopol.NoPol - statement #30
06:30:01.478 [pool-2-thread-1] DEBUG fr.inria.lille.repair.nopol.NoPol - Analysing SourceLocation net.bytebuddy.dynamic.DynamicType$Builder$AbstractBase$Adapter:3735 which is executed by 453 tests
1409209338
06:30:02.043 [pool-2-thread-1] DEBUG fr.inria.lille.repair.nopol.NoPol - statement #31
06:30:02.043 [pool-2-thread-1] DEBUG fr.inria.lille.repair.nopol.NoPol - Analysing SourceLocation net.bytebuddy.dynamic.scaffold.TypeWriter$FieldPool$Record$ForExplicitField:292 which is executed by 455 tests
683157614
06:30:02.429 [pool-2-thread-1] DEBUG fr.inria.lille.repair.nopol.NoPol - statement #32
06:30:02.430 [pool-2-thread-1] DEBUG fr.inria.lille.repair.nopol.NoPol - Analysing SourceLocation net.bytebuddy.dynamic.scaffold.TypeWriter$FieldPool$Record$ForExplicitField:291 which is executed by 455 tests
683157614
06:30:02.806 [pool-2-thread-1] DEBUG fr.inria.lille.repair.nopol.NoPol - statement #33
06:30:02.806 [pool-2-thread-1] DEBUG fr.inria.lille.repair.nopol.NoPol - Analysing SourceLocation net.bytebuddy.dynamic.scaffold.TypeWriter$FieldPool$Record$ForExplicitField:290 which is executed by 455 tests
683157614
06:30:03.182 [pool-2-thread-1] DEBUG fr.inria.lille.repair.nopol.NoPol - statement #34
06:30:03.182 [pool-2-thread-1] DEBUG fr.inria.lille.repair.nopol.NoPol - Analysing SourceLocation net.bytebuddy.dynamic.scaffold.TypeWriter$FieldPool$Record$ForExplicitField:289 which is executed by 455 tests
683157614
06:30:03.562 [pool-2-thread-1] DEBUG fr.inria.lille.repair.nopol.NoPol - statement #35
06:30:03.562 [pool-2-thread-1] DEBUG fr.inria.lille.repair.nopol.NoPol - Analysing SourceLocation net.bytebuddy.dynamic.scaffold.TypeWriter$FieldPool$Record$ForExplicitField:288 which is executed by 455 tests
683157614
06:30:03.931 [pool-2-thread-1] DEBUG fr.inria.lille.repair.nopol.NoPol - statement #36
06:30:03.931 [pool-2-thread-1] DEBUG fr.inria.lille.repair.nopol.NoPol - Analysing SourceLocation net.bytebuddy.dynamic.scaffold.FieldRegistry$Default$Compiled$Entry:305 which is executed by 458 tests
-229061832
06:30:04.238 [pool-2-thread-1] DEBUG fr.inria.lille.repair.nopol.NoPol - statement #37
06:30:04.238 [pool-2-thread-1] DEBUG fr.inria.lille.repair.nopol.NoPol - Analysing SourceLocation net.bytebuddy.dynamic.scaffold.FieldRegistry$Default$Compiled$Entry:298 which is executed by 458 tests
-229061832
06:30:04.652 [pool-2-thread-1] DEBUG fr.inria.lille.repair.nopol.NoPol - statement #38
06:30:04.652 [pool-2-thread-1] DEBUG fr.inria.lille.repair.nopol.NoPol - Analysing SourceLocation net.bytebuddy.dynamic.scaffold.FieldRegistry$Default$Entry:203 which is executed by 458 tests
-229061832
06:30:04.901 [pool-2-thread-1] DEBUG fr.inria.lille.repair.nopol.NoPol - statement #39
06:30:04.901 [pool-2-thread-1] DEBUG fr.inria.lille.repair.nopol.NoPol - Analysing SourceLocation net.bytebuddy.dynamic.scaffold.FieldRegistry$Default$Entry:196 which is executed by 458 tests
-229061832
06:30:05.151 [pool-2-thread-1] DEBUG fr.inria.lille.repair.nopol.NoPol - statement #40
06:30:05.151 [pool-2-thread-1] DEBUG fr.inria.lille.repair.nopol.NoPol - Analysing SourceLocation net.bytebuddy.dynamic.scaffold.FieldRegistry$Default$Entry:187 which is executed by 458 tests
-229061832
06:30:05.399 [pool-2-thread-1] DEBUG fr.inria.lille.repair.nopol.NoPol - statement #41
06:30:05.399 [pool-2-thread-1] DEBUG fr.inria.lille.repair.nopol.NoPol - Analysing SourceLocation net.bytebuddy.dynamic.scaffold.FieldRegistry$Default$Entry:178 which is executed by 458 tests
-229061832
06:30:05.647 [pool-2-thread-1] DEBUG fr.inria.lille.repair.nopol.NoPol - statement #42
06:30:05.648 [pool-2-thread-1] DEBUG fr.inria.lille.repair.nopol.NoPol - Analysing SourceLocation net.bytebuddy.dynamic.scaffold.FieldRegistry$Default$Compiled:240 which is executed by 458 tests
-229061832
06:30:05.894 [pool-2-thread-1] DEBUG fr.inria.lille.repair.nopol.NoPol - looking with class fr.inria.lille.repair.nopol.spoon.smt.ConditionalAdder
Dec 27, 2018 6:30:06 AM net.bytebuddy.test.utility.JavaVersionRule$NoOpStatement evaluate
WARNING: Ignoring test case: Requires a Java version of at least 11
Dec 27, 2018 6:30:11 AM net.bytebuddy.test.utility.JavaVersionRule$NoOpStatement evaluate
WARNING: Ignoring test case: Requires a Java version of at least 11
Dec 27, 2018 6:30:11 AM net.bytebuddy.test.utility.JavaVersionRule$NoOpStatement evaluate
WARNING: Ignoring test case: Requires a Java version of at least 11
Dec 27, 2018 6:30:11 AM net.bytebuddy.test.utility.JavaVersionRule$NoOpStatement evaluate
WARNING: Ignoring test case: Requires a Java version of at least 11
Dec 27, 2018 6:30:11 AM net.bytebuddy.test.utility.JavaVersionRule$NoOpStatement evaluate
WARNING: Ignoring test case: Requires a Java version of at least 11
Dec 27, 2018 6:30:11 AM net.bytebuddy.test.utility.JavaVersionRule$NoOpStatement evaluate
WARNING: Ignoring test case: Requires a Java version of at least 11
Dec 27, 2018 6:30:12 AM net.bytebuddy.test.utility.JavaVersionRule$NoOpStatement evaluate
WARNING: Ignoring test case: Requires a Java version of at least 11
Dec 27, 2018 6:30:12 AM net.bytebuddy.test.utility.JavaVersionRule$NoOpStatement evaluate
WARNING: Ignoring test case: Requires a Java version of at least 11
06:30:12.144 [pool-26-thread-1] INFO  xxl.java.junit.TestCasesListener - Tests run finished (6120 ms)
<> Total tests run: 7084
<> Ignored tests: 8
<> Failed tests: 0

06:30:12.144 [pool-2-thread-1] ERROR fr.inria.lille.repair.nopol.NoPol - Error ExecutionException java.util.concurrent.ExecutionException: java.lang.RuntimeException: failingTestCasesValidated: nothing to repair, no failing test cases
06:30:12.145 [pool-2-thread-1] DEBUG fr.inria.lille.repair.nopol.NoPol - statement #43
06:30:12.145 [pool-2-thread-1] DEBUG fr.inria.lille.repair.nopol.NoPol - Analysing SourceLocation net.bytebuddy.dynamic.scaffold.FieldRegistry$Default$Compiled:239 which is executed by 458 tests
-229061832
06:30:12.392 [pool-2-thread-1] DEBUG fr.inria.lille.repair.nopol.NoPol - looking with class fr.inria.lille.repair.nopol.spoon.smt.ConditionalAdder
Dec 27, 2018 6:30:13 AM net.bytebuddy.test.utility.JavaVersionRule$NoOpStatement evaluate
WARNING: Ignoring test case: Requires a Java version of at least 11
Dec 27, 2018 6:30:18 AM net.bytebuddy.test.utility.JavaVersionRule$NoOpStatement evaluate
WARNING: Ignoring test case: Requires a Java version of at least 11
Dec 27, 2018 6:30:18 AM net.bytebuddy.test.utility.JavaVersionRule$NoOpStatement evaluate
WARNING: Ignoring test case: Requires a Java version of at least 11
Dec 27, 2018 6:30:18 AM net.bytebuddy.test.utility.JavaVersionRule$NoOpStatement evaluate
WARNING: Ignoring test case: Requires a Java version of at least 11
Dec 27, 2018 6:30:18 AM net.bytebuddy.test.utility.JavaVersionRule$NoOpStatement evaluate
WARNING: Ignoring test case: Requires a Java version of at least 11
Dec 27, 2018 6:30:18 AM net.bytebuddy.test.utility.JavaVersionRule$NoOpStatement evaluate
WARNING: Ignoring test case: Requires a Java version of at least 11
Dec 27, 2018 6:30:18 AM net.bytebuddy.test.utility.JavaVersionRule$NoOpStatement evaluate
WARNING: Ignoring test case: Requires a Java version of at least 11
Dec 27, 2018 6:30:18 AM net.bytebuddy.test.utility.JavaVersionRule$NoOpStatement evaluate
WARNING: Ignoring test case: Requires a Java version of at least 11
06:30:18.947 [pool-28-thread-1] INFO  xxl.java.junit.TestCasesListener - Tests run finished (6416 ms)
<> Total tests run: 7084
<> Ignored tests: 8
<> Failed tests: 0

06:30:18.948 [pool-2-thread-1] ERROR fr.inria.lille.repair.nopol.NoPol - Error ExecutionException java.util.concurrent.ExecutionException: java.lang.RuntimeException: failingTestCasesValidated: nothing to repair, no failing test cases
06:30:18.948 [pool-2-thread-1] DEBUG fr.inria.lille.repair.nopol.NoPol - looking with class fr.inria.lille.repair.nopol.spoon.smt.ConditionalReplacer
Dec 27, 2018 6:30:19 AM net.bytebuddy.test.utility.JavaVersionRule$NoOpStatement evaluate
WARNING: Ignoring test case: Requires a Java version of at least 11
Dec 27, 2018 6:30:25 AM net.bytebuddy.test.utility.JavaVersionRule$NoOpStatement evaluate
WARNING: Ignoring test case: Requires a Java version of at least 11
Dec 27, 2018 6:30:25 AM net.bytebuddy.test.utility.JavaVersionRule$NoOpStatement evaluate
WARNING: Ignoring test case: Requires a Java version of at least 11
Dec 27, 2018 6:30:25 AM net.bytebuddy.test.utility.JavaVersionRule$NoOpStatement evaluate
WARNING: Ignoring test case: Requires a Java version of at least 11
Dec 27, 2018 6:30:27 AM net.bytebuddy.test.utility.JavaVersionRule$NoOpStatement evaluate
WARNING: Ignoring test case: Requires a Java version of at least 11
Dec 27, 2018 6:30:27 AM net.bytebuddy.test.utility.JavaVersionRule$NoOpStatement evaluate
WARNING: Ignoring test case: Requires a Java version of at least 11
Dec 27, 2018 6:30:27 AM net.bytebuddy.test.utility.JavaVersionRule$NoOpStatement evaluate
WARNING: Ignoring test case: Requires a Java version of at least 11
Dec 27, 2018 6:30:27 AM net.bytebuddy.test.utility.JavaVersionRule$NoOpStatement evaluate
WARNING: Ignoring test case: Requires a Java version of at least 11
06:30:27.282 [pool-30-thread-1] INFO  xxl.java.junit.TestCasesListener - Tests run finished (8121 ms)
<> Total tests run: 7084
<> Ignored tests: 8
<> Failed tests: 0

06:30:27.283 [pool-2-thread-1] ERROR fr.inria.lille.repair.nopol.NoPol - Error ExecutionException java.util.concurrent.ExecutionException: java.lang.RuntimeException: failingTestCasesValidated: nothing to repair, no failing test cases
06:30:27.283 [pool-2-thread-1] DEBUG fr.inria.lille.repair.nopol.NoPol - statement #44
06:30:27.283 [pool-2-thread-1] DEBUG fr.inria.lille.repair.nopol.NoPol - Analysing SourceLocation net.bytebuddy.dynamic.scaffold.FieldRegistry$Default:124 which is executed by 458 tests
-229061832
06:30:27.551 [pool-2-thread-1] DEBUG fr.inria.lille.repair.nopol.NoPol - statement #45
06:30:27.551 [pool-2-thread-1] DEBUG fr.inria.lille.repair.nopol.NoPol - Analysing SourceLocation net.bytebuddy.dynamic.scaffold.FieldRegistry$Default:123 which is executed by 458 tests
-229061832
06:30:27.805 [pool-2-thread-1] DEBUG fr.inria.lille.repair.nopol.NoPol - looking with class fr.inria.lille.repair.nopol.spoon.smt.ConditionalAdder
Dec 27, 2018 6:30:28 AM net.bytebuddy.test.utility.JavaVersionRule$NoOpStatement evaluate
WARNING: Ignoring test case: Requires a Java version of at least 11
Dec 27, 2018 6:30:32 AM net.bytebuddy.test.utility.JavaVersionRule$NoOpStatement evaluate
WARNING: Ignoring test case: Requires a Java version of at least 11
Dec 27, 2018 6:30:33 AM net.bytebuddy.test.utility.JavaVersionRule$NoOpStatement evaluate
WARNING: Ignoring test case: Requires a Java version of at least 11
Dec 27, 2018 6:30:33 AM net.bytebuddy.test.utility.JavaVersionRule$NoOpStatement evaluate
WARNING: Ignoring test case: Requires a Java version of at least 11
Dec 27, 2018 6:30:33 AM net.bytebuddy.test.utility.JavaVersionRule$NoOpStatement evaluate
WARNING: Ignoring test case: Requires a Java version of at least 11
Dec 27, 2018 6:30:33 AM net.bytebuddy.test.utility.JavaVersionRule$NoOpStatement evaluate
WARNING: Ignoring test case: Requires a Java version of at least 11
Dec 27, 2018 6:30:33 AM net.bytebuddy.test.utility.JavaVersionRule$NoOpStatement evaluate
WARNING: Ignoring test case: Requires a Java version of at least 11
Dec 27, 2018 6:30:33 AM net.bytebuddy.test.utility.JavaVersionRule$NoOpStatement evaluate
WARNING: Ignoring test case: Requires a Java version of at least 11
06:30:33.547 [pool-32-thread-1] INFO  xxl.java.junit.TestCasesListener - Tests run finished (5591 ms)
<> Total tests run: 7084
<> Ignored tests: 8
<> Failed tests: 0

06:30:33.547 [pool-2-thread-1] ERROR fr.inria.lille.repair.nopol.NoPol - Error ExecutionException java.util.concurrent.ExecutionException: java.lang.RuntimeException: failingTestCasesValidated: nothing to repair, no failing test cases
06:30:33.547 [pool-2-thread-1] DEBUG fr.inria.lille.repair.nopol.NoPol - statement #46
06:30:33.548 [pool-2-thread-1] DEBUG fr.inria.lille.repair.nopol.NoPol - Analysing SourceLocation net.bytebuddy.dynamic.scaffold.FieldRegistry$Default:121 which is executed by 458 tests
-229061832
06:30:33.819 [pool-2-thread-1] DEBUG fr.inria.lille.repair.nopol.NoPol - looking with class fr.inria.lille.repair.nopol.spoon.smt.ConditionalAdder
Dec 27, 2018 6:30:34 AM net.bytebuddy.test.utility.JavaVersionRule$NoOpStatement evaluate
WARNING: Ignoring test case: Requires a Java version of at least 11
Dec 27, 2018 6:30:39 AM net.bytebuddy.test.utility.JavaVersionRule$NoOpStatement evaluate
WARNING: Ignoring test case: Requires a Java version of at least 11
Dec 27, 2018 6:30:39 AM net.bytebuddy.test.utility.JavaVersionRule$NoOpStatement evaluate
WARNING: Ignoring test case: Requires a Java version of at least 11
Dec 27, 2018 6:30:39 AM net.bytebuddy.test.utility.JavaVersionRule$NoOpStatement evaluate
WARNING: Ignoring test case: Requires a Java version of at least 11
Dec 27, 2018 6:30:39 AM net.bytebuddy.test.utility.JavaVersionRule$NoOpStatement evaluate
WARNING: Ignoring test case: Requires a Java version of at least 11
Dec 27, 2018 6:30:39 AM net.bytebuddy.test.utility.JavaVersionRule$NoOpStatement evaluate
WARNING: Ignoring test case: Requires a Java version of at least 11
Dec 27, 2018 6:30:39 AM net.bytebuddy.test.utility.JavaVersionRule$NoOpStatement evaluate
WARNING: Ignoring test case: Requires a Java version of at least 11
Dec 27, 2018 6:30:39 AM net.bytebuddy.test.utility.JavaVersionRule$NoOpStatement evaluate
WARNING: Ignoring test case: Requires a Java version of at least 11
06:30:40.001 [pool-34-thread-1] INFO  xxl.java.junit.TestCasesListener - Tests run finished (6056 ms)
<> Total tests run: 7084
<> Ignored tests: 8
<> Failed tests: 0

06:30:40.001 [pool-2-thread-1] ERROR fr.inria.lille.repair.nopol.NoPol - Error ExecutionException java.util.concurrent.ExecutionException: java.lang.RuntimeException: failingTestCasesValidated: nothing to repair, no failing test cases
06:30:40.002 [pool-2-thread-1] DEBUG fr.inria.lille.repair.nopol.NoPol - statement #47
06:30:40.002 [pool-2-thread-1] DEBUG fr.inria.lille.repair.nopol.NoPol - Analysing SourceLocation net.bytebuddy.dynamic.scaffold.FieldRegistry$Default:120 which is executed by 458 tests
-229061832
06:30:40.250 [pool-2-thread-1] DEBUG fr.inria.lille.repair.nopol.NoPol - looking with class fr.inria.lille.repair.nopol.spoon.smt.ConditionalAdder
Dec 27, 2018 6:30:41 AM net.bytebuddy.test.utility.JavaVersionRule$NoOpStatement evaluate
WARNING: Ignoring test case: Requires a Java version of at least 11
Dec 27, 2018 6:30:45 AM net.bytebuddy.test.utility.JavaVersionRule$NoOpStatement evaluate
WARNING: Ignoring test case: Requires a Java version of at least 11
Dec 27, 2018 6:30:46 AM net.bytebuddy.test.utility.JavaVersionRule$NoOpStatement evaluate
WARNING: Ignoring test case: Requires a Java version of at least 11
Dec 27, 2018 6:30:46 AM net.bytebuddy.test.utility.JavaVersionRule$NoOpStatement evaluate
WARNING: Ignoring test case: Requires a Java version of at least 11
Dec 27, 2018 6:30:46 AM net.bytebuddy.test.utility.JavaVersionRule$NoOpStatement evaluate
WARNING: Ignoring test case: Requires a Java version of at least 11
Dec 27, 2018 6:30:46 AM net.bytebuddy.test.utility.JavaVersionRule$NoOpStatement evaluate
WARNING: Ignoring test case: Requires a Java version of at least 11
Dec 27, 2018 6:30:46 AM net.bytebuddy.test.utility.JavaVersionRule$NoOpStatement evaluate
WARNING: Ignoring test case: Requires a Java version of at least 11
Dec 27, 2018 6:30:46 AM net.bytebuddy.test.utility.JavaVersionRule$NoOpStatement evaluate
WARNING: Ignoring test case: Requires a Java version of at least 11
06:30:46.505 [pool-36-thread-1] INFO  xxl.java.junit.TestCasesListener - Tests run finished (6123 ms)
<> Total tests run: 7084
<> Ignored tests: 8
<> Failed tests: 0

06:30:46.506 [pool-2-thread-1] ERROR fr.inria.lille.repair.nopol.NoPol - Error ExecutionException java.util.concurrent.ExecutionException: java.lang.RuntimeException: failingTestCasesValidated: nothing to repair, no failing test cases
06:30:46.506 [pool-2-thread-1] DEBUG fr.inria.lille.repair.nopol.NoPol - statement #48
06:30:46.506 [pool-2-thread-1] DEBUG fr.inria.lille.repair.nopol.NoPol - Analysing SourceLocation net.bytebuddy.dynamic.scaffold.FieldRegistry$Default:119 which is executed by 458 tests
-229061832
06:30:46.752 [pool-2-thread-1] DEBUG fr.inria.lille.repair.nopol.NoPol - looking with class fr.inria.lille.repair.nopol.spoon.smt.ConditionalAdder
Dec 27, 2018 6:30:47 AM net.bytebuddy.test.utility.JavaVersionRule$NoOpStatement evaluate
WARNING: Ignoring test case: Requires a Java version of at least 11
Dec 27, 2018 6:30:52 AM net.bytebuddy.test.utility.JavaVersionRule$NoOpStatement evaluate
WARNING: Ignoring test case: Requires a Java version of at least 11
Dec 27, 2018 6:30:52 AM net.bytebuddy.test.utility.JavaVersionRule$NoOpStatement evaluate
WARNING: Ignoring test case: Requires a Java version of at least 11
Dec 27, 2018 6:30:52 AM net.bytebuddy.test.utility.JavaVersionRule$NoOpStatement evaluate
WARNING: Ignoring test case: Requires a Java version of at least 11
Dec 27, 2018 6:30:53 AM net.bytebuddy.test.utility.JavaVersionRule$NoOpStatement evaluate
WARNING: Ignoring test case: Requires a Java version of at least 11
Dec 27, 2018 6:30:53 AM net.bytebuddy.test.utility.JavaVersionRule$NoOpStatement evaluate
WARNING: Ignoring test case: Requires a Java version of at least 11
Dec 27, 2018 6:30:53 AM net.bytebuddy.test.utility.JavaVersionRule$NoOpStatement evaluate
WARNING: Ignoring test case: Requires a Java version of at least 11
Dec 27, 2018 6:30:53 AM net.bytebuddy.test.utility.JavaVersionRule$NoOpStatement evaluate
WARNING: Ignoring test case: Requires a Java version of at least 11
06:30:53.302 [pool-38-thread-1] INFO  xxl.java.junit.TestCasesListener - Tests run finished (6419 ms)
<> Total tests run: 7084
<> Ignored tests: 8
<> Failed tests: 0

06:30:53.303 [pool-2-thread-1] ERROR fr.inria.lille.repair.nopol.NoPol - Error ExecutionException java.util.concurrent.ExecutionException: java.lang.RuntimeException: failingTestCasesValidated: nothing to repair, no failing test cases
06:30:53.303 [pool-2-thread-1] DEBUG fr.inria.lille.repair.nopol.NoPol - looking with class fr.inria.lille.repair.nopol.spoon.smt.ConditionalReplacer
Dec 27, 2018 6:30:54 AM net.bytebuddy.test.utility.JavaVersionRule$NoOpStatement evaluate
WARNING: Ignoring test case: Requires a Java version of at least 11
Dec 27, 2018 6:30:59 AM net.bytebuddy.test.utility.JavaVersionRule$NoOpStatement evaluate
WARNING: Ignoring test case: Requires a Java version of at least 11
Dec 27, 2018 6:30:59 AM net.bytebuddy.test.utility.JavaVersionRule$NoOpStatement evaluate
WARNING: Ignoring test case: Requires a Java version of at least 11
Dec 27, 2018 6:31:00 AM net.bytebuddy.test.utility.JavaVersionRule$NoOpStatement evaluate
WARNING: Ignoring test case: Requires a Java version of at least 11
Dec 27, 2018 6:31:00 AM net.bytebuddy.test.utility.JavaVersionRule$NoOpStatement evaluate
WARNING: Ignoring test case: Requires a Java version of at least 11
Dec 27, 2018 6:31:00 AM net.bytebuddy.test.utility.JavaVersionRule$NoOpStatement evaluate
WARNING: Ignoring test case: Requires a Java version of at least 11
Dec 27, 2018 6:31:00 AM net.bytebuddy.test.utility.JavaVersionRule$NoOpStatement evaluate
WARNING: Ignoring test case: Requires a Java version of at least 11
Dec 27, 2018 6:31:00 AM net.bytebuddy.test.utility.JavaVersionRule$NoOpStatement evaluate
WARNING: Ignoring test case: Requires a Java version of at least 11
06:31:00.412 [pool-40-thread-1] INFO  xxl.java.junit.TestCasesListener - Tests run finished (6860 ms)
<> Total tests run: 7084
<> Ignored tests: 8
<> Failed tests: 0

06:31:00.413 [pool-2-thread-1] ERROR fr.inria.lille.repair.nopol.NoPol - Error ExecutionException java.util.concurrent.ExecutionException: java.lang.RuntimeException: failingTestCasesValidated: nothing to repair, no failing test cases
06:31:00.413 [pool-2-thread-1] DEBUG fr.inria.lille.repair.nopol.NoPol - statement #49
06:31:00.413 [pool-2-thread-1] DEBUG fr.inria.lille.repair.nopol.NoPol - Analysing SourceLocation net.bytebuddy.dynamic.scaffold.FieldRegistry$Default:118 which is executed by 458 tests
-229061832
06:31:00.668 [pool-2-thread-1] DEBUG fr.inria.lille.repair.nopol.NoPol - statement #50
06:31:00.668 [pool-2-thread-1] DEBUG fr.inria.lille.repair.nopol.NoPol - Analysing SourceLocation net.bytebuddy.dynamic.scaffold.TypeWriter$FieldPool$Record$ForExplicitField:279 which is executed by 460 tests
683157614
06:31:01.036 [pool-2-thread-1] DEBUG fr.inria.lille.repair.nopol.NoPol - statement #51
06:31:01.037 [pool-2-thread-1] DEBUG fr.inria.lille.repair.nopol.NoPol - Analysing SourceLocation net.bytebuddy.dynamic.scaffold.FieldRegistry$Default:108 which is executed by 460 tests
-229061832
06:31:01.284 [pool-2-thread-1] DEBUG fr.inria.lille.repair.nopol.NoPol - statement #52
06:31:01.284 [pool-2-thread-1] DEBUG fr.inria.lille.repair.nopol.NoPol - Analysing SourceLocation net.bytebuddy.dynamic.scaffold.FieldRegistry$Default:107 which is executed by 460 tests
-229061832
06:31:01.529 [pool-2-thread-1] DEBUG fr.inria.lille.repair.nopol.NoPol - looking with class fr.inria.lille.repair.nopol.spoon.smt.ConditionalAdder
Dec 27, 2018 6:31:03 AM net.bytebuddy.test.utility.JavaVersionRule$NoOpStatement evaluate
WARNING: Ignoring test case: Requires a Java version of at least 11
Dec 27, 2018 6:31:08 AM net.bytebuddy.test.utility.JavaVersionRule$NoOpStatement evaluate
WARNING: Ignoring test case: Requires a Java version of at least 11
Dec 27, 2018 6:31:08 AM net.bytebuddy.test.utility.JavaVersionRule$NoOpStatement evaluate
WARNING: Ignoring test case: Requires a Java version of at least 11
Dec 27, 2018 6:31:08 AM net.bytebuddy.test.utility.JavaVersionRule$NoOpStatement evaluate
WARNING: Ignoring test case: Requires a Java version of at least 11
Dec 27, 2018 6:31:08 AM net.bytebuddy.test.utility.JavaVersionRule$NoOpStatement evaluate
WARNING: Ignoring test case: Requires a Java version of at least 11
Dec 27, 2018 6:31:08 AM net.bytebuddy.test.utility.JavaVersionRule$NoOpStatement evaluate
WARNING: Ignoring test case: Requires a Java version of at least 11
Dec 27, 2018 6:31:09 AM net.bytebuddy.test.utility.JavaVersionRule$NoOpStatement evaluate
WARNING: Ignoring test case: Requires a Java version of at least 11
Dec 27, 2018 6:31:09 AM net.bytebuddy.test.utility.JavaVersionRule$NoOpStatement evaluate
WARNING: Ignoring test case: Requires a Java version of at least 11
06:31:09.098 [pool-42-thread-1] INFO  xxl.java.junit.TestCasesListener - Tests run finished (7434 ms)
<> Total tests run: 7084
<> Ignored tests: 8
<> Failed tests: 0

06:31:09.099 [pool-2-thread-1] ERROR fr.inria.lille.repair.nopol.NoPol - Error ExecutionException java.util.concurrent.ExecutionException: java.lang.RuntimeException: failingTestCasesValidated: nothing to repair, no failing test cases
06:31:09.099 [pool-2-thread-1] DEBUG fr.inria.lille.repair.nopol.NoPol - statement #53
06:31:09.099 [pool-2-thread-1] DEBUG fr.inria.lille.repair.nopol.NoPol - Analysing SourceLocation net.bytebuddy.dynamic.scaffold.FieldRegistry$Default:106 which is executed by 460 tests
-229061832
06:31:09.357 [pool-2-thread-1] DEBUG fr.inria.lille.repair.nopol.NoPol - looking with class fr.inria.lille.repair.nopol.spoon.smt.ConditionalAdder
Dec 27, 2018 6:31:10 AM net.bytebuddy.test.utility.JavaVersionRule$NoOpStatement evaluate
WARNING: Ignoring test case: Requires a Java version of at least 11
Dec 27, 2018 6:31:14 AM net.bytebuddy.test.utility.JavaVersionRule$NoOpStatement evaluate
WARNING: Ignoring test case: Requires a Java version of at least 11
Dec 27, 2018 6:31:15 AM net.bytebuddy.test.utility.JavaVersionRule$NoOpStatement evaluate
WARNING: Ignoring test case: Requires a Java version of at least 11
Dec 27, 2018 6:31:15 AM net.bytebuddy.test.utility.JavaVersionRule$NoOpStatement evaluate
WARNING: Ignoring test case: Requires a Java version of at least 11
Dec 27, 2018 6:31:15 AM net.bytebuddy.test.utility.JavaVersionRule$NoOpStatement evaluate
WARNING: Ignoring test case: Requires a Java version of at least 11
Dec 27, 2018 6:31:15 AM net.bytebuddy.test.utility.JavaVersionRule$NoOpStatement evaluate
WARNING: Ignoring test case: Requires a Java version of at least 11
Dec 27, 2018 6:31:15 AM net.bytebuddy.test.utility.JavaVersionRule$NoOpStatement evaluate
WARNING: Ignoring test case: Requires a Java version of at least 11
Dec 27, 2018 6:31:15 AM net.bytebuddy.test.utility.JavaVersionRule$NoOpStatement evaluate
WARNING: Ignoring test case: Requires a Java version of at least 11
06:31:15.489 [pool-44-thread-1] INFO  xxl.java.junit.TestCasesListener - Tests run finished (6000 ms)
<> Total tests run: 7084
<> Ignored tests: 8
<> Failed tests: 0

06:31:15.490 [pool-2-thread-1] ERROR fr.inria.lille.repair.nopol.NoPol - Error ExecutionException java.util.concurrent.ExecutionException: java.lang.RuntimeException: failingTestCasesValidated: nothing to repair, no failing test cases
06:31:15.490 [pool-2-thread-1] DEBUG fr.inria.lille.repair.nopol.NoPol - statement #54
06:31:15.490 [pool-2-thread-1] DEBUG fr.inria.lille.repair.nopol.NoPol - Analysing SourceLocation net.bytebuddy.dynamic.scaffold.FieldRegistry$Default:105 which is executed by 460 tests
-229061832
06:31:15.738 [pool-2-thread-1] DEBUG fr.inria.lille.repair.nopol.NoPol - statement #55
06:31:15.738 [pool-2-thread-1] DEBUG fr.inria.lille.repair.nopol.NoPol - Analysing SourceLocation net.bytebuddy.dynamic.DynamicType$Default$Loaded:5537 which is executed by 424 tests
1409209338
06:31:16.173 [pool-2-thread-1] DEBUG fr.inria.lille.repair.nopol.NoPol - statement #56
06:31:16.173 [pool-2-thread-1] DEBUG fr.inria.lille.repair.nopol.NoPol - Analysing SourceLocation net.bytebuddy.dynamic.DynamicType$Default$Loaded:5536 which is executed by 424 tests
1409209338
06:31:16.683 [pool-2-thread-1] DEBUG fr.inria.lille.repair.nopol.NoPol - looking with class fr.inria.lille.repair.nopol.spoon.smt.ConditionalAdder



06:31:22.463 [pool-46-thread-1] INFO  xxl.java.junit.TestCasesListener - Tests run finished (5682 ms)
<> Total tests run: 6505
<> Ignored tests: 3
<> Failed tests: 0

06:31:22.463 [pool-2-thread-1] ERROR fr.inria.lille.repair.nopol.NoPol - Error ExecutionException java.util.concurrent.ExecutionException: java.lang.RuntimeException: failingTestCasesValidated: nothing to repair, no failing test cases
06:31:22.463 [pool-2-thread-1] DEBUG fr.inria.lille.repair.nopol.NoPol - statement #57
06:31:22.463 [pool-2-thread-1] DEBUG fr.inria.lille.repair.nopol.NoPol - Analysing SourceLocation net.bytebuddy.dynamic.DynamicType$Default$Loaded:5534 which is executed by 424 tests
1409209338
06:31:23.007 [pool-2-thread-1] DEBUG fr.inria.lille.repair.nopol.NoPol - statement #58
06:31:23.007 [pool-2-thread-1] DEBUG fr.inria.lille.repair.nopol.NoPol - Analysing SourceLocation net.bytebuddy.implementation.EqualsMethod$Appender:795 which is executed by 73 tests
-1091992159
06:31:23.306 [pool-2-thread-1] DEBUG fr.inria.lille.repair.nopol.NoPol - statement #59
06:31:23.307 [pool-2-thread-1] DEBUG fr.inria.lille.repair.nopol.NoPol - Analysing SourceLocation net.bytebuddy.implementation.EqualsMethod$Appender:794 which is executed by 73 tests
-1091992159
06:31:23.586 [pool-2-thread-1] DEBUG fr.inria.lille.repair.nopol.NoPol - looking with class fr.inria.lille.repair.nopol.spoon.smt.ConditionalAdder
Dec 27, 2018 6:31:26 AM net.bytebuddy.test.utility.JavaVersionRule$NoOpStatement evaluate
WARNING: Ignoring test case: Requires a Java version of at least 11
06:31:26.977 [pool-48-thread-1] INFO  xxl.java.junit.TestCasesListener - Tests run finished (3344 ms)
<> Total tests run: 2886
<> Ignored tests: 1
<> Failed tests: 0

06:31:26.977 [pool-2-thread-1] ERROR fr.inria.lille.repair.nopol.NoPol - Error ExecutionException java.util.concurrent.ExecutionException: java.lang.RuntimeException: failingTestCasesValidated: nothing to repair, no failing test cases
06:31:26.977 [pool-2-thread-1] DEBUG fr.inria.lille.repair.nopol.NoPol - statement #60
06:31:26.978 [pool-2-thread-1] DEBUG fr.inria.lille.repair.nopol.NoPol - Analysing SourceLocation net.bytebuddy.implementation.EqualsMethod$Appender:793 which is executed by 73 tests
-1091992159
06:31:27.254 [pool-2-thread-1] DEBUG fr.inria.lille.repair.nopol.NoPol - looking with class fr.inria.lille.repair.nopol.spoon.smt.ConditionalAdder
Dec 27, 2018 6:31:30 AM net.bytebuddy.test.utility.JavaVersionRule$NoOpStatement evaluate
WARNING: Ignoring test case: Requires a Java version of at least 11
06:31:30.770 [pool-50-thread-1] INFO  xxl.java.junit.TestCasesListener - Tests run finished (3471 ms)
<> Total tests run: 2886
<> Ignored tests: 1
<> Failed tests: 0

06:31:30.770 [pool-2-thread-1] ERROR fr.inria.lille.repair.nopol.NoPol - Error ExecutionException java.util.concurrent.ExecutionException: java.lang.RuntimeException: failingTestCasesValidated: nothing to repair, no failing test cases
06:31:30.771 [pool-2-thread-1] DEBUG fr.inria.lille.repair.nopol.NoPol - statement #61
06:31:30.771 [pool-2-thread-1] DEBUG fr.inria.lille.repair.nopol.NoPol - Analysing SourceLocation net.bytebuddy.implementation.EqualsMethod$Appender:779 which is executed by 73 tests
-1091992159
06:31:31.119 [pool-2-thread-1] DEBUG fr.inria.lille.repair.nopol.NoPol - looking with class fr.inria.lille.repair.nopol.spoon.smt.ConditionalAdder
Dec 27, 2018 6:31:34 AM net.bytebuddy.test.utility.JavaVersionRule$NoOpStatement evaluate
WARNING: Ignoring test case: Requires a Java version of at least 11
06:31:34.715 [pool-52-thread-1] INFO  xxl.java.junit.TestCasesListener - Tests run finished (3551 ms)
<> Total tests run: 2886
<> Ignored tests: 1
<> Failed tests: 0

06:31:34.716 [pool-2-thread-1] ERROR fr.inria.lille.repair.nopol.NoPol - Error ExecutionException java.util.concurrent.ExecutionException: java.lang.RuntimeException: failingTestCasesValidated: nothing to repair, no failing test cases
06:31:34.716 [pool-2-thread-1] DEBUG fr.inria.lille.repair.nopol.NoPol - statement #62
06:31:34.716 [pool-2-thread-1] DEBUG fr.inria.lille.repair.nopol.NoPol - Analysing SourceLocation net.bytebuddy.implementation.EqualsMethod$Appender:778 which is executed by 73 tests
-1091992159
06:31:35.019 [pool-2-thread-1] DEBUG fr.inria.lille.repair.nopol.NoPol - statement #63
06:31:35.019 [pool-2-thread-1] DEBUG fr.inria.lille.repair.nopol.NoPol - Analysing SourceLocation net.bytebuddy.implementation.EqualsMethod$Appender:777 which is executed by 73 tests
-1091992159
06:31:35.294 [pool-2-thread-1] DEBUG fr.inria.lille.repair.nopol.NoPol - looking with class fr.inria.lille.repair.nopol.spoon.smt.ConditionalAdder
Dec 27, 2018 6:31:39 AM net.bytebuddy.test.utility.JavaVersionRule$NoOpStatement evaluate
WARNING: Ignoring test case: Requires a Java version of at least 11
06:31:39.045 [pool-54-thread-1] INFO  xxl.java.junit.TestCasesListener - Tests run finished (3625 ms)
<> Total tests run: 2886
<> Ignored tests: 1
<> Failed tests: 0

06:31:39.046 [pool-2-thread-1] ERROR fr.inria.lille.repair.nopol.NoPol - Error ExecutionException java.util.concurrent.ExecutionException: java.lang.RuntimeException: failingTestCasesValidated: nothing to repair, no failing test cases
06:31:39.046 [pool-2-thread-1] DEBUG fr.inria.lille.repair.nopol.NoPol - statement #64
06:31:39.046 [pool-2-thread-1] DEBUG fr.inria.lille.repair.nopol.NoPol - Analysing SourceLocation net.bytebuddy.implementation.EqualsMethod$Appender:776 which is executed by 73 tests
-1091992159
06:31:39.324 [pool-2-thread-1] DEBUG fr.inria.lille.repair.nopol.NoPol - statement #65
06:31:39.325 [pool-2-thread-1] DEBUG fr.inria.lille.repair.nopol.NoPol - Analysing SourceLocation net.bytebuddy.implementation.EqualsMethod$ConditionalReturn:922 which is executed by 73 tests
-1091992159
06:31:39.612 [pool-2-thread-1] DEBUG fr.inria.lille.repair.nopol.NoPol - statement #66
06:31:39.613 [pool-2-thread-1] DEBUG fr.inria.lille.repair.nopol.NoPol - Analysing SourceLocation net.bytebuddy.implementation.EqualsMethod$ConditionalReturn:920 which is executed by 73 tests
-1091992159
06:31:39.897 [pool-2-thread-1] DEBUG fr.inria.lille.repair.nopol.NoPol - looking with class fr.inria.lille.repair.nopol.spoon.smt.ConditionalAdder
Dec 27, 2018 6:31:43 AM net.bytebuddy.test.utility.JavaVersionRule$NoOpStatement evaluate
WARNING: Ignoring test case: Requires a Java version of at least 11
06:31:43.757 [pool-56-thread-1] INFO  xxl.java.junit.TestCasesListener - Tests run finished (3814 ms)
<> Total tests run: 2886
<> Ignored tests: 1
<> Failed tests: 0

06:31:43.758 [pool-2-thread-1] ERROR fr.inria.lille.repair.nopol.NoPol - Error ExecutionException java.util.concurrent.ExecutionException: java.lang.RuntimeException: failingTestCasesValidated: nothing to repair, no failing test cases
06:31:43.758 [pool-2-thread-1] DEBUG fr.inria.lille.repair.nopol.NoPol - statement #67
06:31:43.758 [pool-2-thread-1] DEBUG fr.inria.lille.repair.nopol.NoPol - Analysing SourceLocation net.bytebuddy.implementation.EqualsMethod$ConditionalReturn:919 which is executed by 73 tests
-1091992159
06:31:44.042 [pool-2-thread-1] DEBUG fr.inria.lille.repair.nopol.NoPol - looking with class fr.inria.lille.repair.nopol.spoon.smt.ConditionalAdder
Dec 27, 2018 6:31:49 AM net.bytebuddy.test.utility.JavaVersionRule$NoOpStatement evaluate
WARNING: Ignoring test case: Requires a Java version of at least 11
06:31:49.213 [pool-58-thread-1] INFO  xxl.java.junit.TestCasesListener - Tests run finished (5124 ms)
<> Total tests run: 2886
<> Ignored tests: 1
<> Failed tests: 0

06:31:49.213 [pool-2-thread-1] ERROR fr.inria.lille.repair.nopol.NoPol - Error ExecutionException java.util.concurrent.ExecutionException: java.lang.RuntimeException: failingTestCasesValidated: nothing to repair, no failing test cases
06:31:49.213 [pool-2-thread-1] DEBUG fr.inria.lille.repair.nopol.NoPol - looking with class fr.inria.lille.repair.nopol.spoon.smt.ConditionalReplacer
Dec 27, 2018 6:31:52 AM net.bytebuddy.test.utility.JavaVersionRule$NoOpStatement evaluate
WARNING: Ignoring test case: Requires a Java version of at least 11
06:31:52.208 [pool-60-thread-1] INFO  xxl.java.junit.TestCasesListener - Tests run finished (2951 ms)
<> Total tests run: 2886
<> Ignored tests: 1
<> Failed tests: 0

06:31:52.209 [pool-2-thread-1] ERROR fr.inria.lille.repair.nopol.NoPol - Error ExecutionException java.util.concurrent.ExecutionException: java.lang.RuntimeException: failingTestCasesValidated: nothing to repair, no failing test cases
06:31:52.209 [pool-2-thread-1] DEBUG fr.inria.lille.repair.nopol.NoPol - statement #68
06:31:52.209 [pool-2-thread-1] DEBUG fr.inria.lille.repair.nopol.NoPol - Analysing SourceLocation net.bytebuddy.implementation.EqualsMethod$ConditionalReturn:918 which is executed by 73 tests
-1091992159
06:31:52.500 [pool-2-thread-1] DEBUG fr.inria.lille.repair.nopol.NoPol - looking with class fr.inria.lille.repair.nopol.spoon.smt.ConditionalAdder
Dec 27, 2018 6:31:55 AM net.bytebuddy.test.utility.JavaVersionRule$NoOpStatement evaluate
WARNING: Ignoring test case: Requires a Java version of at least 11
06:31:55.571 [pool-62-thread-1] INFO  xxl.java.junit.TestCasesListener - Tests run finished (3027 ms)
<> Total tests run: 2886
<> Ignored tests: 1
<> Failed tests: 0

06:31:55.571 [pool-2-thread-1] ERROR fr.inria.lille.repair.nopol.NoPol - Error ExecutionException java.util.concurrent.ExecutionException: java.lang.RuntimeException: failingTestCasesValidated: nothing to repair, no failing test cases
06:31:55.572 [pool-2-thread-1] DEBUG fr.inria.lille.repair.nopol.NoPol - statement #69
06:31:55.572 [pool-2-thread-1] DEBUG fr.inria.lille.repair.nopol.NoPol - Analysing SourceLocation net.bytebuddy.implementation.EqualsMethod$ConditionalReturn:917 which is executed by 73 tests
-1091992159
06:31:55.849 [pool-2-thread-1] DEBUG fr.inria.lille.repair.nopol.NoPol - looking with class fr.inria.lille.repair.nopol.spoon.smt.ConditionalAdder
Dec 27, 2018 6:31:59 AM net.bytebuddy.test.utility.JavaVersionRule$NoOpStatement evaluate
WARNING: Ignoring test case: Requires a Java version of at least 11
06:31:59.023 [pool-64-thread-1] INFO  xxl.java.junit.TestCasesListener - Tests run finished (3117 ms)
<> Total tests run: 2886
<> Ignored tests: 1
<> Failed tests: 0

06:31:59.023 [pool-2-thread-1] ERROR fr.inria.lille.repair.nopol.NoPol - Error ExecutionException java.util.concurrent.ExecutionException: java.lang.RuntimeException: failingTestCasesValidated: nothing to repair, no failing test cases
06:31:59.023 [pool-2-thread-1] DEBUG fr.inria.lille.repair.nopol.NoPol - statement #70
06:31:59.024 [pool-2-thread-1] DEBUG fr.inria.lille.repair.nopol.NoPol - Analysing SourceLocation net.bytebuddy.implementation.EqualsMethod$ConditionalReturn:916 which is executed by 73 tests
-1091992159
06:31:59.300 [pool-2-thread-1] DEBUG fr.inria.lille.repair.nopol.NoPol - looking with class fr.inria.lille.repair.nopol.spoon.smt.ConditionalAdder
Dec 27, 2018 6:32:02 AM net.bytebuddy.test.utility.JavaVersionRule$NoOpStatement evaluate
WARNING: Ignoring test case: Requires a Java version of at least 11
06:32:02.542 [pool-66-thread-1] INFO  xxl.java.junit.TestCasesListener - Tests run finished (3197 ms)
<> Total tests run: 2886
<> Ignored tests: 1
<> Failed tests: 0

06:32:02.542 [pool-2-thread-1] ERROR fr.inria.lille.repair.nopol.NoPol - Error ExecutionException java.util.concurrent.ExecutionException: java.lang.RuntimeException: failingTestCasesValidated: nothing to repair, no failing test cases
06:32:02.542 [pool-2-thread-1] DEBUG fr.inria.lille.repair.nopol.NoPol - statement #71
06:32:02.542 [pool-2-thread-1] DEBUG fr.inria.lille.repair.nopol.NoPol - Analysing SourceLocation net.bytebuddy.implementation.EqualsMethod$ConditionalReturn:915 which is executed by 73 tests
-1091992159
06:32:02.826 [pool-2-thread-1] DEBUG fr.inria.lille.repair.nopol.NoPol - looking with class fr.inria.lille.repair.nopol.spoon.smt.ConditionalAdder
Dec 27, 2018 6:32:06 AM net.bytebuddy.test.utility.JavaVersionRule$NoOpStatement evaluate
WARNING: Ignoring test case: Requires a Java version of at least 11
06:32:06.145 [pool-68-thread-1] INFO  xxl.java.junit.TestCasesListener - Tests run finished (3276 ms)
<> Total tests run: 2886
<> Ignored tests: 1
<> Failed tests: 0

06:32:06.145 [pool-2-thread-1] ERROR fr.inria.lille.repair.nopol.NoPol - Error ExecutionException java.util.concurrent.ExecutionException: java.lang.RuntimeException: failingTestCasesValidated: nothing to repair, no failing test cases
06:32:06.145 [pool-2-thread-1] DEBUG fr.inria.lille.repair.nopol.NoPol - statement #72
06:32:06.145 [pool-2-thread-1] DEBUG fr.inria.lille.repair.nopol.NoPol - Analysing SourceLocation net.bytebuddy.implementation.EqualsMethod$ConditionalReturn:914 which is executed by 73 tests
-1091992159
06:32:06.417 [pool-2-thread-1] DEBUG fr.inria.lille.repair.nopol.NoPol - statement #73
06:32:06.417 [pool-2-thread-1] DEBUG fr.inria.lille.repair.nopol.NoPol - Analysing SourceLocation net.bytebuddy.dynamic.scaffold.TypeWriter$Default$ForCreation:5122 which is executed by 503 tests
683157614
06:32:06.784 [pool-2-thread-1] DEBUG fr.inria.lille.repair.nopol.NoPol - statement #74
06:32:06.784 [pool-2-thread-1] DEBUG fr.inria.lille.repair.nopol.NoPol - Analysing SourceLocation net.bytebuddy.implementation.EqualsMethod$Appender:773 which is executed by 74 tests
-1091992159
06:32:07.057 [pool-2-thread-1] DEBUG fr.inria.lille.repair.nopol.NoPol - looking with class fr.inria.lille.repair.nopol.spoon.smt.ConditionalAdder
Dec 27, 2018 6:32:10 AM net.bytebuddy.test.utility.JavaVersionRule$NoOpStatement evaluate
WARNING: Ignoring test case: Requires a Java version of at least 11
06:32:10.512 [pool-70-thread-1] INFO  xxl.java.junit.TestCasesListener - Tests run finished (3411 ms)
<> Total tests run: 2886
<> Ignored tests: 1
<> Failed tests: 0

06:32:10.512 [pool-2-thread-1] ERROR fr.inria.lille.repair.nopol.NoPol - Error ExecutionException java.util.concurrent.ExecutionException: java.lang.RuntimeException: failingTestCasesValidated: nothing to repair, no failing test cases
06:32:10.513 [pool-2-thread-1] DEBUG fr.inria.lille.repair.nopol.NoPol - looking with class fr.inria.lille.repair.nopol.spoon.smt.ConditionalReplacer
Dec 27, 2018 6:32:13 AM net.bytebuddy.test.utility.JavaVersionRule$NoOpStatement evaluate
WARNING: Ignoring test case: Requires a Java version of at least 11
06:32:13.976 [pool-72-thread-1] INFO  xxl.java.junit.TestCasesListener - Tests run finished (3419 ms)
<> Total tests run: 2886
<> Ignored tests: 1
<> Failed tests: 0

06:32:13.976 [pool-2-thread-1] ERROR fr.inria.lille.repair.nopol.NoPol - Error ExecutionException java.util.concurrent.ExecutionException: java.lang.RuntimeException: failingTestCasesValidated: nothing to repair, no failing test cases
06:32:13.977 [pool-2-thread-1] DEBUG fr.inria.lille.repair.nopol.NoPol - statement #75
06:32:13.977 [pool-2-thread-1] DEBUG fr.inria.lille.repair.nopol.NoPol - Analysing SourceLocation org.objectweb.asm.TypeReference:206 which is executed by 862 tests
06:32:13.977 [pool-2-thread-1] DEBUG fr.inria.lille.repair.nopol.NoPol - cannot spoon SourceLocation org.objectweb.asm.TypeReference:206
06:32:13.977 [pool-2-thread-1] DEBUG fr.inria.lille.repair.nopol.NoPol - statement #76
06:32:13.977 [pool-2-thread-1] DEBUG fr.inria.lille.repair.nopol.NoPol - Analysing SourceLocation net.bytebuddy.implementation.EqualsMethod$Appender:792 which is executed by 70 tests
-1091992159
06:32:14.250 [pool-2-thread-1] DEBUG fr.inria.lille.repair.nopol.NoPol - statement #77
06:32:14.250 [pool-2-thread-1] DEBUG fr.inria.lille.repair.nopol.NoPol - Analysing SourceLocation net.bytebuddy.implementation.EqualsMethod$Appender:791 which is executed by 70 tests
-1091992159
06:32:14.522 [pool-2-thread-1] DEBUG fr.inria.lille.repair.nopol.NoPol - looking with class fr.inria.lille.repair.nopol.spoon.smt.ConditionalAdder
Dec 27, 2018 6:32:18 AM net.bytebuddy.test.utility.JavaVersionRule$NoOpStatement evaluate
WARNING: Ignoring test case: Requires a Java version of at least 11
06:32:18.097 [pool-74-thread-1] INFO  xxl.java.junit.TestCasesListener - Tests run finished (3469 ms)
<> Total tests run: 2820
<> Ignored tests: 1
<> Failed tests: 0

06:32:18.097 [pool-2-thread-1] ERROR fr.inria.lille.repair.nopol.NoPol - Error ExecutionException java.util.concurrent.ExecutionException: java.lang.RuntimeException: failingTestCasesValidated: nothing to repair, no failing test cases
06:32:18.097 [pool-2-thread-1] DEBUG fr.inria.lille.repair.nopol.NoPol - statement #78
06:32:18.097 [pool-2-thread-1] DEBUG fr.inria.lille.repair.nopol.NoPol - Analysing SourceLocation net.bytebuddy.implementation.EqualsMethod$Appender:790 which is executed by 70 tests
-1091992159
06:32:18.373 [pool-2-thread-1] DEBUG fr.inria.lille.repair.nopol.NoPol - looking with class fr.inria.lille.repair.nopol.spoon.smt.ConditionalAdder
Dec 27, 2018 6:32:21 AM net.bytebuddy.test.utility.JavaVersionRule$NoOpStatement evaluate
WARNING: Ignoring test case: Requires a Java version of at least 11
06:32:21.997 [pool-76-thread-1] INFO  xxl.java.junit.TestCasesListener - Tests run finished (3578 ms)
<> Total tests run: 2820
<> Ignored tests: 1
<> Failed tests: 0

06:32:21.998 [pool-2-thread-1] ERROR fr.inria.lille.repair.nopol.NoPol - Error ExecutionException java.util.concurrent.ExecutionException: java.lang.RuntimeException: failingTestCasesValidated: nothing to repair, no failing test cases
06:32:21.998 [pool-2-thread-1] DEBUG fr.inria.lille.repair.nopol.NoPol - statement #79
06:32:21.998 [pool-2-thread-1] DEBUG fr.inria.lille.repair.nopol.NoPol - Analysing SourceLocation net.bytebuddy.implementation.EqualsMethod$Appender:789 which is executed by 70 tests
-1091992159
06:32:22.272 [pool-2-thread-1] DEBUG fr.inria.lille.repair.nopol.NoPol - looking with class fr.inria.lille.repair.nopol.spoon.smt.ConditionalAdder
Dec 27, 2018 6:32:26 AM net.bytebuddy.test.utility.JavaVersionRule$NoOpStatement evaluate
WARNING: Ignoring test case: Requires a Java version of at least 11
06:32:26.116 [pool-78-thread-1] INFO  xxl.java.junit.TestCasesListener - Tests run finished (3712 ms)
<> Total tests run: 2820
<> Ignored tests: 1
<> Failed tests: 0

06:32:26.116 [pool-2-thread-1] ERROR fr.inria.lille.repair.nopol.NoPol - Error ExecutionException java.util.concurrent.ExecutionException: java.lang.RuntimeException: failingTestCasesValidated: nothing to repair, no failing test cases
06:32:26.116 [pool-2-thread-1] DEBUG fr.inria.lille.repair.nopol.NoPol - statement #80
06:32:26.116 [pool-2-thread-1] DEBUG fr.inria.lille.repair.nopol.NoPol - Analysing SourceLocation net.bytebuddy.implementation.EqualsMethod$Appender:788 which is executed by 70 tests
-1091992159
06:32:26.391 [pool-2-thread-1] DEBUG fr.inria.lille.repair.nopol.NoPol - looking with class fr.inria.lille.repair.nopol.spoon.smt.ConditionalAdder
Dec 27, 2018 6:32:30 AM net.bytebuddy.test.utility.JavaVersionRule$NoOpStatement evaluate
WARNING: Ignoring test case: Requires a Java version of at least 11
06:32:30.294 [pool-80-thread-1] INFO  xxl.java.junit.TestCasesListener - Tests run finished (3856 ms)
<> Total tests run: 2820
<> Ignored tests: 1
<> Failed tests: 0

06:32:30.295 [pool-2-thread-1] ERROR fr.inria.lille.repair.nopol.NoPol - Error ExecutionException java.util.concurrent.ExecutionException: java.lang.RuntimeException: failingTestCasesValidated: nothing to repair, no failing test cases
06:32:30.295 [pool-2-thread-1] DEBUG fr.inria.lille.repair.nopol.NoPol - statement #81
06:32:30.295 [pool-2-thread-1] DEBUG fr.inria.lille.repair.nopol.NoPol - Analysing SourceLocation net.bytebuddy.implementation.EqualsMethod$Appender:785 which is executed by 70 tests
-1091992159
06:32:30.626 [pool-2-thread-1] DEBUG fr.inria.lille.repair.nopol.NoPol - statement #82
06:32:30.627 [pool-2-thread-1] DEBUG fr.inria.lille.repair.nopol.NoPol - Analysing SourceLocation net.bytebuddy.implementation.EqualsMethod$Appender:784 which is executed by 70 tests
-1091992159
06:32:30.996 [pool-2-thread-1] DEBUG fr.inria.lille.repair.nopol.NoPol - looking with class fr.inria.lille.repair.nopol.spoon.smt.ConditionalAdder
Dec 27, 2018 6:32:36 AM net.bytebuddy.test.utility.JavaVersionRule$NoOpStatement evaluate
WARNING: Ignoring test case: Requires a Java version of at least 11
06:32:36.196 [pool-82-thread-1] INFO  xxl.java.junit.TestCasesListener - Tests run finished (5152 ms)
<> Total tests run: 2820
<> Ignored tests: 1
<> Failed tests: 0

06:32:36.196 [pool-2-thread-1] ERROR fr.inria.lille.repair.nopol.NoPol - Error ExecutionException java.util.concurrent.ExecutionException: java.lang.RuntimeException: failingTestCasesValidated: nothing to repair, no failing test cases
06:32:36.197 [pool-2-thread-1] DEBUG fr.inria.lille.repair.nopol.NoPol - statement #83
06:32:36.197 [pool-2-thread-1] DEBUG fr.inria.lille.repair.nopol.NoPol - Analysing SourceLocation net.bytebuddy.implementation.EqualsMethod$Appender:783 which is executed by 70 tests
-1091992159
06:32:36.549 [pool-2-thread-1] DEBUG fr.inria.lille.repair.nopol.NoPol - looking with class fr.inria.lille.repair.nopol.spoon.smt.ConditionalAdder
Dec 27, 2018 6:32:39 AM net.bytebuddy.test.utility.JavaVersionRule$NoOpStatement evaluate
WARNING: Ignoring test case: Requires a Java version of at least 11
06:32:39.504 [pool-84-thread-1] INFO  xxl.java.junit.TestCasesListener - Tests run finished (2912 ms)
<> Total tests run: 2820
<> Ignored tests: 1
<> Failed tests: 0

06:32:39.504 [pool-2-thread-1] ERROR fr.inria.lille.repair.nopol.NoPol - Error ExecutionException java.util.concurrent.ExecutionException: java.lang.RuntimeException: failingTestCasesValidated: nothing to repair, no failing test cases
06:32:39.504 [pool-2-thread-1] DEBUG fr.inria.lille.repair.nopol.NoPol - statement #84
06:32:39.504 [pool-2-thread-1] DEBUG fr.inria.lille.repair.nopol.NoPol - Analysing SourceLocation net.bytebuddy.implementation.EqualsMethod$Appender:782 which is executed by 70 tests
-1091992159
06:32:39.777 [pool-2-thread-1] DEBUG fr.inria.lille.repair.nopol.NoPol - looking with class fr.inria.lille.repair.nopol.spoon.smt.ConditionalAdder
Dec 27, 2018 6:32:42 AM net.bytebuddy.test.utility.JavaVersionRule$NoOpStatement evaluate
WARNING: Ignoring test case: Requires a Java version of at least 11
06:32:42.815 [pool-86-thread-1] INFO  xxl.java.junit.TestCasesListener - Tests run finished (2995 ms)
<> Total tests run: 2820
<> Ignored tests: 1
<> Failed tests: 0

06:32:42.815 [pool-2-thread-1] ERROR fr.inria.lille.repair.nopol.NoPol - Error ExecutionException java.util.concurrent.ExecutionException: java.lang.RuntimeException: failingTestCasesValidated: nothing to repair, no failing test cases
06:32:42.815 [pool-2-thread-1] DEBUG fr.inria.lille.repair.nopol.NoPol - statement #85
06:32:42.815 [pool-2-thread-1] DEBUG fr.inria.lille.repair.nopol.NoPol - Analysing SourceLocation net.bytebuddy.implementation.EqualsMethod$Appender:781 which is executed by 70 tests
-1091992159
06:32:43.088 [pool-2-thread-1] DEBUG fr.inria.lille.repair.nopol.NoPol - looking with class fr.inria.lille.repair.nopol.spoon.smt.ConditionalAdder
Dec 27, 2018 6:32:46 AM net.bytebuddy.test.utility.JavaVersionRule$NoOpStatement evaluate
WARNING: Ignoring test case: Requires a Java version of at least 11
06:32:46.202 [pool-88-thread-1] INFO  xxl.java.junit.TestCasesListener - Tests run finished (3071 ms)
<> Total tests run: 2820
<> Ignored tests: 1
<> Failed tests: 0

06:32:46.202 [pool-2-thread-1] ERROR fr.inria.lille.repair.nopol.NoPol - Error ExecutionException java.util.concurrent.ExecutionException: java.lang.RuntimeException: failingTestCasesValidated: nothing to repair, no failing test cases
06:32:46.202 [pool-2-thread-1] DEBUG fr.inria.lille.repair.nopol.NoPol - statement #86
06:32:46.202 [pool-2-thread-1] DEBUG fr.inria.lille.repair.nopol.NoPol - Analysing SourceLocation net.bytebuddy.implementation.EqualsMethod$Appender:780 which is executed by 70 tests
-1091992159
06:32:46.480 [pool-2-thread-1] DEBUG fr.inria.lille.repair.nopol.NoPol - looking with class fr.inria.lille.repair.nopol.spoon.smt.ConditionalAdder
Dec 27, 2018 6:32:49 AM net.bytebuddy.test.utility.JavaVersionRule$NoOpStatement evaluate
WARNING: Ignoring test case: Requires a Java version of at least 11
06:32:49.707 [pool-90-thread-1] INFO  xxl.java.junit.TestCasesListener - Tests run finished (3183 ms)
<> Total tests run: 2820
<> Ignored tests: 1
<> Failed tests: 0

06:32:49.708 [pool-2-thread-1] ERROR fr.inria.lille.repair.nopol.NoPol - Error ExecutionException java.util.concurrent.ExecutionException: java.lang.RuntimeException: failingTestCasesValidated: nothing to repair, no failing test cases
06:32:49.708 [pool-2-thread-1] DEBUG fr.inria.lille.repair.nopol.NoPol - statement #87
06:32:49.708 [pool-2-thread-1] DEBUG fr.inria.lille.repair.nopol.NoPol - Analysing SourceLocation net.bytebuddy.implementation.EqualsMethod$ValueComparator:676 which is executed by 70 tests
-1091992159
06:32:50.052 [pool-2-thread-1] DEBUG fr.inria.lille.repair.nopol.NoPol - looking with class fr.inria.lille.repair.nopol.spoon.smt.ConditionalReplacer
Dec 27, 2018 6:32:53 AM net.bytebuddy.test.utility.JavaVersionRule$NoOpStatement evaluate
WARNING: Ignoring test case: Requires a Java version of at least 11
06:32:53.324 [pool-92-thread-1] INFO  xxl.java.junit.TestCasesListener - Tests run finished (3228 ms)
<> Total tests run: 2820
<> Ignored tests: 1
<> Failed tests: 0

06:32:53.325 [pool-2-thread-1] ERROR fr.inria.lille.repair.nopol.NoPol - Error ExecutionException java.util.concurrent.ExecutionException: java.lang.RuntimeException: failingTestCasesValidated: nothing to repair, no failing test cases
06:32:53.325 [pool-2-thread-1] DEBUG fr.inria.lille.repair.nopol.NoPol - statement #88
06:32:53.325 [pool-2-thread-1] DEBUG fr.inria.lille.repair.nopol.NoPol - Analysing SourceLocation net.bytebuddy.implementation.EqualsMethod$SuperClassCheck$1:241 which is executed by 75 tests
-1091992159
06:32:53.610 [pool-2-thread-1] DEBUG fr.inria.lille.repair.nopol.NoPol - statement #89
06:32:53.610 [pool-2-thread-1] DEBUG fr.inria.lille.repair.nopol.NoPol - Analysing SourceLocation net.bytebuddy.dynamic.scaffold.TypeWriter$Default$ForCreation:5121 which is executed by 514 tests
683157614
06:32:54.025 [pool-2-thread-1] DEBUG fr.inria.lille.repair.nopol.NoPol - looking with class fr.inria.lille.repair.nopol.spoon.smt.ConditionalAdder
Dec 27, 2018 6:33:00 AM net.bytebuddy.test.utility.JavaVersionRule$NoOpStatement evaluate
WARNING: Ignoring test case: Requires a Java version of at least 11
Dec 27, 2018 6:33:00 AM net.bytebuddy.test.utility.JavaVersionRule$NoOpStatement evaluate
WARNING: Ignoring test case: Requires a Java version of at least 11
Dec 27, 2018 6:33:00 AM net.bytebuddy.test.utility.JavaVersionRule$NoOpStatement evaluate
WARNING: Ignoring test case: Requires a Java version of at least 11
Dec 27, 2018 6:33:00 AM net.bytebuddy.test.utility.JavaVersionRule$NoOpStatement evaluate
WARNING: Ignoring test case: Requires a Java version of at least 11
Dec 27, 2018 6:33:00 AM net.bytebuddy.test.utility.JavaVersionRule$NoOpStatement evaluate
WARNING: Ignoring test case: Requires a Java version of at least 11
Dec 27, 2018 6:33:00 AM net.bytebuddy.test.utility.JavaVersionRule$NoOpStatement evaluate
WARNING: Ignoring test case: Requires a Java version of at least 11
Dec 27, 2018 6:33:00 AM net.bytebuddy.test.utility.JavaVersionRule$NoOpStatement evaluate
WARNING: Ignoring test case: Requires a Java version of at least 11
Dec 27, 2018 6:33:00 AM net.bytebuddy.test.utility.JavaVersionRule$NoOpStatement evaluate
WARNING: Ignoring test case: Requires a Java version of at least 11
06:33:00.735 [pool-94-thread-1] INFO  xxl.java.junit.TestCasesListener - Tests run finished (6584 ms)
<> Total tests run: 7089
<> Ignored tests: 8
<> Failed tests: 0

06:33:00.736 [pool-2-thread-1] ERROR fr.inria.lille.repair.nopol.NoPol - Error ExecutionException java.util.concurrent.ExecutionException: java.lang.RuntimeException: failingTestCasesValidated: nothing to repair, no failing test cases
06:33:00.736 [pool-2-thread-1] DEBUG fr.inria.lille.repair.nopol.NoPol - statement #90
06:33:00.736 [pool-2-thread-1] DEBUG fr.inria.lille.repair.nopol.NoPol - Analysing SourceLocation net.bytebuddy.implementation.EqualsMethod$Appender:771 which is executed by 76 tests
-1091992159
06:33:01.010 [pool-2-thread-1] DEBUG fr.inria.lille.repair.nopol.NoPol - looking with class fr.inria.lille.repair.nopol.spoon.smt.ConditionalAdder
Dec 27, 2018 6:33:04 AM net.bytebuddy.test.utility.JavaVersionRule$NoOpStatement evaluate
WARNING: Ignoring test case: Requires a Java version of at least 11
06:33:04.601 [pool-96-thread-1] INFO  xxl.java.junit.TestCasesListener - Tests run finished (3546 ms)
<> Total tests run: 2886
<> Ignored tests: 1
<> Failed tests: 0

06:33:04.601 [pool-2-thread-1] ERROR fr.inria.lille.repair.nopol.NoPol - Error ExecutionException java.util.concurrent.ExecutionException: java.lang.RuntimeException: failingTestCasesValidated: nothing to repair, no failing test cases
06:33:04.601 [pool-2-thread-1] DEBUG fr.inria.lille.repair.nopol.NoPol - looking with class fr.inria.lille.repair.nopol.spoon.smt.ConditionalReplacer
Dec 27, 2018 6:33:08 AM net.bytebuddy.test.utility.JavaVersionRule$NoOpStatement evaluate
WARNING: Ignoring test case: Requires a Java version of at least 11
06:33:08.214 [pool-98-thread-1] INFO  xxl.java.junit.TestCasesListener - Tests run finished (3564 ms)
<> Total tests run: 2886
<> Ignored tests: 1
<> Failed tests: 0

06:33:08.215 [pool-2-thread-1] ERROR fr.inria.lille.repair.nopol.NoPol - Error ExecutionException java.util.concurrent.ExecutionException: java.lang.RuntimeException: failingTestCasesValidated: nothing to repair, no failing test cases
06:33:08.215 [pool-2-thread-1] DEBUG fr.inria.lille.repair.nopol.NoPol - statement #91
06:33:08.215 [pool-2-thread-1] DEBUG fr.inria.lille.repair.nopol.NoPol - Analysing SourceLocation net.bytebuddy.implementation.EqualsMethod$Appender:769 which is executed by 77 tests
-1091992159
06:33:08.489 [pool-2-thread-1] DEBUG fr.inria.lille.repair.nopol.NoPol - looking with class fr.inria.lille.repair.nopol.spoon.smt.ConditionalAdder
Dec 27, 2018 6:33:12 AM net.bytebuddy.test.utility.JavaVersionRule$NoOpStatement evaluate
WARNING: Ignoring test case: Requires a Java version of at least 11
06:33:12.283 [pool-100-thread-1] INFO  xxl.java.junit.TestCasesListener - Tests run finished (3747 ms)
<> Total tests run: 2886
<> Ignored tests: 1
<> Failed tests: 0

06:33:12.283 [pool-2-thread-1] ERROR fr.inria.lille.repair.nopol.NoPol - Error ExecutionException java.util.concurrent.ExecutionException: java.lang.RuntimeException: failingTestCasesValidated: nothing to repair, no failing test cases
06:33:12.283 [pool-2-thread-1] DEBUG fr.inria.lille.repair.nopol.NoPol - looking with class fr.inria.lille.repair.nopol.spoon.smt.ConditionalReplacer
Dec 27, 2018 6:33:16 AM net.bytebuddy.test.utility.JavaVersionRule$NoOpStatement evaluate
WARNING: Ignoring test case: Requires a Java version of at least 11
06:33:16.057 [pool-102-thread-1] INFO  xxl.java.junit.TestCasesListener - Tests run finished (3727 ms)
<> Total tests run: 2886
<> Ignored tests: 1
<> Failed tests: 0

06:33:16.058 [pool-2-thread-1] ERROR fr.inria.lille.repair.nopol.NoPol - Error ExecutionException java.util.concurrent.ExecutionException: java.lang.RuntimeException: failingTestCasesValidated: nothing to repair, no failing test cases
06:33:16.058 [pool-2-thread-1] DEBUG fr.inria.lille.repair.nopol.NoPol - statement #92
06:33:16.058 [pool-2-thread-1] DEBUG fr.inria.lille.repair.nopol.NoPol - Analysing SourceLocation net.bytebuddy.implementation.EqualsMethod:226 which is executed by 77 tests
-1091992159
06:33:16.330 [pool-2-thread-1] DEBUG fr.inria.lille.repair.nopol.NoPol - statement #93
06:33:16.330 [pool-2-thread-1] DEBUG fr.inria.lille.repair.nopol.NoPol - Analysing SourceLocation net.bytebuddy.implementation.EqualsMethod:225 which is executed by 77 tests
-1091992159
06:33:16.602 [pool-2-thread-1] DEBUG fr.inria.lille.repair.nopol.NoPol - statement #94
06:33:16.602 [pool-2-thread-1] DEBUG fr.inria.lille.repair.nopol.NoPol - Analysing SourceLocation net.bytebuddy.implementation.EqualsMethod:224 which is executed by 77 tests
-1091992159
06:33:16.874 [pool-2-thread-1] DEBUG fr.inria.lille.repair.nopol.NoPol - statement #95
06:33:16.874 [pool-2-thread-1] DEBUG fr.inria.lille.repair.nopol.NoPol - Analysing SourceLocation net.bytebuddy.implementation.EqualsMethod:223 which is executed by 77 tests
-1091992159
06:33:17.147 [pool-2-thread-1] DEBUG fr.inria.lille.repair.nopol.NoPol - statement #96
06:33:17.147 [pool-2-thread-1] DEBUG fr.inria.lille.repair.nopol.NoPol - Analysing SourceLocation net.bytebuddy.implementation.EqualsMethod:222 which is executed by 77 tests
-1091992159
06:33:17.419 [pool-2-thread-1] DEBUG fr.inria.lille.repair.nopol.NoPol - statement #97
06:33:17.419 [pool-2-thread-1] DEBUG fr.inria.lille.repair.nopol.NoPol - Analysing SourceLocation net.bytebuddy.implementation.EqualsMethod:221 which is executed by 77 tests
-1091992159
06:33:17.709 [pool-2-thread-1] DEBUG fr.inria.lille.repair.nopol.NoPol - statement #98
06:33:17.709 [pool-2-thread-1] DEBUG fr.inria.lille.repair.nopol.NoPol - Analysing SourceLocation net.bytebuddy.implementation.EqualsMethod:220 which is executed by 77 tests
-1091992159
06:33:17.981 [pool-2-thread-1] DEBUG fr.inria.lille.repair.nopol.NoPol - looking with class fr.inria.lille.repair.nopol.spoon.smt.ConditionalAdder
Dec 27, 2018 6:33:23 AM net.bytebuddy.test.utility.JavaVersionRule$NoOpStatement evaluate
WARNING: Ignoring test case: Requires a Java version of at least 11
06:33:23.302 [pool-104-thread-1] INFO  xxl.java.junit.TestCasesListener - Tests run finished (5273 ms)
<> Total tests run: 2886
<> Ignored tests: 1
<> Failed tests: 0

06:33:23.303 [pool-2-thread-1] ERROR fr.inria.lille.repair.nopol.NoPol - Error ExecutionException java.util.concurrent.ExecutionException: java.lang.RuntimeException: failingTestCasesValidated: nothing to repair, no failing test cases
06:33:23.303 [pool-2-thread-1] DEBUG fr.inria.lille.repair.nopol.NoPol - statement #99
06:33:23.303 [pool-2-thread-1] DEBUG fr.inria.lille.repair.nopol.NoPol - Analysing SourceLocation net.bytebuddy.implementation.EqualsMethod:219 which is executed by 77 tests
-1091992159
06:33:23.590 [pool-2-thread-1] DEBUG fr.inria.lille.repair.nopol.NoPol - statement #100
06:33:23.590 [pool-2-thread-1] DEBUG fr.inria.lille.repair.nopol.NoPol - Analysing SourceLocation net.bytebuddy.implementation.EqualsMethod:218 which is executed by 77 tests
-1091992159
06:33:23.861 [pool-2-thread-1] DEBUG fr.inria.lille.repair.nopol.NoPol - statement #101
06:33:23.861 [pool-2-thread-1] DEBUG fr.inria.lille.repair.nopol.NoPol - Analysing SourceLocation net.bytebuddy.implementation.EqualsMethod:217 which is executed by 77 tests
-1091992159
06:33:24.151 [pool-2-thread-1] DEBUG fr.inria.lille.repair.nopol.NoPol - statement #102
06:33:24.151 [pool-2-thread-1] DEBUG fr.inria.lille.repair.nopol.NoPol - Analysing SourceLocation net.bytebuddy.implementation.EqualsMethod:118 which is executed by 77 tests
-1091992159
06:33:24.419 [pool-2-thread-1] DEBUG fr.inria.lille.repair.nopol.NoPol - statement #103
06:33:24.419 [pool-2-thread-1] DEBUG fr.inria.lille.repair.nopol.NoPol - Analysing SourceLocation net.bytebuddy.implementation.EqualsMethod$ConditionalReturn:900 which is executed by 77 tests
-1091992159
06:33:24.696 [pool-2-thread-1] DEBUG fr.inria.lille.repair.nopol.NoPol - statement #104
06:33:24.697 [pool-2-thread-1] DEBUG fr.inria.lille.repair.nopol.NoPol - Analysing SourceLocation net.bytebuddy.implementation.EqualsMethod$ConditionalReturn:882 which is executed by 77 tests
-1091992159
06:33:24.971 [pool-2-thread-1] DEBUG fr.inria.lille.repair.nopol.NoPol - statement #105
06:33:24.972 [pool-2-thread-1] DEBUG fr.inria.lille.repair.nopol.NoPol - Analysing SourceLocation net.bytebuddy.implementation.EqualsMethod:214 which is executed by 78 tests
-1091992159
06:33:25.239 [pool-2-thread-1] DEBUG fr.inria.lille.repair.nopol.NoPol - looking with class fr.inria.lille.repair.nopol.spoon.smt.ConditionalAdder
Dec 27, 2018 6:33:28 AM net.bytebuddy.test.utility.JavaVersionRule$NoOpStatement evaluate
WARNING: Ignoring test case: Requires a Java version of at least 11
06:33:28.244 [pool-106-thread-1] INFO  xxl.java.junit.TestCasesListener - Tests run finished (2961 ms)
<> Total tests run: 2886
<> Ignored tests: 1
<> Failed tests: 0

06:33:28.245 [pool-2-thread-1] ERROR fr.inria.lille.repair.nopol.NoPol - Error ExecutionException java.util.concurrent.ExecutionException: java.lang.RuntimeException: failingTestCasesValidated: nothing to repair, no failing test cases
06:33:28.245 [pool-2-thread-1] DEBUG fr.inria.lille.repair.nopol.NoPol - looking with class fr.inria.lille.repair.nopol.spoon.smt.ConditionalReplacer
Dec 27, 2018 6:33:31 AM net.bytebuddy.test.utility.JavaVersionRule$NoOpStatement evaluate
WARNING: Ignoring test case: Requires a Java version of at least 11
06:33:31.363 [pool-108-thread-1] INFO  xxl.java.junit.TestCasesListener - Tests run finished (3076 ms)
<> Total tests run: 2886
<> Ignored tests: 1
<> Failed tests: 0

06:33:31.364 [pool-2-thread-1] ERROR fr.inria.lille.repair.nopol.NoPol - Error ExecutionException java.util.concurrent.ExecutionException: java.lang.RuntimeException: failingTestCasesValidated: nothing to repair, no failing test cases
06:33:31.364 [pool-2-thread-1] DEBUG fr.inria.lille.repair.nopol.NoPol - statement #106
06:33:31.364 [pool-2-thread-1] DEBUG fr.inria.lille.repair.nopol.NoPol - Analysing SourceLocation net.bytebuddy.implementation.EqualsMethod:207 which is executed by 78 tests
-1091992159
06:33:31.640 [pool-2-thread-1] DEBUG fr.inria.lille.repair.nopol.NoPol - statement #107
06:33:31.641 [pool-2-thread-1] DEBUG fr.inria.lille.repair.nopol.NoPol - Analysing SourceLocation net.bytebuddy.implementation.EqualsMethod$ValueComparator:677 which is executed by 68 tests
-1091992159
06:33:31.911 [pool-2-thread-1] DEBUG fr.inria.lille.repair.nopol.NoPol - statement #108
06:33:31.911 [pool-2-thread-1] DEBUG fr.inria.lille.repair.nopol.NoPol - Analysing SourceLocation net.bytebuddy.matcher.ElementMatchers:1091 which is executed by 282 tests
-597549954
06:33:32.265 [pool-2-thread-1] DEBUG fr.inria.lille.repair.nopol.NoPol - statement #109
06:33:32.265 [pool-2-thread-1] DEBUG fr.inria.lille.repair.nopol.NoPol - Analysing SourceLocation net.bytebuddy.implementation.HashCodeMethod$Appender:696 which is executed by 66 tests
211186941
06:33:32.547 [pool-2-thread-1] DEBUG fr.inria.lille.repair.nopol.NoPol - statement #110
06:33:32.548 [pool-2-thread-1] DEBUG fr.inria.lille.repair.nopol.NoPol - Analysing SourceLocation net.bytebuddy.implementation.HashCodeMethod$Appender:695 which is executed by 66 tests
211186941
06:33:32.806 [pool-2-thread-1] DEBUG fr.inria.lille.repair.nopol.NoPol - looking with class fr.inria.lille.repair.nopol.spoon.smt.ConditionalAdder
Dec 27, 2018 6:33:35 AM net.bytebuddy.test.utility.JavaVersionRule$NoOpStatement evaluate
WARNING: Ignoring test case: Requires a Java version of at least 11
06:33:35.361 [pool-110-thread-1] INFO  xxl.java.junit.TestCasesListener - Tests run finished (2499 ms)
<> Total tests run: 2714
<> Ignored tests: 1
<> Failed tests: 0

06:33:35.362 [pool-2-thread-1] ERROR fr.inria.lille.repair.nopol.NoPol - Error ExecutionException java.util.concurrent.ExecutionException: java.lang.RuntimeException: failingTestCasesValidated: nothing to repair, no failing test cases
06:33:35.362 [pool-2-thread-1] DEBUG fr.inria.lille.repair.nopol.NoPol - statement #111
06:33:35.362 [pool-2-thread-1] DEBUG fr.inria.lille.repair.nopol.NoPol - Analysing SourceLocation net.bytebuddy.implementation.HashCodeMethod$Appender:681 which is executed by 66 tests
211186941
06:33:35.678 [pool-2-thread-1] DEBUG fr.inria.lille.repair.nopol.NoPol - looking with class fr.inria.lille.repair.nopol.spoon.smt.ConditionalAdder
Dec 27, 2018 6:33:38 AM net.bytebuddy.test.utility.JavaVersionRule$NoOpStatement evaluate
WARNING: Ignoring test case: Requires a Java version of at least 11
06:33:38.227 [pool-112-thread-1] INFO  xxl.java.junit.TestCasesListener - Tests run finished (2491 ms)
<> Total tests run: 2714
<> Ignored tests: 1
<> Failed tests: 0

06:33:38.228 [pool-2-thread-1] ERROR fr.inria.lille.repair.nopol.NoPol - Error ExecutionException java.util.concurrent.ExecutionException: java.lang.RuntimeException: failingTestCasesValidated: nothing to repair, no failing test cases
06:33:38.228 [pool-2-thread-1] DEBUG fr.inria.lille.repair.nopol.NoPol - statement #112
06:33:38.228 [pool-2-thread-1] DEBUG fr.inria.lille.repair.nopol.NoPol - Analysing SourceLocation net.bytebuddy.implementation.HashCodeMethod$Appender:680 which is executed by 66 tests
211186941
06:33:38.513 [pool-2-thread-1] DEBUG fr.inria.lille.repair.nopol.NoPol - statement #113
06:33:38.513 [pool-2-thread-1] DEBUG fr.inria.lille.repair.nopol.NoPol - Analysing SourceLocation net.bytebuddy.implementation.HashCodeMethod$Appender:679 which is executed by 66 tests
211186941
06:33:38.777 [pool-2-thread-1] DEBUG fr.inria.lille.repair.nopol.NoPol - looking with class fr.inria.lille.repair.nopol.spoon.smt.ConditionalAdder
Dec 27, 2018 6:33:41 AM net.bytebuddy.test.utility.JavaVersionRule$NoOpStatement evaluate
WARNING: Ignoring test case: Requires a Java version of at least 11
06:33:41.359 [pool-114-thread-1] INFO  xxl.java.junit.TestCasesListener - Tests run finished (2522 ms)
<> Total tests run: 2714
<> Ignored tests: 1
<> Failed tests: 0

06:33:41.359 [pool-2-thread-1] ERROR fr.inria.lille.repair.nopol.NoPol - Error ExecutionException java.util.concurrent.ExecutionException: java.lang.RuntimeException: failingTestCasesValidated: nothing to repair, no failing test cases
06:33:41.359 [pool-2-thread-1] DEBUG fr.inria.lille.repair.nopol.NoPol - statement #114
06:33:41.359 [pool-2-thread-1] DEBUG fr.inria.lille.repair.nopol.NoPol - Analysing SourceLocation net.bytebuddy.implementation.HashCodeMethod$Appender:678 which is executed by 66 tests
211186941
06:33:41.622 [pool-2-thread-1] DEBUG fr.inria.lille.repair.nopol.NoPol - statement #115
06:33:41.623 [pool-2-thread-1] DEBUG fr.inria.lille.repair.nopol.NoPol - Analysing SourceLocation net.bytebuddy.implementation.EqualsMethod$TypeCompatibilityCheck$1:289 which is executed by 76 tests
-1091992159
06:33:41.953 [pool-2-thread-1] DEBUG fr.inria.lille.repair.nopol.NoPol - statement #116
06:33:41.954 [pool-2-thread-1] DEBUG fr.inria.lille.repair.nopol.NoPol - Analysing SourceLocation net.bytebuddy.implementation.EqualsMethod$TypeCompatibilityCheck$1:288 which is executed by 76 tests
-1091992159
06:33:42.224 [pool-2-thread-1] DEBUG fr.inria.lille.repair.nopol.NoPol - statement #117
06:33:42.225 [pool-2-thread-1] DEBUG fr.inria.lille.repair.nopol.NoPol - Analysing SourceLocation net.bytebuddy.implementation.EqualsMethod$TypeCompatibilityCheck$1:287 which is executed by 76 tests
-1091992159
06:33:42.495 [pool-2-thread-1] DEBUG fr.inria.lille.repair.nopol.NoPol - statement #118
06:33:42.495 [pool-2-thread-1] DEBUG fr.inria.lille.repair.nopol.NoPol - Analysing SourceLocation net.bytebuddy.implementation.EqualsMethod$TypeCompatibilityCheck$1:286 which is executed by 76 tests
-1091992159
06:33:42.764 [pool-2-thread-1] DEBUG fr.inria.lille.repair.nopol.NoPol - statement #119
06:33:42.764 [pool-2-thread-1] DEBUG fr.inria.lille.repair.nopol.NoPol - Analysing SourceLocation net.bytebuddy.implementation.EqualsMethod$TypeCompatibilityCheck$1:285 which is executed by 76 tests
-1091992159
06:33:43.033 [pool-2-thread-1] DEBUG fr.inria.lille.repair.nopol.NoPol - statement #120
06:33:43.033 [pool-2-thread-1] DEBUG fr.inria.lille.repair.nopol.NoPol - Analysing SourceLocation net.bytebuddy.implementation.EqualsMethod$TypeCompatibilityCheck$1:284 which is executed by 76 tests
-1091992159
06:33:43.303 [pool-2-thread-1] DEBUG fr.inria.lille.repair.nopol.NoPol - statement #121
06:33:43.304 [pool-2-thread-1] DEBUG fr.inria.lille.repair.nopol.NoPol - Analysing SourceLocation net.bytebuddy.implementation.EqualsMethod$TypeCompatibilityCheck$1:283 which is executed by 76 tests
-1091992159
06:33:43.574 [pool-2-thread-1] DEBUG fr.inria.lille.repair.nopol.NoPol - statement #122
06:33:43.575 [pool-2-thread-1] DEBUG fr.inria.lille.repair.nopol.NoPol - Analysing SourceLocation net.bytebuddy.implementation.EqualsMethod$TypeCompatibilityCheck$1:282 which is executed by 76 tests
-1091992159
06:33:43.862 [pool-2-thread-1] DEBUG fr.inria.lille.repair.nopol.NoPol - statement #123
06:33:43.863 [pool-2-thread-1] DEBUG fr.inria.lille.repair.nopol.NoPol - Analysing SourceLocation net.bytebuddy.implementation.EqualsMethod$ConditionalReturn:873 which is executed by 76 tests
-1091992159
06:33:44.137 [pool-2-thread-1] DEBUG fr.inria.lille.repair.nopol.NoPol - statement #124
06:33:44.137 [pool-2-thread-1] DEBUG fr.inria.lille.repair.nopol.NoPol - Analysing SourceLocation net.bytebuddy.implementation.EqualsMethod$ConditionalReturn:864 which is executed by 76 tests
-1091992159
06:33:44.411 [pool-2-thread-1] DEBUG fr.inria.lille.repair.nopol.NoPol - statement #125
06:33:44.411 [pool-2-thread-1] DEBUG fr.inria.lille.repair.nopol.NoPol - Analysing SourceLocation net.bytebuddy.implementation.HashCodeMethod$ValueTransformer:580 which is executed by 64 tests
211186941
06:33:44.699 [pool-2-thread-1] DEBUG fr.inria.lille.repair.nopol.NoPol - looking with class fr.inria.lille.repair.nopol.spoon.smt.ConditionalReplacer
Dec 27, 2018 6:33:47 AM net.bytebuddy.test.utility.JavaVersionRule$NoOpStatement evaluate
WARNING: Ignoring test case: Requires a Java version of at least 11
06:33:47.394 [pool-116-thread-1] INFO  xxl.java.junit.TestCasesListener - Tests run finished (2638 ms)
<> Total tests run: 2706
<> Ignored tests: 1
<> Failed tests: 0

06:33:47.395 [pool-2-thread-1] ERROR fr.inria.lille.repair.nopol.NoPol - Error ExecutionException java.util.concurrent.ExecutionException: java.lang.RuntimeException: failingTestCasesValidated: nothing to repair, no failing test cases
06:33:47.395 [pool-2-thread-1] DEBUG fr.inria.lille.repair.nopol.NoPol - statement #126
06:33:47.395 [pool-2-thread-1] DEBUG fr.inria.lille.repair.nopol.NoPol - Analysing SourceLocation net.bytebuddy.implementation.HashCodeMethod$Appender:694 which is executed by 64 tests
211186941
06:33:47.659 [pool-2-thread-1] DEBUG fr.inria.lille.repair.nopol.NoPol - statement #127
06:33:47.659 [pool-2-thread-1] DEBUG fr.inria.lille.repair.nopol.NoPol - Analysing SourceLocation net.bytebuddy.implementation.HashCodeMethod$Appender:693 which is executed by 64 tests
211186941
06:33:47.919 [pool-2-thread-1] DEBUG fr.inria.lille.repair.nopol.NoPol - looking with class fr.inria.lille.repair.nopol.spoon.smt.ConditionalAdder
Dec 27, 2018 6:33:50 AM net.bytebuddy.test.utility.JavaVersionRule$NoOpStatement evaluate
WARNING: Ignoring test case: Requires a Java version of at least 11
06:33:50.580 [pool-118-thread-1] INFO  xxl.java.junit.TestCasesListener - Tests run finished (2601 ms)
<> Total tests run: 2706
<> Ignored tests: 1
<> Failed tests: 0

06:33:50.580 [pool-2-thread-1] ERROR fr.inria.lille.repair.nopol.NoPol - Error ExecutionException java.util.concurrent.ExecutionException: java.lang.RuntimeException: failingTestCasesValidated: nothing to repair, no failing test cases
06:33:50.580 [pool-2-thread-1] DEBUG fr.inria.lille.repair.nopol.NoPol - statement #128
06:33:50.580 [pool-2-thread-1] DEBUG fr.inria.lille.repair.nopol.NoPol - Analysing SourceLocation net.bytebuddy.implementation.HashCodeMethod$Appender:692 which is executed by 64 tests
211186941
06:33:50.844 [pool-2-thread-1] DEBUG fr.inria.lille.repair.nopol.NoPol - looking with class fr.inria.lille.repair.nopol.spoon.smt.ConditionalAdder
Dec 27, 2018 6:33:53 AM net.bytebuddy.test.utility.JavaVersionRule$NoOpStatement evaluate
WARNING: Ignoring test case: Requires a Java version of at least 11
06:33:53.525 [pool-120-thread-1] INFO  xxl.java.junit.TestCasesListener - Tests run finished (2620 ms)
<> Total tests run: 2706
<> Ignored tests: 1
<> Failed tests: 0

06:33:53.525 [pool-2-thread-1] ERROR fr.inria.lille.repair.nopol.NoPol - Error ExecutionException java.util.concurrent.ExecutionException: java.lang.RuntimeException: failingTestCasesValidated: nothing to repair, no failing test cases
06:33:53.525 [pool-2-thread-1] DEBUG fr.inria.lille.repair.nopol.NoPol - statement #129
06:33:53.525 [pool-2-thread-1] DEBUG fr.inria.lille.repair.nopol.NoPol - Analysing SourceLocation net.bytebuddy.implementation.HashCodeMethod$Appender:691 which is executed by 64 tests
211186941
06:33:53.790 [pool-2-thread-1] DEBUG fr.inria.lille.repair.nopol.NoPol - looking with class fr.inria.lille.repair.nopol.spoon.smt.ConditionalAdder
Dec 27, 2018 6:33:56 AM net.bytebuddy.test.utility.JavaVersionRule$NoOpStatement evaluate
WARNING: Ignoring test case: Requires a Java version of at least 11
06:33:56.708 [pool-122-thread-1] INFO  xxl.java.junit.TestCasesListener - Tests run finished (2859 ms)
<> Total tests run: 2706
<> Ignored tests: 1
<> Failed tests: 0

06:33:56.708 [pool-2-thread-1] ERROR fr.inria.lille.repair.nopol.NoPol - Error ExecutionException java.util.concurrent.ExecutionException: java.lang.RuntimeException: failingTestCasesValidated: nothing to repair, no failing test cases
06:33:56.709 [pool-2-thread-1] DEBUG fr.inria.lille.repair.nopol.NoPol - statement #130
06:33:56.709 [pool-2-thread-1] DEBUG fr.inria.lille.repair.nopol.NoPol - Analysing SourceLocation net.bytebuddy.implementation.HashCodeMethod$Appender:690 which is executed by 64 tests
211186941
06:33:56.968 [pool-2-thread-1] DEBUG fr.inria.lille.repair.nopol.NoPol - looking with class fr.inria.lille.repair.nopol.spoon.smt.ConditionalAdder
Dec 27, 2018 6:33:59 AM net.bytebuddy.test.utility.JavaVersionRule$NoOpStatement evaluate
WARNING: Ignoring test case: Requires a Java version of at least 11
06:33:59.673 [pool-124-thread-1] INFO  xxl.java.junit.TestCasesListener - Tests run finished (2647 ms)
<> Total tests run: 2706
<> Ignored tests: 1
<> Failed tests: 0

06:33:59.673 [pool-2-thread-1] ERROR fr.inria.lille.repair.nopol.NoPol - Error ExecutionException java.util.concurrent.ExecutionException: java.lang.RuntimeException: failingTestCasesValidated: nothing to repair, no failing test cases
06:33:59.674 [pool-2-thread-1] DEBUG fr.inria.lille.repair.nopol.NoPol - statement #131
06:33:59.674 [pool-2-thread-1] DEBUG fr.inria.lille.repair.nopol.NoPol - Analysing SourceLocation net.bytebuddy.implementation.HashCodeMethod$Appender:689 which is executed by 64 tests
211186941
06:33:59.934 [pool-2-thread-1] DEBUG fr.inria.lille.repair.nopol.NoPol - looking with class fr.inria.lille.repair.nopol.spoon.smt.ConditionalAdder
Dec 27, 2018 6:34:02 AM net.bytebuddy.test.utility.JavaVersionRule$NoOpStatement evaluate
WARNING: Ignoring test case: Requires a Java version of at least 11
06:34:02.776 [pool-126-thread-1] INFO  xxl.java.junit.TestCasesListener - Tests run finished (2783 ms)
<> Total tests run: 2706
<> Ignored tests: 1
<> Failed tests: 0

06:34:02.776 [pool-2-thread-1] ERROR fr.inria.lille.repair.nopol.NoPol - Error ExecutionException java.util.concurrent.ExecutionException: java.lang.RuntimeException: failingTestCasesValidated: nothing to repair, no failing test cases
06:34:02.777 [pool-2-thread-1] DEBUG fr.inria.lille.repair.nopol.NoPol - statement #132
06:34:02.777 [pool-2-thread-1] DEBUG fr.inria.lille.repair.nopol.NoPol - Analysing SourceLocation net.bytebuddy.implementation.HashCodeMethod$Appender:686 which is executed by 64 tests
211186941
06:34:03.071 [pool-2-thread-1] DEBUG fr.inria.lille.repair.nopol.NoPol - statement #133
06:34:03.071 [pool-2-thread-1] DEBUG fr.inria.lille.repair.nopol.NoPol - Analysing SourceLocation net.bytebuddy.implementation.HashCodeMethod$Appender:685 which is executed by 64 tests
211186941
06:34:03.337 [pool-2-thread-1] DEBUG fr.inria.lille.repair.nopol.NoPol - looking with class fr.inria.lille.repair.nopol.spoon.smt.ConditionalAdder
Dec 27, 2018 6:34:06 AM net.bytebuddy.test.utility.JavaVersionRule$NoOpStatement evaluate
WARNING: Ignoring test case: Requires a Java version of at least 11
06:34:06.120 [pool-128-thread-1] INFO  xxl.java.junit.TestCasesListener - Tests run finished (2722 ms)
<> Total tests run: 2706
<> Ignored tests: 1
<> Failed tests: 0

06:34:06.120 [pool-2-thread-1] ERROR fr.inria.lille.repair.nopol.NoPol - Error ExecutionException java.util.concurrent.ExecutionException: java.lang.RuntimeException: failingTestCasesValidated: nothing to repair, no failing test cases
06:34:06.120 [pool-2-thread-1] DEBUG fr.inria.lille.repair.nopol.NoPol - statement #134
06:34:06.120 [pool-2-thread-1] DEBUG fr.inria.lille.repair.nopol.NoPol - Analysing SourceLocation net.bytebuddy.implementation.HashCodeMethod$Appender:684 which is executed by 64 tests
211186941
06:34:06.387 [pool-2-thread-1] DEBUG fr.inria.lille.repair.nopol.NoPol - looking with class fr.inria.lille.repair.nopol.spoon.smt.ConditionalAdder
Dec 27, 2018 6:34:10 AM net.bytebuddy.test.utility.JavaVersionRule$NoOpStatement evaluate
WARNING: Ignoring test case: Requires a Java version of at least 11
06:34:10.747 [pool-130-thread-1] INFO  xxl.java.junit.TestCasesListener - Tests run finished (4300 ms)
<> Total tests run: 2706
<> Ignored tests: 1
<> Failed tests: 0

06:34:10.747 [pool-2-thread-1] ERROR fr.inria.lille.repair.nopol.NoPol - Error ExecutionException java.util.concurrent.ExecutionException: java.lang.RuntimeException: failingTestCasesValidated: nothing to repair, no failing test cases
06:34:10.747 [pool-2-thread-1] DEBUG fr.inria.lille.repair.nopol.NoPol - statement #135
06:34:10.747 [pool-2-thread-1] DEBUG fr.inria.lille.repair.nopol.NoPol - Analysing SourceLocation net.bytebuddy.implementation.HashCodeMethod$Appender:683 which is executed by 64 tests
211186941
06:34:11.023 [pool-2-thread-1] DEBUG fr.inria.lille.repair.nopol.NoPol - looking with class fr.inria.lille.repair.nopol.spoon.smt.ConditionalAdder
Dec 27, 2018 6:34:13 AM net.bytebuddy.test.utility.JavaVersionRule$NoOpStatement evaluate
WARNING: Ignoring test case: Requires a Java version of at least 11
06:34:13.487 [pool-132-thread-1] INFO  xxl.java.junit.TestCasesListener - Tests run finished (2405 ms)
<> Total tests run: 2706
<> Ignored tests: 1
<> Failed tests: 0

06:34:13.487 [pool-2-thread-1] ERROR fr.inria.lille.repair.nopol.NoPol - Error ExecutionException java.util.concurrent.ExecutionException: java.lang.RuntimeException: failingTestCasesValidated: nothing to repair, no failing test cases
06:34:13.487 [pool-2-thread-1] DEBUG fr.inria.lille.repair.nopol.NoPol - statement #136
06:34:13.487 [pool-2-thread-1] DEBUG fr.inria.lille.repair.nopol.NoPol - Analysing SourceLocation net.bytebuddy.implementation.HashCodeMethod$Appender:682 which is executed by 64 tests
211186941
06:34:13.751 [pool-2-thread-1] DEBUG fr.inria.lille.repair.nopol.NoPol - looking with class fr.inria.lille.repair.nopol.spoon.smt.ConditionalAdder
Dec 27, 2018 6:34:16 AM net.bytebuddy.test.utility.JavaVersionRule$NoOpStatement evaluate
WARNING: Ignoring test case: Requires a Java version of at least 11
06:34:16.283 [pool-134-thread-1] INFO  xxl.java.junit.TestCasesListener - Tests run finished (2474 ms)
<> Total tests run: 2706
<> Ignored tests: 1
<> Failed tests: 0

06:34:16.283 [pool-2-thread-1] ERROR fr.inria.lille.repair.nopol.NoPol - Error ExecutionException java.util.concurrent.ExecutionException: java.lang.RuntimeException: failingTestCasesValidated: nothing to repair, no failing test cases
06:34:16.283 [pool-2-thread-1] DEBUG fr.inria.lille.repair.nopol.NoPol - statement #137
06:34:16.283 [pool-2-thread-1] DEBUG fr.inria.lille.repair.nopol.NoPol - Analysing SourceLocation net.bytebuddy.implementation.EqualsMethod$NullValueGuard$NoOp:379 which is executed by 55 tests
-1091992159
06:34:16.555 [pool-2-thread-1] DEBUG fr.inria.lille.repair.nopol.NoPol - statement #138
06:34:16.555 [pool-2-thread-1] DEBUG fr.inria.lille.repair.nopol.NoPol - Analysing SourceLocation net.bytebuddy.implementation.EqualsMethod$NullValueGuard$NoOp:372 which is executed by 55 tests
-1091992159
06:34:16.837 [pool-2-thread-1] DEBUG fr.inria.lille.repair.nopol.NoPol - statement #139
06:34:16.838 [pool-2-thread-1] DEBUG fr.inria.lille.repair.nopol.NoPol - Analysing SourceLocation net.bytebuddy.implementation.EqualsMethod$NullValueGuard$NoOp:365 which is executed by 55 tests
-1091992159
06:34:17.120 [pool-2-thread-1] DEBUG fr.inria.lille.repair.nopol.NoPol - statement #140
06:34:17.120 [pool-2-thread-1] DEBUG fr.inria.lille.repair.nopol.NoPol - Analysing SourceLocation net.bytebuddy.matcher.ElementMatchers:521 which is executed by 286 tests
-597549954
06:34:17.467 [pool-2-thread-1] DEBUG fr.inria.lille.repair.nopol.NoPol - statement #141
06:34:17.467 [pool-2-thread-1] DEBUG fr.inria.lille.repair.nopol.NoPol - Analysing SourceLocation net.bytebuddy.implementation.HashCodeMethod$OffsetProvider$ForFixedValue:222 which is executed by 67 tests
211186941
06:34:17.730 [pool-2-thread-1] DEBUG fr.inria.lille.repair.nopol.NoPol - statement #142
06:34:17.730 [pool-2-thread-1] DEBUG fr.inria.lille.repair.nopol.NoPol - Analysing SourceLocation net.bytebuddy.implementation.HashCodeMethod$Appender:675 which is executed by 67 tests
211186941
06:34:17.988 [pool-2-thread-1] DEBUG fr.inria.lille.repair.nopol.NoPol - looking with class fr.inria.lille.repair.nopol.spoon.smt.ConditionalAdder
Dec 27, 2018 6:34:20 AM net.bytebuddy.test.utility.JavaVersionRule$NoOpStatement evaluate
WARNING: Ignoring test case: Requires a Java version of at least 11
06:34:20.462 [pool-136-thread-1] INFO  xxl.java.junit.TestCasesListener - Tests run finished (2418 ms)
<> Total tests run: 2714
<> Ignored tests: 1
<> Failed tests: 0

06:34:20.462 [pool-2-thread-1] ERROR fr.inria.lille.repair.nopol.NoPol - Error ExecutionException java.util.concurrent.ExecutionException: java.lang.RuntimeException: failingTestCasesValidated: nothing to repair, no failing test cases
06:34:20.462 [pool-2-thread-1] DEBUG fr.inria.lille.repair.nopol.NoPol - looking with class fr.inria.lille.repair.nopol.spoon.smt.ConditionalReplacer
Dec 27, 2018 6:34:23 AM net.bytebuddy.test.utility.JavaVersionRule$NoOpStatement evaluate
WARNING: Ignoring test case: Requires a Java version of at least 11
06:34:23.169 [pool-138-thread-1] INFO  xxl.java.junit.TestCasesListener - Tests run finished (2650 ms)
<> Total tests run: 2714
<> Ignored tests: 1
<> Failed tests: 0

06:34:23.170 [pool-2-thread-1] ERROR fr.inria.lille.repair.nopol.NoPol - Error ExecutionException java.util.concurrent.ExecutionException: java.lang.RuntimeException: failingTestCasesValidated: nothing to repair, no failing test cases
06:34:23.170 [pool-2-thread-1] DEBUG fr.inria.lille.repair.nopol.NoPol - statement #143
06:34:23.170 [pool-2-thread-1] DEBUG fr.inria.lille.repair.nopol.NoPol - Analysing SourceLocation net.bytebuddy.description.field.FieldDescription$Token:557 which is executed by 579 tests
1118588611
06:34:23.426 [pool-2-thread-1] DEBUG fr.inria.lille.repair.nopol.NoPol - statement #144
06:34:23.426 [pool-2-thread-1] DEBUG fr.inria.lille.repair.nopol.NoPol - Analysing SourceLocation net.bytebuddy.description.field.FieldDescription$Token:555 which is executed by 579 tests
1118588611
06:34:23.687 [pool-2-thread-1] DEBUG fr.inria.lille.repair.nopol.NoPol - statement #145
06:34:23.687 [pool-2-thread-1] DEBUG fr.inria.lille.repair.nopol.NoPol - Analysing SourceLocation net.bytebuddy.dynamic.scaffold.InstrumentedType$Default:627 which is executed by 579 tests
-1042446527
06:34:23.989 [pool-2-thread-1] DEBUG fr.inria.lille.repair.nopol.NoPol - statement #146
06:34:23.989 [pool-2-thread-1] DEBUG fr.inria.lille.repair.nopol.NoPol - Analysing SourceLocation net.bytebuddy.dynamic.scaffold.InstrumentedType$Default:622 which is executed by 579 tests
-1042446527
06:34:24.576 [pool-2-thread-1] DEBUG fr.inria.lille.repair.nopol.NoPol - statement #147
06:34:24.576 [pool-2-thread-1] DEBUG fr.inria.lille.repair.nopol.NoPol - Analysing SourceLocation net.bytebuddy.implementation.HashCodeMethod:181 which is executed by 68 tests
211186941
06:34:24.837 [pool-2-thread-1] DEBUG fr.inria.lille.repair.nopol.NoPol - statement #148
06:34:24.837 [pool-2-thread-1] DEBUG fr.inria.lille.repair.nopol.NoPol - Analysing SourceLocation net.bytebuddy.implementation.HashCodeMethod:179 which is executed by 68 tests
211186941
06:34:25.097 [pool-2-thread-1] DEBUG fr.inria.lille.repair.nopol.NoPol - statement #149
06:34:25.097 [pool-2-thread-1] DEBUG fr.inria.lille.repair.nopol.NoPol - Analysing SourceLocation net.bytebuddy.implementation.HashCodeMethod$Appender:673 which is executed by 68 tests
211186941
06:34:25.356 [pool-2-thread-1] DEBUG fr.inria.lille.repair.nopol.NoPol - looking with class fr.inria.lille.repair.nopol.spoon.smt.ConditionalAdder
Dec 27, 2018 6:34:27 AM net.bytebuddy.test.utility.JavaVersionRule$NoOpStatement evaluate
WARNING: Ignoring test case: Requires a Java version of at least 11
06:34:27.944 [pool-140-thread-1] INFO  xxl.java.junit.TestCasesListener - Tests run finished (2531 ms)
<> Total tests run: 2714
<> Ignored tests: 1
<> Failed tests: 0

06:34:27.944 [pool-2-thread-1] ERROR fr.inria.lille.repair.nopol.NoPol - Error ExecutionException java.util.concurrent.ExecutionException: java.lang.RuntimeException: failingTestCasesValidated: nothing to repair, no failing test cases
06:34:27.944 [pool-2-thread-1] DEBUG fr.inria.lille.repair.nopol.NoPol - looking with class fr.inria.lille.repair.nopol.spoon.smt.ConditionalReplacer
Dec 27, 2018 6:34:30 AM net.bytebuddy.test.utility.JavaVersionRule$NoOpStatement evaluate
WARNING: Ignoring test case: Requires a Java version of at least 11
06:34:30.641 [pool-142-thread-1] INFO  xxl.java.junit.TestCasesListener - Tests run finished (2637 ms)
<> Total tests run: 2714
<> Ignored tests: 1
<> Failed tests: 0

06:34:30.641 [pool-2-thread-1] ERROR fr.inria.lille.repair.nopol.NoPol - Error ExecutionException java.util.concurrent.ExecutionException: java.lang.RuntimeException: failingTestCasesValidated: nothing to repair, no failing test cases
06:34:30.641 [pool-2-thread-1] DEBUG fr.inria.lille.repair.nopol.NoPol - statement #150
06:34:30.641 [pool-2-thread-1] DEBUG fr.inria.lille.repair.nopol.NoPol - Analysing SourceLocation net.bytebuddy.implementation.HashCodeMethod$NullValueGuard$NoOp:303 which is executed by 54 tests
211186941
06:34:30.901 [pool-2-thread-1] DEBUG fr.inria.lille.repair.nopol.NoPol - statement #151
06:34:30.901 [pool-2-thread-1] DEBUG fr.inria.lille.repair.nopol.NoPol - Analysing SourceLocation net.bytebuddy.implementation.HashCodeMethod$NullValueGuard$NoOp:296 which is executed by 54 tests
211186941
06:34:31.174 [pool-2-thread-1] DEBUG fr.inria.lille.repair.nopol.NoPol - statement #152
06:34:31.174 [pool-2-thread-1] DEBUG fr.inria.lille.repair.nopol.NoPol - Analysing SourceLocation net.bytebuddy.implementation.HashCodeMethod$NullValueGuard$NoOp:289 which is executed by 54 tests
211186941
06:34:31.447 [pool-2-thread-1] DEBUG fr.inria.lille.repair.nopol.NoPol - statement #153
06:34:31.448 [pool-2-thread-1] DEBUG fr.inria.lille.repair.nopol.NoPol - Analysing SourceLocation net.bytebuddy.implementation.EqualsMethod$ValueComparator:678 which is executed by 66 tests
-1091992159
06:34:31.741 [pool-2-thread-1] DEBUG fr.inria.lille.repair.nopol.NoPol - statement #154
06:34:31.741 [pool-2-thread-1] DEBUG fr.inria.lille.repair.nopol.NoPol - Analysing SourceLocation net.bytebuddy.implementation.HashCodeMethod:176 which is executed by 69 tests
211186941
06:34:31.998 [pool-2-thread-1] DEBUG fr.inria.lille.repair.nopol.NoPol - looking with class fr.inria.lille.repair.nopol.spoon.smt.ConditionalAdder
Dec 27, 2018 6:34:34 AM net.bytebuddy.test.utility.JavaVersionRule$NoOpStatement evaluate
WARNING: Ignoring test case: Requires a Java version of at least 11
06:34:34.683 [pool-144-thread-1] INFO  xxl.java.junit.TestCasesListener - Tests run finished (2628 ms)
<> Total tests run: 2714
<> Ignored tests: 1
<> Failed tests: 0

06:34:34.684 [pool-2-thread-1] ERROR fr.inria.lille.repair.nopol.NoPol - Error ExecutionException java.util.concurrent.ExecutionException: java.lang.RuntimeException: failingTestCasesValidated: nothing to repair, no failing test cases
06:34:34.684 [pool-2-thread-1] DEBUG fr.inria.lille.repair.nopol.NoPol - looking with class fr.inria.lille.repair.nopol.spoon.smt.ConditionalReplacer
Dec 27, 2018 6:34:37 AM net.bytebuddy.test.utility.JavaVersionRule$NoOpStatement evaluate
WARNING: Ignoring test case: Requires a Java version of at least 11
06:34:37.303 [pool-146-thread-1] INFO  xxl.java.junit.TestCasesListener - Tests run finished (2561 ms)
<> Total tests run: 2714
<> Ignored tests: 1
<> Failed tests: 0

06:34:37.303 [pool-2-thread-1] ERROR fr.inria.lille.repair.nopol.NoPol - Error ExecutionException java.util.concurrent.ExecutionException: java.lang.RuntimeException: failingTestCasesValidated: nothing to repair, no failing test cases
06:34:37.304 [pool-2-thread-1] DEBUG fr.inria.lille.repair.nopol.NoPol - statement #155
06:34:37.304 [pool-2-thread-1] DEBUG fr.inria.lille.repair.nopol.NoPol - Analysing SourceLocation net.bytebuddy.implementation.HashCodeMethod:169 which is executed by 69 tests
211186941
06:34:37.563 [pool-2-thread-1] DEBUG fr.inria.lille.repair.nopol.NoPol - statement #156
06:34:37.563 [pool-2-thread-1] DEBUG fr.inria.lille.repair.nopol.NoPol - Analysing SourceLocation net.bytebuddy.implementation.HashCodeMethod:124 which is executed by 69 tests
211186941
06:34:37.824 [pool-2-thread-1] DEBUG fr.inria.lille.repair.nopol.NoPol - statement #157
06:34:37.824 [pool-2-thread-1] DEBUG fr.inria.lille.repair.nopol.NoPol - Analysing SourceLocation net.bytebuddy.implementation.HashCodeMethod$ValueTransformer:581 which is executed by 62 tests
211186941
06:34:38.083 [pool-2-thread-1] DEBUG fr.inria.lille.repair.nopol.NoPol - statement #158
06:34:38.083 [pool-2-thread-1] DEBUG fr.inria.lille.repair.nopol.NoPol - Analysing SourceLocation net.bytebuddy.implementation.bytecode.Multiplication:65 which is executed by 68 tests
-333147225
06:34:38.314 [pool-2-thread-1] DEBUG fr.inria.lille.repair.nopol.NoPol - statement #159
06:34:38.315 [pool-2-thread-1] DEBUG fr.inria.lille.repair.nopol.NoPol - Analysing SourceLocation net.bytebuddy.implementation.bytecode.Multiplication:64 which is executed by 68 tests
-333147225
06:34:38.591 [pool-2-thread-1] DEBUG fr.inria.lille.repair.nopol.NoPol - looking with class fr.inria.lille.repair.nopol.spoon.smt.ConditionalAdder
Dec 27, 2018 6:34:41 AM net.bytebuddy.test.utility.JavaVersionRule$NoOpStatement evaluate
WARNING: Ignoring test case: Requires a Java version of at least 11
06:34:41.362 [pool-148-thread-1] INFO  xxl.java.junit.TestCasesListener - Tests run finished (2713 ms)
<> Total tests run: 2706
<> Ignored tests: 1
<> Failed tests: 0

06:34:41.363 [pool-2-thread-1] ERROR fr.inria.lille.repair.nopol.NoPol - Error ExecutionException java.util.concurrent.ExecutionException: java.lang.RuntimeException: failingTestCasesValidated: nothing to repair, no failing test cases
06:34:41.363 [pool-2-thread-1] DEBUG fr.inria.lille.repair.nopol.NoPol - statement #160
06:34:41.363 [pool-2-thread-1] DEBUG fr.inria.lille.repair.nopol.NoPol - Analysing SourceLocation net.bytebuddy.implementation.EqualsMethod$ValueComparator:679 which is executed by 64 tests
-1091992159
06:34:41.641 [pool-2-thread-1] DEBUG fr.inria.lille.repair.nopol.NoPol - statement #161
06:34:41.641 [pool-2-thread-1] DEBUG fr.inria.lille.repair.nopol.NoPol - Analysing SourceLocation net.bytebuddy.implementation.HashCodeMethod$ValueTransformer:582 which is executed by 60 tests
211186941
06:34:41.902 [pool-2-thread-1] DEBUG fr.inria.lille.repair.nopol.NoPol - statement #162
06:34:41.902 [pool-2-thread-1] DEBUG fr.inria.lille.repair.nopol.NoPol - Analysing SourceLocation net.bytebuddy.implementation.bytecode.Addition:65 which is executed by 71 tests
-1161945315
06:34:42.139 [pool-2-thread-1] DEBUG fr.inria.lille.repair.nopol.NoPol - statement #163
06:34:42.139 [pool-2-thread-1] DEBUG fr.inria.lille.repair.nopol.NoPol - Analysing SourceLocation net.bytebuddy.implementation.bytecode.Addition:64 which is executed by 71 tests
-1161945315
06:34:42.372 [pool-2-thread-1] DEBUG fr.inria.lille.repair.nopol.NoPol - looking with class fr.inria.lille.repair.nopol.spoon.smt.ConditionalAdder
Dec 27, 2018 6:34:45 AM net.bytebuddy.test.utility.JavaVersionRule$NoOpStatement evaluate
WARNING: Ignoring test case: Requires a Java version of at least 11
06:34:45.058 [pool-150-thread-1] INFO  xxl.java.junit.TestCasesListener - Tests run finished (2627 ms)
<> Total tests run: 2706
<> Ignored tests: 1
<> Failed tests: 0

06:34:45.059 [pool-2-thread-1] ERROR fr.inria.lille.repair.nopol.NoPol - Error ExecutionException java.util.concurrent.ExecutionException: java.lang.RuntimeException: failingTestCasesValidated: nothing to repair, no failing test cases
06:34:45.059 [pool-2-thread-1] DEBUG fr.inria.lille.repair.nopol.NoPol - statement #164
06:34:45.059 [pool-2-thread-1] DEBUG fr.inria.lille.repair.nopol.NoPol - Analysing SourceLocation net.bytebuddy.implementation.bytecode.constant.IntegerConstant:79 which is executed by 88 tests
-87268637
06:34:45.300 [pool-2-thread-1] DEBUG fr.inria.lille.repair.nopol.NoPol - statement #165
06:34:45.300 [pool-2-thread-1] DEBUG fr.inria.lille.repair.nopol.NoPol - Analysing SourceLocation net.bytebuddy.implementation.EqualsMethod$ValueComparator:680 which is executed by 62 tests
-1091992159
06:34:45.574 [pool-2-thread-1] DEBUG fr.inria.lille.repair.nopol.NoPol - statement #166
06:34:45.574 [pool-2-thread-1] DEBUG fr.inria.lille.repair.nopol.NoPol - Analysing SourceLocation net.bytebuddy.implementation.HashCodeMethod$ValueTransformer:583 which is executed by 58 tests
211186941
06:34:45.837 [pool-2-thread-1] DEBUG fr.inria.lille.repair.nopol.NoPol - statement #167
06:34:45.837 [pool-2-thread-1] DEBUG fr.inria.lille.repair.nopol.NoPol - Analysing SourceLocation net.bytebuddy.implementation.EqualsMethod$ValueComparator:682 which is executed by 60 tests
-1091992159
06:34:46.174 [pool-2-thread-1] DEBUG fr.inria.lille.repair.nopol.NoPol - looking with class fr.inria.lille.repair.nopol.spoon.smt.ConditionalAdder
Dec 27, 2018 6:34:49 AM net.bytebuddy.test.utility.JavaVersionRule$NoOpStatement evaluate
WARNING: Ignoring test case: Requires a Java version of at least 11
06:34:49.209 [pool-152-thread-1] INFO  xxl.java.junit.TestCasesListener - Tests run finished (2994 ms)
<> Total tests run: 2320
<> Ignored tests: 1
<> Failed tests: 0

06:34:49.209 [pool-2-thread-1] ERROR fr.inria.lille.repair.nopol.NoPol - Error ExecutionException java.util.concurrent.ExecutionException: java.lang.RuntimeException: failingTestCasesValidated: nothing to repair, no failing test cases
06:34:49.209 [pool-2-thread-1] DEBUG fr.inria.lille.repair.nopol.NoPol - looking with class fr.inria.lille.repair.nopol.spoon.smt.ConditionalReplacer
Dec 27, 2018 6:34:52 AM net.bytebuddy.test.utility.JavaVersionRule$NoOpStatement evaluate
WARNING: Ignoring test case: Requires a Java version of at least 11
06:34:52.216 [pool-154-thread-1] INFO  xxl.java.junit.TestCasesListener - Tests run finished (2958 ms)
<> Total tests run: 2320
<> Ignored tests: 1
<> Failed tests: 0

06:34:52.217 [pool-2-thread-1] ERROR fr.inria.lille.repair.nopol.NoPol - Error ExecutionException java.util.concurrent.ExecutionException: java.lang.RuntimeException: failingTestCasesValidated: nothing to repair, no failing test cases
06:34:52.217 [pool-2-thread-1] DEBUG fr.inria.lille.repair.nopol.NoPol - statement #168
06:34:52.217 [pool-2-thread-1] DEBUG fr.inria.lille.repair.nopol.NoPol - Analysing SourceLocation net.bytebuddy.description.type.TypeDescription$Generic$OfGenericArray:4256 which is executed by 98 tests
-1663341501
06:34:52.665 [pool-2-thread-1] DEBUG fr.inria.lille.repair.nopol.NoPol - statement #169
06:34:52.665 [pool-2-thread-1] DEBUG fr.inria.lille.repair.nopol.NoPol - Analysing SourceLocation net.bytebuddy.implementation.HashCodeMethod$ValueTransformer:584 which is executed by 56 tests
211186941
06:34:52.924 [pool-2-thread-1] DEBUG fr.inria.lille.repair.nopol.NoPol - statement #170
06:34:52.924 [pool-2-thread-1] DEBUG fr.inria.lille.repair.nopol.NoPol - Analysing SourceLocation net.bytebuddy.dynamic.scaffold.MethodRegistry$Default:415 which is executed by 1127 tests
java.util.concurrent.ExecutionException: org.eclipse.jdt.internal.compiler.problem.AbortCompilation: Pb(700) The class file TypeWriter.Default<S> contains a signature '(Lnet/bytebuddy/dynamic/scaffold/TypeInitializer;)Lnet/bytebuddy/dynamic/scaffold/TypeWriter$Default<TS;>.UnresolvedType;' ill-formed at position 106
	at java.util.concurrent.FutureTask.report(FutureTask.java:122)
	at java.util.concurrent.FutureTask.get(FutureTask.java:206)
	at fr.inria.lille.repair.Main.main(Main.java:106)
Caused by: org.eclipse.jdt.internal.compiler.problem.AbortCompilation: Pb(700) The class file TypeWriter.Default<S> contains a signature '(Lnet/bytebuddy/dynamic/scaffold/TypeInitializer;)Lnet/bytebuddy/dynamic/scaffold/TypeWriter$Default<TS;>.UnresolvedType;' ill-formed at position 106
	at org.eclipse.jdt.internal.compiler.problem.ProblemHandler.handle(ProblemHandler.java:159)
	at org.eclipse.jdt.internal.compiler.problem.ProblemReporter.handle(ProblemReporter.java:2491)
	at org.eclipse.jdt.internal.compiler.problem.ProblemReporter.handle(ProblemReporter.java:2554)
	at org.eclipse.jdt.internal.compiler.problem.ProblemReporter.corruptedSignature(ProblemReporter.java:1691)
	at org.eclipse.jdt.internal.compiler.lookup.LookupEnvironment.getTypeFromTypeSignature(LookupEnvironment.java:1943)
	at org.eclipse.jdt.internal.compiler.lookup.BinaryTypeBinding.createMethod(BinaryTypeBinding.java:852)
	at org.eclipse.jdt.internal.compiler.lookup.BinaryTypeBinding.createMethods(BinaryTypeBinding.java:969)
	at org.eclipse.jdt.internal.compiler.lookup.BinaryTypeBinding.cachePartsFrom(BinaryTypeBinding.java:531)
	at org.eclipse.jdt.internal.compiler.lookup.LookupEnvironment.createBinaryTypeFrom(LookupEnvironment.java:1022)
	at org.eclipse.jdt.internal.compiler.lookup.LookupEnvironment.createBinaryTypeFrom(LookupEnvironment.java:1003)
	at org.eclipse.jdt.internal.compiler.Compiler.accept(Compiler.java:303)
	at org.eclipse.jdt.internal.compiler.lookup.LookupEnvironment.askForType(LookupEnvironment.java:249)
	at org.eclipse.jdt.internal.compiler.lookup.UnresolvedReferenceBinding.resolve(UnresolvedReferenceBinding.java:105)
	at org.eclipse.jdt.internal.compiler.lookup.BinaryTypeBinding.resolveType(BinaryTypeBinding.java:217)
	at org.eclipse.jdt.internal.compiler.lookup.BinaryTypeBinding.memberTypes(BinaryTypeBinding.java:1487)
	at org.eclipse.jdt.internal.compiler.lookup.ParameterizedTypeBinding.memberTypes(ParameterizedTypeBinding.java:1030)
	at org.eclipse.jdt.internal.compiler.lookup.ParameterizedTypeBinding.getMemberType(ParameterizedTypeBinding.java:763)
	at org.eclipse.jdt.internal.compiler.lookup.Scope.findMemberType(Scope.java:1495)
	at org.eclipse.jdt.internal.compiler.lookup.BlockScope.getBinding(BlockScope.java:567)
	at org.eclipse.jdt.internal.compiler.ast.QualifiedNameReference.resolveType(QualifiedNameReference.java:999)
	at org.eclipse.jdt.internal.compiler.ast.MessageSend.resolveType(MessageSend.java:662)
	at org.eclipse.jdt.internal.compiler.ast.ReturnStatement.resolve(ReturnStatement.java:342)
	at org.eclipse.jdt.internal.compiler.ast.AbstractMethodDeclaration.resolveStatements(AbstractMethodDeclaration.java:634)
	at org.eclipse.jdt.internal.compiler.ast.MethodDeclaration.resolveStatements(MethodDeclaration.java:307)
	at org.eclipse.jdt.internal.compiler.ast.AbstractMethodDeclaration.resolve(AbstractMethodDeclaration.java:544)
	at org.eclipse.jdt.internal.compiler.ast.TypeDeclaration.resolve(TypeDeclaration.java:1218)
	at org.eclipse.jdt.internal.compiler.ast.TypeDeclaration.resolve(TypeDeclaration.java:1322)
	at org.eclipse.jdt.internal.compiler.ast.TypeDeclaration.resolve(TypeDeclaration.java:1117)
	at org.eclipse.jdt.internal.compiler.ast.TypeDeclaration.resolve(TypeDeclaration.java:1322)
	at org.eclipse.jdt.internal.compiler.ast.TypeDeclaration.resolve(TypeDeclaration.java:1117)
	at org.eclipse.jdt.internal.compiler.ast.TypeDeclaration.resolve(TypeDeclaration.java:1322)
	at org.eclipse.jdt.internal.compiler.ast.TypeDeclaration.resolve(TypeDeclaration.java:1117)
	at org.eclipse.jdt.internal.compiler.ast.TypeDeclaration.resolve(TypeDeclaration.java:1331)
	at org.eclipse.jdt.internal.compiler.ast.CompilationUnitDeclaration.resolve(CompilationUnitDeclaration.java:625)
	at spoon.support.compiler.jdt.TreeBuilderCompiler.buildUnits(TreeBuilderCompiler.java:94)
	at spoon.support.compiler.jdt.JDTBatchCompiler.getUnits(JDTBatchCompiler.java:266)
	at spoon.support.compiler.jdt.JDTBasedSpoonCompiler.buildUnits(JDTBasedSpoonCompiler.java:444)
	at spoon.support.compiler.jdt.JDTBasedSpoonCompiler.buildUnitsAndModel(JDTBasedSpoonCompiler.java:388)
	at spoon.support.compiler.jdt.JDTBasedSpoonCompiler.buildSources(JDTBasedSpoonCompiler.java:340)
	at spoon.support.compiler.jdt.JDTBasedSpoonCompiler.build(JDTBasedSpoonCompiler.java:129)
	at spoon.support.compiler.jdt.JDTBasedSpoonCompiler.build(JDTBasedSpoonCompiler.java:113)
	at fr.inria.lille.commons.spoon.util.SpoonModelLibrary.modelFor(SpoonModelLibrary.java:53)
	at fr.inria.lille.commons.spoon.SpoonedFile.<init>(SpoonedFile.java:61)
	at fr.inria.lille.commons.spoon.SpoonedClass.<init>(SpoonedClass.java:14)
	at fr.inria.lille.commons.spoon.SpoonedProject.forked(SpoonedProject.java:47)
	at fr.inria.lille.repair.nopol.NoPol.runOnStatement(NoPol.java:222)
	at fr.inria.lille.repair.nopol.NoPol.solveWithMultipleBuild(NoPol.java:213)
	at fr.inria.lille.repair.nopol.NoPol.build(NoPol.java:154)
	at fr.inria.lille.repair.Main$1.call(Main.java:101)
	at java.util.concurrent.FutureTask.run(FutureTask.java:266)
	at java.util.concurrent.ThreadPoolExecutor.runWorker(ThreadPoolExecutor.java:1149)
	at java.util.concurrent.ThreadPoolExecutor$Worker.run(ThreadPoolExecutor.java:624)
	at java.lang.Thread.run(Thread.java:748)

Usage: java -jar nopol.jar
                          [(-m|--mode) <repair|ranking>] (-e|--type) <condition|precondition|pre_then_cond|loop|arithmetic> [(-o|--oracle) <angelic|symbolic>] [(-y|--synthesis) <smt|dynamoth>] [(-l|--solver) <z3|cvc4>] [(-p|--solver-path) <solverPath>] (-s|--source) source1:source2:...:sourceN  (-c|--classpath) <classpath> [(-t|--test) test1:test2:...:testN ] [--complianceLevel <complianceLevel>] [--maxTime <maxTime>] [--maxTimeType <maxTimeType>] [(-z|--flocal) < cocospoon|dumb|gzoltar>] [--output <outputFolder>] [--json[:<outputJson>]]

  [(-m|--mode) <repair|ranking>]
        Define the mode of execution. (default: repair)

  (-e|--type) <condition|precondition|pre_then_cond|loop|arithmetic>
        The repair type (example fixing only conditions, or adding
        precondition). REQUIRED OPTION (default: condition)

  [(-o|--oracle) <angelic|symbolic>]
        Define the oracle (only used with repair mode). (default: angelic)

  [(-y|--synthesis) <smt|dynamoth>]
        Define the patch synthesis. (default: smt)

  [(-l|--solver) <z3|cvc4>]
        Define the solver (only used with smt synthesis). (default: z3)

  [(-p|--solver-path) <solverPath>]
        Define the solver binary path (only used with smt synthesis).

  (-s|--source) source1:source2:...:sourceN 
        Define the path to the source code of the project.

  (-c|--classpath) <classpath>
        Define the classpath of the project.

  [(-t|--test) test1:test2:...:testN ]
        Define the tests of the project (both failing and passing),
        fully-qualified, separated with ':' (even if the classpath contains
        other tests, only those are considered.

  [--complianceLevel <complianceLevel>]
        The compliance level of the project. (default: 7)

  [--maxTime <maxTime>]
        The maximum time execution in minute for the whole execution of
        Nopol.(default: 10)

  [--maxTimeType <maxTimeType>]
        The maximum time execution in minute for one type of patch. (default: 5)

  [(-z|--flocal) < cocospoon|dumb|gzoltar>]
        Define the fault localizer to be used. (default: gzoltar)

  [--output <outputFolder>]
        Define the location where the patches will be saved. (default: .)

  [--json[:<outputJson>]]
        Output a json file in the current working directory.

Command exited with non-zero status 255
1189.73user 27.69system 7:41.13elapsed 264%CPU (0avgtext+0avgdata 3380956maxresident)k
38016inputs+7448outputs (5major+1685145minor)pagefaults 0swaps


Node: graphene-17.nancy.grid5000.fr



Date: Thu Dec 27 06:34:53 EST 2018

