cd /tmp/Nopol_Defects4J_Chart_11;
export JAVA_TOOL_OPTIONS=-Dfile.encoding=UTF8;
TZ="America/New_York"; export TZ;
export PATH="/usr/lib/jvm/java-1.8.0-openjdk-amd64/bin/:$PATH";
export JAVA_HOME="/usr/lib/jvm/java-1.8.0-openjdk-amd64/bin/";
time java -Xmx4048m -cp /home/tdurieux/defects4j4repair/script/../repair_tools/nopol.jar:/usr/lib/jvm/java-1.8.0-openjdk-amd64/bin//../lib/tools.jar fr.inria.lille.repair.Main \
	--mode repair \
	--type pre_then_cond \
	--oracle angelic \
	--synthesis smt \
	--flocal gzoltar \
	--json \
	--solver z3 \
	--solver-path /home/tdurieux/defects4j4repair/script/../libs/z3/build/z3 \
	--complianceLevel 4 \
	--source source/ \
	--classpath "build/:build-tests/:/tmp/Nopol_Defects4J_Chart_11/build/:/tmp/Nopol_Defects4J_Chart_11/build-tests/:/tmp/Nopol_Defects4J_Chart_11/lib/servlet.jar:/home/tdurieux/defects4j4repair/script/../repair_tools/nopol.jar";
	echo "\n\nNode: `hostname`\n";
	echo "\n\nDate: `date`\n";
Picked up JAVA_TOOL_OPTIONS: -Dfile.encoding=UTF8
17:49:30.058 [main] INFO  fr.inria.lille.repair.nopol.NoPol - Source files: [source]
17:49:30.062 [main] INFO  fr.inria.lille.repair.nopol.NoPol - Classpath: [file:/tmp/Nopol_Defects4J_Chart_11/build/, file:/tmp/Nopol_Defects4J_Chart_11/build-tests/, file:/tmp/Nopol_Defects4J_Chart_11/build/, file:/tmp/Nopol_Defects4J_Chart_11/build-tests/, file:/tmp/Nopol_Defects4J_Chart_11/lib/servlet.jar, file:/home/tdurieux/defects4j4repair/script/../repair_tools/nopol.jar]
17:49:30.062 [main] INFO  fr.inria.lille.repair.nopol.NoPol - Statement type: PRE_THEN_COND
17:49:30.086 [main] INFO  fr.inria.lille.repair.nopol.NoPol - Args: [org.jfree.chart.annotations.junit.AnnotationsPackageTests, org.jfree.chart.annotations.junit.AnnotationsPackageTests, org.jfree.chart.annotations.junit.CategoryLineAnnotationTests, org.jfree.chart.annotations.junit.CategoryLineAnnotationTests, org.jfree.chart.annotations.junit.CategoryPointerAnnotationTests, org.jfree.chart.annotations.junit.CategoryPointerAnnotationTests, org.jfree.chart.annotations.junit.CategoryTextAnnotationTests, org.jfree.chart.annotations.junit.CategoryTextAnnotationTests, org.jfree.chart.annotations.junit.TextAnnotationTests, org.jfree.chart.annotations.junit.TextAnnotationTests, org.jfree.chart.annotations.junit.XYBoxAnnotationTests, org.jfree.chart.annotations.junit.XYBoxAnnotationTests, org.jfree.chart.annotations.junit.XYDrawableAnnotationTests, org.jfree.chart.annotations.junit.XYDrawableAnnotationTests, org.jfree.chart.annotations.junit.XYImageAnnotationTests, org.jfree.chart.annotations.junit.XYImageAnnotationTests, org.jfree.chart.annotations.junit.XYLineAnnotationTests, org.jfree.chart.annotations.junit.XYLineAnnotationTests, org.jfree.chart.annotations.junit.XYPointerAnnotationTests, org.jfree.chart.annotations.junit.XYPointerAnnotationTests, org.jfree.chart.annotations.junit.XYPolygonAnnotationTests, org.jfree.chart.annotations.junit.XYPolygonAnnotationTests, org.jfree.chart.annotations.junit.XYShapeAnnotationTests, org.jfree.chart.annotations.junit.XYShapeAnnotationTests, org.jfree.chart.annotations.junit.XYTextAnnotationTests, org.jfree.chart.annotations.junit.XYTextAnnotationTests, org.jfree.chart.axis.junit.AxisLocationTests, org.jfree.chart.axis.junit.AxisLocationTests, org.jfree.chart.axis.junit.AxisPackageTests, org.jfree.chart.axis.junit.AxisPackageTests, org.jfree.chart.axis.junit.AxisSpaceTests, org.jfree.chart.axis.junit.AxisSpaceTests, org.jfree.chart.axis.junit.AxisTests, org.jfree.chart.axis.junit.AxisTests, org.jfree.chart.axis.junit.CategoryAnchorTests, org.jfree.chart.axis.junit.CategoryAnchorTests, org.jfree.chart.axis.junit.CategoryAxis3DTests, org.jfree.chart.axis.junit.CategoryAxis3DTests, org.jfree.chart.axis.junit.CategoryAxisTests, org.jfree.chart.axis.junit.CategoryAxisTests, org.jfree.chart.axis.junit.CategoryLabelPositionTests, org.jfree.chart.axis.junit.CategoryLabelPositionTests, org.jfree.chart.axis.junit.CategoryLabelPositionsTests, org.jfree.chart.axis.junit.CategoryLabelPositionsTests, org.jfree.chart.axis.junit.CategoryLabelWidthTypeTests, org.jfree.chart.axis.junit.CategoryLabelWidthTypeTests, org.jfree.chart.axis.junit.CategoryTickTests, org.jfree.chart.axis.junit.CategoryTickTests, org.jfree.chart.axis.junit.CyclicNumberAxisTests, org.jfree.chart.axis.junit.CyclicNumberAxisTests, org.jfree.chart.axis.junit.DateAxisTests, org.jfree.chart.axis.junit.DateAxisTests, org.jfree.chart.axis.junit.DateTickMarkPositionTests, org.jfree.chart.axis.junit.DateTickMarkPositionTests, org.jfree.chart.axis.junit.DateTickTests, org.jfree.chart.axis.junit.DateTickTests, org.jfree.chart.axis.junit.DateTickUnitTests, org.jfree.chart.axis.junit.DateTickUnitTests, org.jfree.chart.axis.junit.ExtendedCategoryAxisTests, org.jfree.chart.axis.junit.ExtendedCategoryAxisTests, org.jfree.chart.axis.junit.LogAxisTests, org.jfree.chart.axis.junit.LogAxisTests, org.jfree.chart.axis.junit.LogarithmicAxisTests, org.jfree.chart.axis.junit.LogarithmicAxisTests, org.jfree.chart.axis.junit.MarkerAxisBandTests, org.jfree.chart.axis.junit.MarkerAxisBandTests, org.jfree.chart.axis.junit.MonthDateFormatTests, org.jfree.chart.axis.junit.MonthDateFormatTests, org.jfree.chart.axis.junit.NumberAxis3DTests, org.jfree.chart.axis.junit.NumberAxis3DTests, org.jfree.chart.axis.junit.NumberAxisTests, org.jfree.chart.axis.junit.NumberAxisTests, org.jfree.chart.axis.junit.NumberTickUnitTests, org.jfree.chart.axis.junit.NumberTickUnitTests, org.jfree.chart.axis.junit.PeriodAxisLabelInfoTests, org.jfree.chart.axis.junit.PeriodAxisLabelInfoTests, org.jfree.chart.axis.junit.PeriodAxisTests, org.jfree.chart.axis.junit.PeriodAxisTests, org.jfree.chart.axis.junit.QuarterDateFormatTests, org.jfree.chart.axis.junit.QuarterDateFormatTests, org.jfree.chart.axis.junit.SegmentedTimelineTests, org.jfree.chart.axis.junit.SegmentedTimelineTests, org.jfree.chart.axis.junit.SegmentedTimelineTests2, org.jfree.chart.axis.junit.SegmentedTimelineTests2, org.jfree.chart.axis.junit.StandardTickUnitSourceTests, org.jfree.chart.axis.junit.StandardTickUnitSourceTests, org.jfree.chart.axis.junit.SubCategoryAxisTests, org.jfree.chart.axis.junit.SubCategoryAxisTests, org.jfree.chart.axis.junit.SymbolAxisTests, org.jfree.chart.axis.junit.SymbolAxisTests, org.jfree.chart.axis.junit.TickUnitsTests, org.jfree.chart.axis.junit.TickUnitsTests, org.jfree.chart.axis.junit.ValueAxisTests, org.jfree.chart.axis.junit.ValueAxisTests, org.jfree.chart.block.junit.AbstractBlockTests, org.jfree.chart.block.junit.AbstractBlockTests, org.jfree.chart.block.junit.BlockBorderTests, org.jfree.chart.block.junit.BlockBorderTests, org.jfree.chart.block.junit.BlockContainerTests, org.jfree.chart.block.junit.BlockContainerTests, org.jfree.chart.block.junit.BlockPackageTests, org.jfree.chart.block.junit.BlockPackageTests, org.jfree.chart.block.junit.BorderArrangementTests, org.jfree.chart.block.junit.BorderArrangementTests, org.jfree.chart.block.junit.ColorBlockTests, org.jfree.chart.block.junit.ColorBlockTests, org.jfree.chart.block.junit.ColumnArrangementTests, org.jfree.chart.block.junit.ColumnArrangementTests, org.jfree.chart.block.junit.EmptyBlockTests, org.jfree.chart.block.junit.EmptyBlockTests, org.jfree.chart.block.junit.FlowArrangementTests, org.jfree.chart.block.junit.FlowArrangementTests, org.jfree.chart.block.junit.GridArrangementTests, org.jfree.chart.block.junit.GridArrangementTests, org.jfree.chart.block.junit.LabelBlockTests, org.jfree.chart.block.junit.LabelBlockTests, org.jfree.chart.block.junit.LineBorderTests, org.jfree.chart.block.junit.LineBorderTests, org.jfree.chart.block.junit.RectangleConstraintTests, org.jfree.chart.block.junit.RectangleConstraintTests, org.jfree.chart.entity.junit.CategoryItemEntityTests, org.jfree.chart.entity.junit.CategoryItemEntityTests, org.jfree.chart.entity.junit.EntityPackageTests, org.jfree.chart.entity.junit.EntityPackageTests, org.jfree.chart.entity.junit.LegendItemEntityTests, org.jfree.chart.entity.junit.LegendItemEntityTests, org.jfree.chart.entity.junit.PieSectionEntityTests, org.jfree.chart.entity.junit.PieSectionEntityTests, org.jfree.chart.entity.junit.StandardEntityCollectionTests, org.jfree.chart.entity.junit.StandardEntityCollectionTests, org.jfree.chart.entity.junit.TickLabelEntityTests, org.jfree.chart.entity.junit.TickLabelEntityTests, org.jfree.chart.entity.junit.XYItemEntityTests, org.jfree.chart.entity.junit.XYItemEntityTests, org.jfree.chart.junit.AreaChartTests, org.jfree.chart.junit.AreaChartTests, org.jfree.chart.junit.BarChart3DTests, org.jfree.chart.junit.BarChart3DTests, org.jfree.chart.junit.BarChartTests, org.jfree.chart.junit.BarChartTests, org.jfree.chart.junit.ChartPackageTests, org.jfree.chart.junit.ChartPackageTests, org.jfree.chart.junit.ChartPanelTests, org.jfree.chart.junit.ChartPanelTests, org.jfree.chart.junit.ChartRenderingInfoTests, org.jfree.chart.junit.ChartRenderingInfoTests, org.jfree.chart.junit.GanttChartTests, org.jfree.chart.junit.GanttChartTests, org.jfree.chart.junit.JFreeChartTests, org.jfree.chart.junit.JFreeChartTests, org.jfree.chart.junit.LegendItemCollectionTests, org.jfree.chart.junit.LegendItemCollectionTests, org.jfree.chart.junit.LegendItemTests, org.jfree.chart.junit.LegendItemTests, org.jfree.chart.junit.LineChart3DTests, org.jfree.chart.junit.LineChart3DTests, org.jfree.chart.junit.LineChartTests, org.jfree.chart.junit.LineChartTests, org.jfree.chart.junit.MeterChartTests, org.jfree.chart.junit.MeterChartTests, org.jfree.chart.junit.PaintMapTests, org.jfree.chart.junit.PaintMapTests, org.jfree.chart.junit.PieChart3DTests, org.jfree.chart.junit.PieChart3DTests, org.jfree.chart.junit.PieChartTests, org.jfree.chart.junit.PieChartTests, org.jfree.chart.junit.ScatterPlotTests, org.jfree.chart.junit.ScatterPlotTests, org.jfree.chart.junit.StackedAreaChartTests, org.jfree.chart.junit.StackedAreaChartTests, org.jfree.chart.junit.StackedBarChart3DTests, org.jfree.chart.junit.StackedBarChart3DTests, org.jfree.chart.junit.StackedBarChartTests, org.jfree.chart.junit.StackedBarChartTests, org.jfree.chart.junit.StrokeMapTests, org.jfree.chart.junit.StrokeMapTests, org.jfree.chart.junit.TimeSeriesChartTests, org.jfree.chart.junit.TimeSeriesChartTests, org.jfree.chart.junit.WaterfallChartTests, org.jfree.chart.junit.WaterfallChartTests, org.jfree.chart.junit.XYAreaChartTests, org.jfree.chart.junit.XYAreaChartTests, org.jfree.chart.junit.XYBarChartTests, org.jfree.chart.junit.XYBarChartTests, org.jfree.chart.junit.XYLineChartTests, org.jfree.chart.junit.XYLineChartTests, org.jfree.chart.junit.XYStepAreaChartTests, org.jfree.chart.junit.XYStepAreaChartTests, org.jfree.chart.junit.XYStepChartTests, org.jfree.chart.junit.XYStepChartTests, org.jfree.chart.labels.junit.BoxAndWhiskerToolTipGeneratorTests, org.jfree.chart.labels.junit.BoxAndWhiskerToolTipGeneratorTests, org.jfree.chart.labels.junit.BoxAndWhiskerXYToolTipGeneratorTests, org.jfree.chart.labels.junit.BoxAndWhiskerXYToolTipGeneratorTests, org.jfree.chart.labels.junit.BubbleXYItemLabelGeneratorTests, org.jfree.chart.labels.junit.BubbleXYItemLabelGeneratorTests, org.jfree.chart.labels.junit.CustomXYItemLabelGeneratorTests, org.jfree.chart.labels.junit.CustomXYItemLabelGeneratorTests, org.jfree.chart.labels.junit.HighLowItemLabelGeneratorTests, org.jfree.chart.labels.junit.HighLowItemLabelGeneratorTests, org.jfree.chart.labels.junit.IntervalCategoryLabelGeneratorTests, org.jfree.chart.labels.junit.IntervalCategoryLabelGeneratorTests, org.jfree.chart.labels.junit.ItemLabelAnchorTests, org.jfree.chart.labels.junit.ItemLabelAnchorTests, org.jfree.chart.labels.junit.ItemLabelPositionTests, org.jfree.chart.labels.junit.ItemLabelPositionTests, org.jfree.chart.labels.junit.LabelsPackageTests, org.jfree.chart.labels.junit.LabelsPackageTests, org.jfree.chart.labels.junit.MultipleXYSeriesLabelGeneratorTests, org.jfree.chart.labels.junit.MultipleXYSeriesLabelGeneratorTests, org.jfree.chart.labels.junit.StandardCategoryItemLabelGeneratorTests, org.jfree.chart.labels.junit.StandardCategoryItemLabelGeneratorTests, org.jfree.chart.labels.junit.StandardCategorySeriesLabelGeneratorTests, org.jfree.chart.labels.junit.StandardCategorySeriesLabelGeneratorTests, org.jfree.chart.labels.junit.StandardCategoryToolTipGeneratorTests, org.jfree.chart.labels.junit.StandardCategoryToolTipGeneratorTests, org.jfree.chart.labels.junit.StandardPieSectionLabelGeneratorTests, org.jfree.chart.labels.junit.StandardPieSectionLabelGeneratorTests, org.jfree.chart.labels.junit.StandardPieToolTipGeneratorTests, org.jfree.chart.labels.junit.StandardPieToolTipGeneratorTests, org.jfree.chart.labels.junit.StandardXYItemLabelGeneratorTests, org.jfree.chart.labels.junit.StandardXYItemLabelGeneratorTests, org.jfree.chart.labels.junit.StandardXYSeriesLabelGeneratorTests, org.jfree.chart.labels.junit.StandardXYSeriesLabelGeneratorTests, org.jfree.chart.labels.junit.StandardXYToolTipGeneratorTests, org.jfree.chart.labels.junit.StandardXYToolTipGeneratorTests, org.jfree.chart.labels.junit.StandardXYZToolTipGeneratorTests, org.jfree.chart.labels.junit.StandardXYZToolTipGeneratorTests, org.jfree.chart.labels.junit.SymbolicXYItemLabelGeneratorTests, org.jfree.chart.labels.junit.SymbolicXYItemLabelGeneratorTests, org.jfree.chart.needle.junit.ArrowNeedleTests, org.jfree.chart.needle.junit.ArrowNeedleTests, org.jfree.chart.needle.junit.LineNeedleTests, org.jfree.chart.needle.junit.LineNeedleTests, org.jfree.chart.needle.junit.LongNeedleTests, org.jfree.chart.needle.junit.LongNeedleTests, org.jfree.chart.needle.junit.MeterNeedleTests, org.jfree.chart.needle.junit.MeterNeedleTests, org.jfree.chart.needle.junit.MiddlePinNeedleTests, org.jfree.chart.needle.junit.MiddlePinNeedleTests, org.jfree.chart.needle.junit.NeedlePackageTests, org.jfree.chart.needle.junit.NeedlePackageTests, org.jfree.chart.needle.junit.PinNeedleTests, org.jfree.chart.needle.junit.PinNeedleTests, org.jfree.chart.needle.junit.PlumNeedleTests, org.jfree.chart.needle.junit.PlumNeedleTests, org.jfree.chart.needle.junit.PointerNeedleTests, org.jfree.chart.needle.junit.PointerNeedleTests, org.jfree.chart.needle.junit.ShipNeedleTests, org.jfree.chart.needle.junit.ShipNeedleTests, org.jfree.chart.needle.junit.WindNeedleTests, org.jfree.chart.needle.junit.WindNeedleTests, org.jfree.chart.plot.dial.junit.AbstractDialLayerTests, org.jfree.chart.plot.dial.junit.AbstractDialLayerTests, org.jfree.chart.plot.dial.junit.ArcDialFrameTests, org.jfree.chart.plot.dial.junit.ArcDialFrameTests, org.jfree.chart.plot.dial.junit.DialBackgroundTests, org.jfree.chart.plot.dial.junit.DialBackgroundTests, org.jfree.chart.plot.dial.junit.DialCapTests, org.jfree.chart.plot.dial.junit.DialCapTests, org.jfree.chart.plot.dial.junit.DialPackageTests, org.jfree.chart.plot.dial.junit.DialPackageTests, org.jfree.chart.plot.dial.junit.DialPlotTests, org.jfree.chart.plot.dial.junit.DialPlotTests, org.jfree.chart.plot.dial.junit.DialPointerTests, org.jfree.chart.plot.dial.junit.DialPointerTests, org.jfree.chart.plot.dial.junit.DialTextAnnotationTests, org.jfree.chart.plot.dial.junit.DialTextAnnotationTests, org.jfree.chart.plot.dial.junit.DialValueIndicatorTests, org.jfree.chart.plot.dial.junit.DialValueIndicatorTests, org.jfree.chart.plot.dial.junit.StandardDialFrameTests, org.jfree.chart.plot.dial.junit.StandardDialFrameTests, org.jfree.chart.plot.dial.junit.StandardDialRangeTests, org.jfree.chart.plot.dial.junit.StandardDialRangeTests, org.jfree.chart.plot.dial.junit.StandardDialScaleTests, org.jfree.chart.plot.dial.junit.StandardDialScaleTests, org.jfree.chart.plot.junit.CategoryMarkerTests, org.jfree.chart.plot.junit.CategoryMarkerTests, org.jfree.chart.plot.junit.CategoryPlotTests, org.jfree.chart.plot.junit.CategoryPlotTests, org.jfree.chart.plot.junit.CombinedDomainCategoryPlotTests, org.jfree.chart.plot.junit.CombinedDomainCategoryPlotTests, org.jfree.chart.plot.junit.CombinedDomainXYPlotTests, org.jfree.chart.plot.junit.CombinedDomainXYPlotTests, org.jfree.chart.plot.junit.CombinedRangeCategoryPlotTests, org.jfree.chart.plot.junit.CombinedRangeCategoryPlotTests, org.jfree.chart.plot.junit.CombinedRangeXYPlotTests, org.jfree.chart.plot.junit.CombinedRangeXYPlotTests, org.jfree.chart.plot.junit.CompassPlotTests, org.jfree.chart.plot.junit.CompassPlotTests, org.jfree.chart.plot.junit.DefaultDrawingSupplierTests, org.jfree.chart.plot.junit.DefaultDrawingSupplierTests, org.jfree.chart.plot.junit.FastScatterPlotTests, org.jfree.chart.plot.junit.FastScatterPlotTests, org.jfree.chart.plot.junit.IntervalMarkerTests, org.jfree.chart.plot.junit.IntervalMarkerTests, org.jfree.chart.plot.junit.MarkerTests, org.jfree.chart.plot.junit.MarkerTests, org.jfree.chart.plot.junit.MeterIntervalTests, org.jfree.chart.plot.junit.MeterIntervalTests, org.jfree.chart.plot.junit.MeterPlotTests, org.jfree.chart.plot.junit.MeterPlotTests, org.jfree.chart.plot.junit.MultiplePiePlotTests, org.jfree.chart.plot.junit.MultiplePiePlotTests, org.jfree.chart.plot.junit.PieLabelRecordTests, org.jfree.chart.plot.junit.PieLabelRecordTests, org.jfree.chart.plot.junit.PiePlot3DTests, org.jfree.chart.plot.junit.PiePlot3DTests, org.jfree.chart.plot.junit.PiePlotTests, org.jfree.chart.plot.junit.PiePlotTests, org.jfree.chart.plot.junit.PlotOrientationTests, org.jfree.chart.plot.junit.PlotOrientationTests, org.jfree.chart.plot.junit.PlotPackageTests, org.jfree.chart.plot.junit.PlotPackageTests, org.jfree.chart.plot.junit.PlotRenderingInfoTests, org.jfree.chart.plot.junit.PlotRenderingInfoTests, org.jfree.chart.plot.junit.PlotTests, org.jfree.chart.plot.junit.PlotTests, org.jfree.chart.plot.junit.PolarPlotTests, org.jfree.chart.plot.junit.PolarPlotTests, org.jfree.chart.plot.junit.RingPlotTests, org.jfree.chart.plot.junit.RingPlotTests, org.jfree.chart.plot.junit.SpiderWebPlotTests, org.jfree.chart.plot.junit.SpiderWebPlotTests, org.jfree.chart.plot.junit.ThermometerPlotTests, org.jfree.chart.plot.junit.ThermometerPlotTests, org.jfree.chart.plot.junit.ValueMarkerTests, org.jfree.chart.plot.junit.ValueMarkerTests, org.jfree.chart.plot.junit.XYPlotTests, org.jfree.chart.plot.junit.XYPlotTests, org.jfree.chart.renderer.category.junit.AbstractCategoryItemRendererTests, org.jfree.chart.renderer.category.junit.AbstractCategoryItemRendererTests, org.jfree.chart.renderer.category.junit.AreaRendererTests, org.jfree.chart.renderer.category.junit.AreaRendererTests, org.jfree.chart.renderer.category.junit.BarRenderer3DTests, org.jfree.chart.renderer.category.junit.BarRenderer3DTests, org.jfree.chart.renderer.category.junit.BarRendererTests, org.jfree.chart.renderer.category.junit.BarRendererTests, org.jfree.chart.renderer.category.junit.BoxAndWhiskerRendererTests, org.jfree.chart.renderer.category.junit.BoxAndWhiskerRendererTests, org.jfree.chart.renderer.category.junit.CategoryStepRendererTests, org.jfree.chart.renderer.category.junit.CategoryStepRendererTests, org.jfree.chart.renderer.category.junit.DefaultCategoryItemRendererTests, org.jfree.chart.renderer.category.junit.DefaultCategoryItemRendererTests, org.jfree.chart.renderer.category.junit.GanttRendererTests, org.jfree.chart.renderer.category.junit.GanttRendererTests, org.jfree.chart.renderer.category.junit.GroupedStackedBarRendererTests, org.jfree.chart.renderer.category.junit.GroupedStackedBarRendererTests, org.jfree.chart.renderer.category.junit.IntervalBarRendererTests, org.jfree.chart.renderer.category.junit.IntervalBarRendererTests, org.jfree.chart.renderer.category.junit.LayeredBarRendererTests, org.jfree.chart.renderer.category.junit.LayeredBarRendererTests, org.jfree.chart.renderer.category.junit.LevelRendererTests, org.jfree.chart.renderer.category.junit.LevelRendererTests, org.jfree.chart.renderer.category.junit.LineAndShapeRendererTests, org.jfree.chart.renderer.category.junit.LineAndShapeRendererTests, org.jfree.chart.renderer.category.junit.LineRenderer3DTests, org.jfree.chart.renderer.category.junit.LineRenderer3DTests, org.jfree.chart.renderer.category.junit.MinMaxCategoryRendererTests, org.jfree.chart.renderer.category.junit.MinMaxCategoryRendererTests, org.jfree.chart.renderer.category.junit.RendererCategoryPackageTests, org.jfree.chart.renderer.category.junit.RendererCategoryPackageTests, org.jfree.chart.renderer.category.junit.ScatterRendererTests, org.jfree.chart.renderer.category.junit.ScatterRendererTests, org.jfree.chart.renderer.category.junit.StackedAreaRendererTests, org.jfree.chart.renderer.category.junit.StackedAreaRendererTests, org.jfree.chart.renderer.category.junit.StackedBarRenderer3DTests, org.jfree.chart.renderer.category.junit.StackedBarRenderer3DTests, org.jfree.chart.renderer.category.junit.StackedBarRendererTests, org.jfree.chart.renderer.category.junit.StackedBarRendererTests, org.jfree.chart.renderer.category.junit.StatisticalBarRendererTests, org.jfree.chart.renderer.category.junit.StatisticalBarRendererTests, org.jfree.chart.renderer.category.junit.StatisticalLineAndShapeRendererTests, org.jfree.chart.renderer.category.junit.StatisticalLineAndShapeRendererTests, org.jfree.chart.renderer.category.junit.WaterfallBarRendererTests, org.jfree.chart.renderer.category.junit.WaterfallBarRendererTests, org.jfree.chart.renderer.junit.AbstractRendererTests, org.jfree.chart.renderer.junit.AbstractRendererTests, org.jfree.chart.renderer.junit.AreaRendererEndTypeTests, org.jfree.chart.renderer.junit.AreaRendererEndTypeTests, org.jfree.chart.renderer.junit.DefaultPolarItemRendererTests, org.jfree.chart.renderer.junit.DefaultPolarItemRendererTests, org.jfree.chart.renderer.junit.GrayPaintScaleTests, org.jfree.chart.renderer.junit.GrayPaintScaleTests, org.jfree.chart.renderer.junit.LookupPaintScaleTests, org.jfree.chart.renderer.junit.LookupPaintScaleTests, org.jfree.chart.renderer.junit.OutlierTests, org.jfree.chart.renderer.junit.OutlierTests, org.jfree.chart.renderer.junit.RendererPackageTests, org.jfree.chart.renderer.junit.RendererPackageTests, org.jfree.chart.renderer.junit.RendererUtilitiesTests, org.jfree.chart.renderer.junit.RendererUtilitiesTests, org.jfree.chart.renderer.xy.junit.AbstractXYItemRendererTests, org.jfree.chart.renderer.xy.junit.AbstractXYItemRendererTests, org.jfree.chart.renderer.xy.junit.CandlestickRendererTests, org.jfree.chart.renderer.xy.junit.CandlestickRendererTests, org.jfree.chart.renderer.xy.junit.ClusteredXYBarRendererTests, org.jfree.chart.renderer.xy.junit.ClusteredXYBarRendererTests, org.jfree.chart.renderer.xy.junit.DeviationRendererTests, org.jfree.chart.renderer.xy.junit.DeviationRendererTests, org.jfree.chart.renderer.xy.junit.HighLowRendererTests, org.jfree.chart.renderer.xy.junit.HighLowRendererTests, org.jfree.chart.renderer.xy.junit.RendererXYPackageTests, org.jfree.chart.renderer.xy.junit.RendererXYPackageTests, org.jfree.chart.renderer.xy.junit.StackedXYAreaRenderer2Tests, org.jfree.chart.renderer.xy.junit.StackedXYAreaRenderer2Tests, org.jfree.chart.renderer.xy.junit.StackedXYAreaRendererTests, org.jfree.chart.renderer.xy.junit.StackedXYAreaRendererTests, org.jfree.chart.renderer.xy.junit.StackedXYBarRendererTests, org.jfree.chart.renderer.xy.junit.StackedXYBarRendererTests, org.jfree.chart.renderer.xy.junit.StandardXYItemRendererTests, org.jfree.chart.renderer.xy.junit.StandardXYItemRendererTests, org.jfree.chart.renderer.xy.junit.VectorRendererTests, org.jfree.chart.renderer.xy.junit.VectorRendererTests, org.jfree.chart.renderer.xy.junit.WindItemRendererTests, org.jfree.chart.renderer.xy.junit.WindItemRendererTests, org.jfree.chart.renderer.xy.junit.XYAreaRenderer2Tests, org.jfree.chart.renderer.xy.junit.XYAreaRenderer2Tests, org.jfree.chart.renderer.xy.junit.XYAreaRendererTests, org.jfree.chart.renderer.xy.junit.XYAreaRendererTests, org.jfree.chart.renderer.xy.junit.XYBarRendererTests, org.jfree.chart.renderer.xy.junit.XYBarRendererTests, org.jfree.chart.renderer.xy.junit.XYBlockRendererTests, org.jfree.chart.renderer.xy.junit.XYBlockRendererTests, org.jfree.chart.renderer.xy.junit.XYBoxAndWhiskerRendererTests, org.jfree.chart.renderer.xy.junit.XYBoxAndWhiskerRendererTests, org.jfree.chart.renderer.xy.junit.XYBubbleRendererTests, org.jfree.chart.renderer.xy.junit.XYBubbleRendererTests, org.jfree.chart.renderer.xy.junit.XYDifferenceRendererTests, org.jfree.chart.renderer.xy.junit.XYDifferenceRendererTests, org.jfree.chart.renderer.xy.junit.XYDotRendererTests, org.jfree.chart.renderer.xy.junit.XYDotRendererTests, org.jfree.chart.renderer.xy.junit.XYErrorRendererTests, org.jfree.chart.renderer.xy.junit.XYErrorRendererTests, org.jfree.chart.renderer.xy.junit.XYLine3DRendererTests, org.jfree.chart.renderer.xy.junit.XYLine3DRendererTests, org.jfree.chart.renderer.xy.junit.XYLineAndShapeRendererTests, org.jfree.chart.renderer.xy.junit.XYLineAndShapeRendererTests, org.jfree.chart.renderer.xy.junit.XYSplineAndShapeRendererTests, org.jfree.chart.renderer.xy.junit.XYSplineAndShapeRendererTests, org.jfree.chart.renderer.xy.junit.XYStepAreaRendererTests, org.jfree.chart.renderer.xy.junit.XYStepAreaRendererTests, org.jfree.chart.renderer.xy.junit.XYStepRendererTests, org.jfree.chart.renderer.xy.junit.XYStepRendererTests, org.jfree.chart.renderer.xy.junit.YIntervalRendererTests, org.jfree.chart.renderer.xy.junit.YIntervalRendererTests, org.jfree.chart.title.junit.CompositeTitleTests, org.jfree.chart.title.junit.CompositeTitleTests, org.jfree.chart.title.junit.DateTitleTests, org.jfree.chart.title.junit.DateTitleTests, org.jfree.chart.title.junit.ImageTitleTests, org.jfree.chart.title.junit.ImageTitleTests, org.jfree.chart.title.junit.LegendGraphicTests, org.jfree.chart.title.junit.LegendGraphicTests, org.jfree.chart.title.junit.LegendTitleTests, org.jfree.chart.title.junit.LegendTitleTests, org.jfree.chart.title.junit.PaintScaleLegendTests, org.jfree.chart.title.junit.PaintScaleLegendTests, org.jfree.chart.title.junit.TextTitleTests, org.jfree.chart.title.junit.TextTitleTests, org.jfree.chart.title.junit.TitlePackageTests, org.jfree.chart.title.junit.TitlePackageTests, org.jfree.chart.title.junit.TitleTests, org.jfree.chart.title.junit.TitleTests, org.jfree.chart.urls.junit.CustomPieURLGeneratorTests, org.jfree.chart.urls.junit.CustomPieURLGeneratorTests, org.jfree.chart.urls.junit.CustomXYURLGeneratorTests, org.jfree.chart.urls.junit.CustomXYURLGeneratorTests, org.jfree.chart.urls.junit.StandardCategoryURLGeneratorTests, org.jfree.chart.urls.junit.StandardCategoryURLGeneratorTests, org.jfree.chart.urls.junit.StandardPieURLGeneratorTests, org.jfree.chart.urls.junit.StandardPieURLGeneratorTests, org.jfree.chart.urls.junit.StandardXYURLGeneratorTests, org.jfree.chart.urls.junit.StandardXYURLGeneratorTests, org.jfree.chart.urls.junit.TimeSeriesURLGeneratorTests, org.jfree.chart.urls.junit.TimeSeriesURLGeneratorTests, org.jfree.chart.urls.junit.UrlsPackageTests, org.jfree.chart.urls.junit.UrlsPackageTests, org.jfree.chart.util.junit.BooleanListTests, org.jfree.chart.util.junit.BooleanListTests, org.jfree.chart.util.junit.HashUtilitiesTests, org.jfree.chart.util.junit.HashUtilitiesTests, org.jfree.chart.util.junit.LogFormatTests, org.jfree.chart.util.junit.LogFormatTests, org.jfree.chart.util.junit.PaintListTests, org.jfree.chart.util.junit.PaintListTests, org.jfree.chart.util.junit.RelativeDateFormatTests, org.jfree.chart.util.junit.RelativeDateFormatTests, org.jfree.chart.util.junit.ShapeUtilitiesTests, org.jfree.chart.util.junit.ShapeUtilitiesTests, org.jfree.chart.util.junit.StrokeListTests, org.jfree.chart.util.junit.StrokeListTests, org.jfree.chart.util.junit.UtilPackageTests, org.jfree.chart.util.junit.UtilPackageTests, org.jfree.data.category.junit.CategoryToPieDatasetTests, org.jfree.data.category.junit.CategoryToPieDatasetTests, org.jfree.data.category.junit.DataCategoryPackageTests, org.jfree.data.category.junit.DataCategoryPackageTests, org.jfree.data.category.junit.DefaultCategoryDatasetTests, org.jfree.data.category.junit.DefaultCategoryDatasetTests, org.jfree.data.category.junit.DefaultIntervalCategoryDatasetTests, org.jfree.data.category.junit.DefaultIntervalCategoryDatasetTests, org.jfree.data.gantt.junit.DataGanttPackageTests, org.jfree.data.gantt.junit.DataGanttPackageTests, org.jfree.data.gantt.junit.TaskSeriesCollectionTests, org.jfree.data.gantt.junit.TaskSeriesCollectionTests, org.jfree.data.gantt.junit.TaskSeriesTests, org.jfree.data.gantt.junit.TaskSeriesTests, org.jfree.data.gantt.junit.TaskTests, org.jfree.data.gantt.junit.TaskTests, org.jfree.data.general.junit.DataGeneralPackageTests, org.jfree.data.general.junit.DataGeneralPackageTests, org.jfree.data.general.junit.DatasetGroupTests, org.jfree.data.general.junit.DatasetGroupTests, org.jfree.data.general.junit.DatasetUtilitiesTests, org.jfree.data.general.junit.DatasetUtilitiesTests, org.jfree.data.general.junit.DefaultKeyedValueDatasetTests, org.jfree.data.general.junit.DefaultKeyedValueDatasetTests, org.jfree.data.general.junit.DefaultKeyedValues2DDatasetTests, org.jfree.data.general.junit.DefaultKeyedValues2DDatasetTests, org.jfree.data.general.junit.DefaultKeyedValuesDatasetTests, org.jfree.data.general.junit.DefaultKeyedValuesDatasetTests, org.jfree.data.general.junit.DefaultPieDatasetTests, org.jfree.data.general.junit.DefaultPieDatasetTests, org.jfree.data.junit.ComparableObjectItemTests, org.jfree.data.junit.ComparableObjectItemTests, org.jfree.data.junit.ComparableObjectSeriesTests, org.jfree.data.junit.ComparableObjectSeriesTests, org.jfree.data.junit.DataPackageTests, org.jfree.data.junit.DataPackageTests, org.jfree.data.junit.DataUtilitiesTests, org.jfree.data.junit.DataUtilitiesTests, org.jfree.data.junit.DefaultKeyedValueTests, org.jfree.data.junit.DefaultKeyedValueTests, org.jfree.data.junit.DefaultKeyedValues2DTests, org.jfree.data.junit.DefaultKeyedValues2DTests, org.jfree.data.junit.DefaultKeyedValuesTests, org.jfree.data.junit.DefaultKeyedValuesTests, org.jfree.data.junit.DomainOrderTests, org.jfree.data.junit.DomainOrderTests, org.jfree.data.junit.KeyToGroupMapTests, org.jfree.data.junit.KeyToGroupMapTests, org.jfree.data.junit.KeyedObjectTests, org.jfree.data.junit.KeyedObjectTests, org.jfree.data.junit.KeyedObjects2DTests, org.jfree.data.junit.KeyedObjects2DTests, org.jfree.data.junit.KeyedObjectsTests, org.jfree.data.junit.KeyedObjectsTests, org.jfree.data.junit.RangeTests, org.jfree.data.junit.RangeTests, org.jfree.data.junit.RangeTypeTests, org.jfree.data.junit.RangeTypeTests, org.jfree.data.statistics.junit.BoxAndWhiskerCalculatorTests, org.jfree.data.statistics.junit.BoxAndWhiskerCalculatorTests, org.jfree.data.statistics.junit.BoxAndWhiskerItemTests, org.jfree.data.statistics.junit.BoxAndWhiskerItemTests, org.jfree.data.statistics.junit.DataStatisticsPackageTests, org.jfree.data.statistics.junit.DataStatisticsPackageTests, org.jfree.data.statistics.junit.DefaultBoxAndWhiskerCategoryDatasetTests, org.jfree.data.statistics.junit.DefaultBoxAndWhiskerCategoryDatasetTests, org.jfree.data.statistics.junit.DefaultMultiValueCategoryDatasetTests, org.jfree.data.statistics.junit.DefaultMultiValueCategoryDatasetTests, org.jfree.data.statistics.junit.DefaultStatisticalCategoryDatasetTests, org.jfree.data.statistics.junit.DefaultStatisticalCategoryDatasetTests, org.jfree.data.statistics.junit.HistogramBinTests, org.jfree.data.statistics.junit.HistogramBinTests, org.jfree.data.statistics.junit.HistogramDatasetTests, org.jfree.data.statistics.junit.HistogramDatasetTests, org.jfree.data.statistics.junit.MeanAndStandardDeviationTests, org.jfree.data.statistics.junit.MeanAndStandardDeviationTests, org.jfree.data.statistics.junit.RegressionTests, org.jfree.data.statistics.junit.RegressionTests, org.jfree.data.statistics.junit.SimpleHistogramBinTests, org.jfree.data.statistics.junit.SimpleHistogramBinTests, org.jfree.data.statistics.junit.SimpleHistogramDatasetTests, org.jfree.data.statistics.junit.SimpleHistogramDatasetTests, org.jfree.data.statistics.junit.StatisticsTests, org.jfree.data.statistics.junit.StatisticsTests, org.jfree.data.time.junit.DataTimePackageTests, org.jfree.data.time.junit.DataTimePackageTests, org.jfree.data.time.junit.DateRangeTests, org.jfree.data.time.junit.DateRangeTests, org.jfree.data.time.junit.DayTests, org.jfree.data.time.junit.DayTests, org.jfree.data.time.junit.FixedMillisecondTests, org.jfree.data.time.junit.FixedMillisecondTests, org.jfree.data.time.junit.HourTests, org.jfree.data.time.junit.HourTests, org.jfree.data.time.junit.MillisecondTests, org.jfree.data.time.junit.MillisecondTests, org.jfree.data.time.junit.MinuteTests, org.jfree.data.time.junit.MinuteTests, org.jfree.data.time.junit.MonthTests, org.jfree.data.time.junit.MonthTests, org.jfree.data.time.junit.MovingAverageTests, org.jfree.data.time.junit.MovingAverageTests, org.jfree.data.time.junit.QuarterTests, org.jfree.data.time.junit.QuarterTests, org.jfree.data.time.junit.SecondTests, org.jfree.data.time.junit.SecondTests, org.jfree.data.time.junit.SimpleTimePeriodTests, org.jfree.data.time.junit.SimpleTimePeriodTests, org.jfree.data.time.junit.TimePeriodAnchorTests, org.jfree.data.time.junit.TimePeriodAnchorTests, org.jfree.data.time.junit.TimePeriodValueTests, org.jfree.data.time.junit.TimePeriodValueTests, org.jfree.data.time.junit.TimePeriodValuesCollectionTests, org.jfree.data.time.junit.TimePeriodValuesCollectionTests, org.jfree.data.time.junit.TimePeriodValuesTests, org.jfree.data.time.junit.TimePeriodValuesTests, org.jfree.data.time.junit.TimeSeriesCollectionTests, org.jfree.data.time.junit.TimeSeriesCollectionTests, org.jfree.data.time.junit.TimeSeriesDataItemTests, org.jfree.data.time.junit.TimeSeriesDataItemTests, org.jfree.data.time.junit.TimeSeriesTests, org.jfree.data.time.junit.TimeSeriesTests, org.jfree.data.time.junit.TimeTableXYDatasetTests, org.jfree.data.time.junit.TimeTableXYDatasetTests, org.jfree.data.time.junit.WeekTests, org.jfree.data.time.junit.WeekTests, org.jfree.data.time.junit.YearTests, org.jfree.data.time.junit.YearTests, org.jfree.data.time.ohlc.junit.OHLCItemTests, org.jfree.data.time.ohlc.junit.OHLCItemTests, org.jfree.data.time.ohlc.junit.OHLCPackageTests, org.jfree.data.time.ohlc.junit.OHLCPackageTests, org.jfree.data.time.ohlc.junit.OHLCSeriesCollectionTests, org.jfree.data.time.ohlc.junit.OHLCSeriesCollectionTests, org.jfree.data.time.ohlc.junit.OHLCSeriesTests, org.jfree.data.time.ohlc.junit.OHLCSeriesTests, org.jfree.data.time.ohlc.junit.OHLCTests, org.jfree.data.time.ohlc.junit.OHLCTests, org.jfree.data.xy.junit.CategoryTableXYDatasetTests, org.jfree.data.xy.junit.CategoryTableXYDatasetTests, org.jfree.data.xy.junit.DataXYPackageTests, org.jfree.data.xy.junit.DataXYPackageTests, org.jfree.data.xy.junit.DefaultHighLowDatasetTests, org.jfree.data.xy.junit.DefaultHighLowDatasetTests, org.jfree.data.xy.junit.DefaultIntervalXYDatasetTests, org.jfree.data.xy.junit.DefaultIntervalXYDatasetTests, org.jfree.data.xy.junit.DefaultOHLCDatasetTests, org.jfree.data.xy.junit.DefaultOHLCDatasetTests, org.jfree.data.xy.junit.DefaultTableXYDatasetTests, org.jfree.data.xy.junit.DefaultTableXYDatasetTests, org.jfree.data.xy.junit.DefaultWindDatasetTests, org.jfree.data.xy.junit.DefaultWindDatasetTests, org.jfree.data.xy.junit.DefaultXYDatasetTests, org.jfree.data.xy.junit.DefaultXYDatasetTests, org.jfree.data.xy.junit.DefaultXYZDatasetTests, org.jfree.data.xy.junit.DefaultXYZDatasetTests, org.jfree.data.xy.junit.IntervalXYDelegateTests, org.jfree.data.xy.junit.IntervalXYDelegateTests, org.jfree.data.xy.junit.MatrixSeriesCollectionTests, org.jfree.data.xy.junit.MatrixSeriesCollectionTests, org.jfree.data.xy.junit.MatrixSeriesTests, org.jfree.data.xy.junit.MatrixSeriesTests, org.jfree.data.xy.junit.OHLCDataItemTests, org.jfree.data.xy.junit.OHLCDataItemTests, org.jfree.data.xy.junit.TableXYDatasetTests, org.jfree.data.xy.junit.TableXYDatasetTests, org.jfree.data.xy.junit.VectorDataItemTests, org.jfree.data.xy.junit.VectorDataItemTests, org.jfree.data.xy.junit.VectorSeriesCollectionTests, org.jfree.data.xy.junit.VectorSeriesCollectionTests, org.jfree.data.xy.junit.VectorSeriesTests, org.jfree.data.xy.junit.VectorSeriesTests, org.jfree.data.xy.junit.VectorTests, org.jfree.data.xy.junit.VectorTests, org.jfree.data.xy.junit.XIntervalDataItemTests, org.jfree.data.xy.junit.XIntervalDataItemTests, org.jfree.data.xy.junit.XIntervalSeriesCollectionTests, org.jfree.data.xy.junit.XIntervalSeriesCollectionTests, org.jfree.data.xy.junit.XIntervalSeriesTests, org.jfree.data.xy.junit.XIntervalSeriesTests, org.jfree.data.xy.junit.XYBarDatasetTests, org.jfree.data.xy.junit.XYBarDatasetTests, org.jfree.data.xy.junit.XYCoordinateTests, org.jfree.data.xy.junit.XYCoordinateTests, org.jfree.data.xy.junit.XYDataItemTests, org.jfree.data.xy.junit.XYDataItemTests, org.jfree.data.xy.junit.XYIntervalDataItemTests, org.jfree.data.xy.junit.XYIntervalDataItemTests, org.jfree.data.xy.junit.XYIntervalSeriesCollectionTests, org.jfree.data.xy.junit.XYIntervalSeriesCollectionTests, org.jfree.data.xy.junit.XYIntervalSeriesTests, org.jfree.data.xy.junit.XYIntervalSeriesTests, org.jfree.data.xy.junit.XYIntervalTests, org.jfree.data.xy.junit.XYIntervalTests, org.jfree.data.xy.junit.XYSeriesCollectionTests, org.jfree.data.xy.junit.XYSeriesCollectionTests, org.jfree.data.xy.junit.XYSeriesTests, org.jfree.data.xy.junit.XYSeriesTests, org.jfree.data.xy.junit.YIntervalDataItemTests, org.jfree.data.xy.junit.YIntervalDataItemTests, org.jfree.data.xy.junit.YIntervalSeriesCollectionTests, org.jfree.data.xy.junit.YIntervalSeriesCollectionTests, org.jfree.data.xy.junit.YIntervalSeriesTests, org.jfree.data.xy.junit.YIntervalSeriesTests, org.jfree.data.xy.junit.YIntervalTests, org.jfree.data.xy.junit.YIntervalTests, org.jfree.data.xy.junit.YWithXIntervalTests, org.jfree.data.xy.junit.YWithXIntervalTests]
17:49:30.090 [main] INFO  fr.inria.lille.repair.nopol.NoPol - Config: Config{synthesisDepth=3, collectStaticMethods=true, collectStaticFields=false, collectLiterals=false, onlyOneSynthesisResult=true, sortExpressions=true, maxLineInvocationPerTest=250, timeoutMethodInvocation=2000, dataCollectionTimeoutInSecondForSynthesis=900, addWeight=0.19478, subWeight=0.04554, mulWeight=0.0102, divWeight=0.00613, andWeight=0.10597, orWeight=0.05708, eqWeight=0.22798, nEqWeight=0.0, lessEqWeight=0.0255, lessWeight=0.0947, methodCallWeight=0.1, fieldAccessWeight=0.08099, constantWeight=0.14232, variableWeight=0.05195, mode=REPAIR, type=PRE_THEN_COND, synthesis=SMT, oracle=ANGELIC, solver=Z3, solverPath='/home/tdurieux/defects4j4repair/script/../libs/z3/build/z3', projectSources=[source], projectClasspath='[Ljava.net.URL;@66d33a', projectTests=[org.jfree.chart.annotations.junit.AnnotationsPackageTests, org.jfree.chart.annotations.junit.AnnotationsPackageTests, org.jfree.chart.annotations.junit.CategoryLineAnnotationTests, org.jfree.chart.annotations.junit.CategoryLineAnnotationTests, org.jfree.chart.annotations.junit.CategoryPointerAnnotationTests, org.jfree.chart.annotations.junit.CategoryPointerAnnotationTests, org.jfree.chart.annotations.junit.CategoryTextAnnotationTests, org.jfree.chart.annotations.junit.CategoryTextAnnotationTests, org.jfree.chart.annotations.junit.TextAnnotationTests, org.jfree.chart.annotations.junit.TextAnnotationTests, org.jfree.chart.annotations.junit.XYBoxAnnotationTests, org.jfree.chart.annotations.junit.XYBoxAnnotationTests, org.jfree.chart.annotations.junit.XYDrawableAnnotationTests, org.jfree.chart.annotations.junit.XYDrawableAnnotationTests, org.jfree.chart.annotations.junit.XYImageAnnotationTests, org.jfree.chart.annotations.junit.XYImageAnnotationTests, org.jfree.chart.annotations.junit.XYLineAnnotationTests, org.jfree.chart.annotations.junit.XYLineAnnotationTests, org.jfree.chart.annotations.junit.XYPointerAnnotationTests, org.jfree.chart.annotations.junit.XYPointerAnnotationTests, org.jfree.chart.annotations.junit.XYPolygonAnnotationTests, org.jfree.chart.annotations.junit.XYPolygonAnnotationTests, org.jfree.chart.annotations.junit.XYShapeAnnotationTests, org.jfree.chart.annotations.junit.XYShapeAnnotationTests, org.jfree.chart.annotations.junit.XYTextAnnotationTests, org.jfree.chart.annotations.junit.XYTextAnnotationTests, org.jfree.chart.axis.junit.AxisLocationTests, org.jfree.chart.axis.junit.AxisLocationTests, org.jfree.chart.axis.junit.AxisPackageTests, org.jfree.chart.axis.junit.AxisPackageTests, org.jfree.chart.axis.junit.AxisSpaceTests, org.jfree.chart.axis.junit.AxisSpaceTests, org.jfree.chart.axis.junit.AxisTests, org.jfree.chart.axis.junit.AxisTests, org.jfree.chart.axis.junit.CategoryAnchorTests, org.jfree.chart.axis.junit.CategoryAnchorTests, org.jfree.chart.axis.junit.CategoryAxis3DTests, org.jfree.chart.axis.junit.CategoryAxis3DTests, org.jfree.chart.axis.junit.CategoryAxisTests, org.jfree.chart.axis.junit.CategoryAxisTests, org.jfree.chart.axis.junit.CategoryLabelPositionTests, org.jfree.chart.axis.junit.CategoryLabelPositionTests, org.jfree.chart.axis.junit.CategoryLabelPositionsTests, org.jfree.chart.axis.junit.CategoryLabelPositionsTests, org.jfree.chart.axis.junit.CategoryLabelWidthTypeTests, org.jfree.chart.axis.junit.CategoryLabelWidthTypeTests, org.jfree.chart.axis.junit.CategoryTickTests, org.jfree.chart.axis.junit.CategoryTickTests, org.jfree.chart.axis.junit.CyclicNumberAxisTests, org.jfree.chart.axis.junit.CyclicNumberAxisTests, org.jfree.chart.axis.junit.DateAxisTests, org.jfree.chart.axis.junit.DateAxisTests, org.jfree.chart.axis.junit.DateTickMarkPositionTests, org.jfree.chart.axis.junit.DateTickMarkPositionTests, org.jfree.chart.axis.junit.DateTickTests, org.jfree.chart.axis.junit.DateTickTests, org.jfree.chart.axis.junit.DateTickUnitTests, org.jfree.chart.axis.junit.DateTickUnitTests, org.jfree.chart.axis.junit.ExtendedCategoryAxisTests, org.jfree.chart.axis.junit.ExtendedCategoryAxisTests, org.jfree.chart.axis.junit.LogAxisTests, org.jfree.chart.axis.junit.LogAxisTests, org.jfree.chart.axis.junit.LogarithmicAxisTests, org.jfree.chart.axis.junit.LogarithmicAxisTests, org.jfree.chart.axis.junit.MarkerAxisBandTests, org.jfree.chart.axis.junit.MarkerAxisBandTests, org.jfree.chart.axis.junit.MonthDateFormatTests, org.jfree.chart.axis.junit.MonthDateFormatTests, org.jfree.chart.axis.junit.NumberAxis3DTests, org.jfree.chart.axis.junit.NumberAxis3DTests, org.jfree.chart.axis.junit.NumberAxisTests, org.jfree.chart.axis.junit.NumberAxisTests, org.jfree.chart.axis.junit.NumberTickUnitTests, org.jfree.chart.axis.junit.NumberTickUnitTests, org.jfree.chart.axis.junit.PeriodAxisLabelInfoTests, org.jfree.chart.axis.junit.PeriodAxisLabelInfoTests, org.jfree.chart.axis.junit.PeriodAxisTests, org.jfree.chart.axis.junit.PeriodAxisTests, org.jfree.chart.axis.junit.QuarterDateFormatTests, org.jfree.chart.axis.junit.QuarterDateFormatTests, org.jfree.chart.axis.junit.SegmentedTimelineTests, org.jfree.chart.axis.junit.SegmentedTimelineTests, org.jfree.chart.axis.junit.SegmentedTimelineTests2, org.jfree.chart.axis.junit.SegmentedTimelineTests2, org.jfree.chart.axis.junit.StandardTickUnitSourceTests, org.jfree.chart.axis.junit.StandardTickUnitSourceTests, org.jfree.chart.axis.junit.SubCategoryAxisTests, org.jfree.chart.axis.junit.SubCategoryAxisTests, org.jfree.chart.axis.junit.SymbolAxisTests, org.jfree.chart.axis.junit.SymbolAxisTests, org.jfree.chart.axis.junit.TickUnitsTests, org.jfree.chart.axis.junit.TickUnitsTests, org.jfree.chart.axis.junit.ValueAxisTests, org.jfree.chart.axis.junit.ValueAxisTests, org.jfree.chart.block.junit.AbstractBlockTests, org.jfree.chart.block.junit.AbstractBlockTests, org.jfree.chart.block.junit.BlockBorderTests, org.jfree.chart.block.junit.BlockBorderTests, org.jfree.chart.block.junit.BlockContainerTests, org.jfree.chart.block.junit.BlockContainerTests, org.jfree.chart.block.junit.BlockPackageTests, org.jfree.chart.block.junit.BlockPackageTests, org.jfree.chart.block.junit.BorderArrangementTests, org.jfree.chart.block.junit.BorderArrangementTests, org.jfree.chart.block.junit.ColorBlockTests, org.jfree.chart.block.junit.ColorBlockTests, org.jfree.chart.block.junit.ColumnArrangementTests, org.jfree.chart.block.junit.ColumnArrangementTests, org.jfree.chart.block.junit.EmptyBlockTests, org.jfree.chart.block.junit.EmptyBlockTests, org.jfree.chart.block.junit.FlowArrangementTests, org.jfree.chart.block.junit.FlowArrangementTests, org.jfree.chart.block.junit.GridArrangementTests, org.jfree.chart.block.junit.GridArrangementTests, org.jfree.chart.block.junit.LabelBlockTests, org.jfree.chart.block.junit.LabelBlockTests, org.jfree.chart.block.junit.LineBorderTests, org.jfree.chart.block.junit.LineBorderTests, org.jfree.chart.block.junit.RectangleConstraintTests, org.jfree.chart.block.junit.RectangleConstraintTests, org.jfree.chart.entity.junit.CategoryItemEntityTests, org.jfree.chart.entity.junit.CategoryItemEntityTests, org.jfree.chart.entity.junit.EntityPackageTests, org.jfree.chart.entity.junit.EntityPackageTests, org.jfree.chart.entity.junit.LegendItemEntityTests, org.jfree.chart.entity.junit.LegendItemEntityTests, org.jfree.chart.entity.junit.PieSectionEntityTests, org.jfree.chart.entity.junit.PieSectionEntityTests, org.jfree.chart.entity.junit.StandardEntityCollectionTests, org.jfree.chart.entity.junit.StandardEntityCollectionTests, org.jfree.chart.entity.junit.TickLabelEntityTests, org.jfree.chart.entity.junit.TickLabelEntityTests, org.jfree.chart.entity.junit.XYItemEntityTests, org.jfree.chart.entity.junit.XYItemEntityTests, org.jfree.chart.junit.AreaChartTests, org.jfree.chart.junit.AreaChartTests, org.jfree.chart.junit.BarChart3DTests, org.jfree.chart.junit.BarChart3DTests, org.jfree.chart.junit.BarChartTests, org.jfree.chart.junit.BarChartTests, org.jfree.chart.junit.ChartPackageTests, org.jfree.chart.junit.ChartPackageTests, org.jfree.chart.junit.ChartPanelTests, org.jfree.chart.junit.ChartPanelTests, org.jfree.chart.junit.ChartRenderingInfoTests, org.jfree.chart.junit.ChartRenderingInfoTests, org.jfree.chart.junit.GanttChartTests, org.jfree.chart.junit.GanttChartTests, org.jfree.chart.junit.JFreeChartTests, org.jfree.chart.junit.JFreeChartTests, org.jfree.chart.junit.LegendItemCollectionTests, org.jfree.chart.junit.LegendItemCollectionTests, org.jfree.chart.junit.LegendItemTests, org.jfree.chart.junit.LegendItemTests, org.jfree.chart.junit.LineChart3DTests, org.jfree.chart.junit.LineChart3DTests, org.jfree.chart.junit.LineChartTests, org.jfree.chart.junit.LineChartTests, org.jfree.chart.junit.MeterChartTests, org.jfree.chart.junit.MeterChartTests, org.jfree.chart.junit.PaintMapTests, org.jfree.chart.junit.PaintMapTests, org.jfree.chart.junit.PieChart3DTests, org.jfree.chart.junit.PieChart3DTests, org.jfree.chart.junit.PieChartTests, org.jfree.chart.junit.PieChartTests, org.jfree.chart.junit.ScatterPlotTests, org.jfree.chart.junit.ScatterPlotTests, org.jfree.chart.junit.StackedAreaChartTests, org.jfree.chart.junit.StackedAreaChartTests, org.jfree.chart.junit.StackedBarChart3DTests, org.jfree.chart.junit.StackedBarChart3DTests, org.jfree.chart.junit.StackedBarChartTests, org.jfree.chart.junit.StackedBarChartTests, org.jfree.chart.junit.StrokeMapTests, org.jfree.chart.junit.StrokeMapTests, org.jfree.chart.junit.TimeSeriesChartTests, org.jfree.chart.junit.TimeSeriesChartTests, org.jfree.chart.junit.WaterfallChartTests, org.jfree.chart.junit.WaterfallChartTests, org.jfree.chart.junit.XYAreaChartTests, org.jfree.chart.junit.XYAreaChartTests, org.jfree.chart.junit.XYBarChartTests, org.jfree.chart.junit.XYBarChartTests, org.jfree.chart.junit.XYLineChartTests, org.jfree.chart.junit.XYLineChartTests, org.jfree.chart.junit.XYStepAreaChartTests, org.jfree.chart.junit.XYStepAreaChartTests, org.jfree.chart.junit.XYStepChartTests, org.jfree.chart.junit.XYStepChartTests, org.jfree.chart.labels.junit.BoxAndWhiskerToolTipGeneratorTests, org.jfree.chart.labels.junit.BoxAndWhiskerToolTipGeneratorTests, org.jfree.chart.labels.junit.BoxAndWhiskerXYToolTipGeneratorTests, org.jfree.chart.labels.junit.BoxAndWhiskerXYToolTipGeneratorTests, org.jfree.chart.labels.junit.BubbleXYItemLabelGeneratorTests, org.jfree.chart.labels.junit.BubbleXYItemLabelGeneratorTests, org.jfree.chart.labels.junit.CustomXYItemLabelGeneratorTests, org.jfree.chart.labels.junit.CustomXYItemLabelGeneratorTests, org.jfree.chart.labels.junit.HighLowItemLabelGeneratorTests, org.jfree.chart.labels.junit.HighLowItemLabelGeneratorTests, org.jfree.chart.labels.junit.IntervalCategoryLabelGeneratorTests, org.jfree.chart.labels.junit.IntervalCategoryLabelGeneratorTests, org.jfree.chart.labels.junit.ItemLabelAnchorTests, org.jfree.chart.labels.junit.ItemLabelAnchorTests, org.jfree.chart.labels.junit.ItemLabelPositionTests, org.jfree.chart.labels.junit.ItemLabelPositionTests, org.jfree.chart.labels.junit.LabelsPackageTests, org.jfree.chart.labels.junit.LabelsPackageTests, org.jfree.chart.labels.junit.MultipleXYSeriesLabelGeneratorTests, org.jfree.chart.labels.junit.MultipleXYSeriesLabelGeneratorTests, org.jfree.chart.labels.junit.StandardCategoryItemLabelGeneratorTests, org.jfree.chart.labels.junit.StandardCategoryItemLabelGeneratorTests, org.jfree.chart.labels.junit.StandardCategorySeriesLabelGeneratorTests, org.jfree.chart.labels.junit.StandardCategorySeriesLabelGeneratorTests, org.jfree.chart.labels.junit.StandardCategoryToolTipGeneratorTests, org.jfree.chart.labels.junit.StandardCategoryToolTipGeneratorTests, org.jfree.chart.labels.junit.StandardPieSectionLabelGeneratorTests, org.jfree.chart.labels.junit.StandardPieSectionLabelGeneratorTests, org.jfree.chart.labels.junit.StandardPieToolTipGeneratorTests, org.jfree.chart.labels.junit.StandardPieToolTipGeneratorTests, org.jfree.chart.labels.junit.StandardXYItemLabelGeneratorTests, org.jfree.chart.labels.junit.StandardXYItemLabelGeneratorTests, org.jfree.chart.labels.junit.StandardXYSeriesLabelGeneratorTests, org.jfree.chart.labels.junit.StandardXYSeriesLabelGeneratorTests, org.jfree.chart.labels.junit.StandardXYToolTipGeneratorTests, org.jfree.chart.labels.junit.StandardXYToolTipGeneratorTests, org.jfree.chart.labels.junit.StandardXYZToolTipGeneratorTests, org.jfree.chart.labels.junit.StandardXYZToolTipGeneratorTests, org.jfree.chart.labels.junit.SymbolicXYItemLabelGeneratorTests, org.jfree.chart.labels.junit.SymbolicXYItemLabelGeneratorTests, org.jfree.chart.needle.junit.ArrowNeedleTests, org.jfree.chart.needle.junit.ArrowNeedleTests, org.jfree.chart.needle.junit.LineNeedleTests, org.jfree.chart.needle.junit.LineNeedleTests, org.jfree.chart.needle.junit.LongNeedleTests, org.jfree.chart.needle.junit.LongNeedleTests, org.jfree.chart.needle.junit.MeterNeedleTests, org.jfree.chart.needle.junit.MeterNeedleTests, org.jfree.chart.needle.junit.MiddlePinNeedleTests, org.jfree.chart.needle.junit.MiddlePinNeedleTests, org.jfree.chart.needle.junit.NeedlePackageTests, org.jfree.chart.needle.junit.NeedlePackageTests, org.jfree.chart.needle.junit.PinNeedleTests, org.jfree.chart.needle.junit.PinNeedleTests, org.jfree.chart.needle.junit.PlumNeedleTests, org.jfree.chart.needle.junit.PlumNeedleTests, org.jfree.chart.needle.junit.PointerNeedleTests, org.jfree.chart.needle.junit.PointerNeedleTests, org.jfree.chart.needle.junit.ShipNeedleTests, org.jfree.chart.needle.junit.ShipNeedleTests, org.jfree.chart.needle.junit.WindNeedleTests, org.jfree.chart.needle.junit.WindNeedleTests, org.jfree.chart.plot.dial.junit.AbstractDialLayerTests, org.jfree.chart.plot.dial.junit.AbstractDialLayerTests, org.jfree.chart.plot.dial.junit.ArcDialFrameTests, org.jfree.chart.plot.dial.junit.ArcDialFrameTests, org.jfree.chart.plot.dial.junit.DialBackgroundTests, org.jfree.chart.plot.dial.junit.DialBackgroundTests, org.jfree.chart.plot.dial.junit.DialCapTests, org.jfree.chart.plot.dial.junit.DialCapTests, org.jfree.chart.plot.dial.junit.DialPackageTests, org.jfree.chart.plot.dial.junit.DialPackageTests, org.jfree.chart.plot.dial.junit.DialPlotTests, org.jfree.chart.plot.dial.junit.DialPlotTests, org.jfree.chart.plot.dial.junit.DialPointerTests, org.jfree.chart.plot.dial.junit.DialPointerTests, org.jfree.chart.plot.dial.junit.DialTextAnnotationTests, org.jfree.chart.plot.dial.junit.DialTextAnnotationTests, org.jfree.chart.plot.dial.junit.DialValueIndicatorTests, org.jfree.chart.plot.dial.junit.DialValueIndicatorTests, org.jfree.chart.plot.dial.junit.StandardDialFrameTests, org.jfree.chart.plot.dial.junit.StandardDialFrameTests, org.jfree.chart.plot.dial.junit.StandardDialRangeTests, org.jfree.chart.plot.dial.junit.StandardDialRangeTests, org.jfree.chart.plot.dial.junit.StandardDialScaleTests, org.jfree.chart.plot.dial.junit.StandardDialScaleTests, org.jfree.chart.plot.junit.CategoryMarkerTests, org.jfree.chart.plot.junit.CategoryMarkerTests, org.jfree.chart.plot.junit.CategoryPlotTests, org.jfree.chart.plot.junit.CategoryPlotTests, org.jfree.chart.plot.junit.CombinedDomainCategoryPlotTests, org.jfree.chart.plot.junit.CombinedDomainCategoryPlotTests, org.jfree.chart.plot.junit.CombinedDomainXYPlotTests, org.jfree.chart.plot.junit.CombinedDomainXYPlotTests, org.jfree.chart.plot.junit.CombinedRangeCategoryPlotTests, org.jfree.chart.plot.junit.CombinedRangeCategoryPlotTests, org.jfree.chart.plot.junit.CombinedRangeXYPlotTests, org.jfree.chart.plot.junit.CombinedRangeXYPlotTests, org.jfree.chart.plot.junit.CompassPlotTests, org.jfree.chart.plot.junit.CompassPlotTests, org.jfree.chart.plot.junit.DefaultDrawingSupplierTests, org.jfree.chart.plot.junit.DefaultDrawingSupplierTests, org.jfree.chart.plot.junit.FastScatterPlotTests, org.jfree.chart.plot.junit.FastScatterPlotTests, org.jfree.chart.plot.junit.IntervalMarkerTests, org.jfree.chart.plot.junit.IntervalMarkerTests, org.jfree.chart.plot.junit.MarkerTests, org.jfree.chart.plot.junit.MarkerTests, org.jfree.chart.plot.junit.MeterIntervalTests, org.jfree.chart.plot.junit.MeterIntervalTests, org.jfree.chart.plot.junit.MeterPlotTests, org.jfree.chart.plot.junit.MeterPlotTests, org.jfree.chart.plot.junit.MultiplePiePlotTests, org.jfree.chart.plot.junit.MultiplePiePlotTests, org.jfree.chart.plot.junit.PieLabelRecordTests, org.jfree.chart.plot.junit.PieLabelRecordTests, org.jfree.chart.plot.junit.PiePlot3DTests, org.jfree.chart.plot.junit.PiePlot3DTests, org.jfree.chart.plot.junit.PiePlotTests, org.jfree.chart.plot.junit.PiePlotTests, org.jfree.chart.plot.junit.PlotOrientationTests, org.jfree.chart.plot.junit.PlotOrientationTests, org.jfree.chart.plot.junit.PlotPackageTests, org.jfree.chart.plot.junit.PlotPackageTests, org.jfree.chart.plot.junit.PlotRenderingInfoTests, org.jfree.chart.plot.junit.PlotRenderingInfoTests, org.jfree.chart.plot.junit.PlotTests, org.jfree.chart.plot.junit.PlotTests, org.jfree.chart.plot.junit.PolarPlotTests, org.jfree.chart.plot.junit.PolarPlotTests, org.jfree.chart.plot.junit.RingPlotTests, org.jfree.chart.plot.junit.RingPlotTests, org.jfree.chart.plot.junit.SpiderWebPlotTests, org.jfree.chart.plot.junit.SpiderWebPlotTests, org.jfree.chart.plot.junit.ThermometerPlotTests, org.jfree.chart.plot.junit.ThermometerPlotTests, org.jfree.chart.plot.junit.ValueMarkerTests, org.jfree.chart.plot.junit.ValueMarkerTests, org.jfree.chart.plot.junit.XYPlotTests, org.jfree.chart.plot.junit.XYPlotTests, org.jfree.chart.renderer.category.junit.AbstractCategoryItemRendererTests, org.jfree.chart.renderer.category.junit.AbstractCategoryItemRendererTests, org.jfree.chart.renderer.category.junit.AreaRendererTests, org.jfree.chart.renderer.category.junit.AreaRendererTests, org.jfree.chart.renderer.category.junit.BarRenderer3DTests, org.jfree.chart.renderer.category.junit.BarRenderer3DTests, org.jfree.chart.renderer.category.junit.BarRendererTests, org.jfree.chart.renderer.category.junit.BarRendererTests, org.jfree.chart.renderer.category.junit.BoxAndWhiskerRendererTests, org.jfree.chart.renderer.category.junit.BoxAndWhiskerRendererTests, org.jfree.chart.renderer.category.junit.CategoryStepRendererTests, org.jfree.chart.renderer.category.junit.CategoryStepRendererTests, org.jfree.chart.renderer.category.junit.DefaultCategoryItemRendererTests, org.jfree.chart.renderer.category.junit.DefaultCategoryItemRendererTests, org.jfree.chart.renderer.category.junit.GanttRendererTests, org.jfree.chart.renderer.category.junit.GanttRendererTests, org.jfree.chart.renderer.category.junit.GroupedStackedBarRendererTests, org.jfree.chart.renderer.category.junit.GroupedStackedBarRendererTests, org.jfree.chart.renderer.category.junit.IntervalBarRendererTests, org.jfree.chart.renderer.category.junit.IntervalBarRendererTests, org.jfree.chart.renderer.category.junit.LayeredBarRendererTests, org.jfree.chart.renderer.category.junit.LayeredBarRendererTests, org.jfree.chart.renderer.category.junit.LevelRendererTests, org.jfree.chart.renderer.category.junit.LevelRendererTests, org.jfree.chart.renderer.category.junit.LineAndShapeRendererTests, org.jfree.chart.renderer.category.junit.LineAndShapeRendererTests, org.jfree.chart.renderer.category.junit.LineRenderer3DTests, org.jfree.chart.renderer.category.junit.LineRenderer3DTests, org.jfree.chart.renderer.category.junit.MinMaxCategoryRendererTests, org.jfree.chart.renderer.category.junit.MinMaxCategoryRendererTests, org.jfree.chart.renderer.category.junit.RendererCategoryPackageTests, org.jfree.chart.renderer.category.junit.RendererCategoryPackageTests, org.jfree.chart.renderer.category.junit.ScatterRendererTests, org.jfree.chart.renderer.category.junit.ScatterRendererTests, org.jfree.chart.renderer.category.junit.StackedAreaRendererTests, org.jfree.chart.renderer.category.junit.StackedAreaRendererTests, org.jfree.chart.renderer.category.junit.StackedBarRenderer3DTests, org.jfree.chart.renderer.category.junit.StackedBarRenderer3DTests, org.jfree.chart.renderer.category.junit.StackedBarRendererTests, org.jfree.chart.renderer.category.junit.StackedBarRendererTests, org.jfree.chart.renderer.category.junit.StatisticalBarRendererTests, org.jfree.chart.renderer.category.junit.StatisticalBarRendererTests, org.jfree.chart.renderer.category.junit.StatisticalLineAndShapeRendererTests, org.jfree.chart.renderer.category.junit.StatisticalLineAndShapeRendererTests, org.jfree.chart.renderer.category.junit.WaterfallBarRendererTests, org.jfree.chart.renderer.category.junit.WaterfallBarRendererTests, org.jfree.chart.renderer.junit.AbstractRendererTests, org.jfree.chart.renderer.junit.AbstractRendererTests, org.jfree.chart.renderer.junit.AreaRendererEndTypeTests, org.jfree.chart.renderer.junit.AreaRendererEndTypeTests, org.jfree.chart.renderer.junit.DefaultPolarItemRendererTests, org.jfree.chart.renderer.junit.DefaultPolarItemRendererTests, org.jfree.chart.renderer.junit.GrayPaintScaleTests, org.jfree.chart.renderer.junit.GrayPaintScaleTests, org.jfree.chart.renderer.junit.LookupPaintScaleTests, org.jfree.chart.renderer.junit.LookupPaintScaleTests, org.jfree.chart.renderer.junit.OutlierTests, org.jfree.chart.renderer.junit.OutlierTests, org.jfree.chart.renderer.junit.RendererPackageTests, org.jfree.chart.renderer.junit.RendererPackageTests, org.jfree.chart.renderer.junit.RendererUtilitiesTests, org.jfree.chart.renderer.junit.RendererUtilitiesTests, org.jfree.chart.renderer.xy.junit.AbstractXYItemRendererTests, org.jfree.chart.renderer.xy.junit.AbstractXYItemRendererTests, org.jfree.chart.renderer.xy.junit.CandlestickRendererTests, org.jfree.chart.renderer.xy.junit.CandlestickRendererTests, org.jfree.chart.renderer.xy.junit.ClusteredXYBarRendererTests, org.jfree.chart.renderer.xy.junit.ClusteredXYBarRendererTests, org.jfree.chart.renderer.xy.junit.DeviationRendererTests, org.jfree.chart.renderer.xy.junit.DeviationRendererTests, org.jfree.chart.renderer.xy.junit.HighLowRendererTests, org.jfree.chart.renderer.xy.junit.HighLowRendererTests, org.jfree.chart.renderer.xy.junit.RendererXYPackageTests, org.jfree.chart.renderer.xy.junit.RendererXYPackageTests, org.jfree.chart.renderer.xy.junit.StackedXYAreaRenderer2Tests, org.jfree.chart.renderer.xy.junit.StackedXYAreaRenderer2Tests, org.jfree.chart.renderer.xy.junit.StackedXYAreaRendererTests, org.jfree.chart.renderer.xy.junit.StackedXYAreaRendererTests, org.jfree.chart.renderer.xy.junit.StackedXYBarRendererTests, org.jfree.chart.renderer.xy.junit.StackedXYBarRendererTests, org.jfree.chart.renderer.xy.junit.StandardXYItemRendererTests, org.jfree.chart.renderer.xy.junit.StandardXYItemRendererTests, org.jfree.chart.renderer.xy.junit.VectorRendererTests, org.jfree.chart.renderer.xy.junit.VectorRendererTests, org.jfree.chart.renderer.xy.junit.WindItemRendererTests, org.jfree.chart.renderer.xy.junit.WindItemRendererTests, org.jfree.chart.renderer.xy.junit.XYAreaRenderer2Tests, org.jfree.chart.renderer.xy.junit.XYAreaRenderer2Tests, org.jfree.chart.renderer.xy.junit.XYAreaRendererTests, org.jfree.chart.renderer.xy.junit.XYAreaRendererTests, org.jfree.chart.renderer.xy.junit.XYBarRendererTests, org.jfree.chart.renderer.xy.junit.XYBarRendererTests, org.jfree.chart.renderer.xy.junit.XYBlockRendererTests, org.jfree.chart.renderer.xy.junit.XYBlockRendererTests, org.jfree.chart.renderer.xy.junit.XYBoxAndWhiskerRendererTests, org.jfree.chart.renderer.xy.junit.XYBoxAndWhiskerRendererTests, org.jfree.chart.renderer.xy.junit.XYBubbleRendererTests, org.jfree.chart.renderer.xy.junit.XYBubbleRendererTests, org.jfree.chart.renderer.xy.junit.XYDifferenceRendererTests, org.jfree.chart.renderer.xy.junit.XYDifferenceRendererTests, org.jfree.chart.renderer.xy.junit.XYDotRendererTests, org.jfree.chart.renderer.xy.junit.XYDotRendererTests, org.jfree.chart.renderer.xy.junit.XYErrorRendererTests, org.jfree.chart.renderer.xy.junit.XYErrorRendererTests, org.jfree.chart.renderer.xy.junit.XYLine3DRendererTests, org.jfree.chart.renderer.xy.junit.XYLine3DRendererTests, org.jfree.chart.renderer.xy.junit.XYLineAndShapeRendererTests, org.jfree.chart.renderer.xy.junit.XYLineAndShapeRendererTests, org.jfree.chart.renderer.xy.junit.XYSplineAndShapeRendererTests, org.jfree.chart.renderer.xy.junit.XYSplineAndShapeRendererTests, org.jfree.chart.renderer.xy.junit.XYStepAreaRendererTests, org.jfree.chart.renderer.xy.junit.XYStepAreaRendererTests, org.jfree.chart.renderer.xy.junit.XYStepRendererTests, org.jfree.chart.renderer.xy.junit.XYStepRendererTests, org.jfree.chart.renderer.xy.junit.YIntervalRendererTests, org.jfree.chart.renderer.xy.junit.YIntervalRendererTests, org.jfree.chart.title.junit.CompositeTitleTests, org.jfree.chart.title.junit.CompositeTitleTests, org.jfree.chart.title.junit.DateTitleTests, org.jfree.chart.title.junit.DateTitleTests, org.jfree.chart.title.junit.ImageTitleTests, org.jfree.chart.title.junit.ImageTitleTests, org.jfree.chart.title.junit.LegendGraphicTests, org.jfree.chart.title.junit.LegendGraphicTests, org.jfree.chart.title.junit.LegendTitleTests, org.jfree.chart.title.junit.LegendTitleTests, org.jfree.chart.title.junit.PaintScaleLegendTests, org.jfree.chart.title.junit.PaintScaleLegendTests, org.jfree.chart.title.junit.TextTitleTests, org.jfree.chart.title.junit.TextTitleTests, org.jfree.chart.title.junit.TitlePackageTests, org.jfree.chart.title.junit.TitlePackageTests, org.jfree.chart.title.junit.TitleTests, org.jfree.chart.title.junit.TitleTests, org.jfree.chart.urls.junit.CustomPieURLGeneratorTests, org.jfree.chart.urls.junit.CustomPieURLGeneratorTests, org.jfree.chart.urls.junit.CustomXYURLGeneratorTests, org.jfree.chart.urls.junit.CustomXYURLGeneratorTests, org.jfree.chart.urls.junit.StandardCategoryURLGeneratorTests, org.jfree.chart.urls.junit.StandardCategoryURLGeneratorTests, org.jfree.chart.urls.junit.StandardPieURLGeneratorTests, org.jfree.chart.urls.junit.StandardPieURLGeneratorTests, org.jfree.chart.urls.junit.StandardXYURLGeneratorTests, org.jfree.chart.urls.junit.StandardXYURLGeneratorTests, org.jfree.chart.urls.junit.TimeSeriesURLGeneratorTests, org.jfree.chart.urls.junit.TimeSeriesURLGeneratorTests, org.jfree.chart.urls.junit.UrlsPackageTests, org.jfree.chart.urls.junit.UrlsPackageTests, org.jfree.chart.util.junit.BooleanListTests, org.jfree.chart.util.junit.BooleanListTests, org.jfree.chart.util.junit.HashUtilitiesTests, org.jfree.chart.util.junit.HashUtilitiesTests, org.jfree.chart.util.junit.LogFormatTests, org.jfree.chart.util.junit.LogFormatTests, org.jfree.chart.util.junit.PaintListTests, org.jfree.chart.util.junit.PaintListTests, org.jfree.chart.util.junit.RelativeDateFormatTests, org.jfree.chart.util.junit.RelativeDateFormatTests, org.jfree.chart.util.junit.ShapeUtilitiesTests, org.jfree.chart.util.junit.ShapeUtilitiesTests, org.jfree.chart.util.junit.StrokeListTests, org.jfree.chart.util.junit.StrokeListTests, org.jfree.chart.util.junit.UtilPackageTests, org.jfree.chart.util.junit.UtilPackageTests, org.jfree.data.category.junit.CategoryToPieDatasetTests, org.jfree.data.category.junit.CategoryToPieDatasetTests, org.jfree.data.category.junit.DataCategoryPackageTests, org.jfree.data.category.junit.DataCategoryPackageTests, org.jfree.data.category.junit.DefaultCategoryDatasetTests, org.jfree.data.category.junit.DefaultCategoryDatasetTests, org.jfree.data.category.junit.DefaultIntervalCategoryDatasetTests, org.jfree.data.category.junit.DefaultIntervalCategoryDatasetTests, org.jfree.data.gantt.junit.DataGanttPackageTests, org.jfree.data.gantt.junit.DataGanttPackageTests, org.jfree.data.gantt.junit.TaskSeriesCollectionTests, org.jfree.data.gantt.junit.TaskSeriesCollectionTests, org.jfree.data.gantt.junit.TaskSeriesTests, org.jfree.data.gantt.junit.TaskSeriesTests, org.jfree.data.gantt.junit.TaskTests, org.jfree.data.gantt.junit.TaskTests, org.jfree.data.general.junit.DataGeneralPackageTests, org.jfree.data.general.junit.DataGeneralPackageTests, org.jfree.data.general.junit.DatasetGroupTests, org.jfree.data.general.junit.DatasetGroupTests, org.jfree.data.general.junit.DatasetUtilitiesTests, org.jfree.data.general.junit.DatasetUtilitiesTests, org.jfree.data.general.junit.DefaultKeyedValueDatasetTests, org.jfree.data.general.junit.DefaultKeyedValueDatasetTests, org.jfree.data.general.junit.DefaultKeyedValues2DDatasetTests, org.jfree.data.general.junit.DefaultKeyedValues2DDatasetTests, org.jfree.data.general.junit.DefaultKeyedValuesDatasetTests, org.jfree.data.general.junit.DefaultKeyedValuesDatasetTests, org.jfree.data.general.junit.DefaultPieDatasetTests, org.jfree.data.general.junit.DefaultPieDatasetTests, org.jfree.data.junit.ComparableObjectItemTests, org.jfree.data.junit.ComparableObjectItemTests, org.jfree.data.junit.ComparableObjectSeriesTests, org.jfree.data.junit.ComparableObjectSeriesTests, org.jfree.data.junit.DataPackageTests, org.jfree.data.junit.DataPackageTests, org.jfree.data.junit.DataUtilitiesTests, org.jfree.data.junit.DataUtilitiesTests, org.jfree.data.junit.DefaultKeyedValueTests, org.jfree.data.junit.DefaultKeyedValueTests, org.jfree.data.junit.DefaultKeyedValues2DTests, org.jfree.data.junit.DefaultKeyedValues2DTests, org.jfree.data.junit.DefaultKeyedValuesTests, org.jfree.data.junit.DefaultKeyedValuesTests, org.jfree.data.junit.DomainOrderTests, org.jfree.data.junit.DomainOrderTests, org.jfree.data.junit.KeyToGroupMapTests, org.jfree.data.junit.KeyToGroupMapTests, org.jfree.data.junit.KeyedObjectTests, org.jfree.data.junit.KeyedObjectTests, org.jfree.data.junit.KeyedObjects2DTests, org.jfree.data.junit.KeyedObjects2DTests, org.jfree.data.junit.KeyedObjectsTests, org.jfree.data.junit.KeyedObjectsTests, org.jfree.data.junit.RangeTests, org.jfree.data.junit.RangeTests, org.jfree.data.junit.RangeTypeTests, org.jfree.data.junit.RangeTypeTests, org.jfree.data.statistics.junit.BoxAndWhiskerCalculatorTests, org.jfree.data.statistics.junit.BoxAndWhiskerCalculatorTests, org.jfree.data.statistics.junit.BoxAndWhiskerItemTests, org.jfree.data.statistics.junit.BoxAndWhiskerItemTests, org.jfree.data.statistics.junit.DataStatisticsPackageTests, org.jfree.data.statistics.junit.DataStatisticsPackageTests, org.jfree.data.statistics.junit.DefaultBoxAndWhiskerCategoryDatasetTests, org.jfree.data.statistics.junit.DefaultBoxAndWhiskerCategoryDatasetTests, org.jfree.data.statistics.junit.DefaultMultiValueCategoryDatasetTests, org.jfree.data.statistics.junit.DefaultMultiValueCategoryDatasetTests, org.jfree.data.statistics.junit.DefaultStatisticalCategoryDatasetTests, org.jfree.data.statistics.junit.DefaultStatisticalCategoryDatasetTests, org.jfree.data.statistics.junit.HistogramBinTests, org.jfree.data.statistics.junit.HistogramBinTests, org.jfree.data.statistics.junit.HistogramDatasetTests, org.jfree.data.statistics.junit.HistogramDatasetTests, org.jfree.data.statistics.junit.MeanAndStandardDeviationTests, org.jfree.data.statistics.junit.MeanAndStandardDeviationTests, org.jfree.data.statistics.junit.RegressionTests, org.jfree.data.statistics.junit.RegressionTests, org.jfree.data.statistics.junit.SimpleHistogramBinTests, org.jfree.data.statistics.junit.SimpleHistogramBinTests, org.jfree.data.statistics.junit.SimpleHistogramDatasetTests, org.jfree.data.statistics.junit.SimpleHistogramDatasetTests, org.jfree.data.statistics.junit.StatisticsTests, org.jfree.data.statistics.junit.StatisticsTests, org.jfree.data.time.junit.DataTimePackageTests, org.jfree.data.time.junit.DataTimePackageTests, org.jfree.data.time.junit.DateRangeTests, org.jfree.data.time.junit.DateRangeTests, org.jfree.data.time.junit.DayTests, org.jfree.data.time.junit.DayTests, org.jfree.data.time.junit.FixedMillisecondTests, org.jfree.data.time.junit.FixedMillisecondTests, org.jfree.data.time.junit.HourTests, org.jfree.data.time.junit.HourTests, org.jfree.data.time.junit.MillisecondTests, org.jfree.data.time.junit.MillisecondTests, org.jfree.data.time.junit.MinuteTests, org.jfree.data.time.junit.MinuteTests, org.jfree.data.time.junit.MonthTests, org.jfree.data.time.junit.MonthTests, org.jfree.data.time.junit.MovingAverageTests, org.jfree.data.time.junit.MovingAverageTests, org.jfree.data.time.junit.QuarterTests, org.jfree.data.time.junit.QuarterTests, org.jfree.data.time.junit.SecondTests, org.jfree.data.time.junit.SecondTests, org.jfree.data.time.junit.SimpleTimePeriodTests, org.jfree.data.time.junit.SimpleTimePeriodTests, org.jfree.data.time.junit.TimePeriodAnchorTests, org.jfree.data.time.junit.TimePeriodAnchorTests, org.jfree.data.time.junit.TimePeriodValueTests, org.jfree.data.time.junit.TimePeriodValueTests, org.jfree.data.time.junit.TimePeriodValuesCollectionTests, org.jfree.data.time.junit.TimePeriodValuesCollectionTests, org.jfree.data.time.junit.TimePeriodValuesTests, org.jfree.data.time.junit.TimePeriodValuesTests, org.jfree.data.time.junit.TimeSeriesCollectionTests, org.jfree.data.time.junit.TimeSeriesCollectionTests, org.jfree.data.time.junit.TimeSeriesDataItemTests, org.jfree.data.time.junit.TimeSeriesDataItemTests, org.jfree.data.time.junit.TimeSeriesTests, org.jfree.data.time.junit.TimeSeriesTests, org.jfree.data.time.junit.TimeTableXYDatasetTests, org.jfree.data.time.junit.TimeTableXYDatasetTests, org.jfree.data.time.junit.WeekTests, org.jfree.data.time.junit.WeekTests, org.jfree.data.time.junit.YearTests, org.jfree.data.time.junit.YearTests, org.jfree.data.time.ohlc.junit.OHLCItemTests, org.jfree.data.time.ohlc.junit.OHLCItemTests, org.jfree.data.time.ohlc.junit.OHLCPackageTests, org.jfree.data.time.ohlc.junit.OHLCPackageTests, org.jfree.data.time.ohlc.junit.OHLCSeriesCollectionTests, org.jfree.data.time.ohlc.junit.OHLCSeriesCollectionTests, org.jfree.data.time.ohlc.junit.OHLCSeriesTests, org.jfree.data.time.ohlc.junit.OHLCSeriesTests, org.jfree.data.time.ohlc.junit.OHLCTests, org.jfree.data.time.ohlc.junit.OHLCTests, org.jfree.data.xy.junit.CategoryTableXYDatasetTests, org.jfree.data.xy.junit.CategoryTableXYDatasetTests, org.jfree.data.xy.junit.DataXYPackageTests, org.jfree.data.xy.junit.DataXYPackageTests, org.jfree.data.xy.junit.DefaultHighLowDatasetTests, org.jfree.data.xy.junit.DefaultHighLowDatasetTests, org.jfree.data.xy.junit.DefaultIntervalXYDatasetTests, org.jfree.data.xy.junit.DefaultIntervalXYDatasetTests, org.jfree.data.xy.junit.DefaultOHLCDatasetTests, org.jfree.data.xy.junit.DefaultOHLCDatasetTests, org.jfree.data.xy.junit.DefaultTableXYDatasetTests, org.jfree.data.xy.junit.DefaultTableXYDatasetTests, org.jfree.data.xy.junit.DefaultWindDatasetTests, org.jfree.data.xy.junit.DefaultWindDatasetTests, org.jfree.data.xy.junit.DefaultXYDatasetTests, org.jfree.data.xy.junit.DefaultXYDatasetTests, org.jfree.data.xy.junit.DefaultXYZDatasetTests, org.jfree.data.xy.junit.DefaultXYZDatasetTests, org.jfree.data.xy.junit.IntervalXYDelegateTests, org.jfree.data.xy.junit.IntervalXYDelegateTests, org.jfree.data.xy.junit.MatrixSeriesCollectionTests, org.jfree.data.xy.junit.MatrixSeriesCollectionTests, org.jfree.data.xy.junit.MatrixSeriesTests, org.jfree.data.xy.junit.MatrixSeriesTests, org.jfree.data.xy.junit.OHLCDataItemTests, org.jfree.data.xy.junit.OHLCDataItemTests, org.jfree.data.xy.junit.TableXYDatasetTests, org.jfree.data.xy.junit.TableXYDatasetTests, org.jfree.data.xy.junit.VectorDataItemTests, org.jfree.data.xy.junit.VectorDataItemTests, org.jfree.data.xy.junit.VectorSeriesCollectionTests, org.jfree.data.xy.junit.VectorSeriesCollectionTests, org.jfree.data.xy.junit.VectorSeriesTests, org.jfree.data.xy.junit.VectorSeriesTests, org.jfree.data.xy.junit.VectorTests, org.jfree.data.xy.junit.VectorTests, org.jfree.data.xy.junit.XIntervalDataItemTests, org.jfree.data.xy.junit.XIntervalDataItemTests, org.jfree.data.xy.junit.XIntervalSeriesCollectionTests, org.jfree.data.xy.junit.XIntervalSeriesCollectionTests, org.jfree.data.xy.junit.XIntervalSeriesTests, org.jfree.data.xy.junit.XIntervalSeriesTests, org.jfree.data.xy.junit.XYBarDatasetTests, org.jfree.data.xy.junit.XYBarDatasetTests, org.jfree.data.xy.junit.XYCoordinateTests, org.jfree.data.xy.junit.XYCoordinateTests, org.jfree.data.xy.junit.XYDataItemTests, org.jfree.data.xy.junit.XYDataItemTests, org.jfree.data.xy.junit.XYIntervalDataItemTests, org.jfree.data.xy.junit.XYIntervalDataItemTests, org.jfree.data.xy.junit.XYIntervalSeriesCollectionTests, org.jfree.data.xy.junit.XYIntervalSeriesCollectionTests, org.jfree.data.xy.junit.XYIntervalSeriesTests, org.jfree.data.xy.junit.XYIntervalSeriesTests, org.jfree.data.xy.junit.XYIntervalTests, org.jfree.data.xy.junit.XYIntervalTests, org.jfree.data.xy.junit.XYSeriesCollectionTests, org.jfree.data.xy.junit.XYSeriesCollectionTests, org.jfree.data.xy.junit.XYSeriesTests, org.jfree.data.xy.junit.XYSeriesTests, org.jfree.data.xy.junit.YIntervalDataItemTests, org.jfree.data.xy.junit.YIntervalDataItemTests, org.jfree.data.xy.junit.YIntervalSeriesCollectionTests, org.jfree.data.xy.junit.YIntervalSeriesCollectionTests, org.jfree.data.xy.junit.YIntervalSeriesTests, org.jfree.data.xy.junit.YIntervalSeriesTests, org.jfree.data.xy.junit.YIntervalTests, org.jfree.data.xy.junit.YIntervalTests, org.jfree.data.xy.junit.YWithXIntervalTests, org.jfree.data.xy.junit.YWithXIntervalTests], complianceLevel=4, outputFolder=., json=true}
17:49:30.091 [main] INFO  fr.inria.lille.repair.nopol.NoPol - Available processors (cores): 8
17:49:30.142 [main] INFO  fr.inria.lille.repair.nopol.NoPol - Free memory: 232 MB
17:49:30.142 [main] INFO  fr.inria.lille.repair.nopol.NoPol - Maximum memory: 3 GB
17:49:30.142 [main] INFO  fr.inria.lille.repair.nopol.NoPol - Total memory available to JVM: 241 MB
17:49:30.142 [main] INFO  fr.inria.lille.repair.nopol.NoPol - Java version: 1.8.0_181
17:49:30.144 [main] INFO  fr.inria.lille.repair.nopol.NoPol - JAVA_HOME: /usr/lib/jvm/java-1.8.0-openjdk-amd64/bin/
17:49:30.144 [main] INFO  fr.inria.lille.repair.nopol.NoPol - PATH: /usr/lib/jvm/java-1.8.0-openjdk-amd64/bin/:/usr/lib/oar/oardodo:/usr/lib/oar/oardodo:/usr/local/bin:/usr/bin:/bin:/usr/games
17:50:10.175 [pool-2-thread-1] DEBUG fr.inria.lille.repair.nopol.NoPol - statement #1
17:50:10.176 [pool-2-thread-1] DEBUG fr.inria.lille.repair.nopol.NoPol - Analysing SourceLocation org.jfree.chart.JFreeChartInfo:1855 which is executed by 2 tests
-470971273
17:50:11.578 [pool-2-thread-1] DEBUG fr.inria.lille.repair.nopol.NoPol - statement #2
17:50:11.579 [pool-2-thread-1] DEBUG fr.inria.lille.repair.nopol.NoPol - Analysing SourceLocation org.jfree.chart.JFreeChartInfo:1854 which is executed by 2 tests
-470971273
17:50:11.851 [pool-2-thread-1] DEBUG fr.inria.lille.repair.nopol.NoPol - looking with class fr.inria.lille.repair.nopol.spoon.smt.ConditionalAdder
17:50:11.995 [pool-4-thread-1] INFO  xxl.java.junit.TestCasesListener - Tests run finished (107 ms)
<> Total tests run: 3
<> Ignored tests: 0
<> Failed tests: 0

17:50:11.997 [pool-2-thread-1] ERROR fr.inria.lille.repair.nopol.NoPol - Error ExecutionException java.util.concurrent.ExecutionException: java.lang.RuntimeException: failingTestCasesValidated: nothing to repair, no failing test cases
17:50:11.997 [pool-2-thread-1] DEBUG fr.inria.lille.repair.nopol.NoPol - looking with class fr.inria.lille.repair.nopol.spoon.smt.ConditionalReplacer
17:50:12.021 [pool-6-thread-1] INFO  xxl.java.junit.TestCasesListener - Tests run finished (19 ms)
<> Total tests run: 3
<> Ignored tests: 0
<> Failed tests: 0

17:50:12.021 [pool-2-thread-1] ERROR fr.inria.lille.repair.nopol.NoPol - Error ExecutionException java.util.concurrent.ExecutionException: java.lang.RuntimeException: failingTestCasesValidated: nothing to repair, no failing test cases
17:50:12.022 [pool-2-thread-1] DEBUG fr.inria.lille.repair.nopol.NoPol - statement #3
17:50:12.023 [pool-2-thread-1] DEBUG fr.inria.lille.repair.nopol.NoPol - Analysing SourceLocation org.jfree.chart.JFreeChartInfo:1852 which is executed by 2 tests
-470971273
17:50:12.258 [pool-2-thread-1] DEBUG fr.inria.lille.repair.nopol.NoPol - statement #4
17:50:12.258 [pool-2-thread-1] DEBUG fr.inria.lille.repair.nopol.NoPol - Analysing SourceLocation org.jfree.chart.util.ShapeUtilities:295 which is executed by 32 tests
1291016330
17:50:12.446 [pool-2-thread-1] DEBUG fr.inria.lille.repair.nopol.NoPol - statement #5
17:50:12.446 [pool-2-thread-1] DEBUG fr.inria.lille.repair.nopol.NoPol - Analysing SourceLocation org.jfree.chart.util.ShapeUtilities:294 which is executed by 32 tests
1291016330
17:50:12.628 [pool-2-thread-1] DEBUG fr.inria.lille.repair.nopol.NoPol - statement #6
17:50:12.628 [pool-2-thread-1] DEBUG fr.inria.lille.repair.nopol.NoPol - Analysing SourceLocation org.jfree.chart.util.ShapeUtilities:293 which is executed by 32 tests
1291016330
17:50:12.806 [pool-2-thread-1] DEBUG fr.inria.lille.repair.nopol.NoPol - looking with class fr.inria.lille.repair.nopol.spoon.smt.ConditionalAdder
junit.framework.AssertionFailedError
    at junit.framework.Assert.fail(Assert.java:55)
    at junit.framework.Assert.assertTrue(Assert.java:22)
    at junit.framework.Assert.assertFalse(Assert.java:39)
    at junit.framework.Assert.assertFalse(Assert.java:47)
    at junit.framework.TestCase.assertFalse(TestCase.java:219)
    at org.jfree.chart.util.junit.ShapeUtilitiesTests.testEqualGeneralPaths(ShapeUtilitiesTests.java:212)
junit.framework.AssertionFailedError
    at junit.framework.Assert.fail(Assert.java:55)
    at junit.framework.Assert.assertTrue(Assert.java:22)
    at junit.framework.Assert.assertFalse(Assert.java:39)
    at junit.framework.Assert.assertFalse(Assert.java:47)
    at junit.framework.TestCase.assertFalse(TestCase.java:219)
    at org.jfree.chart.util.junit.ShapeUtilitiesTests.testEqualGeneralPaths(ShapeUtilitiesTests.java:212)
17:50:12.823 [pool-8-thread-1] INFO  xxl.java.junit.TestCasesListener - Tests run finished (11 ms)
<> Total tests run: 8
<> Ignored tests: 0
<> Failed tests: 2
~ testEqualGeneralPaths(org.jfree.chart.util.junit.ShapeUtilitiesTests)
[null]
junit.framework.AssertionFailedError    at junit.framework.Assert.fail(Assert.java:55)
    at junit.framework.Assert.assertTrue(Assert.java:22)
    at junit.framework.Assert.assertFalse(Assert.java:39)
    at junit.framework.Assert.assertFalse(Assert.java:47)
    at junit.framework.TestCase.assertFalse(TestCase.java:219)
    at org.jfree.chart.util.junit.ShapeUtilitiesTests.testEqualGeneralPaths(ShapeUtilitiesTests.java:212)
~ testEqualGeneralPaths(org.jfree.chart.util.junit.ShapeUtilitiesTests)
[null]
junit.framework.AssertionFailedError    at junit.framework.Assert.fail(Assert.java:55)
    at junit.framework.Assert.assertTrue(Assert.java:22)
    at junit.framework.Assert.assertFalse(Assert.java:39)
    at junit.framework.Assert.assertFalse(Assert.java:47)
    at junit.framework.TestCase.assertFalse(TestCase.java:219)
    at org.jfree.chart.util.junit.ShapeUtilitiesTests.testEqualGeneralPaths(ShapeUtilitiesTests.java:212)

java.lang.ArrayIndexOutOfBoundsException: 40
    at java.awt.geom.Path2D$Float$CopyIterator.currentSegment(Path2D.java:1012)
    at org.jfree.chart.util.ShapeUtilities.equal(ShapeUtilities.java:130)
    at org.jfree.chart.util.junit.ShapeUtilitiesTests.testEqualGeneralPaths(ShapeUtilitiesTests.java:204)
    at sun.reflect.NativeMethodAccessorImpl.invoke0(Native Method)
    at sun.reflect.NativeMethodAccessorImpl.invoke(NativeMethodAccessorImpl.java:62)
    at sun.reflect.DelegatingMethodAccessorImpl.invoke(DelegatingMethodAccessorImpl.java:43)
17:50:14.221 [pool-9-thread-1] INFO  f.i.l.c.t.SpecificationTestCasesListener - Tests run finished (9 ms)
<> Total tests run: 1
<> Ignored tests: 0
<> Failed tests: 1
~ testEqualGeneralPaths(org.jfree.chart.util.junit.ShapeUtilitiesTests)
[40]
java.lang.ArrayIndexOutOfBoundsException: 40    at java.awt.geom.Path2D$Float$CopyIterator.currentSegment(Path2D.java:1012)
    at org.jfree.chart.util.ShapeUtilities.equal(ShapeUtilities.java:130)
    at org.jfree.chart.util.junit.ShapeUtilitiesTests.testEqualGeneralPaths(ShapeUtilitiesTests.java:204)
    at sun.reflect.NativeMethodAccessorImpl.invoke0(Native Method)
    at sun.reflect.NativeMethodAccessorImpl.invoke(NativeMethodAccessorImpl.java:62)
    at sun.reflect.DelegatingMethodAccessorImpl.invoke(DelegatingMethodAccessorImpl.java:43)

junit.framework.AssertionFailedError
    at junit.framework.Assert.fail(Assert.java:55)
    at junit.framework.Assert.assertTrue(Assert.java:22)
    at junit.framework.Assert.assertFalse(Assert.java:39)
    at junit.framework.Assert.assertFalse(Assert.java:47)
    at junit.framework.TestCase.assertFalse(TestCase.java:219)
    at org.jfree.chart.util.junit.ShapeUtilitiesTests.testEqualGeneralPaths(ShapeUtilitiesTests.java:212)
17:50:14.225 [pool-10-thread-1] INFO  f.i.l.c.t.SpecificationTestCasesListener - Tests run finished (2 ms)
<> Total tests run: 1
<> Ignored tests: 0
<> Failed tests: 1
~ testEqualGeneralPaths(org.jfree.chart.util.junit.ShapeUtilitiesTests)
[null]
junit.framework.AssertionFailedError    at junit.framework.Assert.fail(Assert.java:55)
    at junit.framework.Assert.assertTrue(Assert.java:22)
    at junit.framework.Assert.assertFalse(Assert.java:39)
    at junit.framework.Assert.assertFalse(Assert.java:47)
    at junit.framework.TestCase.assertFalse(TestCase.java:219)
    at org.jfree.chart.util.junit.ShapeUtilitiesTests.testEqualGeneralPaths(ShapeUtilitiesTests.java:212)

17:50:14.226 [pool-7-thread-1] DEBUG tests.output - Failing tests with false: 
[testEqualGeneralPaths(org.jfree.chart.util.junit.ShapeUtilitiesTests): 40]
17:50:14.227 [pool-7-thread-1] DEBUG tests.output - Failing tests with true: 
[testEqualGeneralPaths(org.jfree.chart.util.junit.ShapeUtilitiesTests): null]
17:50:14.227 [pool-7-thread-1] INFO  f.i.l.r.n.synth.SMTNopolSynthesizer - Not enough specifications: 0. A trivial patch is "true" or "false", please write new tests specifying SourceLocation org.jfree.chart.util.ShapeUtilities:293.
17:50:14.227 [pool-2-thread-1] DEBUG fr.inria.lille.repair.nopol.NoPol - statement #7
17:50:14.228 [pool-2-thread-1] DEBUG fr.inria.lille.repair.nopol.NoPol - Analysing SourceLocation org.jfree.chart.util.ShapeUtilities:292 which is executed by 32 tests
1291016330
17:50:14.403 [pool-2-thread-1] DEBUG fr.inria.lille.repair.nopol.NoPol - looking with class fr.inria.lille.repair.nopol.spoon.smt.ConditionalAdder
junit.framework.AssertionFailedError
    at junit.framework.Assert.fail(Assert.java:55)
    at junit.framework.Assert.assertTrue(Assert.java:22)
    at junit.framework.Assert.assertFalse(Assert.java:39)
    at junit.framework.Assert.assertFalse(Assert.java:47)
    at junit.framework.TestCase.assertFalse(TestCase.java:219)
    at org.jfree.chart.util.junit.ShapeUtilitiesTests.testEqualGeneralPaths(ShapeUtilitiesTests.java:212)
junit.framework.AssertionFailedError
    at junit.framework.Assert.fail(Assert.java:55)
    at junit.framework.Assert.assertTrue(Assert.java:22)
    at junit.framework.Assert.assertFalse(Assert.java:39)
    at junit.framework.Assert.assertFalse(Assert.java:47)
    at junit.framework.TestCase.assertFalse(TestCase.java:219)
    at org.jfree.chart.util.junit.ShapeUtilitiesTests.testEqualGeneralPaths(ShapeUtilitiesTests.java:212)
17:50:14.414 [pool-12-thread-1] INFO  xxl.java.junit.TestCasesListener - Tests run finished (6 ms)
<> Total tests run: 8
<> Ignored tests: 0
<> Failed tests: 2
~ testEqualGeneralPaths(org.jfree.chart.util.junit.ShapeUtilitiesTests)
[null]
junit.framework.AssertionFailedError    at junit.framework.Assert.fail(Assert.java:55)
    at junit.framework.Assert.assertTrue(Assert.java:22)
    at junit.framework.Assert.assertFalse(Assert.java:39)
    at junit.framework.Assert.assertFalse(Assert.java:47)
    at junit.framework.TestCase.assertFalse(TestCase.java:219)
    at org.jfree.chart.util.junit.ShapeUtilitiesTests.testEqualGeneralPaths(ShapeUtilitiesTests.java:212)
~ testEqualGeneralPaths(org.jfree.chart.util.junit.ShapeUtilitiesTests)
[null]
junit.framework.AssertionFailedError    at junit.framework.Assert.fail(Assert.java:55)
    at junit.framework.Assert.assertTrue(Assert.java:22)
    at junit.framework.Assert.assertFalse(Assert.java:39)
    at junit.framework.Assert.assertFalse(Assert.java:47)
    at junit.framework.TestCase.assertFalse(TestCase.java:219)
    at org.jfree.chart.util.junit.ShapeUtilitiesTests.testEqualGeneralPaths(ShapeUtilitiesTests.java:212)

junit.framework.AssertionFailedError
    at junit.framework.Assert.fail(Assert.java:55)
    at junit.framework.Assert.assertTrue(Assert.java:22)
    at junit.framework.Assert.assertTrue(Assert.java:31)
    at junit.framework.TestCase.assertTrue(TestCase.java:201)
    at org.jfree.chart.util.junit.ShapeUtilitiesTests.testEqualGeneralPaths(ShapeUtilitiesTests.java:204)
    at sun.reflect.NativeMethodAccessorImpl.invoke0(Native Method)
17:50:14.802 [pool-13-thread-1] INFO  f.i.l.c.t.SpecificationTestCasesListener - Tests run finished (2 ms)
<> Total tests run: 1
<> Ignored tests: 0
<> Failed tests: 1
~ testEqualGeneralPaths(org.jfree.chart.util.junit.ShapeUtilitiesTests)
[null]
junit.framework.AssertionFailedError    at junit.framework.Assert.fail(Assert.java:55)
    at junit.framework.Assert.assertTrue(Assert.java:22)
    at junit.framework.Assert.assertTrue(Assert.java:31)
    at junit.framework.TestCase.assertTrue(TestCase.java:201)
    at org.jfree.chart.util.junit.ShapeUtilitiesTests.testEqualGeneralPaths(ShapeUtilitiesTests.java:204)
    at sun.reflect.NativeMethodAccessorImpl.invoke0(Native Method)

junit.framework.AssertionFailedError
    at junit.framework.Assert.fail(Assert.java:55)
    at junit.framework.Assert.assertTrue(Assert.java:22)
    at junit.framework.Assert.assertFalse(Assert.java:39)
    at junit.framework.Assert.assertFalse(Assert.java:47)
    at junit.framework.TestCase.assertFalse(TestCase.java:219)
    at org.jfree.chart.util.junit.ShapeUtilitiesTests.testEqualGeneralPaths(ShapeUtilitiesTests.java:212)
17:50:14.806 [pool-14-thread-1] INFO  f.i.l.c.t.SpecificationTestCasesListener - Tests run finished (2 ms)
<> Total tests run: 1
<> Ignored tests: 0
<> Failed tests: 1
~ testEqualGeneralPaths(org.jfree.chart.util.junit.ShapeUtilitiesTests)
[null]
junit.framework.AssertionFailedError    at junit.framework.Assert.fail(Assert.java:55)
    at junit.framework.Assert.assertTrue(Assert.java:22)
    at junit.framework.Assert.assertFalse(Assert.java:39)
    at junit.framework.Assert.assertFalse(Assert.java:47)
    at junit.framework.TestCase.assertFalse(TestCase.java:219)
    at org.jfree.chart.util.junit.ShapeUtilitiesTests.testEqualGeneralPaths(ShapeUtilitiesTests.java:212)

17:50:14.807 [pool-11-thread-1] DEBUG tests.output - Failing tests with false: 
[testEqualGeneralPaths(org.jfree.chart.util.junit.ShapeUtilitiesTests): null]
17:50:14.807 [pool-11-thread-1] DEBUG tests.output - Failing tests with true: 
[testEqualGeneralPaths(org.jfree.chart.util.junit.ShapeUtilitiesTests): null]
17:50:14.807 [pool-11-thread-1] INFO  f.i.l.r.n.synth.SMTNopolSynthesizer - Not enough specifications: 0. A trivial patch is "true" or "false", please write new tests specifying SourceLocation org.jfree.chart.util.ShapeUtilities:292.
17:50:14.810 [pool-2-thread-1] DEBUG fr.inria.lille.repair.nopol.NoPol - statement #8
17:50:14.811 [pool-2-thread-1] DEBUG fr.inria.lille.repair.nopol.NoPol - Analysing SourceLocation org.jfree.chart.util.ShapeUtilities:291 which is executed by 32 tests
1291016330
17:50:15.066 [pool-2-thread-1] DEBUG fr.inria.lille.repair.nopol.NoPol - looking with class fr.inria.lille.repair.nopol.spoon.smt.ConditionalAdder
junit.framework.AssertionFailedError
    at junit.framework.Assert.fail(Assert.java:55)
    at junit.framework.Assert.assertTrue(Assert.java:22)
    at junit.framework.Assert.assertFalse(Assert.java:39)
    at junit.framework.Assert.assertFalse(Assert.java:47)
    at junit.framework.TestCase.assertFalse(TestCase.java:219)
    at org.jfree.chart.util.junit.ShapeUtilitiesTests.testEqualGeneralPaths(ShapeUtilitiesTests.java:212)
junit.framework.AssertionFailedError
    at junit.framework.Assert.fail(Assert.java:55)
    at junit.framework.Assert.assertTrue(Assert.java:22)
    at junit.framework.Assert.assertFalse(Assert.java:39)
    at junit.framework.Assert.assertFalse(Assert.java:47)
    at junit.framework.TestCase.assertFalse(TestCase.java:219)
    at org.jfree.chart.util.junit.ShapeUtilitiesTests.testEqualGeneralPaths(ShapeUtilitiesTests.java:212)
17:50:15.076 [pool-16-thread-1] INFO  xxl.java.junit.TestCasesListener - Tests run finished (6 ms)
<> Total tests run: 8
<> Ignored tests: 0
<> Failed tests: 2
~ testEqualGeneralPaths(org.jfree.chart.util.junit.ShapeUtilitiesTests)
[null]
junit.framework.AssertionFailedError    at junit.framework.Assert.fail(Assert.java:55)
    at junit.framework.Assert.assertTrue(Assert.java:22)
    at junit.framework.Assert.assertFalse(Assert.java:39)
    at junit.framework.Assert.assertFalse(Assert.java:47)
    at junit.framework.TestCase.assertFalse(TestCase.java:219)
    at org.jfree.chart.util.junit.ShapeUtilitiesTests.testEqualGeneralPaths(ShapeUtilitiesTests.java:212)
~ testEqualGeneralPaths(org.jfree.chart.util.junit.ShapeUtilitiesTests)
[null]
junit.framework.AssertionFailedError    at junit.framework.Assert.fail(Assert.java:55)
    at junit.framework.Assert.assertTrue(Assert.java:22)
    at junit.framework.Assert.assertFalse(Assert.java:39)
    at junit.framework.Assert.assertFalse(Assert.java:47)
    at junit.framework.TestCase.assertFalse(TestCase.java:219)
    at org.jfree.chart.util.junit.ShapeUtilitiesTests.testEqualGeneralPaths(ShapeUtilitiesTests.java:212)

junit.framework.AssertionFailedError
    at junit.framework.Assert.fail(Assert.java:55)
    at junit.framework.Assert.assertTrue(Assert.java:22)
    at junit.framework.Assert.assertTrue(Assert.java:31)
    at junit.framework.TestCase.assertTrue(TestCase.java:201)
    at org.jfree.chart.util.junit.ShapeUtilitiesTests.testEqualGeneralPaths(ShapeUtilitiesTests.java:204)
    at sun.reflect.NativeMethodAccessorImpl.invoke0(Native Method)
17:50:15.435 [pool-17-thread-1] INFO  f.i.l.c.t.SpecificationTestCasesListener - Tests run finished (2 ms)
<> Total tests run: 1
<> Ignored tests: 0
<> Failed tests: 1
~ testEqualGeneralPaths(org.jfree.chart.util.junit.ShapeUtilitiesTests)
[null]
junit.framework.AssertionFailedError    at junit.framework.Assert.fail(Assert.java:55)
    at junit.framework.Assert.assertTrue(Assert.java:22)
    at junit.framework.Assert.assertTrue(Assert.java:31)
    at junit.framework.TestCase.assertTrue(TestCase.java:201)
    at org.jfree.chart.util.junit.ShapeUtilitiesTests.testEqualGeneralPaths(ShapeUtilitiesTests.java:204)
    at sun.reflect.NativeMethodAccessorImpl.invoke0(Native Method)

junit.framework.AssertionFailedError
    at junit.framework.Assert.fail(Assert.java:55)
    at junit.framework.Assert.assertTrue(Assert.java:22)
    at junit.framework.Assert.assertFalse(Assert.java:39)
    at junit.framework.Assert.assertFalse(Assert.java:47)
    at junit.framework.TestCase.assertFalse(TestCase.java:219)
    at org.jfree.chart.util.junit.ShapeUtilitiesTests.testEqualGeneralPaths(ShapeUtilitiesTests.java:212)
17:50:15.438 [pool-18-thread-1] INFO  f.i.l.c.t.SpecificationTestCasesListener - Tests run finished (1 ms)
<> Total tests run: 1
<> Ignored tests: 0
<> Failed tests: 1
~ testEqualGeneralPaths(org.jfree.chart.util.junit.ShapeUtilitiesTests)
[null]
junit.framework.AssertionFailedError    at junit.framework.Assert.fail(Assert.java:55)
    at junit.framework.Assert.assertTrue(Assert.java:22)
    at junit.framework.Assert.assertFalse(Assert.java:39)
    at junit.framework.Assert.assertFalse(Assert.java:47)
    at junit.framework.TestCase.assertFalse(TestCase.java:219)
    at org.jfree.chart.util.junit.ShapeUtilitiesTests.testEqualGeneralPaths(ShapeUtilitiesTests.java:212)

17:50:15.439 [pool-15-thread-1] DEBUG tests.output - Failing tests with false: 
[testEqualGeneralPaths(org.jfree.chart.util.junit.ShapeUtilitiesTests): null]
17:50:15.439 [pool-15-thread-1] DEBUG tests.output - Failing tests with true: 
[testEqualGeneralPaths(org.jfree.chart.util.junit.ShapeUtilitiesTests): null]
17:50:15.439 [pool-15-thread-1] INFO  f.i.l.r.n.synth.SMTNopolSynthesizer - Not enough specifications: 0. A trivial patch is "true" or "false", please write new tests specifying SourceLocation org.jfree.chart.util.ShapeUtilities:291.
17:50:15.439 [pool-2-thread-1] DEBUG fr.inria.lille.repair.nopol.NoPol - statement #9
17:50:15.440 [pool-2-thread-1] DEBUG fr.inria.lille.repair.nopol.NoPol - Analysing SourceLocation org.jfree.chart.util.ShapeUtilities:288 which is executed by 32 tests
1291016330
17:50:15.611 [pool-2-thread-1] DEBUG fr.inria.lille.repair.nopol.NoPol - looking with class fr.inria.lille.repair.nopol.spoon.smt.ConditionalAdder
junit.framework.AssertionFailedError
    at junit.framework.Assert.fail(Assert.java:55)
    at junit.framework.Assert.assertTrue(Assert.java:22)
    at junit.framework.Assert.assertFalse(Assert.java:39)
    at junit.framework.Assert.assertFalse(Assert.java:47)
    at junit.framework.TestCase.assertFalse(TestCase.java:219)
    at org.jfree.chart.util.junit.ShapeUtilitiesTests.testEqualGeneralPaths(ShapeUtilitiesTests.java:212)
junit.framework.AssertionFailedError
    at junit.framework.Assert.fail(Assert.java:55)
    at junit.framework.Assert.assertTrue(Assert.java:22)
    at junit.framework.Assert.assertFalse(Assert.java:39)
    at junit.framework.Assert.assertFalse(Assert.java:47)
    at junit.framework.TestCase.assertFalse(TestCase.java:219)
    at org.jfree.chart.util.junit.ShapeUtilitiesTests.testEqualGeneralPaths(ShapeUtilitiesTests.java:212)
17:50:15.621 [pool-20-thread-1] INFO  xxl.java.junit.TestCasesListener - Tests run finished (6 ms)
<> Total tests run: 8
<> Ignored tests: 0
<> Failed tests: 2
~ testEqualGeneralPaths(org.jfree.chart.util.junit.ShapeUtilitiesTests)
[null]
junit.framework.AssertionFailedError    at junit.framework.Assert.fail(Assert.java:55)
    at junit.framework.Assert.assertTrue(Assert.java:22)
    at junit.framework.Assert.assertFalse(Assert.java:39)
    at junit.framework.Assert.assertFalse(Assert.java:47)
    at junit.framework.TestCase.assertFalse(TestCase.java:219)
    at org.jfree.chart.util.junit.ShapeUtilitiesTests.testEqualGeneralPaths(ShapeUtilitiesTests.java:212)
~ testEqualGeneralPaths(org.jfree.chart.util.junit.ShapeUtilitiesTests)
[null]
junit.framework.AssertionFailedError    at junit.framework.Assert.fail(Assert.java:55)
    at junit.framework.Assert.assertTrue(Assert.java:22)
    at junit.framework.Assert.assertFalse(Assert.java:39)
    at junit.framework.Assert.assertFalse(Assert.java:47)
    at junit.framework.TestCase.assertFalse(TestCase.java:219)
    at org.jfree.chart.util.junit.ShapeUtilitiesTests.testEqualGeneralPaths(ShapeUtilitiesTests.java:212)

junit.framework.AssertionFailedError
    at junit.framework.Assert.fail(Assert.java:55)
    at junit.framework.Assert.assertTrue(Assert.java:22)
    at junit.framework.Assert.assertFalse(Assert.java:39)
    at junit.framework.Assert.assertFalse(Assert.java:47)
    at junit.framework.TestCase.assertFalse(TestCase.java:219)
    at org.jfree.chart.util.junit.ShapeUtilitiesTests.testEqualGeneralPaths(ShapeUtilitiesTests.java:212)
17:50:15.963 [pool-21-thread-1] INFO  f.i.l.c.t.SpecificationTestCasesListener - Tests run finished (3 ms)
<> Total tests run: 1
<> Ignored tests: 0
<> Failed tests: 1
~ testEqualGeneralPaths(org.jfree.chart.util.junit.ShapeUtilitiesTests)
[null]
junit.framework.AssertionFailedError    at junit.framework.Assert.fail(Assert.java:55)
    at junit.framework.Assert.assertTrue(Assert.java:22)
    at junit.framework.Assert.assertFalse(Assert.java:39)
    at junit.framework.Assert.assertFalse(Assert.java:47)
    at junit.framework.TestCase.assertFalse(TestCase.java:219)
    at org.jfree.chart.util.junit.ShapeUtilitiesTests.testEqualGeneralPaths(ShapeUtilitiesTests.java:212)

junit.framework.AssertionFailedError
    at junit.framework.Assert.fail(Assert.java:55)
    at junit.framework.Assert.assertTrue(Assert.java:22)
    at junit.framework.Assert.assertFalse(Assert.java:39)
    at junit.framework.Assert.assertFalse(Assert.java:47)
    at junit.framework.TestCase.assertFalse(TestCase.java:219)
    at org.jfree.chart.util.junit.ShapeUtilitiesTests.testEqualGeneralPaths(ShapeUtilitiesTests.java:212)
17:50:15.966 [pool-22-thread-1] INFO  f.i.l.c.t.SpecificationTestCasesListener - Tests run finished (1 ms)
<> Total tests run: 1
<> Ignored tests: 0
<> Failed tests: 1
~ testEqualGeneralPaths(org.jfree.chart.util.junit.ShapeUtilitiesTests)
[null]
junit.framework.AssertionFailedError    at junit.framework.Assert.fail(Assert.java:55)
    at junit.framework.Assert.assertTrue(Assert.java:22)
    at junit.framework.Assert.assertFalse(Assert.java:39)
    at junit.framework.Assert.assertFalse(Assert.java:47)
    at junit.framework.TestCase.assertFalse(TestCase.java:219)
    at org.jfree.chart.util.junit.ShapeUtilitiesTests.testEqualGeneralPaths(ShapeUtilitiesTests.java:212)

17:50:15.967 [pool-19-thread-1] DEBUG tests.output - Failing tests with false: 
[testEqualGeneralPaths(org.jfree.chart.util.junit.ShapeUtilitiesTests): null]
17:50:15.967 [pool-19-thread-1] DEBUG tests.output - Failing tests with true: 
[testEqualGeneralPaths(org.jfree.chart.util.junit.ShapeUtilitiesTests): null]
17:50:15.968 [pool-19-thread-1] INFO  f.i.l.r.n.synth.SMTNopolSynthesizer - Not enough specifications: 0. A trivial patch is "true" or "false", please write new tests specifying SourceLocation org.jfree.chart.util.ShapeUtilities:288.
17:50:15.968 [pool-2-thread-1] DEBUG fr.inria.lille.repair.nopol.NoPol - looking with class fr.inria.lille.repair.nopol.spoon.smt.ConditionalReplacer
junit.framework.AssertionFailedError
    at junit.framework.Assert.fail(Assert.java:55)
    at junit.framework.Assert.assertTrue(Assert.java:22)
    at junit.framework.Assert.assertFalse(Assert.java:39)
    at junit.framework.Assert.assertFalse(Assert.java:47)
    at junit.framework.TestCase.assertFalse(TestCase.java:219)
    at org.jfree.chart.util.junit.ShapeUtilitiesTests.testEqualGeneralPaths(ShapeUtilitiesTests.java:212)
junit.framework.AssertionFailedError
    at junit.framework.Assert.fail(Assert.java:55)
    at junit.framework.Assert.assertTrue(Assert.java:22)
    at junit.framework.Assert.assertFalse(Assert.java:39)
    at junit.framework.Assert.assertFalse(Assert.java:47)
    at junit.framework.TestCase.assertFalse(TestCase.java:219)
    at org.jfree.chart.util.junit.ShapeUtilitiesTests.testEqualGeneralPaths(ShapeUtilitiesTests.java:212)
17:50:15.979 [pool-24-thread-1] INFO  xxl.java.junit.TestCasesListener - Tests run finished (7 ms)
<> Total tests run: 8
<> Ignored tests: 0
<> Failed tests: 2
~ testEqualGeneralPaths(org.jfree.chart.util.junit.ShapeUtilitiesTests)
[null]
junit.framework.AssertionFailedError    at junit.framework.Assert.fail(Assert.java:55)
    at junit.framework.Assert.assertTrue(Assert.java:22)
    at junit.framework.Assert.assertFalse(Assert.java:39)
    at junit.framework.Assert.assertFalse(Assert.java:47)
    at junit.framework.TestCase.assertFalse(TestCase.java:219)
    at org.jfree.chart.util.junit.ShapeUtilitiesTests.testEqualGeneralPaths(ShapeUtilitiesTests.java:212)
~ testEqualGeneralPaths(org.jfree.chart.util.junit.ShapeUtilitiesTests)
[null]
junit.framework.AssertionFailedError    at junit.framework.Assert.fail(Assert.java:55)
    at junit.framework.Assert.assertTrue(Assert.java:22)
    at junit.framework.Assert.assertFalse(Assert.java:39)
    at junit.framework.Assert.assertFalse(Assert.java:47)
    at junit.framework.TestCase.assertFalse(TestCase.java:219)
    at org.jfree.chart.util.junit.ShapeUtilitiesTests.testEqualGeneralPaths(ShapeUtilitiesTests.java:212)

junit.framework.AssertionFailedError
    at junit.framework.Assert.fail(Assert.java:55)
    at junit.framework.Assert.assertTrue(Assert.java:22)
    at junit.framework.Assert.assertFalse(Assert.java:39)
    at junit.framework.Assert.assertFalse(Assert.java:47)
    at junit.framework.TestCase.assertFalse(TestCase.java:219)
    at org.jfree.chart.util.junit.ShapeUtilitiesTests.testEqualGeneralPaths(ShapeUtilitiesTests.java:212)
17:50:16.298 [pool-25-thread-1] INFO  f.i.l.c.t.SpecificationTestCasesListener - Tests run finished (2 ms)
<> Total tests run: 1
<> Ignored tests: 0
<> Failed tests: 1
~ testEqualGeneralPaths(org.jfree.chart.util.junit.ShapeUtilitiesTests)
[null]
junit.framework.AssertionFailedError    at junit.framework.Assert.fail(Assert.java:55)
    at junit.framework.Assert.assertTrue(Assert.java:22)
    at junit.framework.Assert.assertFalse(Assert.java:39)
    at junit.framework.Assert.assertFalse(Assert.java:47)
    at junit.framework.TestCase.assertFalse(TestCase.java:219)
    at org.jfree.chart.util.junit.ShapeUtilitiesTests.testEqualGeneralPaths(ShapeUtilitiesTests.java:212)

junit.framework.AssertionFailedError
    at junit.framework.Assert.fail(Assert.java:55)
    at junit.framework.Assert.assertTrue(Assert.java:22)
    at junit.framework.Assert.assertTrue(Assert.java:31)
    at junit.framework.TestCase.assertTrue(TestCase.java:201)
    at org.jfree.chart.util.junit.ShapeUtilitiesTests.testEqualGeneralPaths(ShapeUtilitiesTests.java:204)
    at sun.reflect.NativeMethodAccessorImpl.invoke0(Native Method)
17:50:16.301 [pool-26-thread-1] INFO  f.i.l.c.t.SpecificationTestCasesListener - Tests run finished (1 ms)
<> Total tests run: 1
<> Ignored tests: 0
<> Failed tests: 1
~ testEqualGeneralPaths(org.jfree.chart.util.junit.ShapeUtilitiesTests)
[null]
junit.framework.AssertionFailedError    at junit.framework.Assert.fail(Assert.java:55)
    at junit.framework.Assert.assertTrue(Assert.java:22)
    at junit.framework.Assert.assertTrue(Assert.java:31)
    at junit.framework.TestCase.assertTrue(TestCase.java:201)
    at org.jfree.chart.util.junit.ShapeUtilitiesTests.testEqualGeneralPaths(ShapeUtilitiesTests.java:204)
    at sun.reflect.NativeMethodAccessorImpl.invoke0(Native Method)

17:50:16.301 [pool-23-thread-1] DEBUG tests.output - Failing tests with false: 
[testEqualGeneralPaths(org.jfree.chart.util.junit.ShapeUtilitiesTests): null]
17:50:16.301 [pool-23-thread-1] DEBUG tests.output - Failing tests with true: 
[testEqualGeneralPaths(org.jfree.chart.util.junit.ShapeUtilitiesTests): null]
17:50:16.302 [pool-23-thread-1] INFO  f.i.l.r.n.synth.SMTNopolSynthesizer - Not enough specifications: 0. A trivial patch is "true" or "false", please write new tests specifying SourceLocation org.jfree.chart.util.ShapeUtilities:288.
17:50:16.302 [pool-2-thread-1] DEBUG fr.inria.lille.repair.nopol.NoPol - statement #10
17:50:16.302 [pool-2-thread-1] DEBUG fr.inria.lille.repair.nopol.NoPol - Analysing SourceLocation org.jfree.chart.util.ShapeUtilities:285 which is executed by 32 tests
1291016330
17:50:16.474 [pool-2-thread-1] DEBUG fr.inria.lille.repair.nopol.NoPol - looking with class fr.inria.lille.repair.nopol.spoon.smt.ConditionalAdder
junit.framework.AssertionFailedError
    at junit.framework.Assert.fail(Assert.java:55)
    at junit.framework.Assert.assertTrue(Assert.java:22)
    at junit.framework.Assert.assertFalse(Assert.java:39)
    at junit.framework.Assert.assertFalse(Assert.java:47)
    at junit.framework.TestCase.assertFalse(TestCase.java:219)
    at org.jfree.chart.util.junit.ShapeUtilitiesTests.testEqualGeneralPaths(ShapeUtilitiesTests.java:212)
junit.framework.AssertionFailedError
    at junit.framework.Assert.fail(Assert.java:55)
    at junit.framework.Assert.assertTrue(Assert.java:22)
    at junit.framework.Assert.assertFalse(Assert.java:39)
    at junit.framework.Assert.assertFalse(Assert.java:47)
    at junit.framework.TestCase.assertFalse(TestCase.java:219)
    at org.jfree.chart.util.junit.ShapeUtilitiesTests.testEqualGeneralPaths(ShapeUtilitiesTests.java:212)
17:50:16.484 [pool-28-thread-1] INFO  xxl.java.junit.TestCasesListener - Tests run finished (6 ms)
<> Total tests run: 8
<> Ignored tests: 0
<> Failed tests: 2
~ testEqualGeneralPaths(org.jfree.chart.util.junit.ShapeUtilitiesTests)
[null]
junit.framework.AssertionFailedError    at junit.framework.Assert.fail(Assert.java:55)
    at junit.framework.Assert.assertTrue(Assert.java:22)
    at junit.framework.Assert.assertFalse(Assert.java:39)
    at junit.framework.Assert.assertFalse(Assert.java:47)
    at junit.framework.TestCase.assertFalse(TestCase.java:219)
    at org.jfree.chart.util.junit.ShapeUtilitiesTests.testEqualGeneralPaths(ShapeUtilitiesTests.java:212)
~ testEqualGeneralPaths(org.jfree.chart.util.junit.ShapeUtilitiesTests)
[null]
junit.framework.AssertionFailedError    at junit.framework.Assert.fail(Assert.java:55)
    at junit.framework.Assert.assertTrue(Assert.java:22)
    at junit.framework.Assert.assertFalse(Assert.java:39)
    at junit.framework.Assert.assertFalse(Assert.java:47)
    at junit.framework.TestCase.assertFalse(TestCase.java:219)
    at org.jfree.chart.util.junit.ShapeUtilitiesTests.testEqualGeneralPaths(ShapeUtilitiesTests.java:212)

junit.framework.AssertionFailedError
    at junit.framework.Assert.fail(Assert.java:55)
    at junit.framework.Assert.assertTrue(Assert.java:22)
    at junit.framework.Assert.assertFalse(Assert.java:39)
    at junit.framework.Assert.assertFalse(Assert.java:47)
    at junit.framework.TestCase.assertFalse(TestCase.java:219)
    at org.jfree.chart.util.junit.ShapeUtilitiesTests.testEqualGeneralPaths(ShapeUtilitiesTests.java:212)
17:50:16.817 [pool-29-thread-1] INFO  f.i.l.c.t.SpecificationTestCasesListener - Tests run finished (2 ms)
<> Total tests run: 1
<> Ignored tests: 0
<> Failed tests: 1
~ testEqualGeneralPaths(org.jfree.chart.util.junit.ShapeUtilitiesTests)
[null]
junit.framework.AssertionFailedError    at junit.framework.Assert.fail(Assert.java:55)
    at junit.framework.Assert.assertTrue(Assert.java:22)
    at junit.framework.Assert.assertFalse(Assert.java:39)
    at junit.framework.Assert.assertFalse(Assert.java:47)
    at junit.framework.TestCase.assertFalse(TestCase.java:219)
    at org.jfree.chart.util.junit.ShapeUtilitiesTests.testEqualGeneralPaths(ShapeUtilitiesTests.java:212)

junit.framework.AssertionFailedError
    at junit.framework.Assert.fail(Assert.java:55)
    at junit.framework.Assert.assertTrue(Assert.java:22)
    at junit.framework.Assert.assertFalse(Assert.java:39)
    at junit.framework.Assert.assertFalse(Assert.java:47)
    at junit.framework.TestCase.assertFalse(TestCase.java:219)
    at org.jfree.chart.util.junit.ShapeUtilitiesTests.testEqualGeneralPaths(ShapeUtilitiesTests.java:212)
17:50:16.819 [pool-30-thread-1] INFO  f.i.l.c.t.SpecificationTestCasesListener - Tests run finished (1 ms)
<> Total tests run: 1
<> Ignored tests: 0
<> Failed tests: 1
~ testEqualGeneralPaths(org.jfree.chart.util.junit.ShapeUtilitiesTests)
[null]
junit.framework.AssertionFailedError    at junit.framework.Assert.fail(Assert.java:55)
    at junit.framework.Assert.assertTrue(Assert.java:22)
    at junit.framework.Assert.assertFalse(Assert.java:39)
    at junit.framework.Assert.assertFalse(Assert.java:47)
    at junit.framework.TestCase.assertFalse(TestCase.java:219)
    at org.jfree.chart.util.junit.ShapeUtilitiesTests.testEqualGeneralPaths(ShapeUtilitiesTests.java:212)

17:50:16.819 [pool-27-thread-1] DEBUG tests.output - Failing tests with false: 
[testEqualGeneralPaths(org.jfree.chart.util.junit.ShapeUtilitiesTests): null]
17:50:16.820 [pool-27-thread-1] DEBUG tests.output - Failing tests with true: 
[testEqualGeneralPaths(org.jfree.chart.util.junit.ShapeUtilitiesTests): null]
17:50:16.820 [pool-27-thread-1] INFO  f.i.l.r.n.synth.SMTNopolSynthesizer - Not enough specifications: 0. A trivial patch is "true" or "false", please write new tests specifying SourceLocation org.jfree.chart.util.ShapeUtilities:285.
17:50:16.820 [pool-2-thread-1] DEBUG fr.inria.lille.repair.nopol.NoPol - looking with class fr.inria.lille.repair.nopol.spoon.smt.ConditionalReplacer
junit.framework.AssertionFailedError
    at junit.framework.Assert.fail(Assert.java:55)
    at junit.framework.Assert.assertTrue(Assert.java:22)
    at junit.framework.Assert.assertFalse(Assert.java:39)
    at junit.framework.Assert.assertFalse(Assert.java:47)
    at junit.framework.TestCase.assertFalse(TestCase.java:219)
    at org.jfree.chart.util.junit.ShapeUtilitiesTests.testEqualGeneralPaths(ShapeUtilitiesTests.java:212)
junit.framework.AssertionFailedError
    at junit.framework.Assert.fail(Assert.java:55)
    at junit.framework.Assert.assertTrue(Assert.java:22)
    at junit.framework.Assert.assertFalse(Assert.java:39)
    at junit.framework.Assert.assertFalse(Assert.java:47)
    at junit.framework.TestCase.assertFalse(TestCase.java:219)
    at org.jfree.chart.util.junit.ShapeUtilitiesTests.testEqualGeneralPaths(ShapeUtilitiesTests.java:212)
17:50:16.828 [pool-32-thread-1] INFO  xxl.java.junit.TestCasesListener - Tests run finished (5 ms)
<> Total tests run: 8
<> Ignored tests: 0
<> Failed tests: 2
~ testEqualGeneralPaths(org.jfree.chart.util.junit.ShapeUtilitiesTests)
[null]
junit.framework.AssertionFailedError    at junit.framework.Assert.fail(Assert.java:55)
    at junit.framework.Assert.assertTrue(Assert.java:22)
    at junit.framework.Assert.assertFalse(Assert.java:39)
    at junit.framework.Assert.assertFalse(Assert.java:47)
    at junit.framework.TestCase.assertFalse(TestCase.java:219)
    at org.jfree.chart.util.junit.ShapeUtilitiesTests.testEqualGeneralPaths(ShapeUtilitiesTests.java:212)
~ testEqualGeneralPaths(org.jfree.chart.util.junit.ShapeUtilitiesTests)
[null]
junit.framework.AssertionFailedError    at junit.framework.Assert.fail(Assert.java:55)
    at junit.framework.Assert.assertTrue(Assert.java:22)
    at junit.framework.Assert.assertFalse(Assert.java:39)
    at junit.framework.Assert.assertFalse(Assert.java:47)
    at junit.framework.TestCase.assertFalse(TestCase.java:219)
    at org.jfree.chart.util.junit.ShapeUtilitiesTests.testEqualGeneralPaths(ShapeUtilitiesTests.java:212)

junit.framework.AssertionFailedError
    at junit.framework.Assert.fail(Assert.java:55)
    at junit.framework.Assert.assertTrue(Assert.java:22)
    at junit.framework.Assert.assertFalse(Assert.java:39)
    at junit.framework.Assert.assertFalse(Assert.java:47)
    at junit.framework.TestCase.assertFalse(TestCase.java:219)
    at org.jfree.chart.util.junit.ShapeUtilitiesTests.testEqualGeneralPaths(ShapeUtilitiesTests.java:212)
17:50:17.119 [pool-33-thread-1] INFO  f.i.l.c.t.SpecificationTestCasesListener - Tests run finished (4 ms)
<> Total tests run: 1
<> Ignored tests: 0
<> Failed tests: 1
~ testEqualGeneralPaths(org.jfree.chart.util.junit.ShapeUtilitiesTests)
[null]
junit.framework.AssertionFailedError    at junit.framework.Assert.fail(Assert.java:55)
    at junit.framework.Assert.assertTrue(Assert.java:22)
    at junit.framework.Assert.assertFalse(Assert.java:39)
    at junit.framework.Assert.assertFalse(Assert.java:47)
    at junit.framework.TestCase.assertFalse(TestCase.java:219)
    at org.jfree.chart.util.junit.ShapeUtilitiesTests.testEqualGeneralPaths(ShapeUtilitiesTests.java:212)

junit.framework.AssertionFailedError
    at junit.framework.Assert.fail(Assert.java:55)
    at junit.framework.Assert.assertTrue(Assert.java:22)
    at junit.framework.Assert.assertTrue(Assert.java:31)
    at junit.framework.TestCase.assertTrue(TestCase.java:201)
    at org.jfree.chart.util.junit.ShapeUtilitiesTests.testEqualGeneralPaths(ShapeUtilitiesTests.java:204)
    at sun.reflect.NativeMethodAccessorImpl.invoke0(Native Method)
17:50:17.122 [pool-34-thread-1] INFO  f.i.l.c.t.SpecificationTestCasesListener - Tests run finished (0 ms)
<> Total tests run: 1
<> Ignored tests: 0
<> Failed tests: 1
~ testEqualGeneralPaths(org.jfree.chart.util.junit.ShapeUtilitiesTests)
[null]
junit.framework.AssertionFailedError    at junit.framework.Assert.fail(Assert.java:55)
    at junit.framework.Assert.assertTrue(Assert.java:22)
    at junit.framework.Assert.assertTrue(Assert.java:31)
    at junit.framework.TestCase.assertTrue(TestCase.java:201)
    at org.jfree.chart.util.junit.ShapeUtilitiesTests.testEqualGeneralPaths(ShapeUtilitiesTests.java:204)
    at sun.reflect.NativeMethodAccessorImpl.invoke0(Native Method)

17:50:17.123 [pool-31-thread-1] DEBUG tests.output - Failing tests with false: 
[testEqualGeneralPaths(org.jfree.chart.util.junit.ShapeUtilitiesTests): null]
17:50:17.123 [pool-31-thread-1] DEBUG tests.output - Failing tests with true: 
[testEqualGeneralPaths(org.jfree.chart.util.junit.ShapeUtilitiesTests): null]
17:50:17.124 [pool-31-thread-1] INFO  f.i.l.r.n.synth.SMTNopolSynthesizer - Not enough specifications: 0. A trivial patch is "true" or "false", please write new tests specifying SourceLocation org.jfree.chart.util.ShapeUtilities:285.
17:50:17.124 [pool-2-thread-1] DEBUG fr.inria.lille.repair.nopol.NoPol - statement #11
17:50:17.124 [pool-2-thread-1] DEBUG fr.inria.lille.repair.nopol.NoPol - Analysing SourceLocation org.jfree.chart.util.ShapeUtilities:284 which is executed by 32 tests
1291016330
17:50:17.295 [pool-2-thread-1] DEBUG fr.inria.lille.repair.nopol.NoPol - statement #12
17:50:17.296 [pool-2-thread-1] DEBUG fr.inria.lille.repair.nopol.NoPol - Analysing SourceLocation org.jfree.chart.util.ShapeUtilities:283 which is executed by 32 tests
1291016330
17:50:17.465 [pool-2-thread-1] DEBUG fr.inria.lille.repair.nopol.NoPol - statement #13
17:50:17.465 [pool-2-thread-1] DEBUG fr.inria.lille.repair.nopol.NoPol - Analysing SourceLocation org.jfree.chart.util.ShapeUtilities:280 which is executed by 32 tests
1291016330
17:50:17.635 [pool-2-thread-1] DEBUG fr.inria.lille.repair.nopol.NoPol - looking with class fr.inria.lille.repair.nopol.spoon.smt.ConditionalAdder
junit.framework.AssertionFailedError
    at junit.framework.Assert.fail(Assert.java:55)
    at junit.framework.Assert.assertTrue(Assert.java:22)
    at junit.framework.Assert.assertFalse(Assert.java:39)
    at junit.framework.Assert.assertFalse(Assert.java:47)
    at junit.framework.TestCase.assertFalse(TestCase.java:219)
    at org.jfree.chart.util.junit.ShapeUtilitiesTests.testEqualGeneralPaths(ShapeUtilitiesTests.java:212)
junit.framework.AssertionFailedError
    at junit.framework.Assert.fail(Assert.java:55)
    at junit.framework.Assert.assertTrue(Assert.java:22)
    at junit.framework.Assert.assertFalse(Assert.java:39)
    at junit.framework.Assert.assertFalse(Assert.java:47)
    at junit.framework.TestCase.assertFalse(TestCase.java:219)
    at org.jfree.chart.util.junit.ShapeUtilitiesTests.testEqualGeneralPaths(ShapeUtilitiesTests.java:212)
17:50:17.645 [pool-36-thread-1] INFO  xxl.java.junit.TestCasesListener - Tests run finished (6 ms)
<> Total tests run: 8
<> Ignored tests: 0
<> Failed tests: 2
~ testEqualGeneralPaths(org.jfree.chart.util.junit.ShapeUtilitiesTests)
[null]
junit.framework.AssertionFailedError    at junit.framework.Assert.fail(Assert.java:55)
    at junit.framework.Assert.assertTrue(Assert.java:22)
    at junit.framework.Assert.assertFalse(Assert.java:39)
    at junit.framework.Assert.assertFalse(Assert.java:47)
    at junit.framework.TestCase.assertFalse(TestCase.java:219)
    at org.jfree.chart.util.junit.ShapeUtilitiesTests.testEqualGeneralPaths(ShapeUtilitiesTests.java:212)
~ testEqualGeneralPaths(org.jfree.chart.util.junit.ShapeUtilitiesTests)
[null]
junit.framework.AssertionFailedError    at junit.framework.Assert.fail(Assert.java:55)
    at junit.framework.Assert.assertTrue(Assert.java:22)
    at junit.framework.Assert.assertFalse(Assert.java:39)
    at junit.framework.Assert.assertFalse(Assert.java:47)
    at junit.framework.TestCase.assertFalse(TestCase.java:219)
    at org.jfree.chart.util.junit.ShapeUtilitiesTests.testEqualGeneralPaths(ShapeUtilitiesTests.java:212)

junit.framework.AssertionFailedError
    at junit.framework.Assert.fail(Assert.java:55)
    at junit.framework.Assert.assertTrue(Assert.java:22)
    at junit.framework.Assert.assertFalse(Assert.java:39)
    at junit.framework.Assert.assertFalse(Assert.java:47)
    at junit.framework.TestCase.assertFalse(TestCase.java:219)
    at org.jfree.chart.util.junit.ShapeUtilitiesTests.testEqualGeneralPaths(ShapeUtilitiesTests.java:212)
17:50:17.938 [pool-37-thread-1] INFO  f.i.l.c.t.SpecificationTestCasesListener - Tests run finished (3 ms)
<> Total tests run: 1
<> Ignored tests: 0
<> Failed tests: 1
~ testEqualGeneralPaths(org.jfree.chart.util.junit.ShapeUtilitiesTests)
[null]
junit.framework.AssertionFailedError    at junit.framework.Assert.fail(Assert.java:55)
    at junit.framework.Assert.assertTrue(Assert.java:22)
    at junit.framework.Assert.assertFalse(Assert.java:39)
    at junit.framework.Assert.assertFalse(Assert.java:47)
    at junit.framework.TestCase.assertFalse(TestCase.java:219)
    at org.jfree.chart.util.junit.ShapeUtilitiesTests.testEqualGeneralPaths(ShapeUtilitiesTests.java:212)

junit.framework.AssertionFailedError
    at junit.framework.Assert.fail(Assert.java:55)
    at junit.framework.Assert.assertTrue(Assert.java:22)
    at junit.framework.Assert.assertFalse(Assert.java:39)
    at junit.framework.Assert.assertFalse(Assert.java:47)
    at junit.framework.TestCase.assertFalse(TestCase.java:219)
    at org.jfree.chart.util.junit.ShapeUtilitiesTests.testEqualGeneralPaths(ShapeUtilitiesTests.java:212)
17:50:17.942 [pool-38-thread-1] INFO  f.i.l.c.t.SpecificationTestCasesListener - Tests run finished (2 ms)
<> Total tests run: 1
<> Ignored tests: 0
<> Failed tests: 1
~ testEqualGeneralPaths(org.jfree.chart.util.junit.ShapeUtilitiesTests)
[null]
junit.framework.AssertionFailedError    at junit.framework.Assert.fail(Assert.java:55)
    at junit.framework.Assert.assertTrue(Assert.java:22)
    at junit.framework.Assert.assertFalse(Assert.java:39)
    at junit.framework.Assert.assertFalse(Assert.java:47)
    at junit.framework.TestCase.assertFalse(TestCase.java:219)
    at org.jfree.chart.util.junit.ShapeUtilitiesTests.testEqualGeneralPaths(ShapeUtilitiesTests.java:212)

17:50:17.943 [pool-35-thread-1] DEBUG tests.output - Failing tests with false: 
[testEqualGeneralPaths(org.jfree.chart.util.junit.ShapeUtilitiesTests): null]
17:50:17.943 [pool-35-thread-1] DEBUG tests.output - Failing tests with true: 
[testEqualGeneralPaths(org.jfree.chart.util.junit.ShapeUtilitiesTests): null]
17:50:17.943 [pool-35-thread-1] INFO  f.i.l.r.n.synth.SMTNopolSynthesizer - Not enough specifications: 0. A trivial patch is "true" or "false", please write new tests specifying SourceLocation org.jfree.chart.util.ShapeUtilities:280.
17:50:17.943 [pool-2-thread-1] DEBUG fr.inria.lille.repair.nopol.NoPol - looking with class fr.inria.lille.repair.nopol.spoon.smt.ConditionalReplacer
junit.framework.AssertionFailedError
    at junit.framework.Assert.fail(Assert.java:55)
    at junit.framework.Assert.assertTrue(Assert.java:22)
    at junit.framework.Assert.assertFalse(Assert.java:39)
    at junit.framework.Assert.assertFalse(Assert.java:47)
    at junit.framework.TestCase.assertFalse(TestCase.java:219)
    at org.jfree.chart.util.junit.ShapeUtilitiesTests.testEqualGeneralPaths(ShapeUtilitiesTests.java:212)
junit.framework.AssertionFailedError
    at junit.framework.Assert.fail(Assert.java:55)
    at junit.framework.Assert.assertTrue(Assert.java:22)
    at junit.framework.Assert.assertFalse(Assert.java:39)
    at junit.framework.Assert.assertFalse(Assert.java:47)
    at junit.framework.TestCase.assertFalse(TestCase.java:219)
    at org.jfree.chart.util.junit.ShapeUtilitiesTests.testEqualGeneralPaths(ShapeUtilitiesTests.java:212)
17:50:17.953 [pool-40-thread-1] INFO  xxl.java.junit.TestCasesListener - Tests run finished (5 ms)
<> Total tests run: 8
<> Ignored tests: 0
<> Failed tests: 2
~ testEqualGeneralPaths(org.jfree.chart.util.junit.ShapeUtilitiesTests)
[null]
junit.framework.AssertionFailedError    at junit.framework.Assert.fail(Assert.java:55)
    at junit.framework.Assert.assertTrue(Assert.java:22)
    at junit.framework.Assert.assertFalse(Assert.java:39)
    at junit.framework.Assert.assertFalse(Assert.java:47)
    at junit.framework.TestCase.assertFalse(TestCase.java:219)
    at org.jfree.chart.util.junit.ShapeUtilitiesTests.testEqualGeneralPaths(ShapeUtilitiesTests.java:212)
~ testEqualGeneralPaths(org.jfree.chart.util.junit.ShapeUtilitiesTests)
[null]
junit.framework.AssertionFailedError    at junit.framework.Assert.fail(Assert.java:55)
    at junit.framework.Assert.assertTrue(Assert.java:22)
    at junit.framework.Assert.assertFalse(Assert.java:39)
    at junit.framework.Assert.assertFalse(Assert.java:47)
    at junit.framework.TestCase.assertFalse(TestCase.java:219)
    at org.jfree.chart.util.junit.ShapeUtilitiesTests.testEqualGeneralPaths(ShapeUtilitiesTests.java:212)

junit.framework.AssertionFailedError
    at junit.framework.Assert.fail(Assert.java:55)
    at junit.framework.Assert.assertTrue(Assert.java:22)
    at junit.framework.Assert.assertFalse(Assert.java:39)
    at junit.framework.Assert.assertFalse(Assert.java:47)
    at junit.framework.TestCase.assertFalse(TestCase.java:219)
    at org.jfree.chart.util.junit.ShapeUtilitiesTests.testEqualGeneralPaths(ShapeUtilitiesTests.java:212)
17:50:18.306 [pool-41-thread-1] INFO  f.i.l.c.t.SpecificationTestCasesListener - Tests run finished (3 ms)
<> Total tests run: 1
<> Ignored tests: 0
<> Failed tests: 1
~ testEqualGeneralPaths(org.jfree.chart.util.junit.ShapeUtilitiesTests)
[null]
junit.framework.AssertionFailedError    at junit.framework.Assert.fail(Assert.java:55)
    at junit.framework.Assert.assertTrue(Assert.java:22)
    at junit.framework.Assert.assertFalse(Assert.java:39)
    at junit.framework.Assert.assertFalse(Assert.java:47)
    at junit.framework.TestCase.assertFalse(TestCase.java:219)
    at org.jfree.chart.util.junit.ShapeUtilitiesTests.testEqualGeneralPaths(ShapeUtilitiesTests.java:212)

junit.framework.AssertionFailedError
    at junit.framework.Assert.fail(Assert.java:55)
    at junit.framework.Assert.assertTrue(Assert.java:22)
    at junit.framework.Assert.assertTrue(Assert.java:31)
    at junit.framework.TestCase.assertTrue(TestCase.java:201)
    at org.jfree.chart.util.junit.ShapeUtilitiesTests.testEqualGeneralPaths(ShapeUtilitiesTests.java:204)
    at sun.reflect.NativeMethodAccessorImpl.invoke0(Native Method)
17:50:18.308 [pool-42-thread-1] INFO  f.i.l.c.t.SpecificationTestCasesListener - Tests run finished (1 ms)
<> Total tests run: 1
<> Ignored tests: 0
<> Failed tests: 1
~ testEqualGeneralPaths(org.jfree.chart.util.junit.ShapeUtilitiesTests)
[null]
junit.framework.AssertionFailedError    at junit.framework.Assert.fail(Assert.java:55)
    at junit.framework.Assert.assertTrue(Assert.java:22)
    at junit.framework.Assert.assertTrue(Assert.java:31)
    at junit.framework.TestCase.assertTrue(TestCase.java:201)
    at org.jfree.chart.util.junit.ShapeUtilitiesTests.testEqualGeneralPaths(ShapeUtilitiesTests.java:204)
    at sun.reflect.NativeMethodAccessorImpl.invoke0(Native Method)

17:50:18.308 [pool-39-thread-1] DEBUG tests.output - Failing tests with false: 
[testEqualGeneralPaths(org.jfree.chart.util.junit.ShapeUtilitiesTests): null]
17:50:18.308 [pool-39-thread-1] DEBUG tests.output - Failing tests with true: 
[testEqualGeneralPaths(org.jfree.chart.util.junit.ShapeUtilitiesTests): null]
17:50:18.309 [pool-39-thread-1] INFO  f.i.l.r.n.synth.SMTNopolSynthesizer - Not enough specifications: 0. A trivial patch is "true" or "false", please write new tests specifying SourceLocation org.jfree.chart.util.ShapeUtilities:280.
17:50:18.309 [pool-2-thread-1] DEBUG fr.inria.lille.repair.nopol.NoPol - statement #14
17:50:18.309 [pool-2-thread-1] DEBUG fr.inria.lille.repair.nopol.NoPol - Analysing SourceLocation org.jfree.chart.util.ShapeUtilities:279 which is executed by 32 tests
1291016330
17:50:18.481 [pool-2-thread-1] DEBUG fr.inria.lille.repair.nopol.NoPol - looking with class fr.inria.lille.repair.nopol.spoon.smt.ConditionalAdder
junit.framework.AssertionFailedError
    at junit.framework.Assert.fail(Assert.java:55)
    at junit.framework.Assert.assertTrue(Assert.java:22)
    at junit.framework.Assert.assertFalse(Assert.java:39)
    at junit.framework.Assert.assertFalse(Assert.java:47)
    at junit.framework.TestCase.assertFalse(TestCase.java:219)
    at org.jfree.chart.util.junit.ShapeUtilitiesTests.testEqualGeneralPaths(ShapeUtilitiesTests.java:212)
junit.framework.AssertionFailedError
    at junit.framework.Assert.fail(Assert.java:55)
    at junit.framework.Assert.assertTrue(Assert.java:22)
    at junit.framework.Assert.assertFalse(Assert.java:39)
    at junit.framework.Assert.assertFalse(Assert.java:47)
    at junit.framework.TestCase.assertFalse(TestCase.java:219)
    at org.jfree.chart.util.junit.ShapeUtilitiesTests.testEqualGeneralPaths(ShapeUtilitiesTests.java:212)
17:50:18.491 [pool-44-thread-1] INFO  xxl.java.junit.TestCasesListener - Tests run finished (5 ms)
<> Total tests run: 8
<> Ignored tests: 0
<> Failed tests: 2
~ testEqualGeneralPaths(org.jfree.chart.util.junit.ShapeUtilitiesTests)
[null]
junit.framework.AssertionFailedError    at junit.framework.Assert.fail(Assert.java:55)
    at junit.framework.Assert.assertTrue(Assert.java:22)
    at junit.framework.Assert.assertFalse(Assert.java:39)
    at junit.framework.Assert.assertFalse(Assert.java:47)
    at junit.framework.TestCase.assertFalse(TestCase.java:219)
    at org.jfree.chart.util.junit.ShapeUtilitiesTests.testEqualGeneralPaths(ShapeUtilitiesTests.java:212)
~ testEqualGeneralPaths(org.jfree.chart.util.junit.ShapeUtilitiesTests)
[null]
junit.framework.AssertionFailedError    at junit.framework.Assert.fail(Assert.java:55)
    at junit.framework.Assert.assertTrue(Assert.java:22)
    at junit.framework.Assert.assertFalse(Assert.java:39)
    at junit.framework.Assert.assertFalse(Assert.java:47)
    at junit.framework.TestCase.assertFalse(TestCase.java:219)
    at org.jfree.chart.util.junit.ShapeUtilitiesTests.testEqualGeneralPaths(ShapeUtilitiesTests.java:212)

junit.framework.AssertionFailedError
    at junit.framework.Assert.fail(Assert.java:55)
    at junit.framework.Assert.assertTrue(Assert.java:22)
    at junit.framework.Assert.assertFalse(Assert.java:39)
    at junit.framework.Assert.assertFalse(Assert.java:47)
    at junit.framework.TestCase.assertFalse(TestCase.java:219)
    at org.jfree.chart.util.junit.ShapeUtilitiesTests.testEqualGeneralPaths(ShapeUtilitiesTests.java:212)
17:50:18.766 [pool-45-thread-1] INFO  f.i.l.c.t.SpecificationTestCasesListener - Tests run finished (2 ms)
<> Total tests run: 1
<> Ignored tests: 0
<> Failed tests: 1
~ testEqualGeneralPaths(org.jfree.chart.util.junit.ShapeUtilitiesTests)
[null]
junit.framework.AssertionFailedError    at junit.framework.Assert.fail(Assert.java:55)
    at junit.framework.Assert.assertTrue(Assert.java:22)
    at junit.framework.Assert.assertFalse(Assert.java:39)
    at junit.framework.Assert.assertFalse(Assert.java:47)
    at junit.framework.TestCase.assertFalse(TestCase.java:219)
    at org.jfree.chart.util.junit.ShapeUtilitiesTests.testEqualGeneralPaths(ShapeUtilitiesTests.java:212)

junit.framework.AssertionFailedError
    at junit.framework.Assert.fail(Assert.java:55)
    at junit.framework.Assert.assertTrue(Assert.java:22)
    at junit.framework.Assert.assertFalse(Assert.java:39)
    at junit.framework.Assert.assertFalse(Assert.java:47)
    at junit.framework.TestCase.assertFalse(TestCase.java:219)
    at org.jfree.chart.util.junit.ShapeUtilitiesTests.testEqualGeneralPaths(ShapeUtilitiesTests.java:212)
17:50:18.768 [pool-46-thread-1] INFO  f.i.l.c.t.SpecificationTestCasesListener - Tests run finished (1 ms)
<> Total tests run: 1
<> Ignored tests: 0
<> Failed tests: 1
~ testEqualGeneralPaths(org.jfree.chart.util.junit.ShapeUtilitiesTests)
[null]
junit.framework.AssertionFailedError    at junit.framework.Assert.fail(Assert.java:55)
    at junit.framework.Assert.assertTrue(Assert.java:22)
    at junit.framework.Assert.assertFalse(Assert.java:39)
    at junit.framework.Assert.assertFalse(Assert.java:47)
    at junit.framework.TestCase.assertFalse(TestCase.java:219)
    at org.jfree.chart.util.junit.ShapeUtilitiesTests.testEqualGeneralPaths(ShapeUtilitiesTests.java:212)

17:50:18.769 [pool-43-thread-1] DEBUG tests.output - Failing tests with false: 
[testEqualGeneralPaths(org.jfree.chart.util.junit.ShapeUtilitiesTests): null]
17:50:18.769 [pool-43-thread-1] DEBUG tests.output - Failing tests with true: 
[testEqualGeneralPaths(org.jfree.chart.util.junit.ShapeUtilitiesTests): null]
17:50:18.769 [pool-43-thread-1] INFO  f.i.l.r.n.synth.SMTNopolSynthesizer - Not enough specifications: 0. A trivial patch is "true" or "false", please write new tests specifying SourceLocation org.jfree.chart.util.ShapeUtilities:279.
17:50:18.769 [pool-2-thread-1] DEBUG fr.inria.lille.repair.nopol.NoPol - statement #15
17:50:18.769 [pool-2-thread-1] DEBUG fr.inria.lille.repair.nopol.NoPol - Analysing SourceLocation org.jfree.chart.util.ShapeUtilities:278 which is executed by 32 tests
1291016330
17:50:18.945 [pool-2-thread-1] DEBUG fr.inria.lille.repair.nopol.NoPol - statement #16
17:50:18.946 [pool-2-thread-1] DEBUG fr.inria.lille.repair.nopol.NoPol - Analysing SourceLocation org.jfree.chart.util.ShapeUtilities:277 which is executed by 32 tests
1291016330
17:50:19.119 [pool-2-thread-1] DEBUG fr.inria.lille.repair.nopol.NoPol - statement #17
17:50:19.119 [pool-2-thread-1] DEBUG fr.inria.lille.repair.nopol.NoPol - Analysing SourceLocation org.jfree.chart.util.ShapeUtilities:276 which is executed by 32 tests
1291016330
17:50:19.292 [pool-2-thread-1] DEBUG fr.inria.lille.repair.nopol.NoPol - statement #18
17:50:19.292 [pool-2-thread-1] DEBUG fr.inria.lille.repair.nopol.NoPol - Analysing SourceLocation org.jfree.chart.util.ShapeUtilities:275 which is executed by 32 tests
1291016330
17:50:19.463 [pool-2-thread-1] DEBUG fr.inria.lille.repair.nopol.NoPol - statement #19
17:50:19.464 [pool-2-thread-1] DEBUG fr.inria.lille.repair.nopol.NoPol - Analysing SourceLocation org.jfree.chart.util.ShapeUtilities:274 which is executed by 32 tests
1291016330
17:50:19.633 [pool-2-thread-1] DEBUG fr.inria.lille.repair.nopol.NoPol - statement #20
17:50:19.634 [pool-2-thread-1] DEBUG fr.inria.lille.repair.nopol.NoPol - Analysing SourceLocation org.jfree.chart.util.ShapeUtilities:271 which is executed by 32 tests
1291016330
17:50:19.804 [pool-2-thread-1] DEBUG fr.inria.lille.repair.nopol.NoPol - looking with class fr.inria.lille.repair.nopol.spoon.smt.ConditionalAdder
junit.framework.AssertionFailedError
    at junit.framework.Assert.fail(Assert.java:55)
    at junit.framework.Assert.assertTrue(Assert.java:22)
    at junit.framework.Assert.assertFalse(Assert.java:39)
    at junit.framework.Assert.assertFalse(Assert.java:47)
    at junit.framework.TestCase.assertFalse(TestCase.java:219)
    at org.jfree.chart.util.junit.ShapeUtilitiesTests.testEqualGeneralPaths(ShapeUtilitiesTests.java:212)
junit.framework.AssertionFailedError
    at junit.framework.Assert.fail(Assert.java:55)
    at junit.framework.Assert.assertTrue(Assert.java:22)
    at junit.framework.Assert.assertFalse(Assert.java:39)
    at junit.framework.Assert.assertFalse(Assert.java:47)
    at junit.framework.TestCase.assertFalse(TestCase.java:219)
    at org.jfree.chart.util.junit.ShapeUtilitiesTests.testEqualGeneralPaths(ShapeUtilitiesTests.java:212)
17:50:19.813 [pool-48-thread-1] INFO  xxl.java.junit.TestCasesListener - Tests run finished (5 ms)
<> Total tests run: 8
<> Ignored tests: 0
<> Failed tests: 2
~ testEqualGeneralPaths(org.jfree.chart.util.junit.ShapeUtilitiesTests)
[null]
junit.framework.AssertionFailedError    at junit.framework.Assert.fail(Assert.java:55)
    at junit.framework.Assert.assertTrue(Assert.java:22)
    at junit.framework.Assert.assertFalse(Assert.java:39)
    at junit.framework.Assert.assertFalse(Assert.java:47)
    at junit.framework.TestCase.assertFalse(TestCase.java:219)
    at org.jfree.chart.util.junit.ShapeUtilitiesTests.testEqualGeneralPaths(ShapeUtilitiesTests.java:212)
~ testEqualGeneralPaths(org.jfree.chart.util.junit.ShapeUtilitiesTests)
[null]
junit.framework.AssertionFailedError    at junit.framework.Assert.fail(Assert.java:55)
    at junit.framework.Assert.assertTrue(Assert.java:22)
    at junit.framework.Assert.assertFalse(Assert.java:39)
    at junit.framework.Assert.assertFalse(Assert.java:47)
    at junit.framework.TestCase.assertFalse(TestCase.java:219)
    at org.jfree.chart.util.junit.ShapeUtilitiesTests.testEqualGeneralPaths(ShapeUtilitiesTests.java:212)

junit.framework.AssertionFailedError
    at junit.framework.Assert.fail(Assert.java:55)
    at junit.framework.Assert.assertTrue(Assert.java:22)
    at junit.framework.Assert.assertFalse(Assert.java:39)
    at junit.framework.Assert.assertFalse(Assert.java:47)
    at junit.framework.TestCase.assertFalse(TestCase.java:219)
    at org.jfree.chart.util.junit.ShapeUtilitiesTests.testEqualGeneralPaths(ShapeUtilitiesTests.java:212)
17:50:20.079 [pool-49-thread-1] INFO  f.i.l.c.t.SpecificationTestCasesListener - Tests run finished (3 ms)
<> Total tests run: 1
<> Ignored tests: 0
<> Failed tests: 1
~ testEqualGeneralPaths(org.jfree.chart.util.junit.ShapeUtilitiesTests)
[null]
junit.framework.AssertionFailedError    at junit.framework.Assert.fail(Assert.java:55)
    at junit.framework.Assert.assertTrue(Assert.java:22)
    at junit.framework.Assert.assertFalse(Assert.java:39)
    at junit.framework.Assert.assertFalse(Assert.java:47)
    at junit.framework.TestCase.assertFalse(TestCase.java:219)
    at org.jfree.chart.util.junit.ShapeUtilitiesTests.testEqualGeneralPaths(ShapeUtilitiesTests.java:212)

junit.framework.AssertionFailedError
    at junit.framework.Assert.fail(Assert.java:55)
    at junit.framework.Assert.assertTrue(Assert.java:22)
    at junit.framework.Assert.assertFalse(Assert.java:39)
    at junit.framework.Assert.assertFalse(Assert.java:47)
    at junit.framework.TestCase.assertFalse(TestCase.java:219)
    at org.jfree.chart.util.junit.ShapeUtilitiesTests.testEqualGeneralPaths(ShapeUtilitiesTests.java:212)
17:50:20.081 [pool-50-thread-1] INFO  f.i.l.c.t.SpecificationTestCasesListener - Tests run finished (1 ms)
<> Total tests run: 1
<> Ignored tests: 0
<> Failed tests: 1
~ testEqualGeneralPaths(org.jfree.chart.util.junit.ShapeUtilitiesTests)
[null]
junit.framework.AssertionFailedError    at junit.framework.Assert.fail(Assert.java:55)
    at junit.framework.Assert.assertTrue(Assert.java:22)
    at junit.framework.Assert.assertFalse(Assert.java:39)
    at junit.framework.Assert.assertFalse(Assert.java:47)
    at junit.framework.TestCase.assertFalse(TestCase.java:219)
    at org.jfree.chart.util.junit.ShapeUtilitiesTests.testEqualGeneralPaths(ShapeUtilitiesTests.java:212)

17:50:20.082 [pool-47-thread-1] DEBUG tests.output - Failing tests with false: 
[testEqualGeneralPaths(org.jfree.chart.util.junit.ShapeUtilitiesTests): null]
17:50:20.082 [pool-47-thread-1] DEBUG tests.output - Failing tests with true: 
[testEqualGeneralPaths(org.jfree.chart.util.junit.ShapeUtilitiesTests): null]
17:50:20.083 [pool-47-thread-1] INFO  f.i.l.r.n.synth.SMTNopolSynthesizer - Not enough specifications: 0. A trivial patch is "true" or "false", please write new tests specifying SourceLocation org.jfree.chart.util.ShapeUtilities:271.
17:50:20.083 [pool-2-thread-1] DEBUG fr.inria.lille.repair.nopol.NoPol - looking with class fr.inria.lille.repair.nopol.spoon.smt.ConditionalReplacer
junit.framework.AssertionFailedError
    at junit.framework.Assert.fail(Assert.java:55)
    at junit.framework.Assert.assertTrue(Assert.java:22)
    at junit.framework.Assert.assertFalse(Assert.java:39)
    at junit.framework.Assert.assertFalse(Assert.java:47)
    at junit.framework.TestCase.assertFalse(TestCase.java:219)
    at org.jfree.chart.util.junit.ShapeUtilitiesTests.testEqualGeneralPaths(ShapeUtilitiesTests.java:212)
junit.framework.AssertionFailedError
    at junit.framework.Assert.fail(Assert.java:55)
    at junit.framework.Assert.assertTrue(Assert.java:22)
    at junit.framework.Assert.assertFalse(Assert.java:39)
    at junit.framework.Assert.assertFalse(Assert.java:47)
    at junit.framework.TestCase.assertFalse(TestCase.java:219)
    at org.jfree.chart.util.junit.ShapeUtilitiesTests.testEqualGeneralPaths(ShapeUtilitiesTests.java:212)
17:50:20.092 [pool-52-thread-1] INFO  xxl.java.junit.TestCasesListener - Tests run finished (5 ms)
<> Total tests run: 8
<> Ignored tests: 0
<> Failed tests: 2
~ testEqualGeneralPaths(org.jfree.chart.util.junit.ShapeUtilitiesTests)
[null]
junit.framework.AssertionFailedError    at junit.framework.Assert.fail(Assert.java:55)
    at junit.framework.Assert.assertTrue(Assert.java:22)
    at junit.framework.Assert.assertFalse(Assert.java:39)
    at junit.framework.Assert.assertFalse(Assert.java:47)
    at junit.framework.TestCase.assertFalse(TestCase.java:219)
    at org.jfree.chart.util.junit.ShapeUtilitiesTests.testEqualGeneralPaths(ShapeUtilitiesTests.java:212)
~ testEqualGeneralPaths(org.jfree.chart.util.junit.ShapeUtilitiesTests)
[null]
junit.framework.AssertionFailedError    at junit.framework.Assert.fail(Assert.java:55)
    at junit.framework.Assert.assertTrue(Assert.java:22)
    at junit.framework.Assert.assertFalse(Assert.java:39)
    at junit.framework.Assert.assertFalse(Assert.java:47)
    at junit.framework.TestCase.assertFalse(TestCase.java:219)
    at org.jfree.chart.util.junit.ShapeUtilitiesTests.testEqualGeneralPaths(ShapeUtilitiesTests.java:212)

junit.framework.AssertionFailedError
    at junit.framework.Assert.fail(Assert.java:55)
    at junit.framework.Assert.assertTrue(Assert.java:22)
    at junit.framework.Assert.assertFalse(Assert.java:39)
    at junit.framework.Assert.assertFalse(Assert.java:47)
    at junit.framework.TestCase.assertFalse(TestCase.java:219)
    at org.jfree.chart.util.junit.ShapeUtilitiesTests.testEqualGeneralPaths(ShapeUtilitiesTests.java:212)
17:50:20.356 [pool-53-thread-1] INFO  f.i.l.c.t.SpecificationTestCasesListener - Tests run finished (2 ms)
<> Total tests run: 1
<> Ignored tests: 0
<> Failed tests: 1
~ testEqualGeneralPaths(org.jfree.chart.util.junit.ShapeUtilitiesTests)
[null]
junit.framework.AssertionFailedError    at junit.framework.Assert.fail(Assert.java:55)
    at junit.framework.Assert.assertTrue(Assert.java:22)
    at junit.framework.Assert.assertFalse(Assert.java:39)
    at junit.framework.Assert.assertFalse(Assert.java:47)
    at junit.framework.TestCase.assertFalse(TestCase.java:219)
    at org.jfree.chart.util.junit.ShapeUtilitiesTests.testEqualGeneralPaths(ShapeUtilitiesTests.java:212)

junit.framework.AssertionFailedError
    at junit.framework.Assert.fail(Assert.java:55)
    at junit.framework.Assert.assertTrue(Assert.java:22)
    at junit.framework.Assert.assertTrue(Assert.java:31)
    at junit.framework.TestCase.assertTrue(TestCase.java:201)
    at org.jfree.chart.util.junit.ShapeUtilitiesTests.testEqualGeneralPaths(ShapeUtilitiesTests.java:204)
    at sun.reflect.NativeMethodAccessorImpl.invoke0(Native Method)
17:50:20.359 [pool-54-thread-1] INFO  f.i.l.c.t.SpecificationTestCasesListener - Tests run finished (1 ms)
<> Total tests run: 1
<> Ignored tests: 0
<> Failed tests: 1
~ testEqualGeneralPaths(org.jfree.chart.util.junit.ShapeUtilitiesTests)
[null]
junit.framework.AssertionFailedError    at junit.framework.Assert.fail(Assert.java:55)
    at junit.framework.Assert.assertTrue(Assert.java:22)
    at junit.framework.Assert.assertTrue(Assert.java:31)
    at junit.framework.TestCase.assertTrue(TestCase.java:201)
    at org.jfree.chart.util.junit.ShapeUtilitiesTests.testEqualGeneralPaths(ShapeUtilitiesTests.java:204)
    at sun.reflect.NativeMethodAccessorImpl.invoke0(Native Method)

17:50:20.360 [pool-51-thread-1] DEBUG tests.output - Failing tests with false: 
[testEqualGeneralPaths(org.jfree.chart.util.junit.ShapeUtilitiesTests): null]
17:50:20.360 [pool-51-thread-1] DEBUG tests.output - Failing tests with true: 
[testEqualGeneralPaths(org.jfree.chart.util.junit.ShapeUtilitiesTests): null]
17:50:20.360 [pool-51-thread-1] INFO  f.i.l.r.n.synth.SMTNopolSynthesizer - Not enough specifications: 0. A trivial patch is "true" or "false", please write new tests specifying SourceLocation org.jfree.chart.util.ShapeUtilities:271.
17:50:20.360 [pool-2-thread-1] DEBUG fr.inria.lille.repair.nopol.NoPol - statement #21
17:50:20.361 [pool-2-thread-1] DEBUG fr.inria.lille.repair.nopol.NoPol - Analysing SourceLocation org.jfree.chart.util.ShapeUtilities:268 which is executed by 32 tests
1291016330
17:50:20.533 [pool-2-thread-1] DEBUG fr.inria.lille.repair.nopol.NoPol - looking with class fr.inria.lille.repair.nopol.spoon.smt.ConditionalAdder
junit.framework.AssertionFailedError
    at junit.framework.Assert.fail(Assert.java:55)
    at junit.framework.Assert.assertTrue(Assert.java:22)
    at junit.framework.Assert.assertFalse(Assert.java:39)
    at junit.framework.Assert.assertFalse(Assert.java:47)
    at junit.framework.TestCase.assertFalse(TestCase.java:219)
    at org.jfree.chart.util.junit.ShapeUtilitiesTests.testEqualGeneralPaths(ShapeUtilitiesTests.java:212)
junit.framework.AssertionFailedError
    at junit.framework.Assert.fail(Assert.java:55)
    at junit.framework.Assert.assertTrue(Assert.java:22)
    at junit.framework.Assert.assertFalse(Assert.java:39)
    at junit.framework.Assert.assertFalse(Assert.java:47)
    at junit.framework.TestCase.assertFalse(TestCase.java:219)
    at org.jfree.chart.util.junit.ShapeUtilitiesTests.testEqualGeneralPaths(ShapeUtilitiesTests.java:212)
17:50:20.542 [pool-56-thread-1] INFO  xxl.java.junit.TestCasesListener - Tests run finished (5 ms)
<> Total tests run: 8
<> Ignored tests: 0
<> Failed tests: 2
~ testEqualGeneralPaths(org.jfree.chart.util.junit.ShapeUtilitiesTests)
[null]
junit.framework.AssertionFailedError    at junit.framework.Assert.fail(Assert.java:55)
    at junit.framework.Assert.assertTrue(Assert.java:22)
    at junit.framework.Assert.assertFalse(Assert.java:39)
    at junit.framework.Assert.assertFalse(Assert.java:47)
    at junit.framework.TestCase.assertFalse(TestCase.java:219)
    at org.jfree.chart.util.junit.ShapeUtilitiesTests.testEqualGeneralPaths(ShapeUtilitiesTests.java:212)
~ testEqualGeneralPaths(org.jfree.chart.util.junit.ShapeUtilitiesTests)
[null]
junit.framework.AssertionFailedError    at junit.framework.Assert.fail(Assert.java:55)
    at junit.framework.Assert.assertTrue(Assert.java:22)
    at junit.framework.Assert.assertFalse(Assert.java:39)
    at junit.framework.Assert.assertFalse(Assert.java:47)
    at junit.framework.TestCase.assertFalse(TestCase.java:219)
    at org.jfree.chart.util.junit.ShapeUtilitiesTests.testEqualGeneralPaths(ShapeUtilitiesTests.java:212)

junit.framework.AssertionFailedError
    at junit.framework.Assert.fail(Assert.java:55)
    at junit.framework.Assert.assertTrue(Assert.java:22)
    at junit.framework.Assert.assertFalse(Assert.java:39)
    at junit.framework.Assert.assertFalse(Assert.java:47)
    at junit.framework.TestCase.assertFalse(TestCase.java:219)
    at org.jfree.chart.util.junit.ShapeUtilitiesTests.testEqualGeneralPaths(ShapeUtilitiesTests.java:212)
17:50:20.822 [pool-57-thread-1] INFO  f.i.l.c.t.SpecificationTestCasesListener - Tests run finished (3 ms)
<> Total tests run: 1
<> Ignored tests: 0
<> Failed tests: 1
~ testEqualGeneralPaths(org.jfree.chart.util.junit.ShapeUtilitiesTests)
[null]
junit.framework.AssertionFailedError    at junit.framework.Assert.fail(Assert.java:55)
    at junit.framework.Assert.assertTrue(Assert.java:22)
    at junit.framework.Assert.assertFalse(Assert.java:39)
    at junit.framework.Assert.assertFalse(Assert.java:47)
    at junit.framework.TestCase.assertFalse(TestCase.java:219)
    at org.jfree.chart.util.junit.ShapeUtilitiesTests.testEqualGeneralPaths(ShapeUtilitiesTests.java:212)

junit.framework.AssertionFailedError
    at junit.framework.Assert.fail(Assert.java:55)
    at junit.framework.Assert.assertTrue(Assert.java:22)
    at junit.framework.Assert.assertFalse(Assert.java:39)
    at junit.framework.Assert.assertFalse(Assert.java:47)
    at junit.framework.TestCase.assertFalse(TestCase.java:219)
    at org.jfree.chart.util.junit.ShapeUtilitiesTests.testEqualGeneralPaths(ShapeUtilitiesTests.java:212)
17:50:20.824 [pool-58-thread-1] INFO  f.i.l.c.t.SpecificationTestCasesListener - Tests run finished (1 ms)
<> Total tests run: 1
<> Ignored tests: 0
<> Failed tests: 1
~ testEqualGeneralPaths(org.jfree.chart.util.junit.ShapeUtilitiesTests)
[null]
junit.framework.AssertionFailedError    at junit.framework.Assert.fail(Assert.java:55)
    at junit.framework.Assert.assertTrue(Assert.java:22)
    at junit.framework.Assert.assertFalse(Assert.java:39)
    at junit.framework.Assert.assertFalse(Assert.java:47)
    at junit.framework.TestCase.assertFalse(TestCase.java:219)
    at org.jfree.chart.util.junit.ShapeUtilitiesTests.testEqualGeneralPaths(ShapeUtilitiesTests.java:212)

17:50:20.824 [pool-55-thread-1] DEBUG tests.output - Failing tests with false: 
[testEqualGeneralPaths(org.jfree.chart.util.junit.ShapeUtilitiesTests): null]
17:50:20.825 [pool-55-thread-1] DEBUG tests.output - Failing tests with true: 
[testEqualGeneralPaths(org.jfree.chart.util.junit.ShapeUtilitiesTests): null]
17:50:20.825 [pool-55-thread-1] INFO  f.i.l.r.n.synth.SMTNopolSynthesizer - Not enough specifications: 0. A trivial patch is "true" or "false", please write new tests specifying SourceLocation org.jfree.chart.util.ShapeUtilities:268.
17:50:20.825 [pool-2-thread-1] DEBUG fr.inria.lille.repair.nopol.NoPol - looking with class fr.inria.lille.repair.nopol.spoon.smt.ConditionalReplacer
junit.framework.AssertionFailedError
    at junit.framework.Assert.fail(Assert.java:55)
    at junit.framework.Assert.assertTrue(Assert.java:22)
    at junit.framework.Assert.assertFalse(Assert.java:39)
    at junit.framework.Assert.assertFalse(Assert.java:47)
    at junit.framework.TestCase.assertFalse(TestCase.java:219)
    at org.jfree.chart.util.junit.ShapeUtilitiesTests.testEqualGeneralPaths(ShapeUtilitiesTests.java:212)
junit.framework.AssertionFailedError
    at junit.framework.Assert.fail(Assert.java:55)
    at junit.framework.Assert.assertTrue(Assert.java:22)
    at junit.framework.Assert.assertFalse(Assert.java:39)
    at junit.framework.Assert.assertFalse(Assert.java:47)
    at junit.framework.TestCase.assertFalse(TestCase.java:219)
    at org.jfree.chart.util.junit.ShapeUtilitiesTests.testEqualGeneralPaths(ShapeUtilitiesTests.java:212)
17:50:20.833 [pool-60-thread-1] INFO  xxl.java.junit.TestCasesListener - Tests run finished (5 ms)
<> Total tests run: 8
<> Ignored tests: 0
<> Failed tests: 2
~ testEqualGeneralPaths(org.jfree.chart.util.junit.ShapeUtilitiesTests)
[null]
junit.framework.AssertionFailedError    at junit.framework.Assert.fail(Assert.java:55)
    at junit.framework.Assert.assertTrue(Assert.java:22)
    at junit.framework.Assert.assertFalse(Assert.java:39)
    at junit.framework.Assert.assertFalse(Assert.java:47)
    at junit.framework.TestCase.assertFalse(TestCase.java:219)
    at org.jfree.chart.util.junit.ShapeUtilitiesTests.testEqualGeneralPaths(ShapeUtilitiesTests.java:212)
~ testEqualGeneralPaths(org.jfree.chart.util.junit.ShapeUtilitiesTests)
[null]
junit.framework.AssertionFailedError    at junit.framework.Assert.fail(Assert.java:55)
    at junit.framework.Assert.assertTrue(Assert.java:22)
    at junit.framework.Assert.assertFalse(Assert.java:39)
    at junit.framework.Assert.assertFalse(Assert.java:47)
    at junit.framework.TestCase.assertFalse(TestCase.java:219)
    at org.jfree.chart.util.junit.ShapeUtilitiesTests.testEqualGeneralPaths(ShapeUtilitiesTests.java:212)

junit.framework.AssertionFailedError
    at junit.framework.Assert.fail(Assert.java:55)
    at junit.framework.Assert.assertTrue(Assert.java:22)
    at junit.framework.Assert.assertFalse(Assert.java:39)
    at junit.framework.Assert.assertFalse(Assert.java:47)
    at junit.framework.TestCase.assertFalse(TestCase.java:219)
    at org.jfree.chart.util.junit.ShapeUtilitiesTests.testEqualGeneralPaths(ShapeUtilitiesTests.java:212)
17:50:21.128 [pool-61-thread-1] INFO  f.i.l.c.t.SpecificationTestCasesListener - Tests run finished (3 ms)
<> Total tests run: 1
<> Ignored tests: 0
<> Failed tests: 1
~ testEqualGeneralPaths(org.jfree.chart.util.junit.ShapeUtilitiesTests)
[null]
junit.framework.AssertionFailedError    at junit.framework.Assert.fail(Assert.java:55)
    at junit.framework.Assert.assertTrue(Assert.java:22)
    at junit.framework.Assert.assertFalse(Assert.java:39)
    at junit.framework.Assert.assertFalse(Assert.java:47)
    at junit.framework.TestCase.assertFalse(TestCase.java:219)
    at org.jfree.chart.util.junit.ShapeUtilitiesTests.testEqualGeneralPaths(ShapeUtilitiesTests.java:212)

junit.framework.AssertionFailedError
    at junit.framework.Assert.fail(Assert.java:55)
    at junit.framework.Assert.assertTrue(Assert.java:22)
    at junit.framework.Assert.assertTrue(Assert.java:31)
    at junit.framework.TestCase.assertTrue(TestCase.java:201)
    at org.jfree.chart.util.junit.ShapeUtilitiesTests.testEqualGeneralPaths(ShapeUtilitiesTests.java:204)
    at sun.reflect.NativeMethodAccessorImpl.invoke0(Native Method)
17:50:21.130 [pool-62-thread-1] INFO  f.i.l.c.t.SpecificationTestCasesListener - Tests run finished (1 ms)
<> Total tests run: 1
<> Ignored tests: 0
<> Failed tests: 1
~ testEqualGeneralPaths(org.jfree.chart.util.junit.ShapeUtilitiesTests)
[null]
junit.framework.AssertionFailedError    at junit.framework.Assert.fail(Assert.java:55)
    at junit.framework.Assert.assertTrue(Assert.java:22)
    at junit.framework.Assert.assertTrue(Assert.java:31)
    at junit.framework.TestCase.assertTrue(TestCase.java:201)
    at org.jfree.chart.util.junit.ShapeUtilitiesTests.testEqualGeneralPaths(ShapeUtilitiesTests.java:204)
    at sun.reflect.NativeMethodAccessorImpl.invoke0(Native Method)

17:50:21.131 [pool-59-thread-1] DEBUG tests.output - Failing tests with false: 
[testEqualGeneralPaths(org.jfree.chart.util.junit.ShapeUtilitiesTests): null]
17:50:21.131 [pool-59-thread-1] DEBUG tests.output - Failing tests with true: 
[testEqualGeneralPaths(org.jfree.chart.util.junit.ShapeUtilitiesTests): null]
17:50:21.131 [pool-59-thread-1] INFO  f.i.l.r.n.synth.SMTNopolSynthesizer - Not enough specifications: 0. A trivial patch is "true" or "false", please write new tests specifying SourceLocation org.jfree.chart.util.ShapeUtilities:268.
17:50:21.131 [pool-2-thread-1] DEBUG fr.inria.lille.repair.nopol.NoPol - statement #22
17:50:21.131 [pool-2-thread-1] DEBUG fr.inria.lille.repair.nopol.NoPol - Analysing SourceLocation org.jfree.chart.util.ShapeUtilities:265 which is executed by 32 tests
1291016330
17:50:21.303 [pool-2-thread-1] DEBUG fr.inria.lille.repair.nopol.NoPol - looking with class fr.inria.lille.repair.nopol.spoon.smt.ConditionalAdder
junit.framework.AssertionFailedError
    at junit.framework.Assert.fail(Assert.java:55)
    at junit.framework.Assert.assertTrue(Assert.java:22)
    at junit.framework.Assert.assertFalse(Assert.java:39)
    at junit.framework.Assert.assertFalse(Assert.java:47)
    at junit.framework.TestCase.assertFalse(TestCase.java:219)
    at org.jfree.chart.util.junit.ShapeUtilitiesTests.testEqualGeneralPaths(ShapeUtilitiesTests.java:212)
junit.framework.AssertionFailedError
    at junit.framework.Assert.fail(Assert.java:55)
    at junit.framework.Assert.assertTrue(Assert.java:22)
    at junit.framework.Assert.assertFalse(Assert.java:39)
    at junit.framework.Assert.assertFalse(Assert.java:47)
    at junit.framework.TestCase.assertFalse(TestCase.java:219)
    at org.jfree.chart.util.junit.ShapeUtilitiesTests.testEqualGeneralPaths(ShapeUtilitiesTests.java:212)
17:50:21.312 [pool-64-thread-1] INFO  xxl.java.junit.TestCasesListener - Tests run finished (5 ms)
<> Total tests run: 8
<> Ignored tests: 0
<> Failed tests: 2
~ testEqualGeneralPaths(org.jfree.chart.util.junit.ShapeUtilitiesTests)
[null]
junit.framework.AssertionFailedError    at junit.framework.Assert.fail(Assert.java:55)
    at junit.framework.Assert.assertTrue(Assert.java:22)
    at junit.framework.Assert.assertFalse(Assert.java:39)
    at junit.framework.Assert.assertFalse(Assert.java:47)
    at junit.framework.TestCase.assertFalse(TestCase.java:219)
    at org.jfree.chart.util.junit.ShapeUtilitiesTests.testEqualGeneralPaths(ShapeUtilitiesTests.java:212)
~ testEqualGeneralPaths(org.jfree.chart.util.junit.ShapeUtilitiesTests)
[null]
junit.framework.AssertionFailedError    at junit.framework.Assert.fail(Assert.java:55)
    at junit.framework.Assert.assertTrue(Assert.java:22)
    at junit.framework.Assert.assertFalse(Assert.java:39)
    at junit.framework.Assert.assertFalse(Assert.java:47)
    at junit.framework.TestCase.assertFalse(TestCase.java:219)
    at org.jfree.chart.util.junit.ShapeUtilitiesTests.testEqualGeneralPaths(ShapeUtilitiesTests.java:212)

junit.framework.AssertionFailedError
    at junit.framework.Assert.fail(Assert.java:55)
    at junit.framework.Assert.assertTrue(Assert.java:22)
    at junit.framework.Assert.assertFalse(Assert.java:39)
    at junit.framework.Assert.assertFalse(Assert.java:47)
    at junit.framework.TestCase.assertFalse(TestCase.java:219)
    at org.jfree.chart.util.junit.ShapeUtilitiesTests.testEqualGeneralPaths(ShapeUtilitiesTests.java:212)
17:50:21.570 [pool-65-thread-1] INFO  f.i.l.c.t.SpecificationTestCasesListener - Tests run finished (2 ms)
<> Total tests run: 1
<> Ignored tests: 0
<> Failed tests: 1
~ testEqualGeneralPaths(org.jfree.chart.util.junit.ShapeUtilitiesTests)
[null]
junit.framework.AssertionFailedError    at junit.framework.Assert.fail(Assert.java:55)
    at junit.framework.Assert.assertTrue(Assert.java:22)
    at junit.framework.Assert.assertFalse(Assert.java:39)
    at junit.framework.Assert.assertFalse(Assert.java:47)
    at junit.framework.TestCase.assertFalse(TestCase.java:219)
    at org.jfree.chart.util.junit.ShapeUtilitiesTests.testEqualGeneralPaths(ShapeUtilitiesTests.java:212)

junit.framework.AssertionFailedError
    at junit.framework.Assert.fail(Assert.java:55)
    at junit.framework.Assert.assertTrue(Assert.java:22)
    at junit.framework.Assert.assertFalse(Assert.java:39)
    at junit.framework.Assert.assertFalse(Assert.java:47)
    at junit.framework.TestCase.assertFalse(TestCase.java:219)
    at org.jfree.chart.util.junit.ShapeUtilitiesTests.testEqualGeneralPaths(ShapeUtilitiesTests.java:212)
17:50:21.572 [pool-66-thread-1] INFO  f.i.l.c.t.SpecificationTestCasesListener - Tests run finished (0 ms)
<> Total tests run: 1
<> Ignored tests: 0
<> Failed tests: 1
~ testEqualGeneralPaths(org.jfree.chart.util.junit.ShapeUtilitiesTests)
[null]
junit.framework.AssertionFailedError    at junit.framework.Assert.fail(Assert.java:55)
    at junit.framework.Assert.assertTrue(Assert.java:22)
    at junit.framework.Assert.assertFalse(Assert.java:39)
    at junit.framework.Assert.assertFalse(Assert.java:47)
    at junit.framework.TestCase.assertFalse(TestCase.java:219)
    at org.jfree.chart.util.junit.ShapeUtilitiesTests.testEqualGeneralPaths(ShapeUtilitiesTests.java:212)

17:50:21.573 [pool-63-thread-1] DEBUG tests.output - Failing tests with false: 
[testEqualGeneralPaths(org.jfree.chart.util.junit.ShapeUtilitiesTests): null]
17:50:21.573 [pool-63-thread-1] DEBUG tests.output - Failing tests with true: 
[testEqualGeneralPaths(org.jfree.chart.util.junit.ShapeUtilitiesTests): null]
17:50:21.573 [pool-63-thread-1] INFO  f.i.l.r.n.synth.SMTNopolSynthesizer - Not enough specifications: 0. A trivial patch is "true" or "false", please write new tests specifying SourceLocation org.jfree.chart.util.ShapeUtilities:265.
17:50:21.574 [pool-2-thread-1] DEBUG fr.inria.lille.repair.nopol.NoPol - looking with class fr.inria.lille.repair.nopol.spoon.smt.ConditionalReplacer
junit.framework.AssertionFailedError
    at junit.framework.Assert.fail(Assert.java:55)
    at junit.framework.Assert.assertTrue(Assert.java:22)
    at junit.framework.Assert.assertFalse(Assert.java:39)
    at junit.framework.Assert.assertFalse(Assert.java:47)
    at junit.framework.TestCase.assertFalse(TestCase.java:219)
    at org.jfree.chart.util.junit.ShapeUtilitiesTests.testEqualGeneralPaths(ShapeUtilitiesTests.java:212)
junit.framework.AssertionFailedError
    at junit.framework.Assert.fail(Assert.java:55)
    at junit.framework.Assert.assertTrue(Assert.java:22)
    at junit.framework.Assert.assertFalse(Assert.java:39)
    at junit.framework.Assert.assertFalse(Assert.java:47)
    at junit.framework.TestCase.assertFalse(TestCase.java:219)
    at org.jfree.chart.util.junit.ShapeUtilitiesTests.testEqualGeneralPaths(ShapeUtilitiesTests.java:212)
17:50:21.582 [pool-68-thread-1] INFO  xxl.java.junit.TestCasesListener - Tests run finished (5 ms)
<> Total tests run: 8
<> Ignored tests: 0
<> Failed tests: 2
~ testEqualGeneralPaths(org.jfree.chart.util.junit.ShapeUtilitiesTests)
[null]
junit.framework.AssertionFailedError    at junit.framework.Assert.fail(Assert.java:55)
    at junit.framework.Assert.assertTrue(Assert.java:22)
    at junit.framework.Assert.assertFalse(Assert.java:39)
    at junit.framework.Assert.assertFalse(Assert.java:47)
    at junit.framework.TestCase.assertFalse(TestCase.java:219)
    at org.jfree.chart.util.junit.ShapeUtilitiesTests.testEqualGeneralPaths(ShapeUtilitiesTests.java:212)
~ testEqualGeneralPaths(org.jfree.chart.util.junit.ShapeUtilitiesTests)
[null]
junit.framework.AssertionFailedError    at junit.framework.Assert.fail(Assert.java:55)
    at junit.framework.Assert.assertTrue(Assert.java:22)
    at junit.framework.Assert.assertFalse(Assert.java:39)
    at junit.framework.Assert.assertFalse(Assert.java:47)
    at junit.framework.TestCase.assertFalse(TestCase.java:219)
    at org.jfree.chart.util.junit.ShapeUtilitiesTests.testEqualGeneralPaths(ShapeUtilitiesTests.java:212)

junit.framework.AssertionFailedError
    at junit.framework.Assert.fail(Assert.java:55)
    at junit.framework.Assert.assertTrue(Assert.java:22)
    at junit.framework.Assert.assertFalse(Assert.java:39)
    at junit.framework.Assert.assertFalse(Assert.java:47)
    at junit.framework.TestCase.assertFalse(TestCase.java:219)
    at org.jfree.chart.util.junit.ShapeUtilitiesTests.testEqualGeneralPaths(ShapeUtilitiesTests.java:212)
17:50:21.841 [pool-69-thread-1] INFO  f.i.l.c.t.SpecificationTestCasesListener - Tests run finished (3 ms)
<> Total tests run: 1
<> Ignored tests: 0
<> Failed tests: 1
~ testEqualGeneralPaths(org.jfree.chart.util.junit.ShapeUtilitiesTests)
[null]
junit.framework.AssertionFailedError    at junit.framework.Assert.fail(Assert.java:55)
    at junit.framework.Assert.assertTrue(Assert.java:22)
    at junit.framework.Assert.assertFalse(Assert.java:39)
    at junit.framework.Assert.assertFalse(Assert.java:47)
    at junit.framework.TestCase.assertFalse(TestCase.java:219)
    at org.jfree.chart.util.junit.ShapeUtilitiesTests.testEqualGeneralPaths(ShapeUtilitiesTests.java:212)

junit.framework.AssertionFailedError
    at junit.framework.Assert.fail(Assert.java:55)
    at junit.framework.Assert.assertTrue(Assert.java:22)
    at junit.framework.Assert.assertTrue(Assert.java:31)
    at junit.framework.TestCase.assertTrue(TestCase.java:201)
    at org.jfree.chart.util.junit.ShapeUtilitiesTests.testEqualGeneralPaths(ShapeUtilitiesTests.java:204)
    at sun.reflect.NativeMethodAccessorImpl.invoke0(Native Method)
17:50:21.843 [pool-70-thread-1] INFO  f.i.l.c.t.SpecificationTestCasesListener - Tests run finished (1 ms)
<> Total tests run: 1
<> Ignored tests: 0
<> Failed tests: 1
~ testEqualGeneralPaths(org.jfree.chart.util.junit.ShapeUtilitiesTests)
[null]
junit.framework.AssertionFailedError    at junit.framework.Assert.fail(Assert.java:55)
    at junit.framework.Assert.assertTrue(Assert.java:22)
    at junit.framework.Assert.assertTrue(Assert.java:31)
    at junit.framework.TestCase.assertTrue(TestCase.java:201)
    at org.jfree.chart.util.junit.ShapeUtilitiesTests.testEqualGeneralPaths(ShapeUtilitiesTests.java:204)
    at sun.reflect.NativeMethodAccessorImpl.invoke0(Native Method)

17:50:21.844 [pool-67-thread-1] DEBUG tests.output - Failing tests with false: 
[testEqualGeneralPaths(org.jfree.chart.util.junit.ShapeUtilitiesTests): null]
17:50:21.844 [pool-67-thread-1] DEBUG tests.output - Failing tests with true: 
[testEqualGeneralPaths(org.jfree.chart.util.junit.ShapeUtilitiesTests): null]
17:50:21.844 [pool-67-thread-1] INFO  f.i.l.r.n.synth.SMTNopolSynthesizer - Not enough specifications: 0. A trivial patch is "true" or "false", please write new tests specifying SourceLocation org.jfree.chart.util.ShapeUtilities:265.
17:50:21.845 [pool-2-thread-1] DEBUG fr.inria.lille.repair.nopol.NoPol - statement #23
17:50:21.845 [pool-2-thread-1] DEBUG fr.inria.lille.repair.nopol.NoPol - Analysing SourceLocation org.jfree.chart.JFreeChartInfo:1851 which is executed by 18 tests
-470971273
17:50:22.065 [pool-2-thread-1] DEBUG fr.inria.lille.repair.nopol.NoPol - looking with class fr.inria.lille.repair.nopol.spoon.smt.ConditionalAdder
17:50:22.084 [pool-72-thread-1] INFO  xxl.java.junit.TestCasesListener - Tests run finished (15 ms)
<> Total tests run: 3
<> Ignored tests: 0
<> Failed tests: 0

17:50:22.085 [pool-2-thread-1] ERROR fr.inria.lille.repair.nopol.NoPol - Error ExecutionException java.util.concurrent.ExecutionException: java.lang.RuntimeException: failingTestCasesValidated: nothing to repair, no failing test cases
17:50:22.085 [pool-2-thread-1] DEBUG fr.inria.lille.repair.nopol.NoPol - looking with class fr.inria.lille.repair.nopol.spoon.smt.ConditionalReplacer
17:50:22.106 [pool-74-thread-1] INFO  xxl.java.junit.TestCasesListener - Tests run finished (15 ms)
<> Total tests run: 3
<> Ignored tests: 0
<> Failed tests: 0

17:50:22.107 [pool-2-thread-1] ERROR fr.inria.lille.repair.nopol.NoPol - Error ExecutionException java.util.concurrent.ExecutionException: java.lang.RuntimeException: failingTestCasesValidated: nothing to repair, no failing test cases
17:50:22.107 [pool-2-thread-1] DEBUG fr.inria.lille.repair.nopol.NoPol - statement #24
17:50:22.107 [pool-2-thread-1] DEBUG fr.inria.lille.repair.nopol.NoPol - Analysing SourceLocation org.jfree.chart.JFreeChartInfo:1850 which is executed by 18 tests
-470971273
17:50:22.321 [pool-2-thread-1] DEBUG fr.inria.lille.repair.nopol.NoPol - statement #25
17:50:22.321 [pool-2-thread-1] DEBUG fr.inria.lille.repair.nopol.NoPol - Analysing SourceLocation org.jfree.chart.ui.ProjectInfo:102 which is executed by 18 tests
727684936
17:50:22.498 [pool-2-thread-1] INFO  fr.inria.lille.repair.nopol.NoPol - ----INFORMATION----
17:50:22.842 [pool-2-thread-1] INFO  fr.inria.lille.repair.nopol.NoPol - Nb classes : 580
17:50:22.842 [pool-2-thread-1] INFO  fr.inria.lille.repair.nopol.NoPol - Nb methods : 6289
17:50:22.842 [pool-2-thread-1] INFO  fr.inria.lille.repair.nopol.NoPol - Nb Statements Analyzed : 16
17:50:22.842 [pool-2-thread-1] INFO  fr.inria.lille.repair.nopol.NoPol - Nb Statements with Angelic Value Found : 0
17:50:22.842 [pool-2-thread-1] INFO  fr.inria.lille.repair.nopol.NoPol - Nb inputs in SMT : 0
17:50:22.846 [pool-2-thread-1] INFO  fr.inria.lille.repair.nopol.NoPol - Nb SMT level: 0
17:50:22.846 [pool-2-thread-1] INFO  fr.inria.lille.repair.nopol.NoPol - Nb variables in SMT : 0
17:50:22.846 [pool-2-thread-1] INFO  fr.inria.lille.repair.nopol.NoPol - NoPol Execution time : 52444ms
17:50:22.846 [pool-2-thread-1] INFO  fr.inria.lille.repair.nopol.NoPol - 
NO_ANGELIC_VALUE
Command exited with non-zero status 255
137.40user 5.81system 0:55.72elapsed 257%CPU (0avgtext+0avgdata 1008544maxresident)k
66456inputs+5800outputs (18major+395400minor)pagefaults 0swaps


Node: granduc-18.luxembourg.grid5000.fr



Date: Wed Nov 28 17:50:23 EST 2018

