cd /tmp/DynaMoth_Defects4J_Closure_103;
export JAVA_TOOL_OPTIONS="-Dfile.encoding=UTF8 -Duser.language=en-US -Duser.country=US -Duser.language=en";
TZ="America/New_York"; export TZ;
export PATH="/usr/lib/jvm/java-1.8.0-openjdk-amd64/bin/:$PATH";
export JAVA_HOME="/usr/lib/jvm/java-1.8.0-openjdk-amd64/bin/";
time java -d64 -Xmx4g -Xms1g -XX:MaxPermSize=1024m -XX:+UseConcMarkSweepGC -XX:+CMSClassUnloadingEnabled -XX:+CMSClassUnloadingEnabled -cp /home/tdurieux/defects4j4repair/script/../repair_tools/nopol.jar:/usr/lib/jvm/java-1.8.0-openjdk-amd64/bin//../lib/tools.jar fr.inria.lille.repair.Main \
	--mode repair \
	--type pre_then_cond \
	--oracle angelic \
	--synthesis dynamoth \
	--flocal gzoltar \
	--json \
	--solver z3 \
	--solver-path /home/tdurieux/defects4j4repair/script/../libs/z3/build/z3 \
	--complianceLevel 7 \
	--source src/ \
	--classpath "build/classes/:build/test/:/tmp/DynaMoth_Defects4J_Closure_103/build/classes:/tmp/DynaMoth_Defects4J_Closure_103/build/test:/tmp/DynaMoth_Defects4J_Closure_103/lib/hamcrest-core-1.1.jar:/tmp/DynaMoth_Defects4J_Closure_103/lib/junit4-legacy.jar:/tmp/DynaMoth_Defects4J_Closure_103/lib/ant_deploy.jar:/tmp/DynaMoth_Defects4J_Closure_103/lib/google_common_deploy.jar:/tmp/DynaMoth_Defects4J_Closure_103/lib/junit4-core.jar:/tmp/DynaMoth_Defects4J_Closure_103/lib/libtrunk_rhino_parser_jarjared.jar:/tmp/DynaMoth_Defects4J_Closure_103/lib/protobuf_deploy.jar:/home/tdurieux/defects4j4repair/script/../repair_tools/nopol.jar";
	echo "\n\nNode: `hostname`\n";
	echo "\n\nDate: `date`\n";
Picked up JAVA_TOOL_OPTIONS: -Dfile.encoding=UTF8 -Duser.language=en-US -Duser.country=US -Duser.language=en
OpenJDK 64-Bit Server VM warning: ignoring option MaxPermSize=1024m; support was removed in 8.0
17:29:44.306 [main] INFO  fr.inria.lille.repair.nopol.NoPol - Source files: [src]
17:29:44.311 [main] INFO  fr.inria.lille.repair.nopol.NoPol - Classpath: [file:/tmp/DynaMoth_Defects4J_Closure_103/build/classes/, file:/tmp/DynaMoth_Defects4J_Closure_103/build/test/, file:/tmp/DynaMoth_Defects4J_Closure_103/build/classes/, file:/tmp/DynaMoth_Defects4J_Closure_103/build/test/, file:/tmp/DynaMoth_Defects4J_Closure_103/lib/hamcrest-core-1.1.jar, file:/tmp/DynaMoth_Defects4J_Closure_103/lib/junit4-legacy.jar, file:/tmp/DynaMoth_Defects4J_Closure_103/lib/ant_deploy.jar, file:/tmp/DynaMoth_Defects4J_Closure_103/lib/google_common_deploy.jar, file:/tmp/DynaMoth_Defects4J_Closure_103/lib/junit4-core.jar, file:/tmp/DynaMoth_Defects4J_Closure_103/lib/libtrunk_rhino_parser_jarjared.jar, file:/tmp/DynaMoth_Defects4J_Closure_103/lib/protobuf_deploy.jar, file:/home/tdurieux/defects4j4repair/script/../repair_tools/nopol.jar]
17:29:44.311 [main] INFO  fr.inria.lille.repair.nopol.NoPol - Statement type: PRE_THEN_COND
17:29:44.311 [main] INFO  fr.inria.lille.repair.nopol.NoPol - Args: [com.google.javascript.jscomp.AliasExternalsTest, com.google.javascript.jscomp.AliasExternalsTest, com.google.javascript.jscomp.AliasKeywordsTest, com.google.javascript.jscomp.AliasKeywordsTest, com.google.javascript.jscomp.AliasStringsTest, com.google.javascript.jscomp.AliasStringsTest, com.google.javascript.jscomp.AmbiguatePropertiesTest, com.google.javascript.jscomp.AmbiguatePropertiesTest, com.google.javascript.jscomp.AstParallelizerTest, com.google.javascript.jscomp.AstParallelizerTest, com.google.javascript.jscomp.BasicErrorManagerTest, com.google.javascript.jscomp.BasicErrorManagerTest, com.google.javascript.jscomp.ChainCallsTest, com.google.javascript.jscomp.ChainCallsTest, com.google.javascript.jscomp.CheckAccessControlsTest, com.google.javascript.jscomp.CheckAccessControlsTest, com.google.javascript.jscomp.CheckAccidentalSemicolonTest, com.google.javascript.jscomp.CheckAccidentalSemicolonTest, com.google.javascript.jscomp.CheckGlobalNamesTest, com.google.javascript.jscomp.CheckGlobalNamesTest, com.google.javascript.jscomp.CheckGlobalThisTest, com.google.javascript.jscomp.CheckGlobalThisTest, com.google.javascript.jscomp.CheckMissingGetCssNameTest, com.google.javascript.jscomp.CheckMissingGetCssNameTest, com.google.javascript.jscomp.CheckMissingReturnTest, com.google.javascript.jscomp.CheckMissingReturnTest, com.google.javascript.jscomp.CheckPathsBetweenNodesTest, com.google.javascript.jscomp.CheckPathsBetweenNodesTest, com.google.javascript.jscomp.CheckProvidesTest, com.google.javascript.jscomp.CheckProvidesTest, com.google.javascript.jscomp.CheckRequiresForConstructorsTest, com.google.javascript.jscomp.CheckRequiresForConstructorsTest, com.google.javascript.jscomp.CheckSideEffectsTest, com.google.javascript.jscomp.CheckSideEffectsTest, com.google.javascript.jscomp.CheckUnreachableCodeTest, com.google.javascript.jscomp.CheckUnreachableCodeTest, com.google.javascript.jscomp.ClosureCodingConventionTest, com.google.javascript.jscomp.ClosureCodingConventionTest, com.google.javascript.jscomp.ClosureReverseAbstractInterpreterTest, com.google.javascript.jscomp.ClosureReverseAbstractInterpreterTest, com.google.javascript.jscomp.CoalesceVariableNamesTest, com.google.javascript.jscomp.CoalesceVariableNamesTest, com.google.javascript.jscomp.CodePrinterTest, com.google.javascript.jscomp.CodePrinterTest, com.google.javascript.jscomp.CollapseAnonymousFunctionsTest, com.google.javascript.jscomp.CollapseAnonymousFunctionsTest, com.google.javascript.jscomp.CollapsePropertiesTest, com.google.javascript.jscomp.CollapsePropertiesTest, com.google.javascript.jscomp.CollapseVariableDeclarationsTest, com.google.javascript.jscomp.CollapseVariableDeclarationsTest, com.google.javascript.jscomp.CombinedCompilerPassTest, com.google.javascript.jscomp.CombinedCompilerPassTest, com.google.javascript.jscomp.CompilerOptionsTest, com.google.javascript.jscomp.CompilerOptionsTest, com.google.javascript.jscomp.CompilerRunnerTest, com.google.javascript.jscomp.CompilerRunnerTest, com.google.javascript.jscomp.ConcreteTypeTest, com.google.javascript.jscomp.ConcreteTypeTest, com.google.javascript.jscomp.ConstCheckTest, com.google.javascript.jscomp.ConstCheckTest, com.google.javascript.jscomp.ControlFlowAnalysisTest, com.google.javascript.jscomp.ControlFlowAnalysisTest, com.google.javascript.jscomp.ControlStructureCheckTest, com.google.javascript.jscomp.ControlStructureCheckTest, com.google.javascript.jscomp.ConvertToDottedPropertiesTest, com.google.javascript.jscomp.ConvertToDottedPropertiesTest, com.google.javascript.jscomp.CreateSyntheticBlocksTest, com.google.javascript.jscomp.CreateSyntheticBlocksTest, com.google.javascript.jscomp.CrossModuleCodeMotionTest, com.google.javascript.jscomp.CrossModuleCodeMotionTest, com.google.javascript.jscomp.CrossModuleMethodMotionTest, com.google.javascript.jscomp.CrossModuleMethodMotionTest, com.google.javascript.jscomp.DataFlowAnalysisTest, com.google.javascript.jscomp.DataFlowAnalysisTest, com.google.javascript.jscomp.DeadAssignmentsEliminationTest, com.google.javascript.jscomp.DeadAssignmentsEliminationTest, com.google.javascript.jscomp.DefaultCodingConventionTest, com.google.javascript.jscomp.DefaultCodingConventionTest, com.google.javascript.jscomp.DefinitionsRemoverTest, com.google.javascript.jscomp.DefinitionsRemoverTest, com.google.javascript.jscomp.DenormalizeTest, com.google.javascript.jscomp.DenormalizeTest, com.google.javascript.jscomp.DevirtualizePrototypeMethodsTest, com.google.javascript.jscomp.DevirtualizePrototypeMethodsTest, com.google.javascript.jscomp.DiagnosticGroupTest, com.google.javascript.jscomp.DiagnosticGroupTest, com.google.javascript.jscomp.DisambiguatePropertiesTest, com.google.javascript.jscomp.DisambiguatePropertiesTest, com.google.javascript.jscomp.DotFormatterTest, com.google.javascript.jscomp.DotFormatterTest, com.google.javascript.jscomp.ExportTestFunctionsTest, com.google.javascript.jscomp.ExportTestFunctionsTest, com.google.javascript.jscomp.ExpresssionDecomposerTest, com.google.javascript.jscomp.ExpresssionDecomposerTest, com.google.javascript.jscomp.ExternExportsPassTest, com.google.javascript.jscomp.ExternExportsPassTest, com.google.javascript.jscomp.ExtractPrototypeMemberDeclarationsTest, com.google.javascript.jscomp.ExtractPrototypeMemberDeclarationsTest, com.google.javascript.jscomp.FixedPointGraphTraversalTest, com.google.javascript.jscomp.FixedPointGraphTraversalTest, com.google.javascript.jscomp.FlowSensitiveInlineVariablesTest, com.google.javascript.jscomp.FlowSensitiveInlineVariablesTest, com.google.javascript.jscomp.FoldConstantsTest, com.google.javascript.jscomp.FoldConstantsTest, com.google.javascript.jscomp.FunctionArgumentInjectorTest, com.google.javascript.jscomp.FunctionArgumentInjectorTest, com.google.javascript.jscomp.FunctionCheckTest, com.google.javascript.jscomp.FunctionCheckTest, com.google.javascript.jscomp.FunctionInjectorTest, com.google.javascript.jscomp.FunctionInjectorTest, com.google.javascript.jscomp.FunctionNamesTest, com.google.javascript.jscomp.FunctionNamesTest, com.google.javascript.jscomp.FunctionRewriterTest, com.google.javascript.jscomp.FunctionRewriterTest, com.google.javascript.jscomp.FunctionToBlockMutatorTest, com.google.javascript.jscomp.FunctionToBlockMutatorTest, com.google.javascript.jscomp.FunctionTypeBuilderTest, com.google.javascript.jscomp.FunctionTypeBuilderTest, com.google.javascript.jscomp.GatherRawExportsTest, com.google.javascript.jscomp.GatherRawExportsTest, com.google.javascript.jscomp.GatherSideEffectSubexpressionsCallbackTest, com.google.javascript.jscomp.GatherSideEffectSubexpressionsCallbackTest, com.google.javascript.jscomp.GenerateExportsTest, com.google.javascript.jscomp.GenerateExportsTest, com.google.javascript.jscomp.GlobalNamespaceTest, com.google.javascript.jscomp.GlobalNamespaceTest, com.google.javascript.jscomp.GoogleCodeRemovalTest, com.google.javascript.jscomp.GoogleCodeRemovalTest, com.google.javascript.jscomp.GoogleCodingConventionTest, com.google.javascript.jscomp.GoogleCodingConventionTest, com.google.javascript.jscomp.GraphColoringTest, com.google.javascript.jscomp.GraphColoringTest, com.google.javascript.jscomp.GraphReachabilityTest, com.google.javascript.jscomp.GraphReachabilityTest, com.google.javascript.jscomp.GraphTest, com.google.javascript.jscomp.GraphTest, com.google.javascript.jscomp.IgnoreCajaPropertiesTest, com.google.javascript.jscomp.IgnoreCajaPropertiesTest, com.google.javascript.jscomp.InferJSDocInfoTest, com.google.javascript.jscomp.InferJSDocInfoTest, com.google.javascript.jscomp.InlineCostEstimatorTest, com.google.javascript.jscomp.InlineCostEstimatorTest, com.google.javascript.jscomp.InlineFunctionsTest, com.google.javascript.jscomp.InlineFunctionsTest, com.google.javascript.jscomp.InlineGettersTest, com.google.javascript.jscomp.InlineGettersTest, com.google.javascript.jscomp.InlineVariablesConstantsTest, com.google.javascript.jscomp.InlineVariablesConstantsTest, com.google.javascript.jscomp.InlineVariablesTest, com.google.javascript.jscomp.InlineVariablesTest, com.google.javascript.jscomp.InstrumentFunctionsTest, com.google.javascript.jscomp.InstrumentFunctionsTest, com.google.javascript.jscomp.JSCompilerSourceExcerptProviderTest, com.google.javascript.jscomp.JSCompilerSourceExcerptProviderTest, com.google.javascript.jscomp.JSModuleGraphTest, com.google.javascript.jscomp.JSModuleGraphTest, com.google.javascript.jscomp.JSModuleTest, com.google.javascript.jscomp.JSModuleTest, com.google.javascript.jscomp.LightweightMessageFormatterTest, com.google.javascript.jscomp.LightweightMessageFormatterTest, com.google.javascript.jscomp.LinkedFlowScopeTest, com.google.javascript.jscomp.LinkedFlowScopeTest, com.google.javascript.jscomp.LiveVariableAnalysisTest, com.google.javascript.jscomp.LiveVariableAnalysisTest, com.google.javascript.jscomp.MakeDeclaredNamesUniqueTest, com.google.javascript.jscomp.MakeDeclaredNamesUniqueTest, com.google.javascript.jscomp.MarkNoSideEffectCallsTest, com.google.javascript.jscomp.MarkNoSideEffectCallsTest, com.google.javascript.jscomp.MaybeReachingVariableUseTest, com.google.javascript.jscomp.MaybeReachingVariableUseTest, com.google.javascript.jscomp.MemoizedScopeCreatorTest, com.google.javascript.jscomp.MemoizedScopeCreatorTest, com.google.javascript.jscomp.MethodCheckTest, com.google.javascript.jscomp.MethodCheckTest, com.google.javascript.jscomp.MinimizeExitPointsTest, com.google.javascript.jscomp.MinimizeExitPointsTest, com.google.javascript.jscomp.MoveFunctionDeclarationsTest, com.google.javascript.jscomp.MoveFunctionDeclarationsTest, com.google.javascript.jscomp.MustBeReachingVariableDefTest, com.google.javascript.jscomp.MustBeReachingVariableDefTest, com.google.javascript.jscomp.NameAnalyzerTest, com.google.javascript.jscomp.NameAnalyzerTest, com.google.javascript.jscomp.NameAnonymousFunctionsMappedTest, com.google.javascript.jscomp.NameAnonymousFunctionsMappedTest, com.google.javascript.jscomp.NameAnonymousFunctionsTest, com.google.javascript.jscomp.NameAnonymousFunctionsTest, com.google.javascript.jscomp.NodeIteratorsTest, com.google.javascript.jscomp.NodeIteratorsTest, com.google.javascript.jscomp.NodeTraversalTest, com.google.javascript.jscomp.NodeTraversalTest, com.google.javascript.jscomp.NodeTypeNormalizerTest, com.google.javascript.jscomp.NodeTypeNormalizerTest, com.google.javascript.jscomp.NodeUtilTest, com.google.javascript.jscomp.NodeUtilTest, com.google.javascript.jscomp.NormalizeTest, com.google.javascript.jscomp.NormalizeTest, com.google.javascript.jscomp.ObjectPropertyStringPostprocessTest, com.google.javascript.jscomp.ObjectPropertyStringPostprocessTest, com.google.javascript.jscomp.ObjectPropertyStringPreprocessTest, com.google.javascript.jscomp.ObjectPropertyStringPreprocessTest, com.google.javascript.jscomp.OptimizeArgumentsArrayTest, com.google.javascript.jscomp.OptimizeArgumentsArrayTest, com.google.javascript.jscomp.OptimizeParametersTest, com.google.javascript.jscomp.OptimizeParametersTest, com.google.javascript.jscomp.ParallelCompilerPassTest, com.google.javascript.jscomp.ParallelCompilerPassTest, com.google.javascript.jscomp.PhaseOptimizerTest, com.google.javascript.jscomp.PhaseOptimizerTest, com.google.javascript.jscomp.ProcessClosurePrimitivesTest, com.google.javascript.jscomp.ProcessClosurePrimitivesTest, com.google.javascript.jscomp.ProcessDefinesTest, com.google.javascript.jscomp.ProcessDefinesTest, com.google.javascript.jscomp.PureFunctionIdentifierTest, com.google.javascript.jscomp.PureFunctionIdentifierTest, com.google.javascript.jscomp.RecordFunctionInformationTest, com.google.javascript.jscomp.RecordFunctionInformationTest, com.google.javascript.jscomp.RemoveConstantExpressionsParallelTest, com.google.javascript.jscomp.RemoveConstantExpressionsParallelTest, com.google.javascript.jscomp.RemoveConstantExpressionsTest, com.google.javascript.jscomp.RemoveConstantExpressionsTest, com.google.javascript.jscomp.RemoveTryCatchTest, com.google.javascript.jscomp.RemoveTryCatchTest, com.google.javascript.jscomp.RemoveUnusedNamesTest, com.google.javascript.jscomp.RemoveUnusedNamesTest, com.google.javascript.jscomp.RemoveUnusedPrototypePropertiesTest, com.google.javascript.jscomp.RemoveUnusedPrototypePropertiesTest, com.google.javascript.jscomp.RemoveUnusedVarsTest, com.google.javascript.jscomp.RemoveUnusedVarsTest, com.google.javascript.jscomp.RenameLabelsTest, com.google.javascript.jscomp.RenameLabelsTest, com.google.javascript.jscomp.RenameLocalVarsTest, com.google.javascript.jscomp.RenameLocalVarsTest, com.google.javascript.jscomp.RenamePropertiesTest, com.google.javascript.jscomp.RenamePropertiesTest, com.google.javascript.jscomp.RenamePrototypesTest, com.google.javascript.jscomp.RenamePrototypesTest, com.google.javascript.jscomp.RenameVarsTest, com.google.javascript.jscomp.RenameVarsTest, com.google.javascript.jscomp.ReplaceCssNamesTest, com.google.javascript.jscomp.ReplaceCssNamesTest, com.google.javascript.jscomp.ReplaceIdGeneratorsTest, com.google.javascript.jscomp.ReplaceIdGeneratorsTest, com.google.javascript.jscomp.RhinoErrorReporterTest, com.google.javascript.jscomp.RhinoErrorReporterTest, com.google.javascript.jscomp.RuntimeTypeCheckTest, com.google.javascript.jscomp.RuntimeTypeCheckTest, com.google.javascript.jscomp.SanityCheckTest, com.google.javascript.jscomp.SanityCheckTest, com.google.javascript.jscomp.SemanticReverseAbstractInterpreterTest, com.google.javascript.jscomp.SemanticReverseAbstractInterpreterTest, com.google.javascript.jscomp.SimpleDefinitionFinderTest, com.google.javascript.jscomp.SimpleDefinitionFinderTest, com.google.javascript.jscomp.SourceMapTest, com.google.javascript.jscomp.SourceMapTest, com.google.javascript.jscomp.StrictModeCheckTest, com.google.javascript.jscomp.StrictModeCheckTest, com.google.javascript.jscomp.StripCodeTest, com.google.javascript.jscomp.StripCodeTest, com.google.javascript.jscomp.SuspiciousPropertiesCheckTest, com.google.javascript.jscomp.SuspiciousPropertiesCheckTest, com.google.javascript.jscomp.SymbolTableTest, com.google.javascript.jscomp.SymbolTableTest, com.google.javascript.jscomp.SyntacticScopeCreatorTest, com.google.javascript.jscomp.SyntacticScopeCreatorTest, com.google.javascript.jscomp.TightenTypesTest, com.google.javascript.jscomp.TightenTypesTest, com.google.javascript.jscomp.TypeCheckFunctionCheckTest, com.google.javascript.jscomp.TypeCheckFunctionCheckTest, com.google.javascript.jscomp.TypeCheckTest, com.google.javascript.jscomp.TypeCheckTest, com.google.javascript.jscomp.TypeInferenceTest, com.google.javascript.jscomp.TypeInferenceTest, com.google.javascript.jscomp.TypeValidatorTest, com.google.javascript.jscomp.TypeValidatorTest, com.google.javascript.jscomp.TypedScopeCreatorTest, com.google.javascript.jscomp.TypedScopeCreatorTest, com.google.javascript.jscomp.UnreachableCodeEliminationTest, com.google.javascript.jscomp.UnreachableCodeEliminationTest, com.google.javascript.jscomp.VarCheckTest, com.google.javascript.jscomp.VarCheckTest, com.google.javascript.jscomp.VariableMapTest, com.google.javascript.jscomp.VariableMapTest, com.google.javascript.jscomp.VariableReferenceCheckTest, com.google.javascript.jscomp.VariableReferenceCheckTest, com.google.javascript.jscomp.VariableShadowDeclarationCheckTest, com.google.javascript.jscomp.VariableShadowDeclarationCheckTest, com.google.javascript.jscomp.parsing.IRFactoryTest, com.google.javascript.jscomp.parsing.IRFactoryTest, com.google.javascript.jscomp.parsing.JsDocInfoParserTest, com.google.javascript.jscomp.parsing.JsDocInfoParserTest, com.google.javascript.jscomp.parsing.JsDocTokenStreamTest, com.google.javascript.jscomp.parsing.JsDocTokenStreamTest, com.google.javascript.jscomp.parsing.ParserTest, com.google.javascript.jscomp.parsing.ParserTest, com.google.javascript.rhino.JSDocInfoTest, com.google.javascript.rhino.JSDocInfoTest, com.google.javascript.rhino.NodeTest, com.google.javascript.rhino.NodeTest, com.google.javascript.rhino.ParserTest, com.google.javascript.rhino.ParserTest, com.google.javascript.rhino.TokenStreamTest, com.google.javascript.rhino.TokenStreamTest, com.google.javascript.rhino.jstype.BooleanLiteralSetTest, com.google.javascript.rhino.jstype.BooleanLiteralSetTest, com.google.javascript.rhino.jstype.FunctionParamBuilderTest, com.google.javascript.rhino.jstype.FunctionParamBuilderTest, com.google.javascript.rhino.jstype.JSTypeRegistryTest, com.google.javascript.rhino.jstype.JSTypeRegistryTest, com.google.javascript.rhino.jstype.JSTypeTest, com.google.javascript.rhino.jstype.JSTypeTest, com.google.javascript.rhino.jstype.TernaryValueTest, com.google.javascript.rhino.jstype.TernaryValueTest, com.google.javascript.rhino.jstype.UnionTypeBuilderTest, com.google.javascript.rhino.jstype.UnionTypeBuilderTest, com.google.javascript.rhino.jstype.UnionTypeTest, com.google.javascript.rhino.jstype.UnionTypeTest]
17:29:44.314 [main] INFO  fr.inria.lille.repair.nopol.NoPol - Config: Config{synthesisDepth=3, collectStaticMethods=true, collectStaticFields=false, collectLiterals=false, onlyOneSynthesisResult=true, sortExpressions=true, maxLineInvocationPerTest=250, timeoutMethodInvocation=2000, dataCollectionTimeoutInSecondForSynthesis=900, addWeight=0.19478, subWeight=0.04554, mulWeight=0.0102, divWeight=0.00613, andWeight=0.10597, orWeight=0.05708, eqWeight=0.22798, nEqWeight=0.0, lessEqWeight=0.0255, lessWeight=0.0947, methodCallWeight=0.1, fieldAccessWeight=0.08099, constantWeight=0.14232, variableWeight=0.05195, mode=REPAIR, type=PRE_THEN_COND, synthesis=DYNAMOTH, oracle=ANGELIC, solver=Z3, solverPath='/home/tdurieux/defects4j4repair/script/../libs/z3/build/z3', projectSources=[src], projectClasspath='[Ljava.net.URL;@2ff4f00f', projectTests=[com.google.javascript.jscomp.AliasExternalsTest, com.google.javascript.jscomp.AliasExternalsTest, com.google.javascript.jscomp.AliasKeywordsTest, com.google.javascript.jscomp.AliasKeywordsTest, com.google.javascript.jscomp.AliasStringsTest, com.google.javascript.jscomp.AliasStringsTest, com.google.javascript.jscomp.AmbiguatePropertiesTest, com.google.javascript.jscomp.AmbiguatePropertiesTest, com.google.javascript.jscomp.AstParallelizerTest, com.google.javascript.jscomp.AstParallelizerTest, com.google.javascript.jscomp.BasicErrorManagerTest, com.google.javascript.jscomp.BasicErrorManagerTest, com.google.javascript.jscomp.ChainCallsTest, com.google.javascript.jscomp.ChainCallsTest, com.google.javascript.jscomp.CheckAccessControlsTest, com.google.javascript.jscomp.CheckAccessControlsTest, com.google.javascript.jscomp.CheckAccidentalSemicolonTest, com.google.javascript.jscomp.CheckAccidentalSemicolonTest, com.google.javascript.jscomp.CheckGlobalNamesTest, com.google.javascript.jscomp.CheckGlobalNamesTest, com.google.javascript.jscomp.CheckGlobalThisTest, com.google.javascript.jscomp.CheckGlobalThisTest, com.google.javascript.jscomp.CheckMissingGetCssNameTest, com.google.javascript.jscomp.CheckMissingGetCssNameTest, com.google.javascript.jscomp.CheckMissingReturnTest, com.google.javascript.jscomp.CheckMissingReturnTest, com.google.javascript.jscomp.CheckPathsBetweenNodesTest, com.google.javascript.jscomp.CheckPathsBetweenNodesTest, com.google.javascript.jscomp.CheckProvidesTest, com.google.javascript.jscomp.CheckProvidesTest, com.google.javascript.jscomp.CheckRequiresForConstructorsTest, com.google.javascript.jscomp.CheckRequiresForConstructorsTest, com.google.javascript.jscomp.CheckSideEffectsTest, com.google.javascript.jscomp.CheckSideEffectsTest, com.google.javascript.jscomp.CheckUnreachableCodeTest, com.google.javascript.jscomp.CheckUnreachableCodeTest, com.google.javascript.jscomp.ClosureCodingConventionTest, com.google.javascript.jscomp.ClosureCodingConventionTest, com.google.javascript.jscomp.ClosureReverseAbstractInterpreterTest, com.google.javascript.jscomp.ClosureReverseAbstractInterpreterTest, com.google.javascript.jscomp.CoalesceVariableNamesTest, com.google.javascript.jscomp.CoalesceVariableNamesTest, com.google.javascript.jscomp.CodePrinterTest, com.google.javascript.jscomp.CodePrinterTest, com.google.javascript.jscomp.CollapseAnonymousFunctionsTest, com.google.javascript.jscomp.CollapseAnonymousFunctionsTest, com.google.javascript.jscomp.CollapsePropertiesTest, com.google.javascript.jscomp.CollapsePropertiesTest, com.google.javascript.jscomp.CollapseVariableDeclarationsTest, com.google.javascript.jscomp.CollapseVariableDeclarationsTest, com.google.javascript.jscomp.CombinedCompilerPassTest, com.google.javascript.jscomp.CombinedCompilerPassTest, com.google.javascript.jscomp.CompilerOptionsTest, com.google.javascript.jscomp.CompilerOptionsTest, com.google.javascript.jscomp.CompilerRunnerTest, com.google.javascript.jscomp.CompilerRunnerTest, com.google.javascript.jscomp.ConcreteTypeTest, com.google.javascript.jscomp.ConcreteTypeTest, com.google.javascript.jscomp.ConstCheckTest, com.google.javascript.jscomp.ConstCheckTest, com.google.javascript.jscomp.ControlFlowAnalysisTest, com.google.javascript.jscomp.ControlFlowAnalysisTest, com.google.javascript.jscomp.ControlStructureCheckTest, com.google.javascript.jscomp.ControlStructureCheckTest, com.google.javascript.jscomp.ConvertToDottedPropertiesTest, com.google.javascript.jscomp.ConvertToDottedPropertiesTest, com.google.javascript.jscomp.CreateSyntheticBlocksTest, com.google.javascript.jscomp.CreateSyntheticBlocksTest, com.google.javascript.jscomp.CrossModuleCodeMotionTest, com.google.javascript.jscomp.CrossModuleCodeMotionTest, com.google.javascript.jscomp.CrossModuleMethodMotionTest, com.google.javascript.jscomp.CrossModuleMethodMotionTest, com.google.javascript.jscomp.DataFlowAnalysisTest, com.google.javascript.jscomp.DataFlowAnalysisTest, com.google.javascript.jscomp.DeadAssignmentsEliminationTest, com.google.javascript.jscomp.DeadAssignmentsEliminationTest, com.google.javascript.jscomp.DefaultCodingConventionTest, com.google.javascript.jscomp.DefaultCodingConventionTest, com.google.javascript.jscomp.DefinitionsRemoverTest, com.google.javascript.jscomp.DefinitionsRemoverTest, com.google.javascript.jscomp.DenormalizeTest, com.google.javascript.jscomp.DenormalizeTest, com.google.javascript.jscomp.DevirtualizePrototypeMethodsTest, com.google.javascript.jscomp.DevirtualizePrototypeMethodsTest, com.google.javascript.jscomp.DiagnosticGroupTest, com.google.javascript.jscomp.DiagnosticGroupTest, com.google.javascript.jscomp.DisambiguatePropertiesTest, com.google.javascript.jscomp.DisambiguatePropertiesTest, com.google.javascript.jscomp.DotFormatterTest, com.google.javascript.jscomp.DotFormatterTest, com.google.javascript.jscomp.ExportTestFunctionsTest, com.google.javascript.jscomp.ExportTestFunctionsTest, com.google.javascript.jscomp.ExpresssionDecomposerTest, com.google.javascript.jscomp.ExpresssionDecomposerTest, com.google.javascript.jscomp.ExternExportsPassTest, com.google.javascript.jscomp.ExternExportsPassTest, com.google.javascript.jscomp.ExtractPrototypeMemberDeclarationsTest, com.google.javascript.jscomp.ExtractPrototypeMemberDeclarationsTest, com.google.javascript.jscomp.FixedPointGraphTraversalTest, com.google.javascript.jscomp.FixedPointGraphTraversalTest, com.google.javascript.jscomp.FlowSensitiveInlineVariablesTest, com.google.javascript.jscomp.FlowSensitiveInlineVariablesTest, com.google.javascript.jscomp.FoldConstantsTest, com.google.javascript.jscomp.FoldConstantsTest, com.google.javascript.jscomp.FunctionArgumentInjectorTest, com.google.javascript.jscomp.FunctionArgumentInjectorTest, com.google.javascript.jscomp.FunctionCheckTest, com.google.javascript.jscomp.FunctionCheckTest, com.google.javascript.jscomp.FunctionInjectorTest, com.google.javascript.jscomp.FunctionInjectorTest, com.google.javascript.jscomp.FunctionNamesTest, com.google.javascript.jscomp.FunctionNamesTest, com.google.javascript.jscomp.FunctionRewriterTest, com.google.javascript.jscomp.FunctionRewriterTest, com.google.javascript.jscomp.FunctionToBlockMutatorTest, com.google.javascript.jscomp.FunctionToBlockMutatorTest, com.google.javascript.jscomp.FunctionTypeBuilderTest, com.google.javascript.jscomp.FunctionTypeBuilderTest, com.google.javascript.jscomp.GatherRawExportsTest, com.google.javascript.jscomp.GatherRawExportsTest, com.google.javascript.jscomp.GatherSideEffectSubexpressionsCallbackTest, com.google.javascript.jscomp.GatherSideEffectSubexpressionsCallbackTest, com.google.javascript.jscomp.GenerateExportsTest, com.google.javascript.jscomp.GenerateExportsTest, com.google.javascript.jscomp.GlobalNamespaceTest, com.google.javascript.jscomp.GlobalNamespaceTest, com.google.javascript.jscomp.GoogleCodeRemovalTest, com.google.javascript.jscomp.GoogleCodeRemovalTest, com.google.javascript.jscomp.GoogleCodingConventionTest, com.google.javascript.jscomp.GoogleCodingConventionTest, com.google.javascript.jscomp.GraphColoringTest, com.google.javascript.jscomp.GraphColoringTest, com.google.javascript.jscomp.GraphReachabilityTest, com.google.javascript.jscomp.GraphReachabilityTest, com.google.javascript.jscomp.GraphTest, com.google.javascript.jscomp.GraphTest, com.google.javascript.jscomp.IgnoreCajaPropertiesTest, com.google.javascript.jscomp.IgnoreCajaPropertiesTest, com.google.javascript.jscomp.InferJSDocInfoTest, com.google.javascript.jscomp.InferJSDocInfoTest, com.google.javascript.jscomp.InlineCostEstimatorTest, com.google.javascript.jscomp.InlineCostEstimatorTest, com.google.javascript.jscomp.InlineFunctionsTest, com.google.javascript.jscomp.InlineFunctionsTest, com.google.javascript.jscomp.InlineGettersTest, com.google.javascript.jscomp.InlineGettersTest, com.google.javascript.jscomp.InlineVariablesConstantsTest, com.google.javascript.jscomp.InlineVariablesConstantsTest, com.google.javascript.jscomp.InlineVariablesTest, com.google.javascript.jscomp.InlineVariablesTest, com.google.javascript.jscomp.InstrumentFunctionsTest, com.google.javascript.jscomp.InstrumentFunctionsTest, com.google.javascript.jscomp.JSCompilerSourceExcerptProviderTest, com.google.javascript.jscomp.JSCompilerSourceExcerptProviderTest, com.google.javascript.jscomp.JSModuleGraphTest, com.google.javascript.jscomp.JSModuleGraphTest, com.google.javascript.jscomp.JSModuleTest, com.google.javascript.jscomp.JSModuleTest, com.google.javascript.jscomp.LightweightMessageFormatterTest, com.google.javascript.jscomp.LightweightMessageFormatterTest, com.google.javascript.jscomp.LinkedFlowScopeTest, com.google.javascript.jscomp.LinkedFlowScopeTest, com.google.javascript.jscomp.LiveVariableAnalysisTest, com.google.javascript.jscomp.LiveVariableAnalysisTest, com.google.javascript.jscomp.MakeDeclaredNamesUniqueTest, com.google.javascript.jscomp.MakeDeclaredNamesUniqueTest, com.google.javascript.jscomp.MarkNoSideEffectCallsTest, com.google.javascript.jscomp.MarkNoSideEffectCallsTest, com.google.javascript.jscomp.MaybeReachingVariableUseTest, com.google.javascript.jscomp.MaybeReachingVariableUseTest, com.google.javascript.jscomp.MemoizedScopeCreatorTest, com.google.javascript.jscomp.MemoizedScopeCreatorTest, com.google.javascript.jscomp.MethodCheckTest, com.google.javascript.jscomp.MethodCheckTest, com.google.javascript.jscomp.MinimizeExitPointsTest, com.google.javascript.jscomp.MinimizeExitPointsTest, com.google.javascript.jscomp.MoveFunctionDeclarationsTest, com.google.javascript.jscomp.MoveFunctionDeclarationsTest, com.google.javascript.jscomp.MustBeReachingVariableDefTest, com.google.javascript.jscomp.MustBeReachingVariableDefTest, com.google.javascript.jscomp.NameAnalyzerTest, com.google.javascript.jscomp.NameAnalyzerTest, com.google.javascript.jscomp.NameAnonymousFunctionsMappedTest, com.google.javascript.jscomp.NameAnonymousFunctionsMappedTest, com.google.javascript.jscomp.NameAnonymousFunctionsTest, com.google.javascript.jscomp.NameAnonymousFunctionsTest, com.google.javascript.jscomp.NodeIteratorsTest, com.google.javascript.jscomp.NodeIteratorsTest, com.google.javascript.jscomp.NodeTraversalTest, com.google.javascript.jscomp.NodeTraversalTest, com.google.javascript.jscomp.NodeTypeNormalizerTest, com.google.javascript.jscomp.NodeTypeNormalizerTest, com.google.javascript.jscomp.NodeUtilTest, com.google.javascript.jscomp.NodeUtilTest, com.google.javascript.jscomp.NormalizeTest, com.google.javascript.jscomp.NormalizeTest, com.google.javascript.jscomp.ObjectPropertyStringPostprocessTest, com.google.javascript.jscomp.ObjectPropertyStringPostprocessTest, com.google.javascript.jscomp.ObjectPropertyStringPreprocessTest, com.google.javascript.jscomp.ObjectPropertyStringPreprocessTest, com.google.javascript.jscomp.OptimizeArgumentsArrayTest, com.google.javascript.jscomp.OptimizeArgumentsArrayTest, com.google.javascript.jscomp.OptimizeParametersTest, com.google.javascript.jscomp.OptimizeParametersTest, com.google.javascript.jscomp.ParallelCompilerPassTest, com.google.javascript.jscomp.ParallelCompilerPassTest, com.google.javascript.jscomp.PhaseOptimizerTest, com.google.javascript.jscomp.PhaseOptimizerTest, com.google.javascript.jscomp.ProcessClosurePrimitivesTest, com.google.javascript.jscomp.ProcessClosurePrimitivesTest, com.google.javascript.jscomp.ProcessDefinesTest, com.google.javascript.jscomp.ProcessDefinesTest, com.google.javascript.jscomp.PureFunctionIdentifierTest, com.google.javascript.jscomp.PureFunctionIdentifierTest, com.google.javascript.jscomp.RecordFunctionInformationTest, com.google.javascript.jscomp.RecordFunctionInformationTest, com.google.javascript.jscomp.RemoveConstantExpressionsParallelTest, com.google.javascript.jscomp.RemoveConstantExpressionsParallelTest, com.google.javascript.jscomp.RemoveConstantExpressionsTest, com.google.javascript.jscomp.RemoveConstantExpressionsTest, com.google.javascript.jscomp.RemoveTryCatchTest, com.google.javascript.jscomp.RemoveTryCatchTest, com.google.javascript.jscomp.RemoveUnusedNamesTest, com.google.javascript.jscomp.RemoveUnusedNamesTest, com.google.javascript.jscomp.RemoveUnusedPrototypePropertiesTest, com.google.javascript.jscomp.RemoveUnusedPrototypePropertiesTest, com.google.javascript.jscomp.RemoveUnusedVarsTest, com.google.javascript.jscomp.RemoveUnusedVarsTest, com.google.javascript.jscomp.RenameLabelsTest, com.google.javascript.jscomp.RenameLabelsTest, com.google.javascript.jscomp.RenameLocalVarsTest, com.google.javascript.jscomp.RenameLocalVarsTest, com.google.javascript.jscomp.RenamePropertiesTest, com.google.javascript.jscomp.RenamePropertiesTest, com.google.javascript.jscomp.RenamePrototypesTest, com.google.javascript.jscomp.RenamePrototypesTest, com.google.javascript.jscomp.RenameVarsTest, com.google.javascript.jscomp.RenameVarsTest, com.google.javascript.jscomp.ReplaceCssNamesTest, com.google.javascript.jscomp.ReplaceCssNamesTest, com.google.javascript.jscomp.ReplaceIdGeneratorsTest, com.google.javascript.jscomp.ReplaceIdGeneratorsTest, com.google.javascript.jscomp.RhinoErrorReporterTest, com.google.javascript.jscomp.RhinoErrorReporterTest, com.google.javascript.jscomp.RuntimeTypeCheckTest, com.google.javascript.jscomp.RuntimeTypeCheckTest, com.google.javascript.jscomp.SanityCheckTest, com.google.javascript.jscomp.SanityCheckTest, com.google.javascript.jscomp.SemanticReverseAbstractInterpreterTest, com.google.javascript.jscomp.SemanticReverseAbstractInterpreterTest, com.google.javascript.jscomp.SimpleDefinitionFinderTest, com.google.javascript.jscomp.SimpleDefinitionFinderTest, com.google.javascript.jscomp.SourceMapTest, com.google.javascript.jscomp.SourceMapTest, com.google.javascript.jscomp.StrictModeCheckTest, com.google.javascript.jscomp.StrictModeCheckTest, com.google.javascript.jscomp.StripCodeTest, com.google.javascript.jscomp.StripCodeTest, com.google.javascript.jscomp.SuspiciousPropertiesCheckTest, com.google.javascript.jscomp.SuspiciousPropertiesCheckTest, com.google.javascript.jscomp.SymbolTableTest, com.google.javascript.jscomp.SymbolTableTest, com.google.javascript.jscomp.SyntacticScopeCreatorTest, com.google.javascript.jscomp.SyntacticScopeCreatorTest, com.google.javascript.jscomp.TightenTypesTest, com.google.javascript.jscomp.TightenTypesTest, com.google.javascript.jscomp.TypeCheckFunctionCheckTest, com.google.javascript.jscomp.TypeCheckFunctionCheckTest, com.google.javascript.jscomp.TypeCheckTest, com.google.javascript.jscomp.TypeCheckTest, com.google.javascript.jscomp.TypeInferenceTest, com.google.javascript.jscomp.TypeInferenceTest, com.google.javascript.jscomp.TypeValidatorTest, com.google.javascript.jscomp.TypeValidatorTest, com.google.javascript.jscomp.TypedScopeCreatorTest, com.google.javascript.jscomp.TypedScopeCreatorTest, com.google.javascript.jscomp.UnreachableCodeEliminationTest, com.google.javascript.jscomp.UnreachableCodeEliminationTest, com.google.javascript.jscomp.VarCheckTest, com.google.javascript.jscomp.VarCheckTest, com.google.javascript.jscomp.VariableMapTest, com.google.javascript.jscomp.VariableMapTest, com.google.javascript.jscomp.VariableReferenceCheckTest, com.google.javascript.jscomp.VariableReferenceCheckTest, com.google.javascript.jscomp.VariableShadowDeclarationCheckTest, com.google.javascript.jscomp.VariableShadowDeclarationCheckTest, com.google.javascript.jscomp.parsing.IRFactoryTest, com.google.javascript.jscomp.parsing.IRFactoryTest, com.google.javascript.jscomp.parsing.JsDocInfoParserTest, com.google.javascript.jscomp.parsing.JsDocInfoParserTest, com.google.javascript.jscomp.parsing.JsDocTokenStreamTest, com.google.javascript.jscomp.parsing.JsDocTokenStreamTest, com.google.javascript.jscomp.parsing.ParserTest, com.google.javascript.jscomp.parsing.ParserTest, com.google.javascript.rhino.JSDocInfoTest, com.google.javascript.rhino.JSDocInfoTest, com.google.javascript.rhino.NodeTest, com.google.javascript.rhino.NodeTest, com.google.javascript.rhino.ParserTest, com.google.javascript.rhino.ParserTest, com.google.javascript.rhino.TokenStreamTest, com.google.javascript.rhino.TokenStreamTest, com.google.javascript.rhino.jstype.BooleanLiteralSetTest, com.google.javascript.rhino.jstype.BooleanLiteralSetTest, com.google.javascript.rhino.jstype.FunctionParamBuilderTest, com.google.javascript.rhino.jstype.FunctionParamBuilderTest, com.google.javascript.rhino.jstype.JSTypeRegistryTest, com.google.javascript.rhino.jstype.JSTypeRegistryTest, com.google.javascript.rhino.jstype.JSTypeTest, com.google.javascript.rhino.jstype.JSTypeTest, com.google.javascript.rhino.jstype.TernaryValueTest, com.google.javascript.rhino.jstype.TernaryValueTest, com.google.javascript.rhino.jstype.UnionTypeBuilderTest, com.google.javascript.rhino.jstype.UnionTypeBuilderTest, com.google.javascript.rhino.jstype.UnionTypeTest, com.google.javascript.rhino.jstype.UnionTypeTest], complianceLevel=7, outputFolder=., json=true}
17:29:44.315 [main] INFO  fr.inria.lille.repair.nopol.NoPol - Available processors (cores): 8
17:29:44.346 [main] INFO  fr.inria.lille.repair.nopol.NoPol - Free memory: 893 MB
17:29:44.347 [main] INFO  fr.inria.lille.repair.nopol.NoPol - Maximum memory: 3 GB
17:29:44.347 [main] INFO  fr.inria.lille.repair.nopol.NoPol - Total memory available to JVM: 957 MB
17:29:44.347 [main] INFO  fr.inria.lille.repair.nopol.NoPol - Java version: 1.8.0_181
17:29:44.348 [main] INFO  fr.inria.lille.repair.nopol.NoPol - JAVA_HOME: /usr/lib/jvm/java-1.8.0-openjdk-amd64/bin/
17:29:44.348 [main] INFO  fr.inria.lille.repair.nopol.NoPol - PATH: /usr/lib/jvm/java-1.8.0-openjdk-amd64/bin/:/usr/lib/oar/oardodo:/usr/lib/oar/oardodo:/usr/local/bin:/usr/bin:/bin:/usr/games
17:30:03.485 [pool-2-thread-1] DEBUG fr.inria.lille.repair.nopol.NoPol - statement #1
17:30:03.486 [pool-2-thread-1] DEBUG fr.inria.lille.repair.nopol.NoPol - Analysing SourceLocation com.google.javascript.jscomp.CompilerTestCase:882 which is executed by 2195 tests
17:30:03.486 [pool-2-thread-1] DEBUG fr.inria.lille.repair.nopol.NoPol - cannot spoon SourceLocation com.google.javascript.jscomp.CompilerTestCase:882
17:30:03.487 [pool-2-thread-1] DEBUG fr.inria.lille.repair.nopol.NoPol - statement #2
17:30:03.487 [pool-2-thread-1] DEBUG fr.inria.lille.repair.nopol.NoPol - Analysing SourceLocation com.google.javascript.jscomp.CompilerTestCase:337 which is executed by 2053 tests
17:30:03.487 [pool-2-thread-1] DEBUG fr.inria.lille.repair.nopol.NoPol - cannot spoon SourceLocation com.google.javascript.jscomp.CompilerTestCase:337
17:30:03.488 [pool-2-thread-1] DEBUG fr.inria.lille.repair.nopol.NoPol - statement #3
17:30:03.488 [pool-2-thread-1] DEBUG fr.inria.lille.repair.nopol.NoPol - Analysing SourceLocation com.google.javascript.jscomp.CompilerTestCase:278 which is executed by 1949 tests
17:30:03.488 [pool-2-thread-1] DEBUG fr.inria.lille.repair.nopol.NoPol - cannot spoon SourceLocation com.google.javascript.jscomp.CompilerTestCase:278
17:30:03.489 [pool-2-thread-1] DEBUG fr.inria.lille.repair.nopol.NoPol - statement #4
17:30:03.489 [pool-2-thread-1] DEBUG fr.inria.lille.repair.nopol.NoPol - Analysing SourceLocation com.google.javascript.jscomp.CompilerTestCase:247 which is executed by 1906 tests
17:30:03.489 [pool-2-thread-1] DEBUG fr.inria.lille.repair.nopol.NoPol - cannot spoon SourceLocation com.google.javascript.jscomp.CompilerTestCase:247
17:30:03.490 [pool-2-thread-1] DEBUG fr.inria.lille.repair.nopol.NoPol - statement #5
17:30:03.490 [pool-2-thread-1] DEBUG fr.inria.lille.repair.nopol.NoPol - Analysing SourceLocation com.google.javascript.jscomp.CompilerTestCase:235 which is executed by 1746 tests
17:30:03.490 [pool-2-thread-1] DEBUG fr.inria.lille.repair.nopol.NoPol - cannot spoon SourceLocation com.google.javascript.jscomp.CompilerTestCase:235
17:30:03.491 [pool-2-thread-1] DEBUG fr.inria.lille.repair.nopol.NoPol - statement #6
17:30:03.491 [pool-2-thread-1] DEBUG fr.inria.lille.repair.nopol.NoPol - Analysing SourceLocation com.google.javascript.jscomp.CompilerTypeTestCase:53 which is executed by 803 tests
17:30:03.491 [pool-2-thread-1] DEBUG fr.inria.lille.repair.nopol.NoPol - cannot spoon SourceLocation com.google.javascript.jscomp.CompilerTypeTestCase:53
17:30:03.492 [pool-2-thread-1] DEBUG fr.inria.lille.repair.nopol.NoPol - statement #7
17:30:03.492 [pool-2-thread-1] DEBUG fr.inria.lille.repair.nopol.NoPol - Analysing SourceLocation com.google.javascript.rhino.Node:503 which is executed by 695 tests
2433571
17:30:03.956 [pool-2-thread-1] DEBUG fr.inria.lille.repair.nopol.NoPol - statement #8
17:30:03.956 [pool-2-thread-1] DEBUG fr.inria.lille.repair.nopol.NoPol - Analysing SourceLocation com.google.javascript.rhino.Node:589 which is executed by 692 tests
2433571
17:30:04.194 [pool-2-thread-1] DEBUG fr.inria.lille.repair.nopol.NoPol - statement #9
17:30:04.195 [pool-2-thread-1] DEBUG fr.inria.lille.repair.nopol.NoPol - Analysing SourceLocation com.google.javascript.rhino.Node:588 which is executed by 692 tests
2433571
17:30:04.742 [pool-2-thread-1] DEBUG fr.inria.lille.repair.nopol.NoPol - looking with class fr.inria.lille.repair.nopol.spoon.smt.ConditionalAdder
17:33:47.360 [pool-3-thread-1] DEBUG xxl.java.junit.TestSuiteExecution - Timeout after 200 seconds. Infinite loop?
17:33:47.364 [pool-2-thread-1] ERROR fr.inria.lille.repair.nopol.NoPol - Error ExecutionException java.util.concurrent.ExecutionException: java.lang.RuntimeException: java.util.concurrent.TimeoutException
17:33:47.365 [pool-2-thread-1] DEBUG fr.inria.lille.repair.nopol.NoPol - statement #10
17:34:10.115 [pool-2-thread-1] DEBUG fr.inria.lille.repair.nopol.NoPol - Analysing SourceLocation com.google.javascript.rhino.Node:587 which is executed by 692 tests
java.lang.OutOfMemoryError: Java heap space
    at java.lang.Class.getDeclaredMethods0(Native Method)
    at java.lang.Class.privateGetDeclaredMethods(Class.java:2701)
    at java.lang.Class.privateGetMethodRecursive(Class.java:3048)
    at java.lang.Class.getMethod0(Class.java:3018)
    at java.lang.Class.getMethod(Class.java:1784)
    at junit.framework.TestCase.runTest(TestCase.java:167)
2433571
17:52:07.919 [pool-2-thread-1] DEBUG fr.inria.lille.repair.nopol.NoPol - looking with class fr.inria.lille.repair.nopol.spoon.smt.ConditionalAdder
17:56:22.113 [pool-5-thread-1] DEBUG xxl.java.junit.TestSuiteExecution - Timeout after 200 seconds. Infinite loop?
17:56:22.114 [pool-2-thread-1] ERROR fr.inria.lille.repair.nopol.NoPol - Error ExecutionException java.util.concurrent.ExecutionException: java.lang.RuntimeException: java.util.concurrent.TimeoutException
17:56:22.114 [pool-2-thread-1] DEBUG fr.inria.lille.repair.nopol.NoPol - statement #11
17:56:22.115 [pool-2-thread-1] DEBUG fr.inria.lille.repair.nopol.NoPol - Analysing SourceLocation com.google.javascript.rhino.Node:585 which is executed by 694 tests
java.lang.OutOfMemoryError: Java heap space
java.lang.OutOfMemoryError: Java heap space
java.util.concurrent.ExecutionException: java.lang.OutOfMemoryError: Java heap space
	at java.util.concurrent.FutureTask.report(FutureTask.java:122)
	at java.util.concurrent.FutureTask.get(FutureTask.java:206)
	at fr.inria.lille.repair.Main.main(Main.java:106)
Caused by: java.lang.OutOfMemoryError: Java heap space

Usage: java -jar nopol.jar
                          [(-m|--mode) <repair|ranking>] (-e|--type) <condition|precondition|pre_then_cond|loop|arithmetic> [(-o|--oracle) <angelic|symbolic>] [(-y|--synthesis) <smt|dynamoth>] [(-l|--solver) <z3|cvc4>] [(-p|--solver-path) <solverPath>] (-s|--source) source1:source2:...:sourceN  (-c|--classpath) <classpath> [(-t|--test) test1:test2:...:testN ] [--complianceLevel <complianceLevel>] [--maxTime <maxTime>] [--maxTimeType <maxTimeType>] [(-z|--flocal) < cocospoon|dumb|gzoltar>] [--output <outputFolder>] [--json[:<outputJson>]]

  [(-m|--mode) <repair|ranking>]
        Define the mode of execution. (default: repair)

  (-e|--type) <condition|precondition|pre_then_cond|loop|arithmetic>
        The repair type (example fixing only conditions, or adding
        precondition). REQUIRED OPTION (default: condition)

  [(-o|--oracle) <angelic|symbolic>]
        Define the oracle (only used with repair mode). (default: angelic)

  [(-y|--synthesis) <smt|dynamoth>]
        Define the patch synthesis. (default: smt)

  [(-l|--solver) <z3|cvc4>]
        Define the solver (only used with smt synthesis). (default: z3)

  [(-p|--solver-path) <solverPath>]
        Define the solver binary path (only used with smt synthesis).

  (-s|--source) source1:source2:...:sourceN 
        Define the path to the source code of the project.

  (-c|--classpath) <classpath>
        Define the classpath of the project.

  [(-t|--test) test1:test2:...:testN ]
        Define the tests of the project (both failing and passing),
        fully-qualified, separated with ':' (even if the classpath contains
        other tests, only those are considered.

  [--complianceLevel <complianceLevel>]
        The compliance level of the project. (default: 7)

  [--maxTime <maxTime>]
        The maximum time execution in minute for the whole execution of
        Nopol.(default: 10)

  [--maxTimeType <maxTimeType>]
        The maximum time execution in minute for one type of patch. (default: 5)

  [(-z|--flocal) < cocospoon|dumb|gzoltar>]
        Define the fault localizer to be used. (default: gzoltar)

  [--output <outputFolder>]
        Define the location where the patches will be saved. (default: .)

  [--json[:<outputJson>]]
        Output a json file in the current working directory.

Command exited with non-zero status 255
2494.10user 6.98system 35:46.33elapsed 116%CPU (0avgtext+0avgdata 4497168maxresident)k
48032inputs+9712outputs (4major+1249361minor)pagefaults 0swaps


Node: griffon-24.nancy.grid5000.fr



Date: Sat Dec  1 18:05:29 EST 2018

