cd /tmp/DynaMoth_Bears_paritytrading-foundation_364820616-448899327;
export JAVA_TOOL_OPTIONS="-Dfile.encoding=UTF8 -Duser.language=en-US -Duser.country=US -Duser.language=en";
TZ="America/New_York"; export TZ;
export PATH="/usr/lib/jvm/java-1.8.0-openjdk-amd64/bin/:$PATH";
export JAVA_HOME="/usr/lib/jvm/java-1.8.0-openjdk-amd64/bin/";
time java -Xmx4g -Xms1g -cp /home/tdurieux/defects4j4repair/script/../repair_tools/nopol.jar:/usr/lib/jvm/java-1.8.0-openjdk-amd64/bin//../lib/tools.jar fr.inria.lille.repair.Main \
	--mode repair \
	--type pre_then_cond \
	--oracle angelic \
	--synthesis dynamoth \
	--flocal gzoltar \
	--json \
	--solver z3 \
	--solver-path /home/tdurieux/defects4j4repair/script/../libs/z3/build/z3 \
	--complianceLevel 8 \
	--source src/main/java \
	--classpath "target/classes:target/test-classes:/home/tdurieux/.m2/repository/junit/junit/4.12/junit-4.12.jar:/home/tdurieux/.m2/repository/org/hamcrest/hamcrest-core/1.3/hamcrest-core-1.3.jar:/home/tdurieux/defects4j4repair/script/../repair_tools/nopol.jar";
	echo "\n\nNode: `hostname`\n";
	echo "\n\nDate: `date`\n";
Picked up JAVA_TOOL_OPTIONS: -Dfile.encoding=UTF8 -Duser.language=en-US -Duser.country=US -Duser.language=en
06:25:50.433 [main] INFO  fr.inria.lille.repair.nopol.NoPol - Source files: [src/main/java]
06:25:50.451 [main] INFO  fr.inria.lille.repair.nopol.NoPol - Classpath: [file:/tmp/DynaMoth_Bears_paritytrading-foundation_364820616-448899327/target/classes/, file:/tmp/DynaMoth_Bears_paritytrading-foundation_364820616-448899327/target/test-classes/, file:/home/tdurieux/.m2/repository/junit/junit/4.12/junit-4.12.jar, file:/home/tdurieux/.m2/repository/org/hamcrest/hamcrest-core/1.3/hamcrest-core-1.3.jar, file:/home/tdurieux/defects4j4repair/script/../repair_tools/nopol.jar]
06:25:50.451 [main] INFO  fr.inria.lille.repair.nopol.NoPol - Statement type: PRE_THEN_COND
06:25:50.451 [main] INFO  fr.inria.lille.repair.nopol.NoPol - Args: [com.paritytrading.foundation.ASCIITest, com.paritytrading.foundation.ByteArraysTest, com.paritytrading.foundation.ByteBuffersTest]
06:25:50.453 [main] INFO  fr.inria.lille.repair.nopol.NoPol - Config: Config{synthesisDepth=3, collectStaticMethods=true, collectStaticFields=false, collectLiterals=false, onlyOneSynthesisResult=true, sortExpressions=true, maxLineInvocationPerTest=250, timeoutMethodInvocation=2000, dataCollectionTimeoutInSecondForSynthesis=900, addWeight=0.19478, subWeight=0.04554, mulWeight=0.0102, divWeight=0.00613, andWeight=0.10597, orWeight=0.05708, eqWeight=0.22798, nEqWeight=0.0, lessEqWeight=0.0255, lessWeight=0.0947, methodCallWeight=0.1, fieldAccessWeight=0.08099, constantWeight=0.14232, variableWeight=0.05195, mode=REPAIR, type=PRE_THEN_COND, synthesis=DYNAMOTH, oracle=ANGELIC, solver=Z3, solverPath='/home/tdurieux/defects4j4repair/script/../libs/z3/build/z3', projectSources=[src/main/java], projectClasspath='[Ljava.net.URL;@2ff4f00f', projectTests=[com.paritytrading.foundation.ASCIITest, com.paritytrading.foundation.ByteArraysTest, com.paritytrading.foundation.ByteBuffersTest], complianceLevel=8, outputFolder=., json=true}
06:25:50.453 [main] INFO  fr.inria.lille.repair.nopol.NoPol - Available processors (cores): 4
06:25:50.459 [main] INFO  fr.inria.lille.repair.nopol.NoPol - Free memory: 961 MB
06:25:50.459 [main] INFO  fr.inria.lille.repair.nopol.NoPol - Maximum memory: 3 GB
06:25:50.460 [main] INFO  fr.inria.lille.repair.nopol.NoPol - Total memory available to JVM: 981 MB
06:25:50.460 [main] INFO  fr.inria.lille.repair.nopol.NoPol - Java version: 1.8.0_181
06:25:50.461 [main] INFO  fr.inria.lille.repair.nopol.NoPol - JAVA_HOME: /usr/lib/jvm/java-1.8.0-openjdk-amd64/bin/
06:25:50.461 [main] INFO  fr.inria.lille.repair.nopol.NoPol - PATH: /usr/lib/jvm/java-1.8.0-openjdk-amd64/bin/:/usr/lib/oar/oardodo:/usr/lib/oar/oardodo:/usr/local/bin:/usr/bin:/bin:/usr/games
06:25:53.944 [pool-2-thread-1] DEBUG fr.inria.lille.repair.nopol.NoPol - statement #1
06:25:53.945 [pool-2-thread-1] DEBUG fr.inria.lille.repair.nopol.NoPol - Analysing SourceLocation com.paritytrading.foundation.ByteArrays:180 which is executed by 6 tests
1972116611
06:25:54.181 [pool-2-thread-1] DEBUG fr.inria.lille.repair.nopol.NoPol - statement #2
06:25:54.181 [pool-2-thread-1] DEBUG fr.inria.lille.repair.nopol.NoPol - Analysing SourceLocation com.paritytrading.foundation.ByteArrays:178 which is executed by 6 tests
1972116611
06:25:54.245 [pool-2-thread-1] DEBUG fr.inria.lille.repair.nopol.NoPol - looking with class fr.inria.lille.repair.nopol.spoon.smt.ConditionalAdder
java.lang.AssertionError: expected:<1376528744703> but was:<-1>
    at org.junit.Assert.fail(Assert.java:88)
    at org.junit.Assert.failNotEquals(Assert.java:743)
    at org.junit.Assert.assertEquals(Assert.java:118)
    at org.junit.Assert.assertEquals(Assert.java:555)
    at org.junit.Assert.assertEquals(Assert.java:542)
    at com.paritytrading.foundation.ByteArraysTest.longRoundtrip(ByteArraysTest.java:132)
java.lang.AssertionError: expected:<511> but was:<-1>
    at org.junit.Assert.fail(Assert.java:88)
    at org.junit.Assert.failNotEquals(Assert.java:743)
    at org.junit.Assert.assertEquals(Assert.java:118)
    at org.junit.Assert.assertEquals(Assert.java:555)
    at org.junit.Assert.assertEquals(Assert.java:542)
    at com.paritytrading.foundation.ByteArraysTest.shortRoundtrip(ByteArraysTest.java:118)
java.lang.AssertionError: expected:<25133567> but was:<-1>
    at org.junit.Assert.fail(Assert.java:88)
    at org.junit.Assert.failNotEquals(Assert.java:743)
    at org.junit.Assert.assertEquals(Assert.java:118)
    at org.junit.Assert.assertEquals(Assert.java:555)
    at org.junit.Assert.assertEquals(Assert.java:542)
    at com.paritytrading.foundation.ByteArraysTest.intRoundtrip(ByteArraysTest.java:125)
java.lang.AssertionError: expected:<1376528744703> but was:<-1>
    at org.junit.Assert.fail(Assert.java:88)
    at org.junit.Assert.failNotEquals(Assert.java:743)
    at org.junit.Assert.assertEquals(Assert.java:118)
    at org.junit.Assert.assertEquals(Assert.java:555)
    at org.junit.Assert.assertEquals(Assert.java:542)
    at com.paritytrading.foundation.ByteArraysTest.longRoundtrip(ByteArraysTest.java:132)
java.lang.AssertionError: expected:<511> but was:<-1>
    at org.junit.Assert.fail(Assert.java:88)
    at org.junit.Assert.failNotEquals(Assert.java:743)
    at org.junit.Assert.assertEquals(Assert.java:118)
    at org.junit.Assert.assertEquals(Assert.java:555)
    at org.junit.Assert.assertEquals(Assert.java:542)
    at com.paritytrading.foundation.ByteArraysTest.shortRoundtrip(ByteArraysTest.java:118)
java.lang.AssertionError: expected:<25133567> but was:<-1>
    at org.junit.Assert.fail(Assert.java:88)
    at org.junit.Assert.failNotEquals(Assert.java:743)
    at org.junit.Assert.assertEquals(Assert.java:118)
    at org.junit.Assert.assertEquals(Assert.java:555)
    at org.junit.Assert.assertEquals(Assert.java:542)
    at com.paritytrading.foundation.ByteArraysTest.intRoundtrip(ByteArraysTest.java:125)
java.lang.AssertionError: expected:<1376528744703> but was:<-1>
    at org.junit.Assert.fail(Assert.java:88)
    at org.junit.Assert.failNotEquals(Assert.java:743)
    at org.junit.Assert.assertEquals(Assert.java:118)
    at org.junit.Assert.assertEquals(Assert.java:555)
    at org.junit.Assert.assertEquals(Assert.java:542)
    at com.paritytrading.foundation.ByteArraysTest.longRoundtrip(ByteArraysTest.java:132)
java.lang.AssertionError: expected:<511> but was:<-1>
    at org.junit.Assert.fail(Assert.java:88)
    at org.junit.Assert.failNotEquals(Assert.java:743)
    at org.junit.Assert.assertEquals(Assert.java:118)
    at org.junit.Assert.assertEquals(Assert.java:555)
    at org.junit.Assert.assertEquals(Assert.java:542)
    at com.paritytrading.foundation.ByteArraysTest.shortRoundtrip(ByteArraysTest.java:118)
java.lang.AssertionError: expected:<25133567> but was:<-1>
    at org.junit.Assert.fail(Assert.java:88)
    at org.junit.Assert.failNotEquals(Assert.java:743)
    at org.junit.Assert.assertEquals(Assert.java:118)
    at org.junit.Assert.assertEquals(Assert.java:555)
    at org.junit.Assert.assertEquals(Assert.java:542)
    at com.paritytrading.foundation.ByteArraysTest.intRoundtrip(ByteArraysTest.java:125)
06:25:54.293 [pool-4-thread-1] INFO  xxl.java.junit.TestCasesListener - Tests run finished (21 ms)
<> Total tests run: 48
<> Ignored tests: 0
<> Failed tests: 9
~ longRoundtrip(com.paritytrading.foundation.ByteArraysTest)
[expected:<1376528744703> but was:<-1>]
java.lang.AssertionError: expected:<1376528744703> but was:<-1>    at org.junit.Assert.fail(Assert.java:88)
    at org.junit.Assert.failNotEquals(Assert.java:743)
    at org.junit.Assert.assertEquals(Assert.java:118)
    at org.junit.Assert.assertEquals(Assert.java:555)
    at org.junit.Assert.assertEquals(Assert.java:542)
    at com.paritytrading.foundation.ByteArraysTest.longRoundtrip(ByteArraysTest.java:132)
~ shortRoundtrip(com.paritytrading.foundation.ByteArraysTest)
[expected:<511> but was:<-1>]
java.lang.AssertionError: expected:<511> but was:<-1>    at org.junit.Assert.fail(Assert.java:88)
    at org.junit.Assert.failNotEquals(Assert.java:743)
    at org.junit.Assert.assertEquals(Assert.java:118)
    at org.junit.Assert.assertEquals(Assert.java:555)
    at org.junit.Assert.assertEquals(Assert.java:542)
    at com.paritytrading.foundation.ByteArraysTest.shortRoundtrip(ByteArraysTest.java:118)
~ intRoundtrip(com.paritytrading.foundation.ByteArraysTest)
[expected:<25133567> but was:<-1>]
java.lang.AssertionError: expected:<25133567> but was:<-1>    at org.junit.Assert.fail(Assert.java:88)
    at org.junit.Assert.failNotEquals(Assert.java:743)
    at org.junit.Assert.assertEquals(Assert.java:118)
    at org.junit.Assert.assertEquals(Assert.java:555)
    at org.junit.Assert.assertEquals(Assert.java:542)
    at com.paritytrading.foundation.ByteArraysTest.intRoundtrip(ByteArraysTest.java:125)
~ longRoundtrip(com.paritytrading.foundation.ByteArraysTest)
[expected:<1376528744703> but was:<-1>]
java.lang.AssertionError: expected:<1376528744703> but was:<-1>    at org.junit.Assert.fail(Assert.java:88)
    at org.junit.Assert.failNotEquals(Assert.java:743)
    at org.junit.Assert.assertEquals(Assert.java:118)
    at org.junit.Assert.assertEquals(Assert.java:555)
    at org.junit.Assert.assertEquals(Assert.java:542)
    at com.paritytrading.foundation.ByteArraysTest.longRoundtrip(ByteArraysTest.java:132)
~ shortRoundtrip(com.paritytrading.foundation.ByteArraysTest)
[expected:<511> but was:<-1>]
java.lang.AssertionError: expected:<511> but was:<-1>    at org.junit.Assert.fail(Assert.java:88)
    at org.junit.Assert.failNotEquals(Assert.java:743)
    at org.junit.Assert.assertEquals(Assert.java:118)
    at org.junit.Assert.assertEquals(Assert.java:555)
    at org.junit.Assert.assertEquals(Assert.java:542)
    at com.paritytrading.foundation.ByteArraysTest.shortRoundtrip(ByteArraysTest.java:118)
~ intRoundtrip(com.paritytrading.foundation.ByteArraysTest)
[expected:<25133567> but was:<-1>]
java.lang.AssertionError: expected:<25133567> but was:<-1>    at org.junit.Assert.fail(Assert.java:88)
    at org.junit.Assert.failNotEquals(Assert.java:743)
    at org.junit.Assert.assertEquals(Assert.java:118)
    at org.junit.Assert.assertEquals(Assert.java:555)
    at org.junit.Assert.assertEquals(Assert.java:542)
    at com.paritytrading.foundation.ByteArraysTest.intRoundtrip(ByteArraysTest.java:125)
~ longRoundtrip(com.paritytrading.foundation.ByteArraysTest)
[expected:<1376528744703> but was:<-1>]
java.lang.AssertionError: expected:<1376528744703> but was:<-1>    at org.junit.Assert.fail(Assert.java:88)
    at org.junit.Assert.failNotEquals(Assert.java:743)
    at org.junit.Assert.assertEquals(Assert.java:118)
    at org.junit.Assert.assertEquals(Assert.java:555)
    at org.junit.Assert.assertEquals(Assert.java:542)
    at com.paritytrading.foundation.ByteArraysTest.longRoundtrip(ByteArraysTest.java:132)
~ shortRoundtrip(com.paritytrading.foundation.ByteArraysTest)
[expected:<511> but was:<-1>]
java.lang.AssertionError: expected:<511> but was:<-1>    at org.junit.Assert.fail(Assert.java:88)
    at org.junit.Assert.failNotEquals(Assert.java:743)
    at org.junit.Assert.assertEquals(Assert.java:118)
    at org.junit.Assert.assertEquals(Assert.java:555)
    at org.junit.Assert.assertEquals(Assert.java:542)
    at com.paritytrading.foundation.ByteArraysTest.shortRoundtrip(ByteArraysTest.java:118)
~ intRoundtrip(com.paritytrading.foundation.ByteArraysTest)
[expected:<25133567> but was:<-1>]
java.lang.AssertionError: expected:<25133567> but was:<-1>    at org.junit.Assert.fail(Assert.java:88)
    at org.junit.Assert.failNotEquals(Assert.java:743)
    at org.junit.Assert.assertEquals(Assert.java:118)
    at org.junit.Assert.assertEquals(Assert.java:555)
    at org.junit.Assert.assertEquals(Assert.java:542)
    at com.paritytrading.foundation.ByteArraysTest.intRoundtrip(ByteArraysTest.java:125)

06:25:54.781 [pool-2-thread-1] DEBUG fr.inria.lille.repair.nopol.NoPol - statement #3
06:25:54.781 [pool-2-thread-1] DEBUG fr.inria.lille.repair.nopol.NoPol - Analysing SourceLocation com.paritytrading.foundation.ByteArrays:176 which is executed by 6 tests
1972116611
06:25:54.833 [pool-2-thread-1] DEBUG fr.inria.lille.repair.nopol.NoPol - statement #4
06:25:54.833 [pool-2-thread-1] DEBUG fr.inria.lille.repair.nopol.NoPol - Analysing SourceLocation com.paritytrading.foundation.ByteArrays:98 which is executed by 6 tests
1972116611
06:25:54.883 [pool-2-thread-1] DEBUG fr.inria.lille.repair.nopol.NoPol - statement #5
06:25:54.883 [pool-2-thread-1] DEBUG fr.inria.lille.repair.nopol.NoPol - Analysing SourceLocation com.paritytrading.foundation.ByteArrays:95 which is executed by 6 tests
1972116611
06:25:54.938 [pool-2-thread-1] DEBUG fr.inria.lille.repair.nopol.NoPol - looking with class fr.inria.lille.repair.nopol.spoon.smt.ConditionalAdder
java.lang.AssertionError: expected:<1376528744703> but was:<-1>
    at org.junit.Assert.fail(Assert.java:88)
    at org.junit.Assert.failNotEquals(Assert.java:743)
    at org.junit.Assert.assertEquals(Assert.java:118)
    at org.junit.Assert.assertEquals(Assert.java:555)
    at org.junit.Assert.assertEquals(Assert.java:542)
    at com.paritytrading.foundation.ByteArraysTest.longRoundtrip(ByteArraysTest.java:132)
java.lang.AssertionError: expected:<511> but was:<-1>
    at org.junit.Assert.fail(Assert.java:88)
    at org.junit.Assert.failNotEquals(Assert.java:743)
    at org.junit.Assert.assertEquals(Assert.java:118)
    at org.junit.Assert.assertEquals(Assert.java:555)
    at org.junit.Assert.assertEquals(Assert.java:542)
    at com.paritytrading.foundation.ByteArraysTest.shortRoundtrip(ByteArraysTest.java:118)
java.lang.AssertionError: expected:<25133567> but was:<-1>
    at org.junit.Assert.fail(Assert.java:88)
    at org.junit.Assert.failNotEquals(Assert.java:743)
    at org.junit.Assert.assertEquals(Assert.java:118)
    at org.junit.Assert.assertEquals(Assert.java:555)
    at org.junit.Assert.assertEquals(Assert.java:542)
    at com.paritytrading.foundation.ByteArraysTest.intRoundtrip(ByteArraysTest.java:125)
java.lang.AssertionError: expected:<1376528744703> but was:<-1>
    at org.junit.Assert.fail(Assert.java:88)
    at org.junit.Assert.failNotEquals(Assert.java:743)
    at org.junit.Assert.assertEquals(Assert.java:118)
    at org.junit.Assert.assertEquals(Assert.java:555)
    at org.junit.Assert.assertEquals(Assert.java:542)
    at com.paritytrading.foundation.ByteArraysTest.longRoundtrip(ByteArraysTest.java:132)
java.lang.AssertionError: expected:<511> but was:<-1>
    at org.junit.Assert.fail(Assert.java:88)
    at org.junit.Assert.failNotEquals(Assert.java:743)
    at org.junit.Assert.assertEquals(Assert.java:118)
    at org.junit.Assert.assertEquals(Assert.java:555)
    at org.junit.Assert.assertEquals(Assert.java:542)
    at com.paritytrading.foundation.ByteArraysTest.shortRoundtrip(ByteArraysTest.java:118)
java.lang.AssertionError: expected:<25133567> but was:<-1>
    at org.junit.Assert.fail(Assert.java:88)
    at org.junit.Assert.failNotEquals(Assert.java:743)
    at org.junit.Assert.assertEquals(Assert.java:118)
    at org.junit.Assert.assertEquals(Assert.java:555)
    at org.junit.Assert.assertEquals(Assert.java:542)
    at com.paritytrading.foundation.ByteArraysTest.intRoundtrip(ByteArraysTest.java:125)
java.lang.AssertionError: expected:<1376528744703> but was:<-1>
    at org.junit.Assert.fail(Assert.java:88)
    at org.junit.Assert.failNotEquals(Assert.java:743)
    at org.junit.Assert.assertEquals(Assert.java:118)
    at org.junit.Assert.assertEquals(Assert.java:555)
    at org.junit.Assert.assertEquals(Assert.java:542)
    at com.paritytrading.foundation.ByteArraysTest.longRoundtrip(ByteArraysTest.java:132)
java.lang.AssertionError: expected:<511> but was:<-1>
    at org.junit.Assert.fail(Assert.java:88)
    at org.junit.Assert.failNotEquals(Assert.java:743)
    at org.junit.Assert.assertEquals(Assert.java:118)
    at org.junit.Assert.assertEquals(Assert.java:555)
    at org.junit.Assert.assertEquals(Assert.java:542)
    at com.paritytrading.foundation.ByteArraysTest.shortRoundtrip(ByteArraysTest.java:118)
java.lang.AssertionError: expected:<25133567> but was:<-1>
    at org.junit.Assert.fail(Assert.java:88)
    at org.junit.Assert.failNotEquals(Assert.java:743)
    at org.junit.Assert.assertEquals(Assert.java:118)
    at org.junit.Assert.assertEquals(Assert.java:555)
    at org.junit.Assert.assertEquals(Assert.java:542)
    at com.paritytrading.foundation.ByteArraysTest.intRoundtrip(ByteArraysTest.java:125)
06:25:54.966 [pool-12-thread-1] INFO  xxl.java.junit.TestCasesListener - Tests run finished (11 ms)
<> Total tests run: 48
<> Ignored tests: 0
<> Failed tests: 9
~ longRoundtrip(com.paritytrading.foundation.ByteArraysTest)
[expected:<1376528744703> but was:<-1>]
java.lang.AssertionError: expected:<1376528744703> but was:<-1>    at org.junit.Assert.fail(Assert.java:88)
    at org.junit.Assert.failNotEquals(Assert.java:743)
    at org.junit.Assert.assertEquals(Assert.java:118)
    at org.junit.Assert.assertEquals(Assert.java:555)
    at org.junit.Assert.assertEquals(Assert.java:542)
    at com.paritytrading.foundation.ByteArraysTest.longRoundtrip(ByteArraysTest.java:132)
~ shortRoundtrip(com.paritytrading.foundation.ByteArraysTest)
[expected:<511> but was:<-1>]
java.lang.AssertionError: expected:<511> but was:<-1>    at org.junit.Assert.fail(Assert.java:88)
    at org.junit.Assert.failNotEquals(Assert.java:743)
    at org.junit.Assert.assertEquals(Assert.java:118)
    at org.junit.Assert.assertEquals(Assert.java:555)
    at org.junit.Assert.assertEquals(Assert.java:542)
    at com.paritytrading.foundation.ByteArraysTest.shortRoundtrip(ByteArraysTest.java:118)
~ intRoundtrip(com.paritytrading.foundation.ByteArraysTest)
[expected:<25133567> but was:<-1>]
java.lang.AssertionError: expected:<25133567> but was:<-1>    at org.junit.Assert.fail(Assert.java:88)
    at org.junit.Assert.failNotEquals(Assert.java:743)
    at org.junit.Assert.assertEquals(Assert.java:118)
    at org.junit.Assert.assertEquals(Assert.java:555)
    at org.junit.Assert.assertEquals(Assert.java:542)
    at com.paritytrading.foundation.ByteArraysTest.intRoundtrip(ByteArraysTest.java:125)
~ longRoundtrip(com.paritytrading.foundation.ByteArraysTest)
[expected:<1376528744703> but was:<-1>]
java.lang.AssertionError: expected:<1376528744703> but was:<-1>    at org.junit.Assert.fail(Assert.java:88)
    at org.junit.Assert.failNotEquals(Assert.java:743)
    at org.junit.Assert.assertEquals(Assert.java:118)
    at org.junit.Assert.assertEquals(Assert.java:555)
    at org.junit.Assert.assertEquals(Assert.java:542)
    at com.paritytrading.foundation.ByteArraysTest.longRoundtrip(ByteArraysTest.java:132)
~ shortRoundtrip(com.paritytrading.foundation.ByteArraysTest)
[expected:<511> but was:<-1>]
java.lang.AssertionError: expected:<511> but was:<-1>    at org.junit.Assert.fail(Assert.java:88)
    at org.junit.Assert.failNotEquals(Assert.java:743)
    at org.junit.Assert.assertEquals(Assert.java:118)
    at org.junit.Assert.assertEquals(Assert.java:555)
    at org.junit.Assert.assertEquals(Assert.java:542)
    at com.paritytrading.foundation.ByteArraysTest.shortRoundtrip(ByteArraysTest.java:118)
~ intRoundtrip(com.paritytrading.foundation.ByteArraysTest)
[expected:<25133567> but was:<-1>]
java.lang.AssertionError: expected:<25133567> but was:<-1>    at org.junit.Assert.fail(Assert.java:88)
    at org.junit.Assert.failNotEquals(Assert.java:743)
    at org.junit.Assert.assertEquals(Assert.java:118)
    at org.junit.Assert.assertEquals(Assert.java:555)
    at org.junit.Assert.assertEquals(Assert.java:542)
    at com.paritytrading.foundation.ByteArraysTest.intRoundtrip(ByteArraysTest.java:125)
~ longRoundtrip(com.paritytrading.foundation.ByteArraysTest)
[expected:<1376528744703> but was:<-1>]
java.lang.AssertionError: expected:<1376528744703> but was:<-1>    at org.junit.Assert.fail(Assert.java:88)
    at org.junit.Assert.failNotEquals(Assert.java:743)
    at org.junit.Assert.assertEquals(Assert.java:118)
    at org.junit.Assert.assertEquals(Assert.java:555)
    at org.junit.Assert.assertEquals(Assert.java:542)
    at com.paritytrading.foundation.ByteArraysTest.longRoundtrip(ByteArraysTest.java:132)
~ shortRoundtrip(com.paritytrading.foundation.ByteArraysTest)
[expected:<511> but was:<-1>]
java.lang.AssertionError: expected:<511> but was:<-1>    at org.junit.Assert.fail(Assert.java:88)
    at org.junit.Assert.failNotEquals(Assert.java:743)
    at org.junit.Assert.assertEquals(Assert.java:118)
    at org.junit.Assert.assertEquals(Assert.java:555)
    at org.junit.Assert.assertEquals(Assert.java:542)
    at com.paritytrading.foundation.ByteArraysTest.shortRoundtrip(ByteArraysTest.java:118)
~ intRoundtrip(com.paritytrading.foundation.ByteArraysTest)
[expected:<25133567> but was:<-1>]
java.lang.AssertionError: expected:<25133567> but was:<-1>    at org.junit.Assert.fail(Assert.java:88)
    at org.junit.Assert.failNotEquals(Assert.java:743)
    at org.junit.Assert.assertEquals(Assert.java:118)
    at org.junit.Assert.assertEquals(Assert.java:555)
    at org.junit.Assert.assertEquals(Assert.java:542)
    at com.paritytrading.foundation.ByteArraysTest.intRoundtrip(ByteArraysTest.java:125)

06:25:55.102 [pool-2-thread-1] DEBUG fr.inria.lille.repair.nopol.NoPol - statement #6
06:25:55.102 [pool-2-thread-1] DEBUG fr.inria.lille.repair.nopol.NoPol - Analysing SourceLocation com.paritytrading.foundation.ByteArrays:93 which is executed by 6 tests
1972116611
06:25:55.164 [pool-2-thread-1] DEBUG fr.inria.lille.repair.nopol.NoPol - looking with class fr.inria.lille.repair.nopol.spoon.smt.ConditionalAdder
java.lang.AssertionError: expected:<1376528744703> but was:<-1>
    at org.junit.Assert.fail(Assert.java:88)
    at org.junit.Assert.failNotEquals(Assert.java:743)
    at org.junit.Assert.assertEquals(Assert.java:118)
    at org.junit.Assert.assertEquals(Assert.java:555)
    at org.junit.Assert.assertEquals(Assert.java:542)
    at com.paritytrading.foundation.ByteArraysTest.longRoundtrip(ByteArraysTest.java:132)
java.lang.AssertionError: expected:<511> but was:<-1>
    at org.junit.Assert.fail(Assert.java:88)
    at org.junit.Assert.failNotEquals(Assert.java:743)
    at org.junit.Assert.assertEquals(Assert.java:118)
    at org.junit.Assert.assertEquals(Assert.java:555)
    at org.junit.Assert.assertEquals(Assert.java:542)
    at com.paritytrading.foundation.ByteArraysTest.shortRoundtrip(ByteArraysTest.java:118)
java.lang.AssertionError: expected:<25133567> but was:<-1>
    at org.junit.Assert.fail(Assert.java:88)
    at org.junit.Assert.failNotEquals(Assert.java:743)
    at org.junit.Assert.assertEquals(Assert.java:118)
    at org.junit.Assert.assertEquals(Assert.java:555)
    at org.junit.Assert.assertEquals(Assert.java:542)
    at com.paritytrading.foundation.ByteArraysTest.intRoundtrip(ByteArraysTest.java:125)
java.lang.AssertionError: expected:<1376528744703> but was:<-1>
    at org.junit.Assert.fail(Assert.java:88)
    at org.junit.Assert.failNotEquals(Assert.java:743)
    at org.junit.Assert.assertEquals(Assert.java:118)
    at org.junit.Assert.assertEquals(Assert.java:555)
    at org.junit.Assert.assertEquals(Assert.java:542)
    at com.paritytrading.foundation.ByteArraysTest.longRoundtrip(ByteArraysTest.java:132)
java.lang.AssertionError: expected:<511> but was:<-1>
    at org.junit.Assert.fail(Assert.java:88)
    at org.junit.Assert.failNotEquals(Assert.java:743)
    at org.junit.Assert.assertEquals(Assert.java:118)
    at org.junit.Assert.assertEquals(Assert.java:555)
    at org.junit.Assert.assertEquals(Assert.java:542)
    at com.paritytrading.foundation.ByteArraysTest.shortRoundtrip(ByteArraysTest.java:118)
java.lang.AssertionError: expected:<25133567> but was:<-1>
    at org.junit.Assert.fail(Assert.java:88)
    at org.junit.Assert.failNotEquals(Assert.java:743)
    at org.junit.Assert.assertEquals(Assert.java:118)
    at org.junit.Assert.assertEquals(Assert.java:555)
    at org.junit.Assert.assertEquals(Assert.java:542)
    at com.paritytrading.foundation.ByteArraysTest.intRoundtrip(ByteArraysTest.java:125)
java.lang.AssertionError: expected:<1376528744703> but was:<-1>
    at org.junit.Assert.fail(Assert.java:88)
    at org.junit.Assert.failNotEquals(Assert.java:743)
    at org.junit.Assert.assertEquals(Assert.java:118)
    at org.junit.Assert.assertEquals(Assert.java:555)
    at org.junit.Assert.assertEquals(Assert.java:542)
    at com.paritytrading.foundation.ByteArraysTest.longRoundtrip(ByteArraysTest.java:132)
java.lang.AssertionError: expected:<511> but was:<-1>
    at org.junit.Assert.fail(Assert.java:88)
    at org.junit.Assert.failNotEquals(Assert.java:743)
    at org.junit.Assert.assertEquals(Assert.java:118)
    at org.junit.Assert.assertEquals(Assert.java:555)
    at org.junit.Assert.assertEquals(Assert.java:542)
    at com.paritytrading.foundation.ByteArraysTest.shortRoundtrip(ByteArraysTest.java:118)
java.lang.AssertionError: expected:<25133567> but was:<-1>
    at org.junit.Assert.fail(Assert.java:88)
    at org.junit.Assert.failNotEquals(Assert.java:743)
    at org.junit.Assert.assertEquals(Assert.java:118)
    at org.junit.Assert.assertEquals(Assert.java:555)
    at org.junit.Assert.assertEquals(Assert.java:542)
    at com.paritytrading.foundation.ByteArraysTest.intRoundtrip(ByteArraysTest.java:125)
06:25:55.177 [pool-20-thread-1] INFO  xxl.java.junit.TestCasesListener - Tests run finished (9 ms)
<> Total tests run: 48
<> Ignored tests: 0
<> Failed tests: 9
~ longRoundtrip(com.paritytrading.foundation.ByteArraysTest)
[expected:<1376528744703> but was:<-1>]
java.lang.AssertionError: expected:<1376528744703> but was:<-1>    at org.junit.Assert.fail(Assert.java:88)
    at org.junit.Assert.failNotEquals(Assert.java:743)
    at org.junit.Assert.assertEquals(Assert.java:118)
    at org.junit.Assert.assertEquals(Assert.java:555)
    at org.junit.Assert.assertEquals(Assert.java:542)
    at com.paritytrading.foundation.ByteArraysTest.longRoundtrip(ByteArraysTest.java:132)
~ shortRoundtrip(com.paritytrading.foundation.ByteArraysTest)
[expected:<511> but was:<-1>]
java.lang.AssertionError: expected:<511> but was:<-1>    at org.junit.Assert.fail(Assert.java:88)
    at org.junit.Assert.failNotEquals(Assert.java:743)
    at org.junit.Assert.assertEquals(Assert.java:118)
    at org.junit.Assert.assertEquals(Assert.java:555)
    at org.junit.Assert.assertEquals(Assert.java:542)
    at com.paritytrading.foundation.ByteArraysTest.shortRoundtrip(ByteArraysTest.java:118)
~ intRoundtrip(com.paritytrading.foundation.ByteArraysTest)
[expected:<25133567> but was:<-1>]
java.lang.AssertionError: expected:<25133567> but was:<-1>    at org.junit.Assert.fail(Assert.java:88)
    at org.junit.Assert.failNotEquals(Assert.java:743)
    at org.junit.Assert.assertEquals(Assert.java:118)
    at org.junit.Assert.assertEquals(Assert.java:555)
    at org.junit.Assert.assertEquals(Assert.java:542)
    at com.paritytrading.foundation.ByteArraysTest.intRoundtrip(ByteArraysTest.java:125)
~ longRoundtrip(com.paritytrading.foundation.ByteArraysTest)
[expected:<1376528744703> but was:<-1>]
java.lang.AssertionError: expected:<1376528744703> but was:<-1>    at org.junit.Assert.fail(Assert.java:88)
    at org.junit.Assert.failNotEquals(Assert.java:743)
    at org.junit.Assert.assertEquals(Assert.java:118)
    at org.junit.Assert.assertEquals(Assert.java:555)
    at org.junit.Assert.assertEquals(Assert.java:542)
    at com.paritytrading.foundation.ByteArraysTest.longRoundtrip(ByteArraysTest.java:132)
~ shortRoundtrip(com.paritytrading.foundation.ByteArraysTest)
[expected:<511> but was:<-1>]
java.lang.AssertionError: expected:<511> but was:<-1>    at org.junit.Assert.fail(Assert.java:88)
    at org.junit.Assert.failNotEquals(Assert.java:743)
    at org.junit.Assert.assertEquals(Assert.java:118)
    at org.junit.Assert.assertEquals(Assert.java:555)
    at org.junit.Assert.assertEquals(Assert.java:542)
    at com.paritytrading.foundation.ByteArraysTest.shortRoundtrip(ByteArraysTest.java:118)
~ intRoundtrip(com.paritytrading.foundation.ByteArraysTest)
[expected:<25133567> but was:<-1>]
java.lang.AssertionError: expected:<25133567> but was:<-1>    at org.junit.Assert.fail(Assert.java:88)
    at org.junit.Assert.failNotEquals(Assert.java:743)
    at org.junit.Assert.assertEquals(Assert.java:118)
    at org.junit.Assert.assertEquals(Assert.java:555)
    at org.junit.Assert.assertEquals(Assert.java:542)
    at com.paritytrading.foundation.ByteArraysTest.intRoundtrip(ByteArraysTest.java:125)
~ longRoundtrip(com.paritytrading.foundation.ByteArraysTest)
[expected:<1376528744703> but was:<-1>]
java.lang.AssertionError: expected:<1376528744703> but was:<-1>    at org.junit.Assert.fail(Assert.java:88)
    at org.junit.Assert.failNotEquals(Assert.java:743)
    at org.junit.Assert.assertEquals(Assert.java:118)
    at org.junit.Assert.assertEquals(Assert.java:555)
    at org.junit.Assert.assertEquals(Assert.java:542)
    at com.paritytrading.foundation.ByteArraysTest.longRoundtrip(ByteArraysTest.java:132)
~ shortRoundtrip(com.paritytrading.foundation.ByteArraysTest)
[expected:<511> but was:<-1>]
java.lang.AssertionError: expected:<511> but was:<-1>    at org.junit.Assert.fail(Assert.java:88)
    at org.junit.Assert.failNotEquals(Assert.java:743)
    at org.junit.Assert.assertEquals(Assert.java:118)
    at org.junit.Assert.assertEquals(Assert.java:555)
    at org.junit.Assert.assertEquals(Assert.java:542)
    at com.paritytrading.foundation.ByteArraysTest.shortRoundtrip(ByteArraysTest.java:118)
~ intRoundtrip(com.paritytrading.foundation.ByteArraysTest)
[expected:<25133567> but was:<-1>]
java.lang.AssertionError: expected:<25133567> but was:<-1>    at org.junit.Assert.fail(Assert.java:88)
    at org.junit.Assert.failNotEquals(Assert.java:743)
    at org.junit.Assert.assertEquals(Assert.java:118)
    at org.junit.Assert.assertEquals(Assert.java:555)
    at org.junit.Assert.assertEquals(Assert.java:542)
    at com.paritytrading.foundation.ByteArraysTest.intRoundtrip(ByteArraysTest.java:125)

06:25:55.312 [pool-2-thread-1] DEBUG fr.inria.lille.repair.nopol.NoPol - statement #7
06:25:55.312 [pool-2-thread-1] DEBUG fr.inria.lille.repair.nopol.NoPol - Analysing SourceLocation com.paritytrading.foundation.ByteArrays:92 which is executed by 6 tests
1972116611
06:25:55.358 [pool-2-thread-1] DEBUG fr.inria.lille.repair.nopol.NoPol - looking with class fr.inria.lille.repair.nopol.spoon.smt.ConditionalAdder
java.lang.AssertionError: expected:<1376528744703> but was:<-1>
    at org.junit.Assert.fail(Assert.java:88)
    at org.junit.Assert.failNotEquals(Assert.java:743)
    at org.junit.Assert.assertEquals(Assert.java:118)
    at org.junit.Assert.assertEquals(Assert.java:555)
    at org.junit.Assert.assertEquals(Assert.java:542)
    at com.paritytrading.foundation.ByteArraysTest.longRoundtrip(ByteArraysTest.java:132)
java.lang.AssertionError: expected:<511> but was:<-1>
    at org.junit.Assert.fail(Assert.java:88)
    at org.junit.Assert.failNotEquals(Assert.java:743)
    at org.junit.Assert.assertEquals(Assert.java:118)
    at org.junit.Assert.assertEquals(Assert.java:555)
    at org.junit.Assert.assertEquals(Assert.java:542)
    at com.paritytrading.foundation.ByteArraysTest.shortRoundtrip(ByteArraysTest.java:118)
java.lang.AssertionError: expected:<25133567> but was:<-1>
    at org.junit.Assert.fail(Assert.java:88)
    at org.junit.Assert.failNotEquals(Assert.java:743)
    at org.junit.Assert.assertEquals(Assert.java:118)
    at org.junit.Assert.assertEquals(Assert.java:555)
    at org.junit.Assert.assertEquals(Assert.java:542)
    at com.paritytrading.foundation.ByteArraysTest.intRoundtrip(ByteArraysTest.java:125)
java.lang.AssertionError: expected:<1376528744703> but was:<-1>
    at org.junit.Assert.fail(Assert.java:88)
    at org.junit.Assert.failNotEquals(Assert.java:743)
    at org.junit.Assert.assertEquals(Assert.java:118)
    at org.junit.Assert.assertEquals(Assert.java:555)
    at org.junit.Assert.assertEquals(Assert.java:542)
    at com.paritytrading.foundation.ByteArraysTest.longRoundtrip(ByteArraysTest.java:132)
java.lang.AssertionError: expected:<511> but was:<-1>
    at org.junit.Assert.fail(Assert.java:88)
    at org.junit.Assert.failNotEquals(Assert.java:743)
    at org.junit.Assert.assertEquals(Assert.java:118)
    at org.junit.Assert.assertEquals(Assert.java:555)
    at org.junit.Assert.assertEquals(Assert.java:542)
    at com.paritytrading.foundation.ByteArraysTest.shortRoundtrip(ByteArraysTest.java:118)
java.lang.AssertionError: expected:<25133567> but was:<-1>
    at org.junit.Assert.fail(Assert.java:88)
    at org.junit.Assert.failNotEquals(Assert.java:743)
    at org.junit.Assert.assertEquals(Assert.java:118)
    at org.junit.Assert.assertEquals(Assert.java:555)
    at org.junit.Assert.assertEquals(Assert.java:542)
    at com.paritytrading.foundation.ByteArraysTest.intRoundtrip(ByteArraysTest.java:125)
java.lang.AssertionError: expected:<1376528744703> but was:<-1>
    at org.junit.Assert.fail(Assert.java:88)
    at org.junit.Assert.failNotEquals(Assert.java:743)
    at org.junit.Assert.assertEquals(Assert.java:118)
    at org.junit.Assert.assertEquals(Assert.java:555)
    at org.junit.Assert.assertEquals(Assert.java:542)
    at com.paritytrading.foundation.ByteArraysTest.longRoundtrip(ByteArraysTest.java:132)
java.lang.AssertionError: expected:<511> but was:<-1>
    at org.junit.Assert.fail(Assert.java:88)
    at org.junit.Assert.failNotEquals(Assert.java:743)
    at org.junit.Assert.assertEquals(Assert.java:118)
    at org.junit.Assert.assertEquals(Assert.java:555)
    at org.junit.Assert.assertEquals(Assert.java:542)
    at com.paritytrading.foundation.ByteArraysTest.shortRoundtrip(ByteArraysTest.java:118)
java.lang.AssertionError: expected:<25133567> but was:<-1>
    at org.junit.Assert.fail(Assert.java:88)
    at org.junit.Assert.failNotEquals(Assert.java:743)
    at org.junit.Assert.assertEquals(Assert.java:118)
    at org.junit.Assert.assertEquals(Assert.java:555)
    at org.junit.Assert.assertEquals(Assert.java:542)
    at com.paritytrading.foundation.ByteArraysTest.intRoundtrip(ByteArraysTest.java:125)
06:25:55.369 [pool-28-thread-1] INFO  xxl.java.junit.TestCasesListener - Tests run finished (8 ms)
<> Total tests run: 48
<> Ignored tests: 0
<> Failed tests: 9
~ longRoundtrip(com.paritytrading.foundation.ByteArraysTest)
[expected:<1376528744703> but was:<-1>]
java.lang.AssertionError: expected:<1376528744703> but was:<-1>    at org.junit.Assert.fail(Assert.java:88)
    at org.junit.Assert.failNotEquals(Assert.java:743)
    at org.junit.Assert.assertEquals(Assert.java:118)
    at org.junit.Assert.assertEquals(Assert.java:555)
    at org.junit.Assert.assertEquals(Assert.java:542)
    at com.paritytrading.foundation.ByteArraysTest.longRoundtrip(ByteArraysTest.java:132)
~ shortRoundtrip(com.paritytrading.foundation.ByteArraysTest)
[expected:<511> but was:<-1>]
java.lang.AssertionError: expected:<511> but was:<-1>    at org.junit.Assert.fail(Assert.java:88)
    at org.junit.Assert.failNotEquals(Assert.java:743)
    at org.junit.Assert.assertEquals(Assert.java:118)
    at org.junit.Assert.assertEquals(Assert.java:555)
    at org.junit.Assert.assertEquals(Assert.java:542)
    at com.paritytrading.foundation.ByteArraysTest.shortRoundtrip(ByteArraysTest.java:118)
~ intRoundtrip(com.paritytrading.foundation.ByteArraysTest)
[expected:<25133567> but was:<-1>]
java.lang.AssertionError: expected:<25133567> but was:<-1>    at org.junit.Assert.fail(Assert.java:88)
    at org.junit.Assert.failNotEquals(Assert.java:743)
    at org.junit.Assert.assertEquals(Assert.java:118)
    at org.junit.Assert.assertEquals(Assert.java:555)
    at org.junit.Assert.assertEquals(Assert.java:542)
    at com.paritytrading.foundation.ByteArraysTest.intRoundtrip(ByteArraysTest.java:125)
~ longRoundtrip(com.paritytrading.foundation.ByteArraysTest)
[expected:<1376528744703> but was:<-1>]
java.lang.AssertionError: expected:<1376528744703> but was:<-1>    at org.junit.Assert.fail(Assert.java:88)
    at org.junit.Assert.failNotEquals(Assert.java:743)
    at org.junit.Assert.assertEquals(Assert.java:118)
    at org.junit.Assert.assertEquals(Assert.java:555)
    at org.junit.Assert.assertEquals(Assert.java:542)
    at com.paritytrading.foundation.ByteArraysTest.longRoundtrip(ByteArraysTest.java:132)
~ shortRoundtrip(com.paritytrading.foundation.ByteArraysTest)
[expected:<511> but was:<-1>]
java.lang.AssertionError: expected:<511> but was:<-1>    at org.junit.Assert.fail(Assert.java:88)
    at org.junit.Assert.failNotEquals(Assert.java:743)
    at org.junit.Assert.assertEquals(Assert.java:118)
    at org.junit.Assert.assertEquals(Assert.java:555)
    at org.junit.Assert.assertEquals(Assert.java:542)
    at com.paritytrading.foundation.ByteArraysTest.shortRoundtrip(ByteArraysTest.java:118)
~ intRoundtrip(com.paritytrading.foundation.ByteArraysTest)
[expected:<25133567> but was:<-1>]
java.lang.AssertionError: expected:<25133567> but was:<-1>    at org.junit.Assert.fail(Assert.java:88)
    at org.junit.Assert.failNotEquals(Assert.java:743)
    at org.junit.Assert.assertEquals(Assert.java:118)
    at org.junit.Assert.assertEquals(Assert.java:555)
    at org.junit.Assert.assertEquals(Assert.java:542)
    at com.paritytrading.foundation.ByteArraysTest.intRoundtrip(ByteArraysTest.java:125)
~ longRoundtrip(com.paritytrading.foundation.ByteArraysTest)
[expected:<1376528744703> but was:<-1>]
java.lang.AssertionError: expected:<1376528744703> but was:<-1>    at org.junit.Assert.fail(Assert.java:88)
    at org.junit.Assert.failNotEquals(Assert.java:743)
    at org.junit.Assert.assertEquals(Assert.java:118)
    at org.junit.Assert.assertEquals(Assert.java:555)
    at org.junit.Assert.assertEquals(Assert.java:542)
    at com.paritytrading.foundation.ByteArraysTest.longRoundtrip(ByteArraysTest.java:132)
~ shortRoundtrip(com.paritytrading.foundation.ByteArraysTest)
[expected:<511> but was:<-1>]
java.lang.AssertionError: expected:<511> but was:<-1>    at org.junit.Assert.fail(Assert.java:88)
    at org.junit.Assert.failNotEquals(Assert.java:743)
    at org.junit.Assert.assertEquals(Assert.java:118)
    at org.junit.Assert.assertEquals(Assert.java:555)
    at org.junit.Assert.assertEquals(Assert.java:542)
    at com.paritytrading.foundation.ByteArraysTest.shortRoundtrip(ByteArraysTest.java:118)
~ intRoundtrip(com.paritytrading.foundation.ByteArraysTest)
[expected:<25133567> but was:<-1>]
java.lang.AssertionError: expected:<25133567> but was:<-1>    at org.junit.Assert.fail(Assert.java:88)
    at org.junit.Assert.failNotEquals(Assert.java:743)
    at org.junit.Assert.assertEquals(Assert.java:118)
    at org.junit.Assert.assertEquals(Assert.java:555)
    at org.junit.Assert.assertEquals(Assert.java:542)
    at com.paritytrading.foundation.ByteArraysTest.intRoundtrip(ByteArraysTest.java:125)

06:25:55.469 [pool-2-thread-1] DEBUG fr.inria.lille.repair.nopol.NoPol - statement #8
06:25:55.470 [pool-2-thread-1] DEBUG fr.inria.lille.repair.nopol.NoPol - Analysing SourceLocation com.paritytrading.foundation.ByteArrays:90 which is executed by 6 tests
1972116611
06:25:55.514 [pool-2-thread-1] DEBUG fr.inria.lille.repair.nopol.NoPol - statement #9
06:25:55.514 [pool-2-thread-1] DEBUG fr.inria.lille.repair.nopol.NoPol - Analysing SourceLocation com.paritytrading.foundation.ByteArrays:89 which is executed by 6 tests
1972116611
06:25:55.558 [pool-2-thread-1] DEBUG fr.inria.lille.repair.nopol.NoPol - statement #10
06:25:55.558 [pool-2-thread-1] DEBUG fr.inria.lille.repair.nopol.NoPol - Analysing SourceLocation com.paritytrading.foundation.ByteArrays:173 which is executed by 9 tests
1972116611
06:25:55.602 [pool-2-thread-1] DEBUG fr.inria.lille.repair.nopol.NoPol - statement #11
06:25:55.602 [pool-2-thread-1] DEBUG fr.inria.lille.repair.nopol.NoPol - Analysing SourceLocation com.paritytrading.foundation.ByteArrays:172 which is executed by 9 tests
1972116611
06:25:55.646 [pool-2-thread-1] DEBUG fr.inria.lille.repair.nopol.NoPol - looking with class fr.inria.lille.repair.nopol.spoon.smt.ConditionalAdder
java.lang.AssertionError: expected:<1376528744703> but was:<-1>
    at org.junit.Assert.fail(Assert.java:88)
    at org.junit.Assert.failNotEquals(Assert.java:743)
    at org.junit.Assert.assertEquals(Assert.java:118)
    at org.junit.Assert.assertEquals(Assert.java:555)
    at org.junit.Assert.assertEquals(Assert.java:542)
    at com.paritytrading.foundation.ByteArraysTest.longRoundtrip(ByteArraysTest.java:132)
java.lang.AssertionError: expected:<511> but was:<-1>
    at org.junit.Assert.fail(Assert.java:88)
    at org.junit.Assert.failNotEquals(Assert.java:743)
    at org.junit.Assert.assertEquals(Assert.java:118)
    at org.junit.Assert.assertEquals(Assert.java:555)
    at org.junit.Assert.assertEquals(Assert.java:542)
    at com.paritytrading.foundation.ByteArraysTest.shortRoundtrip(ByteArraysTest.java:118)
java.lang.AssertionError: expected:<25133567> but was:<-1>
    at org.junit.Assert.fail(Assert.java:88)
    at org.junit.Assert.failNotEquals(Assert.java:743)
    at org.junit.Assert.assertEquals(Assert.java:118)
    at org.junit.Assert.assertEquals(Assert.java:555)
    at org.junit.Assert.assertEquals(Assert.java:542)
    at com.paritytrading.foundation.ByteArraysTest.intRoundtrip(ByteArraysTest.java:125)
java.lang.AssertionError: expected:<1376528744703> but was:<-1>
    at org.junit.Assert.fail(Assert.java:88)
    at org.junit.Assert.failNotEquals(Assert.java:743)
    at org.junit.Assert.assertEquals(Assert.java:118)
    at org.junit.Assert.assertEquals(Assert.java:555)
    at org.junit.Assert.assertEquals(Assert.java:542)
    at com.paritytrading.foundation.ByteArraysTest.longRoundtrip(ByteArraysTest.java:132)
java.lang.AssertionError: expected:<511> but was:<-1>
    at org.junit.Assert.fail(Assert.java:88)
    at org.junit.Assert.failNotEquals(Assert.java:743)
    at org.junit.Assert.assertEquals(Assert.java:118)
    at org.junit.Assert.assertEquals(Assert.java:555)
    at org.junit.Assert.assertEquals(Assert.java:542)
    at com.paritytrading.foundation.ByteArraysTest.shortRoundtrip(ByteArraysTest.java:118)
java.lang.AssertionError: expected:<25133567> but was:<-1>
    at org.junit.Assert.fail(Assert.java:88)
    at org.junit.Assert.failNotEquals(Assert.java:743)
    at org.junit.Assert.assertEquals(Assert.java:118)
    at org.junit.Assert.assertEquals(Assert.java:555)
    at org.junit.Assert.assertEquals(Assert.java:542)
    at com.paritytrading.foundation.ByteArraysTest.intRoundtrip(ByteArraysTest.java:125)
java.lang.AssertionError: expected:<1376528744703> but was:<-1>
    at org.junit.Assert.fail(Assert.java:88)
    at org.junit.Assert.failNotEquals(Assert.java:743)
    at org.junit.Assert.assertEquals(Assert.java:118)
    at org.junit.Assert.assertEquals(Assert.java:555)
    at org.junit.Assert.assertEquals(Assert.java:542)
    at com.paritytrading.foundation.ByteArraysTest.longRoundtrip(ByteArraysTest.java:132)
java.lang.AssertionError: expected:<511> but was:<-1>
    at org.junit.Assert.fail(Assert.java:88)
    at org.junit.Assert.failNotEquals(Assert.java:743)
    at org.junit.Assert.assertEquals(Assert.java:118)
    at org.junit.Assert.assertEquals(Assert.java:555)
    at org.junit.Assert.assertEquals(Assert.java:542)
    at com.paritytrading.foundation.ByteArraysTest.shortRoundtrip(ByteArraysTest.java:118)
java.lang.AssertionError: expected:<25133567> but was:<-1>
    at org.junit.Assert.fail(Assert.java:88)
    at org.junit.Assert.failNotEquals(Assert.java:743)
    at org.junit.Assert.assertEquals(Assert.java:118)
    at org.junit.Assert.assertEquals(Assert.java:555)
    at org.junit.Assert.assertEquals(Assert.java:542)
    at com.paritytrading.foundation.ByteArraysTest.intRoundtrip(ByteArraysTest.java:125)
06:25:55.658 [pool-36-thread-1] INFO  xxl.java.junit.TestCasesListener - Tests run finished (7 ms)
<> Total tests run: 48
<> Ignored tests: 0
<> Failed tests: 9
~ longRoundtrip(com.paritytrading.foundation.ByteArraysTest)
[expected:<1376528744703> but was:<-1>]
java.lang.AssertionError: expected:<1376528744703> but was:<-1>    at org.junit.Assert.fail(Assert.java:88)
    at org.junit.Assert.failNotEquals(Assert.java:743)
    at org.junit.Assert.assertEquals(Assert.java:118)
    at org.junit.Assert.assertEquals(Assert.java:555)
    at org.junit.Assert.assertEquals(Assert.java:542)
    at com.paritytrading.foundation.ByteArraysTest.longRoundtrip(ByteArraysTest.java:132)
~ shortRoundtrip(com.paritytrading.foundation.ByteArraysTest)
[expected:<511> but was:<-1>]
java.lang.AssertionError: expected:<511> but was:<-1>    at org.junit.Assert.fail(Assert.java:88)
    at org.junit.Assert.failNotEquals(Assert.java:743)
    at org.junit.Assert.assertEquals(Assert.java:118)
    at org.junit.Assert.assertEquals(Assert.java:555)
    at org.junit.Assert.assertEquals(Assert.java:542)
    at com.paritytrading.foundation.ByteArraysTest.shortRoundtrip(ByteArraysTest.java:118)
~ intRoundtrip(com.paritytrading.foundation.ByteArraysTest)
[expected:<25133567> but was:<-1>]
java.lang.AssertionError: expected:<25133567> but was:<-1>    at org.junit.Assert.fail(Assert.java:88)
    at org.junit.Assert.failNotEquals(Assert.java:743)
    at org.junit.Assert.assertEquals(Assert.java:118)
    at org.junit.Assert.assertEquals(Assert.java:555)
    at org.junit.Assert.assertEquals(Assert.java:542)
    at com.paritytrading.foundation.ByteArraysTest.intRoundtrip(ByteArraysTest.java:125)
~ longRoundtrip(com.paritytrading.foundation.ByteArraysTest)
[expected:<1376528744703> but was:<-1>]
java.lang.AssertionError: expected:<1376528744703> but was:<-1>    at org.junit.Assert.fail(Assert.java:88)
    at org.junit.Assert.failNotEquals(Assert.java:743)
    at org.junit.Assert.assertEquals(Assert.java:118)
    at org.junit.Assert.assertEquals(Assert.java:555)
    at org.junit.Assert.assertEquals(Assert.java:542)
    at com.paritytrading.foundation.ByteArraysTest.longRoundtrip(ByteArraysTest.java:132)
~ shortRoundtrip(com.paritytrading.foundation.ByteArraysTest)
[expected:<511> but was:<-1>]
java.lang.AssertionError: expected:<511> but was:<-1>    at org.junit.Assert.fail(Assert.java:88)
    at org.junit.Assert.failNotEquals(Assert.java:743)
    at org.junit.Assert.assertEquals(Assert.java:118)
    at org.junit.Assert.assertEquals(Assert.java:555)
    at org.junit.Assert.assertEquals(Assert.java:542)
    at com.paritytrading.foundation.ByteArraysTest.shortRoundtrip(ByteArraysTest.java:118)
~ intRoundtrip(com.paritytrading.foundation.ByteArraysTest)
[expected:<25133567> but was:<-1>]
java.lang.AssertionError: expected:<25133567> but was:<-1>    at org.junit.Assert.fail(Assert.java:88)
    at org.junit.Assert.failNotEquals(Assert.java:743)
    at org.junit.Assert.assertEquals(Assert.java:118)
    at org.junit.Assert.assertEquals(Assert.java:555)
    at org.junit.Assert.assertEquals(Assert.java:542)
    at com.paritytrading.foundation.ByteArraysTest.intRoundtrip(ByteArraysTest.java:125)
~ longRoundtrip(com.paritytrading.foundation.ByteArraysTest)
[expected:<1376528744703> but was:<-1>]
java.lang.AssertionError: expected:<1376528744703> but was:<-1>    at org.junit.Assert.fail(Assert.java:88)
    at org.junit.Assert.failNotEquals(Assert.java:743)
    at org.junit.Assert.assertEquals(Assert.java:118)
    at org.junit.Assert.assertEquals(Assert.java:555)
    at org.junit.Assert.assertEquals(Assert.java:542)
    at com.paritytrading.foundation.ByteArraysTest.longRoundtrip(ByteArraysTest.java:132)
~ shortRoundtrip(com.paritytrading.foundation.ByteArraysTest)
[expected:<511> but was:<-1>]
java.lang.AssertionError: expected:<511> but was:<-1>    at org.junit.Assert.fail(Assert.java:88)
    at org.junit.Assert.failNotEquals(Assert.java:743)
    at org.junit.Assert.assertEquals(Assert.java:118)
    at org.junit.Assert.assertEquals(Assert.java:555)
    at org.junit.Assert.assertEquals(Assert.java:542)
    at com.paritytrading.foundation.ByteArraysTest.shortRoundtrip(ByteArraysTest.java:118)
~ intRoundtrip(com.paritytrading.foundation.ByteArraysTest)
[expected:<25133567> but was:<-1>]
java.lang.AssertionError: expected:<25133567> but was:<-1>    at org.junit.Assert.fail(Assert.java:88)
    at org.junit.Assert.failNotEquals(Assert.java:743)
    at org.junit.Assert.assertEquals(Assert.java:118)
    at org.junit.Assert.assertEquals(Assert.java:555)
    at org.junit.Assert.assertEquals(Assert.java:542)
    at com.paritytrading.foundation.ByteArraysTest.intRoundtrip(ByteArraysTest.java:125)

06:25:55.768 [pool-2-thread-1] DEBUG fr.inria.lille.repair.nopol.NoPol - statement #12
06:25:55.768 [pool-2-thread-1] DEBUG fr.inria.lille.repair.nopol.NoPol - Analysing SourceLocation com.paritytrading.foundation.ByteArrays:171 which is executed by 9 tests
1972116611
06:25:55.814 [pool-2-thread-1] DEBUG fr.inria.lille.repair.nopol.NoPol - looking with class fr.inria.lille.repair.nopol.spoon.smt.ConditionalAdder
java.lang.AssertionError: expected:<1376528744703> but was:<-1>
    at org.junit.Assert.fail(Assert.java:88)
    at org.junit.Assert.failNotEquals(Assert.java:743)
    at org.junit.Assert.assertEquals(Assert.java:118)
    at org.junit.Assert.assertEquals(Assert.java:555)
    at org.junit.Assert.assertEquals(Assert.java:542)
    at com.paritytrading.foundation.ByteArraysTest.longRoundtrip(ByteArraysTest.java:132)
java.lang.AssertionError: expected:<511> but was:<-1>
    at org.junit.Assert.fail(Assert.java:88)
    at org.junit.Assert.failNotEquals(Assert.java:743)
    at org.junit.Assert.assertEquals(Assert.java:118)
    at org.junit.Assert.assertEquals(Assert.java:555)
    at org.junit.Assert.assertEquals(Assert.java:542)
    at com.paritytrading.foundation.ByteArraysTest.shortRoundtrip(ByteArraysTest.java:118)
java.lang.AssertionError: expected:<25133567> but was:<-1>
    at org.junit.Assert.fail(Assert.java:88)
    at org.junit.Assert.failNotEquals(Assert.java:743)
    at org.junit.Assert.assertEquals(Assert.java:118)
    at org.junit.Assert.assertEquals(Assert.java:555)
    at org.junit.Assert.assertEquals(Assert.java:542)
    at com.paritytrading.foundation.ByteArraysTest.intRoundtrip(ByteArraysTest.java:125)
java.lang.AssertionError: expected:<1376528744703> but was:<-1>
    at org.junit.Assert.fail(Assert.java:88)
    at org.junit.Assert.failNotEquals(Assert.java:743)
    at org.junit.Assert.assertEquals(Assert.java:118)
    at org.junit.Assert.assertEquals(Assert.java:555)
    at org.junit.Assert.assertEquals(Assert.java:542)
    at com.paritytrading.foundation.ByteArraysTest.longRoundtrip(ByteArraysTest.java:132)
java.lang.AssertionError: expected:<511> but was:<-1>
    at org.junit.Assert.fail(Assert.java:88)
    at org.junit.Assert.failNotEquals(Assert.java:743)
    at org.junit.Assert.assertEquals(Assert.java:118)
    at org.junit.Assert.assertEquals(Assert.java:555)
    at org.junit.Assert.assertEquals(Assert.java:542)
    at com.paritytrading.foundation.ByteArraysTest.shortRoundtrip(ByteArraysTest.java:118)
java.lang.AssertionError: expected:<25133567> but was:<-1>
    at org.junit.Assert.fail(Assert.java:88)
    at org.junit.Assert.failNotEquals(Assert.java:743)
    at org.junit.Assert.assertEquals(Assert.java:118)
    at org.junit.Assert.assertEquals(Assert.java:555)
    at org.junit.Assert.assertEquals(Assert.java:542)
    at com.paritytrading.foundation.ByteArraysTest.intRoundtrip(ByteArraysTest.java:125)
java.lang.AssertionError: expected:<1376528744703> but was:<-1>
    at org.junit.Assert.fail(Assert.java:88)
    at org.junit.Assert.failNotEquals(Assert.java:743)
    at org.junit.Assert.assertEquals(Assert.java:118)
    at org.junit.Assert.assertEquals(Assert.java:555)
    at org.junit.Assert.assertEquals(Assert.java:542)
    at com.paritytrading.foundation.ByteArraysTest.longRoundtrip(ByteArraysTest.java:132)
java.lang.AssertionError: expected:<511> but was:<-1>
    at org.junit.Assert.fail(Assert.java:88)
    at org.junit.Assert.failNotEquals(Assert.java:743)
    at org.junit.Assert.assertEquals(Assert.java:118)
    at org.junit.Assert.assertEquals(Assert.java:555)
    at org.junit.Assert.assertEquals(Assert.java:542)
    at com.paritytrading.foundation.ByteArraysTest.shortRoundtrip(ByteArraysTest.java:118)
java.lang.AssertionError: expected:<25133567> but was:<-1>
    at org.junit.Assert.fail(Assert.java:88)
    at org.junit.Assert.failNotEquals(Assert.java:743)
    at org.junit.Assert.assertEquals(Assert.java:118)
    at org.junit.Assert.assertEquals(Assert.java:555)
    at org.junit.Assert.assertEquals(Assert.java:542)
    at com.paritytrading.foundation.ByteArraysTest.intRoundtrip(ByteArraysTest.java:125)
06:25:55.825 [pool-44-thread-1] INFO  xxl.java.junit.TestCasesListener - Tests run finished (7 ms)
<> Total tests run: 48
<> Ignored tests: 0
<> Failed tests: 9
~ longRoundtrip(com.paritytrading.foundation.ByteArraysTest)
[expected:<1376528744703> but was:<-1>]
java.lang.AssertionError: expected:<1376528744703> but was:<-1>    at org.junit.Assert.fail(Assert.java:88)
    at org.junit.Assert.failNotEquals(Assert.java:743)
    at org.junit.Assert.assertEquals(Assert.java:118)
    at org.junit.Assert.assertEquals(Assert.java:555)
    at org.junit.Assert.assertEquals(Assert.java:542)
    at com.paritytrading.foundation.ByteArraysTest.longRoundtrip(ByteArraysTest.java:132)
~ shortRoundtrip(com.paritytrading.foundation.ByteArraysTest)
[expected:<511> but was:<-1>]
java.lang.AssertionError: expected:<511> but was:<-1>    at org.junit.Assert.fail(Assert.java:88)
    at org.junit.Assert.failNotEquals(Assert.java:743)
    at org.junit.Assert.assertEquals(Assert.java:118)
    at org.junit.Assert.assertEquals(Assert.java:555)
    at org.junit.Assert.assertEquals(Assert.java:542)
    at com.paritytrading.foundation.ByteArraysTest.shortRoundtrip(ByteArraysTest.java:118)
~ intRoundtrip(com.paritytrading.foundation.ByteArraysTest)
[expected:<25133567> but was:<-1>]
java.lang.AssertionError: expected:<25133567> but was:<-1>    at org.junit.Assert.fail(Assert.java:88)
    at org.junit.Assert.failNotEquals(Assert.java:743)
    at org.junit.Assert.assertEquals(Assert.java:118)
    at org.junit.Assert.assertEquals(Assert.java:555)
    at org.junit.Assert.assertEquals(Assert.java:542)
    at com.paritytrading.foundation.ByteArraysTest.intRoundtrip(ByteArraysTest.java:125)
~ longRoundtrip(com.paritytrading.foundation.ByteArraysTest)
[expected:<1376528744703> but was:<-1>]
java.lang.AssertionError: expected:<1376528744703> but was:<-1>    at org.junit.Assert.fail(Assert.java:88)
    at org.junit.Assert.failNotEquals(Assert.java:743)
    at org.junit.Assert.assertEquals(Assert.java:118)
    at org.junit.Assert.assertEquals(Assert.java:555)
    at org.junit.Assert.assertEquals(Assert.java:542)
    at com.paritytrading.foundation.ByteArraysTest.longRoundtrip(ByteArraysTest.java:132)
~ shortRoundtrip(com.paritytrading.foundation.ByteArraysTest)
[expected:<511> but was:<-1>]
java.lang.AssertionError: expected:<511> but was:<-1>    at org.junit.Assert.fail(Assert.java:88)
    at org.junit.Assert.failNotEquals(Assert.java:743)
    at org.junit.Assert.assertEquals(Assert.java:118)
    at org.junit.Assert.assertEquals(Assert.java:555)
    at org.junit.Assert.assertEquals(Assert.java:542)
    at com.paritytrading.foundation.ByteArraysTest.shortRoundtrip(ByteArraysTest.java:118)
~ intRoundtrip(com.paritytrading.foundation.ByteArraysTest)
[expected:<25133567> but was:<-1>]
java.lang.AssertionError: expected:<25133567> but was:<-1>    at org.junit.Assert.fail(Assert.java:88)
    at org.junit.Assert.failNotEquals(Assert.java:743)
    at org.junit.Assert.assertEquals(Assert.java:118)
    at org.junit.Assert.assertEquals(Assert.java:555)
    at org.junit.Assert.assertEquals(Assert.java:542)
    at com.paritytrading.foundation.ByteArraysTest.intRoundtrip(ByteArraysTest.java:125)
~ longRoundtrip(com.paritytrading.foundation.ByteArraysTest)
[expected:<1376528744703> but was:<-1>]
java.lang.AssertionError: expected:<1376528744703> but was:<-1>    at org.junit.Assert.fail(Assert.java:88)
    at org.junit.Assert.failNotEquals(Assert.java:743)
    at org.junit.Assert.assertEquals(Assert.java:118)
    at org.junit.Assert.assertEquals(Assert.java:555)
    at org.junit.Assert.assertEquals(Assert.java:542)
    at com.paritytrading.foundation.ByteArraysTest.longRoundtrip(ByteArraysTest.java:132)
~ shortRoundtrip(com.paritytrading.foundation.ByteArraysTest)
[expected:<511> but was:<-1>]
java.lang.AssertionError: expected:<511> but was:<-1>    at org.junit.Assert.fail(Assert.java:88)
    at org.junit.Assert.failNotEquals(Assert.java:743)
    at org.junit.Assert.assertEquals(Assert.java:118)
    at org.junit.Assert.assertEquals(Assert.java:555)
    at org.junit.Assert.assertEquals(Assert.java:542)
    at com.paritytrading.foundation.ByteArraysTest.shortRoundtrip(ByteArraysTest.java:118)
~ intRoundtrip(com.paritytrading.foundation.ByteArraysTest)
[expected:<25133567> but was:<-1>]
java.lang.AssertionError: expected:<25133567> but was:<-1>    at org.junit.Assert.fail(Assert.java:88)
    at org.junit.Assert.failNotEquals(Assert.java:743)
    at org.junit.Assert.assertEquals(Assert.java:118)
    at org.junit.Assert.assertEquals(Assert.java:555)
    at org.junit.Assert.assertEquals(Assert.java:542)
    at com.paritytrading.foundation.ByteArraysTest.intRoundtrip(ByteArraysTest.java:125)

06:25:55.924 [pool-2-thread-1] DEBUG fr.inria.lille.repair.nopol.NoPol - statement #13
06:25:55.924 [pool-2-thread-1] DEBUG fr.inria.lille.repair.nopol.NoPol - Analysing SourceLocation com.paritytrading.foundation.ByteArrays:51 which is executed by 2 tests
1972116611
06:25:55.967 [pool-2-thread-1] DEBUG fr.inria.lille.repair.nopol.NoPol - statement #14
06:25:55.967 [pool-2-thread-1] DEBUG fr.inria.lille.repair.nopol.NoPol - Analysing SourceLocation com.paritytrading.foundation.ByteArrays:121 which is executed by 2 tests
1972116611
06:25:56.028 [pool-2-thread-1] DEBUG fr.inria.lille.repair.nopol.NoPol - statement #15
06:25:56.029 [pool-2-thread-1] DEBUG fr.inria.lille.repair.nopol.NoPol - Analysing SourceLocation com.paritytrading.foundation.ByteArrays:144 which is executed by 2 tests
1972116611
06:25:56.079 [pool-2-thread-1] DEBUG fr.inria.lille.repair.nopol.NoPol - statement #16
06:25:56.079 [pool-2-thread-1] DEBUG fr.inria.lille.repair.nopol.NoPol - Analysing SourceLocation com.paritytrading.foundation.ByteArrays:68 which is executed by 2 tests
1972116611
06:25:56.121 [pool-2-thread-1] DEBUG fr.inria.lille.repair.nopol.NoPol - statement #17
06:25:56.121 [pool-2-thread-1] DEBUG fr.inria.lille.repair.nopol.NoPol - Analysing SourceLocation com.paritytrading.foundation.ByteArrays:167 which is executed by 2 tests
1972116611
06:25:56.163 [pool-2-thread-1] DEBUG fr.inria.lille.repair.nopol.NoPol - statement #18
06:25:56.163 [pool-2-thread-1] DEBUG fr.inria.lille.repair.nopol.NoPol - Analysing SourceLocation com.paritytrading.foundation.ByteArrays:85 which is executed by 2 tests
1972116611
06:25:56.205 [pool-2-thread-1] INFO  fr.inria.lille.repair.nopol.NoPol - ----INFORMATION----
06:25:56.221 [pool-2-thread-1] INFO  fr.inria.lille.repair.nopol.NoPol - Nb classes : 4
06:25:56.221 [pool-2-thread-1] INFO  fr.inria.lille.repair.nopol.NoPol - Nb methods : 53
06:25:56.221 [pool-2-thread-1] INFO  fr.inria.lille.repair.nopol.NoPol - Nb Statements Analyzed : 6
06:25:56.222 [pool-2-thread-1] INFO  fr.inria.lille.repair.nopol.NoPol - Nb Statements with Angelic Value Found : 0
06:25:56.222 [pool-2-thread-1] INFO  fr.inria.lille.repair.nopol.NoPol - NoPol Execution time : 5775ms
06:25:56.222 [pool-2-thread-1] INFO  fr.inria.lille.repair.nopol.NoPol - 
NO_ANGELIC_VALUE
Command exited with non-zero status 255
11.14user 0.86system 0:06.79elapsed 176%CPU (0avgtext+0avgdata 428684maxresident)k
44392inputs+5280outputs (3major+139189minor)pagefaults 0swaps


Node: graphene-131.nancy.grid5000.fr



Date: Thu Dec 27 06:25:56 EST 2018

