cd /tmp/DynaMoth_Bug_dot_jar_Commons-Math_6d6649ef;
export JAVA_TOOL_OPTIONS="-Dfile.encoding=UTF8 -Duser.language=en-US -Duser.country=US -Duser.language=en";
TZ="America/New_York"; export TZ;
export PATH="/usr/lib/jvm/java-1.8.0-openjdk-amd64/bin/:$PATH";
export JAVA_HOME="/usr/lib/jvm/java-1.8.0-openjdk-amd64/bin/";
time java -Xmx4048m -cp /home/tdurieux/defects4j4repair/script/../repair_tools/nopol.jar:/usr/lib/jvm/java-1.8.0-openjdk-amd64/bin//../lib/tools.jar fr.inria.lille.repair.Main \
	--mode repair \
	--type pre_then_cond \
	--oracle angelic \
	--synthesis dynamoth \
	--flocal gzoltar \
	--json \
	--solver z3 \
	--solver-path /home/tdurieux/defects4j4repair/script/../libs/z3/build/z3 \
	--complianceLevel 7 \
	--source src/main/java \
	--classpath "target/classes:target/test-classes:/home/tdurieux/.m2/repository/junit/junit/4.4/junit-4.4.jar:/home/tdurieux/defects4j4repair/script/../repair_tools/nopol.jar";
	echo "\n\nNode: `hostname`\n";
	echo "\n\nDate: `date`\n";
Picked up JAVA_TOOL_OPTIONS: -Dfile.encoding=UTF8 -Duser.language=en-US -Duser.country=US -Duser.language=en
17:46:36.839 [main] INFO  fr.inria.lille.repair.nopol.NoPol - Source files: [src/main/java]
17:46:36.894 [main] INFO  fr.inria.lille.repair.nopol.NoPol - Classpath: [file:/tmp/DynaMoth_Bug_dot_jar_Commons-Math_6d6649ef/target/classes/, file:/tmp/DynaMoth_Bug_dot_jar_Commons-Math_6d6649ef/target/test-classes/, file:/home/tdurieux/.m2/repository/junit/junit/4.4/junit-4.4.jar, file:/home/tdurieux/defects4j4repair/script/../repair_tools/nopol.jar]
17:46:36.895 [main] INFO  fr.inria.lille.repair.nopol.NoPol - Statement type: PRE_THEN_COND
17:46:36.896 [main] INFO  fr.inria.lille.repair.nopol.NoPol - Args: [org.apache.commons.math.ConvergenceExceptionTest, org.apache.commons.math.MathConfigurationExceptionTest, org.apache.commons.math.MathExceptionTest, org.apache.commons.math.MaxIterationsExceededExceptionTest, org.apache.commons.math.analysis.FunctionUtilsTest, org.apache.commons.math.analysis.integration.LegendreGaussIntegratorTest, org.apache.commons.math.analysis.integration.RombergIntegratorTest, org.apache.commons.math.analysis.integration.SimpsonIntegratorTest, org.apache.commons.math.analysis.integration.TrapezoidIntegratorTest, org.apache.commons.math.analysis.interpolation.BicubicSplineInterpolatingFunctionTest, org.apache.commons.math.analysis.interpolation.BicubicSplineInterpolatorTest, org.apache.commons.math.analysis.interpolation.DividedDifferenceInterpolatorTest, org.apache.commons.math.analysis.interpolation.LinearInterpolatorTest, org.apache.commons.math.analysis.interpolation.LoessInterpolatorTest, org.apache.commons.math.analysis.interpolation.MicrosphereInterpolatorTest, org.apache.commons.math.analysis.interpolation.NevilleInterpolatorTest, org.apache.commons.math.analysis.interpolation.SmoothingPolynomialBicubicSplineInterpolatorTest, org.apache.commons.math.analysis.interpolation.SplineInterpolatorTest, org.apache.commons.math.analysis.interpolation.TricubicSplineInterpolatingFunctionTest, org.apache.commons.math.analysis.interpolation.TricubicSplineInterpolatorTest, org.apache.commons.math.analysis.polynomials.PolynomialFunctionLagrangeFormTest, org.apache.commons.math.analysis.polynomials.PolynomialFunctionNewtonFormTest, org.apache.commons.math.analysis.polynomials.PolynomialFunctionTest, org.apache.commons.math.analysis.polynomials.PolynomialSplineFunctionTest, org.apache.commons.math.analysis.polynomials.PolynomialsUtilsTest, org.apache.commons.math.analysis.solvers.BisectionSolverTest, org.apache.commons.math.analysis.solvers.BrentSolverTest, org.apache.commons.math.analysis.solvers.LaguerreSolverTest, org.apache.commons.math.analysis.solvers.MullerSolver2Test, org.apache.commons.math.analysis.solvers.MullerSolverTest, org.apache.commons.math.analysis.solvers.NewtonSolverTest, org.apache.commons.math.analysis.solvers.RiddersSolverTest, org.apache.commons.math.analysis.solvers.SecantSolverTest, org.apache.commons.math.analysis.solvers.UnivariateRealSolverUtilsTest, org.apache.commons.math.complex.ComplexFieldTest, org.apache.commons.math.complex.ComplexFormatTest, org.apache.commons.math.complex.ComplexTest, org.apache.commons.math.complex.ComplexUtilsTest, org.apache.commons.math.complex.FrenchComplexFormatTest, org.apache.commons.math.dfp.DfpDecTest, org.apache.commons.math.dfp.DfpMathTest, org.apache.commons.math.dfp.DfpTest, org.apache.commons.math.distribution.BetaDistributionTest, org.apache.commons.math.distribution.BinomialDistributionTest, org.apache.commons.math.distribution.CauchyDistributionTest, org.apache.commons.math.distribution.ChiSquareDistributionTest, org.apache.commons.math.distribution.ExponentialDistributionTest, org.apache.commons.math.distribution.FDistributionTest, org.apache.commons.math.distribution.GammaDistributionTest, org.apache.commons.math.distribution.HypergeometricDistributionTest, org.apache.commons.math.distribution.NormalDistributionTest, org.apache.commons.math.distribution.PascalDistributionTest, org.apache.commons.math.distribution.PoissonDistributionTest, org.apache.commons.math.distribution.TDistributionTest, org.apache.commons.math.distribution.WeibullDistributionTest, org.apache.commons.math.distribution.ZipfDistributionTest, org.apache.commons.math.exception.DimensionMismatchExceptionTest, org.apache.commons.math.exception.MatrixDimensionMismatchExceptionTest, org.apache.commons.math.exception.MaxCountExceededExceptionTest, org.apache.commons.math.exception.NonMonotonousSequenceExceptionTest, org.apache.commons.math.exception.NotPositiveExceptionTest, org.apache.commons.math.exception.NotStrictlyPositiveExceptionTest, org.apache.commons.math.exception.NumberIsTooLargeExceptionTest, org.apache.commons.math.exception.NumberIsTooSmallExceptionTest, org.apache.commons.math.exception.OutOfRangeExceptionTest, org.apache.commons.math.exception.util.ArgUtilsTest, org.apache.commons.math.exception.util.MessageFactoryTest, org.apache.commons.math.fraction.BigFractionFieldTest, org.apache.commons.math.fraction.BigFractionFormatTest, org.apache.commons.math.fraction.BigFractionTest, org.apache.commons.math.fraction.FractionFieldTest, org.apache.commons.math.fraction.FractionFormatTest, org.apache.commons.math.fraction.FractionTest, org.apache.commons.math.genetics.BinaryChromosomeTest, org.apache.commons.math.genetics.BinaryMutationTest, org.apache.commons.math.genetics.ChromosomeTest, org.apache.commons.math.genetics.ElitisticListPopulationTest, org.apache.commons.math.genetics.FitnessCachingTest, org.apache.commons.math.genetics.FixedGenerationCountTest, org.apache.commons.math.genetics.GeneticAlgorithmTestBinary, org.apache.commons.math.genetics.GeneticAlgorithmTestPermutations, org.apache.commons.math.genetics.ListPopulationTest, org.apache.commons.math.genetics.OnePointCrossoverTest, org.apache.commons.math.genetics.RandomKeyMutationTest, org.apache.commons.math.genetics.RandomKeyTest, org.apache.commons.math.genetics.TournamentSelectionTest, org.apache.commons.math.geometry.FrenchVector3DFormatTest, org.apache.commons.math.geometry.RotationOrderTest, org.apache.commons.math.geometry.RotationTest, org.apache.commons.math.geometry.Vector3DFormatTest, org.apache.commons.math.geometry.Vector3DTest, org.apache.commons.math.linear.AbstractRealVectorTest, org.apache.commons.math.linear.Array2DRowRealMatrixTest, org.apache.commons.math.linear.ArrayFieldVectorTest, org.apache.commons.math.linear.ArrayRealVectorTest, org.apache.commons.math.linear.BiDiagonalTransformerTest, org.apache.commons.math.linear.BlockFieldMatrixTest, org.apache.commons.math.linear.BlockRealMatrixTest, org.apache.commons.math.linear.CholeskyDecompositionImplTest, org.apache.commons.math.linear.CholeskySolverTest, org.apache.commons.math.linear.EigenDecompositionImplTest, org.apache.commons.math.linear.EigenSolverTest, org.apache.commons.math.linear.FieldLUDecompositionImplTest, org.apache.commons.math.linear.FieldMatrixImplTest, org.apache.commons.math.linear.FrenchRealVectorFormatTest, org.apache.commons.math.linear.LUDecompositionImplTest, org.apache.commons.math.linear.LUSolverTest, org.apache.commons.math.linear.MatrixUtilsTest, org.apache.commons.math.linear.QRDecompositionImplTest, org.apache.commons.math.linear.QRSolverTest, org.apache.commons.math.linear.RealVectorFormatTest, org.apache.commons.math.linear.SingularValueDecompositionImplTest, org.apache.commons.math.linear.SingularValueSolverTest, org.apache.commons.math.linear.SparseFieldMatrixTest, org.apache.commons.math.linear.SparseFieldVectorTest, org.apache.commons.math.linear.SparseRealMatrixTest, org.apache.commons.math.linear.SparseRealVectorTest, org.apache.commons.math.linear.TriDiagonalTransformerTest, org.apache.commons.math.ode.ContinuousOutputModelTest, org.apache.commons.math.ode.FirstOrderConverterTest, org.apache.commons.math.ode.events.EventStateTest, org.apache.commons.math.ode.nonstiff.AdamsBashforthIntegratorTest, org.apache.commons.math.ode.nonstiff.AdamsMoultonIntegratorTest, org.apache.commons.math.ode.nonstiff.ClassicalRungeKuttaIntegratorTest, org.apache.commons.math.ode.nonstiff.ClassicalRungeKuttaStepInterpolatorTest, org.apache.commons.math.ode.nonstiff.DormandPrince54IntegratorTest, org.apache.commons.math.ode.nonstiff.DormandPrince54StepInterpolatorTest, org.apache.commons.math.ode.nonstiff.DormandPrince853IntegratorTest, org.apache.commons.math.ode.nonstiff.DormandPrince853StepInterpolatorTest, org.apache.commons.math.ode.nonstiff.EulerIntegratorTest, org.apache.commons.math.ode.nonstiff.EulerStepInterpolatorTest, org.apache.commons.math.ode.nonstiff.GillIntegratorTest, org.apache.commons.math.ode.nonstiff.GillStepInterpolatorTest, org.apache.commons.math.ode.nonstiff.GraggBulirschStoerIntegratorTest, org.apache.commons.math.ode.nonstiff.GraggBulirschStoerStepInterpolatorTest, org.apache.commons.math.ode.nonstiff.HighamHall54IntegratorTest, org.apache.commons.math.ode.nonstiff.HighamHall54StepInterpolatorTest, org.apache.commons.math.ode.nonstiff.MidpointIntegratorTest, org.apache.commons.math.ode.nonstiff.MidpointStepInterpolatorTest, org.apache.commons.math.ode.nonstiff.ThreeEighthesIntegratorTest, org.apache.commons.math.ode.nonstiff.ThreeEighthesStepInterpolatorTest, org.apache.commons.math.ode.sampling.DummyStepInterpolatorTest, org.apache.commons.math.ode.sampling.NordsieckStepInterpolatorTest, org.apache.commons.math.ode.sampling.StepNormalizerTest, org.apache.commons.math.optimization.MultiStartDifferentiableMultivariateRealOptimizerTest, org.apache.commons.math.optimization.MultiStartDifferentiableMultivariateVectorialOptimizerTest, org.apache.commons.math.optimization.MultiStartMultivariateRealOptimizerTest, org.apache.commons.math.optimization.direct.PowellOptimizerTest, org.apache.commons.math.optimization.direct.SimplexOptimizerMultiDirectionalTest, org.apache.commons.math.optimization.direct.SimplexOptimizerNelderMeadTest, org.apache.commons.math.optimization.fitting.CurveFitterTest, org.apache.commons.math.optimization.fitting.GaussianFitterTest, org.apache.commons.math.optimization.fitting.HarmonicFitterTest, org.apache.commons.math.optimization.fitting.ParametricGaussianFunctionTest, org.apache.commons.math.optimization.fitting.PolynomialFitterTest, org.apache.commons.math.optimization.general.GaussNewtonOptimizerTest, org.apache.commons.math.optimization.general.LevenbergMarquardtOptimizerTest, org.apache.commons.math.optimization.general.MinpackTest, org.apache.commons.math.optimization.general.NonLinearConjugateGradientOptimizerTest, org.apache.commons.math.optimization.linear.SimplexSolverTest, org.apache.commons.math.optimization.linear.SimplexTableauTest, org.apache.commons.math.optimization.univariate.BracketFinderTest, org.apache.commons.math.optimization.univariate.BrentOptimizerTest, org.apache.commons.math.optimization.univariate.MultiStartUnivariateRealOptimizerTest, org.apache.commons.math.random.AbstractRandomGeneratorTest, org.apache.commons.math.random.CorrelatedRandomVectorGeneratorTest, org.apache.commons.math.random.EmpiricalDistributionTest, org.apache.commons.math.random.GaussianRandomGeneratorTest, org.apache.commons.math.random.MersenneTwisterTest, org.apache.commons.math.random.RandomAdaptorTest, org.apache.commons.math.random.RandomDataTest, org.apache.commons.math.random.UncorrelatedRandomVectorGeneratorTest, org.apache.commons.math.random.UniformRandomGeneratorTest, org.apache.commons.math.random.ValueServerTest, org.apache.commons.math.random.Well1024aTest, org.apache.commons.math.random.Well19937aTest, org.apache.commons.math.random.Well19937cTest, org.apache.commons.math.random.Well44497aTest, org.apache.commons.math.random.Well44497bTest, org.apache.commons.math.random.Well512aTest, org.apache.commons.math.special.BetaTest, org.apache.commons.math.special.ErfTest, org.apache.commons.math.special.GammaTest, org.apache.commons.math.stat.CertifiedDataTest, org.apache.commons.math.stat.FrequencyTest, org.apache.commons.math.stat.StatUtilsTest, org.apache.commons.math.stat.clustering.EuclideanIntegerPointTest, org.apache.commons.math.stat.clustering.KMeansPlusPlusClustererTest, org.apache.commons.math.stat.correlation.CovarianceTest, org.apache.commons.math.stat.correlation.PearsonsCorrelationTest, org.apache.commons.math.stat.correlation.SpearmansRankCorrelationTest, org.apache.commons.math.stat.data.LewTest, org.apache.commons.math.stat.data.LotteryTest, org.apache.commons.math.stat.descriptive.AbstractUnivariateStatisticTest, org.apache.commons.math.stat.descriptive.AggregateSummaryStatisticsTest, org.apache.commons.math.stat.descriptive.DescriptiveStatisticsTest, org.apache.commons.math.stat.descriptive.InteractionTest, org.apache.commons.math.stat.descriptive.ListUnivariateImplTest, org.apache.commons.math.stat.descriptive.MixedListUnivariateImplTest, org.apache.commons.math.stat.descriptive.MultivariateSummaryStatisticsTest, org.apache.commons.math.stat.descriptive.StatisticalSummaryValuesTest, org.apache.commons.math.stat.descriptive.SummaryStatisticsTest, org.apache.commons.math.stat.descriptive.SynchronizedDescriptiveStatisticsTest, org.apache.commons.math.stat.descriptive.SynchronizedMultivariateSummaryStatisticsTest, org.apache.commons.math.stat.descriptive.SynchronizedSummaryStatisticsTest, org.apache.commons.math.stat.descriptive.moment.FirstMomentTest, org.apache.commons.math.stat.descriptive.moment.FourthMomentTest, org.apache.commons.math.stat.descriptive.moment.GeometricMeanTest, org.apache.commons.math.stat.descriptive.moment.KurtosisTest, org.apache.commons.math.stat.descriptive.moment.MeanTest, org.apache.commons.math.stat.descriptive.moment.SecondMomentTest, org.apache.commons.math.stat.descriptive.moment.SemiVarianceTest, org.apache.commons.math.stat.descriptive.moment.SkewnessTest, org.apache.commons.math.stat.descriptive.moment.StandardDeviationTest, org.apache.commons.math.stat.descriptive.moment.ThirdMomentTest, org.apache.commons.math.stat.descriptive.moment.VarianceTest, org.apache.commons.math.stat.descriptive.moment.VectorialCovarianceTest, org.apache.commons.math.stat.descriptive.moment.VectorialMeanTest, org.apache.commons.math.stat.descriptive.rank.MaxTest, org.apache.commons.math.stat.descriptive.rank.MedianTest, org.apache.commons.math.stat.descriptive.rank.MinTest, org.apache.commons.math.stat.descriptive.rank.PercentileTest, org.apache.commons.math.stat.descriptive.summary.ProductTest, org.apache.commons.math.stat.descriptive.summary.SumLogTest, org.apache.commons.math.stat.descriptive.summary.SumSqTest, org.apache.commons.math.stat.descriptive.summary.SumTest, org.apache.commons.math.stat.inference.ChiSquareFactoryTest, org.apache.commons.math.stat.inference.ChiSquareTestTest, org.apache.commons.math.stat.inference.MannWhitneyUTestTest, org.apache.commons.math.stat.inference.OneWayAnovaTest, org.apache.commons.math.stat.inference.TTestFactoryTest, org.apache.commons.math.stat.inference.TTestTest, org.apache.commons.math.stat.inference.TestUtilsTest, org.apache.commons.math.stat.inference.WilcoxonSignedRankTestTest, org.apache.commons.math.stat.ranking.NaturalRankingTest, org.apache.commons.math.stat.regression.GLSMultipleLinearRegressionTest, org.apache.commons.math.stat.regression.OLSMultipleLinearRegressionTest, org.apache.commons.math.stat.regression.SimpleRegressionTest, org.apache.commons.math.transform.FastCosineTransformerTest, org.apache.commons.math.transform.FastFourierTransformerTest, org.apache.commons.math.transform.FastHadamardTransformerTest, org.apache.commons.math.transform.FastSineTransformerTest, org.apache.commons.math.util.BigRealFieldTest, org.apache.commons.math.util.BigRealTest, org.apache.commons.math.util.ContinuedFractionTest, org.apache.commons.math.util.DefaultTransformerTest, org.apache.commons.math.util.FastMathTest, org.apache.commons.math.util.IncrementorTest, org.apache.commons.math.util.MathUtilsTest, org.apache.commons.math.util.MultidimensionalCounterTest, org.apache.commons.math.util.OpenIntToDoubleHashMapTest, org.apache.commons.math.util.OpenIntToFieldTest, org.apache.commons.math.util.PairTest, org.apache.commons.math.util.ResizableDoubleArrayTest, org.apache.commons.math.util.TransformerMapTest]
17:46:36.903 [main] INFO  fr.inria.lille.repair.nopol.NoPol - Config: Config{synthesisDepth=3, collectStaticMethods=true, collectStaticFields=false, collectLiterals=false, onlyOneSynthesisResult=true, sortExpressions=true, maxLineInvocationPerTest=250, timeoutMethodInvocation=2000, dataCollectionTimeoutInSecondForSynthesis=900, addWeight=0.19478, subWeight=0.04554, mulWeight=0.0102, divWeight=0.00613, andWeight=0.10597, orWeight=0.05708, eqWeight=0.22798, nEqWeight=0.0, lessEqWeight=0.0255, lessWeight=0.0947, methodCallWeight=0.1, fieldAccessWeight=0.08099, constantWeight=0.14232, variableWeight=0.05195, mode=REPAIR, type=PRE_THEN_COND, synthesis=DYNAMOTH, oracle=ANGELIC, solver=Z3, solverPath='/home/tdurieux/defects4j4repair/script/../libs/z3/build/z3', projectSources=[src/main/java], projectClasspath='[Ljava.net.URL;@2ff4f00f', projectTests=[org.apache.commons.math.ConvergenceExceptionTest, org.apache.commons.math.MathConfigurationExceptionTest, org.apache.commons.math.MathExceptionTest, org.apache.commons.math.MaxIterationsExceededExceptionTest, org.apache.commons.math.analysis.FunctionUtilsTest, org.apache.commons.math.analysis.integration.LegendreGaussIntegratorTest, org.apache.commons.math.analysis.integration.RombergIntegratorTest, org.apache.commons.math.analysis.integration.SimpsonIntegratorTest, org.apache.commons.math.analysis.integration.TrapezoidIntegratorTest, org.apache.commons.math.analysis.interpolation.BicubicSplineInterpolatingFunctionTest, org.apache.commons.math.analysis.interpolation.BicubicSplineInterpolatorTest, org.apache.commons.math.analysis.interpolation.DividedDifferenceInterpolatorTest, org.apache.commons.math.analysis.interpolation.LinearInterpolatorTest, org.apache.commons.math.analysis.interpolation.LoessInterpolatorTest, org.apache.commons.math.analysis.interpolation.MicrosphereInterpolatorTest, org.apache.commons.math.analysis.interpolation.NevilleInterpolatorTest, org.apache.commons.math.analysis.interpolation.SmoothingPolynomialBicubicSplineInterpolatorTest, org.apache.commons.math.analysis.interpolation.SplineInterpolatorTest, org.apache.commons.math.analysis.interpolation.TricubicSplineInterpolatingFunctionTest, org.apache.commons.math.analysis.interpolation.TricubicSplineInterpolatorTest, org.apache.commons.math.analysis.polynomials.PolynomialFunctionLagrangeFormTest, org.apache.commons.math.analysis.polynomials.PolynomialFunctionNewtonFormTest, org.apache.commons.math.analysis.polynomials.PolynomialFunctionTest, org.apache.commons.math.analysis.polynomials.PolynomialSplineFunctionTest, org.apache.commons.math.analysis.polynomials.PolynomialsUtilsTest, org.apache.commons.math.analysis.solvers.BisectionSolverTest, org.apache.commons.math.analysis.solvers.BrentSolverTest, org.apache.commons.math.analysis.solvers.LaguerreSolverTest, org.apache.commons.math.analysis.solvers.MullerSolver2Test, org.apache.commons.math.analysis.solvers.MullerSolverTest, org.apache.commons.math.analysis.solvers.NewtonSolverTest, org.apache.commons.math.analysis.solvers.RiddersSolverTest, org.apache.commons.math.analysis.solvers.SecantSolverTest, org.apache.commons.math.analysis.solvers.UnivariateRealSolverUtilsTest, org.apache.commons.math.complex.ComplexFieldTest, org.apache.commons.math.complex.ComplexFormatTest, org.apache.commons.math.complex.ComplexTest, org.apache.commons.math.complex.ComplexUtilsTest, org.apache.commons.math.complex.FrenchComplexFormatTest, org.apache.commons.math.dfp.DfpDecTest, org.apache.commons.math.dfp.DfpMathTest, org.apache.commons.math.dfp.DfpTest, org.apache.commons.math.distribution.BetaDistributionTest, org.apache.commons.math.distribution.BinomialDistributionTest, org.apache.commons.math.distribution.CauchyDistributionTest, org.apache.commons.math.distribution.ChiSquareDistributionTest, org.apache.commons.math.distribution.ExponentialDistributionTest, org.apache.commons.math.distribution.FDistributionTest, org.apache.commons.math.distribution.GammaDistributionTest, org.apache.commons.math.distribution.HypergeometricDistributionTest, org.apache.commons.math.distribution.NormalDistributionTest, org.apache.commons.math.distribution.PascalDistributionTest, org.apache.commons.math.distribution.PoissonDistributionTest, org.apache.commons.math.distribution.TDistributionTest, org.apache.commons.math.distribution.WeibullDistributionTest, org.apache.commons.math.distribution.ZipfDistributionTest, org.apache.commons.math.exception.DimensionMismatchExceptionTest, org.apache.commons.math.exception.MatrixDimensionMismatchExceptionTest, org.apache.commons.math.exception.MaxCountExceededExceptionTest, org.apache.commons.math.exception.NonMonotonousSequenceExceptionTest, org.apache.commons.math.exception.NotPositiveExceptionTest, org.apache.commons.math.exception.NotStrictlyPositiveExceptionTest, org.apache.commons.math.exception.NumberIsTooLargeExceptionTest, org.apache.commons.math.exception.NumberIsTooSmallExceptionTest, org.apache.commons.math.exception.OutOfRangeExceptionTest, org.apache.commons.math.exception.util.ArgUtilsTest, org.apache.commons.math.exception.util.MessageFactoryTest, org.apache.commons.math.fraction.BigFractionFieldTest, org.apache.commons.math.fraction.BigFractionFormatTest, org.apache.commons.math.fraction.BigFractionTest, org.apache.commons.math.fraction.FractionFieldTest, org.apache.commons.math.fraction.FractionFormatTest, org.apache.commons.math.fraction.FractionTest, org.apache.commons.math.genetics.BinaryChromosomeTest, org.apache.commons.math.genetics.BinaryMutationTest, org.apache.commons.math.genetics.ChromosomeTest, org.apache.commons.math.genetics.ElitisticListPopulationTest, org.apache.commons.math.genetics.FitnessCachingTest, org.apache.commons.math.genetics.FixedGenerationCountTest, org.apache.commons.math.genetics.GeneticAlgorithmTestBinary, org.apache.commons.math.genetics.GeneticAlgorithmTestPermutations, org.apache.commons.math.genetics.ListPopulationTest, org.apache.commons.math.genetics.OnePointCrossoverTest, org.apache.commons.math.genetics.RandomKeyMutationTest, org.apache.commons.math.genetics.RandomKeyTest, org.apache.commons.math.genetics.TournamentSelectionTest, org.apache.commons.math.geometry.FrenchVector3DFormatTest, org.apache.commons.math.geometry.RotationOrderTest, org.apache.commons.math.geometry.RotationTest, org.apache.commons.math.geometry.Vector3DFormatTest, org.apache.commons.math.geometry.Vector3DTest, org.apache.commons.math.linear.AbstractRealVectorTest, org.apache.commons.math.linear.Array2DRowRealMatrixTest, org.apache.commons.math.linear.ArrayFieldVectorTest, org.apache.commons.math.linear.ArrayRealVectorTest, org.apache.commons.math.linear.BiDiagonalTransformerTest, org.apache.commons.math.linear.BlockFieldMatrixTest, org.apache.commons.math.linear.BlockRealMatrixTest, org.apache.commons.math.linear.CholeskyDecompositionImplTest, org.apache.commons.math.linear.CholeskySolverTest, org.apache.commons.math.linear.EigenDecompositionImplTest, org.apache.commons.math.linear.EigenSolverTest, org.apache.commons.math.linear.FieldLUDecompositionImplTest, org.apache.commons.math.linear.FieldMatrixImplTest, org.apache.commons.math.linear.FrenchRealVectorFormatTest, org.apache.commons.math.linear.LUDecompositionImplTest, org.apache.commons.math.linear.LUSolverTest, org.apache.commons.math.linear.MatrixUtilsTest, org.apache.commons.math.linear.QRDecompositionImplTest, org.apache.commons.math.linear.QRSolverTest, org.apache.commons.math.linear.RealVectorFormatTest, org.apache.commons.math.linear.SingularValueDecompositionImplTest, org.apache.commons.math.linear.SingularValueSolverTest, org.apache.commons.math.linear.SparseFieldMatrixTest, org.apache.commons.math.linear.SparseFieldVectorTest, org.apache.commons.math.linear.SparseRealMatrixTest, org.apache.commons.math.linear.SparseRealVectorTest, org.apache.commons.math.linear.TriDiagonalTransformerTest, org.apache.commons.math.ode.ContinuousOutputModelTest, org.apache.commons.math.ode.FirstOrderConverterTest, org.apache.commons.math.ode.events.EventStateTest, org.apache.commons.math.ode.nonstiff.AdamsBashforthIntegratorTest, org.apache.commons.math.ode.nonstiff.AdamsMoultonIntegratorTest, org.apache.commons.math.ode.nonstiff.ClassicalRungeKuttaIntegratorTest, org.apache.commons.math.ode.nonstiff.ClassicalRungeKuttaStepInterpolatorTest, org.apache.commons.math.ode.nonstiff.DormandPrince54IntegratorTest, org.apache.commons.math.ode.nonstiff.DormandPrince54StepInterpolatorTest, org.apache.commons.math.ode.nonstiff.DormandPrince853IntegratorTest, org.apache.commons.math.ode.nonstiff.DormandPrince853StepInterpolatorTest, org.apache.commons.math.ode.nonstiff.EulerIntegratorTest, org.apache.commons.math.ode.nonstiff.EulerStepInterpolatorTest, org.apache.commons.math.ode.nonstiff.GillIntegratorTest, org.apache.commons.math.ode.nonstiff.GillStepInterpolatorTest, org.apache.commons.math.ode.nonstiff.GraggBulirschStoerIntegratorTest, org.apache.commons.math.ode.nonstiff.GraggBulirschStoerStepInterpolatorTest, org.apache.commons.math.ode.nonstiff.HighamHall54IntegratorTest, org.apache.commons.math.ode.nonstiff.HighamHall54StepInterpolatorTest, org.apache.commons.math.ode.nonstiff.MidpointIntegratorTest, org.apache.commons.math.ode.nonstiff.MidpointStepInterpolatorTest, org.apache.commons.math.ode.nonstiff.ThreeEighthesIntegratorTest, org.apache.commons.math.ode.nonstiff.ThreeEighthesStepInterpolatorTest, org.apache.commons.math.ode.sampling.DummyStepInterpolatorTest, org.apache.commons.math.ode.sampling.NordsieckStepInterpolatorTest, org.apache.commons.math.ode.sampling.StepNormalizerTest, org.apache.commons.math.optimization.MultiStartDifferentiableMultivariateRealOptimizerTest, org.apache.commons.math.optimization.MultiStartDifferentiableMultivariateVectorialOptimizerTest, org.apache.commons.math.optimization.MultiStartMultivariateRealOptimizerTest, org.apache.commons.math.optimization.direct.PowellOptimizerTest, org.apache.commons.math.optimization.direct.SimplexOptimizerMultiDirectionalTest, org.apache.commons.math.optimization.direct.SimplexOptimizerNelderMeadTest, org.apache.commons.math.optimization.fitting.CurveFitterTest, org.apache.commons.math.optimization.fitting.GaussianFitterTest, org.apache.commons.math.optimization.fitting.HarmonicFitterTest, org.apache.commons.math.optimization.fitting.ParametricGaussianFunctionTest, org.apache.commons.math.optimization.fitting.PolynomialFitterTest, org.apache.commons.math.optimization.general.GaussNewtonOptimizerTest, org.apache.commons.math.optimization.general.LevenbergMarquardtOptimizerTest, org.apache.commons.math.optimization.general.MinpackTest, org.apache.commons.math.optimization.general.NonLinearConjugateGradientOptimizerTest, org.apache.commons.math.optimization.linear.SimplexSolverTest, org.apache.commons.math.optimization.linear.SimplexTableauTest, org.apache.commons.math.optimization.univariate.BracketFinderTest, org.apache.commons.math.optimization.univariate.BrentOptimizerTest, org.apache.commons.math.optimization.univariate.MultiStartUnivariateRealOptimizerTest, org.apache.commons.math.random.AbstractRandomGeneratorTest, org.apache.commons.math.random.CorrelatedRandomVectorGeneratorTest, org.apache.commons.math.random.EmpiricalDistributionTest, org.apache.commons.math.random.GaussianRandomGeneratorTest, org.apache.commons.math.random.MersenneTwisterTest, org.apache.commons.math.random.RandomAdaptorTest, org.apache.commons.math.random.RandomDataTest, org.apache.commons.math.random.UncorrelatedRandomVectorGeneratorTest, org.apache.commons.math.random.UniformRandomGeneratorTest, org.apache.commons.math.random.ValueServerTest, org.apache.commons.math.random.Well1024aTest, org.apache.commons.math.random.Well19937aTest, org.apache.commons.math.random.Well19937cTest, org.apache.commons.math.random.Well44497aTest, org.apache.commons.math.random.Well44497bTest, org.apache.commons.math.random.Well512aTest, org.apache.commons.math.special.BetaTest, org.apache.commons.math.special.ErfTest, org.apache.commons.math.special.GammaTest, org.apache.commons.math.stat.CertifiedDataTest, org.apache.commons.math.stat.FrequencyTest, org.apache.commons.math.stat.StatUtilsTest, org.apache.commons.math.stat.clustering.EuclideanIntegerPointTest, org.apache.commons.math.stat.clustering.KMeansPlusPlusClustererTest, org.apache.commons.math.stat.correlation.CovarianceTest, org.apache.commons.math.stat.correlation.PearsonsCorrelationTest, org.apache.commons.math.stat.correlation.SpearmansRankCorrelationTest, org.apache.commons.math.stat.data.LewTest, org.apache.commons.math.stat.data.LotteryTest, org.apache.commons.math.stat.descriptive.AbstractUnivariateStatisticTest, org.apache.commons.math.stat.descriptive.AggregateSummaryStatisticsTest, org.apache.commons.math.stat.descriptive.DescriptiveStatisticsTest, org.apache.commons.math.stat.descriptive.InteractionTest, org.apache.commons.math.stat.descriptive.ListUnivariateImplTest, org.apache.commons.math.stat.descriptive.MixedListUnivariateImplTest, org.apache.commons.math.stat.descriptive.MultivariateSummaryStatisticsTest, org.apache.commons.math.stat.descriptive.StatisticalSummaryValuesTest, org.apache.commons.math.stat.descriptive.SummaryStatisticsTest, org.apache.commons.math.stat.descriptive.SynchronizedDescriptiveStatisticsTest, org.apache.commons.math.stat.descriptive.SynchronizedMultivariateSummaryStatisticsTest, org.apache.commons.math.stat.descriptive.SynchronizedSummaryStatisticsTest, org.apache.commons.math.stat.descriptive.moment.FirstMomentTest, org.apache.commons.math.stat.descriptive.moment.FourthMomentTest, org.apache.commons.math.stat.descriptive.moment.GeometricMeanTest, org.apache.commons.math.stat.descriptive.moment.KurtosisTest, org.apache.commons.math.stat.descriptive.moment.MeanTest, org.apache.commons.math.stat.descriptive.moment.SecondMomentTest, org.apache.commons.math.stat.descriptive.moment.SemiVarianceTest, org.apache.commons.math.stat.descriptive.moment.SkewnessTest, org.apache.commons.math.stat.descriptive.moment.StandardDeviationTest, org.apache.commons.math.stat.descriptive.moment.ThirdMomentTest, org.apache.commons.math.stat.descriptive.moment.VarianceTest, org.apache.commons.math.stat.descriptive.moment.VectorialCovarianceTest, org.apache.commons.math.stat.descriptive.moment.VectorialMeanTest, org.apache.commons.math.stat.descriptive.rank.MaxTest, org.apache.commons.math.stat.descriptive.rank.MedianTest, org.apache.commons.math.stat.descriptive.rank.MinTest, org.apache.commons.math.stat.descriptive.rank.PercentileTest, org.apache.commons.math.stat.descriptive.summary.ProductTest, org.apache.commons.math.stat.descriptive.summary.SumLogTest, org.apache.commons.math.stat.descriptive.summary.SumSqTest, org.apache.commons.math.stat.descriptive.summary.SumTest, org.apache.commons.math.stat.inference.ChiSquareFactoryTest, org.apache.commons.math.stat.inference.ChiSquareTestTest, org.apache.commons.math.stat.inference.MannWhitneyUTestTest, org.apache.commons.math.stat.inference.OneWayAnovaTest, org.apache.commons.math.stat.inference.TTestFactoryTest, org.apache.commons.math.stat.inference.TTestTest, org.apache.commons.math.stat.inference.TestUtilsTest, org.apache.commons.math.stat.inference.WilcoxonSignedRankTestTest, org.apache.commons.math.stat.ranking.NaturalRankingTest, org.apache.commons.math.stat.regression.GLSMultipleLinearRegressionTest, org.apache.commons.math.stat.regression.OLSMultipleLinearRegressionTest, org.apache.commons.math.stat.regression.SimpleRegressionTest, org.apache.commons.math.transform.FastCosineTransformerTest, org.apache.commons.math.transform.FastFourierTransformerTest, org.apache.commons.math.transform.FastHadamardTransformerTest, org.apache.commons.math.transform.FastSineTransformerTest, org.apache.commons.math.util.BigRealFieldTest, org.apache.commons.math.util.BigRealTest, org.apache.commons.math.util.ContinuedFractionTest, org.apache.commons.math.util.DefaultTransformerTest, org.apache.commons.math.util.FastMathTest, org.apache.commons.math.util.IncrementorTest, org.apache.commons.math.util.MathUtilsTest, org.apache.commons.math.util.MultidimensionalCounterTest, org.apache.commons.math.util.OpenIntToDoubleHashMapTest, org.apache.commons.math.util.OpenIntToFieldTest, org.apache.commons.math.util.PairTest, org.apache.commons.math.util.ResizableDoubleArrayTest, org.apache.commons.math.util.TransformerMapTest], complianceLevel=7, outputFolder=., json=true}
17:46:36.904 [main] INFO  fr.inria.lille.repair.nopol.NoPol - Available processors (cores): 8
17:46:36.913 [main] INFO  fr.inria.lille.repair.nopol.NoPol - Free memory: 194 MB
17:46:36.913 [main] INFO  fr.inria.lille.repair.nopol.NoPol - Maximum memory: 3 GB
17:46:36.915 [main] INFO  fr.inria.lille.repair.nopol.NoPol - Total memory available to JVM: 241 MB
17:46:36.916 [main] INFO  fr.inria.lille.repair.nopol.NoPol - Java version: 1.8.0_181
17:46:36.918 [main] INFO  fr.inria.lille.repair.nopol.NoPol - JAVA_HOME: /usr/lib/jvm/java-1.8.0-openjdk-amd64/bin/
17:46:36.918 [main] INFO  fr.inria.lille.repair.nopol.NoPol - PATH: /usr/lib/jvm/java-1.8.0-openjdk-amd64/bin/:/usr/lib/oar/oardodo:/usr/lib/oar/oardodo:/usr/local/bin:/usr/bin:/bin:/usr/games
17:47:35.568 [pool-2-thread-1] DEBUG fr.inria.lille.repair.nopol.NoPol - statement #1
17:47:35.569 [pool-2-thread-1] DEBUG fr.inria.lille.repair.nopol.NoPol - Analysing SourceLocation org.apache.commons.math.util.FastMath:3482 which is executed by 1 tests
1033054629
17:47:36.114 [pool-2-thread-1] DEBUG fr.inria.lille.repair.nopol.NoPol - statement #2
17:47:36.114 [pool-2-thread-1] DEBUG fr.inria.lille.repair.nopol.NoPol - Analysing SourceLocation org.apache.commons.math.util.FastMath:3446 which is executed by 1 tests
1033054629
17:47:36.396 [pool-2-thread-1] DEBUG fr.inria.lille.repair.nopol.NoPol - statement #3
17:47:36.396 [pool-2-thread-1] DEBUG fr.inria.lille.repair.nopol.NoPol - Analysing SourceLocation org.apache.commons.math.random.MersenneTwister:211 which is executed by 35 tests
1648821820
17:47:36.538 [pool-2-thread-1] DEBUG fr.inria.lille.repair.nopol.NoPol - statement #4
17:47:36.538 [pool-2-thread-1] DEBUG fr.inria.lille.repair.nopol.NoPol - Analysing SourceLocation org.apache.commons.math.random.MersenneTwister:210 which is executed by 35 tests
1648821820
17:47:36.701 [pool-2-thread-1] DEBUG fr.inria.lille.repair.nopol.NoPol - looking with class fr.inria.lille.repair.nopol.spoon.smt.ConditionalAdder
java.lang.AssertionError: max(50.0, -50.0) expected:<50.0> but was:<-50.0>
    at org.junit.Assert.fail(Assert.java:88)
    at org.junit.Assert.failNotEquals(Assert.java:743)
    at org.junit.Assert.assertEquals(Assert.java:494)
    at org.apache.commons.math.util.FastMathTest.testMinMaxFloat(FastMathTest.java:103)
    at sun.reflect.NativeMethodAccessorImpl.invoke0(Native Method)
    at sun.reflect.NativeMethodAccessorImpl.invoke(NativeMethodAccessorImpl.java:62)
17:47:52.955 [pool-4-thread-1] INFO  xxl.java.junit.TestCasesListener - Tests run finished (16201 ms)
<> Total tests run: 29
<> Ignored tests: 1
<> Failed tests: 1
~ testMinMaxFloat(org.apache.commons.math.util.FastMathTest)
[max(50.0, -50.0) expected:<50.0> but was:<-50.0>]
java.lang.AssertionError: max(50.0, -50.0) expected:<50.0> but was:<-50.0>    at org.junit.Assert.fail(Assert.java:88)
    at org.junit.Assert.failNotEquals(Assert.java:743)
    at org.junit.Assert.assertEquals(Assert.java:494)
    at org.apache.commons.math.util.FastMathTest.testMinMaxFloat(FastMathTest.java:103)
    at sun.reflect.NativeMethodAccessorImpl.invoke0(Native Method)
    at sun.reflect.NativeMethodAccessorImpl.invoke(NativeMethodAccessorImpl.java:62)

17:47:54.031 [pool-2-thread-1] DEBUG fr.inria.lille.repair.nopol.NoPol - statement #5
17:47:54.032 [pool-2-thread-1] DEBUG fr.inria.lille.repair.nopol.NoPol - Analysing SourceLocation org.apache.commons.math.random.MersenneTwister:201 which is executed by 37 tests
1648821820
17:47:54.164 [pool-2-thread-1] DEBUG fr.inria.lille.repair.nopol.NoPol - statement #6
17:47:54.165 [pool-2-thread-1] DEBUG fr.inria.lille.repair.nopol.NoPol - Analysing SourceLocation org.apache.commons.math.random.MersenneTwister:199 which is executed by 37 tests
1648821820
17:47:54.296 [pool-2-thread-1] DEBUG fr.inria.lille.repair.nopol.NoPol - looking with class fr.inria.lille.repair.nopol.spoon.smt.ConditionalAdder
java.lang.AssertionError: max(50.0, -50.0) expected:<50.0> but was:<-50.0>
    at org.junit.Assert.fail(Assert.java:88)
    at org.junit.Assert.failNotEquals(Assert.java:743)
    at org.junit.Assert.assertEquals(Assert.java:494)
    at org.apache.commons.math.util.FastMathTest.testMinMaxFloat(FastMathTest.java:103)
    at sun.reflect.NativeMethodAccessorImpl.invoke0(Native Method)
    at sun.reflect.NativeMethodAccessorImpl.invoke(NativeMethodAccessorImpl.java:62)
17:48:09.937 [pool-8-thread-1] INFO  xxl.java.junit.TestCasesListener - Tests run finished (15628 ms)
<> Total tests run: 29
<> Ignored tests: 1
<> Failed tests: 1
~ testMinMaxFloat(org.apache.commons.math.util.FastMathTest)
[max(50.0, -50.0) expected:<50.0> but was:<-50.0>]
java.lang.AssertionError: max(50.0, -50.0) expected:<50.0> but was:<-50.0>    at org.junit.Assert.fail(Assert.java:88)
    at org.junit.Assert.failNotEquals(Assert.java:743)
    at org.junit.Assert.assertEquals(Assert.java:494)
    at org.apache.commons.math.util.FastMathTest.testMinMaxFloat(FastMathTest.java:103)
    at sun.reflect.NativeMethodAccessorImpl.invoke0(Native Method)
    at sun.reflect.NativeMethodAccessorImpl.invoke(NativeMethodAccessorImpl.java:62)

17:48:10.474 [pool-2-thread-1] DEBUG fr.inria.lille.repair.nopol.NoPol - statement #7
17:48:10.474 [pool-2-thread-1] DEBUG fr.inria.lille.repair.nopol.NoPol - Analysing SourceLocation org.apache.commons.math.random.MersenneTwister:195 which is executed by 37 tests
1648821820
17:48:10.607 [pool-2-thread-1] DEBUG fr.inria.lille.repair.nopol.NoPol - looking with class fr.inria.lille.repair.nopol.spoon.smt.ConditionalAdder
java.lang.AssertionError: max(50.0, -50.0) expected:<50.0> but was:<-50.0>
    at org.junit.Assert.fail(Assert.java:88)
    at org.junit.Assert.failNotEquals(Assert.java:743)
    at org.junit.Assert.assertEquals(Assert.java:494)
    at org.apache.commons.math.util.FastMathTest.testMinMaxFloat(FastMathTest.java:103)
    at sun.reflect.NativeMethodAccessorImpl.invoke0(Native Method)
    at sun.reflect.NativeMethodAccessorImpl.invoke(NativeMethodAccessorImpl.java:62)
17:48:25.811 [pool-12-thread-1] INFO  xxl.java.junit.TestCasesListener - Tests run finished (15193 ms)
<> Total tests run: 29
<> Ignored tests: 1
<> Failed tests: 1
~ testMinMaxFloat(org.apache.commons.math.util.FastMathTest)
[max(50.0, -50.0) expected:<50.0> but was:<-50.0>]
java.lang.AssertionError: max(50.0, -50.0) expected:<50.0> but was:<-50.0>    at org.junit.Assert.fail(Assert.java:88)
    at org.junit.Assert.failNotEquals(Assert.java:743)
    at org.junit.Assert.assertEquals(Assert.java:494)
    at org.apache.commons.math.util.FastMathTest.testMinMaxFloat(FastMathTest.java:103)
    at sun.reflect.NativeMethodAccessorImpl.invoke0(Native Method)
    at sun.reflect.NativeMethodAccessorImpl.invoke(NativeMethodAccessorImpl.java:62)

17:48:26.320 [pool-2-thread-1] DEBUG fr.inria.lille.repair.nopol.NoPol - statement #8
17:48:26.320 [pool-2-thread-1] DEBUG fr.inria.lille.repair.nopol.NoPol - Analysing SourceLocation org.apache.commons.math.random.MersenneTwister:194 which is executed by 37 tests
1648821820
17:48:26.454 [pool-2-thread-1] DEBUG fr.inria.lille.repair.nopol.NoPol - looking with class fr.inria.lille.repair.nopol.spoon.smt.ConditionalAdder
java.lang.AssertionError: max(50.0, -50.0) expected:<50.0> but was:<-50.0>
    at org.junit.Assert.fail(Assert.java:88)
    at org.junit.Assert.failNotEquals(Assert.java:743)
    at org.junit.Assert.assertEquals(Assert.java:494)
    at org.apache.commons.math.util.FastMathTest.testMinMaxFloat(FastMathTest.java:103)
    at sun.reflect.NativeMethodAccessorImpl.invoke0(Native Method)
    at sun.reflect.NativeMethodAccessorImpl.invoke(NativeMethodAccessorImpl.java:62)
17:48:41.717 [pool-16-thread-1] INFO  xxl.java.junit.TestCasesListener - Tests run finished (15251 ms)
<> Total tests run: 29
<> Ignored tests: 1
<> Failed tests: 1
~ testMinMaxFloat(org.apache.commons.math.util.FastMathTest)
[max(50.0, -50.0) expected:<50.0> but was:<-50.0>]
java.lang.AssertionError: max(50.0, -50.0) expected:<50.0> but was:<-50.0>    at org.junit.Assert.fail(Assert.java:88)
    at org.junit.Assert.failNotEquals(Assert.java:743)
    at org.junit.Assert.assertEquals(Assert.java:494)
    at org.apache.commons.math.util.FastMathTest.testMinMaxFloat(FastMathTest.java:103)
    at sun.reflect.NativeMethodAccessorImpl.invoke0(Native Method)
    at sun.reflect.NativeMethodAccessorImpl.invoke(NativeMethodAccessorImpl.java:62)

17:48:42.222 [pool-2-thread-1] DEBUG fr.inria.lille.repair.nopol.NoPol - statement #9
17:48:42.222 [pool-2-thread-1] DEBUG fr.inria.lille.repair.nopol.NoPol - Analysing SourceLocation org.apache.commons.math.random.MersenneTwister:193 which is executed by 37 tests
1648821820
17:48:42.358 [pool-2-thread-1] DEBUG fr.inria.lille.repair.nopol.NoPol - looking with class fr.inria.lille.repair.nopol.spoon.smt.ConditionalAdder
java.lang.AssertionError: max(50.0, -50.0) expected:<50.0> but was:<-50.0>
    at org.junit.Assert.fail(Assert.java:88)
    at org.junit.Assert.failNotEquals(Assert.java:743)
    at org.junit.Assert.assertEquals(Assert.java:494)
    at org.apache.commons.math.util.FastMathTest.testMinMaxFloat(FastMathTest.java:103)
    at sun.reflect.NativeMethodAccessorImpl.invoke0(Native Method)
    at sun.reflect.NativeMethodAccessorImpl.invoke(NativeMethodAccessorImpl.java:62)
17:48:57.673 [pool-20-thread-1] INFO  xxl.java.junit.TestCasesListener - Tests run finished (15305 ms)
<> Total tests run: 29
<> Ignored tests: 1
<> Failed tests: 1
~ testMinMaxFloat(org.apache.commons.math.util.FastMathTest)
[max(50.0, -50.0) expected:<50.0> but was:<-50.0>]
java.lang.AssertionError: max(50.0, -50.0) expected:<50.0> but was:<-50.0>    at org.junit.Assert.fail(Assert.java:88)
    at org.junit.Assert.failNotEquals(Assert.java:743)
    at org.junit.Assert.assertEquals(Assert.java:494)
    at org.apache.commons.math.util.FastMathTest.testMinMaxFloat(FastMathTest.java:103)
    at sun.reflect.NativeMethodAccessorImpl.invoke0(Native Method)
    at sun.reflect.NativeMethodAccessorImpl.invoke(NativeMethodAccessorImpl.java:62)

17:48:58.178 [pool-2-thread-1] DEBUG fr.inria.lille.repair.nopol.NoPol - looking with class fr.inria.lille.repair.nopol.spoon.smt.ConditionalReplacer
java.lang.AssertionError: max(50.0, -50.0) expected:<50.0> but was:<-50.0>
    at org.junit.Assert.fail(Assert.java:88)
    at org.junit.Assert.failNotEquals(Assert.java:743)
    at org.junit.Assert.assertEquals(Assert.java:494)
    at org.apache.commons.math.util.FastMathTest.testMinMaxFloat(FastMathTest.java:103)
    at sun.reflect.NativeMethodAccessorImpl.invoke0(Native Method)
    at sun.reflect.NativeMethodAccessorImpl.invoke(NativeMethodAccessorImpl.java:62)
17:49:13.308 [pool-24-thread-1] INFO  xxl.java.junit.TestCasesListener - Tests run finished (15119 ms)
<> Total tests run: 29
<> Ignored tests: 1
<> Failed tests: 1
~ testMinMaxFloat(org.apache.commons.math.util.FastMathTest)
[max(50.0, -50.0) expected:<50.0> but was:<-50.0>]
java.lang.AssertionError: max(50.0, -50.0) expected:<50.0> but was:<-50.0>    at org.junit.Assert.fail(Assert.java:88)
    at org.junit.Assert.failNotEquals(Assert.java:743)
    at org.junit.Assert.assertEquals(Assert.java:494)
    at org.apache.commons.math.util.FastMathTest.testMinMaxFloat(FastMathTest.java:103)
    at sun.reflect.NativeMethodAccessorImpl.invoke0(Native Method)
    at sun.reflect.NativeMethodAccessorImpl.invoke(NativeMethodAccessorImpl.java:62)

17:49:13.816 [pool-2-thread-1] DEBUG fr.inria.lille.repair.nopol.NoPol - statement #10
17:49:13.817 [pool-2-thread-1] DEBUG fr.inria.lille.repair.nopol.NoPol - Analysing SourceLocation org.apache.commons.math.random.MersenneTwister:192 which is executed by 37 tests
1648821820
17:49:13.953 [pool-2-thread-1] DEBUG fr.inria.lille.repair.nopol.NoPol - looking with class fr.inria.lille.repair.nopol.spoon.smt.ConditionalAdder
java.lang.AssertionError: max(50.0, -50.0) expected:<50.0> but was:<-50.0>
    at org.junit.Assert.fail(Assert.java:88)
    at org.junit.Assert.failNotEquals(Assert.java:743)
    at org.junit.Assert.assertEquals(Assert.java:494)
    at org.apache.commons.math.util.FastMathTest.testMinMaxFloat(FastMathTest.java:103)
    at sun.reflect.NativeMethodAccessorImpl.invoke0(Native Method)
    at sun.reflect.NativeMethodAccessorImpl.invoke(NativeMethodAccessorImpl.java:62)
17:49:29.157 [pool-28-thread-1] INFO  xxl.java.junit.TestCasesListener - Tests run finished (15193 ms)
<> Total tests run: 29
<> Ignored tests: 1
<> Failed tests: 1
~ testMinMaxFloat(org.apache.commons.math.util.FastMathTest)
[max(50.0, -50.0) expected:<50.0> but was:<-50.0>]
java.lang.AssertionError: max(50.0, -50.0) expected:<50.0> but was:<-50.0>    at org.junit.Assert.fail(Assert.java:88)
    at org.junit.Assert.failNotEquals(Assert.java:743)
    at org.junit.Assert.assertEquals(Assert.java:494)
    at org.apache.commons.math.util.FastMathTest.testMinMaxFloat(FastMathTest.java:103)
    at sun.reflect.NativeMethodAccessorImpl.invoke0(Native Method)
    at sun.reflect.NativeMethodAccessorImpl.invoke(NativeMethodAccessorImpl.java:62)

17:49:29.625 [pool-2-thread-1] DEBUG fr.inria.lille.repair.nopol.NoPol - statement #11
17:49:29.626 [pool-2-thread-1] DEBUG fr.inria.lille.repair.nopol.NoPol - Analysing SourceLocation org.apache.commons.math.random.MersenneTwister:191 which is executed by 37 tests
1648821820
17:49:29.760 [pool-2-thread-1] DEBUG fr.inria.lille.repair.nopol.NoPol - looking with class fr.inria.lille.repair.nopol.spoon.smt.ConditionalAdder
java.lang.AssertionError: max(50.0, -50.0) expected:<50.0> but was:<-50.0>
    at org.junit.Assert.fail(Assert.java:88)
    at org.junit.Assert.failNotEquals(Assert.java:743)
    at org.junit.Assert.assertEquals(Assert.java:494)
    at org.apache.commons.math.util.FastMathTest.testMinMaxFloat(FastMathTest.java:103)
    at sun.reflect.NativeMethodAccessorImpl.invoke0(Native Method)
    at sun.reflect.NativeMethodAccessorImpl.invoke(NativeMethodAccessorImpl.java:62)
17:49:44.902 [pool-32-thread-1] INFO  xxl.java.junit.TestCasesListener - Tests run finished (15132 ms)
<> Total tests run: 29
<> Ignored tests: 1
<> Failed tests: 1
~ testMinMaxFloat(org.apache.commons.math.util.FastMathTest)
[max(50.0, -50.0) expected:<50.0> but was:<-50.0>]
java.lang.AssertionError: max(50.0, -50.0) expected:<50.0> but was:<-50.0>    at org.junit.Assert.fail(Assert.java:88)
    at org.junit.Assert.failNotEquals(Assert.java:743)
    at org.junit.Assert.assertEquals(Assert.java:494)
    at org.apache.commons.math.util.FastMathTest.testMinMaxFloat(FastMathTest.java:103)
    at sun.reflect.NativeMethodAccessorImpl.invoke0(Native Method)
    at sun.reflect.NativeMethodAccessorImpl.invoke(NativeMethodAccessorImpl.java:62)

17:49:45.388 [pool-2-thread-1] DEBUG fr.inria.lille.repair.nopol.NoPol - statement #12
17:49:45.389 [pool-2-thread-1] DEBUG fr.inria.lille.repair.nopol.NoPol - Analysing SourceLocation org.apache.commons.math.random.MersenneTwister:190 which is executed by 37 tests
1648821820
17:49:45.529 [pool-2-thread-1] DEBUG fr.inria.lille.repair.nopol.NoPol - statement #13
17:49:45.529 [pool-2-thread-1] DEBUG fr.inria.lille.repair.nopol.NoPol - Analysing SourceLocation org.apache.commons.math.random.MersenneTwister:189 which is executed by 37 tests
1648821820
17:49:45.660 [pool-2-thread-1] DEBUG fr.inria.lille.repair.nopol.NoPol - statement #14
17:49:45.661 [pool-2-thread-1] DEBUG fr.inria.lille.repair.nopol.NoPol - Analysing SourceLocation org.apache.commons.math.random.MersenneTwister:188 which is executed by 37 tests
1648821820
17:49:45.792 [pool-2-thread-1] DEBUG fr.inria.lille.repair.nopol.NoPol - statement #15
17:49:45.793 [pool-2-thread-1] DEBUG fr.inria.lille.repair.nopol.NoPol - Analysing SourceLocation org.apache.commons.math.random.MersenneTwister:187 which is executed by 37 tests
1648821820
17:49:45.927 [pool-2-thread-1] DEBUG fr.inria.lille.repair.nopol.NoPol - looking with class fr.inria.lille.repair.nopol.spoon.smt.ConditionalAdder
java.lang.AssertionError: max(50.0, -50.0) expected:<50.0> but was:<-50.0>
    at org.junit.Assert.fail(Assert.java:88)
    at org.junit.Assert.failNotEquals(Assert.java:743)
    at org.junit.Assert.assertEquals(Assert.java:494)
    at org.apache.commons.math.util.FastMathTest.testMinMaxFloat(FastMathTest.java:103)
    at sun.reflect.NativeMethodAccessorImpl.invoke0(Native Method)
    at sun.reflect.NativeMethodAccessorImpl.invoke(NativeMethodAccessorImpl.java:62)
17:50:01.119 [pool-36-thread-1] INFO  xxl.java.junit.TestCasesListener - Tests run finished (15182 ms)
<> Total tests run: 29
<> Ignored tests: 1
<> Failed tests: 1
~ testMinMaxFloat(org.apache.commons.math.util.FastMathTest)
[max(50.0, -50.0) expected:<50.0> but was:<-50.0>]
java.lang.AssertionError: max(50.0, -50.0) expected:<50.0> but was:<-50.0>    at org.junit.Assert.fail(Assert.java:88)
    at org.junit.Assert.failNotEquals(Assert.java:743)
    at org.junit.Assert.assertEquals(Assert.java:494)
    at org.apache.commons.math.util.FastMathTest.testMinMaxFloat(FastMathTest.java:103)
    at sun.reflect.NativeMethodAccessorImpl.invoke0(Native Method)
    at sun.reflect.NativeMethodAccessorImpl.invoke(NativeMethodAccessorImpl.java:62)

17:50:01.610 [pool-2-thread-1] DEBUG fr.inria.lille.repair.nopol.NoPol - statement #16
17:50:01.611 [pool-2-thread-1] DEBUG fr.inria.lille.repair.nopol.NoPol - Analysing SourceLocation org.apache.commons.math.random.MersenneTwister:183 which is executed by 37 tests
1648821820
17:50:01.740 [pool-2-thread-1] DEBUG fr.inria.lille.repair.nopol.NoPol - looking with class fr.inria.lille.repair.nopol.spoon.smt.ConditionalAdder
java.lang.AssertionError: max(50.0, -50.0) expected:<50.0> but was:<-50.0>
    at org.junit.Assert.fail(Assert.java:88)
    at org.junit.Assert.failNotEquals(Assert.java:743)
    at org.junit.Assert.assertEquals(Assert.java:494)
    at org.apache.commons.math.util.FastMathTest.testMinMaxFloat(FastMathTest.java:103)
    at sun.reflect.NativeMethodAccessorImpl.invoke0(Native Method)
    at sun.reflect.NativeMethodAccessorImpl.invoke(NativeMethodAccessorImpl.java:62)
17:50:16.930 [pool-40-thread-1] INFO  xxl.java.junit.TestCasesListener - Tests run finished (15181 ms)
<> Total tests run: 29
<> Ignored tests: 1
<> Failed tests: 1
~ testMinMaxFloat(org.apache.commons.math.util.FastMathTest)
[max(50.0, -50.0) expected:<50.0> but was:<-50.0>]
java.lang.AssertionError: max(50.0, -50.0) expected:<50.0> but was:<-50.0>    at org.junit.Assert.fail(Assert.java:88)
    at org.junit.Assert.failNotEquals(Assert.java:743)
    at org.junit.Assert.assertEquals(Assert.java:494)
    at org.apache.commons.math.util.FastMathTest.testMinMaxFloat(FastMathTest.java:103)
    at sun.reflect.NativeMethodAccessorImpl.invoke0(Native Method)
    at sun.reflect.NativeMethodAccessorImpl.invoke(NativeMethodAccessorImpl.java:62)

17:50:17.403 [pool-2-thread-1] DEBUG fr.inria.lille.repair.nopol.NoPol - statement #17
17:50:17.404 [pool-2-thread-1] DEBUG fr.inria.lille.repair.nopol.NoPol - Analysing SourceLocation org.apache.commons.math.random.MersenneTwister:182 which is executed by 37 tests
1648821820
17:50:17.535 [pool-2-thread-1] DEBUG fr.inria.lille.repair.nopol.NoPol - looking with class fr.inria.lille.repair.nopol.spoon.smt.ConditionalAdder
java.lang.AssertionError: max(50.0, -50.0) expected:<50.0> but was:<-50.0>
    at org.junit.Assert.fail(Assert.java:88)
    at org.junit.Assert.failNotEquals(Assert.java:743)
    at org.junit.Assert.assertEquals(Assert.java:494)
    at org.apache.commons.math.util.FastMathTest.testMinMaxFloat(FastMathTest.java:103)
    at sun.reflect.NativeMethodAccessorImpl.invoke0(Native Method)
    at sun.reflect.NativeMethodAccessorImpl.invoke(NativeMethodAccessorImpl.java:62)
17:50:32.597 [pool-44-thread-1] INFO  xxl.java.junit.TestCasesListener - Tests run finished (15053 ms)
<> Total tests run: 29
<> Ignored tests: 1
<> Failed tests: 1
~ testMinMaxFloat(org.apache.commons.math.util.FastMathTest)
[max(50.0, -50.0) expected:<50.0> but was:<-50.0>]
java.lang.AssertionError: max(50.0, -50.0) expected:<50.0> but was:<-50.0>    at org.junit.Assert.fail(Assert.java:88)
    at org.junit.Assert.failNotEquals(Assert.java:743)
    at org.junit.Assert.assertEquals(Assert.java:494)
    at org.apache.commons.math.util.FastMathTest.testMinMaxFloat(FastMathTest.java:103)
    at sun.reflect.NativeMethodAccessorImpl.invoke0(Native Method)
    at sun.reflect.NativeMethodAccessorImpl.invoke(NativeMethodAccessorImpl.java:62)

17:50:33.088 [pool-2-thread-1] DEBUG fr.inria.lille.repair.nopol.NoPol - looking with class fr.inria.lille.repair.nopol.spoon.smt.ConditionalReplacer
java.lang.AssertionError: max(50.0, -50.0) expected:<50.0> but was:<-50.0>
    at org.junit.Assert.fail(Assert.java:88)
    at org.junit.Assert.failNotEquals(Assert.java:743)
    at org.junit.Assert.assertEquals(Assert.java:494)
    at org.apache.commons.math.util.FastMathTest.testMinMaxFloat(FastMathTest.java:103)
    at sun.reflect.NativeMethodAccessorImpl.invoke0(Native Method)
    at sun.reflect.NativeMethodAccessorImpl.invoke(NativeMethodAccessorImpl.java:62)
17:50:48.265 [pool-48-thread-1] INFO  xxl.java.junit.TestCasesListener - Tests run finished (15167 ms)
<> Total tests run: 29
<> Ignored tests: 1
<> Failed tests: 1
~ testMinMaxFloat(org.apache.commons.math.util.FastMathTest)
[max(50.0, -50.0) expected:<50.0> but was:<-50.0>]
java.lang.AssertionError: max(50.0, -50.0) expected:<50.0> but was:<-50.0>    at org.junit.Assert.fail(Assert.java:88)
    at org.junit.Assert.failNotEquals(Assert.java:743)
    at org.junit.Assert.assertEquals(Assert.java:494)
    at org.apache.commons.math.util.FastMathTest.testMinMaxFloat(FastMathTest.java:103)
    at sun.reflect.NativeMethodAccessorImpl.invoke0(Native Method)
    at sun.reflect.NativeMethodAccessorImpl.invoke(NativeMethodAccessorImpl.java:62)

17:50:48.735 [pool-2-thread-1] DEBUG fr.inria.lille.repair.nopol.NoPol - statement #18
17:50:48.736 [pool-2-thread-1] DEBUG fr.inria.lille.repair.nopol.NoPol - Analysing SourceLocation org.apache.commons.math.random.MersenneTwister:180 which is executed by 37 tests
1648821820
17:50:48.866 [pool-2-thread-1] DEBUG fr.inria.lille.repair.nopol.NoPol - looking with class fr.inria.lille.repair.nopol.spoon.smt.ConditionalAdder
java.lang.AssertionError: max(50.0, -50.0) expected:<50.0> but was:<-50.0>
    at org.junit.Assert.fail(Assert.java:88)
    at org.junit.Assert.failNotEquals(Assert.java:743)
    at org.junit.Assert.assertEquals(Assert.java:494)
    at org.apache.commons.math.util.FastMathTest.testMinMaxFloat(FastMathTest.java:103)
    at sun.reflect.NativeMethodAccessorImpl.invoke0(Native Method)
    at sun.reflect.NativeMethodAccessorImpl.invoke(NativeMethodAccessorImpl.java:62)
17:51:03.975 [pool-52-thread-1] INFO  xxl.java.junit.TestCasesListener - Tests run finished (15099 ms)
<> Total tests run: 29
<> Ignored tests: 1
<> Failed tests: 1
~ testMinMaxFloat(org.apache.commons.math.util.FastMathTest)
[max(50.0, -50.0) expected:<50.0> but was:<-50.0>]
java.lang.AssertionError: max(50.0, -50.0) expected:<50.0> but was:<-50.0>    at org.junit.Assert.fail(Assert.java:88)
    at org.junit.Assert.failNotEquals(Assert.java:743)
    at org.junit.Assert.assertEquals(Assert.java:494)
    at org.apache.commons.math.util.FastMathTest.testMinMaxFloat(FastMathTest.java:103)
    at sun.reflect.NativeMethodAccessorImpl.invoke0(Native Method)
    at sun.reflect.NativeMethodAccessorImpl.invoke(NativeMethodAccessorImpl.java:62)

17:51:04.436 [pool-2-thread-1] DEBUG fr.inria.lille.repair.nopol.NoPol - statement #19
17:51:04.437 [pool-2-thread-1] DEBUG fr.inria.lille.repair.nopol.NoPol - Analysing SourceLocation org.apache.commons.math.random.MersenneTwister:179 which is executed by 37 tests
1648821820
17:51:04.567 [pool-2-thread-1] DEBUG fr.inria.lille.repair.nopol.NoPol - looking with class fr.inria.lille.repair.nopol.spoon.smt.ConditionalAdder
java.lang.AssertionError: max(50.0, -50.0) expected:<50.0> but was:<-50.0>
    at org.junit.Assert.fail(Assert.java:88)
    at org.junit.Assert.failNotEquals(Assert.java:743)
    at org.junit.Assert.assertEquals(Assert.java:494)
    at org.apache.commons.math.util.FastMathTest.testMinMaxFloat(FastMathTest.java:103)
    at sun.reflect.NativeMethodAccessorImpl.invoke0(Native Method)
    at sun.reflect.NativeMethodAccessorImpl.invoke(NativeMethodAccessorImpl.java:62)
17:51:19.706 [pool-56-thread-1] INFO  xxl.java.junit.TestCasesListener - Tests run finished (15128 ms)
<> Total tests run: 29
<> Ignored tests: 1
<> Failed tests: 1
~ testMinMaxFloat(org.apache.commons.math.util.FastMathTest)
[max(50.0, -50.0) expected:<50.0> but was:<-50.0>]
java.lang.AssertionError: max(50.0, -50.0) expected:<50.0> but was:<-50.0>    at org.junit.Assert.fail(Assert.java:88)
    at org.junit.Assert.failNotEquals(Assert.java:743)
    at org.junit.Assert.assertEquals(Assert.java:494)
    at org.apache.commons.math.util.FastMathTest.testMinMaxFloat(FastMathTest.java:103)
    at sun.reflect.NativeMethodAccessorImpl.invoke0(Native Method)
    at sun.reflect.NativeMethodAccessorImpl.invoke(NativeMethodAccessorImpl.java:62)

17:51:20.178 [pool-2-thread-1] DEBUG fr.inria.lille.repair.nopol.NoPol - statement #20
17:51:20.179 [pool-2-thread-1] DEBUG fr.inria.lille.repair.nopol.NoPol - Analysing SourceLocation org.apache.commons.math.random.MersenneTwister:178 which is executed by 37 tests
1648821820
17:51:20.309 [pool-2-thread-1] DEBUG fr.inria.lille.repair.nopol.NoPol - looking with class fr.inria.lille.repair.nopol.spoon.smt.ConditionalAdder
java.lang.AssertionError: max(50.0, -50.0) expected:<50.0> but was:<-50.0>
    at org.junit.Assert.fail(Assert.java:88)
    at org.junit.Assert.failNotEquals(Assert.java:743)
    at org.junit.Assert.assertEquals(Assert.java:494)
    at org.apache.commons.math.util.FastMathTest.testMinMaxFloat(FastMathTest.java:103)
    at sun.reflect.NativeMethodAccessorImpl.invoke0(Native Method)
    at sun.reflect.NativeMethodAccessorImpl.invoke(NativeMethodAccessorImpl.java:62)
17:51:35.594 [pool-60-thread-1] INFO  xxl.java.junit.TestCasesListener - Tests run finished (15275 ms)
<> Total tests run: 29
<> Ignored tests: 1
<> Failed tests: 1
~ testMinMaxFloat(org.apache.commons.math.util.FastMathTest)
[max(50.0, -50.0) expected:<50.0> but was:<-50.0>]
java.lang.AssertionError: max(50.0, -50.0) expected:<50.0> but was:<-50.0>    at org.junit.Assert.fail(Assert.java:88)
    at org.junit.Assert.failNotEquals(Assert.java:743)
    at org.junit.Assert.assertEquals(Assert.java:494)
    at org.apache.commons.math.util.FastMathTest.testMinMaxFloat(FastMathTest.java:103)
    at sun.reflect.NativeMethodAccessorImpl.invoke0(Native Method)
    at sun.reflect.NativeMethodAccessorImpl.invoke(NativeMethodAccessorImpl.java:62)

17:51:36.056 [pool-2-thread-1] DEBUG fr.inria.lille.repair.nopol.NoPol - looking with class fr.inria.lille.repair.nopol.spoon.smt.ConditionalReplacer
java.lang.AssertionError: max(50.0, -50.0) expected:<50.0> but was:<-50.0>
    at org.junit.Assert.fail(Assert.java:88)
    at org.junit.Assert.failNotEquals(Assert.java:743)
    at org.junit.Assert.assertEquals(Assert.java:494)
    at org.apache.commons.math.util.FastMathTest.testMinMaxFloat(FastMathTest.java:103)
    at sun.reflect.NativeMethodAccessorImpl.invoke0(Native Method)
    at sun.reflect.NativeMethodAccessorImpl.invoke(NativeMethodAccessorImpl.java:62)
17:51:51.204 [pool-64-thread-1] INFO  xxl.java.junit.TestCasesListener - Tests run finished (15139 ms)
<> Total tests run: 29
<> Ignored tests: 1
<> Failed tests: 1
~ testMinMaxFloat(org.apache.commons.math.util.FastMathTest)
[max(50.0, -50.0) expected:<50.0> but was:<-50.0>]
java.lang.AssertionError: max(50.0, -50.0) expected:<50.0> but was:<-50.0>    at org.junit.Assert.fail(Assert.java:88)
    at org.junit.Assert.failNotEquals(Assert.java:743)
    at org.junit.Assert.assertEquals(Assert.java:494)
    at org.apache.commons.math.util.FastMathTest.testMinMaxFloat(FastMathTest.java:103)
    at sun.reflect.NativeMethodAccessorImpl.invoke0(Native Method)
    at sun.reflect.NativeMethodAccessorImpl.invoke(NativeMethodAccessorImpl.java:62)

17:51:51.738 [pool-2-thread-1] DEBUG fr.inria.lille.repair.nopol.NoPol - statement #21
17:51:51.739 [pool-2-thread-1] DEBUG fr.inria.lille.repair.nopol.NoPol - Analysing SourceLocation org.apache.commons.math.random.MersenneTwister:177 which is executed by 37 tests
1648821820
17:51:51.870 [pool-2-thread-1] DEBUG fr.inria.lille.repair.nopol.NoPol - looking with class fr.inria.lille.repair.nopol.spoon.smt.ConditionalAdder
java.lang.AssertionError: max(50.0, -50.0) expected:<50.0> but was:<-50.0>
    at org.junit.Assert.fail(Assert.java:88)
    at org.junit.Assert.failNotEquals(Assert.java:743)
    at org.junit.Assert.assertEquals(Assert.java:494)
    at org.apache.commons.math.util.FastMathTest.testMinMaxFloat(FastMathTest.java:103)
    at sun.reflect.NativeMethodAccessorImpl.invoke0(Native Method)
    at sun.reflect.NativeMethodAccessorImpl.invoke(NativeMethodAccessorImpl.java:62)
17:52:07.086 [pool-68-thread-1] INFO  xxl.java.junit.TestCasesListener - Tests run finished (15206 ms)
<> Total tests run: 29
<> Ignored tests: 1
<> Failed tests: 1
~ testMinMaxFloat(org.apache.commons.math.util.FastMathTest)
[max(50.0, -50.0) expected:<50.0> but was:<-50.0>]
java.lang.AssertionError: max(50.0, -50.0) expected:<50.0> but was:<-50.0>    at org.junit.Assert.fail(Assert.java:88)
    at org.junit.Assert.failNotEquals(Assert.java:743)
    at org.junit.Assert.assertEquals(Assert.java:494)
    at org.apache.commons.math.util.FastMathTest.testMinMaxFloat(FastMathTest.java:103)
    at sun.reflect.NativeMethodAccessorImpl.invoke0(Native Method)
    at sun.reflect.NativeMethodAccessorImpl.invoke(NativeMethodAccessorImpl.java:62)

17:52:07.532 [pool-2-thread-1] DEBUG fr.inria.lille.repair.nopol.NoPol - statement #22
17:52:07.532 [pool-2-thread-1] DEBUG fr.inria.lille.repair.nopol.NoPol - Analysing SourceLocation org.apache.commons.math.random.MersenneTwister:176 which is executed by 37 tests
1648821820
17:52:07.661 [pool-2-thread-1] DEBUG fr.inria.lille.repair.nopol.NoPol - looking with class fr.inria.lille.repair.nopol.spoon.smt.ConditionalAdder
java.lang.AssertionError: max(50.0, -50.0) expected:<50.0> but was:<-50.0>
    at org.junit.Assert.fail(Assert.java:88)
    at org.junit.Assert.failNotEquals(Assert.java:743)
    at org.junit.Assert.assertEquals(Assert.java:494)
    at org.apache.commons.math.util.FastMathTest.testMinMaxFloat(FastMathTest.java:103)
    at sun.reflect.NativeMethodAccessorImpl.invoke0(Native Method)
    at sun.reflect.NativeMethodAccessorImpl.invoke(NativeMethodAccessorImpl.java:62)
17:52:22.875 [pool-72-thread-1] INFO  xxl.java.junit.TestCasesListener - Tests run finished (15205 ms)
<> Total tests run: 29
<> Ignored tests: 1
<> Failed tests: 1
~ testMinMaxFloat(org.apache.commons.math.util.FastMathTest)
[max(50.0, -50.0) expected:<50.0> but was:<-50.0>]
java.lang.AssertionError: max(50.0, -50.0) expected:<50.0> but was:<-50.0>    at org.junit.Assert.fail(Assert.java:88)
    at org.junit.Assert.failNotEquals(Assert.java:743)
    at org.junit.Assert.assertEquals(Assert.java:494)
    at org.apache.commons.math.util.FastMathTest.testMinMaxFloat(FastMathTest.java:103)
    at sun.reflect.NativeMethodAccessorImpl.invoke0(Native Method)
    at sun.reflect.NativeMethodAccessorImpl.invoke(NativeMethodAccessorImpl.java:62)

17:52:23.390 [pool-2-thread-1] DEBUG fr.inria.lille.repair.nopol.NoPol - statement #23
17:52:23.390 [pool-2-thread-1] DEBUG fr.inria.lille.repair.nopol.NoPol - Analysing SourceLocation org.apache.commons.math.random.MersenneTwister:175 which is executed by 37 tests
1648821820
17:52:23.528 [pool-2-thread-1] DEBUG fr.inria.lille.repair.nopol.NoPol - statement #24
17:52:23.529 [pool-2-thread-1] DEBUG fr.inria.lille.repair.nopol.NoPol - Analysing SourceLocation org.apache.commons.math.random.MersenneTwister:174 which is executed by 37 tests
1648821820
17:52:23.658 [pool-2-thread-1] DEBUG fr.inria.lille.repair.nopol.NoPol - statement #25
17:52:23.658 [pool-2-thread-1] DEBUG fr.inria.lille.repair.nopol.NoPol - Analysing SourceLocation org.apache.commons.math.random.MersenneTwister:173 which is executed by 37 tests
1648821820
17:52:23.787 [pool-2-thread-1] DEBUG fr.inria.lille.repair.nopol.NoPol - statement #26
17:52:23.788 [pool-2-thread-1] DEBUG fr.inria.lille.repair.nopol.NoPol - Analysing SourceLocation org.apache.commons.math.random.MersenneTwister:172 which is executed by 37 tests
1648821820
17:52:23.918 [pool-2-thread-1] DEBUG fr.inria.lille.repair.nopol.NoPol - looking with class fr.inria.lille.repair.nopol.spoon.smt.ConditionalAdder
java.lang.AssertionError: max(50.0, -50.0) expected:<50.0> but was:<-50.0>
    at org.junit.Assert.fail(Assert.java:88)
    at org.junit.Assert.failNotEquals(Assert.java:743)
    at org.junit.Assert.assertEquals(Assert.java:494)
    at org.apache.commons.math.util.FastMathTest.testMinMaxFloat(FastMathTest.java:103)
    at sun.reflect.NativeMethodAccessorImpl.invoke0(Native Method)
    at sun.reflect.NativeMethodAccessorImpl.invoke(NativeMethodAccessorImpl.java:62)
17:52:39.015 [pool-76-thread-1] INFO  xxl.java.junit.TestCasesListener - Tests run finished (15087 ms)
<> Total tests run: 29
<> Ignored tests: 1
<> Failed tests: 1
~ testMinMaxFloat(org.apache.commons.math.util.FastMathTest)
[max(50.0, -50.0) expected:<50.0> but was:<-50.0>]
java.lang.AssertionError: max(50.0, -50.0) expected:<50.0> but was:<-50.0>    at org.junit.Assert.fail(Assert.java:88)
    at org.junit.Assert.failNotEquals(Assert.java:743)
    at org.junit.Assert.assertEquals(Assert.java:494)
    at org.apache.commons.math.util.FastMathTest.testMinMaxFloat(FastMathTest.java:103)
    at sun.reflect.NativeMethodAccessorImpl.invoke0(Native Method)
    at sun.reflect.NativeMethodAccessorImpl.invoke(NativeMethodAccessorImpl.java:62)

17:52:39.475 [pool-2-thread-1] DEBUG fr.inria.lille.repair.nopol.NoPol - statement #27
17:52:39.476 [pool-2-thread-1] DEBUG fr.inria.lille.repair.nopol.NoPol - Analysing SourceLocation org.apache.commons.math.random.MersenneTwister:170 which is executed by 37 tests
1648821820
17:52:39.604 [pool-2-thread-1] DEBUG fr.inria.lille.repair.nopol.NoPol - statement #28
17:52:39.604 [pool-2-thread-1] DEBUG fr.inria.lille.repair.nopol.NoPol - Analysing SourceLocation org.apache.commons.math.random.MersenneTwister:169 which is executed by 37 tests
1648821820
17:52:39.733 [pool-2-thread-1] DEBUG fr.inria.lille.repair.nopol.NoPol - statement #29
17:52:39.733 [pool-2-thread-1] DEBUG fr.inria.lille.repair.nopol.NoPol - Analysing SourceLocation org.apache.commons.math.random.MersenneTwister:168 which is executed by 37 tests
1648821820
17:52:39.861 [pool-2-thread-1] DEBUG fr.inria.lille.repair.nopol.NoPol - looking with class fr.inria.lille.repair.nopol.spoon.smt.ConditionalAdder
java.lang.AssertionError: max(50.0, -50.0) expected:<50.0> but was:<-50.0>
    at org.junit.Assert.fail(Assert.java:88)
    at org.junit.Assert.failNotEquals(Assert.java:743)
    at org.junit.Assert.assertEquals(Assert.java:494)
    at org.apache.commons.math.util.FastMathTest.testMinMaxFloat(FastMathTest.java:103)
    at sun.reflect.NativeMethodAccessorImpl.invoke0(Native Method)
    at sun.reflect.NativeMethodAccessorImpl.invoke(NativeMethodAccessorImpl.java:62)
17:52:54.987 [pool-80-thread-1] INFO  xxl.java.junit.TestCasesListener - Tests run finished (15116 ms)
<> Total tests run: 29
<> Ignored tests: 1
<> Failed tests: 1
~ testMinMaxFloat(org.apache.commons.math.util.FastMathTest)
[max(50.0, -50.0) expected:<50.0> but was:<-50.0>]
java.lang.AssertionError: max(50.0, -50.0) expected:<50.0> but was:<-50.0>    at org.junit.Assert.fail(Assert.java:88)
    at org.junit.Assert.failNotEquals(Assert.java:743)
    at org.junit.Assert.assertEquals(Assert.java:494)
    at org.apache.commons.math.util.FastMathTest.testMinMaxFloat(FastMathTest.java:103)
    at sun.reflect.NativeMethodAccessorImpl.invoke0(Native Method)
    at sun.reflect.NativeMethodAccessorImpl.invoke(NativeMethodAccessorImpl.java:62)

17:52:55.502 [pool-2-thread-1] DEBUG fr.inria.lille.repair.nopol.NoPol - statement #30
17:52:55.502 [pool-2-thread-1] DEBUG fr.inria.lille.repair.nopol.NoPol - Analysing SourceLocation org.apache.commons.math.random.MersenneTwister:163 which is executed by 37 tests
1648821820
17:52:55.632 [pool-2-thread-1] DEBUG fr.inria.lille.repair.nopol.NoPol - looking with class fr.inria.lille.repair.nopol.spoon.smt.ConditionalAdder
java.lang.AssertionError: max(50.0, -50.0) expected:<50.0> but was:<-50.0>
    at org.junit.Assert.fail(Assert.java:88)
    at org.junit.Assert.failNotEquals(Assert.java:743)
    at org.junit.Assert.assertEquals(Assert.java:494)
    at org.apache.commons.math.util.FastMathTest.testMinMaxFloat(FastMathTest.java:103)
    at sun.reflect.NativeMethodAccessorImpl.invoke0(Native Method)
    at sun.reflect.NativeMethodAccessorImpl.invoke(NativeMethodAccessorImpl.java:62)
17:53:10.692 [pool-84-thread-1] INFO  xxl.java.junit.TestCasesListener - Tests run finished (15047 ms)
<> Total tests run: 29
<> Ignored tests: 1
<> Failed tests: 1
~ testMinMaxFloat(org.apache.commons.math.util.FastMathTest)
[max(50.0, -50.0) expected:<50.0> but was:<-50.0>]
java.lang.AssertionError: max(50.0, -50.0) expected:<50.0> but was:<-50.0>    at org.junit.Assert.fail(Assert.java:88)
    at org.junit.Assert.failNotEquals(Assert.java:743)
    at org.junit.Assert.assertEquals(Assert.java:494)
    at org.apache.commons.math.util.FastMathTest.testMinMaxFloat(FastMathTest.java:103)
    at sun.reflect.NativeMethodAccessorImpl.invoke0(Native Method)
    at sun.reflect.NativeMethodAccessorImpl.invoke(NativeMethodAccessorImpl.java:62)

17:53:11.171 [pool-2-thread-1] DEBUG fr.inria.lille.repair.nopol.NoPol - looking with class fr.inria.lille.repair.nopol.spoon.smt.ConditionalReplacer
java.lang.AssertionError: max(50.0, -50.0) expected:<50.0> but was:<-50.0>
    at org.junit.Assert.fail(Assert.java:88)
    at org.junit.Assert.failNotEquals(Assert.java:743)
    at org.junit.Assert.assertEquals(Assert.java:494)
    at org.apache.commons.math.util.FastMathTest.testMinMaxFloat(FastMathTest.java:103)
    at sun.reflect.NativeMethodAccessorImpl.invoke0(Native Method)
    at sun.reflect.NativeMethodAccessorImpl.invoke(NativeMethodAccessorImpl.java:62)
17:53:26.313 [pool-88-thread-1] INFO  xxl.java.junit.TestCasesListener - Tests run finished (15133 ms)
<> Total tests run: 29
<> Ignored tests: 1
<> Failed tests: 1
~ testMinMaxFloat(org.apache.commons.math.util.FastMathTest)
[max(50.0, -50.0) expected:<50.0> but was:<-50.0>]
java.lang.AssertionError: max(50.0, -50.0) expected:<50.0> but was:<-50.0>    at org.junit.Assert.fail(Assert.java:88)
    at org.junit.Assert.failNotEquals(Assert.java:743)
    at org.junit.Assert.assertEquals(Assert.java:494)
    at org.apache.commons.math.util.FastMathTest.testMinMaxFloat(FastMathTest.java:103)
    at sun.reflect.NativeMethodAccessorImpl.invoke0(Native Method)
    at sun.reflect.NativeMethodAccessorImpl.invoke(NativeMethodAccessorImpl.java:62)

17:53:26.801 [pool-2-thread-1] DEBUG fr.inria.lille.repair.nopol.NoPol - statement #31
17:53:26.802 [pool-2-thread-1] DEBUG fr.inria.lille.repair.nopol.NoPol - Analysing SourceLocation org.apache.commons.math.random.MersenneTwister:152 which is executed by 41 tests
1648821820
17:53:26.930 [pool-2-thread-1] DEBUG fr.inria.lille.repair.nopol.NoPol - statement #32
17:53:26.930 [pool-2-thread-1] DEBUG fr.inria.lille.repair.nopol.NoPol - Analysing SourceLocation org.apache.commons.math.random.MersenneTwister:150 which is executed by 41 tests
1648821820
17:53:27.058 [pool-2-thread-1] DEBUG fr.inria.lille.repair.nopol.NoPol - looking with class fr.inria.lille.repair.nopol.spoon.smt.ConditionalAdder
java.lang.AssertionError: max(50.0, -50.0) expected:<50.0> but was:<-50.0>
    at org.junit.Assert.fail(Assert.java:88)
    at org.junit.Assert.failNotEquals(Assert.java:743)
    at org.junit.Assert.assertEquals(Assert.java:494)
    at org.apache.commons.math.util.FastMathTest.testMinMaxFloat(FastMathTest.java:103)
    at sun.reflect.NativeMethodAccessorImpl.invoke0(Native Method)
    at sun.reflect.NativeMethodAccessorImpl.invoke(NativeMethodAccessorImpl.java:62)
17:53:42.919 [pool-92-thread-1] INFO  xxl.java.junit.TestCasesListener - Tests run finished (15838 ms)
<> Total tests run: 29
<> Ignored tests: 1
<> Failed tests: 1
~ testMinMaxFloat(org.apache.commons.math.util.FastMathTest)
[max(50.0, -50.0) expected:<50.0> but was:<-50.0>]
java.lang.AssertionError: max(50.0, -50.0) expected:<50.0> but was:<-50.0>    at org.junit.Assert.fail(Assert.java:88)
    at org.junit.Assert.failNotEquals(Assert.java:743)
    at org.junit.Assert.assertEquals(Assert.java:494)
    at org.apache.commons.math.util.FastMathTest.testMinMaxFloat(FastMathTest.java:103)
    at sun.reflect.NativeMethodAccessorImpl.invoke0(Native Method)
    at sun.reflect.NativeMethodAccessorImpl.invoke(NativeMethodAccessorImpl.java:62)

17:53:43.387 [pool-2-thread-1] DEBUG fr.inria.lille.repair.nopol.NoPol - statement #33
17:53:43.387 [pool-2-thread-1] DEBUG fr.inria.lille.repair.nopol.NoPol - Analysing SourceLocation org.apache.commons.math.random.MersenneTwister:149 which is executed by 41 tests
1648821820
17:53:43.517 [pool-2-thread-1] DEBUG fr.inria.lille.repair.nopol.NoPol - looking with class fr.inria.lille.repair.nopol.spoon.smt.ConditionalAdder
java.lang.AssertionError: max(50.0, -50.0) expected:<50.0> but was:<-50.0>
    at org.junit.Assert.fail(Assert.java:88)
    at org.junit.Assert.failNotEquals(Assert.java:743)
    at org.junit.Assert.assertEquals(Assert.java:494)
    at org.apache.commons.math.util.FastMathTest.testMinMaxFloat(FastMathTest.java:103)
    at sun.reflect.NativeMethodAccessorImpl.invoke0(Native Method)
    at sun.reflect.NativeMethodAccessorImpl.invoke(NativeMethodAccessorImpl.java:62)
17:53:58.751 [pool-96-thread-1] INFO  xxl.java.junit.TestCasesListener - Tests run finished (15225 ms)
<> Total tests run: 29
<> Ignored tests: 1
<> Failed tests: 1
~ testMinMaxFloat(org.apache.commons.math.util.FastMathTest)
[max(50.0, -50.0) expected:<50.0> but was:<-50.0>]
java.lang.AssertionError: max(50.0, -50.0) expected:<50.0> but was:<-50.0>    at org.junit.Assert.fail(Assert.java:88)
    at org.junit.Assert.failNotEquals(Assert.java:743)
    at org.junit.Assert.assertEquals(Assert.java:494)
    at org.apache.commons.math.util.FastMathTest.testMinMaxFloat(FastMathTest.java:103)
    at sun.reflect.NativeMethodAccessorImpl.invoke0(Native Method)
    at sun.reflect.NativeMethodAccessorImpl.invoke(NativeMethodAccessorImpl.java:62)

17:53:59.219 [pool-2-thread-1] DEBUG fr.inria.lille.repair.nopol.NoPol - statement #34
17:53:59.219 [pool-2-thread-1] DEBUG fr.inria.lille.repair.nopol.NoPol - Analysing SourceLocation org.apache.commons.math.random.MersenneTwister:146 which is executed by 41 tests
1648821820
17:53:59.348 [pool-2-thread-1] DEBUG fr.inria.lille.repair.nopol.NoPol - looking with class fr.inria.lille.repair.nopol.spoon.smt.ConditionalAdder
java.lang.AssertionError: max(50.0, -50.0) expected:<50.0> but was:<-50.0>
    at org.junit.Assert.fail(Assert.java:88)
    at org.junit.Assert.failNotEquals(Assert.java:743)
    at org.junit.Assert.assertEquals(Assert.java:494)
    at org.apache.commons.math.util.FastMathTest.testMinMaxFloat(FastMathTest.java:103)
    at sun.reflect.NativeMethodAccessorImpl.invoke0(Native Method)
    at sun.reflect.NativeMethodAccessorImpl.invoke(NativeMethodAccessorImpl.java:62)
17:54:14.592 [pool-100-thread-1] INFO  xxl.java.junit.TestCasesListener - Tests run finished (15235 ms)
<> Total tests run: 29
<> Ignored tests: 1
<> Failed tests: 1
~ testMinMaxFloat(org.apache.commons.math.util.FastMathTest)
[max(50.0, -50.0) expected:<50.0> but was:<-50.0>]
java.lang.AssertionError: max(50.0, -50.0) expected:<50.0> but was:<-50.0>    at org.junit.Assert.fail(Assert.java:88)
    at org.junit.Assert.failNotEquals(Assert.java:743)
    at org.junit.Assert.assertEquals(Assert.java:494)
    at org.apache.commons.math.util.FastMathTest.testMinMaxFloat(FastMathTest.java:103)
    at sun.reflect.NativeMethodAccessorImpl.invoke0(Native Method)
    at sun.reflect.NativeMethodAccessorImpl.invoke(NativeMethodAccessorImpl.java:62)

17:54:15.059 [pool-2-thread-1] DEBUG fr.inria.lille.repair.nopol.NoPol - statement #35
17:54:15.059 [pool-2-thread-1] DEBUG fr.inria.lille.repair.nopol.NoPol - Analysing SourceLocation org.apache.commons.math.random.MersenneTwister:145 which is executed by 41 tests
1648821820
17:54:15.187 [pool-2-thread-1] DEBUG fr.inria.lille.repair.nopol.NoPol - looking with class fr.inria.lille.repair.nopol.spoon.smt.ConditionalAdder
java.lang.AssertionError: max(50.0, -50.0) expected:<50.0> but was:<-50.0>
    at org.junit.Assert.fail(Assert.java:88)
    at org.junit.Assert.failNotEquals(Assert.java:743)
    at org.junit.Assert.assertEquals(Assert.java:494)
    at org.apache.commons.math.util.FastMathTest.testMinMaxFloat(FastMathTest.java:103)
    at sun.reflect.NativeMethodAccessorImpl.invoke0(Native Method)
    at sun.reflect.NativeMethodAccessorImpl.invoke(NativeMethodAccessorImpl.java:62)
17:54:30.571 [pool-104-thread-1] INFO  xxl.java.junit.TestCasesListener - Tests run finished (15375 ms)
<> Total tests run: 29
<> Ignored tests: 1
<> Failed tests: 1
~ testMinMaxFloat(org.apache.commons.math.util.FastMathTest)
[max(50.0, -50.0) expected:<50.0> but was:<-50.0>]
java.lang.AssertionError: max(50.0, -50.0) expected:<50.0> but was:<-50.0>    at org.junit.Assert.fail(Assert.java:88)
    at org.junit.Assert.failNotEquals(Assert.java:743)
    at org.junit.Assert.assertEquals(Assert.java:494)
    at org.apache.commons.math.util.FastMathTest.testMinMaxFloat(FastMathTest.java:103)
    at sun.reflect.NativeMethodAccessorImpl.invoke0(Native Method)
    at sun.reflect.NativeMethodAccessorImpl.invoke(NativeMethodAccessorImpl.java:62)

17:54:31.015 [pool-2-thread-1] DEBUG fr.inria.lille.repair.nopol.NoPol - statement #36
17:54:31.016 [pool-2-thread-1] DEBUG fr.inria.lille.repair.nopol.NoPol - Analysing SourceLocation org.apache.commons.math.random.MersenneTwister:144 which is executed by 41 tests
1648821820
17:54:31.144 [pool-2-thread-1] DEBUG fr.inria.lille.repair.nopol.NoPol - statement #37
17:54:31.144 [pool-2-thread-1] DEBUG fr.inria.lille.repair.nopol.NoPol - Analysing SourceLocation org.apache.commons.math.dfp.DfpField:593 which is executed by 56 tests
1857420685
17:54:31.296 [pool-2-thread-1] DEBUG fr.inria.lille.repair.nopol.NoPol - statement #38
17:54:31.297 [pool-2-thread-1] DEBUG fr.inria.lille.repair.nopol.NoPol - Analysing SourceLocation org.apache.commons.math.dfp.DfpField:570 which is executed by 56 tests
1857420685
17:54:31.442 [pool-2-thread-1] DEBUG fr.inria.lille.repair.nopol.NoPol - looking with class fr.inria.lille.repair.nopol.spoon.smt.ConditionalAdder
java.lang.AssertionError: max(50.0, -50.0) expected:<50.0> but was:<-50.0>
    at org.junit.Assert.fail(Assert.java:88)
    at org.junit.Assert.failNotEquals(Assert.java:743)
    at org.junit.Assert.assertEquals(Assert.java:494)
    at org.apache.commons.math.util.FastMathTest.testMinMaxFloat(FastMathTest.java:103)
    at sun.reflect.NativeMethodAccessorImpl.invoke0(Native Method)
    at sun.reflect.NativeMethodAccessorImpl.invoke(NativeMethodAccessorImpl.java:62)
17:54:46.577 [pool-108-thread-1] INFO  xxl.java.junit.TestCasesListener - Tests run finished (15125 ms)
<> Total tests run: 29
<> Ignored tests: 1
<> Failed tests: 1
~ testMinMaxFloat(org.apache.commons.math.util.FastMathTest)
[max(50.0, -50.0) expected:<50.0> but was:<-50.0>]
java.lang.AssertionError: max(50.0, -50.0) expected:<50.0> but was:<-50.0>    at org.junit.Assert.fail(Assert.java:88)
    at org.junit.Assert.failNotEquals(Assert.java:743)
    at org.junit.Assert.assertEquals(Assert.java:494)
    at org.apache.commons.math.util.FastMathTest.testMinMaxFloat(FastMathTest.java:103)
    at sun.reflect.NativeMethodAccessorImpl.invoke0(Native Method)
    at sun.reflect.NativeMethodAccessorImpl.invoke(NativeMethodAccessorImpl.java:62)

17:54:47.159 [pool-2-thread-1] DEBUG fr.inria.lille.repair.nopol.NoPol - looking with class fr.inria.lille.repair.nopol.spoon.smt.ConditionalReplacer
java.lang.AssertionError: max(50.0, -50.0) expected:<50.0> but was:<-50.0>
    at org.junit.Assert.fail(Assert.java:88)
    at org.junit.Assert.failNotEquals(Assert.java:743)
    at org.junit.Assert.assertEquals(Assert.java:494)
    at org.apache.commons.math.util.FastMathTest.testMinMaxFloat(FastMathTest.java:103)
    at sun.reflect.NativeMethodAccessorImpl.invoke0(Native Method)
    at sun.reflect.NativeMethodAccessorImpl.invoke(NativeMethodAccessorImpl.java:62)
17:55:02.330 [pool-112-thread-1] INFO  xxl.java.junit.TestCasesListener - Tests run finished (15162 ms)
<> Total tests run: 29
<> Ignored tests: 1
<> Failed tests: 1
~ testMinMaxFloat(org.apache.commons.math.util.FastMathTest)
[max(50.0, -50.0) expected:<50.0> but was:<-50.0>]
java.lang.AssertionError: max(50.0, -50.0) expected:<50.0> but was:<-50.0>    at org.junit.Assert.fail(Assert.java:88)
    at org.junit.Assert.failNotEquals(Assert.java:743)
    at org.junit.Assert.assertEquals(Assert.java:494)
    at org.apache.commons.math.util.FastMathTest.testMinMaxFloat(FastMathTest.java:103)
    at sun.reflect.NativeMethodAccessorImpl.invoke0(Native Method)
    at sun.reflect.NativeMethodAccessorImpl.invoke(NativeMethodAccessorImpl.java:62)

17:55:02.861 [pool-2-thread-1] DEBUG fr.inria.lille.repair.nopol.NoPol - statement #39
17:55:02.861 [pool-2-thread-1] DEBUG fr.inria.lille.repair.nopol.NoPol - Analysing SourceLocation org.apache.commons.math.dfp.DfpField:562 which is executed by 56 tests
1857420685
17:55:03.004 [pool-2-thread-1] DEBUG fr.inria.lille.repair.nopol.NoPol - statement #40
17:55:03.004 [pool-2-thread-1] DEBUG fr.inria.lille.repair.nopol.NoPol - Analysing SourceLocation org.apache.commons.math.dfp.DfpField:560 which is executed by 56 tests
1857420685
17:55:03.143 [pool-2-thread-1] DEBUG fr.inria.lille.repair.nopol.NoPol - looking with class fr.inria.lille.repair.nopol.spoon.smt.ConditionalAdder
java.lang.AssertionError: max(50.0, -50.0) expected:<50.0> but was:<-50.0>
    at org.junit.Assert.fail(Assert.java:88)
    at org.junit.Assert.failNotEquals(Assert.java:743)
    at org.junit.Assert.assertEquals(Assert.java:494)
    at org.apache.commons.math.util.FastMathTest.testMinMaxFloat(FastMathTest.java:103)
    at sun.reflect.NativeMethodAccessorImpl.invoke0(Native Method)
    at sun.reflect.NativeMethodAccessorImpl.invoke(NativeMethodAccessorImpl.java:62)
17:55:18.338 [pool-116-thread-1] INFO  xxl.java.junit.TestCasesListener - Tests run finished (15185 ms)
<> Total tests run: 29
<> Ignored tests: 1
<> Failed tests: 1
~ testMinMaxFloat(org.apache.commons.math.util.FastMathTest)
[max(50.0, -50.0) expected:<50.0> but was:<-50.0>]
java.lang.AssertionError: max(50.0, -50.0) expected:<50.0> but was:<-50.0>    at org.junit.Assert.fail(Assert.java:88)
    at org.junit.Assert.failNotEquals(Assert.java:743)
    at org.junit.Assert.assertEquals(Assert.java:494)
    at org.apache.commons.math.util.FastMathTest.testMinMaxFloat(FastMathTest.java:103)
    at sun.reflect.NativeMethodAccessorImpl.invoke0(Native Method)
    at sun.reflect.NativeMethodAccessorImpl.invoke(NativeMethodAccessorImpl.java:62)

17:55:18.996 [pool-2-thread-1] DEBUG fr.inria.lille.repair.nopol.NoPol - statement #41
17:55:18.997 [pool-2-thread-1] DEBUG fr.inria.lille.repair.nopol.NoPol - Analysing SourceLocation org.apache.commons.math.dfp.DfpField:556 which is executed by 56 tests
1857420685
17:55:19.135 [pool-2-thread-1] DEBUG fr.inria.lille.repair.nopol.NoPol - looking with class fr.inria.lille.repair.nopol.spoon.smt.ConditionalAdder
java.lang.AssertionError: max(50.0, -50.0) expected:<50.0> but was:<-50.0>
    at org.junit.Assert.fail(Assert.java:88)
    at org.junit.Assert.failNotEquals(Assert.java:743)
    at org.junit.Assert.assertEquals(Assert.java:494)
    at org.apache.commons.math.util.FastMathTest.testMinMaxFloat(FastMathTest.java:103)
    at sun.reflect.NativeMethodAccessorImpl.invoke0(Native Method)
    at sun.reflect.NativeMethodAccessorImpl.invoke(NativeMethodAccessorImpl.java:62)
17:55:34.416 [pool-120-thread-1] INFO  xxl.java.junit.TestCasesListener - Tests run finished (15272 ms)
<> Total tests run: 29
<> Ignored tests: 1
<> Failed tests: 1
~ testMinMaxFloat(org.apache.commons.math.util.FastMathTest)
[max(50.0, -50.0) expected:<50.0> but was:<-50.0>]
java.lang.AssertionError: max(50.0, -50.0) expected:<50.0> but was:<-50.0>    at org.junit.Assert.fail(Assert.java:88)
    at org.junit.Assert.failNotEquals(Assert.java:743)
    at org.junit.Assert.assertEquals(Assert.java:494)
    at org.apache.commons.math.util.FastMathTest.testMinMaxFloat(FastMathTest.java:103)
    at sun.reflect.NativeMethodAccessorImpl.invoke0(Native Method)
    at sun.reflect.NativeMethodAccessorImpl.invoke(NativeMethodAccessorImpl.java:62)

17:55:34.921 [pool-2-thread-1] DEBUG fr.inria.lille.repair.nopol.NoPol - statement #42
17:55:34.921 [pool-2-thread-1] DEBUG fr.inria.lille.repair.nopol.NoPol - Analysing SourceLocation org.apache.commons.math.dfp.DfpField:555 which is executed by 56 tests
1857420685
17:55:35.063 [pool-2-thread-1] DEBUG fr.inria.lille.repair.nopol.NoPol - looking with class fr.inria.lille.repair.nopol.spoon.smt.ConditionalAdder
java.lang.AssertionError: max(50.0, -50.0) expected:<50.0> but was:<-50.0>
    at org.junit.Assert.fail(Assert.java:88)
    at org.junit.Assert.failNotEquals(Assert.java:743)
    at org.junit.Assert.assertEquals(Assert.java:494)
    at org.apache.commons.math.util.FastMathTest.testMinMaxFloat(FastMathTest.java:103)
    at sun.reflect.NativeMethodAccessorImpl.invoke0(Native Method)
    at sun.reflect.NativeMethodAccessorImpl.invoke(NativeMethodAccessorImpl.java:62)
17:55:50.245 [pool-124-thread-1] INFO  xxl.java.junit.TestCasesListener - Tests run finished (15174 ms)
<> Total tests run: 29
<> Ignored tests: 1
<> Failed tests: 1
~ testMinMaxFloat(org.apache.commons.math.util.FastMathTest)
[max(50.0, -50.0) expected:<50.0> but was:<-50.0>]
java.lang.AssertionError: max(50.0, -50.0) expected:<50.0> but was:<-50.0>    at org.junit.Assert.fail(Assert.java:88)
    at org.junit.Assert.failNotEquals(Assert.java:743)
    at org.junit.Assert.assertEquals(Assert.java:494)
    at org.apache.commons.math.util.FastMathTest.testMinMaxFloat(FastMathTest.java:103)
    at sun.reflect.NativeMethodAccessorImpl.invoke0(Native Method)
    at sun.reflect.NativeMethodAccessorImpl.invoke(NativeMethodAccessorImpl.java:62)

17:55:50.772 [pool-2-thread-1] DEBUG fr.inria.lille.repair.nopol.NoPol - looking with class fr.inria.lille.repair.nopol.spoon.smt.ConditionalReplacer
java.lang.AssertionError: max(50.0, -50.0) expected:<50.0> but was:<-50.0>
    at org.junit.Assert.fail(Assert.java:88)
    at org.junit.Assert.failNotEquals(Assert.java:743)
    at org.junit.Assert.assertEquals(Assert.java:494)
    at org.apache.commons.math.util.FastMathTest.testMinMaxFloat(FastMathTest.java:103)
    at sun.reflect.NativeMethodAccessorImpl.invoke0(Native Method)
    at sun.reflect.NativeMethodAccessorImpl.invoke(NativeMethodAccessorImpl.java:62)
17:56:05.971 [pool-128-thread-1] INFO  xxl.java.junit.TestCasesListener - Tests run finished (15190 ms)
<> Total tests run: 29
<> Ignored tests: 1
<> Failed tests: 1
~ testMinMaxFloat(org.apache.commons.math.util.FastMathTest)
[max(50.0, -50.0) expected:<50.0> but was:<-50.0>]
java.lang.AssertionError: max(50.0, -50.0) expected:<50.0> but was:<-50.0>    at org.junit.Assert.fail(Assert.java:88)
    at org.junit.Assert.failNotEquals(Assert.java:743)
    at org.junit.Assert.assertEquals(Assert.java:494)
    at org.apache.commons.math.util.FastMathTest.testMinMaxFloat(FastMathTest.java:103)
    at sun.reflect.NativeMethodAccessorImpl.invoke0(Native Method)
    at sun.reflect.NativeMethodAccessorImpl.invoke(NativeMethodAccessorImpl.java:62)

17:56:06.471 [pool-2-thread-1] DEBUG fr.inria.lille.repair.nopol.NoPol - statement #43
17:56:06.471 [pool-2-thread-1] DEBUG fr.inria.lille.repair.nopol.NoPol - Analysing SourceLocation org.apache.commons.math.dfp.DfpField:554 which is executed by 56 tests
1857420685
17:56:06.609 [pool-2-thread-1] DEBUG fr.inria.lille.repair.nopol.NoPol - looking with class fr.inria.lille.repair.nopol.spoon.smt.ConditionalAdder
java.lang.AssertionError: max(50.0, -50.0) expected:<50.0> but was:<-50.0>
    at org.junit.Assert.fail(Assert.java:88)
    at org.junit.Assert.failNotEquals(Assert.java:743)
    at org.junit.Assert.assertEquals(Assert.java:494)
    at org.apache.commons.math.util.FastMathTest.testMinMaxFloat(FastMathTest.java:103)
    at sun.reflect.NativeMethodAccessorImpl.invoke0(Native Method)
    at sun.reflect.NativeMethodAccessorImpl.invoke(NativeMethodAccessorImpl.java:62)
17:56:21.786 [pool-132-thread-1] INFO  xxl.java.junit.TestCasesListener - Tests run finished (15168 ms)
<> Total tests run: 29
<> Ignored tests: 1
<> Failed tests: 1
~ testMinMaxFloat(org.apache.commons.math.util.FastMathTest)
[max(50.0, -50.0) expected:<50.0> but was:<-50.0>]
java.lang.AssertionError: max(50.0, -50.0) expected:<50.0> but was:<-50.0>    at org.junit.Assert.fail(Assert.java:88)
    at org.junit.Assert.failNotEquals(Assert.java:743)
    at org.junit.Assert.assertEquals(Assert.java:494)
    at org.apache.commons.math.util.FastMathTest.testMinMaxFloat(FastMathTest.java:103)
    at sun.reflect.NativeMethodAccessorImpl.invoke0(Native Method)
    at sun.reflect.NativeMethodAccessorImpl.invoke(NativeMethodAccessorImpl.java:62)

17:56:22.285 [pool-2-thread-1] DEBUG fr.inria.lille.repair.nopol.NoPol - statement #44
17:56:22.286 [pool-2-thread-1] DEBUG fr.inria.lille.repair.nopol.NoPol - Analysing SourceLocation org.apache.commons.math.dfp.DfpField:553 which is executed by 56 tests
1857420685
17:56:22.422 [pool-2-thread-1] DEBUG fr.inria.lille.repair.nopol.NoPol - looking with class fr.inria.lille.repair.nopol.spoon.smt.ConditionalAdder
java.lang.AssertionError: max(50.0, -50.0) expected:<50.0> but was:<-50.0>
    at org.junit.Assert.fail(Assert.java:88)
    at org.junit.Assert.failNotEquals(Assert.java:743)
    at org.junit.Assert.assertEquals(Assert.java:494)
    at org.apache.commons.math.util.FastMathTest.testMinMaxFloat(FastMathTest.java:103)
    at sun.reflect.NativeMethodAccessorImpl.invoke0(Native Method)
    at sun.reflect.NativeMethodAccessorImpl.invoke(NativeMethodAccessorImpl.java:62)
17:56:37.566 [pool-136-thread-1] INFO  xxl.java.junit.TestCasesListener - Tests run finished (15133 ms)
<> Total tests run: 29
<> Ignored tests: 1
<> Failed tests: 1
~ testMinMaxFloat(org.apache.commons.math.util.FastMathTest)
[max(50.0, -50.0) expected:<50.0> but was:<-50.0>]
java.lang.AssertionError: max(50.0, -50.0) expected:<50.0> but was:<-50.0>    at org.junit.Assert.fail(Assert.java:88)
    at org.junit.Assert.failNotEquals(Assert.java:743)
    at org.junit.Assert.assertEquals(Assert.java:494)
    at org.apache.commons.math.util.FastMathTest.testMinMaxFloat(FastMathTest.java:103)
    at sun.reflect.NativeMethodAccessorImpl.invoke0(Native Method)
    at sun.reflect.NativeMethodAccessorImpl.invoke(NativeMethodAccessorImpl.java:62)

17:56:38.082 [pool-2-thread-1] DEBUG fr.inria.lille.repair.nopol.NoPol - statement #45
17:56:38.082 [pool-2-thread-1] DEBUG fr.inria.lille.repair.nopol.NoPol - Analysing SourceLocation org.apache.commons.math.dfp.DfpField:551 which is executed by 56 tests
1857420685
17:56:38.222 [pool-2-thread-1] DEBUG fr.inria.lille.repair.nopol.NoPol - looking with class fr.inria.lille.repair.nopol.spoon.smt.ConditionalAdder
java.lang.AssertionError: max(50.0, -50.0) expected:<50.0> but was:<-50.0>
    at org.junit.Assert.fail(Assert.java:88)
    at org.junit.Assert.failNotEquals(Assert.java:743)
    at org.junit.Assert.assertEquals(Assert.java:494)
    at org.apache.commons.math.util.FastMathTest.testMinMaxFloat(FastMathTest.java:103)
    at sun.reflect.NativeMethodAccessorImpl.invoke0(Native Method)
    at sun.reflect.NativeMethodAccessorImpl.invoke(NativeMethodAccessorImpl.java:62)
17:56:53.401 [pool-140-thread-1] INFO  xxl.java.junit.TestCasesListener - Tests run finished (15170 ms)
<> Total tests run: 29
<> Ignored tests: 1
<> Failed tests: 1
~ testMinMaxFloat(org.apache.commons.math.util.FastMathTest)
[max(50.0, -50.0) expected:<50.0> but was:<-50.0>]
java.lang.AssertionError: max(50.0, -50.0) expected:<50.0> but was:<-50.0>    at org.junit.Assert.fail(Assert.java:88)
    at org.junit.Assert.failNotEquals(Assert.java:743)
    at org.junit.Assert.assertEquals(Assert.java:494)
    at org.apache.commons.math.util.FastMathTest.testMinMaxFloat(FastMathTest.java:103)
    at sun.reflect.NativeMethodAccessorImpl.invoke0(Native Method)
    at sun.reflect.NativeMethodAccessorImpl.invoke(NativeMethodAccessorImpl.java:62)

17:56:53.863 [pool-2-thread-1] DEBUG fr.inria.lille.repair.nopol.NoPol - statement #46
17:56:53.863 [pool-2-thread-1] DEBUG fr.inria.lille.repair.nopol.NoPol - Analysing SourceLocation org.apache.commons.math.dfp.DfpField:547 which is executed by 56 tests
1857420685
17:56:54.014 [pool-2-thread-1] DEBUG fr.inria.lille.repair.nopol.NoPol - looking with class fr.inria.lille.repair.nopol.spoon.smt.ConditionalAdder
java.lang.AssertionError: max(50.0, -50.0) expected:<50.0> but was:<-50.0>
    at org.junit.Assert.fail(Assert.java:88)
    at org.junit.Assert.failNotEquals(Assert.java:743)
    at org.junit.Assert.assertEquals(Assert.java:494)
    at org.apache.commons.math.util.FastMathTest.testMinMaxFloat(FastMathTest.java:103)
    at sun.reflect.NativeMethodAccessorImpl.invoke0(Native Method)
    at sun.reflect.NativeMethodAccessorImpl.invoke(NativeMethodAccessorImpl.java:62)
17:57:09.257 [pool-144-thread-1] INFO  xxl.java.junit.TestCasesListener - Tests run finished (15232 ms)
<> Total tests run: 29
<> Ignored tests: 1
<> Failed tests: 1
~ testMinMaxFloat(org.apache.commons.math.util.FastMathTest)
[max(50.0, -50.0) expected:<50.0> but was:<-50.0>]
java.lang.AssertionError: max(50.0, -50.0) expected:<50.0> but was:<-50.0>    at org.junit.Assert.fail(Assert.java:88)
    at org.junit.Assert.failNotEquals(Assert.java:743)
    at org.junit.Assert.assertEquals(Assert.java:494)
    at org.apache.commons.math.util.FastMathTest.testMinMaxFloat(FastMathTest.java:103)
    at sun.reflect.NativeMethodAccessorImpl.invoke0(Native Method)
    at sun.reflect.NativeMethodAccessorImpl.invoke(NativeMethodAccessorImpl.java:62)

17:57:09.766 [pool-2-thread-1] DEBUG fr.inria.lille.repair.nopol.NoPol - statement #47
17:57:09.767 [pool-2-thread-1] DEBUG fr.inria.lille.repair.nopol.NoPol - Analysing SourceLocation org.apache.commons.math.dfp.DfpField:546 which is executed by 56 tests
1857420685
17:57:09.910 [pool-2-thread-1] DEBUG fr.inria.lille.repair.nopol.NoPol - looking with class fr.inria.lille.repair.nopol.spoon.smt.ConditionalAdder
java.lang.AssertionError: max(50.0, -50.0) expected:<50.0> but was:<-50.0>
    at org.junit.Assert.fail(Assert.java:88)
    at org.junit.Assert.failNotEquals(Assert.java:743)
    at org.junit.Assert.assertEquals(Assert.java:494)
    at org.apache.commons.math.util.FastMathTest.testMinMaxFloat(FastMathTest.java:103)
    at sun.reflect.NativeMethodAccessorImpl.invoke0(Native Method)
    at sun.reflect.NativeMethodAccessorImpl.invoke(NativeMethodAccessorImpl.java:62)
17:57:24.994 [pool-148-thread-1] INFO  xxl.java.junit.TestCasesListener - Tests run finished (15075 ms)
<> Total tests run: 29
<> Ignored tests: 1
<> Failed tests: 1
~ testMinMaxFloat(org.apache.commons.math.util.FastMathTest)
[max(50.0, -50.0) expected:<50.0> but was:<-50.0>]
java.lang.AssertionError: max(50.0, -50.0) expected:<50.0> but was:<-50.0>    at org.junit.Assert.fail(Assert.java:88)
    at org.junit.Assert.failNotEquals(Assert.java:743)
    at org.junit.Assert.assertEquals(Assert.java:494)
    at org.apache.commons.math.util.FastMathTest.testMinMaxFloat(FastMathTest.java:103)
    at sun.reflect.NativeMethodAccessorImpl.invoke0(Native Method)
    at sun.reflect.NativeMethodAccessorImpl.invoke(NativeMethodAccessorImpl.java:62)

17:57:25.500 [pool-2-thread-1] DEBUG fr.inria.lille.repair.nopol.NoPol - looking with class fr.inria.lille.repair.nopol.spoon.smt.ConditionalReplacer
java.lang.AssertionError: max(50.0, -50.0) expected:<50.0> but was:<-50.0>
    at org.junit.Assert.fail(Assert.java:88)
    at org.junit.Assert.failNotEquals(Assert.java:743)
    at org.junit.Assert.assertEquals(Assert.java:494)
    at org.apache.commons.math.util.FastMathTest.testMinMaxFloat(FastMathTest.java:103)
    at sun.reflect.NativeMethodAccessorImpl.invoke0(Native Method)
    at sun.reflect.NativeMethodAccessorImpl.invoke(NativeMethodAccessorImpl.java:62)
17:57:40.718 [pool-152-thread-1] INFO  xxl.java.junit.TestCasesListener - Tests run finished (15209 ms)
<> Total tests run: 29
<> Ignored tests: 1
<> Failed tests: 1
~ testMinMaxFloat(org.apache.commons.math.util.FastMathTest)
[max(50.0, -50.0) expected:<50.0> but was:<-50.0>]
java.lang.AssertionError: max(50.0, -50.0) expected:<50.0> but was:<-50.0>    at org.junit.Assert.fail(Assert.java:88)
    at org.junit.Assert.failNotEquals(Assert.java:743)
    at org.junit.Assert.assertEquals(Assert.java:494)
    at org.apache.commons.math.util.FastMathTest.testMinMaxFloat(FastMathTest.java:103)
    at sun.reflect.NativeMethodAccessorImpl.invoke0(Native Method)
    at sun.reflect.NativeMethodAccessorImpl.invoke(NativeMethodAccessorImpl.java:62)

17:57:41.190 [pool-2-thread-1] DEBUG fr.inria.lille.repair.nopol.NoPol - statement #48
17:57:41.191 [pool-2-thread-1] DEBUG fr.inria.lille.repair.nopol.NoPol - Analysing SourceLocation org.apache.commons.math.dfp.DfpField:543 which is executed by 56 tests
1857420685
17:57:41.327 [pool-2-thread-1] DEBUG fr.inria.lille.repair.nopol.NoPol - looking with class fr.inria.lille.repair.nopol.spoon.smt.ConditionalAdder
java.lang.AssertionError: max(50.0, -50.0) expected:<50.0> but was:<-50.0>
    at org.junit.Assert.fail(Assert.java:88)
    at org.junit.Assert.failNotEquals(Assert.java:743)
    at org.junit.Assert.assertEquals(Assert.java:494)
    at org.apache.commons.math.util.FastMathTest.testMinMaxFloat(FastMathTest.java:103)
    at sun.reflect.NativeMethodAccessorImpl.invoke0(Native Method)
    at sun.reflect.NativeMethodAccessorImpl.invoke(NativeMethodAccessorImpl.java:62)
17:57:56.718 [pool-156-thread-1] INFO  xxl.java.junit.TestCasesListener - Tests run finished (15381 ms)
<> Total tests run: 29
<> Ignored tests: 1
<> Failed tests: 1
~ testMinMaxFloat(org.apache.commons.math.util.FastMathTest)
[max(50.0, -50.0) expected:<50.0> but was:<-50.0>]
java.lang.AssertionError: max(50.0, -50.0) expected:<50.0> but was:<-50.0>    at org.junit.Assert.fail(Assert.java:88)
    at org.junit.Assert.failNotEquals(Assert.java:743)
    at org.junit.Assert.assertEquals(Assert.java:494)
    at org.apache.commons.math.util.FastMathTest.testMinMaxFloat(FastMathTest.java:103)
    at sun.reflect.NativeMethodAccessorImpl.invoke0(Native Method)
    at sun.reflect.NativeMethodAccessorImpl.invoke(NativeMethodAccessorImpl.java:62)

17:57:57.233 [pool-2-thread-1] DEBUG fr.inria.lille.repair.nopol.NoPol - statement #49
17:57:57.234 [pool-2-thread-1] DEBUG fr.inria.lille.repair.nopol.NoPol - Analysing SourceLocation org.apache.commons.math.dfp.DfpField:542 which is executed by 56 tests
1857420685
17:57:57.387 [pool-2-thread-1] DEBUG fr.inria.lille.repair.nopol.NoPol - looking with class fr.inria.lille.repair.nopol.spoon.smt.ConditionalAdder
java.lang.AssertionError: max(50.0, -50.0) expected:<50.0> but was:<-50.0>
    at org.junit.Assert.fail(Assert.java:88)
    at org.junit.Assert.failNotEquals(Assert.java:743)
    at org.junit.Assert.assertEquals(Assert.java:494)
    at org.apache.commons.math.util.FastMathTest.testMinMaxFloat(FastMathTest.java:103)
    at sun.reflect.NativeMethodAccessorImpl.invoke0(Native Method)
    at sun.reflect.NativeMethodAccessorImpl.invoke(NativeMethodAccessorImpl.java:62)
17:58:12.567 [pool-160-thread-1] INFO  xxl.java.junit.TestCasesListener - Tests run finished (15171 ms)
<> Total tests run: 29
<> Ignored tests: 1
<> Failed tests: 1
~ testMinMaxFloat(org.apache.commons.math.util.FastMathTest)
[max(50.0, -50.0) expected:<50.0> but was:<-50.0>]
java.lang.AssertionError: max(50.0, -50.0) expected:<50.0> but was:<-50.0>    at org.junit.Assert.fail(Assert.java:88)
    at org.junit.Assert.failNotEquals(Assert.java:743)
    at org.junit.Assert.assertEquals(Assert.java:494)
    at org.apache.commons.math.util.FastMathTest.testMinMaxFloat(FastMathTest.java:103)
    at sun.reflect.NativeMethodAccessorImpl.invoke0(Native Method)
    at sun.reflect.NativeMethodAccessorImpl.invoke(NativeMethodAccessorImpl.java:62)

17:58:13.061 [pool-2-thread-1] DEBUG fr.inria.lille.repair.nopol.NoPol - statement #50
17:58:13.061 [pool-2-thread-1] DEBUG fr.inria.lille.repair.nopol.NoPol - Analysing SourceLocation org.apache.commons.math.dfp.DfpField:541 which is executed by 56 tests
1857420685
17:58:13.197 [pool-2-thread-1] DEBUG fr.inria.lille.repair.nopol.NoPol - looking with class fr.inria.lille.repair.nopol.spoon.smt.ConditionalAdder
java.lang.AssertionError: max(50.0, -50.0) expected:<50.0> but was:<-50.0>
    at org.junit.Assert.fail(Assert.java:88)
    at org.junit.Assert.failNotEquals(Assert.java:743)
    at org.junit.Assert.assertEquals(Assert.java:494)
    at org.apache.commons.math.util.FastMathTest.testMinMaxFloat(FastMathTest.java:103)
    at sun.reflect.NativeMethodAccessorImpl.invoke0(Native Method)
    at sun.reflect.NativeMethodAccessorImpl.invoke(NativeMethodAccessorImpl.java:62)
17:58:28.320 [pool-164-thread-1] INFO  xxl.java.junit.TestCasesListener - Tests run finished (15114 ms)
<> Total tests run: 29
<> Ignored tests: 1
<> Failed tests: 1
~ testMinMaxFloat(org.apache.commons.math.util.FastMathTest)
[max(50.0, -50.0) expected:<50.0> but was:<-50.0>]
java.lang.AssertionError: max(50.0, -50.0) expected:<50.0> but was:<-50.0>    at org.junit.Assert.fail(Assert.java:88)
    at org.junit.Assert.failNotEquals(Assert.java:743)
    at org.junit.Assert.assertEquals(Assert.java:494)
    at org.apache.commons.math.util.FastMathTest.testMinMaxFloat(FastMathTest.java:103)
    at sun.reflect.NativeMethodAccessorImpl.invoke0(Native Method)
    at sun.reflect.NativeMethodAccessorImpl.invoke(NativeMethodAccessorImpl.java:62)

17:58:28.776 [pool-2-thread-1] DEBUG fr.inria.lille.repair.nopol.NoPol - looking with class fr.inria.lille.repair.nopol.spoon.smt.ConditionalReplacer
java.lang.AssertionError: max(50.0, -50.0) expected:<50.0> but was:<-50.0>
    at org.junit.Assert.fail(Assert.java:88)
    at org.junit.Assert.failNotEquals(Assert.java:743)
    at org.junit.Assert.assertEquals(Assert.java:494)
    at org.apache.commons.math.util.FastMathTest.testMinMaxFloat(FastMathTest.java:103)
    at sun.reflect.NativeMethodAccessorImpl.invoke0(Native Method)
    at sun.reflect.NativeMethodAccessorImpl.invoke(NativeMethodAccessorImpl.java:62)
17:58:43.816 [pool-168-thread-1] INFO  xxl.java.junit.TestCasesListener - Tests run finished (15032 ms)
<> Total tests run: 29
<> Ignored tests: 1
<> Failed tests: 1
~ testMinMaxFloat(org.apache.commons.math.util.FastMathTest)
[max(50.0, -50.0) expected:<50.0> but was:<-50.0>]
java.lang.AssertionError: max(50.0, -50.0) expected:<50.0> but was:<-50.0>    at org.junit.Assert.fail(Assert.java:88)
    at org.junit.Assert.failNotEquals(Assert.java:743)
    at org.junit.Assert.assertEquals(Assert.java:494)
    at org.apache.commons.math.util.FastMathTest.testMinMaxFloat(FastMathTest.java:103)
    at sun.reflect.NativeMethodAccessorImpl.invoke0(Native Method)
    at sun.reflect.NativeMethodAccessorImpl.invoke(NativeMethodAccessorImpl.java:62)

17:58:44.242 [pool-2-thread-1] DEBUG fr.inria.lille.repair.nopol.NoPol - statement #51
17:58:44.242 [pool-2-thread-1] DEBUG fr.inria.lille.repair.nopol.NoPol - Analysing SourceLocation org.apache.commons.math.dfp.DfpField:538 which is executed by 56 tests
1857420685
17:58:44.378 [pool-2-thread-1] DEBUG fr.inria.lille.repair.nopol.NoPol - looking with class fr.inria.lille.repair.nopol.spoon.smt.ConditionalAdder
java.lang.AssertionError: max(50.0, -50.0) expected:<50.0> but was:<-50.0>
    at org.junit.Assert.fail(Assert.java:88)
    at org.junit.Assert.failNotEquals(Assert.java:743)
    at org.junit.Assert.assertEquals(Assert.java:494)
    at org.apache.commons.math.util.FastMathTest.testMinMaxFloat(FastMathTest.java:103)
    at sun.reflect.NativeMethodAccessorImpl.invoke0(Native Method)
    at sun.reflect.NativeMethodAccessorImpl.invoke(NativeMethodAccessorImpl.java:62)
17:58:59.578 [pool-172-thread-1] INFO  xxl.java.junit.TestCasesListener - Tests run finished (15190 ms)
<> Total tests run: 29
<> Ignored tests: 1
<> Failed tests: 1
~ testMinMaxFloat(org.apache.commons.math.util.FastMathTest)
[max(50.0, -50.0) expected:<50.0> but was:<-50.0>]
java.lang.AssertionError: max(50.0, -50.0) expected:<50.0> but was:<-50.0>    at org.junit.Assert.fail(Assert.java:88)
    at org.junit.Assert.failNotEquals(Assert.java:743)
    at org.junit.Assert.assertEquals(Assert.java:494)
    at org.apache.commons.math.util.FastMathTest.testMinMaxFloat(FastMathTest.java:103)
    at sun.reflect.NativeMethodAccessorImpl.invoke0(Native Method)
    at sun.reflect.NativeMethodAccessorImpl.invoke(NativeMethodAccessorImpl.java:62)

17:59:00.035 [pool-2-thread-1] DEBUG fr.inria.lille.repair.nopol.NoPol - statement #52
17:59:00.035 [pool-2-thread-1] DEBUG fr.inria.lille.repair.nopol.NoPol - Analysing SourceLocation org.apache.commons.math.dfp.DfpField:537 which is executed by 56 tests
1857420685
17:59:00.170 [pool-2-thread-1] DEBUG fr.inria.lille.repair.nopol.NoPol - looking with class fr.inria.lille.repair.nopol.spoon.smt.ConditionalAdder
java.lang.AssertionError: max(50.0, -50.0) expected:<50.0> but was:<-50.0>
    at org.junit.Assert.fail(Assert.java:88)
    at org.junit.Assert.failNotEquals(Assert.java:743)
    at org.junit.Assert.assertEquals(Assert.java:494)
    at org.apache.commons.math.util.FastMathTest.testMinMaxFloat(FastMathTest.java:103)
    at sun.reflect.NativeMethodAccessorImpl.invoke0(Native Method)
    at sun.reflect.NativeMethodAccessorImpl.invoke(NativeMethodAccessorImpl.java:62)
17:59:15.435 [pool-176-thread-1] INFO  xxl.java.junit.TestCasesListener - Tests run finished (15254 ms)
<> Total tests run: 29
<> Ignored tests: 1
<> Failed tests: 1
~ testMinMaxFloat(org.apache.commons.math.util.FastMathTest)
[max(50.0, -50.0) expected:<50.0> but was:<-50.0>]
java.lang.AssertionError: max(50.0, -50.0) expected:<50.0> but was:<-50.0>    at org.junit.Assert.fail(Assert.java:88)
    at org.junit.Assert.failNotEquals(Assert.java:743)
    at org.junit.Assert.assertEquals(Assert.java:494)
    at org.apache.commons.math.util.FastMathTest.testMinMaxFloat(FastMathTest.java:103)
    at sun.reflect.NativeMethodAccessorImpl.invoke0(Native Method)
    at sun.reflect.NativeMethodAccessorImpl.invoke(NativeMethodAccessorImpl.java:62)

17:59:15.895 [pool-2-thread-1] DEBUG fr.inria.lille.repair.nopol.NoPol - statement #53
17:59:15.896 [pool-2-thread-1] DEBUG fr.inria.lille.repair.nopol.NoPol - Analysing SourceLocation org.apache.commons.math.dfp.DfpField:536 which is executed by 56 tests
1857420685
17:59:16.031 [pool-2-thread-1] DEBUG fr.inria.lille.repair.nopol.NoPol - looking with class fr.inria.lille.repair.nopol.spoon.smt.ConditionalAdder
java.lang.AssertionError: max(50.0, -50.0) expected:<50.0> but was:<-50.0>
    at org.junit.Assert.fail(Assert.java:88)
    at org.junit.Assert.failNotEquals(Assert.java:743)
    at org.junit.Assert.assertEquals(Assert.java:494)
    at org.apache.commons.math.util.FastMathTest.testMinMaxFloat(FastMathTest.java:103)
    at sun.reflect.NativeMethodAccessorImpl.invoke0(Native Method)
    at sun.reflect.NativeMethodAccessorImpl.invoke(NativeMethodAccessorImpl.java:62)
17:59:31.298 [pool-180-thread-1] INFO  xxl.java.junit.TestCasesListener - Tests run finished (15257 ms)
<> Total tests run: 29
<> Ignored tests: 1
<> Failed tests: 1
~ testMinMaxFloat(org.apache.commons.math.util.FastMathTest)
[max(50.0, -50.0) expected:<50.0> but was:<-50.0>]
java.lang.AssertionError: max(50.0, -50.0) expected:<50.0> but was:<-50.0>    at org.junit.Assert.fail(Assert.java:88)
    at org.junit.Assert.failNotEquals(Assert.java:743)
    at org.junit.Assert.assertEquals(Assert.java:494)
    at org.apache.commons.math.util.FastMathTest.testMinMaxFloat(FastMathTest.java:103)
    at sun.reflect.NativeMethodAccessorImpl.invoke0(Native Method)
    at sun.reflect.NativeMethodAccessorImpl.invoke(NativeMethodAccessorImpl.java:62)

17:59:31.771 [pool-2-thread-1] DEBUG fr.inria.lille.repair.nopol.NoPol - looking with class fr.inria.lille.repair.nopol.spoon.smt.ConditionalReplacer
java.lang.AssertionError: max(50.0, -50.0) expected:<50.0> but was:<-50.0>
    at org.junit.Assert.fail(Assert.java:88)
    at org.junit.Assert.failNotEquals(Assert.java:743)
    at org.junit.Assert.assertEquals(Assert.java:494)
    at org.apache.commons.math.util.FastMathTest.testMinMaxFloat(FastMathTest.java:103)
    at sun.reflect.NativeMethodAccessorImpl.invoke0(Native Method)
    at sun.reflect.NativeMethodAccessorImpl.invoke(NativeMethodAccessorImpl.java:62)
17:59:46.929 [pool-184-thread-1] INFO  xxl.java.junit.TestCasesListener - Tests run finished (15149 ms)
<> Total tests run: 29
<> Ignored tests: 1
<> Failed tests: 1
~ testMinMaxFloat(org.apache.commons.math.util.FastMathTest)
[max(50.0, -50.0) expected:<50.0> but was:<-50.0>]
java.lang.AssertionError: max(50.0, -50.0) expected:<50.0> but was:<-50.0>    at org.junit.Assert.fail(Assert.java:88)
    at org.junit.Assert.failNotEquals(Assert.java:743)
    at org.junit.Assert.assertEquals(Assert.java:494)
    at org.apache.commons.math.util.FastMathTest.testMinMaxFloat(FastMathTest.java:103)
    at sun.reflect.NativeMethodAccessorImpl.invoke0(Native Method)
    at sun.reflect.NativeMethodAccessorImpl.invoke(NativeMethodAccessorImpl.java:62)

17:59:47.381 [pool-2-thread-1] DEBUG fr.inria.lille.repair.nopol.NoPol - statement #54
17:59:47.381 [pool-2-thread-1] DEBUG fr.inria.lille.repair.nopol.NoPol - Analysing SourceLocation org.apache.commons.math.dfp.DfpField:533 which is executed by 56 tests
1857420685
17:59:47.515 [pool-2-thread-1] DEBUG fr.inria.lille.repair.nopol.NoPol - looking with class fr.inria.lille.repair.nopol.spoon.smt.ConditionalAdder
java.lang.AssertionError: max(50.0, -50.0) expected:<50.0> but was:<-50.0>
    at org.junit.Assert.fail(Assert.java:88)
    at org.junit.Assert.failNotEquals(Assert.java:743)
    at org.junit.Assert.assertEquals(Assert.java:494)
    at org.apache.commons.math.util.FastMathTest.testMinMaxFloat(FastMathTest.java:103)
    at sun.reflect.NativeMethodAccessorImpl.invoke0(Native Method)
    at sun.reflect.NativeMethodAccessorImpl.invoke(NativeMethodAccessorImpl.java:62)
18:00:02.731 [pool-188-thread-1] INFO  xxl.java.junit.TestCasesListener - Tests run finished (15206 ms)
<> Total tests run: 29
<> Ignored tests: 1
<> Failed tests: 1
~ testMinMaxFloat(org.apache.commons.math.util.FastMathTest)
[max(50.0, -50.0) expected:<50.0> but was:<-50.0>]
java.lang.AssertionError: max(50.0, -50.0) expected:<50.0> but was:<-50.0>    at org.junit.Assert.fail(Assert.java:88)
    at org.junit.Assert.failNotEquals(Assert.java:743)
    at org.junit.Assert.assertEquals(Assert.java:494)
    at org.apache.commons.math.util.FastMathTest.testMinMaxFloat(FastMathTest.java:103)
    at sun.reflect.NativeMethodAccessorImpl.invoke0(Native Method)
    at sun.reflect.NativeMethodAccessorImpl.invoke(NativeMethodAccessorImpl.java:62)

18:00:03.196 [pool-2-thread-1] DEBUG fr.inria.lille.repair.nopol.NoPol - statement #55
18:00:03.197 [pool-2-thread-1] DEBUG fr.inria.lille.repair.nopol.NoPol - Analysing SourceLocation org.apache.commons.math.dfp.DfpField:532 which is executed by 56 tests
1857420685
18:00:03.332 [pool-2-thread-1] DEBUG fr.inria.lille.repair.nopol.NoPol - looking with class fr.inria.lille.repair.nopol.spoon.smt.ConditionalAdder
java.lang.AssertionError: max(50.0, -50.0) expected:<50.0> but was:<-50.0>
    at org.junit.Assert.fail(Assert.java:88)
    at org.junit.Assert.failNotEquals(Assert.java:743)
    at org.junit.Assert.assertEquals(Assert.java:494)
    at org.apache.commons.math.util.FastMathTest.testMinMaxFloat(FastMathTest.java:103)
    at sun.reflect.NativeMethodAccessorImpl.invoke0(Native Method)
    at sun.reflect.NativeMethodAccessorImpl.invoke(NativeMethodAccessorImpl.java:62)
18:00:18.519 [pool-192-thread-1] INFO  xxl.java.junit.TestCasesListener - Tests run finished (15177 ms)
<> Total tests run: 29
<> Ignored tests: 1
<> Failed tests: 1
~ testMinMaxFloat(org.apache.commons.math.util.FastMathTest)
[max(50.0, -50.0) expected:<50.0> but was:<-50.0>]
java.lang.AssertionError: max(50.0, -50.0) expected:<50.0> but was:<-50.0>    at org.junit.Assert.fail(Assert.java:88)
    at org.junit.Assert.failNotEquals(Assert.java:743)
    at org.junit.Assert.assertEquals(Assert.java:494)
    at org.apache.commons.math.util.FastMathTest.testMinMaxFloat(FastMathTest.java:103)
    at sun.reflect.NativeMethodAccessorImpl.invoke0(Native Method)
    at sun.reflect.NativeMethodAccessorImpl.invoke(NativeMethodAccessorImpl.java:62)

18:00:19.057 [pool-2-thread-1] DEBUG fr.inria.lille.repair.nopol.NoPol - looking with class fr.inria.lille.repair.nopol.spoon.smt.ConditionalReplacer
java.lang.AssertionError: max(50.0, -50.0) expected:<50.0> but was:<-50.0>
    at org.junit.Assert.fail(Assert.java:88)
    at org.junit.Assert.failNotEquals(Assert.java:743)
    at org.junit.Assert.assertEquals(Assert.java:494)
    at org.apache.commons.math.util.FastMathTest.testMinMaxFloat(FastMathTest.java:103)
    at sun.reflect.NativeMethodAccessorImpl.invoke0(Native Method)
    at sun.reflect.NativeMethodAccessorImpl.invoke(NativeMethodAccessorImpl.java:62)
18:00:34.232 [pool-196-thread-1] INFO  xxl.java.junit.TestCasesListener - Tests run finished (15165 ms)
<> Total tests run: 29
<> Ignored tests: 1
<> Failed tests: 1
~ testMinMaxFloat(org.apache.commons.math.util.FastMathTest)
[max(50.0, -50.0) expected:<50.0> but was:<-50.0>]
java.lang.AssertionError: max(50.0, -50.0) expected:<50.0> but was:<-50.0>    at org.junit.Assert.fail(Assert.java:88)
    at org.junit.Assert.failNotEquals(Assert.java:743)
    at org.junit.Assert.assertEquals(Assert.java:494)
    at org.apache.commons.math.util.FastMathTest.testMinMaxFloat(FastMathTest.java:103)
    at sun.reflect.NativeMethodAccessorImpl.invoke0(Native Method)
    at sun.reflect.NativeMethodAccessorImpl.invoke(NativeMethodAccessorImpl.java:62)

18:00:34.681 [pool-2-thread-1] DEBUG fr.inria.lille.repair.nopol.NoPol - statement #56
18:00:34.682 [pool-2-thread-1] DEBUG fr.inria.lille.repair.nopol.NoPol - Analysing SourceLocation org.apache.commons.math.dfp.DfpField:530 which is executed by 56 tests
1857420685
18:00:34.816 [pool-2-thread-1] DEBUG fr.inria.lille.repair.nopol.NoPol - looking with class fr.inria.lille.repair.nopol.spoon.smt.ConditionalAdder
java.lang.AssertionError: max(50.0, -50.0) expected:<50.0> but was:<-50.0>
    at org.junit.Assert.fail(Assert.java:88)
    at org.junit.Assert.failNotEquals(Assert.java:743)
    at org.junit.Assert.assertEquals(Assert.java:494)
    at org.apache.commons.math.util.FastMathTest.testMinMaxFloat(FastMathTest.java:103)
    at sun.reflect.NativeMethodAccessorImpl.invoke0(Native Method)
    at sun.reflect.NativeMethodAccessorImpl.invoke(NativeMethodAccessorImpl.java:62)
18:00:49.869 [pool-200-thread-1] INFO  xxl.java.junit.TestCasesListener - Tests run finished (15045 ms)
<> Total tests run: 29
<> Ignored tests: 1
<> Failed tests: 1
~ testMinMaxFloat(org.apache.commons.math.util.FastMathTest)
[max(50.0, -50.0) expected:<50.0> but was:<-50.0>]
java.lang.AssertionError: max(50.0, -50.0) expected:<50.0> but was:<-50.0>    at org.junit.Assert.fail(Assert.java:88)
    at org.junit.Assert.failNotEquals(Assert.java:743)
    at org.junit.Assert.assertEquals(Assert.java:494)
    at org.apache.commons.math.util.FastMathTest.testMinMaxFloat(FastMathTest.java:103)
    at sun.reflect.NativeMethodAccessorImpl.invoke0(Native Method)
    at sun.reflect.NativeMethodAccessorImpl.invoke(NativeMethodAccessorImpl.java:62)

18:00:50.322 [pool-2-thread-1] DEBUG fr.inria.lille.repair.nopol.NoPol - statement #57
18:00:50.322 [pool-2-thread-1] DEBUG fr.inria.lille.repair.nopol.NoPol - Analysing SourceLocation org.apache.commons.math.dfp.DfpField:529 which is executed by 56 tests
1857420685
18:00:50.457 [pool-2-thread-1] DEBUG fr.inria.lille.repair.nopol.NoPol - looking with class fr.inria.lille.repair.nopol.spoon.smt.ConditionalAdder
java.lang.AssertionError: max(50.0, -50.0) expected:<50.0> but was:<-50.0>
    at org.junit.Assert.fail(Assert.java:88)
    at org.junit.Assert.failNotEquals(Assert.java:743)
    at org.junit.Assert.assertEquals(Assert.java:494)
    at org.apache.commons.math.util.FastMathTest.testMinMaxFloat(FastMathTest.java:103)
    at sun.reflect.NativeMethodAccessorImpl.invoke0(Native Method)
    at sun.reflect.NativeMethodAccessorImpl.invoke(NativeMethodAccessorImpl.java:62)
18:01:05.620 [pool-204-thread-1] INFO  xxl.java.junit.TestCasesListener - Tests run finished (15154 ms)
<> Total tests run: 29
<> Ignored tests: 1
<> Failed tests: 1
~ testMinMaxFloat(org.apache.commons.math.util.FastMathTest)
[max(50.0, -50.0) expected:<50.0> but was:<-50.0>]
java.lang.AssertionError: max(50.0, -50.0) expected:<50.0> but was:<-50.0>    at org.junit.Assert.fail(Assert.java:88)
    at org.junit.Assert.failNotEquals(Assert.java:743)
    at org.junit.Assert.assertEquals(Assert.java:494)
    at org.apache.commons.math.util.FastMathTest.testMinMaxFloat(FastMathTest.java:103)
    at sun.reflect.NativeMethodAccessorImpl.invoke0(Native Method)
    at sun.reflect.NativeMethodAccessorImpl.invoke(NativeMethodAccessorImpl.java:62)

18:01:06.086 [pool-2-thread-1] DEBUG fr.inria.lille.repair.nopol.NoPol - statement #58
18:01:06.086 [pool-2-thread-1] DEBUG fr.inria.lille.repair.nopol.NoPol - Analysing SourceLocation org.apache.commons.math.dfp.DfpField:527 which is executed by 56 tests
1857420685
18:01:06.221 [pool-2-thread-1] DEBUG fr.inria.lille.repair.nopol.NoPol - statement #59
18:01:06.221 [pool-2-thread-1] DEBUG fr.inria.lille.repair.nopol.NoPol - Analysing SourceLocation org.apache.commons.math.dfp.DfpField:525 which is executed by 56 tests
1857420685
18:01:06.355 [pool-2-thread-1] DEBUG fr.inria.lille.repair.nopol.NoPol - statement #60
18:01:06.355 [pool-2-thread-1] DEBUG fr.inria.lille.repair.nopol.NoPol - Analysing SourceLocation org.apache.commons.math.dfp.DfpField:524 which is executed by 56 tests
1857420685
18:01:06.489 [pool-2-thread-1] DEBUG fr.inria.lille.repair.nopol.NoPol - statement #61
18:01:06.489 [pool-2-thread-1] DEBUG fr.inria.lille.repair.nopol.NoPol - Analysing SourceLocation org.apache.commons.math.dfp.DfpField:523 which is executed by 56 tests
1857420685
18:01:06.623 [pool-2-thread-1] DEBUG fr.inria.lille.repair.nopol.NoPol - statement #62
18:01:06.623 [pool-2-thread-1] DEBUG fr.inria.lille.repair.nopol.NoPol - Analysing SourceLocation org.apache.commons.math.dfp.DfpField:522 which is executed by 56 tests
1857420685
18:01:06.756 [pool-2-thread-1] DEBUG fr.inria.lille.repair.nopol.NoPol - statement #63
18:01:06.757 [pool-2-thread-1] DEBUG fr.inria.lille.repair.nopol.NoPol - Analysing SourceLocation org.apache.commons.math.dfp.DfpField:329 which is executed by 56 tests
1857420685
18:01:06.892 [pool-2-thread-1] DEBUG fr.inria.lille.repair.nopol.NoPol - statement #64
18:01:06.892 [pool-2-thread-1] DEBUG fr.inria.lille.repair.nopol.NoPol - Analysing SourceLocation org.apache.commons.math.dfp.DfpField:328 which is executed by 56 tests
1857420685
18:01:07.027 [pool-2-thread-1] DEBUG fr.inria.lille.repair.nopol.NoPol - looking with class fr.inria.lille.repair.nopol.spoon.smt.ConditionalAdder
java.lang.AssertionError: max(50.0, -50.0) expected:<50.0> but was:<-50.0>
    at org.junit.Assert.fail(Assert.java:88)
    at org.junit.Assert.failNotEquals(Assert.java:743)
    at org.junit.Assert.assertEquals(Assert.java:494)
    at org.apache.commons.math.util.FastMathTest.testMinMaxFloat(FastMathTest.java:103)
    at sun.reflect.NativeMethodAccessorImpl.invoke0(Native Method)
    at sun.reflect.NativeMethodAccessorImpl.invoke(NativeMethodAccessorImpl.java:62)
18:01:22.326 [pool-208-thread-1] INFO  xxl.java.junit.TestCasesListener - Tests run finished (15290 ms)
<> Total tests run: 29
<> Ignored tests: 1
<> Failed tests: 1
~ testMinMaxFloat(org.apache.commons.math.util.FastMathTest)
[max(50.0, -50.0) expected:<50.0> but was:<-50.0>]
java.lang.AssertionError: max(50.0, -50.0) expected:<50.0> but was:<-50.0>    at org.junit.Assert.fail(Assert.java:88)
    at org.junit.Assert.failNotEquals(Assert.java:743)
    at org.junit.Assert.assertEquals(Assert.java:494)
    at org.apache.commons.math.util.FastMathTest.testMinMaxFloat(FastMathTest.java:103)
    at sun.reflect.NativeMethodAccessorImpl.invoke0(Native Method)
    at sun.reflect.NativeMethodAccessorImpl.invoke(NativeMethodAccessorImpl.java:62)

18:01:22.779 [pool-2-thread-1] DEBUG fr.inria.lille.repair.nopol.NoPol - statement #65
18:01:22.779 [pool-2-thread-1] DEBUG fr.inria.lille.repair.nopol.NoPol - Analysing SourceLocation org.apache.commons.math.dfp.DfpField:266 which is executed by 56 tests
1857420685
18:01:22.913 [pool-2-thread-1] DEBUG fr.inria.lille.repair.nopol.NoPol - statement #66
18:01:22.914 [pool-2-thread-1] DEBUG fr.inria.lille.repair.nopol.NoPol - Analysing SourceLocation org.apache.commons.math.dfp.DfpField:248 which is executed by 56 tests
1857420685
18:01:23.048 [pool-2-thread-1] DEBUG fr.inria.lille.repair.nopol.NoPol - statement #67
18:01:23.048 [pool-2-thread-1] DEBUG fr.inria.lille.repair.nopol.NoPol - Analysing SourceLocation org.apache.commons.math.dfp.Dfp:1401 which is executed by 56 tests
68623
18:01:23.232 [pool-2-thread-1] DEBUG fr.inria.lille.repair.nopol.NoPol - statement #68
18:01:23.233 [pool-2-thread-1] DEBUG fr.inria.lille.repair.nopol.NoPol - Analysing SourceLocation org.apache.commons.math.dfp.Dfp:1398 which is executed by 56 tests
68623
18:01:23.412 [pool-2-thread-1] DEBUG fr.inria.lille.repair.nopol.NoPol - looking with class fr.inria.lille.repair.nopol.spoon.smt.ConditionalAdder
java.lang.AssertionError: max(50.0, -50.0) expected:<50.0> but was:<-50.0>
    at org.junit.Assert.fail(Assert.java:88)
    at org.junit.Assert.failNotEquals(Assert.java:743)
    at org.junit.Assert.assertEquals(Assert.java:494)
    at org.apache.commons.math.util.FastMathTest.testMinMaxFloat(FastMathTest.java:103)
    at sun.reflect.NativeMethodAccessorImpl.invoke0(Native Method)
    at sun.reflect.NativeMethodAccessorImpl.invoke(NativeMethodAccessorImpl.java:62)
18:01:38.602 [pool-212-thread-1] INFO  xxl.java.junit.TestCasesListener - Tests run finished (15180 ms)
<> Total tests run: 29
<> Ignored tests: 1
<> Failed tests: 1
~ testMinMaxFloat(org.apache.commons.math.util.FastMathTest)
[max(50.0, -50.0) expected:<50.0> but was:<-50.0>]
java.lang.AssertionError: max(50.0, -50.0) expected:<50.0> but was:<-50.0>    at org.junit.Assert.fail(Assert.java:88)
    at org.junit.Assert.failNotEquals(Assert.java:743)
    at org.junit.Assert.assertEquals(Assert.java:494)
    at org.apache.commons.math.util.FastMathTest.testMinMaxFloat(FastMathTest.java:103)
    at sun.reflect.NativeMethodAccessorImpl.invoke0(Native Method)
    at sun.reflect.NativeMethodAccessorImpl.invoke(NativeMethodAccessorImpl.java:62)

18:01:39.381 [pool-2-thread-1] DEBUG fr.inria.lille.repair.nopol.NoPol - statement #69
18:01:39.381 [pool-2-thread-1] DEBUG fr.inria.lille.repair.nopol.NoPol - Analysing SourceLocation org.apache.commons.math.dfp.Dfp:1397 which is executed by 56 tests
68623
18:01:39.569 [pool-2-thread-1] DEBUG fr.inria.lille.repair.nopol.NoPol - looking with class fr.inria.lille.repair.nopol.spoon.smt.ConditionalAdder
java.lang.AssertionError: max(50.0, -50.0) expected:<50.0> but was:<-50.0>
    at org.junit.Assert.fail(Assert.java:88)
    at org.junit.Assert.failNotEquals(Assert.java:743)
    at org.junit.Assert.assertEquals(Assert.java:494)
    at org.apache.commons.math.util.FastMathTest.testMinMaxFloat(FastMathTest.java:103)
    at sun.reflect.NativeMethodAccessorImpl.invoke0(Native Method)
    at sun.reflect.NativeMethodAccessorImpl.invoke(NativeMethodAccessorImpl.java:62)
18:01:54.699 [pool-216-thread-1] INFO  xxl.java.junit.TestCasesListener - Tests run finished (15121 ms)
<> Total tests run: 29
<> Ignored tests: 1
<> Failed tests: 1
~ testMinMaxFloat(org.apache.commons.math.util.FastMathTest)
[max(50.0, -50.0) expected:<50.0> but was:<-50.0>]
java.lang.AssertionError: max(50.0, -50.0) expected:<50.0> but was:<-50.0>    at org.junit.Assert.fail(Assert.java:88)
    at org.junit.Assert.failNotEquals(Assert.java:743)
    at org.junit.Assert.assertEquals(Assert.java:494)
    at org.apache.commons.math.util.FastMathTest.testMinMaxFloat(FastMathTest.java:103)
    at sun.reflect.NativeMethodAccessorImpl.invoke0(Native Method)
    at sun.reflect.NativeMethodAccessorImpl.invoke(NativeMethodAccessorImpl.java:62)

18:01:55.415 [pool-2-thread-1] DEBUG fr.inria.lille.repair.nopol.NoPol - statement #70
18:01:55.415 [pool-2-thread-1] DEBUG fr.inria.lille.repair.nopol.NoPol - Analysing SourceLocation org.apache.commons.math.dfp.Dfp:1395 which is executed by 56 tests
68623
18:01:55.607 [pool-2-thread-1] DEBUG fr.inria.lille.repair.nopol.NoPol - looking with class fr.inria.lille.repair.nopol.spoon.smt.ConditionalAdder
java.lang.AssertionError: max(50.0, -50.0) expected:<50.0> but was:<-50.0>
    at org.junit.Assert.fail(Assert.java:88)
    at org.junit.Assert.failNotEquals(Assert.java:743)
    at org.junit.Assert.assertEquals(Assert.java:494)
    at org.apache.commons.math.util.FastMathTest.testMinMaxFloat(FastMathTest.java:103)
    at sun.reflect.NativeMethodAccessorImpl.invoke0(Native Method)
    at sun.reflect.NativeMethodAccessorImpl.invoke(NativeMethodAccessorImpl.java:62)
18:02:10.666 [pool-220-thread-1] INFO  xxl.java.junit.TestCasesListener - Tests run finished (15050 ms)
<> Total tests run: 29
<> Ignored tests: 1
<> Failed tests: 1
~ testMinMaxFloat(org.apache.commons.math.util.FastMathTest)
[max(50.0, -50.0) expected:<50.0> but was:<-50.0>]
java.lang.AssertionError: max(50.0, -50.0) expected:<50.0> but was:<-50.0>    at org.junit.Assert.fail(Assert.java:88)
    at org.junit.Assert.failNotEquals(Assert.java:743)
    at org.junit.Assert.assertEquals(Assert.java:494)
    at org.apache.commons.math.util.FastMathTest.testMinMaxFloat(FastMathTest.java:103)
    at sun.reflect.NativeMethodAccessorImpl.invoke0(Native Method)
    at sun.reflect.NativeMethodAccessorImpl.invoke(NativeMethodAccessorImpl.java:62)

18:02:11.434 [pool-2-thread-1] DEBUG fr.inria.lille.repair.nopol.NoPol - looking with class fr.inria.lille.repair.nopol.spoon.smt.ConditionalReplacer
java.lang.AssertionError: max(50.0, -50.0) expected:<50.0> but was:<-50.0>
    at org.junit.Assert.fail(Assert.java:88)
    at org.junit.Assert.failNotEquals(Assert.java:743)
    at org.junit.Assert.assertEquals(Assert.java:494)
    at org.apache.commons.math.util.FastMathTest.testMinMaxFloat(FastMathTest.java:103)
    at sun.reflect.NativeMethodAccessorImpl.invoke0(Native Method)
    at sun.reflect.NativeMethodAccessorImpl.invoke(NativeMethodAccessorImpl.java:62)
18:02:26.604 [pool-224-thread-1] INFO  xxl.java.junit.TestCasesListener - Tests run finished (15161 ms)
<> Total tests run: 29
<> Ignored tests: 1
<> Failed tests: 1
~ testMinMaxFloat(org.apache.commons.math.util.FastMathTest)
[max(50.0, -50.0) expected:<50.0> but was:<-50.0>]
java.lang.AssertionError: max(50.0, -50.0) expected:<50.0> but was:<-50.0>    at org.junit.Assert.fail(Assert.java:88)
    at org.junit.Assert.failNotEquals(Assert.java:743)
    at org.junit.Assert.assertEquals(Assert.java:494)
    at org.apache.commons.math.util.FastMathTest.testMinMaxFloat(FastMathTest.java:103)
    at sun.reflect.NativeMethodAccessorImpl.invoke0(Native Method)
    at sun.reflect.NativeMethodAccessorImpl.invoke(NativeMethodAccessorImpl.java:62)

18:02:27.283 [pool-2-thread-1] DEBUG fr.inria.lille.repair.nopol.NoPol - statement #71
18:02:27.284 [pool-2-thread-1] DEBUG fr.inria.lille.repair.nopol.NoPol - Analysing SourceLocation org.apache.commons.math.dfp.Dfp:1389 which is executed by 56 tests
68623
18:02:27.469 [pool-2-thread-1] DEBUG fr.inria.lille.repair.nopol.NoPol - looking with class fr.inria.lille.repair.nopol.spoon.smt.ConditionalAdder
java.lang.AssertionError: max(50.0, -50.0) expected:<50.0> but was:<-50.0>
    at org.junit.Assert.fail(Assert.java:88)
    at org.junit.Assert.failNotEquals(Assert.java:743)
    at org.junit.Assert.assertEquals(Assert.java:494)
    at org.apache.commons.math.util.FastMathTest.testMinMaxFloat(FastMathTest.java:103)
    at sun.reflect.NativeMethodAccessorImpl.invoke0(Native Method)
    at sun.reflect.NativeMethodAccessorImpl.invoke(NativeMethodAccessorImpl.java:62)
18:02:42.522 [pool-228-thread-1] INFO  xxl.java.junit.TestCasesListener - Tests run finished (15044 ms)
<> Total tests run: 29
<> Ignored tests: 1
<> Failed tests: 1
~ testMinMaxFloat(org.apache.commons.math.util.FastMathTest)
[max(50.0, -50.0) expected:<50.0> but was:<-50.0>]
java.lang.AssertionError: max(50.0, -50.0) expected:<50.0> but was:<-50.0>    at org.junit.Assert.fail(Assert.java:88)
    at org.junit.Assert.failNotEquals(Assert.java:743)
    at org.junit.Assert.assertEquals(Assert.java:494)
    at org.apache.commons.math.util.FastMathTest.testMinMaxFloat(FastMathTest.java:103)
    at sun.reflect.NativeMethodAccessorImpl.invoke0(Native Method)
    at sun.reflect.NativeMethodAccessorImpl.invoke(NativeMethodAccessorImpl.java:62)

18:02:43.195 [pool-2-thread-1] DEBUG fr.inria.lille.repair.nopol.NoPol - looking with class fr.inria.lille.repair.nopol.spoon.smt.ConditionalReplacer
java.lang.AssertionError: max(50.0, -50.0) expected:<50.0> but was:<-50.0>
    at org.junit.Assert.fail(Assert.java:88)
    at org.junit.Assert.failNotEquals(Assert.java:743)
    at org.junit.Assert.assertEquals(Assert.java:494)
    at org.apache.commons.math.util.FastMathTest.testMinMaxFloat(FastMathTest.java:103)
    at sun.reflect.NativeMethodAccessorImpl.invoke0(Native Method)
    at sun.reflect.NativeMethodAccessorImpl.invoke(NativeMethodAccessorImpl.java:62)
18:02:58.400 [pool-232-thread-1] INFO  xxl.java.junit.TestCasesListener - Tests run finished (15196 ms)
<> Total tests run: 29
<> Ignored tests: 1
<> Failed tests: 1
~ testMinMaxFloat(org.apache.commons.math.util.FastMathTest)
[max(50.0, -50.0) expected:<50.0> but was:<-50.0>]
java.lang.AssertionError: max(50.0, -50.0) expected:<50.0> but was:<-50.0>    at org.junit.Assert.fail(Assert.java:88)
    at org.junit.Assert.failNotEquals(Assert.java:743)
    at org.junit.Assert.assertEquals(Assert.java:494)
    at org.apache.commons.math.util.FastMathTest.testMinMaxFloat(FastMathTest.java:103)
    at sun.reflect.NativeMethodAccessorImpl.invoke0(Native Method)
    at sun.reflect.NativeMethodAccessorImpl.invoke(NativeMethodAccessorImpl.java:62)

18:02:58.999 [pool-2-thread-1] DEBUG fr.inria.lille.repair.nopol.NoPol - statement #72
18:02:58.999 [pool-2-thread-1] DEBUG fr.inria.lille.repair.nopol.NoPol - Analysing SourceLocation org.apache.commons.math.dfp.Dfp:1383 which is executed by 56 tests
68623
18:02:59.174 [pool-2-thread-1] DEBUG fr.inria.lille.repair.nopol.NoPol - looking with class fr.inria.lille.repair.nopol.spoon.smt.ConditionalAdder
java.lang.AssertionError: max(50.0, -50.0) expected:<50.0> but was:<-50.0>
    at org.junit.Assert.fail(Assert.java:88)
    at org.junit.Assert.failNotEquals(Assert.java:743)
    at org.junit.Assert.assertEquals(Assert.java:494)
    at org.apache.commons.math.util.FastMathTest.testMinMaxFloat(FastMathTest.java:103)
    at sun.reflect.NativeMethodAccessorImpl.invoke0(Native Method)
    at sun.reflect.NativeMethodAccessorImpl.invoke(NativeMethodAccessorImpl.java:62)
18:03:14.333 [pool-236-thread-1] INFO  xxl.java.junit.TestCasesListener - Tests run finished (15149 ms)
<> Total tests run: 29
<> Ignored tests: 1
<> Failed tests: 1
~ testMinMaxFloat(org.apache.commons.math.util.FastMathTest)
[max(50.0, -50.0) expected:<50.0> but was:<-50.0>]
java.lang.AssertionError: max(50.0, -50.0) expected:<50.0> but was:<-50.0>    at org.junit.Assert.fail(Assert.java:88)
    at org.junit.Assert.failNotEquals(Assert.java:743)
    at org.junit.Assert.assertEquals(Assert.java:494)
    at org.apache.commons.math.util.FastMathTest.testMinMaxFloat(FastMathTest.java:103)
    at sun.reflect.NativeMethodAccessorImpl.invoke0(Native Method)
    at sun.reflect.NativeMethodAccessorImpl.invoke(NativeMethodAccessorImpl.java:62)

18:03:14.963 [pool-2-thread-1] DEBUG fr.inria.lille.repair.nopol.NoPol - looking with class fr.inria.lille.repair.nopol.spoon.smt.ConditionalReplacer
java.lang.AssertionError: max(50.0, -50.0) expected:<50.0> but was:<-50.0>
    at org.junit.Assert.fail(Assert.java:88)
    at org.junit.Assert.failNotEquals(Assert.java:743)
    at org.junit.Assert.assertEquals(Assert.java:494)
    at org.apache.commons.math.util.FastMathTest.testMinMaxFloat(FastMathTest.java:103)
    at sun.reflect.NativeMethodAccessorImpl.invoke0(Native Method)
    at sun.reflect.NativeMethodAccessorImpl.invoke(NativeMethodAccessorImpl.java:62)
18:03:30.350 [pool-240-thread-1] INFO  xxl.java.junit.TestCasesListener - Tests run finished (15378 ms)
<> Total tests run: 29
<> Ignored tests: 1
<> Failed tests: 1
~ testMinMaxFloat(org.apache.commons.math.util.FastMathTest)
[max(50.0, -50.0) expected:<50.0> but was:<-50.0>]
java.lang.AssertionError: max(50.0, -50.0) expected:<50.0> but was:<-50.0>    at org.junit.Assert.fail(Assert.java:88)
    at org.junit.Assert.failNotEquals(Assert.java:743)
    at org.junit.Assert.assertEquals(Assert.java:494)
    at org.apache.commons.math.util.FastMathTest.testMinMaxFloat(FastMathTest.java:103)
    at sun.reflect.NativeMethodAccessorImpl.invoke0(Native Method)
    at sun.reflect.NativeMethodAccessorImpl.invoke(NativeMethodAccessorImpl.java:62)

18:03:30.961 [pool-2-thread-1] DEBUG fr.inria.lille.repair.nopol.NoPol - statement #73
18:03:30.961 [pool-2-thread-1] DEBUG fr.inria.lille.repair.nopol.NoPol - Analysing SourceLocation org.apache.commons.math.dfp.Dfp:1376 which is executed by 56 tests
68623
18:03:31.136 [pool-2-thread-1] DEBUG fr.inria.lille.repair.nopol.NoPol - looking with class fr.inria.lille.repair.nopol.spoon.smt.ConditionalAdder
java.lang.AssertionError: max(50.0, -50.0) expected:<50.0> but was:<-50.0>
    at org.junit.Assert.fail(Assert.java:88)
    at org.junit.Assert.failNotEquals(Assert.java:743)
    at org.junit.Assert.assertEquals(Assert.java:494)
    at org.apache.commons.math.util.FastMathTest.testMinMaxFloat(FastMathTest.java:103)
    at sun.reflect.NativeMethodAccessorImpl.invoke0(Native Method)
    at sun.reflect.NativeMethodAccessorImpl.invoke(NativeMethodAccessorImpl.java:62)
18:03:46.404 [pool-244-thread-1] INFO  xxl.java.junit.TestCasesListener - Tests run finished (15260 ms)
<> Total tests run: 29
<> Ignored tests: 1
<> Failed tests: 1
~ testMinMaxFloat(org.apache.commons.math.util.FastMathTest)
[max(50.0, -50.0) expected:<50.0> but was:<-50.0>]
java.lang.AssertionError: max(50.0, -50.0) expected:<50.0> but was:<-50.0>    at org.junit.Assert.fail(Assert.java:88)
    at org.junit.Assert.failNotEquals(Assert.java:743)
    at org.junit.Assert.assertEquals(Assert.java:494)
    at org.apache.commons.math.util.FastMathTest.testMinMaxFloat(FastMathTest.java:103)
    at sun.reflect.NativeMethodAccessorImpl.invoke0(Native Method)
    at sun.reflect.NativeMethodAccessorImpl.invoke(NativeMethodAccessorImpl.java:62)

18:03:47.009 [pool-2-thread-1] DEBUG fr.inria.lille.repair.nopol.NoPol - looking with class fr.inria.lille.repair.nopol.spoon.smt.ConditionalReplacer
java.lang.AssertionError: max(50.0, -50.0) expected:<50.0> but was:<-50.0>
    at org.junit.Assert.fail(Assert.java:88)
    at org.junit.Assert.failNotEquals(Assert.java:743)
    at org.junit.Assert.assertEquals(Assert.java:494)
    at org.apache.commons.math.util.FastMathTest.testMinMaxFloat(FastMathTest.java:103)
    at sun.reflect.NativeMethodAccessorImpl.invoke0(Native Method)
    at sun.reflect.NativeMethodAccessorImpl.invoke(NativeMethodAccessorImpl.java:62)
18:04:02.271 [pool-248-thread-1] INFO  xxl.java.junit.TestCasesListener - Tests run finished (15253 ms)
<> Total tests run: 29
<> Ignored tests: 1
<> Failed tests: 1
~ testMinMaxFloat(org.apache.commons.math.util.FastMathTest)
[max(50.0, -50.0) expected:<50.0> but was:<-50.0>]
java.lang.AssertionError: max(50.0, -50.0) expected:<50.0> but was:<-50.0>    at org.junit.Assert.fail(Assert.java:88)
    at org.junit.Assert.failNotEquals(Assert.java:743)
    at org.junit.Assert.assertEquals(Assert.java:494)
    at org.apache.commons.math.util.FastMathTest.testMinMaxFloat(FastMathTest.java:103)
    at sun.reflect.NativeMethodAccessorImpl.invoke0(Native Method)
    at sun.reflect.NativeMethodAccessorImpl.invoke(NativeMethodAccessorImpl.java:62)

18:04:02.864 [pool-2-thread-1] DEBUG fr.inria.lille.repair.nopol.NoPol - statement #74
18:04:02.864 [pool-2-thread-1] DEBUG fr.inria.lille.repair.nopol.NoPol - Analysing SourceLocation org.apache.commons.math.dfp.Dfp:1373 which is executed by 56 tests
68623
18:04:03.042 [pool-2-thread-1] DEBUG fr.inria.lille.repair.nopol.NoPol - looking with class fr.inria.lille.repair.nopol.spoon.smt.ConditionalAdder
java.lang.AssertionError: max(50.0, -50.0) expected:<50.0> but was:<-50.0>
    at org.junit.Assert.fail(Assert.java:88)
    at org.junit.Assert.failNotEquals(Assert.java:743)
    at org.junit.Assert.assertEquals(Assert.java:494)
    at org.apache.commons.math.util.FastMathTest.testMinMaxFloat(FastMathTest.java:103)
    at sun.reflect.NativeMethodAccessorImpl.invoke0(Native Method)
    at sun.reflect.NativeMethodAccessorImpl.invoke(NativeMethodAccessorImpl.java:62)
18:04:18.321 [pool-252-thread-1] INFO  xxl.java.junit.TestCasesListener - Tests run finished (15267 ms)
<> Total tests run: 29
<> Ignored tests: 1
<> Failed tests: 1
~ testMinMaxFloat(org.apache.commons.math.util.FastMathTest)
[max(50.0, -50.0) expected:<50.0> but was:<-50.0>]
java.lang.AssertionError: max(50.0, -50.0) expected:<50.0> but was:<-50.0>    at org.junit.Assert.fail(Assert.java:88)
    at org.junit.Assert.failNotEquals(Assert.java:743)
    at org.junit.Assert.assertEquals(Assert.java:494)
    at org.apache.commons.math.util.FastMathTest.testMinMaxFloat(FastMathTest.java:103)
    at sun.reflect.NativeMethodAccessorImpl.invoke0(Native Method)
    at sun.reflect.NativeMethodAccessorImpl.invoke(NativeMethodAccessorImpl.java:62)

18:04:18.955 [pool-2-thread-1] DEBUG fr.inria.lille.repair.nopol.NoPol - statement #75
18:04:18.956 [pool-2-thread-1] DEBUG fr.inria.lille.repair.nopol.NoPol - Analysing SourceLocation org.apache.commons.math.dfp.Dfp:1372 which is executed by 56 tests
68623
18:04:19.129 [pool-2-thread-1] DEBUG fr.inria.lille.repair.nopol.NoPol - looking with class fr.inria.lille.repair.nopol.spoon.smt.ConditionalAdder
java.lang.AssertionError: max(50.0, -50.0) expected:<50.0> but was:<-50.0>
    at org.junit.Assert.fail(Assert.java:88)
    at org.junit.Assert.failNotEquals(Assert.java:743)
    at org.junit.Assert.assertEquals(Assert.java:494)
    at org.apache.commons.math.util.FastMathTest.testMinMaxFloat(FastMathTest.java:103)
    at sun.reflect.NativeMethodAccessorImpl.invoke0(Native Method)
    at sun.reflect.NativeMethodAccessorImpl.invoke(NativeMethodAccessorImpl.java:62)
18:04:34.386 [pool-256-thread-1] INFO  xxl.java.junit.TestCasesListener - Tests run finished (15247 ms)
<> Total tests run: 29
<> Ignored tests: 1
<> Failed tests: 1
~ testMinMaxFloat(org.apache.commons.math.util.FastMathTest)
[max(50.0, -50.0) expected:<50.0> but was:<-50.0>]
java.lang.AssertionError: max(50.0, -50.0) expected:<50.0> but was:<-50.0>    at org.junit.Assert.fail(Assert.java:88)
    at org.junit.Assert.failNotEquals(Assert.java:743)
    at org.junit.Assert.assertEquals(Assert.java:494)
    at org.apache.commons.math.util.FastMathTest.testMinMaxFloat(FastMathTest.java:103)
    at sun.reflect.NativeMethodAccessorImpl.invoke0(Native Method)
    at sun.reflect.NativeMethodAccessorImpl.invoke(NativeMethodAccessorImpl.java:62)

18:07:54.707 [pool-255-thread-1] DEBUG xxl.java.junit.TestSuiteExecution - Timeout after 200 seconds. Infinite loop?
18:07:54.708 [pool-2-thread-1] ERROR fr.inria.lille.repair.nopol.NoPol - Error ExecutionException java.util.concurrent.ExecutionException: java.lang.RuntimeException: java.util.concurrent.TimeoutException
18:07:54.708 [pool-2-thread-1] DEBUG fr.inria.lille.repair.nopol.NoPol - statement #76
18:07:54.708 [pool-2-thread-1] DEBUG fr.inria.lille.repair.nopol.NoPol - Analysing SourceLocation org.apache.commons.math.dfp.Dfp:1371 which is executed by 56 tests
68623
18:07:54.887 [pool-2-thread-1] DEBUG fr.inria.lille.repair.nopol.NoPol - statement #77
18:07:54.887 [pool-2-thread-1] DEBUG fr.inria.lille.repair.nopol.NoPol - Analysing SourceLocation org.apache.commons.math.dfp.Dfp:1370 which is executed by 56 tests
68623
18:07:55.070 [pool-2-thread-1] DEBUG fr.inria.lille.repair.nopol.NoPol - looking with class fr.inria.lille.repair.nopol.spoon.smt.ConditionalAdder
java.lang.AssertionError: max(50.0, -50.0) expected:<50.0> but was:<-50.0>
    at org.junit.Assert.fail(Assert.java:88)
    at org.junit.Assert.failNotEquals(Assert.java:743)
    at org.junit.Assert.assertEquals(Assert.java:494)
    at org.apache.commons.math.util.FastMathTest.testMinMaxFloat(FastMathTest.java:103)
    at sun.reflect.NativeMethodAccessorImpl.invoke0(Native Method)
    at sun.reflect.NativeMethodAccessorImpl.invoke(NativeMethodAccessorImpl.java:62)
18:08:10.408 [pool-259-thread-1] INFO  xxl.java.junit.TestCasesListener - Tests run finished (15328 ms)
<> Total tests run: 29
<> Ignored tests: 1
<> Failed tests: 1
~ testMinMaxFloat(org.apache.commons.math.util.FastMathTest)
[max(50.0, -50.0) expected:<50.0> but was:<-50.0>]
java.lang.AssertionError: max(50.0, -50.0) expected:<50.0> but was:<-50.0>    at org.junit.Assert.fail(Assert.java:88)
    at org.junit.Assert.failNotEquals(Assert.java:743)
    at org.junit.Assert.assertEquals(Assert.java:494)
    at org.apache.commons.math.util.FastMathTest.testMinMaxFloat(FastMathTest.java:103)
    at sun.reflect.NativeMethodAccessorImpl.invoke0(Native Method)
    at sun.reflect.NativeMethodAccessorImpl.invoke(NativeMethodAccessorImpl.java:62)

18:09:28.998 [pool-2-thread-1] DEBUG fr.inria.lille.repair.nopol.NoPol - statement #78
18:09:28.999 [pool-2-thread-1] DEBUG fr.inria.lille.repair.nopol.NoPol - Analysing SourceLocation org.apache.commons.math.dfp.Dfp:1369 which is executed by 56 tests
68623
18:09:29.179 [pool-2-thread-1] DEBUG fr.inria.lille.repair.nopol.NoPol - statement #79
18:09:29.179 [pool-2-thread-1] DEBUG fr.inria.lille.repair.nopol.NoPol - Analysing SourceLocation org.apache.commons.math.dfp.Dfp:1367 which is executed by 56 tests
68623
18:09:29.353 [pool-2-thread-1] DEBUG fr.inria.lille.repair.nopol.NoPol - looking with class fr.inria.lille.repair.nopol.spoon.smt.ConditionalAdder
java.lang.AssertionError: max(50.0, -50.0) expected:<50.0> but was:<-50.0>
    at org.junit.Assert.fail(Assert.java:88)
    at org.junit.Assert.failNotEquals(Assert.java:743)
    at org.junit.Assert.assertEquals(Assert.java:494)
    at org.apache.commons.math.util.FastMathTest.testMinMaxFloat(FastMathTest.java:103)
    at sun.reflect.NativeMethodAccessorImpl.invoke0(Native Method)
    at sun.reflect.NativeMethodAccessorImpl.invoke(NativeMethodAccessorImpl.java:62)
18:09:44.665 [pool-263-thread-1] INFO  xxl.java.junit.TestCasesListener - Tests run finished (15303 ms)
<> Total tests run: 29
<> Ignored tests: 1
<> Failed tests: 1
~ testMinMaxFloat(org.apache.commons.math.util.FastMathTest)
[max(50.0, -50.0) expected:<50.0> but was:<-50.0>]
java.lang.AssertionError: max(50.0, -50.0) expected:<50.0> but was:<-50.0>    at org.junit.Assert.fail(Assert.java:88)
    at org.junit.Assert.failNotEquals(Assert.java:743)
    at org.junit.Assert.assertEquals(Assert.java:494)
    at org.apache.commons.math.util.FastMathTest.testMinMaxFloat(FastMathTest.java:103)
    at sun.reflect.NativeMethodAccessorImpl.invoke0(Native Method)
    at sun.reflect.NativeMethodAccessorImpl.invoke(NativeMethodAccessorImpl.java:62)

18:09:45.314 [pool-2-thread-1] DEBUG fr.inria.lille.repair.nopol.NoPol - looking with class fr.inria.lille.repair.nopol.spoon.smt.ConditionalReplacer
java.lang.AssertionError: max(50.0, -50.0) expected:<50.0> but was:<-50.0>
    at org.junit.Assert.fail(Assert.java:88)
    at org.junit.Assert.failNotEquals(Assert.java:743)
    at org.junit.Assert.assertEquals(Assert.java:494)
    at org.apache.commons.math.util.FastMathTest.testMinMaxFloat(FastMathTest.java:103)
    at sun.reflect.NativeMethodAccessorImpl.invoke0(Native Method)
    at sun.reflect.NativeMethodAccessorImpl.invoke(NativeMethodAccessorImpl.java:62)
18:10:00.495 [pool-267-thread-1] INFO  xxl.java.junit.TestCasesListener - Tests run finished (15171 ms)
<> Total tests run: 29
<> Ignored tests: 1
<> Failed tests: 1
~ testMinMaxFloat(org.apache.commons.math.util.FastMathTest)
[max(50.0, -50.0) expected:<50.0> but was:<-50.0>]
java.lang.AssertionError: max(50.0, -50.0) expected:<50.0> but was:<-50.0>    at org.junit.Assert.fail(Assert.java:88)
    at org.junit.Assert.failNotEquals(Assert.java:743)
    at org.junit.Assert.assertEquals(Assert.java:494)
    at org.apache.commons.math.util.FastMathTest.testMinMaxFloat(FastMathTest.java:103)
    at sun.reflect.NativeMethodAccessorImpl.invoke0(Native Method)
    at sun.reflect.NativeMethodAccessorImpl.invoke(NativeMethodAccessorImpl.java:62)

18:10:01.079 [pool-2-thread-1] DEBUG fr.inria.lille.repair.nopol.NoPol - statement #80
18:10:01.079 [pool-2-thread-1] DEBUG fr.inria.lille.repair.nopol.NoPol - Analysing SourceLocation org.apache.commons.math.dfp.Dfp:1351 which is executed by 56 tests
68623
18:10:01.252 [pool-2-thread-1] DEBUG fr.inria.lille.repair.nopol.NoPol - looking with class fr.inria.lille.repair.nopol.spoon.smt.ConditionalAdder
java.lang.AssertionError: max(50.0, -50.0) expected:<50.0> but was:<-50.0>
    at org.junit.Assert.fail(Assert.java:88)
    at org.junit.Assert.failNotEquals(Assert.java:743)
    at org.junit.Assert.assertEquals(Assert.java:494)
    at org.apache.commons.math.util.FastMathTest.testMinMaxFloat(FastMathTest.java:103)
    at sun.reflect.NativeMethodAccessorImpl.invoke0(Native Method)
    at sun.reflect.NativeMethodAccessorImpl.invoke(NativeMethodAccessorImpl.java:62)
18:10:16.663 [pool-271-thread-1] INFO  xxl.java.junit.TestCasesListener - Tests run finished (15402 ms)
<> Total tests run: 29
<> Ignored tests: 1
<> Failed tests: 1
~ testMinMaxFloat(org.apache.commons.math.util.FastMathTest)
[max(50.0, -50.0) expected:<50.0> but was:<-50.0>]
java.lang.AssertionError: max(50.0, -50.0) expected:<50.0> but was:<-50.0>    at org.junit.Assert.fail(Assert.java:88)
    at org.junit.Assert.failNotEquals(Assert.java:743)
    at org.junit.Assert.assertEquals(Assert.java:494)
    at org.apache.commons.math.util.FastMathTest.testMinMaxFloat(FastMathTest.java:103)
    at sun.reflect.NativeMethodAccessorImpl.invoke0(Native Method)
    at sun.reflect.NativeMethodAccessorImpl.invoke(NativeMethodAccessorImpl.java:62)

18:10:17.271 [pool-2-thread-1] DEBUG fr.inria.lille.repair.nopol.NoPol - statement #81
18:10:17.271 [pool-2-thread-1] DEBUG fr.inria.lille.repair.nopol.NoPol - Analysing SourceLocation org.apache.commons.math.dfp.Dfp:1350 which is executed by 56 tests
68623
18:10:17.448 [pool-2-thread-1] DEBUG fr.inria.lille.repair.nopol.NoPol - looking with class fr.inria.lille.repair.nopol.spoon.smt.ConditionalAdder
java.lang.AssertionError: max(50.0, -50.0) expected:<50.0> but was:<-50.0>
    at org.junit.Assert.fail(Assert.java:88)
    at org.junit.Assert.failNotEquals(Assert.java:743)
    at org.junit.Assert.assertEquals(Assert.java:494)
    at org.apache.commons.math.util.FastMathTest.testMinMaxFloat(FastMathTest.java:103)
    at sun.reflect.NativeMethodAccessorImpl.invoke0(Native Method)
    at sun.reflect.NativeMethodAccessorImpl.invoke(NativeMethodAccessorImpl.java:62)
18:10:32.517 [pool-275-thread-1] INFO  xxl.java.junit.TestCasesListener - Tests run finished (15060 ms)
<> Total tests run: 29
<> Ignored tests: 1
<> Failed tests: 1
~ testMinMaxFloat(org.apache.commons.math.util.FastMathTest)
[max(50.0, -50.0) expected:<50.0> but was:<-50.0>]
java.lang.AssertionError: max(50.0, -50.0) expected:<50.0> but was:<-50.0>    at org.junit.Assert.fail(Assert.java:88)
    at org.junit.Assert.failNotEquals(Assert.java:743)
    at org.junit.Assert.assertEquals(Assert.java:494)
    at org.apache.commons.math.util.FastMathTest.testMinMaxFloat(FastMathTest.java:103)
    at sun.reflect.NativeMethodAccessorImpl.invoke0(Native Method)
    at sun.reflect.NativeMethodAccessorImpl.invoke(NativeMethodAccessorImpl.java:62)

18:10:33.131 [pool-2-thread-1] DEBUG fr.inria.lille.repair.nopol.NoPol - statement #82
18:10:33.131 [pool-2-thread-1] DEBUG fr.inria.lille.repair.nopol.NoPol - Analysing SourceLocation org.apache.commons.math.dfp.Dfp:1332 which is executed by 56 tests
68623
18:10:33.304 [pool-2-thread-1] DEBUG fr.inria.lille.repair.nopol.NoPol - looking with class fr.inria.lille.repair.nopol.spoon.smt.ConditionalAdder
java.lang.AssertionError: max(50.0, -50.0) expected:<50.0> but was:<-50.0>
    at org.junit.Assert.fail(Assert.java:88)
    at org.junit.Assert.failNotEquals(Assert.java:743)
    at org.junit.Assert.assertEquals(Assert.java:494)
    at org.apache.commons.math.util.FastMathTest.testMinMaxFloat(FastMathTest.java:103)
    at sun.reflect.NativeMethodAccessorImpl.invoke0(Native Method)
    at sun.reflect.NativeMethodAccessorImpl.invoke(NativeMethodAccessorImpl.java:62)
18:10:48.443 [pool-279-thread-1] INFO  xxl.java.junit.TestCasesListener - Tests run finished (15129 ms)
<> Total tests run: 29
<> Ignored tests: 1
<> Failed tests: 1
~ testMinMaxFloat(org.apache.commons.math.util.FastMathTest)
[max(50.0, -50.0) expected:<50.0> but was:<-50.0>]
java.lang.AssertionError: max(50.0, -50.0) expected:<50.0> but was:<-50.0>    at org.junit.Assert.fail(Assert.java:88)
    at org.junit.Assert.failNotEquals(Assert.java:743)
    at org.junit.Assert.assertEquals(Assert.java:494)
    at org.apache.commons.math.util.FastMathTest.testMinMaxFloat(FastMathTest.java:103)
    at sun.reflect.NativeMethodAccessorImpl.invoke0(Native Method)
    at sun.reflect.NativeMethodAccessorImpl.invoke(NativeMethodAccessorImpl.java:62)

18:10:49.037 [pool-2-thread-1] DEBUG fr.inria.lille.repair.nopol.NoPol - statement #83
18:10:49.037 [pool-2-thread-1] DEBUG fr.inria.lille.repair.nopol.NoPol - Analysing SourceLocation org.apache.commons.math.dfp.Dfp:1331 which is executed by 56 tests
68623
18:10:49.214 [pool-2-thread-1] DEBUG fr.inria.lille.repair.nopol.NoPol - statement #84
18:10:49.215 [pool-2-thread-1] DEBUG fr.inria.lille.repair.nopol.NoPol - Analysing SourceLocation org.apache.commons.math.dfp.Dfp:639 which is executed by 56 tests
68623
18:10:49.393 [pool-2-thread-1] DEBUG fr.inria.lille.repair.nopol.NoPol - statement #85
18:10:49.393 [pool-2-thread-1] DEBUG fr.inria.lille.repair.nopol.NoPol - Analysing SourceLocation org.apache.commons.math.util.FastMath:3464 which is executed by 188 tests
1033054629
18:10:49.602 [pool-2-thread-1] INFO  fr.inria.lille.repair.nopol.NoPol - ----INFORMATION----
18:10:49.845 [pool-2-thread-1] INFO  fr.inria.lille.repair.nopol.NoPol - Nb classes : 501
18:10:49.845 [pool-2-thread-1] INFO  fr.inria.lille.repair.nopol.NoPol - Nb methods : 3165
18:10:49.845 [pool-2-thread-1] INFO  fr.inria.lille.repair.nopol.NoPol - Nb Statements Analyzed : 70
18:10:49.846 [pool-2-thread-1] INFO  fr.inria.lille.repair.nopol.NoPol - Nb Statements with Angelic Value Found : 0
18:10:49.847 [pool-2-thread-1] INFO  fr.inria.lille.repair.nopol.NoPol - NoPol Execution time : 1452768ms
18:10:49.847 [pool-2-thread-1] INFO  fr.inria.lille.repair.nopol.NoPol - 
NO_ANGELIC_VALUE
Command exited with non-zero status 255
2131.80user 11.15system 24:15.37elapsed 147%CPU (0avgtext+0avgdata 1856484maxresident)k
44792inputs+8552outputs (3major+693242minor)pagefaults 0swaps


Node: granduc-15.luxembourg.grid5000.fr



Date: Sun Dec 30 18:10:50 EST 2018

