cd /tmp/Nopol_QuixBugs_SHORTEST_PATH_LENGTH_;
export JAVA_TOOL_OPTIONS="-Dfile.encoding=UTF8 -Duser.language=en-US -Duser.country=US -Duser.language=en";
TZ="America/New_York"; export TZ;
export PATH="/usr/lib/jvm/java-1.8.0-openjdk-amd64/bin/:$PATH";
export JAVA_HOME="/usr/lib/jvm/java-1.8.0-openjdk-amd64/bin/";
time java -Xmx4g -Xms1g -cp /home/tdurieux/defects4j4repair/script/../repair_tools/nopol.jar:/usr/lib/jvm/java-1.8.0-openjdk-amd64/bin//../lib/tools.jar fr.inria.lille.repair.Main \
	--mode repair \
	--type pre_then_cond \
	--oracle angelic \
	--synthesis smt \
	--flocal gzoltar \
	--json \
	--solver z3 \
	--solver-path /home/tdurieux/defects4j4repair/script/../libs/z3/build/z3 \
	--complianceLevel 8 \
	--source src/main/java \
	--classpath "target/classes:target/test-classes:/home/tdurieux/.m2/repository/junit/junit/4.11/junit-4.11.jar:/home/tdurieux/.m2/repository/org/hamcrest/hamcrest-core/1.3/hamcrest-core-1.3.jar:/home/tdurieux/defects4j4repair/script/../repair_tools/nopol.jar";
	echo "\n\nNode: `hostname`\n";
	echo "\n\nDate: `date`\n";
Picked up JAVA_TOOL_OPTIONS: -Dfile.encoding=UTF8 -Duser.language=en-US -Duser.country=US -Duser.language=en
14:40:14.090 [main] INFO  fr.inria.lille.repair.nopol.NoPol - Source files: [src/main/java]
14:40:14.093 [main] INFO  fr.inria.lille.repair.nopol.NoPol - Classpath: [file:/tmp/Nopol_QuixBugs_SHORTEST_PATH_LENGTH_/target/classes/, file:/tmp/Nopol_QuixBugs_SHORTEST_PATH_LENGTH_/target/test-classes/, file:/home/tdurieux/.m2/repository/junit/junit/4.11/junit-4.11.jar, file:/home/tdurieux/.m2/repository/org/hamcrest/hamcrest-core/1.3/hamcrest-core-1.3.jar, file:/home/tdurieux/defects4j4repair/script/../repair_tools/nopol.jar]
14:40:14.093 [main] INFO  fr.inria.lille.repair.nopol.NoPol - Statement type: PRE_THEN_COND
14:40:14.093 [main] INFO  fr.inria.lille.repair.nopol.NoPol - Args: [java_testcases.junit.SHORTEST_PATH_LENGTH_Test]
14:40:14.094 [main] INFO  fr.inria.lille.repair.nopol.NoPol - Config: Config{synthesisDepth=3, collectStaticMethods=true, collectStaticFields=false, collectLiterals=false, onlyOneSynthesisResult=true, sortExpressions=true, maxLineInvocationPerTest=250, timeoutMethodInvocation=2000, dataCollectionTimeoutInSecondForSynthesis=900, addWeight=0.19478, subWeight=0.04554, mulWeight=0.0102, divWeight=0.00613, andWeight=0.10597, orWeight=0.05708, eqWeight=0.22798, nEqWeight=0.0, lessEqWeight=0.0255, lessWeight=0.0947, methodCallWeight=0.1, fieldAccessWeight=0.08099, constantWeight=0.14232, variableWeight=0.05195, mode=REPAIR, type=PRE_THEN_COND, synthesis=SMT, oracle=ANGELIC, solver=Z3, solverPath='/home/tdurieux/defects4j4repair/script/../libs/z3/build/z3', projectSources=[src/main/java], projectClasspath='[Ljava.net.URL;@66d33a', projectTests=[java_testcases.junit.SHORTEST_PATH_LENGTH_Test], complianceLevel=8, outputFolder=., json=true}
14:40:14.094 [main] INFO  fr.inria.lille.repair.nopol.NoPol - Available processors (cores): 32
14:40:14.098 [main] INFO  fr.inria.lille.repair.nopol.NoPol - Free memory: 940 MB
14:40:14.098 [main] INFO  fr.inria.lille.repair.nopol.NoPol - Maximum memory: 3 GB
14:40:14.098 [main] INFO  fr.inria.lille.repair.nopol.NoPol - Total memory available to JVM: 981 MB
14:40:14.099 [main] INFO  fr.inria.lille.repair.nopol.NoPol - Java version: 1.8.0_181
14:40:14.099 [main] INFO  fr.inria.lille.repair.nopol.NoPol - JAVA_HOME: /usr/lib/jvm/java-1.8.0-openjdk-amd64/bin/
14:40:14.099 [main] INFO  fr.inria.lille.repair.nopol.NoPol - PATH: /usr/lib/jvm/java-1.8.0-openjdk-amd64/bin/:/usr/lib/oar/oardodo:/usr/lib/oar/oardodo:/usr/local/bin:/usr/bin:/bin:/usr/games
14:40:16.260 [pool-2-thread-1] DEBUG fr.inria.lille.repair.nopol.NoPol - statement #1
14:40:16.260 [pool-2-thread-1] DEBUG fr.inria.lille.repair.nopol.NoPol - Analysing SourceLocation java_programs.SHORTEST_PATH_LENGTH:39 which is executed by 2 tests
-1734541556
14:40:16.444 [pool-2-thread-1] DEBUG fr.inria.lille.repair.nopol.NoPol - statement #2
14:40:16.445 [pool-2-thread-1] DEBUG fr.inria.lille.repair.nopol.NoPol - Analysing SourceLocation java_programs.SHORTEST_PATH_LENGTH:38 which is executed by 2 tests
-1734541556
14:40:16.493 [pool-2-thread-1] DEBUG fr.inria.lille.repair.nopol.NoPol - statement #3
14:40:16.494 [pool-2-thread-1] DEBUG fr.inria.lille.repair.nopol.NoPol - Analysing SourceLocation java_programs.SHORTEST_PATH_LENGTH:37 which is executed by 2 tests
-1734541556
14:40:16.547 [pool-2-thread-1] DEBUG fr.inria.lille.repair.nopol.NoPol - looking with class fr.inria.lille.repair.nopol.spoon.smt.ConditionalAdder
java.lang.AssertionError: expected:<4> but was:<-2147483648>
    at org.junit.Assert.fail(Assert.java:88)
    at org.junit.Assert.failNotEquals(Assert.java:743)
    at org.junit.Assert.assertEquals(Assert.java:118)
    at org.junit.Assert.assertEquals(Assert.java:555)
    at org.junit.Assert.assertEquals(Assert.java:542)
    at java_testcases.junit.SHORTEST_PATH_LENGTH_Test.test1(SHORTEST_PATH_LENGTH_Test.java:51)
java.lang.AssertionError: expected:<7> but was:<-2147483639>
    at org.junit.Assert.fail(Assert.java:88)
    at org.junit.Assert.failNotEquals(Assert.java:743)
    at org.junit.Assert.assertEquals(Assert.java:118)
    at org.junit.Assert.assertEquals(Assert.java:555)
    at org.junit.Assert.assertEquals(Assert.java:542)
    at java_testcases.junit.SHORTEST_PATH_LENGTH_Test.test2(SHORTEST_PATH_LENGTH_Test.java:60)
java.lang.AssertionError: expected:<4> but was:<-2147483648>
    at org.junit.Assert.fail(Assert.java:88)
    at org.junit.Assert.failNotEquals(Assert.java:743)
    at org.junit.Assert.assertEquals(Assert.java:118)
    at org.junit.Assert.assertEquals(Assert.java:555)
    at org.junit.Assert.assertEquals(Assert.java:542)
    at java_testcases.junit.SHORTEST_PATH_LENGTH_Test.test1(SHORTEST_PATH_LENGTH_Test.java:51)
java.lang.AssertionError: expected:<7> but was:<-2147483639>
    at org.junit.Assert.fail(Assert.java:88)
    at org.junit.Assert.failNotEquals(Assert.java:743)
    at org.junit.Assert.assertEquals(Assert.java:118)
    at org.junit.Assert.assertEquals(Assert.java:555)
    at org.junit.Assert.assertEquals(Assert.java:542)
    at java_testcases.junit.SHORTEST_PATH_LENGTH_Test.test2(SHORTEST_PATH_LENGTH_Test.java:60)
14:40:16.574 [pool-4-thread-1] INFO  xxl.java.junit.TestCasesListener - Tests run finished (7 ms)
<> Total tests run: 8
<> Ignored tests: 0
<> Failed tests: 4
~ test1(java_testcases.junit.SHORTEST_PATH_LENGTH_Test)
[expected:<4> but was:<-2147483648>]
java.lang.AssertionError: expected:<4> but was:<-2147483648>    at org.junit.Assert.fail(Assert.java:88)
    at org.junit.Assert.failNotEquals(Assert.java:743)
    at org.junit.Assert.assertEquals(Assert.java:118)
    at org.junit.Assert.assertEquals(Assert.java:555)
    at org.junit.Assert.assertEquals(Assert.java:542)
    at java_testcases.junit.SHORTEST_PATH_LENGTH_Test.test1(SHORTEST_PATH_LENGTH_Test.java:51)
~ test2(java_testcases.junit.SHORTEST_PATH_LENGTH_Test)
[expected:<7> but was:<-2147483639>]
java.lang.AssertionError: expected:<7> but was:<-2147483639>    at org.junit.Assert.fail(Assert.java:88)
    at org.junit.Assert.failNotEquals(Assert.java:743)
    at org.junit.Assert.assertEquals(Assert.java:118)
    at org.junit.Assert.assertEquals(Assert.java:555)
    at org.junit.Assert.assertEquals(Assert.java:542)
    at java_testcases.junit.SHORTEST_PATH_LENGTH_Test.test2(SHORTEST_PATH_LENGTH_Test.java:60)
~ test1(java_testcases.junit.SHORTEST_PATH_LENGTH_Test)
[expected:<4> but was:<-2147483648>]
java.lang.AssertionError: expected:<4> but was:<-2147483648>    at org.junit.Assert.fail(Assert.java:88)
    at org.junit.Assert.failNotEquals(Assert.java:743)
    at org.junit.Assert.assertEquals(Assert.java:118)
    at org.junit.Assert.assertEquals(Assert.java:555)
    at org.junit.Assert.assertEquals(Assert.java:542)
    at java_testcases.junit.SHORTEST_PATH_LENGTH_Test.test1(SHORTEST_PATH_LENGTH_Test.java:51)
~ test2(java_testcases.junit.SHORTEST_PATH_LENGTH_Test)
[expected:<7> but was:<-2147483639>]
java.lang.AssertionError: expected:<7> but was:<-2147483639>    at org.junit.Assert.fail(Assert.java:88)
    at org.junit.Assert.failNotEquals(Assert.java:743)
    at org.junit.Assert.assertEquals(Assert.java:118)
    at org.junit.Assert.assertEquals(Assert.java:555)
    at org.junit.Assert.assertEquals(Assert.java:542)
    at java_testcases.junit.SHORTEST_PATH_LENGTH_Test.test2(SHORTEST_PATH_LENGTH_Test.java:60)

java.lang.NullPointerException
    at java_programs.SHORTEST_PATH_LENGTH.shortest_path_length(SHORTEST_PATH_LENGTH.java:10)
    at java_testcases.junit.SHORTEST_PATH_LENGTH_Test.test1(SHORTEST_PATH_LENGTH_Test.java:47)
    at sun.reflect.NativeMethodAccessorImpl.invoke0(Native Method)
    at sun.reflect.NativeMethodAccessorImpl.invoke(NativeMethodAccessorImpl.java:62)
    at sun.reflect.DelegatingMethodAccessorImpl.invoke(DelegatingMethodAccessorImpl.java:43)
    at java.lang.reflect.Method.invoke(Method.java:498)
14:40:17.042 [pool-5-thread-1] INFO  f.i.l.c.t.SpecificationTestCasesListener - Tests run finished (4 ms)
<> Total tests run: 1
<> Ignored tests: 0
<> Failed tests: 1
~ test1(java_testcases.junit.SHORTEST_PATH_LENGTH_Test)
[null]
java.lang.NullPointerException    at java_programs.SHORTEST_PATH_LENGTH.shortest_path_length(SHORTEST_PATH_LENGTH.java:10)
    at java_testcases.junit.SHORTEST_PATH_LENGTH_Test.test1(SHORTEST_PATH_LENGTH_Test.java:47)
    at sun.reflect.NativeMethodAccessorImpl.invoke0(Native Method)
    at sun.reflect.NativeMethodAccessorImpl.invoke(NativeMethodAccessorImpl.java:62)
    at sun.reflect.DelegatingMethodAccessorImpl.invoke(DelegatingMethodAccessorImpl.java:43)
    at java.lang.reflect.Method.invoke(Method.java:498)

java.lang.NullPointerException
    at java_programs.SHORTEST_PATH_LENGTH.shortest_path_length(SHORTEST_PATH_LENGTH.java:10)
    at java_testcases.junit.SHORTEST_PATH_LENGTH_Test.test2(SHORTEST_PATH_LENGTH_Test.java:59)
    at sun.reflect.NativeMethodAccessorImpl.invoke0(Native Method)
    at sun.reflect.NativeMethodAccessorImpl.invoke(NativeMethodAccessorImpl.java:62)
    at sun.reflect.DelegatingMethodAccessorImpl.invoke(DelegatingMethodAccessorImpl.java:43)
    at java.lang.reflect.Method.invoke(Method.java:498)
14:40:17.043 [pool-6-thread-1] INFO  f.i.l.c.t.SpecificationTestCasesListener - Tests run finished (1 ms)
<> Total tests run: 1
<> Ignored tests: 0
<> Failed tests: 1
~ test2(java_testcases.junit.SHORTEST_PATH_LENGTH_Test)
[null]
java.lang.NullPointerException    at java_programs.SHORTEST_PATH_LENGTH.shortest_path_length(SHORTEST_PATH_LENGTH.java:10)
    at java_testcases.junit.SHORTEST_PATH_LENGTH_Test.test2(SHORTEST_PATH_LENGTH_Test.java:59)
    at sun.reflect.NativeMethodAccessorImpl.invoke0(Native Method)
    at sun.reflect.NativeMethodAccessorImpl.invoke(NativeMethodAccessorImpl.java:62)
    at sun.reflect.DelegatingMethodAccessorImpl.invoke(DelegatingMethodAccessorImpl.java:43)
    at java.lang.reflect.Method.invoke(Method.java:498)

java.lang.AssertionError: expected:<4> but was:<-2147483648>
    at org.junit.Assert.fail(Assert.java:88)
    at org.junit.Assert.failNotEquals(Assert.java:743)
    at org.junit.Assert.assertEquals(Assert.java:118)
    at org.junit.Assert.assertEquals(Assert.java:555)
    at org.junit.Assert.assertEquals(Assert.java:542)
    at java_testcases.junit.SHORTEST_PATH_LENGTH_Test.test1(SHORTEST_PATH_LENGTH_Test.java:51)
14:40:17.045 [pool-7-thread-1] INFO  f.i.l.c.t.SpecificationTestCasesListener - Tests run finished (1 ms)
<> Total tests run: 1
<> Ignored tests: 0
<> Failed tests: 1
~ test1(java_testcases.junit.SHORTEST_PATH_LENGTH_Test)
[expected:<4> but was:<-2147483648>]
java.lang.AssertionError: expected:<4> but was:<-2147483648>    at org.junit.Assert.fail(Assert.java:88)
    at org.junit.Assert.failNotEquals(Assert.java:743)
    at org.junit.Assert.assertEquals(Assert.java:118)
    at org.junit.Assert.assertEquals(Assert.java:555)
    at org.junit.Assert.assertEquals(Assert.java:542)
    at java_testcases.junit.SHORTEST_PATH_LENGTH_Test.test1(SHORTEST_PATH_LENGTH_Test.java:51)

java.lang.AssertionError: expected:<7> but was:<-2147483639>
    at org.junit.Assert.fail(Assert.java:88)
    at org.junit.Assert.failNotEquals(Assert.java:743)
    at org.junit.Assert.assertEquals(Assert.java:118)
    at org.junit.Assert.assertEquals(Assert.java:555)
    at org.junit.Assert.assertEquals(Assert.java:542)
    at java_testcases.junit.SHORTEST_PATH_LENGTH_Test.test2(SHORTEST_PATH_LENGTH_Test.java:60)
14:40:17.047 [pool-8-thread-1] INFO  f.i.l.c.t.SpecificationTestCasesListener - Tests run finished (1 ms)
<> Total tests run: 1
<> Ignored tests: 0
<> Failed tests: 1
~ test2(java_testcases.junit.SHORTEST_PATH_LENGTH_Test)
[expected:<7> but was:<-2147483639>]
java.lang.AssertionError: expected:<7> but was:<-2147483639>    at org.junit.Assert.fail(Assert.java:88)
    at org.junit.Assert.failNotEquals(Assert.java:743)
    at org.junit.Assert.assertEquals(Assert.java:118)
    at org.junit.Assert.assertEquals(Assert.java:555)
    at org.junit.Assert.assertEquals(Assert.java:542)
    at java_testcases.junit.SHORTEST_PATH_LENGTH_Test.test2(SHORTEST_PATH_LENGTH_Test.java:60)

14:40:17.047 [pool-3-thread-1] DEBUG tests.output - Failing tests with false: 
[test1(java_testcases.junit.SHORTEST_PATH_LENGTH_Test): null, test2(java_testcases.junit.SHORTEST_PATH_LENGTH_Test): null]
14:40:17.047 [pool-3-thread-1] DEBUG tests.output - Failing tests with true: 
[test1(java_testcases.junit.SHORTEST_PATH_LENGTH_Test): expected:<4> but was:<-2147483648>, test2(java_testcases.junit.SHORTEST_PATH_LENGTH_Test): expected:<7> but was:<-2147483639>]
14:40:17.047 [pool-3-thread-1] INFO  f.i.l.r.n.synth.SMTNopolSynthesizer - Not enough specifications: 0. A trivial patch is "true" or "false", please write new tests specifying SourceLocation java_programs.SHORTEST_PATH_LENGTH:37.
14:40:17.047 [pool-2-thread-1] DEBUG fr.inria.lille.repair.nopol.NoPol - statement #4
14:40:17.048 [pool-2-thread-1] DEBUG fr.inria.lille.repair.nopol.NoPol - Analysing SourceLocation java_programs.SHORTEST_PATH_LENGTH:34 which is executed by 2 tests
-1734541556
14:40:17.105 [pool-2-thread-1] DEBUG fr.inria.lille.repair.nopol.NoPol - looking with class fr.inria.lille.repair.nopol.spoon.smt.ConditionalAdder
java.lang.AssertionError: expected:<4> but was:<-2147483648>
    at org.junit.Assert.fail(Assert.java:88)
    at org.junit.Assert.failNotEquals(Assert.java:743)
    at org.junit.Assert.assertEquals(Assert.java:118)
    at org.junit.Assert.assertEquals(Assert.java:555)
    at org.junit.Assert.assertEquals(Assert.java:542)
    at java_testcases.junit.SHORTEST_PATH_LENGTH_Test.test1(SHORTEST_PATH_LENGTH_Test.java:51)
java.lang.AssertionError: expected:<7> but was:<-2147483639>
    at org.junit.Assert.fail(Assert.java:88)
    at org.junit.Assert.failNotEquals(Assert.java:743)
    at org.junit.Assert.assertEquals(Assert.java:118)
    at org.junit.Assert.assertEquals(Assert.java:555)
    at org.junit.Assert.assertEquals(Assert.java:542)
    at java_testcases.junit.SHORTEST_PATH_LENGTH_Test.test2(SHORTEST_PATH_LENGTH_Test.java:60)
java.lang.AssertionError: expected:<4> but was:<-2147483648>
    at org.junit.Assert.fail(Assert.java:88)
    at org.junit.Assert.failNotEquals(Assert.java:743)
    at org.junit.Assert.assertEquals(Assert.java:118)
    at org.junit.Assert.assertEquals(Assert.java:555)
    at org.junit.Assert.assertEquals(Assert.java:542)
    at java_testcases.junit.SHORTEST_PATH_LENGTH_Test.test1(SHORTEST_PATH_LENGTH_Test.java:51)
java.lang.AssertionError: expected:<7> but was:<-2147483639>
    at org.junit.Assert.fail(Assert.java:88)
    at org.junit.Assert.failNotEquals(Assert.java:743)
    at org.junit.Assert.assertEquals(Assert.java:118)
    at org.junit.Assert.assertEquals(Assert.java:555)
    at org.junit.Assert.assertEquals(Assert.java:542)
    at java_testcases.junit.SHORTEST_PATH_LENGTH_Test.test2(SHORTEST_PATH_LENGTH_Test.java:60)
14:40:17.110 [pool-10-thread-1] INFO  xxl.java.junit.TestCasesListener - Tests run finished (3 ms)
<> Total tests run: 8
<> Ignored tests: 0
<> Failed tests: 4
~ test1(java_testcases.junit.SHORTEST_PATH_LENGTH_Test)
[expected:<4> but was:<-2147483648>]
java.lang.AssertionError: expected:<4> but was:<-2147483648>    at org.junit.Assert.fail(Assert.java:88)
    at org.junit.Assert.failNotEquals(Assert.java:743)
    at org.junit.Assert.assertEquals(Assert.java:118)
    at org.junit.Assert.assertEquals(Assert.java:555)
    at org.junit.Assert.assertEquals(Assert.java:542)
    at java_testcases.junit.SHORTEST_PATH_LENGTH_Test.test1(SHORTEST_PATH_LENGTH_Test.java:51)
~ test2(java_testcases.junit.SHORTEST_PATH_LENGTH_Test)
[expected:<7> but was:<-2147483639>]
java.lang.AssertionError: expected:<7> but was:<-2147483639>    at org.junit.Assert.fail(Assert.java:88)
    at org.junit.Assert.failNotEquals(Assert.java:743)
    at org.junit.Assert.assertEquals(Assert.java:118)
    at org.junit.Assert.assertEquals(Assert.java:555)
    at org.junit.Assert.assertEquals(Assert.java:542)
    at java_testcases.junit.SHORTEST_PATH_LENGTH_Test.test2(SHORTEST_PATH_LENGTH_Test.java:60)
~ test1(java_testcases.junit.SHORTEST_PATH_LENGTH_Test)
[expected:<4> but was:<-2147483648>]
java.lang.AssertionError: expected:<4> but was:<-2147483648>    at org.junit.Assert.fail(Assert.java:88)
    at org.junit.Assert.failNotEquals(Assert.java:743)
    at org.junit.Assert.assertEquals(Assert.java:118)
    at org.junit.Assert.assertEquals(Assert.java:555)
    at org.junit.Assert.assertEquals(Assert.java:542)
    at java_testcases.junit.SHORTEST_PATH_LENGTH_Test.test1(SHORTEST_PATH_LENGTH_Test.java:51)
~ test2(java_testcases.junit.SHORTEST_PATH_LENGTH_Test)
[expected:<7> but was:<-2147483639>]
java.lang.AssertionError: expected:<7> but was:<-2147483639>    at org.junit.Assert.fail(Assert.java:88)
    at org.junit.Assert.failNotEquals(Assert.java:743)
    at org.junit.Assert.assertEquals(Assert.java:118)
    at org.junit.Assert.assertEquals(Assert.java:555)
    at org.junit.Assert.assertEquals(Assert.java:542)
    at java_testcases.junit.SHORTEST_PATH_LENGTH_Test.test2(SHORTEST_PATH_LENGTH_Test.java:60)

java.lang.NullPointerException
    at java_programs.SHORTEST_PATH_LENGTH.shortest_path_length(SHORTEST_PATH_LENGTH.java:44)
    at java_testcases.junit.SHORTEST_PATH_LENGTH_Test.test1(SHORTEST_PATH_LENGTH_Test.java:47)
    at sun.reflect.NativeMethodAccessorImpl.invoke0(Native Method)
    at sun.reflect.NativeMethodAccessorImpl.invoke(NativeMethodAccessorImpl.java:62)
    at sun.reflect.DelegatingMethodAccessorImpl.invoke(DelegatingMethodAccessorImpl.java:43)
    at java.lang.reflect.Method.invoke(Method.java:498)
14:40:17.237 [pool-11-thread-1] INFO  f.i.l.c.t.SpecificationTestCasesListener - Tests run finished (1 ms)
<> Total tests run: 1
<> Ignored tests: 0
<> Failed tests: 1
~ test1(java_testcases.junit.SHORTEST_PATH_LENGTH_Test)
[null]
java.lang.NullPointerException    at java_programs.SHORTEST_PATH_LENGTH.shortest_path_length(SHORTEST_PATH_LENGTH.java:44)
    at java_testcases.junit.SHORTEST_PATH_LENGTH_Test.test1(SHORTEST_PATH_LENGTH_Test.java:47)
    at sun.reflect.NativeMethodAccessorImpl.invoke0(Native Method)
    at sun.reflect.NativeMethodAccessorImpl.invoke(NativeMethodAccessorImpl.java:62)
    at sun.reflect.DelegatingMethodAccessorImpl.invoke(DelegatingMethodAccessorImpl.java:43)
    at java.lang.reflect.Method.invoke(Method.java:498)

java.lang.NullPointerException
    at java_programs.SHORTEST_PATH_LENGTH.shortest_path_length(SHORTEST_PATH_LENGTH.java:44)
    at java_testcases.junit.SHORTEST_PATH_LENGTH_Test.test2(SHORTEST_PATH_LENGTH_Test.java:59)
    at sun.reflect.NativeMethodAccessorImpl.invoke0(Native Method)
    at sun.reflect.NativeMethodAccessorImpl.invoke(NativeMethodAccessorImpl.java:62)
    at sun.reflect.DelegatingMethodAccessorImpl.invoke(DelegatingMethodAccessorImpl.java:43)
    at java.lang.reflect.Method.invoke(Method.java:498)
14:40:17.238 [pool-12-thread-1] INFO  f.i.l.c.t.SpecificationTestCasesListener - Tests run finished (0 ms)
<> Total tests run: 1
<> Ignored tests: 0
<> Failed tests: 1
~ test2(java_testcases.junit.SHORTEST_PATH_LENGTH_Test)
[null]
java.lang.NullPointerException    at java_programs.SHORTEST_PATH_LENGTH.shortest_path_length(SHORTEST_PATH_LENGTH.java:44)
    at java_testcases.junit.SHORTEST_PATH_LENGTH_Test.test2(SHORTEST_PATH_LENGTH_Test.java:59)
    at sun.reflect.NativeMethodAccessorImpl.invoke0(Native Method)
    at sun.reflect.NativeMethodAccessorImpl.invoke(NativeMethodAccessorImpl.java:62)
    at sun.reflect.DelegatingMethodAccessorImpl.invoke(DelegatingMethodAccessorImpl.java:43)
    at java.lang.reflect.Method.invoke(Method.java:498)

java.lang.AssertionError: expected:<4> but was:<-2147483648>
    at org.junit.Assert.fail(Assert.java:88)
    at org.junit.Assert.failNotEquals(Assert.java:743)
    at org.junit.Assert.assertEquals(Assert.java:118)
    at org.junit.Assert.assertEquals(Assert.java:555)
    at org.junit.Assert.assertEquals(Assert.java:542)
    at java_testcases.junit.SHORTEST_PATH_LENGTH_Test.test1(SHORTEST_PATH_LENGTH_Test.java:51)
14:40:17.240 [pool-13-thread-1] INFO  f.i.l.c.t.SpecificationTestCasesListener - Tests run finished (1 ms)
<> Total tests run: 1
<> Ignored tests: 0
<> Failed tests: 1
~ test1(java_testcases.junit.SHORTEST_PATH_LENGTH_Test)
[expected:<4> but was:<-2147483648>]
java.lang.AssertionError: expected:<4> but was:<-2147483648>    at org.junit.Assert.fail(Assert.java:88)
    at org.junit.Assert.failNotEquals(Assert.java:743)
    at org.junit.Assert.assertEquals(Assert.java:118)
    at org.junit.Assert.assertEquals(Assert.java:555)
    at org.junit.Assert.assertEquals(Assert.java:542)
    at java_testcases.junit.SHORTEST_PATH_LENGTH_Test.test1(SHORTEST_PATH_LENGTH_Test.java:51)

java.lang.AssertionError: expected:<7> but was:<-2147483639>
    at org.junit.Assert.fail(Assert.java:88)
    at org.junit.Assert.failNotEquals(Assert.java:743)
    at org.junit.Assert.assertEquals(Assert.java:118)
    at org.junit.Assert.assertEquals(Assert.java:555)
    at org.junit.Assert.assertEquals(Assert.java:542)
    at java_testcases.junit.SHORTEST_PATH_LENGTH_Test.test2(SHORTEST_PATH_LENGTH_Test.java:60)
14:40:17.241 [pool-14-thread-1] INFO  f.i.l.c.t.SpecificationTestCasesListener - Tests run finished (0 ms)
<> Total tests run: 1
<> Ignored tests: 0
<> Failed tests: 1
~ test2(java_testcases.junit.SHORTEST_PATH_LENGTH_Test)
[expected:<7> but was:<-2147483639>]
java.lang.AssertionError: expected:<7> but was:<-2147483639>    at org.junit.Assert.fail(Assert.java:88)
    at org.junit.Assert.failNotEquals(Assert.java:743)
    at org.junit.Assert.assertEquals(Assert.java:118)
    at org.junit.Assert.assertEquals(Assert.java:555)
    at org.junit.Assert.assertEquals(Assert.java:542)
    at java_testcases.junit.SHORTEST_PATH_LENGTH_Test.test2(SHORTEST_PATH_LENGTH_Test.java:60)

14:40:17.241 [pool-9-thread-1] DEBUG tests.output - Failing tests with false: 
[test1(java_testcases.junit.SHORTEST_PATH_LENGTH_Test): null, test2(java_testcases.junit.SHORTEST_PATH_LENGTH_Test): null]
14:40:17.242 [pool-9-thread-1] DEBUG tests.output - Failing tests with true: 
[test1(java_testcases.junit.SHORTEST_PATH_LENGTH_Test): expected:<4> but was:<-2147483648>, test2(java_testcases.junit.SHORTEST_PATH_LENGTH_Test): expected:<7> but was:<-2147483639>]
14:40:17.242 [pool-9-thread-1] INFO  f.i.l.r.n.synth.SMTNopolSynthesizer - Not enough specifications: 0. A trivial patch is "true" or "false", please write new tests specifying SourceLocation java_programs.SHORTEST_PATH_LENGTH:34.
14:40:17.242 [pool-2-thread-1] DEBUG fr.inria.lille.repair.nopol.NoPol - statement #5
14:40:17.242 [pool-2-thread-1] DEBUG fr.inria.lille.repair.nopol.NoPol - Analysing SourceLocation java_programs.SHORTEST_PATH_LENGTH:33 which is executed by 2 tests
-1734541556
14:40:17.294 [pool-2-thread-1] DEBUG fr.inria.lille.repair.nopol.NoPol - looking with class fr.inria.lille.repair.nopol.spoon.smt.ConditionalAdder
java.lang.AssertionError: expected:<4> but was:<-2147483648>
    at org.junit.Assert.fail(Assert.java:88)
    at org.junit.Assert.failNotEquals(Assert.java:743)
    at org.junit.Assert.assertEquals(Assert.java:118)
    at org.junit.Assert.assertEquals(Assert.java:555)
    at org.junit.Assert.assertEquals(Assert.java:542)
    at java_testcases.junit.SHORTEST_PATH_LENGTH_Test.test1(SHORTEST_PATH_LENGTH_Test.java:51)
java.lang.AssertionError: expected:<7> but was:<-2147483639>
    at org.junit.Assert.fail(Assert.java:88)
    at org.junit.Assert.failNotEquals(Assert.java:743)
    at org.junit.Assert.assertEquals(Assert.java:118)
    at org.junit.Assert.assertEquals(Assert.java:555)
    at org.junit.Assert.assertEquals(Assert.java:542)
    at java_testcases.junit.SHORTEST_PATH_LENGTH_Test.test2(SHORTEST_PATH_LENGTH_Test.java:60)
java.lang.AssertionError: expected:<4> but was:<-2147483648>
    at org.junit.Assert.fail(Assert.java:88)
    at org.junit.Assert.failNotEquals(Assert.java:743)
    at org.junit.Assert.assertEquals(Assert.java:118)
    at org.junit.Assert.assertEquals(Assert.java:555)
    at org.junit.Assert.assertEquals(Assert.java:542)
    at java_testcases.junit.SHORTEST_PATH_LENGTH_Test.test1(SHORTEST_PATH_LENGTH_Test.java:51)
java.lang.AssertionError: expected:<7> but was:<-2147483639>
    at org.junit.Assert.fail(Assert.java:88)
    at org.junit.Assert.failNotEquals(Assert.java:743)
    at org.junit.Assert.assertEquals(Assert.java:118)
    at org.junit.Assert.assertEquals(Assert.java:555)
    at org.junit.Assert.assertEquals(Assert.java:542)
    at java_testcases.junit.SHORTEST_PATH_LENGTH_Test.test2(SHORTEST_PATH_LENGTH_Test.java:60)
14:40:17.307 [pool-16-thread-1] INFO  xxl.java.junit.TestCasesListener - Tests run finished (3 ms)
<> Total tests run: 8
<> Ignored tests: 0
<> Failed tests: 4
~ test1(java_testcases.junit.SHORTEST_PATH_LENGTH_Test)
[expected:<4> but was:<-2147483648>]
java.lang.AssertionError: expected:<4> but was:<-2147483648>    at org.junit.Assert.fail(Assert.java:88)
    at org.junit.Assert.failNotEquals(Assert.java:743)
    at org.junit.Assert.assertEquals(Assert.java:118)
    at org.junit.Assert.assertEquals(Assert.java:555)
    at org.junit.Assert.assertEquals(Assert.java:542)
    at java_testcases.junit.SHORTEST_PATH_LENGTH_Test.test1(SHORTEST_PATH_LENGTH_Test.java:51)
~ test2(java_testcases.junit.SHORTEST_PATH_LENGTH_Test)
[expected:<7> but was:<-2147483639>]
java.lang.AssertionError: expected:<7> but was:<-2147483639>    at org.junit.Assert.fail(Assert.java:88)
    at org.junit.Assert.failNotEquals(Assert.java:743)
    at org.junit.Assert.assertEquals(Assert.java:118)
    at org.junit.Assert.assertEquals(Assert.java:555)
    at org.junit.Assert.assertEquals(Assert.java:542)
    at java_testcases.junit.SHORTEST_PATH_LENGTH_Test.test2(SHORTEST_PATH_LENGTH_Test.java:60)
~ test1(java_testcases.junit.SHORTEST_PATH_LENGTH_Test)
[expected:<4> but was:<-2147483648>]
java.lang.AssertionError: expected:<4> but was:<-2147483648>    at org.junit.Assert.fail(Assert.java:88)
    at org.junit.Assert.failNotEquals(Assert.java:743)
    at org.junit.Assert.assertEquals(Assert.java:118)
    at org.junit.Assert.assertEquals(Assert.java:555)
    at org.junit.Assert.assertEquals(Assert.java:542)
    at java_testcases.junit.SHORTEST_PATH_LENGTH_Test.test1(SHORTEST_PATH_LENGTH_Test.java:51)
~ test2(java_testcases.junit.SHORTEST_PATH_LENGTH_Test)
[expected:<7> but was:<-2147483639>]
java.lang.AssertionError: expected:<7> but was:<-2147483639>    at org.junit.Assert.fail(Assert.java:88)
    at org.junit.Assert.failNotEquals(Assert.java:743)
    at org.junit.Assert.assertEquals(Assert.java:118)
    at org.junit.Assert.assertEquals(Assert.java:555)
    at org.junit.Assert.assertEquals(Assert.java:542)
    at java_testcases.junit.SHORTEST_PATH_LENGTH_Test.test2(SHORTEST_PATH_LENGTH_Test.java:60)

java.lang.NullPointerException
    at java_programs.SHORTEST_PATH_LENGTH.shortest_path_length(SHORTEST_PATH_LENGTH.java:44)
    at java_testcases.junit.SHORTEST_PATH_LENGTH_Test.test1(SHORTEST_PATH_LENGTH_Test.java:47)
    at sun.reflect.NativeMethodAccessorImpl.invoke0(Native Method)
    at sun.reflect.NativeMethodAccessorImpl.invoke(NativeMethodAccessorImpl.java:62)
    at sun.reflect.DelegatingMethodAccessorImpl.invoke(DelegatingMethodAccessorImpl.java:43)
    at java.lang.reflect.Method.invoke(Method.java:498)
14:40:17.430 [pool-17-thread-1] INFO  f.i.l.c.t.SpecificationTestCasesListener - Tests run finished (1 ms)
<> Total tests run: 1
<> Ignored tests: 0
<> Failed tests: 1
~ test1(java_testcases.junit.SHORTEST_PATH_LENGTH_Test)
[null]
java.lang.NullPointerException    at java_programs.SHORTEST_PATH_LENGTH.shortest_path_length(SHORTEST_PATH_LENGTH.java:44)
    at java_testcases.junit.SHORTEST_PATH_LENGTH_Test.test1(SHORTEST_PATH_LENGTH_Test.java:47)
    at sun.reflect.NativeMethodAccessorImpl.invoke0(Native Method)
    at sun.reflect.NativeMethodAccessorImpl.invoke(NativeMethodAccessorImpl.java:62)
    at sun.reflect.DelegatingMethodAccessorImpl.invoke(DelegatingMethodAccessorImpl.java:43)
    at java.lang.reflect.Method.invoke(Method.java:498)

java.lang.NullPointerException
    at java_programs.SHORTEST_PATH_LENGTH.shortest_path_length(SHORTEST_PATH_LENGTH.java:44)
    at java_testcases.junit.SHORTEST_PATH_LENGTH_Test.test2(SHORTEST_PATH_LENGTH_Test.java:59)
    at sun.reflect.NativeMethodAccessorImpl.invoke0(Native Method)
    at sun.reflect.NativeMethodAccessorImpl.invoke(NativeMethodAccessorImpl.java:62)
    at sun.reflect.DelegatingMethodAccessorImpl.invoke(DelegatingMethodAccessorImpl.java:43)
    at java.lang.reflect.Method.invoke(Method.java:498)
14:40:17.431 [pool-18-thread-1] INFO  f.i.l.c.t.SpecificationTestCasesListener - Tests run finished (0 ms)
<> Total tests run: 1
<> Ignored tests: 0
<> Failed tests: 1
~ test2(java_testcases.junit.SHORTEST_PATH_LENGTH_Test)
[null]
java.lang.NullPointerException    at java_programs.SHORTEST_PATH_LENGTH.shortest_path_length(SHORTEST_PATH_LENGTH.java:44)
    at java_testcases.junit.SHORTEST_PATH_LENGTH_Test.test2(SHORTEST_PATH_LENGTH_Test.java:59)
    at sun.reflect.NativeMethodAccessorImpl.invoke0(Native Method)
    at sun.reflect.NativeMethodAccessorImpl.invoke(NativeMethodAccessorImpl.java:62)
    at sun.reflect.DelegatingMethodAccessorImpl.invoke(DelegatingMethodAccessorImpl.java:43)
    at java.lang.reflect.Method.invoke(Method.java:498)

java.lang.AssertionError: expected:<4> but was:<-2147483648>
    at org.junit.Assert.fail(Assert.java:88)
    at org.junit.Assert.failNotEquals(Assert.java:743)
    at org.junit.Assert.assertEquals(Assert.java:118)
    at org.junit.Assert.assertEquals(Assert.java:555)
    at org.junit.Assert.assertEquals(Assert.java:542)
    at java_testcases.junit.SHORTEST_PATH_LENGTH_Test.test1(SHORTEST_PATH_LENGTH_Test.java:51)
14:40:17.432 [pool-19-thread-1] INFO  f.i.l.c.t.SpecificationTestCasesListener - Tests run finished (0 ms)
<> Total tests run: 1
<> Ignored tests: 0
<> Failed tests: 1
~ test1(java_testcases.junit.SHORTEST_PATH_LENGTH_Test)
[expected:<4> but was:<-2147483648>]
java.lang.AssertionError: expected:<4> but was:<-2147483648>    at org.junit.Assert.fail(Assert.java:88)
    at org.junit.Assert.failNotEquals(Assert.java:743)
    at org.junit.Assert.assertEquals(Assert.java:118)
    at org.junit.Assert.assertEquals(Assert.java:555)
    at org.junit.Assert.assertEquals(Assert.java:542)
    at java_testcases.junit.SHORTEST_PATH_LENGTH_Test.test1(SHORTEST_PATH_LENGTH_Test.java:51)

java.lang.AssertionError: expected:<7> but was:<-2147483639>
    at org.junit.Assert.fail(Assert.java:88)
    at org.junit.Assert.failNotEquals(Assert.java:743)
    at org.junit.Assert.assertEquals(Assert.java:118)
    at org.junit.Assert.assertEquals(Assert.java:555)
    at org.junit.Assert.assertEquals(Assert.java:542)
    at java_testcases.junit.SHORTEST_PATH_LENGTH_Test.test2(SHORTEST_PATH_LENGTH_Test.java:60)
14:40:17.434 [pool-20-thread-1] INFO  f.i.l.c.t.SpecificationTestCasesListener - Tests run finished (1 ms)
<> Total tests run: 1
<> Ignored tests: 0
<> Failed tests: 1
~ test2(java_testcases.junit.SHORTEST_PATH_LENGTH_Test)
[expected:<7> but was:<-2147483639>]
java.lang.AssertionError: expected:<7> but was:<-2147483639>    at org.junit.Assert.fail(Assert.java:88)
    at org.junit.Assert.failNotEquals(Assert.java:743)
    at org.junit.Assert.assertEquals(Assert.java:118)
    at org.junit.Assert.assertEquals(Assert.java:555)
    at org.junit.Assert.assertEquals(Assert.java:542)
    at java_testcases.junit.SHORTEST_PATH_LENGTH_Test.test2(SHORTEST_PATH_LENGTH_Test.java:60)

14:40:17.434 [pool-15-thread-1] DEBUG tests.output - Failing tests with false: 
[test1(java_testcases.junit.SHORTEST_PATH_LENGTH_Test): null, test2(java_testcases.junit.SHORTEST_PATH_LENGTH_Test): null]
14:40:17.434 [pool-15-thread-1] DEBUG tests.output - Failing tests with true: 
[test1(java_testcases.junit.SHORTEST_PATH_LENGTH_Test): expected:<4> but was:<-2147483648>, test2(java_testcases.junit.SHORTEST_PATH_LENGTH_Test): expected:<7> but was:<-2147483639>]
14:40:17.434 [pool-15-thread-1] INFO  f.i.l.r.n.synth.SMTNopolSynthesizer - Not enough specifications: 0. A trivial patch is "true" or "false", please write new tests specifying SourceLocation java_programs.SHORTEST_PATH_LENGTH:33.
14:40:17.434 [pool-2-thread-1] DEBUG fr.inria.lille.repair.nopol.NoPol - looking with class fr.inria.lille.repair.nopol.spoon.smt.ConditionalReplacer
java.lang.AssertionError: expected:<4> but was:<-2147483648>
    at org.junit.Assert.fail(Assert.java:88)
    at org.junit.Assert.failNotEquals(Assert.java:743)
    at org.junit.Assert.assertEquals(Assert.java:118)
    at org.junit.Assert.assertEquals(Assert.java:555)
    at org.junit.Assert.assertEquals(Assert.java:542)
    at java_testcases.junit.SHORTEST_PATH_LENGTH_Test.test1(SHORTEST_PATH_LENGTH_Test.java:51)
java.lang.AssertionError: expected:<7> but was:<-2147483639>
    at org.junit.Assert.fail(Assert.java:88)
    at org.junit.Assert.failNotEquals(Assert.java:743)
    at org.junit.Assert.assertEquals(Assert.java:118)
    at org.junit.Assert.assertEquals(Assert.java:555)
    at org.junit.Assert.assertEquals(Assert.java:542)
    at java_testcases.junit.SHORTEST_PATH_LENGTH_Test.test2(SHORTEST_PATH_LENGTH_Test.java:60)
java.lang.AssertionError: expected:<4> but was:<-2147483648>
    at org.junit.Assert.fail(Assert.java:88)
    at org.junit.Assert.failNotEquals(Assert.java:743)
    at org.junit.Assert.assertEquals(Assert.java:118)
    at org.junit.Assert.assertEquals(Assert.java:555)
    at org.junit.Assert.assertEquals(Assert.java:542)
    at java_testcases.junit.SHORTEST_PATH_LENGTH_Test.test1(SHORTEST_PATH_LENGTH_Test.java:51)
java.lang.AssertionError: expected:<7> but was:<-2147483639>
    at org.junit.Assert.fail(Assert.java:88)
    at org.junit.Assert.failNotEquals(Assert.java:743)
    at org.junit.Assert.assertEquals(Assert.java:118)
    at org.junit.Assert.assertEquals(Assert.java:555)
    at org.junit.Assert.assertEquals(Assert.java:542)
    at java_testcases.junit.SHORTEST_PATH_LENGTH_Test.test2(SHORTEST_PATH_LENGTH_Test.java:60)
14:40:17.438 [pool-22-thread-1] INFO  xxl.java.junit.TestCasesListener - Tests run finished (2 ms)
<> Total tests run: 8
<> Ignored tests: 0
<> Failed tests: 4
~ test1(java_testcases.junit.SHORTEST_PATH_LENGTH_Test)
[expected:<4> but was:<-2147483648>]
java.lang.AssertionError: expected:<4> but was:<-2147483648>    at org.junit.Assert.fail(Assert.java:88)
    at org.junit.Assert.failNotEquals(Assert.java:743)
    at org.junit.Assert.assertEquals(Assert.java:118)
    at org.junit.Assert.assertEquals(Assert.java:555)
    at org.junit.Assert.assertEquals(Assert.java:542)
    at java_testcases.junit.SHORTEST_PATH_LENGTH_Test.test1(SHORTEST_PATH_LENGTH_Test.java:51)
~ test2(java_testcases.junit.SHORTEST_PATH_LENGTH_Test)
[expected:<7> but was:<-2147483639>]
java.lang.AssertionError: expected:<7> but was:<-2147483639>    at org.junit.Assert.fail(Assert.java:88)
    at org.junit.Assert.failNotEquals(Assert.java:743)
    at org.junit.Assert.assertEquals(Assert.java:118)
    at org.junit.Assert.assertEquals(Assert.java:555)
    at org.junit.Assert.assertEquals(Assert.java:542)
    at java_testcases.junit.SHORTEST_PATH_LENGTH_Test.test2(SHORTEST_PATH_LENGTH_Test.java:60)
~ test1(java_testcases.junit.SHORTEST_PATH_LENGTH_Test)
[expected:<4> but was:<-2147483648>]
java.lang.AssertionError: expected:<4> but was:<-2147483648>    at org.junit.Assert.fail(Assert.java:88)
    at org.junit.Assert.failNotEquals(Assert.java:743)
    at org.junit.Assert.assertEquals(Assert.java:118)
    at org.junit.Assert.assertEquals(Assert.java:555)
    at org.junit.Assert.assertEquals(Assert.java:542)
    at java_testcases.junit.SHORTEST_PATH_LENGTH_Test.test1(SHORTEST_PATH_LENGTH_Test.java:51)
~ test2(java_testcases.junit.SHORTEST_PATH_LENGTH_Test)
[expected:<7> but was:<-2147483639>]
java.lang.AssertionError: expected:<7> but was:<-2147483639>    at org.junit.Assert.fail(Assert.java:88)
    at org.junit.Assert.failNotEquals(Assert.java:743)
    at org.junit.Assert.assertEquals(Assert.java:118)
    at org.junit.Assert.assertEquals(Assert.java:555)
    at org.junit.Assert.assertEquals(Assert.java:542)
    at java_testcases.junit.SHORTEST_PATH_LENGTH_Test.test2(SHORTEST_PATH_LENGTH_Test.java:60)

java.lang.NullPointerException
    at java_programs.SHORTEST_PATH_LENGTH.shortest_path_length(SHORTEST_PATH_LENGTH.java:44)
    at java_testcases.junit.SHORTEST_PATH_LENGTH_Test.test1(SHORTEST_PATH_LENGTH_Test.java:47)
    at sun.reflect.NativeMethodAccessorImpl.invoke0(Native Method)
    at sun.reflect.NativeMethodAccessorImpl.invoke(NativeMethodAccessorImpl.java:62)
    at sun.reflect.DelegatingMethodAccessorImpl.invoke(DelegatingMethodAccessorImpl.java:43)
    at java.lang.reflect.Method.invoke(Method.java:498)
14:40:17.553 [pool-23-thread-1] INFO  f.i.l.c.t.SpecificationTestCasesListener - Tests run finished (1 ms)
<> Total tests run: 1
<> Ignored tests: 0
<> Failed tests: 1
~ test1(java_testcases.junit.SHORTEST_PATH_LENGTH_Test)
[null]
java.lang.NullPointerException    at java_programs.SHORTEST_PATH_LENGTH.shortest_path_length(SHORTEST_PATH_LENGTH.java:44)
    at java_testcases.junit.SHORTEST_PATH_LENGTH_Test.test1(SHORTEST_PATH_LENGTH_Test.java:47)
    at sun.reflect.NativeMethodAccessorImpl.invoke0(Native Method)
    at sun.reflect.NativeMethodAccessorImpl.invoke(NativeMethodAccessorImpl.java:62)
    at sun.reflect.DelegatingMethodAccessorImpl.invoke(DelegatingMethodAccessorImpl.java:43)
    at java.lang.reflect.Method.invoke(Method.java:498)

java.lang.NullPointerException
    at java_programs.SHORTEST_PATH_LENGTH.shortest_path_length(SHORTEST_PATH_LENGTH.java:44)
    at java_testcases.junit.SHORTEST_PATH_LENGTH_Test.test2(SHORTEST_PATH_LENGTH_Test.java:59)
    at sun.reflect.NativeMethodAccessorImpl.invoke0(Native Method)
    at sun.reflect.NativeMethodAccessorImpl.invoke(NativeMethodAccessorImpl.java:62)
    at sun.reflect.DelegatingMethodAccessorImpl.invoke(DelegatingMethodAccessorImpl.java:43)
    at java.lang.reflect.Method.invoke(Method.java:498)
14:40:17.554 [pool-24-thread-1] INFO  f.i.l.c.t.SpecificationTestCasesListener - Tests run finished (0 ms)
<> Total tests run: 1
<> Ignored tests: 0
<> Failed tests: 1
~ test2(java_testcases.junit.SHORTEST_PATH_LENGTH_Test)
[null]
java.lang.NullPointerException    at java_programs.SHORTEST_PATH_LENGTH.shortest_path_length(SHORTEST_PATH_LENGTH.java:44)
    at java_testcases.junit.SHORTEST_PATH_LENGTH_Test.test2(SHORTEST_PATH_LENGTH_Test.java:59)
    at sun.reflect.NativeMethodAccessorImpl.invoke0(Native Method)
    at sun.reflect.NativeMethodAccessorImpl.invoke(NativeMethodAccessorImpl.java:62)
    at sun.reflect.DelegatingMethodAccessorImpl.invoke(DelegatingMethodAccessorImpl.java:43)
    at java.lang.reflect.Method.invoke(Method.java:498)

java.lang.AssertionError: expected:<4> but was:<-2147483648>
    at org.junit.Assert.fail(Assert.java:88)
    at org.junit.Assert.failNotEquals(Assert.java:743)
    at org.junit.Assert.assertEquals(Assert.java:118)
    at org.junit.Assert.assertEquals(Assert.java:555)
    at org.junit.Assert.assertEquals(Assert.java:542)
    at java_testcases.junit.SHORTEST_PATH_LENGTH_Test.test1(SHORTEST_PATH_LENGTH_Test.java:51)
14:40:17.556 [pool-25-thread-1] INFO  f.i.l.c.t.SpecificationTestCasesListener - Tests run finished (1 ms)
<> Total tests run: 1
<> Ignored tests: 0
<> Failed tests: 1
~ test1(java_testcases.junit.SHORTEST_PATH_LENGTH_Test)
[expected:<4> but was:<-2147483648>]
java.lang.AssertionError: expected:<4> but was:<-2147483648>    at org.junit.Assert.fail(Assert.java:88)
    at org.junit.Assert.failNotEquals(Assert.java:743)
    at org.junit.Assert.assertEquals(Assert.java:118)
    at org.junit.Assert.assertEquals(Assert.java:555)
    at org.junit.Assert.assertEquals(Assert.java:542)
    at java_testcases.junit.SHORTEST_PATH_LENGTH_Test.test1(SHORTEST_PATH_LENGTH_Test.java:51)

java.lang.AssertionError: expected:<7> but was:<-2147483648>
    at org.junit.Assert.fail(Assert.java:88)
    at org.junit.Assert.failNotEquals(Assert.java:743)
    at org.junit.Assert.assertEquals(Assert.java:118)
    at org.junit.Assert.assertEquals(Assert.java:555)
    at org.junit.Assert.assertEquals(Assert.java:542)
    at java_testcases.junit.SHORTEST_PATH_LENGTH_Test.test2(SHORTEST_PATH_LENGTH_Test.java:60)
14:40:17.557 [pool-26-thread-1] INFO  f.i.l.c.t.SpecificationTestCasesListener - Tests run finished (0 ms)
<> Total tests run: 1
<> Ignored tests: 0
<> Failed tests: 1
~ test2(java_testcases.junit.SHORTEST_PATH_LENGTH_Test)
[expected:<7> but was:<-2147483648>]
java.lang.AssertionError: expected:<7> but was:<-2147483648>    at org.junit.Assert.fail(Assert.java:88)
    at org.junit.Assert.failNotEquals(Assert.java:743)
    at org.junit.Assert.assertEquals(Assert.java:118)
    at org.junit.Assert.assertEquals(Assert.java:555)
    at org.junit.Assert.assertEquals(Assert.java:542)
    at java_testcases.junit.SHORTEST_PATH_LENGTH_Test.test2(SHORTEST_PATH_LENGTH_Test.java:60)

14:40:17.558 [pool-21-thread-1] DEBUG tests.output - Failing tests with false: 
[test1(java_testcases.junit.SHORTEST_PATH_LENGTH_Test): null, test2(java_testcases.junit.SHORTEST_PATH_LENGTH_Test): null]
14:40:17.558 [pool-21-thread-1] DEBUG tests.output - Failing tests with true: 
[test1(java_testcases.junit.SHORTEST_PATH_LENGTH_Test): expected:<4> but was:<-2147483648>, test2(java_testcases.junit.SHORTEST_PATH_LENGTH_Test): expected:<7> but was:<-2147483648>]
14:40:17.558 [pool-21-thread-1] INFO  f.i.l.r.n.synth.SMTNopolSynthesizer - Not enough specifications: 0. A trivial patch is "true" or "false", please write new tests specifying SourceLocation java_programs.SHORTEST_PATH_LENGTH:33.
14:40:17.558 [pool-2-thread-1] DEBUG fr.inria.lille.repair.nopol.NoPol - statement #6
14:40:17.558 [pool-2-thread-1] DEBUG fr.inria.lille.repair.nopol.NoPol - Analysing SourceLocation java_programs.SHORTEST_PATH_LENGTH:29 which is executed by 2 tests
-1734541556
14:40:17.602 [pool-2-thread-1] DEBUG fr.inria.lille.repair.nopol.NoPol - looking with class fr.inria.lille.repair.nopol.spoon.smt.ConditionalAdder
java.lang.AssertionError: expected:<4> but was:<-2147483648>
    at org.junit.Assert.fail(Assert.java:88)
    at org.junit.Assert.failNotEquals(Assert.java:743)
    at org.junit.Assert.assertEquals(Assert.java:118)
    at org.junit.Assert.assertEquals(Assert.java:555)
    at org.junit.Assert.assertEquals(Assert.java:542)
    at java_testcases.junit.SHORTEST_PATH_LENGTH_Test.test1(SHORTEST_PATH_LENGTH_Test.java:51)
java.lang.AssertionError: expected:<7> but was:<-2147483639>
    at org.junit.Assert.fail(Assert.java:88)
    at org.junit.Assert.failNotEquals(Assert.java:743)
    at org.junit.Assert.assertEquals(Assert.java:118)
    at org.junit.Assert.assertEquals(Assert.java:555)
    at org.junit.Assert.assertEquals(Assert.java:542)
    at java_testcases.junit.SHORTEST_PATH_LENGTH_Test.test2(SHORTEST_PATH_LENGTH_Test.java:60)
java.lang.AssertionError: expected:<4> but was:<-2147483648>
    at org.junit.Assert.fail(Assert.java:88)
    at org.junit.Assert.failNotEquals(Assert.java:743)
    at org.junit.Assert.assertEquals(Assert.java:118)
    at org.junit.Assert.assertEquals(Assert.java:555)
    at org.junit.Assert.assertEquals(Assert.java:542)
    at java_testcases.junit.SHORTEST_PATH_LENGTH_Test.test1(SHORTEST_PATH_LENGTH_Test.java:51)
java.lang.AssertionError: expected:<7> but was:<-2147483639>
    at org.junit.Assert.fail(Assert.java:88)
    at org.junit.Assert.failNotEquals(Assert.java:743)
    at org.junit.Assert.assertEquals(Assert.java:118)
    at org.junit.Assert.assertEquals(Assert.java:555)
    at org.junit.Assert.assertEquals(Assert.java:542)
    at java_testcases.junit.SHORTEST_PATH_LENGTH_Test.test2(SHORTEST_PATH_LENGTH_Test.java:60)
14:40:17.606 [pool-28-thread-1] INFO  xxl.java.junit.TestCasesListener - Tests run finished (2 ms)
<> Total tests run: 8
<> Ignored tests: 0
<> Failed tests: 4
~ test1(java_testcases.junit.SHORTEST_PATH_LENGTH_Test)
[expected:<4> but was:<-2147483648>]
java.lang.AssertionError: expected:<4> but was:<-2147483648>    at org.junit.Assert.fail(Assert.java:88)
    at org.junit.Assert.failNotEquals(Assert.java:743)
    at org.junit.Assert.assertEquals(Assert.java:118)
    at org.junit.Assert.assertEquals(Assert.java:555)
    at org.junit.Assert.assertEquals(Assert.java:542)
    at java_testcases.junit.SHORTEST_PATH_LENGTH_Test.test1(SHORTEST_PATH_LENGTH_Test.java:51)
~ test2(java_testcases.junit.SHORTEST_PATH_LENGTH_Test)
[expected:<7> but was:<-2147483639>]
java.lang.AssertionError: expected:<7> but was:<-2147483639>    at org.junit.Assert.fail(Assert.java:88)
    at org.junit.Assert.failNotEquals(Assert.java:743)
    at org.junit.Assert.assertEquals(Assert.java:118)
    at org.junit.Assert.assertEquals(Assert.java:555)
    at org.junit.Assert.assertEquals(Assert.java:542)
    at java_testcases.junit.SHORTEST_PATH_LENGTH_Test.test2(SHORTEST_PATH_LENGTH_Test.java:60)
~ test1(java_testcases.junit.SHORTEST_PATH_LENGTH_Test)
[expected:<4> but was:<-2147483648>]
java.lang.AssertionError: expected:<4> but was:<-2147483648>    at org.junit.Assert.fail(Assert.java:88)
    at org.junit.Assert.failNotEquals(Assert.java:743)
    at org.junit.Assert.assertEquals(Assert.java:118)
    at org.junit.Assert.assertEquals(Assert.java:555)
    at org.junit.Assert.assertEquals(Assert.java:542)
    at java_testcases.junit.SHORTEST_PATH_LENGTH_Test.test1(SHORTEST_PATH_LENGTH_Test.java:51)
~ test2(java_testcases.junit.SHORTEST_PATH_LENGTH_Test)
[expected:<7> but was:<-2147483639>]
java.lang.AssertionError: expected:<7> but was:<-2147483639>    at org.junit.Assert.fail(Assert.java:88)
    at org.junit.Assert.failNotEquals(Assert.java:743)
    at org.junit.Assert.assertEquals(Assert.java:118)
    at org.junit.Assert.assertEquals(Assert.java:555)
    at org.junit.Assert.assertEquals(Assert.java:542)
    at java_testcases.junit.SHORTEST_PATH_LENGTH_Test.test2(SHORTEST_PATH_LENGTH_Test.java:60)

java.lang.AssertionError: expected:<4> but was:<-2147483648>
    at org.junit.Assert.fail(Assert.java:88)
    at org.junit.Assert.failNotEquals(Assert.java:743)
    at org.junit.Assert.assertEquals(Assert.java:118)
    at org.junit.Assert.assertEquals(Assert.java:555)
    at org.junit.Assert.assertEquals(Assert.java:542)
    at java_testcases.junit.SHORTEST_PATH_LENGTH_Test.test1(SHORTEST_PATH_LENGTH_Test.java:51)
14:40:17.700 [pool-29-thread-1] INFO  f.i.l.c.t.SpecificationTestCasesListener - Tests run finished (1 ms)
<> Total tests run: 1
<> Ignored tests: 0
<> Failed tests: 1
~ test1(java_testcases.junit.SHORTEST_PATH_LENGTH_Test)
[expected:<4> but was:<-2147483648>]
java.lang.AssertionError: expected:<4> but was:<-2147483648>    at org.junit.Assert.fail(Assert.java:88)
    at org.junit.Assert.failNotEquals(Assert.java:743)
    at org.junit.Assert.assertEquals(Assert.java:118)
    at org.junit.Assert.assertEquals(Assert.java:555)
    at org.junit.Assert.assertEquals(Assert.java:542)
    at java_testcases.junit.SHORTEST_PATH_LENGTH_Test.test1(SHORTEST_PATH_LENGTH_Test.java:51)

java.lang.AssertionError: expected:<7> but was:<-2147483639>
    at org.junit.Assert.fail(Assert.java:88)
    at org.junit.Assert.failNotEquals(Assert.java:743)
    at org.junit.Assert.assertEquals(Assert.java:118)
    at org.junit.Assert.assertEquals(Assert.java:555)
    at org.junit.Assert.assertEquals(Assert.java:542)
    at java_testcases.junit.SHORTEST_PATH_LENGTH_Test.test2(SHORTEST_PATH_LENGTH_Test.java:60)
14:40:17.701 [pool-30-thread-1] INFO  f.i.l.c.t.SpecificationTestCasesListener - Tests run finished (0 ms)
<> Total tests run: 1
<> Ignored tests: 0
<> Failed tests: 1
~ test2(java_testcases.junit.SHORTEST_PATH_LENGTH_Test)
[expected:<7> but was:<-2147483639>]
java.lang.AssertionError: expected:<7> but was:<-2147483639>    at org.junit.Assert.fail(Assert.java:88)
    at org.junit.Assert.failNotEquals(Assert.java:743)
    at org.junit.Assert.assertEquals(Assert.java:118)
    at org.junit.Assert.assertEquals(Assert.java:555)
    at org.junit.Assert.assertEquals(Assert.java:542)
    at java_testcases.junit.SHORTEST_PATH_LENGTH_Test.test2(SHORTEST_PATH_LENGTH_Test.java:60)

java.lang.AssertionError: expected:<4> but was:<-2147483648>
    at org.junit.Assert.fail(Assert.java:88)
    at org.junit.Assert.failNotEquals(Assert.java:743)
    at org.junit.Assert.assertEquals(Assert.java:118)
    at org.junit.Assert.assertEquals(Assert.java:555)
    at org.junit.Assert.assertEquals(Assert.java:542)
    at java_testcases.junit.SHORTEST_PATH_LENGTH_Test.test1(SHORTEST_PATH_LENGTH_Test.java:51)
14:40:17.702 [pool-31-thread-1] INFO  f.i.l.c.t.SpecificationTestCasesListener - Tests run finished (0 ms)
<> Total tests run: 1
<> Ignored tests: 0
<> Failed tests: 1
~ test1(java_testcases.junit.SHORTEST_PATH_LENGTH_Test)
[expected:<4> but was:<-2147483648>]
java.lang.AssertionError: expected:<4> but was:<-2147483648>    at org.junit.Assert.fail(Assert.java:88)
    at org.junit.Assert.failNotEquals(Assert.java:743)
    at org.junit.Assert.assertEquals(Assert.java:118)
    at org.junit.Assert.assertEquals(Assert.java:555)
    at org.junit.Assert.assertEquals(Assert.java:542)
    at java_testcases.junit.SHORTEST_PATH_LENGTH_Test.test1(SHORTEST_PATH_LENGTH_Test.java:51)

java.lang.AssertionError: expected:<7> but was:<-2147483639>
    at org.junit.Assert.fail(Assert.java:88)
    at org.junit.Assert.failNotEquals(Assert.java:743)
    at org.junit.Assert.assertEquals(Assert.java:118)
    at org.junit.Assert.assertEquals(Assert.java:555)
    at org.junit.Assert.assertEquals(Assert.java:542)
    at java_testcases.junit.SHORTEST_PATH_LENGTH_Test.test2(SHORTEST_PATH_LENGTH_Test.java:60)
14:40:17.703 [pool-32-thread-1] INFO  f.i.l.c.t.SpecificationTestCasesListener - Tests run finished (0 ms)
<> Total tests run: 1
<> Ignored tests: 0
<> Failed tests: 1
~ test2(java_testcases.junit.SHORTEST_PATH_LENGTH_Test)
[expected:<7> but was:<-2147483639>]
java.lang.AssertionError: expected:<7> but was:<-2147483639>    at org.junit.Assert.fail(Assert.java:88)
    at org.junit.Assert.failNotEquals(Assert.java:743)
    at org.junit.Assert.assertEquals(Assert.java:118)
    at org.junit.Assert.assertEquals(Assert.java:555)
    at org.junit.Assert.assertEquals(Assert.java:542)
    at java_testcases.junit.SHORTEST_PATH_LENGTH_Test.test2(SHORTEST_PATH_LENGTH_Test.java:60)

14:40:17.704 [pool-27-thread-1] DEBUG tests.output - Failing tests with false: 
[test1(java_testcases.junit.SHORTEST_PATH_LENGTH_Test): expected:<4> but was:<-2147483648>, test2(java_testcases.junit.SHORTEST_PATH_LENGTH_Test): expected:<7> but was:<-2147483639>]
14:40:17.704 [pool-27-thread-1] DEBUG tests.output - Failing tests with true: 
[test1(java_testcases.junit.SHORTEST_PATH_LENGTH_Test): expected:<4> but was:<-2147483648>, test2(java_testcases.junit.SHORTEST_PATH_LENGTH_Test): expected:<7> but was:<-2147483639>]
14:40:17.704 [pool-27-thread-1] INFO  f.i.l.r.n.synth.SMTNopolSynthesizer - Not enough specifications: 0. A trivial patch is "true" or "false", please write new tests specifying SourceLocation java_programs.SHORTEST_PATH_LENGTH:29.
14:40:17.704 [pool-2-thread-1] DEBUG fr.inria.lille.repair.nopol.NoPol - looking with class fr.inria.lille.repair.nopol.spoon.smt.ConditionalReplacer
java.lang.AssertionError: expected:<4> but was:<-2147483648>
    at org.junit.Assert.fail(Assert.java:88)
    at org.junit.Assert.failNotEquals(Assert.java:743)
    at org.junit.Assert.assertEquals(Assert.java:118)
    at org.junit.Assert.assertEquals(Assert.java:555)
    at org.junit.Assert.assertEquals(Assert.java:542)
    at java_testcases.junit.SHORTEST_PATH_LENGTH_Test.test1(SHORTEST_PATH_LENGTH_Test.java:51)
java.lang.AssertionError: expected:<7> but was:<-2147483639>
    at org.junit.Assert.fail(Assert.java:88)
    at org.junit.Assert.failNotEquals(Assert.java:743)
    at org.junit.Assert.assertEquals(Assert.java:118)
    at org.junit.Assert.assertEquals(Assert.java:555)
    at org.junit.Assert.assertEquals(Assert.java:542)
    at java_testcases.junit.SHORTEST_PATH_LENGTH_Test.test2(SHORTEST_PATH_LENGTH_Test.java:60)
java.lang.AssertionError: expected:<4> but was:<-2147483648>
    at org.junit.Assert.fail(Assert.java:88)
    at org.junit.Assert.failNotEquals(Assert.java:743)
    at org.junit.Assert.assertEquals(Assert.java:118)
    at org.junit.Assert.assertEquals(Assert.java:555)
    at org.junit.Assert.assertEquals(Assert.java:542)
    at java_testcases.junit.SHORTEST_PATH_LENGTH_Test.test1(SHORTEST_PATH_LENGTH_Test.java:51)
java.lang.AssertionError: expected:<7> but was:<-2147483639>
    at org.junit.Assert.fail(Assert.java:88)
    at org.junit.Assert.failNotEquals(Assert.java:743)
    at org.junit.Assert.assertEquals(Assert.java:118)
    at org.junit.Assert.assertEquals(Assert.java:555)
    at org.junit.Assert.assertEquals(Assert.java:542)
    at java_testcases.junit.SHORTEST_PATH_LENGTH_Test.test2(SHORTEST_PATH_LENGTH_Test.java:60)
14:40:17.712 [pool-34-thread-1] INFO  xxl.java.junit.TestCasesListener - Tests run finished (2 ms)
<> Total tests run: 8
<> Ignored tests: 0
<> Failed tests: 4
~ test1(java_testcases.junit.SHORTEST_PATH_LENGTH_Test)
[expected:<4> but was:<-2147483648>]
java.lang.AssertionError: expected:<4> but was:<-2147483648>    at org.junit.Assert.fail(Assert.java:88)
    at org.junit.Assert.failNotEquals(Assert.java:743)
    at org.junit.Assert.assertEquals(Assert.java:118)
    at org.junit.Assert.assertEquals(Assert.java:555)
    at org.junit.Assert.assertEquals(Assert.java:542)
    at java_testcases.junit.SHORTEST_PATH_LENGTH_Test.test1(SHORTEST_PATH_LENGTH_Test.java:51)
~ test2(java_testcases.junit.SHORTEST_PATH_LENGTH_Test)
[expected:<7> but was:<-2147483639>]
java.lang.AssertionError: expected:<7> but was:<-2147483639>    at org.junit.Assert.fail(Assert.java:88)
    at org.junit.Assert.failNotEquals(Assert.java:743)
    at org.junit.Assert.assertEquals(Assert.java:118)
    at org.junit.Assert.assertEquals(Assert.java:555)
    at org.junit.Assert.assertEquals(Assert.java:542)
    at java_testcases.junit.SHORTEST_PATH_LENGTH_Test.test2(SHORTEST_PATH_LENGTH_Test.java:60)
~ test1(java_testcases.junit.SHORTEST_PATH_LENGTH_Test)
[expected:<4> but was:<-2147483648>]
java.lang.AssertionError: expected:<4> but was:<-2147483648>    at org.junit.Assert.fail(Assert.java:88)
    at org.junit.Assert.failNotEquals(Assert.java:743)
    at org.junit.Assert.assertEquals(Assert.java:118)
    at org.junit.Assert.assertEquals(Assert.java:555)
    at org.junit.Assert.assertEquals(Assert.java:542)
    at java_testcases.junit.SHORTEST_PATH_LENGTH_Test.test1(SHORTEST_PATH_LENGTH_Test.java:51)
~ test2(java_testcases.junit.SHORTEST_PATH_LENGTH_Test)
[expected:<7> but was:<-2147483639>]
java.lang.AssertionError: expected:<7> but was:<-2147483639>    at org.junit.Assert.fail(Assert.java:88)
    at org.junit.Assert.failNotEquals(Assert.java:743)
    at org.junit.Assert.assertEquals(Assert.java:118)
    at org.junit.Assert.assertEquals(Assert.java:555)
    at org.junit.Assert.assertEquals(Assert.java:542)
    at java_testcases.junit.SHORTEST_PATH_LENGTH_Test.test2(SHORTEST_PATH_LENGTH_Test.java:60)

java.lang.AssertionError: expected:<4> but was:<-2147483648>
    at org.junit.Assert.fail(Assert.java:88)
    at org.junit.Assert.failNotEquals(Assert.java:743)
    at org.junit.Assert.assertEquals(Assert.java:118)
    at org.junit.Assert.assertEquals(Assert.java:555)
    at org.junit.Assert.assertEquals(Assert.java:542)
    at java_testcases.junit.SHORTEST_PATH_LENGTH_Test.test1(SHORTEST_PATH_LENGTH_Test.java:51)
14:40:17.803 [pool-35-thread-1] INFO  f.i.l.c.t.SpecificationTestCasesListener - Tests run finished (1 ms)
<> Total tests run: 1
<> Ignored tests: 0
<> Failed tests: 1
~ test1(java_testcases.junit.SHORTEST_PATH_LENGTH_Test)
[expected:<4> but was:<-2147483648>]
java.lang.AssertionError: expected:<4> but was:<-2147483648>    at org.junit.Assert.fail(Assert.java:88)
    at org.junit.Assert.failNotEquals(Assert.java:743)
    at org.junit.Assert.assertEquals(Assert.java:118)
    at org.junit.Assert.assertEquals(Assert.java:555)
    at org.junit.Assert.assertEquals(Assert.java:542)
    at java_testcases.junit.SHORTEST_PATH_LENGTH_Test.test1(SHORTEST_PATH_LENGTH_Test.java:51)

java.lang.AssertionError: expected:<7> but was:<-2147483639>
    at org.junit.Assert.fail(Assert.java:88)
    at org.junit.Assert.failNotEquals(Assert.java:743)
    at org.junit.Assert.assertEquals(Assert.java:118)
    at org.junit.Assert.assertEquals(Assert.java:555)
    at org.junit.Assert.assertEquals(Assert.java:542)
    at java_testcases.junit.SHORTEST_PATH_LENGTH_Test.test2(SHORTEST_PATH_LENGTH_Test.java:60)
14:40:17.804 [pool-36-thread-1] INFO  f.i.l.c.t.SpecificationTestCasesListener - Tests run finished (0 ms)
<> Total tests run: 1
<> Ignored tests: 0
<> Failed tests: 1
~ test2(java_testcases.junit.SHORTEST_PATH_LENGTH_Test)
[expected:<7> but was:<-2147483639>]
java.lang.AssertionError: expected:<7> but was:<-2147483639>    at org.junit.Assert.fail(Assert.java:88)
    at org.junit.Assert.failNotEquals(Assert.java:743)
    at org.junit.Assert.assertEquals(Assert.java:118)
    at org.junit.Assert.assertEquals(Assert.java:555)
    at org.junit.Assert.assertEquals(Assert.java:542)
    at java_testcases.junit.SHORTEST_PATH_LENGTH_Test.test2(SHORTEST_PATH_LENGTH_Test.java:60)

java.lang.AssertionError: expected:<4> but was:<2147483647>
    at org.junit.Assert.fail(Assert.java:88)
    at org.junit.Assert.failNotEquals(Assert.java:743)
    at org.junit.Assert.assertEquals(Assert.java:118)
    at org.junit.Assert.assertEquals(Assert.java:555)
    at org.junit.Assert.assertEquals(Assert.java:542)
    at java_testcases.junit.SHORTEST_PATH_LENGTH_Test.test1(SHORTEST_PATH_LENGTH_Test.java:51)
14:40:17.805 [pool-37-thread-1] INFO  f.i.l.c.t.SpecificationTestCasesListener - Tests run finished (0 ms)
<> Total tests run: 1
<> Ignored tests: 0
<> Failed tests: 1
~ test1(java_testcases.junit.SHORTEST_PATH_LENGTH_Test)
[expected:<4> but was:<2147483647>]
java.lang.AssertionError: expected:<4> but was:<2147483647>    at org.junit.Assert.fail(Assert.java:88)
    at org.junit.Assert.failNotEquals(Assert.java:743)
    at org.junit.Assert.assertEquals(Assert.java:118)
    at org.junit.Assert.assertEquals(Assert.java:555)
    at org.junit.Assert.assertEquals(Assert.java:542)
    at java_testcases.junit.SHORTEST_PATH_LENGTH_Test.test1(SHORTEST_PATH_LENGTH_Test.java:51)

java.lang.AssertionError: expected:<7> but was:<2147483647>
    at org.junit.Assert.fail(Assert.java:88)
    at org.junit.Assert.failNotEquals(Assert.java:743)
    at org.junit.Assert.assertEquals(Assert.java:118)
    at org.junit.Assert.assertEquals(Assert.java:555)
    at org.junit.Assert.assertEquals(Assert.java:542)
    at java_testcases.junit.SHORTEST_PATH_LENGTH_Test.test2(SHORTEST_PATH_LENGTH_Test.java:60)
14:40:17.806 [pool-38-thread-1] INFO  f.i.l.c.t.SpecificationTestCasesListener - Tests run finished (0 ms)
<> Total tests run: 1
<> Ignored tests: 0
<> Failed tests: 1
~ test2(java_testcases.junit.SHORTEST_PATH_LENGTH_Test)
[expected:<7> but was:<2147483647>]
java.lang.AssertionError: expected:<7> but was:<2147483647>    at org.junit.Assert.fail(Assert.java:88)
    at org.junit.Assert.failNotEquals(Assert.java:743)
    at org.junit.Assert.assertEquals(Assert.java:118)
    at org.junit.Assert.assertEquals(Assert.java:555)
    at org.junit.Assert.assertEquals(Assert.java:542)
    at java_testcases.junit.SHORTEST_PATH_LENGTH_Test.test2(SHORTEST_PATH_LENGTH_Test.java:60)

14:40:17.807 [pool-33-thread-1] DEBUG tests.output - Failing tests with false: 
[test1(java_testcases.junit.SHORTEST_PATH_LENGTH_Test): expected:<4> but was:<-2147483648>, test2(java_testcases.junit.SHORTEST_PATH_LENGTH_Test): expected:<7> but was:<-2147483639>]
14:40:17.807 [pool-33-thread-1] DEBUG tests.output - Failing tests with true: 
[test1(java_testcases.junit.SHORTEST_PATH_LENGTH_Test): expected:<4> but was:<2147483647>, test2(java_testcases.junit.SHORTEST_PATH_LENGTH_Test): expected:<7> but was:<2147483647>]
14:40:17.807 [pool-33-thread-1] INFO  f.i.l.r.n.synth.SMTNopolSynthesizer - Not enough specifications: 0. A trivial patch is "true" or "false", please write new tests specifying SourceLocation java_programs.SHORTEST_PATH_LENGTH:29.
14:40:17.807 [pool-2-thread-1] DEBUG fr.inria.lille.repair.nopol.NoPol - statement #7
14:40:17.807 [pool-2-thread-1] DEBUG fr.inria.lille.repair.nopol.NoPol - Analysing SourceLocation java_programs.Node:62 which is executed by 3 tests
2433571
14:40:17.857 [pool-2-thread-1] DEBUG fr.inria.lille.repair.nopol.NoPol - statement #8
14:40:17.857 [pool-2-thread-1] DEBUG fr.inria.lille.repair.nopol.NoPol - Analysing SourceLocation java_programs.SHORTEST_PATH_LENGTH:40 which is executed by 3 tests
-1734541556
14:40:17.897 [pool-2-thread-1] DEBUG fr.inria.lille.repair.nopol.NoPol - statement #9
14:40:17.898 [pool-2-thread-1] DEBUG fr.inria.lille.repair.nopol.NoPol - Analysing SourceLocation java_programs.SHORTEST_PATH_LENGTH:28 which is executed by 3 tests
-1734541556
14:40:17.940 [pool-2-thread-1] DEBUG fr.inria.lille.repair.nopol.NoPol - looking with class fr.inria.lille.repair.nopol.spoon.smt.ConditionalAdder
java.lang.AssertionError: expected:<4> but was:<-2147483648>
    at org.junit.Assert.fail(Assert.java:88)
    at org.junit.Assert.failNotEquals(Assert.java:743)
    at org.junit.Assert.assertEquals(Assert.java:118)
    at org.junit.Assert.assertEquals(Assert.java:555)
    at org.junit.Assert.assertEquals(Assert.java:542)
    at java_testcases.junit.SHORTEST_PATH_LENGTH_Test.test1(SHORTEST_PATH_LENGTH_Test.java:51)
java.lang.AssertionError: expected:<7> but was:<-2147483639>
    at org.junit.Assert.fail(Assert.java:88)
    at org.junit.Assert.failNotEquals(Assert.java:743)
    at org.junit.Assert.assertEquals(Assert.java:118)
    at org.junit.Assert.assertEquals(Assert.java:555)
    at org.junit.Assert.assertEquals(Assert.java:542)
    at java_testcases.junit.SHORTEST_PATH_LENGTH_Test.test2(SHORTEST_PATH_LENGTH_Test.java:60)
java.lang.AssertionError: expected:<4> but was:<-2147483648>
    at org.junit.Assert.fail(Assert.java:88)
    at org.junit.Assert.failNotEquals(Assert.java:743)
    at org.junit.Assert.assertEquals(Assert.java:118)
    at org.junit.Assert.assertEquals(Assert.java:555)
    at org.junit.Assert.assertEquals(Assert.java:542)
    at java_testcases.junit.SHORTEST_PATH_LENGTH_Test.test1(SHORTEST_PATH_LENGTH_Test.java:51)
java.lang.AssertionError: expected:<7> but was:<-2147483639>
    at org.junit.Assert.fail(Assert.java:88)
    at org.junit.Assert.failNotEquals(Assert.java:743)
    at org.junit.Assert.assertEquals(Assert.java:118)
    at org.junit.Assert.assertEquals(Assert.java:555)
    at org.junit.Assert.assertEquals(Assert.java:542)
    at java_testcases.junit.SHORTEST_PATH_LENGTH_Test.test2(SHORTEST_PATH_LENGTH_Test.java:60)
14:40:17.944 [pool-40-thread-1] INFO  xxl.java.junit.TestCasesListener - Tests run finished (2 ms)
<> Total tests run: 8
<> Ignored tests: 0
<> Failed tests: 4
~ test1(java_testcases.junit.SHORTEST_PATH_LENGTH_Test)
[expected:<4> but was:<-2147483648>]
java.lang.AssertionError: expected:<4> but was:<-2147483648>    at org.junit.Assert.fail(Assert.java:88)
    at org.junit.Assert.failNotEquals(Assert.java:743)
    at org.junit.Assert.assertEquals(Assert.java:118)
    at org.junit.Assert.assertEquals(Assert.java:555)
    at org.junit.Assert.assertEquals(Assert.java:542)
    at java_testcases.junit.SHORTEST_PATH_LENGTH_Test.test1(SHORTEST_PATH_LENGTH_Test.java:51)
~ test2(java_testcases.junit.SHORTEST_PATH_LENGTH_Test)
[expected:<7> but was:<-2147483639>]
java.lang.AssertionError: expected:<7> but was:<-2147483639>    at org.junit.Assert.fail(Assert.java:88)
    at org.junit.Assert.failNotEquals(Assert.java:743)
    at org.junit.Assert.assertEquals(Assert.java:118)
    at org.junit.Assert.assertEquals(Assert.java:555)
    at org.junit.Assert.assertEquals(Assert.java:542)
    at java_testcases.junit.SHORTEST_PATH_LENGTH_Test.test2(SHORTEST_PATH_LENGTH_Test.java:60)
~ test1(java_testcases.junit.SHORTEST_PATH_LENGTH_Test)
[expected:<4> but was:<-2147483648>]
java.lang.AssertionError: expected:<4> but was:<-2147483648>    at org.junit.Assert.fail(Assert.java:88)
    at org.junit.Assert.failNotEquals(Assert.java:743)
    at org.junit.Assert.assertEquals(Assert.java:118)
    at org.junit.Assert.assertEquals(Assert.java:555)
    at org.junit.Assert.assertEquals(Assert.java:542)
    at java_testcases.junit.SHORTEST_PATH_LENGTH_Test.test1(SHORTEST_PATH_LENGTH_Test.java:51)
~ test2(java_testcases.junit.SHORTEST_PATH_LENGTH_Test)
[expected:<7> but was:<-2147483639>]
java.lang.AssertionError: expected:<7> but was:<-2147483639>    at org.junit.Assert.fail(Assert.java:88)
    at org.junit.Assert.failNotEquals(Assert.java:743)
    at org.junit.Assert.assertEquals(Assert.java:118)
    at org.junit.Assert.assertEquals(Assert.java:555)
    at org.junit.Assert.assertEquals(Assert.java:542)
    at java_testcases.junit.SHORTEST_PATH_LENGTH_Test.test2(SHORTEST_PATH_LENGTH_Test.java:60)

java.lang.AssertionError: expected:<4> but was:<2147483647>
    at org.junit.Assert.fail(Assert.java:88)
    at org.junit.Assert.failNotEquals(Assert.java:743)
    at org.junit.Assert.assertEquals(Assert.java:118)
    at org.junit.Assert.assertEquals(Assert.java:555)
    at org.junit.Assert.assertEquals(Assert.java:542)
    at java_testcases.junit.SHORTEST_PATH_LENGTH_Test.test1(SHORTEST_PATH_LENGTH_Test.java:51)
14:40:18.036 [pool-41-thread-1] INFO  f.i.l.c.t.SpecificationTestCasesListener - Tests run finished (1 ms)
<> Total tests run: 1
<> Ignored tests: 0
<> Failed tests: 1
~ test1(java_testcases.junit.SHORTEST_PATH_LENGTH_Test)
[expected:<4> but was:<2147483647>]
java.lang.AssertionError: expected:<4> but was:<2147483647>    at org.junit.Assert.fail(Assert.java:88)
    at org.junit.Assert.failNotEquals(Assert.java:743)
    at org.junit.Assert.assertEquals(Assert.java:118)
    at org.junit.Assert.assertEquals(Assert.java:555)
    at org.junit.Assert.assertEquals(Assert.java:542)
    at java_testcases.junit.SHORTEST_PATH_LENGTH_Test.test1(SHORTEST_PATH_LENGTH_Test.java:51)

java.lang.AssertionError: expected:<7> but was:<2147483647>
    at org.junit.Assert.fail(Assert.java:88)
    at org.junit.Assert.failNotEquals(Assert.java:743)
    at org.junit.Assert.assertEquals(Assert.java:118)
    at org.junit.Assert.assertEquals(Assert.java:555)
    at org.junit.Assert.assertEquals(Assert.java:542)
    at java_testcases.junit.SHORTEST_PATH_LENGTH_Test.test2(SHORTEST_PATH_LENGTH_Test.java:60)
14:40:18.037 [pool-42-thread-1] INFO  f.i.l.c.t.SpecificationTestCasesListener - Tests run finished (0 ms)
<> Total tests run: 1
<> Ignored tests: 0
<> Failed tests: 1
~ test2(java_testcases.junit.SHORTEST_PATH_LENGTH_Test)
[expected:<7> but was:<2147483647>]
java.lang.AssertionError: expected:<7> but was:<2147483647>    at org.junit.Assert.fail(Assert.java:88)
    at org.junit.Assert.failNotEquals(Assert.java:743)
    at org.junit.Assert.assertEquals(Assert.java:118)
    at org.junit.Assert.assertEquals(Assert.java:555)
    at org.junit.Assert.assertEquals(Assert.java:542)
    at java_testcases.junit.SHORTEST_PATH_LENGTH_Test.test2(SHORTEST_PATH_LENGTH_Test.java:60)

java.lang.AssertionError: expected:<4> but was:<-2147483648>
    at org.junit.Assert.fail(Assert.java:88)
    at org.junit.Assert.failNotEquals(Assert.java:743)
    at org.junit.Assert.assertEquals(Assert.java:118)
    at org.junit.Assert.assertEquals(Assert.java:555)
    at org.junit.Assert.assertEquals(Assert.java:542)
    at java_testcases.junit.SHORTEST_PATH_LENGTH_Test.test1(SHORTEST_PATH_LENGTH_Test.java:51)
14:40:18.038 [pool-43-thread-1] INFO  f.i.l.c.t.SpecificationTestCasesListener - Tests run finished (0 ms)
<> Total tests run: 1
<> Ignored tests: 0
<> Failed tests: 1
~ test1(java_testcases.junit.SHORTEST_PATH_LENGTH_Test)
[expected:<4> but was:<-2147483648>]
java.lang.AssertionError: expected:<4> but was:<-2147483648>    at org.junit.Assert.fail(Assert.java:88)
    at org.junit.Assert.failNotEquals(Assert.java:743)
    at org.junit.Assert.assertEquals(Assert.java:118)
    at org.junit.Assert.assertEquals(Assert.java:555)
    at org.junit.Assert.assertEquals(Assert.java:542)
    at java_testcases.junit.SHORTEST_PATH_LENGTH_Test.test1(SHORTEST_PATH_LENGTH_Test.java:51)

java.lang.AssertionError: expected:<7> but was:<-2147483639>
    at org.junit.Assert.fail(Assert.java:88)
    at org.junit.Assert.failNotEquals(Assert.java:743)
    at org.junit.Assert.assertEquals(Assert.java:118)
    at org.junit.Assert.assertEquals(Assert.java:555)
    at org.junit.Assert.assertEquals(Assert.java:542)
    at java_testcases.junit.SHORTEST_PATH_LENGTH_Test.test2(SHORTEST_PATH_LENGTH_Test.java:60)
14:40:18.040 [pool-44-thread-1] INFO  f.i.l.c.t.SpecificationTestCasesListener - Tests run finished (1 ms)
<> Total tests run: 1
<> Ignored tests: 0
<> Failed tests: 1
~ test2(java_testcases.junit.SHORTEST_PATH_LENGTH_Test)
[expected:<7> but was:<-2147483639>]
java.lang.AssertionError: expected:<7> but was:<-2147483639>    at org.junit.Assert.fail(Assert.java:88)
    at org.junit.Assert.failNotEquals(Assert.java:743)
    at org.junit.Assert.assertEquals(Assert.java:118)
    at org.junit.Assert.assertEquals(Assert.java:555)
    at org.junit.Assert.assertEquals(Assert.java:542)
    at java_testcases.junit.SHORTEST_PATH_LENGTH_Test.test2(SHORTEST_PATH_LENGTH_Test.java:60)

14:40:18.040 [pool-39-thread-1] DEBUG tests.output - Failing tests with false: 
[test1(java_testcases.junit.SHORTEST_PATH_LENGTH_Test): expected:<4> but was:<2147483647>, test2(java_testcases.junit.SHORTEST_PATH_LENGTH_Test): expected:<7> but was:<2147483647>]
14:40:18.040 [pool-39-thread-1] DEBUG tests.output - Failing tests with true: 
[test1(java_testcases.junit.SHORTEST_PATH_LENGTH_Test): expected:<4> but was:<-2147483648>, test2(java_testcases.junit.SHORTEST_PATH_LENGTH_Test): expected:<7> but was:<-2147483639>]
14:40:18.040 [pool-39-thread-1] INFO  f.i.l.r.n.synth.SMTNopolSynthesizer - Not enough specifications: 0. A trivial patch is "true" or "false", please write new tests specifying SourceLocation java_programs.SHORTEST_PATH_LENGTH:28.
14:40:18.041 [pool-2-thread-1] DEBUG fr.inria.lille.repair.nopol.NoPol - statement #10
14:40:18.041 [pool-2-thread-1] DEBUG fr.inria.lille.repair.nopol.NoPol - Analysing SourceLocation java_programs.SHORTEST_PATH_LENGTH:26 which is executed by 3 tests
-1734541556
14:40:18.090 [pool-2-thread-1] DEBUG fr.inria.lille.repair.nopol.NoPol - looking with class fr.inria.lille.repair.nopol.spoon.smt.ConditionalAdder
java.lang.AssertionError: expected:<4> but was:<-2147483648>
    at org.junit.Assert.fail(Assert.java:88)
    at org.junit.Assert.failNotEquals(Assert.java:743)
    at org.junit.Assert.assertEquals(Assert.java:118)
    at org.junit.Assert.assertEquals(Assert.java:555)
    at org.junit.Assert.assertEquals(Assert.java:542)
    at java_testcases.junit.SHORTEST_PATH_LENGTH_Test.test1(SHORTEST_PATH_LENGTH_Test.java:51)
java.lang.AssertionError: expected:<7> but was:<-2147483639>
    at org.junit.Assert.fail(Assert.java:88)
    at org.junit.Assert.failNotEquals(Assert.java:743)
    at org.junit.Assert.assertEquals(Assert.java:118)
    at org.junit.Assert.assertEquals(Assert.java:555)
    at org.junit.Assert.assertEquals(Assert.java:542)
    at java_testcases.junit.SHORTEST_PATH_LENGTH_Test.test2(SHORTEST_PATH_LENGTH_Test.java:60)
java.lang.AssertionError: expected:<4> but was:<-2147483648>
    at org.junit.Assert.fail(Assert.java:88)
    at org.junit.Assert.failNotEquals(Assert.java:743)
    at org.junit.Assert.assertEquals(Assert.java:118)
    at org.junit.Assert.assertEquals(Assert.java:555)
    at org.junit.Assert.assertEquals(Assert.java:542)
    at java_testcases.junit.SHORTEST_PATH_LENGTH_Test.test1(SHORTEST_PATH_LENGTH_Test.java:51)
java.lang.AssertionError: expected:<7> but was:<-2147483639>
    at org.junit.Assert.fail(Assert.java:88)
    at org.junit.Assert.failNotEquals(Assert.java:743)
    at org.junit.Assert.assertEquals(Assert.java:118)
    at org.junit.Assert.assertEquals(Assert.java:555)
    at org.junit.Assert.assertEquals(Assert.java:542)
    at java_testcases.junit.SHORTEST_PATH_LENGTH_Test.test2(SHORTEST_PATH_LENGTH_Test.java:60)
14:40:18.095 [pool-46-thread-1] INFO  xxl.java.junit.TestCasesListener - Tests run finished (2 ms)
<> Total tests run: 8
<> Ignored tests: 0
<> Failed tests: 4
~ test1(java_testcases.junit.SHORTEST_PATH_LENGTH_Test)
[expected:<4> but was:<-2147483648>]
java.lang.AssertionError: expected:<4> but was:<-2147483648>    at org.junit.Assert.fail(Assert.java:88)
    at org.junit.Assert.failNotEquals(Assert.java:743)
    at org.junit.Assert.assertEquals(Assert.java:118)
    at org.junit.Assert.assertEquals(Assert.java:555)
    at org.junit.Assert.assertEquals(Assert.java:542)
    at java_testcases.junit.SHORTEST_PATH_LENGTH_Test.test1(SHORTEST_PATH_LENGTH_Test.java:51)
~ test2(java_testcases.junit.SHORTEST_PATH_LENGTH_Test)
[expected:<7> but was:<-2147483639>]
java.lang.AssertionError: expected:<7> but was:<-2147483639>    at org.junit.Assert.fail(Assert.java:88)
    at org.junit.Assert.failNotEquals(Assert.java:743)
    at org.junit.Assert.assertEquals(Assert.java:118)
    at org.junit.Assert.assertEquals(Assert.java:555)
    at org.junit.Assert.assertEquals(Assert.java:542)
    at java_testcases.junit.SHORTEST_PATH_LENGTH_Test.test2(SHORTEST_PATH_LENGTH_Test.java:60)
~ test1(java_testcases.junit.SHORTEST_PATH_LENGTH_Test)
[expected:<4> but was:<-2147483648>]
java.lang.AssertionError: expected:<4> but was:<-2147483648>    at org.junit.Assert.fail(Assert.java:88)
    at org.junit.Assert.failNotEquals(Assert.java:743)
    at org.junit.Assert.assertEquals(Assert.java:118)
    at org.junit.Assert.assertEquals(Assert.java:555)
    at org.junit.Assert.assertEquals(Assert.java:542)
    at java_testcases.junit.SHORTEST_PATH_LENGTH_Test.test1(SHORTEST_PATH_LENGTH_Test.java:51)
~ test2(java_testcases.junit.SHORTEST_PATH_LENGTH_Test)
[expected:<7> but was:<-2147483639>]
java.lang.AssertionError: expected:<7> but was:<-2147483639>    at org.junit.Assert.fail(Assert.java:88)
    at org.junit.Assert.failNotEquals(Assert.java:743)
    at org.junit.Assert.assertEquals(Assert.java:118)
    at org.junit.Assert.assertEquals(Assert.java:555)
    at org.junit.Assert.assertEquals(Assert.java:542)
    at java_testcases.junit.SHORTEST_PATH_LENGTH_Test.test2(SHORTEST_PATH_LENGTH_Test.java:60)

java.lang.AssertionError: expected:<4> but was:<-2147483648>
    at org.junit.Assert.fail(Assert.java:88)
    at org.junit.Assert.failNotEquals(Assert.java:743)
    at org.junit.Assert.assertEquals(Assert.java:118)
    at org.junit.Assert.assertEquals(Assert.java:555)
    at org.junit.Assert.assertEquals(Assert.java:542)
    at java_testcases.junit.SHORTEST_PATH_LENGTH_Test.test1(SHORTEST_PATH_LENGTH_Test.java:51)
14:40:18.175 [pool-47-thread-1] INFO  f.i.l.c.t.SpecificationTestCasesListener - Tests run finished (1 ms)
<> Total tests run: 1
<> Ignored tests: 0
<> Failed tests: 1
~ test1(java_testcases.junit.SHORTEST_PATH_LENGTH_Test)
[expected:<4> but was:<-2147483648>]
java.lang.AssertionError: expected:<4> but was:<-2147483648>    at org.junit.Assert.fail(Assert.java:88)
    at org.junit.Assert.failNotEquals(Assert.java:743)
    at org.junit.Assert.assertEquals(Assert.java:118)
    at org.junit.Assert.assertEquals(Assert.java:555)
    at org.junit.Assert.assertEquals(Assert.java:542)
    at java_testcases.junit.SHORTEST_PATH_LENGTH_Test.test1(SHORTEST_PATH_LENGTH_Test.java:51)

java.lang.AssertionError: expected:<7> but was:<-2147483639>
    at org.junit.Assert.fail(Assert.java:88)
    at org.junit.Assert.failNotEquals(Assert.java:743)
    at org.junit.Assert.assertEquals(Assert.java:118)
    at org.junit.Assert.assertEquals(Assert.java:555)
    at org.junit.Assert.assertEquals(Assert.java:542)
    at java_testcases.junit.SHORTEST_PATH_LENGTH_Test.test2(SHORTEST_PATH_LENGTH_Test.java:60)
14:40:18.176 [pool-48-thread-1] INFO  f.i.l.c.t.SpecificationTestCasesListener - Tests run finished (0 ms)
<> Total tests run: 1
<> Ignored tests: 0
<> Failed tests: 1
~ test2(java_testcases.junit.SHORTEST_PATH_LENGTH_Test)
[expected:<7> but was:<-2147483639>]
java.lang.AssertionError: expected:<7> but was:<-2147483639>    at org.junit.Assert.fail(Assert.java:88)
    at org.junit.Assert.failNotEquals(Assert.java:743)
    at org.junit.Assert.assertEquals(Assert.java:118)
    at org.junit.Assert.assertEquals(Assert.java:555)
    at org.junit.Assert.assertEquals(Assert.java:542)
    at java_testcases.junit.SHORTEST_PATH_LENGTH_Test.test2(SHORTEST_PATH_LENGTH_Test.java:60)

java.lang.AssertionError: expected:<4> but was:<-2147483648>
    at org.junit.Assert.fail(Assert.java:88)
    at org.junit.Assert.failNotEquals(Assert.java:743)
    at org.junit.Assert.assertEquals(Assert.java:118)
    at org.junit.Assert.assertEquals(Assert.java:555)
    at org.junit.Assert.assertEquals(Assert.java:542)
    at java_testcases.junit.SHORTEST_PATH_LENGTH_Test.test1(SHORTEST_PATH_LENGTH_Test.java:51)
14:40:18.177 [pool-49-thread-1] INFO  f.i.l.c.t.SpecificationTestCasesListener - Tests run finished (0 ms)
<> Total tests run: 1
<> Ignored tests: 0
<> Failed tests: 1
~ test1(java_testcases.junit.SHORTEST_PATH_LENGTH_Test)
[expected:<4> but was:<-2147483648>]
java.lang.AssertionError: expected:<4> but was:<-2147483648>    at org.junit.Assert.fail(Assert.java:88)
    at org.junit.Assert.failNotEquals(Assert.java:743)
    at org.junit.Assert.assertEquals(Assert.java:118)
    at org.junit.Assert.assertEquals(Assert.java:555)
    at org.junit.Assert.assertEquals(Assert.java:542)
    at java_testcases.junit.SHORTEST_PATH_LENGTH_Test.test1(SHORTEST_PATH_LENGTH_Test.java:51)

java.lang.AssertionError: expected:<7> but was:<-2147483639>
    at org.junit.Assert.fail(Assert.java:88)
    at org.junit.Assert.failNotEquals(Assert.java:743)
    at org.junit.Assert.assertEquals(Assert.java:118)
    at org.junit.Assert.assertEquals(Assert.java:555)
    at org.junit.Assert.assertEquals(Assert.java:542)
    at java_testcases.junit.SHORTEST_PATH_LENGTH_Test.test2(SHORTEST_PATH_LENGTH_Test.java:60)
14:40:18.179 [pool-50-thread-1] INFO  f.i.l.c.t.SpecificationTestCasesListener - Tests run finished (1 ms)
<> Total tests run: 1
<> Ignored tests: 0
<> Failed tests: 1
~ test2(java_testcases.junit.SHORTEST_PATH_LENGTH_Test)
[expected:<7> but was:<-2147483639>]
java.lang.AssertionError: expected:<7> but was:<-2147483639>    at org.junit.Assert.fail(Assert.java:88)
    at org.junit.Assert.failNotEquals(Assert.java:743)
    at org.junit.Assert.assertEquals(Assert.java:118)
    at org.junit.Assert.assertEquals(Assert.java:555)
    at org.junit.Assert.assertEquals(Assert.java:542)
    at java_testcases.junit.SHORTEST_PATH_LENGTH_Test.test2(SHORTEST_PATH_LENGTH_Test.java:60)

14:40:18.179 [pool-45-thread-1] DEBUG tests.output - Failing tests with false: 
[test1(java_testcases.junit.SHORTEST_PATH_LENGTH_Test): expected:<4> but was:<-2147483648>, test2(java_testcases.junit.SHORTEST_PATH_LENGTH_Test): expected:<7> but was:<-2147483639>]
14:40:18.179 [pool-45-thread-1] DEBUG tests.output - Failing tests with true: 
[test1(java_testcases.junit.SHORTEST_PATH_LENGTH_Test): expected:<4> but was:<-2147483648>, test2(java_testcases.junit.SHORTEST_PATH_LENGTH_Test): expected:<7> but was:<-2147483639>]
14:40:18.179 [pool-45-thread-1] INFO  f.i.l.r.n.synth.SMTNopolSynthesizer - Not enough specifications: 0. A trivial patch is "true" or "false", please write new tests specifying SourceLocation java_programs.SHORTEST_PATH_LENGTH:26.
14:40:18.179 [pool-2-thread-1] DEBUG fr.inria.lille.repair.nopol.NoPol - statement #11
14:40:18.180 [pool-2-thread-1] DEBUG fr.inria.lille.repair.nopol.NoPol - Analysing SourceLocation java_programs.SHORTEST_PATH_LENGTH:24 which is executed by 3 tests
-1734541556
14:40:18.216 [pool-2-thread-1] DEBUG fr.inria.lille.repair.nopol.NoPol - looking with class fr.inria.lille.repair.nopol.spoon.smt.ConditionalAdder
java.lang.AssertionError: expected:<4> but was:<-2147483648>
    at org.junit.Assert.fail(Assert.java:88)
    at org.junit.Assert.failNotEquals(Assert.java:743)
    at org.junit.Assert.assertEquals(Assert.java:118)
    at org.junit.Assert.assertEquals(Assert.java:555)
    at org.junit.Assert.assertEquals(Assert.java:542)
    at java_testcases.junit.SHORTEST_PATH_LENGTH_Test.test1(SHORTEST_PATH_LENGTH_Test.java:51)
java.lang.AssertionError: expected:<7> but was:<-2147483639>
    at org.junit.Assert.fail(Assert.java:88)
    at org.junit.Assert.failNotEquals(Assert.java:743)
    at org.junit.Assert.assertEquals(Assert.java:118)
    at org.junit.Assert.assertEquals(Assert.java:555)
    at org.junit.Assert.assertEquals(Assert.java:542)
    at java_testcases.junit.SHORTEST_PATH_LENGTH_Test.test2(SHORTEST_PATH_LENGTH_Test.java:60)
java.lang.AssertionError: expected:<4> but was:<-2147483648>
    at org.junit.Assert.fail(Assert.java:88)
    at org.junit.Assert.failNotEquals(Assert.java:743)
    at org.junit.Assert.assertEquals(Assert.java:118)
    at org.junit.Assert.assertEquals(Assert.java:555)
    at org.junit.Assert.assertEquals(Assert.java:542)
    at java_testcases.junit.SHORTEST_PATH_LENGTH_Test.test1(SHORTEST_PATH_LENGTH_Test.java:51)
java.lang.AssertionError: expected:<7> but was:<-2147483639>
    at org.junit.Assert.fail(Assert.java:88)
    at org.junit.Assert.failNotEquals(Assert.java:743)
    at org.junit.Assert.assertEquals(Assert.java:118)
    at org.junit.Assert.assertEquals(Assert.java:555)
    at org.junit.Assert.assertEquals(Assert.java:542)
    at java_testcases.junit.SHORTEST_PATH_LENGTH_Test.test2(SHORTEST_PATH_LENGTH_Test.java:60)
14:40:18.219 [pool-52-thread-1] INFO  xxl.java.junit.TestCasesListener - Tests run finished (1 ms)
<> Total tests run: 8
<> Ignored tests: 0
<> Failed tests: 4
~ test1(java_testcases.junit.SHORTEST_PATH_LENGTH_Test)
[expected:<4> but was:<-2147483648>]
java.lang.AssertionError: expected:<4> but was:<-2147483648>    at org.junit.Assert.fail(Assert.java:88)
    at org.junit.Assert.failNotEquals(Assert.java:743)
    at org.junit.Assert.assertEquals(Assert.java:118)
    at org.junit.Assert.assertEquals(Assert.java:555)
    at org.junit.Assert.assertEquals(Assert.java:542)
    at java_testcases.junit.SHORTEST_PATH_LENGTH_Test.test1(SHORTEST_PATH_LENGTH_Test.java:51)
~ test2(java_testcases.junit.SHORTEST_PATH_LENGTH_Test)
[expected:<7> but was:<-2147483639>]
java.lang.AssertionError: expected:<7> but was:<-2147483639>    at org.junit.Assert.fail(Assert.java:88)
    at org.junit.Assert.failNotEquals(Assert.java:743)
    at org.junit.Assert.assertEquals(Assert.java:118)
    at org.junit.Assert.assertEquals(Assert.java:555)
    at org.junit.Assert.assertEquals(Assert.java:542)
    at java_testcases.junit.SHORTEST_PATH_LENGTH_Test.test2(SHORTEST_PATH_LENGTH_Test.java:60)
~ test1(java_testcases.junit.SHORTEST_PATH_LENGTH_Test)
[expected:<4> but was:<-2147483648>]
java.lang.AssertionError: expected:<4> but was:<-2147483648>    at org.junit.Assert.fail(Assert.java:88)
    at org.junit.Assert.failNotEquals(Assert.java:743)
    at org.junit.Assert.assertEquals(Assert.java:118)
    at org.junit.Assert.assertEquals(Assert.java:555)
    at org.junit.Assert.assertEquals(Assert.java:542)
    at java_testcases.junit.SHORTEST_PATH_LENGTH_Test.test1(SHORTEST_PATH_LENGTH_Test.java:51)
~ test2(java_testcases.junit.SHORTEST_PATH_LENGTH_Test)
[expected:<7> but was:<-2147483639>]
java.lang.AssertionError: expected:<7> but was:<-2147483639>    at org.junit.Assert.fail(Assert.java:88)
    at org.junit.Assert.failNotEquals(Assert.java:743)
    at org.junit.Assert.assertEquals(Assert.java:118)
    at org.junit.Assert.assertEquals(Assert.java:555)
    at org.junit.Assert.assertEquals(Assert.java:542)
    at java_testcases.junit.SHORTEST_PATH_LENGTH_Test.test2(SHORTEST_PATH_LENGTH_Test.java:60)

java.lang.AssertionError: expected:<4> but was:<2147483647>
    at org.junit.Assert.fail(Assert.java:88)
    at org.junit.Assert.failNotEquals(Assert.java:743)
    at org.junit.Assert.assertEquals(Assert.java:118)
    at org.junit.Assert.assertEquals(Assert.java:555)
    at org.junit.Assert.assertEquals(Assert.java:542)
    at java_testcases.junit.SHORTEST_PATH_LENGTH_Test.test1(SHORTEST_PATH_LENGTH_Test.java:51)
14:40:18.288 [pool-53-thread-1] INFO  f.i.l.c.t.SpecificationTestCasesListener - Tests run finished (1 ms)
<> Total tests run: 1
<> Ignored tests: 0
<> Failed tests: 1
~ test1(java_testcases.junit.SHORTEST_PATH_LENGTH_Test)
[expected:<4> but was:<2147483647>]
java.lang.AssertionError: expected:<4> but was:<2147483647>    at org.junit.Assert.fail(Assert.java:88)
    at org.junit.Assert.failNotEquals(Assert.java:743)
    at org.junit.Assert.assertEquals(Assert.java:118)
    at org.junit.Assert.assertEquals(Assert.java:555)
    at org.junit.Assert.assertEquals(Assert.java:542)
    at java_testcases.junit.SHORTEST_PATH_LENGTH_Test.test1(SHORTEST_PATH_LENGTH_Test.java:51)

java.lang.AssertionError: expected:<7> but was:<2147483647>
    at org.junit.Assert.fail(Assert.java:88)
    at org.junit.Assert.failNotEquals(Assert.java:743)
    at org.junit.Assert.assertEquals(Assert.java:118)
    at org.junit.Assert.assertEquals(Assert.java:555)
    at org.junit.Assert.assertEquals(Assert.java:542)
    at java_testcases.junit.SHORTEST_PATH_LENGTH_Test.test2(SHORTEST_PATH_LENGTH_Test.java:60)
14:40:18.289 [pool-54-thread-1] INFO  f.i.l.c.t.SpecificationTestCasesListener - Tests run finished (0 ms)
<> Total tests run: 1
<> Ignored tests: 0
<> Failed tests: 1
~ test2(java_testcases.junit.SHORTEST_PATH_LENGTH_Test)
[expected:<7> but was:<2147483647>]
java.lang.AssertionError: expected:<7> but was:<2147483647>    at org.junit.Assert.fail(Assert.java:88)
    at org.junit.Assert.failNotEquals(Assert.java:743)
    at org.junit.Assert.assertEquals(Assert.java:118)
    at org.junit.Assert.assertEquals(Assert.java:555)
    at org.junit.Assert.assertEquals(Assert.java:542)
    at java_testcases.junit.SHORTEST_PATH_LENGTH_Test.test2(SHORTEST_PATH_LENGTH_Test.java:60)

java.lang.AssertionError: expected:<4> but was:<-2147483648>
    at org.junit.Assert.fail(Assert.java:88)
    at org.junit.Assert.failNotEquals(Assert.java:743)
    at org.junit.Assert.assertEquals(Assert.java:118)
    at org.junit.Assert.assertEquals(Assert.java:555)
    at org.junit.Assert.assertEquals(Assert.java:542)
    at java_testcases.junit.SHORTEST_PATH_LENGTH_Test.test1(SHORTEST_PATH_LENGTH_Test.java:51)
14:40:18.290 [pool-55-thread-1] INFO  f.i.l.c.t.SpecificationTestCasesListener - Tests run finished (0 ms)
<> Total tests run: 1
<> Ignored tests: 0
<> Failed tests: 1
~ test1(java_testcases.junit.SHORTEST_PATH_LENGTH_Test)
[expected:<4> but was:<-2147483648>]
java.lang.AssertionError: expected:<4> but was:<-2147483648>    at org.junit.Assert.fail(Assert.java:88)
    at org.junit.Assert.failNotEquals(Assert.java:743)
    at org.junit.Assert.assertEquals(Assert.java:118)
    at org.junit.Assert.assertEquals(Assert.java:555)
    at org.junit.Assert.assertEquals(Assert.java:542)
    at java_testcases.junit.SHORTEST_PATH_LENGTH_Test.test1(SHORTEST_PATH_LENGTH_Test.java:51)

java.lang.AssertionError: expected:<7> but was:<-2147483639>
    at org.junit.Assert.fail(Assert.java:88)
    at org.junit.Assert.failNotEquals(Assert.java:743)
    at org.junit.Assert.assertEquals(Assert.java:118)
    at org.junit.Assert.assertEquals(Assert.java:555)
    at org.junit.Assert.assertEquals(Assert.java:542)
    at java_testcases.junit.SHORTEST_PATH_LENGTH_Test.test2(SHORTEST_PATH_LENGTH_Test.java:60)
14:40:18.291 [pool-56-thread-1] INFO  f.i.l.c.t.SpecificationTestCasesListener - Tests run finished (0 ms)
<> Total tests run: 1
<> Ignored tests: 0
<> Failed tests: 1
~ test2(java_testcases.junit.SHORTEST_PATH_LENGTH_Test)
[expected:<7> but was:<-2147483639>]
java.lang.AssertionError: expected:<7> but was:<-2147483639>    at org.junit.Assert.fail(Assert.java:88)
    at org.junit.Assert.failNotEquals(Assert.java:743)
    at org.junit.Assert.assertEquals(Assert.java:118)
    at org.junit.Assert.assertEquals(Assert.java:555)
    at org.junit.Assert.assertEquals(Assert.java:542)
    at java_testcases.junit.SHORTEST_PATH_LENGTH_Test.test2(SHORTEST_PATH_LENGTH_Test.java:60)

14:40:18.291 [pool-51-thread-1] DEBUG tests.output - Failing tests with false: 
[test1(java_testcases.junit.SHORTEST_PATH_LENGTH_Test): expected:<4> but was:<2147483647>, test2(java_testcases.junit.SHORTEST_PATH_LENGTH_Test): expected:<7> but was:<2147483647>]
14:40:18.292 [pool-51-thread-1] DEBUG tests.output - Failing tests with true: 
[test1(java_testcases.junit.SHORTEST_PATH_LENGTH_Test): expected:<4> but was:<-2147483648>, test2(java_testcases.junit.SHORTEST_PATH_LENGTH_Test): expected:<7> but was:<-2147483639>]
14:40:18.292 [pool-51-thread-1] INFO  f.i.l.r.n.synth.SMTNopolSynthesizer - Not enough specifications: 0. A trivial patch is "true" or "false", please write new tests specifying SourceLocation java_programs.SHORTEST_PATH_LENGTH:24.
14:40:18.292 [pool-2-thread-1] DEBUG fr.inria.lille.repair.nopol.NoPol - statement #12
14:40:18.292 [pool-2-thread-1] DEBUG fr.inria.lille.repair.nopol.NoPol - Analysing SourceLocation java_programs.Node:42 which is executed by 4 tests
2433571
14:40:18.327 [pool-2-thread-1] DEBUG fr.inria.lille.repair.nopol.NoPol - statement #13
14:40:18.327 [pool-2-thread-1] DEBUG fr.inria.lille.repair.nopol.NoPol - Analysing SourceLocation java_programs.SHORTEST_PATH_LENGTH:55 which is executed by 4 tests
-1734541556
14:40:18.362 [pool-2-thread-1] DEBUG fr.inria.lille.repair.nopol.NoPol - statement #14
14:40:18.362 [pool-2-thread-1] DEBUG fr.inria.lille.repair.nopol.NoPol - Analysing SourceLocation java_programs.SHORTEST_PATH_LENGTH:54 which is executed by 4 tests
-1734541556
14:40:18.396 [pool-2-thread-1] DEBUG fr.inria.lille.repair.nopol.NoPol - statement #15
14:40:18.396 [pool-2-thread-1] DEBUG fr.inria.lille.repair.nopol.NoPol - Analysing SourceLocation java_programs.SHORTEST_PATH_LENGTH:52 which is executed by 4 tests
-1734541556
14:40:18.432 [pool-2-thread-1] DEBUG fr.inria.lille.repair.nopol.NoPol - looking with class fr.inria.lille.repair.nopol.spoon.smt.ConditionalAdder
java.lang.AssertionError: expected:<4> but was:<-2147483648>
    at org.junit.Assert.fail(Assert.java:88)
    at org.junit.Assert.failNotEquals(Assert.java:743)
    at org.junit.Assert.assertEquals(Assert.java:118)
    at org.junit.Assert.assertEquals(Assert.java:555)
    at org.junit.Assert.assertEquals(Assert.java:542)
    at java_testcases.junit.SHORTEST_PATH_LENGTH_Test.test1(SHORTEST_PATH_LENGTH_Test.java:51)
java.lang.AssertionError: expected:<7> but was:<-2147483639>
    at org.junit.Assert.fail(Assert.java:88)
    at org.junit.Assert.failNotEquals(Assert.java:743)
    at org.junit.Assert.assertEquals(Assert.java:118)
    at org.junit.Assert.assertEquals(Assert.java:555)
    at org.junit.Assert.assertEquals(Assert.java:542)
    at java_testcases.junit.SHORTEST_PATH_LENGTH_Test.test2(SHORTEST_PATH_LENGTH_Test.java:60)
java.lang.AssertionError: expected:<4> but was:<-2147483648>
    at org.junit.Assert.fail(Assert.java:88)
    at org.junit.Assert.failNotEquals(Assert.java:743)
    at org.junit.Assert.assertEquals(Assert.java:118)
    at org.junit.Assert.assertEquals(Assert.java:555)
    at org.junit.Assert.assertEquals(Assert.java:542)
    at java_testcases.junit.SHORTEST_PATH_LENGTH_Test.test1(SHORTEST_PATH_LENGTH_Test.java:51)
java.lang.AssertionError: expected:<7> but was:<-2147483639>
    at org.junit.Assert.fail(Assert.java:88)
    at org.junit.Assert.failNotEquals(Assert.java:743)
    at org.junit.Assert.assertEquals(Assert.java:118)
    at org.junit.Assert.assertEquals(Assert.java:555)
    at org.junit.Assert.assertEquals(Assert.java:542)
    at java_testcases.junit.SHORTEST_PATH_LENGTH_Test.test2(SHORTEST_PATH_LENGTH_Test.java:60)
14:40:18.436 [pool-58-thread-1] INFO  xxl.java.junit.TestCasesListener - Tests run finished (1 ms)
<> Total tests run: 8
<> Ignored tests: 0
<> Failed tests: 4
~ test1(java_testcases.junit.SHORTEST_PATH_LENGTH_Test)
[expected:<4> but was:<-2147483648>]
java.lang.AssertionError: expected:<4> but was:<-2147483648>    at org.junit.Assert.fail(Assert.java:88)
    at org.junit.Assert.failNotEquals(Assert.java:743)
    at org.junit.Assert.assertEquals(Assert.java:118)
    at org.junit.Assert.assertEquals(Assert.java:555)
    at org.junit.Assert.assertEquals(Assert.java:542)
    at java_testcases.junit.SHORTEST_PATH_LENGTH_Test.test1(SHORTEST_PATH_LENGTH_Test.java:51)
~ test2(java_testcases.junit.SHORTEST_PATH_LENGTH_Test)
[expected:<7> but was:<-2147483639>]
java.lang.AssertionError: expected:<7> but was:<-2147483639>    at org.junit.Assert.fail(Assert.java:88)
    at org.junit.Assert.failNotEquals(Assert.java:743)
    at org.junit.Assert.assertEquals(Assert.java:118)
    at org.junit.Assert.assertEquals(Assert.java:555)
    at org.junit.Assert.assertEquals(Assert.java:542)
    at java_testcases.junit.SHORTEST_PATH_LENGTH_Test.test2(SHORTEST_PATH_LENGTH_Test.java:60)
~ test1(java_testcases.junit.SHORTEST_PATH_LENGTH_Test)
[expected:<4> but was:<-2147483648>]
java.lang.AssertionError: expected:<4> but was:<-2147483648>    at org.junit.Assert.fail(Assert.java:88)
    at org.junit.Assert.failNotEquals(Assert.java:743)
    at org.junit.Assert.assertEquals(Assert.java:118)
    at org.junit.Assert.assertEquals(Assert.java:555)
    at org.junit.Assert.assertEquals(Assert.java:542)
    at java_testcases.junit.SHORTEST_PATH_LENGTH_Test.test1(SHORTEST_PATH_LENGTH_Test.java:51)
~ test2(java_testcases.junit.SHORTEST_PATH_LENGTH_Test)
[expected:<7> but was:<-2147483639>]
java.lang.AssertionError: expected:<7> but was:<-2147483639>    at org.junit.Assert.fail(Assert.java:88)
    at org.junit.Assert.failNotEquals(Assert.java:743)
    at org.junit.Assert.assertEquals(Assert.java:118)
    at org.junit.Assert.assertEquals(Assert.java:555)
    at org.junit.Assert.assertEquals(Assert.java:542)
    at java_testcases.junit.SHORTEST_PATH_LENGTH_Test.test2(SHORTEST_PATH_LENGTH_Test.java:60)

java.lang.NullPointerException
    at java_programs.SHORTEST_PATH_LENGTH.shortest_path_length(SHORTEST_PATH_LENGTH.java:10)
    at java_testcases.junit.SHORTEST_PATH_LENGTH_Test.test1(SHORTEST_PATH_LENGTH_Test.java:47)
    at sun.reflect.NativeMethodAccessorImpl.invoke0(Native Method)
    at sun.reflect.NativeMethodAccessorImpl.invoke(NativeMethodAccessorImpl.java:62)
    at sun.reflect.DelegatingMethodAccessorImpl.invoke(DelegatingMethodAccessorImpl.java:43)
    at java.lang.reflect.Method.invoke(Method.java:498)
14:40:18.500 [pool-59-thread-1] INFO  f.i.l.c.t.SpecificationTestCasesListener - Tests run finished (1 ms)
<> Total tests run: 1
<> Ignored tests: 0
<> Failed tests: 1
~ test1(java_testcases.junit.SHORTEST_PATH_LENGTH_Test)
[null]
java.lang.NullPointerException    at java_programs.SHORTEST_PATH_LENGTH.shortest_path_length(SHORTEST_PATH_LENGTH.java:10)
    at java_testcases.junit.SHORTEST_PATH_LENGTH_Test.test1(SHORTEST_PATH_LENGTH_Test.java:47)
    at sun.reflect.NativeMethodAccessorImpl.invoke0(Native Method)
    at sun.reflect.NativeMethodAccessorImpl.invoke(NativeMethodAccessorImpl.java:62)
    at sun.reflect.DelegatingMethodAccessorImpl.invoke(DelegatingMethodAccessorImpl.java:43)
    at java.lang.reflect.Method.invoke(Method.java:498)

java.lang.NullPointerException
    at java_programs.SHORTEST_PATH_LENGTH.shortest_path_length(SHORTEST_PATH_LENGTH.java:10)
    at java_testcases.junit.SHORTEST_PATH_LENGTH_Test.test2(SHORTEST_PATH_LENGTH_Test.java:59)
    at sun.reflect.NativeMethodAccessorImpl.invoke0(Native Method)
    at sun.reflect.NativeMethodAccessorImpl.invoke(NativeMethodAccessorImpl.java:62)
    at sun.reflect.DelegatingMethodAccessorImpl.invoke(DelegatingMethodAccessorImpl.java:43)
    at java.lang.reflect.Method.invoke(Method.java:498)
14:40:18.501 [pool-60-thread-1] INFO  f.i.l.c.t.SpecificationTestCasesListener - Tests run finished (0 ms)
<> Total tests run: 1
<> Ignored tests: 0
<> Failed tests: 1
~ test2(java_testcases.junit.SHORTEST_PATH_LENGTH_Test)
[null]
java.lang.NullPointerException    at java_programs.SHORTEST_PATH_LENGTH.shortest_path_length(SHORTEST_PATH_LENGTH.java:10)
    at java_testcases.junit.SHORTEST_PATH_LENGTH_Test.test2(SHORTEST_PATH_LENGTH_Test.java:59)
    at sun.reflect.NativeMethodAccessorImpl.invoke0(Native Method)
    at sun.reflect.NativeMethodAccessorImpl.invoke(NativeMethodAccessorImpl.java:62)
    at sun.reflect.DelegatingMethodAccessorImpl.invoke(DelegatingMethodAccessorImpl.java:43)
    at java.lang.reflect.Method.invoke(Method.java:498)

java.lang.AssertionError: expected:<4> but was:<-2147483648>
    at org.junit.Assert.fail(Assert.java:88)
    at org.junit.Assert.failNotEquals(Assert.java:743)
    at org.junit.Assert.assertEquals(Assert.java:118)
    at org.junit.Assert.assertEquals(Assert.java:555)
    at org.junit.Assert.assertEquals(Assert.java:542)
    at java_testcases.junit.SHORTEST_PATH_LENGTH_Test.test1(SHORTEST_PATH_LENGTH_Test.java:51)
14:40:18.502 [pool-61-thread-1] INFO  f.i.l.c.t.SpecificationTestCasesListener - Tests run finished (0 ms)
<> Total tests run: 1
<> Ignored tests: 0
<> Failed tests: 1
~ test1(java_testcases.junit.SHORTEST_PATH_LENGTH_Test)
[expected:<4> but was:<-2147483648>]
java.lang.AssertionError: expected:<4> but was:<-2147483648>    at org.junit.Assert.fail(Assert.java:88)
    at org.junit.Assert.failNotEquals(Assert.java:743)
    at org.junit.Assert.assertEquals(Assert.java:118)
    at org.junit.Assert.assertEquals(Assert.java:555)
    at org.junit.Assert.assertEquals(Assert.java:542)
    at java_testcases.junit.SHORTEST_PATH_LENGTH_Test.test1(SHORTEST_PATH_LENGTH_Test.java:51)

java.lang.AssertionError: expected:<7> but was:<-2147483639>
    at org.junit.Assert.fail(Assert.java:88)
    at org.junit.Assert.failNotEquals(Assert.java:743)
    at org.junit.Assert.assertEquals(Assert.java:118)
    at org.junit.Assert.assertEquals(Assert.java:555)
    at org.junit.Assert.assertEquals(Assert.java:542)
    at java_testcases.junit.SHORTEST_PATH_LENGTH_Test.test2(SHORTEST_PATH_LENGTH_Test.java:60)
14:40:18.505 [pool-62-thread-1] INFO  f.i.l.c.t.SpecificationTestCasesListener - Tests run finished (1 ms)
<> Total tests run: 1
<> Ignored tests: 0
<> Failed tests: 1
~ test2(java_testcases.junit.SHORTEST_PATH_LENGTH_Test)
[expected:<7> but was:<-2147483639>]
java.lang.AssertionError: expected:<7> but was:<-2147483639>    at org.junit.Assert.fail(Assert.java:88)
    at org.junit.Assert.failNotEquals(Assert.java:743)
    at org.junit.Assert.assertEquals(Assert.java:118)
    at org.junit.Assert.assertEquals(Assert.java:555)
    at org.junit.Assert.assertEquals(Assert.java:542)
    at java_testcases.junit.SHORTEST_PATH_LENGTH_Test.test2(SHORTEST_PATH_LENGTH_Test.java:60)

14:40:18.505 [pool-57-thread-1] DEBUG tests.output - Failing tests with false: 
[test1(java_testcases.junit.SHORTEST_PATH_LENGTH_Test): null, test2(java_testcases.junit.SHORTEST_PATH_LENGTH_Test): null]
14:40:18.505 [pool-57-thread-1] DEBUG tests.output - Failing tests with true: 
[test1(java_testcases.junit.SHORTEST_PATH_LENGTH_Test): expected:<4> but was:<-2147483648>, test2(java_testcases.junit.SHORTEST_PATH_LENGTH_Test): expected:<7> but was:<-2147483639>]
14:40:18.505 [pool-57-thread-1] INFO  f.i.l.r.n.synth.SMTNopolSynthesizer - Not enough specifications: 0. A trivial patch is "true" or "false", please write new tests specifying SourceLocation java_programs.SHORTEST_PATH_LENGTH:52.
14:40:18.505 [pool-2-thread-1] DEBUG fr.inria.lille.repair.nopol.NoPol - statement #16
14:40:18.506 [pool-2-thread-1] DEBUG fr.inria.lille.repair.nopol.NoPol - Analysing SourceLocation java_programs.SHORTEST_PATH_LENGTH:51 which is executed by 4 tests
-1734541556
14:40:18.540 [pool-2-thread-1] DEBUG fr.inria.lille.repair.nopol.NoPol - looking with class fr.inria.lille.repair.nopol.spoon.smt.ConditionalAdder
java.lang.AssertionError: expected:<4> but was:<-2147483648>
    at org.junit.Assert.fail(Assert.java:88)
    at org.junit.Assert.failNotEquals(Assert.java:743)
    at org.junit.Assert.assertEquals(Assert.java:118)
    at org.junit.Assert.assertEquals(Assert.java:555)
    at org.junit.Assert.assertEquals(Assert.java:542)
    at java_testcases.junit.SHORTEST_PATH_LENGTH_Test.test1(SHORTEST_PATH_LENGTH_Test.java:51)
java.lang.AssertionError: expected:<7> but was:<-2147483639>
    at org.junit.Assert.fail(Assert.java:88)
    at org.junit.Assert.failNotEquals(Assert.java:743)
    at org.junit.Assert.assertEquals(Assert.java:118)
    at org.junit.Assert.assertEquals(Assert.java:555)
    at org.junit.Assert.assertEquals(Assert.java:542)
    at java_testcases.junit.SHORTEST_PATH_LENGTH_Test.test2(SHORTEST_PATH_LENGTH_Test.java:60)
java.lang.AssertionError: expected:<4> but was:<-2147483648>
    at org.junit.Assert.fail(Assert.java:88)
    at org.junit.Assert.failNotEquals(Assert.java:743)
    at org.junit.Assert.assertEquals(Assert.java:118)
    at org.junit.Assert.assertEquals(Assert.java:555)
    at org.junit.Assert.assertEquals(Assert.java:542)
    at java_testcases.junit.SHORTEST_PATH_LENGTH_Test.test1(SHORTEST_PATH_LENGTH_Test.java:51)
java.lang.AssertionError: expected:<7> but was:<-2147483639>
    at org.junit.Assert.fail(Assert.java:88)
    at org.junit.Assert.failNotEquals(Assert.java:743)
    at org.junit.Assert.assertEquals(Assert.java:118)
    at org.junit.Assert.assertEquals(Assert.java:555)
    at org.junit.Assert.assertEquals(Assert.java:542)
    at java_testcases.junit.SHORTEST_PATH_LENGTH_Test.test2(SHORTEST_PATH_LENGTH_Test.java:60)
14:40:18.544 [pool-64-thread-1] INFO  xxl.java.junit.TestCasesListener - Tests run finished (1 ms)
<> Total tests run: 8
<> Ignored tests: 0
<> Failed tests: 4
~ test1(java_testcases.junit.SHORTEST_PATH_LENGTH_Test)
[expected:<4> but was:<-2147483648>]
java.lang.AssertionError: expected:<4> but was:<-2147483648>    at org.junit.Assert.fail(Assert.java:88)
    at org.junit.Assert.failNotEquals(Assert.java:743)
    at org.junit.Assert.assertEquals(Assert.java:118)
    at org.junit.Assert.assertEquals(Assert.java:555)
    at org.junit.Assert.assertEquals(Assert.java:542)
    at java_testcases.junit.SHORTEST_PATH_LENGTH_Test.test1(SHORTEST_PATH_LENGTH_Test.java:51)
~ test2(java_testcases.junit.SHORTEST_PATH_LENGTH_Test)
[expected:<7> but was:<-2147483639>]
java.lang.AssertionError: expected:<7> but was:<-2147483639>    at org.junit.Assert.fail(Assert.java:88)
    at org.junit.Assert.failNotEquals(Assert.java:743)
    at org.junit.Assert.assertEquals(Assert.java:118)
    at org.junit.Assert.assertEquals(Assert.java:555)
    at org.junit.Assert.assertEquals(Assert.java:542)
    at java_testcases.junit.SHORTEST_PATH_LENGTH_Test.test2(SHORTEST_PATH_LENGTH_Test.java:60)
~ test1(java_testcases.junit.SHORTEST_PATH_LENGTH_Test)
[expected:<4> but was:<-2147483648>]
java.lang.AssertionError: expected:<4> but was:<-2147483648>    at org.junit.Assert.fail(Assert.java:88)
    at org.junit.Assert.failNotEquals(Assert.java:743)
    at org.junit.Assert.assertEquals(Assert.java:118)
    at org.junit.Assert.assertEquals(Assert.java:555)
    at org.junit.Assert.assertEquals(Assert.java:542)
    at java_testcases.junit.SHORTEST_PATH_LENGTH_Test.test1(SHORTEST_PATH_LENGTH_Test.java:51)
~ test2(java_testcases.junit.SHORTEST_PATH_LENGTH_Test)
[expected:<7> but was:<-2147483639>]
java.lang.AssertionError: expected:<7> but was:<-2147483639>    at org.junit.Assert.fail(Assert.java:88)
    at org.junit.Assert.failNotEquals(Assert.java:743)
    at org.junit.Assert.assertEquals(Assert.java:118)
    at org.junit.Assert.assertEquals(Assert.java:555)
    at org.junit.Assert.assertEquals(Assert.java:542)
    at java_testcases.junit.SHORTEST_PATH_LENGTH_Test.test2(SHORTEST_PATH_LENGTH_Test.java:60)

java.lang.AssertionError: expected:<4> but was:<-2147483648>
    at org.junit.Assert.fail(Assert.java:88)
    at org.junit.Assert.failNotEquals(Assert.java:743)
    at org.junit.Assert.assertEquals(Assert.java:118)
    at org.junit.Assert.assertEquals(Assert.java:555)
    at org.junit.Assert.assertEquals(Assert.java:542)
    at java_testcases.junit.SHORTEST_PATH_LENGTH_Test.test1(SHORTEST_PATH_LENGTH_Test.java:51)
14:40:18.627 [pool-65-thread-1] INFO  f.i.l.c.t.SpecificationTestCasesListener - Tests run finished (1 ms)
<> Total tests run: 1
<> Ignored tests: 0
<> Failed tests: 1
~ test1(java_testcases.junit.SHORTEST_PATH_LENGTH_Test)
[expected:<4> but was:<-2147483648>]
java.lang.AssertionError: expected:<4> but was:<-2147483648>    at org.junit.Assert.fail(Assert.java:88)
    at org.junit.Assert.failNotEquals(Assert.java:743)
    at org.junit.Assert.assertEquals(Assert.java:118)
    at org.junit.Assert.assertEquals(Assert.java:555)
    at org.junit.Assert.assertEquals(Assert.java:542)
    at java_testcases.junit.SHORTEST_PATH_LENGTH_Test.test1(SHORTEST_PATH_LENGTH_Test.java:51)

java.lang.AssertionError: expected:<7> but was:<-2147483639>
    at org.junit.Assert.fail(Assert.java:88)
    at org.junit.Assert.failNotEquals(Assert.java:743)
    at org.junit.Assert.assertEquals(Assert.java:118)
    at org.junit.Assert.assertEquals(Assert.java:555)
    at org.junit.Assert.assertEquals(Assert.java:542)
    at java_testcases.junit.SHORTEST_PATH_LENGTH_Test.test2(SHORTEST_PATH_LENGTH_Test.java:60)
14:40:18.628 [pool-66-thread-1] INFO  f.i.l.c.t.SpecificationTestCasesListener - Tests run finished (0 ms)
<> Total tests run: 1
<> Ignored tests: 0
<> Failed tests: 1
~ test2(java_testcases.junit.SHORTEST_PATH_LENGTH_Test)
[expected:<7> but was:<-2147483639>]
java.lang.AssertionError: expected:<7> but was:<-2147483639>    at org.junit.Assert.fail(Assert.java:88)
    at org.junit.Assert.failNotEquals(Assert.java:743)
    at org.junit.Assert.assertEquals(Assert.java:118)
    at org.junit.Assert.assertEquals(Assert.java:555)
    at org.junit.Assert.assertEquals(Assert.java:542)
    at java_testcases.junit.SHORTEST_PATH_LENGTH_Test.test2(SHORTEST_PATH_LENGTH_Test.java:60)

java.lang.AssertionError: expected:<4> but was:<-2147483648>
    at org.junit.Assert.fail(Assert.java:88)
    at org.junit.Assert.failNotEquals(Assert.java:743)
    at org.junit.Assert.assertEquals(Assert.java:118)
    at org.junit.Assert.assertEquals(Assert.java:555)
    at org.junit.Assert.assertEquals(Assert.java:542)
    at java_testcases.junit.SHORTEST_PATH_LENGTH_Test.test1(SHORTEST_PATH_LENGTH_Test.java:51)
14:40:18.629 [pool-67-thread-1] INFO  f.i.l.c.t.SpecificationTestCasesListener - Tests run finished (0 ms)
<> Total tests run: 1
<> Ignored tests: 0
<> Failed tests: 1
~ test1(java_testcases.junit.SHORTEST_PATH_LENGTH_Test)
[expected:<4> but was:<-2147483648>]
java.lang.AssertionError: expected:<4> but was:<-2147483648>    at org.junit.Assert.fail(Assert.java:88)
    at org.junit.Assert.failNotEquals(Assert.java:743)
    at org.junit.Assert.assertEquals(Assert.java:118)
    at org.junit.Assert.assertEquals(Assert.java:555)
    at org.junit.Assert.assertEquals(Assert.java:542)
    at java_testcases.junit.SHORTEST_PATH_LENGTH_Test.test1(SHORTEST_PATH_LENGTH_Test.java:51)

java.lang.AssertionError: expected:<7> but was:<-2147483639>
    at org.junit.Assert.fail(Assert.java:88)
    at org.junit.Assert.failNotEquals(Assert.java:743)
    at org.junit.Assert.assertEquals(Assert.java:118)
    at org.junit.Assert.assertEquals(Assert.java:555)
    at org.junit.Assert.assertEquals(Assert.java:542)
    at java_testcases.junit.SHORTEST_PATH_LENGTH_Test.test2(SHORTEST_PATH_LENGTH_Test.java:60)
14:40:18.630 [pool-68-thread-1] INFO  f.i.l.c.t.SpecificationTestCasesListener - Tests run finished (0 ms)
<> Total tests run: 1
<> Ignored tests: 0
<> Failed tests: 1
~ test2(java_testcases.junit.SHORTEST_PATH_LENGTH_Test)
[expected:<7> but was:<-2147483639>]
java.lang.AssertionError: expected:<7> but was:<-2147483639>    at org.junit.Assert.fail(Assert.java:88)
    at org.junit.Assert.failNotEquals(Assert.java:743)
    at org.junit.Assert.assertEquals(Assert.java:118)
    at org.junit.Assert.assertEquals(Assert.java:555)
    at org.junit.Assert.assertEquals(Assert.java:542)
    at java_testcases.junit.SHORTEST_PATH_LENGTH_Test.test2(SHORTEST_PATH_LENGTH_Test.java:60)

14:40:18.630 [pool-63-thread-1] DEBUG tests.output - Failing tests with false: 
[test1(java_testcases.junit.SHORTEST_PATH_LENGTH_Test): expected:<4> but was:<-2147483648>, test2(java_testcases.junit.SHORTEST_PATH_LENGTH_Test): expected:<7> but was:<-2147483639>]
14:40:18.630 [pool-63-thread-1] DEBUG tests.output - Failing tests with true: 
[test1(java_testcases.junit.SHORTEST_PATH_LENGTH_Test): expected:<4> but was:<-2147483648>, test2(java_testcases.junit.SHORTEST_PATH_LENGTH_Test): expected:<7> but was:<-2147483639>]
14:40:18.630 [pool-63-thread-1] INFO  f.i.l.r.n.synth.SMTNopolSynthesizer - Not enough specifications: 0. A trivial patch is "true" or "false", please write new tests specifying SourceLocation java_programs.SHORTEST_PATH_LENGTH:51.
14:40:18.631 [pool-2-thread-1] DEBUG fr.inria.lille.repair.nopol.NoPol - statement #17
14:40:18.631 [pool-2-thread-1] DEBUG fr.inria.lille.repair.nopol.NoPol - Analysing SourceLocation java_programs.SHORTEST_PATH_LENGTH:50 which is executed by 4 tests
-1734541556
14:40:18.669 [pool-2-thread-1] DEBUG fr.inria.lille.repair.nopol.NoPol - looking with class fr.inria.lille.repair.nopol.spoon.smt.ConditionalAdder
java.lang.AssertionError: expected:<4> but was:<-2147483648>
    at org.junit.Assert.fail(Assert.java:88)
    at org.junit.Assert.failNotEquals(Assert.java:743)
    at org.junit.Assert.assertEquals(Assert.java:118)
    at org.junit.Assert.assertEquals(Assert.java:555)
    at org.junit.Assert.assertEquals(Assert.java:542)
    at java_testcases.junit.SHORTEST_PATH_LENGTH_Test.test1(SHORTEST_PATH_LENGTH_Test.java:51)
java.lang.AssertionError: expected:<7> but was:<-2147483639>
    at org.junit.Assert.fail(Assert.java:88)
    at org.junit.Assert.failNotEquals(Assert.java:743)
    at org.junit.Assert.assertEquals(Assert.java:118)
    at org.junit.Assert.assertEquals(Assert.java:555)
    at org.junit.Assert.assertEquals(Assert.java:542)
    at java_testcases.junit.SHORTEST_PATH_LENGTH_Test.test2(SHORTEST_PATH_LENGTH_Test.java:60)
java.lang.AssertionError: expected:<4> but was:<-2147483648>
    at org.junit.Assert.fail(Assert.java:88)
    at org.junit.Assert.failNotEquals(Assert.java:743)
    at org.junit.Assert.assertEquals(Assert.java:118)
    at org.junit.Assert.assertEquals(Assert.java:555)
    at org.junit.Assert.assertEquals(Assert.java:542)
    at java_testcases.junit.SHORTEST_PATH_LENGTH_Test.test1(SHORTEST_PATH_LENGTH_Test.java:51)
java.lang.AssertionError: expected:<7> but was:<-2147483639>
    at org.junit.Assert.fail(Assert.java:88)
    at org.junit.Assert.failNotEquals(Assert.java:743)
    at org.junit.Assert.assertEquals(Assert.java:118)
    at org.junit.Assert.assertEquals(Assert.java:555)
    at org.junit.Assert.assertEquals(Assert.java:542)
    at java_testcases.junit.SHORTEST_PATH_LENGTH_Test.test2(SHORTEST_PATH_LENGTH_Test.java:60)
14:40:18.674 [pool-70-thread-1] INFO  xxl.java.junit.TestCasesListener - Tests run finished (2 ms)
<> Total tests run: 8
<> Ignored tests: 0
<> Failed tests: 4
~ test1(java_testcases.junit.SHORTEST_PATH_LENGTH_Test)
[expected:<4> but was:<-2147483648>]
java.lang.AssertionError: expected:<4> but was:<-2147483648>    at org.junit.Assert.fail(Assert.java:88)
    at org.junit.Assert.failNotEquals(Assert.java:743)
    at org.junit.Assert.assertEquals(Assert.java:118)
    at org.junit.Assert.assertEquals(Assert.java:555)
    at org.junit.Assert.assertEquals(Assert.java:542)
    at java_testcases.junit.SHORTEST_PATH_LENGTH_Test.test1(SHORTEST_PATH_LENGTH_Test.java:51)
~ test2(java_testcases.junit.SHORTEST_PATH_LENGTH_Test)
[expected:<7> but was:<-2147483639>]
java.lang.AssertionError: expected:<7> but was:<-2147483639>    at org.junit.Assert.fail(Assert.java:88)
    at org.junit.Assert.failNotEquals(Assert.java:743)
    at org.junit.Assert.assertEquals(Assert.java:118)
    at org.junit.Assert.assertEquals(Assert.java:555)
    at org.junit.Assert.assertEquals(Assert.java:542)
    at java_testcases.junit.SHORTEST_PATH_LENGTH_Test.test2(SHORTEST_PATH_LENGTH_Test.java:60)
~ test1(java_testcases.junit.SHORTEST_PATH_LENGTH_Test)
[expected:<4> but was:<-2147483648>]
java.lang.AssertionError: expected:<4> but was:<-2147483648>    at org.junit.Assert.fail(Assert.java:88)
    at org.junit.Assert.failNotEquals(Assert.java:743)
    at org.junit.Assert.assertEquals(Assert.java:118)
    at org.junit.Assert.assertEquals(Assert.java:555)
    at org.junit.Assert.assertEquals(Assert.java:542)
    at java_testcases.junit.SHORTEST_PATH_LENGTH_Test.test1(SHORTEST_PATH_LENGTH_Test.java:51)
~ test2(java_testcases.junit.SHORTEST_PATH_LENGTH_Test)
[expected:<7> but was:<-2147483639>]
java.lang.AssertionError: expected:<7> but was:<-2147483639>    at org.junit.Assert.fail(Assert.java:88)
    at org.junit.Assert.failNotEquals(Assert.java:743)
    at org.junit.Assert.assertEquals(Assert.java:118)
    at org.junit.Assert.assertEquals(Assert.java:555)
    at org.junit.Assert.assertEquals(Assert.java:542)
    at java_testcases.junit.SHORTEST_PATH_LENGTH_Test.test2(SHORTEST_PATH_LENGTH_Test.java:60)

java.lang.NullPointerException
    at java_programs.SHORTEST_PATH_LENGTH.shortest_path_length(SHORTEST_PATH_LENGTH.java:10)
    at java_testcases.junit.SHORTEST_PATH_LENGTH_Test.test1(SHORTEST_PATH_LENGTH_Test.java:47)
    at sun.reflect.NativeMethodAccessorImpl.invoke0(Native Method)
    at sun.reflect.NativeMethodAccessorImpl.invoke(NativeMethodAccessorImpl.java:62)
    at sun.reflect.DelegatingMethodAccessorImpl.invoke(DelegatingMethodAccessorImpl.java:43)
    at java.lang.reflect.Method.invoke(Method.java:498)
14:40:18.742 [pool-71-thread-1] INFO  f.i.l.c.t.SpecificationTestCasesListener - Tests run finished (1 ms)
<> Total tests run: 1
<> Ignored tests: 0
<> Failed tests: 1
~ test1(java_testcases.junit.SHORTEST_PATH_LENGTH_Test)
[null]
java.lang.NullPointerException    at java_programs.SHORTEST_PATH_LENGTH.shortest_path_length(SHORTEST_PATH_LENGTH.java:10)
    at java_testcases.junit.SHORTEST_PATH_LENGTH_Test.test1(SHORTEST_PATH_LENGTH_Test.java:47)
    at sun.reflect.NativeMethodAccessorImpl.invoke0(Native Method)
    at sun.reflect.NativeMethodAccessorImpl.invoke(NativeMethodAccessorImpl.java:62)
    at sun.reflect.DelegatingMethodAccessorImpl.invoke(DelegatingMethodAccessorImpl.java:43)
    at java.lang.reflect.Method.invoke(Method.java:498)

java.lang.NullPointerException
    at java_programs.SHORTEST_PATH_LENGTH.shortest_path_length(SHORTEST_PATH_LENGTH.java:10)
    at java_testcases.junit.SHORTEST_PATH_LENGTH_Test.test2(SHORTEST_PATH_LENGTH_Test.java:59)
    at sun.reflect.NativeMethodAccessorImpl.invoke0(Native Method)
    at sun.reflect.NativeMethodAccessorImpl.invoke(NativeMethodAccessorImpl.java:62)
    at sun.reflect.DelegatingMethodAccessorImpl.invoke(DelegatingMethodAccessorImpl.java:43)
    at java.lang.reflect.Method.invoke(Method.java:498)
14:40:18.743 [pool-72-thread-1] INFO  f.i.l.c.t.SpecificationTestCasesListener - Tests run finished (0 ms)
<> Total tests run: 1
<> Ignored tests: 0
<> Failed tests: 1
~ test2(java_testcases.junit.SHORTEST_PATH_LENGTH_Test)
[null]
java.lang.NullPointerException    at java_programs.SHORTEST_PATH_LENGTH.shortest_path_length(SHORTEST_PATH_LENGTH.java:10)
    at java_testcases.junit.SHORTEST_PATH_LENGTH_Test.test2(SHORTEST_PATH_LENGTH_Test.java:59)
    at sun.reflect.NativeMethodAccessorImpl.invoke0(Native Method)
    at sun.reflect.NativeMethodAccessorImpl.invoke(NativeMethodAccessorImpl.java:62)
    at sun.reflect.DelegatingMethodAccessorImpl.invoke(DelegatingMethodAccessorImpl.java:43)
    at java.lang.reflect.Method.invoke(Method.java:498)

java.lang.AssertionError: expected:<4> but was:<-2147483648>
    at org.junit.Assert.fail(Assert.java:88)
    at org.junit.Assert.failNotEquals(Assert.java:743)
    at org.junit.Assert.assertEquals(Assert.java:118)
    at org.junit.Assert.assertEquals(Assert.java:555)
    at org.junit.Assert.assertEquals(Assert.java:542)
    at java_testcases.junit.SHORTEST_PATH_LENGTH_Test.test1(SHORTEST_PATH_LENGTH_Test.java:51)
14:40:18.745 [pool-73-thread-1] INFO  f.i.l.c.t.SpecificationTestCasesListener - Tests run finished (0 ms)
<> Total tests run: 1
<> Ignored tests: 0
<> Failed tests: 1
~ test1(java_testcases.junit.SHORTEST_PATH_LENGTH_Test)
[expected:<4> but was:<-2147483648>]
java.lang.AssertionError: expected:<4> but was:<-2147483648>    at org.junit.Assert.fail(Assert.java:88)
    at org.junit.Assert.failNotEquals(Assert.java:743)
    at org.junit.Assert.assertEquals(Assert.java:118)
    at org.junit.Assert.assertEquals(Assert.java:555)
    at org.junit.Assert.assertEquals(Assert.java:542)
    at java_testcases.junit.SHORTEST_PATH_LENGTH_Test.test1(SHORTEST_PATH_LENGTH_Test.java:51)

java.lang.AssertionError: expected:<7> but was:<-2147483639>
    at org.junit.Assert.fail(Assert.java:88)
    at org.junit.Assert.failNotEquals(Assert.java:743)
    at org.junit.Assert.assertEquals(Assert.java:118)
    at org.junit.Assert.assertEquals(Assert.java:555)
    at org.junit.Assert.assertEquals(Assert.java:542)
    at java_testcases.junit.SHORTEST_PATH_LENGTH_Test.test2(SHORTEST_PATH_LENGTH_Test.java:60)
14:40:18.746 [pool-74-thread-1] INFO  f.i.l.c.t.SpecificationTestCasesListener - Tests run finished (0 ms)
<> Total tests run: 1
<> Ignored tests: 0
<> Failed tests: 1
~ test2(java_testcases.junit.SHORTEST_PATH_LENGTH_Test)
[expected:<7> but was:<-2147483639>]
java.lang.AssertionError: expected:<7> but was:<-2147483639>    at org.junit.Assert.fail(Assert.java:88)
    at org.junit.Assert.failNotEquals(Assert.java:743)
    at org.junit.Assert.assertEquals(Assert.java:118)
    at org.junit.Assert.assertEquals(Assert.java:555)
    at org.junit.Assert.assertEquals(Assert.java:542)
    at java_testcases.junit.SHORTEST_PATH_LENGTH_Test.test2(SHORTEST_PATH_LENGTH_Test.java:60)

14:40:18.746 [pool-69-thread-1] DEBUG tests.output - Failing tests with false: 
[test1(java_testcases.junit.SHORTEST_PATH_LENGTH_Test): null, test2(java_testcases.junit.SHORTEST_PATH_LENGTH_Test): null]
14:40:18.746 [pool-69-thread-1] DEBUG tests.output - Failing tests with true: 
[test1(java_testcases.junit.SHORTEST_PATH_LENGTH_Test): expected:<4> but was:<-2147483648>, test2(java_testcases.junit.SHORTEST_PATH_LENGTH_Test): expected:<7> but was:<-2147483639>]
14:40:18.746 [pool-69-thread-1] INFO  f.i.l.r.n.synth.SMTNopolSynthesizer - Not enough specifications: 0. A trivial patch is "true" or "false", please write new tests specifying SourceLocation java_programs.SHORTEST_PATH_LENGTH:50.
14:40:18.746 [pool-2-thread-1] DEBUG fr.inria.lille.repair.nopol.NoPol - looking with class fr.inria.lille.repair.nopol.spoon.smt.ConditionalReplacer
java.lang.AssertionError: expected:<4> but was:<-2147483648>
    at org.junit.Assert.fail(Assert.java:88)
    at org.junit.Assert.failNotEquals(Assert.java:743)
    at org.junit.Assert.assertEquals(Assert.java:118)
    at org.junit.Assert.assertEquals(Assert.java:555)
    at org.junit.Assert.assertEquals(Assert.java:542)
    at java_testcases.junit.SHORTEST_PATH_LENGTH_Test.test1(SHORTEST_PATH_LENGTH_Test.java:51)
java.lang.AssertionError: expected:<7> but was:<-2147483639>
    at org.junit.Assert.fail(Assert.java:88)
    at org.junit.Assert.failNotEquals(Assert.java:743)
    at org.junit.Assert.assertEquals(Assert.java:118)
    at org.junit.Assert.assertEquals(Assert.java:555)
    at org.junit.Assert.assertEquals(Assert.java:542)
    at java_testcases.junit.SHORTEST_PATH_LENGTH_Test.test2(SHORTEST_PATH_LENGTH_Test.java:60)
java.lang.AssertionError: expected:<4> but was:<-2147483648>
    at org.junit.Assert.fail(Assert.java:88)
    at org.junit.Assert.failNotEquals(Assert.java:743)
    at org.junit.Assert.assertEquals(Assert.java:118)
    at org.junit.Assert.assertEquals(Assert.java:555)
    at org.junit.Assert.assertEquals(Assert.java:542)
    at java_testcases.junit.SHORTEST_PATH_LENGTH_Test.test1(SHORTEST_PATH_LENGTH_Test.java:51)
java.lang.AssertionError: expected:<7> but was:<-2147483639>
    at org.junit.Assert.fail(Assert.java:88)
    at org.junit.Assert.failNotEquals(Assert.java:743)
    at org.junit.Assert.assertEquals(Assert.java:118)
    at org.junit.Assert.assertEquals(Assert.java:555)
    at org.junit.Assert.assertEquals(Assert.java:542)
    at java_testcases.junit.SHORTEST_PATH_LENGTH_Test.test2(SHORTEST_PATH_LENGTH_Test.java:60)
14:40:18.749 [pool-76-thread-1] INFO  xxl.java.junit.TestCasesListener - Tests run finished (1 ms)
<> Total tests run: 8
<> Ignored tests: 0
<> Failed tests: 4
~ test1(java_testcases.junit.SHORTEST_PATH_LENGTH_Test)
[expected:<4> but was:<-2147483648>]
java.lang.AssertionError: expected:<4> but was:<-2147483648>    at org.junit.Assert.fail(Assert.java:88)
    at org.junit.Assert.failNotEquals(Assert.java:743)
    at org.junit.Assert.assertEquals(Assert.java:118)
    at org.junit.Assert.assertEquals(Assert.java:555)
    at org.junit.Assert.assertEquals(Assert.java:542)
    at java_testcases.junit.SHORTEST_PATH_LENGTH_Test.test1(SHORTEST_PATH_LENGTH_Test.java:51)
~ test2(java_testcases.junit.SHORTEST_PATH_LENGTH_Test)
[expected:<7> but was:<-2147483639>]
java.lang.AssertionError: expected:<7> but was:<-2147483639>    at org.junit.Assert.fail(Assert.java:88)
    at org.junit.Assert.failNotEquals(Assert.java:743)
    at org.junit.Assert.assertEquals(Assert.java:118)
    at org.junit.Assert.assertEquals(Assert.java:555)
    at org.junit.Assert.assertEquals(Assert.java:542)
    at java_testcases.junit.SHORTEST_PATH_LENGTH_Test.test2(SHORTEST_PATH_LENGTH_Test.java:60)
~ test1(java_testcases.junit.SHORTEST_PATH_LENGTH_Test)
[expected:<4> but was:<-2147483648>]
java.lang.AssertionError: expected:<4> but was:<-2147483648>    at org.junit.Assert.fail(Assert.java:88)
    at org.junit.Assert.failNotEquals(Assert.java:743)
    at org.junit.Assert.assertEquals(Assert.java:118)
    at org.junit.Assert.assertEquals(Assert.java:555)
    at org.junit.Assert.assertEquals(Assert.java:542)
    at java_testcases.junit.SHORTEST_PATH_LENGTH_Test.test1(SHORTEST_PATH_LENGTH_Test.java:51)
~ test2(java_testcases.junit.SHORTEST_PATH_LENGTH_Test)
[expected:<7> but was:<-2147483639>]
java.lang.AssertionError: expected:<7> but was:<-2147483639>    at org.junit.Assert.fail(Assert.java:88)
    at org.junit.Assert.failNotEquals(Assert.java:743)
    at org.junit.Assert.assertEquals(Assert.java:118)
    at org.junit.Assert.assertEquals(Assert.java:555)
    at org.junit.Assert.assertEquals(Assert.java:542)
    at java_testcases.junit.SHORTEST_PATH_LENGTH_Test.test2(SHORTEST_PATH_LENGTH_Test.java:60)

java.lang.NullPointerException
    at java_programs.SHORTEST_PATH_LENGTH.shortest_path_length(SHORTEST_PATH_LENGTH.java:10)
    at java_testcases.junit.SHORTEST_PATH_LENGTH_Test.test1(SHORTEST_PATH_LENGTH_Test.java:47)
    at sun.reflect.NativeMethodAccessorImpl.invoke0(Native Method)
    at sun.reflect.NativeMethodAccessorImpl.invoke(NativeMethodAccessorImpl.java:62)
    at sun.reflect.DelegatingMethodAccessorImpl.invoke(DelegatingMethodAccessorImpl.java:43)
    at java.lang.reflect.Method.invoke(Method.java:498)
14:40:18.814 [pool-77-thread-1] INFO  f.i.l.c.t.SpecificationTestCasesListener - Tests run finished (0 ms)
<> Total tests run: 1
<> Ignored tests: 0
<> Failed tests: 1
~ test1(java_testcases.junit.SHORTEST_PATH_LENGTH_Test)
[null]
java.lang.NullPointerException    at java_programs.SHORTEST_PATH_LENGTH.shortest_path_length(SHORTEST_PATH_LENGTH.java:10)
    at java_testcases.junit.SHORTEST_PATH_LENGTH_Test.test1(SHORTEST_PATH_LENGTH_Test.java:47)
    at sun.reflect.NativeMethodAccessorImpl.invoke0(Native Method)
    at sun.reflect.NativeMethodAccessorImpl.invoke(NativeMethodAccessorImpl.java:62)
    at sun.reflect.DelegatingMethodAccessorImpl.invoke(DelegatingMethodAccessorImpl.java:43)
    at java.lang.reflect.Method.invoke(Method.java:498)

java.lang.NullPointerException
    at java_programs.SHORTEST_PATH_LENGTH.shortest_path_length(SHORTEST_PATH_LENGTH.java:10)
    at java_testcases.junit.SHORTEST_PATH_LENGTH_Test.test2(SHORTEST_PATH_LENGTH_Test.java:59)
    at sun.reflect.NativeMethodAccessorImpl.invoke0(Native Method)
    at sun.reflect.NativeMethodAccessorImpl.invoke(NativeMethodAccessorImpl.java:62)
    at sun.reflect.DelegatingMethodAccessorImpl.invoke(DelegatingMethodAccessorImpl.java:43)
    at java.lang.reflect.Method.invoke(Method.java:498)
14:40:18.815 [pool-78-thread-1] INFO  f.i.l.c.t.SpecificationTestCasesListener - Tests run finished (0 ms)
<> Total tests run: 1
<> Ignored tests: 0
<> Failed tests: 1
~ test2(java_testcases.junit.SHORTEST_PATH_LENGTH_Test)
[null]
java.lang.NullPointerException    at java_programs.SHORTEST_PATH_LENGTH.shortest_path_length(SHORTEST_PATH_LENGTH.java:10)
    at java_testcases.junit.SHORTEST_PATH_LENGTH_Test.test2(SHORTEST_PATH_LENGTH_Test.java:59)
    at sun.reflect.NativeMethodAccessorImpl.invoke0(Native Method)
    at sun.reflect.NativeMethodAccessorImpl.invoke(NativeMethodAccessorImpl.java:62)
    at sun.reflect.DelegatingMethodAccessorImpl.invoke(DelegatingMethodAccessorImpl.java:43)
    at java.lang.reflect.Method.invoke(Method.java:498)

java.lang.AssertionError: expected:<4> but was:<-2147483648>
    at org.junit.Assert.fail(Assert.java:88)
    at org.junit.Assert.failNotEquals(Assert.java:743)
    at org.junit.Assert.assertEquals(Assert.java:118)
    at org.junit.Assert.assertEquals(Assert.java:555)
    at org.junit.Assert.assertEquals(Assert.java:542)
    at java_testcases.junit.SHORTEST_PATH_LENGTH_Test.test1(SHORTEST_PATH_LENGTH_Test.java:51)
14:40:18.816 [pool-79-thread-1] INFO  f.i.l.c.t.SpecificationTestCasesListener - Tests run finished (0 ms)
<> Total tests run: 1
<> Ignored tests: 0
<> Failed tests: 1
~ test1(java_testcases.junit.SHORTEST_PATH_LENGTH_Test)
[expected:<4> but was:<-2147483648>]
java.lang.AssertionError: expected:<4> but was:<-2147483648>    at org.junit.Assert.fail(Assert.java:88)
    at org.junit.Assert.failNotEquals(Assert.java:743)
    at org.junit.Assert.assertEquals(Assert.java:118)
    at org.junit.Assert.assertEquals(Assert.java:555)
    at org.junit.Assert.assertEquals(Assert.java:542)
    at java_testcases.junit.SHORTEST_PATH_LENGTH_Test.test1(SHORTEST_PATH_LENGTH_Test.java:51)

java.lang.AssertionError: expected:<7> but was:<-2147483639>
    at org.junit.Assert.fail(Assert.java:88)
    at org.junit.Assert.failNotEquals(Assert.java:743)
    at org.junit.Assert.assertEquals(Assert.java:118)
    at org.junit.Assert.assertEquals(Assert.java:555)
    at org.junit.Assert.assertEquals(Assert.java:542)
    at java_testcases.junit.SHORTEST_PATH_LENGTH_Test.test2(SHORTEST_PATH_LENGTH_Test.java:60)
14:40:18.817 [pool-80-thread-1] INFO  f.i.l.c.t.SpecificationTestCasesListener - Tests run finished (0 ms)
<> Total tests run: 1
<> Ignored tests: 0
<> Failed tests: 1
~ test2(java_testcases.junit.SHORTEST_PATH_LENGTH_Test)
[expected:<7> but was:<-2147483639>]
java.lang.AssertionError: expected:<7> but was:<-2147483639>    at org.junit.Assert.fail(Assert.java:88)
    at org.junit.Assert.failNotEquals(Assert.java:743)
    at org.junit.Assert.assertEquals(Assert.java:118)
    at org.junit.Assert.assertEquals(Assert.java:555)
    at org.junit.Assert.assertEquals(Assert.java:542)
    at java_testcases.junit.SHORTEST_PATH_LENGTH_Test.test2(SHORTEST_PATH_LENGTH_Test.java:60)

14:40:18.818 [pool-75-thread-1] DEBUG tests.output - Failing tests with false: 
[test1(java_testcases.junit.SHORTEST_PATH_LENGTH_Test): null, test2(java_testcases.junit.SHORTEST_PATH_LENGTH_Test): null]
14:40:18.818 [pool-75-thread-1] DEBUG tests.output - Failing tests with true: 
[test1(java_testcases.junit.SHORTEST_PATH_LENGTH_Test): expected:<4> but was:<-2147483648>, test2(java_testcases.junit.SHORTEST_PATH_LENGTH_Test): expected:<7> but was:<-2147483639>]
14:40:18.818 [pool-75-thread-1] INFO  f.i.l.r.n.synth.SMTNopolSynthesizer - Not enough specifications: 0. A trivial patch is "true" or "false", please write new tests specifying SourceLocation java_programs.SHORTEST_PATH_LENGTH:50.
14:40:18.818 [pool-2-thread-1] DEBUG fr.inria.lille.repair.nopol.NoPol - statement #18
14:40:18.818 [pool-2-thread-1] DEBUG fr.inria.lille.repair.nopol.NoPol - Analysing SourceLocation java_programs.SHORTEST_PATH_LENGTH:49 which is executed by 4 tests
-1734541556
14:40:18.853 [pool-2-thread-1] DEBUG fr.inria.lille.repair.nopol.NoPol - statement #19
14:40:18.854 [pool-2-thread-1] DEBUG fr.inria.lille.repair.nopol.NoPol - Analysing SourceLocation java_programs.SHORTEST_PATH_LENGTH:48 which is executed by 4 tests
-1734541556
14:40:18.889 [pool-2-thread-1] DEBUG fr.inria.lille.repair.nopol.NoPol - looking with class fr.inria.lille.repair.nopol.spoon.smt.ConditionalAdder
java.lang.AssertionError: expected:<4> but was:<-2147483648>
    at org.junit.Assert.fail(Assert.java:88)
    at org.junit.Assert.failNotEquals(Assert.java:743)
    at org.junit.Assert.assertEquals(Assert.java:118)
    at org.junit.Assert.assertEquals(Assert.java:555)
    at org.junit.Assert.assertEquals(Assert.java:542)
    at java_testcases.junit.SHORTEST_PATH_LENGTH_Test.test1(SHORTEST_PATH_LENGTH_Test.java:51)
java.lang.AssertionError: expected:<7> but was:<-2147483639>
    at org.junit.Assert.fail(Assert.java:88)
    at org.junit.Assert.failNotEquals(Assert.java:743)
    at org.junit.Assert.assertEquals(Assert.java:118)
    at org.junit.Assert.assertEquals(Assert.java:555)
    at org.junit.Assert.assertEquals(Assert.java:542)
    at java_testcases.junit.SHORTEST_PATH_LENGTH_Test.test2(SHORTEST_PATH_LENGTH_Test.java:60)
java.lang.AssertionError: expected:<4> but was:<-2147483648>
    at org.junit.Assert.fail(Assert.java:88)
    at org.junit.Assert.failNotEquals(Assert.java:743)
    at org.junit.Assert.assertEquals(Assert.java:118)
    at org.junit.Assert.assertEquals(Assert.java:555)
    at org.junit.Assert.assertEquals(Assert.java:542)
    at java_testcases.junit.SHORTEST_PATH_LENGTH_Test.test1(SHORTEST_PATH_LENGTH_Test.java:51)
java.lang.AssertionError: expected:<7> but was:<-2147483639>
    at org.junit.Assert.fail(Assert.java:88)
    at org.junit.Assert.failNotEquals(Assert.java:743)
    at org.junit.Assert.assertEquals(Assert.java:118)
    at org.junit.Assert.assertEquals(Assert.java:555)
    at org.junit.Assert.assertEquals(Assert.java:542)
    at java_testcases.junit.SHORTEST_PATH_LENGTH_Test.test2(SHORTEST_PATH_LENGTH_Test.java:60)
14:40:18.893 [pool-82-thread-1] INFO  xxl.java.junit.TestCasesListener - Tests run finished (2 ms)
<> Total tests run: 8
<> Ignored tests: 0
<> Failed tests: 4
~ test1(java_testcases.junit.SHORTEST_PATH_LENGTH_Test)
[expected:<4> but was:<-2147483648>]
java.lang.AssertionError: expected:<4> but was:<-2147483648>    at org.junit.Assert.fail(Assert.java:88)
    at org.junit.Assert.failNotEquals(Assert.java:743)
    at org.junit.Assert.assertEquals(Assert.java:118)
    at org.junit.Assert.assertEquals(Assert.java:555)
    at org.junit.Assert.assertEquals(Assert.java:542)
    at java_testcases.junit.SHORTEST_PATH_LENGTH_Test.test1(SHORTEST_PATH_LENGTH_Test.java:51)
~ test2(java_testcases.junit.SHORTEST_PATH_LENGTH_Test)
[expected:<7> but was:<-2147483639>]
java.lang.AssertionError: expected:<7> but was:<-2147483639>    at org.junit.Assert.fail(Assert.java:88)
    at org.junit.Assert.failNotEquals(Assert.java:743)
    at org.junit.Assert.assertEquals(Assert.java:118)
    at org.junit.Assert.assertEquals(Assert.java:555)
    at org.junit.Assert.assertEquals(Assert.java:542)
    at java_testcases.junit.SHORTEST_PATH_LENGTH_Test.test2(SHORTEST_PATH_LENGTH_Test.java:60)
~ test1(java_testcases.junit.SHORTEST_PATH_LENGTH_Test)
[expected:<4> but was:<-2147483648>]
java.lang.AssertionError: expected:<4> but was:<-2147483648>    at org.junit.Assert.fail(Assert.java:88)
    at org.junit.Assert.failNotEquals(Assert.java:743)
    at org.junit.Assert.assertEquals(Assert.java:118)
    at org.junit.Assert.assertEquals(Assert.java:555)
    at org.junit.Assert.assertEquals(Assert.java:542)
    at java_testcases.junit.SHORTEST_PATH_LENGTH_Test.test1(SHORTEST_PATH_LENGTH_Test.java:51)
~ test2(java_testcases.junit.SHORTEST_PATH_LENGTH_Test)
[expected:<7> but was:<-2147483639>]
java.lang.AssertionError: expected:<7> but was:<-2147483639>    at org.junit.Assert.fail(Assert.java:88)
    at org.junit.Assert.failNotEquals(Assert.java:743)
    at org.junit.Assert.assertEquals(Assert.java:118)
    at org.junit.Assert.assertEquals(Assert.java:555)
    at org.junit.Assert.assertEquals(Assert.java:542)
    at java_testcases.junit.SHORTEST_PATH_LENGTH_Test.test2(SHORTEST_PATH_LENGTH_Test.java:60)

java.lang.NullPointerException
    at java_programs.SHORTEST_PATH_LENGTH.shortest_path_length(SHORTEST_PATH_LENGTH.java:10)
    at java_testcases.junit.SHORTEST_PATH_LENGTH_Test.test1(SHORTEST_PATH_LENGTH_Test.java:47)
    at sun.reflect.NativeMethodAccessorImpl.invoke0(Native Method)
    at sun.reflect.NativeMethodAccessorImpl.invoke(NativeMethodAccessorImpl.java:62)
    at sun.reflect.DelegatingMethodAccessorImpl.invoke(DelegatingMethodAccessorImpl.java:43)
    at java.lang.reflect.Method.invoke(Method.java:498)
14:40:18.961 [pool-83-thread-1] INFO  f.i.l.c.t.SpecificationTestCasesListener - Tests run finished (1 ms)
<> Total tests run: 1
<> Ignored tests: 0
<> Failed tests: 1
~ test1(java_testcases.junit.SHORTEST_PATH_LENGTH_Test)
[null]
java.lang.NullPointerException    at java_programs.SHORTEST_PATH_LENGTH.shortest_path_length(SHORTEST_PATH_LENGTH.java:10)
    at java_testcases.junit.SHORTEST_PATH_LENGTH_Test.test1(SHORTEST_PATH_LENGTH_Test.java:47)
    at sun.reflect.NativeMethodAccessorImpl.invoke0(Native Method)
    at sun.reflect.NativeMethodAccessorImpl.invoke(NativeMethodAccessorImpl.java:62)
    at sun.reflect.DelegatingMethodAccessorImpl.invoke(DelegatingMethodAccessorImpl.java:43)
    at java.lang.reflect.Method.invoke(Method.java:498)

java.lang.NullPointerException
    at java_programs.SHORTEST_PATH_LENGTH.shortest_path_length(SHORTEST_PATH_LENGTH.java:10)
    at java_testcases.junit.SHORTEST_PATH_LENGTH_Test.test2(SHORTEST_PATH_LENGTH_Test.java:59)
    at sun.reflect.NativeMethodAccessorImpl.invoke0(Native Method)
    at sun.reflect.NativeMethodAccessorImpl.invoke(NativeMethodAccessorImpl.java:62)
    at sun.reflect.DelegatingMethodAccessorImpl.invoke(DelegatingMethodAccessorImpl.java:43)
    at java.lang.reflect.Method.invoke(Method.java:498)
14:40:18.962 [pool-84-thread-1] INFO  f.i.l.c.t.SpecificationTestCasesListener - Tests run finished (0 ms)
<> Total tests run: 1
<> Ignored tests: 0
<> Failed tests: 1
~ test2(java_testcases.junit.SHORTEST_PATH_LENGTH_Test)
[null]
java.lang.NullPointerException    at java_programs.SHORTEST_PATH_LENGTH.shortest_path_length(SHORTEST_PATH_LENGTH.java:10)
    at java_testcases.junit.SHORTEST_PATH_LENGTH_Test.test2(SHORTEST_PATH_LENGTH_Test.java:59)
    at sun.reflect.NativeMethodAccessorImpl.invoke0(Native Method)
    at sun.reflect.NativeMethodAccessorImpl.invoke(NativeMethodAccessorImpl.java:62)
    at sun.reflect.DelegatingMethodAccessorImpl.invoke(DelegatingMethodAccessorImpl.java:43)
    at java.lang.reflect.Method.invoke(Method.java:498)

java.lang.AssertionError: expected:<4> but was:<-2147483648>
    at org.junit.Assert.fail(Assert.java:88)
    at org.junit.Assert.failNotEquals(Assert.java:743)
    at org.junit.Assert.assertEquals(Assert.java:118)
    at org.junit.Assert.assertEquals(Assert.java:555)
    at org.junit.Assert.assertEquals(Assert.java:542)
    at java_testcases.junit.SHORTEST_PATH_LENGTH_Test.test1(SHORTEST_PATH_LENGTH_Test.java:51)
14:40:18.963 [pool-85-thread-1] INFO  f.i.l.c.t.SpecificationTestCasesListener - Tests run finished (0 ms)
<> Total tests run: 1
<> Ignored tests: 0
<> Failed tests: 1
~ test1(java_testcases.junit.SHORTEST_PATH_LENGTH_Test)
[expected:<4> but was:<-2147483648>]
java.lang.AssertionError: expected:<4> but was:<-2147483648>    at org.junit.Assert.fail(Assert.java:88)
    at org.junit.Assert.failNotEquals(Assert.java:743)
    at org.junit.Assert.assertEquals(Assert.java:118)
    at org.junit.Assert.assertEquals(Assert.java:555)
    at org.junit.Assert.assertEquals(Assert.java:542)
    at java_testcases.junit.SHORTEST_PATH_LENGTH_Test.test1(SHORTEST_PATH_LENGTH_Test.java:51)

java.lang.AssertionError: expected:<7> but was:<-2147483639>
    at org.junit.Assert.fail(Assert.java:88)
    at org.junit.Assert.failNotEquals(Assert.java:743)
    at org.junit.Assert.assertEquals(Assert.java:118)
    at org.junit.Assert.assertEquals(Assert.java:555)
    at org.junit.Assert.assertEquals(Assert.java:542)
    at java_testcases.junit.SHORTEST_PATH_LENGTH_Test.test2(SHORTEST_PATH_LENGTH_Test.java:60)
14:40:18.964 [pool-86-thread-1] INFO  f.i.l.c.t.SpecificationTestCasesListener - Tests run finished (1 ms)
<> Total tests run: 1
<> Ignored tests: 0
<> Failed tests: 1
~ test2(java_testcases.junit.SHORTEST_PATH_LENGTH_Test)
[expected:<7> but was:<-2147483639>]
java.lang.AssertionError: expected:<7> but was:<-2147483639>    at org.junit.Assert.fail(Assert.java:88)
    at org.junit.Assert.failNotEquals(Assert.java:743)
    at org.junit.Assert.assertEquals(Assert.java:118)
    at org.junit.Assert.assertEquals(Assert.java:555)
    at org.junit.Assert.assertEquals(Assert.java:542)
    at java_testcases.junit.SHORTEST_PATH_LENGTH_Test.test2(SHORTEST_PATH_LENGTH_Test.java:60)

14:40:18.964 [pool-81-thread-1] DEBUG tests.output - Failing tests with false: 
[test1(java_testcases.junit.SHORTEST_PATH_LENGTH_Test): null, test2(java_testcases.junit.SHORTEST_PATH_LENGTH_Test): null]
14:40:18.964 [pool-81-thread-1] DEBUG tests.output - Failing tests with true: 
[test1(java_testcases.junit.SHORTEST_PATH_LENGTH_Test): expected:<4> but was:<-2147483648>, test2(java_testcases.junit.SHORTEST_PATH_LENGTH_Test): expected:<7> but was:<-2147483639>]
14:40:18.965 [pool-81-thread-1] INFO  f.i.l.r.n.synth.SMTNopolSynthesizer - Not enough specifications: 0. A trivial patch is "true" or "false", please write new tests specifying SourceLocation java_programs.SHORTEST_PATH_LENGTH:48.
14:40:18.965 [pool-2-thread-1] DEBUG fr.inria.lille.repair.nopol.NoPol - statement #20
14:40:18.965 [pool-2-thread-1] DEBUG fr.inria.lille.repair.nopol.NoPol - Analysing SourceLocation java_programs.SHORTEST_PATH_LENGTH:47 which is executed by 4 tests
-1734541556
14:40:19.000 [pool-2-thread-1] DEBUG fr.inria.lille.repair.nopol.NoPol - statement #21
14:40:19.000 [pool-2-thread-1] DEBUG fr.inria.lille.repair.nopol.NoPol - Analysing SourceLocation java_programs.SHORTEST_PATH_LENGTH:46 which is executed by 4 tests
-1734541556
14:40:19.035 [pool-2-thread-1] DEBUG fr.inria.lille.repair.nopol.NoPol - statement #22
14:40:19.036 [pool-2-thread-1] DEBUG fr.inria.lille.repair.nopol.NoPol - Analysing SourceLocation java_programs.SHORTEST_PATH_LENGTH:23 which is executed by 4 tests
-1734541556
14:40:19.071 [pool-2-thread-1] DEBUG fr.inria.lille.repair.nopol.NoPol - looking with class fr.inria.lille.repair.nopol.spoon.smt.ConditionalAdder
java.lang.AssertionError: expected:<4> but was:<-2147483648>
    at org.junit.Assert.fail(Assert.java:88)
    at org.junit.Assert.failNotEquals(Assert.java:743)
    at org.junit.Assert.assertEquals(Assert.java:118)
    at org.junit.Assert.assertEquals(Assert.java:555)
    at org.junit.Assert.assertEquals(Assert.java:542)
    at java_testcases.junit.SHORTEST_PATH_LENGTH_Test.test1(SHORTEST_PATH_LENGTH_Test.java:51)
java.lang.AssertionError: expected:<7> but was:<-2147483639>
    at org.junit.Assert.fail(Assert.java:88)
    at org.junit.Assert.failNotEquals(Assert.java:743)
    at org.junit.Assert.assertEquals(Assert.java:118)
    at org.junit.Assert.assertEquals(Assert.java:555)
    at org.junit.Assert.assertEquals(Assert.java:542)
    at java_testcases.junit.SHORTEST_PATH_LENGTH_Test.test2(SHORTEST_PATH_LENGTH_Test.java:60)
java.lang.AssertionError: expected:<4> but was:<-2147483648>
    at org.junit.Assert.fail(Assert.java:88)
    at org.junit.Assert.failNotEquals(Assert.java:743)
    at org.junit.Assert.assertEquals(Assert.java:118)
    at org.junit.Assert.assertEquals(Assert.java:555)
    at org.junit.Assert.assertEquals(Assert.java:542)
    at java_testcases.junit.SHORTEST_PATH_LENGTH_Test.test1(SHORTEST_PATH_LENGTH_Test.java:51)
java.lang.AssertionError: expected:<7> but was:<-2147483639>
    at org.junit.Assert.fail(Assert.java:88)
    at org.junit.Assert.failNotEquals(Assert.java:743)
    at org.junit.Assert.assertEquals(Assert.java:118)
    at org.junit.Assert.assertEquals(Assert.java:555)
    at org.junit.Assert.assertEquals(Assert.java:542)
    at java_testcases.junit.SHORTEST_PATH_LENGTH_Test.test2(SHORTEST_PATH_LENGTH_Test.java:60)
14:40:19.075 [pool-88-thread-1] INFO  xxl.java.junit.TestCasesListener - Tests run finished (2 ms)
<> Total tests run: 8
<> Ignored tests: 0
<> Failed tests: 4
~ test1(java_testcases.junit.SHORTEST_PATH_LENGTH_Test)
[expected:<4> but was:<-2147483648>]
java.lang.AssertionError: expected:<4> but was:<-2147483648>    at org.junit.Assert.fail(Assert.java:88)
    at org.junit.Assert.failNotEquals(Assert.java:743)
    at org.junit.Assert.assertEquals(Assert.java:118)
    at org.junit.Assert.assertEquals(Assert.java:555)
    at org.junit.Assert.assertEquals(Assert.java:542)
    at java_testcases.junit.SHORTEST_PATH_LENGTH_Test.test1(SHORTEST_PATH_LENGTH_Test.java:51)
~ test2(java_testcases.junit.SHORTEST_PATH_LENGTH_Test)
[expected:<7> but was:<-2147483639>]
java.lang.AssertionError: expected:<7> but was:<-2147483639>    at org.junit.Assert.fail(Assert.java:88)
    at org.junit.Assert.failNotEquals(Assert.java:743)
    at org.junit.Assert.assertEquals(Assert.java:118)
    at org.junit.Assert.assertEquals(Assert.java:555)
    at org.junit.Assert.assertEquals(Assert.java:542)
    at java_testcases.junit.SHORTEST_PATH_LENGTH_Test.test2(SHORTEST_PATH_LENGTH_Test.java:60)
~ test1(java_testcases.junit.SHORTEST_PATH_LENGTH_Test)
[expected:<4> but was:<-2147483648>]
java.lang.AssertionError: expected:<4> but was:<-2147483648>    at org.junit.Assert.fail(Assert.java:88)
    at org.junit.Assert.failNotEquals(Assert.java:743)
    at org.junit.Assert.assertEquals(Assert.java:118)
    at org.junit.Assert.assertEquals(Assert.java:555)
    at org.junit.Assert.assertEquals(Assert.java:542)
    at java_testcases.junit.SHORTEST_PATH_LENGTH_Test.test1(SHORTEST_PATH_LENGTH_Test.java:51)
~ test2(java_testcases.junit.SHORTEST_PATH_LENGTH_Test)
[expected:<7> but was:<-2147483639>]
java.lang.AssertionError: expected:<7> but was:<-2147483639>    at org.junit.Assert.fail(Assert.java:88)
    at org.junit.Assert.failNotEquals(Assert.java:743)
    at org.junit.Assert.assertEquals(Assert.java:118)
    at org.junit.Assert.assertEquals(Assert.java:555)
    at org.junit.Assert.assertEquals(Assert.java:542)
    at java_testcases.junit.SHORTEST_PATH_LENGTH_Test.test2(SHORTEST_PATH_LENGTH_Test.java:60)

java.lang.AssertionError: expected:<4> but was:<2147483647>
    at org.junit.Assert.fail(Assert.java:88)
    at org.junit.Assert.failNotEquals(Assert.java:743)
    at org.junit.Assert.assertEquals(Assert.java:118)
    at org.junit.Assert.assertEquals(Assert.java:555)
    at org.junit.Assert.assertEquals(Assert.java:542)
    at java_testcases.junit.SHORTEST_PATH_LENGTH_Test.test1(SHORTEST_PATH_LENGTH_Test.java:51)
14:40:19.140 [pool-89-thread-1] INFO  f.i.l.c.t.SpecificationTestCasesListener - Tests run finished (1 ms)
<> Total tests run: 1
<> Ignored tests: 0
<> Failed tests: 1
~ test1(java_testcases.junit.SHORTEST_PATH_LENGTH_Test)
[expected:<4> but was:<2147483647>]
java.lang.AssertionError: expected:<4> but was:<2147483647>    at org.junit.Assert.fail(Assert.java:88)
    at org.junit.Assert.failNotEquals(Assert.java:743)
    at org.junit.Assert.assertEquals(Assert.java:118)
    at org.junit.Assert.assertEquals(Assert.java:555)
    at org.junit.Assert.assertEquals(Assert.java:542)
    at java_testcases.junit.SHORTEST_PATH_LENGTH_Test.test1(SHORTEST_PATH_LENGTH_Test.java:51)

java.lang.AssertionError: expected:<7> but was:<2147483647>
    at org.junit.Assert.fail(Assert.java:88)
    at org.junit.Assert.failNotEquals(Assert.java:743)
    at org.junit.Assert.assertEquals(Assert.java:118)
    at org.junit.Assert.assertEquals(Assert.java:555)
    at org.junit.Assert.assertEquals(Assert.java:542)
    at java_testcases.junit.SHORTEST_PATH_LENGTH_Test.test2(SHORTEST_PATH_LENGTH_Test.java:60)
14:40:19.142 [pool-90-thread-1] INFO  f.i.l.c.t.SpecificationTestCasesListener - Tests run finished (0 ms)
<> Total tests run: 1
<> Ignored tests: 0
<> Failed tests: 1
~ test2(java_testcases.junit.SHORTEST_PATH_LENGTH_Test)
[expected:<7> but was:<2147483647>]
java.lang.AssertionError: expected:<7> but was:<2147483647>    at org.junit.Assert.fail(Assert.java:88)
    at org.junit.Assert.failNotEquals(Assert.java:743)
    at org.junit.Assert.assertEquals(Assert.java:118)
    at org.junit.Assert.assertEquals(Assert.java:555)
    at org.junit.Assert.assertEquals(Assert.java:542)
    at java_testcases.junit.SHORTEST_PATH_LENGTH_Test.test2(SHORTEST_PATH_LENGTH_Test.java:60)

java.lang.AssertionError: expected:<4> but was:<-2147483648>
    at org.junit.Assert.fail(Assert.java:88)
    at org.junit.Assert.failNotEquals(Assert.java:743)
    at org.junit.Assert.assertEquals(Assert.java:118)
    at org.junit.Assert.assertEquals(Assert.java:555)
    at org.junit.Assert.assertEquals(Assert.java:542)
    at java_testcases.junit.SHORTEST_PATH_LENGTH_Test.test1(SHORTEST_PATH_LENGTH_Test.java:51)
14:40:19.143 [pool-91-thread-1] INFO  f.i.l.c.t.SpecificationTestCasesListener - Tests run finished (0 ms)
<> Total tests run: 1
<> Ignored tests: 0
<> Failed tests: 1
~ test1(java_testcases.junit.SHORTEST_PATH_LENGTH_Test)
[expected:<4> but was:<-2147483648>]
java.lang.AssertionError: expected:<4> but was:<-2147483648>    at org.junit.Assert.fail(Assert.java:88)
    at org.junit.Assert.failNotEquals(Assert.java:743)
    at org.junit.Assert.assertEquals(Assert.java:118)
    at org.junit.Assert.assertEquals(Assert.java:555)
    at org.junit.Assert.assertEquals(Assert.java:542)
    at java_testcases.junit.SHORTEST_PATH_LENGTH_Test.test1(SHORTEST_PATH_LENGTH_Test.java:51)

java.lang.AssertionError: expected:<7> but was:<-2147483639>
    at org.junit.Assert.fail(Assert.java:88)
    at org.junit.Assert.failNotEquals(Assert.java:743)
    at org.junit.Assert.assertEquals(Assert.java:118)
    at org.junit.Assert.assertEquals(Assert.java:555)
    at org.junit.Assert.assertEquals(Assert.java:542)
    at java_testcases.junit.SHORTEST_PATH_LENGTH_Test.test2(SHORTEST_PATH_LENGTH_Test.java:60)
14:40:19.144 [pool-92-thread-1] INFO  f.i.l.c.t.SpecificationTestCasesListener - Tests run finished (0 ms)
<> Total tests run: 1
<> Ignored tests: 0
<> Failed tests: 1
~ test2(java_testcases.junit.SHORTEST_PATH_LENGTH_Test)
[expected:<7> but was:<-2147483639>]
java.lang.AssertionError: expected:<7> but was:<-2147483639>    at org.junit.Assert.fail(Assert.java:88)
    at org.junit.Assert.failNotEquals(Assert.java:743)
    at org.junit.Assert.assertEquals(Assert.java:118)
    at org.junit.Assert.assertEquals(Assert.java:555)
    at org.junit.Assert.assertEquals(Assert.java:542)
    at java_testcases.junit.SHORTEST_PATH_LENGTH_Test.test2(SHORTEST_PATH_LENGTH_Test.java:60)

14:40:19.145 [pool-87-thread-1] DEBUG tests.output - Failing tests with false: 
[test1(java_testcases.junit.SHORTEST_PATH_LENGTH_Test): expected:<4> but was:<2147483647>, test2(java_testcases.junit.SHORTEST_PATH_LENGTH_Test): expected:<7> but was:<2147483647>]
14:40:19.145 [pool-87-thread-1] DEBUG tests.output - Failing tests with true: 
[test1(java_testcases.junit.SHORTEST_PATH_LENGTH_Test): expected:<4> but was:<-2147483648>, test2(java_testcases.junit.SHORTEST_PATH_LENGTH_Test): expected:<7> but was:<-2147483639>]
14:40:19.145 [pool-87-thread-1] INFO  f.i.l.r.n.synth.SMTNopolSynthesizer - Not enough specifications: 0. A trivial patch is "true" or "false", please write new tests specifying SourceLocation java_programs.SHORTEST_PATH_LENGTH:23.
14:40:19.145 [pool-2-thread-1] DEBUG fr.inria.lille.repair.nopol.NoPol - looking with class fr.inria.lille.repair.nopol.spoon.smt.ConditionalReplacer
java.lang.AssertionError: expected:<4> but was:<-2147483648>
    at org.junit.Assert.fail(Assert.java:88)
    at org.junit.Assert.failNotEquals(Assert.java:743)
    at org.junit.Assert.assertEquals(Assert.java:118)
    at org.junit.Assert.assertEquals(Assert.java:555)
    at org.junit.Assert.assertEquals(Assert.java:542)
    at java_testcases.junit.SHORTEST_PATH_LENGTH_Test.test1(SHORTEST_PATH_LENGTH_Test.java:51)
java.lang.AssertionError: expected:<7> but was:<-2147483639>
    at org.junit.Assert.fail(Assert.java:88)
    at org.junit.Assert.failNotEquals(Assert.java:743)
    at org.junit.Assert.assertEquals(Assert.java:118)
    at org.junit.Assert.assertEquals(Assert.java:555)
    at org.junit.Assert.assertEquals(Assert.java:542)
    at java_testcases.junit.SHORTEST_PATH_LENGTH_Test.test2(SHORTEST_PATH_LENGTH_Test.java:60)
java.lang.AssertionError: expected:<4> but was:<-2147483648>
    at org.junit.Assert.fail(Assert.java:88)
    at org.junit.Assert.failNotEquals(Assert.java:743)
    at org.junit.Assert.assertEquals(Assert.java:118)
    at org.junit.Assert.assertEquals(Assert.java:555)
    at org.junit.Assert.assertEquals(Assert.java:542)
    at java_testcases.junit.SHORTEST_PATH_LENGTH_Test.test1(SHORTEST_PATH_LENGTH_Test.java:51)
java.lang.AssertionError: expected:<7> but was:<-2147483639>
    at org.junit.Assert.fail(Assert.java:88)
    at org.junit.Assert.failNotEquals(Assert.java:743)
    at org.junit.Assert.assertEquals(Assert.java:118)
    at org.junit.Assert.assertEquals(Assert.java:555)
    at org.junit.Assert.assertEquals(Assert.java:542)
    at java_testcases.junit.SHORTEST_PATH_LENGTH_Test.test2(SHORTEST_PATH_LENGTH_Test.java:60)
14:40:19.149 [pool-94-thread-1] INFO  xxl.java.junit.TestCasesListener - Tests run finished (2 ms)
<> Total tests run: 8
<> Ignored tests: 0
<> Failed tests: 4
~ test1(java_testcases.junit.SHORTEST_PATH_LENGTH_Test)
[expected:<4> but was:<-2147483648>]
java.lang.AssertionError: expected:<4> but was:<-2147483648>    at org.junit.Assert.fail(Assert.java:88)
    at org.junit.Assert.failNotEquals(Assert.java:743)
    at org.junit.Assert.assertEquals(Assert.java:118)
    at org.junit.Assert.assertEquals(Assert.java:555)
    at org.junit.Assert.assertEquals(Assert.java:542)
    at java_testcases.junit.SHORTEST_PATH_LENGTH_Test.test1(SHORTEST_PATH_LENGTH_Test.java:51)
~ test2(java_testcases.junit.SHORTEST_PATH_LENGTH_Test)
[expected:<7> but was:<-2147483639>]
java.lang.AssertionError: expected:<7> but was:<-2147483639>    at org.junit.Assert.fail(Assert.java:88)
    at org.junit.Assert.failNotEquals(Assert.java:743)
    at org.junit.Assert.assertEquals(Assert.java:118)
    at org.junit.Assert.assertEquals(Assert.java:555)
    at org.junit.Assert.assertEquals(Assert.java:542)
    at java_testcases.junit.SHORTEST_PATH_LENGTH_Test.test2(SHORTEST_PATH_LENGTH_Test.java:60)
~ test1(java_testcases.junit.SHORTEST_PATH_LENGTH_Test)
[expected:<4> but was:<-2147483648>]
java.lang.AssertionError: expected:<4> but was:<-2147483648>    at org.junit.Assert.fail(Assert.java:88)
    at org.junit.Assert.failNotEquals(Assert.java:743)
    at org.junit.Assert.assertEquals(Assert.java:118)
    at org.junit.Assert.assertEquals(Assert.java:555)
    at org.junit.Assert.assertEquals(Assert.java:542)
    at java_testcases.junit.SHORTEST_PATH_LENGTH_Test.test1(SHORTEST_PATH_LENGTH_Test.java:51)
~ test2(java_testcases.junit.SHORTEST_PATH_LENGTH_Test)
[expected:<7> but was:<-2147483639>]
java.lang.AssertionError: expected:<7> but was:<-2147483639>    at org.junit.Assert.fail(Assert.java:88)
    at org.junit.Assert.failNotEquals(Assert.java:743)
    at org.junit.Assert.assertEquals(Assert.java:118)
    at org.junit.Assert.assertEquals(Assert.java:555)
    at org.junit.Assert.assertEquals(Assert.java:542)
    at java_testcases.junit.SHORTEST_PATH_LENGTH_Test.test2(SHORTEST_PATH_LENGTH_Test.java:60)

java.lang.AssertionError: expected:<4> but was:<2147483647>
    at org.junit.Assert.fail(Assert.java:88)
    at org.junit.Assert.failNotEquals(Assert.java:743)
    at org.junit.Assert.assertEquals(Assert.java:118)
    at org.junit.Assert.assertEquals(Assert.java:555)
    at org.junit.Assert.assertEquals(Assert.java:542)
    at java_testcases.junit.SHORTEST_PATH_LENGTH_Test.test1(SHORTEST_PATH_LENGTH_Test.java:51)
14:40:19.232 [pool-95-thread-1] INFO  f.i.l.c.t.SpecificationTestCasesListener - Tests run finished (1 ms)
<> Total tests run: 1
<> Ignored tests: 0
<> Failed tests: 1
~ test1(java_testcases.junit.SHORTEST_PATH_LENGTH_Test)
[expected:<4> but was:<2147483647>]
java.lang.AssertionError: expected:<4> but was:<2147483647>    at org.junit.Assert.fail(Assert.java:88)
    at org.junit.Assert.failNotEquals(Assert.java:743)
    at org.junit.Assert.assertEquals(Assert.java:118)
    at org.junit.Assert.assertEquals(Assert.java:555)
    at org.junit.Assert.assertEquals(Assert.java:542)
    at java_testcases.junit.SHORTEST_PATH_LENGTH_Test.test1(SHORTEST_PATH_LENGTH_Test.java:51)

java.lang.AssertionError: expected:<7> but was:<2147483647>
    at org.junit.Assert.fail(Assert.java:88)
    at org.junit.Assert.failNotEquals(Assert.java:743)
    at org.junit.Assert.assertEquals(Assert.java:118)
    at org.junit.Assert.assertEquals(Assert.java:555)
    at org.junit.Assert.assertEquals(Assert.java:542)
    at java_testcases.junit.SHORTEST_PATH_LENGTH_Test.test2(SHORTEST_PATH_LENGTH_Test.java:60)
14:40:19.233 [pool-96-thread-1] INFO  f.i.l.c.t.SpecificationTestCasesListener - Tests run finished (0 ms)
<> Total tests run: 1
<> Ignored tests: 0
<> Failed tests: 1
~ test2(java_testcases.junit.SHORTEST_PATH_LENGTH_Test)
[expected:<7> but was:<2147483647>]
java.lang.AssertionError: expected:<7> but was:<2147483647>    at org.junit.Assert.fail(Assert.java:88)
    at org.junit.Assert.failNotEquals(Assert.java:743)
    at org.junit.Assert.assertEquals(Assert.java:118)
    at org.junit.Assert.assertEquals(Assert.java:555)
    at org.junit.Assert.assertEquals(Assert.java:542)
    at java_testcases.junit.SHORTEST_PATH_LENGTH_Test.test2(SHORTEST_PATH_LENGTH_Test.java:60)

java.lang.AssertionError: expected:<4> but was:<0>
    at org.junit.Assert.fail(Assert.java:88)
    at org.junit.Assert.failNotEquals(Assert.java:743)
    at org.junit.Assert.assertEquals(Assert.java:118)
    at org.junit.Assert.assertEquals(Assert.java:555)
    at org.junit.Assert.assertEquals(Assert.java:542)
    at java_testcases.junit.SHORTEST_PATH_LENGTH_Test.test1(SHORTEST_PATH_LENGTH_Test.java:51)
14:40:19.234 [pool-97-thread-1] INFO  f.i.l.c.t.SpecificationTestCasesListener - Tests run finished (0 ms)
<> Total tests run: 1
<> Ignored tests: 0
<> Failed tests: 1
~ test1(java_testcases.junit.SHORTEST_PATH_LENGTH_Test)
[expected:<4> but was:<0>]
java.lang.AssertionError: expected:<4> but was:<0>    at org.junit.Assert.fail(Assert.java:88)
    at org.junit.Assert.failNotEquals(Assert.java:743)
    at org.junit.Assert.assertEquals(Assert.java:118)
    at org.junit.Assert.assertEquals(Assert.java:555)
    at org.junit.Assert.assertEquals(Assert.java:542)
    at java_testcases.junit.SHORTEST_PATH_LENGTH_Test.test1(SHORTEST_PATH_LENGTH_Test.java:51)

java.lang.AssertionError: expected:<7> but was:<0>
    at org.junit.Assert.fail(Assert.java:88)
    at org.junit.Assert.failNotEquals(Assert.java:743)
    at org.junit.Assert.assertEquals(Assert.java:118)
    at org.junit.Assert.assertEquals(Assert.java:555)
    at org.junit.Assert.assertEquals(Assert.java:542)
    at java_testcases.junit.SHORTEST_PATH_LENGTH_Test.test2(SHORTEST_PATH_LENGTH_Test.java:60)
14:40:19.235 [pool-98-thread-1] INFO  f.i.l.c.t.SpecificationTestCasesListener - Tests run finished (0 ms)
<> Total tests run: 1
<> Ignored tests: 0
<> Failed tests: 1
~ test2(java_testcases.junit.SHORTEST_PATH_LENGTH_Test)
[expected:<7> but was:<0>]
java.lang.AssertionError: expected:<7> but was:<0>    at org.junit.Assert.fail(Assert.java:88)
    at org.junit.Assert.failNotEquals(Assert.java:743)
    at org.junit.Assert.assertEquals(Assert.java:118)
    at org.junit.Assert.assertEquals(Assert.java:555)
    at org.junit.Assert.assertEquals(Assert.java:542)
    at java_testcases.junit.SHORTEST_PATH_LENGTH_Test.test2(SHORTEST_PATH_LENGTH_Test.java:60)

14:40:19.235 [pool-93-thread-1] DEBUG tests.output - Failing tests with false: 
[test1(java_testcases.junit.SHORTEST_PATH_LENGTH_Test): expected:<4> but was:<2147483647>, test2(java_testcases.junit.SHORTEST_PATH_LENGTH_Test): expected:<7> but was:<2147483647>]
14:40:19.235 [pool-93-thread-1] DEBUG tests.output - Failing tests with true: 
[test1(java_testcases.junit.SHORTEST_PATH_LENGTH_Test): expected:<4> but was:<0>, test2(java_testcases.junit.SHORTEST_PATH_LENGTH_Test): expected:<7> but was:<0>]
14:40:19.235 [pool-93-thread-1] INFO  f.i.l.r.n.synth.SMTNopolSynthesizer - Not enough specifications: 0. A trivial patch is "true" or "false", please write new tests specifying SourceLocation java_programs.SHORTEST_PATH_LENGTH:23.
14:40:19.235 [pool-2-thread-1] DEBUG fr.inria.lille.repair.nopol.NoPol - statement #23
14:40:19.235 [pool-2-thread-1] DEBUG fr.inria.lille.repair.nopol.NoPol - Analysing SourceLocation java_programs.SHORTEST_PATH_LENGTH:21 which is executed by 4 tests
-1734541556
14:40:19.299 [pool-2-thread-1] DEBUG fr.inria.lille.repair.nopol.NoPol - looking with class fr.inria.lille.repair.nopol.spoon.smt.ConditionalAdder
java.lang.AssertionError: expected:<4> but was:<-2147483648>
    at org.junit.Assert.fail(Assert.java:88)
    at org.junit.Assert.failNotEquals(Assert.java:743)
    at org.junit.Assert.assertEquals(Assert.java:118)
    at org.junit.Assert.assertEquals(Assert.java:555)
    at org.junit.Assert.assertEquals(Assert.java:542)
    at java_testcases.junit.SHORTEST_PATH_LENGTH_Test.test1(SHORTEST_PATH_LENGTH_Test.java:51)
java.lang.AssertionError: expected:<7> but was:<-2147483639>
    at org.junit.Assert.fail(Assert.java:88)
    at org.junit.Assert.failNotEquals(Assert.java:743)
    at org.junit.Assert.assertEquals(Assert.java:118)
    at org.junit.Assert.assertEquals(Assert.java:555)
    at org.junit.Assert.assertEquals(Assert.java:542)
    at java_testcases.junit.SHORTEST_PATH_LENGTH_Test.test2(SHORTEST_PATH_LENGTH_Test.java:60)
java.lang.AssertionError: expected:<4> but was:<-2147483648>
    at org.junit.Assert.fail(Assert.java:88)
    at org.junit.Assert.failNotEquals(Assert.java:743)
    at org.junit.Assert.assertEquals(Assert.java:118)
    at org.junit.Assert.assertEquals(Assert.java:555)
    at org.junit.Assert.assertEquals(Assert.java:542)
    at java_testcases.junit.SHORTEST_PATH_LENGTH_Test.test1(SHORTEST_PATH_LENGTH_Test.java:51)
java.lang.AssertionError: expected:<7> but was:<-2147483639>
    at org.junit.Assert.fail(Assert.java:88)
    at org.junit.Assert.failNotEquals(Assert.java:743)
    at org.junit.Assert.assertEquals(Assert.java:118)
    at org.junit.Assert.assertEquals(Assert.java:555)
    at org.junit.Assert.assertEquals(Assert.java:542)
    at java_testcases.junit.SHORTEST_PATH_LENGTH_Test.test2(SHORTEST_PATH_LENGTH_Test.java:60)
14:40:19.303 [pool-100-thread-1] INFO  xxl.java.junit.TestCasesListener - Tests run finished (1 ms)
<> Total tests run: 8
<> Ignored tests: 0
<> Failed tests: 4
~ test1(java_testcases.junit.SHORTEST_PATH_LENGTH_Test)
[expected:<4> but was:<-2147483648>]
java.lang.AssertionError: expected:<4> but was:<-2147483648>    at org.junit.Assert.fail(Assert.java:88)
    at org.junit.Assert.failNotEquals(Assert.java:743)
    at org.junit.Assert.assertEquals(Assert.java:118)
    at org.junit.Assert.assertEquals(Assert.java:555)
    at org.junit.Assert.assertEquals(Assert.java:542)
    at java_testcases.junit.SHORTEST_PATH_LENGTH_Test.test1(SHORTEST_PATH_LENGTH_Test.java:51)
~ test2(java_testcases.junit.SHORTEST_PATH_LENGTH_Test)
[expected:<7> but was:<-2147483639>]
java.lang.AssertionError: expected:<7> but was:<-2147483639>    at org.junit.Assert.fail(Assert.java:88)
    at org.junit.Assert.failNotEquals(Assert.java:743)
    at org.junit.Assert.assertEquals(Assert.java:118)
    at org.junit.Assert.assertEquals(Assert.java:555)
    at org.junit.Assert.assertEquals(Assert.java:542)
    at java_testcases.junit.SHORTEST_PATH_LENGTH_Test.test2(SHORTEST_PATH_LENGTH_Test.java:60)
~ test1(java_testcases.junit.SHORTEST_PATH_LENGTH_Test)
[expected:<4> but was:<-2147483648>]
java.lang.AssertionError: expected:<4> but was:<-2147483648>    at org.junit.Assert.fail(Assert.java:88)
    at org.junit.Assert.failNotEquals(Assert.java:743)
    at org.junit.Assert.assertEquals(Assert.java:118)
    at org.junit.Assert.assertEquals(Assert.java:555)
    at org.junit.Assert.assertEquals(Assert.java:542)
    at java_testcases.junit.SHORTEST_PATH_LENGTH_Test.test1(SHORTEST_PATH_LENGTH_Test.java:51)
~ test2(java_testcases.junit.SHORTEST_PATH_LENGTH_Test)
[expected:<7> but was:<-2147483639>]
java.lang.AssertionError: expected:<7> but was:<-2147483639>    at org.junit.Assert.fail(Assert.java:88)
    at org.junit.Assert.failNotEquals(Assert.java:743)
    at org.junit.Assert.assertEquals(Assert.java:118)
    at org.junit.Assert.assertEquals(Assert.java:555)
    at org.junit.Assert.assertEquals(Assert.java:542)
    at java_testcases.junit.SHORTEST_PATH_LENGTH_Test.test2(SHORTEST_PATH_LENGTH_Test.java:60)

java.lang.AssertionError: expected:<4> but was:<-2147483648>
    at org.junit.Assert.fail(Assert.java:88)
    at org.junit.Assert.failNotEquals(Assert.java:743)
    at org.junit.Assert.assertEquals(Assert.java:118)
    at org.junit.Assert.assertEquals(Assert.java:555)
    at org.junit.Assert.assertEquals(Assert.java:542)
    at java_testcases.junit.SHORTEST_PATH_LENGTH_Test.test1(SHORTEST_PATH_LENGTH_Test.java:51)
14:40:19.390 [pool-101-thread-1] INFO  f.i.l.c.t.SpecificationTestCasesListener - Tests run finished (1 ms)
<> Total tests run: 1
<> Ignored tests: 0
<> Failed tests: 1
~ test1(java_testcases.junit.SHORTEST_PATH_LENGTH_Test)
[expected:<4> but was:<-2147483648>]
java.lang.AssertionError: expected:<4> but was:<-2147483648>    at org.junit.Assert.fail(Assert.java:88)
    at org.junit.Assert.failNotEquals(Assert.java:743)
    at org.junit.Assert.assertEquals(Assert.java:118)
    at org.junit.Assert.assertEquals(Assert.java:555)
    at org.junit.Assert.assertEquals(Assert.java:542)
    at java_testcases.junit.SHORTEST_PATH_LENGTH_Test.test1(SHORTEST_PATH_LENGTH_Test.java:51)

java.lang.OutOfMemoryError: GC overhead limit exceeded
    at fr.inria.lille.commons.trace.collector.ValueCollector.collectFrom(ValueCollector.java:19)
14:44:15.166 [pool-99-thread-1] DEBUG xxl.java.junit.TestSuiteExecution - Timeout after 200 seconds. Infinite loop?
    at fr.inria.lille.commons.trace.RuntimeValues.collectInput(RuntimeValues.java:89)
    at java_programs.SHORTEST_PATH_LENGTH.shortest_path_length(SHORTEST_PATH_LENGTH.java:25)
    at java_testcases.junit.SHORTEST_PATH_LENGTH_Test.test2(SHORTEST_PATH_LENGTH_Test.java:59)
    at sun.reflect.NativeMethodAccessorImpl.invoke0(Native Method)
    at sun.reflect.NativeMethodAccessorImpl.invoke(NativeMethodAccessorImpl.java:62)
14:44:15.167 [pool-102-thread-1] INFO  f.i.l.c.t.SpecificationTestCasesListener - Tests run finished (235777 ms)
<> Total tests run: 1
<> Ignored tests: 0
<> Failed tests: 1
~ test2(java_testcases.junit.SHORTEST_PATH_LENGTH_Test)
[GC overhead limit exceeded]
java.lang.OutOfMemoryError: GC overhead limit exceeded    at fr.inria.lille.commons.trace.collector.ValueCollector.collectFrom(ValueCollector.java:19)
    at fr.inria.lille.commons.trace.RuntimeValues.collectInput(RuntimeValues.java:89)
    at java_programs.SHORTEST_PATH_LENGTH.shortest_path_length(SHORTEST_PATH_LENGTH.java:25)
    at java_testcases.junit.SHORTEST_PATH_LENGTH_Test.test2(SHORTEST_PATH_LENGTH_Test.java:59)
    at sun.reflect.NativeMethodAccessorImpl.invoke0(Native Method)
    at sun.reflect.NativeMethodAccessorImpl.invoke(NativeMethodAccessorImpl.java:62)

14:44:15.167 [pool-2-thread-1] ERROR fr.inria.lille.repair.nopol.NoPol - Error ExecutionException java.util.concurrent.ExecutionException: java.lang.RuntimeException: java.util.concurrent.TimeoutException
14:44:15.167 [pool-2-thread-1] DEBUG fr.inria.lille.repair.nopol.NoPol - statement #24
14:44:15.167 [pool-2-thread-1] DEBUG fr.inria.lille.repair.nopol.NoPol - Analysing SourceLocation java_programs.SHORTEST_PATH_LENGTH:20 which is executed by 4 tests
-1734541556
14:44:45.980 [pool-2-thread-1] DEBUG fr.inria.lille.repair.nopol.NoPol - statement #25
14:44:45.981 [pool-2-thread-1] DEBUG fr.inria.lille.repair.nopol.NoPol - Analysing SourceLocation java_programs.SHORTEST_PATH_LENGTH:19 which is executed by 4 tests
java.util.concurrent.ExecutionException: java.lang.OutOfMemoryError: GC overhead limit exceeded
	at java.util.concurrent.FutureTask.report(FutureTask.java:122)
	at java.util.concurrent.FutureTask.get(FutureTask.java:206)
	at fr.inria.lille.repair.Main.main(Main.java:106)
Caused by: java.lang.OutOfMemoryError: GC overhead limit exceeded
	at java.util.Arrays.copyOfRange(Arrays.java:3664)
	at java.lang.String.<init>(String.java:207)
	at java.util.zip.ZipCoder.toString(ZipCoder.java:59)
	at java.util.zip.ZipFile.getZipEntry(ZipFile.java:583)
	at java.util.zip.ZipFile.access$900(ZipFile.java:60)
	at java.util.zip.ZipFile$ZipEntryIterator.next(ZipFile.java:539)
	at java.util.zip.ZipFile$ZipEntryIterator.nextElement(ZipFile.java:514)
	at java.util.zip.ZipFile$ZipEntryIterator.nextElement(ZipFile.java:495)
	at org.eclipse.jdt.internal.compiler.batch.ClasspathJar.getModulesDeclaringPackage(ClasspathJar.java:234)
	at org.eclipse.jdt.internal.compiler.batch.FileSystem.getModulesDeclaringPackage(FileSystem.java:562)
	at org.eclipse.jdt.internal.compiler.env.IModuleAwareNameEnvironment.isPackage(IModuleAwareNameEnvironment.java:97)
	at org.eclipse.jdt.internal.compiler.lookup.ModuleBinding.getVisiblePackage(ModuleBinding.java:543)
	at org.eclipse.jdt.internal.compiler.lookup.ModuleBinding.getPackage(ModuleBinding.java:606)
	at org.eclipse.jdt.internal.compiler.lookup.PackageBinding.findPackage(PackageBinding.java:138)
	at org.eclipse.jdt.internal.compiler.lookup.PackageBinding.getPackage(PackageBinding.java:153)
	at org.eclipse.jdt.internal.compiler.lookup.CompilationUnitScope.checkAndSetImports(CompilationUnitScope.java:203)
	at org.eclipse.jdt.internal.compiler.lookup.LookupEnvironment.completeTypeBindings(LookupEnvironment.java:495)
	at org.eclipse.jdt.internal.compiler.Compiler.internalBeginToCompile(Compiler.java:861)
	at org.eclipse.jdt.internal.compiler.Compiler.beginToCompile(Compiler.java:387)
	at spoon.support.compiler.jdt.TreeBuilderCompiler.buildUnits(TreeBuilderCompiler.java:73)
	at spoon.support.compiler.jdt.JDTBatchCompiler.getUnits(JDTBatchCompiler.java:266)
	at spoon.support.compiler.jdt.JDTBasedSpoonCompiler.buildUnits(JDTBasedSpoonCompiler.java:444)
	at spoon.support.compiler.jdt.JDTBasedSpoonCompiler.buildUnitsAndModel(JDTBasedSpoonCompiler.java:388)
	at spoon.support.compiler.jdt.JDTBasedSpoonCompiler.buildSources(JDTBasedSpoonCompiler.java:340)
	at spoon.support.compiler.jdt.JDTBasedSpoonCompiler.build(JDTBasedSpoonCompiler.java:129)
	at spoon.support.compiler.jdt.JDTBasedSpoonCompiler.build(JDTBasedSpoonCompiler.java:113)
	at fr.inria.lille.commons.spoon.util.SpoonModelLibrary.modelFor(SpoonModelLibrary.java:53)
	at fr.inria.lille.commons.spoon.SpoonedFile.<init>(SpoonedFile.java:61)
	at fr.inria.lille.commons.spoon.SpoonedClass.<init>(SpoonedClass.java:14)
	at fr.inria.lille.commons.spoon.SpoonedProject.forked(SpoonedProject.java:47)
	at fr.inria.lille.repair.nopol.NoPol.runOnStatement(NoPol.java:222)
	at fr.inria.lille.repair.nopol.NoPol.solveWithMultipleBuild(NoPol.java:213)

Usage: java -jar nopol.jar
                          [(-m|--mode) <repair|ranking>] (-e|--type) <condition|precondition|pre_then_cond|loop|arithmetic> [(-o|--oracle) <angelic|symbolic>] [(-y|--synthesis) <smt|dynamoth>] [(-l|--solver) <z3|cvc4>] [(-p|--solver-path) <solverPath>] (-s|--source) source1:source2:...:sourceN  (-c|--classpath) <classpath> [(-t|--test) test1:test2:...:testN ] [--complianceLevel <complianceLevel>] [--maxTime <maxTime>] [--maxTimeType <maxTimeType>] [(-z|--flocal) < cocospoon|dumb|gzoltar>] [--output <outputFolder>] [--json[:<outputJson>]]

  [(-m|--mode) <repair|ranking>]
        Define the mode of execution. (default: repair)

  (-e|--type) <condition|precondition|pre_then_cond|loop|arithmetic>
        The repair type (example fixing only conditions, or adding
        precondition). REQUIRED OPTION (default: condition)

  [(-o|--oracle) <angelic|symbolic>]
        Define the oracle (only used with repair mode). (default: angelic)

  [(-y|--synthesis) <smt|dynamoth>]
        Define the patch synthesis. (default: smt)

  [(-l|--solver) <z3|cvc4>]
        Define the solver (only used with smt synthesis). (default: z3)

  [(-p|--solver-path) <solverPath>]
        Define the solver binary path (only used with smt synthesis).

  (-s|--source) source1:source2:...:sourceN 
        Define the path to the source code of the project.

  (-c|--classpath) <classpath>
        Define the classpath of the project.

  [(-t|--test) test1:test2:...:testN ]
        Define the tests of the project (both failing and passing),
        fully-qualified, separated with ':' (even if the classpath contains
        other tests, only those are considered.

  [--complianceLevel <complianceLevel>]
        The compliance level of the project. (default: 7)

  [--maxTime <maxTime>]
        The maximum time execution in minute for the whole execution of
        Nopol.(default: 10)

  [--maxTimeType <maxTimeType>]
        The maximum time execution in minute for one type of patch. (default: 5)

  [(-z|--flocal) < cocospoon|dumb|gzoltar>]
        Define the fault localizer to be used. (default: gzoltar)

  [--output <outputFolder>]
        Define the location where the patches will be saved. (default: .)

  [--json[:<outputJson>]]
        Output a json file in the current working directory.

Command exited with non-zero status 255
6300.21user 9.28system 4:55.47elapsed 2135%CPU (0avgtext+0avgdata 4593356maxresident)k
45448inputs+7344outputs (3major+1222000minor)pagefaults 0swaps


Node: grisou-27.nancy.grid5000.fr



Date: Sun Dec  2 14:45:09 EST 2018

