cd /tmp/Nopol_Bug_dot_jar_Commons-Math_51aa6e6c;
export JAVA_TOOL_OPTIONS="-Dfile.encoding=UTF8 -Duser.language=en-US -Duser.country=US -Duser.language=en";
TZ="America/New_York"; export TZ;
export PATH="/usr/lib/jvm/java-1.8.0-openjdk-amd64/bin/:$PATH";
export JAVA_HOME="/usr/lib/jvm/java-1.8.0-openjdk-amd64/bin/";
time java -Xmx4g -Xms1g -cp /home/tdurieux/defects4j4repair/script/../repair_tools/nopol.jar:/usr/lib/jvm/java-1.8.0-openjdk-amd64/bin//../lib/tools.jar fr.inria.lille.repair.Main \
	--mode repair \
	--type pre_then_cond \
	--oracle angelic \
	--synthesis smt \
	--flocal gzoltar \
	--json \
	--solver z3 \
	--solver-path /home/tdurieux/defects4j4repair/script/../libs/z3/build/z3 \
	--complianceLevel 7 \
	--source src/main/java \
	--classpath "target/classes:target/test-classes:/home/tdurieux/.m2/repository/junit/junit/4.4/junit-4.4.jar:/home/tdurieux/defects4j4repair/script/../repair_tools/nopol.jar";
	echo "\n\nNode: `hostname`\n";
	echo "\n\nDate: `date`\n";
Picked up JAVA_TOOL_OPTIONS: -Dfile.encoding=UTF8 -Duser.language=en-US -Duser.country=US -Duser.language=en
08:45:12.979 [main] INFO  fr.inria.lille.repair.nopol.NoPol - Source files: [src/main/java]
08:45:12.995 [main] INFO  fr.inria.lille.repair.nopol.NoPol - Classpath: [file:/tmp/Nopol_Bug_dot_jar_Commons-Math_51aa6e6c/target/classes/, file:/tmp/Nopol_Bug_dot_jar_Commons-Math_51aa6e6c/target/test-classes/, file:/home/tdurieux/.m2/repository/junit/junit/4.4/junit-4.4.jar, file:/home/tdurieux/defects4j4repair/script/../repair_tools/nopol.jar]
08:45:12.995 [main] INFO  fr.inria.lille.repair.nopol.NoPol - Statement type: PRE_THEN_COND
08:45:12.995 [main] INFO  fr.inria.lille.repair.nopol.NoPol - Args: [org.apache.commons.math.ArgumentOutsideDomainExceptionTest, org.apache.commons.math.ConvergenceExceptionTest, org.apache.commons.math.DuplicateSampleAbscissaExceptionTest, org.apache.commons.math.FunctionEvaluationExceptionTest, org.apache.commons.math.MathConfigurationExceptionTest, org.apache.commons.math.MathExceptionTest, org.apache.commons.math.MaxIterationsExceededExceptionTest, org.apache.commons.math.analysis.BinaryFunctionTest, org.apache.commons.math.analysis.ComposableFunctionTest, org.apache.commons.math.analysis.integration.LegendreGaussIntegratorTest, org.apache.commons.math.analysis.integration.RombergIntegratorTest, org.apache.commons.math.analysis.integration.SimpsonIntegratorTest, org.apache.commons.math.analysis.integration.TrapezoidIntegratorTest, org.apache.commons.math.analysis.interpolation.BicubicSplineInterpolatingFunctionTest, org.apache.commons.math.analysis.interpolation.BicubicSplineInterpolatorTest, org.apache.commons.math.analysis.interpolation.DividedDifferenceInterpolatorTest, org.apache.commons.math.analysis.interpolation.LinearInterpolatorTest, org.apache.commons.math.analysis.interpolation.LoessInterpolatorTest, org.apache.commons.math.analysis.interpolation.MicrosphereInterpolatorTest, org.apache.commons.math.analysis.interpolation.NevilleInterpolatorTest, org.apache.commons.math.analysis.interpolation.SmoothingBicubicSplineInterpolatorTest, org.apache.commons.math.analysis.interpolation.SmoothingPolynomialBicubicSplineInterpolatorTest, org.apache.commons.math.analysis.interpolation.SplineInterpolatorTest, org.apache.commons.math.analysis.interpolation.TricubicSplineInterpolatingFunctionTest, org.apache.commons.math.analysis.interpolation.TricubicSplineInterpolatorTest, org.apache.commons.math.analysis.polynomials.PolynomialFunctionLagrangeFormTest, org.apache.commons.math.analysis.polynomials.PolynomialFunctionNewtonFormTest, org.apache.commons.math.analysis.polynomials.PolynomialFunctionTest, org.apache.commons.math.analysis.polynomials.PolynomialSplineFunctionTest, org.apache.commons.math.analysis.polynomials.PolynomialsUtilsTest, org.apache.commons.math.analysis.solvers.BisectionSolverTest, org.apache.commons.math.analysis.solvers.BrentSolverTest, org.apache.commons.math.analysis.solvers.LaguerreSolverTest, org.apache.commons.math.analysis.solvers.MullerSolverTest, org.apache.commons.math.analysis.solvers.NewtonSolverTest, org.apache.commons.math.analysis.solvers.RiddersSolverTest, org.apache.commons.math.analysis.solvers.UnivariateRealSolverFactoryImplTest, org.apache.commons.math.analysis.solvers.UnivariateRealSolverUtilsTest, org.apache.commons.math.complex.ComplexFieldTest, org.apache.commons.math.complex.ComplexFormatTest, org.apache.commons.math.complex.ComplexTest, org.apache.commons.math.complex.ComplexUtilsTest, org.apache.commons.math.complex.FrenchComplexFormatTest, org.apache.commons.math.dfp.DfpDecTest, org.apache.commons.math.dfp.DfpMathTest, org.apache.commons.math.dfp.DfpTest, org.apache.commons.math.distribution.BetaDistributionTest, org.apache.commons.math.distribution.BinomialDistributionTest, org.apache.commons.math.distribution.CauchyDistributionTest, org.apache.commons.math.distribution.ChiSquareDistributionTest, org.apache.commons.math.distribution.ExponentialDistributionTest, org.apache.commons.math.distribution.FDistributionTest, org.apache.commons.math.distribution.GammaDistributionTest, org.apache.commons.math.distribution.HypergeometricDistributionTest, org.apache.commons.math.distribution.NormalDistributionTest, org.apache.commons.math.distribution.PascalDistributionTest, org.apache.commons.math.distribution.PoissonDistributionTest, org.apache.commons.math.distribution.TDistributionTest, org.apache.commons.math.distribution.WeibullDistributionTest, org.apache.commons.math.distribution.ZipfDistributionTest, org.apache.commons.math.estimation.EstimatedParameterTest, org.apache.commons.math.estimation.GaussNewtonEstimatorTest, org.apache.commons.math.estimation.LevenbergMarquardtEstimatorTest, org.apache.commons.math.estimation.MinpackTest, org.apache.commons.math.estimation.WeightedMeasurementTest, org.apache.commons.math.exception.DimensionMismatchExceptionTest, org.apache.commons.math.exception.NonMonotonousSequenceExceptionTest, org.apache.commons.math.exception.NotPositiveExceptionTest, org.apache.commons.math.exception.NotStrictlyPositiveExceptionTest, org.apache.commons.math.exception.NumberIsTooLargeExceptionTest, org.apache.commons.math.exception.NumberIsTooSmallExceptionTest, org.apache.commons.math.exception.OutOfRangeExceptionTest, org.apache.commons.math.exception.util.ArgUtilsTest, org.apache.commons.math.fraction.BigFractionFieldTest, org.apache.commons.math.fraction.BigFractionFormatTest, org.apache.commons.math.fraction.BigFractionTest, org.apache.commons.math.fraction.FractionFieldTest, org.apache.commons.math.fraction.FractionFormatTest, org.apache.commons.math.fraction.FractionTest, org.apache.commons.math.genetics.BinaryChromosomeTest, org.apache.commons.math.genetics.BinaryMutationTest, org.apache.commons.math.genetics.ChromosomeTest, org.apache.commons.math.genetics.ElitisticListPopulationTest, org.apache.commons.math.genetics.FitnessCachingTest, org.apache.commons.math.genetics.FixedGenerationCountTest, org.apache.commons.math.genetics.GeneticAlgorithmTestBinary, org.apache.commons.math.genetics.GeneticAlgorithmTestPermutations, org.apache.commons.math.genetics.ListPopulationTest, org.apache.commons.math.genetics.OnePointCrossoverTest, org.apache.commons.math.genetics.RandomKeyMutationTest, org.apache.commons.math.genetics.RandomKeyTest, org.apache.commons.math.genetics.TournamentSelectionTest, org.apache.commons.math.geometry.FrenchVector3DFormatTest, org.apache.commons.math.geometry.RotationOrderTest, org.apache.commons.math.geometry.RotationTest, org.apache.commons.math.geometry.Vector3DFormatTest, org.apache.commons.math.geometry.Vector3DTest, org.apache.commons.math.linear.AbstractRealVectorTest, org.apache.commons.math.linear.Array2DRowRealMatrixTest, org.apache.commons.math.linear.ArrayFieldVectorTest, org.apache.commons.math.linear.ArrayRealVectorTest, org.apache.commons.math.linear.BiDiagonalTransformerTest, org.apache.commons.math.linear.BigMatrixImplTest, org.apache.commons.math.linear.BlockFieldMatrixTest, org.apache.commons.math.linear.BlockRealMatrixTest, org.apache.commons.math.linear.CholeskyDecompositionImplTest, org.apache.commons.math.linear.CholeskySolverTest, org.apache.commons.math.linear.EigenDecompositionImplTest, org.apache.commons.math.linear.EigenSolverTest, org.apache.commons.math.linear.FieldLUDecompositionImplTest, org.apache.commons.math.linear.FieldMatrixImplTest, org.apache.commons.math.linear.FrenchRealVectorFormatTest, org.apache.commons.math.linear.InvalidMatrixExceptionTest, org.apache.commons.math.linear.LUDecompositionImplTest, org.apache.commons.math.linear.LUSolverTest, org.apache.commons.math.linear.MatrixIndexExceptionTest, org.apache.commons.math.linear.MatrixUtilsTest, org.apache.commons.math.linear.QRDecompositionImplTest, org.apache.commons.math.linear.QRSolverTest, org.apache.commons.math.linear.RealMatrixImplTest, org.apache.commons.math.linear.RealVectorFormatTest, org.apache.commons.math.linear.SingularValueDecompositionImplTest, org.apache.commons.math.linear.SingularValueSolverTest, org.apache.commons.math.linear.SparseFieldMatrixTest, org.apache.commons.math.linear.SparseFieldVectorTest, org.apache.commons.math.linear.SparseRealMatrixTest, org.apache.commons.math.linear.SparseRealVectorTest, org.apache.commons.math.linear.TriDiagonalTransformerTest, org.apache.commons.math.ode.ContinuousOutputModelTest, org.apache.commons.math.ode.FirstOrderConverterTest, org.apache.commons.math.ode.events.EventStateTest, org.apache.commons.math.ode.jacobians.FirstOrderIntegratorWithJacobiansTest, org.apache.commons.math.ode.nonstiff.AdamsBashforthIntegratorTest, org.apache.commons.math.ode.nonstiff.AdamsMoultonIntegratorTest, org.apache.commons.math.ode.nonstiff.ClassicalRungeKuttaIntegratorTest, org.apache.commons.math.ode.nonstiff.ClassicalRungeKuttaStepInterpolatorTest, org.apache.commons.math.ode.nonstiff.DormandPrince54IntegratorTest, org.apache.commons.math.ode.nonstiff.DormandPrince54StepInterpolatorTest, org.apache.commons.math.ode.nonstiff.DormandPrince853IntegratorTest, org.apache.commons.math.ode.nonstiff.DormandPrince853StepInterpolatorTest, org.apache.commons.math.ode.nonstiff.EulerIntegratorTest, org.apache.commons.math.ode.nonstiff.EulerStepInterpolatorTest, org.apache.commons.math.ode.nonstiff.GillIntegratorTest, org.apache.commons.math.ode.nonstiff.GillStepInterpolatorTest, org.apache.commons.math.ode.nonstiff.GraggBulirschStoerIntegratorTest, org.apache.commons.math.ode.nonstiff.GraggBulirschStoerStepInterpolatorTest, org.apache.commons.math.ode.nonstiff.HighamHall54IntegratorTest, org.apache.commons.math.ode.nonstiff.HighamHall54StepInterpolatorTest, org.apache.commons.math.ode.nonstiff.MidpointIntegratorTest, org.apache.commons.math.ode.nonstiff.MidpointStepInterpolatorTest, org.apache.commons.math.ode.nonstiff.ThreeEighthesIntegratorTest, org.apache.commons.math.ode.nonstiff.ThreeEighthesStepInterpolatorTest, org.apache.commons.math.ode.sampling.DummyStepInterpolatorTest, org.apache.commons.math.ode.sampling.NordsieckStepInterpolatorTest, org.apache.commons.math.ode.sampling.StepNormalizerTest, org.apache.commons.math.optimization.MultiStartDifferentiableMultivariateRealOptimizerTest, org.apache.commons.math.optimization.MultiStartDifferentiableMultivariateVectorialOptimizerTest, org.apache.commons.math.optimization.MultiStartMultivariateRealOptimizerTest, org.apache.commons.math.optimization.direct.MultiDirectionalTest, org.apache.commons.math.optimization.direct.NelderMeadTest, org.apache.commons.math.optimization.direct.PowellOptimizerTest, org.apache.commons.math.optimization.fitting.CurveFitterTest, org.apache.commons.math.optimization.fitting.GaussianFitterTest, org.apache.commons.math.optimization.fitting.HarmonicFitterTest, org.apache.commons.math.optimization.fitting.ParametricGaussianFunctionTest, org.apache.commons.math.optimization.fitting.PolynomialFitterTest, org.apache.commons.math.optimization.general.GaussNewtonOptimizerTest, org.apache.commons.math.optimization.general.LevenbergMarquardtOptimizerTest, org.apache.commons.math.optimization.general.MinpackTest, org.apache.commons.math.optimization.general.NonLinearConjugateGradientOptimizerTest, org.apache.commons.math.optimization.linear.SimplexSolverTest, org.apache.commons.math.optimization.linear.SimplexTableauTest, org.apache.commons.math.optimization.univariate.BracketFinderTest, org.apache.commons.math.optimization.univariate.BrentOptimizerTest, org.apache.commons.math.optimization.univariate.MultiStartUnivariateRealOptimizerTest, org.apache.commons.math.random.AbstractRandomGeneratorTest, org.apache.commons.math.random.CorrelatedRandomVectorGeneratorTest, org.apache.commons.math.random.EmpiricalDistributionTest, org.apache.commons.math.random.GaussianRandomGeneratorTest, org.apache.commons.math.random.MersenneTwisterTest, org.apache.commons.math.random.RandomAdaptorTest, org.apache.commons.math.random.RandomDataTest, org.apache.commons.math.random.UncorrelatedRandomVectorGeneratorTest, org.apache.commons.math.random.UniformRandomGeneratorTest, org.apache.commons.math.random.ValueServerTest, org.apache.commons.math.random.Well1024aTest, org.apache.commons.math.random.Well19937aTest, org.apache.commons.math.random.Well19937cTest, org.apache.commons.math.random.Well44497aTest, org.apache.commons.math.random.Well44497bTest, org.apache.commons.math.random.Well512aTest, org.apache.commons.math.special.BetaTest, org.apache.commons.math.special.ErfTest, org.apache.commons.math.special.GammaTest, org.apache.commons.math.stat.CertifiedDataTest, org.apache.commons.math.stat.FrequencyTest, org.apache.commons.math.stat.StatUtilsTest, org.apache.commons.math.stat.clustering.EuclideanIntegerPointTest, org.apache.commons.math.stat.clustering.KMeansPlusPlusClustererTest, org.apache.commons.math.stat.correlation.CovarianceTest, org.apache.commons.math.stat.correlation.PearsonsCorrelationTest, org.apache.commons.math.stat.correlation.SpearmansRankCorrelationTest, org.apache.commons.math.stat.data.LewTest, org.apache.commons.math.stat.data.LotteryTest, org.apache.commons.math.stat.descriptive.AbstractUnivariateStatisticTest, org.apache.commons.math.stat.descriptive.AggregateSummaryStatisticsTest, org.apache.commons.math.stat.descriptive.DescriptiveStatisticsTest, org.apache.commons.math.stat.descriptive.InteractionTest, org.apache.commons.math.stat.descriptive.ListUnivariateImplTest, org.apache.commons.math.stat.descriptive.MixedListUnivariateImplTest, org.apache.commons.math.stat.descriptive.MultivariateSummaryStatisticsTest, org.apache.commons.math.stat.descriptive.StatisticalSummaryValuesTest, org.apache.commons.math.stat.descriptive.SummaryStatisticsTest, org.apache.commons.math.stat.descriptive.SynchronizedDescriptiveStatisticsTest, org.apache.commons.math.stat.descriptive.SynchronizedMultivariateSummaryStatisticsTest, org.apache.commons.math.stat.descriptive.SynchronizedSummaryStatisticsTest, org.apache.commons.math.stat.descriptive.moment.FirstMomentTest, org.apache.commons.math.stat.descriptive.moment.FourthMomentTest, org.apache.commons.math.stat.descriptive.moment.GeometricMeanTest, org.apache.commons.math.stat.descriptive.moment.KurtosisTest, org.apache.commons.math.stat.descriptive.moment.MeanTest, org.apache.commons.math.stat.descriptive.moment.SecondMomentTest, org.apache.commons.math.stat.descriptive.moment.SemiVarianceTest, org.apache.commons.math.stat.descriptive.moment.SkewnessTest, org.apache.commons.math.stat.descriptive.moment.StandardDeviationTest, org.apache.commons.math.stat.descriptive.moment.ThirdMomentTest, org.apache.commons.math.stat.descriptive.moment.VarianceTest, org.apache.commons.math.stat.descriptive.moment.VectorialCovarianceTest, org.apache.commons.math.stat.descriptive.moment.VectorialMeanTest, org.apache.commons.math.stat.descriptive.rank.MaxTest, org.apache.commons.math.stat.descriptive.rank.MedianTest, org.apache.commons.math.stat.descriptive.rank.MinTest, org.apache.commons.math.stat.descriptive.rank.PercentileTest, org.apache.commons.math.stat.descriptive.summary.ProductTest, org.apache.commons.math.stat.descriptive.summary.SumLogTest, org.apache.commons.math.stat.descriptive.summary.SumSqTest, org.apache.commons.math.stat.descriptive.summary.SumTest, org.apache.commons.math.stat.inference.ChiSquareFactoryTest, org.apache.commons.math.stat.inference.ChiSquareTestTest, org.apache.commons.math.stat.inference.OneWayAnovaTest, org.apache.commons.math.stat.inference.TTestFactoryTest, org.apache.commons.math.stat.inference.TTestTest, org.apache.commons.math.stat.inference.TestUtilsTest, org.apache.commons.math.stat.ranking.NaturalRankingTest, org.apache.commons.math.stat.regression.GLSMultipleLinearRegressionTest, org.apache.commons.math.stat.regression.OLSMultipleLinearRegressionTest, org.apache.commons.math.stat.regression.SimpleRegressionTest, org.apache.commons.math.transform.FastCosineTransformerTest, org.apache.commons.math.transform.FastFourierTransformerTest, org.apache.commons.math.transform.FastHadamardTransformerTest, org.apache.commons.math.transform.FastSineTransformerTest, org.apache.commons.math.util.BigRealFieldTest, org.apache.commons.math.util.BigRealTest, org.apache.commons.math.util.ContinuedFractionTest, org.apache.commons.math.util.DefaultTransformerTest, org.apache.commons.math.util.FastMathTest, org.apache.commons.math.util.IncrementorTest, org.apache.commons.math.util.MathUtilsTest, org.apache.commons.math.util.MultidimensionalCounterTest, org.apache.commons.math.util.OpenIntToDoubleHashMapTest, org.apache.commons.math.util.OpenIntToFieldTest, org.apache.commons.math.util.ResizableDoubleArrayTest, org.apache.commons.math.util.TransformerMapTest]
08:45:12.998 [main] INFO  fr.inria.lille.repair.nopol.NoPol - Config: Config{synthesisDepth=3, collectStaticMethods=true, collectStaticFields=false, collectLiterals=false, onlyOneSynthesisResult=true, sortExpressions=true, maxLineInvocationPerTest=250, timeoutMethodInvocation=2000, dataCollectionTimeoutInSecondForSynthesis=900, addWeight=0.19478, subWeight=0.04554, mulWeight=0.0102, divWeight=0.00613, andWeight=0.10597, orWeight=0.05708, eqWeight=0.22798, nEqWeight=0.0, lessEqWeight=0.0255, lessWeight=0.0947, methodCallWeight=0.1, fieldAccessWeight=0.08099, constantWeight=0.14232, variableWeight=0.05195, mode=REPAIR, type=PRE_THEN_COND, synthesis=SMT, oracle=ANGELIC, solver=Z3, solverPath='/home/tdurieux/defects4j4repair/script/../libs/z3/build/z3', projectSources=[src/main/java], projectClasspath='[Ljava.net.URL;@66d33a', projectTests=[org.apache.commons.math.ArgumentOutsideDomainExceptionTest, org.apache.commons.math.ConvergenceExceptionTest, org.apache.commons.math.DuplicateSampleAbscissaExceptionTest, org.apache.commons.math.FunctionEvaluationExceptionTest, org.apache.commons.math.MathConfigurationExceptionTest, org.apache.commons.math.MathExceptionTest, org.apache.commons.math.MaxIterationsExceededExceptionTest, org.apache.commons.math.analysis.BinaryFunctionTest, org.apache.commons.math.analysis.ComposableFunctionTest, org.apache.commons.math.analysis.integration.LegendreGaussIntegratorTest, org.apache.commons.math.analysis.integration.RombergIntegratorTest, org.apache.commons.math.analysis.integration.SimpsonIntegratorTest, org.apache.commons.math.analysis.integration.TrapezoidIntegratorTest, org.apache.commons.math.analysis.interpolation.BicubicSplineInterpolatingFunctionTest, org.apache.commons.math.analysis.interpolation.BicubicSplineInterpolatorTest, org.apache.commons.math.analysis.interpolation.DividedDifferenceInterpolatorTest, org.apache.commons.math.analysis.interpolation.LinearInterpolatorTest, org.apache.commons.math.analysis.interpolation.LoessInterpolatorTest, org.apache.commons.math.analysis.interpolation.MicrosphereInterpolatorTest, org.apache.commons.math.analysis.interpolation.NevilleInterpolatorTest, org.apache.commons.math.analysis.interpolation.SmoothingBicubicSplineInterpolatorTest, org.apache.commons.math.analysis.interpolation.SmoothingPolynomialBicubicSplineInterpolatorTest, org.apache.commons.math.analysis.interpolation.SplineInterpolatorTest, org.apache.commons.math.analysis.interpolation.TricubicSplineInterpolatingFunctionTest, org.apache.commons.math.analysis.interpolation.TricubicSplineInterpolatorTest, org.apache.commons.math.analysis.polynomials.PolynomialFunctionLagrangeFormTest, org.apache.commons.math.analysis.polynomials.PolynomialFunctionNewtonFormTest, org.apache.commons.math.analysis.polynomials.PolynomialFunctionTest, org.apache.commons.math.analysis.polynomials.PolynomialSplineFunctionTest, org.apache.commons.math.analysis.polynomials.PolynomialsUtilsTest, org.apache.commons.math.analysis.solvers.BisectionSolverTest, org.apache.commons.math.analysis.solvers.BrentSolverTest, org.apache.commons.math.analysis.solvers.LaguerreSolverTest, org.apache.commons.math.analysis.solvers.MullerSolverTest, org.apache.commons.math.analysis.solvers.NewtonSolverTest, org.apache.commons.math.analysis.solvers.RiddersSolverTest, org.apache.commons.math.analysis.solvers.UnivariateRealSolverFactoryImplTest, org.apache.commons.math.analysis.solvers.UnivariateRealSolverUtilsTest, org.apache.commons.math.complex.ComplexFieldTest, org.apache.commons.math.complex.ComplexFormatTest, org.apache.commons.math.complex.ComplexTest, org.apache.commons.math.complex.ComplexUtilsTest, org.apache.commons.math.complex.FrenchComplexFormatTest, org.apache.commons.math.dfp.DfpDecTest, org.apache.commons.math.dfp.DfpMathTest, org.apache.commons.math.dfp.DfpTest, org.apache.commons.math.distribution.BetaDistributionTest, org.apache.commons.math.distribution.BinomialDistributionTest, org.apache.commons.math.distribution.CauchyDistributionTest, org.apache.commons.math.distribution.ChiSquareDistributionTest, org.apache.commons.math.distribution.ExponentialDistributionTest, org.apache.commons.math.distribution.FDistributionTest, org.apache.commons.math.distribution.GammaDistributionTest, org.apache.commons.math.distribution.HypergeometricDistributionTest, org.apache.commons.math.distribution.NormalDistributionTest, org.apache.commons.math.distribution.PascalDistributionTest, org.apache.commons.math.distribution.PoissonDistributionTest, org.apache.commons.math.distribution.TDistributionTest, org.apache.commons.math.distribution.WeibullDistributionTest, org.apache.commons.math.distribution.ZipfDistributionTest, org.apache.commons.math.estimation.EstimatedParameterTest, org.apache.commons.math.estimation.GaussNewtonEstimatorTest, org.apache.commons.math.estimation.LevenbergMarquardtEstimatorTest, org.apache.commons.math.estimation.MinpackTest, org.apache.commons.math.estimation.WeightedMeasurementTest, org.apache.commons.math.exception.DimensionMismatchExceptionTest, org.apache.commons.math.exception.NonMonotonousSequenceExceptionTest, org.apache.commons.math.exception.NotPositiveExceptionTest, org.apache.commons.math.exception.NotStrictlyPositiveExceptionTest, org.apache.commons.math.exception.NumberIsTooLargeExceptionTest, org.apache.commons.math.exception.NumberIsTooSmallExceptionTest, org.apache.commons.math.exception.OutOfRangeExceptionTest, org.apache.commons.math.exception.util.ArgUtilsTest, org.apache.commons.math.fraction.BigFractionFieldTest, org.apache.commons.math.fraction.BigFractionFormatTest, org.apache.commons.math.fraction.BigFractionTest, org.apache.commons.math.fraction.FractionFieldTest, org.apache.commons.math.fraction.FractionFormatTest, org.apache.commons.math.fraction.FractionTest, org.apache.commons.math.genetics.BinaryChromosomeTest, org.apache.commons.math.genetics.BinaryMutationTest, org.apache.commons.math.genetics.ChromosomeTest, org.apache.commons.math.genetics.ElitisticListPopulationTest, org.apache.commons.math.genetics.FitnessCachingTest, org.apache.commons.math.genetics.FixedGenerationCountTest, org.apache.commons.math.genetics.GeneticAlgorithmTestBinary, org.apache.commons.math.genetics.GeneticAlgorithmTestPermutations, org.apache.commons.math.genetics.ListPopulationTest, org.apache.commons.math.genetics.OnePointCrossoverTest, org.apache.commons.math.genetics.RandomKeyMutationTest, org.apache.commons.math.genetics.RandomKeyTest, org.apache.commons.math.genetics.TournamentSelectionTest, org.apache.commons.math.geometry.FrenchVector3DFormatTest, org.apache.commons.math.geometry.RotationOrderTest, org.apache.commons.math.geometry.RotationTest, org.apache.commons.math.geometry.Vector3DFormatTest, org.apache.commons.math.geometry.Vector3DTest, org.apache.commons.math.linear.AbstractRealVectorTest, org.apache.commons.math.linear.Array2DRowRealMatrixTest, org.apache.commons.math.linear.ArrayFieldVectorTest, org.apache.commons.math.linear.ArrayRealVectorTest, org.apache.commons.math.linear.BiDiagonalTransformerTest, org.apache.commons.math.linear.BigMatrixImplTest, org.apache.commons.math.linear.BlockFieldMatrixTest, org.apache.commons.math.linear.BlockRealMatrixTest, org.apache.commons.math.linear.CholeskyDecompositionImplTest, org.apache.commons.math.linear.CholeskySolverTest, org.apache.commons.math.linear.EigenDecompositionImplTest, org.apache.commons.math.linear.EigenSolverTest, org.apache.commons.math.linear.FieldLUDecompositionImplTest, org.apache.commons.math.linear.FieldMatrixImplTest, org.apache.commons.math.linear.FrenchRealVectorFormatTest, org.apache.commons.math.linear.InvalidMatrixExceptionTest, org.apache.commons.math.linear.LUDecompositionImplTest, org.apache.commons.math.linear.LUSolverTest, org.apache.commons.math.linear.MatrixIndexExceptionTest, org.apache.commons.math.linear.MatrixUtilsTest, org.apache.commons.math.linear.QRDecompositionImplTest, org.apache.commons.math.linear.QRSolverTest, org.apache.commons.math.linear.RealMatrixImplTest, org.apache.commons.math.linear.RealVectorFormatTest, org.apache.commons.math.linear.SingularValueDecompositionImplTest, org.apache.commons.math.linear.SingularValueSolverTest, org.apache.commons.math.linear.SparseFieldMatrixTest, org.apache.commons.math.linear.SparseFieldVectorTest, org.apache.commons.math.linear.SparseRealMatrixTest, org.apache.commons.math.linear.SparseRealVectorTest, org.apache.commons.math.linear.TriDiagonalTransformerTest, org.apache.commons.math.ode.ContinuousOutputModelTest, org.apache.commons.math.ode.FirstOrderConverterTest, org.apache.commons.math.ode.events.EventStateTest, org.apache.commons.math.ode.jacobians.FirstOrderIntegratorWithJacobiansTest, org.apache.commons.math.ode.nonstiff.AdamsBashforthIntegratorTest, org.apache.commons.math.ode.nonstiff.AdamsMoultonIntegratorTest, org.apache.commons.math.ode.nonstiff.ClassicalRungeKuttaIntegratorTest, org.apache.commons.math.ode.nonstiff.ClassicalRungeKuttaStepInterpolatorTest, org.apache.commons.math.ode.nonstiff.DormandPrince54IntegratorTest, org.apache.commons.math.ode.nonstiff.DormandPrince54StepInterpolatorTest, org.apache.commons.math.ode.nonstiff.DormandPrince853IntegratorTest, org.apache.commons.math.ode.nonstiff.DormandPrince853StepInterpolatorTest, org.apache.commons.math.ode.nonstiff.EulerIntegratorTest, org.apache.commons.math.ode.nonstiff.EulerStepInterpolatorTest, org.apache.commons.math.ode.nonstiff.GillIntegratorTest, org.apache.commons.math.ode.nonstiff.GillStepInterpolatorTest, org.apache.commons.math.ode.nonstiff.GraggBulirschStoerIntegratorTest, org.apache.commons.math.ode.nonstiff.GraggBulirschStoerStepInterpolatorTest, org.apache.commons.math.ode.nonstiff.HighamHall54IntegratorTest, org.apache.commons.math.ode.nonstiff.HighamHall54StepInterpolatorTest, org.apache.commons.math.ode.nonstiff.MidpointIntegratorTest, org.apache.commons.math.ode.nonstiff.MidpointStepInterpolatorTest, org.apache.commons.math.ode.nonstiff.ThreeEighthesIntegratorTest, org.apache.commons.math.ode.nonstiff.ThreeEighthesStepInterpolatorTest, org.apache.commons.math.ode.sampling.DummyStepInterpolatorTest, org.apache.commons.math.ode.sampling.NordsieckStepInterpolatorTest, org.apache.commons.math.ode.sampling.StepNormalizerTest, org.apache.commons.math.optimization.MultiStartDifferentiableMultivariateRealOptimizerTest, org.apache.commons.math.optimization.MultiStartDifferentiableMultivariateVectorialOptimizerTest, org.apache.commons.math.optimization.MultiStartMultivariateRealOptimizerTest, org.apache.commons.math.optimization.direct.MultiDirectionalTest, org.apache.commons.math.optimization.direct.NelderMeadTest, org.apache.commons.math.optimization.direct.PowellOptimizerTest, org.apache.commons.math.optimization.fitting.CurveFitterTest, org.apache.commons.math.optimization.fitting.GaussianFitterTest, org.apache.commons.math.optimization.fitting.HarmonicFitterTest, org.apache.commons.math.optimization.fitting.ParametricGaussianFunctionTest, org.apache.commons.math.optimization.fitting.PolynomialFitterTest, org.apache.commons.math.optimization.general.GaussNewtonOptimizerTest, org.apache.commons.math.optimization.general.LevenbergMarquardtOptimizerTest, org.apache.commons.math.optimization.general.MinpackTest, org.apache.commons.math.optimization.general.NonLinearConjugateGradientOptimizerTest, org.apache.commons.math.optimization.linear.SimplexSolverTest, org.apache.commons.math.optimization.linear.SimplexTableauTest, org.apache.commons.math.optimization.univariate.BracketFinderTest, org.apache.commons.math.optimization.univariate.BrentOptimizerTest, org.apache.commons.math.optimization.univariate.MultiStartUnivariateRealOptimizerTest, org.apache.commons.math.random.AbstractRandomGeneratorTest, org.apache.commons.math.random.CorrelatedRandomVectorGeneratorTest, org.apache.commons.math.random.EmpiricalDistributionTest, org.apache.commons.math.random.GaussianRandomGeneratorTest, org.apache.commons.math.random.MersenneTwisterTest, org.apache.commons.math.random.RandomAdaptorTest, org.apache.commons.math.random.RandomDataTest, org.apache.commons.math.random.UncorrelatedRandomVectorGeneratorTest, org.apache.commons.math.random.UniformRandomGeneratorTest, org.apache.commons.math.random.ValueServerTest, org.apache.commons.math.random.Well1024aTest, org.apache.commons.math.random.Well19937aTest, org.apache.commons.math.random.Well19937cTest, org.apache.commons.math.random.Well44497aTest, org.apache.commons.math.random.Well44497bTest, org.apache.commons.math.random.Well512aTest, org.apache.commons.math.special.BetaTest, org.apache.commons.math.special.ErfTest, org.apache.commons.math.special.GammaTest, org.apache.commons.math.stat.CertifiedDataTest, org.apache.commons.math.stat.FrequencyTest, org.apache.commons.math.stat.StatUtilsTest, org.apache.commons.math.stat.clustering.EuclideanIntegerPointTest, org.apache.commons.math.stat.clustering.KMeansPlusPlusClustererTest, org.apache.commons.math.stat.correlation.CovarianceTest, org.apache.commons.math.stat.correlation.PearsonsCorrelationTest, org.apache.commons.math.stat.correlation.SpearmansRankCorrelationTest, org.apache.commons.math.stat.data.LewTest, org.apache.commons.math.stat.data.LotteryTest, org.apache.commons.math.stat.descriptive.AbstractUnivariateStatisticTest, org.apache.commons.math.stat.descriptive.AggregateSummaryStatisticsTest, org.apache.commons.math.stat.descriptive.DescriptiveStatisticsTest, org.apache.commons.math.stat.descriptive.InteractionTest, org.apache.commons.math.stat.descriptive.ListUnivariateImplTest, org.apache.commons.math.stat.descriptive.MixedListUnivariateImplTest, org.apache.commons.math.stat.descriptive.MultivariateSummaryStatisticsTest, org.apache.commons.math.stat.descriptive.StatisticalSummaryValuesTest, org.apache.commons.math.stat.descriptive.SummaryStatisticsTest, org.apache.commons.math.stat.descriptive.SynchronizedDescriptiveStatisticsTest, org.apache.commons.math.stat.descriptive.SynchronizedMultivariateSummaryStatisticsTest, org.apache.commons.math.stat.descriptive.SynchronizedSummaryStatisticsTest, org.apache.commons.math.stat.descriptive.moment.FirstMomentTest, org.apache.commons.math.stat.descriptive.moment.FourthMomentTest, org.apache.commons.math.stat.descriptive.moment.GeometricMeanTest, org.apache.commons.math.stat.descriptive.moment.KurtosisTest, org.apache.commons.math.stat.descriptive.moment.MeanTest, org.apache.commons.math.stat.descriptive.moment.SecondMomentTest, org.apache.commons.math.stat.descriptive.moment.SemiVarianceTest, org.apache.commons.math.stat.descriptive.moment.SkewnessTest, org.apache.commons.math.stat.descriptive.moment.StandardDeviationTest, org.apache.commons.math.stat.descriptive.moment.ThirdMomentTest, org.apache.commons.math.stat.descriptive.moment.VarianceTest, org.apache.commons.math.stat.descriptive.moment.VectorialCovarianceTest, org.apache.commons.math.stat.descriptive.moment.VectorialMeanTest, org.apache.commons.math.stat.descriptive.rank.MaxTest, org.apache.commons.math.stat.descriptive.rank.MedianTest, org.apache.commons.math.stat.descriptive.rank.MinTest, org.apache.commons.math.stat.descriptive.rank.PercentileTest, org.apache.commons.math.stat.descriptive.summary.ProductTest, org.apache.commons.math.stat.descriptive.summary.SumLogTest, org.apache.commons.math.stat.descriptive.summary.SumSqTest, org.apache.commons.math.stat.descriptive.summary.SumTest, org.apache.commons.math.stat.inference.ChiSquareFactoryTest, org.apache.commons.math.stat.inference.ChiSquareTestTest, org.apache.commons.math.stat.inference.OneWayAnovaTest, org.apache.commons.math.stat.inference.TTestFactoryTest, org.apache.commons.math.stat.inference.TTestTest, org.apache.commons.math.stat.inference.TestUtilsTest, org.apache.commons.math.stat.ranking.NaturalRankingTest, org.apache.commons.math.stat.regression.GLSMultipleLinearRegressionTest, org.apache.commons.math.stat.regression.OLSMultipleLinearRegressionTest, org.apache.commons.math.stat.regression.SimpleRegressionTest, org.apache.commons.math.transform.FastCosineTransformerTest, org.apache.commons.math.transform.FastFourierTransformerTest, org.apache.commons.math.transform.FastHadamardTransformerTest, org.apache.commons.math.transform.FastSineTransformerTest, org.apache.commons.math.util.BigRealFieldTest, org.apache.commons.math.util.BigRealTest, org.apache.commons.math.util.ContinuedFractionTest, org.apache.commons.math.util.DefaultTransformerTest, org.apache.commons.math.util.FastMathTest, org.apache.commons.math.util.IncrementorTest, org.apache.commons.math.util.MathUtilsTest, org.apache.commons.math.util.MultidimensionalCounterTest, org.apache.commons.math.util.OpenIntToDoubleHashMapTest, org.apache.commons.math.util.OpenIntToFieldTest, org.apache.commons.math.util.ResizableDoubleArrayTest, org.apache.commons.math.util.TransformerMapTest], complianceLevel=7, outputFolder=., json=true}
08:45:12.998 [main] INFO  fr.inria.lille.repair.nopol.NoPol - Available processors (cores): 4
08:45:13.004 [main] INFO  fr.inria.lille.repair.nopol.NoPol - Free memory: 925 MB
08:45:13.004 [main] INFO  fr.inria.lille.repair.nopol.NoPol - Maximum memory: 3 GB
08:45:13.004 [main] INFO  fr.inria.lille.repair.nopol.NoPol - Total memory available to JVM: 981 MB
08:45:13.005 [main] INFO  fr.inria.lille.repair.nopol.NoPol - Java version: 1.8.0_181
08:45:13.006 [main] INFO  fr.inria.lille.repair.nopol.NoPol - JAVA_HOME: /usr/lib/jvm/java-1.8.0-openjdk-amd64/bin/
08:45:13.006 [main] INFO  fr.inria.lille.repair.nopol.NoPol - PATH: /usr/lib/jvm/java-1.8.0-openjdk-amd64/bin/:/usr/lib/oar/oardodo:/usr/lib/oar/oardodo:/usr/local/bin:/usr/bin:/bin:/usr/games
08:45:47.848 [pool-2-thread-1] DEBUG fr.inria.lille.repair.nopol.NoPol - statement #1
08:45:47.848 [pool-2-thread-1] DEBUG fr.inria.lille.repair.nopol.NoPol - Analysing SourceLocation org.apache.commons.math.optimization.univariate.MultiStartUnivariateRealOptimizer:210 which is executed by 2 tests
-35370545
08:45:48.260 [pool-2-thread-1] DEBUG fr.inria.lille.repair.nopol.NoPol - statement #2
08:45:48.261 [pool-2-thread-1] DEBUG fr.inria.lille.repair.nopol.NoPol - Analysing SourceLocation org.apache.commons.math.optimization.univariate.MultiStartUnivariateRealOptimizer:196 which is executed by 2 tests
-35370545
08:45:48.396 [pool-2-thread-1] DEBUG fr.inria.lille.repair.nopol.NoPol - looking with class fr.inria.lille.repair.nopol.spoon.smt.ConditionalAdder
java.lang.AssertionError: expected:<-0.2719561293> but was:<-0.2719561278056452>
    at org.junit.Assert.fail(Assert.java:88)
    at org.junit.Assert.failNotEquals(Assert.java:743)
    at org.junit.Assert.assertEquals(Assert.java:494)
    at org.junit.Assert.assertEquals(Assert.java:592)
    at org.apache.commons.math.optimization.univariate.MultiStartUnivariateRealOptimizerTest.testQuinticMin(MultiStartUnivariateRealOptimizerTest.java:71)
    at sun.reflect.NativeMethodAccessorImpl.invoke0(Native Method)
08:45:48.457 [pool-4-thread-1] INFO  xxl.java.junit.TestCasesListener - Tests run finished (36 ms)
<> Total tests run: 2
<> Ignored tests: 0
<> Failed tests: 1
~ testQuinticMin(org.apache.commons.math.optimization.univariate.MultiStartUnivariateRealOptimizerTest)
[expected:<-0.2719561293> but was:<-0.2719561278056452>]
java.lang.AssertionError: expected:<-0.2719561293> but was:<-0.2719561278056452>    at org.junit.Assert.fail(Assert.java:88)
    at org.junit.Assert.failNotEquals(Assert.java:743)
    at org.junit.Assert.assertEquals(Assert.java:494)
    at org.junit.Assert.assertEquals(Assert.java:592)
    at org.apache.commons.math.optimization.univariate.MultiStartUnivariateRealOptimizerTest.testQuinticMin(MultiStartUnivariateRealOptimizerTest.java:71)
    at sun.reflect.NativeMethodAccessorImpl.invoke0(Native Method)

java.lang.AssertionError: expected:<-0.2719561293> but was:<-0.2719561278056452>
    at org.junit.Assert.fail(Assert.java:88)
    at org.junit.Assert.failNotEquals(Assert.java:743)
    at org.junit.Assert.assertEquals(Assert.java:494)
    at org.junit.Assert.assertEquals(Assert.java:592)
    at org.apache.commons.math.optimization.univariate.MultiStartUnivariateRealOptimizerTest.testQuinticMin(MultiStartUnivariateRealOptimizerTest.java:71)
    at sun.reflect.NativeMethodAccessorImpl.invoke0(Native Method)
08:45:49.608 [pool-5-thread-1] INFO  f.i.l.c.t.SpecificationTestCasesListener - Tests run finished (33 ms)
<> Total tests run: 1
<> Ignored tests: 0
<> Failed tests: 1
~ testQuinticMin(org.apache.commons.math.optimization.univariate.MultiStartUnivariateRealOptimizerTest)
[expected:<-0.2719561293> but was:<-0.2719561278056452>]
java.lang.AssertionError: expected:<-0.2719561293> but was:<-0.2719561278056452>    at org.junit.Assert.fail(Assert.java:88)
    at org.junit.Assert.failNotEquals(Assert.java:743)
    at org.junit.Assert.assertEquals(Assert.java:494)
    at org.junit.Assert.assertEquals(Assert.java:592)
    at org.apache.commons.math.optimization.univariate.MultiStartUnivariateRealOptimizerTest.testQuinticMin(MultiStartUnivariateRealOptimizerTest.java:71)
    at sun.reflect.NativeMethodAccessorImpl.invoke0(Native Method)

java.lang.AssertionError: expected:<-0.2719561293> but was:<-0.2719561278056452>
    at org.junit.Assert.fail(Assert.java:88)
    at org.junit.Assert.failNotEquals(Assert.java:743)
    at org.junit.Assert.assertEquals(Assert.java:494)
    at org.junit.Assert.assertEquals(Assert.java:592)
    at org.apache.commons.math.optimization.univariate.MultiStartUnivariateRealOptimizerTest.testQuinticMin(MultiStartUnivariateRealOptimizerTest.java:71)
    at sun.reflect.NativeMethodAccessorImpl.invoke0(Native Method)
08:45:49.610 [pool-6-thread-1] INFO  f.i.l.c.t.SpecificationTestCasesListener - Tests run finished (1 ms)
<> Total tests run: 1
<> Ignored tests: 0
<> Failed tests: 1
~ testQuinticMin(org.apache.commons.math.optimization.univariate.MultiStartUnivariateRealOptimizerTest)
[expected:<-0.2719561293> but was:<-0.2719561278056452>]
java.lang.AssertionError: expected:<-0.2719561293> but was:<-0.2719561278056452>    at org.junit.Assert.fail(Assert.java:88)
    at org.junit.Assert.failNotEquals(Assert.java:743)
    at org.junit.Assert.assertEquals(Assert.java:494)
    at org.junit.Assert.assertEquals(Assert.java:592)
    at org.apache.commons.math.optimization.univariate.MultiStartUnivariateRealOptimizerTest.testQuinticMin(MultiStartUnivariateRealOptimizerTest.java:71)
    at sun.reflect.NativeMethodAccessorImpl.invoke0(Native Method)

08:45:49.611 [pool-3-thread-1] DEBUG tests.output - Failing tests with false: 
[testQuinticMin(org.apache.commons.math.optimization.univariate.MultiStartUnivariateRealOptimizerTest): expected:<-0.2719561293> but was:<-0.2719561278056452>]
08:45:49.611 [pool-3-thread-1] DEBUG tests.output - Failing tests with true: 
[testQuinticMin(org.apache.commons.math.optimization.univariate.MultiStartUnivariateRealOptimizerTest): expected:<-0.2719561293> but was:<-0.2719561278056452>]
08:45:49.611 [pool-3-thread-1] INFO  f.i.l.r.n.synth.SMTNopolSynthesizer - Not enough specifications: 0. A trivial patch is "true" or "false", please write new tests specifying SourceLocation org.apache.commons.math.optimization.univariate.MultiStartUnivariateRealOptimizer:196.
08:45:49.611 [pool-2-thread-1] DEBUG fr.inria.lille.repair.nopol.NoPol - statement #3
08:45:49.612 [pool-2-thread-1] DEBUG fr.inria.lille.repair.nopol.NoPol - Analysing SourceLocation org.apache.commons.math.optimization.univariate.MultiStartUnivariateRealOptimizer:177 which is executed by 2 tests
-35370545
08:45:49.721 [pool-2-thread-1] DEBUG fr.inria.lille.repair.nopol.NoPol - statement #4
08:45:49.721 [pool-2-thread-1] DEBUG fr.inria.lille.repair.nopol.NoPol - Analysing SourceLocation org.apache.commons.math.optimization.univariate.MultiStartUnivariateRealOptimizer:171 which is executed by 2 tests
-35370545
08:45:49.821 [pool-2-thread-1] DEBUG fr.inria.lille.repair.nopol.NoPol - looking with class fr.inria.lille.repair.nopol.spoon.smt.ConditionalAdder
java.lang.AssertionError: expected:<-0.2719561293> but was:<-0.2719561278056452>
    at org.junit.Assert.fail(Assert.java:88)
    at org.junit.Assert.failNotEquals(Assert.java:743)
    at org.junit.Assert.assertEquals(Assert.java:494)
    at org.junit.Assert.assertEquals(Assert.java:592)
    at org.apache.commons.math.optimization.univariate.MultiStartUnivariateRealOptimizerTest.testQuinticMin(MultiStartUnivariateRealOptimizerTest.java:71)
    at sun.reflect.NativeMethodAccessorImpl.invoke0(Native Method)
08:45:49.858 [pool-8-thread-1] INFO  xxl.java.junit.TestCasesListener - Tests run finished (33 ms)
<> Total tests run: 2
<> Ignored tests: 0
<> Failed tests: 1
~ testQuinticMin(org.apache.commons.math.optimization.univariate.MultiStartUnivariateRealOptimizerTest)
[expected:<-0.2719561293> but was:<-0.2719561278056452>]
java.lang.AssertionError: expected:<-0.2719561293> but was:<-0.2719561278056452>    at org.junit.Assert.fail(Assert.java:88)
    at org.junit.Assert.failNotEquals(Assert.java:743)
    at org.junit.Assert.assertEquals(Assert.java:494)
    at org.junit.Assert.assertEquals(Assert.java:592)
    at org.apache.commons.math.optimization.univariate.MultiStartUnivariateRealOptimizerTest.testQuinticMin(MultiStartUnivariateRealOptimizerTest.java:71)
    at sun.reflect.NativeMethodAccessorImpl.invoke0(Native Method)

java.lang.AssertionError: expected:<-0.2719561293> but was:<-0.2719561278056452>
    at org.junit.Assert.fail(Assert.java:88)
    at org.junit.Assert.failNotEquals(Assert.java:743)
    at org.junit.Assert.assertEquals(Assert.java:494)
    at org.junit.Assert.assertEquals(Assert.java:592)
    at org.apache.commons.math.optimization.univariate.MultiStartUnivariateRealOptimizerTest.testQuinticMin(MultiStartUnivariateRealOptimizerTest.java:71)
    at sun.reflect.NativeMethodAccessorImpl.invoke0(Native Method)
08:45:50.105 [pool-9-thread-1] INFO  f.i.l.c.t.SpecificationTestCasesListener - Tests run finished (31 ms)
<> Total tests run: 1
<> Ignored tests: 0
<> Failed tests: 1
~ testQuinticMin(org.apache.commons.math.optimization.univariate.MultiStartUnivariateRealOptimizerTest)
[expected:<-0.2719561293> but was:<-0.2719561278056452>]
java.lang.AssertionError: expected:<-0.2719561293> but was:<-0.2719561278056452>    at org.junit.Assert.fail(Assert.java:88)
    at org.junit.Assert.failNotEquals(Assert.java:743)
    at org.junit.Assert.assertEquals(Assert.java:494)
    at org.junit.Assert.assertEquals(Assert.java:592)
    at org.apache.commons.math.optimization.univariate.MultiStartUnivariateRealOptimizerTest.testQuinticMin(MultiStartUnivariateRealOptimizerTest.java:71)
    at sun.reflect.NativeMethodAccessorImpl.invoke0(Native Method)

java.lang.AssertionError: expected:<-0.2719561293> but was:<-0.2719561278056452>
    at org.junit.Assert.fail(Assert.java:88)
    at org.junit.Assert.failNotEquals(Assert.java:743)
    at org.junit.Assert.assertEquals(Assert.java:494)
    at org.junit.Assert.assertEquals(Assert.java:592)
    at org.apache.commons.math.optimization.univariate.MultiStartUnivariateRealOptimizerTest.testQuinticMin(MultiStartUnivariateRealOptimizerTest.java:71)
    at sun.reflect.NativeMethodAccessorImpl.invoke0(Native Method)
08:45:50.108 [pool-10-thread-1] INFO  f.i.l.c.t.SpecificationTestCasesListener - Tests run finished (2 ms)
<> Total tests run: 1
<> Ignored tests: 0
<> Failed tests: 1
~ testQuinticMin(org.apache.commons.math.optimization.univariate.MultiStartUnivariateRealOptimizerTest)
[expected:<-0.2719561293> but was:<-0.2719561278056452>]
java.lang.AssertionError: expected:<-0.2719561293> but was:<-0.2719561278056452>    at org.junit.Assert.fail(Assert.java:88)
    at org.junit.Assert.failNotEquals(Assert.java:743)
    at org.junit.Assert.assertEquals(Assert.java:494)
    at org.junit.Assert.assertEquals(Assert.java:592)
    at org.apache.commons.math.optimization.univariate.MultiStartUnivariateRealOptimizerTest.testQuinticMin(MultiStartUnivariateRealOptimizerTest.java:71)
    at sun.reflect.NativeMethodAccessorImpl.invoke0(Native Method)

08:45:50.109 [pool-7-thread-1] DEBUG tests.output - Failing tests with false: 
[testQuinticMin(org.apache.commons.math.optimization.univariate.MultiStartUnivariateRealOptimizerTest): expected:<-0.2719561293> but was:<-0.2719561278056452>]
08:45:50.109 [pool-7-thread-1] DEBUG tests.output - Failing tests with true: 
[testQuinticMin(org.apache.commons.math.optimization.univariate.MultiStartUnivariateRealOptimizerTest): expected:<-0.2719561293> but was:<-0.2719561278056452>]
08:45:50.109 [pool-7-thread-1] INFO  f.i.l.r.n.synth.SMTNopolSynthesizer - Not enough specifications: 0. A trivial patch is "true" or "false", please write new tests specifying SourceLocation org.apache.commons.math.optimization.univariate.MultiStartUnivariateRealOptimizer:171.
08:45:50.109 [pool-2-thread-1] DEBUG fr.inria.lille.repair.nopol.NoPol - looking with class fr.inria.lille.repair.nopol.spoon.smt.ConditionalReplacer
java.lang.AssertionError: expected:<-0.2719561293> but was:<-0.2719561278056452>
    at org.junit.Assert.fail(Assert.java:88)
    at org.junit.Assert.failNotEquals(Assert.java:743)
    at org.junit.Assert.assertEquals(Assert.java:494)
    at org.junit.Assert.assertEquals(Assert.java:592)
    at org.apache.commons.math.optimization.univariate.MultiStartUnivariateRealOptimizerTest.testQuinticMin(MultiStartUnivariateRealOptimizerTest.java:71)
    at sun.reflect.NativeMethodAccessorImpl.invoke0(Native Method)
08:45:50.144 [pool-12-thread-1] INFO  xxl.java.junit.TestCasesListener - Tests run finished (32 ms)
<> Total tests run: 2
<> Ignored tests: 0
<> Failed tests: 1
~ testQuinticMin(org.apache.commons.math.optimization.univariate.MultiStartUnivariateRealOptimizerTest)
[expected:<-0.2719561293> but was:<-0.2719561278056452>]
java.lang.AssertionError: expected:<-0.2719561293> but was:<-0.2719561278056452>    at org.junit.Assert.fail(Assert.java:88)
    at org.junit.Assert.failNotEquals(Assert.java:743)
    at org.junit.Assert.assertEquals(Assert.java:494)
    at org.junit.Assert.assertEquals(Assert.java:592)
    at org.apache.commons.math.optimization.univariate.MultiStartUnivariateRealOptimizerTest.testQuinticMin(MultiStartUnivariateRealOptimizerTest.java:71)
    at sun.reflect.NativeMethodAccessorImpl.invoke0(Native Method)

java.lang.AssertionError: expected:<-0.2719561293> but was:<-0.2719561278056452>
    at org.junit.Assert.fail(Assert.java:88)
    at org.junit.Assert.failNotEquals(Assert.java:743)
    at org.junit.Assert.assertEquals(Assert.java:494)
    at org.junit.Assert.assertEquals(Assert.java:592)
    at org.apache.commons.math.optimization.univariate.MultiStartUnivariateRealOptimizerTest.testQuinticMin(MultiStartUnivariateRealOptimizerTest.java:71)
    at sun.reflect.NativeMethodAccessorImpl.invoke0(Native Method)
08:45:50.368 [pool-13-thread-1] INFO  f.i.l.c.t.SpecificationTestCasesListener - Tests run finished (30 ms)
<> Total tests run: 1
<> Ignored tests: 0
<> Failed tests: 1
~ testQuinticMin(org.apache.commons.math.optimization.univariate.MultiStartUnivariateRealOptimizerTest)
[expected:<-0.2719561293> but was:<-0.2719561278056452>]
java.lang.AssertionError: expected:<-0.2719561293> but was:<-0.2719561278056452>    at org.junit.Assert.fail(Assert.java:88)
    at org.junit.Assert.failNotEquals(Assert.java:743)
    at org.junit.Assert.assertEquals(Assert.java:494)
    at org.junit.Assert.assertEquals(Assert.java:592)
    at org.apache.commons.math.optimization.univariate.MultiStartUnivariateRealOptimizerTest.testQuinticMin(MultiStartUnivariateRealOptimizerTest.java:71)
    at sun.reflect.NativeMethodAccessorImpl.invoke0(Native Method)

org.apache.commons.math.exception.ConvergenceException: none of the 5 start points lead to convergence: convergence failed
    at org.apache.commons.math.optimization.univariate.MultiStartUnivariateRealOptimizer.optimize(MultiStartUnivariateRealOptimizer.java:92)
    at org.apache.commons.math.optimization.univariate.MultiStartUnivariateRealOptimizerTest.testQuinticMin(MultiStartUnivariateRealOptimizerTest.java:70)
    at sun.reflect.NativeMethodAccessorImpl.invoke0(Native Method)
    at sun.reflect.NativeMethodAccessorImpl.invoke(NativeMethodAccessorImpl.java:62)
    at sun.reflect.DelegatingMethodAccessorImpl.invoke(DelegatingMethodAccessorImpl.java:43)
    at java.lang.reflect.Method.invoke(Method.java:498)
08:45:50.382 [pool-14-thread-1] INFO  f.i.l.c.t.SpecificationTestCasesListener - Tests run finished (11 ms)
<> Total tests run: 1
<> Ignored tests: 0
<> Failed tests: 1
~ testQuinticMin(org.apache.commons.math.optimization.univariate.MultiStartUnivariateRealOptimizerTest)
[none of the 5 start points lead to convergence: convergence failed]
org.apache.commons.math.exception.ConvergenceException: none of the 5 start points lead to convergence: convergence failed    at org.apache.commons.math.optimization.univariate.MultiStartUnivariateRealOptimizer.optimize(MultiStartUnivariateRealOptimizer.java:92)
    at org.apache.commons.math.optimization.univariate.MultiStartUnivariateRealOptimizerTest.testQuinticMin(MultiStartUnivariateRealOptimizerTest.java:70)
    at sun.reflect.NativeMethodAccessorImpl.invoke0(Native Method)
    at sun.reflect.NativeMethodAccessorImpl.invoke(NativeMethodAccessorImpl.java:62)
    at sun.reflect.DelegatingMethodAccessorImpl.invoke(DelegatingMethodAccessorImpl.java:43)
    at java.lang.reflect.Method.invoke(Method.java:498)

08:45:50.383 [pool-11-thread-1] DEBUG tests.output - Failing tests with false: 
[testQuinticMin(org.apache.commons.math.optimization.univariate.MultiStartUnivariateRealOptimizerTest): expected:<-0.2719561293> but was:<-0.2719561278056452>]
08:45:50.383 [pool-11-thread-1] DEBUG tests.output - Failing tests with true: 
[testQuinticMin(org.apache.commons.math.optimization.univariate.MultiStartUnivariateRealOptimizerTest): none of the 5 start points lead to convergence: convergence failed]
08:45:50.383 [pool-11-thread-1] INFO  f.i.l.r.n.synth.SMTNopolSynthesizer - Not enough specifications: 0. A trivial patch is "true" or "false", please write new tests specifying SourceLocation org.apache.commons.math.optimization.univariate.MultiStartUnivariateRealOptimizer:171.
08:45:50.383 [pool-2-thread-1] DEBUG fr.inria.lille.repair.nopol.NoPol - statement #5
08:45:50.384 [pool-2-thread-1] DEBUG fr.inria.lille.repair.nopol.NoPol - Analysing SourceLocation org.apache.commons.math.optimization.univariate.MultiStartUnivariateRealOptimizer:169 which is executed by 2 tests
-35370545
08:45:50.479 [pool-2-thread-1] DEBUG fr.inria.lille.repair.nopol.NoPol - looking with class fr.inria.lille.repair.nopol.spoon.smt.ConditionalAdder
java.lang.AssertionError: expected:<-0.2719561293> but was:<-0.2719561278056452>
    at org.junit.Assert.fail(Assert.java:88)
    at org.junit.Assert.failNotEquals(Assert.java:743)
    at org.junit.Assert.assertEquals(Assert.java:494)
    at org.junit.Assert.assertEquals(Assert.java:592)
    at org.apache.commons.math.optimization.univariate.MultiStartUnivariateRealOptimizerTest.testQuinticMin(MultiStartUnivariateRealOptimizerTest.java:71)
    at sun.reflect.NativeMethodAccessorImpl.invoke0(Native Method)
08:45:50.513 [pool-16-thread-1] INFO  xxl.java.junit.TestCasesListener - Tests run finished (31 ms)
<> Total tests run: 2
<> Ignored tests: 0
<> Failed tests: 1
~ testQuinticMin(org.apache.commons.math.optimization.univariate.MultiStartUnivariateRealOptimizerTest)
[expected:<-0.2719561293> but was:<-0.2719561278056452>]
java.lang.AssertionError: expected:<-0.2719561293> but was:<-0.2719561278056452>    at org.junit.Assert.fail(Assert.java:88)
    at org.junit.Assert.failNotEquals(Assert.java:743)
    at org.junit.Assert.assertEquals(Assert.java:494)
    at org.junit.Assert.assertEquals(Assert.java:592)
    at org.apache.commons.math.optimization.univariate.MultiStartUnivariateRealOptimizerTest.testQuinticMin(MultiStartUnivariateRealOptimizerTest.java:71)
    at sun.reflect.NativeMethodAccessorImpl.invoke0(Native Method)

java.lang.AssertionError: expected:<-0.2719561293> but was:<-0.2719561278056452>
    at org.junit.Assert.fail(Assert.java:88)
    at org.junit.Assert.failNotEquals(Assert.java:743)
    at org.junit.Assert.assertEquals(Assert.java:494)
    at org.junit.Assert.assertEquals(Assert.java:592)
    at org.apache.commons.math.optimization.univariate.MultiStartUnivariateRealOptimizerTest.testQuinticMin(MultiStartUnivariateRealOptimizerTest.java:71)
    at sun.reflect.NativeMethodAccessorImpl.invoke0(Native Method)
08:45:50.723 [pool-17-thread-1] INFO  f.i.l.c.t.SpecificationTestCasesListener - Tests run finished (30 ms)
<> Total tests run: 1
<> Ignored tests: 0
<> Failed tests: 1
~ testQuinticMin(org.apache.commons.math.optimization.univariate.MultiStartUnivariateRealOptimizerTest)
[expected:<-0.2719561293> but was:<-0.2719561278056452>]
java.lang.AssertionError: expected:<-0.2719561293> but was:<-0.2719561278056452>    at org.junit.Assert.fail(Assert.java:88)
    at org.junit.Assert.failNotEquals(Assert.java:743)
    at org.junit.Assert.assertEquals(Assert.java:494)
    at org.junit.Assert.assertEquals(Assert.java:592)
    at org.apache.commons.math.optimization.univariate.MultiStartUnivariateRealOptimizerTest.testQuinticMin(MultiStartUnivariateRealOptimizerTest.java:71)
    at sun.reflect.NativeMethodAccessorImpl.invoke0(Native Method)

java.lang.AssertionError: expected:<-0.2719561293> but was:<-0.2719561278056452>
    at org.junit.Assert.fail(Assert.java:88)
    at org.junit.Assert.failNotEquals(Assert.java:743)
    at org.junit.Assert.assertEquals(Assert.java:494)
    at org.junit.Assert.assertEquals(Assert.java:592)
    at org.apache.commons.math.optimization.univariate.MultiStartUnivariateRealOptimizerTest.testQuinticMin(MultiStartUnivariateRealOptimizerTest.java:71)
    at sun.reflect.NativeMethodAccessorImpl.invoke0(Native Method)
08:45:50.731 [pool-18-thread-1] INFO  f.i.l.c.t.SpecificationTestCasesListener - Tests run finished (1 ms)
<> Total tests run: 1
<> Ignored tests: 0
<> Failed tests: 1
~ testQuinticMin(org.apache.commons.math.optimization.univariate.MultiStartUnivariateRealOptimizerTest)
[expected:<-0.2719561293> but was:<-0.2719561278056452>]
java.lang.AssertionError: expected:<-0.2719561293> but was:<-0.2719561278056452>    at org.junit.Assert.fail(Assert.java:88)
    at org.junit.Assert.failNotEquals(Assert.java:743)
    at org.junit.Assert.assertEquals(Assert.java:494)
    at org.junit.Assert.assertEquals(Assert.java:592)
    at org.apache.commons.math.optimization.univariate.MultiStartUnivariateRealOptimizerTest.testQuinticMin(MultiStartUnivariateRealOptimizerTest.java:71)
    at sun.reflect.NativeMethodAccessorImpl.invoke0(Native Method)

08:45:50.732 [pool-15-thread-1] DEBUG tests.output - Failing tests with false: 
[testQuinticMin(org.apache.commons.math.optimization.univariate.MultiStartUnivariateRealOptimizerTest): expected:<-0.2719561293> but was:<-0.2719561278056452>]
08:45:50.732 [pool-15-thread-1] DEBUG tests.output - Failing tests with true: 
[testQuinticMin(org.apache.commons.math.optimization.univariate.MultiStartUnivariateRealOptimizerTest): expected:<-0.2719561293> but was:<-0.2719561278056452>]
08:45:50.732 [pool-15-thread-1] INFO  f.i.l.r.n.synth.SMTNopolSynthesizer - Not enough specifications: 0. A trivial patch is "true" or "false", please write new tests specifying SourceLocation org.apache.commons.math.optimization.univariate.MultiStartUnivariateRealOptimizer:169.
08:45:50.732 [pool-2-thread-1] DEBUG fr.inria.lille.repair.nopol.NoPol - statement #6
08:45:50.732 [pool-2-thread-1] DEBUG fr.inria.lille.repair.nopol.NoPol - Analysing SourceLocation org.apache.commons.math.optimization.univariate.MultiStartUnivariateRealOptimizer:166 which is executed by 2 tests
-35370545
08:45:50.827 [pool-2-thread-1] DEBUG fr.inria.lille.repair.nopol.NoPol - looking with class fr.inria.lille.repair.nopol.spoon.smt.ConditionalAdder
java.lang.AssertionError: expected:<-0.2719561293> but was:<-0.2719561278056452>
    at org.junit.Assert.fail(Assert.java:88)
    at org.junit.Assert.failNotEquals(Assert.java:743)
    at org.junit.Assert.assertEquals(Assert.java:494)
    at org.junit.Assert.assertEquals(Assert.java:592)
    at org.apache.commons.math.optimization.univariate.MultiStartUnivariateRealOptimizerTest.testQuinticMin(MultiStartUnivariateRealOptimizerTest.java:71)
    at sun.reflect.NativeMethodAccessorImpl.invoke0(Native Method)
08:45:50.878 [pool-20-thread-1] INFO  xxl.java.junit.TestCasesListener - Tests run finished (33 ms)
<> Total tests run: 2
<> Ignored tests: 0
<> Failed tests: 1
~ testQuinticMin(org.apache.commons.math.optimization.univariate.MultiStartUnivariateRealOptimizerTest)
[expected:<-0.2719561293> but was:<-0.2719561278056452>]
java.lang.AssertionError: expected:<-0.2719561293> but was:<-0.2719561278056452>    at org.junit.Assert.fail(Assert.java:88)
    at org.junit.Assert.failNotEquals(Assert.java:743)
    at org.junit.Assert.assertEquals(Assert.java:494)
    at org.junit.Assert.assertEquals(Assert.java:592)
    at org.apache.commons.math.optimization.univariate.MultiStartUnivariateRealOptimizerTest.testQuinticMin(MultiStartUnivariateRealOptimizerTest.java:71)
    at sun.reflect.NativeMethodAccessorImpl.invoke0(Native Method)

java.lang.AssertionError: expected:<-0.2719561293> but was:<-0.2719561278056452>
    at org.junit.Assert.fail(Assert.java:88)
    at org.junit.Assert.failNotEquals(Assert.java:743)
    at org.junit.Assert.assertEquals(Assert.java:494)
    at org.junit.Assert.assertEquals(Assert.java:592)
    at org.apache.commons.math.optimization.univariate.MultiStartUnivariateRealOptimizerTest.testQuinticMin(MultiStartUnivariateRealOptimizerTest.java:71)
    at sun.reflect.NativeMethodAccessorImpl.invoke0(Native Method)
08:45:51.079 [pool-21-thread-1] INFO  f.i.l.c.t.SpecificationTestCasesListener - Tests run finished (30 ms)
<> Total tests run: 1
<> Ignored tests: 0
<> Failed tests: 1
~ testQuinticMin(org.apache.commons.math.optimization.univariate.MultiStartUnivariateRealOptimizerTest)
[expected:<-0.2719561293> but was:<-0.2719561278056452>]
java.lang.AssertionError: expected:<-0.2719561293> but was:<-0.2719561278056452>    at org.junit.Assert.fail(Assert.java:88)
    at org.junit.Assert.failNotEquals(Assert.java:743)
    at org.junit.Assert.assertEquals(Assert.java:494)
    at org.junit.Assert.assertEquals(Assert.java:592)
    at org.apache.commons.math.optimization.univariate.MultiStartUnivariateRealOptimizerTest.testQuinticMin(MultiStartUnivariateRealOptimizerTest.java:71)
    at sun.reflect.NativeMethodAccessorImpl.invoke0(Native Method)

java.lang.AssertionError: expected:<-0.2719561293> but was:<-0.2719561278056452>
    at org.junit.Assert.fail(Assert.java:88)
    at org.junit.Assert.failNotEquals(Assert.java:743)
    at org.junit.Assert.assertEquals(Assert.java:494)
    at org.junit.Assert.assertEquals(Assert.java:592)
    at org.apache.commons.math.optimization.univariate.MultiStartUnivariateRealOptimizerTest.testQuinticMin(MultiStartUnivariateRealOptimizerTest.java:71)
    at sun.reflect.NativeMethodAccessorImpl.invoke0(Native Method)
08:45:51.089 [pool-22-thread-1] INFO  f.i.l.c.t.SpecificationTestCasesListener - Tests run finished (2 ms)
<> Total tests run: 1
<> Ignored tests: 0
<> Failed tests: 1
~ testQuinticMin(org.apache.commons.math.optimization.univariate.MultiStartUnivariateRealOptimizerTest)
[expected:<-0.2719561293> but was:<-0.2719561278056452>]
java.lang.AssertionError: expected:<-0.2719561293> but was:<-0.2719561278056452>    at org.junit.Assert.fail(Assert.java:88)
    at org.junit.Assert.failNotEquals(Assert.java:743)
    at org.junit.Assert.assertEquals(Assert.java:494)
    at org.junit.Assert.assertEquals(Assert.java:592)
    at org.apache.commons.math.optimization.univariate.MultiStartUnivariateRealOptimizerTest.testQuinticMin(MultiStartUnivariateRealOptimizerTest.java:71)
    at sun.reflect.NativeMethodAccessorImpl.invoke0(Native Method)

08:45:51.089 [pool-19-thread-1] DEBUG tests.output - Failing tests with false: 
[testQuinticMin(org.apache.commons.math.optimization.univariate.MultiStartUnivariateRealOptimizerTest): expected:<-0.2719561293> but was:<-0.2719561278056452>]
08:45:51.089 [pool-19-thread-1] DEBUG tests.output - Failing tests with true: 
[testQuinticMin(org.apache.commons.math.optimization.univariate.MultiStartUnivariateRealOptimizerTest): expected:<-0.2719561293> but was:<-0.2719561278056452>]
08:45:51.090 [pool-19-thread-1] INFO  f.i.l.r.n.synth.SMTNopolSynthesizer - Not enough specifications: 0. A trivial patch is "true" or "false", please write new tests specifying SourceLocation org.apache.commons.math.optimization.univariate.MultiStartUnivariateRealOptimizer:166.
08:45:51.090 [pool-2-thread-1] DEBUG fr.inria.lille.repair.nopol.NoPol - statement #7
08:45:51.090 [pool-2-thread-1] DEBUG fr.inria.lille.repair.nopol.NoPol - Analysing SourceLocation org.apache.commons.math.optimization.univariate.MultiStartUnivariateRealOptimizer:165 which is executed by 2 tests
-35370545
08:45:51.184 [pool-2-thread-1] DEBUG fr.inria.lille.repair.nopol.NoPol - looking with class fr.inria.lille.repair.nopol.spoon.smt.ConditionalAdder
java.lang.AssertionError: expected:<-0.2719561293> but was:<-0.2719561278056452>
    at org.junit.Assert.fail(Assert.java:88)
    at org.junit.Assert.failNotEquals(Assert.java:743)
    at org.junit.Assert.assertEquals(Assert.java:494)
    at org.junit.Assert.assertEquals(Assert.java:592)
    at org.apache.commons.math.optimization.univariate.MultiStartUnivariateRealOptimizerTest.testQuinticMin(MultiStartUnivariateRealOptimizerTest.java:71)
    at sun.reflect.NativeMethodAccessorImpl.invoke0(Native Method)
08:45:51.221 [pool-24-thread-1] INFO  xxl.java.junit.TestCasesListener - Tests run finished (32 ms)
<> Total tests run: 2
<> Ignored tests: 0
<> Failed tests: 1
~ testQuinticMin(org.apache.commons.math.optimization.univariate.MultiStartUnivariateRealOptimizerTest)
[expected:<-0.2719561293> but was:<-0.2719561278056452>]
java.lang.AssertionError: expected:<-0.2719561293> but was:<-0.2719561278056452>    at org.junit.Assert.fail(Assert.java:88)
    at org.junit.Assert.failNotEquals(Assert.java:743)
    at org.junit.Assert.assertEquals(Assert.java:494)
    at org.junit.Assert.assertEquals(Assert.java:592)
    at org.apache.commons.math.optimization.univariate.MultiStartUnivariateRealOptimizerTest.testQuinticMin(MultiStartUnivariateRealOptimizerTest.java:71)
    at sun.reflect.NativeMethodAccessorImpl.invoke0(Native Method)

java.lang.AssertionError: expected:<-0.2719561293> but was:<-0.2719561278056452>
    at org.junit.Assert.fail(Assert.java:88)
    at org.junit.Assert.failNotEquals(Assert.java:743)
    at org.junit.Assert.assertEquals(Assert.java:494)
    at org.junit.Assert.assertEquals(Assert.java:592)
    at org.apache.commons.math.optimization.univariate.MultiStartUnivariateRealOptimizerTest.testQuinticMin(MultiStartUnivariateRealOptimizerTest.java:71)
    at sun.reflect.NativeMethodAccessorImpl.invoke0(Native Method)
08:45:51.446 [pool-25-thread-1] INFO  f.i.l.c.t.SpecificationTestCasesListener - Tests run finished (32 ms)
<> Total tests run: 1
<> Ignored tests: 0
<> Failed tests: 1
~ testQuinticMin(org.apache.commons.math.optimization.univariate.MultiStartUnivariateRealOptimizerTest)
[expected:<-0.2719561293> but was:<-0.2719561278056452>]
java.lang.AssertionError: expected:<-0.2719561293> but was:<-0.2719561278056452>    at org.junit.Assert.fail(Assert.java:88)
    at org.junit.Assert.failNotEquals(Assert.java:743)
    at org.junit.Assert.assertEquals(Assert.java:494)
    at org.junit.Assert.assertEquals(Assert.java:592)
    at org.apache.commons.math.optimization.univariate.MultiStartUnivariateRealOptimizerTest.testQuinticMin(MultiStartUnivariateRealOptimizerTest.java:71)
    at sun.reflect.NativeMethodAccessorImpl.invoke0(Native Method)

java.lang.AssertionError: expected:<-0.2719561293> but was:<-0.2719561278056452>
    at org.junit.Assert.fail(Assert.java:88)
    at org.junit.Assert.failNotEquals(Assert.java:743)
    at org.junit.Assert.assertEquals(Assert.java:494)
    at org.junit.Assert.assertEquals(Assert.java:592)
    at org.apache.commons.math.optimization.univariate.MultiStartUnivariateRealOptimizerTest.testQuinticMin(MultiStartUnivariateRealOptimizerTest.java:71)
    at sun.reflect.NativeMethodAccessorImpl.invoke0(Native Method)
08:45:51.449 [pool-26-thread-1] INFO  f.i.l.c.t.SpecificationTestCasesListener - Tests run finished (2 ms)
<> Total tests run: 1
<> Ignored tests: 0
<> Failed tests: 1
~ testQuinticMin(org.apache.commons.math.optimization.univariate.MultiStartUnivariateRealOptimizerTest)
[expected:<-0.2719561293> but was:<-0.2719561278056452>]
java.lang.AssertionError: expected:<-0.2719561293> but was:<-0.2719561278056452>    at org.junit.Assert.fail(Assert.java:88)
    at org.junit.Assert.failNotEquals(Assert.java:743)
    at org.junit.Assert.assertEquals(Assert.java:494)
    at org.junit.Assert.assertEquals(Assert.java:592)
    at org.apache.commons.math.optimization.univariate.MultiStartUnivariateRealOptimizerTest.testQuinticMin(MultiStartUnivariateRealOptimizerTest.java:71)
    at sun.reflect.NativeMethodAccessorImpl.invoke0(Native Method)

08:45:51.451 [pool-23-thread-1] DEBUG tests.output - Failing tests with false: 
[testQuinticMin(org.apache.commons.math.optimization.univariate.MultiStartUnivariateRealOptimizerTest): expected:<-0.2719561293> but was:<-0.2719561278056452>]
08:45:51.451 [pool-23-thread-1] DEBUG tests.output - Failing tests with true: 
[testQuinticMin(org.apache.commons.math.optimization.univariate.MultiStartUnivariateRealOptimizerTest): expected:<-0.2719561293> but was:<-0.2719561278056452>]
08:45:51.451 [pool-23-thread-1] INFO  f.i.l.r.n.synth.SMTNopolSynthesizer - Not enough specifications: 0. A trivial patch is "true" or "false", please write new tests specifying SourceLocation org.apache.commons.math.optimization.univariate.MultiStartUnivariateRealOptimizer:165.
08:45:51.451 [pool-2-thread-1] DEBUG fr.inria.lille.repair.nopol.NoPol - statement #8
08:45:51.451 [pool-2-thread-1] DEBUG fr.inria.lille.repair.nopol.NoPol - Analysing SourceLocation org.apache.commons.math.optimization.univariate.MultiStartUnivariateRealOptimizer:164 which is executed by 2 tests
-35370545
08:45:51.565 [pool-2-thread-1] DEBUG fr.inria.lille.repair.nopol.NoPol - statement #9
08:45:51.565 [pool-2-thread-1] DEBUG fr.inria.lille.repair.nopol.NoPol - Analysing SourceLocation org.apache.commons.math.optimization.univariate.MultiStartUnivariateRealOptimizer:162 which is executed by 2 tests
-35370545
08:45:51.702 [pool-2-thread-1] DEBUG fr.inria.lille.repair.nopol.NoPol - statement #10
08:45:51.702 [pool-2-thread-1] DEBUG fr.inria.lille.repair.nopol.NoPol - Analysing SourceLocation org.apache.commons.math.optimization.univariate.MultiStartUnivariateRealOptimizer:157 which is executed by 2 tests
-35370545
08:45:51.795 [pool-2-thread-1] DEBUG fr.inria.lille.repair.nopol.NoPol - statement #11
08:45:51.795 [pool-2-thread-1] DEBUG fr.inria.lille.repair.nopol.NoPol - Analysing SourceLocation org.apache.commons.math.optimization.univariate.MultiStartUnivariateRealOptimizer:156 which is executed by 2 tests
-35370545
08:45:51.888 [pool-2-thread-1] DEBUG fr.inria.lille.repair.nopol.NoPol - statement #12
08:45:51.889 [pool-2-thread-1] DEBUG fr.inria.lille.repair.nopol.NoPol - Analysing SourceLocation org.apache.commons.math.optimization.univariate.MultiStartUnivariateRealOptimizer:155 which is executed by 2 tests
-35370545
08:45:51.982 [pool-2-thread-1] DEBUG fr.inria.lille.repair.nopol.NoPol - looking with class fr.inria.lille.repair.nopol.spoon.smt.ConditionalAdder
java.lang.AssertionError: expected:<-0.2719561293> but was:<-0.2719561278056452>
    at org.junit.Assert.fail(Assert.java:88)
    at org.junit.Assert.failNotEquals(Assert.java:743)
    at org.junit.Assert.assertEquals(Assert.java:494)
    at org.junit.Assert.assertEquals(Assert.java:592)
    at org.apache.commons.math.optimization.univariate.MultiStartUnivariateRealOptimizerTest.testQuinticMin(MultiStartUnivariateRealOptimizerTest.java:71)
    at sun.reflect.NativeMethodAccessorImpl.invoke0(Native Method)
08:45:52.017 [pool-28-thread-1] INFO  xxl.java.junit.TestCasesListener - Tests run finished (32 ms)
<> Total tests run: 2
<> Ignored tests: 0
<> Failed tests: 1
~ testQuinticMin(org.apache.commons.math.optimization.univariate.MultiStartUnivariateRealOptimizerTest)
[expected:<-0.2719561293> but was:<-0.2719561278056452>]
java.lang.AssertionError: expected:<-0.2719561293> but was:<-0.2719561278056452>    at org.junit.Assert.fail(Assert.java:88)
    at org.junit.Assert.failNotEquals(Assert.java:743)
    at org.junit.Assert.assertEquals(Assert.java:494)
    at org.junit.Assert.assertEquals(Assert.java:592)
    at org.apache.commons.math.optimization.univariate.MultiStartUnivariateRealOptimizerTest.testQuinticMin(MultiStartUnivariateRealOptimizerTest.java:71)
    at sun.reflect.NativeMethodAccessorImpl.invoke0(Native Method)

org.apache.commons.math.exception.ConvergenceException: none of the 5 start points lead to convergence: convergence failed
    at org.apache.commons.math.optimization.univariate.MultiStartUnivariateRealOptimizer.optimize(MultiStartUnivariateRealOptimizer.java:93)
    at org.apache.commons.math.optimization.univariate.MultiStartUnivariateRealOptimizerTest.testQuinticMin(MultiStartUnivariateRealOptimizerTest.java:70)
    at sun.reflect.NativeMethodAccessorImpl.invoke0(Native Method)
    at sun.reflect.NativeMethodAccessorImpl.invoke(NativeMethodAccessorImpl.java:62)
    at sun.reflect.DelegatingMethodAccessorImpl.invoke(DelegatingMethodAccessorImpl.java:43)
    at java.lang.reflect.Method.invoke(Method.java:498)
08:45:52.218 [pool-29-thread-1] INFO  f.i.l.c.t.SpecificationTestCasesListener - Tests run finished (35 ms)
<> Total tests run: 1
<> Ignored tests: 0
<> Failed tests: 1
~ testQuinticMin(org.apache.commons.math.optimization.univariate.MultiStartUnivariateRealOptimizerTest)
[none of the 5 start points lead to convergence: convergence failed]
org.apache.commons.math.exception.ConvergenceException: none of the 5 start points lead to convergence: convergence failed    at org.apache.commons.math.optimization.univariate.MultiStartUnivariateRealOptimizer.optimize(MultiStartUnivariateRealOptimizer.java:93)
    at org.apache.commons.math.optimization.univariate.MultiStartUnivariateRealOptimizerTest.testQuinticMin(MultiStartUnivariateRealOptimizerTest.java:70)
    at sun.reflect.NativeMethodAccessorImpl.invoke0(Native Method)
    at sun.reflect.NativeMethodAccessorImpl.invoke(NativeMethodAccessorImpl.java:62)
    at sun.reflect.DelegatingMethodAccessorImpl.invoke(DelegatingMethodAccessorImpl.java:43)
    at java.lang.reflect.Method.invoke(Method.java:498)

java.lang.AssertionError: expected:<-0.2719561293> but was:<-0.2719561278056452>
    at org.junit.Assert.fail(Assert.java:88)
    at org.junit.Assert.failNotEquals(Assert.java:743)
    at org.junit.Assert.assertEquals(Assert.java:494)
    at org.junit.Assert.assertEquals(Assert.java:592)
    at org.apache.commons.math.optimization.univariate.MultiStartUnivariateRealOptimizerTest.testQuinticMin(MultiStartUnivariateRealOptimizerTest.java:71)
    at sun.reflect.NativeMethodAccessorImpl.invoke0(Native Method)
08:45:52.224 [pool-30-thread-1] INFO  f.i.l.c.t.SpecificationTestCasesListener - Tests run finished (3 ms)
<> Total tests run: 1
<> Ignored tests: 0
<> Failed tests: 1
~ testQuinticMin(org.apache.commons.math.optimization.univariate.MultiStartUnivariateRealOptimizerTest)
[expected:<-0.2719561293> but was:<-0.2719561278056452>]
java.lang.AssertionError: expected:<-0.2719561293> but was:<-0.2719561278056452>    at org.junit.Assert.fail(Assert.java:88)
    at org.junit.Assert.failNotEquals(Assert.java:743)
    at org.junit.Assert.assertEquals(Assert.java:494)
    at org.junit.Assert.assertEquals(Assert.java:592)
    at org.apache.commons.math.optimization.univariate.MultiStartUnivariateRealOptimizerTest.testQuinticMin(MultiStartUnivariateRealOptimizerTest.java:71)
    at sun.reflect.NativeMethodAccessorImpl.invoke0(Native Method)

08:45:52.226 [pool-27-thread-1] DEBUG tests.output - Failing tests with false: 
[testQuinticMin(org.apache.commons.math.optimization.univariate.MultiStartUnivariateRealOptimizerTest): none of the 5 start points lead to convergence: convergence failed]
08:45:52.227 [pool-27-thread-1] DEBUG tests.output - Failing tests with true: 
[testQuinticMin(org.apache.commons.math.optimization.univariate.MultiStartUnivariateRealOptimizerTest): expected:<-0.2719561293> but was:<-0.2719561278056452>]
08:45:52.227 [pool-27-thread-1] INFO  f.i.l.r.n.synth.SMTNopolSynthesizer - Not enough specifications: 0. A trivial patch is "true" or "false", please write new tests specifying SourceLocation org.apache.commons.math.optimization.univariate.MultiStartUnivariateRealOptimizer:155.
08:45:52.227 [pool-2-thread-1] DEBUG fr.inria.lille.repair.nopol.NoPol - statement #13
08:45:52.227 [pool-2-thread-1] DEBUG fr.inria.lille.repair.nopol.NoPol - Analysing SourceLocation org.apache.commons.math.optimization.univariate.MultiStartUnivariateRealOptimizer:154 which is executed by 2 tests
-35370545
08:45:52.320 [pool-2-thread-1] DEBUG fr.inria.lille.repair.nopol.NoPol - statement #14
08:45:52.320 [pool-2-thread-1] DEBUG fr.inria.lille.repair.nopol.NoPol - Analysing SourceLocation org.apache.commons.math.optimization.univariate.MultiStartUnivariateRealOptimizer:153 which is executed by 2 tests
-35370545
08:45:52.413 [pool-2-thread-1] DEBUG fr.inria.lille.repair.nopol.NoPol - statement #15
08:45:52.413 [pool-2-thread-1] DEBUG fr.inria.lille.repair.nopol.NoPol - Analysing SourceLocation org.apache.commons.math.optimization.univariate.MultiStartUnivariateRealOptimizer:151 which is executed by 2 tests
-35370545
08:45:52.508 [pool-2-thread-1] DEBUG fr.inria.lille.repair.nopol.NoPol - looking with class fr.inria.lille.repair.nopol.spoon.smt.ConditionalAdder
java.lang.AssertionError: expected:<-0.2719561293> but was:<-0.2719561278056452>
    at org.junit.Assert.fail(Assert.java:88)
    at org.junit.Assert.failNotEquals(Assert.java:743)
    at org.junit.Assert.assertEquals(Assert.java:494)
    at org.junit.Assert.assertEquals(Assert.java:592)
    at org.apache.commons.math.optimization.univariate.MultiStartUnivariateRealOptimizerTest.testQuinticMin(MultiStartUnivariateRealOptimizerTest.java:71)
    at sun.reflect.NativeMethodAccessorImpl.invoke0(Native Method)
08:45:52.543 [pool-32-thread-1] INFO  xxl.java.junit.TestCasesListener - Tests run finished (30 ms)
<> Total tests run: 2
<> Ignored tests: 0
<> Failed tests: 1
~ testQuinticMin(org.apache.commons.math.optimization.univariate.MultiStartUnivariateRealOptimizerTest)
[expected:<-0.2719561293> but was:<-0.2719561278056452>]
java.lang.AssertionError: expected:<-0.2719561293> but was:<-0.2719561278056452>    at org.junit.Assert.fail(Assert.java:88)
    at org.junit.Assert.failNotEquals(Assert.java:743)
    at org.junit.Assert.assertEquals(Assert.java:494)
    at org.junit.Assert.assertEquals(Assert.java:592)
    at org.apache.commons.math.optimization.univariate.MultiStartUnivariateRealOptimizerTest.testQuinticMin(MultiStartUnivariateRealOptimizerTest.java:71)
    at sun.reflect.NativeMethodAccessorImpl.invoke0(Native Method)

org.apache.commons.math.exception.ConvergenceException: none of the 5 start points lead to convergence: convergence failed
    at org.apache.commons.math.optimization.univariate.MultiStartUnivariateRealOptimizer.optimize(MultiStartUnivariateRealOptimizer.java:91)
    at org.apache.commons.math.optimization.univariate.MultiStartUnivariateRealOptimizerTest.testQuinticMin(MultiStartUnivariateRealOptimizerTest.java:70)
    at sun.reflect.NativeMethodAccessorImpl.invoke0(Native Method)
    at sun.reflect.NativeMethodAccessorImpl.invoke(NativeMethodAccessorImpl.java:62)
    at sun.reflect.DelegatingMethodAccessorImpl.invoke(DelegatingMethodAccessorImpl.java:43)
    at java.lang.reflect.Method.invoke(Method.java:498)
08:45:52.753 [pool-33-thread-1] INFO  f.i.l.c.t.SpecificationTestCasesListener - Tests run finished (36 ms)
<> Total tests run: 1
<> Ignored tests: 0
<> Failed tests: 1
~ testQuinticMin(org.apache.commons.math.optimization.univariate.MultiStartUnivariateRealOptimizerTest)
[none of the 5 start points lead to convergence: convergence failed]
org.apache.commons.math.exception.ConvergenceException: none of the 5 start points lead to convergence: convergence failed    at org.apache.commons.math.optimization.univariate.MultiStartUnivariateRealOptimizer.optimize(MultiStartUnivariateRealOptimizer.java:91)
    at org.apache.commons.math.optimization.univariate.MultiStartUnivariateRealOptimizerTest.testQuinticMin(MultiStartUnivariateRealOptimizerTest.java:70)
    at sun.reflect.NativeMethodAccessorImpl.invoke0(Native Method)
    at sun.reflect.NativeMethodAccessorImpl.invoke(NativeMethodAccessorImpl.java:62)
    at sun.reflect.DelegatingMethodAccessorImpl.invoke(DelegatingMethodAccessorImpl.java:43)
    at java.lang.reflect.Method.invoke(Method.java:498)

java.lang.AssertionError: expected:<-0.2719561293> but was:<-0.2719561278056452>
    at org.junit.Assert.fail(Assert.java:88)
    at org.junit.Assert.failNotEquals(Assert.java:743)
    at org.junit.Assert.assertEquals(Assert.java:494)
    at org.junit.Assert.assertEquals(Assert.java:592)
    at org.apache.commons.math.optimization.univariate.MultiStartUnivariateRealOptimizerTest.testQuinticMin(MultiStartUnivariateRealOptimizerTest.java:71)
    at sun.reflect.NativeMethodAccessorImpl.invoke0(Native Method)
08:45:52.761 [pool-34-thread-1] INFO  f.i.l.c.t.SpecificationTestCasesListener - Tests run finished (3 ms)
<> Total tests run: 1
<> Ignored tests: 0
<> Failed tests: 1
~ testQuinticMin(org.apache.commons.math.optimization.univariate.MultiStartUnivariateRealOptimizerTest)
[expected:<-0.2719561293> but was:<-0.2719561278056452>]
java.lang.AssertionError: expected:<-0.2719561293> but was:<-0.2719561278056452>    at org.junit.Assert.fail(Assert.java:88)
    at org.junit.Assert.failNotEquals(Assert.java:743)
    at org.junit.Assert.assertEquals(Assert.java:494)
    at org.junit.Assert.assertEquals(Assert.java:592)
    at org.apache.commons.math.optimization.univariate.MultiStartUnivariateRealOptimizerTest.testQuinticMin(MultiStartUnivariateRealOptimizerTest.java:71)
    at sun.reflect.NativeMethodAccessorImpl.invoke0(Native Method)

08:45:52.769 [pool-31-thread-1] DEBUG tests.output - Failing tests with false: 
[testQuinticMin(org.apache.commons.math.optimization.univariate.MultiStartUnivariateRealOptimizerTest): none of the 5 start points lead to convergence: convergence failed]
08:45:52.769 [pool-31-thread-1] DEBUG tests.output - Failing tests with true: 
[testQuinticMin(org.apache.commons.math.optimization.univariate.MultiStartUnivariateRealOptimizerTest): expected:<-0.2719561293> but was:<-0.2719561278056452>]
08:45:52.769 [pool-31-thread-1] INFO  f.i.l.r.n.synth.SMTNopolSynthesizer - Not enough specifications: 0. A trivial patch is "true" or "false", please write new tests specifying SourceLocation org.apache.commons.math.optimization.univariate.MultiStartUnivariateRealOptimizer:151.
08:45:52.769 [pool-2-thread-1] DEBUG fr.inria.lille.repair.nopol.NoPol - statement #16
08:45:52.769 [pool-2-thread-1] DEBUG fr.inria.lille.repair.nopol.NoPol - Analysing SourceLocation org.apache.commons.math.optimization.univariate.MultiStartUnivariateRealOptimizer:148 which is executed by 2 tests
-35370545
08:45:52.860 [pool-2-thread-1] DEBUG fr.inria.lille.repair.nopol.NoPol - looking with class fr.inria.lille.repair.nopol.spoon.smt.ConditionalAdder
java.lang.AssertionError: expected:<-0.2719561293> but was:<-0.2719561278056452>
    at org.junit.Assert.fail(Assert.java:88)
    at org.junit.Assert.failNotEquals(Assert.java:743)
    at org.junit.Assert.assertEquals(Assert.java:494)
    at org.junit.Assert.assertEquals(Assert.java:592)
    at org.apache.commons.math.optimization.univariate.MultiStartUnivariateRealOptimizerTest.testQuinticMin(MultiStartUnivariateRealOptimizerTest.java:71)
    at sun.reflect.NativeMethodAccessorImpl.invoke0(Native Method)
08:45:52.894 [pool-36-thread-1] INFO  xxl.java.junit.TestCasesListener - Tests run finished (31 ms)
<> Total tests run: 2
<> Ignored tests: 0
<> Failed tests: 1
~ testQuinticMin(org.apache.commons.math.optimization.univariate.MultiStartUnivariateRealOptimizerTest)
[expected:<-0.2719561293> but was:<-0.2719561278056452>]
java.lang.AssertionError: expected:<-0.2719561293> but was:<-0.2719561278056452>    at org.junit.Assert.fail(Assert.java:88)
    at org.junit.Assert.failNotEquals(Assert.java:743)
    at org.junit.Assert.assertEquals(Assert.java:494)
    at org.junit.Assert.assertEquals(Assert.java:592)
    at org.apache.commons.math.optimization.univariate.MultiStartUnivariateRealOptimizerTest.testQuinticMin(MultiStartUnivariateRealOptimizerTest.java:71)
    at sun.reflect.NativeMethodAccessorImpl.invoke0(Native Method)

java.lang.AssertionError: expected:<-0.2719561293> but was:<-0.2719561278056452>
    at org.junit.Assert.fail(Assert.java:88)
    at org.junit.Assert.failNotEquals(Assert.java:743)
    at org.junit.Assert.assertEquals(Assert.java:494)
    at org.junit.Assert.assertEquals(Assert.java:592)
    at org.apache.commons.math.optimization.univariate.MultiStartUnivariateRealOptimizerTest.testQuinticMin(MultiStartUnivariateRealOptimizerTest.java:71)
    at sun.reflect.NativeMethodAccessorImpl.invoke0(Native Method)
08:45:53.072 [pool-37-thread-1] INFO  f.i.l.c.t.SpecificationTestCasesListener - Tests run finished (30 ms)
<> Total tests run: 1
<> Ignored tests: 0
<> Failed tests: 1
~ testQuinticMin(org.apache.commons.math.optimization.univariate.MultiStartUnivariateRealOptimizerTest)
[expected:<-0.2719561293> but was:<-0.2719561278056452>]
java.lang.AssertionError: expected:<-0.2719561293> but was:<-0.2719561278056452>    at org.junit.Assert.fail(Assert.java:88)
    at org.junit.Assert.failNotEquals(Assert.java:743)
    at org.junit.Assert.assertEquals(Assert.java:494)
    at org.junit.Assert.assertEquals(Assert.java:592)
    at org.apache.commons.math.optimization.univariate.MultiStartUnivariateRealOptimizerTest.testQuinticMin(MultiStartUnivariateRealOptimizerTest.java:71)
    at sun.reflect.NativeMethodAccessorImpl.invoke0(Native Method)

java.lang.AssertionError: expected:<-0.2719561293> but was:<-0.2719561278056452>
    at org.junit.Assert.fail(Assert.java:88)
    at org.junit.Assert.failNotEquals(Assert.java:743)
    at org.junit.Assert.assertEquals(Assert.java:494)
    at org.junit.Assert.assertEquals(Assert.java:592)
    at org.apache.commons.math.optimization.univariate.MultiStartUnivariateRealOptimizerTest.testQuinticMin(MultiStartUnivariateRealOptimizerTest.java:71)
    at sun.reflect.NativeMethodAccessorImpl.invoke0(Native Method)
08:45:53.076 [pool-38-thread-1] INFO  f.i.l.c.t.SpecificationTestCasesListener - Tests run finished (1 ms)
<> Total tests run: 1
<> Ignored tests: 0
<> Failed tests: 1
~ testQuinticMin(org.apache.commons.math.optimization.univariate.MultiStartUnivariateRealOptimizerTest)
[expected:<-0.2719561293> but was:<-0.2719561278056452>]
java.lang.AssertionError: expected:<-0.2719561293> but was:<-0.2719561278056452>    at org.junit.Assert.fail(Assert.java:88)
    at org.junit.Assert.failNotEquals(Assert.java:743)
    at org.junit.Assert.assertEquals(Assert.java:494)
    at org.junit.Assert.assertEquals(Assert.java:592)
    at org.apache.commons.math.optimization.univariate.MultiStartUnivariateRealOptimizerTest.testQuinticMin(MultiStartUnivariateRealOptimizerTest.java:71)
    at sun.reflect.NativeMethodAccessorImpl.invoke0(Native Method)

08:45:53.077 [pool-35-thread-1] DEBUG tests.output - Failing tests with false: 
[testQuinticMin(org.apache.commons.math.optimization.univariate.MultiStartUnivariateRealOptimizerTest): expected:<-0.2719561293> but was:<-0.2719561278056452>]
08:45:53.077 [pool-35-thread-1] DEBUG tests.output - Failing tests with true: 
[testQuinticMin(org.apache.commons.math.optimization.univariate.MultiStartUnivariateRealOptimizerTest): expected:<-0.2719561293> but was:<-0.2719561278056452>]
08:45:53.077 [pool-35-thread-1] INFO  f.i.l.r.n.synth.SMTNopolSynthesizer - Not enough specifications: 0. A trivial patch is "true" or "false", please write new tests specifying SourceLocation org.apache.commons.math.optimization.univariate.MultiStartUnivariateRealOptimizer:148.
08:45:53.077 [pool-2-thread-1] DEBUG fr.inria.lille.repair.nopol.NoPol - statement #17
08:45:53.077 [pool-2-thread-1] DEBUG fr.inria.lille.repair.nopol.NoPol - Analysing SourceLocation org.apache.commons.math.optimization.univariate.MultiStartUnivariateRealOptimizer:147 which is executed by 2 tests
-35370545
08:45:53.169 [pool-2-thread-1] DEBUG fr.inria.lille.repair.nopol.NoPol - looking with class fr.inria.lille.repair.nopol.spoon.smt.ConditionalAdder
java.lang.AssertionError: expected:<-0.2719561293> but was:<-0.2719561278056452>
    at org.junit.Assert.fail(Assert.java:88)
    at org.junit.Assert.failNotEquals(Assert.java:743)
    at org.junit.Assert.assertEquals(Assert.java:494)
    at org.junit.Assert.assertEquals(Assert.java:592)
    at org.apache.commons.math.optimization.univariate.MultiStartUnivariateRealOptimizerTest.testQuinticMin(MultiStartUnivariateRealOptimizerTest.java:71)
    at sun.reflect.NativeMethodAccessorImpl.invoke0(Native Method)
08:45:53.202 [pool-40-thread-1] INFO  xxl.java.junit.TestCasesListener - Tests run finished (31 ms)
<> Total tests run: 2
<> Ignored tests: 0
<> Failed tests: 1
~ testQuinticMin(org.apache.commons.math.optimization.univariate.MultiStartUnivariateRealOptimizerTest)
[expected:<-0.2719561293> but was:<-0.2719561278056452>]
java.lang.AssertionError: expected:<-0.2719561293> but was:<-0.2719561278056452>    at org.junit.Assert.fail(Assert.java:88)
    at org.junit.Assert.failNotEquals(Assert.java:743)
    at org.junit.Assert.assertEquals(Assert.java:494)
    at org.junit.Assert.assertEquals(Assert.java:592)
    at org.apache.commons.math.optimization.univariate.MultiStartUnivariateRealOptimizerTest.testQuinticMin(MultiStartUnivariateRealOptimizerTest.java:71)
    at sun.reflect.NativeMethodAccessorImpl.invoke0(Native Method)

java.lang.NullPointerException
    at org.apache.commons.math.optimization.univariate.MultiStartUnivariateRealOptimizer.optimize(MultiStartUnivariateRealOptimizer.java:79)
    at org.apache.commons.math.optimization.univariate.MultiStartUnivariateRealOptimizerTest.testQuinticMin(MultiStartUnivariateRealOptimizerTest.java:70)
    at sun.reflect.NativeMethodAccessorImpl.invoke0(Native Method)
    at sun.reflect.NativeMethodAccessorImpl.invoke(NativeMethodAccessorImpl.java:62)
    at sun.reflect.DelegatingMethodAccessorImpl.invoke(DelegatingMethodAccessorImpl.java:43)
    at java.lang.reflect.Method.invoke(Method.java:498)
08:45:53.385 [pool-41-thread-1] INFO  f.i.l.c.t.SpecificationTestCasesListener - Tests run finished (29 ms)
<> Total tests run: 1
<> Ignored tests: 0
<> Failed tests: 1
~ testQuinticMin(org.apache.commons.math.optimization.univariate.MultiStartUnivariateRealOptimizerTest)
[null]
java.lang.NullPointerException    at org.apache.commons.math.optimization.univariate.MultiStartUnivariateRealOptimizer.optimize(MultiStartUnivariateRealOptimizer.java:79)
    at org.apache.commons.math.optimization.univariate.MultiStartUnivariateRealOptimizerTest.testQuinticMin(MultiStartUnivariateRealOptimizerTest.java:70)
    at sun.reflect.NativeMethodAccessorImpl.invoke0(Native Method)
    at sun.reflect.NativeMethodAccessorImpl.invoke(NativeMethodAccessorImpl.java:62)
    at sun.reflect.DelegatingMethodAccessorImpl.invoke(DelegatingMethodAccessorImpl.java:43)
    at java.lang.reflect.Method.invoke(Method.java:498)

java.lang.AssertionError: expected:<-0.2719561293> but was:<-0.2719561278056452>
    at org.junit.Assert.fail(Assert.java:88)
    at org.junit.Assert.failNotEquals(Assert.java:743)
    at org.junit.Assert.assertEquals(Assert.java:494)
    at org.junit.Assert.assertEquals(Assert.java:592)
    at org.apache.commons.math.optimization.univariate.MultiStartUnivariateRealOptimizerTest.testQuinticMin(MultiStartUnivariateRealOptimizerTest.java:71)
    at sun.reflect.NativeMethodAccessorImpl.invoke0(Native Method)
08:45:53.388 [pool-42-thread-1] INFO  f.i.l.c.t.SpecificationTestCasesListener - Tests run finished (2 ms)
<> Total tests run: 1
<> Ignored tests: 0
<> Failed tests: 1
~ testQuinticMin(org.apache.commons.math.optimization.univariate.MultiStartUnivariateRealOptimizerTest)
[expected:<-0.2719561293> but was:<-0.2719561278056452>]
java.lang.AssertionError: expected:<-0.2719561293> but was:<-0.2719561278056452>    at org.junit.Assert.fail(Assert.java:88)
    at org.junit.Assert.failNotEquals(Assert.java:743)
    at org.junit.Assert.assertEquals(Assert.java:494)
    at org.junit.Assert.assertEquals(Assert.java:592)
    at org.apache.commons.math.optimization.univariate.MultiStartUnivariateRealOptimizerTest.testQuinticMin(MultiStartUnivariateRealOptimizerTest.java:71)
    at sun.reflect.NativeMethodAccessorImpl.invoke0(Native Method)

08:45:53.388 [pool-39-thread-1] DEBUG tests.output - Failing tests with false: 
[testQuinticMin(org.apache.commons.math.optimization.univariate.MultiStartUnivariateRealOptimizerTest): null]
08:45:53.388 [pool-39-thread-1] DEBUG tests.output - Failing tests with true: 
[testQuinticMin(org.apache.commons.math.optimization.univariate.MultiStartUnivariateRealOptimizerTest): expected:<-0.2719561293> but was:<-0.2719561278056452>]
08:45:53.388 [pool-39-thread-1] INFO  f.i.l.r.n.synth.SMTNopolSynthesizer - Not enough specifications: 0. A trivial patch is "true" or "false", please write new tests specifying SourceLocation org.apache.commons.math.optimization.univariate.MultiStartUnivariateRealOptimizer:147.
08:45:53.388 [pool-2-thread-1] DEBUG fr.inria.lille.repair.nopol.NoPol - statement #18
08:45:53.389 [pool-2-thread-1] DEBUG fr.inria.lille.repair.nopol.NoPol - Analysing SourceLocation org.apache.commons.math.optimization.univariate.AbstractUnivariateRealOptimizer:60 which is executed by 3 tests
-850389962
08:45:53.474 [pool-2-thread-1] DEBUG fr.inria.lille.repair.nopol.NoPol - statement #19
08:45:53.474 [pool-2-thread-1] DEBUG fr.inria.lille.repair.nopol.NoPol - Analysing SourceLocation org.apache.commons.math.optimization.univariate.AbstractUnivariateRealOptimizer:65 which is executed by 5 tests
-850389962
08:45:53.560 [pool-2-thread-1] DEBUG fr.inria.lille.repair.nopol.NoPol - statement #20
08:45:53.560 [pool-2-thread-1] DEBUG fr.inria.lille.repair.nopol.NoPol - Analysing SourceLocation org.apache.commons.math.optimization.univariate.BrentOptimizer:231 which is executed by 5 tests
192698619
08:45:53.648 [pool-2-thread-1] DEBUG fr.inria.lille.repair.nopol.NoPol - statement #21
08:45:53.648 [pool-2-thread-1] DEBUG fr.inria.lille.repair.nopol.NoPol - Analysing SourceLocation org.apache.commons.math.optimization.univariate.BrentOptimizer:230 which is executed by 5 tests
192698619
08:45:53.735 [pool-2-thread-1] DEBUG fr.inria.lille.repair.nopol.NoPol - statement #22
08:45:53.736 [pool-2-thread-1] DEBUG fr.inria.lille.repair.nopol.NoPol - Analysing SourceLocation org.apache.commons.math.optimization.univariate.UnivariateRealPointValuePair:65 which is executed by 5 tests
563473402
08:45:53.828 [pool-2-thread-1] DEBUG fr.inria.lille.repair.nopol.NoPol - statement #23
08:45:53.828 [pool-2-thread-1] DEBUG fr.inria.lille.repair.nopol.NoPol - Analysing SourceLocation org.apache.commons.math.optimization.univariate.AbstractUnivariateRealOptimizer:144 which is executed by 6 tests
-850389962
08:45:53.932 [pool-2-thread-1] DEBUG fr.inria.lille.repair.nopol.NoPol - statement #24
08:45:53.933 [pool-2-thread-1] DEBUG fr.inria.lille.repair.nopol.NoPol - Analysing SourceLocation org.apache.commons.math.optimization.univariate.BrentOptimizer:216 which is executed by 7 tests
192698619
08:45:54.041 [pool-2-thread-1] DEBUG fr.inria.lille.repair.nopol.NoPol - looking with class fr.inria.lille.repair.nopol.spoon.smt.ConditionalAdder
java.lang.AssertionError: expected:<-0.2719561293> but was:<-0.2719561278056452>
    at org.junit.Assert.fail(Assert.java:88)
    at org.junit.Assert.failNotEquals(Assert.java:743)
    at org.junit.Assert.assertEquals(Assert.java:494)
    at org.junit.Assert.assertEquals(Assert.java:592)
    at org.apache.commons.math.optimization.univariate.MultiStartUnivariateRealOptimizerTest.testQuinticMin(MultiStartUnivariateRealOptimizerTest.java:71)
    at sun.reflect.NativeMethodAccessorImpl.invoke0(Native Method)
08:45:54.078 [pool-44-thread-1] INFO  xxl.java.junit.TestCasesListener - Tests run finished (35 ms)
<> Total tests run: 2
<> Ignored tests: 0
<> Failed tests: 1
~ testQuinticMin(org.apache.commons.math.optimization.univariate.MultiStartUnivariateRealOptimizerTest)
[expected:<-0.2719561293> but was:<-0.2719561278056452>]
java.lang.AssertionError: expected:<-0.2719561293> but was:<-0.2719561278056452>    at org.junit.Assert.fail(Assert.java:88)
    at org.junit.Assert.failNotEquals(Assert.java:743)
    at org.junit.Assert.assertEquals(Assert.java:494)
    at org.junit.Assert.assertEquals(Assert.java:592)
    at org.apache.commons.math.optimization.univariate.MultiStartUnivariateRealOptimizerTest.testQuinticMin(MultiStartUnivariateRealOptimizerTest.java:71)
    at sun.reflect.NativeMethodAccessorImpl.invoke0(Native Method)

java.lang.AssertionError: expected:<-0.2719561293> but was:<-0.2792165989221658>
    at org.junit.Assert.fail(Assert.java:88)
    at org.junit.Assert.failNotEquals(Assert.java:743)
    at org.junit.Assert.assertEquals(Assert.java:494)
    at org.junit.Assert.assertEquals(Assert.java:592)
    at org.apache.commons.math.optimization.univariate.MultiStartUnivariateRealOptimizerTest.testQuinticMin(MultiStartUnivariateRealOptimizerTest.java:71)
    at sun.reflect.NativeMethodAccessorImpl.invoke0(Native Method)
08:45:54.376 [pool-45-thread-1] INFO  f.i.l.c.t.SpecificationTestCasesListener - Tests run finished (37 ms)
<> Total tests run: 1
<> Ignored tests: 0
<> Failed tests: 1
~ testQuinticMin(org.apache.commons.math.optimization.univariate.MultiStartUnivariateRealOptimizerTest)
[expected:<-0.2719561293> but was:<-0.2792165989221658>]
java.lang.AssertionError: expected:<-0.2719561293> but was:<-0.2792165989221658>    at org.junit.Assert.fail(Assert.java:88)
    at org.junit.Assert.failNotEquals(Assert.java:743)
    at org.junit.Assert.assertEquals(Assert.java:494)
    at org.junit.Assert.assertEquals(Assert.java:592)
    at org.apache.commons.math.optimization.univariate.MultiStartUnivariateRealOptimizerTest.testQuinticMin(MultiStartUnivariateRealOptimizerTest.java:71)
    at sun.reflect.NativeMethodAccessorImpl.invoke0(Native Method)

java.lang.AssertionError: expected:<-0.2719561293> but was:<-0.2719561278056452>
    at org.junit.Assert.fail(Assert.java:88)
    at org.junit.Assert.failNotEquals(Assert.java:743)
    at org.junit.Assert.assertEquals(Assert.java:494)
    at org.junit.Assert.assertEquals(Assert.java:592)
    at org.apache.commons.math.optimization.univariate.MultiStartUnivariateRealOptimizerTest.testQuinticMin(MultiStartUnivariateRealOptimizerTest.java:71)
    at sun.reflect.NativeMethodAccessorImpl.invoke0(Native Method)
08:45:54.382 [pool-46-thread-1] INFO  f.i.l.c.t.SpecificationTestCasesListener - Tests run finished (4 ms)
<> Total tests run: 1
<> Ignored tests: 0
<> Failed tests: 1
~ testQuinticMin(org.apache.commons.math.optimization.univariate.MultiStartUnivariateRealOptimizerTest)
[expected:<-0.2719561293> but was:<-0.2719561278056452>]
java.lang.AssertionError: expected:<-0.2719561293> but was:<-0.2719561278056452>    at org.junit.Assert.fail(Assert.java:88)
    at org.junit.Assert.failNotEquals(Assert.java:743)
    at org.junit.Assert.assertEquals(Assert.java:494)
    at org.junit.Assert.assertEquals(Assert.java:592)
    at org.apache.commons.math.optimization.univariate.MultiStartUnivariateRealOptimizerTest.testQuinticMin(MultiStartUnivariateRealOptimizerTest.java:71)
    at sun.reflect.NativeMethodAccessorImpl.invoke0(Native Method)

08:45:54.383 [pool-43-thread-1] DEBUG tests.output - Failing tests with false: 
[testQuinticMin(org.apache.commons.math.optimization.univariate.MultiStartUnivariateRealOptimizerTest): expected:<-0.2719561293> but was:<-0.2792165989221658>]
08:45:54.383 [pool-43-thread-1] DEBUG tests.output - Failing tests with true: 
[testQuinticMin(org.apache.commons.math.optimization.univariate.MultiStartUnivariateRealOptimizerTest): expected:<-0.2719561293> but was:<-0.2719561278056452>]
08:45:54.383 [pool-43-thread-1] INFO  f.i.l.r.n.synth.SMTNopolSynthesizer - Not enough specifications: 0. A trivial patch is "true" or "false", please write new tests specifying SourceLocation org.apache.commons.math.optimization.univariate.BrentOptimizer:216.
08:45:54.383 [pool-2-thread-1] DEBUG fr.inria.lille.repair.nopol.NoPol - statement #25
08:45:54.383 [pool-2-thread-1] DEBUG fr.inria.lille.repair.nopol.NoPol - Analysing SourceLocation org.apache.commons.math.optimization.univariate.BrentOptimizer:215 which is executed by 7 tests
192698619
08:45:54.490 [pool-2-thread-1] DEBUG fr.inria.lille.repair.nopol.NoPol - looking with class fr.inria.lille.repair.nopol.spoon.smt.ConditionalAdder
java.lang.AssertionError: expected:<-0.2719561293> but was:<-0.2719561278056452>
    at org.junit.Assert.fail(Assert.java:88)
    at org.junit.Assert.failNotEquals(Assert.java:743)
    at org.junit.Assert.assertEquals(Assert.java:494)
    at org.junit.Assert.assertEquals(Assert.java:592)
    at org.apache.commons.math.optimization.univariate.MultiStartUnivariateRealOptimizerTest.testQuinticMin(MultiStartUnivariateRealOptimizerTest.java:71)
    at sun.reflect.NativeMethodAccessorImpl.invoke0(Native Method)
08:45:54.525 [pool-48-thread-1] INFO  xxl.java.junit.TestCasesListener - Tests run finished (32 ms)
<> Total tests run: 2
<> Ignored tests: 0
<> Failed tests: 1
~ testQuinticMin(org.apache.commons.math.optimization.univariate.MultiStartUnivariateRealOptimizerTest)
[expected:<-0.2719561293> but was:<-0.2719561278056452>]
java.lang.AssertionError: expected:<-0.2719561293> but was:<-0.2719561278056452>    at org.junit.Assert.fail(Assert.java:88)
    at org.junit.Assert.failNotEquals(Assert.java:743)
    at org.junit.Assert.assertEquals(Assert.java:494)
    at org.junit.Assert.assertEquals(Assert.java:592)
    at org.apache.commons.math.optimization.univariate.MultiStartUnivariateRealOptimizerTest.testQuinticMin(MultiStartUnivariateRealOptimizerTest.java:71)
    at sun.reflect.NativeMethodAccessorImpl.invoke0(Native Method)

org.apache.commons.math.exception.TooManyEvaluationsException: evaluations: maximal count (300) exceeded
    at org.apache.commons.math.optimization.univariate.AbstractUnivariateRealOptimizer.computeObjectiveValue(AbstractUnivariateRealOptimizer.java:108)
    at org.apache.commons.math.optimization.univariate.BrentOptimizer.doOptimize(BrentOptimizer.java:108)
    at org.apache.commons.math.optimization.univariate.AbstractUnivariateRealOptimizer.optimize(AbstractUnivariateRealOptimizer.java:136)
    at org.apache.commons.math.optimization.univariate.AbstractUnivariateRealOptimizer.optimize(AbstractUnivariateRealOptimizer.java:144)
    at org.apache.commons.math.optimization.univariate.MultiStartUnivariateRealOptimizer.optimize(MultiStartUnivariateRealOptimizer.java:155)
    at org.apache.commons.math.optimization.univariate.MultiStartUnivariateRealOptimizerTest.testQuinticMin(MultiStartUnivariateRealOptimizerTest.java:70)
08:45:54.817 [pool-49-thread-1] INFO  f.i.l.c.t.SpecificationTestCasesListener - Tests run finished (47 ms)
<> Total tests run: 1
<> Ignored tests: 0
<> Failed tests: 1
~ testQuinticMin(org.apache.commons.math.optimization.univariate.MultiStartUnivariateRealOptimizerTest)
[evaluations: maximal count (300) exceeded]
org.apache.commons.math.exception.TooManyEvaluationsException: evaluations: maximal count (300) exceeded    at org.apache.commons.math.optimization.univariate.AbstractUnivariateRealOptimizer.computeObjectiveValue(AbstractUnivariateRealOptimizer.java:108)
    at org.apache.commons.math.optimization.univariate.BrentOptimizer.doOptimize(BrentOptimizer.java:108)
    at org.apache.commons.math.optimization.univariate.AbstractUnivariateRealOptimizer.optimize(AbstractUnivariateRealOptimizer.java:136)
    at org.apache.commons.math.optimization.univariate.AbstractUnivariateRealOptimizer.optimize(AbstractUnivariateRealOptimizer.java:144)
    at org.apache.commons.math.optimization.univariate.MultiStartUnivariateRealOptimizer.optimize(MultiStartUnivariateRealOptimizer.java:155)
    at org.apache.commons.math.optimization.univariate.MultiStartUnivariateRealOptimizerTest.testQuinticMin(MultiStartUnivariateRealOptimizerTest.java:70)

java.lang.AssertionError: expected:<-0.2719561293> but was:<-0.2719561278056452>
    at org.junit.Assert.fail(Assert.java:88)
    at org.junit.Assert.failNotEquals(Assert.java:743)
    at org.junit.Assert.assertEquals(Assert.java:494)
    at org.junit.Assert.assertEquals(Assert.java:592)
    at org.apache.commons.math.optimization.univariate.MultiStartUnivariateRealOptimizerTest.testQuinticMin(MultiStartUnivariateRealOptimizerTest.java:71)
    at sun.reflect.NativeMethodAccessorImpl.invoke0(Native Method)
08:45:54.825 [pool-50-thread-1] INFO  f.i.l.c.t.SpecificationTestCasesListener - Tests run finished (6 ms)
<> Total tests run: 1
<> Ignored tests: 0
<> Failed tests: 1
~ testQuinticMin(org.apache.commons.math.optimization.univariate.MultiStartUnivariateRealOptimizerTest)
[expected:<-0.2719561293> but was:<-0.2719561278056452>]
java.lang.AssertionError: expected:<-0.2719561293> but was:<-0.2719561278056452>    at org.junit.Assert.fail(Assert.java:88)
    at org.junit.Assert.failNotEquals(Assert.java:743)
    at org.junit.Assert.assertEquals(Assert.java:494)
    at org.junit.Assert.assertEquals(Assert.java:592)
    at org.apache.commons.math.optimization.univariate.MultiStartUnivariateRealOptimizerTest.testQuinticMin(MultiStartUnivariateRealOptimizerTest.java:71)
    at sun.reflect.NativeMethodAccessorImpl.invoke0(Native Method)

08:45:54.825 [pool-47-thread-1] DEBUG tests.output - Failing tests with false: 
[testQuinticMin(org.apache.commons.math.optimization.univariate.MultiStartUnivariateRealOptimizerTest): evaluations: maximal count (300) exceeded]
08:45:54.825 [pool-47-thread-1] DEBUG tests.output - Failing tests with true: 
[testQuinticMin(org.apache.commons.math.optimization.univariate.MultiStartUnivariateRealOptimizerTest): expected:<-0.2719561293> but was:<-0.2719561278056452>]
08:45:54.825 [pool-47-thread-1] INFO  f.i.l.r.n.synth.SMTNopolSynthesizer - Not enough specifications: 0. A trivial patch is "true" or "false", please write new tests specifying SourceLocation org.apache.commons.math.optimization.univariate.BrentOptimizer:215.
08:45:54.826 [pool-2-thread-1] DEBUG fr.inria.lille.repair.nopol.NoPol - statement #26
08:45:54.826 [pool-2-thread-1] DEBUG fr.inria.lille.repair.nopol.NoPol - Analysing SourceLocation org.apache.commons.math.optimization.univariate.BrentOptimizer:214 which is executed by 7 tests
192698619
08:45:54.944 [pool-2-thread-1] DEBUG fr.inria.lille.repair.nopol.NoPol - looking with class fr.inria.lille.repair.nopol.spoon.smt.ConditionalAdder
java.lang.AssertionError: expected:<-0.2719561293> but was:<-0.2719561278056452>
    at org.junit.Assert.fail(Assert.java:88)
    at org.junit.Assert.failNotEquals(Assert.java:743)
    at org.junit.Assert.assertEquals(Assert.java:494)
    at org.junit.Assert.assertEquals(Assert.java:592)
    at org.apache.commons.math.optimization.univariate.MultiStartUnivariateRealOptimizerTest.testQuinticMin(MultiStartUnivariateRealOptimizerTest.java:71)
    at sun.reflect.NativeMethodAccessorImpl.invoke0(Native Method)
08:45:54.987 [pool-52-thread-1] INFO  xxl.java.junit.TestCasesListener - Tests run finished (36 ms)
<> Total tests run: 2
<> Ignored tests: 0
<> Failed tests: 1
~ testQuinticMin(org.apache.commons.math.optimization.univariate.MultiStartUnivariateRealOptimizerTest)
[expected:<-0.2719561293> but was:<-0.2719561278056452>]
java.lang.AssertionError: expected:<-0.2719561293> but was:<-0.2719561278056452>    at org.junit.Assert.fail(Assert.java:88)
    at org.junit.Assert.failNotEquals(Assert.java:743)
    at org.junit.Assert.assertEquals(Assert.java:494)
    at org.junit.Assert.assertEquals(Assert.java:592)
    at org.apache.commons.math.optimization.univariate.MultiStartUnivariateRealOptimizerTest.testQuinticMin(MultiStartUnivariateRealOptimizerTest.java:71)
    at sun.reflect.NativeMethodAccessorImpl.invoke0(Native Method)

java.lang.AssertionError: expected:<-0.2719561293> but was:<-0.27195612801281244>
    at org.junit.Assert.fail(Assert.java:88)
    at org.junit.Assert.failNotEquals(Assert.java:743)
    at org.junit.Assert.assertEquals(Assert.java:494)
    at org.junit.Assert.assertEquals(Assert.java:592)
    at org.apache.commons.math.optimization.univariate.MultiStartUnivariateRealOptimizerTest.testQuinticMin(MultiStartUnivariateRealOptimizerTest.java:71)
    at sun.reflect.NativeMethodAccessorImpl.invoke0(Native Method)
08:45:55.197 [pool-53-thread-1] INFO  f.i.l.c.t.SpecificationTestCasesListener - Tests run finished (47 ms)
<> Total tests run: 1
<> Ignored tests: 0
<> Failed tests: 1
~ testQuinticMin(org.apache.commons.math.optimization.univariate.MultiStartUnivariateRealOptimizerTest)
[expected:<-0.2719561293> but was:<-0.27195612801281244>]
java.lang.AssertionError: expected:<-0.2719561293> but was:<-0.27195612801281244>    at org.junit.Assert.fail(Assert.java:88)
    at org.junit.Assert.failNotEquals(Assert.java:743)
    at org.junit.Assert.assertEquals(Assert.java:494)
    at org.junit.Assert.assertEquals(Assert.java:592)
    at org.apache.commons.math.optimization.univariate.MultiStartUnivariateRealOptimizerTest.testQuinticMin(MultiStartUnivariateRealOptimizerTest.java:71)
    at sun.reflect.NativeMethodAccessorImpl.invoke0(Native Method)

java.lang.AssertionError: expected:<-0.2719561293> but was:<-0.2719561278056452>
    at org.junit.Assert.fail(Assert.java:88)
    at org.junit.Assert.failNotEquals(Assert.java:743)
    at org.junit.Assert.assertEquals(Assert.java:494)
    at org.junit.Assert.assertEquals(Assert.java:592)
    at org.apache.commons.math.optimization.univariate.MultiStartUnivariateRealOptimizerTest.testQuinticMin(MultiStartUnivariateRealOptimizerTest.java:71)
    at sun.reflect.NativeMethodAccessorImpl.invoke0(Native Method)
08:45:55.200 [pool-54-thread-1] INFO  f.i.l.c.t.SpecificationTestCasesListener - Tests run finished (3 ms)
<> Total tests run: 1
<> Ignored tests: 0
<> Failed tests: 1
~ testQuinticMin(org.apache.commons.math.optimization.univariate.MultiStartUnivariateRealOptimizerTest)
[expected:<-0.2719561293> but was:<-0.2719561278056452>]
java.lang.AssertionError: expected:<-0.2719561293> but was:<-0.2719561278056452>    at org.junit.Assert.fail(Assert.java:88)
    at org.junit.Assert.failNotEquals(Assert.java:743)
    at org.junit.Assert.assertEquals(Assert.java:494)
    at org.junit.Assert.assertEquals(Assert.java:592)
    at org.apache.commons.math.optimization.univariate.MultiStartUnivariateRealOptimizerTest.testQuinticMin(MultiStartUnivariateRealOptimizerTest.java:71)
    at sun.reflect.NativeMethodAccessorImpl.invoke0(Native Method)

08:45:55.200 [pool-51-thread-1] DEBUG tests.output - Failing tests with false: 
[testQuinticMin(org.apache.commons.math.optimization.univariate.MultiStartUnivariateRealOptimizerTest): expected:<-0.2719561293> but was:<-0.27195612801281244>]
08:45:55.200 [pool-51-thread-1] DEBUG tests.output - Failing tests with true: 
[testQuinticMin(org.apache.commons.math.optimization.univariate.MultiStartUnivariateRealOptimizerTest): expected:<-0.2719561293> but was:<-0.2719561278056452>]
08:45:55.200 [pool-51-thread-1] INFO  f.i.l.r.n.synth.SMTNopolSynthesizer - Not enough specifications: 0. A trivial patch is "true" or "false", please write new tests specifying SourceLocation org.apache.commons.math.optimization.univariate.BrentOptimizer:214.
08:45:55.201 [pool-2-thread-1] DEBUG fr.inria.lille.repair.nopol.NoPol - statement #27
08:45:55.201 [pool-2-thread-1] DEBUG fr.inria.lille.repair.nopol.NoPol - Analysing SourceLocation org.apache.commons.math.optimization.univariate.BrentOptimizer:213 which is executed by 7 tests
192698619
08:45:55.288 [pool-2-thread-1] DEBUG fr.inria.lille.repair.nopol.NoPol - looking with class fr.inria.lille.repair.nopol.spoon.smt.ConditionalAdder
java.lang.AssertionError: expected:<-0.2719561293> but was:<-0.2719561278056452>
    at org.junit.Assert.fail(Assert.java:88)
    at org.junit.Assert.failNotEquals(Assert.java:743)
    at org.junit.Assert.assertEquals(Assert.java:494)
    at org.junit.Assert.assertEquals(Assert.java:592)
    at org.apache.commons.math.optimization.univariate.MultiStartUnivariateRealOptimizerTest.testQuinticMin(MultiStartUnivariateRealOptimizerTest.java:71)
    at sun.reflect.NativeMethodAccessorImpl.invoke0(Native Method)
08:45:55.347 [pool-56-thread-1] INFO  xxl.java.junit.TestCasesListener - Tests run finished (32 ms)
<> Total tests run: 2
<> Ignored tests: 0
<> Failed tests: 1
~ testQuinticMin(org.apache.commons.math.optimization.univariate.MultiStartUnivariateRealOptimizerTest)
[expected:<-0.2719561293> but was:<-0.2719561278056452>]
java.lang.AssertionError: expected:<-0.2719561293> but was:<-0.2719561278056452>    at org.junit.Assert.fail(Assert.java:88)
    at org.junit.Assert.failNotEquals(Assert.java:743)
    at org.junit.Assert.assertEquals(Assert.java:494)
    at org.junit.Assert.assertEquals(Assert.java:592)
    at org.apache.commons.math.optimization.univariate.MultiStartUnivariateRealOptimizerTest.testQuinticMin(MultiStartUnivariateRealOptimizerTest.java:71)
    at sun.reflect.NativeMethodAccessorImpl.invoke0(Native Method)

java.lang.AssertionError: expected:<-0.2719561293> but was:<-0.27195612800121166>
    at org.junit.Assert.fail(Assert.java:88)
    at org.junit.Assert.failNotEquals(Assert.java:743)
    at org.junit.Assert.assertEquals(Assert.java:494)
    at org.junit.Assert.assertEquals(Assert.java:592)
    at org.apache.commons.math.optimization.univariate.MultiStartUnivariateRealOptimizerTest.testQuinticMin(MultiStartUnivariateRealOptimizerTest.java:71)
    at sun.reflect.NativeMethodAccessorImpl.invoke0(Native Method)
08:45:55.523 [pool-57-thread-1] INFO  f.i.l.c.t.SpecificationTestCasesListener - Tests run finished (32 ms)
<> Total tests run: 1
<> Ignored tests: 0
<> Failed tests: 1
~ testQuinticMin(org.apache.commons.math.optimization.univariate.MultiStartUnivariateRealOptimizerTest)
[expected:<-0.2719561293> but was:<-0.27195612800121166>]
java.lang.AssertionError: expected:<-0.2719561293> but was:<-0.27195612800121166>    at org.junit.Assert.fail(Assert.java:88)
    at org.junit.Assert.failNotEquals(Assert.java:743)
    at org.junit.Assert.assertEquals(Assert.java:494)
    at org.junit.Assert.assertEquals(Assert.java:592)
    at org.apache.commons.math.optimization.univariate.MultiStartUnivariateRealOptimizerTest.testQuinticMin(MultiStartUnivariateRealOptimizerTest.java:71)
    at sun.reflect.NativeMethodAccessorImpl.invoke0(Native Method)

java.lang.AssertionError: expected:<-0.2719561293> but was:<-0.2719561278056452>
    at org.junit.Assert.fail(Assert.java:88)
    at org.junit.Assert.failNotEquals(Assert.java:743)
    at org.junit.Assert.assertEquals(Assert.java:494)
    at org.junit.Assert.assertEquals(Assert.java:592)
    at org.apache.commons.math.optimization.univariate.MultiStartUnivariateRealOptimizerTest.testQuinticMin(MultiStartUnivariateRealOptimizerTest.java:71)
    at sun.reflect.NativeMethodAccessorImpl.invoke0(Native Method)
08:45:55.526 [pool-58-thread-1] INFO  f.i.l.c.t.SpecificationTestCasesListener - Tests run finished (2 ms)
<> Total tests run: 1
<> Ignored tests: 0
<> Failed tests: 1
~ testQuinticMin(org.apache.commons.math.optimization.univariate.MultiStartUnivariateRealOptimizerTest)
[expected:<-0.2719561293> but was:<-0.2719561278056452>]
java.lang.AssertionError: expected:<-0.2719561293> but was:<-0.2719561278056452>    at org.junit.Assert.fail(Assert.java:88)
    at org.junit.Assert.failNotEquals(Assert.java:743)
    at org.junit.Assert.assertEquals(Assert.java:494)
    at org.junit.Assert.assertEquals(Assert.java:592)
    at org.apache.commons.math.optimization.univariate.MultiStartUnivariateRealOptimizerTest.testQuinticMin(MultiStartUnivariateRealOptimizerTest.java:71)
    at sun.reflect.NativeMethodAccessorImpl.invoke0(Native Method)

08:45:55.526 [pool-55-thread-1] DEBUG tests.output - Failing tests with false: 
[testQuinticMin(org.apache.commons.math.optimization.univariate.MultiStartUnivariateRealOptimizerTest): expected:<-0.2719561293> but was:<-0.27195612800121166>]
08:45:55.526 [pool-55-thread-1] DEBUG tests.output - Failing tests with true: 
[testQuinticMin(org.apache.commons.math.optimization.univariate.MultiStartUnivariateRealOptimizerTest): expected:<-0.2719561293> but was:<-0.2719561278056452>]
08:45:55.526 [pool-55-thread-1] INFO  f.i.l.r.n.synth.SMTNopolSynthesizer - Not enough specifications: 0. A trivial patch is "true" or "false", please write new tests specifying SourceLocation org.apache.commons.math.optimization.univariate.BrentOptimizer:213.
08:45:55.526 [pool-2-thread-1] DEBUG fr.inria.lille.repair.nopol.NoPol - statement #28
08:45:55.526 [pool-2-thread-1] DEBUG fr.inria.lille.repair.nopol.NoPol - Analysing SourceLocation org.apache.commons.math.optimization.univariate.BrentOptimizer:212 which is executed by 7 tests
192698619
08:45:55.612 [pool-2-thread-1] DEBUG fr.inria.lille.repair.nopol.NoPol - looking with class fr.inria.lille.repair.nopol.spoon.smt.ConditionalAdder
java.lang.AssertionError: expected:<-0.2719561293> but was:<-0.2719561278056452>
    at org.junit.Assert.fail(Assert.java:88)
    at org.junit.Assert.failNotEquals(Assert.java:743)
    at org.junit.Assert.assertEquals(Assert.java:494)
    at org.junit.Assert.assertEquals(Assert.java:592)
    at org.apache.commons.math.optimization.univariate.MultiStartUnivariateRealOptimizerTest.testQuinticMin(MultiStartUnivariateRealOptimizerTest.java:71)
    at sun.reflect.NativeMethodAccessorImpl.invoke0(Native Method)
08:45:55.645 [pool-60-thread-1] INFO  xxl.java.junit.TestCasesListener - Tests run finished (30 ms)
<> Total tests run: 2
<> Ignored tests: 0
<> Failed tests: 1
~ testQuinticMin(org.apache.commons.math.optimization.univariate.MultiStartUnivariateRealOptimizerTest)
[expected:<-0.2719561293> but was:<-0.2719561278056452>]
java.lang.AssertionError: expected:<-0.2719561293> but was:<-0.2719561278056452>    at org.junit.Assert.fail(Assert.java:88)
    at org.junit.Assert.failNotEquals(Assert.java:743)
    at org.junit.Assert.assertEquals(Assert.java:494)
    at org.junit.Assert.assertEquals(Assert.java:592)
    at org.apache.commons.math.optimization.univariate.MultiStartUnivariateRealOptimizerTest.testQuinticMin(MultiStartUnivariateRealOptimizerTest.java:71)
    at sun.reflect.NativeMethodAccessorImpl.invoke0(Native Method)

java.lang.AssertionError: expected:<-0.2719561293> but was:<-0.2719561273987997>
    at org.junit.Assert.fail(Assert.java:88)
    at org.junit.Assert.failNotEquals(Assert.java:743)
    at org.junit.Assert.assertEquals(Assert.java:494)
    at org.junit.Assert.assertEquals(Assert.java:592)
    at org.apache.commons.math.optimization.univariate.MultiStartUnivariateRealOptimizerTest.testQuinticMin(MultiStartUnivariateRealOptimizerTest.java:71)
    at sun.reflect.NativeMethodAccessorImpl.invoke0(Native Method)
08:45:55.812 [pool-61-thread-1] INFO  f.i.l.c.t.SpecificationTestCasesListener - Tests run finished (33 ms)
<> Total tests run: 1
<> Ignored tests: 0
<> Failed tests: 1
~ testQuinticMin(org.apache.commons.math.optimization.univariate.MultiStartUnivariateRealOptimizerTest)
[expected:<-0.2719561293> but was:<-0.2719561273987997>]
java.lang.AssertionError: expected:<-0.2719561293> but was:<-0.2719561273987997>    at org.junit.Assert.fail(Assert.java:88)
    at org.junit.Assert.failNotEquals(Assert.java:743)
    at org.junit.Assert.assertEquals(Assert.java:494)
    at org.junit.Assert.assertEquals(Assert.java:592)
    at org.apache.commons.math.optimization.univariate.MultiStartUnivariateRealOptimizerTest.testQuinticMin(MultiStartUnivariateRealOptimizerTest.java:71)
    at sun.reflect.NativeMethodAccessorImpl.invoke0(Native Method)

java.lang.AssertionError: expected:<-0.2719561293> but was:<-0.2719561278056452>
    at org.junit.Assert.fail(Assert.java:88)
    at org.junit.Assert.failNotEquals(Assert.java:743)
    at org.junit.Assert.assertEquals(Assert.java:494)
    at org.junit.Assert.assertEquals(Assert.java:592)
    at org.apache.commons.math.optimization.univariate.MultiStartUnivariateRealOptimizerTest.testQuinticMin(MultiStartUnivariateRealOptimizerTest.java:71)
    at sun.reflect.NativeMethodAccessorImpl.invoke0(Native Method)
08:45:55.815 [pool-62-thread-1] INFO  f.i.l.c.t.SpecificationTestCasesListener - Tests run finished (3 ms)
<> Total tests run: 1
<> Ignored tests: 0
<> Failed tests: 1
~ testQuinticMin(org.apache.commons.math.optimization.univariate.MultiStartUnivariateRealOptimizerTest)
[expected:<-0.2719561293> but was:<-0.2719561278056452>]
java.lang.AssertionError: expected:<-0.2719561293> but was:<-0.2719561278056452>    at org.junit.Assert.fail(Assert.java:88)
    at org.junit.Assert.failNotEquals(Assert.java:743)
    at org.junit.Assert.assertEquals(Assert.java:494)
    at org.junit.Assert.assertEquals(Assert.java:592)
    at org.apache.commons.math.optimization.univariate.MultiStartUnivariateRealOptimizerTest.testQuinticMin(MultiStartUnivariateRealOptimizerTest.java:71)
    at sun.reflect.NativeMethodAccessorImpl.invoke0(Native Method)

08:45:55.815 [pool-59-thread-1] DEBUG tests.output - Failing tests with false: 
[testQuinticMin(org.apache.commons.math.optimization.univariate.MultiStartUnivariateRealOptimizerTest): expected:<-0.2719561293> but was:<-0.2719561273987997>]
08:45:55.815 [pool-59-thread-1] DEBUG tests.output - Failing tests with true: 
[testQuinticMin(org.apache.commons.math.optimization.univariate.MultiStartUnivariateRealOptimizerTest): expected:<-0.2719561293> but was:<-0.2719561278056452>]
08:45:55.815 [pool-59-thread-1] INFO  f.i.l.r.n.synth.SMTNopolSynthesizer - Not enough specifications: 0. A trivial patch is "true" or "false", please write new tests specifying SourceLocation org.apache.commons.math.optimization.univariate.BrentOptimizer:212.
08:45:55.815 [pool-2-thread-1] DEBUG fr.inria.lille.repair.nopol.NoPol - statement #29
08:45:55.815 [pool-2-thread-1] DEBUG fr.inria.lille.repair.nopol.NoPol - Analysing SourceLocation org.apache.commons.math.optimization.univariate.BrentOptimizer:211 which is executed by 7 tests
192698619
08:45:55.902 [pool-2-thread-1] DEBUG fr.inria.lille.repair.nopol.NoPol - looking with class fr.inria.lille.repair.nopol.spoon.smt.ConditionalAdder
java.lang.AssertionError: expected:<-0.2719561293> but was:<-0.2719561278056452>
    at org.junit.Assert.fail(Assert.java:88)
    at org.junit.Assert.failNotEquals(Assert.java:743)
    at org.junit.Assert.assertEquals(Assert.java:494)
    at org.junit.Assert.assertEquals(Assert.java:592)
    at org.apache.commons.math.optimization.univariate.MultiStartUnivariateRealOptimizerTest.testQuinticMin(MultiStartUnivariateRealOptimizerTest.java:71)
    at sun.reflect.NativeMethodAccessorImpl.invoke0(Native Method)
08:45:55.938 [pool-64-thread-1] INFO  xxl.java.junit.TestCasesListener - Tests run finished (32 ms)
<> Total tests run: 2
<> Ignored tests: 0
<> Failed tests: 1
~ testQuinticMin(org.apache.commons.math.optimization.univariate.MultiStartUnivariateRealOptimizerTest)
[expected:<-0.2719561293> but was:<-0.2719561278056452>]
java.lang.AssertionError: expected:<-0.2719561293> but was:<-0.2719561278056452>    at org.junit.Assert.fail(Assert.java:88)
    at org.junit.Assert.failNotEquals(Assert.java:743)
    at org.junit.Assert.assertEquals(Assert.java:494)
    at org.junit.Assert.assertEquals(Assert.java:592)
    at org.apache.commons.math.optimization.univariate.MultiStartUnivariateRealOptimizerTest.testQuinticMin(MultiStartUnivariateRealOptimizerTest.java:71)
    at sun.reflect.NativeMethodAccessorImpl.invoke0(Native Method)

java.lang.AssertionError
    at org.junit.Assert.fail(Assert.java:86)
    at org.junit.Assert.assertTrue(Assert.java:41)
    at org.junit.Assert.assertTrue(Assert.java:52)
    at org.apache.commons.math.optimization.univariate.MultiStartUnivariateRealOptimizerTest.testQuinticMin(MultiStartUnivariateRealOptimizerTest.java:79)
    at sun.reflect.NativeMethodAccessorImpl.invoke0(Native Method)
    at sun.reflect.NativeMethodAccessorImpl.invoke(NativeMethodAccessorImpl.java:62)
08:45:56.100 [pool-65-thread-1] INFO  f.i.l.c.t.SpecificationTestCasesListener - Tests run finished (32 ms)
<> Total tests run: 1
<> Ignored tests: 0
<> Failed tests: 1
~ testQuinticMin(org.apache.commons.math.optimization.univariate.MultiStartUnivariateRealOptimizerTest)
[null]
java.lang.AssertionError    at org.junit.Assert.fail(Assert.java:86)
    at org.junit.Assert.assertTrue(Assert.java:41)
    at org.junit.Assert.assertTrue(Assert.java:52)
    at org.apache.commons.math.optimization.univariate.MultiStartUnivariateRealOptimizerTest.testQuinticMin(MultiStartUnivariateRealOptimizerTest.java:79)
    at sun.reflect.NativeMethodAccessorImpl.invoke0(Native Method)
    at sun.reflect.NativeMethodAccessorImpl.invoke(NativeMethodAccessorImpl.java:62)

java.lang.AssertionError: expected:<-0.2719561293> but was:<-0.2719561278056452>
    at org.junit.Assert.fail(Assert.java:88)
    at org.junit.Assert.failNotEquals(Assert.java:743)
    at org.junit.Assert.assertEquals(Assert.java:494)
    at org.junit.Assert.assertEquals(Assert.java:592)
    at org.apache.commons.math.optimization.univariate.MultiStartUnivariateRealOptimizerTest.testQuinticMin(MultiStartUnivariateRealOptimizerTest.java:71)
    at sun.reflect.NativeMethodAccessorImpl.invoke0(Native Method)
08:45:56.105 [pool-66-thread-1] INFO  f.i.l.c.t.SpecificationTestCasesListener - Tests run finished (2 ms)
<> Total tests run: 1
<> Ignored tests: 0
<> Failed tests: 1
~ testQuinticMin(org.apache.commons.math.optimization.univariate.MultiStartUnivariateRealOptimizerTest)
[expected:<-0.2719561293> but was:<-0.2719561278056452>]
java.lang.AssertionError: expected:<-0.2719561293> but was:<-0.2719561278056452>    at org.junit.Assert.fail(Assert.java:88)
    at org.junit.Assert.failNotEquals(Assert.java:743)
    at org.junit.Assert.assertEquals(Assert.java:494)
    at org.junit.Assert.assertEquals(Assert.java:592)
    at org.apache.commons.math.optimization.univariate.MultiStartUnivariateRealOptimizerTest.testQuinticMin(MultiStartUnivariateRealOptimizerTest.java:71)
    at sun.reflect.NativeMethodAccessorImpl.invoke0(Native Method)

08:45:56.107 [pool-63-thread-1] DEBUG tests.output - Failing tests with false: 
[testQuinticMin(org.apache.commons.math.optimization.univariate.MultiStartUnivariateRealOptimizerTest): null]
08:45:56.107 [pool-63-thread-1] DEBUG tests.output - Failing tests with true: 
[testQuinticMin(org.apache.commons.math.optimization.univariate.MultiStartUnivariateRealOptimizerTest): expected:<-0.2719561293> but was:<-0.2719561278056452>]
08:45:56.107 [pool-63-thread-1] INFO  f.i.l.r.n.synth.SMTNopolSynthesizer - Not enough specifications: 0. A trivial patch is "true" or "false", please write new tests specifying SourceLocation org.apache.commons.math.optimization.univariate.BrentOptimizer:211.
08:45:56.107 [pool-2-thread-1] DEBUG fr.inria.lille.repair.nopol.NoPol - statement #30
08:45:56.107 [pool-2-thread-1] DEBUG fr.inria.lille.repair.nopol.NoPol - Analysing SourceLocation org.apache.commons.math.optimization.univariate.BrentOptimizer:209 which is executed by 7 tests
192698619
08:45:56.193 [pool-2-thread-1] DEBUG fr.inria.lille.repair.nopol.NoPol - looking with class fr.inria.lille.repair.nopol.spoon.smt.ConditionalAdder
java.lang.AssertionError: expected:<-0.2719561293> but was:<-0.2719561278056452>
    at org.junit.Assert.fail(Assert.java:88)
    at org.junit.Assert.failNotEquals(Assert.java:743)
    at org.junit.Assert.assertEquals(Assert.java:494)
    at org.junit.Assert.assertEquals(Assert.java:592)
    at org.apache.commons.math.optimization.univariate.MultiStartUnivariateRealOptimizerTest.testQuinticMin(MultiStartUnivariateRealOptimizerTest.java:71)
    at sun.reflect.NativeMethodAccessorImpl.invoke0(Native Method)
08:45:56.226 [pool-68-thread-1] INFO  xxl.java.junit.TestCasesListener - Tests run finished (30 ms)
<> Total tests run: 2
<> Ignored tests: 0
<> Failed tests: 1
~ testQuinticMin(org.apache.commons.math.optimization.univariate.MultiStartUnivariateRealOptimizerTest)
[expected:<-0.2719561293> but was:<-0.2719561278056452>]
java.lang.AssertionError: expected:<-0.2719561293> but was:<-0.2719561278056452>    at org.junit.Assert.fail(Assert.java:88)
    at org.junit.Assert.failNotEquals(Assert.java:743)
    at org.junit.Assert.assertEquals(Assert.java:494)
    at org.junit.Assert.assertEquals(Assert.java:592)
    at org.apache.commons.math.optimization.univariate.MultiStartUnivariateRealOptimizerTest.testQuinticMin(MultiStartUnivariateRealOptimizerTest.java:71)
    at sun.reflect.NativeMethodAccessorImpl.invoke0(Native Method)

java.lang.AssertionError
    at org.junit.Assert.fail(Assert.java:86)
    at org.junit.Assert.assertTrue(Assert.java:41)
    at org.junit.Assert.assertTrue(Assert.java:52)
    at org.apache.commons.math.optimization.univariate.MultiStartUnivariateRealOptimizerTest.testQuinticMin(MultiStartUnivariateRealOptimizerTest.java:79)
    at sun.reflect.NativeMethodAccessorImpl.invoke0(Native Method)
    at sun.reflect.NativeMethodAccessorImpl.invoke(NativeMethodAccessorImpl.java:62)
08:45:56.388 [pool-69-thread-1] INFO  f.i.l.c.t.SpecificationTestCasesListener - Tests run finished (31 ms)
<> Total tests run: 1
<> Ignored tests: 0
<> Failed tests: 1
~ testQuinticMin(org.apache.commons.math.optimization.univariate.MultiStartUnivariateRealOptimizerTest)
[null]
java.lang.AssertionError    at org.junit.Assert.fail(Assert.java:86)
    at org.junit.Assert.assertTrue(Assert.java:41)
    at org.junit.Assert.assertTrue(Assert.java:52)
    at org.apache.commons.math.optimization.univariate.MultiStartUnivariateRealOptimizerTest.testQuinticMin(MultiStartUnivariateRealOptimizerTest.java:79)
    at sun.reflect.NativeMethodAccessorImpl.invoke0(Native Method)
    at sun.reflect.NativeMethodAccessorImpl.invoke(NativeMethodAccessorImpl.java:62)

java.lang.AssertionError: expected:<-0.2719561293> but was:<-0.2719561278056452>
    at org.junit.Assert.fail(Assert.java:88)
    at org.junit.Assert.failNotEquals(Assert.java:743)
    at org.junit.Assert.assertEquals(Assert.java:494)
    at org.junit.Assert.assertEquals(Assert.java:592)
    at org.apache.commons.math.optimization.univariate.MultiStartUnivariateRealOptimizerTest.testQuinticMin(MultiStartUnivariateRealOptimizerTest.java:71)
    at sun.reflect.NativeMethodAccessorImpl.invoke0(Native Method)
08:45:56.390 [pool-70-thread-1] INFO  f.i.l.c.t.SpecificationTestCasesListener - Tests run finished (1 ms)
<> Total tests run: 1
<> Ignored tests: 0
<> Failed tests: 1
~ testQuinticMin(org.apache.commons.math.optimization.univariate.MultiStartUnivariateRealOptimizerTest)
[expected:<-0.2719561293> but was:<-0.2719561278056452>]
java.lang.AssertionError: expected:<-0.2719561293> but was:<-0.2719561278056452>    at org.junit.Assert.fail(Assert.java:88)
    at org.junit.Assert.failNotEquals(Assert.java:743)
    at org.junit.Assert.assertEquals(Assert.java:494)
    at org.junit.Assert.assertEquals(Assert.java:592)
    at org.apache.commons.math.optimization.univariate.MultiStartUnivariateRealOptimizerTest.testQuinticMin(MultiStartUnivariateRealOptimizerTest.java:71)
    at sun.reflect.NativeMethodAccessorImpl.invoke0(Native Method)

08:45:56.390 [pool-67-thread-1] DEBUG tests.output - Failing tests with false: 
[testQuinticMin(org.apache.commons.math.optimization.univariate.MultiStartUnivariateRealOptimizerTest): null]
08:45:56.390 [pool-67-thread-1] DEBUG tests.output - Failing tests with true: 
[testQuinticMin(org.apache.commons.math.optimization.univariate.MultiStartUnivariateRealOptimizerTest): expected:<-0.2719561293> but was:<-0.2719561278056452>]
08:45:56.390 [pool-67-thread-1] INFO  f.i.l.r.n.synth.SMTNopolSynthesizer - Not enough specifications: 0. A trivial patch is "true" or "false", please write new tests specifying SourceLocation org.apache.commons.math.optimization.univariate.BrentOptimizer:209.
08:45:56.390 [pool-2-thread-1] DEBUG fr.inria.lille.repair.nopol.NoPol - statement #31
08:45:56.391 [pool-2-thread-1] DEBUG fr.inria.lille.repair.nopol.NoPol - Analysing SourceLocation org.apache.commons.math.optimization.univariate.BrentOptimizer:207 which is executed by 7 tests
192698619
08:45:56.480 [pool-2-thread-1] DEBUG fr.inria.lille.repair.nopol.NoPol - looking with class fr.inria.lille.repair.nopol.spoon.smt.ConditionalAdder
java.lang.AssertionError: expected:<-0.2719561293> but was:<-0.2719561278056452>
    at org.junit.Assert.fail(Assert.java:88)
    at org.junit.Assert.failNotEquals(Assert.java:743)
    at org.junit.Assert.assertEquals(Assert.java:494)
    at org.junit.Assert.assertEquals(Assert.java:592)
    at org.apache.commons.math.optimization.univariate.MultiStartUnivariateRealOptimizerTest.testQuinticMin(MultiStartUnivariateRealOptimizerTest.java:71)
    at sun.reflect.NativeMethodAccessorImpl.invoke0(Native Method)
08:45:56.514 [pool-72-thread-1] INFO  xxl.java.junit.TestCasesListener - Tests run finished (31 ms)
<> Total tests run: 2
<> Ignored tests: 0
<> Failed tests: 1
~ testQuinticMin(org.apache.commons.math.optimization.univariate.MultiStartUnivariateRealOptimizerTest)
[expected:<-0.2719561293> but was:<-0.2719561278056452>]
java.lang.AssertionError: expected:<-0.2719561293> but was:<-0.2719561278056452>    at org.junit.Assert.fail(Assert.java:88)
    at org.junit.Assert.failNotEquals(Assert.java:743)
    at org.junit.Assert.assertEquals(Assert.java:494)
    at org.junit.Assert.assertEquals(Assert.java:592)
    at org.apache.commons.math.optimization.univariate.MultiStartUnivariateRealOptimizerTest.testQuinticMin(MultiStartUnivariateRealOptimizerTest.java:71)
    at sun.reflect.NativeMethodAccessorImpl.invoke0(Native Method)

java.lang.AssertionError
    at org.junit.Assert.fail(Assert.java:86)
    at org.junit.Assert.assertTrue(Assert.java:41)
    at org.junit.Assert.assertTrue(Assert.java:52)
    at org.apache.commons.math.optimization.univariate.MultiStartUnivariateRealOptimizerTest.testQuinticMin(MultiStartUnivariateRealOptimizerTest.java:79)
    at sun.reflect.NativeMethodAccessorImpl.invoke0(Native Method)
    at sun.reflect.NativeMethodAccessorImpl.invoke(NativeMethodAccessorImpl.java:62)
08:45:56.676 [pool-73-thread-1] INFO  f.i.l.c.t.SpecificationTestCasesListener - Tests run finished (31 ms)
<> Total tests run: 1
<> Ignored tests: 0
<> Failed tests: 1
~ testQuinticMin(org.apache.commons.math.optimization.univariate.MultiStartUnivariateRealOptimizerTest)
[null]
java.lang.AssertionError    at org.junit.Assert.fail(Assert.java:86)
    at org.junit.Assert.assertTrue(Assert.java:41)
    at org.junit.Assert.assertTrue(Assert.java:52)
    at org.apache.commons.math.optimization.univariate.MultiStartUnivariateRealOptimizerTest.testQuinticMin(MultiStartUnivariateRealOptimizerTest.java:79)
    at sun.reflect.NativeMethodAccessorImpl.invoke0(Native Method)
    at sun.reflect.NativeMethodAccessorImpl.invoke(NativeMethodAccessorImpl.java:62)

java.lang.AssertionError: expected:<-0.2719561293> but was:<-0.2719561278056452>
    at org.junit.Assert.fail(Assert.java:88)
    at org.junit.Assert.failNotEquals(Assert.java:743)
    at org.junit.Assert.assertEquals(Assert.java:494)
    at org.junit.Assert.assertEquals(Assert.java:592)
    at org.apache.commons.math.optimization.univariate.MultiStartUnivariateRealOptimizerTest.testQuinticMin(MultiStartUnivariateRealOptimizerTest.java:71)
    at sun.reflect.NativeMethodAccessorImpl.invoke0(Native Method)
08:45:56.680 [pool-74-thread-1] INFO  f.i.l.c.t.SpecificationTestCasesListener - Tests run finished (1 ms)
<> Total tests run: 1
<> Ignored tests: 0
<> Failed tests: 1
~ testQuinticMin(org.apache.commons.math.optimization.univariate.MultiStartUnivariateRealOptimizerTest)
[expected:<-0.2719561293> but was:<-0.2719561278056452>]
java.lang.AssertionError: expected:<-0.2719561293> but was:<-0.2719561278056452>    at org.junit.Assert.fail(Assert.java:88)
    at org.junit.Assert.failNotEquals(Assert.java:743)
    at org.junit.Assert.assertEquals(Assert.java:494)
    at org.junit.Assert.assertEquals(Assert.java:592)
    at org.apache.commons.math.optimization.univariate.MultiStartUnivariateRealOptimizerTest.testQuinticMin(MultiStartUnivariateRealOptimizerTest.java:71)
    at sun.reflect.NativeMethodAccessorImpl.invoke0(Native Method)

08:45:56.680 [pool-71-thread-1] DEBUG tests.output - Failing tests with false: 
[testQuinticMin(org.apache.commons.math.optimization.univariate.MultiStartUnivariateRealOptimizerTest): null]
08:45:56.680 [pool-71-thread-1] DEBUG tests.output - Failing tests with true: 
[testQuinticMin(org.apache.commons.math.optimization.univariate.MultiStartUnivariateRealOptimizerTest): expected:<-0.2719561293> but was:<-0.2719561278056452>]
08:45:56.680 [pool-71-thread-1] INFO  f.i.l.r.n.synth.SMTNopolSynthesizer - Not enough specifications: 0. A trivial patch is "true" or "false", please write new tests specifying SourceLocation org.apache.commons.math.optimization.univariate.BrentOptimizer:207.
08:45:56.680 [pool-2-thread-1] DEBUG fr.inria.lille.repair.nopol.NoPol - statement #32
08:45:56.680 [pool-2-thread-1] DEBUG fr.inria.lille.repair.nopol.NoPol - Analysing SourceLocation org.apache.commons.math.optimization.univariate.BrentOptimizer:206 which is executed by 7 tests
192698619
08:45:56.767 [pool-2-thread-1] DEBUG fr.inria.lille.repair.nopol.NoPol - looking with class fr.inria.lille.repair.nopol.spoon.smt.ConditionalAdder
java.lang.AssertionError: expected:<-0.2719561293> but was:<-0.2719561278056452>
    at org.junit.Assert.fail(Assert.java:88)
    at org.junit.Assert.failNotEquals(Assert.java:743)
    at org.junit.Assert.assertEquals(Assert.java:494)
    at org.junit.Assert.assertEquals(Assert.java:592)
    at org.apache.commons.math.optimization.univariate.MultiStartUnivariateRealOptimizerTest.testQuinticMin(MultiStartUnivariateRealOptimizerTest.java:71)
    at sun.reflect.NativeMethodAccessorImpl.invoke0(Native Method)
08:45:56.801 [pool-76-thread-1] INFO  xxl.java.junit.TestCasesListener - Tests run finished (32 ms)
<> Total tests run: 2
<> Ignored tests: 0
<> Failed tests: 1
~ testQuinticMin(org.apache.commons.math.optimization.univariate.MultiStartUnivariateRealOptimizerTest)
[expected:<-0.2719561293> but was:<-0.2719561278056452>]
java.lang.AssertionError: expected:<-0.2719561293> but was:<-0.2719561278056452>    at org.junit.Assert.fail(Assert.java:88)
    at org.junit.Assert.failNotEquals(Assert.java:743)
    at org.junit.Assert.assertEquals(Assert.java:494)
    at org.junit.Assert.assertEquals(Assert.java:592)
    at org.apache.commons.math.optimization.univariate.MultiStartUnivariateRealOptimizerTest.testQuinticMin(MultiStartUnivariateRealOptimizerTest.java:71)
    at sun.reflect.NativeMethodAccessorImpl.invoke0(Native Method)

java.lang.AssertionError
    at org.junit.Assert.fail(Assert.java:86)
    at org.junit.Assert.assertTrue(Assert.java:41)
    at org.junit.Assert.assertTrue(Assert.java:52)
    at org.apache.commons.math.optimization.univariate.MultiStartUnivariateRealOptimizerTest.testQuinticMin(MultiStartUnivariateRealOptimizerTest.java:79)
    at sun.reflect.NativeMethodAccessorImpl.invoke0(Native Method)
    at sun.reflect.NativeMethodAccessorImpl.invoke(NativeMethodAccessorImpl.java:62)
08:45:56.972 [pool-77-thread-1] INFO  f.i.l.c.t.SpecificationTestCasesListener - Tests run finished (36 ms)
<> Total tests run: 1
<> Ignored tests: 0
<> Failed tests: 1
~ testQuinticMin(org.apache.commons.math.optimization.univariate.MultiStartUnivariateRealOptimizerTest)
[null]
java.lang.AssertionError    at org.junit.Assert.fail(Assert.java:86)
    at org.junit.Assert.assertTrue(Assert.java:41)
    at org.junit.Assert.assertTrue(Assert.java:52)
    at org.apache.commons.math.optimization.univariate.MultiStartUnivariateRealOptimizerTest.testQuinticMin(MultiStartUnivariateRealOptimizerTest.java:79)
    at sun.reflect.NativeMethodAccessorImpl.invoke0(Native Method)
    at sun.reflect.NativeMethodAccessorImpl.invoke(NativeMethodAccessorImpl.java:62)

java.lang.AssertionError: expected:<-0.2719561293> but was:<-0.2719561278056452>
    at org.junit.Assert.fail(Assert.java:88)
    at org.junit.Assert.failNotEquals(Assert.java:743)
    at org.junit.Assert.assertEquals(Assert.java:494)
    at org.junit.Assert.assertEquals(Assert.java:592)
    at org.apache.commons.math.optimization.univariate.MultiStartUnivariateRealOptimizerTest.testQuinticMin(MultiStartUnivariateRealOptimizerTest.java:71)
    at sun.reflect.NativeMethodAccessorImpl.invoke0(Native Method)
08:45:56.975 [pool-78-thread-1] INFO  f.i.l.c.t.SpecificationTestCasesListener - Tests run finished (2 ms)
<> Total tests run: 1
<> Ignored tests: 0
<> Failed tests: 1
~ testQuinticMin(org.apache.commons.math.optimization.univariate.MultiStartUnivariateRealOptimizerTest)
[expected:<-0.2719561293> but was:<-0.2719561278056452>]
java.lang.AssertionError: expected:<-0.2719561293> but was:<-0.2719561278056452>    at org.junit.Assert.fail(Assert.java:88)
    at org.junit.Assert.failNotEquals(Assert.java:743)
    at org.junit.Assert.assertEquals(Assert.java:494)
    at org.junit.Assert.assertEquals(Assert.java:592)
    at org.apache.commons.math.optimization.univariate.MultiStartUnivariateRealOptimizerTest.testQuinticMin(MultiStartUnivariateRealOptimizerTest.java:71)
    at sun.reflect.NativeMethodAccessorImpl.invoke0(Native Method)

08:45:56.976 [pool-75-thread-1] DEBUG tests.output - Failing tests with false: 
[testQuinticMin(org.apache.commons.math.optimization.univariate.MultiStartUnivariateRealOptimizerTest): null]
08:45:56.976 [pool-75-thread-1] DEBUG tests.output - Failing tests with true: 
[testQuinticMin(org.apache.commons.math.optimization.univariate.MultiStartUnivariateRealOptimizerTest): expected:<-0.2719561293> but was:<-0.2719561278056452>]
08:45:56.976 [pool-75-thread-1] INFO  f.i.l.r.n.synth.SMTNopolSynthesizer - Not enough specifications: 0. A trivial patch is "true" or "false", please write new tests specifying SourceLocation org.apache.commons.math.optimization.univariate.BrentOptimizer:206.
08:45:56.976 [pool-2-thread-1] DEBUG fr.inria.lille.repair.nopol.NoPol - looking with class fr.inria.lille.repair.nopol.spoon.smt.ConditionalReplacer
java.lang.AssertionError: expected:<-0.2719561293> but was:<-0.2719561278056452>
    at org.junit.Assert.fail(Assert.java:88)
    at org.junit.Assert.failNotEquals(Assert.java:743)
    at org.junit.Assert.assertEquals(Assert.java:494)
    at org.junit.Assert.assertEquals(Assert.java:592)
    at org.apache.commons.math.optimization.univariate.MultiStartUnivariateRealOptimizerTest.testQuinticMin(MultiStartUnivariateRealOptimizerTest.java:71)
    at sun.reflect.NativeMethodAccessorImpl.invoke0(Native Method)
08:45:57.009 [pool-80-thread-1] INFO  xxl.java.junit.TestCasesListener - Tests run finished (31 ms)
<> Total tests run: 2
<> Ignored tests: 0
<> Failed tests: 1
~ testQuinticMin(org.apache.commons.math.optimization.univariate.MultiStartUnivariateRealOptimizerTest)
[expected:<-0.2719561293> but was:<-0.2719561278056452>]
java.lang.AssertionError: expected:<-0.2719561293> but was:<-0.2719561278056452>    at org.junit.Assert.fail(Assert.java:88)
    at org.junit.Assert.failNotEquals(Assert.java:743)
    at org.junit.Assert.assertEquals(Assert.java:494)
    at org.junit.Assert.assertEquals(Assert.java:592)
    at org.apache.commons.math.optimization.univariate.MultiStartUnivariateRealOptimizerTest.testQuinticMin(MultiStartUnivariateRealOptimizerTest.java:71)
    at sun.reflect.NativeMethodAccessorImpl.invoke0(Native Method)

java.lang.AssertionError: expected:<-0.2719561293> but was:<-0.2719561274276327>
    at org.junit.Assert.fail(Assert.java:88)
    at org.junit.Assert.failNotEquals(Assert.java:743)
    at org.junit.Assert.assertEquals(Assert.java:494)
    at org.junit.Assert.assertEquals(Assert.java:592)
    at org.apache.commons.math.optimization.univariate.MultiStartUnivariateRealOptimizerTest.testQuinticMin(MultiStartUnivariateRealOptimizerTest.java:71)
    at sun.reflect.NativeMethodAccessorImpl.invoke0(Native Method)
08:45:57.182 [pool-81-thread-1] INFO  f.i.l.c.t.SpecificationTestCasesListener - Tests run finished (30 ms)
<> Total tests run: 1
<> Ignored tests: 0
<> Failed tests: 1
~ testQuinticMin(org.apache.commons.math.optimization.univariate.MultiStartUnivariateRealOptimizerTest)
[expected:<-0.2719561293> but was:<-0.2719561274276327>]
java.lang.AssertionError: expected:<-0.2719561293> but was:<-0.2719561274276327>    at org.junit.Assert.fail(Assert.java:88)
    at org.junit.Assert.failNotEquals(Assert.java:743)
    at org.junit.Assert.assertEquals(Assert.java:494)
    at org.junit.Assert.assertEquals(Assert.java:592)
    at org.apache.commons.math.optimization.univariate.MultiStartUnivariateRealOptimizerTest.testQuinticMin(MultiStartUnivariateRealOptimizerTest.java:71)
    at sun.reflect.NativeMethodAccessorImpl.invoke0(Native Method)

java.lang.AssertionError: expected:<-0.2719561293> but was:<-0.2719561303477164>
    at org.junit.Assert.fail(Assert.java:88)
    at org.junit.Assert.failNotEquals(Assert.java:743)
    at org.junit.Assert.assertEquals(Assert.java:494)
    at org.junit.Assert.assertEquals(Assert.java:592)
    at org.apache.commons.math.optimization.univariate.MultiStartUnivariateRealOptimizerTest.testQuinticMin(MultiStartUnivariateRealOptimizerTest.java:71)
    at sun.reflect.NativeMethodAccessorImpl.invoke0(Native Method)
08:45:57.184 [pool-82-thread-1] INFO  f.i.l.c.t.SpecificationTestCasesListener - Tests run finished (2 ms)
<> Total tests run: 1
<> Ignored tests: 0
<> Failed tests: 1
~ testQuinticMin(org.apache.commons.math.optimization.univariate.MultiStartUnivariateRealOptimizerTest)
[expected:<-0.2719561293> but was:<-0.2719561303477164>]
java.lang.AssertionError: expected:<-0.2719561293> but was:<-0.2719561303477164>    at org.junit.Assert.fail(Assert.java:88)
    at org.junit.Assert.failNotEquals(Assert.java:743)
    at org.junit.Assert.assertEquals(Assert.java:494)
    at org.junit.Assert.assertEquals(Assert.java:592)
    at org.apache.commons.math.optimization.univariate.MultiStartUnivariateRealOptimizerTest.testQuinticMin(MultiStartUnivariateRealOptimizerTest.java:71)
    at sun.reflect.NativeMethodAccessorImpl.invoke0(Native Method)

08:45:57.185 [pool-79-thread-1] DEBUG tests.output - Failing tests with false: 
[testQuinticMin(org.apache.commons.math.optimization.univariate.MultiStartUnivariateRealOptimizerTest): expected:<-0.2719561293> but was:<-0.2719561274276327>]
08:45:57.185 [pool-79-thread-1] DEBUG tests.output - Failing tests with true: 
[testQuinticMin(org.apache.commons.math.optimization.univariate.MultiStartUnivariateRealOptimizerTest): expected:<-0.2719561293> but was:<-0.2719561303477164>]
08:45:57.185 [pool-79-thread-1] INFO  f.i.l.r.n.synth.SMTNopolSynthesizer - Not enough specifications: 0. A trivial patch is "true" or "false", please write new tests specifying SourceLocation org.apache.commons.math.optimization.univariate.BrentOptimizer:206.
08:45:57.185 [pool-2-thread-1] DEBUG fr.inria.lille.repair.nopol.NoPol - statement #33
08:45:57.185 [pool-2-thread-1] DEBUG fr.inria.lille.repair.nopol.NoPol - Analysing SourceLocation org.apache.commons.math.optimization.univariate.BrentOptimizer:233 which is executed by 7 tests
192698619
08:45:57.273 [pool-2-thread-1] DEBUG fr.inria.lille.repair.nopol.NoPol - looking with class fr.inria.lille.repair.nopol.spoon.smt.ConditionalAdder
java.lang.AssertionError: expected:<-0.2719561293> but was:<-0.2719561278056452>
    at org.junit.Assert.fail(Assert.java:88)
    at org.junit.Assert.failNotEquals(Assert.java:743)
    at org.junit.Assert.assertEquals(Assert.java:494)
    at org.junit.Assert.assertEquals(Assert.java:592)
    at org.apache.commons.math.optimization.univariate.MultiStartUnivariateRealOptimizerTest.testQuinticMin(MultiStartUnivariateRealOptimizerTest.java:71)
    at sun.reflect.NativeMethodAccessorImpl.invoke0(Native Method)
08:45:57.308 [pool-84-thread-1] INFO  xxl.java.junit.TestCasesListener - Tests run finished (31 ms)
<> Total tests run: 2
<> Ignored tests: 0
<> Failed tests: 1
~ testQuinticMin(org.apache.commons.math.optimization.univariate.MultiStartUnivariateRealOptimizerTest)
[expected:<-0.2719561293> but was:<-0.2719561278056452>]
java.lang.AssertionError: expected:<-0.2719561293> but was:<-0.2719561278056452>    at org.junit.Assert.fail(Assert.java:88)
    at org.junit.Assert.failNotEquals(Assert.java:743)
    at org.junit.Assert.assertEquals(Assert.java:494)
    at org.junit.Assert.assertEquals(Assert.java:592)
    at org.apache.commons.math.optimization.univariate.MultiStartUnivariateRealOptimizerTest.testQuinticMin(MultiStartUnivariateRealOptimizerTest.java:71)
    at sun.reflect.NativeMethodAccessorImpl.invoke0(Native Method)

java.lang.AssertionError: expected:<-0.2719561293> but was:<-0.2719561278056452>
    at org.junit.Assert.fail(Assert.java:88)
    at org.junit.Assert.failNotEquals(Assert.java:743)
    at org.junit.Assert.assertEquals(Assert.java:494)
    at org.junit.Assert.assertEquals(Assert.java:592)
    at org.apache.commons.math.optimization.univariate.MultiStartUnivariateRealOptimizerTest.testQuinticMin(MultiStartUnivariateRealOptimizerTest.java:71)
    at sun.reflect.NativeMethodAccessorImpl.invoke0(Native Method)
08:45:57.474 [pool-85-thread-1] INFO  f.i.l.c.t.SpecificationTestCasesListener - Tests run finished (29 ms)
<> Total tests run: 1
<> Ignored tests: 0
<> Failed tests: 1
~ testQuinticMin(org.apache.commons.math.optimization.univariate.MultiStartUnivariateRealOptimizerTest)
[expected:<-0.2719561293> but was:<-0.2719561278056452>]
java.lang.AssertionError: expected:<-0.2719561293> but was:<-0.2719561278056452>    at org.junit.Assert.fail(Assert.java:88)
    at org.junit.Assert.failNotEquals(Assert.java:743)
    at org.junit.Assert.assertEquals(Assert.java:494)
    at org.junit.Assert.assertEquals(Assert.java:592)
    at org.apache.commons.math.optimization.univariate.MultiStartUnivariateRealOptimizerTest.testQuinticMin(MultiStartUnivariateRealOptimizerTest.java:71)
    at sun.reflect.NativeMethodAccessorImpl.invoke0(Native Method)

java.lang.AssertionError: expected:<-0.2719561293> but was:<-0.2719561278056452>
    at org.junit.Assert.fail(Assert.java:88)
    at org.junit.Assert.failNotEquals(Assert.java:743)
    at org.junit.Assert.assertEquals(Assert.java:494)
    at org.junit.Assert.assertEquals(Assert.java:592)
    at org.apache.commons.math.optimization.univariate.MultiStartUnivariateRealOptimizerTest.testQuinticMin(MultiStartUnivariateRealOptimizerTest.java:71)
    at sun.reflect.NativeMethodAccessorImpl.invoke0(Native Method)
08:45:57.475 [pool-86-thread-1] INFO  f.i.l.c.t.SpecificationTestCasesListener - Tests run finished (1 ms)
<> Total tests run: 1
<> Ignored tests: 0
<> Failed tests: 1
~ testQuinticMin(org.apache.commons.math.optimization.univariate.MultiStartUnivariateRealOptimizerTest)
[expected:<-0.2719561293> but was:<-0.2719561278056452>]
java.lang.AssertionError: expected:<-0.2719561293> but was:<-0.2719561278056452>    at org.junit.Assert.fail(Assert.java:88)
    at org.junit.Assert.failNotEquals(Assert.java:743)
    at org.junit.Assert.assertEquals(Assert.java:494)
    at org.junit.Assert.assertEquals(Assert.java:592)
    at org.apache.commons.math.optimization.univariate.MultiStartUnivariateRealOptimizerTest.testQuinticMin(MultiStartUnivariateRealOptimizerTest.java:71)
    at sun.reflect.NativeMethodAccessorImpl.invoke0(Native Method)

08:45:57.475 [pool-83-thread-1] DEBUG tests.output - Failing tests with false: 
[testQuinticMin(org.apache.commons.math.optimization.univariate.MultiStartUnivariateRealOptimizerTest): expected:<-0.2719561293> but was:<-0.2719561278056452>]
08:45:57.475 [pool-83-thread-1] DEBUG tests.output - Failing tests with true: 
[testQuinticMin(org.apache.commons.math.optimization.univariate.MultiStartUnivariateRealOptimizerTest): expected:<-0.2719561293> but was:<-0.2719561278056452>]
08:45:57.475 [pool-83-thread-1] INFO  f.i.l.r.n.synth.SMTNopolSynthesizer - Not enough specifications: 0. A trivial patch is "true" or "false", please write new tests specifying SourceLocation org.apache.commons.math.optimization.univariate.BrentOptimizer:233.
08:45:57.475 [pool-2-thread-1] DEBUG fr.inria.lille.repair.nopol.NoPol - statement #34
08:45:57.475 [pool-2-thread-1] DEBUG fr.inria.lille.repair.nopol.NoPol - Analysing SourceLocation org.apache.commons.math.optimization.univariate.BrentOptimizer:232 which is executed by 7 tests
192698619
08:45:57.562 [pool-2-thread-1] DEBUG fr.inria.lille.repair.nopol.NoPol - looking with class fr.inria.lille.repair.nopol.spoon.smt.ConditionalAdder
java.lang.AssertionError: expected:<-0.2719561293> but was:<-0.2719561278056452>
    at org.junit.Assert.fail(Assert.java:88)
    at org.junit.Assert.failNotEquals(Assert.java:743)
    at org.junit.Assert.assertEquals(Assert.java:494)
    at org.junit.Assert.assertEquals(Assert.java:592)
    at org.apache.commons.math.optimization.univariate.MultiStartUnivariateRealOptimizerTest.testQuinticMin(MultiStartUnivariateRealOptimizerTest.java:71)
    at sun.reflect.NativeMethodAccessorImpl.invoke0(Native Method)
08:45:57.596 [pool-88-thread-1] INFO  xxl.java.junit.TestCasesListener - Tests run finished (30 ms)
<> Total tests run: 2
<> Ignored tests: 0
<> Failed tests: 1
~ testQuinticMin(org.apache.commons.math.optimization.univariate.MultiStartUnivariateRealOptimizerTest)
[expected:<-0.2719561293> but was:<-0.2719561278056452>]
java.lang.AssertionError: expected:<-0.2719561293> but was:<-0.2719561278056452>    at org.junit.Assert.fail(Assert.java:88)
    at org.junit.Assert.failNotEquals(Assert.java:743)
    at org.junit.Assert.assertEquals(Assert.java:494)
    at org.junit.Assert.assertEquals(Assert.java:592)
    at org.apache.commons.math.optimization.univariate.MultiStartUnivariateRealOptimizerTest.testQuinticMin(MultiStartUnivariateRealOptimizerTest.java:71)
    at sun.reflect.NativeMethodAccessorImpl.invoke0(Native Method)

java.lang.AssertionError: expected:<-0.2719561293> but was:<-0.2719561278056452>
    at org.junit.Assert.fail(Assert.java:88)
    at org.junit.Assert.failNotEquals(Assert.java:743)
    at org.junit.Assert.assertEquals(Assert.java:494)
    at org.junit.Assert.assertEquals(Assert.java:592)
    at org.apache.commons.math.optimization.univariate.MultiStartUnivariateRealOptimizerTest.testQuinticMin(MultiStartUnivariateRealOptimizerTest.java:71)
    at sun.reflect.NativeMethodAccessorImpl.invoke0(Native Method)
08:45:57.792 [pool-89-thread-1] INFO  f.i.l.c.t.SpecificationTestCasesListener - Tests run finished (29 ms)
<> Total tests run: 1
<> Ignored tests: 0
<> Failed tests: 1
~ testQuinticMin(org.apache.commons.math.optimization.univariate.MultiStartUnivariateRealOptimizerTest)
[expected:<-0.2719561293> but was:<-0.2719561278056452>]
java.lang.AssertionError: expected:<-0.2719561293> but was:<-0.2719561278056452>    at org.junit.Assert.fail(Assert.java:88)
    at org.junit.Assert.failNotEquals(Assert.java:743)
    at org.junit.Assert.assertEquals(Assert.java:494)
    at org.junit.Assert.assertEquals(Assert.java:592)
    at org.apache.commons.math.optimization.univariate.MultiStartUnivariateRealOptimizerTest.testQuinticMin(MultiStartUnivariateRealOptimizerTest.java:71)
    at sun.reflect.NativeMethodAccessorImpl.invoke0(Native Method)

java.lang.AssertionError: expected:<-0.2719561293> but was:<-0.2719561278056452>
    at org.junit.Assert.fail(Assert.java:88)
    at org.junit.Assert.failNotEquals(Assert.java:743)
    at org.junit.Assert.assertEquals(Assert.java:494)
    at org.junit.Assert.assertEquals(Assert.java:592)
    at org.apache.commons.math.optimization.univariate.MultiStartUnivariateRealOptimizerTest.testQuinticMin(MultiStartUnivariateRealOptimizerTest.java:71)
    at sun.reflect.NativeMethodAccessorImpl.invoke0(Native Method)
08:45:57.793 [pool-90-thread-1] INFO  f.i.l.c.t.SpecificationTestCasesListener - Tests run finished (1 ms)
<> Total tests run: 1
<> Ignored tests: 0
<> Failed tests: 1
~ testQuinticMin(org.apache.commons.math.optimization.univariate.MultiStartUnivariateRealOptimizerTest)
[expected:<-0.2719561293> but was:<-0.2719561278056452>]
java.lang.AssertionError: expected:<-0.2719561293> but was:<-0.2719561278056452>    at org.junit.Assert.fail(Assert.java:88)
    at org.junit.Assert.failNotEquals(Assert.java:743)
    at org.junit.Assert.assertEquals(Assert.java:494)
    at org.junit.Assert.assertEquals(Assert.java:592)
    at org.apache.commons.math.optimization.univariate.MultiStartUnivariateRealOptimizerTest.testQuinticMin(MultiStartUnivariateRealOptimizerTest.java:71)
    at sun.reflect.NativeMethodAccessorImpl.invoke0(Native Method)

08:45:57.793 [pool-87-thread-1] DEBUG tests.output - Failing tests with false: 
[testQuinticMin(org.apache.commons.math.optimization.univariate.MultiStartUnivariateRealOptimizerTest): expected:<-0.2719561293> but was:<-0.2719561278056452>]
08:45:57.793 [pool-87-thread-1] DEBUG tests.output - Failing tests with true: 
[testQuinticMin(org.apache.commons.math.optimization.univariate.MultiStartUnivariateRealOptimizerTest): expected:<-0.2719561293> but was:<-0.2719561278056452>]
08:45:57.793 [pool-87-thread-1] INFO  f.i.l.r.n.synth.SMTNopolSynthesizer - Not enough specifications: 0. A trivial patch is "true" or "false", please write new tests specifying SourceLocation org.apache.commons.math.optimization.univariate.BrentOptimizer:232.
08:45:57.793 [pool-2-thread-1] DEBUG fr.inria.lille.repair.nopol.NoPol - statement #35
08:45:57.793 [pool-2-thread-1] DEBUG fr.inria.lille.repair.nopol.NoPol - Analysing SourceLocation org.apache.commons.math.optimization.univariate.BrentOptimizer:193 which is executed by 7 tests
192698619
08:45:57.879 [pool-2-thread-1] DEBUG fr.inria.lille.repair.nopol.NoPol - looking with class fr.inria.lille.repair.nopol.spoon.smt.ConditionalAdder
java.lang.AssertionError: expected:<-0.2719561293> but was:<-0.2719561278056452>
    at org.junit.Assert.fail(Assert.java:88)
    at org.junit.Assert.failNotEquals(Assert.java:743)
    at org.junit.Assert.assertEquals(Assert.java:494)
    at org.junit.Assert.assertEquals(Assert.java:592)
    at org.apache.commons.math.optimization.univariate.MultiStartUnivariateRealOptimizerTest.testQuinticMin(MultiStartUnivariateRealOptimizerTest.java:71)
    at sun.reflect.NativeMethodAccessorImpl.invoke0(Native Method)
08:45:57.912 [pool-92-thread-1] INFO  xxl.java.junit.TestCasesListener - Tests run finished (31 ms)
<> Total tests run: 2
<> Ignored tests: 0
<> Failed tests: 1
~ testQuinticMin(org.apache.commons.math.optimization.univariate.MultiStartUnivariateRealOptimizerTest)
[expected:<-0.2719561293> but was:<-0.2719561278056452>]
java.lang.AssertionError: expected:<-0.2719561293> but was:<-0.2719561278056452>    at org.junit.Assert.fail(Assert.java:88)
    at org.junit.Assert.failNotEquals(Assert.java:743)
    at org.junit.Assert.assertEquals(Assert.java:494)
    at org.junit.Assert.assertEquals(Assert.java:592)
    at org.apache.commons.math.optimization.univariate.MultiStartUnivariateRealOptimizerTest.testQuinticMin(MultiStartUnivariateRealOptimizerTest.java:71)
    at sun.reflect.NativeMethodAccessorImpl.invoke0(Native Method)

org.apache.commons.math.exception.TooManyEvaluationsException: evaluations: maximal count (258) exceeded
    at org.apache.commons.math.optimization.univariate.AbstractUnivariateRealOptimizer.computeObjectiveValue(AbstractUnivariateRealOptimizer.java:108)
    at org.apache.commons.math.optimization.univariate.BrentOptimizer.doOptimize(BrentOptimizer.java:149)
    at org.apache.commons.math.optimization.univariate.AbstractUnivariateRealOptimizer.optimize(AbstractUnivariateRealOptimizer.java:136)
    at org.apache.commons.math.optimization.univariate.AbstractUnivariateRealOptimizer.optimize(AbstractUnivariateRealOptimizer.java:144)
    at org.apache.commons.math.optimization.univariate.MultiStartUnivariateRealOptimizer.optimize(MultiStartUnivariateRealOptimizer.java:155)
    at org.apache.commons.math.optimization.univariate.MultiStartUnivariateRealOptimizerTest.testQuinticMin(MultiStartUnivariateRealOptimizerTest.java:70)
08:45:58.094 [pool-93-thread-1] INFO  f.i.l.c.t.SpecificationTestCasesListener - Tests run finished (47 ms)
<> Total tests run: 1
<> Ignored tests: 0
<> Failed tests: 1
~ testQuinticMin(org.apache.commons.math.optimization.univariate.MultiStartUnivariateRealOptimizerTest)
[evaluations: maximal count (258) exceeded]
org.apache.commons.math.exception.TooManyEvaluationsException: evaluations: maximal count (258) exceeded    at org.apache.commons.math.optimization.univariate.AbstractUnivariateRealOptimizer.computeObjectiveValue(AbstractUnivariateRealOptimizer.java:108)
    at org.apache.commons.math.optimization.univariate.BrentOptimizer.doOptimize(BrentOptimizer.java:149)
    at org.apache.commons.math.optimization.univariate.AbstractUnivariateRealOptimizer.optimize(AbstractUnivariateRealOptimizer.java:136)
    at org.apache.commons.math.optimization.univariate.AbstractUnivariateRealOptimizer.optimize(AbstractUnivariateRealOptimizer.java:144)
    at org.apache.commons.math.optimization.univariate.MultiStartUnivariateRealOptimizer.optimize(MultiStartUnivariateRealOptimizer.java:155)
    at org.apache.commons.math.optimization.univariate.MultiStartUnivariateRealOptimizerTest.testQuinticMin(MultiStartUnivariateRealOptimizerTest.java:70)

java.lang.AssertionError: expected:<-0.2719561293> but was:<-0.2719561278056452>
    at org.junit.Assert.fail(Assert.java:88)
    at org.junit.Assert.failNotEquals(Assert.java:743)
    at org.junit.Assert.assertEquals(Assert.java:494)
    at org.junit.Assert.assertEquals(Assert.java:592)
    at org.apache.commons.math.optimization.univariate.MultiStartUnivariateRealOptimizerTest.testQuinticMin(MultiStartUnivariateRealOptimizerTest.java:71)
    at sun.reflect.NativeMethodAccessorImpl.invoke0(Native Method)
08:45:58.096 [pool-94-thread-1] INFO  f.i.l.c.t.SpecificationTestCasesListener - Tests run finished (0 ms)
<> Total tests run: 1
<> Ignored tests: 0
<> Failed tests: 1
~ testQuinticMin(org.apache.commons.math.optimization.univariate.MultiStartUnivariateRealOptimizerTest)
[expected:<-0.2719561293> but was:<-0.2719561278056452>]
java.lang.AssertionError: expected:<-0.2719561293> but was:<-0.2719561278056452>    at org.junit.Assert.fail(Assert.java:88)
    at org.junit.Assert.failNotEquals(Assert.java:743)
    at org.junit.Assert.assertEquals(Assert.java:494)
    at org.junit.Assert.assertEquals(Assert.java:592)
    at org.apache.commons.math.optimization.univariate.MultiStartUnivariateRealOptimizerTest.testQuinticMin(MultiStartUnivariateRealOptimizerTest.java:71)
    at sun.reflect.NativeMethodAccessorImpl.invoke0(Native Method)

08:45:58.096 [pool-91-thread-1] DEBUG tests.output - Failing tests with false: 
[testQuinticMin(org.apache.commons.math.optimization.univariate.MultiStartUnivariateRealOptimizerTest): evaluations: maximal count (258) exceeded]
08:45:58.096 [pool-91-thread-1] DEBUG tests.output - Failing tests with true: 
[testQuinticMin(org.apache.commons.math.optimization.univariate.MultiStartUnivariateRealOptimizerTest): expected:<-0.2719561293> but was:<-0.2719561278056452>]
08:45:58.096 [pool-91-thread-1] INFO  f.i.l.r.n.synth.SMTNopolSynthesizer - Not enough specifications: 0. A trivial patch is "true" or "false", please write new tests specifying SourceLocation org.apache.commons.math.optimization.univariate.BrentOptimizer:193.
08:45:58.096 [pool-2-thread-1] DEBUG fr.inria.lille.repair.nopol.NoPol - statement #36
08:45:58.096 [pool-2-thread-1] DEBUG fr.inria.lille.repair.nopol.NoPol - Analysing SourceLocation org.apache.commons.math.optimization.univariate.BrentOptimizer:191 which is executed by 7 tests
192698619
08:45:58.181 [pool-2-thread-1] DEBUG fr.inria.lille.repair.nopol.NoPol - looking with class fr.inria.lille.repair.nopol.spoon.smt.ConditionalAdder
java.lang.AssertionError: expected:<-0.2719561293> but was:<-0.2719561278056452>
    at org.junit.Assert.fail(Assert.java:88)
    at org.junit.Assert.failNotEquals(Assert.java:743)
    at org.junit.Assert.assertEquals(Assert.java:494)
    at org.junit.Assert.assertEquals(Assert.java:592)
    at org.apache.commons.math.optimization.univariate.MultiStartUnivariateRealOptimizerTest.testQuinticMin(MultiStartUnivariateRealOptimizerTest.java:71)
    at sun.reflect.NativeMethodAccessorImpl.invoke0(Native Method)
08:45:58.215 [pool-96-thread-1] INFO  xxl.java.junit.TestCasesListener - Tests run finished (31 ms)
<> Total tests run: 2
<> Ignored tests: 0
<> Failed tests: 1
~ testQuinticMin(org.apache.commons.math.optimization.univariate.MultiStartUnivariateRealOptimizerTest)
[expected:<-0.2719561293> but was:<-0.2719561278056452>]
java.lang.AssertionError: expected:<-0.2719561293> but was:<-0.2719561278056452>    at org.junit.Assert.fail(Assert.java:88)
    at org.junit.Assert.failNotEquals(Assert.java:743)
    at org.junit.Assert.assertEquals(Assert.java:494)
    at org.junit.Assert.assertEquals(Assert.java:592)
    at org.apache.commons.math.optimization.univariate.MultiStartUnivariateRealOptimizerTest.testQuinticMin(MultiStartUnivariateRealOptimizerTest.java:71)
    at sun.reflect.NativeMethodAccessorImpl.invoke0(Native Method)

java.lang.AssertionError: expected:<-0.2719561293> but was:<-0.2719561279980533>
    at org.junit.Assert.fail(Assert.java:88)
    at org.junit.Assert.failNotEquals(Assert.java:743)
    at org.junit.Assert.assertEquals(Assert.java:494)
    at org.junit.Assert.assertEquals(Assert.java:592)
    at org.apache.commons.math.optimization.univariate.MultiStartUnivariateRealOptimizerTest.testQuinticMin(MultiStartUnivariateRealOptimizerTest.java:71)
    at sun.reflect.NativeMethodAccessorImpl.invoke0(Native Method)
08:45:58.386 [pool-97-thread-1] INFO  f.i.l.c.t.SpecificationTestCasesListener - Tests run finished (31 ms)
<> Total tests run: 1
<> Ignored tests: 0
<> Failed tests: 1
~ testQuinticMin(org.apache.commons.math.optimization.univariate.MultiStartUnivariateRealOptimizerTest)
[expected:<-0.2719561293> but was:<-0.2719561279980533>]
java.lang.AssertionError: expected:<-0.2719561293> but was:<-0.2719561279980533>    at org.junit.Assert.fail(Assert.java:88)
    at org.junit.Assert.failNotEquals(Assert.java:743)
    at org.junit.Assert.assertEquals(Assert.java:494)
    at org.junit.Assert.assertEquals(Assert.java:592)
    at org.apache.commons.math.optimization.univariate.MultiStartUnivariateRealOptimizerTest.testQuinticMin(MultiStartUnivariateRealOptimizerTest.java:71)
    at sun.reflect.NativeMethodAccessorImpl.invoke0(Native Method)

java.lang.AssertionError: expected:<-0.2719561293> but was:<-0.2719561278056452>
    at org.junit.Assert.fail(Assert.java:88)
    at org.junit.Assert.failNotEquals(Assert.java:743)
    at org.junit.Assert.assertEquals(Assert.java:494)
    at org.junit.Assert.assertEquals(Assert.java:592)
    at org.apache.commons.math.optimization.univariate.MultiStartUnivariateRealOptimizerTest.testQuinticMin(MultiStartUnivariateRealOptimizerTest.java:71)
    at sun.reflect.NativeMethodAccessorImpl.invoke0(Native Method)
08:45:58.387 [pool-98-thread-1] INFO  f.i.l.c.t.SpecificationTestCasesListener - Tests run finished (1 ms)
<> Total tests run: 1
<> Ignored tests: 0
<> Failed tests: 1
~ testQuinticMin(org.apache.commons.math.optimization.univariate.MultiStartUnivariateRealOptimizerTest)
[expected:<-0.2719561293> but was:<-0.2719561278056452>]
java.lang.AssertionError: expected:<-0.2719561293> but was:<-0.2719561278056452>    at org.junit.Assert.fail(Assert.java:88)
    at org.junit.Assert.failNotEquals(Assert.java:743)
    at org.junit.Assert.assertEquals(Assert.java:494)
    at org.junit.Assert.assertEquals(Assert.java:592)
    at org.apache.commons.math.optimization.univariate.MultiStartUnivariateRealOptimizerTest.testQuinticMin(MultiStartUnivariateRealOptimizerTest.java:71)
    at sun.reflect.NativeMethodAccessorImpl.invoke0(Native Method)

08:45:58.411 [pool-95-thread-1] DEBUG tests.output - Failing tests with false: 
[testQuinticMin(org.apache.commons.math.optimization.univariate.MultiStartUnivariateRealOptimizerTest): expected:<-0.2719561293> but was:<-0.2719561279980533>]
08:45:58.411 [pool-95-thread-1] DEBUG tests.output - Failing tests with true: 
[testQuinticMin(org.apache.commons.math.optimization.univariate.MultiStartUnivariateRealOptimizerTest): expected:<-0.2719561293> but was:<-0.2719561278056452>]
08:45:58.411 [pool-95-thread-1] INFO  f.i.l.r.n.synth.SMTNopolSynthesizer - Not enough specifications: 0. A trivial patch is "true" or "false", please write new tests specifying SourceLocation org.apache.commons.math.optimization.univariate.BrentOptimizer:191.
08:45:58.411 [pool-2-thread-1] DEBUG fr.inria.lille.repair.nopol.NoPol - statement #37
08:45:58.411 [pool-2-thread-1] DEBUG fr.inria.lille.repair.nopol.NoPol - Analysing SourceLocation org.apache.commons.math.optimization.univariate.BrentOptimizer:164 which is executed by 7 tests
192698619
08:45:58.497 [pool-2-thread-1] DEBUG fr.inria.lille.repair.nopol.NoPol - looking with class fr.inria.lille.repair.nopol.spoon.smt.ConditionalAdder
java.lang.AssertionError: expected:<-0.2719561293> but was:<-0.2719561278056452>
    at org.junit.Assert.fail(Assert.java:88)
    at org.junit.Assert.failNotEquals(Assert.java:743)
    at org.junit.Assert.assertEquals(Assert.java:494)
    at org.junit.Assert.assertEquals(Assert.java:592)
    at org.apache.commons.math.optimization.univariate.MultiStartUnivariateRealOptimizerTest.testQuinticMin(MultiStartUnivariateRealOptimizerTest.java:71)
    at sun.reflect.NativeMethodAccessorImpl.invoke0(Native Method)
08:45:58.530 [pool-100-thread-1] INFO  xxl.java.junit.TestCasesListener - Tests run finished (31 ms)
<> Total tests run: 2
<> Ignored tests: 0
<> Failed tests: 1
~ testQuinticMin(org.apache.commons.math.optimization.univariate.MultiStartUnivariateRealOptimizerTest)
[expected:<-0.2719561293> but was:<-0.2719561278056452>]
java.lang.AssertionError: expected:<-0.2719561293> but was:<-0.2719561278056452>    at org.junit.Assert.fail(Assert.java:88)
    at org.junit.Assert.failNotEquals(Assert.java:743)
    at org.junit.Assert.assertEquals(Assert.java:494)
    at org.junit.Assert.assertEquals(Assert.java:592)
    at org.apache.commons.math.optimization.univariate.MultiStartUnivariateRealOptimizerTest.testQuinticMin(MultiStartUnivariateRealOptimizerTest.java:71)
    at sun.reflect.NativeMethodAccessorImpl.invoke0(Native Method)

java.lang.AssertionError: expected:<-0.2719561293> but was:<-0.27195612762762944>
    at org.junit.Assert.fail(Assert.java:88)
    at org.junit.Assert.failNotEquals(Assert.java:743)
    at org.junit.Assert.assertEquals(Assert.java:494)
    at org.junit.Assert.assertEquals(Assert.java:592)
    at org.apache.commons.math.optimization.univariate.MultiStartUnivariateRealOptimizerTest.testQuinticMin(MultiStartUnivariateRealOptimizerTest.java:71)
    at sun.reflect.NativeMethodAccessorImpl.invoke0(Native Method)
08:45:58.690 [pool-101-thread-1] INFO  f.i.l.c.t.SpecificationTestCasesListener - Tests run finished (29 ms)
<> Total tests run: 1
<> Ignored tests: 0
<> Failed tests: 1
~ testQuinticMin(org.apache.commons.math.optimization.univariate.MultiStartUnivariateRealOptimizerTest)
[expected:<-0.2719561293> but was:<-0.27195612762762944>]
java.lang.AssertionError: expected:<-0.2719561293> but was:<-0.27195612762762944>    at org.junit.Assert.fail(Assert.java:88)
    at org.junit.Assert.failNotEquals(Assert.java:743)
    at org.junit.Assert.assertEquals(Assert.java:494)
    at org.junit.Assert.assertEquals(Assert.java:592)
    at org.apache.commons.math.optimization.univariate.MultiStartUnivariateRealOptimizerTest.testQuinticMin(MultiStartUnivariateRealOptimizerTest.java:71)
    at sun.reflect.NativeMethodAccessorImpl.invoke0(Native Method)

java.lang.AssertionError: expected:<-0.2719561293> but was:<-0.2719561278056452>
    at org.junit.Assert.fail(Assert.java:88)
    at org.junit.Assert.failNotEquals(Assert.java:743)
    at org.junit.Assert.assertEquals(Assert.java:494)
    at org.junit.Assert.assertEquals(Assert.java:592)
    at org.apache.commons.math.optimization.univariate.MultiStartUnivariateRealOptimizerTest.testQuinticMin(MultiStartUnivariateRealOptimizerTest.java:71)
    at sun.reflect.NativeMethodAccessorImpl.invoke0(Native Method)
08:45:58.691 [pool-102-thread-1] INFO  f.i.l.c.t.SpecificationTestCasesListener - Tests run finished (1 ms)
<> Total tests run: 1
<> Ignored tests: 0
<> Failed tests: 1
~ testQuinticMin(org.apache.commons.math.optimization.univariate.MultiStartUnivariateRealOptimizerTest)
[expected:<-0.2719561293> but was:<-0.2719561278056452>]
java.lang.AssertionError: expected:<-0.2719561293> but was:<-0.2719561278056452>    at org.junit.Assert.fail(Assert.java:88)
    at org.junit.Assert.failNotEquals(Assert.java:743)
    at org.junit.Assert.assertEquals(Assert.java:494)
    at org.junit.Assert.assertEquals(Assert.java:592)
    at org.apache.commons.math.optimization.univariate.MultiStartUnivariateRealOptimizerTest.testQuinticMin(MultiStartUnivariateRealOptimizerTest.java:71)
    at sun.reflect.NativeMethodAccessorImpl.invoke0(Native Method)

08:45:58.691 [pool-99-thread-1] DEBUG tests.output - Failing tests with false: 
[testQuinticMin(org.apache.commons.math.optimization.univariate.MultiStartUnivariateRealOptimizerTest): expected:<-0.2719561293> but was:<-0.27195612762762944>]
08:45:58.691 [pool-99-thread-1] DEBUG tests.output - Failing tests with true: 
[testQuinticMin(org.apache.commons.math.optimization.univariate.MultiStartUnivariateRealOptimizerTest): expected:<-0.2719561293> but was:<-0.2719561278056452>]
08:45:58.691 [pool-99-thread-1] INFO  f.i.l.r.n.synth.SMTNopolSynthesizer - Not enough specifications: 0. A trivial patch is "true" or "false", please write new tests specifying SourceLocation org.apache.commons.math.optimization.univariate.BrentOptimizer:164.
08:45:58.691 [pool-2-thread-1] DEBUG fr.inria.lille.repair.nopol.NoPol - statement #38
08:45:58.691 [pool-2-thread-1] DEBUG fr.inria.lille.repair.nopol.NoPol - Analysing SourceLocation org.apache.commons.math.optimization.univariate.BrentOptimizer:229 which is executed by 8 tests
192698619
08:45:58.777 [pool-2-thread-1] DEBUG fr.inria.lille.repair.nopol.NoPol - looking with class fr.inria.lille.repair.nopol.spoon.smt.ConditionalAdder
java.lang.AssertionError: expected:<-0.2719561293> but was:<-0.2719561278056452>
    at org.junit.Assert.fail(Assert.java:88)
    at org.junit.Assert.failNotEquals(Assert.java:743)
    at org.junit.Assert.assertEquals(Assert.java:494)
    at org.junit.Assert.assertEquals(Assert.java:592)
    at org.apache.commons.math.optimization.univariate.MultiStartUnivariateRealOptimizerTest.testQuinticMin(MultiStartUnivariateRealOptimizerTest.java:71)
    at sun.reflect.NativeMethodAccessorImpl.invoke0(Native Method)
08:45:58.810 [pool-104-thread-1] INFO  xxl.java.junit.TestCasesListener - Tests run finished (31 ms)
<> Total tests run: 2
<> Ignored tests: 0
<> Failed tests: 1
~ testQuinticMin(org.apache.commons.math.optimization.univariate.MultiStartUnivariateRealOptimizerTest)
[expected:<-0.2719561293> but was:<-0.2719561278056452>]
java.lang.AssertionError: expected:<-0.2719561293> but was:<-0.2719561278056452>    at org.junit.Assert.fail(Assert.java:88)
    at org.junit.Assert.failNotEquals(Assert.java:743)
    at org.junit.Assert.assertEquals(Assert.java:494)
    at org.junit.Assert.assertEquals(Assert.java:592)
    at org.apache.commons.math.optimization.univariate.MultiStartUnivariateRealOptimizerTest.testQuinticMin(MultiStartUnivariateRealOptimizerTest.java:71)
    at sun.reflect.NativeMethodAccessorImpl.invoke0(Native Method)

java.lang.AssertionError: expected:<-0.2719561293> but was:<-0.2719561278056452>
    at org.junit.Assert.fail(Assert.java:88)
    at org.junit.Assert.failNotEquals(Assert.java:743)
    at org.junit.Assert.assertEquals(Assert.java:494)
    at org.junit.Assert.assertEquals(Assert.java:592)
    at org.apache.commons.math.optimization.univariate.MultiStartUnivariateRealOptimizerTest.testQuinticMin(MultiStartUnivariateRealOptimizerTest.java:71)
    at sun.reflect.NativeMethodAccessorImpl.invoke0(Native Method)
08:45:58.967 [pool-105-thread-1] INFO  f.i.l.c.t.SpecificationTestCasesListener - Tests run finished (30 ms)
<> Total tests run: 1
<> Ignored tests: 0
<> Failed tests: 1
~ testQuinticMin(org.apache.commons.math.optimization.univariate.MultiStartUnivariateRealOptimizerTest)
[expected:<-0.2719561293> but was:<-0.2719561278056452>]
java.lang.AssertionError: expected:<-0.2719561293> but was:<-0.2719561278056452>    at org.junit.Assert.fail(Assert.java:88)
    at org.junit.Assert.failNotEquals(Assert.java:743)
    at org.junit.Assert.assertEquals(Assert.java:494)
    at org.junit.Assert.assertEquals(Assert.java:592)
    at org.apache.commons.math.optimization.univariate.MultiStartUnivariateRealOptimizerTest.testQuinticMin(MultiStartUnivariateRealOptimizerTest.java:71)
    at sun.reflect.NativeMethodAccessorImpl.invoke0(Native Method)

java.lang.AssertionError: expected:<-0.2719561293> but was:<-0.2719561278056452>
    at org.junit.Assert.fail(Assert.java:88)
    at org.junit.Assert.failNotEquals(Assert.java:743)
    at org.junit.Assert.assertEquals(Assert.java:494)
    at org.junit.Assert.assertEquals(Assert.java:592)
    at org.apache.commons.math.optimization.univariate.MultiStartUnivariateRealOptimizerTest.testQuinticMin(MultiStartUnivariateRealOptimizerTest.java:71)
    at sun.reflect.NativeMethodAccessorImpl.invoke0(Native Method)
08:45:58.968 [pool-106-thread-1] INFO  f.i.l.c.t.SpecificationTestCasesListener - Tests run finished (1 ms)
<> Total tests run: 1
<> Ignored tests: 0
<> Failed tests: 1
~ testQuinticMin(org.apache.commons.math.optimization.univariate.MultiStartUnivariateRealOptimizerTest)
[expected:<-0.2719561293> but was:<-0.2719561278056452>]
java.lang.AssertionError: expected:<-0.2719561293> but was:<-0.2719561278056452>    at org.junit.Assert.fail(Assert.java:88)
    at org.junit.Assert.failNotEquals(Assert.java:743)
    at org.junit.Assert.assertEquals(Assert.java:494)
    at org.junit.Assert.assertEquals(Assert.java:592)
    at org.apache.commons.math.optimization.univariate.MultiStartUnivariateRealOptimizerTest.testQuinticMin(MultiStartUnivariateRealOptimizerTest.java:71)
    at sun.reflect.NativeMethodAccessorImpl.invoke0(Native Method)

08:45:58.968 [pool-103-thread-1] DEBUG tests.output - Failing tests with false: 
[testQuinticMin(org.apache.commons.math.optimization.univariate.MultiStartUnivariateRealOptimizerTest): expected:<-0.2719561293> but was:<-0.2719561278056452>]
08:45:58.968 [pool-103-thread-1] DEBUG tests.output - Failing tests with true: 
[testQuinticMin(org.apache.commons.math.optimization.univariate.MultiStartUnivariateRealOptimizerTest): expected:<-0.2719561293> but was:<-0.2719561278056452>]
08:45:58.968 [pool-103-thread-1] INFO  f.i.l.r.n.synth.SMTNopolSynthesizer - Not enough specifications: 0. A trivial patch is "true" or "false", please write new tests specifying SourceLocation org.apache.commons.math.optimization.univariate.BrentOptimizer:229.
08:45:58.968 [pool-2-thread-1] DEBUG fr.inria.lille.repair.nopol.NoPol - looking with class fr.inria.lille.repair.nopol.spoon.smt.ConditionalReplacer
java.lang.AssertionError: expected:<-0.2719561293> but was:<-0.2719561278056452>
    at org.junit.Assert.fail(Assert.java:88)
    at org.junit.Assert.failNotEquals(Assert.java:743)
    at org.junit.Assert.assertEquals(Assert.java:494)
    at org.junit.Assert.assertEquals(Assert.java:592)
    at org.apache.commons.math.optimization.univariate.MultiStartUnivariateRealOptimizerTest.testQuinticMin(MultiStartUnivariateRealOptimizerTest.java:71)
    at sun.reflect.NativeMethodAccessorImpl.invoke0(Native Method)
08:45:59.001 [pool-108-thread-1] INFO  xxl.java.junit.TestCasesListener - Tests run finished (31 ms)
<> Total tests run: 2
<> Ignored tests: 0
<> Failed tests: 1
~ testQuinticMin(org.apache.commons.math.optimization.univariate.MultiStartUnivariateRealOptimizerTest)
[expected:<-0.2719561293> but was:<-0.2719561278056452>]
java.lang.AssertionError: expected:<-0.2719561293> but was:<-0.2719561278056452>    at org.junit.Assert.fail(Assert.java:88)
    at org.junit.Assert.failNotEquals(Assert.java:743)
    at org.junit.Assert.assertEquals(Assert.java:494)
    at org.junit.Assert.assertEquals(Assert.java:592)
    at org.apache.commons.math.optimization.univariate.MultiStartUnivariateRealOptimizerTest.testQuinticMin(MultiStartUnivariateRealOptimizerTest.java:71)
    at sun.reflect.NativeMethodAccessorImpl.invoke0(Native Method)

java.lang.AssertionError: expected:<-0.2719561293> but was:<-0.2719561278056452>
    at org.junit.Assert.fail(Assert.java:88)
    at org.junit.Assert.failNotEquals(Assert.java:743)
    at org.junit.Assert.assertEquals(Assert.java:494)
    at org.junit.Assert.assertEquals(Assert.java:592)
    at org.apache.commons.math.optimization.univariate.MultiStartUnivariateRealOptimizerTest.testQuinticMin(MultiStartUnivariateRealOptimizerTest.java:71)
    at sun.reflect.NativeMethodAccessorImpl.invoke0(Native Method)
08:45:59.156 [pool-109-thread-1] INFO  f.i.l.c.t.SpecificationTestCasesListener - Tests run finished (29 ms)
<> Total tests run: 1
<> Ignored tests: 0
<> Failed tests: 1
~ testQuinticMin(org.apache.commons.math.optimization.univariate.MultiStartUnivariateRealOptimizerTest)
[expected:<-0.2719561293> but was:<-0.2719561278056452>]
java.lang.AssertionError: expected:<-0.2719561293> but was:<-0.2719561278056452>    at org.junit.Assert.fail(Assert.java:88)
    at org.junit.Assert.failNotEquals(Assert.java:743)
    at org.junit.Assert.assertEquals(Assert.java:494)
    at org.junit.Assert.assertEquals(Assert.java:592)
    at org.apache.commons.math.optimization.univariate.MultiStartUnivariateRealOptimizerTest.testQuinticMin(MultiStartUnivariateRealOptimizerTest.java:71)
    at sun.reflect.NativeMethodAccessorImpl.invoke0(Native Method)

java.lang.AssertionError: expected:<-0.2719561293> but was:<-0.2719561278056452>
    at org.junit.Assert.fail(Assert.java:88)
    at org.junit.Assert.failNotEquals(Assert.java:743)
    at org.junit.Assert.assertEquals(Assert.java:494)
    at org.junit.Assert.assertEquals(Assert.java:592)
    at org.apache.commons.math.optimization.univariate.MultiStartUnivariateRealOptimizerTest.testQuinticMin(MultiStartUnivariateRealOptimizerTest.java:71)
    at sun.reflect.NativeMethodAccessorImpl.invoke0(Native Method)
08:45:59.157 [pool-110-thread-1] INFO  f.i.l.c.t.SpecificationTestCasesListener - Tests run finished (0 ms)
<> Total tests run: 1
<> Ignored tests: 0
<> Failed tests: 1
~ testQuinticMin(org.apache.commons.math.optimization.univariate.MultiStartUnivariateRealOptimizerTest)
[expected:<-0.2719561293> but was:<-0.2719561278056452>]
java.lang.AssertionError: expected:<-0.2719561293> but was:<-0.2719561278056452>    at org.junit.Assert.fail(Assert.java:88)
    at org.junit.Assert.failNotEquals(Assert.java:743)
    at org.junit.Assert.assertEquals(Assert.java:494)
    at org.junit.Assert.assertEquals(Assert.java:592)
    at org.apache.commons.math.optimization.univariate.MultiStartUnivariateRealOptimizerTest.testQuinticMin(MultiStartUnivariateRealOptimizerTest.java:71)
    at sun.reflect.NativeMethodAccessorImpl.invoke0(Native Method)

08:45:59.158 [pool-107-thread-1] DEBUG tests.output - Failing tests with false: 
[testQuinticMin(org.apache.commons.math.optimization.univariate.MultiStartUnivariateRealOptimizerTest): expected:<-0.2719561293> but was:<-0.2719561278056452>]
08:45:59.158 [pool-107-thread-1] DEBUG tests.output - Failing tests with true: 
[testQuinticMin(org.apache.commons.math.optimization.univariate.MultiStartUnivariateRealOptimizerTest): expected:<-0.2719561293> but was:<-0.2719561278056452>]
08:45:59.158 [pool-107-thread-1] INFO  f.i.l.r.n.synth.SMTNopolSynthesizer - Not enough specifications: 0. A trivial patch is "true" or "false", please write new tests specifying SourceLocation org.apache.commons.math.optimization.univariate.BrentOptimizer:229.
08:45:59.158 [pool-2-thread-1] DEBUG fr.inria.lille.repair.nopol.NoPol - statement #39
08:45:59.158 [pool-2-thread-1] DEBUG fr.inria.lille.repair.nopol.NoPol - Analysing SourceLocation org.apache.commons.math.optimization.univariate.BrentOptimizer:221 which is executed by 8 tests
192698619
08:45:59.243 [pool-2-thread-1] DEBUG fr.inria.lille.repair.nopol.NoPol - looking with class fr.inria.lille.repair.nopol.spoon.smt.ConditionalAdder
java.lang.AssertionError: expected:<-0.2719561293> but was:<-0.2719561278056452>
    at org.junit.Assert.fail(Assert.java:88)
    at org.junit.Assert.failNotEquals(Assert.java:743)
    at org.junit.Assert.assertEquals(Assert.java:494)
    at org.junit.Assert.assertEquals(Assert.java:592)
    at org.apache.commons.math.optimization.univariate.MultiStartUnivariateRealOptimizerTest.testQuinticMin(MultiStartUnivariateRealOptimizerTest.java:71)
    at sun.reflect.NativeMethodAccessorImpl.invoke0(Native Method)
08:45:59.286 [pool-112-thread-1] INFO  xxl.java.junit.TestCasesListener - Tests run finished (31 ms)
<> Total tests run: 2
<> Ignored tests: 0
<> Failed tests: 1
~ testQuinticMin(org.apache.commons.math.optimization.univariate.MultiStartUnivariateRealOptimizerTest)
[expected:<-0.2719561293> but was:<-0.2719561278056452>]
java.lang.AssertionError: expected:<-0.2719561293> but was:<-0.2719561278056452>    at org.junit.Assert.fail(Assert.java:88)
    at org.junit.Assert.failNotEquals(Assert.java:743)
    at org.junit.Assert.assertEquals(Assert.java:494)
    at org.junit.Assert.assertEquals(Assert.java:592)
    at org.apache.commons.math.optimization.univariate.MultiStartUnivariateRealOptimizerTest.testQuinticMin(MultiStartUnivariateRealOptimizerTest.java:71)
    at sun.reflect.NativeMethodAccessorImpl.invoke0(Native Method)

org.apache.commons.math.exception.TooManyEvaluationsException: evaluations: maximal count (300) exceeded
    at org.apache.commons.math.optimization.univariate.AbstractUnivariateRealOptimizer.computeObjectiveValue(AbstractUnivariateRealOptimizer.java:108)
    at org.apache.commons.math.optimization.univariate.BrentOptimizer.doOptimize(BrentOptimizer.java:108)
    at org.apache.commons.math.optimization.univariate.AbstractUnivariateRealOptimizer.optimize(AbstractUnivariateRealOptimizer.java:136)
    at org.apache.commons.math.optimization.univariate.AbstractUnivariateRealOptimizer.optimize(AbstractUnivariateRealOptimizer.java:144)
    at org.apache.commons.math.optimization.univariate.MultiStartUnivariateRealOptimizer.optimize(MultiStartUnivariateRealOptimizer.java:155)
    at org.apache.commons.math.optimization.univariate.MultiStartUnivariateRealOptimizerTest.testQuinticMin(MultiStartUnivariateRealOptimizerTest.java:70)
08:45:59.464 [pool-113-thread-1] INFO  f.i.l.c.t.SpecificationTestCasesListener - Tests run finished (41 ms)
<> Total tests run: 1
<> Ignored tests: 0
<> Failed tests: 1
~ testQuinticMin(org.apache.commons.math.optimization.univariate.MultiStartUnivariateRealOptimizerTest)
[evaluations: maximal count (300) exceeded]
org.apache.commons.math.exception.TooManyEvaluationsException: evaluations: maximal count (300) exceeded    at org.apache.commons.math.optimization.univariate.AbstractUnivariateRealOptimizer.computeObjectiveValue(AbstractUnivariateRealOptimizer.java:108)
    at org.apache.commons.math.optimization.univariate.BrentOptimizer.doOptimize(BrentOptimizer.java:108)
    at org.apache.commons.math.optimization.univariate.AbstractUnivariateRealOptimizer.optimize(AbstractUnivariateRealOptimizer.java:136)
    at org.apache.commons.math.optimization.univariate.AbstractUnivariateRealOptimizer.optimize(AbstractUnivariateRealOptimizer.java:144)
    at org.apache.commons.math.optimization.univariate.MultiStartUnivariateRealOptimizer.optimize(MultiStartUnivariateRealOptimizer.java:155)
    at org.apache.commons.math.optimization.univariate.MultiStartUnivariateRealOptimizerTest.testQuinticMin(MultiStartUnivariateRealOptimizerTest.java:70)

java.lang.AssertionError: expected:<-0.2719561293> but was:<-0.2719561278056452>
    at org.junit.Assert.fail(Assert.java:88)
    at org.junit.Assert.failNotEquals(Assert.java:743)
    at org.junit.Assert.assertEquals(Assert.java:494)
    at org.junit.Assert.assertEquals(Assert.java:592)
    at org.apache.commons.math.optimization.univariate.MultiStartUnivariateRealOptimizerTest.testQuinticMin(MultiStartUnivariateRealOptimizerTest.java:71)
    at sun.reflect.NativeMethodAccessorImpl.invoke0(Native Method)
08:45:59.466 [pool-114-thread-1] INFO  f.i.l.c.t.SpecificationTestCasesListener - Tests run finished (1 ms)
<> Total tests run: 1
<> Ignored tests: 0
<> Failed tests: 1
~ testQuinticMin(org.apache.commons.math.optimization.univariate.MultiStartUnivariateRealOptimizerTest)
[expected:<-0.2719561293> but was:<-0.2719561278056452>]
java.lang.AssertionError: expected:<-0.2719561293> but was:<-0.2719561278056452>    at org.junit.Assert.fail(Assert.java:88)
    at org.junit.Assert.failNotEquals(Assert.java:743)
    at org.junit.Assert.assertEquals(Assert.java:494)
    at org.junit.Assert.assertEquals(Assert.java:592)
    at org.apache.commons.math.optimization.univariate.MultiStartUnivariateRealOptimizerTest.testQuinticMin(MultiStartUnivariateRealOptimizerTest.java:71)
    at sun.reflect.NativeMethodAccessorImpl.invoke0(Native Method)

08:45:59.466 [pool-111-thread-1] DEBUG tests.output - Failing tests with false: 
[testQuinticMin(org.apache.commons.math.optimization.univariate.MultiStartUnivariateRealOptimizerTest): evaluations: maximal count (300) exceeded]
08:45:59.466 [pool-111-thread-1] DEBUG tests.output - Failing tests with true: 
[testQuinticMin(org.apache.commons.math.optimization.univariate.MultiStartUnivariateRealOptimizerTest): expected:<-0.2719561293> but was:<-0.2719561278056452>]
08:45:59.466 [pool-111-thread-1] INFO  f.i.l.r.n.synth.SMTNopolSynthesizer - Not enough specifications: 0. A trivial patch is "true" or "false", please write new tests specifying SourceLocation org.apache.commons.math.optimization.univariate.BrentOptimizer:221.
08:45:59.467 [pool-2-thread-1] DEBUG fr.inria.lille.repair.nopol.NoPol - statement #40
08:45:59.467 [pool-2-thread-1] DEBUG fr.inria.lille.repair.nopol.NoPol - Analysing SourceLocation org.apache.commons.math.optimization.univariate.BrentOptimizer:163 which is executed by 8 tests
192698619
08:45:59.552 [pool-2-thread-1] DEBUG fr.inria.lille.repair.nopol.NoPol - looking with class fr.inria.lille.repair.nopol.spoon.smt.ConditionalAdder
java.lang.AssertionError: expected:<-0.2719561293> but was:<-0.2719561278056452>
    at org.junit.Assert.fail(Assert.java:88)
    at org.junit.Assert.failNotEquals(Assert.java:743)
    at org.junit.Assert.assertEquals(Assert.java:494)
    at org.junit.Assert.assertEquals(Assert.java:592)
    at org.apache.commons.math.optimization.univariate.MultiStartUnivariateRealOptimizerTest.testQuinticMin(MultiStartUnivariateRealOptimizerTest.java:71)
    at sun.reflect.NativeMethodAccessorImpl.invoke0(Native Method)
08:45:59.587 [pool-116-thread-1] INFO  xxl.java.junit.TestCasesListener - Tests run finished (32 ms)
<> Total tests run: 2
<> Ignored tests: 0
<> Failed tests: 1
~ testQuinticMin(org.apache.commons.math.optimization.univariate.MultiStartUnivariateRealOptimizerTest)
[expected:<-0.2719561293> but was:<-0.2719561278056452>]
java.lang.AssertionError: expected:<-0.2719561293> but was:<-0.2719561278056452>    at org.junit.Assert.fail(Assert.java:88)
    at org.junit.Assert.failNotEquals(Assert.java:743)
    at org.junit.Assert.assertEquals(Assert.java:494)
    at org.junit.Assert.assertEquals(Assert.java:592)
    at org.apache.commons.math.optimization.univariate.MultiStartUnivariateRealOptimizerTest.testQuinticMin(MultiStartUnivariateRealOptimizerTest.java:71)
    at sun.reflect.NativeMethodAccessorImpl.invoke0(Native Method)

java.lang.AssertionError: expected:<-0.2719561293> but was:<-0.27195612762762944>
    at org.junit.Assert.fail(Assert.java:88)
    at org.junit.Assert.failNotEquals(Assert.java:743)
    at org.junit.Assert.assertEquals(Assert.java:494)
    at org.junit.Assert.assertEquals(Assert.java:592)
    at org.apache.commons.math.optimization.univariate.MultiStartUnivariateRealOptimizerTest.testQuinticMin(MultiStartUnivariateRealOptimizerTest.java:71)
    at sun.reflect.NativeMethodAccessorImpl.invoke0(Native Method)
08:45:59.742 [pool-117-thread-1] INFO  f.i.l.c.t.SpecificationTestCasesListener - Tests run finished (30 ms)
<> Total tests run: 1
<> Ignored tests: 0
<> Failed tests: 1
~ testQuinticMin(org.apache.commons.math.optimization.univariate.MultiStartUnivariateRealOptimizerTest)
[expected:<-0.2719561293> but was:<-0.27195612762762944>]
java.lang.AssertionError: expected:<-0.2719561293> but was:<-0.27195612762762944>    at org.junit.Assert.fail(Assert.java:88)
    at org.junit.Assert.failNotEquals(Assert.java:743)
    at org.junit.Assert.assertEquals(Assert.java:494)
    at org.junit.Assert.assertEquals(Assert.java:592)
    at org.apache.commons.math.optimization.univariate.MultiStartUnivariateRealOptimizerTest.testQuinticMin(MultiStartUnivariateRealOptimizerTest.java:71)
    at sun.reflect.NativeMethodAccessorImpl.invoke0(Native Method)

java.lang.AssertionError: expected:<-0.2719561293> but was:<-0.2719561278056452>
    at org.junit.Assert.fail(Assert.java:88)
    at org.junit.Assert.failNotEquals(Assert.java:743)
    at org.junit.Assert.assertEquals(Assert.java:494)
    at org.junit.Assert.assertEquals(Assert.java:592)
    at org.apache.commons.math.optimization.univariate.MultiStartUnivariateRealOptimizerTest.testQuinticMin(MultiStartUnivariateRealOptimizerTest.java:71)
    at sun.reflect.NativeMethodAccessorImpl.invoke0(Native Method)
08:45:59.744 [pool-118-thread-1] INFO  f.i.l.c.t.SpecificationTestCasesListener - Tests run finished (1 ms)
<> Total tests run: 1
<> Ignored tests: 0
<> Failed tests: 1
~ testQuinticMin(org.apache.commons.math.optimization.univariate.MultiStartUnivariateRealOptimizerTest)
[expected:<-0.2719561293> but was:<-0.2719561278056452>]
java.lang.AssertionError: expected:<-0.2719561293> but was:<-0.2719561278056452>    at org.junit.Assert.fail(Assert.java:88)
    at org.junit.Assert.failNotEquals(Assert.java:743)
    at org.junit.Assert.assertEquals(Assert.java:494)
    at org.junit.Assert.assertEquals(Assert.java:592)
    at org.apache.commons.math.optimization.univariate.MultiStartUnivariateRealOptimizerTest.testQuinticMin(MultiStartUnivariateRealOptimizerTest.java:71)
    at sun.reflect.NativeMethodAccessorImpl.invoke0(Native Method)

08:45:59.745 [pool-115-thread-1] DEBUG tests.output - Failing tests with false: 
[testQuinticMin(org.apache.commons.math.optimization.univariate.MultiStartUnivariateRealOptimizerTest): expected:<-0.2719561293> but was:<-0.27195612762762944>]
08:45:59.746 [pool-115-thread-1] DEBUG tests.output - Failing tests with true: 
[testQuinticMin(org.apache.commons.math.optimization.univariate.MultiStartUnivariateRealOptimizerTest): expected:<-0.2719561293> but was:<-0.2719561278056452>]
08:45:59.746 [pool-115-thread-1] INFO  f.i.l.r.n.synth.SMTNopolSynthesizer - Not enough specifications: 0. A trivial patch is "true" or "false", please write new tests specifying SourceLocation org.apache.commons.math.optimization.univariate.BrentOptimizer:163.
08:45:59.746 [pool-2-thread-1] DEBUG fr.inria.lille.repair.nopol.NoPol - looking with class fr.inria.lille.repair.nopol.spoon.smt.ConditionalReplacer
java.lang.AssertionError: expected:<-0.2719561293> but was:<-0.2719561278056452>
    at org.junit.Assert.fail(Assert.java:88)
    at org.junit.Assert.failNotEquals(Assert.java:743)
    at org.junit.Assert.assertEquals(Assert.java:494)
    at org.junit.Assert.assertEquals(Assert.java:592)
    at org.apache.commons.math.optimization.univariate.MultiStartUnivariateRealOptimizerTest.testQuinticMin(MultiStartUnivariateRealOptimizerTest.java:71)
    at sun.reflect.NativeMethodAccessorImpl.invoke0(Native Method)
08:45:59.791 [pool-120-thread-1] INFO  xxl.java.junit.TestCasesListener - Tests run finished (30 ms)
<> Total tests run: 2
<> Ignored tests: 0
<> Failed tests: 1
~ testQuinticMin(org.apache.commons.math.optimization.univariate.MultiStartUnivariateRealOptimizerTest)
[expected:<-0.2719561293> but was:<-0.2719561278056452>]
java.lang.AssertionError: expected:<-0.2719561293> but was:<-0.2719561278056452>    at org.junit.Assert.fail(Assert.java:88)
    at org.junit.Assert.failNotEquals(Assert.java:743)
    at org.junit.Assert.assertEquals(Assert.java:494)
    at org.junit.Assert.assertEquals(Assert.java:592)
    at org.apache.commons.math.optimization.univariate.MultiStartUnivariateRealOptimizerTest.testQuinticMin(MultiStartUnivariateRealOptimizerTest.java:71)
    at sun.reflect.NativeMethodAccessorImpl.invoke0(Native Method)

java.lang.AssertionError: expected:<-0.2719561293> but was:<-0.2719561275918218>
    at org.junit.Assert.fail(Assert.java:88)
    at org.junit.Assert.failNotEquals(Assert.java:743)
    at org.junit.Assert.assertEquals(Assert.java:494)
    at org.junit.Assert.assertEquals(Assert.java:592)
    at org.apache.commons.math.optimization.univariate.MultiStartUnivariateRealOptimizerTest.testQuinticMin(MultiStartUnivariateRealOptimizerTest.java:71)
    at sun.reflect.NativeMethodAccessorImpl.invoke0(Native Method)
08:45:59.948 [pool-121-thread-1] INFO  f.i.l.c.t.SpecificationTestCasesListener - Tests run finished (29 ms)
<> Total tests run: 1
<> Ignored tests: 0
<> Failed tests: 1
~ testQuinticMin(org.apache.commons.math.optimization.univariate.MultiStartUnivariateRealOptimizerTest)
[expected:<-0.2719561293> but was:<-0.2719561275918218>]
java.lang.AssertionError: expected:<-0.2719561293> but was:<-0.2719561275918218>    at org.junit.Assert.fail(Assert.java:88)
    at org.junit.Assert.failNotEquals(Assert.java:743)
    at org.junit.Assert.assertEquals(Assert.java:494)
    at org.junit.Assert.assertEquals(Assert.java:592)
    at org.apache.commons.math.optimization.univariate.MultiStartUnivariateRealOptimizerTest.testQuinticMin(MultiStartUnivariateRealOptimizerTest.java:71)
    at sun.reflect.NativeMethodAccessorImpl.invoke0(Native Method)

java.lang.AssertionError: expected:<-0.2719561293> but was:<-0.2719561278056452>
    at org.junit.Assert.fail(Assert.java:88)
    at org.junit.Assert.failNotEquals(Assert.java:743)
    at org.junit.Assert.assertEquals(Assert.java:494)
    at org.junit.Assert.assertEquals(Assert.java:592)
    at org.apache.commons.math.optimization.univariate.MultiStartUnivariateRealOptimizerTest.testQuinticMin(MultiStartUnivariateRealOptimizerTest.java:71)
    at sun.reflect.NativeMethodAccessorImpl.invoke0(Native Method)
08:45:59.950 [pool-122-thread-1] INFO  f.i.l.c.t.SpecificationTestCasesListener - Tests run finished (1 ms)
<> Total tests run: 1
<> Ignored tests: 0
<> Failed tests: 1
~ testQuinticMin(org.apache.commons.math.optimization.univariate.MultiStartUnivariateRealOptimizerTest)
[expected:<-0.2719561293> but was:<-0.2719561278056452>]
java.lang.AssertionError: expected:<-0.2719561293> but was:<-0.2719561278056452>    at org.junit.Assert.fail(Assert.java:88)
    at org.junit.Assert.failNotEquals(Assert.java:743)
    at org.junit.Assert.assertEquals(Assert.java:494)
    at org.junit.Assert.assertEquals(Assert.java:592)
    at org.apache.commons.math.optimization.univariate.MultiStartUnivariateRealOptimizerTest.testQuinticMin(MultiStartUnivariateRealOptimizerTest.java:71)
    at sun.reflect.NativeMethodAccessorImpl.invoke0(Native Method)

08:45:59.950 [pool-119-thread-1] DEBUG tests.output - Failing tests with false: 
[testQuinticMin(org.apache.commons.math.optimization.univariate.MultiStartUnivariateRealOptimizerTest): expected:<-0.2719561293> but was:<-0.2719561275918218>]
08:45:59.950 [pool-119-thread-1] DEBUG tests.output - Failing tests with true: 
[testQuinticMin(org.apache.commons.math.optimization.univariate.MultiStartUnivariateRealOptimizerTest): expected:<-0.2719561293> but was:<-0.2719561278056452>]
08:45:59.950 [pool-119-thread-1] INFO  f.i.l.r.n.synth.SMTNopolSynthesizer - Not enough specifications: 0. A trivial patch is "true" or "false", please write new tests specifying SourceLocation org.apache.commons.math.optimization.univariate.BrentOptimizer:163.
08:45:59.950 [pool-2-thread-1] DEBUG fr.inria.lille.repair.nopol.NoPol - statement #41
08:45:59.950 [pool-2-thread-1] DEBUG fr.inria.lille.repair.nopol.NoPol - Analysing SourceLocation org.apache.commons.math.optimization.univariate.BrentOptimizer:162 which is executed by 8 tests
192698619
08:46:00.035 [pool-2-thread-1] DEBUG fr.inria.lille.repair.nopol.NoPol - looking with class fr.inria.lille.repair.nopol.spoon.smt.ConditionalAdder
java.lang.AssertionError: expected:<-0.2719561293> but was:<-0.2719561278056452>
    at org.junit.Assert.fail(Assert.java:88)
    at org.junit.Assert.failNotEquals(Assert.java:743)
    at org.junit.Assert.assertEquals(Assert.java:494)
    at org.junit.Assert.assertEquals(Assert.java:592)
    at org.apache.commons.math.optimization.univariate.MultiStartUnivariateRealOptimizerTest.testQuinticMin(MultiStartUnivariateRealOptimizerTest.java:71)
    at sun.reflect.NativeMethodAccessorImpl.invoke0(Native Method)
08:46:00.068 [pool-124-thread-1] INFO  xxl.java.junit.TestCasesListener - Tests run finished (30 ms)
<> Total tests run: 2
<> Ignored tests: 0
<> Failed tests: 1
~ testQuinticMin(org.apache.commons.math.optimization.univariate.MultiStartUnivariateRealOptimizerTest)
[expected:<-0.2719561293> but was:<-0.2719561278056452>]
java.lang.AssertionError: expected:<-0.2719561293> but was:<-0.2719561278056452>    at org.junit.Assert.fail(Assert.java:88)
    at org.junit.Assert.failNotEquals(Assert.java:743)
    at org.junit.Assert.assertEquals(Assert.java:494)
    at org.junit.Assert.assertEquals(Assert.java:592)
    at org.apache.commons.math.optimization.univariate.MultiStartUnivariateRealOptimizerTest.testQuinticMin(MultiStartUnivariateRealOptimizerTest.java:71)
    at sun.reflect.NativeMethodAccessorImpl.invoke0(Native Method)

java.lang.AssertionError: expected:<-0.2719561293> but was:<-0.27195612762762944>
    at org.junit.Assert.fail(Assert.java:88)
    at org.junit.Assert.failNotEquals(Assert.java:743)
    at org.junit.Assert.assertEquals(Assert.java:494)
    at org.junit.Assert.assertEquals(Assert.java:592)
    at org.apache.commons.math.optimization.univariate.MultiStartUnivariateRealOptimizerTest.testQuinticMin(MultiStartUnivariateRealOptimizerTest.java:71)
    at sun.reflect.NativeMethodAccessorImpl.invoke0(Native Method)
08:46:00.225 [pool-125-thread-1] INFO  f.i.l.c.t.SpecificationTestCasesListener - Tests run finished (30 ms)
<> Total tests run: 1
<> Ignored tests: 0
<> Failed tests: 1
~ testQuinticMin(org.apache.commons.math.optimization.univariate.MultiStartUnivariateRealOptimizerTest)
[expected:<-0.2719561293> but was:<-0.27195612762762944>]
java.lang.AssertionError: expected:<-0.2719561293> but was:<-0.27195612762762944>    at org.junit.Assert.fail(Assert.java:88)
    at org.junit.Assert.failNotEquals(Assert.java:743)
    at org.junit.Assert.assertEquals(Assert.java:494)
    at org.junit.Assert.assertEquals(Assert.java:592)
    at org.apache.commons.math.optimization.univariate.MultiStartUnivariateRealOptimizerTest.testQuinticMin(MultiStartUnivariateRealOptimizerTest.java:71)
    at sun.reflect.NativeMethodAccessorImpl.invoke0(Native Method)

java.lang.AssertionError: expected:<-0.2719561293> but was:<-0.2719561278056452>
    at org.junit.Assert.fail(Assert.java:88)
    at org.junit.Assert.failNotEquals(Assert.java:743)
    at org.junit.Assert.assertEquals(Assert.java:494)
    at org.junit.Assert.assertEquals(Assert.java:592)
    at org.apache.commons.math.optimization.univariate.MultiStartUnivariateRealOptimizerTest.testQuinticMin(MultiStartUnivariateRealOptimizerTest.java:71)
    at sun.reflect.NativeMethodAccessorImpl.invoke0(Native Method)
08:46:00.226 [pool-126-thread-1] INFO  f.i.l.c.t.SpecificationTestCasesListener - Tests run finished (0 ms)
<> Total tests run: 1
<> Ignored tests: 0
<> Failed tests: 1
~ testQuinticMin(org.apache.commons.math.optimization.univariate.MultiStartUnivariateRealOptimizerTest)
[expected:<-0.2719561293> but was:<-0.2719561278056452>]
java.lang.AssertionError: expected:<-0.2719561293> but was:<-0.2719561278056452>    at org.junit.Assert.fail(Assert.java:88)
    at org.junit.Assert.failNotEquals(Assert.java:743)
    at org.junit.Assert.assertEquals(Assert.java:494)
    at org.junit.Assert.assertEquals(Assert.java:592)
    at org.apache.commons.math.optimization.univariate.MultiStartUnivariateRealOptimizerTest.testQuinticMin(MultiStartUnivariateRealOptimizerTest.java:71)
    at sun.reflect.NativeMethodAccessorImpl.invoke0(Native Method)

08:46:00.227 [pool-123-thread-1] DEBUG tests.output - Failing tests with false: 
[testQuinticMin(org.apache.commons.math.optimization.univariate.MultiStartUnivariateRealOptimizerTest): expected:<-0.2719561293> but was:<-0.27195612762762944>]
08:46:00.227 [pool-123-thread-1] DEBUG tests.output - Failing tests with true: 
[testQuinticMin(org.apache.commons.math.optimization.univariate.MultiStartUnivariateRealOptimizerTest): expected:<-0.2719561293> but was:<-0.2719561278056452>]
08:46:00.227 [pool-123-thread-1] INFO  f.i.l.r.n.synth.SMTNopolSynthesizer - Not enough specifications: 0. A trivial patch is "true" or "false", please write new tests specifying SourceLocation org.apache.commons.math.optimization.univariate.BrentOptimizer:162.
08:46:00.227 [pool-2-thread-1] DEBUG fr.inria.lille.repair.nopol.NoPol - looking with class fr.inria.lille.repair.nopol.spoon.smt.ConditionalReplacer
java.lang.AssertionError: expected:<-0.2719561293> but was:<-0.2719561278056452>
    at org.junit.Assert.fail(Assert.java:88)
    at org.junit.Assert.failNotEquals(Assert.java:743)
    at org.junit.Assert.assertEquals(Assert.java:494)
    at org.junit.Assert.assertEquals(Assert.java:592)
    at org.apache.commons.math.optimization.univariate.MultiStartUnivariateRealOptimizerTest.testQuinticMin(MultiStartUnivariateRealOptimizerTest.java:71)
    at sun.reflect.NativeMethodAccessorImpl.invoke0(Native Method)
08:46:00.259 [pool-128-thread-1] INFO  xxl.java.junit.TestCasesListener - Tests run finished (30 ms)
<> Total tests run: 2
<> Ignored tests: 0
<> Failed tests: 1
~ testQuinticMin(org.apache.commons.math.optimization.univariate.MultiStartUnivariateRealOptimizerTest)
[expected:<-0.2719561293> but was:<-0.2719561278056452>]
java.lang.AssertionError: expected:<-0.2719561293> but was:<-0.2719561278056452>    at org.junit.Assert.fail(Assert.java:88)
    at org.junit.Assert.failNotEquals(Assert.java:743)
    at org.junit.Assert.assertEquals(Assert.java:494)
    at org.junit.Assert.assertEquals(Assert.java:592)
    at org.apache.commons.math.optimization.univariate.MultiStartUnivariateRealOptimizerTest.testQuinticMin(MultiStartUnivariateRealOptimizerTest.java:71)
    at sun.reflect.NativeMethodAccessorImpl.invoke0(Native Method)

java.lang.AssertionError: expected:<-0.2719561293> but was:<-0.27195612762762944>
    at org.junit.Assert.fail(Assert.java:88)
    at org.junit.Assert.failNotEquals(Assert.java:743)
    at org.junit.Assert.assertEquals(Assert.java:494)
    at org.junit.Assert.assertEquals(Assert.java:592)
    at org.apache.commons.math.optimization.univariate.MultiStartUnivariateRealOptimizerTest.testQuinticMin(MultiStartUnivariateRealOptimizerTest.java:71)
    at sun.reflect.NativeMethodAccessorImpl.invoke0(Native Method)
08:46:00.416 [pool-129-thread-1] INFO  f.i.l.c.t.SpecificationTestCasesListener - Tests run finished (31 ms)
<> Total tests run: 1
<> Ignored tests: 0
<> Failed tests: 1
~ testQuinticMin(org.apache.commons.math.optimization.univariate.MultiStartUnivariateRealOptimizerTest)
[expected:<-0.2719561293> but was:<-0.27195612762762944>]
java.lang.AssertionError: expected:<-0.2719561293> but was:<-0.27195612762762944>    at org.junit.Assert.fail(Assert.java:88)
    at org.junit.Assert.failNotEquals(Assert.java:743)
    at org.junit.Assert.assertEquals(Assert.java:494)
    at org.junit.Assert.assertEquals(Assert.java:592)
    at org.apache.commons.math.optimization.univariate.MultiStartUnivariateRealOptimizerTest.testQuinticMin(MultiStartUnivariateRealOptimizerTest.java:71)
    at sun.reflect.NativeMethodAccessorImpl.invoke0(Native Method)

java.lang.AssertionError: expected:<-0.2719561293> but was:<-0.2719561282643445>
    at org.junit.Assert.fail(Assert.java:88)
    at org.junit.Assert.failNotEquals(Assert.java:743)
    at org.junit.Assert.assertEquals(Assert.java:494)
    at org.junit.Assert.assertEquals(Assert.java:592)
    at org.apache.commons.math.optimization.univariate.MultiStartUnivariateRealOptimizerTest.testQuinticMin(MultiStartUnivariateRealOptimizerTest.java:71)
    at sun.reflect.NativeMethodAccessorImpl.invoke0(Native Method)
08:46:00.418 [pool-130-thread-1] INFO  f.i.l.c.t.SpecificationTestCasesListener - Tests run finished (1 ms)
<> Total tests run: 1
<> Ignored tests: 0
<> Failed tests: 1
~ testQuinticMin(org.apache.commons.math.optimization.univariate.MultiStartUnivariateRealOptimizerTest)
[expected:<-0.2719561293> but was:<-0.2719561282643445>]
java.lang.AssertionError: expected:<-0.2719561293> but was:<-0.2719561282643445>    at org.junit.Assert.fail(Assert.java:88)
    at org.junit.Assert.failNotEquals(Assert.java:743)
    at org.junit.Assert.assertEquals(Assert.java:494)
    at org.junit.Assert.assertEquals(Assert.java:592)
    at org.apache.commons.math.optimization.univariate.MultiStartUnivariateRealOptimizerTest.testQuinticMin(MultiStartUnivariateRealOptimizerTest.java:71)
    at sun.reflect.NativeMethodAccessorImpl.invoke0(Native Method)

08:46:00.419 [pool-127-thread-1] DEBUG tests.output - Failing tests with false: 
[testQuinticMin(org.apache.commons.math.optimization.univariate.MultiStartUnivariateRealOptimizerTest): expected:<-0.2719561293> but was:<-0.27195612762762944>]
08:46:00.419 [pool-127-thread-1] DEBUG tests.output - Failing tests with true: 
[testQuinticMin(org.apache.commons.math.optimization.univariate.MultiStartUnivariateRealOptimizerTest): expected:<-0.2719561293> but was:<-0.2719561282643445>]
08:46:00.419 [pool-127-thread-1] INFO  f.i.l.r.n.synth.SMTNopolSynthesizer - Not enough specifications: 0. A trivial patch is "true" or "false", please write new tests specifying SourceLocation org.apache.commons.math.optimization.univariate.BrentOptimizer:162.
08:46:00.420 [pool-2-thread-1] DEBUG fr.inria.lille.repair.nopol.NoPol - statement #42
08:46:00.420 [pool-2-thread-1] DEBUG fr.inria.lille.repair.nopol.NoPol - Analysing SourceLocation org.apache.commons.math.optimization.univariate.BrentOptimizer:159 which is executed by 8 tests
192698619
08:46:00.509 [pool-2-thread-1] DEBUG fr.inria.lille.repair.nopol.NoPol - looking with class fr.inria.lille.repair.nopol.spoon.smt.ConditionalAdder
java.lang.AssertionError: expected:<-0.2719561293> but was:<-0.2719561278056452>
    at org.junit.Assert.fail(Assert.java:88)
    at org.junit.Assert.failNotEquals(Assert.java:743)
    at org.junit.Assert.assertEquals(Assert.java:494)
    at org.junit.Assert.assertEquals(Assert.java:592)
    at org.apache.commons.math.optimization.univariate.MultiStartUnivariateRealOptimizerTest.testQuinticMin(MultiStartUnivariateRealOptimizerTest.java:71)
    at sun.reflect.NativeMethodAccessorImpl.invoke0(Native Method)
08:46:00.544 [pool-132-thread-1] INFO  xxl.java.junit.TestCasesListener - Tests run finished (32 ms)
<> Total tests run: 2
<> Ignored tests: 0
<> Failed tests: 1
~ testQuinticMin(org.apache.commons.math.optimization.univariate.MultiStartUnivariateRealOptimizerTest)
[expected:<-0.2719561293> but was:<-0.2719561278056452>]
java.lang.AssertionError: expected:<-0.2719561293> but was:<-0.2719561278056452>    at org.junit.Assert.fail(Assert.java:88)
    at org.junit.Assert.failNotEquals(Assert.java:743)
    at org.junit.Assert.assertEquals(Assert.java:494)
    at org.junit.Assert.assertEquals(Assert.java:592)
    at org.apache.commons.math.optimization.univariate.MultiStartUnivariateRealOptimizerTest.testQuinticMin(MultiStartUnivariateRealOptimizerTest.java:71)
    at sun.reflect.NativeMethodAccessorImpl.invoke0(Native Method)

java.lang.AssertionError: expected:<-0.2719561293> but was:<-0.2719561282643445>
    at org.junit.Assert.fail(Assert.java:88)
    at org.junit.Assert.failNotEquals(Assert.java:743)
    at org.junit.Assert.assertEquals(Assert.java:494)
    at org.junit.Assert.assertEquals(Assert.java:592)
    at org.apache.commons.math.optimization.univariate.MultiStartUnivariateRealOptimizerTest.testQuinticMin(MultiStartUnivariateRealOptimizerTest.java:71)
    at sun.reflect.NativeMethodAccessorImpl.invoke0(Native Method)
08:46:00.731 [pool-133-thread-1] INFO  f.i.l.c.t.SpecificationTestCasesListener - Tests run finished (33 ms)
<> Total tests run: 1
<> Ignored tests: 0
<> Failed tests: 1
~ testQuinticMin(org.apache.commons.math.optimization.univariate.MultiStartUnivariateRealOptimizerTest)
[expected:<-0.2719561293> but was:<-0.2719561282643445>]
java.lang.AssertionError: expected:<-0.2719561293> but was:<-0.2719561282643445>    at org.junit.Assert.fail(Assert.java:88)
    at org.junit.Assert.failNotEquals(Assert.java:743)
    at org.junit.Assert.assertEquals(Assert.java:494)
    at org.junit.Assert.assertEquals(Assert.java:592)
    at org.apache.commons.math.optimization.univariate.MultiStartUnivariateRealOptimizerTest.testQuinticMin(MultiStartUnivariateRealOptimizerTest.java:71)
    at sun.reflect.NativeMethodAccessorImpl.invoke0(Native Method)

java.lang.AssertionError: expected:<-0.2719561293> but was:<-0.2719561278056452>
    at org.junit.Assert.fail(Assert.java:88)
    at org.junit.Assert.failNotEquals(Assert.java:743)
    at org.junit.Assert.assertEquals(Assert.java:494)
    at org.junit.Assert.assertEquals(Assert.java:592)
    at org.apache.commons.math.optimization.univariate.MultiStartUnivariateRealOptimizerTest.testQuinticMin(MultiStartUnivariateRealOptimizerTest.java:71)
    at sun.reflect.NativeMethodAccessorImpl.invoke0(Native Method)
08:46:00.733 [pool-134-thread-1] INFO  f.i.l.c.t.SpecificationTestCasesListener - Tests run finished (1 ms)
<> Total tests run: 1
<> Ignored tests: 0
<> Failed tests: 1
~ testQuinticMin(org.apache.commons.math.optimization.univariate.MultiStartUnivariateRealOptimizerTest)
[expected:<-0.2719561293> but was:<-0.2719561278056452>]
java.lang.AssertionError: expected:<-0.2719561293> but was:<-0.2719561278056452>    at org.junit.Assert.fail(Assert.java:88)
    at org.junit.Assert.failNotEquals(Assert.java:743)
    at org.junit.Assert.assertEquals(Assert.java:494)
    at org.junit.Assert.assertEquals(Assert.java:592)
    at org.apache.commons.math.optimization.univariate.MultiStartUnivariateRealOptimizerTest.testQuinticMin(MultiStartUnivariateRealOptimizerTest.java:71)
    at sun.reflect.NativeMethodAccessorImpl.invoke0(Native Method)

08:46:00.735 [pool-131-thread-1] DEBUG tests.output - Failing tests with false: 
[testQuinticMin(org.apache.commons.math.optimization.univariate.MultiStartUnivariateRealOptimizerTest): expected:<-0.2719561293> but was:<-0.2719561282643445>]
08:46:00.735 [pool-131-thread-1] DEBUG tests.output - Failing tests with true: 
[testQuinticMin(org.apache.commons.math.optimization.univariate.MultiStartUnivariateRealOptimizerTest): expected:<-0.2719561293> but was:<-0.2719561278056452>]
08:46:00.735 [pool-131-thread-1] INFO  f.i.l.r.n.synth.SMTNopolSynthesizer - Not enough specifications: 0. A trivial patch is "true" or "false", please write new tests specifying SourceLocation org.apache.commons.math.optimization.univariate.BrentOptimizer:159.
08:46:00.735 [pool-2-thread-1] DEBUG fr.inria.lille.repair.nopol.NoPol - statement #43
08:46:00.735 [pool-2-thread-1] DEBUG fr.inria.lille.repair.nopol.NoPol - Analysing SourceLocation org.apache.commons.math.optimization.univariate.BrentOptimizer:158 which is executed by 8 tests
192698619
08:46:00.841 [pool-2-thread-1] DEBUG fr.inria.lille.repair.nopol.NoPol - looking with class fr.inria.lille.repair.nopol.spoon.smt.ConditionalAdder
java.lang.AssertionError: expected:<-0.2719561293> but was:<-0.2719561278056452>
    at org.junit.Assert.fail(Assert.java:88)
    at org.junit.Assert.failNotEquals(Assert.java:743)
    at org.junit.Assert.assertEquals(Assert.java:494)
    at org.junit.Assert.assertEquals(Assert.java:592)
    at org.apache.commons.math.optimization.univariate.MultiStartUnivariateRealOptimizerTest.testQuinticMin(MultiStartUnivariateRealOptimizerTest.java:71)
    at sun.reflect.NativeMethodAccessorImpl.invoke0(Native Method)
08:46:00.879 [pool-136-thread-1] INFO  xxl.java.junit.TestCasesListener - Tests run finished (32 ms)
<> Total tests run: 2
<> Ignored tests: 0
<> Failed tests: 1
~ testQuinticMin(org.apache.commons.math.optimization.univariate.MultiStartUnivariateRealOptimizerTest)
[expected:<-0.2719561293> but was:<-0.2719561278056452>]
java.lang.AssertionError: expected:<-0.2719561293> but was:<-0.2719561278056452>    at org.junit.Assert.fail(Assert.java:88)
    at org.junit.Assert.failNotEquals(Assert.java:743)
    at org.junit.Assert.assertEquals(Assert.java:494)
    at org.junit.Assert.assertEquals(Assert.java:592)
    at org.apache.commons.math.optimization.univariate.MultiStartUnivariateRealOptimizerTest.testQuinticMin(MultiStartUnivariateRealOptimizerTest.java:71)
    at sun.reflect.NativeMethodAccessorImpl.invoke0(Native Method)

java.lang.AssertionError
    at org.junit.Assert.fail(Assert.java:86)
    at org.junit.Assert.assertTrue(Assert.java:41)
    at org.junit.Assert.assertTrue(Assert.java:52)
    at org.apache.commons.math.optimization.univariate.MultiStartUnivariateRealOptimizerTest.testQuinticMin(MultiStartUnivariateRealOptimizerTest.java:79)
    at sun.reflect.NativeMethodAccessorImpl.invoke0(Native Method)
    at sun.reflect.NativeMethodAccessorImpl.invoke(NativeMethodAccessorImpl.java:62)
08:46:01.062 [pool-137-thread-1] INFO  f.i.l.c.t.SpecificationTestCasesListener - Tests run finished (33 ms)
<> Total tests run: 1
<> Ignored tests: 0
<> Failed tests: 1
~ testQuinticMin(org.apache.commons.math.optimization.univariate.MultiStartUnivariateRealOptimizerTest)
[null]
java.lang.AssertionError    at org.junit.Assert.fail(Assert.java:86)
    at org.junit.Assert.assertTrue(Assert.java:41)
    at org.junit.Assert.assertTrue(Assert.java:52)
    at org.apache.commons.math.optimization.univariate.MultiStartUnivariateRealOptimizerTest.testQuinticMin(MultiStartUnivariateRealOptimizerTest.java:79)
    at sun.reflect.NativeMethodAccessorImpl.invoke0(Native Method)
    at sun.reflect.NativeMethodAccessorImpl.invoke(NativeMethodAccessorImpl.java:62)

java.lang.AssertionError: expected:<-0.2719561293> but was:<-0.2719561278056452>
    at org.junit.Assert.fail(Assert.java:88)
    at org.junit.Assert.failNotEquals(Assert.java:743)
    at org.junit.Assert.assertEquals(Assert.java:494)
    at org.junit.Assert.assertEquals(Assert.java:592)
    at org.apache.commons.math.optimization.univariate.MultiStartUnivariateRealOptimizerTest.testQuinticMin(MultiStartUnivariateRealOptimizerTest.java:71)
    at sun.reflect.NativeMethodAccessorImpl.invoke0(Native Method)
08:46:01.064 [pool-138-thread-1] INFO  f.i.l.c.t.SpecificationTestCasesListener - Tests run finished (1 ms)
<> Total tests run: 1
<> Ignored tests: 0
<> Failed tests: 1
~ testQuinticMin(org.apache.commons.math.optimization.univariate.MultiStartUnivariateRealOptimizerTest)
[expected:<-0.2719561293> but was:<-0.2719561278056452>]
java.lang.AssertionError: expected:<-0.2719561293> but was:<-0.2719561278056452>    at org.junit.Assert.fail(Assert.java:88)
    at org.junit.Assert.failNotEquals(Assert.java:743)
    at org.junit.Assert.assertEquals(Assert.java:494)
    at org.junit.Assert.assertEquals(Assert.java:592)
    at org.apache.commons.math.optimization.univariate.MultiStartUnivariateRealOptimizerTest.testQuinticMin(MultiStartUnivariateRealOptimizerTest.java:71)
    at sun.reflect.NativeMethodAccessorImpl.invoke0(Native Method)

08:46:01.064 [pool-135-thread-1] DEBUG tests.output - Failing tests with false: 
[testQuinticMin(org.apache.commons.math.optimization.univariate.MultiStartUnivariateRealOptimizerTest): null]
08:46:01.064 [pool-135-thread-1] DEBUG tests.output - Failing tests with true: 
[testQuinticMin(org.apache.commons.math.optimization.univariate.MultiStartUnivariateRealOptimizerTest): expected:<-0.2719561293> but was:<-0.2719561278056452>]
08:46:01.065 [pool-135-thread-1] INFO  f.i.l.r.n.synth.SMTNopolSynthesizer - Not enough specifications: 0. A trivial patch is "true" or "false", please write new tests specifying SourceLocation org.apache.commons.math.optimization.univariate.BrentOptimizer:158.
08:46:01.065 [pool-2-thread-1] DEBUG fr.inria.lille.repair.nopol.NoPol - statement #44
08:46:01.065 [pool-2-thread-1] DEBUG fr.inria.lille.repair.nopol.NoPol - Analysing SourceLocation org.apache.commons.math.util.Incrementor:53 which is executed by 8 tests
-1541725837
08:46:01.166 [pool-2-thread-1] DEBUG fr.inria.lille.repair.nopol.NoPol - statement #45
08:46:01.166 [pool-2-thread-1] DEBUG fr.inria.lille.repair.nopol.NoPol - Analysing SourceLocation org.apache.commons.math.optimization.univariate.AbstractUnivariateRealOptimizer:110 which is executed by 9 tests
-850389962
08:46:01.271 [pool-2-thread-1] DEBUG fr.inria.lille.repair.nopol.NoPol - statement #46
08:46:01.271 [pool-2-thread-1] DEBUG fr.inria.lille.repair.nopol.NoPol - Analysing SourceLocation org.apache.commons.math.optimization.univariate.AbstractUnivariateRealOptimizer:109 which is executed by 9 tests
-850389962
08:46:01.375 [pool-2-thread-1] DEBUG fr.inria.lille.repair.nopol.NoPol - statement #47
08:46:01.375 [pool-2-thread-1] DEBUG fr.inria.lille.repair.nopol.NoPol - Analysing SourceLocation org.apache.commons.math.optimization.univariate.AbstractUnivariateRealOptimizer:56 which is executed by 9 tests
-850389962
08:46:01.479 [pool-2-thread-1] DEBUG fr.inria.lille.repair.nopol.NoPol - statement #48
08:46:01.479 [pool-2-thread-1] DEBUG fr.inria.lille.repair.nopol.NoPol - Analysing SourceLocation org.apache.commons.math.optimization.univariate.AbstractUnivariateRealOptimizer:55 which is executed by 9 tests
-850389962
08:46:01.582 [pool-2-thread-1] DEBUG fr.inria.lille.repair.nopol.NoPol - looking with class fr.inria.lille.repair.nopol.spoon.smt.ConditionalAdder
java.lang.AssertionError: expected:<-0.2719561293> but was:<-0.2719561278056452>
    at org.junit.Assert.fail(Assert.java:88)
    at org.junit.Assert.failNotEquals(Assert.java:743)
    at org.junit.Assert.assertEquals(Assert.java:494)
    at org.junit.Assert.assertEquals(Assert.java:592)
    at org.apache.commons.math.optimization.univariate.MultiStartUnivariateRealOptimizerTest.testQuinticMin(MultiStartUnivariateRealOptimizerTest.java:71)
    at sun.reflect.NativeMethodAccessorImpl.invoke0(Native Method)
08:46:01.617 [pool-140-thread-1] INFO  xxl.java.junit.TestCasesListener - Tests run finished (32 ms)
<> Total tests run: 2
<> Ignored tests: 0
<> Failed tests: 1
~ testQuinticMin(org.apache.commons.math.optimization.univariate.MultiStartUnivariateRealOptimizerTest)
[expected:<-0.2719561293> but was:<-0.2719561278056452>]
java.lang.AssertionError: expected:<-0.2719561293> but was:<-0.2719561278056452>    at org.junit.Assert.fail(Assert.java:88)
    at org.junit.Assert.failNotEquals(Assert.java:743)
    at org.junit.Assert.assertEquals(Assert.java:494)
    at org.junit.Assert.assertEquals(Assert.java:592)
    at org.apache.commons.math.optimization.univariate.MultiStartUnivariateRealOptimizerTest.testQuinticMin(MultiStartUnivariateRealOptimizerTest.java:71)
    at sun.reflect.NativeMethodAccessorImpl.invoke0(Native Method)

org.apache.commons.math.exception.TooManyEvaluationsException: evaluations: maximal count (0) exceeded
    at org.apache.commons.math.optimization.univariate.AbstractUnivariateRealOptimizer.computeObjectiveValue(AbstractUnivariateRealOptimizer.java:70)
    at org.apache.commons.math.optimization.univariate.BrentOptimizer.doOptimize(BrentOptimizer.java:114)
    at org.apache.commons.math.optimization.univariate.AbstractUnivariateRealOptimizer.optimize(AbstractUnivariateRealOptimizer.java:88)
    at org.apache.commons.math.optimization.univariate.AbstractUnivariateRealOptimizer.optimize(AbstractUnivariateRealOptimizer.java:92)
    at org.apache.commons.math.optimization.univariate.MultiStartUnivariateRealOptimizer.optimize(MultiStartUnivariateRealOptimizer.java:155)
    at org.apache.commons.math.optimization.univariate.MultiStartUnivariateRealOptimizerTest.testQuinticMin(MultiStartUnivariateRealOptimizerTest.java:70)
08:46:01.795 [pool-141-thread-1] INFO  f.i.l.c.t.SpecificationTestCasesListener - Tests run finished (35 ms)
<> Total tests run: 1
<> Ignored tests: 0
<> Failed tests: 1
~ testQuinticMin(org.apache.commons.math.optimization.univariate.MultiStartUnivariateRealOptimizerTest)
[evaluations: maximal count (0) exceeded]
org.apache.commons.math.exception.TooManyEvaluationsException: evaluations: maximal count (0) exceeded    at org.apache.commons.math.optimization.univariate.AbstractUnivariateRealOptimizer.computeObjectiveValue(AbstractUnivariateRealOptimizer.java:70)
    at org.apache.commons.math.optimization.univariate.BrentOptimizer.doOptimize(BrentOptimizer.java:114)
    at org.apache.commons.math.optimization.univariate.AbstractUnivariateRealOptimizer.optimize(AbstractUnivariateRealOptimizer.java:88)
    at org.apache.commons.math.optimization.univariate.AbstractUnivariateRealOptimizer.optimize(AbstractUnivariateRealOptimizer.java:92)
    at org.apache.commons.math.optimization.univariate.MultiStartUnivariateRealOptimizer.optimize(MultiStartUnivariateRealOptimizer.java:155)
    at org.apache.commons.math.optimization.univariate.MultiStartUnivariateRealOptimizerTest.testQuinticMin(MultiStartUnivariateRealOptimizerTest.java:70)

java.lang.AssertionError: expected:<-0.2719561293> but was:<-0.2719561278056452>
    at org.junit.Assert.fail(Assert.java:88)
    at org.junit.Assert.failNotEquals(Assert.java:743)
    at org.junit.Assert.assertEquals(Assert.java:494)
    at org.junit.Assert.assertEquals(Assert.java:592)
    at org.apache.commons.math.optimization.univariate.MultiStartUnivariateRealOptimizerTest.testQuinticMin(MultiStartUnivariateRealOptimizerTest.java:71)
    at sun.reflect.NativeMethodAccessorImpl.invoke0(Native Method)
08:46:01.798 [pool-142-thread-1] INFO  f.i.l.c.t.SpecificationTestCasesListener - Tests run finished (3 ms)
<> Total tests run: 1
<> Ignored tests: 0
<> Failed tests: 1
~ testQuinticMin(org.apache.commons.math.optimization.univariate.MultiStartUnivariateRealOptimizerTest)
[expected:<-0.2719561293> but was:<-0.2719561278056452>]
java.lang.AssertionError: expected:<-0.2719561293> but was:<-0.2719561278056452>    at org.junit.Assert.fail(Assert.java:88)
    at org.junit.Assert.failNotEquals(Assert.java:743)
    at org.junit.Assert.assertEquals(Assert.java:494)
    at org.junit.Assert.assertEquals(Assert.java:592)
    at org.apache.commons.math.optimization.univariate.MultiStartUnivariateRealOptimizerTest.testQuinticMin(MultiStartUnivariateRealOptimizerTest.java:71)
    at sun.reflect.NativeMethodAccessorImpl.invoke0(Native Method)

08:46:01.799 [pool-139-thread-1] DEBUG tests.output - Failing tests with false: 
[testQuinticMin(org.apache.commons.math.optimization.univariate.MultiStartUnivariateRealOptimizerTest): evaluations: maximal count (0) exceeded]
08:46:01.799 [pool-139-thread-1] DEBUG tests.output - Failing tests with true: 
[testQuinticMin(org.apache.commons.math.optimization.univariate.MultiStartUnivariateRealOptimizerTest): expected:<-0.2719561293> but was:<-0.2719561278056452>]
08:46:01.799 [pool-139-thread-1] INFO  f.i.l.r.n.synth.SMTNopolSynthesizer - Not enough specifications: 0. A trivial patch is "true" or "false", please write new tests specifying SourceLocation org.apache.commons.math.optimization.univariate.AbstractUnivariateRealOptimizer:55.
08:46:01.799 [pool-2-thread-1] DEBUG fr.inria.lille.repair.nopol.NoPol - statement #49
08:46:01.799 [pool-2-thread-1] DEBUG fr.inria.lille.repair.nopol.NoPol - Analysing SourceLocation org.apache.commons.math.optimization.univariate.UnivariateRealPointValuePair:56 which is executed by 9 tests
563473402
08:46:01.898 [pool-2-thread-1] DEBUG fr.inria.lille.repair.nopol.NoPol - statement #50
08:46:01.898 [pool-2-thread-1] DEBUG fr.inria.lille.repair.nopol.NoPol - Analysing SourceLocation org.apache.commons.math.optimization.univariate.BrentOptimizer:250 which is executed by 9 tests
192698619
08:46:02.004 [pool-2-thread-1] DEBUG fr.inria.lille.repair.nopol.NoPol - statement #51
08:46:02.004 [pool-2-thread-1] DEBUG fr.inria.lille.repair.nopol.NoPol - Analysing SourceLocation org.apache.commons.math.optimization.univariate.BrentOptimizer:249 which is executed by 9 tests
192698619
08:46:02.109 [pool-2-thread-1] DEBUG fr.inria.lille.repair.nopol.NoPol - looking with class fr.inria.lille.repair.nopol.spoon.smt.ConditionalAdder
java.lang.AssertionError: expected:<-0.2719561293> but was:<-0.2719561278056452>
    at org.junit.Assert.fail(Assert.java:88)
    at org.junit.Assert.failNotEquals(Assert.java:743)
    at org.junit.Assert.assertEquals(Assert.java:494)
    at org.junit.Assert.assertEquals(Assert.java:592)
    at org.apache.commons.math.optimization.univariate.MultiStartUnivariateRealOptimizerTest.testQuinticMin(MultiStartUnivariateRealOptimizerTest.java:71)
    at sun.reflect.NativeMethodAccessorImpl.invoke0(Native Method)
08:46:02.143 [pool-144-thread-1] INFO  xxl.java.junit.TestCasesListener - Tests run finished (32 ms)
<> Total tests run: 2
<> Ignored tests: 0
<> Failed tests: 1
~ testQuinticMin(org.apache.commons.math.optimization.univariate.MultiStartUnivariateRealOptimizerTest)
[expected:<-0.2719561293> but was:<-0.2719561278056452>]
java.lang.AssertionError: expected:<-0.2719561293> but was:<-0.2719561278056452>    at org.junit.Assert.fail(Assert.java:88)
    at org.junit.Assert.failNotEquals(Assert.java:743)
    at org.junit.Assert.assertEquals(Assert.java:494)
    at org.junit.Assert.assertEquals(Assert.java:592)
    at org.apache.commons.math.optimization.univariate.MultiStartUnivariateRealOptimizerTest.testQuinticMin(MultiStartUnivariateRealOptimizerTest.java:71)
    at sun.reflect.NativeMethodAccessorImpl.invoke0(Native Method)

java.lang.AssertionError: expected:<-0.2719561293> but was:<-0.2719561278056452>
    at org.junit.Assert.fail(Assert.java:88)
    at org.junit.Assert.failNotEquals(Assert.java:743)
    at org.junit.Assert.assertEquals(Assert.java:494)
    at org.junit.Assert.assertEquals(Assert.java:592)
    at org.apache.commons.math.optimization.univariate.MultiStartUnivariateRealOptimizerTest.testQuinticMin(MultiStartUnivariateRealOptimizerTest.java:71)
    at sun.reflect.NativeMethodAccessorImpl.invoke0(Native Method)
08:46:02.324 [pool-145-thread-1] INFO  f.i.l.c.t.SpecificationTestCasesListener - Tests run finished (31 ms)
<> Total tests run: 1
<> Ignored tests: 0
<> Failed tests: 1
~ testQuinticMin(org.apache.commons.math.optimization.univariate.MultiStartUnivariateRealOptimizerTest)
[expected:<-0.2719561293> but was:<-0.2719561278056452>]
java.lang.AssertionError: expected:<-0.2719561293> but was:<-0.2719561278056452>    at org.junit.Assert.fail(Assert.java:88)
    at org.junit.Assert.failNotEquals(Assert.java:743)
    at org.junit.Assert.assertEquals(Assert.java:494)
    at org.junit.Assert.assertEquals(Assert.java:592)
    at org.apache.commons.math.optimization.univariate.MultiStartUnivariateRealOptimizerTest.testQuinticMin(MultiStartUnivariateRealOptimizerTest.java:71)
    at sun.reflect.NativeMethodAccessorImpl.invoke0(Native Method)

java.lang.AssertionError: expected:<-0.2719561293> but was:<-0.2719561278056452>
    at org.junit.Assert.fail(Assert.java:88)
    at org.junit.Assert.failNotEquals(Assert.java:743)
    at org.junit.Assert.assertEquals(Assert.java:494)
    at org.junit.Assert.assertEquals(Assert.java:592)
    at org.apache.commons.math.optimization.univariate.MultiStartUnivariateRealOptimizerTest.testQuinticMin(MultiStartUnivariateRealOptimizerTest.java:71)
    at sun.reflect.NativeMethodAccessorImpl.invoke0(Native Method)
08:46:02.326 [pool-146-thread-1] INFO  f.i.l.c.t.SpecificationTestCasesListener - Tests run finished (2 ms)
<> Total tests run: 1
<> Ignored tests: 0
<> Failed tests: 1
~ testQuinticMin(org.apache.commons.math.optimization.univariate.MultiStartUnivariateRealOptimizerTest)
[expected:<-0.2719561293> but was:<-0.2719561278056452>]
java.lang.AssertionError: expected:<-0.2719561293> but was:<-0.2719561278056452>    at org.junit.Assert.fail(Assert.java:88)
    at org.junit.Assert.failNotEquals(Assert.java:743)
    at org.junit.Assert.assertEquals(Assert.java:494)
    at org.junit.Assert.assertEquals(Assert.java:592)
    at org.apache.commons.math.optimization.univariate.MultiStartUnivariateRealOptimizerTest.testQuinticMin(MultiStartUnivariateRealOptimizerTest.java:71)
    at sun.reflect.NativeMethodAccessorImpl.invoke0(Native Method)

08:46:02.327 [pool-143-thread-1] DEBUG tests.output - Failing tests with false: 
[testQuinticMin(org.apache.commons.math.optimization.univariate.MultiStartUnivariateRealOptimizerTest): expected:<-0.2719561293> but was:<-0.2719561278056452>]
08:46:02.327 [pool-143-thread-1] DEBUG tests.output - Failing tests with true: 
[testQuinticMin(org.apache.commons.math.optimization.univariate.MultiStartUnivariateRealOptimizerTest): expected:<-0.2719561293> but was:<-0.2719561278056452>]
08:46:02.327 [pool-143-thread-1] INFO  f.i.l.r.n.synth.SMTNopolSynthesizer - Not enough specifications: 0. A trivial patch is "true" or "false", please write new tests specifying SourceLocation org.apache.commons.math.optimization.univariate.BrentOptimizer:249.
08:46:02.327 [pool-2-thread-1] DEBUG fr.inria.lille.repair.nopol.NoPol - statement #52
08:46:02.327 [pool-2-thread-1] DEBUG fr.inria.lille.repair.nopol.NoPol - Analysing SourceLocation org.apache.commons.math.optimization.univariate.BrentOptimizer:247 which is executed by 9 tests
192698619
08:46:02.412 [pool-2-thread-1] DEBUG fr.inria.lille.repair.nopol.NoPol - looking with class fr.inria.lille.repair.nopol.spoon.smt.ConditionalAdder
java.lang.AssertionError: expected:<-0.2719561293> but was:<-0.2719561278056452>
    at org.junit.Assert.fail(Assert.java:88)
    at org.junit.Assert.failNotEquals(Assert.java:743)
    at org.junit.Assert.assertEquals(Assert.java:494)
    at org.junit.Assert.assertEquals(Assert.java:592)
    at org.apache.commons.math.optimization.univariate.MultiStartUnivariateRealOptimizerTest.testQuinticMin(MultiStartUnivariateRealOptimizerTest.java:71)
    at sun.reflect.NativeMethodAccessorImpl.invoke0(Native Method)
08:46:02.444 [pool-148-thread-1] INFO  xxl.java.junit.TestCasesListener - Tests run finished (30 ms)
<> Total tests run: 2
<> Ignored tests: 0
<> Failed tests: 1
~ testQuinticMin(org.apache.commons.math.optimization.univariate.MultiStartUnivariateRealOptimizerTest)
[expected:<-0.2719561293> but was:<-0.2719561278056452>]
java.lang.AssertionError: expected:<-0.2719561293> but was:<-0.2719561278056452>    at org.junit.Assert.fail(Assert.java:88)
    at org.junit.Assert.failNotEquals(Assert.java:743)
    at org.junit.Assert.assertEquals(Assert.java:494)
    at org.junit.Assert.assertEquals(Assert.java:592)
    at org.apache.commons.math.optimization.univariate.MultiStartUnivariateRealOptimizerTest.testQuinticMin(MultiStartUnivariateRealOptimizerTest.java:71)
    at sun.reflect.NativeMethodAccessorImpl.invoke0(Native Method)

08:50:13.272 [pool-147-thread-1] DEBUG xxl.java.junit.TestSuiteExecution - Timeout after 200 seconds. Infinite loop?
08:52:02.395 [pool-2-thread-1] ERROR fr.inria.lille.repair.nopol.NoPol - Error ExecutionException java.util.concurrent.ExecutionException: java.lang.RuntimeException: java.util.concurrent.TimeoutException
08:52:02.395 [pool-2-thread-1] DEBUG fr.inria.lille.repair.nopol.NoPol - statement #53
08:52:02.395 [pool-2-thread-1] DEBUG fr.inria.lille.repair.nopol.NoPol - Analysing SourceLocation org.apache.commons.math.optimization.univariate.BrentOptimizer:246 which is executed by 9 tests
java.util.concurrent.ExecutionException: java.lang.OutOfMemoryError: Java heap space
	at java.util.concurrent.FutureTask.report(FutureTask.java:122)
	at java.util.concurrent.FutureTask.get(FutureTask.java:206)
	at fr.inria.lille.repair.Main.main(Main.java:106)
java.lang.OutOfMemoryError: Java heap space
Caused by: java.lang.OutOfMemoryError: Java heap space
	at java.util.zip.ZipCoder.toString(ZipCoder.java:49)
    at java.util.HashMap.newNode(HashMap.java:1747)	at java.util.zip.ZipFile.getZipEntry(ZipFile.java:583)

	at java.util.zip.ZipFile.access$900(ZipFile.java:60)    at java.util.HashMap.putVal(HashMap.java:631)

	at java.util.zip.ZipFile$ZipEntryIterator.next(ZipFile.java:539)    at java.util.HashMap.put(HashMap.java:612)

	at java.util.zip.ZipFile$ZipEntryIterator.nextElement(ZipFile.java:514)
    at fr.inria.lille.commons.trace.collector.ValueCollector.collectWith(ValueCollector.java:31)
	at java.util.zip.ZipFile$ZipEntryIterator.nextElement(ZipFile.java:495)
    at fr.inria.lille.commons.trace.collector.ValueCollector.collectFrom(ValueCollector.java:17)	at org.eclipse.jdt.internal.compiler.batch.ClasspathJar.getModulesDeclaringPackage(ClasspathJar.java:234)

    at fr.inria.lille.commons.trace.RuntimeValues.collectInput(RuntimeValues.java:73)	at org.eclipse.jdt.internal.compiler.batch.ClasspathLocation.isPackage(ClasspathLocation.java:177)

	at org.eclipse.jdt.internal.compiler.batch.ClasspathJar.findClass(ClasspathJar.java:111)
	at org.eclipse.jdt.internal.compiler.batch.FileSystem.internalFindClass(FileSystem.java:443)
	at org.eclipse.jdt.internal.compiler.batch.FileSystem.findClass(FileSystem.java:385)
	at org.eclipse.jdt.internal.compiler.batch.FileSystem.findType(FileSystem.java:529)
	at org.eclipse.jdt.internal.compiler.env.IModuleAwareNameEnvironment.findType(IModuleAwareNameEnvironment.java:94)
	at org.eclipse.jdt.internal.compiler.lookup.LookupEnvironment.createPackage(LookupEnvironment.java:1094)
	at org.eclipse.jdt.internal.compiler.lookup.CompilationUnitScope.buildTypeBindings(CompilationUnitScope.java:129)
	at org.eclipse.jdt.internal.compiler.lookup.LookupEnvironment.buildTypeBindings(LookupEnvironment.java:457)
	at org.eclipse.jdt.internal.compiler.Compiler.internalBeginToCompile(Compiler.java:838)
	at org.eclipse.jdt.internal.compiler.Compiler.beginToCompile(Compiler.java:387)
	at spoon.support.compiler.jdt.TreeBuilderCompiler.buildUnits(TreeBuilderCompiler.java:73)
	at spoon.support.compiler.jdt.JDTBatchCompiler.getUnits(JDTBatchCompiler.java:266)
	at spoon.support.compiler.jdt.JDTBasedSpoonCompiler.buildUnits(JDTBasedSpoonCompiler.java:444)
	at spoon.support.compiler.jdt.JDTBasedSpoonCompiler.buildUnitsAndModel(JDTBasedSpoonCompiler.java:388)
	at spoon.support.compiler.jdt.JDTBasedSpoonCompiler.buildSources(JDTBasedSpoonCompiler.java:340)
	at spoon.support.compiler.jdt.JDTBasedSpoonCompiler.build(JDTBasedSpoonCompiler.java:129)
	at spoon.support.compiler.jdt.JDTBasedSpoonCompiler.build(JDTBasedSpoonCompiler.java:113)
	at fr.inria.lille.commons.spoon.util.SpoonModelLibrary.modelFor(SpoonModelLibrary.java:53)
	at fr.inria.lille.commons.spoon.SpoonedFile.<init>(SpoonedFile.java:61)
	at fr.inria.lille.commons.spoon.SpoonedClass.<init>(SpoonedClass.java:14)09:36:55.442 [pool-149-thread-1] INFO  f.i.l.c.t.SpecificationTestCasesListener - Tests run finished (3052878 ms)
<> Total tests run: 1
<> Ignored tests: 0
<> Failed tests: 1
~ testQuinticMin(org.apache.commons.math.optimization.univariate.MultiStartUnivariateRealOptimizerTest)
[Java heap space]
java.lang.OutOfMemoryError: Java heap space    at java.util.HashMap.newNode(HashMap.java:1747)
    at java.util.HashMap.putVal(HashMap.java:631)
    at java.util.HashMap.put(HashMap.java:612)
    at fr.inria.lille.commons.trace.collector.ValueCollector.collectWith(ValueCollector.java:31)
    at fr.inria.lille.commons.trace.collector.ValueCollector.collectFrom(ValueCollector.java:17)
    at fr.inria.lille.commons.trace.RuntimeValues.collectInput(RuntimeValues.java:73)


	at fr.inria.lille.commons.spoon.SpoonedProject.forked(SpoonedProject.java:47)
	at fr.inria.lille.repair.nopol.NoPol.runOnStatement(NoPol.java:222)
	at fr.inria.lille.repair.nopol.NoPol.solveWithMultipleBuild(NoPol.java:213)
	at fr.inria.lille.repair.nopol.NoPol.build(NoPol.java:154)

Usage: java -jar nopol.jar
                          [(-m|--mode) <repair|ranking>] (-e|--type) <condition|precondition|pre_then_cond|loop|arithmetic> [(-o|--oracle) <angelic|symbolic>] [(-y|--synthesis) <smt|dynamoth>] [(-l|--solver) <z3|cvc4>] [(-p|--solver-path) <solverPath>] (-s|--source) source1:source2:...:sourceN  (-c|--classpath) <classpath> [(-t|--test) test1:test2:...:testN ] [--complianceLevel <complianceLevel>] [--maxTime <maxTime>] [--maxTimeType <maxTimeType>] [(-z|--flocal) < cocospoon|dumb|gzoltar>] [--output <outputFolder>] [--json[:<outputJson>]]

  [(-m|--mode) <repair|ranking>]
        Define the mode of execution. (default: repair)

  (-e|--type) <condition|precondition|pre_then_cond|loop|arithmetic>
        The repair type (example fixing only conditions, or adding
        precondition). REQUIRED OPTION (default: condition)

  [(-o|--oracle) <angelic|symbolic>]
        Define the oracle (only used with repair mode). (default: angelic)

  [(-y|--synthesis) <smt|dynamoth>]
        Define the patch synthesis. (default: smt)

  [(-l|--solver) <z3|cvc4>]
        Define the solver (only used with smt synthesis). (default: z3)

  [(-p|--solver-path) <solverPath>]
        Define the solver binary path (only used with smt synthesis).

  (-s|--source) source1:source2:...:sourceN 
        Define the path to the source code of the project.

  (-c|--classpath) <classpath>
        Define the classpath of the project.

  [(-t|--test) test1:test2:...:testN ]
        Define the tests of the project (both failing and passing),
        fully-qualified, separated with ':' (even if the classpath contains
        other tests, only those are considered.

  [--complianceLevel <complianceLevel>]
        The compliance level of the project. (default: 7)

  [--maxTime <maxTime>]
        The maximum time execution in minute for the whole execution of
        Nopol.(default: 10)

  [--maxTimeType <maxTimeType>]
        The maximum time execution in minute for one type of patch. (default: 5)

  [(-z|--flocal) < cocospoon|dumb|gzoltar>]
        Define the fault localizer to be used. (default: gzoltar)

  [--output <outputFolder>]
        Define the location where the patches will be saved. (default: .)

  [--json[:<outputJson>]]
        Output a json file in the current working directory.

Command exited with non-zero status 255
12122.15user 9.27system 51:44.26elapsed 390%CPU (0avgtext+0avgdata 4509076maxresident)k
44768inputs+9304outputs (3major+1397429minor)pagefaults 0swaps


Node: graphene-99.nancy.grid5000.fr



Date: Sat Dec 29 09:36:55 EST 2018

