cd /tmp/Nopol_Defects4J_Lang_45;
export JAVA_TOOL_OPTIONS=-Dfile.encoding=UTF8;
TZ="America/New_York"; export TZ;
export PATH="/usr/lib/jvm/java-1.8.0-openjdk-amd64/bin/:$PATH";
export JAVA_HOME="/usr/lib/jvm/java-1.8.0-openjdk-amd64/bin/";
time java -Xmx4048m -cp /home/tdurieux/defects4j4repair/script/../repair_tools/nopol.jar:/usr/lib/jvm/java-1.8.0-openjdk-amd64/bin//../lib/tools.jar fr.inria.lille.repair.Main \
	--mode repair \
	--type pre_then_cond \
	--oracle angelic \
	--synthesis smt \
	--flocal gzoltar \
	--json \
	--solver z3 \
	--solver-path /home/tdurieux/defects4j4repair/script/../libs/z3/build/z3 \
	--complianceLevel 3 \
	--source src/java/ \
	--classpath "target/classes/:target/tests/:/tmp/Nopol_Defects4J_Lang_45/target/classes/:/tmp/Nopol_Defects4J_Lang_45/target/tests/:/home/tdurieux/defects4j4repair/script/../benchmarks/defects4j/framework/projects/Lang/lib/asm.jar:/home/tdurieux/defects4j4repair/script/../benchmarks/defects4j/framework/projects/Lang/lib/cglib.jar:/home/tdurieux/defects4j4repair/script/../benchmarks/defects4j/framework/projects/Lang/lib/commons-io.jar:/home/tdurieux/defects4j4repair/script/../benchmarks/defects4j/framework/projects/Lang/lib/easymock.jar:/home/tdurieux/defects4j4repair/script/../repair_tools/nopol.jar";
	echo "\n\nNode: `hostname`\n";
	echo "\n\nDate: `date`\n";
Picked up JAVA_TOOL_OPTIONS: -Dfile.encoding=UTF8
18:42:06.129 [main] INFO  fr.inria.lille.repair.nopol.NoPol - Source files: [src/java]
18:42:06.133 [main] INFO  fr.inria.lille.repair.nopol.NoPol - Classpath: [file:/tmp/Nopol_Defects4J_Lang_45/target/classes/, file:/tmp/Nopol_Defects4J_Lang_45/target/tests/, file:/tmp/Nopol_Defects4J_Lang_45/target/classes/, file:/tmp/Nopol_Defects4J_Lang_45/target/tests/, file:/home/tdurieux/defects4j4repair/script/../benchmarks/defects4j/framework/projects/Lang/lib/asm.jar, file:/home/tdurieux/defects4j4repair/script/../benchmarks/defects4j/framework/projects/Lang/lib/cglib.jar, file:/home/tdurieux/defects4j4repair/script/../benchmarks/defects4j/framework/projects/Lang/lib/commons-io.jar, file:/home/tdurieux/defects4j4repair/script/../benchmarks/defects4j/framework/projects/Lang/lib/easymock.jar, file:/home/tdurieux/defects4j4repair/script/../repair_tools/nopol.jar]
18:42:06.133 [main] INFO  fr.inria.lille.repair.nopol.NoPol - Statement type: PRE_THEN_COND
18:42:06.134 [main] INFO  fr.inria.lille.repair.nopol.NoPol - Args: [org.apache.commons.lang.ArrayUtilsAddTest, org.apache.commons.lang.ArrayUtilsAddTest, org.apache.commons.lang.ArrayUtilsRemoveTest, org.apache.commons.lang.ArrayUtilsRemoveTest, org.apache.commons.lang.ArrayUtilsTest, org.apache.commons.lang.ArrayUtilsTest, org.apache.commons.lang.BitFieldTest, org.apache.commons.lang.BitFieldTest, org.apache.commons.lang.BooleanUtilsTest, org.apache.commons.lang.BooleanUtilsTest, org.apache.commons.lang.CharEncodingTest, org.apache.commons.lang.CharEncodingTest, org.apache.commons.lang.CharRangeTest, org.apache.commons.lang.CharRangeTest, org.apache.commons.lang.CharSetTest, org.apache.commons.lang.CharSetTest, org.apache.commons.lang.CharSetUtilsTest, org.apache.commons.lang.CharSetUtilsTest, org.apache.commons.lang.CharUtilsTest, org.apache.commons.lang.CharUtilsTest, org.apache.commons.lang.ClassUtilsTest, org.apache.commons.lang.ClassUtilsTest, org.apache.commons.lang.EntitiesPerformanceTest, org.apache.commons.lang.EntitiesPerformanceTest, org.apache.commons.lang.EntitiesTest, org.apache.commons.lang.EntitiesTest, org.apache.commons.lang.IllegalClassExceptionTest, org.apache.commons.lang.IllegalClassExceptionTest, org.apache.commons.lang.IncompleteArgumentExceptionTest, org.apache.commons.lang.IncompleteArgumentExceptionTest, org.apache.commons.lang.IntHashMapTest, org.apache.commons.lang.IntHashMapTest, org.apache.commons.lang.LocaleUtilsTest, org.apache.commons.lang.LocaleUtilsTest, org.apache.commons.lang.NotImplementedExceptionTest, org.apache.commons.lang.NotImplementedExceptionTest, org.apache.commons.lang.NullArgumentExceptionTest, org.apache.commons.lang.NullArgumentExceptionTest, org.apache.commons.lang.NumberRangeTest, org.apache.commons.lang.NumberRangeTest, org.apache.commons.lang.NumberUtilsTest, org.apache.commons.lang.NumberUtilsTest, org.apache.commons.lang.ObjectUtilsTest, org.apache.commons.lang.ObjectUtilsTest, org.apache.commons.lang.RandomStringUtilsTest, org.apache.commons.lang.RandomStringUtilsTest, org.apache.commons.lang.SerializationUtilsTest, org.apache.commons.lang.SerializationUtilsTest, org.apache.commons.lang.StringEscapeUtilsTest, org.apache.commons.lang.StringEscapeUtilsTest, org.apache.commons.lang.StringUtilsEqualsIndexOfTest, org.apache.commons.lang.StringUtilsEqualsIndexOfTest, org.apache.commons.lang.StringUtilsIsTest, org.apache.commons.lang.StringUtilsIsTest, org.apache.commons.lang.StringUtilsStartsEndsWithTest, org.apache.commons.lang.StringUtilsStartsEndsWithTest, org.apache.commons.lang.StringUtilsSubstringTest, org.apache.commons.lang.StringUtilsSubstringTest, org.apache.commons.lang.StringUtilsTest, org.apache.commons.lang.StringUtilsTest, org.apache.commons.lang.StringUtilsTrimEmptyTest, org.apache.commons.lang.StringUtilsTrimEmptyTest, org.apache.commons.lang.SystemUtilsTest, org.apache.commons.lang.SystemUtilsTest, org.apache.commons.lang.UnhandledExceptionTest, org.apache.commons.lang.UnhandledExceptionTest, org.apache.commons.lang.ValidateTest, org.apache.commons.lang.ValidateTest, org.apache.commons.lang.WordUtilsTest, org.apache.commons.lang.WordUtilsTest, org.apache.commons.lang.builder.CompareToBuilderTest, org.apache.commons.lang.builder.CompareToBuilderTest, org.apache.commons.lang.builder.DefaultToStringStyleTest, org.apache.commons.lang.builder.DefaultToStringStyleTest, org.apache.commons.lang.builder.EqualsBuilderTest, org.apache.commons.lang.builder.EqualsBuilderTest, org.apache.commons.lang.builder.HashCodeBuilderAndEqualsBuilderTest, org.apache.commons.lang.builder.HashCodeBuilderAndEqualsBuilderTest, org.apache.commons.lang.builder.HashCodeBuilderTest, org.apache.commons.lang.builder.HashCodeBuilderTest, org.apache.commons.lang.builder.MultiLineToStringStyleTest, org.apache.commons.lang.builder.MultiLineToStringStyleTest, org.apache.commons.lang.builder.NoFieldNamesToStringStyleTest, org.apache.commons.lang.builder.NoFieldNamesToStringStyleTest, org.apache.commons.lang.builder.ReflectionToStringBuilderExcludeTest, org.apache.commons.lang.builder.ReflectionToStringBuilderExcludeTest, org.apache.commons.lang.builder.ShortPrefixToStringStyleTest, org.apache.commons.lang.builder.ShortPrefixToStringStyleTest, org.apache.commons.lang.builder.SimpleToStringStyleTest, org.apache.commons.lang.builder.SimpleToStringStyleTest, org.apache.commons.lang.builder.StandardToStringStyleTest, org.apache.commons.lang.builder.StandardToStringStyleTest, org.apache.commons.lang.builder.ToStringBuilderTest, org.apache.commons.lang.builder.ToStringBuilderTest, org.apache.commons.lang.builder.ToStringStyleTest, org.apache.commons.lang.builder.ToStringStyleTest, org.apache.commons.lang.enum.EnumTest, org.apache.commons.lang.enum.EnumTest, org.apache.commons.lang.enum.EnumUtilsTest, org.apache.commons.lang.enum.EnumUtilsTest, org.apache.commons.lang.enum.ValuedEnumTest, org.apache.commons.lang.enum.ValuedEnumTest, org.apache.commons.lang.enums.EnumEqualsTest, org.apache.commons.lang.enums.EnumEqualsTest, org.apache.commons.lang.enums.EnumTest, org.apache.commons.lang.enums.EnumTest, org.apache.commons.lang.enums.EnumUtilsTest, org.apache.commons.lang.enums.EnumUtilsTest, org.apache.commons.lang.enums.ValuedEnumTest, org.apache.commons.lang.enums.ValuedEnumTest, org.apache.commons.lang.exception.ExceptionUtilsTestCase, org.apache.commons.lang.exception.ExceptionUtilsTestCase, org.apache.commons.lang.exception.NestableDelegateTestCase, org.apache.commons.lang.exception.NestableDelegateTestCase, org.apache.commons.lang.exception.NestableErrorTestCase, org.apache.commons.lang.exception.NestableErrorTestCase, org.apache.commons.lang.exception.NestableExceptionTestCase, org.apache.commons.lang.exception.NestableExceptionTestCase, org.apache.commons.lang.exception.NestableRuntimeExceptionTestCase, org.apache.commons.lang.exception.NestableRuntimeExceptionTestCase, org.apache.commons.lang.math.DoubleRangeTest, org.apache.commons.lang.math.DoubleRangeTest, org.apache.commons.lang.math.FloatRangeTest, org.apache.commons.lang.math.FloatRangeTest, org.apache.commons.lang.math.FractionTest, org.apache.commons.lang.math.FractionTest, org.apache.commons.lang.math.IEEE754rUtilsTest, org.apache.commons.lang.math.IEEE754rUtilsTest, org.apache.commons.lang.math.IntRangeTest, org.apache.commons.lang.math.IntRangeTest, org.apache.commons.lang.math.LongRangeTest, org.apache.commons.lang.math.LongRangeTest, org.apache.commons.lang.math.NumberRangeTest, org.apache.commons.lang.math.NumberRangeTest, org.apache.commons.lang.math.NumberUtilsTest, org.apache.commons.lang.math.NumberUtilsTest, org.apache.commons.lang.math.RandomUtilsTest, org.apache.commons.lang.math.RandomUtilsTest, org.apache.commons.lang.math.RangeTest, org.apache.commons.lang.math.RangeTest, org.apache.commons.lang.mutable.MutableBooleanTest, org.apache.commons.lang.mutable.MutableBooleanTest, org.apache.commons.lang.mutable.MutableByteTest, org.apache.commons.lang.mutable.MutableByteTest, org.apache.commons.lang.mutable.MutableDoubleTest, org.apache.commons.lang.mutable.MutableDoubleTest, org.apache.commons.lang.mutable.MutableFloatTest, org.apache.commons.lang.mutable.MutableFloatTest, org.apache.commons.lang.mutable.MutableIntTest, org.apache.commons.lang.mutable.MutableIntTest, org.apache.commons.lang.mutable.MutableLongTest, org.apache.commons.lang.mutable.MutableLongTest, org.apache.commons.lang.mutable.MutableObjectTest, org.apache.commons.lang.mutable.MutableObjectTest, org.apache.commons.lang.mutable.MutableShortTest, org.apache.commons.lang.mutable.MutableShortTest, org.apache.commons.lang.reflect.ConstructorUtilsTest, org.apache.commons.lang.reflect.ConstructorUtilsTest, org.apache.commons.lang.reflect.FieldUtilsTest, org.apache.commons.lang.reflect.FieldUtilsTest, org.apache.commons.lang.reflect.MethodUtilsTest, org.apache.commons.lang.reflect.MethodUtilsTest, org.apache.commons.lang.text.CompositeFormatTest, org.apache.commons.lang.text.CompositeFormatTest, org.apache.commons.lang.text.ExtendedMessageFormatTest, org.apache.commons.lang.text.ExtendedMessageFormatTest, org.apache.commons.lang.text.StrBuilderAppendInsertTest, org.apache.commons.lang.text.StrBuilderAppendInsertTest, org.apache.commons.lang.text.StrBuilderTest, org.apache.commons.lang.text.StrBuilderTest, org.apache.commons.lang.text.StrLookupTest, org.apache.commons.lang.text.StrLookupTest, org.apache.commons.lang.text.StrMatcherTest, org.apache.commons.lang.text.StrMatcherTest, org.apache.commons.lang.text.StrSubstitutorTest, org.apache.commons.lang.text.StrSubstitutorTest, org.apache.commons.lang.text.StrTokenizerTest, org.apache.commons.lang.text.StrTokenizerTest, org.apache.commons.lang.time.DateFormatUtilsTest, org.apache.commons.lang.time.DateFormatUtilsTest, org.apache.commons.lang.time.DateUtilsFragmentTest, org.apache.commons.lang.time.DateUtilsFragmentTest, org.apache.commons.lang.time.DateUtilsTest, org.apache.commons.lang.time.DateUtilsTest, org.apache.commons.lang.time.DurationFormatUtilsTest, org.apache.commons.lang.time.DurationFormatUtilsTest, org.apache.commons.lang.time.FastDateFormatTest, org.apache.commons.lang.time.FastDateFormatTest, org.apache.commons.lang.time.StopWatchTest, org.apache.commons.lang.time.StopWatchTest]
18:42:06.136 [main] INFO  fr.inria.lille.repair.nopol.NoPol - Config: Config{synthesisDepth=3, collectStaticMethods=true, collectStaticFields=false, collectLiterals=false, onlyOneSynthesisResult=true, sortExpressions=true, maxLineInvocationPerTest=250, timeoutMethodInvocation=2000, dataCollectionTimeoutInSecondForSynthesis=900, addWeight=0.19478, subWeight=0.04554, mulWeight=0.0102, divWeight=0.00613, andWeight=0.10597, orWeight=0.05708, eqWeight=0.22798, nEqWeight=0.0, lessEqWeight=0.0255, lessWeight=0.0947, methodCallWeight=0.1, fieldAccessWeight=0.08099, constantWeight=0.14232, variableWeight=0.05195, mode=REPAIR, type=PRE_THEN_COND, synthesis=SMT, oracle=ANGELIC, solver=Z3, solverPath='/home/tdurieux/defects4j4repair/script/../libs/z3/build/z3', projectSources=[src/java], projectClasspath='[Ljava.net.URL;@66d33a', projectTests=[org.apache.commons.lang.ArrayUtilsAddTest, org.apache.commons.lang.ArrayUtilsAddTest, org.apache.commons.lang.ArrayUtilsRemoveTest, org.apache.commons.lang.ArrayUtilsRemoveTest, org.apache.commons.lang.ArrayUtilsTest, org.apache.commons.lang.ArrayUtilsTest, org.apache.commons.lang.BitFieldTest, org.apache.commons.lang.BitFieldTest, org.apache.commons.lang.BooleanUtilsTest, org.apache.commons.lang.BooleanUtilsTest, org.apache.commons.lang.CharEncodingTest, org.apache.commons.lang.CharEncodingTest, org.apache.commons.lang.CharRangeTest, org.apache.commons.lang.CharRangeTest, org.apache.commons.lang.CharSetTest, org.apache.commons.lang.CharSetTest, org.apache.commons.lang.CharSetUtilsTest, org.apache.commons.lang.CharSetUtilsTest, org.apache.commons.lang.CharUtilsTest, org.apache.commons.lang.CharUtilsTest, org.apache.commons.lang.ClassUtilsTest, org.apache.commons.lang.ClassUtilsTest, org.apache.commons.lang.EntitiesPerformanceTest, org.apache.commons.lang.EntitiesPerformanceTest, org.apache.commons.lang.EntitiesTest, org.apache.commons.lang.EntitiesTest, org.apache.commons.lang.IllegalClassExceptionTest, org.apache.commons.lang.IllegalClassExceptionTest, org.apache.commons.lang.IncompleteArgumentExceptionTest, org.apache.commons.lang.IncompleteArgumentExceptionTest, org.apache.commons.lang.IntHashMapTest, org.apache.commons.lang.IntHashMapTest, org.apache.commons.lang.LocaleUtilsTest, org.apache.commons.lang.LocaleUtilsTest, org.apache.commons.lang.NotImplementedExceptionTest, org.apache.commons.lang.NotImplementedExceptionTest, org.apache.commons.lang.NullArgumentExceptionTest, org.apache.commons.lang.NullArgumentExceptionTest, org.apache.commons.lang.NumberRangeTest, org.apache.commons.lang.NumberRangeTest, org.apache.commons.lang.NumberUtilsTest, org.apache.commons.lang.NumberUtilsTest, org.apache.commons.lang.ObjectUtilsTest, org.apache.commons.lang.ObjectUtilsTest, org.apache.commons.lang.RandomStringUtilsTest, org.apache.commons.lang.RandomStringUtilsTest, org.apache.commons.lang.SerializationUtilsTest, org.apache.commons.lang.SerializationUtilsTest, org.apache.commons.lang.StringEscapeUtilsTest, org.apache.commons.lang.StringEscapeUtilsTest, org.apache.commons.lang.StringUtilsEqualsIndexOfTest, org.apache.commons.lang.StringUtilsEqualsIndexOfTest, org.apache.commons.lang.StringUtilsIsTest, org.apache.commons.lang.StringUtilsIsTest, org.apache.commons.lang.StringUtilsStartsEndsWithTest, org.apache.commons.lang.StringUtilsStartsEndsWithTest, org.apache.commons.lang.StringUtilsSubstringTest, org.apache.commons.lang.StringUtilsSubstringTest, org.apache.commons.lang.StringUtilsTest, org.apache.commons.lang.StringUtilsTest, org.apache.commons.lang.StringUtilsTrimEmptyTest, org.apache.commons.lang.StringUtilsTrimEmptyTest, org.apache.commons.lang.SystemUtilsTest, org.apache.commons.lang.SystemUtilsTest, org.apache.commons.lang.UnhandledExceptionTest, org.apache.commons.lang.UnhandledExceptionTest, org.apache.commons.lang.ValidateTest, org.apache.commons.lang.ValidateTest, org.apache.commons.lang.WordUtilsTest, org.apache.commons.lang.WordUtilsTest, org.apache.commons.lang.builder.CompareToBuilderTest, org.apache.commons.lang.builder.CompareToBuilderTest, org.apache.commons.lang.builder.DefaultToStringStyleTest, org.apache.commons.lang.builder.DefaultToStringStyleTest, org.apache.commons.lang.builder.EqualsBuilderTest, org.apache.commons.lang.builder.EqualsBuilderTest, org.apache.commons.lang.builder.HashCodeBuilderAndEqualsBuilderTest, org.apache.commons.lang.builder.HashCodeBuilderAndEqualsBuilderTest, org.apache.commons.lang.builder.HashCodeBuilderTest, org.apache.commons.lang.builder.HashCodeBuilderTest, org.apache.commons.lang.builder.MultiLineToStringStyleTest, org.apache.commons.lang.builder.MultiLineToStringStyleTest, org.apache.commons.lang.builder.NoFieldNamesToStringStyleTest, org.apache.commons.lang.builder.NoFieldNamesToStringStyleTest, org.apache.commons.lang.builder.ReflectionToStringBuilderExcludeTest, org.apache.commons.lang.builder.ReflectionToStringBuilderExcludeTest, org.apache.commons.lang.builder.ShortPrefixToStringStyleTest, org.apache.commons.lang.builder.ShortPrefixToStringStyleTest, org.apache.commons.lang.builder.SimpleToStringStyleTest, org.apache.commons.lang.builder.SimpleToStringStyleTest, org.apache.commons.lang.builder.StandardToStringStyleTest, org.apache.commons.lang.builder.StandardToStringStyleTest, org.apache.commons.lang.builder.ToStringBuilderTest, org.apache.commons.lang.builder.ToStringBuilderTest, org.apache.commons.lang.builder.ToStringStyleTest, org.apache.commons.lang.builder.ToStringStyleTest, org.apache.commons.lang.enum.EnumTest, org.apache.commons.lang.enum.EnumTest, org.apache.commons.lang.enum.EnumUtilsTest, org.apache.commons.lang.enum.EnumUtilsTest, org.apache.commons.lang.enum.ValuedEnumTest, org.apache.commons.lang.enum.ValuedEnumTest, org.apache.commons.lang.enums.EnumEqualsTest, org.apache.commons.lang.enums.EnumEqualsTest, org.apache.commons.lang.enums.EnumTest, org.apache.commons.lang.enums.EnumTest, org.apache.commons.lang.enums.EnumUtilsTest, org.apache.commons.lang.enums.EnumUtilsTest, org.apache.commons.lang.enums.ValuedEnumTest, org.apache.commons.lang.enums.ValuedEnumTest, org.apache.commons.lang.exception.ExceptionUtilsTestCase, org.apache.commons.lang.exception.ExceptionUtilsTestCase, org.apache.commons.lang.exception.NestableDelegateTestCase, org.apache.commons.lang.exception.NestableDelegateTestCase, org.apache.commons.lang.exception.NestableErrorTestCase, org.apache.commons.lang.exception.NestableErrorTestCase, org.apache.commons.lang.exception.NestableExceptionTestCase, org.apache.commons.lang.exception.NestableExceptionTestCase, org.apache.commons.lang.exception.NestableRuntimeExceptionTestCase, org.apache.commons.lang.exception.NestableRuntimeExceptionTestCase, org.apache.commons.lang.math.DoubleRangeTest, org.apache.commons.lang.math.DoubleRangeTest, org.apache.commons.lang.math.FloatRangeTest, org.apache.commons.lang.math.FloatRangeTest, org.apache.commons.lang.math.FractionTest, org.apache.commons.lang.math.FractionTest, org.apache.commons.lang.math.IEEE754rUtilsTest, org.apache.commons.lang.math.IEEE754rUtilsTest, org.apache.commons.lang.math.IntRangeTest, org.apache.commons.lang.math.IntRangeTest, org.apache.commons.lang.math.LongRangeTest, org.apache.commons.lang.math.LongRangeTest, org.apache.commons.lang.math.NumberRangeTest, org.apache.commons.lang.math.NumberRangeTest, org.apache.commons.lang.math.NumberUtilsTest, org.apache.commons.lang.math.NumberUtilsTest, org.apache.commons.lang.math.RandomUtilsTest, org.apache.commons.lang.math.RandomUtilsTest, org.apache.commons.lang.math.RangeTest, org.apache.commons.lang.math.RangeTest, org.apache.commons.lang.mutable.MutableBooleanTest, org.apache.commons.lang.mutable.MutableBooleanTest, org.apache.commons.lang.mutable.MutableByteTest, org.apache.commons.lang.mutable.MutableByteTest, org.apache.commons.lang.mutable.MutableDoubleTest, org.apache.commons.lang.mutable.MutableDoubleTest, org.apache.commons.lang.mutable.MutableFloatTest, org.apache.commons.lang.mutable.MutableFloatTest, org.apache.commons.lang.mutable.MutableIntTest, org.apache.commons.lang.mutable.MutableIntTest, org.apache.commons.lang.mutable.MutableLongTest, org.apache.commons.lang.mutable.MutableLongTest, org.apache.commons.lang.mutable.MutableObjectTest, org.apache.commons.lang.mutable.MutableObjectTest, org.apache.commons.lang.mutable.MutableShortTest, org.apache.commons.lang.mutable.MutableShortTest, org.apache.commons.lang.reflect.ConstructorUtilsTest, org.apache.commons.lang.reflect.ConstructorUtilsTest, org.apache.commons.lang.reflect.FieldUtilsTest, org.apache.commons.lang.reflect.FieldUtilsTest, org.apache.commons.lang.reflect.MethodUtilsTest, org.apache.commons.lang.reflect.MethodUtilsTest, org.apache.commons.lang.text.CompositeFormatTest, org.apache.commons.lang.text.CompositeFormatTest, org.apache.commons.lang.text.ExtendedMessageFormatTest, org.apache.commons.lang.text.ExtendedMessageFormatTest, org.apache.commons.lang.text.StrBuilderAppendInsertTest, org.apache.commons.lang.text.StrBuilderAppendInsertTest, org.apache.commons.lang.text.StrBuilderTest, org.apache.commons.lang.text.StrBuilderTest, org.apache.commons.lang.text.StrLookupTest, org.apache.commons.lang.text.StrLookupTest, org.apache.commons.lang.text.StrMatcherTest, org.apache.commons.lang.text.StrMatcherTest, org.apache.commons.lang.text.StrSubstitutorTest, org.apache.commons.lang.text.StrSubstitutorTest, org.apache.commons.lang.text.StrTokenizerTest, org.apache.commons.lang.text.StrTokenizerTest, org.apache.commons.lang.time.DateFormatUtilsTest, org.apache.commons.lang.time.DateFormatUtilsTest, org.apache.commons.lang.time.DateUtilsFragmentTest, org.apache.commons.lang.time.DateUtilsFragmentTest, org.apache.commons.lang.time.DateUtilsTest, org.apache.commons.lang.time.DateUtilsTest, org.apache.commons.lang.time.DurationFormatUtilsTest, org.apache.commons.lang.time.DurationFormatUtilsTest, org.apache.commons.lang.time.FastDateFormatTest, org.apache.commons.lang.time.FastDateFormatTest, org.apache.commons.lang.time.StopWatchTest, org.apache.commons.lang.time.StopWatchTest], complianceLevel=3, outputFolder=., json=true}
18:42:06.137 [main] INFO  fr.inria.lille.repair.nopol.NoPol - Available processors (cores): 8
18:42:06.150 [main] INFO  fr.inria.lille.repair.nopol.NoPol - Free memory: 212 MB
18:42:06.150 [main] INFO  fr.inria.lille.repair.nopol.NoPol - Maximum memory: 3 GB
18:42:06.150 [main] INFO  fr.inria.lille.repair.nopol.NoPol - Total memory available to JVM: 241 MB
18:42:06.150 [main] INFO  fr.inria.lille.repair.nopol.NoPol - Java version: 1.8.0_181
18:42:06.152 [main] INFO  fr.inria.lille.repair.nopol.NoPol - JAVA_HOME: /usr/lib/jvm/java-1.8.0-openjdk-amd64/bin/
18:42:06.152 [main] INFO  fr.inria.lille.repair.nopol.NoPol - PATH: /usr/lib/jvm/java-1.8.0-openjdk-amd64/bin/:/usr/lib/oar/oardodo:/usr/lib/oar/oardodo:/usr/local/bin:/usr/bin:/bin:/usr/games
18:42:36.419 [pool-2-thread-1] DEBUG fr.inria.lille.repair.nopol.NoPol - statement #1
18:42:36.420 [pool-2-thread-1] DEBUG fr.inria.lille.repair.nopol.NoPol - Analysing SourceLocation org.apache.commons.lang.WordUtils:641 which is executed by 1 tests
-1410117720
18:42:36.811 [pool-2-thread-1] DEBUG fr.inria.lille.repair.nopol.NoPol - statement #2
18:42:36.812 [pool-2-thread-1] DEBUG fr.inria.lille.repair.nopol.NoPol - Analysing SourceLocation org.apache.commons.lang.WordUtils:639 which is executed by 1 tests
-1410117720
18:42:36.949 [pool-2-thread-1] DEBUG fr.inria.lille.repair.nopol.NoPol - looking with class fr.inria.lille.repair.nopol.spoon.smt.ConditionalAdder
java.lang.StringIndexOutOfBoundsException: String index out of range: 15
    at java.lang.String.substring(String.java:1963)
    at org.apache.commons.lang.WordUtils.abbreviate(WordUtils.java:629)
    at org.apache.commons.lang.WordUtilsTest.testAbbreviate(WordUtilsTest.java:390)
    at sun.reflect.NativeMethodAccessorImpl.invoke0(Native Method)
    at sun.reflect.NativeMethodAccessorImpl.invoke(NativeMethodAccessorImpl.java:62)
    at sun.reflect.DelegatingMethodAccessorImpl.invoke(DelegatingMethodAccessorImpl.java:43)
18:42:37.006 [pool-4-thread-1] INFO  xxl.java.junit.TestCasesListener - Tests run finished (22 ms)
<> Total tests run: 13
<> Ignored tests: 0
<> Failed tests: 1
~ testAbbreviate(org.apache.commons.lang.WordUtilsTest)
[String index out of range: 15]
java.lang.StringIndexOutOfBoundsException: String index out of range: 15    at java.lang.String.substring(String.java:1963)
    at org.apache.commons.lang.WordUtils.abbreviate(WordUtils.java:629)
    at org.apache.commons.lang.WordUtilsTest.testAbbreviate(WordUtilsTest.java:390)
    at sun.reflect.NativeMethodAccessorImpl.invoke0(Native Method)
    at sun.reflect.NativeMethodAccessorImpl.invoke(NativeMethodAccessorImpl.java:62)
    at sun.reflect.DelegatingMethodAccessorImpl.invoke(DelegatingMethodAccessorImpl.java:43)

java.lang.StringIndexOutOfBoundsException: String index out of range: 15
    at java.lang.String.substring(String.java:1963)
    at org.apache.commons.lang.WordUtils.abbreviate(WordUtils.java:219)
    at org.apache.commons.lang.WordUtilsTest.testAbbreviate(WordUtilsTest.java:390)
    at sun.reflect.NativeMethodAccessorImpl.invoke0(Native Method)
    at sun.reflect.NativeMethodAccessorImpl.invoke(NativeMethodAccessorImpl.java:62)
    at sun.reflect.DelegatingMethodAccessorImpl.invoke(DelegatingMethodAccessorImpl.java:43)
18:42:38.349 [pool-5-thread-1] INFO  f.i.l.c.t.SpecificationTestCasesListener - Tests run finished (11 ms)
<> Total tests run: 1
<> Ignored tests: 0
<> Failed tests: 1
~ testAbbreviate(org.apache.commons.lang.WordUtilsTest)
[String index out of range: 15]
java.lang.StringIndexOutOfBoundsException: String index out of range: 15    at java.lang.String.substring(String.java:1963)
    at org.apache.commons.lang.WordUtils.abbreviate(WordUtils.java:219)
    at org.apache.commons.lang.WordUtilsTest.testAbbreviate(WordUtilsTest.java:390)
    at sun.reflect.NativeMethodAccessorImpl.invoke0(Native Method)
    at sun.reflect.NativeMethodAccessorImpl.invoke(NativeMethodAccessorImpl.java:62)
    at sun.reflect.DelegatingMethodAccessorImpl.invoke(DelegatingMethodAccessorImpl.java:43)

java.lang.StringIndexOutOfBoundsException: String index out of range: 15
    at java.lang.String.substring(String.java:1963)
    at org.apache.commons.lang.WordUtils.abbreviate(WordUtils.java:219)
    at org.apache.commons.lang.WordUtilsTest.testAbbreviate(WordUtilsTest.java:390)
    at sun.reflect.NativeMethodAccessorImpl.invoke0(Native Method)
    at sun.reflect.NativeMethodAccessorImpl.invoke(NativeMethodAccessorImpl.java:62)
    at sun.reflect.DelegatingMethodAccessorImpl.invoke(DelegatingMethodAccessorImpl.java:43)
18:42:38.354 [pool-6-thread-1] INFO  f.i.l.c.t.SpecificationTestCasesListener - Tests run finished (1 ms)
<> Total tests run: 1
<> Ignored tests: 0
<> Failed tests: 1
~ testAbbreviate(org.apache.commons.lang.WordUtilsTest)
[String index out of range: 15]
java.lang.StringIndexOutOfBoundsException: String index out of range: 15    at java.lang.String.substring(String.java:1963)
    at org.apache.commons.lang.WordUtils.abbreviate(WordUtils.java:219)
    at org.apache.commons.lang.WordUtilsTest.testAbbreviate(WordUtilsTest.java:390)
    at sun.reflect.NativeMethodAccessorImpl.invoke0(Native Method)
    at sun.reflect.NativeMethodAccessorImpl.invoke(NativeMethodAccessorImpl.java:62)
    at sun.reflect.DelegatingMethodAccessorImpl.invoke(DelegatingMethodAccessorImpl.java:43)

18:42:38.355 [pool-3-thread-1] DEBUG tests.output - Failing tests with false: 
[testAbbreviate(org.apache.commons.lang.WordUtilsTest): String index out of range: 15]
18:42:38.356 [pool-3-thread-1] DEBUG tests.output - Failing tests with true: 
[testAbbreviate(org.apache.commons.lang.WordUtilsTest): String index out of range: 15]
18:42:38.356 [pool-3-thread-1] INFO  f.i.l.r.n.synth.SMTNopolSynthesizer - Not enough specifications: 0. A trivial patch is "true" or "false", please write new tests specifying SourceLocation org.apache.commons.lang.WordUtils:639.
18:42:38.356 [pool-2-thread-1] DEBUG fr.inria.lille.repair.nopol.NoPol - statement #3
18:42:38.357 [pool-2-thread-1] DEBUG fr.inria.lille.repair.nopol.NoPol - Analysing SourceLocation org.apache.commons.lang.WordUtils:638 which is executed by 1 tests
-1410117720
18:42:38.485 [pool-2-thread-1] DEBUG fr.inria.lille.repair.nopol.NoPol - looking with class fr.inria.lille.repair.nopol.spoon.smt.ConditionalAdder
java.lang.StringIndexOutOfBoundsException: String index out of range: 15
    at java.lang.String.substring(String.java:1963)
    at org.apache.commons.lang.WordUtils.abbreviate(WordUtils.java:629)
    at org.apache.commons.lang.WordUtilsTest.testAbbreviate(WordUtilsTest.java:390)
    at sun.reflect.NativeMethodAccessorImpl.invoke0(Native Method)
    at sun.reflect.NativeMethodAccessorImpl.invoke(NativeMethodAccessorImpl.java:62)
    at sun.reflect.DelegatingMethodAccessorImpl.invoke(DelegatingMethodAccessorImpl.java:43)
18:42:38.503 [pool-8-thread-1] INFO  xxl.java.junit.TestCasesListener - Tests run finished (11 ms)
<> Total tests run: 13
<> Ignored tests: 0
<> Failed tests: 1
~ testAbbreviate(org.apache.commons.lang.WordUtilsTest)
[String index out of range: 15]
java.lang.StringIndexOutOfBoundsException: String index out of range: 15    at java.lang.String.substring(String.java:1963)
    at org.apache.commons.lang.WordUtils.abbreviate(WordUtils.java:629)
    at org.apache.commons.lang.WordUtilsTest.testAbbreviate(WordUtilsTest.java:390)
    at sun.reflect.NativeMethodAccessorImpl.invoke0(Native Method)
    at sun.reflect.NativeMethodAccessorImpl.invoke(NativeMethodAccessorImpl.java:62)
    at sun.reflect.DelegatingMethodAccessorImpl.invoke(DelegatingMethodAccessorImpl.java:43)

junit.framework.ComparisonFailure: expected:<[012]> but was:<[]>
    at junit.framework.Assert.assertEquals(Assert.java:100)
    at junit.framework.Assert.assertEquals(Assert.java:107)
    at junit.framework.TestCase.assertEquals(TestCase.java:269)
    at org.apache.commons.lang.WordUtilsTest.testAbbreviate(WordUtilsTest.java:374)
    at sun.reflect.NativeMethodAccessorImpl.invoke0(Native Method)
    at sun.reflect.NativeMethodAccessorImpl.invoke(NativeMethodAccessorImpl.java:62)
18:42:38.832 [pool-9-thread-1] INFO  f.i.l.c.t.SpecificationTestCasesListener - Tests run finished (9 ms)
<> Total tests run: 1
<> Ignored tests: 0
<> Failed tests: 1
~ testAbbreviate(org.apache.commons.lang.WordUtilsTest)
[expected:<[012]> but was:<[]>]
junit.framework.ComparisonFailure: expected:<[012]> but was:<[]>    at junit.framework.Assert.assertEquals(Assert.java:100)
    at junit.framework.Assert.assertEquals(Assert.java:107)
    at junit.framework.TestCase.assertEquals(TestCase.java:269)
    at org.apache.commons.lang.WordUtilsTest.testAbbreviate(WordUtilsTest.java:374)
    at sun.reflect.NativeMethodAccessorImpl.invoke0(Native Method)
    at sun.reflect.NativeMethodAccessorImpl.invoke(NativeMethodAccessorImpl.java:62)

java.lang.StringIndexOutOfBoundsException: String index out of range: 15
    at java.lang.String.substring(String.java:1963)
    at org.apache.commons.lang.WordUtils.abbreviate(WordUtils.java:219)
    at org.apache.commons.lang.WordUtilsTest.testAbbreviate(WordUtilsTest.java:390)
    at sun.reflect.NativeMethodAccessorImpl.invoke0(Native Method)
    at sun.reflect.NativeMethodAccessorImpl.invoke(NativeMethodAccessorImpl.java:62)
    at sun.reflect.DelegatingMethodAccessorImpl.invoke(DelegatingMethodAccessorImpl.java:43)
18:42:38.835 [pool-10-thread-1] INFO  f.i.l.c.t.SpecificationTestCasesListener - Tests run finished (1 ms)
<> Total tests run: 1
<> Ignored tests: 0
<> Failed tests: 1
~ testAbbreviate(org.apache.commons.lang.WordUtilsTest)
[String index out of range: 15]
java.lang.StringIndexOutOfBoundsException: String index out of range: 15    at java.lang.String.substring(String.java:1963)
    at org.apache.commons.lang.WordUtils.abbreviate(WordUtils.java:219)
    at org.apache.commons.lang.WordUtilsTest.testAbbreviate(WordUtilsTest.java:390)
    at sun.reflect.NativeMethodAccessorImpl.invoke0(Native Method)
    at sun.reflect.NativeMethodAccessorImpl.invoke(NativeMethodAccessorImpl.java:62)
    at sun.reflect.DelegatingMethodAccessorImpl.invoke(DelegatingMethodAccessorImpl.java:43)

18:42:38.836 [pool-7-thread-1] DEBUG tests.output - Failing tests with false: 
[testAbbreviate(org.apache.commons.lang.WordUtilsTest): expected:<[012]> but was:<[]>]
18:42:38.836 [pool-7-thread-1] DEBUG tests.output - Failing tests with true: 
[testAbbreviate(org.apache.commons.lang.WordUtilsTest): String index out of range: 15]
18:42:38.837 [pool-7-thread-1] INFO  f.i.l.r.n.synth.SMTNopolSynthesizer - Not enough specifications: 0. A trivial patch is "true" or "false", please write new tests specifying SourceLocation org.apache.commons.lang.WordUtils:638.
18:42:38.837 [pool-2-thread-1] DEBUG fr.inria.lille.repair.nopol.NoPol - statement #4
18:42:38.837 [pool-2-thread-1] DEBUG fr.inria.lille.repair.nopol.NoPol - Analysing SourceLocation org.apache.commons.lang.WordUtils:636 which is executed by 1 tests
-1410117720
18:42:38.965 [pool-2-thread-1] DEBUG fr.inria.lille.repair.nopol.NoPol - looking with class fr.inria.lille.repair.nopol.spoon.smt.ConditionalAdder
java.lang.StringIndexOutOfBoundsException: String index out of range: 15
    at java.lang.String.substring(String.java:1963)
    at org.apache.commons.lang.WordUtils.abbreviate(WordUtils.java:629)
    at org.apache.commons.lang.WordUtilsTest.testAbbreviate(WordUtilsTest.java:390)
    at sun.reflect.NativeMethodAccessorImpl.invoke0(Native Method)
    at sun.reflect.NativeMethodAccessorImpl.invoke(NativeMethodAccessorImpl.java:62)
    at sun.reflect.DelegatingMethodAccessorImpl.invoke(DelegatingMethodAccessorImpl.java:43)
18:42:38.982 [pool-12-thread-1] INFO  xxl.java.junit.TestCasesListener - Tests run finished (12 ms)
<> Total tests run: 13
<> Ignored tests: 0
<> Failed tests: 1
~ testAbbreviate(org.apache.commons.lang.WordUtilsTest)
[String index out of range: 15]
java.lang.StringIndexOutOfBoundsException: String index out of range: 15    at java.lang.String.substring(String.java:1963)
    at org.apache.commons.lang.WordUtils.abbreviate(WordUtils.java:629)
    at org.apache.commons.lang.WordUtilsTest.testAbbreviate(WordUtilsTest.java:390)
    at sun.reflect.NativeMethodAccessorImpl.invoke0(Native Method)
    at sun.reflect.NativeMethodAccessorImpl.invoke(NativeMethodAccessorImpl.java:62)
    at sun.reflect.DelegatingMethodAccessorImpl.invoke(DelegatingMethodAccessorImpl.java:43)

java.lang.StringIndexOutOfBoundsException: String index out of range: 15
    at java.lang.String.substring(String.java:1963)
    at org.apache.commons.lang.WordUtils.abbreviate(WordUtils.java:219)
    at org.apache.commons.lang.WordUtilsTest.testAbbreviate(WordUtilsTest.java:390)
    at sun.reflect.NativeMethodAccessorImpl.invoke0(Native Method)
    at sun.reflect.NativeMethodAccessorImpl.invoke(NativeMethodAccessorImpl.java:62)
    at sun.reflect.DelegatingMethodAccessorImpl.invoke(DelegatingMethodAccessorImpl.java:43)
18:42:39.315 [pool-13-thread-1] INFO  f.i.l.c.t.SpecificationTestCasesListener - Tests run finished (7 ms)
<> Total tests run: 1
<> Ignored tests: 0
<> Failed tests: 1
~ testAbbreviate(org.apache.commons.lang.WordUtilsTest)
[String index out of range: 15]
java.lang.StringIndexOutOfBoundsException: String index out of range: 15    at java.lang.String.substring(String.java:1963)
    at org.apache.commons.lang.WordUtils.abbreviate(WordUtils.java:219)
    at org.apache.commons.lang.WordUtilsTest.testAbbreviate(WordUtilsTest.java:390)
    at sun.reflect.NativeMethodAccessorImpl.invoke0(Native Method)
    at sun.reflect.NativeMethodAccessorImpl.invoke(NativeMethodAccessorImpl.java:62)
    at sun.reflect.DelegatingMethodAccessorImpl.invoke(DelegatingMethodAccessorImpl.java:43)

java.lang.StringIndexOutOfBoundsException: String index out of range: 15
    at java.lang.String.substring(String.java:1963)
    at org.apache.commons.lang.WordUtils.abbreviate(WordUtils.java:219)
    at org.apache.commons.lang.WordUtilsTest.testAbbreviate(WordUtilsTest.java:390)
    at sun.reflect.NativeMethodAccessorImpl.invoke0(Native Method)
    at sun.reflect.NativeMethodAccessorImpl.invoke(NativeMethodAccessorImpl.java:62)
    at sun.reflect.DelegatingMethodAccessorImpl.invoke(DelegatingMethodAccessorImpl.java:43)
18:42:39.327 [pool-14-thread-1] INFO  f.i.l.c.t.SpecificationTestCasesListener - Tests run finished (2 ms)
<> Total tests run: 1
<> Ignored tests: 0
<> Failed tests: 1
~ testAbbreviate(org.apache.commons.lang.WordUtilsTest)
[String index out of range: 15]
java.lang.StringIndexOutOfBoundsException: String index out of range: 15    at java.lang.String.substring(String.java:1963)
    at org.apache.commons.lang.WordUtils.abbreviate(WordUtils.java:219)
    at org.apache.commons.lang.WordUtilsTest.testAbbreviate(WordUtilsTest.java:390)
    at sun.reflect.NativeMethodAccessorImpl.invoke0(Native Method)
    at sun.reflect.NativeMethodAccessorImpl.invoke(NativeMethodAccessorImpl.java:62)
    at sun.reflect.DelegatingMethodAccessorImpl.invoke(DelegatingMethodAccessorImpl.java:43)

18:42:39.328 [pool-11-thread-1] DEBUG tests.output - Failing tests with false: 
[testAbbreviate(org.apache.commons.lang.WordUtilsTest): String index out of range: 15]
18:42:39.328 [pool-11-thread-1] DEBUG tests.output - Failing tests with true: 
[testAbbreviate(org.apache.commons.lang.WordUtilsTest): String index out of range: 15]
18:42:39.328 [pool-11-thread-1] INFO  f.i.l.r.n.synth.SMTNopolSynthesizer - Not enough specifications: 0. A trivial patch is "true" or "false", please write new tests specifying SourceLocation org.apache.commons.lang.WordUtils:636.
18:42:39.328 [pool-2-thread-1] DEBUG fr.inria.lille.repair.nopol.NoPol - statement #5
18:42:39.329 [pool-2-thread-1] DEBUG fr.inria.lille.repair.nopol.NoPol - Analysing SourceLocation org.apache.commons.lang.WordUtils:635 which is executed by 1 tests
-1410117720
18:42:39.455 [pool-2-thread-1] DEBUG fr.inria.lille.repair.nopol.NoPol - looking with class fr.inria.lille.repair.nopol.spoon.smt.ConditionalAdder
java.lang.StringIndexOutOfBoundsException: String index out of range: 15
    at java.lang.String.substring(String.java:1963)
    at org.apache.commons.lang.WordUtils.abbreviate(WordUtils.java:629)
    at org.apache.commons.lang.WordUtilsTest.testAbbreviate(WordUtilsTest.java:390)
    at sun.reflect.NativeMethodAccessorImpl.invoke0(Native Method)
    at sun.reflect.NativeMethodAccessorImpl.invoke(NativeMethodAccessorImpl.java:62)
    at sun.reflect.DelegatingMethodAccessorImpl.invoke(DelegatingMethodAccessorImpl.java:43)
18:42:39.472 [pool-16-thread-1] INFO  xxl.java.junit.TestCasesListener - Tests run finished (11 ms)
<> Total tests run: 13
<> Ignored tests: 0
<> Failed tests: 1
~ testAbbreviate(org.apache.commons.lang.WordUtilsTest)
[String index out of range: 15]
java.lang.StringIndexOutOfBoundsException: String index out of range: 15    at java.lang.String.substring(String.java:1963)
    at org.apache.commons.lang.WordUtils.abbreviate(WordUtils.java:629)
    at org.apache.commons.lang.WordUtilsTest.testAbbreviate(WordUtilsTest.java:390)
    at sun.reflect.NativeMethodAccessorImpl.invoke0(Native Method)
    at sun.reflect.NativeMethodAccessorImpl.invoke(NativeMethodAccessorImpl.java:62)
    at sun.reflect.DelegatingMethodAccessorImpl.invoke(DelegatingMethodAccessorImpl.java:43)

junit.framework.ComparisonFailure: expected:<[01 23 45 6]> but was:<[]>
    at junit.framework.Assert.assertEquals(Assert.java:100)
    at junit.framework.Assert.assertEquals(Assert.java:107)
    at junit.framework.TestCase.assertEquals(TestCase.java:269)
    at org.apache.commons.lang.WordUtilsTest.testAbbreviate(WordUtilsTest.java:389)
    at sun.reflect.NativeMethodAccessorImpl.invoke0(Native Method)
    at sun.reflect.NativeMethodAccessorImpl.invoke(NativeMethodAccessorImpl.java:62)
18:42:39.740 [pool-17-thread-1] INFO  f.i.l.c.t.SpecificationTestCasesListener - Tests run finished (6 ms)
<> Total tests run: 1
<> Ignored tests: 0
<> Failed tests: 1
~ testAbbreviate(org.apache.commons.lang.WordUtilsTest)
[expected:<[01 23 45 6]> but was:<[]>]
junit.framework.ComparisonFailure: expected:<[01 23 45 6]> but was:<[]>    at junit.framework.Assert.assertEquals(Assert.java:100)
    at junit.framework.Assert.assertEquals(Assert.java:107)
    at junit.framework.TestCase.assertEquals(TestCase.java:269)
    at org.apache.commons.lang.WordUtilsTest.testAbbreviate(WordUtilsTest.java:389)
    at sun.reflect.NativeMethodAccessorImpl.invoke0(Native Method)
    at sun.reflect.NativeMethodAccessorImpl.invoke(NativeMethodAccessorImpl.java:62)

java.lang.StringIndexOutOfBoundsException: String index out of range: 15
    at java.lang.String.substring(String.java:1963)
    at org.apache.commons.lang.WordUtils.abbreviate(WordUtils.java:219)
    at org.apache.commons.lang.WordUtilsTest.testAbbreviate(WordUtilsTest.java:390)
    at sun.reflect.NativeMethodAccessorImpl.invoke0(Native Method)
    at sun.reflect.NativeMethodAccessorImpl.invoke(NativeMethodAccessorImpl.java:62)
    at sun.reflect.DelegatingMethodAccessorImpl.invoke(DelegatingMethodAccessorImpl.java:43)
18:42:39.744 [pool-18-thread-1] INFO  f.i.l.c.t.SpecificationTestCasesListener - Tests run finished (1 ms)
<> Total tests run: 1
<> Ignored tests: 0
<> Failed tests: 1
~ testAbbreviate(org.apache.commons.lang.WordUtilsTest)
[String index out of range: 15]
java.lang.StringIndexOutOfBoundsException: String index out of range: 15    at java.lang.String.substring(String.java:1963)
    at org.apache.commons.lang.WordUtils.abbreviate(WordUtils.java:219)
    at org.apache.commons.lang.WordUtilsTest.testAbbreviate(WordUtilsTest.java:390)
    at sun.reflect.NativeMethodAccessorImpl.invoke0(Native Method)
    at sun.reflect.NativeMethodAccessorImpl.invoke(NativeMethodAccessorImpl.java:62)
    at sun.reflect.DelegatingMethodAccessorImpl.invoke(DelegatingMethodAccessorImpl.java:43)

18:42:39.744 [pool-15-thread-1] DEBUG tests.output - Failing tests with false: 
[testAbbreviate(org.apache.commons.lang.WordUtilsTest): expected:<[01 23 45 6]> but was:<[]>]
18:42:39.745 [pool-15-thread-1] DEBUG tests.output - Failing tests with true: 
[testAbbreviate(org.apache.commons.lang.WordUtilsTest): String index out of range: 15]
18:42:39.745 [pool-15-thread-1] INFO  f.i.l.r.n.synth.SMTNopolSynthesizer - Not enough specifications: 0. A trivial patch is "true" or "false", please write new tests specifying SourceLocation org.apache.commons.lang.WordUtils:635.
18:42:39.745 [pool-2-thread-1] DEBUG fr.inria.lille.repair.nopol.NoPol - statement #6
18:42:39.745 [pool-2-thread-1] DEBUG fr.inria.lille.repair.nopol.NoPol - Analysing SourceLocation org.apache.commons.lang.WordUtils:634 which is executed by 1 tests
-1410117720
18:42:39.876 [pool-2-thread-1] DEBUG fr.inria.lille.repair.nopol.NoPol - looking with class fr.inria.lille.repair.nopol.spoon.smt.ConditionalAdder
java.lang.StringIndexOutOfBoundsException: String index out of range: 15
    at java.lang.String.substring(String.java:1963)
    at org.apache.commons.lang.WordUtils.abbreviate(WordUtils.java:629)
    at org.apache.commons.lang.WordUtilsTest.testAbbreviate(WordUtilsTest.java:390)
    at sun.reflect.NativeMethodAccessorImpl.invoke0(Native Method)
    at sun.reflect.NativeMethodAccessorImpl.invoke(NativeMethodAccessorImpl.java:62)
    at sun.reflect.DelegatingMethodAccessorImpl.invoke(DelegatingMethodAccessorImpl.java:43)
18:42:39.892 [pool-20-thread-1] INFO  xxl.java.junit.TestCasesListener - Tests run finished (11 ms)
<> Total tests run: 13
<> Ignored tests: 0
<> Failed tests: 1
~ testAbbreviate(org.apache.commons.lang.WordUtilsTest)
[String index out of range: 15]
java.lang.StringIndexOutOfBoundsException: String index out of range: 15    at java.lang.String.substring(String.java:1963)
    at org.apache.commons.lang.WordUtils.abbreviate(WordUtils.java:629)
    at org.apache.commons.lang.WordUtilsTest.testAbbreviate(WordUtilsTest.java:390)
    at sun.reflect.NativeMethodAccessorImpl.invoke0(Native Method)
    at sun.reflect.NativeMethodAccessorImpl.invoke(NativeMethodAccessorImpl.java:62)
    at sun.reflect.DelegatingMethodAccessorImpl.invoke(DelegatingMethodAccessorImpl.java:43)

junit.framework.ComparisonFailure: expected:<[012]> but was:<[]>
    at junit.framework.Assert.assertEquals(Assert.java:100)
    at junit.framework.Assert.assertEquals(Assert.java:107)
    at junit.framework.TestCase.assertEquals(TestCase.java:269)
    at org.apache.commons.lang.WordUtilsTest.testAbbreviate(WordUtilsTest.java:374)
    at sun.reflect.NativeMethodAccessorImpl.invoke0(Native Method)
    at sun.reflect.NativeMethodAccessorImpl.invoke(NativeMethodAccessorImpl.java:62)
18:42:40.155 [pool-21-thread-1] INFO  f.i.l.c.t.SpecificationTestCasesListener - Tests run finished (6 ms)
<> Total tests run: 1
<> Ignored tests: 0
<> Failed tests: 1
~ testAbbreviate(org.apache.commons.lang.WordUtilsTest)
[expected:<[012]> but was:<[]>]
junit.framework.ComparisonFailure: expected:<[012]> but was:<[]>    at junit.framework.Assert.assertEquals(Assert.java:100)
    at junit.framework.Assert.assertEquals(Assert.java:107)
    at junit.framework.TestCase.assertEquals(TestCase.java:269)
    at org.apache.commons.lang.WordUtilsTest.testAbbreviate(WordUtilsTest.java:374)
    at sun.reflect.NativeMethodAccessorImpl.invoke0(Native Method)
    at sun.reflect.NativeMethodAccessorImpl.invoke(NativeMethodAccessorImpl.java:62)

java.lang.StringIndexOutOfBoundsException: String index out of range: 15
    at java.lang.String.substring(String.java:1963)
    at org.apache.commons.lang.WordUtils.abbreviate(WordUtils.java:219)
    at org.apache.commons.lang.WordUtilsTest.testAbbreviate(WordUtilsTest.java:390)
    at sun.reflect.NativeMethodAccessorImpl.invoke0(Native Method)
    at sun.reflect.NativeMethodAccessorImpl.invoke(NativeMethodAccessorImpl.java:62)
    at sun.reflect.DelegatingMethodAccessorImpl.invoke(DelegatingMethodAccessorImpl.java:43)
18:42:40.162 [pool-22-thread-1] INFO  f.i.l.c.t.SpecificationTestCasesListener - Tests run finished (1 ms)
<> Total tests run: 1
<> Ignored tests: 0
<> Failed tests: 1
~ testAbbreviate(org.apache.commons.lang.WordUtilsTest)
[String index out of range: 15]
java.lang.StringIndexOutOfBoundsException: String index out of range: 15    at java.lang.String.substring(String.java:1963)
    at org.apache.commons.lang.WordUtils.abbreviate(WordUtils.java:219)
    at org.apache.commons.lang.WordUtilsTest.testAbbreviate(WordUtilsTest.java:390)
    at sun.reflect.NativeMethodAccessorImpl.invoke0(Native Method)
    at sun.reflect.NativeMethodAccessorImpl.invoke(NativeMethodAccessorImpl.java:62)
    at sun.reflect.DelegatingMethodAccessorImpl.invoke(DelegatingMethodAccessorImpl.java:43)

18:42:40.163 [pool-19-thread-1] DEBUG tests.output - Failing tests with false: 
[testAbbreviate(org.apache.commons.lang.WordUtilsTest): expected:<[012]> but was:<[]>]
18:42:40.164 [pool-19-thread-1] DEBUG tests.output - Failing tests with true: 
[testAbbreviate(org.apache.commons.lang.WordUtilsTest): String index out of range: 15]
18:42:40.164 [pool-19-thread-1] INFO  f.i.l.r.n.synth.SMTNopolSynthesizer - Not enough specifications: 0. A trivial patch is "true" or "false", please write new tests specifying SourceLocation org.apache.commons.lang.WordUtils:634.
18:42:40.164 [pool-2-thread-1] DEBUG fr.inria.lille.repair.nopol.NoPol - looking with class fr.inria.lille.repair.nopol.spoon.smt.ConditionalReplacer
java.lang.StringIndexOutOfBoundsException: String index out of range: 15
    at java.lang.String.substring(String.java:1963)
    at org.apache.commons.lang.WordUtils.abbreviate(WordUtils.java:629)
    at org.apache.commons.lang.WordUtilsTest.testAbbreviate(WordUtilsTest.java:390)
    at sun.reflect.NativeMethodAccessorImpl.invoke0(Native Method)
    at sun.reflect.NativeMethodAccessorImpl.invoke(NativeMethodAccessorImpl.java:62)
    at sun.reflect.DelegatingMethodAccessorImpl.invoke(DelegatingMethodAccessorImpl.java:43)
18:42:40.179 [pool-24-thread-1] INFO  xxl.java.junit.TestCasesListener - Tests run finished (11 ms)
<> Total tests run: 13
<> Ignored tests: 0
<> Failed tests: 1
~ testAbbreviate(org.apache.commons.lang.WordUtilsTest)
[String index out of range: 15]
java.lang.StringIndexOutOfBoundsException: String index out of range: 15    at java.lang.String.substring(String.java:1963)
    at org.apache.commons.lang.WordUtils.abbreviate(WordUtils.java:629)
    at org.apache.commons.lang.WordUtilsTest.testAbbreviate(WordUtilsTest.java:390)
    at sun.reflect.NativeMethodAccessorImpl.invoke0(Native Method)
    at sun.reflect.NativeMethodAccessorImpl.invoke(NativeMethodAccessorImpl.java:62)
    at sun.reflect.DelegatingMethodAccessorImpl.invoke(DelegatingMethodAccessorImpl.java:43)

junit.framework.ComparisonFailure: expected:<01 23 45 6[]> but was:<01 23 45 6[7]>
    at junit.framework.Assert.assertEquals(Assert.java:100)
    at junit.framework.Assert.assertEquals(Assert.java:107)
    at junit.framework.TestCase.assertEquals(TestCase.java:269)
    at org.apache.commons.lang.WordUtilsTest.testAbbreviate(WordUtilsTest.java:389)
    at sun.reflect.NativeMethodAccessorImpl.invoke0(Native Method)
    at sun.reflect.NativeMethodAccessorImpl.invoke(NativeMethodAccessorImpl.java:62)
18:42:40.460 [pool-25-thread-1] INFO  f.i.l.c.t.SpecificationTestCasesListener - Tests run finished (8 ms)
<> Total tests run: 1
<> Ignored tests: 0
<> Failed tests: 1
~ testAbbreviate(org.apache.commons.lang.WordUtilsTest)
[expected:<01 23 45 6[]> but was:<01 23 45 6[7]>]
junit.framework.ComparisonFailure: expected:<01 23 45 6[]> but was:<01 23 45 6[7]>    at junit.framework.Assert.assertEquals(Assert.java:100)
    at junit.framework.Assert.assertEquals(Assert.java:107)
    at junit.framework.TestCase.assertEquals(TestCase.java:269)
    at org.apache.commons.lang.WordUtilsTest.testAbbreviate(WordUtilsTest.java:389)
    at sun.reflect.NativeMethodAccessorImpl.invoke0(Native Method)
    at sun.reflect.NativeMethodAccessorImpl.invoke(NativeMethodAccessorImpl.java:62)

junit.framework.ComparisonFailure: expected:<012[]> but was:<012[ 3]>
    at junit.framework.Assert.assertEquals(Assert.java:100)
    at junit.framework.Assert.assertEquals(Assert.java:107)
    at junit.framework.TestCase.assertEquals(TestCase.java:269)
    at org.apache.commons.lang.WordUtilsTest.testAbbreviate(WordUtilsTest.java:374)
    at sun.reflect.NativeMethodAccessorImpl.invoke0(Native Method)
    at sun.reflect.NativeMethodAccessorImpl.invoke(NativeMethodAccessorImpl.java:62)
18:42:40.464 [pool-26-thread-1] INFO  f.i.l.c.t.SpecificationTestCasesListener - Tests run finished (1 ms)
<> Total tests run: 1
<> Ignored tests: 0
<> Failed tests: 1
~ testAbbreviate(org.apache.commons.lang.WordUtilsTest)
[expected:<012[]> but was:<012[ 3]>]
junit.framework.ComparisonFailure: expected:<012[]> but was:<012[ 3]>    at junit.framework.Assert.assertEquals(Assert.java:100)
    at junit.framework.Assert.assertEquals(Assert.java:107)
    at junit.framework.TestCase.assertEquals(TestCase.java:269)
    at org.apache.commons.lang.WordUtilsTest.testAbbreviate(WordUtilsTest.java:374)
    at sun.reflect.NativeMethodAccessorImpl.invoke0(Native Method)
    at sun.reflect.NativeMethodAccessorImpl.invoke(NativeMethodAccessorImpl.java:62)

18:42:40.465 [pool-23-thread-1] DEBUG tests.output - Failing tests with false: 
[testAbbreviate(org.apache.commons.lang.WordUtilsTest): expected:<01 23 45 6[]> but was:<01 23 45 6[7]>]
18:42:40.465 [pool-23-thread-1] DEBUG tests.output - Failing tests with true: 
[testAbbreviate(org.apache.commons.lang.WordUtilsTest): expected:<012[]> but was:<012[ 3]>]
18:42:40.465 [pool-23-thread-1] INFO  f.i.l.r.n.synth.SMTNopolSynthesizer - Not enough specifications: 0. A trivial patch is "true" or "false", please write new tests specifying SourceLocation org.apache.commons.lang.WordUtils:634.
18:42:40.465 [pool-2-thread-1] DEBUG fr.inria.lille.repair.nopol.NoPol - statement #7
18:42:40.465 [pool-2-thread-1] DEBUG fr.inria.lille.repair.nopol.NoPol - Analysing SourceLocation org.apache.commons.lang.WordUtils:632 which is executed by 1 tests
-1410117720
18:42:40.641 [pool-2-thread-1] DEBUG fr.inria.lille.repair.nopol.NoPol - looking with class fr.inria.lille.repair.nopol.spoon.smt.ConditionalAdder
java.lang.StringIndexOutOfBoundsException: String index out of range: 15
    at java.lang.String.substring(String.java:1963)
    at org.apache.commons.lang.WordUtils.abbreviate(WordUtils.java:629)
    at org.apache.commons.lang.WordUtilsTest.testAbbreviate(WordUtilsTest.java:390)
    at sun.reflect.NativeMethodAccessorImpl.invoke0(Native Method)
    at sun.reflect.NativeMethodAccessorImpl.invoke(NativeMethodAccessorImpl.java:62)
    at sun.reflect.DelegatingMethodAccessorImpl.invoke(DelegatingMethodAccessorImpl.java:43)
18:42:40.657 [pool-28-thread-1] INFO  xxl.java.junit.TestCasesListener - Tests run finished (11 ms)
<> Total tests run: 13
<> Ignored tests: 0
<> Failed tests: 1
~ testAbbreviate(org.apache.commons.lang.WordUtilsTest)
[String index out of range: 15]
java.lang.StringIndexOutOfBoundsException: String index out of range: 15    at java.lang.String.substring(String.java:1963)
    at org.apache.commons.lang.WordUtils.abbreviate(WordUtils.java:629)
    at org.apache.commons.lang.WordUtilsTest.testAbbreviate(WordUtilsTest.java:390)
    at sun.reflect.NativeMethodAccessorImpl.invoke0(Native Method)
    at sun.reflect.NativeMethodAccessorImpl.invoke(NativeMethodAccessorImpl.java:62)
    at sun.reflect.DelegatingMethodAccessorImpl.invoke(DelegatingMethodAccessorImpl.java:43)

junit.framework.ComparisonFailure: expected:<01234[-]> but was:<01234[]>
    at junit.framework.Assert.assertEquals(Assert.java:100)
    at junit.framework.Assert.assertEquals(Assert.java:107)
    at junit.framework.TestCase.assertEquals(TestCase.java:269)
    at org.apache.commons.lang.WordUtilsTest.testAbbreviate(WordUtilsTest.java:379)
    at sun.reflect.NativeMethodAccessorImpl.invoke0(Native Method)
    at sun.reflect.NativeMethodAccessorImpl.invoke(NativeMethodAccessorImpl.java:62)
18:42:40.896 [pool-29-thread-1] INFO  f.i.l.c.t.SpecificationTestCasesListener - Tests run finished (7 ms)
<> Total tests run: 1
<> Ignored tests: 0
<> Failed tests: 1
~ testAbbreviate(org.apache.commons.lang.WordUtilsTest)
[expected:<01234[-]> but was:<01234[]>]
junit.framework.ComparisonFailure: expected:<01234[-]> but was:<01234[]>    at junit.framework.Assert.assertEquals(Assert.java:100)
    at junit.framework.Assert.assertEquals(Assert.java:107)
    at junit.framework.TestCase.assertEquals(TestCase.java:269)
    at org.apache.commons.lang.WordUtilsTest.testAbbreviate(WordUtilsTest.java:379)
    at sun.reflect.NativeMethodAccessorImpl.invoke0(Native Method)
    at sun.reflect.NativeMethodAccessorImpl.invoke(NativeMethodAccessorImpl.java:62)

java.lang.StringIndexOutOfBoundsException: String index out of range: 15
    at java.lang.String.substring(String.java:1963)
    at org.apache.commons.lang.WordUtils.abbreviate(WordUtils.java:219)
    at org.apache.commons.lang.WordUtilsTest.testAbbreviate(WordUtilsTest.java:390)
    at sun.reflect.NativeMethodAccessorImpl.invoke0(Native Method)
    at sun.reflect.NativeMethodAccessorImpl.invoke(NativeMethodAccessorImpl.java:62)
    at sun.reflect.DelegatingMethodAccessorImpl.invoke(DelegatingMethodAccessorImpl.java:43)
18:42:40.908 [pool-30-thread-1] INFO  f.i.l.c.t.SpecificationTestCasesListener - Tests run finished (2 ms)
<> Total tests run: 1
<> Ignored tests: 0
<> Failed tests: 1
~ testAbbreviate(org.apache.commons.lang.WordUtilsTest)
[String index out of range: 15]
java.lang.StringIndexOutOfBoundsException: String index out of range: 15    at java.lang.String.substring(String.java:1963)
    at org.apache.commons.lang.WordUtils.abbreviate(WordUtils.java:219)
    at org.apache.commons.lang.WordUtilsTest.testAbbreviate(WordUtilsTest.java:390)
    at sun.reflect.NativeMethodAccessorImpl.invoke0(Native Method)
    at sun.reflect.NativeMethodAccessorImpl.invoke(NativeMethodAccessorImpl.java:62)
    at sun.reflect.DelegatingMethodAccessorImpl.invoke(DelegatingMethodAccessorImpl.java:43)

18:42:40.909 [pool-27-thread-1] DEBUG tests.output - Failing tests with false: 
[testAbbreviate(org.apache.commons.lang.WordUtilsTest): expected:<01234[-]> but was:<01234[]>]
18:42:40.909 [pool-27-thread-1] DEBUG tests.output - Failing tests with true: 
[testAbbreviate(org.apache.commons.lang.WordUtilsTest): String index out of range: 15]
18:42:40.909 [pool-27-thread-1] INFO  f.i.l.r.n.synth.SMTNopolSynthesizer - Not enough specifications: 0. A trivial patch is "true" or "false", please write new tests specifying SourceLocation org.apache.commons.lang.WordUtils:632.
18:42:40.910 [pool-2-thread-1] DEBUG fr.inria.lille.repair.nopol.NoPol - statement #8
18:42:40.910 [pool-2-thread-1] DEBUG fr.inria.lille.repair.nopol.NoPol - Analysing SourceLocation org.apache.commons.lang.WordUtils:631 which is executed by 1 tests
-1410117720
18:42:41.039 [pool-2-thread-1] DEBUG fr.inria.lille.repair.nopol.NoPol - looking with class fr.inria.lille.repair.nopol.spoon.smt.ConditionalAdder
java.lang.StringIndexOutOfBoundsException: String index out of range: 15
    at java.lang.String.substring(String.java:1963)
    at org.apache.commons.lang.WordUtils.abbreviate(WordUtils.java:629)
    at org.apache.commons.lang.WordUtilsTest.testAbbreviate(WordUtilsTest.java:390)
    at sun.reflect.NativeMethodAccessorImpl.invoke0(Native Method)
    at sun.reflect.NativeMethodAccessorImpl.invoke(NativeMethodAccessorImpl.java:62)
    at sun.reflect.DelegatingMethodAccessorImpl.invoke(DelegatingMethodAccessorImpl.java:43)
18:42:41.054 [pool-32-thread-1] INFO  xxl.java.junit.TestCasesListener - Tests run finished (10 ms)
<> Total tests run: 13
<> Ignored tests: 0
<> Failed tests: 1
~ testAbbreviate(org.apache.commons.lang.WordUtilsTest)
[String index out of range: 15]
java.lang.StringIndexOutOfBoundsException: String index out of range: 15    at java.lang.String.substring(String.java:1963)
    at org.apache.commons.lang.WordUtils.abbreviate(WordUtils.java:629)
    at org.apache.commons.lang.WordUtilsTest.testAbbreviate(WordUtilsTest.java:390)
    at sun.reflect.NativeMethodAccessorImpl.invoke0(Native Method)
    at sun.reflect.NativeMethodAccessorImpl.invoke(NativeMethodAccessorImpl.java:62)
    at sun.reflect.DelegatingMethodAccessorImpl.invoke(DelegatingMethodAccessorImpl.java:43)

junit.framework.ComparisonFailure: expected:<01234[-]> but was:<01234[]>
    at junit.framework.Assert.assertEquals(Assert.java:100)
    at junit.framework.Assert.assertEquals(Assert.java:107)
    at junit.framework.TestCase.assertEquals(TestCase.java:269)
    at org.apache.commons.lang.WordUtilsTest.testAbbreviate(WordUtilsTest.java:379)
    at sun.reflect.NativeMethodAccessorImpl.invoke0(Native Method)
    at sun.reflect.NativeMethodAccessorImpl.invoke(NativeMethodAccessorImpl.java:62)
18:42:41.305 [pool-33-thread-1] INFO  f.i.l.c.t.SpecificationTestCasesListener - Tests run finished (7 ms)
<> Total tests run: 1
<> Ignored tests: 0
<> Failed tests: 1
~ testAbbreviate(org.apache.commons.lang.WordUtilsTest)
[expected:<01234[-]> but was:<01234[]>]
junit.framework.ComparisonFailure: expected:<01234[-]> but was:<01234[]>    at junit.framework.Assert.assertEquals(Assert.java:100)
    at junit.framework.Assert.assertEquals(Assert.java:107)
    at junit.framework.TestCase.assertEquals(TestCase.java:269)
    at org.apache.commons.lang.WordUtilsTest.testAbbreviate(WordUtilsTest.java:379)
    at sun.reflect.NativeMethodAccessorImpl.invoke0(Native Method)
    at sun.reflect.NativeMethodAccessorImpl.invoke(NativeMethodAccessorImpl.java:62)

java.lang.StringIndexOutOfBoundsException: String index out of range: 15
    at java.lang.String.substring(String.java:1963)
    at org.apache.commons.lang.WordUtils.abbreviate(WordUtils.java:219)
    at org.apache.commons.lang.WordUtilsTest.testAbbreviate(WordUtilsTest.java:390)
    at sun.reflect.NativeMethodAccessorImpl.invoke0(Native Method)
    at sun.reflect.NativeMethodAccessorImpl.invoke(NativeMethodAccessorImpl.java:62)
    at sun.reflect.DelegatingMethodAccessorImpl.invoke(DelegatingMethodAccessorImpl.java:43)
18:42:41.309 [pool-34-thread-1] INFO  f.i.l.c.t.SpecificationTestCasesListener - Tests run finished (1 ms)
<> Total tests run: 1
<> Ignored tests: 0
<> Failed tests: 1
~ testAbbreviate(org.apache.commons.lang.WordUtilsTest)
[String index out of range: 15]
java.lang.StringIndexOutOfBoundsException: String index out of range: 15    at java.lang.String.substring(String.java:1963)
    at org.apache.commons.lang.WordUtils.abbreviate(WordUtils.java:219)
    at org.apache.commons.lang.WordUtilsTest.testAbbreviate(WordUtilsTest.java:390)
    at sun.reflect.NativeMethodAccessorImpl.invoke0(Native Method)
    at sun.reflect.NativeMethodAccessorImpl.invoke(NativeMethodAccessorImpl.java:62)
    at sun.reflect.DelegatingMethodAccessorImpl.invoke(DelegatingMethodAccessorImpl.java:43)

18:42:41.310 [pool-31-thread-1] DEBUG tests.output - Failing tests with false: 
[testAbbreviate(org.apache.commons.lang.WordUtilsTest): expected:<01234[-]> but was:<01234[]>]
18:42:41.310 [pool-31-thread-1] DEBUG tests.output - Failing tests with true: 
[testAbbreviate(org.apache.commons.lang.WordUtilsTest): String index out of range: 15]
18:42:41.310 [pool-31-thread-1] INFO  f.i.l.r.n.synth.SMTNopolSynthesizer - Not enough specifications: 0. A trivial patch is "true" or "false", please write new tests specifying SourceLocation org.apache.commons.lang.WordUtils:631.
18:42:41.310 [pool-2-thread-1] DEBUG fr.inria.lille.repair.nopol.NoPol - looking with class fr.inria.lille.repair.nopol.spoon.smt.ConditionalReplacer
java.lang.StringIndexOutOfBoundsException: String index out of range: 15
    at java.lang.String.substring(String.java:1963)
    at org.apache.commons.lang.WordUtils.abbreviate(WordUtils.java:629)
    at org.apache.commons.lang.WordUtilsTest.testAbbreviate(WordUtilsTest.java:390)
    at sun.reflect.NativeMethodAccessorImpl.invoke0(Native Method)
    at sun.reflect.NativeMethodAccessorImpl.invoke(NativeMethodAccessorImpl.java:62)
    at sun.reflect.DelegatingMethodAccessorImpl.invoke(DelegatingMethodAccessorImpl.java:43)
18:42:41.325 [pool-36-thread-1] INFO  xxl.java.junit.TestCasesListener - Tests run finished (10 ms)
<> Total tests run: 13
<> Ignored tests: 0
<> Failed tests: 1
~ testAbbreviate(org.apache.commons.lang.WordUtilsTest)
[String index out of range: 15]
java.lang.StringIndexOutOfBoundsException: String index out of range: 15    at java.lang.String.substring(String.java:1963)
    at org.apache.commons.lang.WordUtils.abbreviate(WordUtils.java:629)
    at org.apache.commons.lang.WordUtilsTest.testAbbreviate(WordUtilsTest.java:390)
    at sun.reflect.NativeMethodAccessorImpl.invoke0(Native Method)
    at sun.reflect.NativeMethodAccessorImpl.invoke(NativeMethodAccessorImpl.java:62)
    at sun.reflect.DelegatingMethodAccessorImpl.invoke(DelegatingMethodAccessorImpl.java:43)

junit.framework.ComparisonFailure: expected:<01234[-]> but was:<01234[]>
    at junit.framework.Assert.assertEquals(Assert.java:100)
    at junit.framework.Assert.assertEquals(Assert.java:107)
    at junit.framework.TestCase.assertEquals(TestCase.java:269)
    at org.apache.commons.lang.WordUtilsTest.testAbbreviate(WordUtilsTest.java:379)
    at sun.reflect.NativeMethodAccessorImpl.invoke0(Native Method)
    at sun.reflect.NativeMethodAccessorImpl.invoke(NativeMethodAccessorImpl.java:62)
18:42:41.554 [pool-37-thread-1] INFO  f.i.l.c.t.SpecificationTestCasesListener - Tests run finished (8 ms)
<> Total tests run: 1
<> Ignored tests: 0
<> Failed tests: 1
~ testAbbreviate(org.apache.commons.lang.WordUtilsTest)
[expected:<01234[-]> but was:<01234[]>]
junit.framework.ComparisonFailure: expected:<01234[-]> but was:<01234[]>    at junit.framework.Assert.assertEquals(Assert.java:100)
    at junit.framework.Assert.assertEquals(Assert.java:107)
    at junit.framework.TestCase.assertEquals(TestCase.java:269)
    at org.apache.commons.lang.WordUtilsTest.testAbbreviate(WordUtilsTest.java:379)
    at sun.reflect.NativeMethodAccessorImpl.invoke0(Native Method)
    at sun.reflect.NativeMethodAccessorImpl.invoke(NativeMethodAccessorImpl.java:62)

java.lang.StringIndexOutOfBoundsException: String index out of range: 15
    at java.lang.String.substring(String.java:1963)
    at org.apache.commons.lang.WordUtils.abbreviate(WordUtils.java:219)
    at org.apache.commons.lang.WordUtilsTest.testAbbreviate(WordUtilsTest.java:390)
    at sun.reflect.NativeMethodAccessorImpl.invoke0(Native Method)
    at sun.reflect.NativeMethodAccessorImpl.invoke(NativeMethodAccessorImpl.java:62)
    at sun.reflect.DelegatingMethodAccessorImpl.invoke(DelegatingMethodAccessorImpl.java:43)
18:42:41.558 [pool-38-thread-1] INFO  f.i.l.c.t.SpecificationTestCasesListener - Tests run finished (2 ms)
<> Total tests run: 1
<> Ignored tests: 0
<> Failed tests: 1
~ testAbbreviate(org.apache.commons.lang.WordUtilsTest)
[String index out of range: 15]
java.lang.StringIndexOutOfBoundsException: String index out of range: 15    at java.lang.String.substring(String.java:1963)
    at org.apache.commons.lang.WordUtils.abbreviate(WordUtils.java:219)
    at org.apache.commons.lang.WordUtilsTest.testAbbreviate(WordUtilsTest.java:390)
    at sun.reflect.NativeMethodAccessorImpl.invoke0(Native Method)
    at sun.reflect.NativeMethodAccessorImpl.invoke(NativeMethodAccessorImpl.java:62)
    at sun.reflect.DelegatingMethodAccessorImpl.invoke(DelegatingMethodAccessorImpl.java:43)

18:42:41.559 [pool-35-thread-1] DEBUG tests.output - Failing tests with false: 
[testAbbreviate(org.apache.commons.lang.WordUtilsTest): expected:<01234[-]> but was:<01234[]>]
18:42:41.559 [pool-35-thread-1] DEBUG tests.output - Failing tests with true: 
[testAbbreviate(org.apache.commons.lang.WordUtilsTest): String index out of range: 15]
18:42:41.559 [pool-35-thread-1] INFO  f.i.l.r.n.synth.SMTNopolSynthesizer - Not enough specifications: 0. A trivial patch is "true" or "false", please write new tests specifying SourceLocation org.apache.commons.lang.WordUtils:631.
18:42:41.559 [pool-2-thread-1] DEBUG fr.inria.lille.repair.nopol.NoPol - statement #9
18:42:41.560 [pool-2-thread-1] DEBUG fr.inria.lille.repair.nopol.NoPol - Analysing SourceLocation org.apache.commons.lang.WordUtils:629 which is executed by 1 tests
-1410117720
18:42:41.688 [pool-2-thread-1] DEBUG fr.inria.lille.repair.nopol.NoPol - looking with class fr.inria.lille.repair.nopol.spoon.smt.ConditionalAdder
java.lang.StringIndexOutOfBoundsException: String index out of range: 15
    at java.lang.String.substring(String.java:1963)
    at org.apache.commons.lang.WordUtils.abbreviate(WordUtils.java:629)
    at org.apache.commons.lang.WordUtilsTest.testAbbreviate(WordUtilsTest.java:390)
    at sun.reflect.NativeMethodAccessorImpl.invoke0(Native Method)
    at sun.reflect.NativeMethodAccessorImpl.invoke(NativeMethodAccessorImpl.java:62)
    at sun.reflect.DelegatingMethodAccessorImpl.invoke(DelegatingMethodAccessorImpl.java:43)
18:42:41.704 [pool-40-thread-1] INFO  xxl.java.junit.TestCasesListener - Tests run finished (11 ms)
<> Total tests run: 13
<> Ignored tests: 0
<> Failed tests: 1
~ testAbbreviate(org.apache.commons.lang.WordUtilsTest)
[String index out of range: 15]
java.lang.StringIndexOutOfBoundsException: String index out of range: 15    at java.lang.String.substring(String.java:1963)
    at org.apache.commons.lang.WordUtils.abbreviate(WordUtils.java:629)
    at org.apache.commons.lang.WordUtilsTest.testAbbreviate(WordUtilsTest.java:390)
    at sun.reflect.NativeMethodAccessorImpl.invoke0(Native Method)
    at sun.reflect.NativeMethodAccessorImpl.invoke(NativeMethodAccessorImpl.java:62)
    at sun.reflect.DelegatingMethodAccessorImpl.invoke(DelegatingMethodAccessorImpl.java:43)

junit.framework.ComparisonFailure: expected:<[01234]> but was:<[]>
    at junit.framework.Assert.assertEquals(Assert.java:100)
    at junit.framework.Assert.assertEquals(Assert.java:107)
    at junit.framework.TestCase.assertEquals(TestCase.java:269)
    at org.apache.commons.lang.WordUtilsTest.testAbbreviate(WordUtilsTest.java:372)
    at sun.reflect.NativeMethodAccessorImpl.invoke0(Native Method)
    at sun.reflect.NativeMethodAccessorImpl.invoke(NativeMethodAccessorImpl.java:62)
18:42:41.960 [pool-41-thread-1] INFO  f.i.l.c.t.SpecificationTestCasesListener - Tests run finished (6 ms)
<> Total tests run: 1
<> Ignored tests: 0
<> Failed tests: 1
~ testAbbreviate(org.apache.commons.lang.WordUtilsTest)
[expected:<[01234]> but was:<[]>]
junit.framework.ComparisonFailure: expected:<[01234]> but was:<[]>    at junit.framework.Assert.assertEquals(Assert.java:100)
    at junit.framework.Assert.assertEquals(Assert.java:107)
    at junit.framework.TestCase.assertEquals(TestCase.java:269)
    at org.apache.commons.lang.WordUtilsTest.testAbbreviate(WordUtilsTest.java:372)
    at sun.reflect.NativeMethodAccessorImpl.invoke0(Native Method)
    at sun.reflect.NativeMethodAccessorImpl.invoke(NativeMethodAccessorImpl.java:62)

java.lang.StringIndexOutOfBoundsException: String index out of range: 15
    at java.lang.String.substring(String.java:1963)
    at org.apache.commons.lang.WordUtils.abbreviate(WordUtils.java:237)
    at org.apache.commons.lang.WordUtilsTest.testAbbreviate(WordUtilsTest.java:390)
    at sun.reflect.NativeMethodAccessorImpl.invoke0(Native Method)
    at sun.reflect.NativeMethodAccessorImpl.invoke(NativeMethodAccessorImpl.java:62)
    at sun.reflect.DelegatingMethodAccessorImpl.invoke(DelegatingMethodAccessorImpl.java:43)
18:42:41.964 [pool-42-thread-1] INFO  f.i.l.c.t.SpecificationTestCasesListener - Tests run finished (1 ms)
<> Total tests run: 1
<> Ignored tests: 0
<> Failed tests: 1
~ testAbbreviate(org.apache.commons.lang.WordUtilsTest)
[String index out of range: 15]
java.lang.StringIndexOutOfBoundsException: String index out of range: 15    at java.lang.String.substring(String.java:1963)
    at org.apache.commons.lang.WordUtils.abbreviate(WordUtils.java:237)
    at org.apache.commons.lang.WordUtilsTest.testAbbreviate(WordUtilsTest.java:390)
    at sun.reflect.NativeMethodAccessorImpl.invoke0(Native Method)
    at sun.reflect.NativeMethodAccessorImpl.invoke(NativeMethodAccessorImpl.java:62)
    at sun.reflect.DelegatingMethodAccessorImpl.invoke(DelegatingMethodAccessorImpl.java:43)

18:42:41.965 [pool-39-thread-1] DEBUG tests.output - Failing tests with false: 
[testAbbreviate(org.apache.commons.lang.WordUtilsTest): expected:<[01234]> but was:<[]>]
18:42:41.965 [pool-39-thread-1] DEBUG tests.output - Failing tests with true: 
[testAbbreviate(org.apache.commons.lang.WordUtilsTest): String index out of range: 15]
18:42:41.965 [pool-39-thread-1] INFO  f.i.l.r.n.synth.SMTNopolSynthesizer - Not enough specifications: 0. A trivial patch is "true" or "false", please write new tests specifying SourceLocation org.apache.commons.lang.WordUtils:629.
18:42:41.965 [pool-2-thread-1] DEBUG fr.inria.lille.repair.nopol.NoPol - statement #10
18:42:41.966 [pool-2-thread-1] DEBUG fr.inria.lille.repair.nopol.NoPol - Analysing SourceLocation org.apache.commons.lang.WordUtils:628 which is executed by 1 tests
-1410117720
18:42:42.095 [pool-2-thread-1] DEBUG fr.inria.lille.repair.nopol.NoPol - looking with class fr.inria.lille.repair.nopol.spoon.smt.ConditionalAdder
java.lang.StringIndexOutOfBoundsException: String index out of range: 15
    at java.lang.String.substring(String.java:1963)
    at org.apache.commons.lang.WordUtils.abbreviate(WordUtils.java:629)
    at org.apache.commons.lang.WordUtilsTest.testAbbreviate(WordUtilsTest.java:390)
    at sun.reflect.NativeMethodAccessorImpl.invoke0(Native Method)
    at sun.reflect.NativeMethodAccessorImpl.invoke(NativeMethodAccessorImpl.java:62)
    at sun.reflect.DelegatingMethodAccessorImpl.invoke(DelegatingMethodAccessorImpl.java:43)
18:42:42.399 [pool-44-thread-1] INFO  xxl.java.junit.TestCasesListener - Tests run finished (300 ms)
<> Total tests run: 13
<> Ignored tests: 0
<> Failed tests: 1
~ testAbbreviate(org.apache.commons.lang.WordUtilsTest)
[String index out of range: 15]
java.lang.StringIndexOutOfBoundsException: String index out of range: 15    at java.lang.String.substring(String.java:1963)
    at org.apache.commons.lang.WordUtils.abbreviate(WordUtils.java:629)
    at org.apache.commons.lang.WordUtilsTest.testAbbreviate(WordUtilsTest.java:390)
    at sun.reflect.NativeMethodAccessorImpl.invoke0(Native Method)
    at sun.reflect.NativeMethodAccessorImpl.invoke(NativeMethodAccessorImpl.java:62)
    at sun.reflect.DelegatingMethodAccessorImpl.invoke(DelegatingMethodAccessorImpl.java:43)

junit.framework.ComparisonFailure: expected:<[01234]> but was:<[]>
    at junit.framework.Assert.assertEquals(Assert.java:100)
    at junit.framework.Assert.assertEquals(Assert.java:107)
    at junit.framework.TestCase.assertEquals(TestCase.java:269)
    at org.apache.commons.lang.WordUtilsTest.testAbbreviate(WordUtilsTest.java:372)
    at sun.reflect.NativeMethodAccessorImpl.invoke0(Native Method)
    at sun.reflect.NativeMethodAccessorImpl.invoke(NativeMethodAccessorImpl.java:62)
18:42:42.636 [pool-45-thread-1] INFO  f.i.l.c.t.SpecificationTestCasesListener - Tests run finished (7 ms)
<> Total tests run: 1
<> Ignored tests: 0
<> Failed tests: 1
~ testAbbreviate(org.apache.commons.lang.WordUtilsTest)
[expected:<[01234]> but was:<[]>]
junit.framework.ComparisonFailure: expected:<[01234]> but was:<[]>    at junit.framework.Assert.assertEquals(Assert.java:100)
    at junit.framework.Assert.assertEquals(Assert.java:107)
    at junit.framework.TestCase.assertEquals(TestCase.java:269)
    at org.apache.commons.lang.WordUtilsTest.testAbbreviate(WordUtilsTest.java:372)
    at sun.reflect.NativeMethodAccessorImpl.invoke0(Native Method)
    at sun.reflect.NativeMethodAccessorImpl.invoke(NativeMethodAccessorImpl.java:62)

java.lang.StringIndexOutOfBoundsException: String index out of range: 15
    at java.lang.String.substring(String.java:1963)
    at org.apache.commons.lang.WordUtils.abbreviate(WordUtils.java:239)
    at org.apache.commons.lang.WordUtilsTest.testAbbreviate(WordUtilsTest.java:390)
    at sun.reflect.NativeMethodAccessorImpl.invoke0(Native Method)
    at sun.reflect.NativeMethodAccessorImpl.invoke(NativeMethodAccessorImpl.java:62)
    at sun.reflect.DelegatingMethodAccessorImpl.invoke(DelegatingMethodAccessorImpl.java:43)
18:42:42.639 [pool-46-thread-1] INFO  f.i.l.c.t.SpecificationTestCasesListener - Tests run finished (1 ms)
<> Total tests run: 1
<> Ignored tests: 0
<> Failed tests: 1
~ testAbbreviate(org.apache.commons.lang.WordUtilsTest)
[String index out of range: 15]
java.lang.StringIndexOutOfBoundsException: String index out of range: 15    at java.lang.String.substring(String.java:1963)
    at org.apache.commons.lang.WordUtils.abbreviate(WordUtils.java:239)
    at org.apache.commons.lang.WordUtilsTest.testAbbreviate(WordUtilsTest.java:390)
    at sun.reflect.NativeMethodAccessorImpl.invoke0(Native Method)
    at sun.reflect.NativeMethodAccessorImpl.invoke(NativeMethodAccessorImpl.java:62)
    at sun.reflect.DelegatingMethodAccessorImpl.invoke(DelegatingMethodAccessorImpl.java:43)

18:42:42.640 [pool-43-thread-1] DEBUG tests.output - Failing tests with false: 
[testAbbreviate(org.apache.commons.lang.WordUtilsTest): expected:<[01234]> but was:<[]>]
18:42:42.640 [pool-43-thread-1] DEBUG tests.output - Failing tests with true: 
[testAbbreviate(org.apache.commons.lang.WordUtilsTest): String index out of range: 15]
18:42:42.640 [pool-43-thread-1] INFO  f.i.l.r.n.synth.SMTNopolSynthesizer - Not enough specifications: 0. A trivial patch is "true" or "false", please write new tests specifying SourceLocation org.apache.commons.lang.WordUtils:628.
18:42:42.641 [pool-2-thread-1] DEBUG fr.inria.lille.repair.nopol.NoPol - looking with class fr.inria.lille.repair.nopol.spoon.smt.ConditionalReplacer
java.lang.StringIndexOutOfBoundsException: String index out of range: 15
    at java.lang.String.substring(String.java:1963)
    at org.apache.commons.lang.WordUtils.abbreviate(WordUtils.java:629)
    at org.apache.commons.lang.WordUtilsTest.testAbbreviate(WordUtilsTest.java:390)
    at sun.reflect.NativeMethodAccessorImpl.invoke0(Native Method)
    at sun.reflect.NativeMethodAccessorImpl.invoke(NativeMethodAccessorImpl.java:62)
    at sun.reflect.DelegatingMethodAccessorImpl.invoke(DelegatingMethodAccessorImpl.java:43)
18:42:42.654 [pool-48-thread-1] INFO  xxl.java.junit.TestCasesListener - Tests run finished (9 ms)
<> Total tests run: 13
<> Ignored tests: 0
<> Failed tests: 1
~ testAbbreviate(org.apache.commons.lang.WordUtilsTest)
[String index out of range: 15]
java.lang.StringIndexOutOfBoundsException: String index out of range: 15    at java.lang.String.substring(String.java:1963)
    at org.apache.commons.lang.WordUtils.abbreviate(WordUtils.java:629)
    at org.apache.commons.lang.WordUtilsTest.testAbbreviate(WordUtilsTest.java:390)
    at sun.reflect.NativeMethodAccessorImpl.invoke0(Native Method)
    at sun.reflect.NativeMethodAccessorImpl.invoke(NativeMethodAccessorImpl.java:62)
    at sun.reflect.DelegatingMethodAccessorImpl.invoke(DelegatingMethodAccessorImpl.java:43)

java.lang.StringIndexOutOfBoundsException: String index out of range: -1
    at java.lang.String.substring(String.java:1967)
    at org.apache.commons.lang.WordUtils.abbreviate(WordUtils.java:248)
    at org.apache.commons.lang.WordUtilsTest.testAbbreviate(WordUtilsTest.java:372)
    at sun.reflect.NativeMethodAccessorImpl.invoke0(Native Method)
    at sun.reflect.NativeMethodAccessorImpl.invoke(NativeMethodAccessorImpl.java:62)
    at sun.reflect.DelegatingMethodAccessorImpl.invoke(DelegatingMethodAccessorImpl.java:43)
18:42:42.866 [pool-49-thread-1] INFO  f.i.l.c.t.SpecificationTestCasesListener - Tests run finished (7 ms)
<> Total tests run: 1
<> Ignored tests: 0
<> Failed tests: 1
~ testAbbreviate(org.apache.commons.lang.WordUtilsTest)
[String index out of range: -1]
java.lang.StringIndexOutOfBoundsException: String index out of range: -1    at java.lang.String.substring(String.java:1967)
    at org.apache.commons.lang.WordUtils.abbreviate(WordUtils.java:248)
    at org.apache.commons.lang.WordUtilsTest.testAbbreviate(WordUtilsTest.java:372)
    at sun.reflect.NativeMethodAccessorImpl.invoke0(Native Method)
    at sun.reflect.NativeMethodAccessorImpl.invoke(NativeMethodAccessorImpl.java:62)
    at sun.reflect.DelegatingMethodAccessorImpl.invoke(DelegatingMethodAccessorImpl.java:43)

junit.framework.ComparisonFailure: expected:<012[]> but was:<012[ 3]>
    at junit.framework.Assert.assertEquals(Assert.java:100)
    at junit.framework.Assert.assertEquals(Assert.java:107)
    at junit.framework.TestCase.assertEquals(TestCase.java:269)
    at org.apache.commons.lang.WordUtilsTest.testAbbreviate(WordUtilsTest.java:374)
    at sun.reflect.NativeMethodAccessorImpl.invoke0(Native Method)
    at sun.reflect.NativeMethodAccessorImpl.invoke(NativeMethodAccessorImpl.java:62)
18:42:42.869 [pool-50-thread-1] INFO  f.i.l.c.t.SpecificationTestCasesListener - Tests run finished (1 ms)
<> Total tests run: 1
<> Ignored tests: 0
<> Failed tests: 1
~ testAbbreviate(org.apache.commons.lang.WordUtilsTest)
[expected:<012[]> but was:<012[ 3]>]
junit.framework.ComparisonFailure: expected:<012[]> but was:<012[ 3]>    at junit.framework.Assert.assertEquals(Assert.java:100)
    at junit.framework.Assert.assertEquals(Assert.java:107)
    at junit.framework.TestCase.assertEquals(TestCase.java:269)
    at org.apache.commons.lang.WordUtilsTest.testAbbreviate(WordUtilsTest.java:374)
    at sun.reflect.NativeMethodAccessorImpl.invoke0(Native Method)
    at sun.reflect.NativeMethodAccessorImpl.invoke(NativeMethodAccessorImpl.java:62)

18:42:42.871 [pool-47-thread-1] DEBUG tests.output - Failing tests with false: 
[testAbbreviate(org.apache.commons.lang.WordUtilsTest): String index out of range: -1]
18:42:42.871 [pool-47-thread-1] DEBUG tests.output - Failing tests with true: 
[testAbbreviate(org.apache.commons.lang.WordUtilsTest): expected:<012[]> but was:<012[ 3]>]
18:42:42.871 [pool-47-thread-1] INFO  f.i.l.r.n.synth.SMTNopolSynthesizer - Not enough specifications: 0. A trivial patch is "true" or "false", please write new tests specifying SourceLocation org.apache.commons.lang.WordUtils:628.
18:42:42.871 [pool-2-thread-1] DEBUG fr.inria.lille.repair.nopol.NoPol - statement #11
18:42:42.871 [pool-2-thread-1] DEBUG fr.inria.lille.repair.nopol.NoPol - Analysing SourceLocation org.apache.commons.lang.WordUtils:627 which is executed by 1 tests
-1410117720
18:42:42.995 [pool-2-thread-1] DEBUG fr.inria.lille.repair.nopol.NoPol - statement #12
18:42:42.995 [pool-2-thread-1] DEBUG fr.inria.lille.repair.nopol.NoPol - Analysing SourceLocation org.apache.commons.lang.WordUtils:626 which is executed by 1 tests
-1410117720
18:42:43.119 [pool-2-thread-1] DEBUG fr.inria.lille.repair.nopol.NoPol - statement #13
18:42:43.119 [pool-2-thread-1] DEBUG fr.inria.lille.repair.nopol.NoPol - Analysing SourceLocation org.apache.commons.lang.WordUtils:623 which is executed by 1 tests
-1410117720
18:42:43.240 [pool-2-thread-1] DEBUG fr.inria.lille.repair.nopol.NoPol - looking with class fr.inria.lille.repair.nopol.spoon.smt.ConditionalAdder
java.lang.StringIndexOutOfBoundsException: String index out of range: 15
    at java.lang.String.substring(String.java:1963)
    at org.apache.commons.lang.WordUtils.abbreviate(WordUtils.java:629)
    at org.apache.commons.lang.WordUtilsTest.testAbbreviate(WordUtilsTest.java:390)
    at sun.reflect.NativeMethodAccessorImpl.invoke0(Native Method)
    at sun.reflect.NativeMethodAccessorImpl.invoke(NativeMethodAccessorImpl.java:62)
    at sun.reflect.DelegatingMethodAccessorImpl.invoke(DelegatingMethodAccessorImpl.java:43)
18:42:43.255 [pool-52-thread-1] INFO  xxl.java.junit.TestCasesListener - Tests run finished (10 ms)
<> Total tests run: 13
<> Ignored tests: 0
<> Failed tests: 1
~ testAbbreviate(org.apache.commons.lang.WordUtilsTest)
[String index out of range: 15]
java.lang.StringIndexOutOfBoundsException: String index out of range: 15    at java.lang.String.substring(String.java:1963)
    at org.apache.commons.lang.WordUtils.abbreviate(WordUtils.java:629)
    at org.apache.commons.lang.WordUtilsTest.testAbbreviate(WordUtilsTest.java:390)
    at sun.reflect.NativeMethodAccessorImpl.invoke0(Native Method)
    at sun.reflect.NativeMethodAccessorImpl.invoke(NativeMethodAccessorImpl.java:62)
    at sun.reflect.DelegatingMethodAccessorImpl.invoke(DelegatingMethodAccessorImpl.java:43)

junit.framework.ComparisonFailure: expected:<01[234]> but was:<01[]>
    at junit.framework.Assert.assertEquals(Assert.java:100)
    at junit.framework.Assert.assertEquals(Assert.java:107)
    at junit.framework.TestCase.assertEquals(TestCase.java:269)
    at org.apache.commons.lang.WordUtilsTest.testAbbreviate(WordUtilsTest.java:373)
    at sun.reflect.NativeMethodAccessorImpl.invoke0(Native Method)
    at sun.reflect.NativeMethodAccessorImpl.invoke(NativeMethodAccessorImpl.java:62)
18:42:43.460 [pool-53-thread-1] INFO  f.i.l.c.t.SpecificationTestCasesListener - Tests run finished (7 ms)
<> Total tests run: 1
<> Ignored tests: 0
<> Failed tests: 1
~ testAbbreviate(org.apache.commons.lang.WordUtilsTest)
[expected:<01[234]> but was:<01[]>]
junit.framework.ComparisonFailure: expected:<01[234]> but was:<01[]>    at junit.framework.Assert.assertEquals(Assert.java:100)
    at junit.framework.Assert.assertEquals(Assert.java:107)
    at junit.framework.TestCase.assertEquals(TestCase.java:269)
    at org.apache.commons.lang.WordUtilsTest.testAbbreviate(WordUtilsTest.java:373)
    at sun.reflect.NativeMethodAccessorImpl.invoke0(Native Method)
    at sun.reflect.NativeMethodAccessorImpl.invoke(NativeMethodAccessorImpl.java:62)

java.lang.StringIndexOutOfBoundsException: String index out of range: 15
    at java.lang.String.substring(String.java:1963)
    at org.apache.commons.lang.WordUtils.abbreviate(WordUtils.java:236)
    at org.apache.commons.lang.WordUtilsTest.testAbbreviate(WordUtilsTest.java:390)
    at sun.reflect.NativeMethodAccessorImpl.invoke0(Native Method)
    at sun.reflect.NativeMethodAccessorImpl.invoke(NativeMethodAccessorImpl.java:62)
    at sun.reflect.DelegatingMethodAccessorImpl.invoke(DelegatingMethodAccessorImpl.java:43)
18:42:43.463 [pool-54-thread-1] INFO  f.i.l.c.t.SpecificationTestCasesListener - Tests run finished (0 ms)
<> Total tests run: 1
<> Ignored tests: 0
<> Failed tests: 1
~ testAbbreviate(org.apache.commons.lang.WordUtilsTest)
[String index out of range: 15]
java.lang.StringIndexOutOfBoundsException: String index out of range: 15    at java.lang.String.substring(String.java:1963)
    at org.apache.commons.lang.WordUtils.abbreviate(WordUtils.java:236)
    at org.apache.commons.lang.WordUtilsTest.testAbbreviate(WordUtilsTest.java:390)
    at sun.reflect.NativeMethodAccessorImpl.invoke0(Native Method)
    at sun.reflect.NativeMethodAccessorImpl.invoke(NativeMethodAccessorImpl.java:62)
    at sun.reflect.DelegatingMethodAccessorImpl.invoke(DelegatingMethodAccessorImpl.java:43)

18:42:43.464 [pool-51-thread-1] DEBUG tests.output - Failing tests with false: 
[testAbbreviate(org.apache.commons.lang.WordUtilsTest): expected:<01[234]> but was:<01[]>]
18:42:43.464 [pool-51-thread-1] DEBUG tests.output - Failing tests with true: 
[testAbbreviate(org.apache.commons.lang.WordUtilsTest): String index out of range: 15]
18:42:43.465 [pool-51-thread-1] INFO  f.i.l.r.n.synth.SMTNopolSynthesizer - Not enough specifications: 0. A trivial patch is "true" or "false", please write new tests specifying SourceLocation org.apache.commons.lang.WordUtils:623.
18:42:43.465 [pool-2-thread-1] DEBUG fr.inria.lille.repair.nopol.NoPol - statement #14
18:42:43.465 [pool-2-thread-1] DEBUG fr.inria.lille.repair.nopol.NoPol - Analysing SourceLocation org.apache.commons.lang.WordUtils:622 which is executed by 1 tests
-1410117720
18:42:43.598 [pool-2-thread-1] DEBUG fr.inria.lille.repair.nopol.NoPol - looking with class fr.inria.lille.repair.nopol.spoon.smt.ConditionalAdder
java.lang.StringIndexOutOfBoundsException: String index out of range: 15
    at java.lang.String.substring(String.java:1963)
    at org.apache.commons.lang.WordUtils.abbreviate(WordUtils.java:629)
    at org.apache.commons.lang.WordUtilsTest.testAbbreviate(WordUtilsTest.java:390)
    at sun.reflect.NativeMethodAccessorImpl.invoke0(Native Method)
    at sun.reflect.NativeMethodAccessorImpl.invoke(NativeMethodAccessorImpl.java:62)
    at sun.reflect.DelegatingMethodAccessorImpl.invoke(DelegatingMethodAccessorImpl.java:43)
18:42:43.614 [pool-56-thread-1] INFO  xxl.java.junit.TestCasesListener - Tests run finished (11 ms)
<> Total tests run: 13
<> Ignored tests: 0
<> Failed tests: 1
~ testAbbreviate(org.apache.commons.lang.WordUtilsTest)
[String index out of range: 15]
java.lang.StringIndexOutOfBoundsException: String index out of range: 15    at java.lang.String.substring(String.java:1963)
    at org.apache.commons.lang.WordUtils.abbreviate(WordUtils.java:629)
    at org.apache.commons.lang.WordUtilsTest.testAbbreviate(WordUtilsTest.java:390)
    at sun.reflect.NativeMethodAccessorImpl.invoke0(Native Method)
    at sun.reflect.NativeMethodAccessorImpl.invoke(NativeMethodAccessorImpl.java:62)
    at sun.reflect.DelegatingMethodAccessorImpl.invoke(DelegatingMethodAccessorImpl.java:43)

junit.framework.ComparisonFailure: expected:<01[234]> but was:<01[]>
    at junit.framework.Assert.assertEquals(Assert.java:100)
    at junit.framework.Assert.assertEquals(Assert.java:107)
    at junit.framework.TestCase.assertEquals(TestCase.java:269)
    at org.apache.commons.lang.WordUtilsTest.testAbbreviate(WordUtilsTest.java:373)
    at sun.reflect.NativeMethodAccessorImpl.invoke0(Native Method)
    at sun.reflect.NativeMethodAccessorImpl.invoke(NativeMethodAccessorImpl.java:62)
18:42:43.857 [pool-57-thread-1] INFO  f.i.l.c.t.SpecificationTestCasesListener - Tests run finished (7 ms)
<> Total tests run: 1
<> Ignored tests: 0
<> Failed tests: 1
~ testAbbreviate(org.apache.commons.lang.WordUtilsTest)
[expected:<01[234]> but was:<01[]>]
junit.framework.ComparisonFailure: expected:<01[234]> but was:<01[]>    at junit.framework.Assert.assertEquals(Assert.java:100)
    at junit.framework.Assert.assertEquals(Assert.java:107)
    at junit.framework.TestCase.assertEquals(TestCase.java:269)
    at org.apache.commons.lang.WordUtilsTest.testAbbreviate(WordUtilsTest.java:373)
    at sun.reflect.NativeMethodAccessorImpl.invoke0(Native Method)
    at sun.reflect.NativeMethodAccessorImpl.invoke(NativeMethodAccessorImpl.java:62)

java.lang.StringIndexOutOfBoundsException: String index out of range: 15
    at java.lang.String.substring(String.java:1963)
    at org.apache.commons.lang.WordUtils.abbreviate(WordUtils.java:235)
    at org.apache.commons.lang.WordUtilsTest.testAbbreviate(WordUtilsTest.java:390)
    at sun.reflect.NativeMethodAccessorImpl.invoke0(Native Method)
    at sun.reflect.NativeMethodAccessorImpl.invoke(NativeMethodAccessorImpl.java:62)
    at sun.reflect.DelegatingMethodAccessorImpl.invoke(DelegatingMethodAccessorImpl.java:43)
18:42:43.860 [pool-58-thread-1] INFO  f.i.l.c.t.SpecificationTestCasesListener - Tests run finished (1 ms)
<> Total tests run: 1
<> Ignored tests: 0
<> Failed tests: 1
~ testAbbreviate(org.apache.commons.lang.WordUtilsTest)
[String index out of range: 15]
java.lang.StringIndexOutOfBoundsException: String index out of range: 15    at java.lang.String.substring(String.java:1963)
    at org.apache.commons.lang.WordUtils.abbreviate(WordUtils.java:235)
    at org.apache.commons.lang.WordUtilsTest.testAbbreviate(WordUtilsTest.java:390)
    at sun.reflect.NativeMethodAccessorImpl.invoke0(Native Method)
    at sun.reflect.NativeMethodAccessorImpl.invoke(NativeMethodAccessorImpl.java:62)
    at sun.reflect.DelegatingMethodAccessorImpl.invoke(DelegatingMethodAccessorImpl.java:43)

18:42:43.861 [pool-55-thread-1] DEBUG tests.output - Failing tests with false: 
[testAbbreviate(org.apache.commons.lang.WordUtilsTest): expected:<01[234]> but was:<01[]>]
18:42:43.861 [pool-55-thread-1] DEBUG tests.output - Failing tests with true: 
[testAbbreviate(org.apache.commons.lang.WordUtilsTest): String index out of range: 15]
18:42:43.862 [pool-55-thread-1] INFO  f.i.l.r.n.synth.SMTNopolSynthesizer - Not enough specifications: 0. A trivial patch is "true" or "false", please write new tests specifying SourceLocation org.apache.commons.lang.WordUtils:622.
18:42:43.862 [pool-2-thread-1] DEBUG fr.inria.lille.repair.nopol.NoPol - looking with class fr.inria.lille.repair.nopol.spoon.smt.ConditionalReplacer
java.lang.StringIndexOutOfBoundsException: String index out of range: 15
    at java.lang.String.substring(String.java:1963)
    at org.apache.commons.lang.WordUtils.abbreviate(WordUtils.java:629)
    at org.apache.commons.lang.WordUtilsTest.testAbbreviate(WordUtilsTest.java:390)
    at sun.reflect.NativeMethodAccessorImpl.invoke0(Native Method)
    at sun.reflect.NativeMethodAccessorImpl.invoke(NativeMethodAccessorImpl.java:62)
    at sun.reflect.DelegatingMethodAccessorImpl.invoke(DelegatingMethodAccessorImpl.java:43)
18:42:43.879 [pool-60-thread-1] INFO  xxl.java.junit.TestCasesListener - Tests run finished (11 ms)
<> Total tests run: 13
<> Ignored tests: 0
<> Failed tests: 1
~ testAbbreviate(org.apache.commons.lang.WordUtilsTest)
[String index out of range: 15]
java.lang.StringIndexOutOfBoundsException: String index out of range: 15    at java.lang.String.substring(String.java:1963)
    at org.apache.commons.lang.WordUtils.abbreviate(WordUtils.java:629)
    at org.apache.commons.lang.WordUtilsTest.testAbbreviate(WordUtilsTest.java:390)
    at sun.reflect.NativeMethodAccessorImpl.invoke0(Native Method)
    at sun.reflect.NativeMethodAccessorImpl.invoke(NativeMethodAccessorImpl.java:62)
    at sun.reflect.DelegatingMethodAccessorImpl.invoke(DelegatingMethodAccessorImpl.java:43)

junit.framework.ComparisonFailure: expected:<01[234]> but was:<01[]>
    at junit.framework.Assert.assertEquals(Assert.java:100)
    at junit.framework.Assert.assertEquals(Assert.java:107)
    at junit.framework.TestCase.assertEquals(TestCase.java:269)
    at org.apache.commons.lang.WordUtilsTest.testAbbreviate(WordUtilsTest.java:373)
    at sun.reflect.NativeMethodAccessorImpl.invoke0(Native Method)
    at sun.reflect.NativeMethodAccessorImpl.invoke(NativeMethodAccessorImpl.java:62)
18:42:44.093 [pool-61-thread-1] INFO  f.i.l.c.t.SpecificationTestCasesListener - Tests run finished (6 ms)
<> Total tests run: 1
<> Ignored tests: 0
<> Failed tests: 1
~ testAbbreviate(org.apache.commons.lang.WordUtilsTest)
[expected:<01[234]> but was:<01[]>]
junit.framework.ComparisonFailure: expected:<01[234]> but was:<01[]>    at junit.framework.Assert.assertEquals(Assert.java:100)
    at junit.framework.Assert.assertEquals(Assert.java:107)
    at junit.framework.TestCase.assertEquals(TestCase.java:269)
    at org.apache.commons.lang.WordUtilsTest.testAbbreviate(WordUtilsTest.java:373)
    at sun.reflect.NativeMethodAccessorImpl.invoke0(Native Method)
    at sun.reflect.NativeMethodAccessorImpl.invoke(NativeMethodAccessorImpl.java:62)

junit.framework.ComparisonFailure: expected:<[01234]> but was:<[]>
    at junit.framework.Assert.assertEquals(Assert.java:100)
    at junit.framework.Assert.assertEquals(Assert.java:107)
    at junit.framework.TestCase.assertEquals(TestCase.java:269)
    at org.apache.commons.lang.WordUtilsTest.testAbbreviate(WordUtilsTest.java:372)
    at sun.reflect.NativeMethodAccessorImpl.invoke0(Native Method)
    at sun.reflect.NativeMethodAccessorImpl.invoke(NativeMethodAccessorImpl.java:62)
18:42:44.096 [pool-62-thread-1] INFO  f.i.l.c.t.SpecificationTestCasesListener - Tests run finished (0 ms)
<> Total tests run: 1
<> Ignored tests: 0
<> Failed tests: 1
~ testAbbreviate(org.apache.commons.lang.WordUtilsTest)
[expected:<[01234]> but was:<[]>]
junit.framework.ComparisonFailure: expected:<[01234]> but was:<[]>    at junit.framework.Assert.assertEquals(Assert.java:100)
    at junit.framework.Assert.assertEquals(Assert.java:107)
    at junit.framework.TestCase.assertEquals(TestCase.java:269)
    at org.apache.commons.lang.WordUtilsTest.testAbbreviate(WordUtilsTest.java:372)
    at sun.reflect.NativeMethodAccessorImpl.invoke0(Native Method)
    at sun.reflect.NativeMethodAccessorImpl.invoke(NativeMethodAccessorImpl.java:62)

18:42:44.098 [pool-59-thread-1] DEBUG tests.output - Failing tests with false: 
[testAbbreviate(org.apache.commons.lang.WordUtilsTest): expected:<01[234]> but was:<01[]>]
18:42:44.098 [pool-59-thread-1] DEBUG tests.output - Failing tests with true: 
[testAbbreviate(org.apache.commons.lang.WordUtilsTest): expected:<[01234]> but was:<[]>]
18:42:44.098 [pool-59-thread-1] INFO  f.i.l.r.n.synth.SMTNopolSynthesizer - Not enough specifications: 0. A trivial patch is "true" or "false", please write new tests specifying SourceLocation org.apache.commons.lang.WordUtils:622.
18:42:44.098 [pool-2-thread-1] DEBUG fr.inria.lille.repair.nopol.NoPol - statement #15
18:42:44.098 [pool-2-thread-1] DEBUG fr.inria.lille.repair.nopol.NoPol - Analysing SourceLocation org.apache.commons.lang.WordUtils:619 which is executed by 1 tests
-1410117720
18:42:44.219 [pool-2-thread-1] DEBUG fr.inria.lille.repair.nopol.NoPol - looking with class fr.inria.lille.repair.nopol.spoon.smt.ConditionalAdder
java.lang.StringIndexOutOfBoundsException: String index out of range: 15
    at java.lang.String.substring(String.java:1963)
    at org.apache.commons.lang.WordUtils.abbreviate(WordUtils.java:629)
    at org.apache.commons.lang.WordUtilsTest.testAbbreviate(WordUtilsTest.java:390)
    at sun.reflect.NativeMethodAccessorImpl.invoke0(Native Method)
    at sun.reflect.NativeMethodAccessorImpl.invoke(NativeMethodAccessorImpl.java:62)
    at sun.reflect.DelegatingMethodAccessorImpl.invoke(DelegatingMethodAccessorImpl.java:43)
18:42:44.234 [pool-64-thread-1] INFO  xxl.java.junit.TestCasesListener - Tests run finished (10 ms)
<> Total tests run: 13
<> Ignored tests: 0
<> Failed tests: 1
~ testAbbreviate(org.apache.commons.lang.WordUtilsTest)
[String index out of range: 15]
java.lang.StringIndexOutOfBoundsException: String index out of range: 15    at java.lang.String.substring(String.java:1963)
    at org.apache.commons.lang.WordUtils.abbreviate(WordUtils.java:629)
    at org.apache.commons.lang.WordUtilsTest.testAbbreviate(WordUtilsTest.java:390)
    at sun.reflect.NativeMethodAccessorImpl.invoke0(Native Method)
    at sun.reflect.NativeMethodAccessorImpl.invoke(NativeMethodAccessorImpl.java:62)
    at sun.reflect.DelegatingMethodAccessorImpl.invoke(DelegatingMethodAccessorImpl.java:43)

junit.framework.ComparisonFailure: expected:<[0123456789]> but was:<[]>
    at junit.framework.Assert.assertEquals(Assert.java:100)
    at junit.framework.Assert.assertEquals(Assert.java:107)
    at junit.framework.TestCase.assertEquals(TestCase.java:269)
    at org.apache.commons.lang.WordUtilsTest.testAbbreviate(WordUtilsTest.java:376)
    at sun.reflect.NativeMethodAccessorImpl.invoke0(Native Method)
    at sun.reflect.NativeMethodAccessorImpl.invoke(NativeMethodAccessorImpl.java:62)
18:42:44.433 [pool-65-thread-1] INFO  f.i.l.c.t.SpecificationTestCasesListener - Tests run finished (6 ms)
<> Total tests run: 1
<> Ignored tests: 0
<> Failed tests: 1
~ testAbbreviate(org.apache.commons.lang.WordUtilsTest)
[expected:<[0123456789]> but was:<[]>]
junit.framework.ComparisonFailure: expected:<[0123456789]> but was:<[]>    at junit.framework.Assert.assertEquals(Assert.java:100)
    at junit.framework.Assert.assertEquals(Assert.java:107)
    at junit.framework.TestCase.assertEquals(TestCase.java:269)
    at org.apache.commons.lang.WordUtilsTest.testAbbreviate(WordUtilsTest.java:376)
    at sun.reflect.NativeMethodAccessorImpl.invoke0(Native Method)
    at sun.reflect.NativeMethodAccessorImpl.invoke(NativeMethodAccessorImpl.java:62)

java.lang.StringIndexOutOfBoundsException: String index out of range: 15
    at java.lang.String.substring(String.java:1963)
    at org.apache.commons.lang.WordUtils.abbreviate(WordUtils.java:236)
    at org.apache.commons.lang.WordUtilsTest.testAbbreviate(WordUtilsTest.java:390)
    at sun.reflect.NativeMethodAccessorImpl.invoke0(Native Method)
    at sun.reflect.NativeMethodAccessorImpl.invoke(NativeMethodAccessorImpl.java:62)
    at sun.reflect.DelegatingMethodAccessorImpl.invoke(DelegatingMethodAccessorImpl.java:43)
18:42:44.436 [pool-66-thread-1] INFO  f.i.l.c.t.SpecificationTestCasesListener - Tests run finished (1 ms)
<> Total tests run: 1
<> Ignored tests: 0
<> Failed tests: 1
~ testAbbreviate(org.apache.commons.lang.WordUtilsTest)
[String index out of range: 15]
java.lang.StringIndexOutOfBoundsException: String index out of range: 15    at java.lang.String.substring(String.java:1963)
    at org.apache.commons.lang.WordUtils.abbreviate(WordUtils.java:236)
    at org.apache.commons.lang.WordUtilsTest.testAbbreviate(WordUtilsTest.java:390)
    at sun.reflect.NativeMethodAccessorImpl.invoke0(Native Method)
    at sun.reflect.NativeMethodAccessorImpl.invoke(NativeMethodAccessorImpl.java:62)
    at sun.reflect.DelegatingMethodAccessorImpl.invoke(DelegatingMethodAccessorImpl.java:43)

18:42:44.437 [pool-63-thread-1] DEBUG tests.output - Failing tests with false: 
[testAbbreviate(org.apache.commons.lang.WordUtilsTest): expected:<[0123456789]> but was:<[]>]
18:42:44.437 [pool-63-thread-1] DEBUG tests.output - Failing tests with true: 
[testAbbreviate(org.apache.commons.lang.WordUtilsTest): String index out of range: 15]
18:42:44.438 [pool-63-thread-1] INFO  f.i.l.r.n.synth.SMTNopolSynthesizer - Not enough specifications: 0. A trivial patch is "true" or "false", please write new tests specifying SourceLocation org.apache.commons.lang.WordUtils:619.
18:42:44.438 [pool-2-thread-1] DEBUG fr.inria.lille.repair.nopol.NoPol - statement #16
18:42:44.438 [pool-2-thread-1] DEBUG fr.inria.lille.repair.nopol.NoPol - Analysing SourceLocation org.apache.commons.lang.WordUtils:618 which is executed by 1 tests
-1410117720
18:42:44.557 [pool-2-thread-1] DEBUG fr.inria.lille.repair.nopol.NoPol - looking with class fr.inria.lille.repair.nopol.spoon.smt.ConditionalAdder
java.lang.StringIndexOutOfBoundsException: String index out of range: 15
    at java.lang.String.substring(String.java:1963)
    at org.apache.commons.lang.WordUtils.abbreviate(WordUtils.java:629)
    at org.apache.commons.lang.WordUtilsTest.testAbbreviate(WordUtilsTest.java:390)
    at sun.reflect.NativeMethodAccessorImpl.invoke0(Native Method)
    at sun.reflect.NativeMethodAccessorImpl.invoke(NativeMethodAccessorImpl.java:62)
    at sun.reflect.DelegatingMethodAccessorImpl.invoke(DelegatingMethodAccessorImpl.java:43)
18:42:44.572 [pool-68-thread-1] INFO  xxl.java.junit.TestCasesListener - Tests run finished (10 ms)
<> Total tests run: 13
<> Ignored tests: 0
<> Failed tests: 1
~ testAbbreviate(org.apache.commons.lang.WordUtilsTest)
[String index out of range: 15]
java.lang.StringIndexOutOfBoundsException: String index out of range: 15    at java.lang.String.substring(String.java:1963)
    at org.apache.commons.lang.WordUtils.abbreviate(WordUtils.java:629)
    at org.apache.commons.lang.WordUtilsTest.testAbbreviate(WordUtilsTest.java:390)
    at sun.reflect.NativeMethodAccessorImpl.invoke0(Native Method)
    at sun.reflect.NativeMethodAccessorImpl.invoke(NativeMethodAccessorImpl.java:62)
    at sun.reflect.DelegatingMethodAccessorImpl.invoke(DelegatingMethodAccessorImpl.java:43)

junit.framework.ComparisonFailure: expected:<[0123456789]> but was:<[]>
    at junit.framework.Assert.assertEquals(Assert.java:100)
    at junit.framework.Assert.assertEquals(Assert.java:107)
    at junit.framework.TestCase.assertEquals(TestCase.java:269)
    at org.apache.commons.lang.WordUtilsTest.testAbbreviate(WordUtilsTest.java:376)
    at sun.reflect.NativeMethodAccessorImpl.invoke0(Native Method)
    at sun.reflect.NativeMethodAccessorImpl.invoke(NativeMethodAccessorImpl.java:62)
18:42:44.776 [pool-69-thread-1] INFO  f.i.l.c.t.SpecificationTestCasesListener - Tests run finished (6 ms)
<> Total tests run: 1
<> Ignored tests: 0
<> Failed tests: 1
~ testAbbreviate(org.apache.commons.lang.WordUtilsTest)
[expected:<[0123456789]> but was:<[]>]
junit.framework.ComparisonFailure: expected:<[0123456789]> but was:<[]>    at junit.framework.Assert.assertEquals(Assert.java:100)
    at junit.framework.Assert.assertEquals(Assert.java:107)
    at junit.framework.TestCase.assertEquals(TestCase.java:269)
    at org.apache.commons.lang.WordUtilsTest.testAbbreviate(WordUtilsTest.java:376)
    at sun.reflect.NativeMethodAccessorImpl.invoke0(Native Method)
    at sun.reflect.NativeMethodAccessorImpl.invoke(NativeMethodAccessorImpl.java:62)

java.lang.StringIndexOutOfBoundsException: String index out of range: 15
    at java.lang.String.substring(String.java:1963)
    at org.apache.commons.lang.WordUtils.abbreviate(WordUtils.java:237)
    at org.apache.commons.lang.WordUtilsTest.testAbbreviate(WordUtilsTest.java:390)
    at sun.reflect.NativeMethodAccessorImpl.invoke0(Native Method)
    at sun.reflect.NativeMethodAccessorImpl.invoke(NativeMethodAccessorImpl.java:62)
    at sun.reflect.DelegatingMethodAccessorImpl.invoke(DelegatingMethodAccessorImpl.java:43)
18:42:44.779 [pool-70-thread-1] INFO  f.i.l.c.t.SpecificationTestCasesListener - Tests run finished (1 ms)
<> Total tests run: 1
<> Ignored tests: 0
<> Failed tests: 1
~ testAbbreviate(org.apache.commons.lang.WordUtilsTest)
[String index out of range: 15]
java.lang.StringIndexOutOfBoundsException: String index out of range: 15    at java.lang.String.substring(String.java:1963)
    at org.apache.commons.lang.WordUtils.abbreviate(WordUtils.java:237)
    at org.apache.commons.lang.WordUtilsTest.testAbbreviate(WordUtilsTest.java:390)
    at sun.reflect.NativeMethodAccessorImpl.invoke0(Native Method)
    at sun.reflect.NativeMethodAccessorImpl.invoke(NativeMethodAccessorImpl.java:62)
    at sun.reflect.DelegatingMethodAccessorImpl.invoke(DelegatingMethodAccessorImpl.java:43)

18:42:44.780 [pool-67-thread-1] DEBUG tests.output - Failing tests with false: 
[testAbbreviate(org.apache.commons.lang.WordUtilsTest): expected:<[0123456789]> but was:<[]>]
18:42:44.780 [pool-67-thread-1] DEBUG tests.output - Failing tests with true: 
[testAbbreviate(org.apache.commons.lang.WordUtilsTest): String index out of range: 15]
18:42:44.780 [pool-67-thread-1] INFO  f.i.l.r.n.synth.SMTNopolSynthesizer - Not enough specifications: 0. A trivial patch is "true" or "false", please write new tests specifying SourceLocation org.apache.commons.lang.WordUtils:618.
18:42:44.780 [pool-2-thread-1] DEBUG fr.inria.lille.repair.nopol.NoPol - looking with class fr.inria.lille.repair.nopol.spoon.smt.ConditionalReplacer
java.lang.StringIndexOutOfBoundsException: String index out of range: 15
    at java.lang.String.substring(String.java:1963)
    at org.apache.commons.lang.WordUtils.abbreviate(WordUtils.java:629)
    at org.apache.commons.lang.WordUtilsTest.testAbbreviate(WordUtilsTest.java:390)
    at sun.reflect.NativeMethodAccessorImpl.invoke0(Native Method)
    at sun.reflect.NativeMethodAccessorImpl.invoke(NativeMethodAccessorImpl.java:62)
    at sun.reflect.DelegatingMethodAccessorImpl.invoke(DelegatingMethodAccessorImpl.java:43)
18:42:44.794 [pool-72-thread-1] INFO  xxl.java.junit.TestCasesListener - Tests run finished (10 ms)
<> Total tests run: 13
<> Ignored tests: 0
<> Failed tests: 1
~ testAbbreviate(org.apache.commons.lang.WordUtilsTest)
[String index out of range: 15]
java.lang.StringIndexOutOfBoundsException: String index out of range: 15    at java.lang.String.substring(String.java:1963)
    at org.apache.commons.lang.WordUtils.abbreviate(WordUtils.java:629)
    at org.apache.commons.lang.WordUtilsTest.testAbbreviate(WordUtilsTest.java:390)
    at sun.reflect.NativeMethodAccessorImpl.invoke0(Native Method)
    at sun.reflect.NativeMethodAccessorImpl.invoke(NativeMethodAccessorImpl.java:62)
    at sun.reflect.DelegatingMethodAccessorImpl.invoke(DelegatingMethodAccessorImpl.java:43)

junit.framework.ComparisonFailure: expected:<[0123456789]> but was:<[]>
    at junit.framework.Assert.assertEquals(Assert.java:100)
    at junit.framework.Assert.assertEquals(Assert.java:107)
    at junit.framework.TestCase.assertEquals(TestCase.java:269)
    at org.apache.commons.lang.WordUtilsTest.testAbbreviate(WordUtilsTest.java:376)
    at sun.reflect.NativeMethodAccessorImpl.invoke0(Native Method)
    at sun.reflect.NativeMethodAccessorImpl.invoke(NativeMethodAccessorImpl.java:62)
18:42:44.996 [pool-73-thread-1] INFO  f.i.l.c.t.SpecificationTestCasesListener - Tests run finished (7 ms)
<> Total tests run: 1
<> Ignored tests: 0
<> Failed tests: 1
~ testAbbreviate(org.apache.commons.lang.WordUtilsTest)
[expected:<[0123456789]> but was:<[]>]
junit.framework.ComparisonFailure: expected:<[0123456789]> but was:<[]>    at junit.framework.Assert.assertEquals(Assert.java:100)
    at junit.framework.Assert.assertEquals(Assert.java:107)
    at junit.framework.TestCase.assertEquals(TestCase.java:269)
    at org.apache.commons.lang.WordUtilsTest.testAbbreviate(WordUtilsTest.java:376)
    at sun.reflect.NativeMethodAccessorImpl.invoke0(Native Method)
    at sun.reflect.NativeMethodAccessorImpl.invoke(NativeMethodAccessorImpl.java:62)

junit.framework.ComparisonFailure: expected:<01234[]> but was:<01234[56789]>
    at junit.framework.Assert.assertEquals(Assert.java:100)
    at junit.framework.Assert.assertEquals(Assert.java:107)
    at junit.framework.TestCase.assertEquals(TestCase.java:269)
    at org.apache.commons.lang.WordUtilsTest.testAbbreviate(WordUtilsTest.java:372)
    at sun.reflect.NativeMethodAccessorImpl.invoke0(Native Method)
    at sun.reflect.NativeMethodAccessorImpl.invoke(NativeMethodAccessorImpl.java:62)
18:42:45.012 [pool-74-thread-1] INFO  f.i.l.c.t.SpecificationTestCasesListener - Tests run finished (0 ms)
<> Total tests run: 1
<> Ignored tests: 0
<> Failed tests: 1
~ testAbbreviate(org.apache.commons.lang.WordUtilsTest)
[expected:<01234[]> but was:<01234[56789]>]
junit.framework.ComparisonFailure: expected:<01234[]> but was:<01234[56789]>    at junit.framework.Assert.assertEquals(Assert.java:100)
    at junit.framework.Assert.assertEquals(Assert.java:107)
    at junit.framework.TestCase.assertEquals(TestCase.java:269)
    at org.apache.commons.lang.WordUtilsTest.testAbbreviate(WordUtilsTest.java:372)
    at sun.reflect.NativeMethodAccessorImpl.invoke0(Native Method)
    at sun.reflect.NativeMethodAccessorImpl.invoke(NativeMethodAccessorImpl.java:62)

18:42:45.014 [pool-71-thread-1] DEBUG tests.output - Failing tests with false: 
[testAbbreviate(org.apache.commons.lang.WordUtilsTest): expected:<[0123456789]> but was:<[]>]
18:42:45.014 [pool-71-thread-1] DEBUG tests.output - Failing tests with true: 
[testAbbreviate(org.apache.commons.lang.WordUtilsTest): expected:<01234[]> but was:<01234[56789]>]
18:42:45.014 [pool-71-thread-1] INFO  f.i.l.r.n.synth.SMTNopolSynthesizer - Not enough specifications: 0. A trivial patch is "true" or "false", please write new tests specifying SourceLocation org.apache.commons.lang.WordUtils:618.
18:42:45.014 [pool-2-thread-1] DEBUG fr.inria.lille.repair.nopol.NoPol - statement #17
18:42:45.014 [pool-2-thread-1] DEBUG fr.inria.lille.repair.nopol.NoPol - Analysing SourceLocation org.apache.commons.lang.WordUtils:611 which is executed by 1 tests
-1410117720
18:42:45.135 [pool-2-thread-1] DEBUG fr.inria.lille.repair.nopol.NoPol - looking with class fr.inria.lille.repair.nopol.spoon.smt.ConditionalAdder
java.lang.StringIndexOutOfBoundsException: String index out of range: 15
    at java.lang.String.substring(String.java:1963)
    at org.apache.commons.lang.WordUtils.abbreviate(WordUtils.java:629)
    at org.apache.commons.lang.WordUtilsTest.testAbbreviate(WordUtilsTest.java:390)
    at sun.reflect.NativeMethodAccessorImpl.invoke0(Native Method)
    at sun.reflect.NativeMethodAccessorImpl.invoke(NativeMethodAccessorImpl.java:62)
    at sun.reflect.DelegatingMethodAccessorImpl.invoke(DelegatingMethodAccessorImpl.java:43)
18:42:45.149 [pool-76-thread-1] INFO  xxl.java.junit.TestCasesListener - Tests run finished (10 ms)
<> Total tests run: 13
<> Ignored tests: 0
<> Failed tests: 1
~ testAbbreviate(org.apache.commons.lang.WordUtilsTest)
[String index out of range: 15]
java.lang.StringIndexOutOfBoundsException: String index out of range: 15    at java.lang.String.substring(String.java:1963)
    at org.apache.commons.lang.WordUtils.abbreviate(WordUtils.java:629)
    at org.apache.commons.lang.WordUtilsTest.testAbbreviate(WordUtilsTest.java:390)
    at sun.reflect.NativeMethodAccessorImpl.invoke0(Native Method)
    at sun.reflect.NativeMethodAccessorImpl.invoke(NativeMethodAccessorImpl.java:62)
    at sun.reflect.DelegatingMethodAccessorImpl.invoke(DelegatingMethodAccessorImpl.java:43)

java.lang.StringIndexOutOfBoundsException: String index out of range: 1
    at java.lang.String.substring(String.java:1963)
    at org.apache.commons.lang.WordUtils.abbreviate(WordUtils.java:236)
    at org.apache.commons.lang.WordUtilsTest.testAbbreviate(WordUtilsTest.java:369)
    at sun.reflect.NativeMethodAccessorImpl.invoke0(Native Method)
    at sun.reflect.NativeMethodAccessorImpl.invoke(NativeMethodAccessorImpl.java:62)
    at sun.reflect.DelegatingMethodAccessorImpl.invoke(DelegatingMethodAccessorImpl.java:43)
18:42:45.359 [pool-77-thread-1] INFO  f.i.l.c.t.SpecificationTestCasesListener - Tests run finished (7 ms)
<> Total tests run: 1
<> Ignored tests: 0
<> Failed tests: 1
~ testAbbreviate(org.apache.commons.lang.WordUtilsTest)
[String index out of range: 1]
java.lang.StringIndexOutOfBoundsException: String index out of range: 1    at java.lang.String.substring(String.java:1963)
    at org.apache.commons.lang.WordUtils.abbreviate(WordUtils.java:236)
    at org.apache.commons.lang.WordUtilsTest.testAbbreviate(WordUtilsTest.java:369)
    at sun.reflect.NativeMethodAccessorImpl.invoke0(Native Method)
    at sun.reflect.NativeMethodAccessorImpl.invoke(NativeMethodAccessorImpl.java:62)
    at sun.reflect.DelegatingMethodAccessorImpl.invoke(DelegatingMethodAccessorImpl.java:43)

java.lang.StringIndexOutOfBoundsException: String index out of range: 15
    at java.lang.String.substring(String.java:1963)
    at org.apache.commons.lang.WordUtils.abbreviate(WordUtils.java:236)
    at org.apache.commons.lang.WordUtilsTest.testAbbreviate(WordUtilsTest.java:390)
    at sun.reflect.NativeMethodAccessorImpl.invoke0(Native Method)
    at sun.reflect.NativeMethodAccessorImpl.invoke(NativeMethodAccessorImpl.java:62)
    at sun.reflect.DelegatingMethodAccessorImpl.invoke(DelegatingMethodAccessorImpl.java:43)
18:42:45.362 [pool-78-thread-1] INFO  f.i.l.c.t.SpecificationTestCasesListener - Tests run finished (1 ms)
<> Total tests run: 1
<> Ignored tests: 0
<> Failed tests: 1
~ testAbbreviate(org.apache.commons.lang.WordUtilsTest)
[String index out of range: 15]
java.lang.StringIndexOutOfBoundsException: String index out of range: 15    at java.lang.String.substring(String.java:1963)
    at org.apache.commons.lang.WordUtils.abbreviate(WordUtils.java:236)
    at org.apache.commons.lang.WordUtilsTest.testAbbreviate(WordUtilsTest.java:390)
    at sun.reflect.NativeMethodAccessorImpl.invoke0(Native Method)
    at sun.reflect.NativeMethodAccessorImpl.invoke(NativeMethodAccessorImpl.java:62)
    at sun.reflect.DelegatingMethodAccessorImpl.invoke(DelegatingMethodAccessorImpl.java:43)

18:42:45.363 [pool-75-thread-1] DEBUG tests.output - Failing tests with false: 
[testAbbreviate(org.apache.commons.lang.WordUtilsTest): String index out of range: 1]
18:42:45.363 [pool-75-thread-1] DEBUG tests.output - Failing tests with true: 
[testAbbreviate(org.apache.commons.lang.WordUtilsTest): String index out of range: 15]
18:42:45.363 [pool-75-thread-1] INFO  f.i.l.r.n.synth.SMTNopolSynthesizer - Not enough specifications: 0. A trivial patch is "true" or "false", please write new tests specifying SourceLocation org.apache.commons.lang.WordUtils:611.
18:42:45.363 [pool-2-thread-1] DEBUG fr.inria.lille.repair.nopol.NoPol - statement #18
18:42:45.364 [pool-2-thread-1] DEBUG fr.inria.lille.repair.nopol.NoPol - Analysing SourceLocation org.apache.commons.lang.WordUtils:610 which is executed by 1 tests
-1410117720
18:42:45.506 [pool-2-thread-1] DEBUG fr.inria.lille.repair.nopol.NoPol - looking with class fr.inria.lille.repair.nopol.spoon.smt.ConditionalAdder
java.lang.StringIndexOutOfBoundsException: String index out of range: 15
    at java.lang.String.substring(String.java:1963)
    at org.apache.commons.lang.WordUtils.abbreviate(WordUtils.java:629)
    at org.apache.commons.lang.WordUtilsTest.testAbbreviate(WordUtilsTest.java:390)
    at sun.reflect.NativeMethodAccessorImpl.invoke0(Native Method)
    at sun.reflect.NativeMethodAccessorImpl.invoke(NativeMethodAccessorImpl.java:62)
    at sun.reflect.DelegatingMethodAccessorImpl.invoke(DelegatingMethodAccessorImpl.java:43)
18:42:45.521 [pool-80-thread-1] INFO  xxl.java.junit.TestCasesListener - Tests run finished (10 ms)
<> Total tests run: 13
<> Ignored tests: 0
<> Failed tests: 1
~ testAbbreviate(org.apache.commons.lang.WordUtilsTest)
[String index out of range: 15]
java.lang.StringIndexOutOfBoundsException: String index out of range: 15    at java.lang.String.substring(String.java:1963)
    at org.apache.commons.lang.WordUtils.abbreviate(WordUtils.java:629)
    at org.apache.commons.lang.WordUtilsTest.testAbbreviate(WordUtilsTest.java:390)
    at sun.reflect.NativeMethodAccessorImpl.invoke0(Native Method)
    at sun.reflect.NativeMethodAccessorImpl.invoke(NativeMethodAccessorImpl.java:62)
    at sun.reflect.DelegatingMethodAccessorImpl.invoke(DelegatingMethodAccessorImpl.java:43)

java.lang.StringIndexOutOfBoundsException: String index out of range: 1
    at java.lang.String.substring(String.java:1963)
    at org.apache.commons.lang.WordUtils.abbreviate(WordUtils.java:235)
    at org.apache.commons.lang.WordUtilsTest.testAbbreviate(WordUtilsTest.java:369)
    at sun.reflect.NativeMethodAccessorImpl.invoke0(Native Method)
    at sun.reflect.NativeMethodAccessorImpl.invoke(NativeMethodAccessorImpl.java:62)
    at sun.reflect.DelegatingMethodAccessorImpl.invoke(DelegatingMethodAccessorImpl.java:43)
18:42:45.780 [pool-81-thread-1] INFO  f.i.l.c.t.SpecificationTestCasesListener - Tests run finished (6 ms)
<> Total tests run: 1
<> Ignored tests: 0
<> Failed tests: 1
~ testAbbreviate(org.apache.commons.lang.WordUtilsTest)
[String index out of range: 1]
java.lang.StringIndexOutOfBoundsException: String index out of range: 1    at java.lang.String.substring(String.java:1963)
    at org.apache.commons.lang.WordUtils.abbreviate(WordUtils.java:235)
    at org.apache.commons.lang.WordUtilsTest.testAbbreviate(WordUtilsTest.java:369)
    at sun.reflect.NativeMethodAccessorImpl.invoke0(Native Method)
    at sun.reflect.NativeMethodAccessorImpl.invoke(NativeMethodAccessorImpl.java:62)
    at sun.reflect.DelegatingMethodAccessorImpl.invoke(DelegatingMethodAccessorImpl.java:43)

java.lang.StringIndexOutOfBoundsException: String index out of range: 15
    at java.lang.String.substring(String.java:1963)
    at org.apache.commons.lang.WordUtils.abbreviate(WordUtils.java:235)
    at org.apache.commons.lang.WordUtilsTest.testAbbreviate(WordUtilsTest.java:390)
    at sun.reflect.NativeMethodAccessorImpl.invoke0(Native Method)
    at sun.reflect.NativeMethodAccessorImpl.invoke(NativeMethodAccessorImpl.java:62)
    at sun.reflect.DelegatingMethodAccessorImpl.invoke(DelegatingMethodAccessorImpl.java:43)
18:42:45.783 [pool-82-thread-1] INFO  f.i.l.c.t.SpecificationTestCasesListener - Tests run finished (0 ms)
<> Total tests run: 1
<> Ignored tests: 0
<> Failed tests: 1
~ testAbbreviate(org.apache.commons.lang.WordUtilsTest)
[String index out of range: 15]
java.lang.StringIndexOutOfBoundsException: String index out of range: 15    at java.lang.String.substring(String.java:1963)
    at org.apache.commons.lang.WordUtils.abbreviate(WordUtils.java:235)
    at org.apache.commons.lang.WordUtilsTest.testAbbreviate(WordUtilsTest.java:390)
    at sun.reflect.NativeMethodAccessorImpl.invoke0(Native Method)
    at sun.reflect.NativeMethodAccessorImpl.invoke(NativeMethodAccessorImpl.java:62)
    at sun.reflect.DelegatingMethodAccessorImpl.invoke(DelegatingMethodAccessorImpl.java:43)

18:42:45.783 [pool-79-thread-1] DEBUG tests.output - Failing tests with false: 
[testAbbreviate(org.apache.commons.lang.WordUtilsTest): String index out of range: 1]
18:42:45.784 [pool-79-thread-1] DEBUG tests.output - Failing tests with true: 
[testAbbreviate(org.apache.commons.lang.WordUtilsTest): String index out of range: 15]
18:42:45.784 [pool-79-thread-1] INFO  f.i.l.r.n.synth.SMTNopolSynthesizer - Not enough specifications: 0. A trivial patch is "true" or "false", please write new tests specifying SourceLocation org.apache.commons.lang.WordUtils:610.
18:42:45.784 [pool-2-thread-1] DEBUG fr.inria.lille.repair.nopol.NoPol - looking with class fr.inria.lille.repair.nopol.spoon.smt.ConditionalReplacer
java.lang.StringIndexOutOfBoundsException: String index out of range: 15
    at java.lang.String.substring(String.java:1963)
    at org.apache.commons.lang.WordUtils.abbreviate(WordUtils.java:629)
    at org.apache.commons.lang.WordUtilsTest.testAbbreviate(WordUtilsTest.java:390)
    at sun.reflect.NativeMethodAccessorImpl.invoke0(Native Method)
    at sun.reflect.NativeMethodAccessorImpl.invoke(NativeMethodAccessorImpl.java:62)
    at sun.reflect.DelegatingMethodAccessorImpl.invoke(DelegatingMethodAccessorImpl.java:43)
18:42:45.797 [pool-84-thread-1] INFO  xxl.java.junit.TestCasesListener - Tests run finished (9 ms)
<> Total tests run: 13
<> Ignored tests: 0
<> Failed tests: 1
~ testAbbreviate(org.apache.commons.lang.WordUtilsTest)
[String index out of range: 15]
java.lang.StringIndexOutOfBoundsException: String index out of range: 15    at java.lang.String.substring(String.java:1963)
    at org.apache.commons.lang.WordUtils.abbreviate(WordUtils.java:629)
    at org.apache.commons.lang.WordUtilsTest.testAbbreviate(WordUtilsTest.java:390)
    at sun.reflect.NativeMethodAccessorImpl.invoke0(Native Method)
    at sun.reflect.NativeMethodAccessorImpl.invoke(NativeMethodAccessorImpl.java:62)
    at sun.reflect.DelegatingMethodAccessorImpl.invoke(DelegatingMethodAccessorImpl.java:43)

java.lang.StringIndexOutOfBoundsException: String index out of range: 1
    at java.lang.String.substring(String.java:1963)
    at org.apache.commons.lang.WordUtils.abbreviate(WordUtils.java:235)
    at org.apache.commons.lang.WordUtilsTest.testAbbreviate(WordUtilsTest.java:369)
    at sun.reflect.NativeMethodAccessorImpl.invoke0(Native Method)
    at sun.reflect.NativeMethodAccessorImpl.invoke(NativeMethodAccessorImpl.java:62)
    at sun.reflect.DelegatingMethodAccessorImpl.invoke(DelegatingMethodAccessorImpl.java:43)
18:42:45.991 [pool-85-thread-1] INFO  f.i.l.c.t.SpecificationTestCasesListener - Tests run finished (5 ms)
<> Total tests run: 1
<> Ignored tests: 0
<> Failed tests: 1
~ testAbbreviate(org.apache.commons.lang.WordUtilsTest)
[String index out of range: 1]
java.lang.StringIndexOutOfBoundsException: String index out of range: 1    at java.lang.String.substring(String.java:1963)
    at org.apache.commons.lang.WordUtils.abbreviate(WordUtils.java:235)
    at org.apache.commons.lang.WordUtilsTest.testAbbreviate(WordUtilsTest.java:369)
    at sun.reflect.NativeMethodAccessorImpl.invoke0(Native Method)
    at sun.reflect.NativeMethodAccessorImpl.invoke(NativeMethodAccessorImpl.java:62)
    at sun.reflect.DelegatingMethodAccessorImpl.invoke(DelegatingMethodAccessorImpl.java:43)

junit.framework.ComparisonFailure: expected:<[01234]> but was:<[]>
    at junit.framework.Assert.assertEquals(Assert.java:100)
    at junit.framework.Assert.assertEquals(Assert.java:107)
    at junit.framework.TestCase.assertEquals(TestCase.java:269)
    at org.apache.commons.lang.WordUtilsTest.testAbbreviate(WordUtilsTest.java:372)
    at sun.reflect.NativeMethodAccessorImpl.invoke0(Native Method)
    at sun.reflect.NativeMethodAccessorImpl.invoke(NativeMethodAccessorImpl.java:62)
18:42:45.993 [pool-86-thread-1] INFO  f.i.l.c.t.SpecificationTestCasesListener - Tests run finished (1 ms)
<> Total tests run: 1
<> Ignored tests: 0
<> Failed tests: 1
~ testAbbreviate(org.apache.commons.lang.WordUtilsTest)
[expected:<[01234]> but was:<[]>]
junit.framework.ComparisonFailure: expected:<[01234]> but was:<[]>    at junit.framework.Assert.assertEquals(Assert.java:100)
    at junit.framework.Assert.assertEquals(Assert.java:107)
    at junit.framework.TestCase.assertEquals(TestCase.java:269)
    at org.apache.commons.lang.WordUtilsTest.testAbbreviate(WordUtilsTest.java:372)
    at sun.reflect.NativeMethodAccessorImpl.invoke0(Native Method)
    at sun.reflect.NativeMethodAccessorImpl.invoke(NativeMethodAccessorImpl.java:62)

18:42:45.993 [pool-83-thread-1] DEBUG tests.output - Failing tests with false: 
[testAbbreviate(org.apache.commons.lang.WordUtilsTest): String index out of range: 1]
18:42:45.993 [pool-83-thread-1] DEBUG tests.output - Failing tests with true: 
[testAbbreviate(org.apache.commons.lang.WordUtilsTest): expected:<[01234]> but was:<[]>]
18:42:45.994 [pool-83-thread-1] INFO  f.i.l.r.n.synth.SMTNopolSynthesizer - Not enough specifications: 0. A trivial patch is "true" or "false", please write new tests specifying SourceLocation org.apache.commons.lang.WordUtils:610.
18:42:45.994 [pool-2-thread-1] DEBUG fr.inria.lille.repair.nopol.NoPol - statement #19
18:42:45.994 [pool-2-thread-1] DEBUG fr.inria.lille.repair.nopol.NoPol - Analysing SourceLocation org.apache.commons.lang.WordUtils:608 which is executed by 1 tests
-1410117720
18:42:46.115 [pool-2-thread-1] DEBUG fr.inria.lille.repair.nopol.NoPol - looking with class fr.inria.lille.repair.nopol.spoon.smt.ConditionalAdder
java.lang.StringIndexOutOfBoundsException: String index out of range: 15
    at java.lang.String.substring(String.java:1963)
    at org.apache.commons.lang.WordUtils.abbreviate(WordUtils.java:629)
    at org.apache.commons.lang.WordUtilsTest.testAbbreviate(WordUtilsTest.java:390)
    at sun.reflect.NativeMethodAccessorImpl.invoke0(Native Method)
    at sun.reflect.NativeMethodAccessorImpl.invoke(NativeMethodAccessorImpl.java:62)
    at sun.reflect.DelegatingMethodAccessorImpl.invoke(DelegatingMethodAccessorImpl.java:43)
18:42:46.129 [pool-88-thread-1] INFO  xxl.java.junit.TestCasesListener - Tests run finished (9 ms)
<> Total tests run: 13
<> Ignored tests: 0
<> Failed tests: 1
~ testAbbreviate(org.apache.commons.lang.WordUtilsTest)
[String index out of range: 15]
java.lang.StringIndexOutOfBoundsException: String index out of range: 15    at java.lang.String.substring(String.java:1963)
    at org.apache.commons.lang.WordUtils.abbreviate(WordUtils.java:629)
    at org.apache.commons.lang.WordUtilsTest.testAbbreviate(WordUtilsTest.java:390)
    at sun.reflect.NativeMethodAccessorImpl.invoke0(Native Method)
    at sun.reflect.NativeMethodAccessorImpl.invoke(NativeMethodAccessorImpl.java:62)
    at sun.reflect.DelegatingMethodAccessorImpl.invoke(DelegatingMethodAccessorImpl.java:43)

java.lang.NullPointerException
    at org.apache.commons.lang.WordUtils.abbreviate(WordUtils.java:224)
    at org.apache.commons.lang.WordUtilsTest.testAbbreviate(WordUtilsTest.java:368)
    at sun.reflect.NativeMethodAccessorImpl.invoke0(Native Method)
    at sun.reflect.NativeMethodAccessorImpl.invoke(NativeMethodAccessorImpl.java:62)
    at sun.reflect.DelegatingMethodAccessorImpl.invoke(DelegatingMethodAccessorImpl.java:43)
    at java.lang.reflect.Method.invoke(Method.java:498)
18:42:46.313 [pool-89-thread-1] INFO  f.i.l.c.t.SpecificationTestCasesListener - Tests run finished (1 ms)
<> Total tests run: 1
<> Ignored tests: 0
<> Failed tests: 1
~ testAbbreviate(org.apache.commons.lang.WordUtilsTest)
[null]
java.lang.NullPointerException    at org.apache.commons.lang.WordUtils.abbreviate(WordUtils.java:224)
    at org.apache.commons.lang.WordUtilsTest.testAbbreviate(WordUtilsTest.java:368)
    at sun.reflect.NativeMethodAccessorImpl.invoke0(Native Method)
    at sun.reflect.NativeMethodAccessorImpl.invoke(NativeMethodAccessorImpl.java:62)
    at sun.reflect.DelegatingMethodAccessorImpl.invoke(DelegatingMethodAccessorImpl.java:43)
    at java.lang.reflect.Method.invoke(Method.java:498)

java.lang.StringIndexOutOfBoundsException: String index out of range: 15
    at java.lang.String.substring(String.java:1963)
    at org.apache.commons.lang.WordUtils.abbreviate(WordUtils.java:236)
    at org.apache.commons.lang.WordUtilsTest.testAbbreviate(WordUtilsTest.java:390)
    at sun.reflect.NativeMethodAccessorImpl.invoke0(Native Method)
    at sun.reflect.NativeMethodAccessorImpl.invoke(NativeMethodAccessorImpl.java:62)
    at sun.reflect.DelegatingMethodAccessorImpl.invoke(DelegatingMethodAccessorImpl.java:43)
18:42:46.320 [pool-90-thread-1] INFO  f.i.l.c.t.SpecificationTestCasesListener - Tests run finished (5 ms)
<> Total tests run: 1
<> Ignored tests: 0
<> Failed tests: 1
~ testAbbreviate(org.apache.commons.lang.WordUtilsTest)
[String index out of range: 15]
java.lang.StringIndexOutOfBoundsException: String index out of range: 15    at java.lang.String.substring(String.java:1963)
    at org.apache.commons.lang.WordUtils.abbreviate(WordUtils.java:236)
    at org.apache.commons.lang.WordUtilsTest.testAbbreviate(WordUtilsTest.java:390)
    at sun.reflect.NativeMethodAccessorImpl.invoke0(Native Method)
    at sun.reflect.NativeMethodAccessorImpl.invoke(NativeMethodAccessorImpl.java:62)
    at sun.reflect.DelegatingMethodAccessorImpl.invoke(DelegatingMethodAccessorImpl.java:43)

18:42:46.321 [pool-87-thread-1] DEBUG tests.output - Failing tests with false: 
[testAbbreviate(org.apache.commons.lang.WordUtilsTest): null]
18:42:46.321 [pool-87-thread-1] DEBUG tests.output - Failing tests with true: 
[testAbbreviate(org.apache.commons.lang.WordUtilsTest): String index out of range: 15]
18:42:46.321 [pool-87-thread-1] INFO  f.i.l.r.n.synth.SMTNopolSynthesizer - Not enough specifications: 0. A trivial patch is "true" or "false", please write new tests specifying SourceLocation org.apache.commons.lang.WordUtils:608.
18:42:46.321 [pool-2-thread-1] DEBUG fr.inria.lille.repair.nopol.NoPol - statement #20
18:42:46.321 [pool-2-thread-1] DEBUG fr.inria.lille.repair.nopol.NoPol - Analysing SourceLocation org.apache.commons.lang.WordUtils:607 which is executed by 1 tests
-1410117720
18:42:46.439 [pool-2-thread-1] DEBUG fr.inria.lille.repair.nopol.NoPol - looking with class fr.inria.lille.repair.nopol.spoon.smt.ConditionalAdder
java.lang.StringIndexOutOfBoundsException: String index out of range: 15
    at java.lang.String.substring(String.java:1963)
    at org.apache.commons.lang.WordUtils.abbreviate(WordUtils.java:629)
    at org.apache.commons.lang.WordUtilsTest.testAbbreviate(WordUtilsTest.java:390)
    at sun.reflect.NativeMethodAccessorImpl.invoke0(Native Method)
    at sun.reflect.NativeMethodAccessorImpl.invoke(NativeMethodAccessorImpl.java:62)
    at sun.reflect.DelegatingMethodAccessorImpl.invoke(DelegatingMethodAccessorImpl.java:43)
18:42:46.453 [pool-92-thread-1] INFO  xxl.java.junit.TestCasesListener - Tests run finished (10 ms)
<> Total tests run: 13
<> Ignored tests: 0
<> Failed tests: 1
~ testAbbreviate(org.apache.commons.lang.WordUtilsTest)
[String index out of range: 15]
java.lang.StringIndexOutOfBoundsException: String index out of range: 15    at java.lang.String.substring(String.java:1963)
    at org.apache.commons.lang.WordUtils.abbreviate(WordUtils.java:629)
    at org.apache.commons.lang.WordUtilsTest.testAbbreviate(WordUtilsTest.java:390)
    at sun.reflect.NativeMethodAccessorImpl.invoke0(Native Method)
    at sun.reflect.NativeMethodAccessorImpl.invoke(NativeMethodAccessorImpl.java:62)
    at sun.reflect.DelegatingMethodAccessorImpl.invoke(DelegatingMethodAccessorImpl.java:43)

java.lang.NullPointerException
    at org.apache.commons.lang.WordUtils.abbreviate(WordUtils.java:224)
    at org.apache.commons.lang.WordUtilsTest.testAbbreviate(WordUtilsTest.java:368)
    at sun.reflect.NativeMethodAccessorImpl.invoke0(Native Method)
    at sun.reflect.NativeMethodAccessorImpl.invoke(NativeMethodAccessorImpl.java:62)
    at sun.reflect.DelegatingMethodAccessorImpl.invoke(DelegatingMethodAccessorImpl.java:43)
    at java.lang.reflect.Method.invoke(Method.java:498)
18:42:46.642 [pool-93-thread-1] INFO  f.i.l.c.t.SpecificationTestCasesListener - Tests run finished (1 ms)
<> Total tests run: 1
<> Ignored tests: 0
<> Failed tests: 1
~ testAbbreviate(org.apache.commons.lang.WordUtilsTest)
[null]
java.lang.NullPointerException    at org.apache.commons.lang.WordUtils.abbreviate(WordUtils.java:224)
    at org.apache.commons.lang.WordUtilsTest.testAbbreviate(WordUtilsTest.java:368)
    at sun.reflect.NativeMethodAccessorImpl.invoke0(Native Method)
    at sun.reflect.NativeMethodAccessorImpl.invoke(NativeMethodAccessorImpl.java:62)
    at sun.reflect.DelegatingMethodAccessorImpl.invoke(DelegatingMethodAccessorImpl.java:43)
    at java.lang.reflect.Method.invoke(Method.java:498)

java.lang.StringIndexOutOfBoundsException: String index out of range: 15
    at java.lang.String.substring(String.java:1963)
    at org.apache.commons.lang.WordUtils.abbreviate(WordUtils.java:236)
    at org.apache.commons.lang.WordUtilsTest.testAbbreviate(WordUtilsTest.java:390)
    at sun.reflect.NativeMethodAccessorImpl.invoke0(Native Method)
    at sun.reflect.NativeMethodAccessorImpl.invoke(NativeMethodAccessorImpl.java:62)
    at sun.reflect.DelegatingMethodAccessorImpl.invoke(DelegatingMethodAccessorImpl.java:43)
18:42:46.650 [pool-94-thread-1] INFO  f.i.l.c.t.SpecificationTestCasesListener - Tests run finished (6 ms)
<> Total tests run: 1
<> Ignored tests: 0
<> Failed tests: 1
~ testAbbreviate(org.apache.commons.lang.WordUtilsTest)
[String index out of range: 15]
java.lang.StringIndexOutOfBoundsException: String index out of range: 15    at java.lang.String.substring(String.java:1963)
    at org.apache.commons.lang.WordUtils.abbreviate(WordUtils.java:236)
    at org.apache.commons.lang.WordUtilsTest.testAbbreviate(WordUtilsTest.java:390)
    at sun.reflect.NativeMethodAccessorImpl.invoke0(Native Method)
    at sun.reflect.NativeMethodAccessorImpl.invoke(NativeMethodAccessorImpl.java:62)
    at sun.reflect.DelegatingMethodAccessorImpl.invoke(DelegatingMethodAccessorImpl.java:43)

18:42:46.650 [pool-91-thread-1] DEBUG tests.output - Failing tests with false: 
[testAbbreviate(org.apache.commons.lang.WordUtilsTest): null]
18:42:46.650 [pool-91-thread-1] DEBUG tests.output - Failing tests with true: 
[testAbbreviate(org.apache.commons.lang.WordUtilsTest): String index out of range: 15]
18:42:46.651 [pool-91-thread-1] INFO  f.i.l.r.n.synth.SMTNopolSynthesizer - Not enough specifications: 0. A trivial patch is "true" or "false", please write new tests specifying SourceLocation org.apache.commons.lang.WordUtils:607.
18:42:46.651 [pool-2-thread-1] DEBUG fr.inria.lille.repair.nopol.NoPol - looking with class fr.inria.lille.repair.nopol.spoon.smt.ConditionalReplacer
java.lang.StringIndexOutOfBoundsException: String index out of range: 15
    at java.lang.String.substring(String.java:1963)
    at org.apache.commons.lang.WordUtils.abbreviate(WordUtils.java:629)
    at org.apache.commons.lang.WordUtilsTest.testAbbreviate(WordUtilsTest.java:390)
    at sun.reflect.NativeMethodAccessorImpl.invoke0(Native Method)
    at sun.reflect.NativeMethodAccessorImpl.invoke(NativeMethodAccessorImpl.java:62)
    at sun.reflect.DelegatingMethodAccessorImpl.invoke(DelegatingMethodAccessorImpl.java:43)
18:42:46.664 [pool-96-thread-1] INFO  xxl.java.junit.TestCasesListener - Tests run finished (9 ms)
<> Total tests run: 13
<> Ignored tests: 0
<> Failed tests: 1
~ testAbbreviate(org.apache.commons.lang.WordUtilsTest)
[String index out of range: 15]
java.lang.StringIndexOutOfBoundsException: String index out of range: 15    at java.lang.String.substring(String.java:1963)
    at org.apache.commons.lang.WordUtils.abbreviate(WordUtils.java:629)
    at org.apache.commons.lang.WordUtilsTest.testAbbreviate(WordUtilsTest.java:390)
    at sun.reflect.NativeMethodAccessorImpl.invoke0(Native Method)
    at sun.reflect.NativeMethodAccessorImpl.invoke(NativeMethodAccessorImpl.java:62)
    at sun.reflect.DelegatingMethodAccessorImpl.invoke(DelegatingMethodAccessorImpl.java:43)

java.lang.NullPointerException
    at org.apache.commons.lang.WordUtils.abbreviate(WordUtils.java:224)
    at org.apache.commons.lang.WordUtilsTest.testAbbreviate(WordUtilsTest.java:368)
    at sun.reflect.NativeMethodAccessorImpl.invoke0(Native Method)
    at sun.reflect.NativeMethodAccessorImpl.invoke(NativeMethodAccessorImpl.java:62)
    at sun.reflect.DelegatingMethodAccessorImpl.invoke(DelegatingMethodAccessorImpl.java:43)
    at java.lang.reflect.Method.invoke(Method.java:498)
18:42:46.849 [pool-97-thread-1] INFO  f.i.l.c.t.SpecificationTestCasesListener - Tests run finished (1 ms)
<> Total tests run: 1
<> Ignored tests: 0
<> Failed tests: 1
~ testAbbreviate(org.apache.commons.lang.WordUtilsTest)
[null]
java.lang.NullPointerException    at org.apache.commons.lang.WordUtils.abbreviate(WordUtils.java:224)
    at org.apache.commons.lang.WordUtilsTest.testAbbreviate(WordUtilsTest.java:368)
    at sun.reflect.NativeMethodAccessorImpl.invoke0(Native Method)
    at sun.reflect.NativeMethodAccessorImpl.invoke(NativeMethodAccessorImpl.java:62)
    at sun.reflect.DelegatingMethodAccessorImpl.invoke(DelegatingMethodAccessorImpl.java:43)
    at java.lang.reflect.Method.invoke(Method.java:498)

junit.framework.ComparisonFailure: expected:<> but was:<null>
    at junit.framework.Assert.assertEquals(Assert.java:100)
    at junit.framework.Assert.assertEquals(Assert.java:107)
    at junit.framework.TestCase.assertEquals(TestCase.java:269)
    at org.apache.commons.lang.WordUtilsTest.testAbbreviate(WordUtilsTest.java:369)
    at sun.reflect.NativeMethodAccessorImpl.invoke0(Native Method)
    at sun.reflect.NativeMethodAccessorImpl.invoke(NativeMethodAccessorImpl.java:62)
18:42:46.852 [pool-98-thread-1] INFO  f.i.l.c.t.SpecificationTestCasesListener - Tests run finished (1 ms)
<> Total tests run: 1
<> Ignored tests: 0
<> Failed tests: 1
~ testAbbreviate(org.apache.commons.lang.WordUtilsTest)
[expected:<> but was:<null>]
junit.framework.ComparisonFailure: expected:<> but was:<null>    at junit.framework.Assert.assertEquals(Assert.java:100)
    at junit.framework.Assert.assertEquals(Assert.java:107)
    at junit.framework.TestCase.assertEquals(TestCase.java:269)
    at org.apache.commons.lang.WordUtilsTest.testAbbreviate(WordUtilsTest.java:369)
    at sun.reflect.NativeMethodAccessorImpl.invoke0(Native Method)
    at sun.reflect.NativeMethodAccessorImpl.invoke(NativeMethodAccessorImpl.java:62)

18:42:46.852 [pool-95-thread-1] DEBUG tests.output - Failing tests with false: 
[testAbbreviate(org.apache.commons.lang.WordUtilsTest): null]
18:42:46.852 [pool-95-thread-1] DEBUG tests.output - Failing tests with true: 
[testAbbreviate(org.apache.commons.lang.WordUtilsTest): expected:<> but was:<null>]
18:42:46.853 [pool-95-thread-1] INFO  f.i.l.r.n.synth.SMTNopolSynthesizer - Not enough specifications: 0. A trivial patch is "true" or "false", please write new tests specifying SourceLocation org.apache.commons.lang.WordUtils:607.
18:42:46.853 [pool-2-thread-1] DEBUG fr.inria.lille.repair.nopol.NoPol - statement #21
18:42:46.853 [pool-2-thread-1] DEBUG fr.inria.lille.repair.nopol.NoPol - Analysing SourceLocation org.apache.commons.lang.StringUtils:858 which is executed by 2 tests
148294401
18:42:47.082 [pool-2-thread-1] DEBUG fr.inria.lille.repair.nopol.NoPol - statement #22
18:42:47.082 [pool-2-thread-1] DEBUG fr.inria.lille.repair.nopol.NoPol - Analysing SourceLocation org.apache.commons.lang.StringUtils:855 which is executed by 2 tests
148294401
18:42:47.304 [pool-2-thread-1] DEBUG fr.inria.lille.repair.nopol.NoPol - looking with class fr.inria.lille.repair.nopol.spoon.smt.ConditionalAdder
java.lang.StringIndexOutOfBoundsException: String index out of range: 15
    at java.lang.String.substring(String.java:1963)
    at org.apache.commons.lang.WordUtils.abbreviate(WordUtils.java:629)
    at org.apache.commons.lang.WordUtilsTest.testAbbreviate(WordUtilsTest.java:390)
    at sun.reflect.NativeMethodAccessorImpl.invoke0(Native Method)
    at sun.reflect.NativeMethodAccessorImpl.invoke(NativeMethodAccessorImpl.java:62)
    at sun.reflect.DelegatingMethodAccessorImpl.invoke(DelegatingMethodAccessorImpl.java:43)
18:42:47.318 [pool-100-thread-1] INFO  xxl.java.junit.TestCasesListener - Tests run finished (9 ms)
<> Total tests run: 13
<> Ignored tests: 0
<> Failed tests: 1
~ testAbbreviate(org.apache.commons.lang.WordUtilsTest)
[String index out of range: 15]
java.lang.StringIndexOutOfBoundsException: String index out of range: 15    at java.lang.String.substring(String.java:1963)
    at org.apache.commons.lang.WordUtils.abbreviate(WordUtils.java:629)
    at org.apache.commons.lang.WordUtilsTest.testAbbreviate(WordUtilsTest.java:390)
    at sun.reflect.NativeMethodAccessorImpl.invoke0(Native Method)
    at sun.reflect.NativeMethodAccessorImpl.invoke(NativeMethodAccessorImpl.java:62)
    at sun.reflect.DelegatingMethodAccessorImpl.invoke(DelegatingMethodAccessorImpl.java:43)

java.lang.StringIndexOutOfBoundsException: String index out of range: 15
    at java.lang.String.substring(String.java:1963)
    at org.apache.commons.lang.WordUtils.abbreviate(WordUtils.java:629)
    at org.apache.commons.lang.WordUtilsTest.testAbbreviate(WordUtilsTest.java:390)
    at sun.reflect.NativeMethodAccessorImpl.invoke0(Native Method)
    at sun.reflect.NativeMethodAccessorImpl.invoke(NativeMethodAccessorImpl.java:62)
    at sun.reflect.DelegatingMethodAccessorImpl.invoke(DelegatingMethodAccessorImpl.java:43)
18:42:47.845 [pool-101-thread-1] INFO  f.i.l.c.t.SpecificationTestCasesListener - Tests run finished (6 ms)
<> Total tests run: 1
<> Ignored tests: 0
<> Failed tests: 1
~ testAbbreviate(org.apache.commons.lang.WordUtilsTest)
[String index out of range: 15]
java.lang.StringIndexOutOfBoundsException: String index out of range: 15    at java.lang.String.substring(String.java:1963)
    at org.apache.commons.lang.WordUtils.abbreviate(WordUtils.java:629)
    at org.apache.commons.lang.WordUtilsTest.testAbbreviate(WordUtilsTest.java:390)
    at sun.reflect.NativeMethodAccessorImpl.invoke0(Native Method)
    at sun.reflect.NativeMethodAccessorImpl.invoke(NativeMethodAccessorImpl.java:62)
    at sun.reflect.DelegatingMethodAccessorImpl.invoke(DelegatingMethodAccessorImpl.java:43)

java.lang.StringIndexOutOfBoundsException: String index out of range: 15
    at java.lang.String.substring(String.java:1963)
    at org.apache.commons.lang.WordUtils.abbreviate(WordUtils.java:629)
    at org.apache.commons.lang.WordUtilsTest.testAbbreviate(WordUtilsTest.java:390)
    at sun.reflect.NativeMethodAccessorImpl.invoke0(Native Method)
    at sun.reflect.NativeMethodAccessorImpl.invoke(NativeMethodAccessorImpl.java:62)
    at sun.reflect.DelegatingMethodAccessorImpl.invoke(DelegatingMethodAccessorImpl.java:43)
18:42:47.848 [pool-102-thread-1] INFO  f.i.l.c.t.SpecificationTestCasesListener - Tests run finished (1 ms)
<> Total tests run: 1
<> Ignored tests: 0
<> Failed tests: 1
~ testAbbreviate(org.apache.commons.lang.WordUtilsTest)
[String index out of range: 15]
java.lang.StringIndexOutOfBoundsException: String index out of range: 15    at java.lang.String.substring(String.java:1963)
    at org.apache.commons.lang.WordUtils.abbreviate(WordUtils.java:629)
    at org.apache.commons.lang.WordUtilsTest.testAbbreviate(WordUtilsTest.java:390)
    at sun.reflect.NativeMethodAccessorImpl.invoke0(Native Method)
    at sun.reflect.NativeMethodAccessorImpl.invoke(NativeMethodAccessorImpl.java:62)
    at sun.reflect.DelegatingMethodAccessorImpl.invoke(DelegatingMethodAccessorImpl.java:43)

18:42:47.848 [pool-99-thread-1] DEBUG tests.output - Failing tests with false: 
[testAbbreviate(org.apache.commons.lang.WordUtilsTest): String index out of range: 15]
18:42:47.848 [pool-99-thread-1] DEBUG tests.output - Failing tests with true: 
[testAbbreviate(org.apache.commons.lang.WordUtilsTest): String index out of range: 15]
18:42:47.848 [pool-99-thread-1] INFO  f.i.l.r.n.synth.SMTNopolSynthesizer - Not enough specifications: 0. A trivial patch is "true" or "false", please write new tests specifying SourceLocation org.apache.commons.lang.StringUtils:855.
18:42:47.848 [pool-2-thread-1] DEBUG fr.inria.lille.repair.nopol.NoPol - looking with class fr.inria.lille.repair.nopol.spoon.smt.ConditionalReplacer
java.lang.StringIndexOutOfBoundsException: String index out of range: 15
    at java.lang.String.substring(String.java:1963)
    at org.apache.commons.lang.WordUtils.abbreviate(WordUtils.java:629)
    at org.apache.commons.lang.WordUtilsTest.testAbbreviate(WordUtilsTest.java:390)
    at sun.reflect.NativeMethodAccessorImpl.invoke0(Native Method)
    at sun.reflect.NativeMethodAccessorImpl.invoke(NativeMethodAccessorImpl.java:62)
    at sun.reflect.DelegatingMethodAccessorImpl.invoke(DelegatingMethodAccessorImpl.java:43)
18:42:47.864 [pool-104-thread-1] INFO  xxl.java.junit.TestCasesListener - Tests run finished (11 ms)
<> Total tests run: 13
<> Ignored tests: 0
<> Failed tests: 1
~ testAbbreviate(org.apache.commons.lang.WordUtilsTest)
[String index out of range: 15]
java.lang.StringIndexOutOfBoundsException: String index out of range: 15    at java.lang.String.substring(String.java:1963)
    at org.apache.commons.lang.WordUtils.abbreviate(WordUtils.java:629)
    at org.apache.commons.lang.WordUtilsTest.testAbbreviate(WordUtilsTest.java:390)
    at sun.reflect.NativeMethodAccessorImpl.invoke0(Native Method)
    at sun.reflect.NativeMethodAccessorImpl.invoke(NativeMethodAccessorImpl.java:62)
    at sun.reflect.DelegatingMethodAccessorImpl.invoke(DelegatingMethodAccessorImpl.java:43)

java.lang.StringIndexOutOfBoundsException: String index out of range: 15
    at java.lang.String.substring(String.java:1963)
    at org.apache.commons.lang.WordUtils.abbreviate(WordUtils.java:629)
    at org.apache.commons.lang.WordUtilsTest.testAbbreviate(WordUtilsTest.java:390)
    at sun.reflect.NativeMethodAccessorImpl.invoke0(Native Method)
    at sun.reflect.NativeMethodAccessorImpl.invoke(NativeMethodAccessorImpl.java:62)
    at sun.reflect.DelegatingMethodAccessorImpl.invoke(DelegatingMethodAccessorImpl.java:43)
18:42:48.287 [pool-105-thread-1] INFO  f.i.l.c.t.SpecificationTestCasesListener - Tests run finished (7 ms)
<> Total tests run: 1
<> Ignored tests: 0
<> Failed tests: 1
~ testAbbreviate(org.apache.commons.lang.WordUtilsTest)
[String index out of range: 15]
java.lang.StringIndexOutOfBoundsException: String index out of range: 15    at java.lang.String.substring(String.java:1963)
    at org.apache.commons.lang.WordUtils.abbreviate(WordUtils.java:629)
    at org.apache.commons.lang.WordUtilsTest.testAbbreviate(WordUtilsTest.java:390)
    at sun.reflect.NativeMethodAccessorImpl.invoke0(Native Method)
    at sun.reflect.NativeMethodAccessorImpl.invoke(NativeMethodAccessorImpl.java:62)
    at sun.reflect.DelegatingMethodAccessorImpl.invoke(DelegatingMethodAccessorImpl.java:43)

junit.framework.ComparisonFailure: expected:<012[]> but was:<012[ 3]>
    at junit.framework.Assert.assertEquals(Assert.java:100)
    at junit.framework.Assert.assertEquals(Assert.java:107)
    at junit.framework.TestCase.assertEquals(TestCase.java:269)
    at org.apache.commons.lang.WordUtilsTest.testAbbreviate(WordUtilsTest.java:374)
    at sun.reflect.NativeMethodAccessorImpl.invoke0(Native Method)
    at sun.reflect.NativeMethodAccessorImpl.invoke(NativeMethodAccessorImpl.java:62)
18:42:48.290 [pool-106-thread-1] INFO  f.i.l.c.t.SpecificationTestCasesListener - Tests run finished (1 ms)
<> Total tests run: 1
<> Ignored tests: 0
<> Failed tests: 1
~ testAbbreviate(org.apache.commons.lang.WordUtilsTest)
[expected:<012[]> but was:<012[ 3]>]
junit.framework.ComparisonFailure: expected:<012[]> but was:<012[ 3]>    at junit.framework.Assert.assertEquals(Assert.java:100)
    at junit.framework.Assert.assertEquals(Assert.java:107)
    at junit.framework.TestCase.assertEquals(TestCase.java:269)
    at org.apache.commons.lang.WordUtilsTest.testAbbreviate(WordUtilsTest.java:374)
    at sun.reflect.NativeMethodAccessorImpl.invoke0(Native Method)
    at sun.reflect.NativeMethodAccessorImpl.invoke(NativeMethodAccessorImpl.java:62)

18:42:48.290 [pool-103-thread-1] DEBUG tests.output - Failing tests with false: 
[testAbbreviate(org.apache.commons.lang.WordUtilsTest): String index out of range: 15]
18:42:48.291 [pool-103-thread-1] DEBUG tests.output - Failing tests with true: 
[testAbbreviate(org.apache.commons.lang.WordUtilsTest): expected:<012[]> but was:<012[ 3]>]
18:42:48.291 [pool-103-thread-1] INFO  f.i.l.r.n.synth.SMTNopolSynthesizer - Not enough specifications: 0. A trivial patch is "true" or "false", please write new tests specifying SourceLocation org.apache.commons.lang.StringUtils:855.
18:42:48.291 [pool-2-thread-1] DEBUG fr.inria.lille.repair.nopol.NoPol - statement #23
18:42:48.291 [pool-2-thread-1] DEBUG fr.inria.lille.repair.nopol.NoPol - Analysing SourceLocation org.apache.commons.lang.StringUtils:851 which is executed by 2 tests
148294401
18:42:48.500 [pool-2-thread-1] DEBUG fr.inria.lille.repair.nopol.NoPol - looking with class fr.inria.lille.repair.nopol.spoon.smt.ConditionalAdder
java.lang.StringIndexOutOfBoundsException: String index out of range: 15
    at java.lang.String.substring(String.java:1963)
    at org.apache.commons.lang.WordUtils.abbreviate(WordUtils.java:629)
    at org.apache.commons.lang.WordUtilsTest.testAbbreviate(WordUtilsTest.java:390)
    at sun.reflect.NativeMethodAccessorImpl.invoke0(Native Method)
    at sun.reflect.NativeMethodAccessorImpl.invoke(NativeMethodAccessorImpl.java:62)
    at sun.reflect.DelegatingMethodAccessorImpl.invoke(DelegatingMethodAccessorImpl.java:43)
18:42:48.517 [pool-108-thread-1] INFO  xxl.java.junit.TestCasesListener - Tests run finished (12 ms)
<> Total tests run: 13
<> Ignored tests: 0
<> Failed tests: 1
~ testAbbreviate(org.apache.commons.lang.WordUtilsTest)
[String index out of range: 15]
java.lang.StringIndexOutOfBoundsException: String index out of range: 15    at java.lang.String.substring(String.java:1963)
    at org.apache.commons.lang.WordUtils.abbreviate(WordUtils.java:629)
    at org.apache.commons.lang.WordUtilsTest.testAbbreviate(WordUtilsTest.java:390)
    at sun.reflect.NativeMethodAccessorImpl.invoke0(Native Method)
    at sun.reflect.NativeMethodAccessorImpl.invoke(NativeMethodAccessorImpl.java:62)
    at sun.reflect.DelegatingMethodAccessorImpl.invoke(DelegatingMethodAccessorImpl.java:43)

java.lang.StringIndexOutOfBoundsException: String index out of range: 15
    at java.lang.String.substring(String.java:1963)
    at org.apache.commons.lang.WordUtils.abbreviate(WordUtils.java:629)
    at org.apache.commons.lang.WordUtilsTest.testAbbreviate(WordUtilsTest.java:390)
    at sun.reflect.NativeMethodAccessorImpl.invoke0(Native Method)
    at sun.reflect.NativeMethodAccessorImpl.invoke(NativeMethodAccessorImpl.java:62)
    at sun.reflect.DelegatingMethodAccessorImpl.invoke(DelegatingMethodAccessorImpl.java:43)
18:42:48.928 [pool-109-thread-1] INFO  f.i.l.c.t.SpecificationTestCasesListener - Tests run finished (6 ms)
<> Total tests run: 1
<> Ignored tests: 0
<> Failed tests: 1
~ testAbbreviate(org.apache.commons.lang.WordUtilsTest)
[String index out of range: 15]
java.lang.StringIndexOutOfBoundsException: String index out of range: 15    at java.lang.String.substring(String.java:1963)
    at org.apache.commons.lang.WordUtils.abbreviate(WordUtils.java:629)
    at org.apache.commons.lang.WordUtilsTest.testAbbreviate(WordUtilsTest.java:390)
    at sun.reflect.NativeMethodAccessorImpl.invoke0(Native Method)
    at sun.reflect.NativeMethodAccessorImpl.invoke(NativeMethodAccessorImpl.java:62)
    at sun.reflect.DelegatingMethodAccessorImpl.invoke(DelegatingMethodAccessorImpl.java:43)

java.lang.StringIndexOutOfBoundsException: String index out of range: 15
    at java.lang.String.substring(String.java:1963)
    at org.apache.commons.lang.WordUtils.abbreviate(WordUtils.java:629)
    at org.apache.commons.lang.WordUtilsTest.testAbbreviate(WordUtilsTest.java:390)
    at sun.reflect.NativeMethodAccessorImpl.invoke0(Native Method)
    at sun.reflect.NativeMethodAccessorImpl.invoke(NativeMethodAccessorImpl.java:62)
    at sun.reflect.DelegatingMethodAccessorImpl.invoke(DelegatingMethodAccessorImpl.java:43)
18:42:48.930 [pool-110-thread-1] INFO  f.i.l.c.t.SpecificationTestCasesListener - Tests run finished (1 ms)
<> Total tests run: 1
<> Ignored tests: 0
<> Failed tests: 1
~ testAbbreviate(org.apache.commons.lang.WordUtilsTest)
[String index out of range: 15]
java.lang.StringIndexOutOfBoundsException: String index out of range: 15    at java.lang.String.substring(String.java:1963)
    at org.apache.commons.lang.WordUtils.abbreviate(WordUtils.java:629)
    at org.apache.commons.lang.WordUtilsTest.testAbbreviate(WordUtilsTest.java:390)
    at sun.reflect.NativeMethodAccessorImpl.invoke0(Native Method)
    at sun.reflect.NativeMethodAccessorImpl.invoke(NativeMethodAccessorImpl.java:62)
    at sun.reflect.DelegatingMethodAccessorImpl.invoke(DelegatingMethodAccessorImpl.java:43)

18:42:48.930 [pool-107-thread-1] DEBUG tests.output - Failing tests with false: 
[testAbbreviate(org.apache.commons.lang.WordUtilsTest): String index out of range: 15]
18:42:48.931 [pool-107-thread-1] DEBUG tests.output - Failing tests with true: 
[testAbbreviate(org.apache.commons.lang.WordUtilsTest): String index out of range: 15]
18:42:48.931 [pool-107-thread-1] INFO  f.i.l.r.n.synth.SMTNopolSynthesizer - Not enough specifications: 0. A trivial patch is "true" or "false", please write new tests specifying SourceLocation org.apache.commons.lang.StringUtils:851.
18:42:48.931 [pool-2-thread-1] DEBUG fr.inria.lille.repair.nopol.NoPol - looking with class fr.inria.lille.repair.nopol.spoon.smt.ConditionalReplacer
java.lang.StringIndexOutOfBoundsException: String index out of range: 15
    at java.lang.String.substring(String.java:1963)
    at org.apache.commons.lang.WordUtils.abbreviate(WordUtils.java:629)
    at org.apache.commons.lang.WordUtilsTest.testAbbreviate(WordUtilsTest.java:390)
    at sun.reflect.NativeMethodAccessorImpl.invoke0(Native Method)
    at sun.reflect.NativeMethodAccessorImpl.invoke(NativeMethodAccessorImpl.java:62)
    at sun.reflect.DelegatingMethodAccessorImpl.invoke(DelegatingMethodAccessorImpl.java:43)
18:42:48.944 [pool-112-thread-1] INFO  xxl.java.junit.TestCasesListener - Tests run finished (9 ms)
<> Total tests run: 13
<> Ignored tests: 0
<> Failed tests: 1
~ testAbbreviate(org.apache.commons.lang.WordUtilsTest)
[String index out of range: 15]
java.lang.StringIndexOutOfBoundsException: String index out of range: 15    at java.lang.String.substring(String.java:1963)
    at org.apache.commons.lang.WordUtils.abbreviate(WordUtils.java:629)
    at org.apache.commons.lang.WordUtilsTest.testAbbreviate(WordUtilsTest.java:390)
    at sun.reflect.NativeMethodAccessorImpl.invoke0(Native Method)
    at sun.reflect.NativeMethodAccessorImpl.invoke(NativeMethodAccessorImpl.java:62)
    at sun.reflect.DelegatingMethodAccessorImpl.invoke(DelegatingMethodAccessorImpl.java:43)

java.lang.StringIndexOutOfBoundsException: String index out of range: 15
    at java.lang.String.substring(String.java:1963)
    at org.apache.commons.lang.WordUtils.abbreviate(WordUtils.java:629)
    at org.apache.commons.lang.WordUtilsTest.testAbbreviate(WordUtilsTest.java:390)
    at sun.reflect.NativeMethodAccessorImpl.invoke0(Native Method)
    at sun.reflect.NativeMethodAccessorImpl.invoke(NativeMethodAccessorImpl.java:62)
    at sun.reflect.DelegatingMethodAccessorImpl.invoke(DelegatingMethodAccessorImpl.java:43)
18:42:49.393 [pool-113-thread-1] INFO  f.i.l.c.t.SpecificationTestCasesListener - Tests run finished (7 ms)
<> Total tests run: 1
<> Ignored tests: 0
<> Failed tests: 1
~ testAbbreviate(org.apache.commons.lang.WordUtilsTest)
[String index out of range: 15]
java.lang.StringIndexOutOfBoundsException: String index out of range: 15    at java.lang.String.substring(String.java:1963)
    at org.apache.commons.lang.WordUtils.abbreviate(WordUtils.java:629)
    at org.apache.commons.lang.WordUtilsTest.testAbbreviate(WordUtilsTest.java:390)
    at sun.reflect.NativeMethodAccessorImpl.invoke0(Native Method)
    at sun.reflect.NativeMethodAccessorImpl.invoke(NativeMethodAccessorImpl.java:62)
    at sun.reflect.DelegatingMethodAccessorImpl.invoke(DelegatingMethodAccessorImpl.java:43)

junit.framework.ComparisonFailure: expected:<012[]> but was:<012[ 3]>
    at junit.framework.Assert.assertEquals(Assert.java:100)
    at junit.framework.Assert.assertEquals(Assert.java:107)
    at junit.framework.TestCase.assertEquals(TestCase.java:269)
    at org.apache.commons.lang.WordUtilsTest.testAbbreviate(WordUtilsTest.java:374)
    at sun.reflect.NativeMethodAccessorImpl.invoke0(Native Method)
    at sun.reflect.NativeMethodAccessorImpl.invoke(NativeMethodAccessorImpl.java:62)
18:42:49.396 [pool-114-thread-1] INFO  f.i.l.c.t.SpecificationTestCasesListener - Tests run finished (1 ms)
<> Total tests run: 1
<> Ignored tests: 0
<> Failed tests: 1
~ testAbbreviate(org.apache.commons.lang.WordUtilsTest)
[expected:<012[]> but was:<012[ 3]>]
junit.framework.ComparisonFailure: expected:<012[]> but was:<012[ 3]>    at junit.framework.Assert.assertEquals(Assert.java:100)
    at junit.framework.Assert.assertEquals(Assert.java:107)
    at junit.framework.TestCase.assertEquals(TestCase.java:269)
    at org.apache.commons.lang.WordUtilsTest.testAbbreviate(WordUtilsTest.java:374)
    at sun.reflect.NativeMethodAccessorImpl.invoke0(Native Method)
    at sun.reflect.NativeMethodAccessorImpl.invoke(NativeMethodAccessorImpl.java:62)

18:42:49.397 [pool-111-thread-1] DEBUG tests.output - Failing tests with false: 
[testAbbreviate(org.apache.commons.lang.WordUtilsTest): String index out of range: 15]
18:42:49.397 [pool-111-thread-1] DEBUG tests.output - Failing tests with true: 
[testAbbreviate(org.apache.commons.lang.WordUtilsTest): expected:<012[]> but was:<012[ 3]>]
18:42:49.397 [pool-111-thread-1] INFO  f.i.l.r.n.synth.SMTNopolSynthesizer - Not enough specifications: 0. A trivial patch is "true" or "false", please write new tests specifying SourceLocation org.apache.commons.lang.StringUtils:851.
18:42:49.397 [pool-2-thread-1] DEBUG fr.inria.lille.repair.nopol.NoPol - statement #24
18:42:49.397 [pool-2-thread-1] DEBUG fr.inria.lille.repair.nopol.NoPol - Analysing SourceLocation org.apache.commons.lang.StringUtils:5279 which is executed by 4 tests
148294401
18:42:49.689 [pool-2-thread-1] INFO  fr.inria.lille.repair.nopol.NoPol - ----INFORMATION----
18:42:49.823 [pool-2-thread-1] INFO  fr.inria.lille.repair.nopol.NoPol - Nb classes : 84
18:42:49.823 [pool-2-thread-1] INFO  fr.inria.lille.repair.nopol.NoPol - Nb methods : 1885
18:42:49.824 [pool-2-thread-1] INFO  fr.inria.lille.repair.nopol.NoPol - Nb Statements Analyzed : 28
18:42:49.824 [pool-2-thread-1] INFO  fr.inria.lille.repair.nopol.NoPol - Nb Statements with Angelic Value Found : 0
18:42:49.824 [pool-2-thread-1] INFO  fr.inria.lille.repair.nopol.NoPol - Nb inputs in SMT : 0
18:42:49.827 [pool-2-thread-1] INFO  fr.inria.lille.repair.nopol.NoPol - Nb SMT level: 0
18:42:49.828 [pool-2-thread-1] INFO  fr.inria.lille.repair.nopol.NoPol - Nb variables in SMT : 0
18:42:49.828 [pool-2-thread-1] INFO  fr.inria.lille.repair.nopol.NoPol - NoPol Execution time : 43564ms
18:42:49.828 [pool-2-thread-1] INFO  fr.inria.lille.repair.nopol.NoPol - 
NO_ANGELIC_VALUE
Command exited with non-zero status 255
106.76user 4.54system 0:45.61elapsed 244%CPU (0avgtext+0avgdata 783244maxresident)k
59176inputs+5648outputs (7major+408777minor)pagefaults 0swaps


Node: granduc-2.luxembourg.grid5000.fr



Date: Wed Nov 28 18:42:50 EST 2018

